rank #0: 2017-11-27 22:43:25,982 rsdfit.fitting_driver INFO     rank 138 on nid00481     Calling the 'nlopt' solve function
rank #0: 2017-11-27 22:43:25,983 rsdfit.lbfgs_fitter INFO     running LBFGS for 500 iterations and then stopping
rank #0: 2017-11-27 22:43:25,983 rsdfit.lbfgs_fitter INFO     running LBFGS minimizer with priors
rank #0: 2017-11-27 22:43:25,983 root         INFO     Iter          b1        f_nl   sigma_fog   F(X)     
rank #0: 2017-11-27 22:43:26,271 LBFGS        INFO     options = {'factr': 100000.0, 'gtol': 1e-05, 'max_iter': 500, 'test_convergence': False}
rank #0: 2017-11-27 22:43:26,271 LBFGS        PARAM    0000          2.000000          0.000000          4.000000         23.099961
rank #0: 2017-11-27 22:43:26,600 LBFGS        PARAM    0001          2.061387          1.035920          3.997143         20.449660
rank #0: 2017-11-27 22:43:26,888 LBFGS        PARAM    0002          2.202716          5.398764          3.992791         18.236078
rank #0: 2017-11-27 22:43:27,179 LBFGS        PARAM    0003          2.182272          5.538641          3.995754         18.175921
rank #0: 2017-11-27 22:43:27,467 LBFGS        PARAM    0004          2.182339          6.360445          3.997930         18.168611
rank #0: 2017-11-27 22:43:27,797 LBFGS        PARAM    0005          2.180559         17.582647          4.027928         18.069874
rank #0: 2017-11-27 22:43:28,087 LBFGS        PARAM    0006          2.180044         19.875488          4.034074         18.049837
rank #0: 2017-11-27 22:43:28,418 LBFGS        PARAM    0007          2.176895         31.459680          4.065190         17.950559
rank #0: 2017-11-27 22:43:28,752 LBFGS        PARAM    0008          2.170572         51.559824          4.119382         17.802197
rank #0: 2017-11-27 22:43:29,087 LBFGS        PARAM    0009          2.160853         77.087580          4.190081         17.703481
rank #0: 2017-11-27 22:43:29,379 LBFGS        PARAM    0010          2.156113         82.056653          4.210359         17.678210
rank #0: 2017-11-27 22:43:29,671 LBFGS        PARAM    0011          2.132079         95.445727          4.300741         17.587518
rank #0: 2017-11-27 22:43:29,962 LBFGS        PARAM    0012          2.127422         93.713297          4.311405         17.577703
rank #0: 2017-11-27 22:43:30,254 LBFGS        PARAM    0013          2.127571         92.508418          4.309710         17.577355
rank #0: 2017-11-27 22:43:30,545 LBFGS        PARAM    0014          2.127660         92.349997          4.311022         17.577313
rank #0: 2017-11-27 22:43:30,836 LBFGS        PARAM    0015          2.128320         91.361030          4.335620         17.576820
rank #0: 2017-11-27 22:43:31,128 LBFGS        PARAM    0016          2.129677         89.662515          4.419729         17.575531
rank #0: 2017-11-27 22:43:31,420 LBFGS        PARAM    0017          2.132449         86.874853          4.657599         17.572434
rank #0: 2017-11-27 22:43:31,709 LBFGS        PARAM    0018          2.137312         83.257466          5.179365         17.566698
rank #0: 2017-11-27 22:43:31,999 LBFGS        PARAM    0019          2.141966         81.730820          5.779456         17.560855
rank #0: 2017-11-27 22:43:32,288 LBFGS        PARAM    0020          2.142550         84.819658          6.016624         17.556163
rank #0: 2017-11-27 22:43:32,578 LBFGS        PARAM    0021          2.141122         87.078266          5.950396         17.555581
rank #0: 2017-11-27 22:43:32,868 LBFGS        PARAM    0022          2.141061         87.010817          5.958816         17.555575
rank #0: 2017-11-27 22:43:33,157 LBFGS        PARAM    0023          2.141038         87.015966          5.957081         17.555575
rank #0: 2017-11-27 22:43:33,444 LBFGS        PARAM    0024          2.141037         87.017190          5.957069         17.555575
rank #0: 2017-11-27 22:43:33,731 LBFGS        PARAM    0025          2.141037         87.017169          5.957068         17.555575
rank #0: 2017-11-27 22:43:49,124 LBFGS        INFO     Linesearch failed in both LBFGS and gradient directions
rank #0: 2017-11-27 22:43:49,124 LBFGS        PARAM    0025          2.141037         87.017169          5.957068         17.555575
rank #0: 2017-11-27 22:43:49,124 rsdfit.lbfgs_fitter WARNING  ...LBFGS optimization finished. Time elapsed: 0:00:22.85
rank #0: 2017-11-27 22:43:49,124 rsdfit.lbfgs_fitter ERROR    nonlinear fit with method L-BFGS-B failed: Linesearch failed in both LBFGS and gradient directions
rank #0: 2017-11-27 22:43:49,125 rsdfit.fitting_driver INFO     rank 138 on nid00481     ...fitting complete
rank #0: 2017-11-27 22:43:49,127 rsdfit.fitting_driver INFO     rank 138 on nid00481     Saving the results to `/global/cscratch1/sd/nhand/eBOSS/fits/results/mocks/ezmock/v1.8e-fph/0.0001-0.05/basemodel-fnl/0.8-2.2/QSO-N-0281-P0+P2-mock-cov-b6abb0373d/2017-11-27_nlopt_25i_chain0__1.npz`
rank #0: 2017-11-27 22:43:49,144 pyRSD.analysis.lbfgs_results INFO     
minimum chi2 = 17.5555745726

Free parameters [ mean ]
_______________
b1             : 2.14103723104
f_nl           : 87.0171686923
sigma_fog      : 5.95706843674

Constrained parameters [ mean ]
_________________________
b1sigma8       : 0.852283427768
