rank #0: 2018-07-15 19:32:08,176 rsdfit.fitting_driver INFO     rank 33 on nid01111     Calling the 'nlopt' solve function
rank #0: 2018-07-15 19:32:08,176 rsdfit.lbfgs_fitter INFO     running LBFGS for 500 iterations and then stopping
rank #0: 2018-07-15 19:32:08,177 rsdfit.lbfgs_fitter INFO     running LBFGS minimizer with priors
rank #0: 2018-07-15 19:32:08,178 root         INFO     Iter           N          b1        f_nl   sigma_fog   F(X)     
rank #0: 2018-07-15 19:32:08,780 LBFGS        INFO     options = {'factr': 100000.0, 'gtol': 1e-05, 'max_iter': 500, 'test_convergence': False}
rank #0: 2018-07-15 19:32:08,781 LBFGS        PARAM    0000          0.000000          2.000000          0.000000          4.000000        107.122021
rank #0: 2018-07-15 19:32:09,454 LBFGS        PARAM    0001         34.905208          2.090331          1.499023          3.958217         92.796991
rank #0: 2018-07-15 19:32:10,076 LBFGS        PARAM    0002        -25.692919          2.296215          6.249474          3.898006         80.812040
rank #0: 2018-07-15 19:32:10,698 LBFGS        PARAM    0003        -98.820782          2.296468          6.648104          3.920983         79.042105
rank #0: 2018-07-15 19:32:11,312 LBFGS        PARAM    0004       -341.742812          2.345082          8.979777          3.946895         76.647071
rank #0: 2018-07-15 19:32:11,925 LBFGS        PARAM    0005       -375.957039          2.351151          8.664685          3.850755         76.399750
rank #0: 2018-07-15 19:32:12,548 LBFGS        PARAM    0006       -487.397320          2.353373          5.230160          3.342392         75.839732
rank #0: 2018-07-15 19:32:13,170 LBFGS        PARAM    0007       -478.070023          2.354407          4.186405          3.342901         75.833930
rank #0: 2018-07-15 19:32:13,778 LBFGS        PARAM    0008       -477.209336          2.353596          4.091435          3.342852         75.833506
rank #0: 2018-07-15 19:32:14,400 LBFGS        PARAM    0009       -476.840234          2.353339          3.932614          3.342744         75.833382
rank #0: 2018-07-15 19:32:15,020 LBFGS        PARAM    0010       -476.860207          2.353366          3.678327          3.343029         75.833252
rank #0: 2018-07-15 19:32:15,625 LBFGS        PARAM    0011       -477.469845          2.353820          3.201423          3.343986         75.833078
rank #0: 2018-07-15 19:32:16,240 LBFGS        PARAM    0012       -478.190439          2.354340          2.972844          3.344759         75.833017
rank #0: 2018-07-15 19:32:16,858 LBFGS        PARAM    0013       -478.349608          2.354454          2.962269          3.344876         75.833014
rank #0: 2018-07-15 19:32:17,476 LBFGS        PARAM    0014       -478.354917          2.354457          2.969948          3.344872         75.833014
rank #0: 2018-07-15 19:32:18,079 LBFGS        PARAM    0015       -478.353674          2.354456          2.971357          3.344870         75.833014
rank #0: 2018-07-15 19:32:18,698 LBFGS        PARAM    0016       -478.353562          2.354456          2.971398          3.344870         75.833014
rank #0: 2018-07-15 19:32:19,318 LBFGS        PARAM    0017       -478.353572          2.354456          2.971399          3.344869         75.833014
rank #0: 2018-07-15 19:32:19,923 LBFGS        PARAM    0018       -478.353626          2.354456          2.971400          3.344869         75.833014
rank #0: 2018-07-15 19:32:46,897 LBFGS        INFO     Linesearch failed in both LBFGS and gradient directions
rank #0: 2018-07-15 19:32:46,898 LBFGS        PARAM    0018       -478.353626          2.354456          2.971400          3.344869         75.833014
rank #0: 2018-07-15 19:32:46,899 rsdfit.lbfgs_fitter WARNING  ...LBFGS optimization finished. Time elapsed: 0:00:38.12
rank #0: 2018-07-15 19:32:46,900 rsdfit.lbfgs_fitter ERROR    nonlinear fit with method L-BFGS-B failed: Linesearch failed in both LBFGS and gradient directions
rank #0: 2018-07-15 19:32:46,901 rsdfit.fitting_driver INFO     rank 33 on nid01111     ...fitting complete
rank #0: 2018-07-15 19:32:46,905 rsdfit.fitting_driver INFO     rank 33 on nid01111     Saving the results to `/global/cscratch1/sd/nhand/eBOSS/fits/results/mocks/ezmock/v1.8e-fph/0.0001-0.3/basemodel-N-fnl/0.8-2.2/QSO-S-0499-P0+P2-mock-cov-8973e9cf3e/2018-07-15_nlopt_18i_chain0__1.npz`
rank #0: 2018-07-15 19:32:46,935 pyRSD.analysis.lbfgs_results INFO     
minimum chi2 = 75.8330139351

Free parameters [ mean ]
_______________
N              : -478.353625905
b1             : 2.35445619807
f_nl           : 2.97140035623
sigma_fog      : 3.34486937473

Constrained parameters [ mean ]
_________________________
b1sigma8       : 0.937811007093
