rank #0: 2018-06-24 13:05:24,140 rsdfit.fitting_driver INFO     rank 21 on nid00545     Calling the 'nlopt' solve function
rank #0: 2018-06-24 13:05:24,142 rsdfit.lbfgs_fitter INFO     running LBFGS for 500 iterations and then stopping
rank #0: 2018-06-24 13:05:24,143 rsdfit.lbfgs_fitter INFO     running LBFGS minimizer with priors
rank #0: 2018-06-24 13:05:24,143 root         INFO     Iter           N          b1        f_nl   sigma_fog   F(X)     
rank #0: 2018-06-24 13:05:24,720 LBFGS        INFO     options = {'factr': 100000.0, 'gtol': 1e-05, 'max_iter': 500, 'test_convergence': False}
rank #0: 2018-06-24 13:05:24,722 LBFGS        PARAM    0000          0.000000          2.000000          0.000000          4.000000         85.411169
rank #0: 2018-06-24 13:05:25,384 LBFGS        PARAM    0001        -27.696251          2.056223          1.452413          3.994734         81.198547
rank #0: 2018-06-24 13:05:25,970 LBFGS        PARAM    0002       -274.588506          2.227153          7.966117          4.035418         73.265136
rank #0: 2018-06-24 13:05:26,565 LBFGS        PARAM    0003       -440.130297          2.249100         10.613336          4.064924         71.230790
rank #0: 2018-06-24 13:05:27,161 LBFGS        PARAM    0004       -507.080489          2.248210         12.489987          4.015441         70.892218
rank #0: 2018-06-24 13:05:27,757 LBFGS        PARAM    0005       -540.130482          2.247757         14.322397          3.941295         70.738482
rank #0: 2018-06-24 13:05:28,338 LBFGS        PARAM    0006       -608.923011          2.243184         20.570256          3.665662         70.356270
rank #0: 2018-06-24 13:05:28,934 LBFGS        PARAM    0007       -631.354736          2.235949         28.301054          3.405626         70.091104
rank #0: 2018-06-24 13:05:29,529 LBFGS        PARAM    0008       -615.639420          2.228224         33.442579          3.323598         70.012205
rank #0: 2018-06-24 13:05:30,113 LBFGS        PARAM    0009       -599.548033          2.223419         37.096949          3.312665         69.982111
rank #0: 2018-06-24 13:05:30,704 LBFGS        PARAM    0010       -583.811616          2.217997         42.224228          3.321574         69.949696
rank #0: 2018-06-24 13:05:31,301 LBFGS        PARAM    0011       -569.990805          2.210600         51.024653          3.351562         69.905175
rank #0: 2018-06-24 13:05:31,897 LBFGS        PARAM    0012       -581.915267          2.208685         55.950016          3.372640         69.883330
rank #0: 2018-06-24 13:05:32,477 LBFGS        PARAM    0013       -578.660894          2.209114         54.923937          3.391964         69.882199
rank #0: 2018-06-24 13:05:33,073 LBFGS        PARAM    0014       -578.498496          2.209385         54.864951          3.394649         69.882183
rank #0: 2018-06-24 13:05:33,671 LBFGS        PARAM    0015       -578.459908          2.209316         54.872252          3.394449         69.882182
rank #0: 2018-06-24 13:05:34,260 LBFGS        PARAM    0016       -578.461808          2.209317         54.872545          3.394436         69.882182
rank #0: 2018-06-24 13:05:34,891 LBFGS        PARAM    0017       -578.461687          2.209317         54.872547          3.394437         69.882182
rank #0: 2018-06-24 13:05:35,557 LBFGS        PARAM    0018       -578.461693          2.209317         54.872547          3.394437         69.882182
rank #0: 2018-06-24 13:06:01,010 LBFGS        INFO     Linesearch failed in both LBFGS and gradient directions
rank #0: 2018-06-24 13:06:01,012 LBFGS        PARAM    0018       -578.461693          2.209317         54.872547          3.394437         69.882182
rank #0: 2018-06-24 13:06:01,014 rsdfit.lbfgs_fitter WARNING  ...LBFGS optimization finished. Time elapsed: 0:00:36.29
rank #0: 2018-06-24 13:06:01,015 rsdfit.lbfgs_fitter ERROR    nonlinear fit with method L-BFGS-B failed: Linesearch failed in both LBFGS and gradient directions
rank #0: 2018-06-24 13:06:01,017 rsdfit.fitting_driver INFO     rank 21 on nid00545     ...fitting complete
rank #0: 2018-06-24 13:06:01,021 rsdfit.fitting_driver INFO     rank 21 on nid00545     Saving the results to `/global/cscratch1/sd/nhand/eBOSS/fits/results/mocks/ezmock/v1.8e-fph/0.005-0.3/basemodel-N-fnl/0.8-2.2/QSO-S-0885-P0+P2-mock-cov-8973e9cf3e/2018-06-24_nlopt_18i_chain0__1.npz`
rank #0: 2018-06-24 13:06:01,048 pyRSD.analysis.lbfgs_results INFO     
minimum chi2 = 69.8821823134

Free parameters [ mean ]
_______________
N              : -578.46169285
b1             : 2.20931661847
f_nl           : 54.8725472224
sigma_fog      : 3.39443674251

Constrained parameters [ mean ]
_________________________
b1sigma8       : 0.879999995182
