rank #0: 2018-06-24 13:16:48,855 rsdfit.fitting_driver INFO     rank 25 on nid01434     Calling the 'nlopt' solve function
rank #0: 2018-06-24 13:16:48,855 rsdfit.lbfgs_fitter INFO     running LBFGS for 500 iterations and then stopping
rank #0: 2018-06-24 13:16:48,856 rsdfit.lbfgs_fitter INFO     running LBFGS minimizer with priors
rank #0: 2018-06-24 13:16:48,856 root         INFO     Iter           N          b1        f_nl   sigma_fog   F(X)     
rank #0: 2018-06-24 13:16:49,440 LBFGS        INFO     options = {'factr': 100000.0, 'gtol': 1e-05, 'max_iter': 500, 'test_convergence': False}
rank #0: 2018-06-24 13:16:49,441 LBFGS        PARAM    0000          0.000000          2.000000          0.000000          4.000000         89.947873
rank #0: 2018-06-24 13:16:50,109 LBFGS        PARAM    0001        -35.138293          2.068690          0.828890          3.995267         84.395040
rank #0: 2018-06-24 13:16:50,695 LBFGS        PARAM    0002       -315.347146          2.257413          4.827361          4.050040         74.872502
rank #0: 2018-06-24 13:16:51,300 LBFGS        PARAM    0003       -504.655164          2.281979          6.917286          4.088080         72.359136
rank #0: 2018-06-24 13:16:51,904 LBFGS        PARAM    0004       -570.770262          2.281557          8.841764          4.036868         72.001655
rank #0: 2018-06-24 13:16:52,498 LBFGS        PARAM    0005       -611.473326          2.281562         11.277565          3.948891         71.793755
rank #0: 2018-06-24 13:16:53,098 LBFGS        PARAM    0006       -683.917115          2.279108         18.772754          3.670610         71.353875
rank #0: 2018-06-24 13:16:53,703 LBFGS        PARAM    0007       -708.352147          2.274819         29.694674          3.416094         71.011657
rank #0: 2018-06-24 13:16:54,308 LBFGS        PARAM    0008       -694.892166          2.267079         39.852240          3.301038         70.845247
rank #0: 2018-06-24 13:16:54,896 LBFGS        PARAM    0009       -672.554398          2.259532         51.716965          3.251743         70.709024
rank #0: 2018-06-24 13:16:55,504 LBFGS        PARAM    0010       -641.124990          2.247747         73.867708          3.225678         70.491981
rank #0: 2018-06-24 13:16:56,110 LBFGS        PARAM    0011       -607.921039          2.230533        112.984876          3.240890         70.158371
rank #0: 2018-06-24 13:16:56,699 LBFGS        PARAM    0012       -610.497907          2.217838        148.116501          3.306897         69.869907
rank #0: 2018-06-24 13:16:57,301 LBFGS        PARAM    0013       -616.255795          2.217584        150.443298          3.406803         69.796655
rank #0: 2018-06-24 13:16:57,904 LBFGS        PARAM    0014       -621.620487          2.221087        147.072231          3.432037         69.792240
rank #0: 2018-06-24 13:16:58,506 LBFGS        PARAM    0015       -621.671455          2.220985        146.422986          3.431420         69.792188
rank #0: 2018-06-24 13:16:59,094 LBFGS        PARAM    0016       -621.832812          2.221088        146.492220          3.431048         69.792181
rank #0: 2018-06-24 13:16:59,700 LBFGS        PARAM    0017       -621.846136          2.221088        146.494135          3.431001         69.792181
rank #0: 2018-06-24 13:17:00,305 LBFGS        PARAM    0018       -621.848542          2.221088        146.494245          3.430995         69.792181
rank #0: 2018-06-24 13:17:01,025 LBFGS        PARAM    0019       -621.848543          2.221088        146.494245          3.430995         69.792181
rank #0: 2018-06-24 13:17:27,060 LBFGS        INFO     Linesearch failed in both LBFGS and gradient directions
rank #0: 2018-06-24 13:17:27,061 LBFGS        PARAM    0019       -621.848543          2.221088        146.494245          3.430995         69.792181
rank #0: 2018-06-24 13:17:27,061 rsdfit.lbfgs_fitter WARNING  ...LBFGS optimization finished. Time elapsed: 0:00:37.62
rank #0: 2018-06-24 13:17:27,062 rsdfit.lbfgs_fitter ERROR    nonlinear fit with method L-BFGS-B failed: Linesearch failed in both LBFGS and gradient directions
rank #0: 2018-06-24 13:17:27,063 rsdfit.fitting_driver INFO     rank 25 on nid01434     ...fitting complete
rank #0: 2018-06-24 13:17:27,066 rsdfit.fitting_driver INFO     rank 25 on nid01434     Saving the results to `/global/cscratch1/sd/nhand/eBOSS/fits/results/mocks/ezmock/v1.8e-fph/0.005-0.3/basemodel-N-fnl/0.8-2.2/QSO-S-0170-P0+P2-mock-cov-a8bcb55756/2018-06-24_nlopt_19i_chain0__1.npz`
rank #0: 2018-06-24 13:17:27,115 pyRSD.analysis.lbfgs_results INFO     
minimum chi2 = 69.7921814548

Free parameters [ mean ]
_______________
N              : -621.848542978
b1             : 2.2210875699
f_nl           : 146.494245308
sigma_fog      : 3.43099459268

Constrained parameters [ mean ]
_________________________
b1sigma8       : 0.884688520636
