rank #0: 2018-12-30 16:26:59,811 rsdfit.fitting_driver INFO     rank 28 on nid00553     Calling the 'nlopt' solve function
rank #0: 2018-12-30 16:26:59,812 rsdfit.lbfgs_fitter INFO     running LBFGS for 500 iterations and then stopping
rank #0: 2018-12-30 16:26:59,812 rsdfit.lbfgs_fitter INFO     running LBFGS minimizer with priors
rank #0: 2018-12-30 16:26:59,812 root         INFO     Iter           N          b1        f_nl   sigma_fog   F(X)     
rank #0: 2018-12-30 16:26:59,813 rsdfit.lbfgs_fitter INFO     computing gradient using numerical derivative of lnlike()
rank #0: 2018-12-30 16:27:01,250 LBFGS        INFO     options = {'factr': 100000.0, 'gtol': 1e-05, 'max_iter': 500, 'test_convergence': False}
rank #0: 2018-12-30 16:27:01,251 LBFGS        PARAM    0000          0.000000          2.000000          0.000000          4.000000        130.849548
rank #0: 2018-12-30 16:27:02,616 LBFGS        PARAM    0001         -9.131877          2.095658          1.607393          3.996677        114.141277
rank #0: 2018-12-30 16:27:03,860 LBFGS        PARAM    0002       -237.727586          2.355137          6.827838          4.119138         92.017300
rank #0: 2018-12-30 16:27:05,094 LBFGS        PARAM    0003       -390.511349          2.374862          6.101642          4.234308         86.340273
rank #0: 2018-12-30 16:27:06,321 LBFGS        PARAM    0004       -552.367639          2.399399          3.058414          4.350060         84.263641
rank #0: 2018-12-30 16:27:07,572 LBFGS        PARAM    0005       -557.956001          2.401320          0.747355          4.346742         84.156078
rank #0: 2018-12-30 16:27:08,799 LBFGS        PARAM    0006       -583.697106          2.420196        -16.094343          4.303857         83.724434
rank #0: 2018-12-30 16:27:10,048 LBFGS        PARAM    0007       -584.909465          2.422316        -19.596830          4.288562         83.708244
rank #0: 2018-12-30 16:27:11,275 LBFGS        PARAM    0008       -585.420708          2.422857        -19.955966          4.288754         83.708109
rank #0: 2018-12-30 16:27:12,522 LBFGS        PARAM    0009       -585.289334          2.422827        -19.959204          4.289149         83.708107
rank #0: 2018-12-30 16:27:13,751 LBFGS        PARAM    0010       -585.215325          2.422825        -19.959773          4.289479         83.708107
rank #0: 2018-12-30 16:27:14,979 LBFGS        PARAM    0011       -585.209626          2.422830        -19.959630          4.289539         83.708107
rank #0: 2018-12-30 16:27:16,230 LBFGS        PARAM    0012       -585.209771          2.422831        -19.959658          4.289540         83.708107
rank #0: 2018-12-30 16:27:17,457 LBFGS        PARAM    0013       -585.209794          2.422831        -19.959658          4.289540         83.708107
rank #0: 2018-12-30 16:27:18,847 LBFGS        PARAM    0014       -585.209791          2.422831        -19.959658          4.289540         83.708107
rank #0: 2018-12-30 16:27:20,214 LBFGS        PARAM    0015       -585.209790          2.422831        -19.959657          4.289540         83.708107
rank #0: 2018-12-30 16:27:21,582 LBFGS        PARAM    0016       -585.209790          2.422831        -19.959657          4.289540         83.708107
rank #0: 2018-12-30 16:27:50,603 LBFGS        PARAM    0017       -585.209785          2.422831        -19.959658          4.289540         83.708107
rank #0: 2018-12-30 16:27:50,604 LBFGS        INFO     LBFGS iteration 17: the descent direction does not have a sufficient projection (cos(theta)=-7.30e-01, theta=136.8655) into the gradient; using steepest descent at this step!
rank #0: 2018-12-30 16:27:52,249 LBFGS        PARAM    0018       -585.209784          2.422831        -19.959658          4.289540         83.708107
rank #0: 2018-12-30 16:28:44,541 LBFGS        INFO     Linesearch failed in both LBFGS and gradient directions
rank #0: 2018-12-30 16:28:44,542 LBFGS        PARAM    0018       -585.209784          2.422831        -19.959658          4.289540         83.708107
rank #0: 2018-12-30 16:28:44,542 rsdfit.lbfgs_fitter WARNING  ...LBFGS optimization finished. Time elapsed: 0:01:43.29
rank #0: 2018-12-30 16:28:44,542 rsdfit.lbfgs_fitter ERROR    nonlinear fit with method L-BFGS-B failed: Linesearch failed in both LBFGS and gradient directions
rank #0: 2018-12-30 16:28:44,543 rsdfit.fitting_driver INFO     rank 28 on nid00553     ...fitting complete
rank #0: 2018-12-30 16:28:44,545 rsdfit.fitting_driver INFO     rank 28 on nid00553     Saving the results to `/global/cscratch1/sd/nhand/eBOSS/fits/results/mocks/ezmock/v1.8e-fph/0.0001-0.3/basemodel-N-fnl/0.8-2.2/QSO-N-0001-P0+P2-mock-cov-baf378684d/2018-12-30_nlopt_18i_chain0__1.npz`
rank #0: 2018-12-30 16:28:44,989 pyRSD.analysis.lbfgs_results INFO     
minimum chi2 = 83.7081067416

Free parameters [ mean ]
_______________
N              : -585.209784491
b1             : 2.42283051508
f_nl           : -19.9596575346
sigma_fog      : 4.28953967079

Constrained parameters [ mean ]
_________________________
b1sigma8       : 0.908283565064
