rank #0: 2018-07-16 20:40:59,835 rsdfit.fitting_driver INFO     rank 11 on nid00907     Calling the 'nlopt' solve function
rank #0: 2018-07-16 20:40:59,836 rsdfit.lbfgs_fitter INFO     running LBFGS for 500 iterations and then stopping
rank #0: 2018-07-16 20:40:59,837 rsdfit.lbfgs_fitter INFO     running LBFGS minimizer with priors
rank #0: 2018-07-16 20:40:59,838 root         INFO     Iter           N          b1        f_nl   sigma_fog   F(X)     
rank #0: 2018-07-16 20:41:00,405 LBFGS        INFO     options = {'factr': 100000.0, 'gtol': 1e-05, 'max_iter': 500, 'test_convergence': False}
rank #0: 2018-07-16 20:41:00,407 LBFGS        PARAM    0000          0.000000          2.000000          0.000000          4.000000        122.736733
rank #0: 2018-07-16 20:41:01,068 LBFGS        PARAM    0001         61.663471          2.111818          1.983259          3.960579         95.970051
rank #0: 2018-07-16 20:41:01,660 LBFGS        PARAM    0002         18.227323          2.344825          7.701474          3.936642         77.232944
rank #0: 2018-07-16 20:41:02,235 LBFGS        PARAM    0003        -11.468769          2.322825          7.778520          3.992695         75.856384
rank #0: 2018-07-16 20:41:02,892 LBFGS        PARAM    0004        -77.958662          2.309269          8.499128          4.081832         74.950478
rank #0: 2018-07-16 20:41:03,482 LBFGS        PARAM    0005        -99.698802          2.324152          9.497115          4.121226         74.263735
rank #0: 2018-07-16 20:41:04,066 LBFGS        PARAM    0006       -195.108659          2.382948         13.451880          4.240173         73.035607
rank #0: 2018-07-16 20:41:04,654 LBFGS        PARAM    0007       -201.516427          2.381918         13.226260          4.204079         72.971697
rank #0: 2018-07-16 20:41:05,250 LBFGS        PARAM    0008       -280.742919          2.384550         11.583969          3.839973         72.650534
rank #0: 2018-07-16 20:41:05,842 LBFGS        PARAM    0009       -284.526597          2.386985         11.296951          3.838868         72.648732
rank #0: 2018-07-16 20:41:06,421 LBFGS        PARAM    0010       -284.973264          2.387260         11.232638          3.839093         72.648700
rank #0: 2018-07-16 20:41:07,014 LBFGS        PARAM    0011       -285.184158          2.387431         11.140463          3.839333         72.648671
rank #0: 2018-07-16 20:41:07,606 LBFGS        PARAM    0012       -285.387143          2.387736         10.851016          3.840058         72.648608
rank #0: 2018-07-16 20:41:08,194 LBFGS        PARAM    0013       -285.121317          2.387687         10.725027          3.840349         72.648591
rank #0: 2018-07-16 20:41:08,779 LBFGS        PARAM    0014       -285.102789          2.387681         10.723731          3.840351         72.648590
rank #0: 2018-07-16 20:41:09,374 LBFGS        PARAM    0015       -285.101773          2.387681         10.724102          3.840350         72.648590
rank #0: 2018-07-16 20:41:09,970 LBFGS        PARAM    0016       -285.101727          2.387681         10.724153          3.840350         72.648590
rank #0: 2018-07-16 20:41:10,548 LBFGS        PARAM    0017       -285.101734          2.387681         10.724153          3.840350         72.648590
rank #0: 2018-07-16 20:41:11,142 LBFGS        PARAM    0018       -285.101731          2.387681         10.724153          3.840350         72.648590
rank #0: 2018-07-16 20:41:36,599 LBFGS        INFO     Linesearch failed in both LBFGS and gradient directions
rank #0: 2018-07-16 20:41:36,601 LBFGS        PARAM    0018       -285.101731          2.387681         10.724153          3.840350         72.648590
rank #0: 2018-07-16 20:41:36,603 rsdfit.lbfgs_fitter WARNING  ...LBFGS optimization finished. Time elapsed: 0:00:36.20
rank #0: 2018-07-16 20:41:36,604 rsdfit.lbfgs_fitter ERROR    nonlinear fit with method L-BFGS-B failed: Linesearch failed in both LBFGS and gradient directions
rank #0: 2018-07-16 20:41:36,605 rsdfit.fitting_driver INFO     rank 11 on nid00907     ...fitting complete
rank #0: 2018-07-16 20:41:36,609 rsdfit.fitting_driver INFO     rank 11 on nid00907     Saving the results to `/global/cscratch1/sd/nhand/eBOSS/fits/results/mocks/ezmock/v1.8e-fph/0.005-0.3/basemodel-N-fnl/0.8-2.2/QSO-N-0866-P0+P2-mock-cov-1ab4f6001f/2018-07-16_nlopt_18i_chain0__1.npz`
rank #0: 2018-07-16 20:41:36,636 pyRSD.analysis.lbfgs_results INFO     
minimum chi2 = 72.6485904903

Free parameters [ mean ]
_______________
N              : -285.101730702
b1             : 2.38768052896
f_nl           : 10.7241527696
sigma_fog      : 3.84035000509

Constrained parameters [ mean ]
_________________________
b1sigma8       : 0.895106351677
