rank #0: 2018-12-30 15:57:09,312 rsdfit.fitting_driver INFO     rank 32 on nid00554     Calling the 'nlopt' solve function
rank #0: 2018-12-30 15:57:09,313 rsdfit.lbfgs_fitter INFO     running LBFGS for 500 iterations and then stopping
rank #0: 2018-12-30 15:57:09,313 rsdfit.lbfgs_fitter INFO     running LBFGS minimizer with priors
rank #0: 2018-12-30 15:57:09,314 root         INFO     Iter           N          b1        f_nl   sigma_fog   F(X)     
rank #0: 2018-12-30 15:57:09,315 rsdfit.lbfgs_fitter INFO     computing gradient using numerical derivative of lnlike()
rank #0: 2018-12-30 15:57:09,997 LBFGS        INFO     options = {'factr': 100000.0, 'gtol': 1e-05, 'max_iter': 500, 'test_convergence': False}
rank #0: 2018-12-30 15:57:09,998 LBFGS        PARAM    0000          0.000000          2.000000          0.000000          4.000000         90.840479
rank #0: 2018-12-30 15:57:10,712 LBFGS        PARAM    0001        -15.219017          2.050772          1.146861          4.016564         84.163445
rank #0: 2018-12-30 15:57:11,353 LBFGS        PARAM    0002       -174.260591          2.189698          5.480330          4.161848         73.487864
rank #0: 2018-12-30 15:57:11,983 LBFGS        PARAM    0003       -292.129864          2.213048          6.818956          4.277978         70.751442
rank #0: 2018-12-30 15:57:12,634 LBFGS        PARAM    0004       -348.363849          2.213770          6.955837          4.361750         70.241588
rank #0: 2018-12-30 15:57:13,281 LBFGS        PARAM    0005       -347.880824          2.214728          6.887711          4.375368         70.227650
rank #0: 2018-12-30 15:57:13,906 LBFGS        PARAM    0006       -322.776496          2.218283          5.466295          4.535501         70.125339
rank #0: 2018-12-30 15:57:14,545 LBFGS        PARAM    0007       -310.278861          2.216559          4.458679          4.568165         70.116615
rank #0: 2018-12-30 15:57:15,187 LBFGS        PARAM    0008       -309.956255          2.216788          4.381838          4.568464         70.116536
rank #0: 2018-12-30 15:57:15,818 LBFGS        PARAM    0009       -309.939686          2.216875          4.333112          4.568458         70.116521
rank #0: 2018-12-30 15:57:16,458 LBFGS        PARAM    0010       -310.067092          2.216988          4.241838          4.568280         70.116501
rank #0: 2018-12-30 15:57:17,102 LBFGS        PARAM    0011       -310.309595          2.217040          4.166701          4.567990         70.116490
rank #0: 2018-12-30 15:57:17,724 LBFGS        PARAM    0012       -310.391841          2.217032          4.156350          4.567896         70.116488
rank #0: 2018-12-30 15:57:18,340 LBFGS        PARAM    0013       -310.397373          2.217026          4.158700          4.567890         70.116488
rank #0: 2018-12-30 15:57:18,983 LBFGS        PARAM    0014       -310.396792          2.217025          4.159328          4.567891         70.116488
rank #0: 2018-12-30 15:57:19,624 LBFGS        PARAM    0015       -310.396701          2.217025          4.159359          4.567891         70.116488
rank #0: 2018-12-30 15:57:47,270 LBFGS        INFO     Linesearch failed in both LBFGS and gradient directions
rank #0: 2018-12-30 15:57:47,271 LBFGS        PARAM    0015       -310.396701          2.217025          4.159359          4.567891         70.116488
rank #0: 2018-12-30 15:57:47,272 rsdfit.lbfgs_fitter WARNING  ...LBFGS optimization finished. Time elapsed: 0:00:37.28
rank #0: 2018-12-30 15:57:47,273 rsdfit.lbfgs_fitter ERROR    nonlinear fit with method L-BFGS-B failed: Linesearch failed in both LBFGS and gradient directions
rank #0: 2018-12-30 15:57:47,274 rsdfit.fitting_driver INFO     rank 32 on nid00554     ...fitting complete
rank #0: 2018-12-30 15:57:47,285 rsdfit.fitting_driver INFO     rank 32 on nid00554     Saving the results to `/global/cscratch1/sd/nhand/eBOSS/fits/results/mocks/ezmock/v1.8e-fph/0.0001-0.3/basemodel-N-fnl/0.8-2.2/QSO-N-0824-P0+P2-mock-cov-280ed9f5b7/2018-12-30_nlopt_15i_chain0__1.npz`
rank #0: 2018-12-30 15:57:47,892 pyRSD.analysis.lbfgs_results INFO     
minimum chi2 = 70.1164883734

Free parameters [ mean ]
_______________
N              : -310.396700914
b1             : 2.21702509697
f_nl           : 4.15935942547
sigma_fog      : 4.56789134464

Constrained parameters [ mean ]
_________________________
b1sigma8       : 0.883070384001
