rank #0: 2019-02-16 14:15:55,748 rsdfit.fitting_driver INFO     rank 8 on nid00678     Calling the 'nlopt' solve function
rank #0: 2019-02-16 14:15:55,749 rsdfit.lbfgs_fitter INFO     running LBFGS for 500 iterations and then stopping
rank #0: 2019-02-16 14:15:55,750 rsdfit.lbfgs_fitter INFO     running LBFGS minimizer with priors
rank #0: 2019-02-16 14:15:55,751 root         INFO     Iter           N          b1        f_nl   sigma_fog   F(X)     
rank #0: 2019-02-16 14:15:55,752 rsdfit.lbfgs_fitter INFO     computing gradient using numerical derivative of lnlike()
rank #0: 2019-02-16 14:15:56,857 LBFGS        INFO     options = {'factr': 100000.0, 'gtol': 1e-05, 'max_iter': 500, 'test_convergence': False}
rank #0: 2019-02-16 14:15:56,859 LBFGS        PARAM    0000          0.000000          2.000000          0.000000          4.000000         94.366007
rank #0: 2019-02-16 14:15:58,116 LBFGS        PARAM    0001         55.447698          2.092923          1.406204          3.953884         83.443073
rank #0: 2019-02-16 14:15:59,247 LBFGS        PARAM    0002         29.251959          2.274467          4.645509          3.882062         76.334881
rank #0: 2019-02-16 14:16:00,381 LBFGS        PARAM    0003          7.461510          2.262299          4.107327          3.895018         76.038473
rank #0: 2019-02-16 14:16:01,639 LBFGS        PARAM    0004        -31.180772          2.250991          3.403291          3.911698         75.867314
rank #0: 2019-02-16 14:16:02,767 LBFGS        PARAM    0005        -41.218825          2.256070          3.164882          3.910872         75.757586
rank #0: 2019-02-16 14:16:03,898 LBFGS        PARAM    0006       -196.690759          2.321077         -2.119934          3.820793         74.925884
rank #0: 2019-02-16 14:16:05,028 LBFGS        PARAM    0007       -228.232121          2.327176         -5.031917          3.721042         74.778730
rank #0: 2019-02-16 14:16:06,163 LBFGS        PARAM    0008       -286.032828          2.332483        -16.507434          3.405990         74.552728
rank #0: 2019-02-16 14:16:07,288 LBFGS        PARAM    0009       -287.418713          2.333933        -18.332370          3.418082         74.547630
rank #0: 2019-02-16 14:16:08,411 LBFGS        PARAM    0010       -286.973837          2.337325        -22.050199          3.439475         74.543340
rank #0: 2019-02-16 14:16:09,535 LBFGS        PARAM    0011       -285.640072          2.337415        -22.331213          3.440664         74.543270
rank #0: 2019-02-16 14:16:10,659 LBFGS        PARAM    0012       -285.833135          2.337476        -22.341831          3.440492         74.543269
rank #0: 2019-02-16 14:16:13,012 LBFGS        PARAM    0013       -285.843590          2.337483        -22.343994          3.440491         74.543269
rank #0: 2019-02-16 14:16:14,133 LBFGS        PARAM    0014       -285.843432          2.337483        -22.344008          3.440492         74.543269
rank #0: 2019-02-16 14:16:15,383 LBFGS        PARAM    0015       -285.843428          2.337483        -22.344008          3.440492         74.543269
rank #0: 2019-02-16 14:16:16,647 LBFGS        PARAM    0016       -285.843428          2.337483        -22.344006          3.440492         74.543269
rank #0: 2019-02-16 14:16:17,897 LBFGS        PARAM    0017       -285.843428          2.337483        -22.344006          3.440492         74.543269
rank #0: 2019-02-16 14:16:19,274 LBFGS        PARAM    0018       -285.843428          2.337483        -22.344006          3.440492         74.543269
rank #0: 2019-02-16 14:16:19,275 LBFGS        INFO     LBFGS iteration 18: the descent direction does not have a sufficient projection (cos(theta)=-6.44e-01, theta=130.1279) into the gradient; using steepest descent at this step!
rank #0: 2019-02-16 14:16:42,456 LBFGS        INFO     Linesearch failed in both LBFGS and gradient directions
rank #0: 2019-02-16 14:16:42,458 LBFGS        PARAM    0018       -285.843428          2.337483        -22.344006          3.440492         74.543269
rank #0: 2019-02-16 14:16:42,459 rsdfit.lbfgs_fitter WARNING  ...LBFGS optimization finished. Time elapsed: 0:00:45.60
rank #0: 2019-02-16 14:16:42,461 rsdfit.lbfgs_fitter ERROR    nonlinear fit with method L-BFGS-B failed: Linesearch failed in both LBFGS and gradient directions
rank #0: 2019-02-16 14:16:42,462 rsdfit.fitting_driver INFO     rank 8 on nid00678     ...fitting complete
rank #0: 2019-02-16 14:16:42,466 rsdfit.fitting_driver INFO     rank 8 on nid00678     Saving the results to `/global/cscratch1/sd/nhand/eBOSS/fits/results/mocks/ezmock/v1.8e-fph/0.005-0.3/basemodel-N-fnl/0.8-2.2/QSO-S-0959-P0+P2-mock-cov-26d5de4060/2019-02-16_nlopt_18i_chain0__1.npz`
rank #0: 2019-02-16 14:16:42,473 pyRSD.analysis.lbfgs_results INFO     
minimum chi2 = 74.54326932034043

Free parameters [ mean ]
_______________
N              : -285.8434276370346
b1             : 2.3374828977399473
f_nl           : -22.344005667689526
sigma_fog      : 3.440491775975695

Constrained parameters [ mean ]
_________________________
b1sigma8       : 0.8762879972096649
