rank #0: 2019-02-16 14:39:35,115 rsdfit.fitting_driver INFO     rank 23 on nid01132     Calling the 'nlopt' solve function
rank #0: 2019-02-16 14:39:35,116 rsdfit.lbfgs_fitter INFO     running LBFGS for 500 iterations and then stopping
rank #0: 2019-02-16 14:39:35,117 rsdfit.lbfgs_fitter INFO     running LBFGS minimizer with priors
rank #0: 2019-02-16 14:39:35,118 root         INFO     Iter           N          b1        f_nl   sigma_fog   F(X)     
rank #0: 2019-02-16 14:39:35,119 rsdfit.lbfgs_fitter INFO     computing gradient using numerical derivative of lnlike()
rank #0: 2019-02-16 14:39:36,234 LBFGS        INFO     options = {'factr': 100000.0, 'gtol': 1e-05, 'max_iter': 500, 'test_convergence': False}
rank #0: 2019-02-16 14:39:36,236 LBFGS        PARAM    0000          0.000000          2.000000          0.000000          4.000000        103.500621
rank #0: 2019-02-16 14:39:37,510 LBFGS        PARAM    0001         29.528984          2.115511          0.906370          3.984194         85.605559
rank #0: 2019-02-16 14:39:38,659 LBFGS        PARAM    0002        -70.453728          2.366205          4.624763          4.084544         69.504393
rank #0: 2019-02-16 14:39:39,807 LBFGS        PARAM    0003       -201.236292          2.397023          5.460417          4.196333         65.289061
rank #0: 2019-02-16 14:39:40,952 LBFGS        PARAM    0004       -427.355289          2.444112          6.892784          4.408474         62.386061
rank #0: 2019-02-16 14:39:42,101 LBFGS        PARAM    0005       -422.369138          2.443269          6.931407          4.413126         62.383088
rank #0: 2019-02-16 14:39:43,249 LBFGS        PARAM    0006       -413.002958          2.442405          7.147238          4.437718         62.377369
rank #0: 2019-02-16 14:39:44,391 LBFGS        PARAM    0007       -406.292915          2.442357          7.512126          4.473347         62.373179
rank #0: 2019-02-16 14:39:45,533 LBFGS        PARAM    0008       -406.578329          2.442819          8.030190          4.487795         62.372179
rank #0: 2019-02-16 14:39:46,673 LBFGS        PARAM    0009       -406.739387          2.442763          8.197195          4.489140         62.372114
rank #0: 2019-02-16 14:39:47,816 LBFGS        PARAM    0010       -406.946550          2.442617          8.564750          4.490107         62.372011
rank #0: 2019-02-16 14:39:48,963 LBFGS        PARAM    0011       -406.965421          2.442239          9.228899          4.489930         62.371852
rank #0: 2019-02-16 14:39:50,103 LBFGS        PARAM    0012       -406.546945          2.441662         10.084920          4.487779         62.371681
rank #0: 2019-02-16 14:39:51,245 LBFGS        PARAM    0013       -406.104388          2.441359         10.388356          4.485425         62.371626
rank #0: 2019-02-16 14:39:52,387 LBFGS        PARAM    0014       -406.011855          2.441340         10.352443          4.484720         62.371621
rank #0: 2019-02-16 14:39:53,528 LBFGS        PARAM    0015       -406.010527          2.441355         10.326365          4.484677         62.371621
rank #0: 2019-02-16 14:39:54,673 LBFGS        PARAM    0016       -406.011231          2.441356         10.323313          4.484684         62.371621
rank #0: 2019-02-16 14:39:55,821 LBFGS        PARAM    0017       -406.011259          2.441356         10.323248          4.484685         62.371621
rank #0: 2019-02-16 14:39:56,967 LBFGS        PARAM    0018       -406.011273          2.441356         10.323247          4.484685         62.371621
rank #0: 2019-02-16 14:40:47,553 LBFGS        INFO     Linesearch failed in both LBFGS and gradient directions
rank #0: 2019-02-16 14:40:47,554 LBFGS        PARAM    0018       -406.011273          2.441356         10.323247          4.484685         62.371621
rank #0: 2019-02-16 14:40:47,555 rsdfit.lbfgs_fitter WARNING  ...LBFGS optimization finished. Time elapsed: 0:01:11.32
rank #0: 2019-02-16 14:40:47,557 rsdfit.lbfgs_fitter ERROR    nonlinear fit with method L-BFGS-B failed: Linesearch failed in both LBFGS and gradient directions
rank #0: 2019-02-16 14:40:47,558 rsdfit.fitting_driver INFO     rank 23 on nid01132     ...fitting complete
rank #0: 2019-02-16 14:40:47,563 rsdfit.fitting_driver INFO     rank 23 on nid01132     Saving the results to `/global/cscratch1/sd/nhand/eBOSS/fits/results/mocks/ezmock/v1.8e-fph/0.005-0.3/basemodel-N-fnl/0.8-2.2/QSO-N-0805-P0+P2-mock-cov-3574198df7/2019-02-16_nlopt_18i_chain0__1.npz`
rank #0: 2019-02-16 14:40:47,570 pyRSD.analysis.lbfgs_results INFO     
minimum chi2 = 62.37162136190672

Free parameters [ mean ]
_______________
N              : -406.0112729683876
b1             : 2.4413563596540175
f_nl           : 10.3232472216656
sigma_fog      : 4.4846850621788645

Constrained parameters [ mean ]
_________________________
b1sigma8       : 0.8843410775353775
