rank #0: 2017-11-25 12:00:45,876 rsdfit.fitting_driver INFO     rank 252 on nid00493     Calling the 'nlopt' solve function
rank #0: 2017-11-25 12:00:45,877 rsdfit.lbfgs_fitter INFO     running LBFGS for 500 iterations and then stopping
rank #0: 2017-11-25 12:00:45,878 rsdfit.lbfgs_fitter INFO     running LBFGS minimizer with priors
rank #0: 2017-11-25 12:00:45,878 root         INFO     Iter           N          b1        f_nl   sigma_fog   F(X)     
rank #0: 2017-11-25 12:00:45,927 root         INFO     analytic derivative for parameter 'N' not available; no registered subclass for dPkmu/dN
rank #0: 2017-11-25 12:00:46,228 LBFGS        INFO     options = {'factr': 100000.0, 'gtol': 1e-05, 'max_iter': 500, 'test_convergence': False}
rank #0: 2017-11-25 12:00:46,229 LBFGS        PARAM    0000          0.000000          2.000000          0.000000          4.000000        128.440480
rank #0: 2017-11-25 12:00:46,644 LBFGS        PARAM    0001         31.227931          2.053058          0.279599          3.949150        109.991103
rank #0: 2017-11-25 12:00:46,996 LBFGS        PARAM    0002         27.551609          2.154154          1.025036          3.824603         96.719128
rank #0: 2017-11-25 12:00:47,348 LBFGS        PARAM    0003        -17.839921          2.166767          1.148218          3.789345         94.318902
rank #0: 2017-11-25 12:00:47,699 LBFGS        PARAM    0004       -569.728133          2.284378          1.594086          2.906402         81.017382
rank #0: 2017-11-25 12:00:48,052 LBFGS        PARAM    0005       -440.482555          2.237715         -0.802990          2.989268         79.762119
rank #0: 2017-11-25 12:00:48,405 LBFGS        PARAM    0006       -441.132089          2.234217         -1.949598          2.902719         79.196898
rank #0: 2017-11-25 12:00:48,816 LBFGS        PARAM    0007       -494.470433          2.228050         -6.784374          2.469927         78.067023
rank #0: 2017-11-25 12:00:49,167 LBFGS        PARAM    0008       -529.907655          2.234974         -9.310127          2.364858         78.007068
rank #0: 2017-11-25 12:00:49,519 LBFGS        PARAM    0009       -549.925477          2.242826        -11.938571          2.380482         77.922545
rank #0: 2017-11-25 12:00:49,928 LBFGS        PARAM    0010       -554.257910          2.247532        -13.606076          2.436814         77.888493
rank #0: 2017-11-25 12:00:50,394 LBFGS        PARAM    0011       -553.381395          2.248279        -13.961585          2.455004         77.887581
rank #0: 2017-11-25 12:00:50,923 LBFGS        PARAM    0012       -552.252968          2.248508        -14.166069          2.465378         77.887265
rank #0: 2017-11-25 12:00:51,386 LBFGS        PARAM    0013       -549.045839          2.248754        -14.747176          2.487051         77.886360
rank #0: 2017-11-25 12:00:51,845 LBFGS        PARAM    0014       -545.328969          2.248874        -15.608295          2.507934         77.885233
rank #0: 2017-11-25 12:00:52,314 LBFGS        PARAM    0015       -540.963619          2.248963        -16.999821          2.529452         77.882197
rank #0: 2017-11-25 12:00:52,722 LBFGS        PARAM    0016       -530.594559          2.249278        -21.639494          2.575495         77.876529
rank #0: 2017-11-25 12:00:53,128 LBFGS        PARAM    0017       -522.719757          2.249848        -27.187101          2.606230         77.867767
rank #0: 2017-11-25 12:00:53,474 LBFGS        PARAM    0018       -512.716512          2.251933        -40.897563          2.637206         77.833289
rank #0: 2017-11-25 12:00:53,822 LBFGS        PARAM    0019       -514.818888          2.254551        -51.704872          2.619815         77.764258
rank #0: 2017-11-25 12:00:54,170 LBFGS        PARAM    0020       -532.256172          2.260172        -67.141558          2.542787         77.654933
rank #0: 2017-11-25 12:00:54,519 LBFGS        PARAM    0021       -544.512664          2.261915        -66.522312          2.503680         77.619407
rank #0: 2017-11-25 12:00:54,869 LBFGS        PARAM    0022       -550.357149          2.262274        -61.506399          2.497874         77.609514
rank #0: 2017-11-25 12:01:19,637 LBFGS        INFO     Linesearch failed in both LBFGS and gradient directions
rank #0: 2017-11-25 12:01:19,638 LBFGS        PARAM    0022       -550.357149          2.262274        -61.506399          2.497874         77.609514
rank #0: 2017-11-25 12:01:19,638 rsdfit.lbfgs_fitter WARNING  ...LBFGS optimization finished. Time elapsed: 0:00:33.41
rank #0: 2017-11-25 12:01:19,638 rsdfit.lbfgs_fitter ERROR    nonlinear fit with method L-BFGS-B failed: Linesearch failed in both LBFGS and gradient directions
rank #0: 2017-11-25 12:01:19,639 rsdfit.fitting_driver INFO     rank 252 on nid00493     ...fitting complete
rank #0: 2017-11-25 12:01:19,652 rsdfit.fitting_driver INFO     rank 252 on nid00493     Saving the results to `/global/project/projectdirs/m779/nhand/Research/eBOSS/fits/results/mocks/ezmock/v1.8e-fph/0.0001-0.3/basemodel-N-fnl/0.8-2.2/QSO-S-0740-P0+P2-d10badba55/2017-11-25_nlopt_22i_chain0__1.npz`
rank #0: 2017-11-25 12:01:19,736 pyRSD.analysis.lbfgs_results INFO     
minimum chi2 = 77.6095137997

Free parameters [ mean ]
_______________
N              : -550.357149429
b1             : 2.26227406764
f_nl           : -61.5063986681
sigma_fog      : 2.4978735155

Constrained parameters [ mean ]
_________________________
b1sigma8       : 0.900350196644
