rank #0: 2018-10-04 21:50:11,129 rsdfit.fitting_driver INFO     rank 43 on nid01063     Calling the 'nlopt' solve function
rank #0: 2018-10-04 21:50:11,130 rsdfit.lbfgs_fitter INFO     running LBFGS for 500 iterations and then stopping
rank #0: 2018-10-04 21:50:11,130 rsdfit.lbfgs_fitter INFO     running LBFGS minimizer with priors
rank #0: 2018-10-04 21:50:11,131 root         INFO     Iter           N          b1        f_nl   sigma_fog   F(X)     
rank #0: 2018-10-04 21:50:11,132 rsdfit.lbfgs_fitter INFO     computing gradient using numerical derivative of lnlike()
rank #0: 2018-10-04 21:50:12,279 LBFGS        INFO     options = {'factr': 100000.0, 'gtol': 1e-05, 'max_iter': 500, 'test_convergence': False}
rank #0: 2018-10-04 21:50:12,280 LBFGS        PARAM    0000          0.000000          2.000000          0.000000          4.000000        148.194557
rank #0: 2018-10-04 21:50:13,621 LBFGS        PARAM    0001         54.886796          2.160070          1.338571          3.990556        116.301416
rank #0: 2018-10-04 21:50:14,811 LBFGS        PARAM    0002        -55.766454          2.498118          7.395151          4.198813         90.627546
rank #0: 2018-10-04 21:50:16,004 LBFGS        PARAM    0003       -190.773289          2.508995          8.450569          4.386869         83.554946
rank #0: 2018-10-04 21:50:17,216 LBFGS        PARAM    0004       -476.327886          2.591663         12.477302          4.853069         78.050034
rank #0: 2018-10-04 21:50:18,409 LBFGS        PARAM    0005       -437.679827          2.576315         13.020808          4.933987         77.699115
rank #0: 2018-10-04 21:50:19,623 LBFGS        PARAM    0006       -338.254263          2.561209         16.172952          5.255297         77.058910
rank #0: 2018-10-04 21:50:20,817 LBFGS        PARAM    0007       -291.652287          2.569609         20.478854          5.509574         76.829302
rank #0: 2018-10-04 21:50:22,008 LBFGS        PARAM    0008       -289.934304          2.573868         22.220012          5.558819         76.814411
rank #0: 2018-10-04 21:50:23,223 LBFGS        PARAM    0009       -290.436810          2.574240         22.883307          5.560837         76.812707
rank #0: 2018-10-04 21:50:24,419 LBFGS        PARAM    0010       -291.384300          2.573630         24.841336          5.555942         76.809270
rank #0: 2018-10-04 21:50:25,637 LBFGS        PARAM    0011       -291.093466          2.571803         26.064263          5.546298         76.807711
rank #0: 2018-10-04 21:50:26,833 LBFGS        PARAM    0012       -290.733093          2.570823         26.274725          5.541242         76.807473
rank #0: 2018-10-04 21:50:28,034 LBFGS        PARAM    0013       -290.665882          2.570751         26.231283          5.540935         76.807469
rank #0: 2018-10-04 21:50:29,242 LBFGS        PARAM    0014       -290.657135          2.570752         26.223572          5.540969         76.807469
rank #0: 2018-10-04 21:50:30,436 LBFGS        PARAM    0015       -290.656489          2.570752         26.223342          5.540975         76.807469
rank #0: 2018-10-04 21:50:31,646 LBFGS        PARAM    0016       -290.656437          2.570752         26.223348          5.540975         76.807469
rank #0: 2018-10-04 21:51:01,949 LBFGS        PARAM    0017       -290.656437          2.570752         26.223348          5.540975         76.807469
rank #0: 2018-10-04 21:51:30,665 LBFGS        PARAM    0018       -290.656432          2.570752         26.223348          5.540975         76.807469
rank #0: 2018-10-04 21:52:00,359 LBFGS        PARAM    0019       -290.656421          2.570752         26.223349          5.540975         76.807469
rank #0: 2018-10-04 21:52:53,549 LBFGS        INFO     Linesearch failed in both LBFGS and gradient directions
rank #0: 2018-10-04 21:52:53,551 LBFGS        PARAM    0019       -290.656421          2.570752         26.223349          5.540975         76.807469
rank #0: 2018-10-04 21:52:53,551 rsdfit.lbfgs_fitter WARNING  ...LBFGS optimization finished. Time elapsed: 0:02:41.27
rank #0: 2018-10-04 21:52:53,552 rsdfit.lbfgs_fitter ERROR    nonlinear fit with method L-BFGS-B failed: Linesearch failed in both LBFGS and gradient directions
rank #0: 2018-10-04 21:52:53,554 rsdfit.fitting_driver INFO     rank 43 on nid01063     ...fitting complete
rank #0: 2018-10-04 21:52:53,557 rsdfit.fitting_driver INFO     rank 43 on nid01063     Saving the results to `/global/cscratch1/sd/nhand/eBOSS/fits/results/mocks/ezmock/v1.8e-fph/0.0001-0.3/basemodel-N-fnl/0.8-2.2/QSO-N-0749-P0+P2-mock-cov-4ae05ce33e/2018-10-04_nlopt_19i_chain0__1.npz`
rank #0: 2018-10-04 21:52:53,664 pyRSD.analysis.lbfgs_results INFO     
minimum chi2 = 76.8074691172

Free parameters [ mean ]
_______________
N              : -290.65642087
b1             : 2.57075195861
f_nl           : 26.2233485418
sigma_fog      : 5.54097501499

Constrained parameters [ mean ]
_________________________
b1sigma8       : 0.931212499216
