rank #0: 2017-11-27 21:38:24,926 rsdfit.fitting_driver INFO     rank 71 on nid00521     Calling the 'nlopt' solve function
rank #0: 2017-11-27 21:38:24,927 rsdfit.lbfgs_fitter INFO     running LBFGS for 500 iterations and then stopping
rank #0: 2017-11-27 21:38:24,927 rsdfit.lbfgs_fitter INFO     running LBFGS minimizer with priors
rank #0: 2017-11-27 21:38:24,927 root         INFO     Iter           N          b1           f    sigma8_z   sigma_fog   F(X)     
rank #0: 2017-11-27 21:38:25,550 LBFGS        INFO     options = {'factr': 100000.0, 'gtol': 1e-05, 'max_iter': 500, 'test_convergence': False}
rank #0: 2017-11-27 21:38:25,551 LBFGS        PARAM    0000          0.000000          2.000000          0.930883          0.398070          4.000000         94.055861
rank #0: 2017-11-27 21:38:26,245 LBFGS        PARAM    0001         -0.117063          2.002200          0.930993          0.399600          3.999898         92.052515
rank #0: 2017-11-27 21:38:26,882 LBFGS        PARAM    0002        -20.321361          2.049504          0.933628          0.431121          4.012011         74.822034
rank #0: 2017-11-27 21:38:27,518 LBFGS        PARAM    0003        -28.733753          2.039816          0.933315          0.425441          4.021265         73.765412
rank #0: 2017-11-27 21:38:28,156 LBFGS        PARAM    0004        -41.019200          2.039525          0.933526          0.425773          4.032561         73.476164
rank #0: 2017-11-27 21:38:28,791 LBFGS        PARAM    0005       -336.981181          2.015909          0.943935          0.435956          4.304712         69.990882
rank #0: 2017-11-27 21:38:29,428 LBFGS        PARAM    0006       -336.464973          2.000444          0.948831          0.438369          4.317896         69.901910
rank #0: 2017-11-27 21:38:30,064 LBFGS        PARAM    0007       -310.844800          1.885479          0.985592          0.457081          4.448872         69.590684
rank #0: 2017-11-27 21:38:30,699 LBFGS        PARAM    0008       -298.104038          1.885822          0.986607          0.457723          4.496935         69.498594
rank #0: 2017-11-27 21:38:31,337 LBFGS        PARAM    0009       -230.726323          1.845545          1.004237          0.466618          4.778447         69.258634
rank #0: 2017-11-27 21:38:31,975 LBFGS        PARAM    0010       -186.819739          1.805486          1.019651          0.473999          4.989181         69.175169
rank #0: 2017-11-27 21:38:32,612 LBFGS        PARAM    0011       -174.794456          1.793745          1.023571          0.475903          5.064373         69.162222
rank #0: 2017-11-27 21:38:33,250 LBFGS        PARAM    0012       -176.713122          1.797521          1.022094          0.475080          5.057700         69.161014
rank #0: 2017-11-27 21:38:33,889 LBFGS        PARAM    0013       -177.963602          1.799165          1.021384          0.474686          5.050305         69.160854
rank #0: 2017-11-27 21:38:34,527 LBFGS        PARAM    0014       -178.062185          1.799219          1.021360          0.474674          5.049695         69.160853
rank #0: 2017-11-27 21:38:35,166 LBFGS        PARAM    0015       -178.066047          1.799218          1.021361          0.474675          5.049668         69.160853
rank #0: 2017-11-27 21:38:36,274 LBFGS        PARAM    0016       -178.066047          1.799218          1.021361          0.474675          5.049668         69.160853
rank #0: 2017-11-27 21:38:49,187 LBFGS        PARAM    0017       -178.066045          1.799218          1.021361          0.474675          5.049668         69.160853
rank #0: 2017-11-27 21:39:12,454 LBFGS        INFO     Linesearch failed in both LBFGS and gradient directions
rank #0: 2017-11-27 21:39:12,455 LBFGS        PARAM    0017       -178.066045          1.799218          1.021361          0.474675          5.049668         69.160853
rank #0: 2017-11-27 21:39:12,455 rsdfit.lbfgs_fitter WARNING  ...LBFGS optimization finished. Time elapsed: 0:00:46.90
rank #0: 2017-11-27 21:39:12,456 rsdfit.lbfgs_fitter ERROR    nonlinear fit with method L-BFGS-B failed: Linesearch failed in both LBFGS and gradient directions
rank #0: 2017-11-27 21:39:12,456 rsdfit.fitting_driver INFO     rank 71 on nid00521     ...fitting complete
rank #0: 2017-11-27 21:39:12,459 rsdfit.fitting_driver INFO     rank 71 on nid00521     Saving the results to `/global/cscratch1/sd/nhand/eBOSS/fits/results/mocks/ezmock/v1.8e-fph/0.0001-0.3/basemodel-fs8-N/0.8-2.2/QSO-N-0270-P0+P2-mock-cov-5d97c0eb2d/2017-11-27_nlopt_17i_chain0__1.npz`
rank #0: 2017-11-27 21:39:12,481 pyRSD.analysis.lbfgs_results INFO     
minimum chi2 = 69.1608531829

Free parameters [ mean ]
_______________
N              : -178.066044646
b1             : 1.79921764827
f              : 1.02136076824
sigma8_z       : 0.474674591925
sigma_fog      : 5.04966835433

Constrained parameters [ mean ]
_________________________
b1sigma8       : 0.854042902979
fsigma8        : 0.484814005871
