rank #0: 2019-02-16 12:42:29,345 rsdfit.fitting_driver INFO     rank 44 on nid01065     Calling the 'nlopt' solve function
rank #0: 2019-02-16 12:42:29,346 rsdfit.lbfgs_fitter INFO     running LBFGS for 500 iterations and then stopping
rank #0: 2019-02-16 12:42:29,346 rsdfit.lbfgs_fitter INFO     running LBFGS minimizer with priors
rank #0: 2019-02-16 12:42:29,346 root         INFO     Iter           N          b1        f_nl   sigma_fog   F(X)     
rank #0: 2019-02-16 12:42:29,347 rsdfit.lbfgs_fitter INFO     computing gradient using numerical derivative of lnlike()
rank #0: 2019-02-16 12:42:29,876 LBFGS        INFO     options = {'factr': 100000.0, 'gtol': 1e-05, 'max_iter': 500, 'test_convergence': False}
rank #0: 2019-02-16 12:42:29,877 LBFGS        PARAM    0000          0.000000          2.000000          0.000000          4.000000         92.627383
rank #0: 2019-02-16 12:42:30,475 LBFGS        PARAM    0001         -5.599729          2.048631          1.133759          4.014698         86.300024
rank #0: 2019-02-16 12:42:31,014 LBFGS        PARAM    0002       -114.645537          2.172846          5.314407          4.146828         77.464314
rank #0: 2019-02-16 12:42:31,554 LBFGS        PARAM    0003       -209.808764          2.199067          7.188384          4.265510         74.955511
rank #0: 2019-02-16 12:42:32,093 LBFGS        PARAM    0004       -284.290857          2.205350          9.436664          4.441564         73.836446
rank #0: 2019-02-16 12:42:32,638 LBFGS        PARAM    0005       -282.717466          2.205948         10.193589          4.488930         73.742075
rank #0: 2019-02-16 12:42:33,188 LBFGS        PARAM    0006       -231.400689          2.203897         15.617142          4.804957         73.288477
rank #0: 2019-02-16 12:42:33,733 LBFGS        PARAM    0007       -186.460148          2.198357         19.125757          4.911225         73.189753
rank #0: 2019-02-16 12:42:34,287 LBFGS        PARAM    0008       -182.525741          2.197129         19.612433          4.912803         73.187964
rank #0: 2019-02-16 12:42:34,843 LBFGS        PARAM    0009       -181.102318          2.196309         20.219356          4.909587         73.186595
rank #0: 2019-02-16 12:42:35,399 LBFGS        PARAM    0010       -180.685712          2.194742         21.801797          4.899489         73.184082
rank #0: 2019-02-16 12:42:35,953 LBFGS        PARAM    0011       -183.204148          2.194293         22.869207          4.893498         73.182921
rank #0: 2019-02-16 12:42:36,506 LBFGS        PARAM    0012       -184.023019          2.194339         22.916591          4.892185         73.182882
rank #0: 2019-02-16 12:42:37,062 LBFGS        PARAM    0013       -184.101808          2.194375         22.896712          4.892179         73.182881
rank #0: 2019-02-16 12:42:37,619 LBFGS        PARAM    0014       -184.104512          2.194379         22.893306          4.892191         73.182881
rank #0: 2019-02-16 12:42:38,181 LBFGS        PARAM    0015       -184.104175          2.194379         22.893268          4.892192         73.182881
rank #0: 2019-02-16 12:42:38,743 LBFGS        PARAM    0016       -184.104196          2.194379         22.893267          4.892192         73.182881
rank #0: 2019-02-16 12:43:03,750 LBFGS        INFO     Linesearch failed in both LBFGS and gradient directions
rank #0: 2019-02-16 12:43:03,751 LBFGS        PARAM    0016       -184.104196          2.194379         22.893267          4.892192         73.182881
rank #0: 2019-02-16 12:43:03,751 rsdfit.lbfgs_fitter WARNING  ...LBFGS optimization finished. Time elapsed: 0:00:33.88
rank #0: 2019-02-16 12:43:03,752 rsdfit.lbfgs_fitter ERROR    nonlinear fit with method L-BFGS-B failed: Linesearch failed in both LBFGS and gradient directions
rank #0: 2019-02-16 12:43:03,753 rsdfit.fitting_driver INFO     rank 44 on nid01065     ...fitting complete
rank #0: 2019-02-16 12:43:03,761 rsdfit.fitting_driver INFO     rank 44 on nid01065     Saving the results to `/global/cscratch1/sd/nhand/eBOSS/fits/results/mocks/ezmock/v1.8e-fph/0.005-0.3/basemodel-N-fnl/0.8-2.2/QSO-N-0468-P0+P2-mock-cov-20503beeef/2019-02-16_nlopt_16i_chain0__1.npz`
rank #0: 2019-02-16 12:43:03,771 pyRSD.analysis.lbfgs_results INFO     
minimum chi2 = 73.18288145344053

Free parameters [ mean ]
_______________
N              : -184.1041964895592
b1             : 2.1943786669123146
f_nl           : 22.893267447526956
sigma_fog      : 4.892192322015028

Constrained parameters [ mean ]
_________________________
b1sigma8       : 0.8740500117386918
