rank #0: 2018-06-24 13:46:53,681 rsdfit.fitting_driver INFO     rank 39 on nid00566     Calling the 'nlopt' solve function
rank #0: 2018-06-24 13:46:53,682 rsdfit.lbfgs_fitter INFO     running LBFGS for 500 iterations and then stopping
rank #0: 2018-06-24 13:46:53,683 rsdfit.lbfgs_fitter INFO     running LBFGS minimizer with priors
rank #0: 2018-06-24 13:46:53,684 root         INFO     Iter           N          b1        f_nl   sigma_fog   F(X)     
rank #0: 2018-06-24 13:46:54,259 LBFGS        INFO     options = {'factr': 100000.0, 'gtol': 1e-05, 'max_iter': 500, 'test_convergence': False}
rank #0: 2018-06-24 13:46:54,261 LBFGS        PARAM    0000          0.000000          2.000000          0.000000          4.000000        142.252857
rank #0: 2018-06-24 13:46:54,935 LBFGS        PARAM    0001         47.521317          2.163980          1.364677          3.973792        108.774704
rank #0: 2018-06-24 13:46:55,540 LBFGS        PARAM    0002        -99.345712          2.531870          7.998071          4.088802         80.263255
rank #0: 2018-06-24 13:46:56,130 LBFGS        PARAM    0003       -258.636712          2.533894          8.738430          4.209157         72.117563
rank #0: 2018-06-24 13:46:56,734 LBFGS        PARAM    0004       -603.262956          2.617620         12.357407          4.445976         66.439072
rank #0: 2018-06-24 13:46:57,337 LBFGS        PARAM    0005       -596.120141          2.604328         13.010021          4.385832         66.329682
rank #0: 2018-06-24 13:46:57,940 LBFGS        PARAM    0006       -603.862735          2.596619         14.959737          4.284159         66.217668
rank #0: 2018-06-24 13:46:58,526 LBFGS        PARAM    0007       -642.805496          2.593088         20.679101          4.075904         66.052835
rank #0: 2018-06-24 13:46:59,129 LBFGS        PARAM    0008       -665.624442          2.594568         29.271546          4.003040         65.965728
rank #0: 2018-06-24 13:46:59,731 LBFGS        PARAM    0009       -676.453854          2.594126         37.994161          3.986052         65.926713
rank #0: 2018-06-24 13:47:00,318 LBFGS        PARAM    0010       -671.018198          2.590494         43.191133          3.999589         65.908524
rank #0: 2018-06-24 13:47:00,921 LBFGS        PARAM    0011       -651.689009          2.580864         49.143141          4.024268         65.893696
rank #0: 2018-06-24 13:47:01,526 LBFGS        PARAM    0012       -650.304635          2.581652         48.720943          4.033510         65.893367
rank #0: 2018-06-24 13:47:02,130 LBFGS        PARAM    0013       -650.205162          2.581702         48.669917          4.034859         65.893362
rank #0: 2018-06-24 13:47:02,719 LBFGS        PARAM    0014       -650.196580          2.581700         48.671404          4.034857         65.893362
rank #0: 2018-06-24 13:47:03,323 LBFGS        PARAM    0015       -650.196802          2.581700         48.671309          4.034856         65.893362
rank #0: 2018-06-24 13:47:04,133 LBFGS        PARAM    0016       -650.196803          2.581700         48.671308          4.034856         65.893362
rank #0: 2018-06-24 13:47:04,790 LBFGS        PARAM    0017       -650.196789          2.581700         48.671304          4.034856         65.893362
rank #0: 2018-06-24 13:47:04,792 LBFGS        INFO     LBFGS iteration 17: the descent direction does not have a sufficient projection (cos(theta)=-6.76e-01, theta=132.5331) into the gradient; using steepest descent at this step!
rank #0: 2018-06-24 13:47:05,465 LBFGS        PARAM    0018       -650.196802          2.581700         48.671303          4.034856         65.893362
rank #0: 2018-06-24 13:47:06,139 LBFGS        PARAM    0019       -650.196802          2.581700         48.671303          4.034856         65.893362
rank #0: 2018-06-24 13:47:06,140 LBFGS        INFO     LBFGS iteration 19: the descent direction does not have a sufficient projection (cos(theta)=-9.50e-01, theta=161.7717) into the gradient; using steepest descent at this step!
rank #0: 2018-06-24 13:47:18,327 LBFGS        INFO     Linesearch failed in both LBFGS and gradient directions
rank #0: 2018-06-24 13:47:18,328 LBFGS        PARAM    0019       -650.196802          2.581700         48.671303          4.034856         65.893362
rank #0: 2018-06-24 13:47:18,330 rsdfit.lbfgs_fitter WARNING  ...LBFGS optimization finished. Time elapsed: 0:00:24.07
rank #0: 2018-06-24 13:47:18,331 rsdfit.lbfgs_fitter ERROR    nonlinear fit with method L-BFGS-B failed: Linesearch failed in both LBFGS and gradient directions
rank #0: 2018-06-24 13:47:18,332 rsdfit.fitting_driver INFO     rank 39 on nid00566     ...fitting complete
rank #0: 2018-06-24 13:47:18,335 rsdfit.fitting_driver INFO     rank 39 on nid00566     Saving the results to `/global/cscratch1/sd/nhand/eBOSS/fits/results/mocks/ezmock/v1.8e-fph/0.005-0.3/basemodel-N-fnl/0.8-2.2/QSO-N-0745-P0+P2-mock-cov-f224d44da7/2018-06-24_nlopt_19i_chain0__1.npz`
rank #0: 2018-06-24 13:47:18,362 pyRSD.analysis.lbfgs_results INFO     
minimum chi2 = 65.8933622979

Free parameters [ mean ]
_______________
N              : -650.196801693
b1             : 2.58170000995
f_nl           : 48.671303006
sigma_fog      : 4.03485591015

Constrained parameters [ mean ]
_________________________
b1sigma8       : 0.935178250256
