rank #0: 2019-02-16 14:44:32,633 rsdfit.fitting_driver INFO     rank 19 on nid00647     Calling the 'nlopt' solve function
rank #0: 2019-02-16 14:44:32,634 rsdfit.lbfgs_fitter INFO     running LBFGS for 500 iterations and then stopping
rank #0: 2019-02-16 14:44:32,635 rsdfit.lbfgs_fitter INFO     running LBFGS minimizer with priors
rank #0: 2019-02-16 14:44:32,636 root         INFO     Iter           N          b1        f_nl   sigma_fog   F(X)     
rank #0: 2019-02-16 14:44:32,637 rsdfit.lbfgs_fitter INFO     computing gradient using numerical derivative of lnlike()
rank #0: 2019-02-16 14:44:33,744 LBFGS        INFO     options = {'factr': 100000.0, 'gtol': 1e-05, 'max_iter': 500, 'test_convergence': False}
rank #0: 2019-02-16 14:44:33,746 LBFGS        PARAM    0000          0.000000          2.000000          0.000000          4.000000        110.309723
rank #0: 2019-02-16 14:44:34,999 LBFGS        PARAM    0001         27.729363          2.145710          1.355902          3.982833         96.719131
rank #0: 2019-02-16 14:44:36,125 LBFGS        PARAM    0002       -122.765532          2.472660          8.126110          4.123850         84.018586
rank #0: 2019-02-16 14:44:37,254 LBFGS        PARAM    0003       -291.441931          2.495655          9.630324          4.251249         80.523558
rank #0: 2019-02-16 14:44:38,382 LBFGS        PARAM    0004       -525.317844          2.537877         12.773133          4.410643         78.853041
rank #0: 2019-02-16 14:44:39,518 LBFGS        PARAM    0005       -523.208092          2.531319         13.540305          4.386909         78.835701
rank #0: 2019-02-16 14:44:40,662 LBFGS        PARAM    0006       -527.639079          2.523817         16.485697          4.319939         78.800763
rank #0: 2019-02-16 14:44:41,808 LBFGS        PARAM    0007       -548.491706          2.516493         24.301354          4.176633         78.745263
rank #0: 2019-02-16 14:44:42,944 LBFGS        PARAM    0008       -555.096876          2.513217         35.363052          4.131372         78.698057
rank #0: 2019-02-16 14:44:44,070 LBFGS        PARAM    0009       -550.535632          2.510385         46.796414          4.148972         78.674737
rank #0: 2019-02-16 14:44:45,197 LBFGS        PARAM    0010       -542.855389          2.508852         48.354779          4.178277         78.671282
rank #0: 2019-02-16 14:44:46,323 LBFGS        PARAM    0011       -534.903421          2.506266         49.158739          4.201534         78.669997
rank #0: 2019-02-16 14:44:47,450 LBFGS        PARAM    0012       -534.814417          2.506345         49.119097          4.201775         78.669995
rank #0: 2019-02-16 14:44:48,575 LBFGS        PARAM    0013       -534.809948          2.506358         49.116061          4.201888         78.669995
rank #0: 2019-02-16 14:44:49,702 LBFGS        PARAM    0014       -534.809785          2.506359         49.116320          4.201907         78.669995
rank #0: 2019-02-16 14:44:50,827 LBFGS        PARAM    0015       -534.809795          2.506359         49.116359          4.201908         78.669995
rank #0: 2019-02-16 14:44:51,962 LBFGS        PARAM    0016       -534.809792          2.506359         49.116363          4.201908         78.669995
rank #0: 2019-02-16 14:45:41,483 LBFGS        INFO     Linesearch failed in both LBFGS and gradient directions
rank #0: 2019-02-16 14:45:41,485 LBFGS        PARAM    0016       -534.809792          2.506359         49.116363          4.201908         78.669995
rank #0: 2019-02-16 14:45:41,486 rsdfit.lbfgs_fitter WARNING  ...LBFGS optimization finished. Time elapsed: 0:01:07.74
rank #0: 2019-02-16 14:45:41,487 rsdfit.lbfgs_fitter ERROR    nonlinear fit with method L-BFGS-B failed: Linesearch failed in both LBFGS and gradient directions
rank #0: 2019-02-16 14:45:41,488 rsdfit.fitting_driver INFO     rank 19 on nid00647     ...fitting complete
rank #0: 2019-02-16 14:45:41,492 rsdfit.fitting_driver INFO     rank 19 on nid00647     Saving the results to `/global/cscratch1/sd/nhand/eBOSS/fits/results/mocks/ezmock/v1.8e-fph/0.005-0.3/basemodel-N-fnl/0.8-2.2/QSO-S-0860-P0+P2-mock-cov-be61e5bd15/2019-02-16_nlopt_16i_chain0__1.npz`
rank #0: 2019-02-16 14:45:41,500 pyRSD.analysis.lbfgs_results INFO     
minimum chi2 = 78.66999503194154

Free parameters [ mean ]
_______________
N              : -534.8097918091644
b1             : 2.506359019208258
f_nl           : 49.11636315480587
sigma_fog      : 4.201907521698188

Constrained parameters [ mean ]
_________________________
b1sigma8       : 0.9078872189110712
