rank #0: 2018-06-24 11:26:40,009 rsdfit.fitting_driver INFO     rank 11 on nid00616     Calling the 'nlopt' solve function
rank #0: 2018-06-24 11:26:40,010 rsdfit.lbfgs_fitter INFO     running LBFGS for 500 iterations and then stopping
rank #0: 2018-06-24 11:26:40,010 rsdfit.lbfgs_fitter INFO     running LBFGS minimizer with priors
rank #0: 2018-06-24 11:26:40,010 root         INFO     Iter           N          b1        f_nl   sigma_fog   F(X)     
rank #0: 2018-06-24 11:26:40,570 LBFGS        INFO     options = {'factr': 100000.0, 'gtol': 1e-05, 'max_iter': 500, 'test_convergence': False}
rank #0: 2018-06-24 11:26:40,570 LBFGS        PARAM    0000          0.000000          2.000000          0.000000          4.000000        100.939312
rank #0: 2018-06-24 11:26:41,238 LBFGS        PARAM    0001        -87.326060          2.079410          2.682887          4.037410         88.744669
rank #0: 2018-06-24 11:26:41,833 LBFGS        PARAM    0002       -579.579875          2.266471         13.680581          4.274692         70.289223
rank #0: 2018-06-24 11:26:42,429 LBFGS        PARAM    0003       -587.168349          2.226078         16.347613          4.198949         69.690017
rank #0: 2018-06-24 11:26:43,005 LBFGS        PARAM    0004       -577.651863          2.230256         17.305775          4.175632         69.450890
rank #0: 2018-06-24 11:26:43,600 LBFGS        PARAM    0005       -576.057860          2.234021         23.428383          4.057605         68.869548
rank #0: 2018-06-24 11:26:44,196 LBFGS        PARAM    0006       -600.524009          2.230002         38.465090          3.789459         68.025014
rank #0: 2018-06-24 11:26:44,772 LBFGS        PARAM    0007       -637.377541          2.215117         53.153184          3.560520         67.497002
rank #0: 2018-06-24 11:26:45,364 LBFGS        PARAM    0008       -639.111438          2.202829         57.191281          3.599703         67.263232
rank #0: 2018-06-24 11:26:45,953 LBFGS        PARAM    0009       -639.497217          2.201443         57.252259          3.653988         67.235198
rank #0: 2018-06-24 11:26:46,543 LBFGS        PARAM    0010       -638.346179          2.201266         57.674172          3.661379         67.232161
rank #0: 2018-06-24 11:26:47,116 LBFGS        PARAM    0011       -628.485183          2.200498         58.584811          3.692649         67.226087
rank #0: 2018-06-24 11:26:47,705 LBFGS        PARAM    0012       -628.405597          2.200815         58.573124          3.692540         67.226004
rank #0: 2018-06-24 11:26:48,299 LBFGS        PARAM    0013       -628.288377          2.200797         58.556137          3.692579         67.226003
rank #0: 2018-06-24 11:26:48,874 LBFGS        PARAM    0014       -628.280731          2.200793         58.555843          3.692521         67.226002
rank #0: 2018-06-24 11:26:49,467 LBFGS        PARAM    0015       -628.280868          2.200793         58.555684          3.692524         67.226002
rank #0: 2018-06-24 11:26:50,060 LBFGS        PARAM    0016       -628.280861          2.200793         58.555692          3.692524         67.226002
rank #0: 2018-06-24 11:27:15,626 LBFGS        INFO     Linesearch failed in both LBFGS and gradient directions
rank #0: 2018-06-24 11:27:15,627 LBFGS        PARAM    0016       -628.280861          2.200793         58.555692          3.692524         67.226002
rank #0: 2018-06-24 11:27:15,628 rsdfit.lbfgs_fitter WARNING  ...LBFGS optimization finished. Time elapsed: 0:00:35.06
rank #0: 2018-06-24 11:27:15,628 rsdfit.lbfgs_fitter ERROR    nonlinear fit with method L-BFGS-B failed: Linesearch failed in both LBFGS and gradient directions
rank #0: 2018-06-24 11:27:15,629 rsdfit.fitting_driver INFO     rank 11 on nid00616     ...fitting complete
rank #0: 2018-06-24 11:27:15,633 rsdfit.fitting_driver INFO     rank 11 on nid00616     Saving the results to `/global/cscratch1/sd/nhand/eBOSS/fits/results/mocks/ezmock/v1.8e-fph/0.0001-0.3/basemodel-N-fnl/0.8-2.2/QSO-N-0190-P0+P2-mock-cov-8973e9cf3e/2018-06-24_nlopt_16i_chain0__1.npz`
rank #0: 2018-06-24 11:27:15,659 pyRSD.analysis.lbfgs_results INFO     
minimum chi2 = 67.226002494

Free parameters [ mean ]
_______________
N              : -628.28086102
b1             : 2.20079304277
f_nl           : 58.5556917826
sigma_fog      : 3.69252408628

Constrained parameters [ mean ]
_________________________
b1sigma8       : 0.876604942381
