rank #0: 2018-06-24 11:34:08,926 rsdfit.fitting_driver INFO     rank 12 on nid00618     Calling the 'nlopt' solve function
rank #0: 2018-06-24 11:34:08,927 rsdfit.lbfgs_fitter INFO     running LBFGS for 500 iterations and then stopping
rank #0: 2018-06-24 11:34:08,928 rsdfit.lbfgs_fitter INFO     running LBFGS minimizer with priors
rank #0: 2018-06-24 11:34:08,928 root         INFO     Iter           N          b1        f_nl   sigma_fog   F(X)     
rank #0: 2018-06-24 11:34:09,509 LBFGS        INFO     options = {'factr': 100000.0, 'gtol': 1e-05, 'max_iter': 500, 'test_convergence': False}
rank #0: 2018-06-24 11:34:09,511 LBFGS        PARAM    0000          0.000000          2.000000          0.000000          4.000000         86.750808
rank #0: 2018-06-24 11:34:10,159 LBFGS        PARAM    0001        -14.088498          2.057432          1.053661          3.986884         81.895741
rank #0: 2018-06-24 11:34:10,757 LBFGS        PARAM    0002       -199.433939          2.226981          5.043454          3.993413         73.899978
rank #0: 2018-06-24 11:34:11,358 LBFGS        PARAM    0003       -349.540766          2.259528          5.920626          4.018228         71.487041
rank #0: 2018-06-24 11:34:11,942 LBFGS        PARAM    0004       -505.803410          2.271785          4.979541          3.944715         70.354161
rank #0: 2018-06-24 11:34:12,539 LBFGS        PARAM    0005       -539.364029          2.276067          4.163283          3.873671         70.197172
rank #0: 2018-06-24 11:34:13,136 LBFGS        PARAM    0006       -633.398739          2.282770         -0.879105          3.493711         69.692331
rank #0: 2018-06-24 11:34:13,735 LBFGS        PARAM    0007       -633.809046          2.280632         -6.618253          3.321134         69.564698
rank #0: 2018-06-24 11:34:14,315 LBFGS        PARAM    0008       -630.618022          2.280106         -7.953073          3.312367         69.559803
rank #0: 2018-06-24 11:34:14,912 LBFGS        PARAM    0009       -628.270229          2.281187        -10.738294          3.310526         69.552259
rank #0: 2018-06-24 11:34:15,509 LBFGS        PARAM    0010       -629.529864          2.285356        -16.315952          3.320441         69.540589
rank #0: 2018-06-24 11:34:16,100 LBFGS        PARAM    0011       -638.751020          2.291276        -20.830787          3.341088         69.533780
rank #0: 2018-06-24 11:34:16,688 LBFGS        PARAM    0012       -638.397291          2.291462        -20.641489          3.346285         69.533678
rank #0: 2018-06-24 11:34:17,286 LBFGS        PARAM    0013       -638.370347          2.291435        -20.577184          3.346845         69.533677
rank #0: 2018-06-24 11:34:17,883 LBFGS        PARAM    0014       -638.381316          2.291441        -20.576878          3.346814         69.533676
rank #0: 2018-06-24 11:34:18,467 LBFGS        PARAM    0015       -638.382146          2.291441        -20.576895          3.346811         69.533676
rank #0: 2018-06-24 11:34:19,066 LBFGS        PARAM    0016       -638.382274          2.291440        -20.576871          3.346811         69.533676
rank #0: 2018-06-24 11:34:19,732 LBFGS        PARAM    0017       -638.382273          2.291440        -20.576872          3.346811         69.533676
rank #0: 2018-06-24 11:34:20,388 LBFGS        PARAM    0018       -638.382273          2.291440        -20.576872          3.346811         69.533676
rank #0: 2018-06-24 11:34:20,389 LBFGS        INFO     LBFGS iteration 18: the descent direction does not have a sufficient projection (cos(theta)=-8.35e-02, theta=94.7901) into the gradient; using steepest descent at this step!
rank #0: 2018-06-24 11:34:32,508 LBFGS        INFO     Linesearch failed in both LBFGS and gradient directions
rank #0: 2018-06-24 11:34:32,509 LBFGS        PARAM    0018       -638.382273          2.291440        -20.576872          3.346811         69.533676
rank #0: 2018-06-24 11:34:32,510 rsdfit.lbfgs_fitter WARNING  ...LBFGS optimization finished. Time elapsed: 0:00:23.00
rank #0: 2018-06-24 11:34:32,510 rsdfit.lbfgs_fitter ERROR    nonlinear fit with method L-BFGS-B failed: Linesearch failed in both LBFGS and gradient directions
rank #0: 2018-06-24 11:34:32,512 rsdfit.fitting_driver INFO     rank 12 on nid00618     ...fitting complete
rank #0: 2018-06-24 11:34:32,515 rsdfit.fitting_driver INFO     rank 12 on nid00618     Saving the results to `/global/cscratch1/sd/nhand/eBOSS/fits/results/mocks/ezmock/v1.8e-fph/0.0001-0.3/basemodel-N-fnl/0.8-2.2/QSO-S-0561-P0+P2-mock-cov-8973e9cf3e/2018-06-24_nlopt_18i_chain0__1.npz`
rank #0: 2018-06-24 11:34:32,542 pyRSD.analysis.lbfgs_results INFO     
minimum chi2 = 69.5336764934

Free parameters [ mean ]
_______________
N              : -638.382273071
b1             : 2.29144048627
f_nl           : -20.5768722409
sigma_fog      : 3.34681076512

Constrained parameters [ mean ]
_________________________
b1sigma8       : 0.912711016616
