rank #0: 2018-07-15 19:28:11,272 rsdfit.fitting_driver INFO     rank 36 on nid01111     Calling the 'nlopt' solve function
rank #0: 2018-07-15 19:28:11,272 rsdfit.lbfgs_fitter INFO     running LBFGS for 500 iterations and then stopping
rank #0: 2018-07-15 19:28:11,272 rsdfit.lbfgs_fitter INFO     running LBFGS minimizer with priors
rank #0: 2018-07-15 19:28:11,273 root         INFO     Iter           N          b1        f_nl   sigma_fog   F(X)     
rank #0: 2018-07-15 19:28:11,849 LBFGS        INFO     options = {'factr': 100000.0, 'gtol': 1e-05, 'max_iter': 500, 'test_convergence': False}
rank #0: 2018-07-15 19:28:11,850 LBFGS        PARAM    0000          0.000000          2.000000          0.000000          4.000000         92.284540
rank #0: 2018-07-15 19:28:12,516 LBFGS        PARAM    0001         -9.663891          2.059190          1.111462          3.977471         86.785132
rank #0: 2018-07-15 19:28:13,119 LBFGS        PARAM    0002       -182.579806          2.234336          5.486555          3.936498         78.107750
rank #0: 2018-07-15 19:28:13,725 LBFGS        PARAM    0003       -326.611580          2.265858          6.644981          3.932840         75.461321
rank #0: 2018-07-15 19:28:14,314 LBFGS        PARAM    0004       -545.749303          2.286688          6.707597          3.771011         73.416484
rank #0: 2018-07-15 19:28:14,917 LBFGS        PARAM    0005       -603.877836          2.292795          6.192677          3.633172         73.046207
rank #0: 2018-07-15 19:28:15,521 LBFGS        PARAM    0006       -711.580938          2.296010          3.120330          3.125634         72.236393
rank #0: 2018-07-15 19:28:16,108 LBFGS        PARAM    0007       -697.044841          2.289531         -0.372175          2.962160         72.099181
rank #0: 2018-07-15 19:28:16,711 LBFGS        PARAM    0008       -695.391750          2.288282         -0.914797          2.955521         72.097747
rank #0: 2018-07-15 19:28:17,315 LBFGS        PARAM    0009       -694.820005          2.288227         -1.531148          2.952809         72.096750
rank #0: 2018-07-15 19:28:17,921 LBFGS        PARAM    0010       -695.268622          2.289584         -4.151495          2.951038         72.093138
rank #0: 2018-07-15 19:28:18,513 LBFGS        PARAM    0011       -698.773795          2.293142         -7.765576          2.957905         72.089267
rank #0: 2018-07-15 19:28:19,117 LBFGS        PARAM    0012       -702.473703          2.296208         -9.841107          2.967587         72.088012
rank #0: 2018-07-15 19:28:19,723 LBFGS        PARAM    0013       -702.820633          2.296583        -10.073611          2.968913         72.087997
rank #0: 2018-07-15 19:28:20,313 LBFGS        PARAM    0014       -702.826476          2.296586        -10.076193          2.968955         72.087997
rank #0: 2018-07-15 19:28:20,918 LBFGS        PARAM    0015       -702.826161          2.296586        -10.075755          2.968956         72.087997
rank #0: 2018-07-15 19:28:21,525 LBFGS        PARAM    0016       -702.826061          2.296586        -10.075491          2.968956         72.087997
rank #0: 2018-07-15 19:28:22,130 LBFGS        PARAM    0017       -702.826073          2.296586        -10.075471          2.968956         72.087997
rank #0: 2018-07-15 19:28:22,717 LBFGS        PARAM    0018       -702.826108          2.296586        -10.075474          2.968956         72.087997
rank #0: 2018-07-15 19:28:23,384 LBFGS        PARAM    0019       -702.826105          2.296586        -10.075475          2.968956         72.087997
rank #0: 2018-07-15 19:28:23,981 LBFGS        PARAM    0020       -702.826071          2.296586        -10.075470          2.968956         72.087997
rank #0: 2018-07-15 19:28:38,690 LBFGS        PARAM    0021       -702.826071          2.296586        -10.075470          2.968956         72.087997
rank #0: 2018-07-15 19:29:04,323 LBFGS        INFO     Linesearch failed in both LBFGS and gradient directions
rank #0: 2018-07-15 19:29:04,323 LBFGS        PARAM    0021       -702.826071          2.296586        -10.075470          2.968956         72.087997
rank #0: 2018-07-15 19:29:04,324 rsdfit.lbfgs_fitter WARNING  ...LBFGS optimization finished. Time elapsed: 0:00:52.48
rank #0: 2018-07-15 19:29:04,325 rsdfit.lbfgs_fitter ERROR    nonlinear fit with method L-BFGS-B failed: Linesearch failed in both LBFGS and gradient directions
rank #0: 2018-07-15 19:29:04,326 rsdfit.fitting_driver INFO     rank 36 on nid01111     ...fitting complete
rank #0: 2018-07-15 19:29:04,329 rsdfit.fitting_driver INFO     rank 36 on nid01111     Saving the results to `/global/cscratch1/sd/nhand/eBOSS/fits/results/mocks/ezmock/v1.8e-fph/0.0001-0.3/basemodel-N-fnl/0.8-2.2/QSO-S-0186-P0+P2-mock-cov-8973e9cf3e/2018-07-15_nlopt_21i_chain0__1.npz`
rank #0: 2018-07-15 19:29:04,360 pyRSD.analysis.lbfgs_results INFO     
minimum chi2 = 72.0879971355

Free parameters [ mean ]
_______________
N              : -702.826071148
b1             : 2.29658592984
f_nl           : -10.0754699304
sigma_fog      : 2.9689556862

Constrained parameters [ mean ]
_________________________
b1sigma8       : 0.914760514764
