rank #0: 2018-10-08 11:12:06,055 rsdfit.fitting_driver INFO     rank 49 on nid00693     Calling the 'nlopt' solve function
rank #0: 2018-10-08 11:12:06,055 rsdfit.lbfgs_fitter INFO     running LBFGS for 500 iterations and then stopping
rank #0: 2018-10-08 11:12:06,055 rsdfit.lbfgs_fitter INFO     running LBFGS minimizer with priors
rank #0: 2018-10-08 11:12:06,056 root         INFO     Iter           N          b1        f_nl   sigma_fog   F(X)     
rank #0: 2018-10-08 11:12:06,056 rsdfit.lbfgs_fitter INFO     computing gradient using numerical derivative of lnlike()
rank #0: 2018-10-08 11:12:07,224 LBFGS        INFO     options = {'factr': 100000.0, 'gtol': 1e-05, 'max_iter': 500, 'test_convergence': False}
rank #0: 2018-10-08 11:12:07,224 LBFGS        PARAM    0000          0.000000          2.000000          0.000000          4.000000        152.642569
rank #0: 2018-10-08 11:12:08,603 LBFGS        PARAM    0001         90.351145          2.231710          2.291655          3.924779        117.626715
rank #0: 2018-10-08 11:12:09,824 LBFGS        PARAM    0002        -81.756884          2.746247         15.681828          3.916525         95.134618
rank #0: 2018-10-08 11:12:11,067 LBFGS        PARAM    0003       -213.023936          2.641643         15.268025          4.018116         87.518520
rank #0: 2018-10-08 11:12:12,287 LBFGS        PARAM    0004       -432.365014          2.678026         20.507303          4.110845         83.836053
rank #0: 2018-10-08 11:12:13,511 LBFGS        PARAM    0005       -670.739189          2.744349         31.612670          4.075015         81.943535
rank #0: 2018-10-08 11:12:14,749 LBFGS        PARAM    0006       -764.768228          2.748313         44.473559          3.811192         80.922733
rank #0: 2018-10-08 11:12:15,969 LBFGS        PARAM    0007       -922.812358          2.709192        101.365272          2.970867         79.015643
rank #0: 2018-10-08 11:12:17,211 LBFGS        PARAM    0008       -848.355986          2.679551        125.667275          3.045403         78.542276
rank #0: 2018-10-08 11:12:18,431 LBFGS        PARAM    0009       -730.421565          2.635609        144.496099          3.200858         78.366901
rank #0: 2018-10-08 11:12:19,673 LBFGS        PARAM    0010       -738.587241          2.644877        145.862955          3.204764         78.350709
rank #0: 2018-10-08 11:12:20,894 LBFGS        PARAM    0011       -740.473201          2.644477        144.867095          3.204062         78.349807
rank #0: 2018-10-08 11:12:22,129 LBFGS        PARAM    0012       -740.487328          2.644417        144.947405          3.204795         78.349800
rank #0: 2018-10-08 11:12:23,358 LBFGS        PARAM    0013       -740.488981          2.644426        144.957074          3.205293         78.349799
rank #0: 2018-10-08 11:12:24,580 LBFGS        PARAM    0014       -740.491153          2.644426        144.957015          3.205288         78.349799
rank #0: 2018-10-08 11:12:25,821 LBFGS        PARAM    0015       -740.491019          2.644426        144.957011          3.205288         78.349799
rank #0: 2018-10-08 11:12:27,041 LBFGS        PARAM    0016       -740.491039          2.644426        144.957011          3.205288         78.349799
rank #0: 2018-10-08 11:12:28,283 LBFGS        PARAM    0017       -740.491028          2.644426        144.957011          3.205288         78.349799
rank #0: 2018-10-08 11:12:28,285 LBFGS        INFO     LBFGS iteration 17: the descent direction does not have a sufficient projection (cos(theta)=-7.44e-01, theta=138.0393) into the gradient; using steepest descent at this step!
rank #0: 2018-10-08 11:12:29,782 LBFGS        PARAM    0018       -740.491027          2.644426        144.957011          3.205288         78.349799
rank #0: 2018-10-08 11:13:22,531 LBFGS        INFO     Linesearch failed in both LBFGS and gradient directions
rank #0: 2018-10-08 11:13:22,532 LBFGS        PARAM    0018       -740.491027          2.644426        144.957011          3.205288         78.349799
rank #0: 2018-10-08 11:13:22,533 rsdfit.lbfgs_fitter WARNING  ...LBFGS optimization finished. Time elapsed: 0:01:15.31
rank #0: 2018-10-08 11:13:22,533 rsdfit.lbfgs_fitter ERROR    nonlinear fit with method L-BFGS-B failed: Linesearch failed in both LBFGS and gradient directions
rank #0: 2018-10-08 11:13:22,534 rsdfit.fitting_driver INFO     rank 49 on nid00693     ...fitting complete
rank #0: 2018-10-08 11:13:22,539 rsdfit.fitting_driver INFO     rank 49 on nid00693     Saving the results to `/global/cscratch1/sd/nhand/eBOSS/fits/results/mocks/ezmock/v1.8e-fph/0.005-0.3/basemodel-N-fnl/0.8-2.2/QSO-S-0115-P0+P2-mock-cov-98e9a706c6/2018-10-08_nlopt_18i_chain0__1.npz`
rank #0: 2018-10-08 11:13:22,636 pyRSD.analysis.lbfgs_results INFO     
minimum chi2 = 78.3497988051

Free parameters [ mean ]
_______________
N              : -740.491027062
b1             : 2.64442562583
f_nl           : 144.957011435
sigma_fog      : 3.20528814691

Constrained parameters [ mean ]
_________________________
b1sigma8       : 0.957899570114
