rank #0: 2017-11-27 20:44:00,348 rsdfit.fitting_driver INFO     rank 153 on nid00801     Calling the 'nlopt' solve function
rank #0: 2017-11-27 20:44:00,348 rsdfit.lbfgs_fitter INFO     running LBFGS for 500 iterations and then stopping
rank #0: 2017-11-27 20:44:00,348 rsdfit.lbfgs_fitter INFO     running LBFGS minimizer with priors
rank #0: 2017-11-27 20:44:00,348 root         INFO     Iter           N          b1        f_nl   sigma_fog   F(X)     
rank #0: 2017-11-27 20:44:00,844 LBFGS        INFO     options = {'factr': 100000.0, 'gtol': 1e-05, 'max_iter': 500, 'test_convergence': False}
rank #0: 2017-11-27 20:44:00,845 LBFGS        PARAM    0000          0.000000          2.000000          0.000000          4.000000         92.654516
rank #0: 2017-11-27 20:44:01,412 LBFGS        PARAM    0001          3.564336          2.098369          0.769123          3.976457         82.903072
rank #0: 2017-11-27 20:44:01,923 LBFGS        PARAM    0002        -73.592111          2.290044          3.660027          3.946538         76.118333
rank #0: 2017-11-27 20:44:02,433 LBFGS        PARAM    0003       -121.501623          2.269162          3.652323          3.959502         75.425737
rank #0: 2017-11-27 20:44:02,943 LBFGS        PARAM    0004       -271.000335          2.263977          4.569233          3.977210         74.481524
rank #0: 2017-11-27 20:44:03,452 LBFGS        PARAM    0005       -434.358949          2.283474          6.121488          3.951709         73.953011
rank #0: 2017-11-27 20:44:03,961 LBFGS        PARAM    0006       -502.029870          2.294163          7.515242          3.785813         73.764559
rank #0: 2017-11-27 20:44:04,472 LBFGS        PARAM    0007       -522.543061          2.296170          8.478668          3.666197         73.727579
rank #0: 2017-11-27 20:44:04,984 LBFGS        PARAM    0008       -519.695202          2.294288          8.969872          3.647965         73.725075
rank #0: 2017-11-27 20:44:05,495 LBFGS        PARAM    0009       -517.005749          2.293037          9.565996          3.642200         73.724160
rank #0: 2017-11-27 20:44:06,007 LBFGS        PARAM    0010       -514.524291          2.291811         10.613825          3.638699         73.723117
rank #0: 2017-11-27 20:44:06,521 LBFGS        PARAM    0011       -511.892442          2.290353         12.817747          3.637223         73.721410
rank #0: 2017-11-27 20:44:07,035 LBFGS        PARAM    0012       -512.063947          2.290241         15.001674          3.641410         73.720069
rank #0: 2017-11-27 20:44:07,546 LBFGS        PARAM    0013       -513.336711          2.290593         15.307706          3.646014         73.719899
rank #0: 2017-11-27 20:44:08,054 LBFGS        PARAM    0014       -513.717977          2.290749         15.207454          3.646871         73.719892
rank #0: 2017-11-27 20:44:08,562 LBFGS        PARAM    0015       -513.751034          2.290766         15.186523          3.646883         73.719892
rank #0: 2017-11-27 20:44:09,071 LBFGS        PARAM    0016       -513.751488          2.290766         15.185665          3.646878         73.719892
rank #0: 2017-11-27 20:44:09,577 LBFGS        PARAM    0017       -513.751445          2.290766         15.185664          3.646878         73.719892
rank #0: 2017-11-27 20:44:22,069 LBFGS        PARAM    0018       -513.751444          2.290766         15.185664          3.646878         73.719892
rank #0: 2017-11-27 20:44:22,580 LBFGS        PARAM    0019       -513.751444          2.290766         15.185664          3.646878         73.719892
rank #0: 2017-11-27 20:44:44,338 LBFGS        INFO     Linesearch failed in both LBFGS and gradient directions
rank #0: 2017-11-27 20:44:44,339 LBFGS        PARAM    0019       -513.751444          2.290766         15.185664          3.646878         73.719892
rank #0: 2017-11-27 20:44:44,339 rsdfit.lbfgs_fitter WARNING  ...LBFGS optimization finished. Time elapsed: 0:00:43.49
rank #0: 2017-11-27 20:44:44,339 rsdfit.lbfgs_fitter ERROR    nonlinear fit with method L-BFGS-B failed: Linesearch failed in both LBFGS and gradient directions
rank #0: 2017-11-27 20:44:44,340 rsdfit.fitting_driver INFO     rank 153 on nid00801     ...fitting complete
rank #0: 2017-11-27 20:44:44,342 rsdfit.fitting_driver INFO     rank 153 on nid00801     Saving the results to `/global/cscratch1/sd/nhand/eBOSS/fits/results/mocks/ezmock/v1.8e-fph/0.0001-0.3/basemodel-N-fnl/0.8-2.2/QSO-S-0583-P0+P2-mock-cov-a9f629560d/2017-11-27_nlopt_19i_chain0__1.npz`
rank #0: 2017-11-27 20:44:44,364 pyRSD.analysis.lbfgs_results INFO     
minimum chi2 = 73.7198921003

Free parameters [ mean ]
_______________
N              : -513.751443966
b1             : 2.29076637354
f_nl           : 15.1856638568
sigma_fog      : 3.64687807417

Constrained parameters [ mean ]
_________________________
b1sigma8       : 0.911689695063
