rank #0: 2018-07-15 20:13:30,962 rsdfit.fitting_driver INFO     rank 11 on nid00569     Calling the 'nlopt' solve function
rank #0: 2018-07-15 20:13:30,962 rsdfit.lbfgs_fitter INFO     running LBFGS for 500 iterations and then stopping
rank #0: 2018-07-15 20:13:30,963 rsdfit.lbfgs_fitter INFO     running LBFGS minimizer with priors
rank #0: 2018-07-15 20:13:30,963 root         INFO     Iter           N          b1        f_nl   sigma_fog   F(X)     
rank #0: 2018-07-15 20:13:31,530 LBFGS        INFO     options = {'factr': 100000.0, 'gtol': 1e-05, 'max_iter': 500, 'test_convergence': False}
rank #0: 2018-07-15 20:13:31,531 LBFGS        PARAM    0000          0.000000          2.000000          0.000000          4.000000        153.683265
rank #0: 2018-07-15 20:13:32,178 LBFGS        PARAM    0001        147.066852          2.238573          1.880558          3.878071        115.137881
rank #0: 2018-07-15 20:13:32,756 LBFGS        PARAM    0002         64.629379          2.695369         10.058435          3.685213         96.201065
rank #0: 2018-07-15 20:13:33,329 LBFGS        PARAM    0003         24.780410          2.569178          8.121601          3.765068         92.825240
rank #0: 2018-07-15 20:13:33,915 LBFGS        PARAM    0004        -27.542391          2.594309          9.379841          3.759602         91.728165
rank #0: 2018-07-15 20:13:33,916 LBFGS        INFO     LBFGS iteration 4: the descent direction does not have a sufficient projection (cos(theta)=-9.27e-01, theta=157.9528) into the gradient; using steepest descent at this step!
rank #0: 2018-07-15 20:13:34,574 LBFGS        PARAM    0005       -407.404155          2.643118         13.360393          3.715637         88.594875
rank #0: 2018-07-15 20:13:35,152 LBFGS        PARAM    0006       -534.619789          2.758421         16.407756          3.501913         87.816479
rank #0: 2018-07-15 20:13:35,744 LBFGS        PARAM    0007       -504.893445          2.717583         14.701969          3.476402         87.253946
rank #0: 2018-07-15 20:13:36,337 LBFGS        PARAM    0008       -521.487863          2.701008         13.280965          3.324680         86.808742
rank #0: 2018-07-15 20:13:36,924 LBFGS        PARAM    0009       -630.612528          2.681556          9.065750          2.683122         85.775563
rank #0: 2018-07-15 20:13:37,508 LBFGS        PARAM    0010       -709.384684          2.699158          7.165483          2.312130         85.432482
rank #0: 2018-07-15 20:13:38,101 LBFGS        PARAM    0011       -736.473893          2.711806          7.040280          2.216169         85.392950
rank #0: 2018-07-15 20:13:38,694 LBFGS        PARAM    0012       -738.980652          2.712879          7.135550          2.213656         85.392688
rank #0: 2018-07-15 20:13:39,274 LBFGS        PARAM    0013       -739.146698          2.712962          7.243817          2.214406         85.392625
rank #0: 2018-07-15 20:13:39,871 LBFGS        PARAM    0014       -738.864560          2.712683          7.657454          2.215047         85.392477
rank #0: 2018-07-15 20:13:40,466 LBFGS        PARAM    0015       -738.392214          2.712251          7.835477          2.213123         85.392442
rank #0: 2018-07-15 20:13:41,057 LBFGS        PARAM    0016       -738.326562          2.712217          7.841497          2.212772         85.392442
rank #0: 2018-07-15 20:13:41,639 LBFGS        PARAM    0017       -738.330044          2.712217          7.840198          2.212731         85.392442
rank #0: 2018-07-15 20:13:42,233 LBFGS        PARAM    0018       -738.330813          2.712217          7.840031          2.212729         85.392442
rank #0: 2018-07-15 20:13:42,827 LBFGS        PARAM    0019       -738.330886          2.712217          7.840028          2.212729         85.392442
rank #0: 2018-07-15 20:13:43,406 LBFGS        PARAM    0020       -738.330840          2.712217          7.840030          2.212729         85.392442
rank #0: 2018-07-15 20:13:44,068 LBFGS        PARAM    0021       -738.330832          2.712217          7.840030          2.212729         85.392442
rank #0: 2018-07-15 20:13:44,070 LBFGS        INFO     LBFGS iteration 21: the descent direction does not have a sufficient projection (cos(theta)=-2.05e-01, theta=101.8291) into the gradient; using steepest descent at this step!
rank #0: 2018-07-15 20:13:44,798 LBFGS        PARAM    0022       -738.330830          2.712217          7.840030          2.212729         85.392442
rank #0: 2018-07-15 20:14:10,527 LBFGS        INFO     Linesearch failed in both LBFGS and gradient directions
rank #0: 2018-07-15 20:14:10,528 LBFGS        PARAM    0022       -738.330830          2.712217          7.840030          2.212729         85.392442
rank #0: 2018-07-15 20:14:10,529 rsdfit.lbfgs_fitter WARNING  ...LBFGS optimization finished. Time elapsed: 0:00:39.00
rank #0: 2018-07-15 20:14:10,530 rsdfit.lbfgs_fitter ERROR    nonlinear fit with method L-BFGS-B failed: Linesearch failed in both LBFGS and gradient directions
rank #0: 2018-07-15 20:14:10,531 rsdfit.fitting_driver INFO     rank 11 on nid00569     ...fitting complete
rank #0: 2018-07-15 20:14:10,534 rsdfit.fitting_driver INFO     rank 11 on nid00569     Saving the results to `/global/cscratch1/sd/nhand/eBOSS/fits/results/mocks/ezmock/v1.8e-fph/0.0001-0.3/basemodel-N-fnl/0.8-2.2/QSO-S-0387-P0+P2-mock-cov-f224d44da7/2018-07-15_nlopt_22i_chain0__1.npz`
rank #0: 2018-07-15 20:14:10,559 pyRSD.analysis.lbfgs_results INFO     
minimum chi2 = 85.3924417337

Free parameters [ mean ]
_______________
N              : -738.330829539
b1             : 2.71221713913
f_nl           : 7.84003007925
sigma_fog      : 2.21272889678

Constrained parameters [ mean ]
_________________________
b1sigma8       : 0.982455927766
