rank #0: 2018-10-08 10:03:43,397 rsdfit.fitting_driver INFO     rank 63 on nid00694     Calling the 'nlopt' solve function
rank #0: 2018-10-08 10:03:43,397 rsdfit.lbfgs_fitter INFO     running LBFGS for 500 iterations and then stopping
rank #0: 2018-10-08 10:03:43,397 rsdfit.lbfgs_fitter INFO     running LBFGS minimizer with priors
rank #0: 2018-10-08 10:03:43,398 root         INFO     Iter           N          b1        f_nl   sigma_fog   F(X)     
rank #0: 2018-10-08 10:03:43,398 rsdfit.lbfgs_fitter INFO     computing gradient using numerical derivative of lnlike()
rank #0: 2018-10-08 10:03:44,616 LBFGS        INFO     options = {'factr': 100000.0, 'gtol': 1e-05, 'max_iter': 500, 'test_convergence': False}
rank #0: 2018-10-08 10:03:44,616 LBFGS        PARAM    0000          0.000000          2.000000          0.000000          4.000000        113.317419
rank #0: 2018-10-08 10:03:46,027 LBFGS        PARAM    0001         27.606602          2.125981          1.010219          4.000224         95.073343
rank #0: 2018-10-08 10:03:47,271 LBFGS        PARAM    0002        -87.102799          2.397788          5.255130          4.201012         77.601981
rank #0: 2018-10-08 10:03:48,542 LBFGS        PARAM    0003       -246.098728          2.448534          6.451977          4.392526         72.175521
rank #0: 2018-10-08 10:03:49,792 LBFGS        PARAM    0004       -440.942228          2.485417          7.015549          4.759645         68.990099
rank #0: 2018-10-08 10:03:51,030 LBFGS        PARAM    0005       -433.086086          2.490366          6.956339          4.815747         68.876177
rank #0: 2018-10-08 10:03:52,287 LBFGS        PARAM    0006       -341.118259          2.501166          5.550647          5.274932         68.328267
rank #0: 2018-10-08 10:03:53,524 LBFGS        PARAM    0007       -310.244459          2.495277          3.937430          5.406564         68.270935
rank #0: 2018-10-08 10:03:54,788 LBFGS        PARAM    0008       -307.947219          2.494303          3.410312          5.422681         68.269049
rank #0: 2018-10-08 10:03:56,032 LBFGS        PARAM    0009       -307.523060          2.494101          3.066655          5.426385         68.268541
rank #0: 2018-10-08 10:03:57,274 LBFGS        PARAM    0010       -307.198790          2.494133          1.953849          5.432158         68.267171
rank #0: 2018-10-08 10:03:58,540 LBFGS        PARAM    0011       -307.734452          2.495057         -0.185369          5.436609         68.264874
rank #0: 2018-10-08 10:03:59,782 LBFGS        PARAM    0012       -309.859806          2.497472         -3.371309          5.435652         68.261907
rank #0: 2018-10-08 10:04:01,046 LBFGS        PARAM    0013       -312.379340          2.499942         -5.333821          5.428268         68.260427
rank #0: 2018-10-08 10:04:02,295 LBFGS        PARAM    0014       -312.911431          2.500432         -5.509446          5.425692         68.260346
rank #0: 2018-10-08 10:04:03,553 LBFGS        PARAM    0015       -312.928217          2.500422         -5.420262          5.425315         68.260343
rank #0: 2018-10-08 10:04:04,827 LBFGS        PARAM    0016       -312.915531          2.500399         -5.377397          5.425251         68.260343
rank #0: 2018-10-08 10:04:06,077 LBFGS        PARAM    0017       -312.913759          2.500397         -5.375355          5.425254         68.260343
rank #0: 2018-10-08 10:04:07,343 LBFGS        PARAM    0018       -312.913668          2.500397         -5.375313          5.425255         68.260343
rank #0: 2018-10-08 10:04:08,614 LBFGS        PARAM    0019       -312.913664          2.500397         -5.375310          5.425255         68.260343
rank #0: 2018-10-08 10:04:10,020 LBFGS        PARAM    0020       -312.913659          2.500397         -5.375309          5.425255         68.260343
rank #0: 2018-10-08 10:05:04,080 LBFGS        INFO     Linesearch failed in both LBFGS and gradient directions
rank #0: 2018-10-08 10:05:04,080 LBFGS        PARAM    0020       -312.913659          2.500397         -5.375309          5.425255         68.260343
rank #0: 2018-10-08 10:05:04,081 rsdfit.lbfgs_fitter WARNING  ...LBFGS optimization finished. Time elapsed: 0:01:19.47
rank #0: 2018-10-08 10:05:04,081 rsdfit.lbfgs_fitter ERROR    nonlinear fit with method L-BFGS-B failed: Linesearch failed in both LBFGS and gradient directions
rank #0: 2018-10-08 10:05:04,082 rsdfit.fitting_driver INFO     rank 63 on nid00694     ...fitting complete
rank #0: 2018-10-08 10:05:04,085 rsdfit.fitting_driver INFO     rank 63 on nid00694     Saving the results to `/global/cscratch1/sd/nhand/eBOSS/fits/results/mocks/ezmock/v1.8e-fph/0.0001-0.3/basemodel-N-fnl/0.8-2.2/QSO-N-0217-P0+P2-mock-cov-4ae05ce33e/2018-10-08_nlopt_20i_chain0__1.npz`
rank #0: 2018-10-08 10:05:04,223 pyRSD.analysis.lbfgs_results INFO     
minimum chi2 = 68.2603430613

Free parameters [ mean ]
_______________
N              : -312.913659352
b1             : 2.50039691308
f_nl           : -5.37530882733
sigma_fog      : 5.42525461353

Constrained parameters [ mean ]
_________________________
b1sigma8       : 0.905727544296
