rank #0: 2018-06-03 08:35:24,776 rsdfit.fitting_driver INFO     rank 60 on nid00619     Calling the 'nlopt' solve function
rank #0: 2018-06-03 08:35:24,777 rsdfit.lbfgs_fitter INFO     running LBFGS for 500 iterations and then stopping
rank #0: 2018-06-03 08:35:24,777 rsdfit.lbfgs_fitter INFO     running LBFGS minimizer with priors
rank #0: 2018-06-03 08:35:24,778 root         INFO     Iter           N          b1        f_nl   sigma_fog   F(X)     
rank #0: 2018-06-03 08:35:25,325 LBFGS        INFO     options = {'factr': 100000.0, 'gtol': 1e-05, 'max_iter': 500, 'test_convergence': False}
rank #0: 2018-06-03 08:35:25,326 LBFGS        PARAM    0000          0.000000          2.000000          0.000000          4.000000        152.851818
rank #0: 2018-06-03 08:35:25,947 LBFGS        PARAM    0001         44.552105          2.149442          1.282034          4.017436        126.812302
rank #0: 2018-06-03 08:35:26,505 LBFGS        PARAM    0002        -71.011241          2.467212          6.970090          4.306110        103.367816
rank #0: 2018-06-03 08:35:27,064 LBFGS        PARAM    0003       -228.753136          2.506409          8.588502          4.543573         95.822759
rank #0: 2018-06-03 08:35:27,621 LBFGS        PARAM    0004       -474.336528          2.565680         12.408679          5.083624         90.185458
rank #0: 2018-06-03 08:35:28,178 LBFGS        PARAM    0005       -453.152312          2.562553         13.482737          5.202505         89.736843
rank #0: 2018-06-03 08:35:28,738 LBFGS        PARAM    0006       -228.140956          2.554978         25.006591          6.234220         87.721126
rank #0: 2018-06-03 08:35:29,298 LBFGS        PARAM    0007       -219.410982          2.549677         27.892873          6.267799         87.704129
rank #0: 2018-06-03 08:35:29,858 LBFGS        PARAM    0008       -216.810538          2.546383         31.103664          6.282897         87.696977
rank #0: 2018-06-03 08:35:30,417 LBFGS        PARAM    0009       -217.617987          2.544737         33.258990          6.271928         87.693472
rank #0: 2018-06-03 08:35:30,975 LBFGS        PARAM    0010       -220.456344          2.544650         34.887803          6.245222         87.691275
rank #0: 2018-06-03 08:35:31,532 LBFGS        PARAM    0011       -220.825003          2.544418         34.720548          6.240228         87.691214
rank #0: 2018-06-03 08:35:32,087 LBFGS        PARAM    0012       -220.827644          2.544479         34.706880          6.240565         87.691213
rank #0: 2018-06-03 08:35:32,640 LBFGS        PARAM    0013       -220.826676          2.544481         34.705950          6.240565         87.691213
rank #0: 2018-06-03 08:35:33,192 LBFGS        PARAM    0014       -220.826513          2.544481         34.705913          6.240565         87.691213
rank #0: 2018-06-03 08:35:57,448 LBFGS        INFO     Linesearch failed in both LBFGS and gradient directions
rank #0: 2018-06-03 08:35:57,450 LBFGS        PARAM    0014       -220.826513          2.544481         34.705913          6.240565         87.691213
rank #0: 2018-06-03 08:35:57,450 rsdfit.lbfgs_fitter WARNING  ...LBFGS optimization finished. Time elapsed: 0:00:32.13
rank #0: 2018-06-03 08:35:57,451 rsdfit.lbfgs_fitter ERROR    nonlinear fit with method L-BFGS-B failed: Linesearch failed in both LBFGS and gradient directions
rank #0: 2018-06-03 08:35:57,452 rsdfit.fitting_driver INFO     rank 60 on nid00619     ...fitting complete
rank #0: 2018-06-03 08:35:57,455 rsdfit.fitting_driver INFO     rank 60 on nid00619     Saving the results to `/global/cscratch1/sd/nhand/eBOSS/fits/results/mocks/ezmock/v1.8e-fph/0.0001-0.3/basemodel-N-fnl/0.8-2.2/QSO-N-0923-P0+P2-mock-cov-f224d44da7/2018-06-03_nlopt_14i_chain0__1.npz`
rank #0: 2018-06-03 08:35:57,476 pyRSD.analysis.lbfgs_results INFO     
minimum chi2 = 87.6912129833

Free parameters [ mean ]
_______________
N              : -220.826512816
b1             : 2.54448119157
f_nl           : 34.7059132903
sigma_fog      : 6.24056509689

Constrained parameters [ mean ]
_________________________
b1sigma8       : 0.921696347124
