rank #0: 2018-10-08 11:15:33,769 rsdfit.fitting_driver INFO     rank 23 on nid00692     Calling the 'nlopt' solve function
rank #0: 2018-10-08 11:15:33,770 rsdfit.lbfgs_fitter INFO     running LBFGS for 500 iterations and then stopping
rank #0: 2018-10-08 11:15:33,770 rsdfit.lbfgs_fitter INFO     running LBFGS minimizer with priors
rank #0: 2018-10-08 11:15:33,771 root         INFO     Iter           N          b1        f_nl   sigma_fog   F(X)     
rank #0: 2018-10-08 11:15:33,771 rsdfit.lbfgs_fitter INFO     computing gradient using numerical derivative of lnlike()
rank #0: 2018-10-08 11:15:34,960 LBFGS        INFO     options = {'factr': 100000.0, 'gtol': 1e-05, 'max_iter': 500, 'test_convergence': False}
rank #0: 2018-10-08 11:15:34,962 LBFGS        PARAM    0000          0.000000          2.000000          0.000000          4.000000        100.383714
rank #0: 2018-10-08 11:15:36,320 LBFGS        PARAM    0001         92.121126          2.144774          1.317485          3.927170         85.122910
rank #0: 2018-10-08 11:15:37,540 LBFGS        PARAM    0002         50.526170          2.418027          6.331107          3.825399         75.987906
rank #0: 2018-10-08 11:15:38,781 LBFGS        PARAM    0003         12.396673          2.386835          7.284585          3.859651         75.257332
rank #0: 2018-10-08 11:15:40,001 LBFGS        PARAM    0004        -52.547612          2.390205          9.878463          3.881014         74.614945
rank #0: 2018-10-08 11:15:40,002 LBFGS        INFO     LBFGS iteration 4: the descent direction does not have a sufficient projection (cos(theta)=-9.10e-01, theta=155.4742) into the gradient; using steepest descent at this step!
rank #0: 2018-10-08 11:15:41,381 LBFGS        PARAM    0005       -166.980704          2.435788         13.609151          3.840192         73.716105
rank #0: 2018-10-08 11:15:42,600 LBFGS        PARAM    0006       -349.288247          2.448841         21.424791          3.648465         73.317533
rank #0: 2018-10-08 11:15:43,826 LBFGS        PARAM    0007       -380.861473          2.486381         26.321312          3.481932         73.022987
rank #0: 2018-10-08 11:15:45,060 LBFGS        PARAM    0008       -371.622466          2.474749         27.978255          3.398369         72.857955
rank #0: 2018-10-08 11:15:46,280 LBFGS        PARAM    0009       -400.825870          2.445667         40.613858          2.979017         72.546600
rank #0: 2018-10-08 11:15:47,521 LBFGS        PARAM    0010       -400.026726          2.440848         46.955817          2.943662         72.496193
rank #0: 2018-10-08 11:15:48,741 LBFGS        PARAM    0011       -357.631293          2.411857         86.543967          2.971977         72.311065
rank #0: 2018-10-08 11:15:49,984 LBFGS        PARAM    0012       -356.634048          2.412357         89.082449          3.029484         72.305095
rank #0: 2018-10-08 11:15:51,204 LBFGS        PARAM    0013       -352.231156          2.412275         88.714467          3.036416         72.304687
rank #0: 2018-10-08 11:15:52,440 LBFGS        PARAM    0014       -352.046330          2.412261         88.639793          3.037157         72.304686
rank #0: 2018-10-08 11:15:53,662 LBFGS        PARAM    0015       -352.047486          2.412264         88.642236          3.037167         72.304686
rank #0: 2018-10-08 11:15:54,881 LBFGS        PARAM    0016       -352.047738          2.412264         88.642222          3.037166         72.304686
rank #0: 2018-10-08 11:16:49,070 LBFGS        INFO     Linesearch failed in both LBFGS and gradient directions
rank #0: 2018-10-08 11:16:49,071 LBFGS        PARAM    0016       -352.047738          2.412264         88.642222          3.037166         72.304686
rank #0: 2018-10-08 11:16:49,072 rsdfit.lbfgs_fitter WARNING  ...LBFGS optimization finished. Time elapsed: 0:01:14.11
rank #0: 2018-10-08 11:16:49,073 rsdfit.lbfgs_fitter ERROR    nonlinear fit with method L-BFGS-B failed: Linesearch failed in both LBFGS and gradient directions
rank #0: 2018-10-08 11:16:49,073 rsdfit.fitting_driver INFO     rank 23 on nid00692     ...fitting complete
rank #0: 2018-10-08 11:16:49,077 rsdfit.fitting_driver INFO     rank 23 on nid00692     Saving the results to `/global/cscratch1/sd/nhand/eBOSS/fits/results/mocks/ezmock/v1.8e-fph/0.005-0.3/basemodel-N-fnl/0.8-2.2/QSO-S-0238-P0+P2-mock-cov-98e9a706c6/2018-10-08_nlopt_16i_chain0__1.npz`
rank #0: 2018-10-08 11:16:49,207 pyRSD.analysis.lbfgs_results INFO     
minimum chi2 = 72.3046856254

Free parameters [ mean ]
_______________
N              : -352.04773821
b1             : 2.41226407474
f_nl           : 88.6422223752
sigma_fog      : 3.03716631162

Constrained parameters [ mean ]
_________________________
b1sigma8       : 0.873802877126
