rank #0: 2018-10-04 22:51:49,094 rsdfit.fitting_driver INFO     rank 31 on nid01842     Calling the 'nlopt' solve function
rank #0: 2018-10-04 22:51:49,095 rsdfit.lbfgs_fitter INFO     running LBFGS for 500 iterations and then stopping
rank #0: 2018-10-04 22:51:49,096 rsdfit.lbfgs_fitter INFO     running LBFGS minimizer with priors
rank #0: 2018-10-04 22:51:49,097 root         INFO     Iter           N          b1        f_nl   sigma_fog   F(X)     
rank #0: 2018-10-04 22:51:49,097 rsdfit.lbfgs_fitter INFO     computing gradient using numerical derivative of lnlike()
rank #0: 2018-10-04 22:51:50,283 LBFGS        INFO     options = {'factr': 100000.0, 'gtol': 1e-05, 'max_iter': 500, 'test_convergence': False}
rank #0: 2018-10-04 22:51:50,284 LBFGS        PARAM    0000          0.000000          2.000000          0.000000          4.000000        125.660592
rank #0: 2018-10-04 22:51:51,663 LBFGS        PARAM    0001         70.219666          2.198590          1.603072          3.961490         99.694193
rank #0: 2018-10-04 22:51:52,882 LBFGS        PARAM    0002        -79.253841          2.628774          9.306839          4.078147         81.115125
rank #0: 2018-10-04 22:51:54,117 LBFGS        PARAM    0003       -215.482765          2.582381          8.598882          4.200285         76.014790
rank #0: 2018-10-04 22:51:55,347 LBFGS        PARAM    0004       -474.438571          2.632395         10.108316          4.407591         73.008693
rank #0: 2018-10-04 22:51:56,596 LBFGS        PARAM    0005       -546.972796          2.663131         10.409787          4.419751         72.807657
rank #0: 2018-10-04 22:51:57,826 LBFGS        PARAM    0006       -568.383530          2.667441          9.529131          4.361177         72.756101
rank #0: 2018-10-04 22:51:59,033 LBFGS        PARAM    0007       -627.595093          2.672646          4.531559          4.131605         72.663954
rank #0: 2018-10-04 22:52:00,260 LBFGS        PARAM    0008       -628.693846          2.674925          1.128379          4.128382         72.654280
rank #0: 2018-10-04 22:52:01,469 LBFGS        PARAM    0009       -633.704585          2.683698        -10.335556          4.147879         72.639117
rank #0: 2018-10-04 22:52:02,817 LBFGS        PARAM    0010       -633.246052          2.684675        -10.796610          4.149285         72.638975
rank #0: 2018-10-04 22:52:04,048 LBFGS        PARAM    0011       -633.480183          2.684964        -11.211371          4.150913         72.638949
rank #0: 2018-10-04 22:52:05,260 LBFGS        PARAM    0012       -633.520707          2.684993        -11.236486          4.151057         72.638948
rank #0: 2018-10-04 22:52:06,494 LBFGS        PARAM    0013       -633.526330          2.684996        -11.235770          4.151070         72.638948
rank #0: 2018-10-04 22:52:07,707 LBFGS        PARAM    0014       -633.527002          2.684996        -11.235232          4.151071         72.638948
rank #0: 2018-10-04 22:53:02,636 LBFGS        INFO     Linesearch failed in both LBFGS and gradient directions
rank #0: 2018-10-04 22:53:02,637 LBFGS        PARAM    0014       -633.527002          2.684996        -11.235232          4.151071         72.638948
rank #0: 2018-10-04 22:53:02,638 rsdfit.lbfgs_fitter WARNING  ...LBFGS optimization finished. Time elapsed: 0:01:12.36
rank #0: 2018-10-04 22:53:02,639 rsdfit.lbfgs_fitter ERROR    nonlinear fit with method L-BFGS-B failed: Linesearch failed in both LBFGS and gradient directions
rank #0: 2018-10-04 22:53:02,641 rsdfit.fitting_driver INFO     rank 31 on nid01842     ...fitting complete
rank #0: 2018-10-04 22:53:02,645 rsdfit.fitting_driver INFO     rank 31 on nid01842     Saving the results to `/global/cscratch1/sd/nhand/eBOSS/fits/results/mocks/ezmock/v1.8e-fph/0.005-0.3/basemodel-N-fnl/0.8-2.2/QSO-S-0542-P0+P2-mock-cov-98e9a706c6/2018-10-04_nlopt_14i_chain0__1.npz`
rank #0: 2018-10-04 22:53:02,706 pyRSD.analysis.lbfgs_results INFO     
minimum chi2 = 72.6389484387

Free parameters [ mean ]
_______________
N              : -633.527001768
b1             : 2.68499591062
f_nl           : -11.235232096
sigma_fog      : 4.15107130869

Constrained parameters [ mean ]
_________________________
b1sigma8       : 0.972595486678
