rank #0: 2019-02-16 13:33:25,502 rsdfit.fitting_driver INFO     rank 45 on nid12697     Calling the 'nlopt' solve function
rank #0: 2019-02-16 13:33:25,503 rsdfit.lbfgs_fitter INFO     running LBFGS for 500 iterations and then stopping
rank #0: 2019-02-16 13:33:25,503 rsdfit.lbfgs_fitter INFO     running LBFGS minimizer with priors
rank #0: 2019-02-16 13:33:25,503 root         INFO     Iter           N          b1        f_nl   sigma_fog   F(X)     
rank #0: 2019-02-16 13:33:25,504 rsdfit.lbfgs_fitter INFO     computing gradient using numerical derivative of lnlike()
rank #0: 2019-02-16 13:33:26,079 LBFGS        INFO     options = {'factr': 100000.0, 'gtol': 1e-05, 'max_iter': 500, 'test_convergence': False}
rank #0: 2019-02-16 13:33:26,080 LBFGS        PARAM    0000          0.000000          2.000000          0.000000          4.000000         86.286104
rank #0: 2019-02-16 13:33:26,735 LBFGS        PARAM    0001       -338.215734          2.112644          1.226026          4.182437         72.456819
rank #0: 2019-02-16 13:33:27,323 LBFGS        PARAM    0002       -417.005717          2.176322          1.275442          4.179751         72.409924
rank #0: 2019-02-16 13:33:27,915 LBFGS        PARAM    0003       -440.562188          2.149028          1.068525          4.200414         71.740150
rank #0: 2019-02-16 13:33:28,506 LBFGS        PARAM    0004       -432.319111          2.148623          0.923996          4.188042         71.720715
rank #0: 2019-02-16 13:33:29,097 LBFGS        PARAM    0005       -431.829129          2.148757          0.530772          4.165775         71.698813
rank #0: 2019-02-16 13:33:29,687 LBFGS        PARAM    0006       -442.957788          2.149282         -1.494206          4.063998         71.628721
rank #0: 2019-02-16 13:33:30,280 LBFGS        PARAM    0007       -460.881665          2.150014         -3.560917          3.995084         71.592263
rank #0: 2019-02-16 13:33:30,944 LBFGS        PARAM    0008       -471.492878          2.150131         -5.766303          3.970821         71.575563
rank #0: 2019-02-16 13:33:31,530 LBFGS        PARAM    0009       -479.212169          2.150950         -8.120712          3.963947         71.565248
rank #0: 2019-02-16 13:33:32,115 LBFGS        PARAM    0010       -485.045893          2.152204        -11.584958          3.964033         71.551940
rank #0: 2019-02-16 13:33:32,704 LBFGS        PARAM    0011       -494.223160          2.155967        -21.688398          3.971884         71.516600
rank #0: 2019-02-16 13:33:33,296 LBFGS        PARAM    0012       -500.625694          2.162569        -39.300635          3.991425         71.460820
rank #0: 2019-02-16 13:33:33,888 LBFGS        PARAM    0013       -497.441552          2.170575        -61.135811          4.017215         71.398744
rank #0: 2019-02-16 13:33:34,479 LBFGS        PARAM    0014       -487.953420          2.174860        -70.618718          4.037793         71.375074
rank #0: 2019-02-16 13:33:35,074 LBFGS        PARAM    0015       -482.396557          2.174398        -69.833792          4.042568         71.372537
rank #0: 2019-02-16 13:33:35,668 LBFGS        PARAM    0016       -481.399177          2.173959        -68.635134          4.042344         71.372399
rank #0: 2019-02-16 13:33:36,262 LBFGS        PARAM    0017       -481.382902          2.173877        -68.389880          4.042101         71.372396
rank #0: 2019-02-16 13:33:36,919 LBFGS        PARAM    0018       -481.380942          2.173873        -68.387490          4.042093         71.372396
rank #0: 2019-02-16 13:33:37,516 LBFGS        PARAM    0019       -481.391678          2.173873        -68.379540          4.042076         71.372396
rank #0: 2019-02-16 13:33:38,112 LBFGS        PARAM    0020       -481.392246          2.173873        -68.379576          4.042076         71.372396
rank #0: 2019-02-16 13:33:52,506 LBFGS        PARAM    0021       -481.392253          2.173873        -68.379576          4.042076         71.372396
rank #0: 2019-02-16 13:34:18,186 LBFGS        INFO     Linesearch failed in both LBFGS and gradient directions
rank #0: 2019-02-16 13:34:18,188 LBFGS        PARAM    0021       -481.392253          2.173873        -68.379576          4.042076         71.372396
rank #0: 2019-02-16 13:34:18,188 rsdfit.lbfgs_fitter WARNING  ...LBFGS optimization finished. Time elapsed: 0:00:52.11
rank #0: 2019-02-16 13:34:18,189 rsdfit.lbfgs_fitter ERROR    nonlinear fit with method L-BFGS-B failed: Linesearch failed in both LBFGS and gradient directions
rank #0: 2019-02-16 13:34:18,190 rsdfit.fitting_driver INFO     rank 45 on nid12697     ...fitting complete
rank #0: 2019-02-16 13:34:18,196 rsdfit.fitting_driver INFO     rank 45 on nid12697     Saving the results to `/global/cscratch1/sd/nhand/eBOSS/fits/results/mocks/ezmock/v1.8e-fph/0.005-0.3/basemodel-N-fnl/0.8-2.2/QSO-N-0378-P0+P2-mock-cov-6e34f56d69/2019-02-16_nlopt_21i_chain0__1.npz`
rank #0: 2019-02-16 13:34:18,204 pyRSD.analysis.lbfgs_results INFO     
minimum chi2 = 71.37239578543108

Free parameters [ mean ]
_______________
N              : -481.3922526973986
b1             : 2.173872594477303
f_nl           : -68.37957636365091
sigma_fog      : 4.042075577247618

Constrained parameters [ mean ]
_________________________
b1sigma8       : 0.8658821721935891
