rank #0: 2018-07-16 20:21:07,060 rsdfit.fitting_driver INFO     rank 22 on nid00608     Calling the 'nlopt' solve function
rank #0: 2018-07-16 20:21:07,061 rsdfit.lbfgs_fitter INFO     running LBFGS for 500 iterations and then stopping
rank #0: 2018-07-16 20:21:07,062 rsdfit.lbfgs_fitter INFO     running LBFGS minimizer with priors
rank #0: 2018-07-16 20:21:07,062 root         INFO     Iter           N          b1        f_nl   sigma_fog   F(X)     
rank #0: 2018-07-16 20:21:07,637 LBFGS        INFO     options = {'factr': 100000.0, 'gtol': 1e-05, 'max_iter': 500, 'test_convergence': False}
rank #0: 2018-07-16 20:21:07,638 LBFGS        PARAM    0000          0.000000          2.000000          0.000000          4.000000        144.146823
rank #0: 2018-07-16 20:21:08,282 LBFGS        PARAM    0001         64.193931          2.160934          1.369368          3.999495        112.740032
rank #0: 2018-07-16 20:21:08,869 LBFGS        PARAM    0002        -36.475799          2.497381          7.320779          4.217505         87.916243
rank #0: 2018-07-16 20:21:09,455 LBFGS        PARAM    0003       -171.274715          2.510250          8.395780          4.405185         80.962323
rank #0: 2018-07-16 20:21:10,039 LBFGS        PARAM    0004       -463.175888          2.597499         12.678111          4.895201         75.253401
rank #0: 2018-07-16 20:21:10,610 LBFGS        PARAM    0005       -423.184192          2.580621         13.541482          4.994265         74.796857
rank #0: 2018-07-16 20:21:11,197 LBFGS        PARAM    0006       -287.425070          2.555527         18.814271          5.477541         73.693192
rank #0: 2018-07-16 20:21:11,784 LBFGS        PARAM    0007       -219.358357          2.563097         25.011321          5.864013         73.273387
rank #0: 2018-07-16 20:21:12,364 LBFGS        PARAM    0008       -215.213902          2.570613         28.022050          5.962383         73.229808
rank #0: 2018-07-16 20:21:12,944 LBFGS        PARAM    0009       -215.878823          2.571504         28.984536          5.968023         73.226159
rank #0: 2018-07-16 20:21:13,534 LBFGS        PARAM    0010       -217.388195          2.571760         31.930628          5.967791         73.217733
rank #0: 2018-07-16 20:21:14,126 LBFGS        PARAM    0011       -218.315987          2.569409         36.198606          5.953981         73.207754
rank #0: 2018-07-16 20:21:14,702 LBFGS        PARAM    0012       -217.330364          2.563688         40.747153          5.926855         73.198731
rank #0: 2018-07-16 20:21:15,294 LBFGS        PARAM    0013       -216.551903          2.561240         41.501052          5.914883         73.197396
rank #0: 2018-07-16 20:21:15,889 LBFGS        PARAM    0014       -216.356301          2.561030         41.278815          5.913946         73.197342
rank #0: 2018-07-16 20:21:16,480 LBFGS        PARAM    0015       -216.335580          2.561054         41.214134          5.914110         73.197341
rank #0: 2018-07-16 20:21:17,064 LBFGS        PARAM    0016       -216.334951          2.561058         41.210633          5.914138         73.197341
rank #0: 2018-07-16 20:21:17,661 LBFGS        PARAM    0017       -216.334872          2.561058         41.210602          5.914140         73.197341
rank #0: 2018-07-16 20:21:18,259 LBFGS        PARAM    0018       -216.334879          2.561058         41.210603          5.914140         73.197341
rank #0: 2018-07-16 20:21:32,483 LBFGS        PARAM    0019       -216.334876          2.561058         41.210603          5.914140         73.197341
rank #0: 2018-07-16 20:21:46,614 LBFGS        PARAM    0020       -216.334876          2.561058         41.210603          5.914140         73.197341
rank #0: 2018-07-16 20:21:47,209 LBFGS        PARAM    0021       -216.334876          2.561058         41.210603          5.914140         73.197341
rank #0: 2018-07-16 20:22:12,459 LBFGS        INFO     Linesearch failed in both LBFGS and gradient directions
rank #0: 2018-07-16 20:22:12,461 LBFGS        PARAM    0021       -216.334876          2.561058         41.210603          5.914140         73.197341
rank #0: 2018-07-16 20:22:12,462 rsdfit.lbfgs_fitter WARNING  ...LBFGS optimization finished. Time elapsed: 0:01:04.82
rank #0: 2018-07-16 20:22:12,463 rsdfit.lbfgs_fitter ERROR    nonlinear fit with method L-BFGS-B failed: Linesearch failed in both LBFGS and gradient directions
rank #0: 2018-07-16 20:22:12,465 rsdfit.fitting_driver INFO     rank 22 on nid00608     ...fitting complete
rank #0: 2018-07-16 20:22:12,469 rsdfit.fitting_driver INFO     rank 22 on nid00608     Saving the results to `/global/cscratch1/sd/nhand/eBOSS/fits/results/mocks/ezmock/v1.8e-fph/0.005-0.3/basemodel-N-fnl/0.8-2.2/QSO-N-0621-P0+P2-mock-cov-f224d44da7/2018-07-16_nlopt_21i_chain0__1.npz`
rank #0: 2018-07-16 20:22:12,500 pyRSD.analysis.lbfgs_results INFO     
minimum chi2 = 73.1973410794

Free parameters [ mean ]
_______________
N              : -216.334875625
b1             : 2.56105776505
f_nl           : 41.2106025047
sigma_fog      : 5.91413980818

Constrained parameters [ mean ]
_________________________
b1sigma8       : 0.92770093748
