rank #0: 2017-11-27 22:51:58,533 rsdfit.fitting_driver INFO     rank 24 on nid00492     Calling the 'nlopt' solve function
rank #0: 2017-11-27 22:51:58,533 rsdfit.lbfgs_fitter INFO     running LBFGS for 500 iterations and then stopping
rank #0: 2017-11-27 22:51:58,533 rsdfit.lbfgs_fitter INFO     running LBFGS minimizer with priors
rank #0: 2017-11-27 22:51:58,533 root         INFO     Iter          b1        f_nl   sigma_fog   F(X)     
rank #0: 2017-11-27 22:51:58,836 LBFGS        INFO     options = {'factr': 100000.0, 'gtol': 1e-05, 'max_iter': 500, 'test_convergence': False}
rank #0: 2017-11-27 22:51:58,836 LBFGS        PARAM    0000          2.000000          0.000000          4.000000         21.832812
rank #0: 2017-11-27 22:51:59,181 LBFGS        PARAM    0001          2.063059          0.942043          3.993147         20.338786
rank #0: 2017-11-27 22:51:59,480 LBFGS        PARAM    0002          2.200263          4.413334          3.966590         19.170583
rank #0: 2017-11-27 22:51:59,778 LBFGS        PARAM    0003          2.181195          4.237868          3.960732         19.142262
rank #0: 2017-11-27 22:52:00,077 LBFGS        PARAM    0004          2.181844          4.598057          3.951917         19.140252
rank #0: 2017-11-27 22:52:00,374 LBFGS        PARAM    0005          2.184866         12.347427          3.753278         19.110683
rank #0: 2017-11-27 22:52:00,673 LBFGS        PARAM    0006          2.180029         21.081425          3.512763         19.085774
rank #0: 2017-11-27 22:52:00,971 LBFGS        PARAM    0007          2.168355         30.189927          3.100967         19.049889
rank #0: 2017-11-27 22:52:01,269 LBFGS        PARAM    0008          2.153707         36.307477          2.480334         19.006488
rank #0: 2017-11-27 22:52:01,567 LBFGS        PARAM    0009          2.142731         36.771800          1.811084         18.968821
rank #0: 2017-11-27 22:52:01,866 LBFGS        PARAM    0010          2.140166         32.236447          1.165384         18.931818
rank #0: 2017-11-27 22:52:02,166 LBFGS        PARAM    0011          2.148273         22.774189          0.391720         18.888563
rank #0: 2017-11-27 22:52:02,466 LBFGS        PARAM    0012          2.160331         17.694483          0.049180         18.879413
rank #0: 2017-11-27 22:52:02,851 LBFGS        PARAM    0013          2.168165         14.702084          0.115847         18.872884
rank #0: 2017-11-27 22:52:03,194 LBFGS        PARAM    0014          2.163388         16.935670          0.119831         18.871452
rank #0: 2017-11-27 22:52:03,495 LBFGS        PARAM    0015          2.163403         17.584253          0.119473         18.871343
rank #0: 2017-11-27 22:52:03,794 LBFGS        PARAM    0016          2.163419         17.892337          0.118988         18.871329
rank #0: 2017-11-27 22:52:04,094 LBFGS        PARAM    0017          2.163420         17.901459          0.118660         18.871328
rank #0: 2017-11-27 22:52:04,394 LBFGS        PARAM    0018          2.163422         18.072488          0.103580         18.871306
rank #0: 2017-11-27 22:52:04,692 LBFGS        PARAM    0019          2.163406         17.970338          0.105125         18.871303
rank #0: 2017-11-27 22:52:04,991 LBFGS        PARAM    0020          2.163394         17.889155          0.103487         18.871301
rank #0: 2017-11-27 22:52:05,289 LBFGS        PARAM    0021          2.163396         17.893678          0.103810         18.871301
rank #0: 2017-11-27 22:52:05,588 LBFGS        PARAM    0022          2.163396         17.893857          0.103786         18.871301
rank #0: 2017-11-27 22:52:05,886 LBFGS        PARAM    0023          2.163396         17.893839          0.103786         18.871301
rank #0: 2017-11-27 22:52:14,786 LBFGS        PARAM    0024          2.163396         17.893839          0.103786         18.871301
rank #0: 2017-11-27 22:52:15,086 LBFGS        PARAM    0025          2.163396         17.893839          0.103786         18.871301
rank #0: 2017-11-27 22:52:15,428 LBFGS        PARAM    0026          2.163396         17.893839          0.103786         18.871301
rank #0: 2017-11-27 22:52:24,218 LBFGS        PARAM    0027          2.163396         17.893839          0.103786         18.871301
rank #0: 2017-11-27 22:52:40,174 LBFGS        INFO     Linesearch failed in both LBFGS and gradient directions
rank #0: 2017-11-27 22:52:40,174 LBFGS        PARAM    0027          2.163396         17.893839          0.103786         18.871301
rank #0: 2017-11-27 22:52:40,175 rsdfit.lbfgs_fitter WARNING  ...LBFGS optimization finished. Time elapsed: 0:00:41.34
rank #0: 2017-11-27 22:52:40,175 rsdfit.lbfgs_fitter ERROR    nonlinear fit with method L-BFGS-B failed: Linesearch failed in both LBFGS and gradient directions
rank #0: 2017-11-27 22:52:40,175 rsdfit.fitting_driver INFO     rank 24 on nid00492     ...fitting complete
rank #0: 2017-11-27 22:52:40,177 rsdfit.fitting_driver INFO     rank 24 on nid00492     Saving the results to `/global/cscratch1/sd/nhand/eBOSS/fits/results/mocks/ezmock/v1.8e-fph/0.0001-0.05/basemodel-fnl/0.8-2.2/QSO-S-0701-P0+P2-mock-cov-b6abb0373d/2017-11-27_nlopt_27i_chain0__1.npz`
rank #0: 2017-11-27 22:52:40,195 pyRSD.analysis.lbfgs_results INFO     
minimum chi2 = 18.871301431

Free parameters [ mean ]
_______________
b1             : 2.16339608785
f_nl           : 17.8938390839
sigma_fog      : 0.103786117574

Constrained parameters [ mean ]
_________________________
b1sigma8       : 0.860998285296
