rank #0: 2018-07-15 20:35:30,350 rsdfit.fitting_driver INFO     rank 32 on nid00568     Calling the 'nlopt' solve function
rank #0: 2018-07-15 20:35:30,351 rsdfit.lbfgs_fitter INFO     running LBFGS for 500 iterations and then stopping
rank #0: 2018-07-15 20:35:30,352 rsdfit.lbfgs_fitter INFO     running LBFGS minimizer with priors
rank #0: 2018-07-15 20:35:30,353 root         INFO     Iter           N          b1        f_nl   sigma_fog   F(X)     
rank #0: 2018-07-15 20:35:30,994 LBFGS        INFO     options = {'factr': 100000.0, 'gtol': 1e-05, 'max_iter': 500, 'test_convergence': False}
rank #0: 2018-07-15 20:35:31,367 LBFGS        PARAM    0000          0.000000          2.000000          0.000000          4.000000        142.016383
rank #0: 2018-07-15 20:35:32,017 LBFGS        PARAM    0001         34.765529          2.123827          2.541540          3.993863        112.071442
rank #0: 2018-07-15 20:35:32,623 LBFGS        PARAM    0002        -75.450162          2.421598         12.215476          4.150243         83.513778
rank #0: 2018-07-15 20:35:33,224 LBFGS        PARAM    0003       -196.656660          2.426782         13.676465          4.281174         76.599816
rank #0: 2018-07-15 20:35:33,823 LBFGS        PARAM    0004       -460.642290          2.489906         18.941913          4.592429         71.322568
rank #0: 2018-07-15 20:35:34,438 LBFGS        PARAM    0005       -438.264501          2.478294         18.916794          4.617609         71.223110
rank #0: 2018-07-15 20:35:35,055 LBFGS        PARAM    0006       -415.938817          2.472739         19.514675          4.674487         71.144053
rank #0: 2018-07-15 20:35:35,663 LBFGS        PARAM    0007       -377.657338          2.469952         21.387649          4.832191         71.023999
rank #0: 2018-07-15 20:35:36,269 LBFGS        PARAM    0008       -372.808851          2.475854         21.061745          4.904791         71.000009
rank #0: 2018-07-15 20:35:36,881 LBFGS        PARAM    0009       -373.083011          2.476520         20.944467          4.909349         70.999817
rank #0: 2018-07-15 20:35:37,506 LBFGS        PARAM    0010       -373.154070          2.476654         20.868278          4.909857         70.999786
rank #0: 2018-07-15 20:35:38,114 LBFGS        PARAM    0011       -373.088658          2.476731         20.717834          4.910216         70.999754
rank #0: 2018-07-15 20:35:38,735 LBFGS        PARAM    0012       -373.058703          2.476717         20.711059          4.910149         70.999754
rank #0: 2018-07-15 20:35:39,344 LBFGS        PARAM    0013       -373.055752          2.476714         20.711392          4.910139         70.999754
rank #0: 2018-07-15 20:35:39,934 LBFGS        PARAM    0014       -373.055516          2.476713         20.711496          4.910139         70.999754
rank #0: 2018-07-15 20:35:40,603 LBFGS        PARAM    0015       -373.055495          2.476713         20.711499          4.910139         70.999754
rank #0: 2018-07-15 20:35:55,423 LBFGS        PARAM    0016       -373.055502          2.476713         20.711500          4.910139         70.999754
rank #0: 2018-07-15 20:36:20,689 LBFGS        INFO     Linesearch failed in both LBFGS and gradient directions
rank #0: 2018-07-15 20:36:20,691 LBFGS        PARAM    0016       -373.055502          2.476713         20.711500          4.910139         70.999754
rank #0: 2018-07-15 20:36:20,693 rsdfit.lbfgs_fitter WARNING  ...LBFGS optimization finished. Time elapsed: 0:00:49.70
rank #0: 2018-07-15 20:36:20,694 rsdfit.lbfgs_fitter ERROR    nonlinear fit with method L-BFGS-B failed: Linesearch failed in both LBFGS and gradient directions
rank #0: 2018-07-15 20:36:20,696 rsdfit.fitting_driver INFO     rank 32 on nid00568     ...fitting complete
rank #0: 2018-07-15 20:36:20,703 rsdfit.fitting_driver INFO     rank 32 on nid00568     Saving the results to `/global/cscratch1/sd/nhand/eBOSS/fits/results/mocks/ezmock/v1.8e-fph/0.0001-0.3/basemodel-N-fnl/0.8-2.2/QSO-N-0955-P0+P2-mock-cov-1ab4f6001f/2018-07-15_nlopt_16i_chain0__1.npz`
rank #0: 2018-07-15 20:36:20,729 pyRSD.analysis.lbfgs_results INFO     
minimum chi2 = 70.9997541817

Free parameters [ mean ]
_______________
N              : -373.055502345
b1             : 2.47671343233
f_nl           : 20.7114996054
sigma_fog      : 4.91013864086

Constrained parameters [ mean ]
_________________________
b1sigma8       : 0.92848347912
