rank #0: 2017-11-27 22:08:07,252 rsdfit.fitting_driver INFO     rank 148 on nid00546     Calling the 'nlopt' solve function
rank #0: 2017-11-27 22:08:07,252 rsdfit.lbfgs_fitter INFO     running LBFGS for 500 iterations and then stopping
rank #0: 2017-11-27 22:08:07,252 rsdfit.lbfgs_fitter INFO     running LBFGS minimizer with priors
rank #0: 2017-11-27 22:08:07,252 root         INFO     Iter           N   alpha_par   alpha_perp          b1           f        f_nl    sigma8_z   sigma_fog   F(X)     
rank #0: 2017-11-27 22:08:08,202 LBFGS        INFO     options = {'factr': 100000.0, 'gtol': 1e-05, 'max_iter': 500, 'test_convergence': False}
rank #0: 2017-11-27 22:08:08,203 LBFGS        PARAM    0000          0.000000          1.000000          1.000000          2.000000          0.930924          0.000000          0.397985          4.000000         94.706951
rank #0: 2017-11-27 22:08:09,247 LBFGS        PARAM    0001          0.289097          0.999891          0.999804          2.002108          0.931021          0.020528          0.399429          3.999595         93.328202
rank #0: 2017-11-27 22:08:10,234 LBFGS        PARAM    0002         -5.241578          0.995655          0.993054          2.068453          0.933761          0.985202          0.440719          3.999480         78.315433
rank #0: 2017-11-27 22:08:11,221 LBFGS        PARAM    0003        -10.663313          0.996302          0.994641          2.050308          0.932798          0.895603          0.429549          4.008877         76.692882
rank #0: 2017-11-27 22:08:12,210 LBFGS        PARAM    0004        -15.977861          0.995743          0.994096          2.053626          0.932790          1.071991          0.431252          4.014922         76.551677
rank #0: 2017-11-27 22:08:13,198 LBFGS        PARAM    0005        -29.795635          0.994602          0.993211          2.056725          0.932528          1.467748          0.432324          4.031329         76.402883
rank #0: 2017-11-27 22:08:14,182 LBFGS        PARAM    0006        -78.327048          0.990829          0.990449          2.063381          0.931418          2.829770          0.433530          4.089289         76.027103
rank #0: 2017-11-27 22:08:15,168 LBFGS        PARAM    0007       -160.324174          0.984675          0.985897          2.070520          0.929363          5.183952          0.433070          4.186756         75.540469
rank #0: 2017-11-27 22:08:16,154 LBFGS        PARAM    0008       -232.748460          0.979373          0.978341          2.072405          0.927219          8.804067          0.429107          4.260569         75.125188
rank #0: 2017-11-27 22:08:17,144 LBFGS        PARAM    0009       -244.261518          0.978423          0.975049          2.071150          0.926585         10.346274          0.426718          4.267114         75.048062
rank #0: 2017-11-27 22:08:18,135 LBFGS        PARAM    0010       -241.160296          0.978483          0.973445          2.070334          0.926410         11.078561          0.425658          4.259694         75.022208
rank #0: 2017-11-27 22:08:19,126 LBFGS        PARAM    0011       -233.322932          0.978452          0.969109          2.069564          0.925909         13.062266          0.423521          4.241698         74.964499
rank #0: 2017-11-27 22:08:20,118 LBFGS        PARAM    0012       -218.851170          0.977806          0.958657          2.069998          0.924547         17.883340          0.419325          4.206616         74.843519
rank #0: 2017-11-27 22:08:21,111 LBFGS        PARAM    0013       -194.721369          0.975523          0.937901          2.074372          0.921383         27.616644          0.412011          4.150461         74.630951
rank #0: 2017-11-27 22:08:22,108 LBFGS        PARAM    0014       -142.968378          0.967855          0.907770          2.092555          0.912932         43.430223          0.400025          4.113186         74.284121
rank #0: 2017-11-27 22:08:23,104 LBFGS        PARAM    0015        -36.868960          0.949762          0.871525          2.136911          0.892772         67.336163          0.381056          4.136945         73.897810
rank #0: 2017-11-27 22:08:24,099 LBFGS        PARAM    0016        -75.130152          0.946939          0.879732          2.144448          0.886593         67.219465          0.385468          4.164332         73.705248
rank #0: 2017-11-27 22:08:25,095 LBFGS        PARAM    0017        -57.022199          0.947050          0.885644          2.146897          0.885319         65.626416          0.386603          4.165764         73.674626
rank #0: 2017-11-27 22:08:26,090 LBFGS        PARAM    0018        -61.424623          0.946572          0.886906          2.153781          0.883105         66.045096          0.385585          4.161077         73.658596
rank #0: 2017-11-27 22:08:27,086 LBFGS        PARAM    0019        -69.584664          0.946381          0.888673          2.169147          0.878109         67.388918          0.383318          4.130585         73.636229
rank #0: 2017-11-27 22:08:28,080 LBFGS        PARAM    0020        -80.752957          0.947199          0.890806          2.187918          0.871914         69.034215          0.380942          4.073733         73.613244
rank #0: 2017-11-27 22:08:29,076 LBFGS        PARAM    0021        -95.872878          0.949390          0.893385          2.211545          0.863871         71.077319          0.378399          3.981453         73.588076
rank #0: 2017-11-27 22:08:30,072 LBFGS        PARAM    0022       -101.032190          0.952089          0.893049          2.222383          0.857834         70.374963          0.377616          3.939188         73.572577
rank #0: 2017-11-27 22:08:31,069 LBFGS        PARAM    0023       -101.061988          0.954003          0.890813          2.229268          0.852777         69.572931          0.376813          3.920838         73.566154
rank #0: 2017-11-27 22:08:32,063 LBFGS        PARAM    0024       -100.360358          0.955112          0.889392          2.232838          0.849618         68.581479          0.376383          3.919733         73.562618
rank #0: 2017-11-27 22:08:33,058 LBFGS        PARAM    0025        -98.128072          0.959298          0.883986          2.248692          0.836120         64.161326          0.374398          3.927092         73.549800
rank #0: 2017-11-27 22:08:34,053 LBFGS        PARAM    0026        -97.359150          0.963850          0.878826          2.268433          0.820259         58.752258          0.372010          3.945941         73.537076
rank #0: 2017-11-27 22:08:35,049 LBFGS        PARAM    0027        -96.559130          0.974705          0.874587          2.299634          0.801031         53.593652          0.369139          4.024112         73.515011
rank #0: 2017-11-27 22:08:36,046 LBFGS        PARAM    0028        -91.975682          1.007105          0.867009          2.379945          0.757651         44.274792          0.362672          4.298157         73.475990
rank #0: 2017-11-27 22:08:37,045 LBFGS        PARAM    0029        -87.498247          1.016293          0.867586          2.392974          0.755400         46.464919          0.362332          4.413100         73.452510
rank #0: 2017-11-27 22:08:38,041 LBFGS        PARAM    0030        -76.182031          1.049527          0.869095          2.439870          0.745364         52.182890          0.360842          4.731124         73.409826
rank #0: 2017-11-27 22:08:39,040 LBFGS        PARAM    0031        -68.538103          1.061683          0.866232          2.449471          0.736484         50.834208          0.361285          4.817831         73.396066
rank #0: 2017-11-27 22:08:40,038 LBFGS        PARAM    0032        -67.539546          1.061158          0.866120          2.444314          0.739056         52.196829          0.361473          4.786781         73.393236
rank #0: 2017-11-27 22:08:41,038 LBFGS        PARAM    0033        -69.353449          1.061961          0.866977          2.444276          0.739040         51.464150          0.361805          4.786580         73.393048
rank #0: 2017-11-27 22:08:42,035 LBFGS        PARAM    0034        -69.119910          1.061493          0.866908          2.443385          0.739652         51.729658          0.361817          4.785919         73.393013
rank #0: 2017-11-27 22:08:43,035 LBFGS        PARAM    0035        -69.022683          1.061558          0.866860          2.443420          0.739643         51.717599          0.361808          4.787069         73.393012
rank #0: 2017-11-27 22:08:44,034 LBFGS        PARAM    0036        -68.994598          1.061545          0.866872          2.443246          0.739742         51.717175          0.361829          4.787365         73.393012
rank #0: 2017-11-27 22:08:45,033 LBFGS        PARAM    0037        -68.989160          1.061549          0.866874          2.443244          0.739745         51.716496          0.361830          4.787412         73.393012
rank #0: 2017-11-27 22:08:46,032 LBFGS        PARAM    0038        -68.988470          1.061549          0.866874          2.443244          0.739745         51.716409          0.361830          4.787408         73.393012
rank #0: 2017-11-27 22:08:47,030 LBFGS        PARAM    0039        -68.988185          1.061549          0.866874          2.443244          0.739745         51.716399          0.361830          4.787407         73.393012
rank #0: 2017-11-27 22:08:48,447 LBFGS        PARAM    0040        -68.988181          1.061549          0.866874          2.443244          0.739745         51.716399          0.361830          4.787407         73.393012
rank #0: 2017-11-27 22:09:01,747 LBFGS        PARAM    0041        -68.988181          1.061549          0.866874          2.443244          0.739745         51.716399          0.361830          4.787407         73.393012
rank #0: 2017-11-27 22:09:02,740 LBFGS        PARAM    0042        -68.988185          1.061549          0.866874          2.443244          0.739745         51.716399          0.361830          4.787407         73.393012
rank #0: 2017-11-27 22:09:03,733 LBFGS        PARAM    0043        -68.988193          1.061549          0.866874          2.443244          0.739745         51.716398          0.361830          4.787407         73.393012
rank #0: 2017-11-27 22:09:04,727 LBFGS        PARAM    0044        -68.988330          1.061549          0.866874          2.443244          0.739745         51.716391          0.361830          4.787407         73.393012
rank #0: 2017-11-27 22:09:06,080 LBFGS        PARAM    0045        -68.988332          1.061549          0.866874          2.443244          0.739745         51.716391          0.361830          4.787407         73.393012
rank #0: 2017-11-27 22:09:06,082 LBFGS        INFO     LBFGS iteration 45: the descent direction does not have a sufficient projection (cos(theta)=-1.90e-01, theta=100.9589) into the gradient; using steepest descent at this step!
rank #0: 2017-11-27 22:09:07,260 LBFGS        PARAM    0046        -68.988334          1.061549          0.866874          2.443244          0.739745         51.716391          0.361830          4.787407         73.393012
rank #0: 2017-11-27 22:09:08,562 LBFGS        PARAM    0047        -68.988334          1.061549          0.866874          2.443244          0.739745         51.716391          0.361830          4.787407         73.393012
rank #0: 2017-11-27 22:09:09,801 LBFGS        PARAM    0048        -68.988335          1.061549          0.866874          2.443244          0.739745         51.716391          0.361830          4.787407         73.393012
rank #0: 2017-11-27 22:09:33,559 LBFGS        INFO     Linesearch failed in both LBFGS and gradient directions
rank #0: 2017-11-27 22:09:33,560 LBFGS        PARAM    0048        -68.988335          1.061549          0.866874          2.443244          0.739745         51.716391          0.361830          4.787407         73.393012
rank #0: 2017-11-27 22:09:33,560 rsdfit.lbfgs_fitter WARNING  ...LBFGS optimization finished. Time elapsed: 0:01:25.36
rank #0: 2017-11-27 22:09:33,560 rsdfit.lbfgs_fitter ERROR    nonlinear fit with method L-BFGS-B failed: Linesearch failed in both LBFGS and gradient directions
rank #0: 2017-11-27 22:09:33,561 rsdfit.fitting_driver INFO     rank 148 on nid00546     ...fitting complete
rank #0: 2017-11-27 22:09:33,563 rsdfit.fitting_driver INFO     rank 148 on nid00546     Saving the results to `/global/cscratch1/sd/nhand/eBOSS/fits/results/mocks/ezmock/v1.8e-fph/0.0001-0.3/basemodel-fs8-alphas-N-fnl/0.8-2.2/QSO-S-0556-P0+P2-mock-cov-73062e8cd4/2017-11-27_nlopt_48i_chain0__1.npz`
rank #0: 2017-11-27 22:09:33,584 pyRSD.analysis.lbfgs_results INFO     
minimum chi2 = 73.3930117067

Free parameters [ mean ]
_______________
N              : -68.9883348193
alpha_par      : 1.06154878572
alpha_perp     : 0.866874460158
b1             : 2.443244002
f              : 0.739745444015
f_nl           : 51.7163911618
sigma8_z       : 0.361830351174
sigma_fog      : 4.78740731012

Constrained parameters [ mean ]
_________________________
F_AP           : 1.22457037843
alpha          : 0.92743637337
b1sigma8       : 0.884039835246
epsilon        : 0.0698623803054
fsigma8        : 0.267662353787
