rank #0: 2018-07-15 20:15:13,078 rsdfit.fitting_driver INFO     rank 12 on nid00569     Calling the 'nlopt' solve function
rank #0: 2018-07-15 20:15:13,079 rsdfit.lbfgs_fitter INFO     running LBFGS for 500 iterations and then stopping
rank #0: 2018-07-15 20:15:13,079 rsdfit.lbfgs_fitter INFO     running LBFGS minimizer with priors
rank #0: 2018-07-15 20:15:13,080 root         INFO     Iter           N          b1        f_nl   sigma_fog   F(X)     
rank #0: 2018-07-15 20:15:13,660 LBFGS        INFO     options = {'factr': 100000.0, 'gtol': 1e-05, 'max_iter': 500, 'test_convergence': False}
rank #0: 2018-07-15 20:15:13,661 LBFGS        PARAM    0000          0.000000          2.000000          0.000000          4.000000        113.995194
rank #0: 2018-07-15 20:15:14,300 LBFGS        PARAM    0001         54.791517          2.178112          1.692022          3.966994         94.434312
rank #0: 2018-07-15 20:15:14,892 LBFGS        PARAM    0002       -100.037666          2.578549         10.441028          4.068847         78.736073
rank #0: 2018-07-15 20:15:15,483 LBFGS        PARAM    0003       -246.150205          2.553063         10.624983          4.183100         74.493465
rank #0: 2018-07-15 20:15:16,059 LBFGS        PARAM    0004       -528.236418          2.613711         13.772305          4.386617         72.028769
rank #0: 2018-07-15 20:15:16,651 LBFGS        PARAM    0005       -543.023355          2.620594         14.143014          4.375299         72.015946
rank #0: 2018-07-15 20:15:17,243 LBFGS        PARAM    0006       -552.807369          2.622598         14.352264          4.347504         72.007851
rank #0: 2018-07-15 20:15:17,838 LBFGS        PARAM    0007       -575.761909          2.623094         14.721434          4.243316         71.990753
rank #0: 2018-07-15 20:15:18,418 LBFGS        PARAM    0008       -578.271221          2.619796         14.390186          4.200083         71.987557
rank #0: 2018-07-15 20:15:19,010 LBFGS        PARAM    0009       -577.650284          2.619819         14.417296          4.200258         71.987541
rank #0: 2018-07-15 20:15:19,606 LBFGS        PARAM    0010       -577.579544          2.619801         14.426211          4.200387         71.987541
rank #0: 2018-07-15 20:15:20,189 LBFGS        PARAM    0011       -577.487450          2.619716         14.482261          4.200433         71.987538
rank #0: 2018-07-15 20:15:20,777 LBFGS        PARAM    0012       -577.516139          2.619713         14.487925          4.200351         71.987538
rank #0: 2018-07-15 20:15:21,368 LBFGS        PARAM    0013       -577.521799          2.619713         14.488078          4.200337         71.987538
rank #0: 2018-07-15 20:15:21,958 LBFGS        PARAM    0014       -577.522067          2.619714         14.488050          4.200336         71.987538
rank #0: 2018-07-15 20:15:22,532 LBFGS        PARAM    0015       -577.522076          2.619714         14.488047          4.200336         71.987538
rank #0: 2018-07-15 20:15:48,269 LBFGS        INFO     Linesearch failed in both LBFGS and gradient directions
rank #0: 2018-07-15 20:15:48,270 LBFGS        PARAM    0015       -577.522076          2.619714         14.488047          4.200336         71.987538
rank #0: 2018-07-15 20:15:48,270 rsdfit.lbfgs_fitter WARNING  ...LBFGS optimization finished. Time elapsed: 0:00:34.61
rank #0: 2018-07-15 20:15:48,271 rsdfit.lbfgs_fitter ERROR    nonlinear fit with method L-BFGS-B failed: Linesearch failed in both LBFGS and gradient directions
rank #0: 2018-07-15 20:15:48,272 rsdfit.fitting_driver INFO     rank 12 on nid00569     ...fitting complete
rank #0: 2018-07-15 20:15:48,276 rsdfit.fitting_driver INFO     rank 12 on nid00569     Saving the results to `/global/cscratch1/sd/nhand/eBOSS/fits/results/mocks/ezmock/v1.8e-fph/0.0001-0.3/basemodel-N-fnl/0.8-2.2/QSO-S-0518-P0+P2-mock-cov-f224d44da7/2018-07-15_nlopt_15i_chain0__1.npz`
rank #0: 2018-07-15 20:15:48,300 pyRSD.analysis.lbfgs_results INFO     
minimum chi2 = 71.987538196

Free parameters [ mean ]
_______________
N              : -577.522075645
b1             : 2.61971353496
f_nl           : 14.4880471966
sigma_fog      : 4.2003363798

Constrained parameters [ mean ]
_________________________
b1sigma8       : 0.948948022757
