rank #0: 2018-07-16 20:26:12,733 rsdfit.fitting_driver INFO     rank 32 on nid00760     Calling the 'nlopt' solve function
rank #0: 2018-07-16 20:26:12,734 rsdfit.lbfgs_fitter INFO     running LBFGS for 500 iterations and then stopping
rank #0: 2018-07-16 20:26:12,735 rsdfit.lbfgs_fitter INFO     running LBFGS minimizer with priors
rank #0: 2018-07-16 20:26:12,736 root         INFO     Iter           N          b1        f_nl   sigma_fog   F(X)     
rank #0: 2018-07-16 20:26:13,320 LBFGS        INFO     options = {'factr': 100000.0, 'gtol': 1e-05, 'max_iter': 500, 'test_convergence': False}
rank #0: 2018-07-16 20:26:13,321 LBFGS        PARAM    0000          0.000000          2.000000          0.000000          4.000000         98.814774
rank #0: 2018-07-16 20:26:13,989 LBFGS        PARAM    0001         73.872215          2.143821          1.344461          3.965044         85.232588
rank #0: 2018-07-16 20:26:14,580 LBFGS        PARAM    0002          7.321995          2.433022          6.881236          4.003411         75.889771
rank #0: 2018-07-16 20:26:15,175 LBFGS        PARAM    0003        -89.751826          2.428884          8.057015          4.091946         74.179475
rank #0: 2018-07-16 20:26:15,775 LBFGS        PARAM    0004       -295.338802          2.481978         12.669117          4.282563         72.861074
rank #0: 2018-07-16 20:26:16,376 LBFGS        PARAM    0005       -296.231773          2.484962         15.368689          4.306695         72.818365
rank #0: 2018-07-16 20:26:16,966 LBFGS        PARAM    0006       -266.519811          2.487416         45.696114          4.541883         72.513602
rank #0: 2018-07-16 20:26:17,568 LBFGS        PARAM    0007       -220.784173          2.467748         70.391108          4.685295         72.338365
rank #0: 2018-07-16 20:26:18,177 LBFGS        PARAM    0008       -227.604947          2.430027        107.030261          4.461639         72.156985
rank #0: 2018-07-16 20:26:18,772 LBFGS        PARAM    0009       -215.203757          2.422086        104.902790          4.411083         72.138283
rank #0: 2018-07-16 20:26:19,379 LBFGS        PARAM    0010       -213.644003          2.421626        104.930405          4.411156         72.138225
rank #0: 2018-07-16 20:26:19,987 LBFGS        PARAM    0011       -213.535859          2.421592        104.935648          4.411692         72.138224
rank #0: 2018-07-16 20:26:20,590 LBFGS        PARAM    0012       -213.500043          2.421584        104.940719          4.411925         72.138224
rank #0: 2018-07-16 20:26:21,177 LBFGS        PARAM    0013       -213.500148          2.421584        104.940952          4.411927         72.138224
rank #0: 2018-07-16 20:26:21,784 LBFGS        PARAM    0014       -213.500136          2.421584        104.940956          4.411927         72.138224
rank #0: 2018-07-16 20:26:22,460 LBFGS        PARAM    0015       -213.500138          2.421584        104.940957          4.411927         72.138224
rank #0: 2018-07-16 20:26:48,844 LBFGS        INFO     Linesearch failed in both LBFGS and gradient directions
rank #0: 2018-07-16 20:26:48,846 LBFGS        PARAM    0015       -213.500138          2.421584        104.940957          4.411927         72.138224
rank #0: 2018-07-16 20:26:48,847 rsdfit.lbfgs_fitter WARNING  ...LBFGS optimization finished. Time elapsed: 0:00:35.53
rank #0: 2018-07-16 20:26:48,848 rsdfit.lbfgs_fitter ERROR    nonlinear fit with method L-BFGS-B failed: Linesearch failed in both LBFGS and gradient directions
rank #0: 2018-07-16 20:26:48,850 rsdfit.fitting_driver INFO     rank 32 on nid00760     ...fitting complete
rank #0: 2018-07-16 20:26:48,853 rsdfit.fitting_driver INFO     rank 32 on nid00760     Saving the results to `/global/cscratch1/sd/nhand/eBOSS/fits/results/mocks/ezmock/v1.8e-fph/0.005-0.3/basemodel-N-fnl/0.8-2.2/QSO-S-0727-P0+P2-mock-cov-f224d44da7/2018-07-16_nlopt_15i_chain0__1.npz`
rank #0: 2018-07-16 20:26:48,881 pyRSD.analysis.lbfgs_results INFO     
minimum chi2 = 72.1382243069

Free parameters [ mean ]
_______________
N              : -213.500137835
b1             : 2.42158417432
f_nl           : 104.940956619
sigma_fog      : 4.41192662114

Constrained parameters [ mean ]
_________________________
b1sigma8       : 0.877178929488
