rank #0: 2018-10-04 21:57:54,027 rsdfit.fitting_driver INFO     rank 56 on nid01270     Calling the 'nlopt' solve function
rank #0: 2018-10-04 21:57:54,028 rsdfit.lbfgs_fitter INFO     running LBFGS for 500 iterations and then stopping
rank #0: 2018-10-04 21:57:54,029 rsdfit.lbfgs_fitter INFO     running LBFGS minimizer with priors
rank #0: 2018-10-04 21:57:54,030 root         INFO     Iter           N          b1        f_nl   sigma_fog   F(X)     
rank #0: 2018-10-04 21:57:54,030 rsdfit.lbfgs_fitter INFO     computing gradient using numerical derivative of lnlike()
rank #0: 2018-10-04 21:57:55,215 LBFGS        INFO     options = {'factr': 100000.0, 'gtol': 1e-05, 'max_iter': 500, 'test_convergence': False}
rank #0: 2018-10-04 21:57:55,217 LBFGS        PARAM    0000          0.000000          2.000000          0.000000          4.000000        115.608870
rank #0: 2018-10-04 21:57:56,568 LBFGS        PARAM    0001         66.207244          2.169728          1.600133          3.951489         95.629291
rank #0: 2018-10-04 21:57:57,800 LBFGS        PARAM    0002        -52.878333          2.539338          9.454960          3.971591         80.978556
rank #0: 2018-10-04 21:57:59,008 LBFGS        PARAM    0003       -174.141229          2.508702         10.009559          4.055237         77.589716
rank #0: 2018-10-04 21:58:00,236 LBFGS        PARAM    0004       -419.516468          2.554647         13.938637          4.185592         75.291191
rank #0: 2018-10-04 21:58:01,437 LBFGS        PARAM    0005       -481.433873          2.577513         16.676239          4.149942         75.097385
rank #0: 2018-10-04 21:58:02,639 LBFGS        PARAM    0006       -524.906346          2.583900         20.297040          4.026654         74.944490
rank #0: 2018-10-04 21:58:03,858 LBFGS        PARAM    0007       -589.938609          2.577119         28.305603          3.689495         74.740938
rank #0: 2018-10-04 21:58:05,065 LBFGS        PARAM    0008       -580.019000          2.568394         29.118745          3.635107         74.725899
rank #0: 2018-10-04 21:58:06,299 LBFGS        PARAM    0009       -578.525845          2.568335         29.219511          3.635532         74.725788
rank #0: 2018-10-04 21:58:07,510 LBFGS        PARAM    0010       -577.829936          2.568224         29.310953          3.636372         74.725753
rank #0: 2018-10-04 21:58:08,736 LBFGS        PARAM    0011       -576.971680          2.567976         29.528292          3.638293         74.725700
rank #0: 2018-10-04 21:58:09,945 LBFGS        PARAM    0012       -577.066611          2.567822         29.673990          3.639438         74.725679
rank #0: 2018-10-04 21:58:11,146 LBFGS        PARAM    0013       -577.071889          2.567827         29.672648          3.639556         74.725679
rank #0: 2018-10-04 21:58:12,368 LBFGS        PARAM    0014       -577.074191          2.567828         29.672249          3.639555         74.725679
rank #0: 2018-10-04 21:58:13,569 LBFGS        PARAM    0015       -577.074462          2.567828         29.672215          3.639555         74.725679
rank #0: 2018-10-04 21:58:14,790 LBFGS        PARAM    0016       -577.074590          2.567828         29.672206          3.639554         74.725679
rank #0: 2018-10-04 21:59:07,829 LBFGS        INFO     Linesearch failed in both LBFGS and gradient directions
rank #0: 2018-10-04 21:59:07,830 LBFGS        PARAM    0016       -577.074590          2.567828         29.672206          3.639554         74.725679
rank #0: 2018-10-04 21:59:07,831 rsdfit.lbfgs_fitter WARNING  ...LBFGS optimization finished. Time elapsed: 0:01:12.62
rank #0: 2018-10-04 21:59:07,832 rsdfit.lbfgs_fitter ERROR    nonlinear fit with method L-BFGS-B failed: Linesearch failed in both LBFGS and gradient directions
rank #0: 2018-10-04 21:59:07,833 rsdfit.fitting_driver INFO     rank 56 on nid01270     ...fitting complete
rank #0: 2018-10-04 21:59:07,837 rsdfit.fitting_driver INFO     rank 56 on nid01270     Saving the results to `/global/cscratch1/sd/nhand/eBOSS/fits/results/mocks/ezmock/v1.8e-fph/0.0001-0.3/basemodel-N-fnl/0.8-2.2/QSO-S-0838-P0+P2-mock-cov-98e9a706c6/2018-10-04_nlopt_16i_chain0__1.npz`
rank #0: 2018-10-04 21:59:07,925 pyRSD.analysis.lbfgs_results INFO     
minimum chi2 = 74.725678967

Free parameters [ mean ]
_______________
N              : -577.074590271
b1             : 2.56782757329
f_nl           : 29.6722064991
sigma_fog      : 3.63955432442

Constrained parameters [ mean ]
_________________________
b1sigma8       : 0.930153188865
