rank #0: 2017-11-27 22:36:24,485 rsdfit.fitting_driver INFO     rank 129 on nid00498     Calling the 'nlopt' solve function
rank #0: 2017-11-27 22:36:24,486 rsdfit.lbfgs_fitter INFO     running LBFGS for 500 iterations and then stopping
rank #0: 2017-11-27 22:36:24,486 rsdfit.lbfgs_fitter INFO     running LBFGS minimizer with priors
rank #0: 2017-11-27 22:36:24,486 root         INFO     Iter           N          b1        f_nl   sigma_fog   F(X)     
rank #0: 2017-11-27 22:36:24,872 LBFGS        INFO     options = {'factr': 100000.0, 'gtol': 1e-05, 'max_iter': 500, 'test_convergence': False}
rank #0: 2017-11-27 22:36:24,872 LBFGS        PARAM    0000          0.000000          2.000000          0.000000          4.000000         49.752612
rank #0: 2017-11-27 22:36:25,301 LBFGS        PARAM    0001         31.683376          2.170174          2.144048          3.992782         39.670513
rank #0: 2017-11-27 22:36:25,685 LBFGS        PARAM    0002         -2.999114          2.535074         11.821383          3.986660         34.377680
rank #0: 2017-11-27 22:36:26,070 LBFGS        PARAM    0003          8.003668          2.413323          6.801350          3.997439         33.181757
rank #0: 2017-11-27 22:36:26,458 LBFGS        PARAM    0004         10.528366          2.431370          6.855345          4.003080         33.137648
rank #0: 2017-11-27 22:36:26,842 LBFGS        PARAM    0005         12.737092          2.434530          6.215092          4.011951         33.132154
rank #0: 2017-11-27 22:36:27,228 LBFGS        PARAM    0006         28.789810          2.445729          1.809855          4.070664         33.107113
rank #0: 2017-11-27 22:36:27,614 LBFGS        PARAM    0007         61.028792          2.458052         -6.509869          4.183463         33.070621
rank #0: 2017-11-27 22:36:27,999 LBFGS        PARAM    0008        126.371768          2.470752        -21.084799          4.407622         33.014186
rank #0: 2017-11-27 22:36:28,384 LBFGS        PARAM    0009        299.938663          2.482018        -36.570275          5.078728         32.887625
rank #0: 2017-11-27 22:36:28,810 LBFGS        PARAM    0010        704.316110          2.497308        -60.769387          6.702510         32.624729
rank #0: 2017-11-27 22:36:29,193 LBFGS        PARAM    0011       1868.469949          2.507120        -98.284213         11.438447         32.311923
rank #0: 2017-11-27 22:36:29,575 LBFGS        PARAM    0012       2001.924917          2.468305        -70.109239         11.971513         31.469456
rank #0: 2017-11-27 22:36:30,037 LBFGS        PARAM    0013       2524.981028          2.458092        -59.870847         14.111903         31.059448
rank #0: 2017-11-27 22:36:30,466 LBFGS        PARAM    0014       2287.206088          2.463692        -49.864137         13.279857         31.053886
rank #0: 2017-11-27 22:36:40,054 LBFGS        PARAM    0015       2194.770428          2.488971        -48.015419         13.280597         31.044308
rank #0: 2017-11-27 22:36:58,208 LBFGS        INFO     Linesearch failed in both LBFGS and gradient directions
rank #0: 2017-11-27 22:36:58,208 LBFGS        PARAM    0015       2194.770428          2.488971        -48.015419         13.280597         31.044308
rank #0: 2017-11-27 22:36:58,209 rsdfit.lbfgs_fitter WARNING  ...LBFGS optimization finished. Time elapsed: 0:00:33.34
rank #0: 2017-11-27 22:36:58,209 rsdfit.lbfgs_fitter ERROR    nonlinear fit with method L-BFGS-B failed: Linesearch failed in both LBFGS and gradient directions
rank #0: 2017-11-27 22:36:58,209 rsdfit.fitting_driver INFO     rank 129 on nid00498     ...fitting complete
rank #0: 2017-11-27 22:36:58,229 rsdfit.fitting_driver INFO     rank 129 on nid00498     Saving the results to `/global/cscratch1/sd/nhand/eBOSS/fits/results/mocks/ezmock/v1.8e-fph/0.0001-0.05/basemodel-N-fnl/0.8-2.2/QSO-S-0439-P0+P2-mock-cov-a9f629560d/2017-11-27_nlopt_15i_chain0__1.npz`
rank #0: 2017-11-27 22:36:58,271 pyRSD.analysis.lbfgs_results INFO     
minimum chi2 = 31.0443078946

Free parameters [ mean ]
_______________
N              : 2194.7704276
b1             : 2.48897083665
f_nl           : -48.0154187932
sigma_fog      : 13.2805966794

Constrained parameters [ mean ]
_________________________
b1sigma8       : 0.990572015241
