rank #0: 2018-06-24 11:29:51,919 rsdfit.fitting_driver INFO     rank 13 on nid00616     Calling the 'nlopt' solve function
rank #0: 2018-06-24 11:29:51,920 rsdfit.lbfgs_fitter INFO     running LBFGS for 500 iterations and then stopping
rank #0: 2018-06-24 11:29:51,920 rsdfit.lbfgs_fitter INFO     running LBFGS minimizer with priors
rank #0: 2018-06-24 11:29:51,921 root         INFO     Iter           N          b1        f_nl   sigma_fog   F(X)     
rank #0: 2018-06-24 11:29:52,498 LBFGS        INFO     options = {'factr': 100000.0, 'gtol': 1e-05, 'max_iter': 500, 'test_convergence': False}
rank #0: 2018-06-24 11:29:52,499 LBFGS        PARAM    0000          0.000000          2.000000          0.000000          4.000000        112.034954
rank #0: 2018-06-24 11:29:53,145 LBFGS        PARAM    0001        -12.150626          2.063953          1.690392          4.015091        100.811728
rank #0: 2018-06-24 11:29:53,740 LBFGS        PARAM    0002       -191.564807          2.246757          9.223232          4.178774         83.308397
rank #0: 2018-06-24 11:29:54,336 LBFGS        PARAM    0003       -322.075413          2.270352         12.475143          4.305614         78.647239
rank #0: 2018-06-24 11:29:54,928 LBFGS        PARAM    0004       -429.597877          2.274632         17.595042          4.435399         76.963459
rank #0: 2018-06-24 11:29:55,506 LBFGS        PARAM    0005       -431.358993          2.274497         19.627281          4.452497         76.853790
rank #0: 2018-06-24 11:29:56,102 LBFGS        PARAM    0006       -396.256121          2.253622         51.942586          4.649201         76.156982
rank #0: 2018-06-24 11:29:56,697 LBFGS        PARAM    0007       -378.496205          2.251558         42.801147          4.582645         75.966235
rank #0: 2018-06-24 11:29:57,276 LBFGS        PARAM    0008       -368.540739          2.248233         45.657478          4.581966         75.938512
rank #0: 2018-06-24 11:29:57,871 LBFGS        PARAM    0009       -366.091241          2.246717         46.816756          4.572655         75.934369
rank #0: 2018-06-24 11:29:58,467 LBFGS        PARAM    0010       -367.609566          2.246372         47.069476          4.560512         75.932693
rank #0: 2018-06-24 11:29:59,062 LBFGS        PARAM    0011       -371.912024          2.246425         47.047924          4.542210         75.931516
rank #0: 2018-06-24 11:29:59,640 LBFGS        PARAM    0012       -372.194113          2.246483         47.013952          4.541791         75.931511
rank #0: 2018-06-24 11:30:00,235 LBFGS        PARAM    0013       -372.204247          2.246486         47.011417          4.541815         75.931511
rank #0: 2018-06-24 11:30:00,831 LBFGS        PARAM    0014       -372.203999          2.246487         47.011331          4.541818         75.931511
rank #0: 2018-06-24 11:30:01,412 LBFGS        PARAM    0015       -372.203942          2.246487         47.011338          4.541818         75.931511
rank #0: 2018-06-24 11:30:02,009 LBFGS        PARAM    0016       -372.203940          2.246487         47.011338          4.541818         75.931511
rank #0: 2018-06-24 11:30:02,606 LBFGS        PARAM    0017       -372.203941          2.246487         47.011338          4.541818         75.931511
rank #0: 2018-06-24 11:30:03,204 LBFGS        PARAM    0018       -372.203942          2.246487         47.011339          4.541818         75.931511
rank #0: 2018-06-24 11:30:28,960 LBFGS        INFO     Linesearch failed in both LBFGS and gradient directions
rank #0: 2018-06-24 11:30:28,961 LBFGS        PARAM    0018       -372.203942          2.246487         47.011339          4.541818         75.931511
rank #0: 2018-06-24 11:30:28,962 rsdfit.lbfgs_fitter WARNING  ...LBFGS optimization finished. Time elapsed: 0:00:36.46
rank #0: 2018-06-24 11:30:28,963 rsdfit.lbfgs_fitter ERROR    nonlinear fit with method L-BFGS-B failed: Linesearch failed in both LBFGS and gradient directions
rank #0: 2018-06-24 11:30:28,964 rsdfit.fitting_driver INFO     rank 13 on nid00616     ...fitting complete
rank #0: 2018-06-24 11:30:28,967 rsdfit.fitting_driver INFO     rank 13 on nid00616     Saving the results to `/global/cscratch1/sd/nhand/eBOSS/fits/results/mocks/ezmock/v1.8e-fph/0.0001-0.3/basemodel-N-fnl/0.8-2.2/QSO-N-0454-P0+P2-mock-cov-8973e9cf3e/2018-06-24_nlopt_18i_chain0__1.npz`
rank #0: 2018-06-24 11:30:28,997 pyRSD.analysis.lbfgs_results INFO     
minimum chi2 = 75.9315111152

Free parameters [ mean ]
_______________
N              : -372.203942003
b1             : 2.24648669265
f_nl           : 47.0113386246
sigma_fog      : 4.54181808633

Constrained parameters [ mean ]
_________________________
b1sigma8       : 0.894805326759
