rank #0: 2018-07-16 20:41:04,744 rsdfit.fitting_driver INFO     rank 5 on nid00907     Calling the 'nlopt' solve function
rank #0: 2018-07-16 20:41:04,745 rsdfit.lbfgs_fitter INFO     running LBFGS for 500 iterations and then stopping
rank #0: 2018-07-16 20:41:04,746 rsdfit.lbfgs_fitter INFO     running LBFGS minimizer with priors
rank #0: 2018-07-16 20:41:04,746 root         INFO     Iter           N          b1        f_nl   sigma_fog   F(X)     
rank #0: 2018-07-16 20:41:05,328 LBFGS        INFO     options = {'factr': 100000.0, 'gtol': 1e-05, 'max_iter': 500, 'test_convergence': False}
rank #0: 2018-07-16 20:41:05,329 LBFGS        PARAM    0000          0.000000          2.000000          0.000000          4.000000        122.006505
rank #0: 2018-07-16 20:41:05,994 LBFGS        PARAM    0001         37.813414          2.102865          2.162128          3.992141        100.818099
rank #0: 2018-07-16 20:41:06,579 LBFGS        PARAM    0002        -34.427066          2.339023          9.723672          4.099125         81.809622
rank #0: 2018-07-16 20:41:07,179 LBFGS        PARAM    0003       -125.854862          2.349424         11.359259          4.205814         77.925089
rank #0: 2018-07-16 20:41:07,778 LBFGS        PARAM    0004       -330.086413          2.401837         16.958566          4.483180         74.517510
rank #0: 2018-07-16 20:41:08,364 LBFGS        PARAM    0005       -312.124316          2.393310         18.179143          4.525091         74.380436
rank #0: 2018-07-16 20:41:08,964 LBFGS        PARAM    0006       -246.303128          2.375361         25.031403          4.740209         74.027237
rank #0: 2018-07-16 20:41:09,566 LBFGS        PARAM    0007       -217.004451          2.374043         31.336456          4.881642         73.903638
rank #0: 2018-07-16 20:41:10,164 LBFGS        PARAM    0008       -214.942164          2.375343         34.247849          4.908171         73.883954
rank #0: 2018-07-16 20:41:10,750 LBFGS        PARAM    0009       -216.248545          2.375456         35.851295          4.905198         73.877445
rank #0: 2018-07-16 20:41:11,352 LBFGS        PARAM    0010       -218.788144          2.373971         38.220132          4.886276         73.869107
rank #0: 2018-07-16 20:41:11,955 LBFGS        PARAM    0011       -220.694369          2.370439         40.352980          4.857016         73.862456
rank #0: 2018-07-16 20:41:12,545 LBFGS        PARAM    0012       -220.970494          2.368787         40.640500          4.845268         73.861360
rank #0: 2018-07-16 20:41:13,147 LBFGS        PARAM    0013       -220.855380          2.368656         40.517730          4.844789         73.861325
rank #0: 2018-07-16 20:41:13,750 LBFGS        PARAM    0014       -220.818360          2.368667         40.489127          4.845005         73.861324
rank #0: 2018-07-16 20:41:14,346 LBFGS        PARAM    0015       -220.814980          2.368668         40.487884          4.845033         73.861324
rank #0: 2018-07-16 20:41:14,936 LBFGS        PARAM    0016       -220.814775          2.368668         40.487910          4.845034         73.861324
rank #0: 2018-07-16 20:41:15,538 LBFGS        PARAM    0017       -220.814771          2.368668         40.487907          4.845034         73.861324
rank #0: 2018-07-16 20:41:30,155 LBFGS        PARAM    0018       -220.814771          2.368668         40.487907          4.845034         73.861324
rank #0: 2018-07-16 20:41:30,756 LBFGS        PARAM    0019       -220.814771          2.368668         40.487907          4.845034         73.861324
rank #0: 2018-07-16 20:41:55,898 LBFGS        INFO     Linesearch failed in both LBFGS and gradient directions
rank #0: 2018-07-16 20:41:55,899 LBFGS        PARAM    0019       -220.814771          2.368668         40.487907          4.845034         73.861324
rank #0: 2018-07-16 20:41:55,901 rsdfit.lbfgs_fitter WARNING  ...LBFGS optimization finished. Time elapsed: 0:00:50.57
rank #0: 2018-07-16 20:41:55,902 rsdfit.lbfgs_fitter ERROR    nonlinear fit with method L-BFGS-B failed: Linesearch failed in both LBFGS and gradient directions
rank #0: 2018-07-16 20:41:55,904 rsdfit.fitting_driver INFO     rank 5 on nid00907     ...fitting complete
rank #0: 2018-07-16 20:41:55,909 rsdfit.fitting_driver INFO     rank 5 on nid00907     Saving the results to `/global/cscratch1/sd/nhand/eBOSS/fits/results/mocks/ezmock/v1.8e-fph/0.005-0.3/basemodel-N-fnl/0.8-2.2/QSO-N-0878-P0+P2-mock-cov-1ab4f6001f/2018-07-16_nlopt_19i_chain0__1.npz`
rank #0: 2018-07-16 20:41:55,942 pyRSD.analysis.lbfgs_results INFO     
minimum chi2 = 73.8613243924

Free parameters [ mean ]
_______________
N              : -220.814771034
b1             : 2.36866829421
f_nl           : 40.4879069005
sigma_fog      : 4.84503448577

Constrained parameters [ mean ]
_________________________
b1sigma8       : 0.887978944185
