rank #0: 2018-12-30 16:08:46,686 rsdfit.fitting_driver INFO     rank 56 on nid00556     Calling the 'nlopt' solve function
rank #0: 2018-12-30 16:08:46,686 rsdfit.lbfgs_fitter INFO     running LBFGS for 500 iterations and then stopping
rank #0: 2018-12-30 16:08:46,687 rsdfit.lbfgs_fitter INFO     running LBFGS minimizer with priors
rank #0: 2018-12-30 16:08:46,687 root         INFO     Iter           N          b1        f_nl   sigma_fog   F(X)     
rank #0: 2018-12-30 16:08:46,687 rsdfit.lbfgs_fitter INFO     computing gradient using numerical derivative of lnlike()
rank #0: 2018-12-30 16:08:47,280 LBFGS        INFO     options = {'factr': 100000.0, 'gtol': 1e-05, 'max_iter': 500, 'test_convergence': False}
rank #0: 2018-12-30 16:08:47,281 LBFGS        PARAM    0000          0.000000          2.000000          0.000000          4.000000         77.172997
rank #0: 2018-12-30 16:08:47,964 LBFGS        PARAM    0001         -1.850461          2.048901          0.163323          3.988225         73.788127
rank #0: 2018-12-30 16:08:48,559 LBFGS        PARAM    0002       -100.981903          2.168890          0.313648          3.997898         69.515216
rank #0: 2018-12-30 16:08:49,175 LBFGS        PARAM    0003       -202.079162          2.200941         -0.367137          4.027057         68.207749
rank #0: 2018-12-30 16:08:49,789 LBFGS        PARAM    0004       -340.208591          2.219387         -4.609277          4.002561         67.376249
rank #0: 2018-12-30 16:08:50,385 LBFGS        PARAM    0005       -359.945701          2.223083         -6.633032          3.965667         67.301174
rank #0: 2018-12-30 16:08:50,995 LBFGS        PARAM    0006       -428.697640          2.232808        -20.250160          3.718851         66.992015
rank #0: 2018-12-30 16:08:51,607 LBFGS        PARAM    0007       -427.644735          2.233335        -33.369858          3.649859         66.861409
rank #0: 2018-12-30 16:08:52,203 LBFGS        PARAM    0008       -413.183007          2.233025        -41.074735          3.667351         66.830539
rank #0: 2018-12-30 16:08:52,819 LBFGS        PARAM    0009       -408.125965          2.233142        -42.380866          3.691525         66.827758
rank #0: 2018-12-30 16:08:53,434 LBFGS        PARAM    0010       -407.849023          2.234017        -42.695360          3.705373         66.827252
rank #0: 2018-12-30 16:08:54,047 LBFGS        PARAM    0011       -407.745410          2.233897        -42.612332          3.705924         66.827248
rank #0: 2018-12-30 16:08:54,640 LBFGS        PARAM    0012       -407.751778          2.233915        -42.611681          3.705889         66.827248
rank #0: 2018-12-30 16:08:55,257 LBFGS        PARAM    0013       -407.751041          2.233915        -42.610756          3.705890         66.827248
rank #0: 2018-12-30 16:08:55,874 LBFGS        PARAM    0014       -407.750916          2.233915        -42.610703          3.705891         66.827248
rank #0: 2018-12-30 16:08:56,469 LBFGS        PARAM    0015       -407.750855          2.233915        -42.610704          3.705891         66.827248
rank #0: 2018-12-30 16:08:57,087 LBFGS        PARAM    0016       -407.750887          2.233915        -42.610704          3.705891         66.827248
rank #0: 2018-12-30 16:08:57,843 LBFGS        PARAM    0017       -407.750887          2.233915        -42.610704          3.705891         66.827248
rank #0: 2018-12-30 16:09:12,706 LBFGS        PARAM    0018       -407.750887          2.233915        -42.610704          3.705891         66.827248
rank #0: 2018-12-30 16:09:12,707 LBFGS        INFO     LBFGS iteration 18: the descent direction does not have a sufficient projection (cos(theta)=-8.83e-01, theta=152.0074) into the gradient; using steepest descent at this step!
rank #0: 2018-12-30 16:09:25,462 LBFGS        INFO     Linesearch failed in both LBFGS and gradient directions
rank #0: 2018-12-30 16:09:25,463 LBFGS        PARAM    0018       -407.750887          2.233915        -42.610704          3.705891         66.827248
rank #0: 2018-12-30 16:09:25,463 rsdfit.lbfgs_fitter WARNING  ...LBFGS optimization finished. Time elapsed: 0:00:38.18
rank #0: 2018-12-30 16:09:25,464 rsdfit.lbfgs_fitter ERROR    nonlinear fit with method L-BFGS-B failed: Linesearch failed in both LBFGS and gradient directions
rank #0: 2018-12-30 16:09:25,465 rsdfit.fitting_driver INFO     rank 56 on nid00556     ...fitting complete
rank #0: 2018-12-30 16:09:25,468 rsdfit.fitting_driver INFO     rank 56 on nid00556     Saving the results to `/global/cscratch1/sd/nhand/eBOSS/fits/results/mocks/ezmock/v1.8e-fph/0.0001-0.3/basemodel-N-fnl/0.8-2.2/QSO-S-0207-P0+P2-mock-cov-8e654b7a3f/2018-12-30_nlopt_18i_chain0__1.npz`
rank #0: 2018-12-30 16:09:26,119 pyRSD.analysis.lbfgs_results INFO     
minimum chi2 = 66.8272475295

Free parameters [ mean ]
_______________
N              : -407.750887271
b1             : 2.2339154259
f_nl           : -42.6107043138
sigma_fog      : 3.7058907424

Constrained parameters [ mean ]
_________________________
b1sigma8       : 0.88979802514
