rank #0: 2018-07-16 19:54:06,744 rsdfit.fitting_driver INFO     rank 30 on nid02210     Calling the 'nlopt' solve function
rank #0: 2018-07-16 19:54:06,745 rsdfit.lbfgs_fitter INFO     running LBFGS for 500 iterations and then stopping
rank #0: 2018-07-16 19:54:06,746 rsdfit.lbfgs_fitter INFO     running LBFGS minimizer with priors
rank #0: 2018-07-16 19:54:06,746 root         INFO     Iter           N          b1        f_nl   sigma_fog   F(X)     
rank #0: 2018-07-16 19:54:07,331 LBFGS        INFO     options = {'factr': 100000.0, 'gtol': 1e-05, 'max_iter': 500, 'test_convergence': False}
rank #0: 2018-07-16 19:54:07,332 LBFGS        PARAM    0000          0.000000          2.000000          0.000000          4.000000         81.139394
rank #0: 2018-07-16 19:54:07,988 LBFGS        PARAM    0001          2.160925          2.050575          1.249234          3.993883         77.044329
rank #0: 2018-07-16 19:54:08,588 LBFGS        PARAM    0002        -90.946058          2.185444          6.362520          4.036223         71.630922
rank #0: 2018-07-16 19:54:09,191 LBFGS        PARAM    0003       -184.205083          2.213442          8.941178          4.092885         70.154330
rank #0: 2018-07-16 19:54:09,792 LBFGS        PARAM    0004       -327.830577          2.231764         15.341833          4.162621         69.125803
rank #0: 2018-07-16 19:54:10,376 LBFGS        PARAM    0005       -332.284212          2.231877         17.182467          4.151900         69.085326
rank #0: 2018-07-16 19:54:10,977 LBFGS        PARAM    0006       -359.318192          2.210763         49.288617          3.948363         68.709048
rank #0: 2018-07-16 19:54:11,576 LBFGS        PARAM    0007       -326.906978          2.200874         52.274446          4.001349         68.669732
rank #0: 2018-07-16 19:54:12,160 LBFGS        PARAM    0008       -318.730024          2.199197         52.675305          4.008599         68.667950
rank #0: 2018-07-16 19:54:12,758 LBFGS        PARAM    0009       -318.790255          2.198999         52.664181          4.006360         68.667896
rank #0: 2018-07-16 19:54:13,360 LBFGS        PARAM    0010       -319.100140          2.198894         52.607989          4.003104         68.667871
rank #0: 2018-07-16 19:54:13,962 LBFGS        PARAM    0011       -319.122667          2.198902         52.605608          4.003041         68.667871
rank #0: 2018-07-16 19:54:14,549 LBFGS        PARAM    0012       -319.123392          2.198902         52.605495          4.003041         68.667871
rank #0: 2018-07-16 19:54:15,153 LBFGS        PARAM    0013       -319.123394          2.198902         52.605505          4.003041         68.667871
rank #0: 2018-07-16 19:54:15,756 LBFGS        PARAM    0014       -319.123386          2.198902         52.605505          4.003041         68.667871
rank #0: 2018-07-16 19:54:16,343 LBFGS        PARAM    0015       -319.123387          2.198902         52.605505          4.003041         68.667871
rank #0: 2018-07-16 19:54:16,946 LBFGS        PARAM    0016       -319.123387          2.198902         52.605505          4.003041         68.667871
rank #0: 2018-07-16 19:54:43,439 LBFGS        INFO     Linesearch failed in both LBFGS and gradient directions
rank #0: 2018-07-16 19:54:43,440 LBFGS        PARAM    0016       -319.123387          2.198902         52.605505          4.003041         68.667871
rank #0: 2018-07-16 19:54:43,441 rsdfit.lbfgs_fitter WARNING  ...LBFGS optimization finished. Time elapsed: 0:00:36.11
rank #0: 2018-07-16 19:54:43,442 rsdfit.lbfgs_fitter ERROR    nonlinear fit with method L-BFGS-B failed: Linesearch failed in both LBFGS and gradient directions
rank #0: 2018-07-16 19:54:43,443 rsdfit.fitting_driver INFO     rank 30 on nid02210     ...fitting complete
rank #0: 2018-07-16 19:54:43,456 rsdfit.fitting_driver INFO     rank 30 on nid02210     Saving the results to `/global/cscratch1/sd/nhand/eBOSS/fits/results/mocks/ezmock/v1.8e-fph/0.005-0.3/basemodel-N-fnl/0.8-2.2/QSO-S-0755-P0+P2-mock-cov-8973e9cf3e/2018-07-16_nlopt_16i_chain0__1.npz`
rank #0: 2018-07-16 19:54:43,485 pyRSD.analysis.lbfgs_results INFO     
minimum chi2 = 68.6678714314

Free parameters [ mean ]
_______________
N              : -319.123386522
b1             : 2.19890194215
f_nl           : 52.6055052239
sigma_fog      : 4.00304090238

Constrained parameters [ mean ]
_________________________
b1sigma8       : 0.875851692019
