rank #0: 2018-10-08 11:17:40,559 rsdfit.fitting_driver INFO     rank 29 on nid00692     Calling the 'nlopt' solve function
rank #0: 2018-10-08 11:17:40,560 rsdfit.lbfgs_fitter INFO     running LBFGS for 500 iterations and then stopping
rank #0: 2018-10-08 11:17:40,560 rsdfit.lbfgs_fitter INFO     running LBFGS minimizer with priors
rank #0: 2018-10-08 11:17:40,561 root         INFO     Iter           N          b1        f_nl   sigma_fog   F(X)     
rank #0: 2018-10-08 11:17:40,561 rsdfit.lbfgs_fitter INFO     computing gradient using numerical derivative of lnlike()
rank #0: 2018-10-08 11:17:41,775 LBFGS        INFO     options = {'factr': 100000.0, 'gtol': 1e-05, 'max_iter': 500, 'test_convergence': False}
rank #0: 2018-10-08 11:17:41,775 LBFGS        PARAM    0000          0.000000          2.000000          0.000000          4.000000        103.705044
rank #0: 2018-10-08 11:17:43,155 LBFGS        PARAM    0001        112.459115          2.163058          1.554903          3.950178         85.077818
rank #0: 2018-10-08 11:17:44,391 LBFGS        PARAM    0002         83.621867          2.450163          7.384248          3.966698         74.967541
rank #0: 2018-10-08 11:17:45,644 LBFGS        PARAM    0003         49.246961          2.422524          8.877911          4.072753         73.983797
rank #0: 2018-10-08 11:17:46,876 LBFGS        PARAM    0004        -31.606040          2.429425         13.975208          4.297535         72.886351
rank #0: 2018-10-08 11:17:48,133 LBFGS        PARAM    0005       -208.516725          2.486350         26.679844          4.719451         72.632362
rank #0: 2018-10-08 11:17:49,375 LBFGS        PARAM    0006       -116.088534          2.484024         26.704421          4.608288         72.059024
rank #0: 2018-10-08 11:17:50,643 LBFGS        PARAM    0007        -99.701672          2.488774         29.677669          4.616294         71.991411
rank #0: 2018-10-08 11:17:51,894 LBFGS        PARAM    0008        -82.648256          2.492297         36.026374          4.647757         71.909581
rank #0: 2018-10-08 11:17:53,145 LBFGS        PARAM    0009        -53.880423          2.490014         50.204272          4.714292         71.760647
rank #0: 2018-10-08 11:17:54,399 LBFGS        PARAM    0010        -11.590157          2.472436         75.806205          4.809176         71.530090
rank #0: 2018-10-08 11:17:55,631 LBFGS        PARAM    0011         -1.125890          2.432632        103.967148          4.678430         71.278198
rank #0: 2018-10-08 11:17:56,884 LBFGS        PARAM    0012        -26.750345          2.423077        111.680066          4.626280         71.230611
rank #0: 2018-10-08 11:17:58,114 LBFGS        PARAM    0013        -36.578574          2.423746        110.758961          4.610435         71.228073
rank #0: 2018-10-08 11:17:59,372 LBFGS        PARAM    0014        -39.937924          2.424467        110.279318          4.601598         71.227541
rank #0: 2018-10-08 11:18:00,611 LBFGS        PARAM    0015        -44.167828          2.425216        110.129719          4.580873         71.226839
rank #0: 2018-10-08 11:18:01,875 LBFGS        PARAM    0016        -44.723005          2.425391        110.444322          4.575144         71.226724
rank #0: 2018-10-08 11:18:03,113 LBFGS        PARAM    0017        -44.384969          2.425314        110.583636          4.574974         71.226717
rank #0: 2018-10-08 11:18:04,351 LBFGS        PARAM    0018        -44.278254          2.425286        110.605384          4.575170         71.226717
rank #0: 2018-10-08 11:18:05,610 LBFGS        PARAM    0019        -44.271217          2.425284        110.605929          4.575194         71.226717
rank #0: 2018-10-08 11:18:06,845 LBFGS        PARAM    0020        -44.271140          2.425284        110.605912          4.575195         71.226717
rank #0: 2018-10-08 11:18:08,105 LBFGS        PARAM    0021        -44.271143          2.425284        110.605910          4.575195         71.226717
rank #0: 2018-10-08 11:18:09,483 LBFGS        PARAM    0022        -44.271144          2.425284        110.605910          4.575195         71.226717
rank #0: 2018-10-08 11:18:10,746 LBFGS        PARAM    0023        -44.271144          2.425284        110.605911          4.575195         71.226717
rank #0: 2018-10-08 11:19:04,887 LBFGS        INFO     Linesearch failed in both LBFGS and gradient directions
rank #0: 2018-10-08 11:19:04,888 LBFGS        PARAM    0023        -44.271144          2.425284        110.605911          4.575195         71.226717
rank #0: 2018-10-08 11:19:04,888 rsdfit.lbfgs_fitter WARNING  ...LBFGS optimization finished. Time elapsed: 0:01:23.11
rank #0: 2018-10-08 11:19:04,889 rsdfit.lbfgs_fitter ERROR    nonlinear fit with method L-BFGS-B failed: Linesearch failed in both LBFGS and gradient directions
rank #0: 2018-10-08 11:19:04,890 rsdfit.fitting_driver INFO     rank 29 on nid00692     ...fitting complete
rank #0: 2018-10-08 11:19:04,894 rsdfit.fitting_driver INFO     rank 29 on nid00692     Saving the results to `/global/cscratch1/sd/nhand/eBOSS/fits/results/mocks/ezmock/v1.8e-fph/0.005-0.3/basemodel-N-fnl/0.8-2.2/QSO-S-0322-P0+P2-mock-cov-98e9a706c6/2018-10-08_nlopt_23i_chain0__1.npz`
rank #0: 2018-10-08 11:19:04,997 pyRSD.analysis.lbfgs_results INFO     
minimum chi2 = 71.2267167264

Free parameters [ mean ]
_______________
N              : -44.2711444484
b1             : 2.42528378005
f_nl           : 110.605910524
sigma_fog      : 4.57519481929

Constrained parameters [ mean ]
_________________________
b1sigma8       : 0.87851905065
