rank #0: 2018-10-04 21:35:42,410 rsdfit.fitting_driver INFO     rank 54 on nid01063     Calling the 'nlopt' solve function
rank #0: 2018-10-04 21:35:42,411 rsdfit.lbfgs_fitter INFO     running LBFGS for 500 iterations and then stopping
rank #0: 2018-10-04 21:35:42,411 rsdfit.lbfgs_fitter INFO     running LBFGS minimizer with priors
rank #0: 2018-10-04 21:35:42,411 root         INFO     Iter           N          b1        f_nl   sigma_fog   F(X)     
rank #0: 2018-10-04 21:35:42,412 rsdfit.lbfgs_fitter INFO     computing gradient using numerical derivative of lnlike()
rank #0: 2018-10-04 21:35:43,566 LBFGS        INFO     options = {'factr': 100000.0, 'gtol': 1e-05, 'max_iter': 500, 'test_convergence': False}
rank #0: 2018-10-04 21:35:43,567 LBFGS        PARAM    0000          0.000000          2.000000          0.000000          4.000000        138.175264
rank #0: 2018-10-04 21:35:44,909 LBFGS        PARAM    0001         58.094377          2.161472          1.194450          3.983159        105.335307
rank #0: 2018-10-04 21:35:46,103 LBFGS        PARAM    0002        -50.564108          2.500741          6.208697          4.159488         79.756738
rank #0: 2018-10-04 21:35:47,291 LBFGS        PARAM    0003       -181.105551          2.506116          6.378992          4.330565         73.011278
rank #0: 2018-10-04 21:35:48,502 LBFGS        PARAM    0004       -471.598346          2.589748          7.679657          4.760211         67.652253
rank #0: 2018-10-04 21:35:49,690 LBFGS        PARAM    0005       -439.988897          2.580216          6.195770          4.833261         67.386193
rank #0: 2018-10-04 21:35:50,898 LBFGS        PARAM    0006       -339.935463          2.573951          0.535536          5.195732         66.775821
rank #0: 2018-10-04 21:35:52,085 LBFGS        PARAM    0007       -313.589984          2.588335         -3.197511          5.400696         66.634305
rank #0: 2018-10-04 21:35:53,283 LBFGS        PARAM    0008       -315.102346          2.592997         -4.465687          5.435029         66.626581
rank #0: 2018-10-04 21:35:54,486 LBFGS        PARAM    0009       -316.452703          2.594392         -5.283143          5.437860         66.624673
rank #0: 2018-10-04 21:35:55,676 LBFGS        PARAM    0010       -319.414609          2.596126         -7.242085          5.432340         66.621855
rank #0: 2018-10-04 21:35:56,888 LBFGS        PARAM    0011       -319.855402          2.595563         -7.856270          5.424377         66.621356
rank #0: 2018-10-04 21:35:58,082 LBFGS        PARAM    0012       -319.835721          2.595552         -7.855491          5.423431         66.621352
rank #0: 2018-10-04 21:35:59,298 LBFGS        PARAM    0013       -319.857894          2.595551         -7.851302          5.423309         66.621352
rank #0: 2018-10-04 21:36:00,493 LBFGS        PARAM    0014       -319.859828          2.595551         -7.850836          5.423303         66.621352
rank #0: 2018-10-04 21:36:01,688 LBFGS        PARAM    0015       -319.859841          2.595551         -7.850827          5.423303         66.621352
rank #0: 2018-10-04 21:36:03,042 LBFGS        PARAM    0016       -319.859840          2.595551         -7.850827          5.423303         66.621352
rank #0: 2018-10-04 21:36:04,374 LBFGS        PARAM    0017       -319.859840          2.595551         -7.850827          5.423303         66.621352
rank #0: 2018-10-04 21:36:56,668 LBFGS        INFO     Linesearch failed in both LBFGS and gradient directions
rank #0: 2018-10-04 21:36:56,669 LBFGS        PARAM    0017       -319.859840          2.595551         -7.850827          5.423303         66.621352
rank #0: 2018-10-04 21:36:56,670 rsdfit.lbfgs_fitter WARNING  ...LBFGS optimization finished. Time elapsed: 0:01:13.10
rank #0: 2018-10-04 21:36:56,670 rsdfit.lbfgs_fitter ERROR    nonlinear fit with method L-BFGS-B failed: Linesearch failed in both LBFGS and gradient directions
rank #0: 2018-10-04 21:36:56,671 rsdfit.fitting_driver INFO     rank 54 on nid01063     ...fitting complete
rank #0: 2018-10-04 21:36:56,674 rsdfit.fitting_driver INFO     rank 54 on nid01063     Saving the results to `/global/cscratch1/sd/nhand/eBOSS/fits/results/mocks/ezmock/v1.8e-fph/0.0001-0.3/basemodel-N-fnl/0.8-2.2/QSO-N-0167-P0+P2-mock-cov-4ae05ce33e/2018-10-04_nlopt_17i_chain0__1.npz`
rank #0: 2018-10-04 21:36:56,724 pyRSD.analysis.lbfgs_results INFO     
minimum chi2 = 66.6213518178

Free parameters [ mean ]
_______________
N              : -319.859840153
b1             : 2.595550594
f_nl           : -7.85082683585
sigma_fog      : 5.42330339376

Constrained parameters [ mean ]
_________________________
b1sigma8       : 0.940195395901
