rank #0: 2017-11-27 20:42:39,538 rsdfit.fitting_driver INFO     rank 101 on nid00786     Calling the 'nlopt' solve function
rank #0: 2017-11-27 20:42:39,538 rsdfit.lbfgs_fitter INFO     running LBFGS for 500 iterations and then stopping
rank #0: 2017-11-27 20:42:39,538 rsdfit.lbfgs_fitter INFO     running LBFGS minimizer with priors
rank #0: 2017-11-27 20:42:39,538 root         INFO     Iter           N          b1        f_nl   sigma_fog   F(X)     
rank #0: 2017-11-27 20:42:40,068 LBFGS        INFO     options = {'factr': 100000.0, 'gtol': 1e-05, 'max_iter': 500, 'test_convergence': False}
rank #0: 2017-11-27 20:42:40,068 LBFGS        PARAM    0000          0.000000          2.000000          0.000000          4.000000         83.993579
rank #0: 2017-11-27 20:42:40,669 LBFGS        PARAM    0001         11.191265          2.097604          0.869750          3.971762         74.213088
rank #0: 2017-11-27 20:42:41,212 LBFGS        PARAM    0002        -29.548818          2.284350          4.495198          3.920428         67.784582
rank #0: 2017-11-27 20:42:41,760 LBFGS        PARAM    0003        -66.827276          2.260283          4.846901          3.927953         67.277227
rank #0: 2017-11-27 20:42:42,308 LBFGS        PARAM    0004       -148.824746          2.254939          6.577916          3.925669         66.809911
rank #0: 2017-11-27 20:42:42,854 LBFGS        PARAM    0005       -317.444644          2.268184         11.369005          3.886553         66.250116
rank #0: 2017-11-27 20:42:43,401 LBFGS        PARAM    0006       -388.333096          2.278038         17.989640          3.732031         66.007268
rank #0: 2017-11-27 20:42:43,945 LBFGS        PARAM    0007       -418.171565          2.280701         25.691971          3.577998         65.903901
rank #0: 2017-11-27 20:42:44,489 LBFGS        PARAM    0008       -415.268969          2.277196         31.143756          3.521403         65.858428
rank #0: 2017-11-27 20:42:45,029 LBFGS        PARAM    0009       -396.471682          2.267584         51.694837          3.477681         65.733142
rank #0: 2017-11-27 20:42:45,571 LBFGS        PARAM    0010       -370.828782          2.256107         62.593021          3.544055         65.681712
rank #0: 2017-11-27 20:42:46,113 LBFGS        PARAM    0011       -359.152916          2.257218         61.110342          3.592596         65.673761
rank #0: 2017-11-27 20:42:46,657 LBFGS        PARAM    0012       -359.643407          2.258773         61.497047          3.607233         65.673129
rank #0: 2017-11-27 20:42:47,200 LBFGS        PARAM    0013       -359.643234          2.258486         61.123161          3.606487         65.673038
rank #0: 2017-11-27 20:42:47,746 LBFGS        PARAM    0014       -359.649308          2.258473         61.139771          3.606512         65.673038
rank #0: 2017-11-27 20:42:48,290 LBFGS        PARAM    0015       -359.653827          2.258473         61.139386          3.606515         65.673038
rank #0: 2017-11-27 20:42:48,835 LBFGS        PARAM    0016       -359.654288          2.258473         61.139362          3.606514         65.673038
rank #0: 2017-11-27 20:42:49,439 LBFGS        PARAM    0017       -359.654284          2.258473         61.139361          3.606514         65.673038
rank #0: 2017-11-27 20:43:13,261 LBFGS        INFO     Linesearch failed in both LBFGS and gradient directions
rank #0: 2017-11-27 20:43:13,262 LBFGS        PARAM    0017       -359.654284          2.258473         61.139361          3.606514         65.673038
rank #0: 2017-11-27 20:43:13,262 rsdfit.lbfgs_fitter WARNING  ...LBFGS optimization finished. Time elapsed: 0:00:33.19
rank #0: 2017-11-27 20:43:13,262 rsdfit.lbfgs_fitter ERROR    nonlinear fit with method L-BFGS-B failed: Linesearch failed in both LBFGS and gradient directions
rank #0: 2017-11-27 20:43:13,263 rsdfit.fitting_driver INFO     rank 101 on nid00786     ...fitting complete
rank #0: 2017-11-27 20:43:13,483 rsdfit.fitting_driver INFO     rank 101 on nid00786     Saving the results to `/global/cscratch1/sd/nhand/eBOSS/fits/results/mocks/ezmock/v1.8e-fph/0.0001-0.3/basemodel-N-fnl/0.8-2.2/QSO-S-0148-P0+P2-mock-cov-a9f629560d/2017-11-27_nlopt_17i_chain0__1.npz`
rank #0: 2017-11-27 20:43:13,511 pyRSD.analysis.lbfgs_results INFO     
minimum chi2 = 65.6730383026

Free parameters [ mean ]
_______________
N              : -359.654284482
b1             : 2.25847346939
f_nl           : 61.1393614651
sigma_fog      : 3.60651411769

Constrained parameters [ mean ]
_________________________
b1sigma8       : 0.898837617141
