rank #0: 2018-10-04 21:25:48,261 rsdfit.fitting_driver INFO     rank 48 on nid01063     Calling the 'nlopt' solve function
rank #0: 2018-10-04 21:25:48,263 rsdfit.lbfgs_fitter INFO     running LBFGS for 500 iterations and then stopping
rank #0: 2018-10-04 21:25:48,263 rsdfit.lbfgs_fitter INFO     running LBFGS minimizer with priors
rank #0: 2018-10-04 21:25:48,264 root         INFO     Iter           N          b1        f_nl   sigma_fog   F(X)     
rank #0: 2018-10-04 21:25:48,265 rsdfit.lbfgs_fitter INFO     computing gradient using numerical derivative of lnlike()
rank #0: 2018-10-04 21:25:49,436 LBFGS        INFO     options = {'factr': 100000.0, 'gtol': 1e-05, 'max_iter': 500, 'test_convergence': False}
rank #0: 2018-10-04 21:25:49,437 LBFGS        PARAM    0000          0.000000          2.000000          0.000000          4.000000        111.192910
rank #0: 2018-10-04 21:25:50,760 LBFGS        PARAM    0001         25.338767          2.088175          2.010333          3.987566         93.977688
rank #0: 2018-10-04 21:25:51,970 LBFGS        PARAM    0002        -47.281621          2.297084          9.740846          4.068814         77.187538
rank #0: 2018-10-04 21:25:53,159 LBFGS        PARAM    0003       -137.759317          2.313349         12.233979          4.162717         73.645603
rank #0: 2018-10-04 21:25:54,375 LBFGS        PARAM    0004       -331.250955          2.355537         20.562463          4.397357         70.419001
rank #0: 2018-10-04 21:25:55,567 LBFGS        PARAM    0005       -320.197705          2.349126         23.079268          4.421730         70.276802
rank #0: 2018-10-04 21:25:56,761 LBFGS        PARAM    0006       -254.559164          2.326707         41.196587          4.597592         69.896008
rank #0: 2018-10-04 21:25:57,966 LBFGS        PARAM    0007       -253.215750          2.332714         36.816641          4.615516         69.865588
rank #0: 2018-10-04 21:25:59,152 LBFGS        PARAM    0008       -251.348059          2.333218         37.252212          4.628038         69.863929
rank #0: 2018-10-04 21:26:00,359 LBFGS        PARAM    0009       -249.610644          2.333273         37.386439          4.637337         69.863604
rank #0: 2018-10-04 21:26:01,550 LBFGS        PARAM    0010       -248.966196          2.333152         37.349708          4.640457         69.863564
rank #0: 2018-10-04 21:26:02,762 LBFGS        PARAM    0011       -248.980084          2.333169         37.340886          4.640559         69.863564
rank #0: 2018-10-04 21:26:03,948 LBFGS        PARAM    0012       -248.979309          2.333169         37.340529          4.640556         69.863564
rank #0: 2018-10-04 21:26:05,157 LBFGS        PARAM    0013       -248.979361          2.333169         37.340528          4.640556         69.863564
rank #0: 2018-10-04 21:26:57,931 LBFGS        INFO     Linesearch failed in both LBFGS and gradient directions
rank #0: 2018-10-04 21:26:57,937 LBFGS        PARAM    0013       -248.979361          2.333169         37.340528          4.640556         69.863564
rank #0: 2018-10-04 21:26:57,939 rsdfit.lbfgs_fitter WARNING  ...LBFGS optimization finished. Time elapsed: 0:01:08.50
rank #0: 2018-10-04 21:26:57,940 rsdfit.lbfgs_fitter ERROR    nonlinear fit with method L-BFGS-B failed: Linesearch failed in both LBFGS and gradient directions
rank #0: 2018-10-04 21:26:57,941 rsdfit.fitting_driver INFO     rank 48 on nid01063     ...fitting complete
rank #0: 2018-10-04 21:26:57,945 rsdfit.fitting_driver INFO     rank 48 on nid01063     Saving the results to `/global/cscratch1/sd/nhand/eBOSS/fits/results/mocks/ezmock/v1.8e-fph/0.0001-0.3/basemodel-N-fnl/0.8-2.2/QSO-N-0902-P0+P2-mock-cov-3d9387a9b2/2018-10-04_nlopt_13i_chain0__1.npz`
rank #0: 2018-10-04 21:26:58,026 pyRSD.analysis.lbfgs_results INFO     
minimum chi2 = 69.8635636588

Free parameters [ mean ]
_______________
N              : -248.979360505
b1             : 2.33316867334
f_nl           : 37.3405275903
sigma_fog      : 4.6405562269

Constrained parameters [ mean ]
_________________________
b1sigma8       : 0.874670657863
