rank #0: 2018-06-24 11:30:17,676 rsdfit.fitting_driver INFO     rank 49 on nid00619     Calling the 'nlopt' solve function
rank #0: 2018-06-24 11:30:17,677 rsdfit.lbfgs_fitter INFO     running LBFGS for 500 iterations and then stopping
rank #0: 2018-06-24 11:30:17,677 rsdfit.lbfgs_fitter INFO     running LBFGS minimizer with priors
rank #0: 2018-06-24 11:30:17,678 root         INFO     Iter           N          b1        f_nl   sigma_fog   F(X)     
rank #0: 2018-06-24 11:30:18,255 LBFGS        INFO     options = {'factr': 100000.0, 'gtol': 1e-05, 'max_iter': 500, 'test_convergence': False}
rank #0: 2018-06-24 11:30:18,256 LBFGS        PARAM    0000          0.000000          2.000000          0.000000          4.000000         87.458389
rank #0: 2018-06-24 11:30:18,918 LBFGS        PARAM    0001         21.637340          2.050316          0.849467          3.963741         82.701785
rank #0: 2018-06-24 11:30:19,498 LBFGS        PARAM    0002         -8.801910          2.163333          3.364889          3.871154         78.508290
rank #0: 2018-06-24 11:30:20,095 LBFGS        PARAM    0003        -54.147133          2.172123          3.900840          3.844229         77.926410
rank #0: 2018-06-24 11:30:20,692 LBFGS        PARAM    0004       -276.960757          2.209796          6.495558          3.548079         76.274200
rank #0: 2018-06-24 11:30:21,272 LBFGS        PARAM    0005       -339.128848          2.211490          6.985748          3.295571         75.797836
rank #0: 2018-06-24 11:30:21,869 LBFGS        PARAM    0006       -385.158942          2.198680          7.203610          2.801914         75.330599
rank #0: 2018-06-24 11:30:22,465 LBFGS        PARAM    0007       -376.740690          2.196175          7.616273          2.791755         75.326400
rank #0: 2018-06-24 11:30:23,062 LBFGS        PARAM    0008       -375.220457          2.195547          7.798359          2.790325         75.326218
rank #0: 2018-06-24 11:30:23,644 LBFGS        PARAM    0009       -374.550743          2.195186          8.084145          2.789697         75.326058
rank #0: 2018-06-24 11:30:24,243 LBFGS        PARAM    0010       -374.215169          2.194647          8.805126          2.789470         75.325814
rank #0: 2018-06-24 11:30:24,842 LBFGS        PARAM    0011       -374.712637          2.194728          8.930880          2.790059         75.325791
rank #0: 2018-06-24 11:30:25,425 LBFGS        PARAM    0012       -374.747459          2.194734          8.927513          2.790176         75.325791
rank #0: 2018-06-24 11:30:26,023 LBFGS        PARAM    0013       -374.749006          2.194737          8.926601          2.790183         75.325791
rank #0: 2018-06-24 11:30:26,622 LBFGS        PARAM    0014       -374.748848          2.194737          8.926519          2.790183         75.325791
rank #0: 2018-06-24 11:30:27,224 LBFGS        PARAM    0015       -374.748880          2.194737          8.926514          2.790182         75.325791
rank #0: 2018-06-24 11:30:52,564 LBFGS        INFO     Linesearch failed in both LBFGS and gradient directions
rank #0: 2018-06-24 11:30:52,565 LBFGS        PARAM    0015       -374.748880          2.194737          8.926514          2.790182         75.325791
rank #0: 2018-06-24 11:30:52,566 rsdfit.lbfgs_fitter WARNING  ...LBFGS optimization finished. Time elapsed: 0:00:34.31
rank #0: 2018-06-24 11:30:52,566 rsdfit.lbfgs_fitter ERROR    nonlinear fit with method L-BFGS-B failed: Linesearch failed in both LBFGS and gradient directions
rank #0: 2018-06-24 11:30:52,567 rsdfit.fitting_driver INFO     rank 49 on nid00619     ...fitting complete
rank #0: 2018-06-24 11:30:52,571 rsdfit.fitting_driver INFO     rank 49 on nid00619     Saving the results to `/global/cscratch1/sd/nhand/eBOSS/fits/results/mocks/ezmock/v1.8e-fph/0.0001-0.3/basemodel-N-fnl/0.8-2.2/QSO-S-0247-P0+P2-mock-cov-8973e9cf3e/2018-06-24_nlopt_15i_chain0__1.npz`
rank #0: 2018-06-24 11:30:52,595 pyRSD.analysis.lbfgs_results INFO     
minimum chi2 = 75.3257905853

Free parameters [ mean ]
_______________
N              : -374.748880236
b1             : 2.19473698707
f_nl           : 8.92651437215
sigma_fog      : 2.79018248193

Constrained parameters [ mean ]
_________________________
b1sigma8       : 0.87419273539
