rank #0: 2018-10-04 22:10:29,963 rsdfit.fitting_driver INFO     rank 15 on nid01062     Calling the 'nlopt' solve function
rank #0: 2018-10-04 22:10:29,963 rsdfit.lbfgs_fitter INFO     running LBFGS for 500 iterations and then stopping
rank #0: 2018-10-04 22:10:29,963 rsdfit.lbfgs_fitter INFO     running LBFGS minimizer with priors
rank #0: 2018-10-04 22:10:29,964 root         INFO     Iter           N          b1        f_nl   sigma_fog   F(X)     
rank #0: 2018-10-04 22:10:29,964 rsdfit.lbfgs_fitter INFO     computing gradient using numerical derivative of lnlike()
rank #0: 2018-10-04 22:10:31,114 LBFGS        INFO     options = {'factr': 100000.0, 'gtol': 1e-05, 'max_iter': 500, 'test_convergence': False}
rank #0: 2018-10-04 22:10:31,114 LBFGS        PARAM    0000          0.000000          2.000000          0.000000          4.000000        126.294202
rank #0: 2018-10-04 22:10:32,446 LBFGS        PARAM    0001         -2.469417          2.086962          2.134795          4.001710        111.250644
rank #0: 2018-10-04 22:10:33,626 LBFGS        PARAM    0002       -190.645674          2.327330         11.155624          4.140046         91.042792
rank #0: 2018-10-04 22:10:34,826 LBFGS        PARAM    0003       -327.201010          2.347162         13.828241          4.261604         85.853715
rank #0: 2018-10-04 22:10:36,007 LBFGS        PARAM    0004       -486.935003          2.367004         18.448703          4.410922         83.614609
rank #0: 2018-10-04 22:10:37,199 LBFGS        PARAM    0005       -484.611328          2.364917         19.832997          4.413442         83.569956
rank #0: 2018-10-04 22:10:38,398 LBFGS        PARAM    0006       -439.430465          2.333043         52.228834          4.466627         83.104778
rank #0: 2018-10-04 22:10:39,585 LBFGS        PARAM    0007       -451.689238          2.332303         50.088737          4.394619         83.097459
rank #0: 2018-10-04 22:10:40,793 LBFGS        PARAM    0008       -447.201254          2.333407         50.050542          4.420239         83.095292
rank #0: 2018-10-04 22:10:41,980 LBFGS        PARAM    0009       -446.925429          2.333397         49.987066          4.421061         83.095282
rank #0: 2018-10-04 22:10:43,187 LBFGS        PARAM    0010       -446.903064          2.333406         49.961184          4.421167         83.095282
rank #0: 2018-10-04 22:10:44,374 LBFGS        PARAM    0011       -446.903422          2.333405         49.961307          4.421164         83.095282
rank #0: 2018-10-04 22:10:45,563 LBFGS        PARAM    0012       -446.903506          2.333405         49.961296          4.421164         83.095282
rank #0: 2018-10-04 22:10:46,903 LBFGS        PARAM    0013       -446.903516          2.333405         49.961296          4.421164         83.095282
rank #0: 2018-10-04 22:10:48,090 LBFGS        PARAM    0014       -446.903515          2.333405         49.961296          4.421164         83.095282
rank #0: 2018-10-04 22:10:49,302 LBFGS        PARAM    0015       -446.903511          2.333405         49.961297          4.421164         83.095282
rank #0: 2018-10-04 22:10:50,493 LBFGS        PARAM    0016       -446.903515          2.333405         49.961296          4.421164         83.095282
rank #0: 2018-10-04 22:11:42,846 LBFGS        INFO     Linesearch failed in both LBFGS and gradient directions
rank #0: 2018-10-04 22:11:42,848 LBFGS        PARAM    0016       -446.903515          2.333405         49.961296          4.421164         83.095282
rank #0: 2018-10-04 22:11:42,848 rsdfit.lbfgs_fitter WARNING  ...LBFGS optimization finished. Time elapsed: 0:01:11.73
rank #0: 2018-10-04 22:11:42,849 rsdfit.lbfgs_fitter ERROR    nonlinear fit with method L-BFGS-B failed: Linesearch failed in both LBFGS and gradient directions
rank #0: 2018-10-04 22:11:42,850 rsdfit.fitting_driver INFO     rank 15 on nid01062     ...fitting complete
rank #0: 2018-10-04 22:11:42,853 rsdfit.fitting_driver INFO     rank 15 on nid01062     Saving the results to `/global/cscratch1/sd/nhand/eBOSS/fits/results/mocks/ezmock/v1.8e-fph/0.005-0.3/basemodel-N-fnl/0.8-2.2/QSO-N-0298-P0+P2-mock-cov-3d9387a9b2/2018-10-04_nlopt_16i_chain0__1.npz`
rank #0: 2018-10-04 22:11:42,926 pyRSD.analysis.lbfgs_results INFO     
minimum chi2 = 83.0952819172

Free parameters [ mean ]
_______________
N              : -446.903515135
b1             : 2.33340490034
f_nl           : 49.9612958396
sigma_fog      : 4.42116354859

Constrained parameters [ mean ]
_________________________
b1sigma8       : 0.874759215895
