rank #0: 2018-10-08 09:27:38,623 rsdfit.fitting_driver INFO     rank 52 on nid02163     Calling the 'nlopt' solve function
rank #0: 2018-10-08 09:27:38,624 rsdfit.lbfgs_fitter INFO     running LBFGS for 500 iterations and then stopping
rank #0: 2018-10-08 09:27:38,624 rsdfit.lbfgs_fitter INFO     running LBFGS minimizer with priors
rank #0: 2018-10-08 09:27:38,624 root         INFO     Iter           N          b1        f_nl   sigma_fog   F(X)     
rank #0: 2018-10-08 09:27:38,625 rsdfit.lbfgs_fitter INFO     computing gradient using numerical derivative of lnlike()
rank #0: 2018-10-08 09:27:39,826 LBFGS        INFO     options = {'factr': 100000.0, 'gtol': 1e-05, 'max_iter': 500, 'test_convergence': False}
rank #0: 2018-10-08 09:27:39,826 LBFGS        PARAM    0000          0.000000          2.000000          0.000000          4.000000        127.756931
rank #0: 2018-10-08 09:27:41,198 LBFGS        PARAM    0001         42.482705          2.100171          2.334483          3.967218        105.731345
rank #0: 2018-10-08 09:27:42,440 LBFGS        PARAM    0002        -21.080631          2.334123         11.261823          3.966856         86.740067
rank #0: 2018-10-08 09:27:43,687 LBFGS        PARAM    0003        -98.781382          2.332331         13.725808          4.026677         83.646631
rank #0: 2018-10-08 09:27:44,921 LBFGS        PARAM    0004       -305.529899          2.376005         23.922319          4.167226         80.382924
rank #0: 2018-10-08 09:27:46,175 LBFGS        PARAM    0005       -312.043608          2.373335         29.754801          4.146499         79.980009
rank #0: 2018-10-08 09:27:47,549 LBFGS        PARAM    0006       -302.694273          2.350327         49.456180          4.062750         79.155987
rank #0: 2018-10-08 09:27:48,783 LBFGS        PARAM    0007       -289.948590          2.343848         51.557275          4.017936         79.125461
rank #0: 2018-10-08 09:27:50,037 LBFGS        PARAM    0008       -288.931250          2.343962         50.932975          4.016847         79.124843
rank #0: 2018-10-08 09:27:51,276 LBFGS        PARAM    0009       -289.708877          2.344061         51.036661          4.015509         79.124745
rank #0: 2018-10-08 09:27:52,531 LBFGS        PARAM    0010       -290.334662          2.344104         51.054281          4.013593         79.124711
rank #0: 2018-10-08 09:27:53,761 LBFGS        PARAM    0011       -290.738884          2.344133         51.027645          4.011922         79.124699
rank #0: 2018-10-08 09:27:54,992 LBFGS        PARAM    0012       -290.756694          2.344131         51.016572          4.011733         79.124699
rank #0: 2018-10-08 09:27:56,242 LBFGS        PARAM    0013       -290.755018          2.344132         51.015986          4.011736         79.124699
rank #0: 2018-10-08 09:27:57,472 LBFGS        PARAM    0014       -290.754801          2.344132         51.016023          4.011737         79.124699
rank #0: 2018-10-08 09:27:58,724 LBFGS        PARAM    0015       -290.754738          2.344132         51.016023          4.011737         79.124699
rank #0: 2018-10-08 09:28:00,093 LBFGS        PARAM    0016       -290.754733          2.344132         51.016023          4.011737         79.124699
rank #0: 2018-10-08 09:28:01,328 LBFGS        PARAM    0017       -290.754735          2.344132         51.016023          4.011737         79.124699
rank #0: 2018-10-08 09:28:55,298 LBFGS        INFO     Linesearch failed in both LBFGS and gradient directions
rank #0: 2018-10-08 09:28:55,299 LBFGS        PARAM    0017       -290.754735          2.344132         51.016023          4.011737         79.124699
rank #0: 2018-10-08 09:28:55,299 rsdfit.lbfgs_fitter WARNING  ...LBFGS optimization finished. Time elapsed: 0:01:15.47
rank #0: 2018-10-08 09:28:55,299 rsdfit.lbfgs_fitter ERROR    nonlinear fit with method L-BFGS-B failed: Linesearch failed in both LBFGS and gradient directions
rank #0: 2018-10-08 09:28:55,300 rsdfit.fitting_driver INFO     rank 52 on nid02163     ...fitting complete
rank #0: 2018-10-08 09:28:55,303 rsdfit.fitting_driver INFO     rank 52 on nid02163     Saving the results to `/global/cscratch1/sd/nhand/eBOSS/fits/results/mocks/ezmock/v1.8e-fph/0.0001-0.3/basemodel-N-fnl/0.8-2.2/QSO-N-0107-P0+P2-mock-cov-3d9387a9b2/2018-10-08_nlopt_17i_chain0__1.npz`
rank #0: 2018-10-08 09:28:55,371 pyRSD.analysis.lbfgs_results INFO     
minimum chi2 = 79.1246987238

Free parameters [ mean ]
_______________
N              : -290.754734678
b1             : 2.34413210766
f_nl           : 51.0160230698
sigma_fog      : 4.0117368413

Constrained parameters [ mean ]
_________________________
b1sigma8       : 0.878780688323
