rank #0: 2018-12-30 19:41:49,773 rsdfit.fitting_driver INFO     rank 59 on nid00631     Calling the 'nlopt' solve function
rank #0: 2018-12-30 19:41:49,774 rsdfit.lbfgs_fitter INFO     running LBFGS for 500 iterations and then stopping
rank #0: 2018-12-30 19:41:49,774 rsdfit.lbfgs_fitter INFO     running LBFGS minimizer with priors
rank #0: 2018-12-30 19:41:49,775 root         INFO     Iter           N          b1        f_nl   sigma_fog   F(X)     
rank #0: 2018-12-30 19:41:49,775 rsdfit.lbfgs_fitter INFO     computing gradient using numerical derivative of lnlike()
rank #0: 2018-12-30 19:41:50,954 LBFGS        INFO     options = {'factr': 100000.0, 'gtol': 1e-05, 'max_iter': 500, 'test_convergence': False}
rank #0: 2018-12-30 19:41:50,955 LBFGS        PARAM    0000          0.000000          2.000000          0.000000          4.000000        125.906943
rank #0: 2018-12-30 19:41:52,326 LBFGS        PARAM    0001         21.314959          2.134232          1.217420          3.988982        103.704667
rank #0: 2018-12-30 19:41:53,579 LBFGS        PARAM    0002       -119.392740          2.431542          7.210802          4.149304         82.004049
rank #0: 2018-12-30 19:41:54,816 LBFGS        PARAM    0003       -299.074627          2.477267          9.261520          4.304961         75.250715
rank #0: 2018-12-30 19:41:56,073 LBFGS        PARAM    0004       -543.292673          2.513536         12.802269          4.547610         71.511870
rank #0: 2018-12-30 19:41:57,309 LBFGS        PARAM    0005       -539.366703          2.517461         13.654816          4.554658         71.491539
rank #0: 2018-12-30 19:41:58,544 LBFGS        PARAM    0006       -532.012262          2.517758         15.045600          4.567074         71.472163
rank #0: 2018-12-30 19:41:59,800 LBFGS        PARAM    0007       -513.301604          2.515765         20.007714          4.618457         71.424563
rank #0: 2018-12-30 19:42:01,035 LBFGS        PARAM    0008       -503.006095          2.511287         24.025184          4.664264         71.397756
rank #0: 2018-12-30 19:42:02,291 LBFGS        PARAM    0009       -502.998717          2.508627         25.021202          4.676947         71.392353
rank #0: 2018-12-30 19:42:03,531 LBFGS        PARAM    0010       -504.176785          2.508374         24.894758          4.675830         71.392166
rank #0: 2018-12-30 19:42:04,776 LBFGS        PARAM    0011       -504.388006          2.508386         24.862567          4.675282         71.392161
rank #0: 2018-12-30 19:42:06,032 LBFGS        PARAM    0012       -504.658640          2.508384         24.857060          4.674236         71.392149
rank #0: 2018-12-30 19:42:07,266 LBFGS        PARAM    0013       -505.215870          2.508321         24.931375          4.671234         71.392123
rank #0: 2018-12-30 19:42:09,425 LBFGS        PARAM    0014       -505.179074          2.508270         25.007897          4.670637         71.392118
rank #0: 2018-12-30 19:42:10,662 LBFGS        PARAM    0015       -505.162311          2.508264         25.007286          4.670608         71.392118
rank #0: 2018-12-30 19:42:11,916 LBFGS        PARAM    0016       -505.162750          2.508265         25.007386          4.670613         71.392118
rank #0: 2018-12-30 19:42:13,153 LBFGS        PARAM    0017       -505.162673          2.508265         25.007388          4.670613         71.392118
rank #0: 2018-12-30 19:42:14,552 LBFGS        PARAM    0018       -505.162641          2.508265         25.007388          4.670613         71.392118
rank #0: 2018-12-30 19:42:45,573 LBFGS        PARAM    0019       -505.162641          2.508265         25.007388          4.670613         71.392118
rank #0: 2018-12-30 19:43:37,017 LBFGS        INFO     Linesearch failed in both LBFGS and gradient directions
rank #0: 2018-12-30 19:43:37,017 LBFGS        PARAM    0019       -505.162641          2.508265         25.007388          4.670613         71.392118
rank #0: 2018-12-30 19:43:37,018 rsdfit.lbfgs_fitter WARNING  ...LBFGS optimization finished. Time elapsed: 0:01:46.06
rank #0: 2018-12-30 19:43:37,019 rsdfit.lbfgs_fitter ERROR    nonlinear fit with method L-BFGS-B failed: Linesearch failed in both LBFGS and gradient directions
rank #0: 2018-12-30 19:43:37,019 rsdfit.fitting_driver INFO     rank 59 on nid00631     ...fitting complete
rank #0: 2018-12-30 19:43:37,022 rsdfit.fitting_driver INFO     rank 59 on nid00631     Saving the results to `/global/cscratch1/sd/nhand/eBOSS/fits/results/mocks/ezmock/v1.8e-fph/0.0001-0.3/basemodel-N-fnl/0.8-2.2/QSO-N-0365-P0+P2-mock-cov-368a762326/2018-12-30_nlopt_19i_chain0__1.npz`
rank #0: 2018-12-30 19:43:37,060 pyRSD.analysis.lbfgs_results INFO     
minimum chi2 = 71.3921181715

Free parameters [ mean ]
_______________
N              : -505.162640597
b1             : 2.50826453355
f_nl           : 25.0073880071
sigma_fog      : 4.67061325931

Constrained parameters [ mean ]
_________________________
b1sigma8       : 0.908577460056
