rank #0: 2018-10-08 11:20:43,289 rsdfit.fitting_driver INFO     rank 39 on nid00693     Calling the 'nlopt' solve function
rank #0: 2018-10-08 11:20:43,290 rsdfit.lbfgs_fitter INFO     running LBFGS for 500 iterations and then stopping
rank #0: 2018-10-08 11:20:43,291 rsdfit.lbfgs_fitter INFO     running LBFGS minimizer with priors
rank #0: 2018-10-08 11:20:43,291 root         INFO     Iter           N          b1        f_nl   sigma_fog   F(X)     
rank #0: 2018-10-08 11:20:43,292 rsdfit.lbfgs_fitter INFO     computing gradient using numerical derivative of lnlike()
rank #0: 2018-10-08 11:20:44,493 LBFGS        INFO     options = {'factr': 100000.0, 'gtol': 1e-05, 'max_iter': 500, 'test_convergence': False}
rank #0: 2018-10-08 11:20:44,493 LBFGS        PARAM    0000          0.000000          2.000000          0.000000          4.000000        126.076786
rank #0: 2018-10-08 11:20:45,854 LBFGS        PARAM    0001        111.851162          2.214469          1.995652          3.926614         95.076495
rank #0: 2018-10-08 11:20:47,078 LBFGS        PARAM    0002          9.557248          2.651121         11.728288          3.908379         76.878550
rank #0: 2018-10-08 11:20:48,325 LBFGS        PARAM    0003       -103.695096          2.579243         11.878492          4.005138         72.376033
rank #0: 2018-10-08 11:20:49,553 LBFGS        PARAM    0004       -278.852931          2.609299         15.865194          4.106291         70.065655
rank #0: 2018-10-08 11:20:50,809 LBFGS        PARAM    0005       -447.366934          2.665282         23.489855          4.132723         69.080699
rank #0: 2018-10-08 11:20:52,037 LBFGS        PARAM    0006       -490.420397          2.668922         31.297118          4.004783         68.730675
rank #0: 2018-10-08 11:20:53,288 LBFGS        PARAM    0007       -621.911187          2.644608         76.517761          3.342277         67.758607
rank #0: 2018-10-08 11:20:54,516 LBFGS        PARAM    0008       -570.492656          2.621450         99.664831          3.412307         67.435719
rank #0: 2018-10-08 11:20:55,755 LBFGS        PARAM    0009       -472.030675          2.573020        122.420718          3.542886         67.303479
rank #0: 2018-10-08 11:20:56,989 LBFGS        PARAM    0010       -477.175164          2.585975        121.427597          3.554929         67.275109
rank #0: 2018-10-08 11:20:58,220 LBFGS        PARAM    0011       -477.619599          2.586049        120.990249          3.557011         67.275025
rank #0: 2018-10-08 11:20:59,478 LBFGS        PARAM    0012       -477.711677          2.586035        121.036449          3.557160         67.275023
rank #0: 2018-10-08 11:21:00,712 LBFGS        PARAM    0013       -477.705328          2.586040        121.039367          3.557288         67.275023
rank #0: 2018-10-08 11:21:01,964 LBFGS        PARAM    0014       -477.705295          2.586040        121.039233          3.557290         67.275023
rank #0: 2018-10-08 11:21:03,331 LBFGS        PARAM    0015       -477.705287          2.586040        121.039234          3.557290         67.275023
rank #0: 2018-10-08 11:21:04,580 LBFGS        PARAM    0016       -477.705265          2.586040        121.039242          3.557290         67.275023
rank #0: 2018-10-08 11:21:05,947 LBFGS        PARAM    0017       -477.705266          2.586040        121.039242          3.557290         67.275023
rank #0: 2018-10-08 11:21:07,314 LBFGS        PARAM    0018       -477.705266          2.586040        121.039242          3.557290         67.275023
rank #0: 2018-10-08 11:21:59,186 LBFGS        INFO     Linesearch failed in both LBFGS and gradient directions
rank #0: 2018-10-08 11:21:59,187 LBFGS        PARAM    0018       -477.705266          2.586040        121.039242          3.557290         67.275023
rank #0: 2018-10-08 11:21:59,188 rsdfit.lbfgs_fitter WARNING  ...LBFGS optimization finished. Time elapsed: 0:01:14.70
rank #0: 2018-10-08 11:21:59,189 rsdfit.lbfgs_fitter ERROR    nonlinear fit with method L-BFGS-B failed: Linesearch failed in both LBFGS and gradient directions
rank #0: 2018-10-08 11:21:59,190 rsdfit.fitting_driver INFO     rank 39 on nid00693     ...fitting complete
rank #0: 2018-10-08 11:21:59,194 rsdfit.fitting_driver INFO     rank 39 on nid00693     Saving the results to `/global/cscratch1/sd/nhand/eBOSS/fits/results/mocks/ezmock/v1.8e-fph/0.005-0.3/basemodel-N-fnl/0.8-2.2/QSO-S-0441-P0+P2-mock-cov-98e9a706c6/2018-10-08_nlopt_18i_chain0__1.npz`
rank #0: 2018-10-08 11:21:59,291 pyRSD.analysis.lbfgs_results INFO     
minimum chi2 = 67.2750231293

Free parameters [ mean ]
_______________
N              : -477.705266186
b1             : 2.58604020118
f_nl           : 121.039241507
sigma_fog      : 3.55728988613

Constrained parameters [ mean ]
_________________________
b1sigma8       : 0.936750412949
