rank #0: 2018-06-24 14:16:44,258 rsdfit.fitting_driver INFO     rank 46 on nid00537     Calling the 'nlopt' solve function
rank #0: 2018-06-24 14:16:44,259 rsdfit.lbfgs_fitter INFO     running LBFGS for 500 iterations and then stopping
rank #0: 2018-06-24 14:16:44,260 rsdfit.lbfgs_fitter INFO     running LBFGS minimizer with priors
rank #0: 2018-06-24 14:16:44,261 root         INFO     Iter           N          b1        f_nl   sigma_fog   F(X)     
rank #0: 2018-06-24 14:16:44,841 LBFGS        INFO     options = {'factr': 100000.0, 'gtol': 1e-05, 'max_iter': 500, 'test_convergence': False}
rank #0: 2018-06-24 14:16:44,842 LBFGS        PARAM    0000          0.000000          2.000000          0.000000          4.000000        110.868199
rank #0: 2018-06-24 14:16:45,492 LBFGS        PARAM    0001         40.914739          2.102594          1.834580          3.982224         89.466397
rank #0: 2018-06-24 14:16:46,087 LBFGS        PARAM    0002        -25.910323          2.332970          7.500537          4.040778         71.432951
rank #0: 2018-06-24 14:16:46,682 LBFGS        PARAM    0003       -111.112913          2.339647          7.981210          4.121165         68.184455
rank #0: 2018-06-24 14:16:47,260 LBFGS        PARAM    0004       -315.541046          2.393175          9.786831          4.322558         65.279309
rank #0: 2018-06-24 14:16:47,856 LBFGS        PARAM    0005       -307.694923          2.389866          8.745014          4.333711         65.255033
rank #0: 2018-06-24 14:16:48,452 LBFGS        PARAM    0006       -293.964666          2.388241          5.794331          4.377190         65.212645
rank #0: 2018-06-24 14:16:49,041 LBFGS        PARAM    0007       -280.578450          2.392181          0.794927          4.456967         65.163926
rank #0: 2018-06-24 14:16:49,627 LBFGS        PARAM    0008       -286.049465          2.402877         -5.523671          4.493217         65.129249
rank #0: 2018-06-24 14:16:50,224 LBFGS        PARAM    0009       -291.387259          2.406874         -7.421684          4.492439         65.125921
rank #0: 2018-06-24 14:16:50,819 LBFGS        PARAM    0010       -292.785928          2.407263         -7.615695          4.487785         65.125700
rank #0: 2018-06-24 14:16:51,398 LBFGS        PARAM    0011       -293.834511          2.407264         -7.794430          4.481957         65.125559
rank #0: 2018-06-24 14:16:51,991 LBFGS        PARAM    0012       -293.799599          2.407159         -7.833394          4.481067         65.125548
rank #0: 2018-06-24 14:16:52,586 LBFGS        PARAM    0013       -293.739151          2.407135         -7.838109          4.481148         65.125548
rank #0: 2018-06-24 14:16:53,175 LBFGS        PARAM    0014       -293.728216          2.407133         -7.838544          4.481191         65.125548
rank #0: 2018-06-24 14:16:53,758 LBFGS        PARAM    0015       -293.727618          2.407134         -7.838608          4.481195         65.125548
rank #0: 2018-06-24 14:16:54,352 LBFGS        PARAM    0016       -293.727628          2.407134         -7.838617          4.481195         65.125548
rank #0: 2018-06-24 14:16:54,948 LBFGS        PARAM    0017       -293.727636          2.407134         -7.838618          4.481195         65.125548
rank #0: 2018-06-24 14:16:55,528 LBFGS        PARAM    0018       -293.727631          2.407134         -7.838618          4.481195         65.125548
rank #0: 2018-06-24 14:16:56,123 LBFGS        PARAM    0019       -293.727628          2.407134         -7.838616          4.481195         65.125548
rank #0: 2018-06-24 14:17:21,514 LBFGS        INFO     Linesearch failed in both LBFGS and gradient directions
rank #0: 2018-06-24 14:17:21,516 LBFGS        PARAM    0019       -293.727628          2.407134         -7.838616          4.481195         65.125548
rank #0: 2018-06-24 14:17:21,517 rsdfit.lbfgs_fitter WARNING  ...LBFGS optimization finished. Time elapsed: 0:00:36.68
rank #0: 2018-06-24 14:17:21,518 rsdfit.lbfgs_fitter ERROR    nonlinear fit with method L-BFGS-B failed: Linesearch failed in both LBFGS and gradient directions
rank #0: 2018-06-24 14:17:21,519 rsdfit.fitting_driver INFO     rank 46 on nid00537     ...fitting complete
rank #0: 2018-06-24 14:17:21,525 rsdfit.fitting_driver INFO     rank 46 on nid00537     Saving the results to `/global/cscratch1/sd/nhand/eBOSS/fits/results/mocks/ezmock/v1.8e-fph/0.005-0.3/basemodel-N-fnl/0.8-2.2/QSO-N-0629-P0+P2-mock-cov-1ab4f6001f/2018-06-24_nlopt_19i_chain0__1.npz`
rank #0: 2018-06-24 14:17:21,557 pyRSD.analysis.lbfgs_results INFO     
minimum chi2 = 65.1255480535

Free parameters [ mean ]
_______________
N              : -293.727627565
b1             : 2.40713354286
f_nl           : -7.83861642154
sigma_fog      : 4.48119534485

Constrained parameters [ mean ]
_________________________
b1sigma8       : 0.902399000793
