rank #0: 2018-07-15 19:38:27,609 rsdfit.fitting_driver INFO     rank 10 on nid01110     Calling the 'nlopt' solve function
rank #0: 2018-07-15 19:38:27,611 rsdfit.lbfgs_fitter INFO     running LBFGS for 500 iterations and then stopping
rank #0: 2018-07-15 19:38:27,612 rsdfit.lbfgs_fitter INFO     running LBFGS minimizer with priors
rank #0: 2018-07-15 19:38:27,613 root         INFO     Iter           N          b1        f_nl   sigma_fog   F(X)     
rank #0: 2018-07-15 19:38:28,198 LBFGS        INFO     options = {'factr': 100000.0, 'gtol': 1e-05, 'max_iter': 500, 'test_convergence': False}
rank #0: 2018-07-15 19:38:28,200 LBFGS        PARAM    0000          0.000000          2.000000          0.000000          4.000000         88.881239
rank #0: 2018-07-15 19:38:28,868 LBFGS        PARAM    0001         22.283714          2.066773          0.939085          3.966118         81.100629
rank #0: 2018-07-15 19:38:29,466 LBFGS        PARAM    0002        -28.126032          2.218681          3.384749          3.906875         74.112525
rank #0: 2018-07-15 19:38:30,049 LBFGS        PARAM    0003        -95.901433          2.231671          3.326517          3.909640         72.923150
rank #0: 2018-07-15 19:38:30,644 LBFGS        PARAM    0004       -330.923626          2.280420          1.232171          3.823072         71.012742
rank #0: 2018-07-15 19:38:31,240 LBFGS        PARAM    0005       -368.587085          2.283798         -1.431745          3.704951         70.725143
rank #0: 2018-07-15 19:38:31,821 LBFGS        PARAM    0006       -459.832083          2.289753        -12.345848          3.227391         70.180037
rank #0: 2018-07-15 19:38:32,420 LBFGS        PARAM    0007       -450.195539          2.288195        -14.224889          3.225279         70.172056
rank #0: 2018-07-15 19:38:33,015 LBFGS        PARAM    0008       -449.119140          2.288595        -14.675035          3.226500         70.171767
rank #0: 2018-07-15 19:38:33,609 LBFGS        PARAM    0009       -449.083842          2.288759        -14.857458          3.227950         70.171709
rank #0: 2018-07-15 19:38:34,185 LBFGS        PARAM    0010       -449.625650          2.289028        -14.992459          3.229656         70.171676
rank #0: 2018-07-15 19:38:34,775 LBFGS        PARAM    0011       -449.642542          2.289029        -14.990851          3.229715         70.171676
rank #0: 2018-07-15 19:38:35,364 LBFGS        PARAM    0012       -449.645031          2.289029        -14.990152          3.229713         70.171676
rank #0: 2018-07-15 19:38:35,940 LBFGS        PARAM    0013       -449.645112          2.289029        -14.990093          3.229712         70.171676
rank #0: 2018-07-15 19:38:36,595 LBFGS        PARAM    0014       -449.645117          2.289029        -14.990093          3.229712         70.171676
rank #0: 2018-07-15 19:38:37,186 LBFGS        PARAM    0015       -449.645114          2.289029        -14.990091          3.229712         70.171676
rank #0: 2018-07-15 19:38:37,776 LBFGS        PARAM    0016       -449.645115          2.289029        -14.990092          3.229712         70.171676
rank #0: 2018-07-15 19:39:03,144 LBFGS        INFO     Linesearch failed in both LBFGS and gradient directions
rank #0: 2018-07-15 19:39:03,146 LBFGS        PARAM    0016       -449.645115          2.289029        -14.990092          3.229712         70.171676
rank #0: 2018-07-15 19:39:03,147 rsdfit.lbfgs_fitter WARNING  ...LBFGS optimization finished. Time elapsed: 0:00:34.95
rank #0: 2018-07-15 19:39:03,149 rsdfit.lbfgs_fitter ERROR    nonlinear fit with method L-BFGS-B failed: Linesearch failed in both LBFGS and gradient directions
rank #0: 2018-07-15 19:39:03,151 rsdfit.fitting_driver INFO     rank 10 on nid01110     ...fitting complete
rank #0: 2018-07-15 19:39:03,155 rsdfit.fitting_driver INFO     rank 10 on nid01110     Saving the results to `/global/cscratch1/sd/nhand/eBOSS/fits/results/mocks/ezmock/v1.8e-fph/0.0001-0.3/basemodel-N-fnl/0.8-2.2/QSO-S-0988-P0+P2-mock-cov-8973e9cf3e/2018-07-15_nlopt_16i_chain0__1.npz`
rank #0: 2018-07-15 19:39:03,182 pyRSD.analysis.lbfgs_results INFO     
minimum chi2 = 70.1716760784

Free parameters [ mean ]
_______________
N              : -449.645114526
b1             : 2.28902935684
f_nl           : -14.9900924534
sigma_fog      : 3.22971212313

Constrained parameters [ mean ]
_________________________
b1sigma8       : 0.911750631915
