rank #0: 2018-10-04 22:15:48,852 rsdfit.fitting_driver INFO     rank 31 on nid12887     Calling the 'nlopt' solve function
rank #0: 2018-10-04 22:15:48,853 rsdfit.lbfgs_fitter INFO     running LBFGS for 500 iterations and then stopping
rank #0: 2018-10-04 22:15:48,853 rsdfit.lbfgs_fitter INFO     running LBFGS minimizer with priors
rank #0: 2018-10-04 22:15:48,854 root         INFO     Iter           N          b1        f_nl   sigma_fog   F(X)     
rank #0: 2018-10-04 22:15:48,854 rsdfit.lbfgs_fitter INFO     computing gradient using numerical derivative of lnlike()
rank #0: 2018-10-04 22:15:50,017 LBFGS        INFO     options = {'factr': 100000.0, 'gtol': 1e-05, 'max_iter': 500, 'test_convergence': False}
rank #0: 2018-10-04 22:15:50,018 LBFGS        PARAM    0000          0.000000          2.000000          0.000000          4.000000        113.565762
rank #0: 2018-10-04 22:15:51,379 LBFGS        PARAM    0001         30.162834          2.105841          2.039484          3.977386        100.763659
rank #0: 2018-10-04 22:15:52,583 LBFGS        PARAM    0002        -62.089207          2.356208          9.154411          4.030808         88.878908
rank #0: 2018-10-04 22:15:53,811 LBFGS        PARAM    0003       -166.915250          2.364393          9.966401          4.110119         86.397208
rank #0: 2018-10-04 22:15:55,019 LBFGS        PARAM    0004       -408.742887          2.420109         12.535543          4.280080         84.345827
rank #0: 2018-10-04 22:15:56,226 LBFGS        PARAM    0005       -405.000146          2.414087         11.340103          4.257090         84.325795
rank #0: 2018-10-04 22:15:57,452 LBFGS        PARAM    0006       -407.657838          2.413104          9.927767          4.229799         84.312198
rank #0: 2018-10-04 22:15:58,662 LBFGS        PARAM    0007       -426.116768          2.416806          5.754236          4.153799         84.284861
rank #0: 2018-10-04 22:15:59,886 LBFGS        PARAM    0008       -439.848255          2.423757          3.259161          4.136058         84.277088
rank #0: 2018-10-04 22:16:01,086 LBFGS        PARAM    0009       -440.978017          2.424524          3.048298          4.137278         84.276985
rank #0: 2018-10-04 22:16:02,305 LBFGS        PARAM    0010       -440.919550          2.424685          2.976502          4.138734         84.276960
rank #0: 2018-10-04 22:16:03,505 LBFGS        PARAM    0011       -440.317116          2.424821          2.806277          4.142131         84.276922
rank #0: 2018-10-04 22:16:04,707 LBFGS        PARAM    0012       -440.035711          2.424747          2.770690          4.142608         84.276919
rank #0: 2018-10-04 22:16:05,932 LBFGS        PARAM    0013       -440.015498          2.424739          2.771026          4.142593         84.276919
rank #0: 2018-10-04 22:16:07,141 LBFGS        PARAM    0014       -440.015613          2.424738          2.771326          4.142588         84.276919
rank #0: 2018-10-04 22:16:08,381 LBFGS        PARAM    0015       -440.015735          2.424738          2.771346          4.142587         84.276919
rank #0: 2018-10-04 22:17:02,749 LBFGS        INFO     Linesearch failed in both LBFGS and gradient directions
rank #0: 2018-10-04 22:17:02,754 LBFGS        PARAM    0015       -440.015735          2.424738          2.771346          4.142587         84.276919
rank #0: 2018-10-04 22:17:02,755 rsdfit.lbfgs_fitter WARNING  ...LBFGS optimization finished. Time elapsed: 0:01:12.74
rank #0: 2018-10-04 22:17:02,756 rsdfit.lbfgs_fitter ERROR    nonlinear fit with method L-BFGS-B failed: Linesearch failed in both LBFGS and gradient directions
rank #0: 2018-10-04 22:17:02,757 rsdfit.fitting_driver INFO     rank 31 on nid12887     ...fitting complete
rank #0: 2018-10-04 22:17:02,760 rsdfit.fitting_driver INFO     rank 31 on nid12887     Saving the results to `/global/cscratch1/sd/nhand/eBOSS/fits/results/mocks/ezmock/v1.8e-fph/0.005-0.3/basemodel-N-fnl/0.8-2.2/QSO-S-0314-P0+P2-mock-cov-96ccb1008d/2018-10-04_nlopt_15i_chain0__1.npz`
rank #0: 2018-10-04 22:17:02,864 pyRSD.analysis.lbfgs_results INFO     
minimum chi2 = 84.2769187934

Free parameters [ mean ]
_______________
N              : -440.015735398
b1             : 2.42473808625
f_nl           : 2.77134572426
sigma_fog      : 4.14258718704

Constrained parameters [ mean ]
_________________________
b1sigma8       : 0.908998685472
