rank #0: 2017-11-27 21:25:48,465 rsdfit.fitting_driver INFO     rank 41 on nid00560     Calling the 'nlopt' solve function
rank #0: 2017-11-27 21:25:48,465 rsdfit.lbfgs_fitter INFO     running LBFGS for 500 iterations and then stopping
rank #0: 2017-11-27 21:25:48,465 rsdfit.lbfgs_fitter INFO     running LBFGS minimizer with priors
rank #0: 2017-11-27 21:25:48,465 root         INFO     Iter           N   alpha_par   alpha_perp          b1           f    sigma8_z   sigma_fog   F(X)     
rank #0: 2017-11-27 21:25:49,293 LBFGS        INFO     options = {'factr': 100000.0, 'gtol': 1e-05, 'max_iter': 500, 'test_convergence': False}
rank #0: 2017-11-27 21:25:49,294 LBFGS        PARAM    0000          0.000000          1.000000          1.000000          2.000000          0.930883          0.398070          4.000000        102.137327
rank #0: 2017-11-27 21:25:50,208 LBFGS        PARAM    0001         -0.057604          0.999846          0.999870          2.001731          0.930926          0.399171          4.000635        100.550539
rank #0: 2017-11-27 21:25:51,069 LBFGS        PARAM    0002        -19.204233          0.992350          0.996055          2.058946          0.931205          0.430978          4.059172         80.490982
rank #0: 2017-11-27 21:25:51,934 LBFGS        PARAM    0003        -26.992720          0.991795          0.997115          2.049760          0.930321          0.424377          4.078083         78.562711
rank #0: 2017-11-27 21:25:52,800 LBFGS        PARAM    0004        -42.333157          0.989187          0.997564          2.051515          0.929204          0.423057          4.117747         77.418670
rank #0: 2017-11-27 21:25:53,673 LBFGS        PARAM    0005       -217.199357          0.957936          1.001400          2.085027          0.916791          0.416009          4.576400         69.646468
rank #0: 2017-11-27 21:25:54,546 LBFGS        PARAM    0006       -255.030511          0.946711          1.001320          2.099867          0.912769          0.417605          4.728954         68.501145
rank #0: 2017-11-27 21:25:55,421 LBFGS        PARAM    0007       -250.382301          0.945326          1.000666          2.102156          0.912414          0.418626          4.745151         68.412581
rank #0: 2017-11-27 21:25:56,296 LBFGS        PARAM    0008       -244.678217          0.945207          1.000223          2.102158          0.912449          0.418848          4.745633         68.393704
rank #0: 2017-11-27 21:25:57,171 LBFGS        PARAM    0009       -227.935237          0.944529          0.998781          2.101719          0.912424          0.418950          4.752543         68.343537
rank #0: 2017-11-27 21:25:58,045 LBFGS        PARAM    0010       -194.565388          0.942498          0.995566          2.100405          0.912143          0.418416          4.777174         68.248883
rank #0: 2017-11-27 21:25:58,920 LBFGS        PARAM    0011       -145.381462          0.938575          0.989881          2.097587          0.911520          0.416661          4.830005         68.111439
rank #0: 2017-11-27 21:25:59,794 LBFGS        PARAM    0012        -98.512388          0.934008          0.973572          2.086007          0.912775          0.413862          4.935720         67.842326
rank #0: 2017-11-27 21:26:00,666 LBFGS        PARAM    0013        -72.879869          0.933473          0.952970          2.072937          0.914655          0.410142          5.094104         67.604277
rank #0: 2017-11-27 21:26:01,538 LBFGS        PARAM    0014        -82.074175          0.935162          0.949761          2.070974          0.915258          0.409795          5.119162         67.582363
rank #0: 2017-11-27 21:26:02,411 LBFGS        PARAM    0015        -83.494786          0.936219          0.948863          2.070711          0.915410          0.409806          5.127364         67.576571
rank #0: 2017-11-27 21:26:03,283 LBFGS        PARAM    0016        -82.691511          0.941030          0.946162          2.072781          0.915094          0.409788          5.180697         67.547661
rank #0: 2017-11-27 21:26:04,155 LBFGS        PARAM    0017        -72.537374          0.954827          0.940810          2.084531          0.912402          0.409345          5.360231         67.475988
rank #0: 2017-11-27 21:26:05,028 LBFGS        PARAM    0018        -51.329277          0.971739          0.936213          2.107009          0.906332          0.407975          5.609256         67.402737
rank #0: 2017-11-27 21:26:05,901 LBFGS        PARAM    0019        -35.099328          0.979871          0.932482          2.133689          0.896451          0.405417          5.731446         67.375710
rank #0: 2017-11-27 21:26:06,775 LBFGS        PARAM    0020        -36.270015          0.980171          0.934363          2.136572          0.895576          0.405160          5.729950         67.367226
rank #0: 2017-11-27 21:26:07,649 LBFGS        PARAM    0021        -36.225786          0.979886          0.935132          2.139509          0.894359          0.404689          5.725911         67.365103
rank #0: 2017-11-27 21:26:08,523 LBFGS        PARAM    0022        -36.583090          0.979753          0.935091          2.140877          0.893708          0.404436          5.722014         67.364548
rank #0: 2017-11-27 21:26:09,400 LBFGS        PARAM    0023        -39.021191          0.979600          0.934128          2.149618          0.889560          0.402848          5.700971         67.361889
rank #0: 2017-11-27 21:26:10,273 LBFGS        PARAM    0024        -41.191111          0.980197          0.932757          2.157336          0.885967          0.401503          5.687884         67.360187
rank #0: 2017-11-27 21:26:11,146 LBFGS        PARAM    0025        -42.455818          0.981252          0.931459          2.162327          0.883768          0.400694          5.685561         67.359339
rank #0: 2017-11-27 21:26:12,017 LBFGS        PARAM    0026        -42.467900          0.981523          0.931274          2.162355          0.883792          0.400713          5.687301         67.359271
rank #0: 2017-11-27 21:26:12,892 LBFGS        PARAM    0027        -42.401317          0.981539          0.931296          2.162084          0.883921          0.400761          5.687902         67.359269
rank #0: 2017-11-27 21:26:13,767 LBFGS        PARAM    0028        -42.392909          0.981538          0.931302          2.162042          0.883940          0.400768          5.687978         67.359269
rank #0: 2017-11-27 21:26:14,638 LBFGS        PARAM    0029        -42.392657          0.981538          0.931303          2.162040          0.883941          0.400768          5.687985         67.359269
rank #0: 2017-11-27 21:26:38,365 LBFGS        INFO     Linesearch failed in both LBFGS and gradient directions
rank #0: 2017-11-27 21:26:38,365 LBFGS        PARAM    0029        -42.392657          0.981538          0.931303          2.162040          0.883941          0.400768          5.687985         67.359269
rank #0: 2017-11-27 21:26:38,366 rsdfit.lbfgs_fitter WARNING  ...LBFGS optimization finished. Time elapsed: 0:00:49.07
rank #0: 2017-11-27 21:26:38,366 rsdfit.lbfgs_fitter ERROR    nonlinear fit with method L-BFGS-B failed: Linesearch failed in both LBFGS and gradient directions
rank #0: 2017-11-27 21:26:38,367 rsdfit.fitting_driver INFO     rank 41 on nid00560     ...fitting complete
rank #0: 2017-11-27 21:26:38,370 rsdfit.fitting_driver INFO     rank 41 on nid00560     Saving the results to `/global/cscratch1/sd/nhand/eBOSS/fits/results/mocks/ezmock/v1.8e-fph/0.0001-0.3/basemodel-fs8-alphas-N/0.8-2.2/QSO-N-0654-P0+P2-mock-cov-976ba3841e/2017-11-27_nlopt_29i_chain0__1.npz`
rank #0: 2017-11-27 21:26:38,390 pyRSD.analysis.lbfgs_results INFO     
minimum chi2 = 67.3592693988

Free parameters [ mean ]
_______________
N              : -42.3926570038
alpha_par      : 0.981537911125
alpha_perp     : 0.931302629068
b1             : 2.16204033994
f              : 0.883941362712
sigma8_z       : 0.400768431421
sigma_fog      : 5.6879848573

Constrained parameters [ mean ]
_________________________
F_AP           : 1.0539408786
alpha          : 0.947755351816
b1sigma8       : 0.866477515705
epsilon        : 0.0176663548826
fsigma8        : 0.354255793402
