rank #0: 2018-07-16 19:48:39,250 rsdfit.fitting_driver INFO     rank 48 on nid00619     Calling the 'nlopt' solve function
rank #0: 2018-07-16 19:48:39,251 rsdfit.lbfgs_fitter INFO     running LBFGS for 500 iterations and then stopping
rank #0: 2018-07-16 19:48:39,251 rsdfit.lbfgs_fitter INFO     running LBFGS minimizer with priors
rank #0: 2018-07-16 19:48:39,252 root         INFO     Iter           N          b1        f_nl   sigma_fog   F(X)     
rank #0: 2018-07-16 19:48:39,830 LBFGS        INFO     options = {'factr': 100000.0, 'gtol': 1e-05, 'max_iter': 500, 'test_convergence': False}
rank #0: 2018-07-16 19:48:39,831 LBFGS        PARAM    0000          0.000000          2.000000          0.000000          4.000000         82.272474
rank #0: 2018-07-16 19:48:40,493 LBFGS        PARAM    0001        -16.137367          2.047621          1.256091          3.999636         76.115925
rank #0: 2018-07-16 19:48:41,071 LBFGS        PARAM    0002       -184.432064          2.185338          6.680042          4.052366         65.718699
rank #0: 2018-07-16 19:48:41,666 LBFGS        PARAM    0003       -309.977760          2.207651          9.158664          4.093792         62.996593
rank #0: 2018-07-16 19:48:42,260 LBFGS        PARAM    0004       -394.464160          2.208398         11.963096          4.064999         62.220206
rank #0: 2018-07-16 19:48:42,846 LBFGS        PARAM    0005       -413.603307          2.208570         13.550587          4.025236         62.085133
rank #0: 2018-07-16 19:48:43,433 LBFGS        PARAM    0006       -477.996403          2.204617         22.418586          3.779366         61.548191
rank #0: 2018-07-16 19:48:44,027 LBFGS        PARAM    0007       -495.341633          2.196693         31.926158          3.574433         61.216822
rank #0: 2018-07-16 19:48:44,622 LBFGS        PARAM    0008       -480.799377          2.187370         39.586106          3.499421         61.075222
rank #0: 2018-07-16 19:48:45,200 LBFGS        PARAM    0009       -461.711708          2.180611         45.336237          3.497212         61.010576
rank #0: 2018-07-16 19:48:45,795 LBFGS        PARAM    0010       -446.572494          2.175257         50.822037          3.527440         60.963130
rank #0: 2018-07-16 19:48:46,390 LBFGS        PARAM    0011       -444.128581          2.172168         56.263857          3.573604         60.927799
rank #0: 2018-07-16 19:48:46,979 LBFGS        PARAM    0012       -444.111627          2.172362         55.991844          3.589005         60.926187
rank #0: 2018-07-16 19:48:47,569 LBFGS        PARAM    0013       -444.502345          2.172674         55.815669          3.590462         60.926151
rank #0: 2018-07-16 19:48:48,801 LBFGS        PARAM    0014       -444.547392          2.172675         55.796877          3.590316         60.926150
rank #0: 2018-07-16 19:48:49,379 LBFGS        PARAM    0015       -444.553609          2.172677         55.798256          3.590291         60.926150
rank #0: 2018-07-16 19:48:49,976 LBFGS        PARAM    0016       -444.554276          2.172677         55.798403          3.590289         60.926150
rank #0: 2018-07-16 19:48:50,573 LBFGS        PARAM    0017       -444.554323          2.172677         55.798408          3.590289         60.926150
rank #0: 2018-07-16 19:48:51,162 LBFGS        PARAM    0018       -444.554321          2.172677         55.798409          3.590289         60.926150
rank #0: 2018-07-16 19:48:51,748 LBFGS        PARAM    0019       -444.554322          2.172677         55.798410          3.590289         60.926150
rank #0: 2018-07-16 19:49:17,353 LBFGS        INFO     Linesearch failed in both LBFGS and gradient directions
rank #0: 2018-07-16 19:49:17,354 LBFGS        PARAM    0019       -444.554322          2.172677         55.798410          3.590289         60.926150
rank #0: 2018-07-16 19:49:17,355 rsdfit.lbfgs_fitter WARNING  ...LBFGS optimization finished. Time elapsed: 0:00:37.53
rank #0: 2018-07-16 19:49:17,356 rsdfit.lbfgs_fitter ERROR    nonlinear fit with method L-BFGS-B failed: Linesearch failed in both LBFGS and gradient directions
rank #0: 2018-07-16 19:49:17,357 rsdfit.fitting_driver INFO     rank 48 on nid00619     ...fitting complete
rank #0: 2018-07-16 19:49:17,360 rsdfit.fitting_driver INFO     rank 48 on nid00619     Saving the results to `/global/cscratch1/sd/nhand/eBOSS/fits/results/mocks/ezmock/v1.8e-fph/0.005-0.3/basemodel-N-fnl/0.8-2.2/QSO-N-0558-P0+P2-mock-cov-8973e9cf3e/2018-07-16_nlopt_19i_chain0__1.npz`
rank #0: 2018-07-16 19:49:17,387 pyRSD.analysis.lbfgs_results INFO     
minimum chi2 = 60.926150355

Free parameters [ mean ]
_______________
N              : -444.554322273
b1             : 2.17267668331
f_nl           : 55.7984099949
sigma_fog      : 3.59028880913

Constrained parameters [ mean ]
_________________________
b1sigma8       : 0.865405824977
