rank #0: 2018-07-15 19:54:39,045 rsdfit.fitting_driver INFO     rank 4 on nid00604     Calling the 'nlopt' solve function
rank #0: 2018-07-15 19:54:39,045 rsdfit.lbfgs_fitter INFO     running LBFGS for 500 iterations and then stopping
rank #0: 2018-07-15 19:54:39,046 rsdfit.lbfgs_fitter INFO     running LBFGS minimizer with priors
rank #0: 2018-07-15 19:54:39,046 root         INFO     Iter           N          b1        f_nl   sigma_fog   F(X)     
rank #0: 2018-07-15 19:54:39,623 LBFGS        INFO     options = {'factr': 100000.0, 'gtol': 1e-05, 'max_iter': 500, 'test_convergence': False}
rank #0: 2018-07-15 19:54:39,624 LBFGS        PARAM    0000          0.000000          2.000000          0.000000          4.000000         89.689156
rank #0: 2018-07-15 19:54:40,287 LBFGS        PARAM    0001         -9.283935          2.058137          0.595140          4.022951         81.936288
rank #0: 2018-07-15 19:54:40,871 LBFGS        PARAM    0002       -139.653937          2.194066          2.935717          4.191000         71.618291
rank #0: 2018-07-15 19:54:41,462 LBFGS        PARAM    0003       -255.273586          2.226396          4.217435          4.344751         68.397621
rank #0: 2018-07-15 19:54:42,061 LBFGS        PARAM    0004       -321.175076          2.230515          5.880491          4.522388         67.306174
rank #0: 2018-07-15 19:54:42,664 LBFGS        PARAM    0005       -319.913628          2.231124          6.681717          4.576514         67.190874
rank #0: 2018-07-15 19:54:43,250 LBFGS        PARAM    0006       -275.216087          2.230314         11.780766          4.866326         66.720268
rank #0: 2018-07-15 19:54:43,850 LBFGS        PARAM    0007       -225.483812          2.226454         17.515745          5.003106         66.539555
rank #0: 2018-07-15 19:54:44,453 LBFGS        PARAM    0008       -209.576915          2.223457         20.291568          5.023412         66.512984
rank #0: 2018-07-15 19:54:45,044 LBFGS        PARAM    0009       -202.215417          2.221328         23.402269          5.022547         66.491268
rank #0: 2018-07-15 19:54:45,632 LBFGS        PARAM    0010       -194.881078          2.216710         31.891295          5.002790         66.443143
rank #0: 2018-07-15 19:54:46,225 LBFGS        PARAM    0011       -199.595104          2.213082         40.995836          4.972257         66.400592
rank #0: 2018-07-15 19:54:46,818 LBFGS        PARAM    0012       -212.722674          2.212639         44.533785          4.953457         66.382652
rank #0: 2018-07-15 19:54:47,396 LBFGS        PARAM    0013       -216.837454          2.213374         43.890263          4.946873         66.381699
rank #0: 2018-07-15 19:54:47,987 LBFGS        PARAM    0014       -217.222091          2.213502         43.716800          4.946018         66.381686
rank #0: 2018-07-15 19:54:48,579 LBFGS        PARAM    0015       -217.223962          2.213502         43.712503          4.945961         66.381686
rank #0: 2018-07-15 19:54:49,166 LBFGS        PARAM    0016       -217.224008          2.213502         43.712641          4.945960         66.381686
rank #0: 2018-07-15 19:54:49,753 LBFGS        PARAM    0017       -217.223990          2.213502         43.712646          4.945960         66.381686
rank #0: 2018-07-15 19:55:15,594 LBFGS        INFO     Linesearch failed in both LBFGS and gradient directions
rank #0: 2018-07-15 19:55:15,595 LBFGS        PARAM    0017       -217.223990          2.213502         43.712646          4.945960         66.381686
rank #0: 2018-07-15 19:55:15,596 rsdfit.lbfgs_fitter WARNING  ...LBFGS optimization finished. Time elapsed: 0:00:35.97
rank #0: 2018-07-15 19:55:15,596 rsdfit.lbfgs_fitter ERROR    nonlinear fit with method L-BFGS-B failed: Linesearch failed in both LBFGS and gradient directions
rank #0: 2018-07-15 19:55:15,597 rsdfit.fitting_driver INFO     rank 4 on nid00604     ...fitting complete
rank #0: 2018-07-15 19:55:15,600 rsdfit.fitting_driver INFO     rank 4 on nid00604     Saving the results to `/global/cscratch1/sd/nhand/eBOSS/fits/results/mocks/ezmock/v1.8e-fph/0.0001-0.3/basemodel-N-fnl/0.8-2.2/QSO-N-0139-P0+P2-mock-cov-a8bcb55756/2018-07-15_nlopt_17i_chain0__1.npz`
rank #0: 2018-07-15 19:55:15,627 pyRSD.analysis.lbfgs_results INFO     
minimum chi2 = 66.381686096

Free parameters [ mean ]
_______________
N              : -217.223989731
b1             : 2.21350236438
f_nl           : 43.7126460765
sigma_fog      : 4.94595962763

Constrained parameters [ mean ]
_________________________
b1sigma8       : 0.881667233072
