rank #0: 2017-11-27 20:55:19,469 rsdfit.fitting_driver INFO     rank 81 on nid00811     Calling the 'nlopt' solve function
rank #0: 2017-11-27 20:55:19,470 rsdfit.lbfgs_fitter INFO     running LBFGS for 500 iterations and then stopping
rank #0: 2017-11-27 20:55:19,470 rsdfit.lbfgs_fitter INFO     running LBFGS minimizer with priors
rank #0: 2017-11-27 20:55:19,470 root         INFO     Iter           N          b1        f_nl   sigma_fog   F(X)     
rank #0: 2017-11-27 20:55:19,965 LBFGS        INFO     options = {'factr': 100000.0, 'gtol': 1e-05, 'max_iter': 500, 'test_convergence': False}
rank #0: 2017-11-27 20:55:19,966 LBFGS        PARAM    0000          0.000000          2.000000          0.000000          4.000000        111.381428
rank #0: 2017-11-27 20:55:20,522 LBFGS        PARAM    0001         -6.828254          2.084370          0.910126          3.979039         97.459945
rank #0: 2017-11-27 20:55:21,026 LBFGS        PARAM    0002       -111.941215          2.256727          5.103292          3.933363         86.269147
rank #0: 2017-11-27 20:55:21,531 LBFGS        PARAM    0003       -169.870492          2.244018          6.195677          3.926354         84.808878
rank #0: 2017-11-27 20:55:22,034 LBFGS        PARAM    0004       -437.740385          2.243216         12.900052          3.847909         81.793247
rank #0: 2017-11-27 20:55:22,537 LBFGS        PARAM    0005       -535.274728          2.252321         18.851579          3.684734         80.879388
rank #0: 2017-11-27 20:55:23,041 LBFGS        PARAM    0006       -675.139943          2.251085         39.965380          3.116171         79.270558
rank #0: 2017-11-27 20:55:23,543 LBFGS        PARAM    0007       -684.302138          2.247821         68.126928          2.946544         78.307337
rank #0: 2017-11-27 20:55:24,047 LBFGS        PARAM    0008       -611.293292          2.220876        136.565999          2.804214         77.609076
rank #0: 2017-11-27 20:55:24,550 LBFGS        PARAM    0009       -558.498771          2.213041        113.820146          2.969208         77.169696
rank #0: 2017-11-27 20:55:25,053 LBFGS        PARAM    0010       -542.169114          2.213576        118.433574          3.043667         77.099372
rank #0: 2017-11-27 20:55:25,558 LBFGS        PARAM    0011       -538.940184          2.212572        121.733504          3.096294         77.081539
rank #0: 2017-11-27 20:55:26,064 LBFGS        PARAM    0012       -540.631918          2.212571        121.364562          3.099834         77.081232
rank #0: 2017-11-27 20:55:26,569 LBFGS        PARAM    0013       -540.644980          2.212504        121.368664          3.099820         77.081229
rank #0: 2017-11-27 20:55:27,070 LBFGS        PARAM    0014       -540.639436          2.212500        121.370393          3.099813         77.081229
rank #0: 2017-11-27 20:55:27,573 LBFGS        PARAM    0015       -540.639197          2.212500        121.370450          3.099813         77.081229
rank #0: 2017-11-27 20:55:28,133 LBFGS        PARAM    0016       -540.639198          2.212500        121.370450          3.099813         77.081229
rank #0: 2017-11-27 20:55:49,820 LBFGS        INFO     Linesearch failed in both LBFGS and gradient directions
rank #0: 2017-11-27 20:55:49,820 LBFGS        PARAM    0016       -540.639198          2.212500        121.370450          3.099813         77.081229
rank #0: 2017-11-27 20:55:49,821 rsdfit.lbfgs_fitter WARNING  ...LBFGS optimization finished. Time elapsed: 0:00:29.86
rank #0: 2017-11-27 20:55:49,821 rsdfit.lbfgs_fitter ERROR    nonlinear fit with method L-BFGS-B failed: Linesearch failed in both LBFGS and gradient directions
rank #0: 2017-11-27 20:55:49,821 rsdfit.fitting_driver INFO     rank 81 on nid00811     ...fitting complete
rank #0: 2017-11-27 20:55:49,824 rsdfit.fitting_driver INFO     rank 81 on nid00811     Saving the results to `/global/cscratch1/sd/nhand/eBOSS/fits/results/mocks/ezmock/v1.8e-fph/0.0001-0.3/basemodel-N-fnl/0.8-2.2/QSO-N-0096-P0+P2-mock-cov-a9f629560d/2017-11-27_nlopt_16i_chain0__2.npz`
rank #0: 2017-11-27 20:55:49,847 pyRSD.analysis.lbfgs_results INFO     
minimum chi2 = 77.0812290336

Free parameters [ mean ]
_______________
N              : -540.639198163
b1             : 2.21249990584
f_nl           : 121.370449852
sigma_fog      : 3.09981308472

Constrained parameters [ mean ]
_________________________
b1sigma8       : 0.880730599334
