rank #0: 2018-07-15 20:13:53,686 rsdfit.fitting_driver INFO     rank 46 on nid00568     Calling the 'nlopt' solve function
rank #0: 2018-07-15 20:13:53,687 rsdfit.lbfgs_fitter INFO     running LBFGS for 500 iterations and then stopping
rank #0: 2018-07-15 20:13:53,687 rsdfit.lbfgs_fitter INFO     running LBFGS minimizer with priors
rank #0: 2018-07-15 20:13:53,688 root         INFO     Iter           N          b1        f_nl   sigma_fog   F(X)     
rank #0: 2018-07-15 20:13:54,284 LBFGS        INFO     options = {'factr': 100000.0, 'gtol': 1e-05, 'max_iter': 500, 'test_convergence': False}
rank #0: 2018-07-15 20:13:54,286 LBFGS        PARAM    0000          0.000000          2.000000          0.000000          4.000000        148.148416
rank #0: 2018-07-15 20:13:54,943 LBFGS        PARAM    0001         26.981004          2.161550          1.361057          3.998875        118.165165
rank #0: 2018-07-15 20:13:55,534 LBFGS        PARAM    0002       -146.569140          2.522687          8.146630          4.239803         89.063152
rank #0: 2018-07-15 20:13:56,110 LBFGS        PARAM    0003       -352.638199          2.562872          9.617370          4.432582         79.443734
rank #0: 2018-07-15 20:13:56,700 LBFGS        PARAM    0004       -638.348736          2.610936         11.822389          4.705448         74.454334
rank #0: 2018-07-15 20:13:57,293 LBFGS        PARAM    0005       -633.248993          2.609209         12.055570          4.700571         74.451741
rank #0: 2018-07-15 20:13:57,871 LBFGS        PARAM    0006       -630.952458          2.608486         12.799796          4.698414         74.448798
rank #0: 2018-07-15 20:13:58,461 LBFGS        PARAM    0007       -626.069552          2.605138         16.268757          4.693575         74.440583
rank #0: 2018-07-15 20:13:59,051 LBFGS        PARAM    0008       -629.047977          2.604818         17.931674          4.692426         74.438215
rank #0: 2018-07-15 20:13:59,643 LBFGS        PARAM    0009       -630.560987          2.604681         18.068624          4.692376         74.438029
rank #0: 2018-07-15 20:14:00,217 LBFGS        PARAM    0010       -630.795991          2.604827         18.025158          4.692482         74.438025
rank #0: 2018-07-15 20:14:00,806 LBFGS        PARAM    0011       -630.810240          2.604817         18.020242          4.692333         74.438024
rank #0: 2018-07-15 20:14:01,395 LBFGS        PARAM    0012       -630.907163          2.604806         18.015828          4.691732         74.438023
rank #0: 2018-07-15 20:14:01,975 LBFGS        PARAM    0013       -630.951327          2.604813         18.020607          4.691561         74.438023
rank #0: 2018-07-15 20:14:02,564 LBFGS        PARAM    0014       -630.955877          2.604815         18.021230          4.691552         74.438023
rank #0: 2018-07-15 20:14:03,156 LBFGS        PARAM    0015       -630.955781          2.604815         18.021266          4.691553         74.438023
rank #0: 2018-07-15 20:14:03,749 LBFGS        PARAM    0016       -630.955783          2.604815         18.021268          4.691553         74.438023
rank #0: 2018-07-15 20:14:04,325 LBFGS        PARAM    0017       -630.955763          2.604815         18.021270          4.691553         74.438023
rank #0: 2018-07-15 20:14:30,215 LBFGS        INFO     Linesearch failed in both LBFGS and gradient directions
rank #0: 2018-07-15 20:14:30,216 LBFGS        PARAM    0017       -630.955763          2.604815         18.021270          4.691553         74.438023
rank #0: 2018-07-15 20:14:30,217 rsdfit.lbfgs_fitter WARNING  ...LBFGS optimization finished. Time elapsed: 0:00:35.93
rank #0: 2018-07-15 20:14:30,217 rsdfit.lbfgs_fitter ERROR    nonlinear fit with method L-BFGS-B failed: Linesearch failed in both LBFGS and gradient directions
rank #0: 2018-07-15 20:14:30,219 rsdfit.fitting_driver INFO     rank 46 on nid00568     ...fitting complete
rank #0: 2018-07-15 20:14:30,222 rsdfit.fitting_driver INFO     rank 46 on nid00568     Saving the results to `/global/cscratch1/sd/nhand/eBOSS/fits/results/mocks/ezmock/v1.8e-fph/0.0001-0.3/basemodel-N-fnl/0.8-2.2/QSO-N-0428-P0+P2-mock-cov-f224d44da7/2018-07-15_nlopt_17i_chain0__1.npz`
rank #0: 2018-07-15 20:14:30,248 pyRSD.analysis.lbfgs_results INFO     
minimum chi2 = 74.4380232053

Free parameters [ mean ]
_______________
N              : -630.955762559
b1             : 2.60481524623
f_nl           : 18.0212697079
sigma_fog      : 4.6915534203

Constrained parameters [ mean ]
_________________________
b1sigma8       : 0.943551363375
