rank #0: 2017-10-06 22:36:03,633 rsdfit.fitting_driver INFO     rank 0 on utley        using L-BFGS soler to find the maximum probability values to use as initialization
rank #0: 2017-10-06 22:36:03,633 rsdfit.lbfgs_fitter INFO     running LBFGS minimizer with priors
rank #0: 2017-10-06 22:36:03,633 root         INFO     Iter          b1   sigma_fog   F(X)     
rank #0: 2017-10-06 22:36:03,959 LBFGS        INFO     options = {'factr': 100000.0, 'gtol': 1e-05, 'test_convergence': False}
rank #0: 2017-10-06 22:36:03,959 LBFGS        PARAM    0000          2.000000          4.000000        217.757664
rank #0: 2017-10-06 22:36:04,170 LBFGS        PARAM    0001          2.424741          3.599426        114.551799
rank #0: 2017-10-06 22:36:04,337 LBFGS        PARAM    0002          3.095696          3.500789        104.051555
rank #0: 2017-10-06 22:36:04,504 LBFGS        PARAM    0003          2.778210          3.837439         78.067758
rank #0: 2017-10-06 22:36:04,675 LBFGS        PARAM    0004          2.833535          3.967050         76.511497
rank #0: 2017-10-06 22:36:04,846 LBFGS        PARAM    0005          2.888080          4.271532         75.422106
rank #0: 2017-10-06 22:36:05,019 LBFGS        PARAM    0006          2.898151          4.489233         75.116664
rank #0: 2017-10-06 22:36:05,186 LBFGS        PARAM    0007          2.896731          4.525674         75.104988
rank #0: 2017-10-06 22:36:05,353 LBFGS        PARAM    0008          2.896477          4.526880         75.104949
rank #0: 2017-10-06 22:36:05,528 LBFGS        PARAM    0009          2.896455          4.526799         75.104948
rank #0: 2017-10-06 22:36:05,696 LBFGS        PARAM    0010          2.896453          4.526786         75.104948
rank #0: 2017-10-06 22:36:05,870 LBFGS        PARAM    0011          2.896453          4.526785         75.104948
rank #0: 2017-10-06 22:36:06,041 LBFGS        PARAM    0012          2.896453          4.526785         75.104948
rank #0: 2017-10-06 22:36:06,209 LBFGS        PARAM    0013          2.896453          4.526785         75.104948
rank #0: 2017-10-06 22:36:13,457 LBFGS        PARAM    0014          2.896453          4.526785         75.104948
rank #0: 2017-10-06 22:36:13,633 LBFGS        PARAM    0015          2.896453          4.526785         75.104948
rank #0: 2017-10-06 22:36:27,582 LBFGS        INFO     Linesearch failed in both LBFGS and gradient directions
rank #0: 2017-10-06 22:36:27,582 LBFGS        PARAM    0015          2.896453          4.526785         75.104948
rank #0: 2017-10-06 22:36:27,583 rsdfit.lbfgs_fitter WARNING  ...LBFGS optimization finished. Time elapsed: 0:00:23.62
rank #0: 2017-10-06 22:36:27,583 rsdfit.lbfgs_fitter ERROR    nonlinear fit with method L-BFGS-B failed: Linesearch failed in both LBFGS and gradient directions
rank #0: 2017-10-06 22:36:27,583 rsdfit.fitting_driver INFO     rank 0 on utley        ...done compute maximum probability
rank #0: 2017-10-06 22:36:27,583 rsdfit.fitting_driver INFO     rank 0 on utley        Calling the 'mcmc' solve function
rank #0: 2017-10-06 22:36:27,583 rsdfit.emcee_fitter WARNING  EMCEE: initializing walkers in random ball around maximum probability parameters
rank #0: 2017-10-06 22:36:27,583 rsdfit.emcee_fitter WARNING  EMCEE: initializing sampler with 10 walkers
rank #0: 2017-10-06 22:36:27,588 rsdfit.emcee_fitter WARNING  EMCEE: running 1000 iterations with 2 free parameters...
rank #0: 2017-10-06 22:36:28,434 rsdfit.emcee_fitter WARNING  EMCEE Iteration      0/1000  : 10 walkers, 2 parameters
      best logp = -75.105 (reached at iter 0, walker 6)
      acceptance_fraction (0.0->1.0 (median 1.0))
  b1              = 2.89662 +/- 0.00186318   (best=2.89658)
  sigma_fog       = 4.52696 +/- 0.000912432  (best=4.52642)

rank #0: 2017-10-06 22:36:28,867 rsdfit.emcee_fitter WARNING  EMCEE Iteration      1/1000  : 10 walkers, 2 parameters
      best logp = -75.105 (reached at iter 0, walker 6)
      acceptance_fraction (0.5->1.0 (median 1.0))
  b1              = 2.89666 +/- 0.00192134   (best=2.89658) (autocorr: 2)
  sigma_fog       = 4.52685 +/- 0.000924143  (best=4.52642) (autocorr: 2)

rank #0: 2017-10-06 22:36:29,294 rsdfit.emcee_fitter WARNING  EMCEE Iteration      2/1000  : 10 walkers, 2 parameters
      best logp = -75.1049 (reached at iter 2, walker 2)
      acceptance_fraction (0.6666666666666666->1.0 (median 1.0))
  b1              = 2.89666 +/- 0.00203895   (best=2.89646) (autocorr: 3)
  sigma_fog       = 4.52664 +/- 0.000976738  (best=4.52678) (autocorr: 3)

rank #0: 2017-10-06 22:36:29,710 rsdfit.emcee_fitter WARNING  EMCEE Iteration      3/1000  : 10 walkers, 2 parameters
      best logp = -75.1049 (reached at iter 2, walker 2)
      acceptance_fraction (0.5->1.0 (median 1.0))
  b1              = 2.8967 +/- 0.00211766   (best=2.89646) (autocorr: 3.99)
  sigma_fog       = 4.52664 +/- 0.00104907   (best=4.52678) (autocorr: 3.99)

rank #0: 2017-10-06 22:36:30,127 rsdfit.emcee_fitter WARNING  EMCEE Iteration      4/1000  : 10 walkers, 2 parameters
      best logp = -75.1049 (reached at iter 2, walker 2)
      acceptance_fraction (0.6->1.0 (median 1.0))
  b1              = 2.89687 +/- 0.00212163   (best=2.89646)
  sigma_fog       = 4.52664 +/- 0.0010977    (best=4.52678)

rank #0: 2017-10-06 22:36:30,551 rsdfit.emcee_fitter WARNING  EMCEE Iteration      5/1000  : 10 walkers, 2 parameters
      best logp = -75.1049 (reached at iter 2, walker 2)
      acceptance_fraction (0.6666666666666666->1.0 (median 0.9166666666666667))
  b1              = 2.89687 +/- 0.00226916   (best=2.89646)
  sigma_fog       = 4.52664 +/- 0.00137814   (best=4.52678)

rank #0: 2017-10-06 22:36:30,973 rsdfit.emcee_fitter WARNING  EMCEE Iteration      6/1000  : 10 walkers, 2 parameters
      best logp = -75.1049 (reached at iter 2, walker 2)
      acceptance_fraction (0.7142857142857143->1.0 (median 0.9285714285714286))
  b1              = 2.8967 +/- 0.00258628   (best=2.89646)
  sigma_fog       = 4.52668 +/- 0.00168803   (best=4.52678)

rank #0: 2017-10-06 22:36:31,389 rsdfit.emcee_fitter WARNING  EMCEE Iteration      7/1000  : 10 walkers, 2 parameters
      best logp = -75.1049 (reached at iter 2, walker 2)
      acceptance_fraction (0.75->1.0 (median 0.875))
  b1              = 2.89667 +/- 0.00315226   (best=2.89646)
  sigma_fog       = 4.52675 +/- 0.00200917   (best=4.52678)

rank #0: 2017-10-06 22:36:31,809 rsdfit.emcee_fitter WARNING  EMCEE Iteration      8/1000  : 10 walkers, 2 parameters
      best logp = -75.1049 (reached at iter 2, walker 2)
      acceptance_fraction (0.6666666666666666->1.0 (median 0.8888888888888888))
  b1              = 2.89667 +/- 0.0033669    (best=2.89646)
  sigma_fog       = 4.52702 +/- 0.00233473   (best=4.52678)

rank #0: 2017-10-06 22:36:32,229 rsdfit.emcee_fitter WARNING  EMCEE Iteration      9/1000  : 10 walkers, 2 parameters
      best logp = -75.1049 (reached at iter 2, walker 2)
      acceptance_fraction (0.7->1.0 (median 0.9))
  b1              = 2.89664 +/- 0.00391238   (best=2.89646)
  sigma_fog       = 4.52675 +/- 0.00284006   (best=4.52678)

rank #0: 2017-10-06 22:36:32,648 rsdfit.emcee_fitter WARNING  EMCEE Iteration     10/1000  : 10 walkers, 2 parameters
      best logp = -75.1049 (reached at iter 2, walker 2)
      acceptance_fraction (0.7272727272727273->1.0 (median 0.9090909090909091))
  b1              = 2.8966 +/- 0.00443343   (best=2.89646)
  sigma_fog       = 4.52672 +/- 0.00350891   (best=4.52678)

rank #0: 2017-10-06 22:36:33,490 rsdfit.emcee_fitter WARNING  EMCEE Iteration     12/1000  : 10 walkers, 2 parameters
      best logp = -75.1049 (reached at iter 2, walker 2)
      acceptance_fraction (0.7692307692307693->1.0 (median 0.9230769230769231))
  b1              = 2.89611 +/- 0.00864067   (best=2.89646)
  sigma_fog       = 4.52671 +/- 0.00668551   (best=4.52678)

rank #0: 2017-10-06 22:36:34,327 rsdfit.emcee_fitter WARNING  EMCEE Iteration     14/1000  : 10 walkers, 2 parameters
      best logp = -75.1049 (reached at iter 2, walker 2)
      acceptance_fraction (0.7333333333333333->1.0 (median 0.9333333333333333))
  b1              = 2.89548 +/- 0.0111129    (best=2.89646)
  sigma_fog       = 4.52671 +/- 0.00907113   (best=4.52678)

rank #0: 2017-10-06 22:36:35,165 rsdfit.emcee_fitter WARNING  EMCEE Iteration     16/1000  : 10 walkers, 2 parameters
      best logp = -75.1049 (reached at iter 2, walker 2)
      acceptance_fraction (0.7647058823529411->1.0 (median 0.9117647058823529))
  b1              = 2.8964 +/- 0.0171291    (best=2.89646)
  sigma_fog       = 4.52701 +/- 0.0151912    (best=4.52678)

rank #0: 2017-10-06 22:36:36,000 rsdfit.emcee_fitter WARNING  EMCEE Iteration     18/1000  : 10 walkers, 2 parameters
      best logp = -75.1049 (reached at iter 2, walker 2)
      acceptance_fraction (0.7368421052631579->1.0 (median 0.8947368421052632))
  b1              = 2.89695 +/- 0.0227769    (best=2.89646)
  sigma_fog       = 4.52692 +/- 0.0194636    (best=4.52678)

rank #0: 2017-10-06 22:36:36,834 rsdfit.emcee_fitter WARNING  EMCEE Iteration     20/1000  : 10 walkers, 2 parameters
      best logp = -75.1049 (reached at iter 2, walker 2)
      acceptance_fraction (0.7142857142857143->1.0 (median 0.8809523809523809))
  b1              = 2.8995 +/- 0.0284181    (best=2.89646)
  sigma_fog       = 4.52879 +/- 0.0305601    (best=4.52678)

rank #0: 2017-10-06 22:36:37,668 rsdfit.emcee_fitter WARNING  EMCEE Iteration     22/1000  : 10 walkers, 2 parameters
      best logp = -75.1049 (reached at iter 2, walker 2)
      acceptance_fraction (0.7391304347826086->1.0 (median 0.8695652173913043))
  b1              = 2.90092 +/- 0.0340425    (best=2.89646)
  sigma_fog       = 4.53081 +/- 0.0427522    (best=4.52678)

rank #0: 2017-10-06 22:36:38,548 rsdfit.emcee_fitter WARNING  EMCEE Iteration     24/1000  : 10 walkers, 2 parameters
      best logp = -75.1049 (reached at iter 2, walker 2)
      acceptance_fraction (0.72->1.0 (median 0.84))
  b1              = 2.90366 +/- 0.0399841    (best=2.89646)
  sigma_fog       = 4.53271 +/- 0.0538824    (best=4.52678)

rank #0: 2017-10-06 22:36:39,486 rsdfit.emcee_fitter WARNING  EMCEE Iteration     26/1000  : 10 walkers, 2 parameters
      best logp = -75.1049 (reached at iter 2, walker 2)
      acceptance_fraction (0.7037037037037037->1.0 (median 0.8148148148148148))
  b1              = 2.90722 +/- 0.0485434    (best=2.89646)
  sigma_fog       = 4.53397 +/- 0.0741587    (best=4.52678)

rank #0: 2017-10-06 22:36:40,321 rsdfit.emcee_fitter WARNING  EMCEE Iteration     28/1000  : 10 walkers, 2 parameters
      best logp = -75.1049 (reached at iter 2, walker 2)
      acceptance_fraction (0.6896551724137931->0.9655172413793104 (median 0.8275862068965517))
  b1              = 2.90833 +/- 0.055914     (best=2.89646)
  sigma_fog       = 4.5308 +/- 0.0907294    (best=4.52678)

rank #0: 2017-10-06 22:36:41,156 rsdfit.emcee_fitter WARNING  EMCEE Iteration     30/1000  : 10 walkers, 2 parameters
      best logp = -75.1049 (reached at iter 2, walker 2)
      acceptance_fraction (0.6774193548387096->0.967741935483871 (median 0.8064516129032258))
  b1              = 2.90733 +/- 0.0618913    (best=2.89646)
  sigma_fog       = 4.5308 +/- 0.104084     (best=4.52678)

rank #0: 2017-10-06 22:36:41,991 rsdfit.emcee_fitter WARNING  EMCEE Iteration     32/1000  : 10 walkers, 2 parameters
      best logp = -75.1049 (reached at iter 2, walker 2)
      acceptance_fraction (0.696969696969697->0.9696969696969697 (median 0.803030303030303))
  b1              = 2.8966 +/- 0.0653451    (best=2.89646)
  sigma_fog       = 4.53805 +/- 0.115953     (best=4.52678)

rank #0: 2017-10-06 22:36:42,829 rsdfit.emcee_fitter WARNING  EMCEE Iteration     34/1000  : 10 walkers, 2 parameters
      best logp = -75.1049 (reached at iter 2, walker 2)
      acceptance_fraction (0.6857142857142857->0.9428571428571428 (median 0.8))
  b1              = 2.8989 +/- 0.0685857    (best=2.89646)
  sigma_fog       = 4.53941 +/- 0.12688      (best=4.52678)

rank #0: 2017-10-06 22:36:43,673 rsdfit.emcee_fitter WARNING  EMCEE Iteration     36/1000  : 10 walkers, 2 parameters
      best logp = -75.1049 (reached at iter 2, walker 2)
      acceptance_fraction (0.6756756756756757->0.918918918918919 (median 0.7837837837837838))
  b1              = 2.8929 +/- 0.0678442    (best=2.89646)
  sigma_fog       = 4.55136 +/- 0.159052     (best=4.52678)

rank #0: 2017-10-06 22:36:44,513 rsdfit.emcee_fitter WARNING  EMCEE Iteration     38/1000  : 10 walkers, 2 parameters
      best logp = -75.1049 (reached at iter 2, walker 2)
      acceptance_fraction (0.6410256410256411->0.8974358974358975 (median 0.7948717948717948))
  b1              = 2.88948 +/- 0.0670461    (best=2.89646)
  sigma_fog       = 4.55136 +/- 0.211717     (best=4.52678)

rank #0: 2017-10-06 22:36:45,361 rsdfit.emcee_fitter WARNING  EMCEE Iteration     40/1000  : 10 walkers, 2 parameters
      best logp = -75.1049 (reached at iter 2, walker 2)
      acceptance_fraction (0.6341463414634146->0.8780487804878049 (median 0.7926829268292683))
  b1              = 2.88951 +/- 0.0649745    (best=2.89646)
  sigma_fog       = 4.55205 +/- 0.25541      (best=4.52678)

rank #0: 2017-10-06 22:36:46,207 rsdfit.emcee_fitter WARNING  EMCEE Iteration     42/1000  : 10 walkers, 2 parameters
      best logp = -75.1049 (reached at iter 2, walker 2)
      acceptance_fraction (0.6511627906976745->0.8837209302325582 (median 0.7906976744186046))
  b1              = 2.89844 +/- 0.0636421    (best=2.89646)
  sigma_fog       = 4.55205 +/- 0.28177      (best=4.52678)

rank #0: 2017-10-06 22:36:47,045 rsdfit.emcee_fitter WARNING  EMCEE Iteration     44/1000  : 10 walkers, 2 parameters
      best logp = -75.1049 (reached at iter 2, walker 2)
      acceptance_fraction (0.6666666666666666->0.8888888888888888 (median 0.788888888888889))
  b1              = 2.90692 +/- 0.0630123    (best=2.89646)
  sigma_fog       = 4.55205 +/- 0.301445     (best=4.52678)

rank #0: 2017-10-06 22:36:47,877 rsdfit.emcee_fitter WARNING  EMCEE Iteration     46/1000  : 10 walkers, 2 parameters
      best logp = -75.1049 (reached at iter 2, walker 2)
      acceptance_fraction (0.6808510638297872->0.8936170212765957 (median 0.7659574468085106))
  b1              = 2.90692 +/- 0.0638179    (best=2.89646)
  sigma_fog       = 4.5494 +/- 0.331876     (best=4.52678)

rank #0: 2017-10-06 22:36:48,759 rsdfit.emcee_fitter WARNING  EMCEE Iteration     48/1000  : 10 walkers, 2 parameters
      best logp = -75.1049 (reached at iter 2, walker 2)
      acceptance_fraction (0.673469387755102->0.8775510204081632 (median 0.7755102040816326))
  b1              = 2.90935 +/- 0.0665044    (best=2.89646)
  sigma_fog       = 4.55473 +/- 0.34406      (best=4.52678)

rank #0: 2017-10-06 22:36:49,681 rsdfit.emcee_fitter WARNING  EMCEE Iteration     50/1000  : 10 walkers, 2 parameters
      best logp = -75.1049 (reached at iter 2, walker 2)
      acceptance_fraction (0.6862745098039216->0.8431372549019608 (median 0.7647058823529411))
  b1              = 2.90935 +/- 0.0644783    (best=2.89646)
  sigma_fog       = 4.55378 +/- 0.34236      (best=4.52678)

rank #0: 2017-10-06 22:36:53,954 rsdfit.emcee_fitter WARNING  EMCEE Iteration     60/1000  : 10 walkers, 2 parameters
      best logp = -75.1049 (reached at iter 2, walker 2)
      acceptance_fraction (0.7213114754098361->0.8360655737704918 (median 0.7868852459016393))
  b1              = 2.9412 +/- 0.0431489    (best=2.89646)
  sigma_fog       = 4.65722 +/- 0.237963     (best=4.52678)

rank #0: 2017-10-06 22:36:58,147 rsdfit.emcee_fitter WARNING  EMCEE Iteration     70/1000  : 10 walkers, 2 parameters
      best logp = -75.1049 (reached at iter 2, walker 2)
      acceptance_fraction (0.7464788732394366->0.8450704225352113 (median 0.7816901408450704))
  b1              = 2.91561 +/- 0.0421188    (best=2.89646)
  sigma_fog       = 4.54832 +/- 0.262922     (best=4.52678)

rank #0: 2017-10-06 22:37:02,322 rsdfit.emcee_fitter WARNING  EMCEE Iteration     80/1000  : 10 walkers, 2 parameters
      best logp = -75.1049 (reached at iter 2, walker 2)
      acceptance_fraction (0.7283950617283951->0.8148148148148148 (median 0.7901234567901234))
  b1              = 2.89732 +/- 0.0568345    (best=2.89646)
  sigma_fog       = 4.53673 +/- 0.304226     (best=4.52678)

rank #0: 2017-10-06 22:37:06,516 rsdfit.emcee_fitter WARNING  EMCEE Iteration     90/1000  : 10 walkers, 2 parameters
      best logp = -75.1049 (reached at iter 2, walker 2)
      acceptance_fraction (0.7142857142857143->0.8021978021978022 (median 0.7912087912087913))
  b1              = 2.8915 +/- 0.0516012    (best=2.89646)
  sigma_fog       = 4.55541 +/- 0.341061     (best=4.52678)

rank #0: 2017-10-06 22:37:10,671 rsdfit.emcee_fitter WARNING  EMCEE Iteration    100/1000  : 10 walkers, 2 parameters
      best logp = -75.1049 (reached at iter 2, walker 2)
      acceptance_fraction (0.7029702970297029->0.8217821782178217 (median 0.7673267326732673))
  b1              = 2.90276 +/- 0.0438688    (best=2.89646)
  sigma_fog       = 4.57638 +/- 0.303493     (best=4.52678)

rank #0: 2017-10-06 22:37:14,874 rsdfit.emcee_fitter WARNING  EMCEE Iteration    110/1000  : 10 walkers, 2 parameters
      best logp = -75.1049 (reached at iter 2, walker 2)
      acceptance_fraction (0.6846846846846847->0.8198198198198198 (median 0.7612612612612613))
  b1              = 2.88911 +/- 0.0451639    (best=2.89646)
  sigma_fog       = 4.59999 +/- 0.367006     (best=4.52678)

rank #0: 2017-10-06 22:37:19,194 rsdfit.emcee_fitter WARNING  EMCEE Iteration    120/1000  : 10 walkers, 2 parameters
      best logp = -75.1049 (reached at iter 2, walker 2)
      acceptance_fraction (0.6776859504132231->0.8181818181818182 (median 0.7479338842975207))
  b1              = 2.88438 +/- 0.0405918    (best=2.89646)
  sigma_fog       = 4.46139 +/- 0.295685     (best=4.52678)

rank #0: 2017-10-06 22:37:23,354 rsdfit.emcee_fitter WARNING  EMCEE Iteration    130/1000  : 10 walkers, 2 parameters
      best logp = -75.1049 (reached at iter 2, walker 2)
      acceptance_fraction (0.6793893129770993->0.816793893129771 (median 0.7404580152671756))
  b1              = 2.88899 +/- 0.0444297    (best=2.89646)
  sigma_fog       = 4.48443 +/- 0.243186     (best=4.52678)

rank #0: 2017-10-06 22:37:27,538 rsdfit.emcee_fitter WARNING  EMCEE Iteration    140/1000  : 10 walkers, 2 parameters
      best logp = -75.1049 (reached at iter 2, walker 2)
      acceptance_fraction (0.6808510638297872->0.8156028368794326 (median 0.7446808510638298))
  b1              = 2.90154 +/- 0.0524887    (best=2.89646)
  sigma_fog       = 4.56137 +/- 0.296172     (best=4.52678)

rank #0: 2017-10-06 22:37:31,701 rsdfit.emcee_fitter WARNING  EMCEE Iteration    150/1000  : 10 walkers, 2 parameters
      best logp = -75.1049 (reached at iter 2, walker 2)
      acceptance_fraction (0.6887417218543046->0.8079470198675497 (median 0.7417218543046358))
  b1              = 2.90788 +/- 0.0525637    (best=2.89646)
  sigma_fog       = 4.46629 +/- 0.348218     (best=4.52678)

rank #0: 2017-10-06 22:37:35,891 rsdfit.emcee_fitter WARNING  EMCEE Iteration    160/1000  : 10 walkers, 2 parameters
      best logp = -75.1049 (reached at iter 2, walker 2)
      acceptance_fraction (0.6708074534161491->0.8074534161490683 (median 0.7298136645962733))
  b1              = 2.89747 +/- 0.0478861    (best=2.89646)
  sigma_fog       = 4.30748 +/- 0.525134     (best=4.52678)

rank #0: 2017-10-06 22:37:40,220 rsdfit.emcee_fitter WARNING  EMCEE Iteration    170/1000  : 10 walkers, 2 parameters
      best logp = -75.1049 (reached at iter 2, walker 2)
      acceptance_fraction (0.6842105263157895->0.8070175438596491 (median 0.7280701754385965))
  b1              = 2.9198 +/- 0.0503371    (best=2.89646)
  sigma_fog       = 4.54903 +/- 0.35682      (best=4.52678)

rank #0: 2017-10-06 22:37:44,430 rsdfit.emcee_fitter WARNING  EMCEE Iteration    180/1000  : 10 walkers, 2 parameters
      best logp = -75.1049 (reached at iter 2, walker 2)
      acceptance_fraction (0.6740331491712708->0.8066298342541437 (median 0.7265193370165746))
  b1              = 2.92133 +/- 0.047298     (best=2.89646)
  sigma_fog       = 4.50456 +/- 0.296955     (best=4.52678)

rank #0: 2017-10-06 22:37:48,674 rsdfit.emcee_fitter WARNING  EMCEE Iteration    190/1000  : 10 walkers, 2 parameters
      best logp = -75.1049 (reached at iter 2, walker 2)
      acceptance_fraction (0.675392670157068->0.806282722513089 (median 0.7225130890052356))
  b1              = 2.89778 +/- 0.0580621    (best=2.89646)
  sigma_fog       = 4.51474 +/- 0.389818     (best=4.52678)

rank #0: 2017-10-06 22:37:53,008 rsdfit.emcee_fitter WARNING  EMCEE Iteration    200/1000  : 10 walkers, 2 parameters
      best logp = -75.1049 (reached at iter 2, walker 2)
      acceptance_fraction (0.6865671641791045->0.8009950248756219 (median 0.7263681592039801))
  b1              = 2.89239 +/- 0.05319      (best=2.89646)
  sigma_fog       = 4.45792 +/- 0.420748     (best=4.52678)

rank #0: 2017-10-06 22:37:57,371 rsdfit.emcee_fitter WARNING  EMCEE Iteration    210/1000  : 10 walkers, 2 parameters
      best logp = -75.1049 (reached at iter 2, walker 2)
      acceptance_fraction (0.6872037914691943->0.8009478672985783 (median 0.7251184834123223))
  b1              = 2.89075 +/- 0.0429716    (best=2.89646)
  sigma_fog       = 4.56407 +/- 0.331038     (best=4.52678)

rank #0: 2017-10-06 22:38:01,548 rsdfit.emcee_fitter WARNING  EMCEE Iteration    220/1000  : 10 walkers, 2 parameters
      best logp = -75.1049 (reached at iter 2, walker 2)
      acceptance_fraction (0.6923076923076923->0.7963800904977375 (median 0.7239819004524887))
  b1              = 2.91241 +/- 0.0469561    (best=2.89646)
  sigma_fog       = 4.65426 +/- 0.321363     (best=4.52678)

rank #0: 2017-10-06 22:38:05,736 rsdfit.emcee_fitter WARNING  EMCEE Iteration    230/1000  : 10 walkers, 2 parameters
      best logp = -75.1049 (reached at iter 2, walker 2)
      acceptance_fraction (0.696969696969697->0.7878787878787878 (median 0.722943722943723))
  b1              = 2.90769 +/- 0.0432677    (best=2.89646)
  sigma_fog       = 4.60059 +/- 0.304039     (best=4.52678)

rank #0: 2017-10-06 22:38:09,904 rsdfit.emcee_fitter WARNING  EMCEE Iteration    240/1000  : 10 walkers, 2 parameters
      best logp = -75.1049 (reached at iter 2, walker 2)
      acceptance_fraction (0.6887966804979253->0.7925311203319502 (median 0.7219917012448133))
  b1              = 2.90443 +/- 0.0419511    (best=2.89646)
  sigma_fog       = 4.67563 +/- 0.305406     (best=4.52678)

rank #0: 2017-10-06 22:38:14,067 rsdfit.emcee_fitter WARNING  EMCEE Iteration    250/1000  : 10 walkers, 2 parameters
      best logp = -75.1049 (reached at iter 2, walker 2)
      acceptance_fraction (0.6932270916334662->0.796812749003984 (median 0.7211155378486056))
  b1              = 2.89716 +/- 0.0478481    (best=2.89646)
  sigma_fog       = 4.45643 +/- 0.233131     (best=4.52678)

rank #0: 2017-10-06 22:38:18,267 rsdfit.emcee_fitter WARNING  EMCEE Iteration    260/1000  : 10 walkers, 2 parameters
      best logp = -75.1049 (reached at iter 2, walker 2)
      acceptance_fraction (0.6934865900383141->0.8007662835249042 (median 0.7241379310344828))
  b1              = 2.89692 +/- 0.056674     (best=2.89646)
  sigma_fog       = 4.47446 +/- 0.246087     (best=4.52678)

rank #0: 2017-10-06 22:38:22,438 rsdfit.emcee_fitter WARNING  EMCEE Iteration    270/1000  : 10 walkers, 2 parameters
      best logp = -75.1049 (reached at iter 2, walker 2)
      acceptance_fraction (0.6974169741697417->0.8007380073800738 (median 0.7250922509225093))
  b1              = 2.91521 +/- 0.0678282    (best=2.89646)
  sigma_fog       = 4.53286 +/- 0.341297     (best=4.52678)

rank #0: 2017-10-06 22:38:26,608 rsdfit.emcee_fitter WARNING  EMCEE Iteration    280/1000  : 10 walkers, 2 parameters
      best logp = -75.1049 (reached at iter 2, walker 2)
      acceptance_fraction (0.6868327402135231->0.8042704626334519 (median 0.7259786476868327))
  b1              = 2.90795 +/- 0.0594129    (best=2.89646)
  sigma_fog       = 4.71062 +/- 0.344214     (best=4.52678)

rank #0: 2017-10-06 22:38:30,802 rsdfit.emcee_fitter WARNING  EMCEE Iteration    290/1000  : 10 walkers, 2 parameters
      best logp = -75.1049 (reached at iter 2, walker 2)
      acceptance_fraction (0.6872852233676976->0.7938144329896907 (median 0.7233676975945017))
  b1              = 2.93867 +/- 0.0403967    (best=2.89646)
  sigma_fog       = 4.68996 +/- 0.328918     (best=4.52678)

rank #0: 2017-10-06 22:38:35,156 rsdfit.emcee_fitter WARNING  EMCEE Iteration    300/1000  : 10 walkers, 2 parameters
      best logp = -75.1049 (reached at iter 2, walker 2)
      acceptance_fraction (0.6843853820598007->0.7906976744186046 (median 0.7275747508305648))
  b1              = 2.91982 +/- 0.0471879    (best=2.89646)
  sigma_fog       = 4.65461 +/- 0.382938     (best=4.52678)

rank #0: 2017-10-06 22:38:39,484 rsdfit.emcee_fitter WARNING  EMCEE Iteration    310/1000  : 10 walkers, 2 parameters
      best logp = -75.1049 (reached at iter 2, walker 2)
      acceptance_fraction (0.6784565916398714->0.7781350482315113 (median 0.7234726688102894))
  b1              = 2.90575 +/- 0.0594955    (best=2.89646)
  sigma_fog       = 4.44499 +/- 0.388236     (best=4.52678)

rank #0: 2017-10-06 22:38:43,789 rsdfit.emcee_fitter WARNING  EMCEE Iteration    320/1000  : 10 walkers, 2 parameters
      best logp = -75.1049 (reached at iter 2, walker 2)
      acceptance_fraction (0.6791277258566978->0.7757009345794392 (median 0.7258566978193146))
  b1              = 2.92304 +/- 0.0595477    (best=2.89646)
  sigma_fog       = 4.5568 +/- 0.329892     (best=4.52678)

rank #0: 2017-10-06 22:38:48,001 rsdfit.emcee_fitter WARNING  EMCEE Iteration    330/1000  : 10 walkers, 2 parameters
      best logp = -75.1049 (reached at iter 2, walker 2)
      acceptance_fraction (0.6797583081570997->0.7673716012084593 (median 0.7296072507552871))
  b1              = 2.9158 +/- 0.0565483    (best=2.89646)
  sigma_fog       = 4.59617 +/- 0.353154     (best=4.52678)

rank #0: 2017-10-06 22:38:52,192 rsdfit.emcee_fitter WARNING  EMCEE Iteration    340/1000  : 10 walkers, 2 parameters
      best logp = -75.1049 (reached at iter 2, walker 2)
      acceptance_fraction (0.6744868035190615->0.7624633431085044 (median 0.7287390029325513))
  b1              = 2.89984 +/- 0.0525887    (best=2.89646)
  sigma_fog       = 4.74969 +/- 0.362777     (best=4.52678)

rank #0: 2017-10-06 22:38:56,407 rsdfit.emcee_fitter WARNING  EMCEE Iteration    350/1000  : 10 walkers, 2 parameters
      best logp = -75.1049 (reached at iter 2, walker 2)
      acceptance_fraction (0.6809116809116809->0.7606837606837606 (median 0.7293447293447294))
  b1              = 2.9024 +/- 0.0376533    (best=2.89646)
  sigma_fog       = 4.58895 +/- 0.24673      (best=4.52678)

rank #0: 2017-10-06 22:39:00,636 rsdfit.emcee_fitter WARNING  EMCEE Iteration    360/1000  : 10 walkers, 2 parameters
      best logp = -75.1049 (reached at iter 2, walker 2)
      acceptance_fraction (0.6842105263157895->0.7590027700831025 (median 0.7257617728531855))
  b1              = 2.91364 +/- 0.0470565    (best=2.89646)
  sigma_fog       = 4.56708 +/- 0.329285     (best=4.52678)

rank #0: 2017-10-06 22:39:04,808 rsdfit.emcee_fitter WARNING  EMCEE Iteration    370/1000  : 10 walkers, 2 parameters
      best logp = -75.1049 (reached at iter 2, walker 2)
      acceptance_fraction (0.6765498652291105->0.7628032345013477 (median 0.7223719676549865))
  b1              = 2.90177 +/- 0.0505102    (best=2.89646)
  sigma_fog       = 4.50843 +/- 0.430004     (best=4.52678)

rank #0: 2017-10-06 22:39:08,987 rsdfit.emcee_fitter WARNING  EMCEE Iteration    380/1000  : 10 walkers, 2 parameters
      best logp = -75.1049 (reached at iter 2, walker 2)
      acceptance_fraction (0.6692913385826772->0.7664041994750657 (median 0.7244094488188977))
  b1              = 2.88925 +/- 0.0427814    (best=2.89646)
  sigma_fog       = 4.27203 +/- 0.329807     (best=4.52678)

rank #0: 2017-10-06 22:39:13,171 rsdfit.emcee_fitter WARNING  EMCEE Iteration    390/1000  : 10 walkers, 2 parameters
      best logp = -75.1049 (reached at iter 2, walker 2)
      acceptance_fraction (0.670076726342711->0.7595907928388747 (median 0.7212276214833759))
  b1              = 2.86273 +/- 0.0422517    (best=2.89646)
  sigma_fog       = 4.5282 +/- 0.32029      (best=4.52678)

rank #0: 2017-10-06 22:39:17,362 rsdfit.emcee_fitter WARNING  EMCEE Iteration    400/1000  : 10 walkers, 2 parameters
      best logp = -75.1049 (reached at iter 2, walker 2)
      acceptance_fraction (0.6708229426433915->0.7605985037406484 (median 0.7157107231920199))
  b1              = 2.85691 +/- 0.0580687    (best=2.89646)
  sigma_fog       = 4.46237 +/- 0.337963     (best=4.52678)

rank #0: 2017-10-06 22:39:21,525 rsdfit.emcee_fitter WARNING  EMCEE Iteration    410/1000  : 10 walkers, 2 parameters
      best logp = -75.1049 (reached at iter 2, walker 2)
      acceptance_fraction (0.6642335766423357->0.7591240875912408 (median 0.7165450121654502))
  b1              = 2.88072 +/- 0.0574438    (best=2.89646)
  sigma_fog       = 4.37154 +/- 0.331441     (best=4.52678)

rank #0: 2017-10-06 22:39:25,710 rsdfit.emcee_fitter WARNING  EMCEE Iteration    420/1000  : 10 walkers, 2 parameters
      best logp = -75.1049 (reached at iter 2, walker 2)
      acceptance_fraction (0.667458432304038->0.7553444180522565 (median 0.7149643705463182))
  b1              = 2.90405 +/- 0.0480441    (best=2.89646)
  sigma_fog       = 4.52122 +/- 0.282691     (best=4.52678)

rank #0: 2017-10-06 22:39:29,903 rsdfit.emcee_fitter WARNING  EMCEE Iteration    430/1000  : 10 walkers, 2 parameters
      best logp = -75.1049 (reached at iter 2, walker 2)
      acceptance_fraction (0.6682134570765661->0.7540603248259861 (median 0.7099767981438515))
  b1              = 2.89631 +/- 0.0481692    (best=2.89646)
  sigma_fog       = 4.56019 +/- 0.376761     (best=4.52678)

rank #0: 2017-10-06 22:39:34,068 rsdfit.emcee_fitter WARNING  EMCEE Iteration    440/1000  : 10 walkers, 2 parameters
      best logp = -75.1049 (reached at iter 2, walker 2)
      acceptance_fraction (0.673469387755102->0.7505668934240363 (median 0.7074829931972789))
  b1              = 2.89747 +/- 0.0414007    (best=2.89646)
  sigma_fog       = 4.57706 +/- 0.362283     (best=4.52678)

rank #0: 2017-10-06 22:39:38,219 rsdfit.emcee_fitter WARNING  EMCEE Iteration    450/1000  : 10 walkers, 2 parameters
      best logp = -75.1049 (reached at iter 2, walker 2)
      acceptance_fraction (0.6784922394678492->0.7494456762749445 (median 0.7084257206208426))
  b1              = 2.89194 +/- 0.0332776    (best=2.89646)
  sigma_fog       = 4.57526 +/- 0.238869     (best=4.52678)

rank #0: 2017-10-06 22:39:42,394 rsdfit.emcee_fitter WARNING  EMCEE Iteration    460/1000  : 10 walkers, 2 parameters
      best logp = -75.1049 (reached at iter 2, walker 2)
      acceptance_fraction (0.6789587852494577->0.7483731019522777 (median 0.7093275488069414))
  b1              = 2.8974 +/- 0.0533015    (best=2.89646)
  sigma_fog       = 4.54851 +/- 0.284422     (best=4.52678)

rank #0: 2017-10-06 22:39:46,729 rsdfit.emcee_fitter WARNING  EMCEE Iteration    470/1000  : 10 walkers, 2 parameters
      best logp = -75.1049 (reached at iter 2, walker 2)
      acceptance_fraction (0.6836518046709129->0.7494692144373672 (median 0.7101910828025477))
  b1              = 2.9059 +/- 0.0536462    (best=2.89646)
  sigma_fog       = 4.62026 +/- 0.272717     (best=4.52678)

rank #0: 2017-10-06 22:39:50,890 rsdfit.emcee_fitter WARNING  EMCEE Iteration    480/1000  : 10 walkers, 2 parameters
      best logp = -75.1049 (reached at iter 2, walker 2)
      acceptance_fraction (0.6902286902286903->0.7484407484407485 (median 0.7110187110187111))
  b1              = 2.94792 +/- 0.0609367    (best=2.89646)
  sigma_fog       = 4.68991 +/- 0.246755     (best=4.52678)

rank #0: 2017-10-06 22:39:55,285 rsdfit.emcee_fitter WARNING  EMCEE Iteration    490/1000  : 10 walkers, 2 parameters
      best logp = -75.1049 (reached at iter 2, walker 2)
      acceptance_fraction (0.6863543788187373->0.7474541751527495 (median 0.7128309572301426))
  b1              = 2.92811 +/- 0.0634085    (best=2.89646)
  sigma_fog       = 4.63123 +/- 0.313654     (best=4.52678)

rank #0: 2017-10-06 22:39:59,649 rsdfit.emcee_fitter WARNING  EMCEE Iteration    500/1000  : 10 walkers, 2 parameters
      best logp = -75.1049 (reached at iter 2, walker 2)
      acceptance_fraction (0.6906187624750499->0.7524950099800399 (median 0.7165668662674651))
  b1              = 2.91798 +/- 0.0582365    (best=2.89646)
  sigma_fog       = 4.56461 +/- 0.280874     (best=4.52678)

rank #0: 2017-10-06 22:40:41,362 rsdfit.emcee_fitter WARNING  EMCEE Iteration    600/1000  : 10 walkers, 2 parameters
      best logp = -75.1049 (reached at iter 2, walker 2)
      acceptance_fraction (0.6738768718801996->0.7437603993344426 (median 0.7154742096505824))
  b1              = 2.89275 +/- 0.0426569    (best=2.89646)
  sigma_fog       = 4.67934 +/- 0.179223     (best=4.52678)

rank #0: 2017-10-06 22:41:25,399 rsdfit.emcee_fitter WARNING  EMCEE Iteration    700/1000  : 10 walkers, 2 parameters
      best logp = -75.1049 (reached at iter 2, walker 2)
      acceptance_fraction (0.6804564907275321->0.738944365192582 (median 0.7161198288159771))
  b1              = 2.88177 +/- 0.0497432    (best=2.89646)
  sigma_fog       = 4.49475 +/- 0.432441     (best=4.52678)

rank #0: 2017-10-06 22:42:10,066 rsdfit.emcee_fitter WARNING  EMCEE Iteration    800/1000  : 10 walkers, 2 parameters
      best logp = -75.1049 (reached at iter 2, walker 2)
      acceptance_fraction (0.6816479400749064->0.7340823970037453 (median 0.7147315855181023))
  b1              = 2.90186 +/- 0.0581963    (best=2.89646)
  sigma_fog       = 4.54801 +/- 0.380782     (best=4.52678)

rank #0: 2017-10-06 22:42:54,869 rsdfit.emcee_fitter WARNING  EMCEE Iteration    900/1000  : 10 walkers, 2 parameters
      best logp = -75.1049 (reached at iter 2, walker 2)
      acceptance_fraction (0.681465038845727->0.7314095449500555 (median 0.7142064372918979))
  b1              = 2.89929 +/- 0.0388842    (best=2.89646)
  sigma_fog       = 4.61951 +/- 0.353267     (best=4.52678)

rank #0: 2017-10-06 22:43:39,195 rsdfit.emcee_fitter WARNING  EMCEE: ...iterations finished. Time elapsed: 0:07:11.61
rank #0: 2017-10-06 22:43:39,195 rsdfit.emcee_fitter WARNING  EMCEE: mean acceptance fraction: 0.712
rank #0: 2017-10-06 22:43:39,937 rsdfit.emcee_fitter WARNING  EMCEE: exiting EMCEE fitter with exception = False
rank #0: 2017-10-06 22:43:39,937 rsdfit.fitting_driver INFO     rank 0 on utley        ...fitting complete
rank #0: 2017-10-06 22:43:39,938 rsdfit.fitting_driver INFO     rank 0 on utley        Saving the results to `/Users/nhand/Research/Analysis/thesis/eBOSS-QSO-PNG/fits/results/v1.9f/QSO-S-P0+P2-885e2d3727/2017-10-06_10x1000_chain0__1.npz`
rank #0: 2017-10-06 22:43:39,952 rsdfit.emcee_results INFO     
Emcee fitting finished: 1000 iterations, 10 walkers, 2 free parameters
Best log likelihood value = -75.104948, corresponding to chi2 = 150.2099

Free parameters [ median (+/-68%) (+/-95%) ]
_______________
<Parameter b1:             2.895 (+0.05641 -0.05477) (+0.1082 -0.1087)>
<Parameter sigma_fog:      4.531 (+0.3359 -0.3226) (+0.7509 -0.6654)>

Constrained parameters [ median (+/-68%) (+/-95%) ]
______________________
<Parameter b1sigma8:       0.995 (+0.01939 -0.01882) (+0.03719 -0.03736)>
