rank #0: 2017-11-27 21:28:14,104 rsdfit.fitting_driver INFO     rank 161 on nid00578     Calling the 'nlopt' solve function
rank #0: 2017-11-27 21:28:14,104 rsdfit.lbfgs_fitter INFO     running LBFGS for 500 iterations and then stopping
rank #0: 2017-11-27 21:28:14,105 rsdfit.lbfgs_fitter INFO     running LBFGS minimizer with priors
rank #0: 2017-11-27 21:28:14,105 root         INFO     Iter           N   alpha_par   alpha_perp          b1           f    sigma8_z   sigma_fog   F(X)     
rank #0: 2017-11-27 21:28:15,007 LBFGS        INFO     options = {'factr': 100000.0, 'gtol': 1e-05, 'max_iter': 500, 'test_convergence': False}
rank #0: 2017-11-27 21:28:15,008 LBFGS        PARAM    0000          0.000000          1.000000          1.000000          2.000000          0.930915          0.398003          4.000000         83.675539
rank #0: 2017-11-27 21:28:16,006 LBFGS        PARAM    0001          0.242313          0.999924          0.999798          2.002041          0.931032          0.399455          3.999160         82.345685
rank #0: 2017-11-27 21:28:16,942 LBFGS        PARAM    0002         -7.550707          0.997985          0.993041          2.061491          0.934895          0.439572          3.971425         68.233789
rank #0: 2017-11-27 21:28:17,879 LBFGS        PARAM    0003        -13.323390          0.998808          0.994451          2.044564          0.934157          0.429459          3.977071         66.872678
rank #0: 2017-11-27 21:28:18,817 LBFGS        PARAM    0004        -19.360746          0.998920          0.993879          2.046372          0.934513          0.431141          3.974660         66.758737
rank #0: 2017-11-27 21:28:19,755 LBFGS        PARAM    0005        -35.873861          0.999405          0.992821          2.046519          0.935205          0.432680          3.970099         66.624899
rank #0: 2017-11-27 21:28:20,699 LBFGS        PARAM    0006        -91.992445          1.001182          0.989635          2.043264          0.937324          0.435516          3.956127         66.295864
rank #0: 2017-11-27 21:28:21,642 LBFGS        PARAM    0007       -189.774819          1.004367          0.984545          2.033941          0.940750          0.438129          3.933044         65.857143
rank #0: 2017-11-27 21:28:22,583 LBFGS        PARAM    0008       -283.009542          1.007012          0.981711          2.022182          0.942980          0.438124          3.907370         65.530066
rank #0: 2017-11-27 21:28:23,523 LBFGS        PARAM    0009       -293.075874          1.007207          0.982096          2.020387          0.942908          0.437430          3.902355         65.506098
rank #0: 2017-11-27 21:28:24,461 LBFGS        PARAM    0010       -291.620392          1.007121          0.982471          2.020559          0.942733          0.437214          3.901336         65.504138
rank #0: 2017-11-27 21:28:25,402 LBFGS        PARAM    0011       -290.881681          1.007034          0.982986          2.021006          0.942523          0.437068          3.898855         65.501825
rank #0: 2017-11-27 21:28:26,341 LBFGS        PARAM    0012       -292.171131          1.006834          0.984702          2.022711          0.941895          0.436838          3.887904         65.494298
rank #0: 2017-11-27 21:28:27,282 LBFGS        PARAM    0013       -300.515642          1.006555          0.988300          2.026556          0.940688          0.436722          3.860710         65.479081
rank #0: 2017-11-27 21:28:28,222 LBFGS        PARAM    0014       -323.644686          1.006257          0.994849          2.033859          0.938663          0.437022          3.804097         65.452757
rank #0: 2017-11-27 21:28:29,158 LBFGS        PARAM    0015       -358.160029          1.006262          1.002038          2.041144          0.936913          0.437973          3.712230         65.421386
rank #0: 2017-11-27 21:28:30,089 LBFGS        PARAM    0016       -382.004074          1.006165          1.005176          2.044012          0.936452          0.438867          3.650040         65.407553
rank #0: 2017-11-27 21:28:31,022 LBFGS        PARAM    0017       -385.230896          1.006081          1.004734          2.043338          0.936756          0.439107          3.641008         65.405517
rank #0: 2017-11-27 21:28:31,954 LBFGS        PARAM    0018       -384.195821          1.005941          1.004141          2.042613          0.936979          0.439129          3.641033         65.404863
rank #0: 2017-11-27 21:28:32,889 LBFGS        PARAM    0019       -382.147633          1.005477          1.003318          2.041518          0.937274          0.439088          3.638198         65.403549
rank #0: 2017-11-27 21:28:33,823 LBFGS        PARAM    0020       -379.372201          1.003987          1.002180          2.039694          0.937686          0.438900          3.622140         65.400272
rank #0: 2017-11-27 21:28:34,755 LBFGS        PARAM    0021       -378.946660          1.000559          1.001468          2.037714          0.937962          0.438448          3.578493         65.394133
rank #0: 2017-11-27 21:28:35,688 LBFGS        PARAM    0022       -395.661474          0.993056          1.003163          2.037367          0.937714          0.438043          3.509865         65.388217
rank #0: 2017-11-27 21:28:36,619 LBFGS        PARAM    0023       -393.301569          0.992603          1.004487          2.035983          0.937925          0.437968          3.477630         65.384388
rank #0: 2017-11-27 21:28:37,551 LBFGS        PARAM    0024       -393.638006          0.992977          1.005030          2.036332          0.937853          0.438046          3.482031         65.384090
rank #0: 2017-11-27 21:28:38,480 LBFGS        PARAM    0025       -394.125446          0.993045          1.005304          2.036348          0.937868          0.438110          3.483491         65.384016
rank #0: 2017-11-27 21:28:39,410 LBFGS        PARAM    0026       -394.586813          0.993030          1.005581          2.036005          0.937997          0.438222          3.484358         65.383909
rank #0: 2017-11-27 21:28:40,336 LBFGS        PARAM    0027       -395.779994          0.992788          1.006452          2.033912          0.938727          0.438713          3.486118         65.383498
rank #0: 2017-11-27 21:28:41,262 LBFGS        PARAM    0028       -397.038931          0.992111          1.007728          2.029119          0.940347          0.439668          3.487208         65.382791
rank #0: 2017-11-27 21:28:42,188 LBFGS        PARAM    0029       -397.735893          0.990746          1.009296          2.020400          0.943251          0.441230          3.486158         65.381772
rank #0: 2017-11-27 21:28:43,115 LBFGS        PARAM    0030       -394.933233          0.989489          1.009499          2.013386          0.945734          0.442233          3.482441         65.381034
rank #0: 2017-11-27 21:28:44,040 LBFGS        PARAM    0031       -395.700559          0.989322          1.009445          2.013054          0.945850          0.442261          3.480496         65.381012
rank #0: 2017-11-27 21:28:44,965 LBFGS        PARAM    0032       -395.877103          0.989320          1.009425          2.013149          0.945818          0.442242          3.480061         65.381012
rank #0: 2017-11-27 21:28:45,890 LBFGS        PARAM    0033       -395.879625          0.989323          1.009422          2.013166          0.945813          0.442239          3.480047         65.381012
rank #0: 2017-11-27 21:28:47,195 LBFGS        PARAM    0034       -395.879620          0.989323          1.009422          2.013166          0.945813          0.442239          3.480047         65.381012
rank #0: 2017-11-27 21:29:01,295 LBFGS        PARAM    0035       -395.879616          0.989323          1.009422          2.013166          0.945813          0.442239          3.480047         65.381012
rank #0: 2017-11-27 21:29:25,980 LBFGS        INFO     Linesearch failed in both LBFGS and gradient directions
rank #0: 2017-11-27 21:29:25,980 LBFGS        PARAM    0035       -395.879616          0.989323          1.009422          2.013166          0.945813          0.442239          3.480047         65.381012
rank #0: 2017-11-27 21:29:25,981 rsdfit.lbfgs_fitter WARNING  ...LBFGS optimization finished. Time elapsed: 0:01:10.97
rank #0: 2017-11-27 21:29:25,981 rsdfit.lbfgs_fitter ERROR    nonlinear fit with method L-BFGS-B failed: Linesearch failed in both LBFGS and gradient directions
rank #0: 2017-11-27 21:29:25,982 rsdfit.fitting_driver INFO     rank 161 on nid00578     ...fitting complete
rank #0: 2017-11-27 21:29:26,010 rsdfit.fitting_driver INFO     rank 161 on nid00578     Saving the results to `/global/cscratch1/sd/nhand/eBOSS/fits/results/mocks/ezmock/v1.8e-fph/0.0001-0.3/basemodel-fs8-alphas-N/0.8-2.2/QSO-S-0988-P0+P2-mock-cov-976ba3841e/2017-11-27_nlopt_35i_chain0__1.npz`
rank #0: 2017-11-27 21:29:26,052 pyRSD.analysis.lbfgs_results INFO     
minimum chi2 = 65.3810116616

Free parameters [ mean ]
_______________
N              : -395.87961587
alpha_par      : 0.989323029385
alpha_perp     : 1.00942212517
b1             : 2.01316580963
f              : 0.945812568138
sigma8_z       : 0.442239425063
sigma_fog      : 3.48004672122

Constrained parameters [ mean ]
_________________________
F_AP           : 0.980088512739
alpha          : 1.00267746107
b1sigma8       : 0.890301290207
epsilon        : -0.00668170820933
fsigma8        : 0.418275606351
