rank #0: 2017-11-27 22:24:28,972 rsdfit.fitting_driver INFO     rank 63 on nid00493     Calling the 'nlopt' solve function
rank #0: 2017-11-27 22:24:28,972 rsdfit.lbfgs_fitter INFO     running LBFGS for 500 iterations and then stopping
rank #0: 2017-11-27 22:24:28,973 rsdfit.lbfgs_fitter INFO     running LBFGS minimizer with priors
rank #0: 2017-11-27 22:24:28,973 root         INFO     Iter           N          b1           f        f_nl    sigma8_z   sigma_fog   F(X)     
rank #0: 2017-11-27 22:24:29,710 LBFGS        INFO     options = {'factr': 100000.0, 'gtol': 1e-05, 'max_iter': 500, 'test_convergence': False}
rank #0: 2017-11-27 22:24:29,710 LBFGS        PARAM    0000          0.000000          2.000000          0.930924          0.000000          0.397985          4.000000         95.713362
rank #0: 2017-11-27 22:24:30,516 LBFGS        PARAM    0001          0.436479          2.002181          0.930999          0.019225          0.399420          3.999577         94.714405
rank #0: 2017-11-27 22:24:31,262 LBFGS        PARAM    0002          3.047139          2.052973          0.931924          0.628648          0.429156          3.998587         85.999972
rank #0: 2017-11-27 22:24:32,008 LBFGS        PARAM    0003         -0.935876          2.044928          0.931142          0.625173          0.423304          4.005654         85.571359
rank #0: 2017-11-27 22:24:32,756 LBFGS        PARAM    0004         -3.810396          2.047520          0.930688          0.735316          0.423723          4.010890         85.529428
rank #0: 2017-11-27 22:24:33,506 LBFGS        PARAM    0005        -24.785561          2.061935          0.927279          1.489055          0.424193          4.048879         85.348564
rank #0: 2017-11-27 22:24:34,254 LBFGS        PARAM    0006        -63.586307          2.085424          0.920792          2.874478          0.422987          4.118749         85.104602
rank #0: 2017-11-27 22:24:35,007 LBFGS        PARAM    0007       -125.767303          2.122440          0.909522          5.283836          0.418658          4.228605         84.790799
rank #0: 2017-11-27 22:24:35,760 LBFGS        PARAM    0008       -149.882288          2.169550          0.894871          9.123618          0.410220          4.244390         84.495224
rank #0: 2017-11-27 22:24:36,507 LBFGS        PARAM    0009       -154.177186          2.231931          0.875552         14.627082          0.398279          4.198611         84.284729
rank #0: 2017-11-27 22:24:37,259 LBFGS        PARAM    0010       -141.323184          2.256126          0.868287         16.979643          0.394028          4.144212         84.185843
rank #0: 2017-11-27 22:24:38,007 LBFGS        PARAM    0011        -95.747907          2.343183          0.842118         26.028950          0.380757          3.914034         83.885415
rank #0: 2017-11-27 22:24:38,754 LBFGS        PARAM    0012       -170.010933          2.429212          0.812013         39.214571          0.369422          3.586632         83.550206
rank #0: 2017-11-27 22:24:39,501 LBFGS        PARAM    0013       -234.843142          2.445323          0.777502         41.986369          0.373251          3.318577         83.477877
rank #0: 2017-11-27 22:24:40,245 LBFGS        PARAM    0014       -237.839767          2.447460          0.787363         43.209081          0.370388          3.357868         83.406497
rank #0: 2017-11-27 22:24:40,992 LBFGS        PARAM    0015       -241.608168          2.439331          0.789648         42.739457          0.371337          3.354161         83.401321
rank #0: 2017-11-27 22:24:41,742 LBFGS        PARAM    0016       -250.320703          2.431125          0.789787         42.172817          0.372471          3.328178         83.396852
rank #0: 2017-11-27 22:24:42,490 LBFGS        PARAM    0017       -254.977541          2.432461          0.786915         41.050398          0.372519          3.307316         83.392277
rank #0: 2017-11-27 22:24:43,240 LBFGS        PARAM    0018       -267.408100          2.447848          0.775781         37.034804          0.371203          3.255891         83.383519
rank #0: 2017-11-27 22:24:43,990 LBFGS        PARAM    0019       -267.459065          2.450323          0.774940         36.689037          0.370894          3.256917         83.383324
rank #0: 2017-11-27 22:24:44,739 LBFGS        PARAM    0020       -267.231228          2.450742          0.774929         36.704883          0.370831          3.258270         83.383317
rank #0: 2017-11-27 22:24:45,490 LBFGS        PARAM    0021       -267.200429          2.450762          0.774940         36.716334          0.370827          3.258420         83.383317
rank #0: 2017-11-27 22:24:46,241 LBFGS        PARAM    0022       -267.199169          2.450763          0.774941         36.717331          0.370827          3.258420         83.383317
rank #0: 2017-11-27 22:24:47,051 LBFGS        PARAM    0023       -267.199127          2.450763          0.774941         36.717343          0.370827          3.258420         83.383317
rank #0: 2017-11-27 22:25:00,094 LBFGS        PARAM    0024       -267.199127          2.450763          0.774941         36.717343          0.370827          3.258420         83.383317
rank #0: 2017-11-27 22:25:00,841 LBFGS        PARAM    0025       -267.199125          2.450763          0.774941         36.717342          0.370827          3.258420         83.383317
rank #0: 2017-11-27 22:25:01,587 LBFGS        PARAM    0026       -267.199130          2.450763          0.774941         36.717341          0.370827          3.258420         83.383317
rank #0: 2017-11-27 22:25:02,335 LBFGS        PARAM    0027       -267.199259          2.450763          0.774941         36.717321          0.370827          3.258419         83.383317
rank #0: 2017-11-27 22:25:03,082 LBFGS        PARAM    0028       -267.199517          2.450764          0.774941         36.717283          0.370827          3.258419         83.383317
rank #0: 2017-11-27 22:25:03,945 LBFGS        PARAM    0029       -267.199612          2.450764          0.774941         36.717269          0.370827          3.258418         83.383317
rank #0: 2017-11-27 22:25:04,809 LBFGS        PARAM    0030       -267.199779          2.450764          0.774941         36.717242          0.370827          3.258418         83.383317
rank #0: 2017-11-27 22:25:05,965 LBFGS        PARAM    0031       -267.199790          2.450764          0.774941         36.717241          0.370827          3.258418         83.383317
rank #0: 2017-11-27 22:25:19,002 LBFGS        PARAM    0032       -267.199798          2.450764          0.774941         36.717240          0.370827          3.258418         83.383317
rank #0: 2017-11-27 22:25:19,871 LBFGS        PARAM    0033       -267.199798          2.450764          0.774941         36.717240          0.370827          3.258418         83.383317
rank #0: 2017-11-27 22:25:42,998 LBFGS        INFO     Linesearch failed in both LBFGS and gradient directions
rank #0: 2017-11-27 22:25:42,999 LBFGS        PARAM    0033       -267.199798          2.450764          0.774941         36.717240          0.370827          3.258418         83.383317
rank #0: 2017-11-27 22:25:42,999 rsdfit.lbfgs_fitter WARNING  ...LBFGS optimization finished. Time elapsed: 0:01:13.29
rank #0: 2017-11-27 22:25:42,999 rsdfit.lbfgs_fitter ERROR    nonlinear fit with method L-BFGS-B failed: Linesearch failed in both LBFGS and gradient directions
rank #0: 2017-11-27 22:25:43,000 rsdfit.fitting_driver INFO     rank 63 on nid00493     ...fitting complete
rank #0: 2017-11-27 22:25:43,002 rsdfit.fitting_driver INFO     rank 63 on nid00493     Saving the results to `/global/cscratch1/sd/nhand/eBOSS/fits/results/mocks/ezmock/v1.8e-fph/0.0001-0.3/basemodel-fs8-N-fnl/0.8-2.2/QSO-S-0714-P0+P2-mock-cov-0a197b956d/2017-11-27_nlopt_33i_chain0__1.npz`
rank #0: 2017-11-27 22:25:43,023 pyRSD.analysis.lbfgs_results INFO     
minimum chi2 = 83.3833166733

Free parameters [ mean ]
_______________
N              : -267.199798275
b1             : 2.45076400296
f              : 0.774941209574
f_nl           : 36.7172399954
sigma8_z       : 0.37082706926
sigma_fog      : 3.25841759468

Constrained parameters [ mean ]
_________________________
b1sigma8       : 0.908809632665
fsigma8        : 0.287369177595
