rank #0: 2018-10-08 09:34:09,407 rsdfit.fitting_driver INFO     rank 8 on nid02164     Calling the 'nlopt' solve function
rank #0: 2018-10-08 09:34:09,408 rsdfit.lbfgs_fitter INFO     running LBFGS for 500 iterations and then stopping
rank #0: 2018-10-08 09:34:09,408 rsdfit.lbfgs_fitter INFO     running LBFGS minimizer with priors
rank #0: 2018-10-08 09:34:09,409 root         INFO     Iter           N          b1        f_nl   sigma_fog   F(X)     
rank #0: 2018-10-08 09:34:09,409 rsdfit.lbfgs_fitter INFO     computing gradient using numerical derivative of lnlike()
rank #0: 2018-10-08 09:34:10,594 LBFGS        INFO     options = {'factr': 100000.0, 'gtol': 1e-05, 'max_iter': 500, 'test_convergence': False}
rank #0: 2018-10-08 09:34:10,595 LBFGS        PARAM    0000          0.000000          2.000000          0.000000          4.000000        101.952257
rank #0: 2018-10-08 09:34:11,947 LBFGS        PARAM    0001         49.169830          2.113919          2.420655          3.947259         86.644560
rank #0: 2018-10-08 09:34:13,190 LBFGS        PARAM    0002        -29.258916          2.389598         11.917154          3.862515         73.539114
rank #0: 2018-10-08 09:34:14,406 LBFGS        PARAM    0003       -117.001195          2.373635         13.747429          3.892649         71.312499
rank #0: 2018-10-08 09:34:15,618 LBFGS        PARAM    0004       -343.586712          2.407843         22.107529          3.912850         68.960371
rank #0: 2018-10-08 09:34:16,853 LBFGS        PARAM    0005       -417.575547          2.424711         29.833830          3.818397         68.364886
rank #0: 2018-10-08 09:34:18,068 LBFGS        PARAM    0006       -523.696247          2.421436         52.789937          3.440992         67.540430
rank #0: 2018-10-08 09:34:19,302 LBFGS        PARAM    0007       -482.321460          2.398213         49.640964          3.312287         67.211967
rank #0: 2018-10-08 09:34:20,512 LBFGS        PARAM    0008       -469.755839          2.389335         52.141049          3.210590         67.170568
rank #0: 2018-10-08 09:34:21,737 LBFGS        PARAM    0009       -465.267432          2.389286         51.866390          3.227157         67.168841
rank #0: 2018-10-08 09:34:22,964 LBFGS        PARAM    0010       -459.415642          2.387861         52.251255          3.245654         67.167609
rank #0: 2018-10-08 09:34:24,179 LBFGS        PARAM    0011       -458.447580          2.387753         52.374263          3.247062         67.167567
rank #0: 2018-10-08 09:34:25,415 LBFGS        PARAM    0012       -458.513534          2.387722         52.382651          3.246867         67.167567
rank #0: 2018-10-08 09:34:26,632 LBFGS        PARAM    0013       -458.523955          2.387720         52.383876          3.246818         67.167567
rank #0: 2018-10-08 09:34:27,871 LBFGS        PARAM    0014       -458.524300          2.387720         52.383901          3.246816         67.167567
rank #0: 2018-10-08 09:35:21,670 LBFGS        INFO     Linesearch failed in both LBFGS and gradient directions
rank #0: 2018-10-08 09:35:21,671 LBFGS        PARAM    0014       -458.524300          2.387720         52.383901          3.246816         67.167567
rank #0: 2018-10-08 09:35:21,672 rsdfit.lbfgs_fitter WARNING  ...LBFGS optimization finished. Time elapsed: 0:01:11.08
rank #0: 2018-10-08 09:35:21,673 rsdfit.lbfgs_fitter ERROR    nonlinear fit with method L-BFGS-B failed: Linesearch failed in both LBFGS and gradient directions
rank #0: 2018-10-08 09:35:21,674 rsdfit.fitting_driver INFO     rank 8 on nid02164     ...fitting complete
rank #0: 2018-10-08 09:35:21,677 rsdfit.fitting_driver INFO     rank 8 on nid02164     Saving the results to `/global/cscratch1/sd/nhand/eBOSS/fits/results/mocks/ezmock/v1.8e-fph/0.0001-0.3/basemodel-N-fnl/0.8-2.2/QSO-S-0348-P0+P2-mock-cov-96ccb1008d/2018-10-08_nlopt_14i_chain0__1.npz`
rank #0: 2018-10-08 09:35:21,737 pyRSD.analysis.lbfgs_results INFO     
minimum chi2 = 67.1675666918

Free parameters [ mean ]
_______________
N              : -458.524299675
b1             : 2.38771976265
f_nl           : 52.3839011591
sigma_fog      : 3.24681596848

Constrained parameters [ mean ]
_________________________
b1sigma8       : 0.895121059808
