rank #0: 2018-10-04 22:59:59,076 rsdfit.fitting_driver INFO     rank 56 on nid01843     Calling the 'nlopt' solve function
rank #0: 2018-10-04 22:59:59,077 rsdfit.lbfgs_fitter INFO     running LBFGS for 500 iterations and then stopping
rank #0: 2018-10-04 22:59:59,078 rsdfit.lbfgs_fitter INFO     running LBFGS minimizer with priors
rank #0: 2018-10-04 22:59:59,078 root         INFO     Iter           N          b1        f_nl   sigma_fog   F(X)     
rank #0: 2018-10-04 22:59:59,079 rsdfit.lbfgs_fitter INFO     computing gradient using numerical derivative of lnlike()
rank #0: 2018-10-04 23:00:00,275 LBFGS        INFO     options = {'factr': 100000.0, 'gtol': 1e-05, 'max_iter': 500, 'test_convergence': False}
rank #0: 2018-10-04 23:00:00,276 LBFGS        PARAM    0000          0.000000          2.000000          0.000000          4.000000        146.473665
rank #0: 2018-10-04 23:00:01,622 LBFGS        PARAM    0001         96.538516          2.205790          1.913091          3.915410        116.459263
rank #0: 2018-10-04 23:00:02,827 LBFGS        PARAM    0002        -23.193048          2.642009         11.707563          3.825029         97.869570
rank #0: 2018-10-04 23:00:04,042 LBFGS        PARAM    0003       -137.972893          2.566341         11.692274          3.897414         93.079226
rank #0: 2018-10-04 23:00:05,240 LBFGS        PARAM    0004       -326.659922          2.594074         15.553301          3.941361         90.469679
rank #0: 2018-10-04 23:00:06,465 LBFGS        PARAM    0005       -547.764514          2.655438         23.546051          3.865837         88.942795
rank #0: 2018-10-04 23:00:07,668 LBFGS        PARAM    0006       -647.855599          2.664020         32.560330          3.567989         88.041473
rank #0: 2018-10-04 23:00:08,876 LBFGS        PARAM    0007       -859.927490          2.639027         67.859566          2.472046         86.501027
rank #0: 2018-10-04 23:00:10,095 LBFGS        PARAM    0008       -797.339005          2.628854         82.788532          2.520874         86.317034
rank #0: 2018-10-04 23:00:11,299 LBFGS        PARAM    0009       -749.581324          2.607749         93.540504          2.553608         86.247082
rank #0: 2018-10-04 23:00:12,529 LBFGS        PARAM    0010       -743.738970          2.601721         97.417633          2.569591         86.237849
rank #0: 2018-10-04 23:00:13,739 LBFGS        PARAM    0011       -744.420527          2.600894         98.619025          2.583063         86.236386
rank #0: 2018-10-04 23:00:14,968 LBFGS        PARAM    0012       -745.352301          2.601319         98.616739          2.586428         86.236306
rank #0: 2018-10-04 23:00:16,173 LBFGS        PARAM    0013       -745.526544          2.601439         98.573729          2.586658         86.236305
rank #0: 2018-10-04 23:00:17,377 LBFGS        PARAM    0014       -745.532170          2.601446         98.569690          2.586650         86.236305
rank #0: 2018-10-04 23:00:18,605 LBFGS        PARAM    0015       -745.531981          2.601446         98.569618          2.586649         86.236305
rank #0: 2018-10-04 23:00:19,808 LBFGS        PARAM    0016       -745.531959          2.601446         98.569619          2.586649         86.236305
rank #0: 2018-10-04 23:00:49,820 LBFGS        PARAM    0017       -745.531994          2.601446         98.569618          2.586649         86.236305
rank #0: 2018-10-04 23:01:44,369 LBFGS        INFO     Linesearch failed in both LBFGS and gradient directions
rank #0: 2018-10-04 23:01:44,371 LBFGS        PARAM    0017       -745.531994          2.601446         98.569618          2.586649         86.236305
rank #0: 2018-10-04 23:01:44,372 rsdfit.lbfgs_fitter WARNING  ...LBFGS optimization finished. Time elapsed: 0:01:44.10
rank #0: 2018-10-04 23:01:44,373 rsdfit.lbfgs_fitter ERROR    nonlinear fit with method L-BFGS-B failed: Linesearch failed in both LBFGS and gradient directions
rank #0: 2018-10-04 23:01:44,375 rsdfit.fitting_driver INFO     rank 56 on nid01843     ...fitting complete
rank #0: 2018-10-04 23:01:44,385 rsdfit.fitting_driver INFO     rank 56 on nid01843     Saving the results to `/global/cscratch1/sd/nhand/eBOSS/fits/results/mocks/ezmock/v1.8e-fph/0.005-0.3/basemodel-N-fnl/0.8-2.2/QSO-S-0851-P0+P2-mock-cov-98e9a706c6/2018-10-04_nlopt_17i_chain0__1.npz`
rank #0: 2018-10-04 23:01:44,451 pyRSD.analysis.lbfgs_results INFO     
minimum chi2 = 86.2363047191

Free parameters [ mean ]
_______________
N              : -745.53199437
b1             : 2.60144572495
f_nl           : 98.5696181792
sigma_fog      : 2.58664946688

Constrained parameters [ mean ]
_________________________
b1sigma8       : 0.942330809861
