rank #0: 2018-06-24 13:44:30,932 rsdfit.fitting_driver INFO     rank 7 on nid00565     Calling the 'nlopt' solve function
rank #0: 2018-06-24 13:44:30,933 rsdfit.lbfgs_fitter INFO     running LBFGS for 500 iterations and then stopping
rank #0: 2018-06-24 13:44:30,933 rsdfit.lbfgs_fitter INFO     running LBFGS minimizer with priors
rank #0: 2018-06-24 13:44:30,934 root         INFO     Iter           N          b1        f_nl   sigma_fog   F(X)     
rank #0: 2018-06-24 13:44:31,509 LBFGS        INFO     options = {'factr': 100000.0, 'gtol': 1e-05, 'max_iter': 500, 'test_convergence': False}
rank #0: 2018-06-24 13:44:31,510 LBFGS        PARAM    0000          0.000000          2.000000          0.000000          4.000000        129.088768
rank #0: 2018-06-24 13:44:32,153 LBFGS        PARAM    0001         51.396678          2.145312          1.185096          3.976513        102.246916
rank #0: 2018-06-24 13:44:32,747 LBFGS        PARAM    0002        -58.933772          2.462413          6.382329          4.071803         80.124613
rank #0: 2018-06-24 13:44:33,339 LBFGS        PARAM    0003       -194.318580          2.472518          7.132229          4.183052         74.483603
rank #0: 2018-06-24 13:44:33,917 LBFGS        PARAM    0004       -488.002869          2.548998         10.177266          4.417317         70.269117
rank #0: 2018-06-24 13:44:34,510 LBFGS        PARAM    0005       -476.611544          2.537159         10.616123          4.392652         70.235200
rank #0: 2018-06-24 13:44:35,105 LBFGS        PARAM    0006       -476.594058          2.536518         11.202906          4.381440         70.227201
rank #0: 2018-06-24 13:44:35,702 LBFGS        PARAM    0007       -494.558852          2.530235         20.792105          4.231583         70.155371
rank #0: 2018-06-24 13:44:36,282 LBFGS        PARAM    0008       -499.848327          2.527575         26.386092          4.211287         70.130977
rank #0: 2018-06-24 13:44:36,879 LBFGS        PARAM    0009       -494.342886          2.521220         37.467384          4.235467         70.101706
rank #0: 2018-06-24 13:44:37,476 LBFGS        PARAM    0010       -487.208659          2.519756         38.782309          4.261728         70.099414
rank #0: 2018-06-24 13:44:38,057 LBFGS        PARAM    0011       -485.980028          2.519762         38.622295          4.267534         70.099345
rank #0: 2018-06-24 13:44:38,652 LBFGS        PARAM    0012       -485.970991          2.519783         38.598362          4.267684         70.099344
rank #0: 2018-06-24 13:44:39,248 LBFGS        PARAM    0013       -485.972466          2.519784         38.597375          4.267683         70.099344
rank #0: 2018-06-24 13:44:39,846 LBFGS        PARAM    0014       -485.972515          2.519784         38.597377          4.267683         70.099344
rank #0: 2018-06-24 13:45:05,836 LBFGS        INFO     Linesearch failed in both LBFGS and gradient directions
rank #0: 2018-06-24 13:45:05,838 LBFGS        PARAM    0014       -485.972515          2.519784         38.597377          4.267683         70.099344
rank #0: 2018-06-24 13:45:05,838 rsdfit.lbfgs_fitter WARNING  ...LBFGS optimization finished. Time elapsed: 0:00:34.33
rank #0: 2018-06-24 13:45:05,839 rsdfit.lbfgs_fitter ERROR    nonlinear fit with method L-BFGS-B failed: Linesearch failed in both LBFGS and gradient directions
rank #0: 2018-06-24 13:45:05,841 rsdfit.fitting_driver INFO     rank 7 on nid00565     ...fitting complete
rank #0: 2018-06-24 13:45:05,844 rsdfit.fitting_driver INFO     rank 7 on nid00565     Saving the results to `/global/cscratch1/sd/nhand/eBOSS/fits/results/mocks/ezmock/v1.8e-fph/0.005-0.3/basemodel-N-fnl/0.8-2.2/QSO-N-0557-P0+P2-mock-cov-f224d44da7/2018-06-24_nlopt_14i_chain0__1.npz`
rank #0: 2018-06-24 13:45:05,870 pyRSD.analysis.lbfgs_results INFO     
minimum chi2 = 70.0993444806

Free parameters [ mean ]
_______________
N              : -485.972514635
b1             : 2.51978353699
f_nl           : 38.5973772867
sigma_fog      : 4.26768338033

Constrained parameters [ mean ]
_________________________
b1sigma8       : 0.912750029075
