rank #0: 2018-12-30 19:46:21,257 rsdfit.fitting_driver INFO     rank 34 on nid00631     Calling the 'nlopt' solve function
rank #0: 2018-12-30 19:46:21,258 rsdfit.lbfgs_fitter INFO     running LBFGS for 500 iterations and then stopping
rank #0: 2018-12-30 19:46:21,258 rsdfit.lbfgs_fitter INFO     running LBFGS minimizer with priors
rank #0: 2018-12-30 19:46:21,259 root         INFO     Iter           N          b1        f_nl   sigma_fog   F(X)     
rank #0: 2018-12-30 19:46:21,259 rsdfit.lbfgs_fitter INFO     computing gradient using numerical derivative of lnlike()
rank #0: 2018-12-30 19:46:22,440 LBFGS        INFO     options = {'factr': 100000.0, 'gtol': 1e-05, 'max_iter': 500, 'test_convergence': False}
rank #0: 2018-12-30 19:46:23,660 LBFGS        PARAM    0000          0.000000          2.000000          0.000000          4.000000        146.877993
rank #0: 2018-12-30 19:46:25,007 LBFGS        PARAM    0001         16.972316          2.142665          1.466617          4.010689        123.088575
rank #0: 2018-12-30 19:46:26,247 LBFGS        PARAM    0002       -133.581512          2.452715          9.131894          4.290146         98.813360
rank #0: 2018-12-30 19:46:27,510 LBFGS        PARAM    0003       -338.471668          2.515929         12.940739          4.534197         90.383581
rank #0: 2018-12-30 19:46:28,744 LBFGS        PARAM    0004       -554.686648          2.537846         21.010792          4.910832         85.947886
rank #0: 2018-12-30 19:46:29,982 LBFGS        PARAM    0005       -551.513097          2.544303         23.910722          4.957523         85.745920
rank #0: 2018-12-30 19:46:31,244 LBFGS        PARAM    0006       -479.547384          2.554348         49.539171          5.322619         84.635300
rank #0: 2018-12-30 19:46:32,486 LBFGS        PARAM    0007       -418.303851          2.533591         63.346268          5.473943         84.228036
rank #0: 2018-12-30 19:46:33,749 LBFGS        PARAM    0008       -400.098992          2.510487         67.590811          5.432414         84.063162
rank #0: 2018-12-30 19:46:34,979 LBFGS        PARAM    0009       -402.120163          2.505826         68.585864          5.405592         84.048183
rank #0: 2018-12-30 19:46:36,207 LBFGS        PARAM    0010       -407.705129          2.502952         69.871864          5.366811         84.034207
rank #0: 2018-12-30 19:46:37,453 LBFGS        PARAM    0011       -418.266269          2.502713         71.586842          5.311960         84.019812
rank #0: 2018-12-30 19:46:38,681 LBFGS        PARAM    0012       -422.736430          2.504668         71.748081          5.294860         84.017177
rank #0: 2018-12-30 19:46:39,926 LBFGS        PARAM    0013       -422.969315          2.505141         71.612691          5.294665         84.017108
rank #0: 2018-12-30 19:46:41,161 LBFGS        PARAM    0014       -422.881497          2.505182         71.610227          5.295301         84.017106
rank #0: 2018-12-30 19:46:42,388 LBFGS        PARAM    0015       -422.874383          2.505182         71.606643          5.295325         84.017106
rank #0: 2018-12-30 19:46:43,648 LBFGS        PARAM    0016       -422.874313          2.505182         71.606999          5.295326         84.017106
rank #0: 2018-12-30 19:47:14,120 LBFGS        PARAM    0017       -422.874313          2.505182         71.606999          5.295326         84.017106
rank #0: 2018-12-30 19:47:45,094 LBFGS        PARAM    0018       -422.874313          2.505182         71.606999          5.295326         84.017106
rank #0: 2018-12-30 19:48:36,115 LBFGS        INFO     Linesearch failed in both LBFGS and gradient directions
rank #0: 2018-12-30 19:48:36,116 LBFGS        PARAM    0018       -422.874313          2.505182         71.606999          5.295326         84.017106
rank #0: 2018-12-30 19:48:36,117 rsdfit.lbfgs_fitter WARNING  ...LBFGS optimization finished. Time elapsed: 0:02:13.68
rank #0: 2018-12-30 19:48:36,118 rsdfit.lbfgs_fitter ERROR    nonlinear fit with method L-BFGS-B failed: Linesearch failed in both LBFGS and gradient directions
rank #0: 2018-12-30 19:48:36,119 rsdfit.fitting_driver INFO     rank 34 on nid00631     ...fitting complete
rank #0: 2018-12-30 19:48:36,123 rsdfit.fitting_driver INFO     rank 34 on nid00631     Saving the results to `/global/cscratch1/sd/nhand/eBOSS/fits/results/mocks/ezmock/v1.8e-fph/0.0001-0.3/basemodel-N-fnl/0.8-2.2/QSO-N-0533-P0+P2-mock-cov-368a762326/2018-12-30_nlopt_18i_chain0__1.npz`
rank #0: 2018-12-30 19:48:36,281 pyRSD.analysis.lbfgs_results INFO     
minimum chi2 = 84.0171063946

Free parameters [ mean ]
_______________
N              : -422.874312852
b1             : 2.50518182693
f_nl           : 71.6069992563
sigma_fog      : 5.2953260147

Constrained parameters [ mean ]
_________________________
b1sigma8       : 0.907460800423
