rank #0: 2018-10-04 21:22:49,507 rsdfit.fitting_driver INFO     rank 52 on nid01063     Calling the 'nlopt' solve function
rank #0: 2018-10-04 21:22:49,508 rsdfit.lbfgs_fitter INFO     running LBFGS for 500 iterations and then stopping
rank #0: 2018-10-04 21:22:49,509 rsdfit.lbfgs_fitter INFO     running LBFGS minimizer with priors
rank #0: 2018-10-04 21:22:49,510 root         INFO     Iter           N          b1        f_nl   sigma_fog   F(X)     
rank #0: 2018-10-04 21:22:49,510 rsdfit.lbfgs_fitter INFO     computing gradient using numerical derivative of lnlike()
rank #0: 2018-10-04 21:22:50,674 LBFGS        INFO     options = {'factr': 100000.0, 'gtol': 1e-05, 'max_iter': 500, 'test_convergence': False}
rank #0: 2018-10-04 21:22:50,676 LBFGS        PARAM    0000          0.000000          2.000000          0.000000          4.000000        125.098949
rank #0: 2018-10-04 21:22:51,991 LBFGS        PARAM    0001        -14.923090          2.085323          1.943317          4.021445        112.073646
rank #0: 2018-10-04 21:22:53,179 LBFGS        PARAM    0002       -244.355209          2.322351          9.723699          4.250977         92.714334
rank #0: 2018-10-04 21:22:54,380 LBFGS        PARAM    0003       -396.694336          2.345690         11.627517          4.426837         87.651890
rank #0: 2018-10-04 21:22:55,560 LBFGS        PARAM    0004       -491.297172          2.352749         12.977368          4.582498         86.470837
rank #0: 2018-10-04 21:22:56,765 LBFGS        PARAM    0005       -488.421935          2.353548         13.306904          4.614213         86.413490
rank #0: 2018-10-04 21:22:57,947 LBFGS        PARAM    0006       -412.296746          2.351494         16.896618          4.968997         86.032529
rank #0: 2018-10-04 21:22:59,153 LBFGS        PARAM    0007       -399.740372          2.349997         17.837896          4.993837         86.026806
rank #0: 2018-10-04 21:23:00,334 LBFGS        PARAM    0008       -399.642047          2.349803         17.842762          4.993891         86.026793
rank #0: 2018-10-04 21:23:01,540 LBFGS        PARAM    0009       -399.662254          2.349811         17.848628          4.993855         86.026792
rank #0: 2018-10-04 21:23:02,722 LBFGS        PARAM    0010       -399.733154          2.349801         17.888409          4.993612         86.026789
rank #0: 2018-10-04 21:23:03,930 LBFGS        PARAM    0011       -399.734239          2.349775         17.902165          4.993509         86.026789
rank #0: 2018-10-04 21:23:05,121 LBFGS        PARAM    0012       -399.729945          2.349767         17.903884          4.993485         86.026789
rank #0: 2018-10-04 21:23:06,309 LBFGS        PARAM    0013       -399.729334          2.349766         17.903728          4.993485         86.026789
rank #0: 2018-10-04 21:23:07,518 LBFGS        PARAM    0014       -399.729318          2.349766         17.903702          4.993485         86.026789
rank #0: 2018-10-04 21:23:08,705 LBFGS        PARAM    0015       -399.729320          2.349766         17.903702          4.993485         86.026789
rank #0: 2018-10-04 21:23:10,052 LBFGS        PARAM    0016       -399.729319          2.349766         17.903702          4.993485         86.026789
rank #0: 2018-10-04 21:23:39,052 LBFGS        PARAM    0017       -399.729319          2.349766         17.903702          4.993485         86.026789
rank #0: 2018-10-04 21:24:07,402 LBFGS        PARAM    0018       -399.729310          2.349766         17.903702          4.993485         86.026789
rank #0: 2018-10-04 21:25:00,548 LBFGS        INFO     Linesearch failed in both LBFGS and gradient directions
rank #0: 2018-10-04 21:25:00,549 LBFGS        PARAM    0018       -399.729310          2.349766         17.903702          4.993485         86.026789
rank #0: 2018-10-04 21:25:00,550 rsdfit.lbfgs_fitter WARNING  ...LBFGS optimization finished. Time elapsed: 0:02:09.88
rank #0: 2018-10-04 21:25:00,552 rsdfit.lbfgs_fitter ERROR    nonlinear fit with method L-BFGS-B failed: Linesearch failed in both LBFGS and gradient directions
rank #0: 2018-10-04 21:25:00,553 rsdfit.fitting_driver INFO     rank 52 on nid01063     ...fitting complete
rank #0: 2018-10-04 21:25:00,557 rsdfit.fitting_driver INFO     rank 52 on nid01063     Saving the results to `/global/cscratch1/sd/nhand/eBOSS/fits/results/mocks/ezmock/v1.8e-fph/0.0001-0.3/basemodel-N-fnl/0.8-2.2/QSO-N-0778-P0+P2-mock-cov-3d9387a9b2/2018-10-04_nlopt_18i_chain0__1.npz`
rank #0: 2018-10-04 21:25:00,669 pyRSD.analysis.lbfgs_results INFO     
minimum chi2 = 86.0267890795

Free parameters [ mean ]
_______________
N              : -399.729309594
b1             : 2.34976632446
f_nl           : 17.90370194
sigma_fog      : 4.99348452079

Constrained parameters [ mean ]
_________________________
b1sigma8       : 0.880892873425
