rank #0: 2018-07-15 19:58:04,714 rsdfit.fitting_driver INFO     rank 27 on nid00604     Calling the 'nlopt' solve function
rank #0: 2018-07-15 19:58:04,715 rsdfit.lbfgs_fitter INFO     running LBFGS for 500 iterations and then stopping
rank #0: 2018-07-15 19:58:04,716 rsdfit.lbfgs_fitter INFO     running LBFGS minimizer with priors
rank #0: 2018-07-15 19:58:04,716 root         INFO     Iter           N          b1        f_nl   sigma_fog   F(X)     
rank #0: 2018-07-15 19:58:05,302 LBFGS        INFO     options = {'factr': 100000.0, 'gtol': 1e-05, 'max_iter': 500, 'test_convergence': False}
rank #0: 2018-07-15 19:58:05,304 LBFGS        PARAM    0000          0.000000          2.000000          0.000000          4.000000        115.543344
rank #0: 2018-07-15 19:58:05,963 LBFGS        PARAM    0001        -14.688867          2.062622          0.596598          4.005691        106.090095
rank #0: 2018-07-15 19:58:06,562 LBFGS        PARAM    0002       -184.536877          2.219934          3.089819          4.102646         92.881705
rank #0: 2018-07-15 19:58:07,167 LBFGS        PARAM    0003       -320.791336          2.249005          4.170198          4.186833         89.174940
rank #0: 2018-07-15 19:58:07,770 LBFGS        PARAM    0004       -421.783060          2.253504          5.455709          4.220930         88.163929
rank #0: 2018-07-15 19:58:08,356 LBFGS        PARAM    0005       -426.578839          2.254869          5.928953          4.208948         88.140651
rank #0: 2018-07-15 19:58:08,956 LBFGS        PARAM    0006       -464.468047          2.258724         11.566529          4.056096         87.973175
rank #0: 2018-07-15 19:58:09,557 LBFGS        PARAM    0007       -474.915209          2.254495         16.096769          3.972177         87.906593
rank #0: 2018-07-15 19:58:10,145 LBFGS        PARAM    0008       -476.419059          2.247912         23.911789          3.916442         87.829865
rank #0: 2018-07-15 19:58:10,741 LBFGS        PARAM    0009       -468.909987          2.236958         39.694454          3.879252         87.723029
rank #0: 2018-07-15 19:58:11,344 LBFGS        PARAM    0010       -457.427914          2.232536         50.619307          3.914512         87.659942
rank #0: 2018-07-15 19:58:11,946 LBFGS        PARAM    0011       -449.676057          2.234669         52.986572          3.979740         87.635752
rank #0: 2018-07-15 19:58:12,534 LBFGS        PARAM    0012       -447.637086          2.235001         51.944190          3.993137         87.634962
rank #0: 2018-07-15 19:58:13,139 LBFGS        PARAM    0013       -447.534664          2.234957         51.994733          3.993238         87.634961
rank #0: 2018-07-15 19:58:13,740 LBFGS        PARAM    0014       -447.531274          2.234956         51.995840          3.993242         87.634961
rank #0: 2018-07-15 19:58:28,593 LBFGS        PARAM    0015       -447.531275          2.234956         51.995840          3.993242         87.634961
rank #0: 2018-07-15 19:58:29,245 LBFGS        PARAM    0016       -447.531281          2.234956         51.995840          3.993242         87.634961
rank #0: 2018-07-15 19:58:55,377 LBFGS        INFO     Linesearch failed in both LBFGS and gradient directions
rank #0: 2018-07-15 19:58:55,378 LBFGS        PARAM    0016       -447.531281          2.234956         51.995840          3.993242         87.634961
rank #0: 2018-07-15 19:58:55,379 rsdfit.lbfgs_fitter WARNING  ...LBFGS optimization finished. Time elapsed: 0:00:50.08
rank #0: 2018-07-15 19:58:55,380 rsdfit.lbfgs_fitter ERROR    nonlinear fit with method L-BFGS-B failed: Linesearch failed in both LBFGS and gradient directions
rank #0: 2018-07-15 19:58:55,381 rsdfit.fitting_driver INFO     rank 27 on nid00604     ...fitting complete
rank #0: 2018-07-15 19:58:55,384 rsdfit.fitting_driver INFO     rank 27 on nid00604     Saving the results to `/global/cscratch1/sd/nhand/eBOSS/fits/results/mocks/ezmock/v1.8e-fph/0.0001-0.3/basemodel-N-fnl/0.8-2.2/QSO-N-0412-P0+P2-mock-cov-a8bcb55756/2018-07-15_nlopt_16i_chain0__1.npz`
rank #0: 2018-07-15 19:58:55,409 pyRSD.analysis.lbfgs_results INFO     
minimum chi2 = 87.6349611698

Free parameters [ mean ]
_______________
N              : -447.53128072
b1             : 2.23495644814
f_nl           : 51.995840228
sigma_fog      : 3.99324178625

Constrained parameters [ mean ]
_________________________
b1sigma8       : 0.890212678051
