rank #0: 2018-07-16 20:41:44,978 rsdfit.fitting_driver INFO     rank 14 on nid00907     Calling the 'nlopt' solve function
rank #0: 2018-07-16 20:41:44,979 rsdfit.lbfgs_fitter INFO     running LBFGS for 500 iterations and then stopping
rank #0: 2018-07-16 20:41:44,980 rsdfit.lbfgs_fitter INFO     running LBFGS minimizer with priors
rank #0: 2018-07-16 20:41:44,981 root         INFO     Iter           N          b1        f_nl   sigma_fog   F(X)     
rank #0: 2018-07-16 20:41:45,549 LBFGS        INFO     options = {'factr': 100000.0, 'gtol': 1e-05, 'max_iter': 500, 'test_convergence': False}
rank #0: 2018-07-16 20:41:46,578 LBFGS        PARAM    0000          0.000000          2.000000          0.000000          4.000000        118.175065
rank #0: 2018-07-16 20:41:47,220 LBFGS        PARAM    0001         14.374073          2.102802          2.512530          4.013929         98.542327
rank #0: 2018-07-16 20:41:47,797 LBFGS        PARAM    0002        -97.830777          2.351454         12.819790          4.247131         76.010812
rank #0: 2018-07-16 20:41:48,390 LBFGS        PARAM    0003       -249.602936          2.395585         16.956307          4.439320         69.029540
rank #0: 2018-07-16 20:41:48,983 LBFGS        PARAM    0004       -436.718851          2.418325         24.653383          4.808616         64.573109
rank #0: 2018-07-16 20:41:49,575 LBFGS        PARAM    0005       -429.825115          2.420840         26.847709          4.869185         64.352661
rank #0: 2018-07-16 20:41:50,152 LBFGS        PARAM    0006       -308.878916          2.406634         47.098061          5.410354         63.112327
rank #0: 2018-07-16 20:41:50,745 LBFGS        PARAM    0007       -269.743957          2.389705         53.037632          5.479544         62.999521
rank #0: 2018-07-16 20:41:51,339 LBFGS        PARAM    0008       -265.006476          2.384960         54.720955          5.473127         62.988992
rank #0: 2018-07-16 20:41:51,916 LBFGS        PARAM    0009       -264.632008          2.381481         56.505318          5.453578         62.981353
rank #0: 2018-07-16 20:41:52,508 LBFGS        PARAM    0010       -268.723385          2.379541         58.564839          5.423229         62.974441
rank #0: 2018-07-16 20:41:53,100 LBFGS        PARAM    0011       -273.580209          2.380648         59.198563          5.408505         62.972514
rank #0: 2018-07-16 20:41:53,692 LBFGS        PARAM    0012       -274.186306          2.380803         59.080539          5.406417         62.972491
rank #0: 2018-07-16 20:41:54,267 LBFGS        PARAM    0013       -274.197233          2.380823         59.066893          5.406391         62.972491
rank #0: 2018-07-16 20:41:54,861 LBFGS        PARAM    0014       -274.196377          2.380823         59.066710          5.406392         62.972491
rank #0: 2018-07-16 20:42:09,405 LBFGS        PARAM    0015       -274.196369          2.380823         59.066710          5.406392         62.972491
rank #0: 2018-07-16 20:42:35,432 LBFGS        INFO     Linesearch failed in both LBFGS and gradient directions
rank #0: 2018-07-16 20:42:35,434 LBFGS        PARAM    0015       -274.196369          2.380823         59.066710          5.406392         62.972491
rank #0: 2018-07-16 20:42:35,435 rsdfit.lbfgs_fitter WARNING  ...LBFGS optimization finished. Time elapsed: 0:00:49.89
rank #0: 2018-07-16 20:42:35,436 rsdfit.lbfgs_fitter ERROR    nonlinear fit with method L-BFGS-B failed: Linesearch failed in both LBFGS and gradient directions
rank #0: 2018-07-16 20:42:35,438 rsdfit.fitting_driver INFO     rank 14 on nid00907     ...fitting complete
rank #0: 2018-07-16 20:42:35,442 rsdfit.fitting_driver INFO     rank 14 on nid00907     Saving the results to `/global/cscratch1/sd/nhand/eBOSS/fits/results/mocks/ezmock/v1.8e-fph/0.005-0.3/basemodel-N-fnl/0.8-2.2/QSO-N-0931-P0+P2-mock-cov-1ab4f6001f/2018-07-16_nlopt_15i_chain0__1.npz`
rank #0: 2018-07-16 20:42:35,471 pyRSD.analysis.lbfgs_results INFO     
minimum chi2 = 62.9724911395

Free parameters [ mean ]
_______________
N              : -274.196369254
b1             : 2.3808234339
f_nl           : 59.0667104129
sigma_fog      : 5.40639188415

Constrained parameters [ mean ]
_________________________
b1sigma8       : 0.892535727479
