rank #0: 2019-02-16 13:20:58,347 rsdfit.fitting_driver INFO     rank 15 on nid00599     Calling the 'nlopt' solve function
rank #0: 2019-02-16 13:20:58,348 rsdfit.lbfgs_fitter INFO     running LBFGS for 500 iterations and then stopping
rank #0: 2019-02-16 13:20:58,348 rsdfit.lbfgs_fitter INFO     running LBFGS minimizer with priors
rank #0: 2019-02-16 13:20:58,349 root         INFO     Iter           N          b1        f_nl   sigma_fog   F(X)     
rank #0: 2019-02-16 13:20:58,350 rsdfit.lbfgs_fitter INFO     computing gradient using numerical derivative of lnlike()
rank #0: 2019-02-16 13:20:58,906 LBFGS        INFO     options = {'factr': 100000.0, 'gtol': 1e-05, 'max_iter': 500, 'test_convergence': False}
rank #0: 2019-02-16 13:20:58,908 LBFGS        PARAM    0000          0.000000          2.000000          0.000000          4.000000         87.805929
rank #0: 2019-02-16 13:20:59,542 LBFGS        PARAM    0001        -19.400936          2.040432          1.351610          3.995198         85.472918
rank #0: 2019-02-16 13:21:00,111 LBFGS        PARAM    0002       -203.783467          2.170351          8.158461          4.020466         80.740994
rank #0: 2019-02-16 13:21:00,681 LBFGS        PARAM    0003       -332.760739          2.190143         12.080836          4.039062         79.551449
rank #0: 2019-02-16 13:21:01,252 LBFGS        PARAM    0004       -382.939642          2.188196         15.863590          3.993936         79.280531
rank #0: 2019-02-16 13:21:01,824 LBFGS        PARAM    0005       -424.586693          2.184366         21.750016          3.899351         79.040141
rank #0: 2019-02-16 13:21:02,396 LBFGS        PARAM    0006       -487.359331          2.173145         36.595312          3.641235         78.572304
rank #0: 2019-02-16 13:21:02,968 LBFGS        PARAM    0007       -518.712218          2.157261         56.245522          3.322855         78.102644
rank #0: 2019-02-16 13:21:03,536 LBFGS        PARAM    0008       -478.377604          2.140732         71.622333          3.246783         77.813891
rank #0: 2019-02-16 13:21:04,104 LBFGS        PARAM    0009       -430.197239          2.131294         76.855798          3.304663         77.739451
rank #0: 2019-02-16 13:21:04,674 LBFGS        PARAM    0010       -421.661348          2.131163         77.710714          3.344064         77.728614
rank #0: 2019-02-16 13:21:05,244 LBFGS        PARAM    0011       -413.529841          2.129617         80.072683          3.410172         77.716178
rank #0: 2019-02-16 13:21:05,813 LBFGS        PARAM    0012       -415.759681          2.129875         80.427177          3.415217         77.715564
rank #0: 2019-02-16 13:21:06,383 LBFGS        PARAM    0013       -416.307622          2.129776         80.408563          3.414249         77.715542
rank #0: 2019-02-16 13:21:06,950 LBFGS        PARAM    0014       -416.417748          2.129790         80.416424          3.413779         77.715542
rank #0: 2019-02-16 13:21:07,517 LBFGS        PARAM    0015       -416.412145          2.129787         80.415382          3.413765         77.715542
rank #0: 2019-02-16 13:21:08,084 LBFGS        PARAM    0016       -416.412195          2.129787         80.415351          3.413766         77.715542
rank #0: 2019-02-16 13:21:21,764 LBFGS        PARAM    0017       -416.412215          2.129787         80.415352          3.413766         77.715542
rank #0: 2019-02-16 13:21:22,388 LBFGS        PARAM    0018       -416.412214          2.129787         80.415352          3.413766         77.715542
rank #0: 2019-02-16 13:21:23,009 LBFGS        PARAM    0019       -416.412211          2.129787         80.415352          3.413765         77.715542
rank #0: 2019-02-16 13:21:46,572 LBFGS        INFO     Linesearch failed in both LBFGS and gradient directions
rank #0: 2019-02-16 13:21:46,573 LBFGS        PARAM    0019       -416.412211          2.129787         80.415352          3.413765         77.715542
rank #0: 2019-02-16 13:21:46,575 rsdfit.lbfgs_fitter WARNING  ...LBFGS optimization finished. Time elapsed: 0:00:47.67
rank #0: 2019-02-16 13:21:46,576 rsdfit.lbfgs_fitter ERROR    nonlinear fit with method L-BFGS-B failed: Linesearch failed in both LBFGS and gradient directions
rank #0: 2019-02-16 13:21:46,577 rsdfit.fitting_driver INFO     rank 15 on nid00599     ...fitting complete
rank #0: 2019-02-16 13:21:46,582 rsdfit.fitting_driver INFO     rank 15 on nid00599     Saving the results to `/global/cscratch1/sd/nhand/eBOSS/fits/results/mocks/ezmock/v1.8e-fph/0.005-0.3/basemodel-N-fnl/0.8-2.2/QSO-S-0970-P0+P2-mock-cov-4b67b814a6/2019-02-16_nlopt_19i_chain0__1.npz`
rank #0: 2019-02-16 13:21:46,601 pyRSD.analysis.lbfgs_results INFO     
minimum chi2 = 77.71554160280175

Free parameters [ mean ]
_______________
N              : -416.4122110575234
b1             : 2.1297874957615948
f_nl           : 80.41535174688778
sigma_fog      : 3.4137654967438946

Constrained parameters [ mean ]
_________________________
b1sigma8       : 0.848322494991575
