rank #0: 2018-06-24 13:43:12,697 rsdfit.fitting_driver INFO     rank 25 on nid00567     Calling the 'nlopt' solve function
rank #0: 2018-06-24 13:43:12,698 rsdfit.lbfgs_fitter INFO     running LBFGS for 500 iterations and then stopping
rank #0: 2018-06-24 13:43:12,698 rsdfit.lbfgs_fitter INFO     running LBFGS minimizer with priors
rank #0: 2018-06-24 13:43:12,699 root         INFO     Iter           N          b1        f_nl   sigma_fog   F(X)     
rank #0: 2018-06-24 13:43:13,286 LBFGS        INFO     options = {'factr': 100000.0, 'gtol': 1e-05, 'max_iter': 500, 'test_convergence': False}
rank #0: 2018-06-24 13:43:13,287 LBFGS        PARAM    0000          0.000000          2.000000          0.000000          4.000000        133.759325
rank #0: 2018-06-24 13:43:13,951 LBFGS        PARAM    0001         81.321847          2.197732          1.826344          3.913947        106.890421
rank #0: 2018-06-24 13:43:14,543 LBFGS        PARAM    0002        -58.830968          2.631158         11.401836          3.788275         88.875518
rank #0: 2018-06-24 13:43:15,148 LBFGS        PARAM    0003       -182.630103          2.561690         11.318093          3.842648         84.012113
rank #0: 2018-06-24 13:43:15,752 LBFGS        PARAM    0004       -407.844058          2.592403         15.101864          3.851891         81.037446
rank #0: 2018-06-24 13:43:16,340 LBFGS        PARAM    0005       -620.801124          2.649092         21.630756          3.710009         79.554344
rank #0: 2018-06-24 13:43:16,944 LBFGS        PARAM    0006       -753.572381          2.660651         30.538694          3.289537         78.319669
rank #0: 2018-06-24 13:43:17,548 LBFGS        PARAM    0007       -918.821915          2.634850         57.391364          2.250581         76.841853
rank #0: 2018-06-24 13:43:18,155 LBFGS        PARAM    0008       -878.389172          2.629483         72.784409          2.202076         76.660015
rank #0: 2018-06-24 13:43:18,742 LBFGS        PARAM    0009       -844.044289          2.610711         82.914263          2.176123         76.582834
rank #0: 2018-06-24 13:43:19,347 LBFGS        PARAM    0010       -826.268056          2.598179         91.013220          2.203053         76.548534
rank #0: 2018-06-24 13:43:19,956 LBFGS        PARAM    0011       -820.757139          2.594466         94.839351          2.250812         76.538085
rank #0: 2018-06-24 13:43:20,559 LBFGS        PARAM    0012       -822.470443          2.595436         95.163460          2.271617         76.536730
rank #0: 2018-06-24 13:43:21,143 LBFGS        PARAM    0013       -823.563801          2.596038         94.955754          2.273099         76.536681
rank #0: 2018-06-24 13:43:21,743 LBFGS        PARAM    0014       -823.677771          2.596104         94.918355          2.272946         76.536680
rank #0: 2018-06-24 13:43:22,344 LBFGS        PARAM    0015       -823.678777          2.596106         94.917139          2.272933         76.536680
rank #0: 2018-06-24 13:43:22,932 LBFGS        PARAM    0016       -823.678656          2.596106         94.917135          2.272933         76.536680
rank #0: 2018-06-24 13:43:49,187 LBFGS        INFO     Linesearch failed in both LBFGS and gradient directions
rank #0: 2018-06-24 13:43:49,188 LBFGS        PARAM    0016       -823.678656          2.596106         94.917135          2.272933         76.536680
rank #0: 2018-06-24 13:43:49,189 rsdfit.lbfgs_fitter WARNING  ...LBFGS optimization finished. Time elapsed: 0:00:35.90
rank #0: 2018-06-24 13:43:49,189 rsdfit.lbfgs_fitter ERROR    nonlinear fit with method L-BFGS-B failed: Linesearch failed in both LBFGS and gradient directions
rank #0: 2018-06-24 13:43:49,190 rsdfit.fitting_driver INFO     rank 25 on nid00567     ...fitting complete
rank #0: 2018-06-24 13:43:49,193 rsdfit.fitting_driver INFO     rank 25 on nid00567     Saving the results to `/global/cscratch1/sd/nhand/eBOSS/fits/results/mocks/ezmock/v1.8e-fph/0.005-0.3/basemodel-N-fnl/0.8-2.2/QSO-S-0466-P0+P2-mock-cov-f224d44da7/2018-06-24_nlopt_16i_chain0__1.npz`
rank #0: 2018-06-24 13:43:49,219 pyRSD.analysis.lbfgs_results INFO     
minimum chi2 = 76.5366803051

Free parameters [ mean ]
_______________
N              : -823.678655575
b1             : 2.59610574015
f_nl           : 94.9171351683
sigma_fog      : 2.27293336394

Constrained parameters [ mean ]
_________________________
b1sigma8       : 0.940396488436
