rank #0: 2018-06-24 13:02:07,647 rsdfit.fitting_driver INFO     rank 19 on nid00543     Calling the 'nlopt' solve function
rank #0: 2018-06-24 13:02:07,648 rsdfit.lbfgs_fitter INFO     running LBFGS for 500 iterations and then stopping
rank #0: 2018-06-24 13:02:07,648 rsdfit.lbfgs_fitter INFO     running LBFGS minimizer with priors
rank #0: 2018-06-24 13:02:07,649 root         INFO     Iter           N          b1        f_nl   sigma_fog   F(X)     
rank #0: 2018-06-24 13:02:08,221 LBFGS        INFO     options = {'factr': 100000.0, 'gtol': 1e-05, 'max_iter': 500, 'test_convergence': False}
rank #0: 2018-06-24 13:02:08,223 LBFGS        PARAM    0000          0.000000          2.000000          0.000000          4.000000        106.951155
rank #0: 2018-06-24 13:02:08,881 LBFGS        PARAM    0001        -12.978303          2.057441          1.390622          4.003546         97.969170
rank #0: 2018-06-24 13:02:09,467 LBFGS        PARAM    0002       -181.429413          2.217450          7.116713          4.091720         84.226771
rank #0: 2018-06-24 13:02:10,049 LBFGS        PARAM    0003       -308.917699          2.241614          9.387612          4.165736         80.611816
rank #0: 2018-06-24 13:02:10,642 LBFGS        PARAM    0004       -417.032024          2.246046         12.182737          4.197888         79.435457
rank #0: 2018-06-24 13:02:11,235 LBFGS        PARAM    0005       -423.454525          2.246934         13.105810          4.182854         79.390706
rank #0: 2018-06-24 13:02:11,812 LBFGS        PARAM    0006       -479.369018          2.242550         26.779849          3.934789         78.975266
rank #0: 2018-06-24 13:02:12,406 LBFGS        PARAM    0007       -475.892547          2.230662         36.300129          3.849985         78.835412
rank #0: 2018-06-24 13:02:12,999 LBFGS        PARAM    0008       -455.686349          2.219940         44.547750          3.852293         78.775294
rank #0: 2018-06-24 13:02:13,588 LBFGS        PARAM    0009       -447.130702          2.217848         46.171779          3.881352         78.768685
rank #0: 2018-06-24 13:02:14,167 LBFGS        PARAM    0010       -445.732857          2.218044         46.267571          3.893549         78.768135
rank #0: 2018-06-24 13:02:14,758 LBFGS        PARAM    0011       -445.806903          2.218108         46.215494          3.894330         78.768130
rank #0: 2018-06-24 13:02:15,348 LBFGS        PARAM    0012       -445.819763          2.218117         46.212724          3.894325         78.768130
rank #0: 2018-06-24 13:02:15,922 LBFGS        PARAM    0013       -445.824360          2.218118         46.212797          3.894314         78.768130
rank #0: 2018-06-24 13:02:16,517 LBFGS        PARAM    0014       -445.824737          2.218118         46.212896          3.894313         78.768130
rank #0: 2018-06-24 13:02:17,108 LBFGS        PARAM    0015       -445.824715          2.218118         46.212901          3.894313         78.768130
rank #0: 2018-06-24 13:02:17,699 LBFGS        PARAM    0016       -445.824715          2.218118         46.212900          3.894313         78.768130
rank #0: 2018-06-24 13:02:43,094 LBFGS        INFO     Linesearch failed in both LBFGS and gradient directions
rank #0: 2018-06-24 13:02:43,096 LBFGS        PARAM    0016       -445.824715          2.218118         46.212900          3.894313         78.768130
rank #0: 2018-06-24 13:02:43,097 rsdfit.lbfgs_fitter WARNING  ...LBFGS optimization finished. Time elapsed: 0:00:34.88
rank #0: 2018-06-24 13:02:43,098 rsdfit.lbfgs_fitter ERROR    nonlinear fit with method L-BFGS-B failed: Linesearch failed in both LBFGS and gradient directions
rank #0: 2018-06-24 13:02:43,099 rsdfit.fitting_driver INFO     rank 19 on nid00543     ...fitting complete
rank #0: 2018-06-24 13:02:43,102 rsdfit.fitting_driver INFO     rank 19 on nid00543     Saving the results to `/global/cscratch1/sd/nhand/eBOSS/fits/results/mocks/ezmock/v1.8e-fph/0.005-0.3/basemodel-N-fnl/0.8-2.2/QSO-N-0640-P0+P2-mock-cov-8973e9cf3e/2018-06-24_nlopt_16i_chain0__1.npz`
rank #0: 2018-06-24 13:02:43,127 pyRSD.analysis.lbfgs_results INFO     
minimum chi2 = 78.7681303282

Free parameters [ mean ]
_______________
N              : -445.824714772
b1             : 2.21811810664
f_nl           : 46.2129004244
sigma_fog      : 3.89431294109

Constrained parameters [ mean ]
_________________________
b1sigma8       : 0.883505744193
