rank #0: 2017-11-27 20:44:14,185 rsdfit.fitting_driver INFO     rank 194 on nid00803     Calling the 'nlopt' solve function
rank #0: 2017-11-27 20:44:14,185 rsdfit.lbfgs_fitter INFO     running LBFGS for 500 iterations and then stopping
rank #0: 2017-11-27 20:44:14,185 rsdfit.lbfgs_fitter INFO     running LBFGS minimizer with priors
rank #0: 2017-11-27 20:44:14,185 root         INFO     Iter           N          b1        f_nl   sigma_fog   F(X)     
rank #0: 2017-11-27 20:44:14,692 LBFGS        INFO     options = {'factr': 100000.0, 'gtol': 1e-05, 'max_iter': 500, 'test_convergence': False}
rank #0: 2017-11-27 20:44:14,693 LBFGS        PARAM    0000          0.000000          2.000000          0.000000          4.000000         78.946208
rank #0: 2017-11-27 20:44:15,272 LBFGS        PARAM    0001          8.407310          2.096238          0.709052          3.995696         69.791702
rank #0: 2017-11-27 20:44:15,793 LBFGS        PARAM    0002        -44.020532          2.278595          3.136517          4.058853         63.644248
rank #0: 2017-11-27 20:44:16,313 LBFGS        PARAM    0003        -82.867814          2.260523          3.017195          4.106381         63.077456
rank #0: 2017-11-27 20:44:16,832 LBFGS        PARAM    0004       -196.234143          2.258685          3.405072          4.243418         62.360171
rank #0: 2017-11-27 20:44:17,355 LBFGS        PARAM    0005       -295.324207          2.278014          3.993196          4.362262         62.075811
rank #0: 2017-11-27 20:44:17,878 LBFGS        PARAM    0006       -309.021122          2.286229          3.924476          4.375764         62.060359
rank #0: 2017-11-27 20:44:18,403 LBFGS        PARAM    0007       -308.928587          2.286358          3.864187          4.375074         62.060296
rank #0: 2017-11-27 20:44:18,921 LBFGS        PARAM    0008       -309.108453          2.286932          3.365895          4.370776         62.059956
rank #0: 2017-11-27 20:44:19,438 LBFGS        PARAM    0009       -310.304619          2.287423          2.626837          4.366197         62.059583
rank #0: 2017-11-27 20:44:19,954 LBFGS        PARAM    0010       -312.481410          2.287945          1.325101          4.362953         62.059046
rank #0: 2017-11-27 20:44:20,470 LBFGS        PARAM    0011       -312.096437          2.288434         -0.109693          4.369507         62.058629
rank #0: 2017-11-27 20:44:20,982 LBFGS        PARAM    0012       -312.094491          2.288282         -0.249409          4.372168         62.058579
rank #0: 2017-11-27 20:44:21,497 LBFGS        PARAM    0013       -312.042176          2.288208         -0.197033          4.372672         62.058577
rank #0: 2017-11-27 20:44:22,012 LBFGS        PARAM    0014       -312.031296          2.288202         -0.184954          4.372697         62.058577
rank #0: 2017-11-27 20:44:22,528 LBFGS        PARAM    0015       -312.023298          2.288203         -0.184089          4.372713         62.058577
rank #0: 2017-11-27 20:44:23,041 LBFGS        PARAM    0016       -312.025556          2.288202         -0.183933          4.372708         62.058577
rank #0: 2017-11-27 20:44:23,556 LBFGS        PARAM    0017       -312.025586          2.288202         -0.183904          4.372708         62.058577
rank #0: 2017-11-27 20:44:24,187 LBFGS        PARAM    0018       -312.025586          2.288202         -0.183904          4.372708         62.058577
rank #0: 2017-11-27 20:44:24,820 LBFGS        PARAM    0019       -312.025586          2.288202         -0.183904          4.372708         62.058577
rank #0: 2017-11-27 20:44:25,396 LBFGS        PARAM    0020       -312.025586          2.288202         -0.183904          4.372708         62.058577
rank #0: 2017-11-27 20:44:47,757 LBFGS        INFO     Linesearch failed in both LBFGS and gradient directions
rank #0: 2017-11-27 20:44:47,757 LBFGS        PARAM    0020       -312.025586          2.288202         -0.183904          4.372708         62.058577
rank #0: 2017-11-27 20:44:47,758 rsdfit.lbfgs_fitter WARNING  ...LBFGS optimization finished. Time elapsed: 0:00:33.07
rank #0: 2017-11-27 20:44:47,758 rsdfit.lbfgs_fitter ERROR    nonlinear fit with method L-BFGS-B failed: Linesearch failed in both LBFGS and gradient directions
rank #0: 2017-11-27 20:44:47,759 rsdfit.fitting_driver INFO     rank 194 on nid00803     ...fitting complete
rank #0: 2017-11-27 20:44:47,761 rsdfit.fitting_driver INFO     rank 194 on nid00803     Saving the results to `/global/cscratch1/sd/nhand/eBOSS/fits/results/mocks/ezmock/v1.8e-fph/0.0001-0.3/basemodel-N-fnl/0.8-2.2/QSO-S-0697-P0+P2-mock-cov-a9f629560d/2017-11-27_nlopt_20i_chain0__1.npz`
rank #0: 2017-11-27 20:44:47,782 pyRSD.analysis.lbfgs_results INFO     
minimum chi2 = 62.0585768094

Free parameters [ mean ]
_______________
N              : -312.025585571
b1             : 2.28820241658
f_nl           : -0.183903867099
sigma_fog      : 4.37270789262

Constrained parameters [ mean ]
_________________________
b1sigma8       : 0.910669279726
