rank #0: 2017-11-27 22:08:03,859 rsdfit.fitting_driver INFO     rank 38 on nid00527     Calling the 'nlopt' solve function
rank #0: 2017-11-27 22:08:03,860 rsdfit.lbfgs_fitter INFO     running LBFGS for 500 iterations and then stopping
rank #0: 2017-11-27 22:08:03,860 rsdfit.lbfgs_fitter INFO     running LBFGS minimizer with priors
rank #0: 2017-11-27 22:08:03,860 root         INFO     Iter           N   alpha_par   alpha_perp          b1           f        f_nl    sigma8_z   sigma_fog   F(X)     
rank #0: 2017-11-27 22:08:04,840 LBFGS        INFO     options = {'factr': 100000.0, 'gtol': 1e-05, 'max_iter': 500, 'test_convergence': False}
rank #0: 2017-11-27 22:08:04,841 LBFGS        PARAM    0000          0.000000          1.000000          1.000000          2.000000          0.930883          0.000000          0.398070          4.000000        120.438794
rank #0: 2017-11-27 22:08:05,920 LBFGS        PARAM    0001         -0.164974          0.999866          0.999845          2.001998          0.930953          0.019024          0.399389          4.000254        118.244001
rank #0: 2017-11-27 22:08:06,946 LBFGS        PARAM    0002        -29.142905          0.994037          0.995239          2.066924          0.932537          0.915718          0.437756          4.037984         92.589229
rank #0: 2017-11-27 22:08:07,981 LBFGS        PARAM    0003        -37.098134          0.994403          0.996734          2.051945          0.931683          0.858816          0.428351          4.050679         89.830964
rank #0: 2017-11-27 22:08:09,021 LBFGS        PARAM    0004        -51.083753          0.993330          0.996901          2.054460          0.931324          1.035103          0.428970          4.070290         89.164524
rank #0: 2017-11-27 22:08:10,065 LBFGS        PARAM    0005       -308.900518          0.974463          1.000939          2.088227          0.924260          4.259196          0.432788          4.429315         82.912912
rank #0: 2017-11-27 22:08:11,108 LBFGS        PARAM    0006       -356.807414          0.972732          1.002474          2.089197          0.922972          5.188546          0.430412          4.480283         82.304995
rank #0: 2017-11-27 22:08:12,151 LBFGS        PARAM    0007       -371.749281          0.972712          1.003214          2.088987          0.922589          5.626542          0.429366          4.491299         82.237783
rank #0: 2017-11-27 22:08:13,193 LBFGS        PARAM    0008       -375.006962          0.972924          1.003495          2.089202          0.922518          5.808018          0.429289          4.491508         82.226910
rank #0: 2017-11-27 22:08:14,235 LBFGS        PARAM    0009       -404.159471          0.975812          1.006600          2.092137          0.921931          7.828689          0.429161          4.483521         82.126142
rank #0: 2017-11-27 22:08:15,278 LBFGS        PARAM    0010       -449.247636          0.981567          1.012249          2.098184          0.921050         11.507639          0.429721          4.458602         81.968178
rank #0: 2017-11-27 22:08:16,321 LBFGS        PARAM    0011       -540.372692          0.994966          1.025274          2.113306          0.919151         19.890499          0.431950          4.392059         81.655591
rank #0: 2017-11-27 22:08:17,368 LBFGS        PARAM    0012       -659.399322          1.014037          1.049814          2.145418          0.914353         34.324186          0.435219          4.304230         81.192300
rank #0: 2017-11-27 22:08:18,413 LBFGS        PARAM    0013       -756.793698          1.029844          1.080999          2.192996          0.906546         54.041212          0.436687          4.235183         80.832783
rank #0: 2017-11-27 22:08:19,459 LBFGS        PARAM    0014       -697.850841          1.022600          1.075784          2.190544          0.907042         52.851927          0.435166          4.254399         80.629922
rank #0: 2017-11-27 22:08:20,504 LBFGS        PARAM    0015       -616.735358          1.014969          1.072306          2.193068          0.907159         54.824085          0.432863          4.254359         80.503236
rank #0: 2017-11-27 22:08:21,550 LBFGS        PARAM    0016       -616.024118          1.015215          1.072505          2.194151          0.907343         56.153220          0.432637          4.245990         80.485379
rank #0: 2017-11-27 22:08:22,596 LBFGS        PARAM    0017       -608.287370          1.014818          1.069696          2.202953          0.912199         74.123310          0.428660          4.154578         80.329527
rank #0: 2017-11-27 22:08:23,644 LBFGS        PARAM    0018       -598.235113          1.010634          1.066752          2.190737          0.917088         75.190521          0.428811          4.175037         80.294675
rank #0: 2017-11-27 22:08:24,689 LBFGS        PARAM    0019       -598.168430          1.007780          1.065851          2.181608          0.921308         77.036931          0.429358          4.192339         80.283630
rank #0: 2017-11-27 22:08:25,737 LBFGS        PARAM    0020       -595.627050          1.006811          1.065578          2.176613          0.923280         77.304878          0.429908          4.197398         80.279135
rank #0: 2017-11-27 22:08:26,784 LBFGS        PARAM    0021       -585.755263          1.001652          1.068426          2.143137          0.937828         81.140327          0.434581          4.216141         80.249984
rank #0: 2017-11-27 22:08:27,832 LBFGS        PARAM    0022       -591.825372          0.998310          1.074221          2.117674          0.950272         84.584468          0.439405          4.199194         80.231456
rank #0: 2017-11-27 22:08:28,880 LBFGS        PARAM    0023       -592.103391          0.997357          1.077040          2.112635          0.953389         86.442712          0.440481          4.193276         80.227029
rank #0: 2017-11-27 22:08:29,928 LBFGS        PARAM    0024       -592.734346          0.996760          1.078672          2.111060          0.954280         87.253861          0.440798          4.182426         80.225593
rank #0: 2017-11-27 22:08:30,975 LBFGS        PARAM    0025       -593.894661          0.996760          1.078980          2.112140          0.953846         87.262153          0.440685          4.177275         80.225406
rank #0: 2017-11-27 22:08:32,024 LBFGS        PARAM    0026       -596.001041          0.996256          1.079284          2.112392          0.953567         87.152882          0.440625          4.166364         80.224987
rank #0: 2017-11-27 22:08:33,073 LBFGS        PARAM    0027       -600.042012          0.994956          1.079596          2.112103          0.953322         86.927470          0.440561          4.144676         80.224488
rank #0: 2017-11-27 22:08:34,121 LBFGS        PARAM    0028       -600.345968          0.994583          1.079554          2.111253          0.953686         86.963310          0.440640          4.142403         80.224442
rank #0: 2017-11-27 22:08:35,167 LBFGS        PARAM    0029       -600.227411          0.994561          1.079526          2.111133          0.953735         86.965024          0.440648          4.142576         80.224441
rank #0: 2017-11-27 22:08:36,215 LBFGS        PARAM    0030       -600.220599          0.994565          1.079522          2.111144          0.953731         86.963467          0.440646          4.142626         80.224441
rank #0: 2017-11-27 22:08:37,264 LBFGS        PARAM    0031       -600.220568          0.994565          1.079521          2.111145          0.953730         86.963191          0.440646          4.142629         80.224441
rank #0: 2017-11-27 22:08:51,766 LBFGS        PARAM    0032       -600.220569          0.994565          1.079521          2.111145          0.953730         86.963191          0.440646          4.142629         80.224441
rank #0: 2017-11-27 22:09:16,691 LBFGS        INFO     Linesearch failed in both LBFGS and gradient directions
rank #0: 2017-11-27 22:09:16,691 LBFGS        PARAM    0032       -600.220569          0.994565          1.079521          2.111145          0.953730         86.963191          0.440646          4.142629         80.224441
rank #0: 2017-11-27 22:09:16,691 rsdfit.lbfgs_fitter WARNING  ...LBFGS optimization finished. Time elapsed: 0:01:11.85
rank #0: 2017-11-27 22:09:16,692 rsdfit.lbfgs_fitter ERROR    nonlinear fit with method L-BFGS-B failed: Linesearch failed in both LBFGS and gradient directions
rank #0: 2017-11-27 22:09:16,693 rsdfit.fitting_driver INFO     rank 38 on nid00527     ...fitting complete
rank #0: 2017-11-27 22:09:16,696 rsdfit.fitting_driver INFO     rank 38 on nid00527     Saving the results to `/global/cscratch1/sd/nhand/eBOSS/fits/results/mocks/ezmock/v1.8e-fph/0.0001-0.3/basemodel-fs8-alphas-N-fnl/0.8-2.2/QSO-N-0604-P0+P2-mock-cov-73062e8cd4/2017-11-27_nlopt_32i_chain0__1.npz`
rank #0: 2017-11-27 22:09:16,716 pyRSD.analysis.lbfgs_results INFO     
minimum chi2 = 80.2244409367

Free parameters [ mean ]
_______________
N              : -600.220568569
alpha_par      : 0.99456512008
alpha_perp     : 1.07952137181
b1             : 2.11114508258
f              : 0.953730383701
f_nl           : 86.9631908895
sigma8_z       : 0.440645638323
sigma_fog      : 4.14262929719

Constrained parameters [ mean ]
_________________________
F_AP           : 0.921301926992
alpha          : 1.05042545594
b1sigma8       : 0.930266872505
epsilon        : -0.0269526075447
fsigma8        : 0.420257133714
