rank #0: 2018-10-08 10:20:05,156 rsdfit.fitting_driver INFO     rank 13 on nid00693     Calling the 'nlopt' solve function
rank #0: 2018-10-08 10:20:05,157 rsdfit.lbfgs_fitter INFO     running LBFGS for 500 iterations and then stopping
rank #0: 2018-10-08 10:20:05,157 rsdfit.lbfgs_fitter INFO     running LBFGS minimizer with priors
rank #0: 2018-10-08 10:20:05,158 root         INFO     Iter           N          b1        f_nl   sigma_fog   F(X)     
rank #0: 2018-10-08 10:20:05,159 rsdfit.lbfgs_fitter INFO     computing gradient using numerical derivative of lnlike()
rank #0: 2018-10-08 10:20:06,352 LBFGS        INFO     options = {'factr': 100000.0, 'gtol': 1e-05, 'max_iter': 500, 'test_convergence': False}
rank #0: 2018-10-08 10:20:06,354 LBFGS        PARAM    0000          0.000000          2.000000          0.000000          4.000000        135.296928
rank #0: 2018-10-08 10:20:07,709 LBFGS        PARAM    0001         74.207845          2.159164          1.181608          3.945683        102.046069
rank #0: 2018-10-08 10:20:08,936 LBFGS        PARAM    0002        -13.993124          2.490408          6.057396          3.947158         78.932011
rank #0: 2018-10-08 10:20:10,159 LBFGS        PARAM    0003       -123.884566          2.474781          6.169630          4.037475         74.156515
rank #0: 2018-10-08 10:20:11,370 LBFGS        PARAM    0004       -369.349000          2.530694          8.012452          4.212042         70.301249
rank #0: 2018-10-08 10:20:12,608 LBFGS        PARAM    0005       -407.913968          2.551080          8.571878          4.215878         70.182314
rank #0: 2018-10-08 10:20:13,823 LBFGS        PARAM    0006       -413.531973          2.552205          8.591303          4.195382         70.169573
rank #0: 2018-10-08 10:20:15,063 LBFGS        PARAM    0007       -443.124390          2.552648          8.528172          4.056286         70.126596
rank #0: 2018-10-08 10:20:16,285 LBFGS        PARAM    0008       -444.369733          2.550477          8.472601          4.040463         70.125102
rank #0: 2018-10-08 10:20:17,510 LBFGS        PARAM    0009       -443.771293          2.550454          8.472898          4.040321         70.125078
rank #0: 2018-10-08 10:20:18,754 LBFGS        PARAM    0010       -443.735463          2.550448          8.474819          4.040339         70.125078
rank #0: 2018-10-08 10:20:19,979 LBFGS        PARAM    0011       -443.694306          2.550437          8.482559          4.040356         70.125078
rank #0: 2018-10-08 10:20:21,225 LBFGS        PARAM    0012       -443.619190          2.550405          8.513509          4.040370         70.125077
rank #0: 2018-10-08 10:20:22,453 LBFGS        PARAM    0013       -443.599154          2.550376          8.554901          4.040339         70.125076
rank #0: 2018-10-08 10:20:23,683 LBFGS        PARAM    0014       -443.670043          2.550371          8.579483          4.040267         70.125075
rank #0: 2018-10-08 10:20:24,935 LBFGS        PARAM    0015       -443.672435          2.550372          8.579517          4.040270         70.125075
rank #0: 2018-10-08 10:20:26,165 LBFGS        PARAM    0016       -443.672707          2.550372          8.579417          4.040270         70.125075
rank #0: 2018-10-08 10:20:27,415 LBFGS        PARAM    0017       -443.672689          2.550372          8.579403          4.040270         70.125075
rank #0: 2018-10-08 10:20:28,641 LBFGS        PARAM    0018       -443.672692          2.550372          8.579405          4.040270         70.125075
rank #0: 2018-10-08 10:20:58,640 LBFGS        PARAM    0019       -443.672698          2.550372          8.579405          4.040270         70.125075
rank #0: 2018-10-08 10:21:52,523 LBFGS        INFO     Linesearch failed in both LBFGS and gradient directions
rank #0: 2018-10-08 10:21:52,525 LBFGS        PARAM    0019       -443.672698          2.550372          8.579405          4.040270         70.125075
rank #0: 2018-10-08 10:21:52,526 rsdfit.lbfgs_fitter WARNING  ...LBFGS optimization finished. Time elapsed: 0:01:46.17
rank #0: 2018-10-08 10:21:52,527 rsdfit.lbfgs_fitter ERROR    nonlinear fit with method L-BFGS-B failed: Linesearch failed in both LBFGS and gradient directions
rank #0: 2018-10-08 10:21:52,529 rsdfit.fitting_driver INFO     rank 13 on nid00693     ...fitting complete
rank #0: 2018-10-08 10:21:52,533 rsdfit.fitting_driver INFO     rank 13 on nid00693     Saving the results to `/global/cscratch1/sd/nhand/eBOSS/fits/results/mocks/ezmock/v1.8e-fph/0.0001-0.3/basemodel-N-fnl/0.8-2.2/QSO-N-0855-P0+P2-mock-cov-4ae05ce33e/2018-10-08_nlopt_19i_chain0__1.npz`
rank #0: 2018-10-08 10:21:52,665 pyRSD.analysis.lbfgs_results INFO     
minimum chi2 = 70.1250754504

Free parameters [ mean ]
_______________
N              : -443.67269828
b1             : 2.55037179857
f_nl           : 8.57940476587
sigma_fog      : 4.04027029727

Constrained parameters [ mean ]
_________________________
b1sigma8       : 0.923830122361
