rank #0: 2018-10-08 11:32:30,115 rsdfit.fitting_driver INFO     rank 7 on nid00682     Calling the 'nlopt' solve function
rank #0: 2018-10-08 11:32:30,117 rsdfit.lbfgs_fitter INFO     running LBFGS for 500 iterations and then stopping
rank #0: 2018-10-08 11:32:30,118 rsdfit.lbfgs_fitter INFO     running LBFGS minimizer with priors
rank #0: 2018-10-08 11:32:30,119 root         INFO     Iter           N          b1        f_nl   sigma_fog   F(X)     
rank #0: 2018-10-08 11:32:30,120 rsdfit.lbfgs_fitter INFO     computing gradient using numerical derivative of lnlike()
rank #0: 2018-10-08 11:32:31,324 LBFGS        INFO     options = {'factr': 100000.0, 'gtol': 1e-05, 'max_iter': 500, 'test_convergence': False}
rank #0: 2018-10-08 11:32:31,658 LBFGS        PARAM    0000          0.000000          2.000000          0.000000          4.000000        139.679566
rank #0: 2018-10-08 11:32:33,007 LBFGS        PARAM    0001         39.249539          2.154633          1.292218          3.987047        111.492777
rank #0: 2018-10-08 11:32:34,239 LBFGS        PARAM    0002        -97.995762          2.493530          7.271905          4.175995         86.513738
rank #0: 2018-10-08 11:32:35,491 LBFGS        PARAM    0003       -258.851895          2.516370          8.237842          4.349738         79.248494
rank #0: 2018-10-08 11:32:36,729 LBFGS        PARAM    0004       -531.607206          2.583049         10.644537          4.688112         74.762012
rank #0: 2018-10-08 11:32:37,967 LBFGS        PARAM    0005       -509.839068          2.570841         10.452289          4.720955         74.670624
rank #0: 2018-10-08 11:32:39,225 LBFGS        PARAM    0006       -482.596894          2.565579         10.592648          4.802170         74.572074
rank #0: 2018-10-08 11:32:40,457 LBFGS        PARAM    0007       -437.035741          2.567278         11.541728          5.013686         74.433396
rank #0: 2018-10-08 11:32:41,716 LBFGS        PARAM    0008       -433.393657          2.573012         12.569849          5.073142         74.417018
rank #0: 2018-10-08 11:32:42,952 LBFGS        PARAM    0009       -433.625868          2.573416         12.722646          5.075690         74.416875
rank #0: 2018-10-08 11:32:44,185 LBFGS        PARAM    0010       -433.747635          2.573516         12.903546          5.076375         74.416773
rank #0: 2018-10-08 11:32:45,437 LBFGS        PARAM    0011       -433.808310          2.573382         13.562931          5.076745         74.416475
rank #0: 2018-10-08 11:32:46,668 LBFGS        PARAM    0012       -433.438847          2.572702         14.389935          5.075296         74.416175
rank #0: 2018-10-08 11:32:47,921 LBFGS        PARAM    0013       -432.579151          2.571668         14.885408          5.072315         74.416013
rank #0: 2018-10-08 11:32:49,151 LBFGS        PARAM    0014       -432.671854          2.571638         14.883446          5.071990         74.416012
rank #0: 2018-10-08 11:32:50,384 LBFGS        PARAM    0015       -432.676937          2.571639         14.879901          5.071958         74.416012
rank #0: 2018-10-08 11:32:51,637 LBFGS        PARAM    0016       -432.677168          2.571639         14.879342          5.071956         74.416012
rank #0: 2018-10-08 11:32:53,289 LBFGS        PARAM    0017       -432.677167          2.571639         14.879342          5.071956         74.416012
rank #0: 2018-10-08 11:33:46,692 LBFGS        INFO     Linesearch failed in both LBFGS and gradient directions
rank #0: 2018-10-08 11:33:46,693 LBFGS        PARAM    0017       -432.677167          2.571639         14.879342          5.071956         74.416012
rank #0: 2018-10-08 11:33:46,694 rsdfit.lbfgs_fitter WARNING  ...LBFGS optimization finished. Time elapsed: 0:01:15.37
rank #0: 2018-10-08 11:33:46,696 rsdfit.lbfgs_fitter ERROR    nonlinear fit with method L-BFGS-B failed: Linesearch failed in both LBFGS and gradient directions
rank #0: 2018-10-08 11:33:46,697 rsdfit.fitting_driver INFO     rank 7 on nid00682     ...fitting complete
rank #0: 2018-10-08 11:33:46,701 rsdfit.fitting_driver INFO     rank 7 on nid00682     Saving the results to `/global/cscratch1/sd/nhand/eBOSS/fits/results/mocks/ezmock/v1.8e-fph/0.005-0.3/basemodel-N-fnl/0.8-2.2/QSO-N-0888-P0+P2-mock-cov-4ae05ce33e/2018-10-08_nlopt_17i_chain0__1.npz`
rank #0: 2018-10-08 11:33:46,797 pyRSD.analysis.lbfgs_results INFO     
minimum chi2 = 74.41601229

Free parameters [ mean ]
_______________
N              : -432.677167348
b1             : 2.57163888004
f_nl           : 14.879341852
sigma_fog      : 5.07195601513

Constrained parameters [ mean ]
_________________________
b1sigma8       : 0.931533771876
