rank #0: 2018-06-24 13:39:26,441 rsdfit.fitting_driver INFO     rank 21 on nid00567     Calling the 'nlopt' solve function
rank #0: 2018-06-24 13:39:26,442 rsdfit.lbfgs_fitter INFO     running LBFGS for 500 iterations and then stopping
rank #0: 2018-06-24 13:39:26,442 rsdfit.lbfgs_fitter INFO     running LBFGS minimizer with priors
rank #0: 2018-06-24 13:39:26,443 root         INFO     Iter           N          b1        f_nl   sigma_fog   F(X)     
rank #0: 2018-06-24 13:39:27,002 LBFGS        INFO     options = {'factr': 100000.0, 'gtol': 1e-05, 'max_iter': 500, 'test_convergence': False}
rank #0: 2018-06-24 13:39:27,003 LBFGS        PARAM    0000          0.000000          2.000000          0.000000          4.000000        100.458167
rank #0: 2018-06-24 13:39:27,665 LBFGS        PARAM    0001        106.567470          2.171100          1.464089          3.940094         79.803848
rank #0: 2018-06-24 13:39:28,261 LBFGS        PARAM    0002         57.841204          2.489134          7.137842          3.917552         68.151635
rank #0: 2018-06-24 13:39:28,848 LBFGS        PARAM    0003         20.508122          2.443221          7.634555          4.005083         66.978718
rank #0: 2018-06-24 13:39:29,438 LBFGS        PARAM    0004        -37.744175          2.450341          9.766238          4.101974         66.193222
rank #0: 2018-06-24 13:39:29,439 LBFGS        INFO     LBFGS iteration 4: the descent direction does not have a sufficient projection (cos(theta)=-1.68e-01, theta=99.6684) into the gradient; using steepest descent at this step!
rank #0: 2018-06-24 13:39:30,103 LBFGS        PARAM    0005       -154.167301          2.496164         13.203034          4.165093         65.219404
rank #0: 2018-06-24 13:39:30,699 LBFGS        PARAM    0006       -248.602111          2.518575         18.875595          4.184334         64.986683
rank #0: 2018-06-24 13:39:31,346 LBFGS        PARAM    0007       -249.690066          2.528362         20.637928          4.168722         64.960899
rank #0: 2018-06-24 13:39:31,943 LBFGS        PARAM    0008       -251.740869          2.527182         22.303951          4.153588         64.938095
rank #0: 2018-06-24 13:39:32,540 LBFGS        PARAM    0009       -239.037628          2.467400        100.897360          3.926868         64.552191
rank #0: 2018-06-24 13:39:33,136 LBFGS        PARAM    0010       -226.813531          2.472640         82.831379          3.964474         64.520248
rank #0: 2018-06-24 13:39:33,716 LBFGS        PARAM    0011       -226.723068          2.472170         85.972972          3.967734         64.518212
rank #0: 2018-06-24 13:39:34,312 LBFGS        PARAM    0012       -225.564559          2.471917         86.449552          3.972718         64.518088
rank #0: 2018-06-24 13:39:34,908 LBFGS        PARAM    0013       -224.157883          2.471855         86.483940          3.979485         64.518033
rank #0: 2018-06-24 13:39:35,496 LBFGS        PARAM    0014       -223.982862          2.471844         86.436705          3.980177         64.518032
rank #0: 2018-06-24 13:39:36,087 LBFGS        PARAM    0015       -223.980156          2.471845         86.431763          3.980181         64.518032
rank #0: 2018-06-24 13:39:36,687 LBFGS        PARAM    0016       -223.980714          2.471845         86.431530          3.980178         64.518032
rank #0: 2018-06-24 13:39:37,283 LBFGS        PARAM    0017       -223.980779          2.471845         86.431519          3.980178         64.518032
rank #0: 2018-06-24 13:39:37,862 LBFGS        PARAM    0018       -223.980760          2.471845         86.431521          3.980178         64.518032
rank #0: 2018-06-24 13:40:03,678 LBFGS        INFO     Linesearch failed in both LBFGS and gradient directions
rank #0: 2018-06-24 13:40:03,679 LBFGS        PARAM    0018       -223.980760          2.471845         86.431521          3.980178         64.518032
rank #0: 2018-06-24 13:40:03,679 rsdfit.lbfgs_fitter WARNING  ...LBFGS optimization finished. Time elapsed: 0:00:36.68
rank #0: 2018-06-24 13:40:03,680 rsdfit.lbfgs_fitter ERROR    nonlinear fit with method L-BFGS-B failed: Linesearch failed in both LBFGS and gradient directions
rank #0: 2018-06-24 13:40:03,681 rsdfit.fitting_driver INFO     rank 21 on nid00567     ...fitting complete
rank #0: 2018-06-24 13:40:03,684 rsdfit.fitting_driver INFO     rank 21 on nid00567     Saving the results to `/global/cscratch1/sd/nhand/eBOSS/fits/results/mocks/ezmock/v1.8e-fph/0.005-0.3/basemodel-N-fnl/0.8-2.2/QSO-S-0178-P0+P2-mock-cov-f224d44da7/2018-06-24_nlopt_18i_chain0__1.npz`
rank #0: 2018-06-24 13:40:03,708 pyRSD.analysis.lbfgs_results INFO     
minimum chi2 = 64.5180320279

Free parameters [ mean ]
_______________
N              : -223.98076044
b1             : 2.4718451127
f_nl           : 86.4315214732
sigma_fog      : 3.98017804111

Constrained parameters [ mean ]
_________________________
b1sigma8       : 0.895385125495
