rank #0: 2019-02-16 13:12:37,966 rsdfit.fitting_driver INFO     rank 54 on nid00600     Calling the 'nlopt' solve function
rank #0: 2019-02-16 13:12:37,967 rsdfit.lbfgs_fitter INFO     running LBFGS for 500 iterations and then stopping
rank #0: 2019-02-16 13:12:37,967 rsdfit.lbfgs_fitter INFO     running LBFGS minimizer with priors
rank #0: 2019-02-16 13:12:37,968 root         INFO     Iter           N          b1        f_nl   sigma_fog   F(X)     
rank #0: 2019-02-16 13:12:37,969 rsdfit.lbfgs_fitter INFO     computing gradient using numerical derivative of lnlike()
rank #0: 2019-02-16 13:12:38,536 LBFGS        INFO     options = {'factr': 100000.0, 'gtol': 1e-05, 'max_iter': 500, 'test_convergence': False}
rank #0: 2019-02-16 13:12:38,537 LBFGS        PARAM    0000          0.000000          2.000000          0.000000          4.000000         79.620675
rank #0: 2019-02-16 13:12:39,184 LBFGS        PARAM    0001         -2.825426          2.052190          1.262200          3.988597         75.289538
rank #0: 2019-02-16 13:12:39,768 LBFGS        PARAM    0002       -124.328819          2.198911          6.623155          4.004769         69.025565
rank #0: 2019-02-16 13:12:40,349 LBFGS        PARAM    0003       -234.408857          2.227495          9.165196          4.041208         67.288746
rank #0: 2019-02-16 13:12:40,929 LBFGS        PARAM    0004       -386.469213          2.242129         14.323353          4.022425         66.213477
rank #0: 2019-02-16 13:12:41,508 LBFGS        PARAM    0005       -402.659419          2.243117         16.134970          3.982966         66.135032
rank #0: 2019-02-16 13:12:42,084 LBFGS        PARAM    0006       -461.877789          2.233886         29.840972          3.674982         65.780727
rank #0: 2019-02-16 13:12:42,660 LBFGS        PARAM    0007       -445.205874          2.221872         39.981962          3.624783         65.686658
rank #0: 2019-02-16 13:12:43,328 LBFGS        PARAM    0008       -424.175236          2.213191         45.193024          3.641445         65.667461
rank #0: 2019-02-16 13:12:43,902 LBFGS        PARAM    0009       -421.855354          2.213448         45.421986          3.655649         65.666703
rank #0: 2019-02-16 13:12:44,477 LBFGS        PARAM    0010       -421.636316          2.213471         45.466380          3.661123         65.666616
rank #0: 2019-02-16 13:12:45,053 LBFGS        PARAM    0011       -421.749494          2.213521         45.479259          3.660975         65.666615
rank #0: 2019-02-16 13:12:45,630 LBFGS        PARAM    0012       -421.769396          2.213519         45.480235          3.660922         65.666615
rank #0: 2019-02-16 13:12:46,210 LBFGS        PARAM    0013       -421.772266          2.213519         45.480481          3.660915         65.666615
rank #0: 2019-02-16 13:12:46,787 LBFGS        PARAM    0014       -421.772239          2.213519         45.480482          3.660915         65.666615
rank #0: 2019-02-16 13:12:47,366 LBFGS        PARAM    0015       -421.772246          2.213519         45.480483          3.660915         65.666615
rank #0: 2019-02-16 13:12:47,368 LBFGS        INFO     LBFGS iteration 15: the descent direction does not have a sufficient projection (cos(theta)=-3.24e-01, theta=108.8763) into the gradient; using steepest descent at this step!
rank #0: 2019-02-16 13:12:48,212 LBFGS        PARAM    0016       -421.772246          2.213519         45.480483          3.660915         65.666615
rank #0: 2019-02-16 13:13:12,915 LBFGS        INFO     Linesearch failed in both LBFGS and gradient directions
rank #0: 2019-02-16 13:13:12,916 LBFGS        PARAM    0016       -421.772246          2.213519         45.480483          3.660915         65.666615
rank #0: 2019-02-16 13:13:12,917 rsdfit.lbfgs_fitter WARNING  ...LBFGS optimization finished. Time elapsed: 0:00:34.38
rank #0: 2019-02-16 13:13:12,918 rsdfit.lbfgs_fitter ERROR    nonlinear fit with method L-BFGS-B failed: Linesearch failed in both LBFGS and gradient directions
rank #0: 2019-02-16 13:13:12,919 rsdfit.fitting_driver INFO     rank 54 on nid00600     ...fitting complete
rank #0: 2019-02-16 13:13:12,927 rsdfit.fitting_driver INFO     rank 54 on nid00600     Saving the results to `/global/cscratch1/sd/nhand/eBOSS/fits/results/mocks/ezmock/v1.8e-fph/0.005-0.3/basemodel-N-fnl/0.8-2.2/QSO-S-0488-P0+P2-mock-cov-4b67b814a6/2019-02-16_nlopt_16i_chain0__1.npz`
rank #0: 2019-02-16 13:13:12,936 pyRSD.analysis.lbfgs_results INFO     
minimum chi2 = 65.66661535128908

Free parameters [ mean ]
_______________
N              : -421.7722463382129
b1             : 2.213518842248364
f_nl           : 45.480482936819826
sigma_fog      : 3.660915139925188

Constrained parameters [ mean ]
_________________________
b1sigma8       : 0.8816737964251764
