rank #0: 2018-06-24 13:20:09,662 rsdfit.fitting_driver INFO     rank 26 on nid01434     Calling the 'nlopt' solve function
rank #0: 2018-06-24 13:20:09,663 rsdfit.lbfgs_fitter INFO     running LBFGS for 500 iterations and then stopping
rank #0: 2018-06-24 13:20:09,664 rsdfit.lbfgs_fitter INFO     running LBFGS minimizer with priors
rank #0: 2018-06-24 13:20:09,664 root         INFO     Iter           N          b1        f_nl   sigma_fog   F(X)     
rank #0: 2018-06-24 13:20:10,250 LBFGS        INFO     options = {'factr': 100000.0, 'gtol': 1e-05, 'max_iter': 500, 'test_convergence': False}
rank #0: 2018-06-24 13:20:10,251 LBFGS        PARAM    0000          0.000000          2.000000          0.000000          4.000000         75.149759
rank #0: 2018-06-24 13:20:10,919 LBFGS        PARAM    0001          7.674696          2.044988          0.271981          4.000808         72.298544
rank #0: 2018-06-24 13:20:11,513 LBFGS        PARAM    0002        -43.194205          2.141903          1.030762          4.063650         69.388812
rank #0: 2018-06-24 13:20:12,117 LBFGS        PARAM    0003       -108.419243          2.169717          1.211858          4.137877         68.531824
rank #0: 2018-06-24 13:20:12,722 LBFGS        PARAM    0004       -209.461864          2.192902          0.414818          4.318650         67.859010
rank #0: 2018-06-24 13:20:13,307 LBFGS        PARAM    0005       -205.788765          2.194018         -0.038011          4.346441         67.836438
rank #0: 2018-06-24 13:20:13,907 LBFGS        PARAM    0006       -153.006366          2.196006         -6.780704          4.616315         67.712476
rank #0: 2018-06-24 13:20:14,508 LBFGS        PARAM    0007       -152.202099          2.199625        -12.097506          4.634374         67.688598
rank #0: 2018-06-24 13:20:15,102 LBFGS        PARAM    0008       -162.059386          2.225843        -62.641774          4.702401         67.541419
rank #0: 2018-06-24 13:20:15,692 LBFGS        PARAM    0009       -176.153786          2.237752        -97.540479          4.693570         67.481893
rank #0: 2018-06-24 13:20:16,292 LBFGS        PARAM    0010       -190.853708          2.246101       -124.335006          4.662990         67.462026
rank #0: 2018-06-24 13:20:16,893 LBFGS        PARAM    0011       -194.458098          2.248474       -131.673868          4.657829         67.461061
rank #0: 2018-06-24 13:20:17,477 LBFGS        PARAM    0012       -194.715457          2.248847       -132.538238          4.658355         67.461048
rank #0: 2018-06-24 13:20:18,146 LBFGS        PARAM    0013       -194.779173          2.248914       -132.578523          4.658300         67.461048
rank #0: 2018-06-24 13:20:18,748 LBFGS        PARAM    0014       -194.736472          2.248983       -132.729662          4.658909         67.461047
rank #0: 2018-06-24 13:20:19,338 LBFGS        PARAM    0015       -194.714686          2.248983       -132.726982          4.658997         67.461047
rank #0: 2018-06-24 13:20:19,937 LBFGS        PARAM    0016       -194.713243          2.248982       -132.724883          4.659001         67.461047
rank #0: 2018-06-24 13:20:20,541 LBFGS        PARAM    0017       -194.713230          2.248982       -132.724769          4.659001         67.461047
rank #0: 2018-06-24 13:20:21,213 LBFGS        PARAM    0018       -194.713230          2.248982       -132.724769          4.659001         67.461047
rank #0: 2018-06-24 13:20:21,799 LBFGS        PARAM    0019       -194.713230          2.248982       -132.724782          4.659001         67.461047
rank #0: 2018-06-24 13:20:47,668 LBFGS        INFO     Linesearch failed in both LBFGS and gradient directions
rank #0: 2018-06-24 13:20:47,669 LBFGS        PARAM    0019       -194.713230          2.248982       -132.724782          4.659001         67.461047
rank #0: 2018-06-24 13:20:47,670 rsdfit.lbfgs_fitter WARNING  ...LBFGS optimization finished. Time elapsed: 0:00:37.42
rank #0: 2018-06-24 13:20:47,671 rsdfit.lbfgs_fitter ERROR    nonlinear fit with method L-BFGS-B failed: Linesearch failed in both LBFGS and gradient directions
rank #0: 2018-06-24 13:20:47,672 rsdfit.fitting_driver INFO     rank 26 on nid01434     ...fitting complete
rank #0: 2018-06-24 13:20:47,675 rsdfit.fitting_driver INFO     rank 26 on nid01434     Saving the results to `/global/cscratch1/sd/nhand/eBOSS/fits/results/mocks/ezmock/v1.8e-fph/0.005-0.3/basemodel-N-fnl/0.8-2.2/QSO-S-0429-P0+P2-mock-cov-a8bcb55756/2018-06-24_nlopt_19i_chain0__1.npz`
rank #0: 2018-06-24 13:20:47,701 pyRSD.analysis.lbfgs_results INFO     
minimum chi2 = 67.461046944

Free parameters [ mean ]
_______________
N              : -194.713230318
b1             : 2.24898230453
f_nl           : -132.724781946
sigma_fog      : 4.65900101497

Constrained parameters [ mean ]
_________________________
b1sigma8       : 0.895799361939
