rank #0: 2018-07-16 20:37:30,225 rsdfit.fitting_driver INFO     rank 4 on nid00907     Calling the 'nlopt' solve function
rank #0: 2018-07-16 20:37:30,226 rsdfit.lbfgs_fitter INFO     running LBFGS for 500 iterations and then stopping
rank #0: 2018-07-16 20:37:30,226 rsdfit.lbfgs_fitter INFO     running LBFGS minimizer with priors
rank #0: 2018-07-16 20:37:30,227 root         INFO     Iter           N          b1        f_nl   sigma_fog   F(X)     
rank #0: 2018-07-16 20:37:30,808 LBFGS        INFO     options = {'factr': 100000.0, 'gtol': 1e-05, 'max_iter': 500, 'test_convergence': False}
rank #0: 2018-07-16 20:37:30,810 LBFGS        PARAM    0000          0.000000          2.000000          0.000000          4.000000        131.611290
rank #0: 2018-07-16 20:37:31,460 LBFGS        PARAM    0001         44.949359          2.112685          2.450359          3.999091        106.486305
rank #0: 2018-07-16 20:37:32,056 LBFGS        PARAM    0002        -25.338875          2.367180         11.085660          4.151702         84.580981
rank #0: 2018-07-16 20:37:32,654 LBFGS        PARAM    0003       -115.937950          2.374834         12.987135          4.290114         79.844564
rank #0: 2018-07-16 20:37:33,239 LBFGS        PARAM    0004       -334.617555          2.435510         20.368956          4.710078         75.026247
rank #0: 2018-07-16 20:37:33,836 LBFGS        PARAM    0005       -302.415299          2.425194         22.322681          4.829806         74.396745
rank #0: 2018-07-16 20:37:34,435 LBFGS        PARAM    0006        -91.478195          2.395925         38.312149          5.708332         72.114642
rank #0: 2018-07-16 20:37:35,018 LBFGS        PARAM    0007        -72.636405          2.404629         42.257061          5.864410         72.027741
rank #0: 2018-07-16 20:37:35,619 LBFGS        PARAM    0008        -73.089956          2.403467         42.086636          5.864576         72.026461
rank #0: 2018-07-16 20:37:36,218 LBFGS        PARAM    0009        -72.909282          2.403345         42.083766          5.867086         72.026400
rank #0: 2018-07-16 20:37:36,808 LBFGS        PARAM    0010        -72.765765          2.403348         42.043358          5.868973         72.026344
rank #0: 2018-07-16 20:37:37,410 LBFGS        PARAM    0011        -72.399451          2.403570         41.799980          5.874191         72.026149
rank #0: 2018-07-16 20:37:38,000 LBFGS        PARAM    0012        -72.187163          2.404073         41.410067          5.877933         72.025948
rank #0: 2018-07-16 20:37:38,593 LBFGS        PARAM    0013        -72.324742          2.404569         41.114921          5.877007         72.025853
rank #0: 2018-07-16 20:37:39,190 LBFGS        PARAM    0014        -72.382767          2.404603         41.105124          5.876596         72.025852
rank #0: 2018-07-16 20:37:39,775 LBFGS        PARAM    0015        -72.386323          2.404600         41.107817          5.876531         72.025852
rank #0: 2018-07-16 20:37:40,372 LBFGS        PARAM    0016        -72.386682          2.404600         41.108303          5.876525         72.025852
rank #0: 2018-07-16 20:37:40,990 LBFGS        PARAM    0017        -72.386653          2.404600         41.108315          5.876525         72.025852
rank #0: 2018-07-16 20:37:41,640 LBFGS        PARAM    0018        -72.386653          2.404600         41.108315          5.876525         72.025852
rank #0: 2018-07-16 20:37:42,238 LBFGS        PARAM    0019        -72.386657          2.404600         41.108314          5.876525         72.025852
rank #0: 2018-07-16 20:37:42,903 LBFGS        PARAM    0020        -72.386657          2.404600         41.108314          5.876525         72.025852
rank #0: 2018-07-16 20:37:57,121 LBFGS        PARAM    0021        -72.386659          2.404600         41.108314          5.876525         72.025852
rank #0: 2018-07-16 20:37:57,789 LBFGS        PARAM    0022        -72.386659          2.404600         41.108314          5.876525         72.025852
rank #0: 2018-07-16 20:38:23,141 LBFGS        INFO     Linesearch failed in both LBFGS and gradient directions
rank #0: 2018-07-16 20:38:23,142 LBFGS        PARAM    0022        -72.386659          2.404600         41.108314          5.876525         72.025852
rank #0: 2018-07-16 20:38:23,143 rsdfit.lbfgs_fitter WARNING  ...LBFGS optimization finished. Time elapsed: 0:00:52.33
rank #0: 2018-07-16 20:38:23,144 rsdfit.lbfgs_fitter ERROR    nonlinear fit with method L-BFGS-B failed: Linesearch failed in both LBFGS and gradient directions
rank #0: 2018-07-16 20:38:23,145 rsdfit.fitting_driver INFO     rank 4 on nid00907     ...fitting complete
rank #0: 2018-07-16 20:38:23,149 rsdfit.fitting_driver INFO     rank 4 on nid00907     Saving the results to `/global/cscratch1/sd/nhand/eBOSS/fits/results/mocks/ezmock/v1.8e-fph/0.005-0.3/basemodel-N-fnl/0.8-2.2/QSO-N-0594-P0+P2-mock-cov-1ab4f6001f/2018-07-16_nlopt_22i_chain0__1.npz`
rank #0: 2018-07-16 20:38:23,176 pyRSD.analysis.lbfgs_results INFO     
minimum chi2 = 72.0258519975

Free parameters [ mean ]
_______________
N              : -72.3866587386
b1             : 2.40459961851
f_nl           : 41.1083141207
sigma_fog      : 5.87652535317

Constrained parameters [ mean ]
_________________________
b1sigma8       : 0.901449069779
