rank #0: 2018-12-30 16:11:05,974 rsdfit.fitting_driver INFO     rank 60 on nid00556     Calling the 'nlopt' solve function
rank #0: 2018-12-30 16:11:05,974 rsdfit.lbfgs_fitter INFO     running LBFGS for 500 iterations and then stopping
rank #0: 2018-12-30 16:11:05,975 rsdfit.lbfgs_fitter INFO     running LBFGS minimizer with priors
rank #0: 2018-12-30 16:11:05,975 root         INFO     Iter           N          b1        f_nl   sigma_fog   F(X)     
rank #0: 2018-12-30 16:11:05,976 rsdfit.lbfgs_fitter INFO     computing gradient using numerical derivative of lnlike()
rank #0: 2018-12-30 16:11:06,581 LBFGS        INFO     options = {'factr': 100000.0, 'gtol': 1e-05, 'max_iter': 500, 'test_convergence': False}
rank #0: 2018-12-30 16:11:06,582 LBFGS        PARAM    0000          0.000000          2.000000          0.000000          4.000000         98.052471
rank #0: 2018-12-30 16:11:07,257 LBFGS        PARAM    0001         38.460532          2.073431          0.693750          3.956171         88.566129
rank #0: 2018-12-30 16:11:07,884 LBFGS        PARAM    0002         10.160928          2.221115          3.331331          3.876737         81.772177
rank #0: 2018-12-30 16:11:08,511 LBFGS        PARAM    0003        -12.161989          2.215773          4.416163          3.880680         81.393824
rank #0: 2018-12-30 16:11:09,199 LBFGS        PARAM    0004        -23.746994          2.204796          4.818558          3.886216         81.319505
rank #0: 2018-12-30 16:11:09,200 LBFGS        INFO     LBFGS iteration 4: the descent direction does not have a sufficient projection (cos(theta)=-3.21e-01, theta=108.7087) into the gradient; using steepest descent at this step!
rank #0: 2018-12-30 16:11:09,884 LBFGS        PARAM    0005        -84.918879          2.229710          6.969012          3.862932         80.536565
rank #0: 2018-12-30 16:11:10,511 LBFGS        PARAM    0006       -314.570228          2.251289         16.443720          3.730874         80.103786
rank #0: 2018-12-30 16:11:11,139 LBFGS        PARAM    0007       -288.384081          2.281437         18.766099          3.649607         79.441816
rank #0: 2018-12-30 16:11:11,744 LBFGS        PARAM    0008       -267.978493          2.270415         19.349351          3.622881         79.280076
rank #0: 2018-12-30 16:11:12,371 LBFGS        PARAM    0009       -269.729359          2.244628         30.184860          3.361890         78.653722
rank #0: 2018-12-30 16:11:12,999 LBFGS        PARAM    0010       -322.379874          2.228395         51.682391          2.970614         78.119781
rank #0: 2018-12-30 16:11:13,606 LBFGS        PARAM    0011       -326.513649          2.217586         80.672346          2.879266         77.630677
rank #0: 2018-12-30 16:11:14,234 LBFGS        PARAM    0012       -287.257697          2.209310        109.171103          3.061373         77.409712
rank #0: 2018-12-30 16:11:14,862 LBFGS        PARAM    0013       -277.097000          2.213461         98.835058          3.152606         77.358949
rank #0: 2018-12-30 16:11:15,480 LBFGS        PARAM    0014       -277.010605          2.214217         99.504407          3.164137         77.358090
rank #0: 2018-12-30 16:11:16,103 LBFGS        PARAM    0015       -277.213314          2.214321         99.544879          3.163967         77.358084
rank #0: 2018-12-30 16:11:16,735 LBFGS        PARAM    0016       -277.250925          2.214332         99.539338          3.163910         77.358084
rank #0: 2018-12-30 16:11:17,366 LBFGS        PARAM    0017       -277.257833          2.214334         99.537477          3.163899         77.358084
rank #0: 2018-12-30 16:11:17,972 LBFGS        PARAM    0018       -277.257780          2.214334         99.537462          3.163899         77.358084
rank #0: 2018-12-30 16:11:18,600 LBFGS        PARAM    0019       -277.257794          2.214334         99.537461          3.163899         77.358084
rank #0: 2018-12-30 16:11:44,886 LBFGS        INFO     Linesearch failed in both LBFGS and gradient directions
rank #0: 2018-12-30 16:11:44,887 LBFGS        PARAM    0019       -277.257794          2.214334         99.537461          3.163899         77.358084
rank #0: 2018-12-30 16:11:44,888 rsdfit.lbfgs_fitter WARNING  ...LBFGS optimization finished. Time elapsed: 0:00:38.31
rank #0: 2018-12-30 16:11:44,888 rsdfit.lbfgs_fitter ERROR    nonlinear fit with method L-BFGS-B failed: Linesearch failed in both LBFGS and gradient directions
rank #0: 2018-12-30 16:11:44,889 rsdfit.fitting_driver INFO     rank 60 on nid00556     ...fitting complete
rank #0: 2018-12-30 16:11:44,892 rsdfit.fitting_driver INFO     rank 60 on nid00556     Saving the results to `/global/cscratch1/sd/nhand/eBOSS/fits/results/mocks/ezmock/v1.8e-fph/0.0001-0.3/basemodel-N-fnl/0.8-2.2/QSO-S-0362-P0+P2-mock-cov-8e654b7a3f/2018-12-30_nlopt_19i_chain0__1.npz`
rank #0: 2018-12-30 16:11:45,399 pyRSD.analysis.lbfgs_results INFO     
minimum chi2 = 77.3580841524

Free parameters [ mean ]
_______________
N              : -277.257793746
b1             : 2.21433416858
f_nl           : 99.5374609957
sigma_fog      : 3.16389919357

Constrained parameters [ mean ]
_________________________
b1sigma8       : 0.881998551672
