rank #0: 2019-02-16 13:39:27,670 rsdfit.fitting_driver INFO     rank 24 on nid00593     Calling the 'nlopt' solve function
rank #0: 2019-02-16 13:39:27,671 rsdfit.lbfgs_fitter INFO     running LBFGS for 500 iterations and then stopping
rank #0: 2019-02-16 13:39:27,671 rsdfit.lbfgs_fitter INFO     running LBFGS minimizer with priors
rank #0: 2019-02-16 13:39:27,672 root         INFO     Iter           N          b1        f_nl   sigma_fog   F(X)     
rank #0: 2019-02-16 13:39:27,672 rsdfit.lbfgs_fitter INFO     computing gradient using numerical derivative of lnlike()
rank #0: 2019-02-16 13:39:28,238 LBFGS        INFO     options = {'factr': 100000.0, 'gtol': 1e-05, 'max_iter': 500, 'test_convergence': False}
rank #0: 2019-02-16 13:39:28,239 LBFGS        PARAM    0000          0.000000          2.000000          0.000000          4.000000         75.034376
rank #0: 2019-02-16 13:39:28,884 LBFGS        PARAM    0001        -26.221999          2.055490          0.431387          3.983260         71.208485
rank #0: 2019-02-16 13:39:29,464 LBFGS        PARAM    0002       -247.544666          2.209029          2.134600          3.962937         64.589323
rank #0: 2019-02-16 13:39:30,046 LBFGS        PARAM    0003       -415.835923          2.237599          2.427109          3.946887         62.643279
rank #0: 2019-02-16 13:39:30,625 LBFGS        PARAM    0004       -503.645439          2.239796          2.079230          3.835872         62.080457
rank #0: 2019-02-16 13:39:31,203 LBFGS        PARAM    0005       -568.974748          2.241068          1.519915          3.660777         61.705965
rank #0: 2019-02-16 13:39:31,782 LBFGS        PARAM    0006       -643.570765          2.240648          0.252514          3.300474         61.202072
rank #0: 2019-02-16 13:39:32,362 LBFGS        PARAM    0007       -637.361762          2.238148         -1.945770          3.068154         60.987984
rank #0: 2019-02-16 13:39:32,942 LBFGS        PARAM    0008       -631.339432          2.233844         -2.245648          3.061485         60.983827
rank #0: 2019-02-16 13:39:33,521 LBFGS        PARAM    0009       -631.145847          2.234023         -2.391827          3.062046         60.983490
rank #0: 2019-02-16 13:39:34,093 LBFGS        PARAM    0010       -629.203823          2.236865         -6.025462          3.071222         60.977865
rank #0: 2019-02-16 13:39:34,667 LBFGS        PARAM    0011       -629.828690          2.239274        -10.538838          3.076538         60.972794
rank #0: 2019-02-16 13:39:35,244 LBFGS        PARAM    0012       -633.903903          2.241670        -17.026476          3.077392         60.967274
rank #0: 2019-02-16 13:39:35,819 LBFGS        PARAM    0013       -636.993139          2.241740        -19.174124          3.073746         60.965861
rank #0: 2019-02-16 13:39:36,395 LBFGS        PARAM    0014       -637.712188          2.241325        -19.049712          3.071949         60.965737
rank #0: 2019-02-16 13:39:36,970 LBFGS        PARAM    0015       -637.733678          2.241215        -18.880037          3.071675         60.965733
rank #0: 2019-02-16 13:39:37,538 LBFGS        PARAM    0016       -637.726294          2.241206        -18.855750          3.071661         60.965733
rank #0: 2019-02-16 13:39:38,108 LBFGS        PARAM    0017       -637.725958          2.241206        -18.855002          3.071661         60.965733
rank #0: 2019-02-16 13:39:38,679 LBFGS        PARAM    0018       -637.725842          2.241206        -18.855002          3.071661         60.965733
rank #0: 2019-02-16 13:39:39,310 LBFGS        PARAM    0019       -637.725842          2.241206        -18.855003          3.071661         60.965733
rank #0: 2019-02-16 13:39:53,008 LBFGS        PARAM    0020       -637.725843          2.241206        -18.855003          3.071661         60.965733
rank #0: 2019-02-16 13:40:17,813 LBFGS        INFO     Linesearch failed in both LBFGS and gradient directions
rank #0: 2019-02-16 13:40:17,814 LBFGS        PARAM    0020       -637.725843          2.241206        -18.855003          3.071661         60.965733
rank #0: 2019-02-16 13:40:17,815 rsdfit.lbfgs_fitter WARNING  ...LBFGS optimization finished. Time elapsed: 0:00:49.58
rank #0: 2019-02-16 13:40:17,816 rsdfit.lbfgs_fitter ERROR    nonlinear fit with method L-BFGS-B failed: Linesearch failed in both LBFGS and gradient directions
rank #0: 2019-02-16 13:40:17,817 rsdfit.fitting_driver INFO     rank 24 on nid00593     ...fitting complete
rank #0: 2019-02-16 13:40:17,820 rsdfit.fitting_driver INFO     rank 24 on nid00593     Saving the results to `/global/cscratch1/sd/nhand/eBOSS/fits/results/mocks/ezmock/v1.8e-fph/0.005-0.3/basemodel-N-fnl/0.8-2.2/QSO-S-0599-P0+P2-mock-cov-7b0931f16d/2019-02-16_nlopt_20i_chain0__1.npz`
rank #0: 2019-02-16 13:40:17,827 pyRSD.analysis.lbfgs_results INFO     
minimum chi2 = 60.96573312129751

Free parameters [ mean ]
_______________
N              : -637.7258434266327
b1             : 2.2412056940775544
f_nl           : -18.855002648417393
sigma_fog      : 3.071660844584642

Constrained parameters [ mean ]
_________________________
b1sigma8       : 0.8927018352642353
