rank #0: 2017-11-27 22:20:26,841 rsdfit.fitting_driver INFO     rank 180 on nid00482     Calling the 'nlopt' solve function
rank #0: 2017-11-27 22:20:26,841 rsdfit.lbfgs_fitter INFO     running LBFGS for 500 iterations and then stopping
rank #0: 2017-11-27 22:20:26,841 rsdfit.lbfgs_fitter INFO     running LBFGS minimizer with priors
rank #0: 2017-11-27 22:20:26,841 root         INFO     Iter           N          b1           f        f_nl    sigma8_z   sigma_fog   F(X)     
rank #0: 2017-11-27 22:20:27,574 LBFGS        INFO     options = {'factr': 100000.0, 'gtol': 1e-05, 'max_iter': 500, 'test_convergence': False}
rank #0: 2017-11-27 22:20:27,574 LBFGS        PARAM    0000          0.000000          2.000000          0.930883          0.000000          0.398070          4.000000        108.694062
rank #0: 2017-11-27 22:20:28,380 LBFGS        PARAM    0001         -0.092511          2.002133          0.930963          0.026147          0.399490          3.999650        106.852726
rank #0: 2017-11-27 22:20:29,127 LBFGS        PARAM    0002        -19.197511          2.051991          0.932430          1.006871          0.429895          3.999166         90.206316
rank #0: 2017-11-27 22:20:29,874 LBFGS        PARAM    0003        -27.382042          2.043368          0.931847          1.102031          0.424175          4.005185         89.221692
rank #0: 2017-11-27 22:20:30,621 LBFGS        PARAM    0004        -39.000411          2.044678          0.931564          1.392459          0.424290          4.010633         88.970128
rank #0: 2017-11-27 22:20:31,370 LBFGS        PARAM    0005       -360.026963          2.085411          0.921259         11.993316          0.423804          4.112061         85.416590
rank #0: 2017-11-27 22:20:32,117 LBFGS        PARAM    0006       -393.867529          2.107887          0.914738         19.182021          0.419898          4.008685         84.729639
rank #0: 2017-11-27 22:20:32,865 LBFGS        PARAM    0007       -438.829636          2.143314          0.904545         30.481706          0.413735          3.840837         83.640962
rank #0: 2017-11-27 22:20:33,615 LBFGS        PARAM    0008       -479.160328          2.177859          0.894680         41.451478          0.407794          3.676782         82.594414
rank #0: 2017-11-27 22:20:34,365 LBFGS        PARAM    0009       -507.113652          2.203475          0.887414         49.543976          0.403460          3.556512         81.839294
rank #0: 2017-11-27 22:20:35,112 LBFGS        PARAM    0010       -518.928959          2.215130          0.884106         53.213555          0.401513          3.502879         81.503167
rank #0: 2017-11-27 22:20:35,919 LBFGS        PARAM    0011       -556.701703          2.255581          0.872506         65.932956          0.394814          3.322300         80.390239
rank #0: 2017-11-27 22:20:36,727 LBFGS        PARAM    0012       -606.902062          2.315130          0.854716         84.846909          0.385079          3.055713         78.995171
rank #0: 2017-11-27 22:20:37,535 LBFGS        PARAM    0013       -652.039980          2.383755          0.829314        107.974233          0.374282          2.690645         78.039363
rank #0: 2017-11-27 22:20:38,285 LBFGS        PARAM    0014       -621.596416          2.378023          0.798571        108.939122          0.377265          2.430456         77.774411
rank #0: 2017-11-27 22:20:39,034 LBFGS        PARAM    0015       -610.628692          2.380962          0.798701        109.745428          0.375695          2.429058         77.730255
rank #0: 2017-11-27 22:20:39,785 LBFGS        PARAM    0016       -602.543944          2.383330          0.799591        110.017875          0.374901          2.446398         77.700152
rank #0: 2017-11-27 22:20:40,534 LBFGS        PARAM    0017       -566.469823          2.394787          0.803117        110.937023          0.372109          2.541699         77.583215
rank #0: 2017-11-27 22:20:41,282 LBFGS        PARAM    0018       -533.919706          2.405559          0.804517        111.388999          0.370468          2.639168         77.488688
rank #0: 2017-11-27 22:20:42,032 LBFGS        PARAM    0019       -521.290378          2.413252          0.798315        111.315448          0.370600          2.684142         77.426006
rank #0: 2017-11-27 22:20:42,781 LBFGS        PARAM    0020       -522.854469          2.412575          0.795724        110.627004          0.371295          2.690144         77.419549
rank #0: 2017-11-27 22:20:43,530 LBFGS        PARAM    0021       -526.191439          2.412598          0.793958        110.598692          0.371492          2.682181         77.417692
rank #0: 2017-11-27 22:20:44,279 LBFGS        PARAM    0022       -535.398741          2.411318          0.787751        110.052850          0.372218          2.658267         77.412044
rank #0: 2017-11-27 22:20:45,029 LBFGS        PARAM    0023       -546.044846          2.410489          0.778295        109.425838          0.372913          2.623949         77.405102
rank #0: 2017-11-27 22:20:45,778 LBFGS        PARAM    0024       -551.325923          2.413798          0.770372        108.255064          0.372661          2.593526         77.399060
rank #0: 2017-11-27 22:20:46,528 LBFGS        PARAM    0025       -550.090656          2.416224          0.769810        108.131186          0.372232          2.596880         77.398329
rank #0: 2017-11-27 22:20:47,278 LBFGS        PARAM    0026       -548.901035          2.416549          0.770301        108.124636          0.372140          2.600454         77.398295
rank #0: 2017-11-27 22:20:48,028 LBFGS        PARAM    0027       -548.771884          2.416574          0.770395        108.141851          0.372129          2.600767         77.398294
rank #0: 2017-11-27 22:20:48,779 LBFGS        PARAM    0028       -548.766096          2.416568          0.770402        108.140438          0.372130          2.600795         77.398294
rank #0: 2017-11-27 22:20:49,530 LBFGS        PARAM    0029       -548.767942          2.416568          0.770401        108.140577          0.372130          2.600790         77.398294
rank #0: 2017-11-27 22:20:50,572 LBFGS        PARAM    0030       -548.767946          2.416568          0.770401        108.140577          0.372130          2.600790         77.398294
rank #0: 2017-11-27 22:21:03,543 LBFGS        PARAM    0031       -548.767946          2.416568          0.770401        108.140577          0.372130          2.600790         77.398294
rank #0: 2017-11-27 22:21:04,294 LBFGS        PARAM    0032       -548.767957          2.416568          0.770401        108.140576          0.372130          2.600790         77.398294
rank #0: 2017-11-27 22:21:05,044 LBFGS        PARAM    0033       -548.767965          2.416568          0.770401        108.140575          0.372130          2.600790         77.398294
rank #0: 2017-11-27 22:21:05,795 LBFGS        PARAM    0034       -548.768260          2.416569          0.770401        108.140545          0.372130          2.600790         77.398294
rank #0: 2017-11-27 22:21:18,787 LBFGS        PARAM    0035       -548.768268          2.416569          0.770401        108.140544          0.372130          2.600790         77.398294
rank #0: 2017-11-27 22:21:19,588 LBFGS        PARAM    0036       -548.768268          2.416569          0.770401        108.140544          0.372130          2.600790         77.398294
rank #0: 2017-11-27 22:21:42,695 LBFGS        INFO     Linesearch failed in both LBFGS and gradient directions
rank #0: 2017-11-27 22:21:42,696 LBFGS        PARAM    0036       -548.768268          2.416569          0.770401        108.140544          0.372130          2.600790         77.398294
rank #0: 2017-11-27 22:21:42,696 rsdfit.lbfgs_fitter WARNING  ...LBFGS optimization finished. Time elapsed: 0:01:15.12
rank #0: 2017-11-27 22:21:42,696 rsdfit.lbfgs_fitter ERROR    nonlinear fit with method L-BFGS-B failed: Linesearch failed in both LBFGS and gradient directions
rank #0: 2017-11-27 22:21:42,697 rsdfit.fitting_driver INFO     rank 180 on nid00482     ...fitting complete
rank #0: 2017-11-27 22:21:42,700 rsdfit.fitting_driver INFO     rank 180 on nid00482     Saving the results to `/global/cscratch1/sd/nhand/eBOSS/fits/results/mocks/ezmock/v1.8e-fph/0.0001-0.3/basemodel-fs8-N-fnl/0.8-2.2/QSO-N-0209-P0+P2-mock-cov-0a197b956d/2017-11-27_nlopt_36i_chain0__1.npz`
rank #0: 2017-11-27 22:21:42,723 pyRSD.analysis.lbfgs_results INFO     
minimum chi2 = 77.3982943274

Free parameters [ mean ]
_______________
N              : -548.768268059
b1             : 2.41656888907
f              : 0.770401387533
f_nl           : 108.140543536
sigma8_z       : 0.372129818475
sigma_fog      : 2.600789922

Constrained parameters [ mean ]
_________________________
b1sigma8       : 0.899277342022
fsigma8        : 0.286689328495
