rank #0: 2017-11-27 22:42:57,246 rsdfit.fitting_driver INFO     rank 206 on nid00483     Calling the 'nlopt' solve function
rank #0: 2017-11-27 22:42:57,247 rsdfit.lbfgs_fitter INFO     running LBFGS for 500 iterations and then stopping
rank #0: 2017-11-27 22:42:57,247 rsdfit.lbfgs_fitter INFO     running LBFGS minimizer with priors
rank #0: 2017-11-27 22:42:57,247 root         INFO     Iter          b1        f_nl   sigma_fog   F(X)     
rank #0: 2017-11-27 22:42:57,544 LBFGS        INFO     options = {'factr': 100000.0, 'gtol': 1e-05, 'max_iter': 500, 'test_convergence': False}
rank #0: 2017-11-27 22:42:57,544 LBFGS        PARAM    0000          2.000000          0.000000          4.000000         45.846355
rank #0: 2017-11-27 22:42:57,876 LBFGS        PARAM    0001          2.128031          2.434281          3.992911         34.367290
rank #0: 2017-11-27 22:42:58,165 LBFGS        PARAM    0002          2.444488         18.766047          3.974753         25.976825
rank #0: 2017-11-27 22:42:58,453 LBFGS        PARAM    0003          2.347996         17.445631          3.981669         24.569058
rank #0: 2017-11-27 22:42:58,743 LBFGS        PARAM    0004          2.354898         21.602839          3.982188         24.338549
rank #0: 2017-11-27 22:42:59,034 LBFGS        PARAM    0005          2.412574        108.794421          3.999141         23.202372
rank #0: 2017-11-27 22:42:59,325 LBFGS        PARAM    0006          2.357255         72.854484          3.993768         21.606408
rank #0: 2017-11-27 22:42:59,617 LBFGS        PARAM    0007          2.330747         98.615127          4.001156         20.179849
rank #0: 2017-11-27 22:42:59,908 LBFGS        PARAM    0008          2.231927        181.932515          3.997870         19.015538
rank #0: 2017-11-27 22:43:00,200 LBFGS        PARAM    0009          2.233800        156.929807          3.963008         18.612248
rank #0: 2017-11-27 22:43:00,492 LBFGS        PARAM    0010          2.241407        156.349961          3.964993         18.595186
rank #0: 2017-11-27 22:43:00,784 LBFGS        PARAM    0011          2.241497        156.865382          3.964408         18.594862
rank #0: 2017-11-27 22:43:01,076 LBFGS        PARAM    0012          2.241500        156.925862          3.962384         18.594743
rank #0: 2017-11-27 22:43:01,368 LBFGS        PARAM    0013          2.241345        157.992578          3.894183         18.591757
rank #0: 2017-11-27 22:43:01,659 LBFGS        PARAM    0014          2.240788        159.140060          3.759402         18.586882
rank #0: 2017-11-27 22:43:01,950 LBFGS        PARAM    0015          2.238789        161.248365          3.353057         18.573727
rank #0: 2017-11-27 22:43:02,242 LBFGS        PARAM    0016          2.234705        163.598842          2.553837         18.550249
rank #0: 2017-11-27 22:43:02,535 LBFGS        PARAM    0017          2.229126        164.844934          1.261752         18.518509
rank #0: 2017-11-27 22:43:02,827 LBFGS        PARAM    0018          2.227834        163.071770          0.192352         18.502185
rank #0: 2017-11-27 22:43:03,118 LBFGS        PARAM    0019          2.227834        163.071759          0.192351         18.502185
rank #0: 2017-11-27 22:43:03,410 LBFGS        PARAM    0020          2.227834        163.071746          0.192349         18.502185
rank #0: 2017-11-27 22:43:03,702 LBFGS        PARAM    0021          2.227834        163.071733          0.192348         18.502185
rank #0: 2017-11-27 22:43:03,993 LBFGS        PARAM    0022          2.227834        163.071721          0.192347         18.502185
rank #0: 2017-11-27 22:43:04,325 LBFGS        PARAM    0023          2.227842        163.063017          0.191562         18.502168
rank #0: 2017-11-27 22:43:04,658 LBFGS        PARAM    0024          2.227851        163.052929          0.190656         18.502148
rank #0: 2017-11-27 22:43:04,990 LBFGS        PARAM    0025          2.227862        163.040701          0.189574         18.502125
rank #0: 2017-11-27 22:43:05,324 LBFGS        PARAM    0026          2.227874        163.027411          0.188406         18.502100
rank #0: 2017-11-27 22:43:05,656 LBFGS        PARAM    0027          2.227886        163.013458          0.187185         18.502073
rank #0: 2017-11-27 22:43:05,987 LBFGS        PARAM    0028          2.227899        162.999208          0.185942         18.502047
rank #0: 2017-11-27 22:43:06,320 LBFGS        PARAM    0029          2.227912        162.984865          0.184693         18.502020
rank #0: 2017-11-27 22:43:06,653 LBFGS        PARAM    0030          2.227925        162.970552          0.183449         18.501994
rank #0: 2017-11-27 22:43:06,984 LBFGS        PARAM    0031          2.227937        162.956327          0.182214         18.501968
rank #0: 2017-11-27 22:43:07,316 LBFGS        PARAM    0032          2.227950        162.942210          0.180989         18.501942
rank #0: 2017-11-27 22:43:07,649 LBFGS        PARAM    0033          2.227962        162.928196          0.179774         18.501917
rank #0: 2017-11-27 22:43:07,982 LBFGS        PARAM    0034          2.227975        162.914266          0.178568         18.501892
rank #0: 2017-11-27 22:43:08,315 LBFGS        PARAM    0035          2.227987        162.900386          0.177368         18.501867
rank #0: 2017-11-27 22:43:08,649 LBFGS        PARAM    0036          2.228000        162.886520          0.176170         18.501842
rank #0: 2017-11-27 22:43:08,982 LBFGS        PARAM    0037          2.228012        162.872622          0.174973         18.501818
rank #0: 2017-11-27 22:43:09,315 LBFGS        PARAM    0038          2.228025        162.858637          0.173770         18.501794
rank #0: 2017-11-27 22:43:09,649 LBFGS        PARAM    0039          2.228037        162.844505          0.172557         18.501769
rank #0: 2017-11-27 22:43:09,983 LBFGS        PARAM    0040          2.228050        162.830152          0.171329         18.501745
rank #0: 2017-11-27 22:43:10,316 LBFGS        PARAM    0041          2.228063        162.815491          0.170078         18.501720
rank #0: 2017-11-27 22:43:10,649 LBFGS        PARAM    0042          2.228077        162.800415          0.168797         18.501695
rank #0: 2017-11-27 22:43:10,981 LBFGS        PARAM    0043          2.228091        162.784790          0.167475         18.501669
rank #0: 2017-11-27 22:43:11,313 LBFGS        PARAM    0044          2.228105        162.768442          0.166100         18.501642
rank #0: 2017-11-27 22:43:11,645 LBFGS        PARAM    0045          2.228121        162.751136          0.164653         18.501613
rank #0: 2017-11-27 22:43:11,977 LBFGS        PARAM    0046          2.228138        162.732548          0.163110         18.501583
rank #0: 2017-11-27 22:43:12,310 LBFGS        PARAM    0047          2.228156        162.712195          0.161437         18.501551
rank #0: 2017-11-27 22:43:12,643 LBFGS        PARAM    0048          2.228176        162.689347          0.159581         18.501515
rank #0: 2017-11-27 22:43:12,975 LBFGS        PARAM    0049          2.228200        162.662765          0.157454         18.501473
rank #0: 2017-11-27 22:43:13,307 LBFGS        PARAM    0050          2.228230        162.630166          0.154899         18.501424
rank #0: 2017-11-27 22:43:13,640 LBFGS        PARAM    0051          2.228269        162.586647          0.151588         18.501359
rank #0: 2017-11-27 22:43:13,973 LBFGS        PARAM    0052          2.228330        162.518821          0.146668         18.501263
rank #0: 2017-11-27 22:43:14,306 LBFGS        PARAM    0053          2.228467        162.369986          0.136862         18.501067
rank #0: 2017-11-27 22:43:14,596 LBFGS        PARAM    0054          2.229785        160.981088          0.073201         18.500881
rank #0: 2017-11-27 22:43:14,971 LBFGS        PARAM    0055          2.230477        160.354626          0.085480         18.500574
rank #0: 2017-11-27 22:43:15,264 LBFGS        PARAM    0056          2.229008        161.664717          0.097433         18.500462
rank #0: 2017-11-27 22:43:15,557 LBFGS        PARAM    0057          2.229628        161.074534          0.096037         18.500291
rank #0: 2017-11-27 22:43:15,849 LBFGS        PARAM    0058          2.229684        161.010013          0.098118         18.500277
rank #0: 2017-11-27 22:43:16,143 LBFGS        PARAM    0059          2.229720        160.960476          0.104105         18.500257
rank #0: 2017-11-27 22:43:16,435 LBFGS        PARAM    0060          2.229707        160.975331          0.108760         18.500250
rank #0: 2017-11-27 22:43:16,728 LBFGS        PARAM    0061          2.229697        160.993493          0.112612         18.500247
rank #0: 2017-11-27 22:43:17,020 LBFGS        PARAM    0062          2.229698        160.996942          0.114456         18.500247
rank #0: 2017-11-27 22:43:17,312 LBFGS        PARAM    0063          2.229699        160.995972          0.115065         18.500247
rank #0: 2017-11-27 22:43:17,646 LBFGS        PARAM    0064          2.229699        160.995695          0.115109         18.500247
rank #0: 2017-11-27 22:43:18,020 LBFGS        PARAM    0065          2.229699        160.995628          0.115117         18.500247
rank #0: 2017-11-27 22:43:18,562 LBFGS        PARAM    0066          2.229699        160.995628          0.115117         18.500247
rank #0: 2017-11-27 22:43:18,980 LBFGS        PARAM    0067          2.229699        160.995604          0.115120         18.500247
rank #0: 2017-11-27 22:43:19,525 LBFGS        PARAM    0068          2.229699        160.995604          0.115120         18.500247
rank #0: 2017-11-27 22:43:20,195 LBFGS        PARAM    0069          2.229699        160.995603          0.115120         18.500247
rank #0: 2017-11-27 22:43:36,640 LBFGS        INFO     Linesearch failed in both LBFGS and gradient directions
rank #0: 2017-11-27 22:43:36,640 LBFGS        PARAM    0069          2.229699        160.995603          0.115120         18.500247
rank #0: 2017-11-27 22:43:36,640 rsdfit.lbfgs_fitter WARNING  ...LBFGS optimization finished. Time elapsed: 0:00:39.10
rank #0: 2017-11-27 22:43:36,640 rsdfit.lbfgs_fitter ERROR    nonlinear fit with method L-BFGS-B failed: Linesearch failed in both LBFGS and gradient directions
rank #0: 2017-11-27 22:43:36,640 rsdfit.fitting_driver INFO     rank 206 on nid00483     ...fitting complete
rank #0: 2017-11-27 22:43:36,818 rsdfit.fitting_driver INFO     rank 206 on nid00483     Saving the results to `/global/cscratch1/sd/nhand/eBOSS/fits/results/mocks/ezmock/v1.8e-fph/0.0001-0.05/basemodel-fnl/0.8-2.2/QSO-N-0100-P0+P2-mock-cov-b6abb0373d/2017-11-27_nlopt_69i_chain0__1.npz`
rank #0: 2017-11-27 22:43:36,841 pyRSD.analysis.lbfgs_results INFO     
minimum chi2 = 18.5002466901

Free parameters [ mean ]
_______________
b1             : 2.22969925653
f_nl           : 160.995602986
sigma_fog      : 0.115120155082

Constrained parameters [ mean ]
_________________________
b1sigma8       : 0.887577150783
