rank #0: 2018-07-16 19:42:01,579 rsdfit.fitting_driver INFO     rank 61 on nid00619     Calling the 'nlopt' solve function
rank #0: 2018-07-16 19:42:01,579 rsdfit.lbfgs_fitter INFO     running LBFGS for 500 iterations and then stopping
rank #0: 2018-07-16 19:42:01,580 rsdfit.lbfgs_fitter INFO     running LBFGS minimizer with priors
rank #0: 2018-07-16 19:42:01,580 root         INFO     Iter           N          b1        f_nl   sigma_fog   F(X)     
rank #0: 2018-07-16 19:42:02,169 LBFGS        INFO     options = {'factr': 100000.0, 'gtol': 1e-05, 'max_iter': 500, 'test_convergence': False}
rank #0: 2018-07-16 19:42:02,170 LBFGS        PARAM    0000          0.000000          2.000000          0.000000          4.000000        115.710770
rank #0: 2018-07-16 19:42:02,837 LBFGS        PARAM    0001         17.664722          2.066294          1.402772          3.982072        101.617460
rank #0: 2018-07-16 19:42:03,436 LBFGS        PARAM    0002        -36.369132          2.220517          6.445395          3.986782         88.321908
rank #0: 2018-07-16 19:42:04,019 LBFGS        PARAM    0003       -103.058626          2.231002          7.940484          4.019074         86.109659
rank #0: 2018-07-16 19:42:04,619 LBFGS        PARAM    0004       -283.314383          2.263208         13.800873          4.065962         83.595812
rank #0: 2018-07-16 19:42:05,218 LBFGS        PARAM    0005       -292.924864          2.260431         15.945653          4.021580         83.434427
rank #0: 2018-07-16 19:42:05,803 LBFGS        PARAM    0006       -369.602068          2.240162         39.571441          3.546073         82.591606
rank #0: 2018-07-16 19:42:06,403 LBFGS        PARAM    0007       -341.479303          2.230642         50.315834          3.615130         82.450763
rank #0: 2018-07-16 19:42:07,003 LBFGS        PARAM    0008       -325.310669          2.226552         53.619815          3.641936         82.437850
rank #0: 2018-07-16 19:42:07,602 LBFGS        PARAM    0009       -325.631575          2.226684         53.571039          3.641269         82.437844
rank #0: 2018-07-16 19:42:08,186 LBFGS        PARAM    0010       -325.618092          2.226678         53.565923          3.641237         82.437844
rank #0: 2018-07-16 19:42:08,787 LBFGS        PARAM    0011       -325.616369          2.226678         53.566574          3.641237         82.437844
rank #0: 2018-07-16 19:42:09,387 LBFGS        PARAM    0012       -325.616300          2.226678         53.566564          3.641237         82.437844
rank #0: 2018-07-16 19:42:35,522 LBFGS        INFO     Linesearch failed in both LBFGS and gradient directions
rank #0: 2018-07-16 19:42:35,523 LBFGS        PARAM    0012       -325.616300          2.226678         53.566564          3.641237         82.437844
rank #0: 2018-07-16 19:42:35,523 rsdfit.lbfgs_fitter WARNING  ...LBFGS optimization finished. Time elapsed: 0:00:33.35
rank #0: 2018-07-16 19:42:35,524 rsdfit.lbfgs_fitter ERROR    nonlinear fit with method L-BFGS-B failed: Linesearch failed in both LBFGS and gradient directions
rank #0: 2018-07-16 19:42:35,524 rsdfit.fitting_driver INFO     rank 61 on nid00619     ...fitting complete
rank #0: 2018-07-16 19:42:35,529 rsdfit.fitting_driver INFO     rank 61 on nid00619     Saving the results to `/global/cscratch1/sd/nhand/eBOSS/fits/results/mocks/ezmock/v1.8e-fph/0.005-0.3/basemodel-N-fnl/0.8-2.2/QSO-N-0058-P0+P2-mock-cov-8973e9cf3e/2018-07-16_nlopt_12i_chain0__1.npz`
rank #0: 2018-07-16 19:42:35,556 pyRSD.analysis.lbfgs_results INFO     
minimum chi2 = 82.437843741

Free parameters [ mean ]
_______________
N              : -325.616300194
b1             : 2.2266780468
f_nl           : 53.5665640827
sigma_fog      : 3.64123656589

Constrained parameters [ mean ]
_________________________
b1sigma8       : 0.886915281438
