rank #0: 2019-02-16 13:39:03,090 rsdfit.fitting_driver INFO     rank 52 on nid12697     Calling the 'nlopt' solve function
rank #0: 2019-02-16 13:39:03,091 rsdfit.lbfgs_fitter INFO     running LBFGS for 500 iterations and then stopping
rank #0: 2019-02-16 13:39:03,092 rsdfit.lbfgs_fitter INFO     running LBFGS minimizer with priors
rank #0: 2019-02-16 13:39:03,092 root         INFO     Iter           N          b1        f_nl   sigma_fog   F(X)     
rank #0: 2019-02-16 13:39:03,093 rsdfit.lbfgs_fitter INFO     computing gradient using numerical derivative of lnlike()
rank #0: 2019-02-16 13:39:03,660 LBFGS        INFO     options = {'factr': 100000.0, 'gtol': 1e-05, 'max_iter': 500, 'test_convergence': False}
rank #0: 2019-02-16 13:39:03,661 LBFGS        PARAM    0000          0.000000          2.000000          0.000000          4.000000        109.374800
rank #0: 2019-02-16 13:39:04,305 LBFGS        PARAM    0001         -1.534985          2.075299          0.634663          4.007491         94.882575
rank #0: 2019-02-16 13:39:04,881 LBFGS        PARAM    0002       -135.795438          2.250735          3.148346          4.133761         78.340412
rank #0: 2019-02-16 13:39:05,453 LBFGS        PARAM    0003       -251.317319          2.278484          4.012364          4.248730         73.892960
rank #0: 2019-02-16 13:39:06,024 LBFGS        PARAM    0004       -395.932323          2.296494          5.397417          4.433987         71.488162
rank #0: 2019-02-16 13:39:06,594 LBFGS        PARAM    0005       -392.439337          2.297594          5.778991          4.449950         71.463213
rank #0: 2019-02-16 13:39:07,164 LBFGS        PARAM    0006       -356.653409          2.299347          9.461150          4.604303         71.326144
rank #0: 2019-02-16 13:39:07,736 LBFGS        PARAM    0007       -343.192901          2.296390         11.516351          4.664599         71.296762
rank #0: 2019-02-16 13:39:08,308 LBFGS        PARAM    0008       -338.692875          2.293843         13.117959          4.685841         71.286102
rank #0: 2019-02-16 13:39:08,877 LBFGS        PARAM    0009       -336.649533          2.291655         14.814001          4.693991         71.278491
rank #0: 2019-02-16 13:39:09,447 LBFGS        PARAM    0010       -334.897593          2.288581         18.148390          4.697428         71.264958
rank #0: 2019-02-16 13:39:10,019 LBFGS        PARAM    0011       -333.553258          2.283742         25.454848          4.690506         71.237785
rank #0: 2019-02-16 13:39:10,595 LBFGS        PARAM    0012       -334.400064          2.279349         35.646024          4.664676         71.203640
rank #0: 2019-02-16 13:39:11,172 LBFGS        PARAM    0013       -336.791420          2.280622         41.979144          4.638639         71.181632
rank #0: 2019-02-16 13:39:11,751 LBFGS        PARAM    0014       -339.301928          2.280768         41.406618          4.620096         71.180097
rank #0: 2019-02-16 13:39:12,329 LBFGS        PARAM    0015       -340.068493          2.280974         41.055626          4.617257         71.180048
rank #0: 2019-02-16 13:39:12,905 LBFGS        PARAM    0016       -340.063494          2.280991         41.027450          4.617340         71.180048
rank #0: 2019-02-16 13:39:13,476 LBFGS        PARAM    0017       -340.062032          2.280993         41.025462          4.617353         71.180048
rank #0: 2019-02-16 13:39:14,051 LBFGS        PARAM    0018       -340.061996          2.280993         41.025461          4.617354         71.180048
rank #0: 2019-02-16 13:39:14,627 LBFGS        PARAM    0019       -340.061997          2.280993         41.025461          4.617354         71.180048
rank #0: 2019-02-16 13:39:39,415 LBFGS        INFO     Linesearch failed in both LBFGS and gradient directions
rank #0: 2019-02-16 13:39:39,416 LBFGS        PARAM    0019       -340.061997          2.280993         41.025461          4.617354         71.180048
rank #0: 2019-02-16 13:39:39,417 rsdfit.lbfgs_fitter WARNING  ...LBFGS optimization finished. Time elapsed: 0:00:35.76
rank #0: 2019-02-16 13:39:39,419 rsdfit.lbfgs_fitter ERROR    nonlinear fit with method L-BFGS-B failed: Linesearch failed in both LBFGS and gradient directions
rank #0: 2019-02-16 13:39:39,420 rsdfit.fitting_driver INFO     rank 52 on nid12697     ...fitting complete
rank #0: 2019-02-16 13:39:39,424 rsdfit.fitting_driver INFO     rank 52 on nid12697     Saving the results to `/global/cscratch1/sd/nhand/eBOSS/fits/results/mocks/ezmock/v1.8e-fph/0.005-0.3/basemodel-N-fnl/0.8-2.2/QSO-N-0755-P0+P2-mock-cov-6e34f56d69/2019-02-16_nlopt_19i_chain0__1.npz`
rank #0: 2019-02-16 13:39:39,432 pyRSD.analysis.lbfgs_results INFO     
minimum chi2 = 71.18004766363467

Free parameters [ mean ]
_______________
N              : -340.06199707675466
b1             : 2.280992950426139
f_nl           : 41.025461480463946
sigma_fog      : 4.617353505663846

Constrained parameters [ mean ]
_________________________
b1sigma8       : 0.9085496250750357
