rank #0: 2018-07-16 20:10:27,067 rsdfit.fitting_driver INFO     rank 47 on nid00653     Calling the 'nlopt' solve function
rank #0: 2018-07-16 20:10:27,068 rsdfit.lbfgs_fitter INFO     running LBFGS for 500 iterations and then stopping
rank #0: 2018-07-16 20:10:27,069 rsdfit.lbfgs_fitter INFO     running LBFGS minimizer with priors
rank #0: 2018-07-16 20:10:27,069 root         INFO     Iter           N          b1        f_nl   sigma_fog   F(X)     
rank #0: 2018-07-16 20:10:27,645 LBFGS        INFO     options = {'factr': 100000.0, 'gtol': 1e-05, 'max_iter': 500, 'test_convergence': False}
rank #0: 2018-07-16 20:10:27,646 LBFGS        PARAM    0000          0.000000          2.000000          0.000000          4.000000         97.796517
rank #0: 2018-07-16 20:10:28,307 LBFGS        PARAM    0001        -68.388464          2.081382          0.879412          4.026473         91.822960
rank #0: 2018-07-16 20:10:28,895 LBFGS        PARAM    0002       -458.008387          2.271008          4.282187          4.218773         82.605365
rank #0: 2018-07-16 20:10:29,482 LBFGS        PARAM    0003       -574.205964          2.251804          4.650922          4.257732         82.117597
rank #0: 2018-07-16 20:10:30,075 LBFGS        PARAM    0004       -545.751423          2.261941          4.810013          4.237376         81.948057
rank #0: 2018-07-16 20:10:30,669 LBFGS        PARAM    0005       -546.281047          2.262057          5.010909          4.225793         81.937572
rank #0: 2018-07-16 20:10:31,247 LBFGS        PARAM    0006       -574.353093          2.260996          8.963730          4.017376         81.822758
rank #0: 2018-07-16 20:10:31,840 LBFGS        PARAM    0007       -591.192393          2.258725         11.323466          3.951646         81.798611
rank #0: 2018-07-16 20:10:32,435 LBFGS        PARAM    0008       -601.107085          2.256778         13.479039          3.925986         81.788521
rank #0: 2018-07-16 20:10:33,028 LBFGS        PARAM    0009       -605.289622          2.255398         15.415160          3.918067         81.782297
rank #0: 2018-07-16 20:10:33,607 LBFGS        PARAM    0010       -609.972244          2.252445         20.560776          3.909525         81.767348
rank #0: 2018-07-16 20:10:34,204 LBFGS        PARAM    0011       -611.221701          2.247355         31.087391          3.905278         81.739475
rank #0: 2018-07-16 20:10:34,799 LBFGS        PARAM    0012       -602.733399          2.240979         46.602414          3.914377         81.702615
rank #0: 2018-07-16 20:10:35,379 LBFGS        PARAM    0013       -585.127830          2.239878         56.070251          3.921496         81.677218
rank #0: 2018-07-16 20:10:35,974 LBFGS        PARAM    0014       -577.487829          2.239024         55.041054          3.946512         81.675131
rank #0: 2018-07-16 20:10:36,571 LBFGS        PARAM    0015       -577.107043          2.239426         54.647282          3.951292         81.675079
rank #0: 2018-07-16 20:10:37,170 LBFGS        PARAM    0016       -577.098434          2.239419         54.631522          3.951138         81.675079
rank #0: 2018-07-16 20:10:37,754 LBFGS        PARAM    0017       -577.099596          2.239419         54.630354          3.951131         81.675079
rank #0: 2018-07-16 20:10:38,420 LBFGS        PARAM    0018       -577.099606          2.239420         54.630338          3.951131         81.675079
rank #0: 2018-07-16 20:10:39,085 LBFGS        PARAM    0019       -577.099590          2.239420         54.630329          3.951131         81.675079
rank #0: 2018-07-16 20:11:04,878 LBFGS        INFO     Linesearch failed in both LBFGS and gradient directions
rank #0: 2018-07-16 20:11:04,880 LBFGS        PARAM    0019       -577.099590          2.239420         54.630329          3.951131         81.675079
rank #0: 2018-07-16 20:11:04,881 rsdfit.lbfgs_fitter WARNING  ...LBFGS optimization finished. Time elapsed: 0:00:37.24
rank #0: 2018-07-16 20:11:04,882 rsdfit.lbfgs_fitter ERROR    nonlinear fit with method L-BFGS-B failed: Linesearch failed in both LBFGS and gradient directions
rank #0: 2018-07-16 20:11:04,883 rsdfit.fitting_driver INFO     rank 47 on nid00653     ...fitting complete
rank #0: 2018-07-16 20:11:04,887 rsdfit.fitting_driver INFO     rank 47 on nid00653     Saving the results to `/global/cscratch1/sd/nhand/eBOSS/fits/results/mocks/ezmock/v1.8e-fph/0.005-0.3/basemodel-N-fnl/0.8-2.2/QSO-S-0676-P0+P2-mock-cov-a8bcb55756/2018-07-16_nlopt_19i_chain0__1.npz`
rank #0: 2018-07-16 20:11:04,916 pyRSD.analysis.lbfgs_results INFO     
minimum chi2 = 81.6750790634

Free parameters [ mean ]
_______________
N              : -577.099589579
b1             : 2.23941952417
f_nl           : 54.6303286823
sigma_fog      : 3.95113146307

Constrained parameters [ mean ]
_________________________
b1sigma8       : 0.891990380193
