rank #0: 2018-06-03 08:59:53,964 rsdfit.fitting_driver INFO     rank 48 on nid00680     Calling the 'nlopt' solve function
rank #0: 2018-06-03 08:59:53,964 rsdfit.lbfgs_fitter INFO     running LBFGS for 500 iterations and then stopping
rank #0: 2018-06-03 08:59:53,965 rsdfit.lbfgs_fitter INFO     running LBFGS minimizer with priors
rank #0: 2018-06-03 08:59:53,965 root         INFO     Iter           N          b1        f_nl   sigma_fog   F(X)     
rank #0: 2018-06-03 08:59:54,498 LBFGS        INFO     options = {'factr': 100000.0, 'gtol': 1e-05, 'max_iter': 500, 'test_convergence': False}
rank #0: 2018-06-03 08:59:54,702 LBFGS        PARAM    0000          0.000000          2.000000          0.000000          4.000000        107.135971
rank #0: 2018-06-03 08:59:55,291 LBFGS        PARAM    0001         73.316417          2.123298          2.612828          3.934726         88.877318
rank #0: 2018-06-03 08:59:55,836 LBFGS        PARAM    0002         29.533059          2.389615         11.559839          3.815453         76.118985
rank #0: 2018-06-03 08:59:56,386 LBFGS        PARAM    0003          0.899100          2.350854         12.667603          3.843023         75.168950
rank #0: 2018-06-03 08:59:56,936 LBFGS        PARAM    0004       -108.574669          2.323965         17.613693          3.870463         74.620341
rank #0: 2018-06-03 08:59:57,487 LBFGS        PARAM    0005       -121.933976          2.348024         20.209947          3.849004         73.830958
rank #0: 2018-06-03 08:59:58,041 LBFGS        PARAM    0006       -234.989729          2.408912         32.758325          3.763115         72.668657
rank #0: 2018-06-03 08:59:58,593 LBFGS        PARAM    0007       -265.591040          2.405399         35.592087          3.690451         72.447108
rank #0: 2018-06-03 08:59:59,147 LBFGS        PARAM    0008       -350.891934          2.385820         43.753470          3.319743         71.896098
rank #0: 2018-06-03 08:59:59,701 LBFGS        PARAM    0009       -372.972092          2.378516         44.856647          3.076167         71.672939
rank #0: 2018-06-03 09:00:00,256 LBFGS        PARAM    0010       -393.398100          2.384339         39.977519          2.852024         71.539959
rank #0: 2018-06-03 09:00:00,808 LBFGS        PARAM    0011       -398.692320          2.386906         39.755350          2.833557         71.538328
rank #0: 2018-06-03 09:00:01,361 LBFGS        PARAM    0012       -399.294196          2.387071         39.583648          2.833127         71.538170
rank #0: 2018-06-03 09:00:01,912 LBFGS        PARAM    0013       -400.845838          2.387534         39.355248          2.834425         71.538030
rank #0: 2018-06-03 09:00:02,463 LBFGS        PARAM    0014       -401.039688          2.387588         39.359083          2.834813         71.538028
rank #0: 2018-06-03 09:00:03,016 LBFGS        PARAM    0015       -401.058544          2.387591         39.363710          2.834856         71.538028
rank #0: 2018-06-03 09:00:03,569 LBFGS        PARAM    0016       -401.058463          2.387591         39.364032          2.834853         71.538028
rank #0: 2018-06-03 09:00:04,117 LBFGS        PARAM    0017       -401.058492          2.387591         39.364042          2.834853         71.538028
rank #0: 2018-06-03 09:00:04,666 LBFGS        PARAM    0018       -401.058460          2.387590         39.364043          2.834853         71.538028
rank #0: 2018-06-03 09:00:05,217 LBFGS        PARAM    0019       -401.058478          2.387591         39.364042          2.834853         71.538028
rank #0: 2018-06-03 09:00:05,827 LBFGS        PARAM    0020       -401.058477          2.387591         39.364042          2.834853         71.538028
rank #0: 2018-06-03 09:00:18,956 LBFGS        PARAM    0021       -401.058479          2.387591         39.364042          2.834853         71.538028
rank #0: 2018-06-03 09:00:42,486 LBFGS        INFO     Linesearch failed in both LBFGS and gradient directions
rank #0: 2018-06-03 09:00:42,487 LBFGS        PARAM    0021       -401.058479          2.387591         39.364042          2.834853         71.538028
rank #0: 2018-06-03 09:00:42,488 rsdfit.lbfgs_fitter WARNING  ...LBFGS optimization finished. Time elapsed: 0:00:47.99
rank #0: 2018-06-03 09:00:42,488 rsdfit.lbfgs_fitter ERROR    nonlinear fit with method L-BFGS-B failed: Linesearch failed in both LBFGS and gradient directions
rank #0: 2018-06-03 09:00:42,489 rsdfit.fitting_driver INFO     rank 48 on nid00680     ...fitting complete
rank #0: 2018-06-03 09:00:42,493 rsdfit.fitting_driver INFO     rank 48 on nid00680     Saving the results to `/global/cscratch1/sd/nhand/eBOSS/fits/results/mocks/ezmock/v1.8e-fph/0.0001-0.3/basemodel-N-fnl/0.8-2.2/QSO-S-0493-P0+P2-mock-cov-1ab4f6001f/2018-06-03_nlopt_21i_chain0__1.npz`
rank #0: 2018-06-03 09:00:42,514 pyRSD.analysis.lbfgs_results INFO     
minimum chi2 = 71.5380276038

Free parameters [ mean ]
_______________
N              : -401.058478712
b1             : 2.38759050327
f_nl           : 39.3640422766
sigma_fog      : 2.83485308974

Constrained parameters [ mean ]
_________________________
b1sigma8       : 0.895072602366
