rank #0: 2017-11-27 21:39:23,135 rsdfit.fitting_driver INFO     rank 146 on nid00531     Calling the 'nlopt' solve function
rank #0: 2017-11-27 21:39:23,135 rsdfit.lbfgs_fitter INFO     running LBFGS for 500 iterations and then stopping
rank #0: 2017-11-27 21:39:23,135 rsdfit.lbfgs_fitter INFO     running LBFGS minimizer with priors
rank #0: 2017-11-27 21:39:23,136 root         INFO     Iter           N          b1           f    sigma8_z   sigma_fog   F(X)     
rank #0: 2017-11-27 21:39:23,761 LBFGS        INFO     options = {'factr': 100000.0, 'gtol': 1e-05, 'max_iter': 500, 'test_convergence': False}
rank #0: 2017-11-27 21:39:23,761 LBFGS        PARAM    0000          0.000000          2.000000          0.930924          0.397985          4.000000         92.326442
rank #0: 2017-11-27 21:39:24,455 LBFGS        PARAM    0001          0.317087          2.003260          0.931132          0.400353          3.998028         89.841549
rank #0: 2017-11-27 21:39:25,092 LBFGS        PARAM    0002        -13.867589          2.075324          0.936917          0.450404          3.932563         71.124667
rank #0: 2017-11-27 21:39:25,731 LBFGS        PARAM    0003        -19.963885          2.050607          0.935850          0.436047          3.938625         68.482553
rank #0: 2017-11-27 21:39:26,366 LBFGS        PARAM    0004        -28.231824          2.052725          0.936619          0.438699          3.925825         68.215857
rank #0: 2017-11-27 21:39:27,002 LBFGS        PARAM    0005        -51.959597          2.051376          0.938358          0.441611          3.893379         67.872047
rank #0: 2017-11-27 21:39:27,639 LBFGS        PARAM    0006       -130.913285          2.040758          0.943758          0.447496          3.788370         67.017217
rank #0: 2017-11-27 21:39:28,276 LBFGS        PARAM    0007       -296.431265          2.011675          0.954631          0.455852          3.569763         65.571295
rank #0: 2017-11-27 21:39:28,912 LBFGS        PARAM    0008       -500.219089          1.966791          0.966992          0.462337          3.289499         64.137060
rank #0: 2017-11-27 21:39:29,550 LBFGS        PARAM    0009       -558.279300          1.949452          0.969011          0.461542          3.182744         63.739680
rank #0: 2017-11-27 21:39:30,187 LBFGS        PARAM    0010       -548.677435          1.949553          0.967676          0.459810          3.181910         63.695783
rank #0: 2017-11-27 21:39:30,824 LBFGS        PARAM    0011       -542.152407          1.950930          0.966974          0.459210          3.183754         63.689376
rank #0: 2017-11-27 21:39:31,463 LBFGS        PARAM    0012       -532.265635          1.954199          0.965510          0.458138          3.175465         63.673734
rank #0: 2017-11-27 21:39:32,104 LBFGS        PARAM    0013       -516.441237          1.962818          0.961916          0.455816          3.130516         63.633439
rank #0: 2017-11-27 21:39:32,742 LBFGS        PARAM    0014       -505.809530          1.977503          0.956219          0.452628          3.027496         63.569670
rank #0: 2017-11-27 21:39:33,380 LBFGS        PARAM    0015       -523.275380          2.008382          0.945190          0.447459          2.863197         63.458669
rank #0: 2017-11-27 21:39:34,018 LBFGS        PARAM    0016       -589.045504          2.075036          0.921524          0.437528          2.621380         63.301645
rank #0: 2017-11-27 21:39:34,658 LBFGS        PARAM    0017       -639.410561          2.102871          0.909004          0.435242          2.537483         63.251510
rank #0: 2017-11-27 21:39:35,297 LBFGS        PARAM    0018       -647.029960          2.109110          0.906510          0.434434          2.531003         63.248066
rank #0: 2017-11-27 21:39:35,937 LBFGS        PARAM    0019       -648.514413          2.113334          0.905111          0.433721          2.545962         63.245929
rank #0: 2017-11-27 21:39:36,577 LBFGS        PARAM    0020       -648.233799          2.112438          0.905432          0.433893          2.551248         63.245882
rank #0: 2017-11-27 21:39:37,215 LBFGS        PARAM    0021       -648.230871          2.112098          0.905557          0.433944          2.552352         63.245879
rank #0: 2017-11-27 21:39:37,854 LBFGS        PARAM    0022       -648.244630          2.112044          0.905577          0.433951          2.552428         63.245879
rank #0: 2017-11-27 21:39:38,494 LBFGS        PARAM    0023       -648.246662          2.112044          0.905577          0.433951          2.552418         63.245879
rank #0: 2017-11-27 21:39:39,309 LBFGS        PARAM    0024       -648.246666          2.112044          0.905577          0.433951          2.552418         63.245879
rank #0: 2017-11-27 21:39:52,365 LBFGS        PARAM    0025       -648.246666          2.112044          0.905577          0.433951          2.552418         63.245879
rank #0: 2017-11-27 21:39:53,007 LBFGS        PARAM    0026       -648.246667          2.112045          0.905577          0.433951          2.552418         63.245879
rank #0: 2017-11-27 21:39:53,649 LBFGS        PARAM    0027       -648.246679          2.112045          0.905577          0.433951          2.552418         63.245879
rank #0: 2017-11-27 21:39:54,345 LBFGS        PARAM    0028       -648.246913          2.112045          0.905577          0.433950          2.552418         63.245879
rank #0: 2017-11-27 21:39:55,282 LBFGS        PARAM    0029       -648.246937          2.112045          0.905577          0.433950          2.552418         63.245879
rank #0: 2017-11-27 21:39:56,335 LBFGS        PARAM    0030       -648.246950          2.112045          0.905578          0.433950          2.552418         63.245879
rank #0: 2017-11-27 21:39:56,336 LBFGS        INFO     LBFGS iteration 30: the descent direction does not have a sufficient projection (cos(theta)=-1.70e-01, theta=99.7883) into the gradient; using steepest descent at this step!
rank #0: 2017-11-27 21:39:57,037 LBFGS        PARAM    0031       -648.246956          2.112045          0.905578          0.433950          2.552418         63.245879
rank #0: 2017-11-27 21:39:57,736 LBFGS        PARAM    0032       -648.246956          2.112045          0.905578          0.433950          2.552418         63.245879
rank #0: 2017-11-27 21:39:58,730 LBFGS        PARAM    0033       -648.246956          2.112045          0.905578          0.433950          2.552418         63.245879
rank #0: 2017-11-27 21:40:11,708 LBFGS        PARAM    0034       -648.246957          2.112045          0.905578          0.433950          2.552418         63.245879
rank #0: 2017-11-27 21:40:35,142 LBFGS        INFO     Linesearch failed in both LBFGS and gradient directions
rank #0: 2017-11-27 21:40:35,143 LBFGS        PARAM    0034       -648.246957          2.112045          0.905578          0.433950          2.552418         63.245879
rank #0: 2017-11-27 21:40:35,143 rsdfit.lbfgs_fitter WARNING  ...LBFGS optimization finished. Time elapsed: 0:01:11.38
rank #0: 2017-11-27 21:40:35,144 rsdfit.lbfgs_fitter ERROR    nonlinear fit with method L-BFGS-B failed: Linesearch failed in both LBFGS and gradient directions
rank #0: 2017-11-27 21:40:35,144 rsdfit.fitting_driver INFO     rank 146 on nid00531     ...fitting complete
rank #0: 2017-11-27 21:40:35,203 rsdfit.fitting_driver INFO     rank 146 on nid00531     Saving the results to `/global/cscratch1/sd/nhand/eBOSS/fits/results/mocks/ezmock/v1.8e-fph/0.0001-0.3/basemodel-fs8-N/0.8-2.2/QSO-S-0038-P0+P2-mock-cov-5d97c0eb2d/2017-11-27_nlopt_34i_chain0__1.npz`
rank #0: 2017-11-27 21:40:35,226 pyRSD.analysis.lbfgs_results INFO     
minimum chi2 = 63.2458790315

Free parameters [ mean ]
_______________
N              : -648.246957017
b1             : 2.11204505363
f              : 0.905577507042
sigma8_z       : 0.433950443773
sigma_fog      : 2.55241794835

Constrained parameters [ mean ]
_________________________
b1sigma8       : 0.916522888291
fsigma8        : 0.392975761052
