rank #0: 2018-06-24 13:41:18,245 rsdfit.fitting_driver INFO     rank 21 on nid00565     Calling the 'nlopt' solve function
rank #0: 2018-06-24 13:41:18,246 rsdfit.lbfgs_fitter INFO     running LBFGS for 500 iterations and then stopping
rank #0: 2018-06-24 13:41:18,246 rsdfit.lbfgs_fitter INFO     running LBFGS minimizer with priors
rank #0: 2018-06-24 13:41:18,247 root         INFO     Iter           N          b1        f_nl   sigma_fog   F(X)     
rank #0: 2018-06-24 13:41:18,825 LBFGS        INFO     options = {'factr': 100000.0, 'gtol': 1e-05, 'max_iter': 500, 'test_convergence': False}
rank #0: 2018-06-24 13:41:18,826 LBFGS        PARAM    0000          0.000000          2.000000          0.000000          4.000000        144.795737
rank #0: 2018-06-24 13:41:19,487 LBFGS        PARAM    0001         64.657863          2.162608          1.578529          3.998145        112.153820
rank #0: 2018-06-24 13:41:20,066 LBFGS        PARAM    0002        -37.749623          2.506220          9.030457          4.213850         86.262412
rank #0: 2018-06-24 13:41:20,662 LBFGS        PARAM    0003       -171.625738          2.514099         11.035119          4.397003         79.029055
rank #0: 2018-06-24 13:41:21,258 LBFGS        PARAM    0004       -473.113112          2.601178         19.112525          4.880388         72.952444
rank #0: 2018-06-24 13:41:21,844 LBFGS        PARAM    0005       -433.858230          2.583182         23.185661          4.969410         72.369249
rank #0: 2018-06-24 13:41:22,434 LBFGS        PARAM    0006       -254.535629          2.537079         49.893062          5.550718         70.411614
rank #0: 2018-06-24 13:41:23,031 LBFGS        PARAM    0007       -179.863534          2.532989         75.982712          5.928208         69.515018
rank #0: 2018-06-24 13:41:23,628 LBFGS        PARAM    0008       -163.949905          2.532558        102.368734          6.085270         69.011353
rank #0: 2018-06-24 13:41:24,207 LBFGS        PARAM    0009       -170.443080          2.525359        124.953317          6.052635         68.671174
rank #0: 2018-06-24 13:41:24,803 LBFGS        PARAM    0010       -194.286613          2.503791        153.190416          5.821167         68.259093
rank #0: 2018-06-24 13:41:25,399 LBFGS        PARAM    0011       -210.806639          2.478782        163.039030          5.567789         68.108023
rank #0: 2018-06-24 13:41:25,987 LBFGS        PARAM    0012       -216.636415          2.483944        161.120589          5.555680         68.100724
rank #0: 2018-06-24 13:41:26,575 LBFGS        PARAM    0013       -217.942590          2.484513        160.733227          5.549978         68.100593
rank #0: 2018-06-24 13:41:27,168 LBFGS        PARAM    0014       -217.974864          2.484531        160.690698          5.549870         68.100593
rank #0: 2018-06-24 13:41:27,764 LBFGS        PARAM    0015       -217.974120          2.484531        160.686403          5.549877         68.100593
rank #0: 2018-06-24 13:41:28,343 LBFGS        PARAM    0016       -217.974036          2.484531        160.686405          5.549877         68.100593
rank #0: 2018-06-24 13:41:28,938 LBFGS        PARAM    0017       -217.974040          2.484531        160.686407          5.549877         68.100593
rank #0: 2018-06-24 13:41:29,597 LBFGS        PARAM    0018       -217.974041          2.484531        160.686407          5.549877         68.100593
rank #0: 2018-06-24 13:41:54,836 LBFGS        INFO     Linesearch failed in both LBFGS and gradient directions
rank #0: 2018-06-24 13:41:54,837 LBFGS        PARAM    0018       -217.974041          2.484531        160.686407          5.549877         68.100593
rank #0: 2018-06-24 13:41:54,837 rsdfit.lbfgs_fitter WARNING  ...LBFGS optimization finished. Time elapsed: 0:00:36.01
rank #0: 2018-06-24 13:41:54,838 rsdfit.lbfgs_fitter ERROR    nonlinear fit with method L-BFGS-B failed: Linesearch failed in both LBFGS and gradient directions
rank #0: 2018-06-24 13:41:54,839 rsdfit.fitting_driver INFO     rank 21 on nid00565     ...fitting complete
rank #0: 2018-06-24 13:41:54,842 rsdfit.fitting_driver INFO     rank 21 on nid00565     Saving the results to `/global/cscratch1/sd/nhand/eBOSS/fits/results/mocks/ezmock/v1.8e-fph/0.005-0.3/basemodel-N-fnl/0.8-2.2/QSO-N-0306-P0+P2-mock-cov-f224d44da7/2018-06-24_nlopt_18i_chain0__1.npz`
rank #0: 2018-06-24 13:41:54,869 pyRSD.analysis.lbfgs_results INFO     
minimum chi2 = 68.1005927251

Free parameters [ mean ]
_______________
N              : -217.974040597
b1             : 2.48453105509
f_nl           : 160.686407131
sigma_fog      : 5.54987706123

Constrained parameters [ mean ]
_________________________
b1sigma8       : 0.899980398904
