rank #0: 2017-11-27 22:38:17,585 rsdfit.fitting_driver INFO     rank 50 on nid00493     Calling the 'nlopt' solve function
rank #0: 2017-11-27 22:38:17,585 rsdfit.lbfgs_fitter INFO     running LBFGS for 500 iterations and then stopping
rank #0: 2017-11-27 22:38:17,585 rsdfit.lbfgs_fitter INFO     running LBFGS minimizer with priors
rank #0: 2017-11-27 22:38:17,585 root         INFO     Iter           N          b1        f_nl   sigma_fog   F(X)     
rank #0: 2017-11-27 22:38:17,956 LBFGS        INFO     options = {'factr': 100000.0, 'gtol': 1e-05, 'max_iter': 500, 'test_convergence': False}
rank #0: 2017-11-27 22:38:17,957 LBFGS        PARAM    0000          0.000000          2.000000          0.000000          4.000000         43.054056
rank #0: 2017-11-27 22:38:18,368 LBFGS        PARAM    0001         23.380235          2.146250          2.065286          3.990742         35.393878
rank #0: 2017-11-27 22:38:18,737 LBFGS        PARAM    0002         -8.782566          2.463764         12.280276          3.966237         30.826852
rank #0: 2017-11-27 22:38:19,106 LBFGS        PARAM    0003         -6.289878          2.369068          9.649002          3.972363         30.131383
rank #0: 2017-11-27 22:38:19,475 LBFGS        PARAM    0004         -9.869643          2.381445         10.900374          3.970270         30.104541
rank #0: 2017-11-27 22:38:19,843 LBFGS        PARAM    0005        -14.989689          2.384156         12.434779          3.968078         30.093487
rank #0: 2017-11-27 22:38:20,211 LBFGS        PARAM    0006        -58.916910          2.392847         25.456172          3.949990         30.020073
rank #0: 2017-11-27 22:38:20,581 LBFGS        PARAM    0007       -156.848988          2.396093         54.346914          3.910275         29.947343
rank #0: 2017-11-27 22:38:20,952 LBFGS        PARAM    0008       -149.643639          2.383601         51.460800          3.912722         29.842198
rank #0: 2017-11-27 22:38:21,322 LBFGS        PARAM    0009       -218.659775          2.342591         69.141080          3.882738         29.685168
rank #0: 2017-11-27 22:38:21,693 LBFGS        PARAM    0010       -223.453081          2.341636         69.374222          3.878455         29.684290
rank #0: 2017-11-27 22:38:22,064 LBFGS        PARAM    0011       -253.633251          2.339239         69.951809          3.849388         29.679953
rank #0: 2017-11-27 22:38:22,436 LBFGS        PARAM    0012       -322.998019          2.337892         70.451872          3.780592         29.671302
rank #0: 2017-11-27 22:38:22,809 LBFGS        PARAM    0013       -531.306780          2.339976         70.620787          3.570897         29.647306
rank #0: 2017-11-27 22:38:23,186 LBFGS        PARAM    0014      -1024.474444          2.353542         69.258100          3.070559         29.593914
rank #0: 2017-11-27 22:38:23,563 LBFGS        PARAM    0015      -2059.080349          2.394054         64.176921          2.016857         29.488322
rank #0: 2017-11-27 22:38:23,940 LBFGS        PARAM    0016      -3599.596440          2.469354         54.912863          0.449515         29.337011
rank #0: 2017-11-27 22:38:24,315 LBFGS        PARAM    0017      -3600.179459          2.469390         54.908678          0.449039         29.336925
rank #0: 2017-11-27 22:38:24,688 LBFGS        PARAM    0018      -3601.067913          2.469449         54.901483          0.448364         29.336765
rank #0: 2017-11-27 22:38:25,061 LBFGS        PARAM    0019      -3602.027776          2.469518         54.892763          0.447690         29.336556
rank #0: 2017-11-27 22:38:25,435 LBFGS        PARAM    0020      -3602.993282          2.469587         54.884009          0.447009         29.336353
rank #0: 2017-11-27 22:38:25,809 LBFGS        PARAM    0021      -3603.959171          2.469656         54.875352          0.446334         29.336149
rank #0: 2017-11-27 22:38:26,183 LBFGS        PARAM    0022      -3604.916292          2.469721         54.867221          0.445639         29.335968
rank #0: 2017-11-27 22:38:26,558 LBFGS        PARAM    0023      -3605.866102          2.469787         54.858986          0.444976         29.335775
rank #0: 2017-11-27 22:38:26,933 LBFGS        PARAM    0024      -3606.844429          2.469858         54.849944          0.444320         29.335562
rank #0: 2017-11-27 22:38:27,307 LBFGS        PARAM    0025      -3607.810821          2.469924         54.841670          0.443639         29.335377
rank #0: 2017-11-27 22:38:27,681 LBFGS        PARAM    0026      -3608.786936          2.469995         54.832826          0.442996         29.335165
rank #0: 2017-11-27 22:38:28,054 LBFGS        PARAM    0027      -3609.770122          2.470065         54.823757          0.442349         29.334955
rank #0: 2017-11-27 22:38:28,426 LBFGS        PARAM    0028      -3610.741905          2.470131         54.815632          0.441671         29.334773
rank #0: 2017-11-27 22:38:28,800 LBFGS        PARAM    0029      -3611.727595          2.470203         54.806515          0.441046         29.334555
rank #0: 2017-11-27 22:38:29,173 LBFGS        PARAM    0030      -3612.704952          2.470271         54.797989          0.440390         29.334363
rank #0: 2017-11-27 22:38:29,544 LBFGS        PARAM    0031      -3613.680151          2.470341         54.789236          0.439766         29.334158
rank #0: 2017-11-27 22:38:29,915 LBFGS        PARAM    0032      -3614.654087          2.470409         54.780655          0.439128         29.333963
rank #0: 2017-11-27 22:38:30,286 LBFGS        PARAM    0033      -3615.619203          2.470475         54.772418          0.438487         29.333778
rank #0: 2017-11-27 22:38:30,660 LBFGS        PARAM    0034      -3616.578268          2.470541         54.764180          0.437861         29.333591
rank #0: 2017-11-27 22:38:31,034 LBFGS        PARAM    0035      -3617.567176          2.470613         54.755124          0.437260         29.333378
rank #0: 2017-11-27 22:38:31,408 LBFGS        PARAM    0036      -3618.552816          2.470682         54.746305          0.436642         29.333177
rank #0: 2017-11-27 22:38:31,782 LBFGS        PARAM    0037      -3619.535778          2.470752         54.737566          0.436039         29.332974
rank #0: 2017-11-27 22:38:32,155 LBFGS        PARAM    0038      -3620.532739          2.470824         54.728401          0.435446         29.332760
rank #0: 2017-11-27 22:38:32,528 LBFGS        PARAM    0039      -3621.517646          2.470893         54.719767          0.434830         29.332566
rank #0: 2017-11-27 22:38:32,902 LBFGS        PARAM    0040      -3622.487549          2.470958         54.711668          0.434209         29.332386
rank #0: 2017-11-27 22:38:33,277 LBFGS        PARAM    0041      -3623.447239          2.471024         54.703457          0.433604         29.332204
rank #0: 2017-11-27 22:38:33,651 LBFGS        PARAM    0042      -3624.421394          2.471093         54.694901          0.433024         29.332007
rank #0: 2017-11-27 22:38:34,025 LBFGS        PARAM    0043      -3625.405042          2.471159         54.686582          0.432404         29.331826
rank #0: 2017-11-27 22:38:34,400 LBFGS        PARAM    0044      -3626.405488          2.471232         54.677442          0.431850         29.331608
rank #0: 2017-11-27 22:38:34,774 LBFGS        PARAM    0045      -3627.402546          2.471302         54.668607          0.431258         29.331411
rank #0: 2017-11-27 22:38:35,148 LBFGS        PARAM    0046      -3628.380889          2.471369         54.660347          0.430664         29.331227
rank #0: 2017-11-27 22:38:35,523 LBFGS        PARAM    0047      -3629.349906          2.471436         54.651971          0.430094         29.331038
rank #0: 2017-11-27 22:38:35,898 LBFGS        PARAM    0048      -3630.332078          2.471505         54.643289          0.429532         29.330842
rank #0: 2017-11-27 22:38:36,274 LBFGS        PARAM    0049      -3631.316106          2.471573         54.634805          0.428957         29.330653
rank #0: 2017-11-27 22:38:36,647 LBFGS        PARAM    0050      -3632.294352          2.471641         54.626277          0.428399         29.330460
rank #0: 2017-11-27 22:38:37,020 LBFGS        PARAM    0051      -3633.276829          2.471708         54.617912          0.427822         29.330277
rank #0: 2017-11-27 22:38:37,395 LBFGS        PARAM    0052      -3634.256643          2.471777         54.609279          0.427282         29.330080
rank #0: 2017-11-27 22:38:37,770 LBFGS        PARAM    0053      -3635.261236          2.471849         54.600141          0.426752         29.329870
rank #0: 2017-11-27 22:38:38,145 LBFGS        PARAM    0054      -3636.271809          2.471917         54.591681          0.426157         29.329688
rank #0: 2017-11-27 22:38:38,519 LBFGS        PARAM    0055      -3637.236325          2.471983         54.583482          0.425613         29.329505
rank #0: 2017-11-27 22:38:38,895 LBFGS        PARAM    0056      -3638.225479          2.472054         54.574638          0.425094         29.329303
rank #0: 2017-11-27 22:38:39,269 LBFGS        PARAM    0057      -3639.223041          2.472123         54.565851          0.424559         29.329107
rank #0: 2017-11-27 22:38:39,642 LBFGS        PARAM    0058      -3640.215618          2.472193         54.557114          0.424034         29.328910
rank #0: 2017-11-27 22:38:40,014 LBFGS        PARAM    0059      -3641.207114          2.472262         54.548470          0.423502         29.328718
rank #0: 2017-11-27 22:38:40,387 LBFGS        PARAM    0060      -3642.194612          2.472329         54.540164          0.422952         29.328536
rank #0: 2017-11-27 22:38:40,761 LBFGS        PARAM    0061      -3643.178640          2.472394         54.532106          0.422384         29.328365
rank #0: 2017-11-27 22:38:41,136 LBFGS        PARAM    0062      -3644.135408          2.472459         54.524149          0.421860         29.328190
rank #0: 2017-11-27 22:38:41,512 LBFGS        PARAM    0063      -3645.155327          2.472534         54.514579          0.421391         29.327969
rank #0: 2017-11-27 22:38:41,887 LBFGS        PARAM    0064      -3646.180105          2.472604         54.505810          0.420848         29.327777
rank #0: 2017-11-27 22:38:42,265 LBFGS        PARAM    0065      -3647.160493          2.472672         54.497421          0.420334         29.327592
rank #0: 2017-11-27 22:38:42,642 LBFGS        PARAM    0066      -3648.143213          2.472739         54.489047          0.419820         29.327409
rank #0: 2017-11-27 22:38:43,018 LBFGS        PARAM    0067      -3649.124650          2.472806         54.480713          0.419306         29.327227
rank #0: 2017-11-27 22:38:43,393 LBFGS        PARAM    0068      -3650.104157          2.472873         54.472393          0.418798         29.327045
rank #0: 2017-11-27 22:38:43,768 LBFGS        PARAM    0069      -3651.084402          2.472941         54.463973          0.418305         29.326860
rank #0: 2017-11-27 22:38:44,144 LBFGS        PARAM    0070      -3652.072178          2.473009         54.455489          0.417806         29.326675
rank #0: 2017-11-27 22:38:44,520 LBFGS        PARAM    0071      -3653.064161          2.473078         54.446746          0.417338         29.326478
rank #0: 2017-11-27 22:38:44,898 LBFGS        PARAM    0072      -3654.071344          2.473150         54.437762          0.416871         29.326277
rank #0: 2017-11-27 22:38:45,275 LBFGS        PARAM    0073      -3655.085374          2.473218         54.429229          0.416350         29.326094
rank #0: 2017-11-27 22:38:45,653 LBFGS        PARAM    0074      -3656.065439          2.473287         54.420684          0.415893         29.325902
rank #0: 2017-11-27 22:38:46,030 LBFGS        PARAM    0075      -3657.082600          2.473355         54.412147          0.415367         29.325722
rank #0: 2017-11-27 22:38:46,407 LBFGS        PARAM    0076      -3658.052159          2.473421         54.404156          0.414875         29.325550
rank #0: 2017-11-27 22:38:46,782 LBFGS        PARAM    0077      -3659.022917          2.473487         54.395847          0.414409         29.325368
rank #0: 2017-11-27 22:38:47,155 LBFGS        PARAM    0078      -3660.016230          2.473554         54.387545          0.413914         29.325191
rank #0: 2017-11-27 22:38:47,530 LBFGS        PARAM    0079      -3661.023113          2.473627         54.378375          0.413504         29.324980
rank #0: 2017-11-27 22:38:47,904 LBFGS        PARAM    0080      -3662.051753          2.473698         54.369434          0.413025         29.324787
rank #0: 2017-11-27 22:38:48,278 LBFGS        PARAM    0081      -3663.062135          2.473765         54.361154          0.412517         29.324612
rank #0: 2017-11-27 22:38:48,652 LBFGS        PARAM    0082      -3664.026395          2.473831         54.353109          0.412048         29.324440
rank #0: 2017-11-27 22:38:49,024 LBFGS        PARAM    0083      -3664.998458          2.473897         54.344782          0.411602         29.324259
rank #0: 2017-11-27 22:38:49,397 LBFGS        PARAM    0084      -3666.008254          2.473965         54.336528          0.411102         29.324085
rank #0: 2017-11-27 22:38:49,771 LBFGS        PARAM    0085      -3666.969427          2.474031         54.328268          0.410674         29.323904
rank #0: 2017-11-27 22:38:50,146 LBFGS        PARAM    0086      -3667.965651          2.474099         54.319806          0.410217         29.323723
rank #0: 2017-11-27 22:38:50,521 LBFGS        PARAM    0087      -3668.952971          2.474168         54.311136          0.409807         29.323530
rank #0: 2017-11-27 22:38:50,897 LBFGS        PARAM    0088      -3669.973330          2.474238         54.302443          0.409338         29.323346
rank #0: 2017-11-27 22:38:51,273 LBFGS        PARAM    0089      -3670.997372          2.474305         54.294327          0.408826         29.323177
rank #0: 2017-11-27 22:38:51,647 LBFGS        PARAM    0090      -3671.955715          2.474373         54.285758          0.408447         29.322987
rank #0: 2017-11-27 22:38:52,021 LBFGS        PARAM    0091      -3672.977246          2.474443         54.276983          0.408007         29.322797
rank #0: 2017-11-27 22:38:52,395 LBFGS        PARAM    0092      -3673.967957          2.474511         54.268541          0.407580         29.322614
rank #0: 2017-11-27 22:38:52,770 LBFGS        PARAM    0093      -3675.043495          2.474581         54.259889          0.407049         29.322438
rank #0: 2017-11-27 22:38:53,143 LBFGS        PARAM    0094      -3675.977799          2.474646         54.251825          0.406673         29.322259
rank #0: 2017-11-27 22:38:53,519 LBFGS        PARAM    0095      -3676.989325          2.474716         54.243127          0.406244         29.322074
rank #0: 2017-11-27 22:38:53,895 LBFGS        PARAM    0096      -3677.996019          2.474783         54.234808          0.405794         29.321898
rank #0: 2017-11-27 22:38:54,270 LBFGS        PARAM    0097      -3678.959171          2.474849         54.226563          0.405391         29.321722
rank #0: 2017-11-27 22:38:54,644 LBFGS        PARAM    0098      -3679.952016          2.474917         54.218226          0.404967         29.321543
rank #0: 2017-11-27 22:38:55,019 LBFGS        PARAM    0099      -3680.943794          2.474984         54.209970          0.404534         29.321369
rank #0: 2017-11-27 22:38:55,394 LBFGS        PARAM    0100      -3681.921488          2.475049         54.201815          0.404109         29.321199
rank #0: 2017-11-27 22:38:55,769 LBFGS        PARAM    0101      -3682.884489          2.475116         54.193495          0.403742         29.321015
rank #0: 2017-11-27 22:38:56,140 LBFGS        PARAM    0102      -3683.890845          2.475186         54.184748          0.403348         29.320828
rank #0: 2017-11-27 22:38:56,510 LBFGS        PARAM    0103      -3684.914999          2.475255         54.176266          0.402908         29.320650
rank #0: 2017-11-27 22:38:56,880 LBFGS        PARAM    0104      -3685.891546          2.475320         54.168200          0.402490         29.320481
rank #0: 2017-11-27 22:38:57,246 LBFGS        PARAM    0105      -3686.864111          2.475385         54.160148          0.402077         29.320313
rank #0: 2017-11-27 22:38:57,618 LBFGS        PARAM    0106      -3687.827950          2.475451         54.152090          0.401684         29.320142
rank #0: 2017-11-27 22:38:57,989 LBFGS        PARAM    0107      -3688.809580          2.475517         54.143829          0.401284         29.319969
rank #0: 2017-11-27 22:38:58,359 LBFGS        PARAM    0108      -3689.784079          2.475583         54.135639          0.400897         29.319795
rank #0: 2017-11-27 22:38:58,731 LBFGS        PARAM    0109      -3690.800379          2.475651         54.127312          0.400462         29.319623
rank #0: 2017-11-27 22:38:59,103 LBFGS        PARAM    0110      -3691.744587          2.475715         54.119333          0.400103         29.319452
rank #0: 2017-11-27 22:38:59,475 LBFGS        PARAM    0111      -3692.728053          2.475783         54.110955          0.399740         29.319271
rank #0: 2017-11-27 22:38:59,847 LBFGS        PARAM    0112      -3693.721494          2.475851         54.102483          0.399370         29.319091
rank #0: 2017-11-27 22:39:00,215 LBFGS        PARAM    0113      -3694.718803          2.475919         54.094035          0.398984         29.318914
rank #0: 2017-11-27 22:39:00,586 LBFGS        PARAM    0114      -3695.722480          2.475986         54.085614          0.398571         29.318745
rank #0: 2017-11-27 22:39:00,957 LBFGS        PARAM    0115      -3696.686174          2.476053         54.077452          0.398238         29.318563
rank #0: 2017-11-27 22:39:01,328 LBFGS        PARAM    0116      -3697.724494          2.476122         54.068725          0.397813         29.318389
rank #0: 2017-11-27 22:39:01,697 LBFGS        PARAM    0117      -3698.667418          2.476186         54.060826          0.397457         29.318219
rank #0: 2017-11-27 22:39:02,069 LBFGS        PARAM    0118      -3699.654639          2.476253         54.052499          0.397075         29.318046
rank #0: 2017-11-27 22:39:02,441 LBFGS        PARAM    0119      -3700.658049          2.476320         54.044012          0.396675         29.317877
rank #0: 2017-11-27 22:39:02,813 LBFGS        PARAM    0120      -3701.613383          2.476384         54.035949          0.396298         29.317715
rank #0: 2017-11-27 22:39:03,185 LBFGS        PARAM    0121      -3702.560806          2.476448         54.027962          0.395933         29.317552
rank #0: 2017-11-27 22:39:03,557 LBFGS        PARAM    0122      -3703.500491          2.476512         54.020053          0.395589         29.317382
rank #0: 2017-11-27 22:39:03,931 LBFGS        PARAM    0123      -3704.508534          2.476580         54.011516          0.395205         29.317208
rank #0: 2017-11-27 22:39:04,305 LBFGS        PARAM    0124      -3705.494848          2.476646         54.003145          0.394823         29.317042
rank #0: 2017-11-27 22:39:04,678 LBFGS        PARAM    0125      -3706.434898          2.476709         53.995202          0.394471         29.316878
rank #0: 2017-11-27 22:39:05,053 LBFGS        PARAM    0126      -3707.450675          2.476777         53.986603          0.394076         29.316710
rank #0: 2017-11-27 22:39:05,427 LBFGS        PARAM    0127      -3708.381031          2.476839         53.978778          0.393727         29.316550
rank #0: 2017-11-27 22:39:05,802 LBFGS        PARAM    0128      -3709.331588          2.476903         53.970771          0.393375         29.316386
rank #0: 2017-11-27 22:39:06,179 LBFGS        PARAM    0129      -3710.263641          2.476967         53.962924          0.393046         29.316218
rank #0: 2017-11-27 22:39:06,553 LBFGS        PARAM    0130      -3711.309843          2.477037         53.954058          0.392651         29.316043
rank #0: 2017-11-27 22:39:06,928 LBFGS        PARAM    0131      -3712.240361          2.477100         53.946212          0.392311         29.315883
rank #0: 2017-11-27 22:39:07,303 LBFGS        PARAM    0132      -3713.188171          2.477164         53.938206          0.391970         29.315718
rank #0: 2017-11-27 22:39:07,678 LBFGS        PARAM    0133      -3714.269180          2.477235         53.929060          0.391553         29.315545
rank #0: 2017-11-27 22:39:08,053 LBFGS        PARAM    0134      -3715.189896          2.477296         53.921359          0.391209         29.315391
rank #0: 2017-11-27 22:39:08,428 LBFGS        PARAM    0135      -3716.118689          2.477358         53.913605          0.390871         29.315233
rank #0: 2017-11-27 22:39:08,803 LBFGS        PARAM    0136      -3717.057157          2.477422         53.905751          0.390536         29.315072
rank #0: 2017-11-27 22:39:09,177 LBFGS        PARAM    0137      -3718.062298          2.477488         53.897297          0.390167         29.314906
rank #0: 2017-11-27 22:39:09,551 LBFGS        PARAM    0138      -3718.991923          2.477550         53.889508          0.389834         29.314749
rank #0: 2017-11-27 22:39:09,924 LBFGS        PARAM    0139      -3719.976063          2.477616         53.881234          0.389475         29.314589
rank #0: 2017-11-27 22:39:10,298 LBFGS        PARAM    0140      -3720.938459          2.477679         53.873158          0.389124         29.314433
rank #0: 2017-11-27 22:39:10,672 LBFGS        PARAM    0141      -3721.840222          2.477740         53.865716          0.388815         29.314275
rank #0: 2017-11-27 22:39:11,045 LBFGS        PARAM    0142      -3722.858701          2.477808         53.857224          0.388452         29.314106
rank #0: 2017-11-27 22:39:11,418 LBFGS        PARAM    0143      -3723.812274          2.477871         53.849262          0.388114         29.313949
rank #0: 2017-11-27 22:39:11,792 LBFGS        PARAM    0144      -3724.727191          2.477933         53.841656          0.387799         29.313794
rank #0: 2017-11-27 22:39:12,168 LBFGS        PARAM    0145      -3725.676536          2.477996         53.833725          0.387475         29.313633
rank #0: 2017-11-27 22:39:12,543 LBFGS        PARAM    0146      -3726.616376          2.478059         53.825860          0.387158         29.313473
rank #0: 2017-11-27 22:39:12,918 LBFGS        PARAM    0147      -3727.551701          2.478123         53.818018          0.386850         29.313312
rank #0: 2017-11-27 22:39:13,293 LBFGS        PARAM    0148      -3728.695775          2.478198         53.808391          0.386444         29.313132
rank #0: 2017-11-27 22:39:13,667 LBFGS        PARAM    0149      -3729.611646          2.478258         53.800773          0.386126         29.312983
rank #0: 2017-11-27 22:39:14,042 LBFGS        PARAM    0150      -3730.520679          2.478319         53.793254          0.385821         29.312830
rank #0: 2017-11-27 22:39:14,419 LBFGS        PARAM    0151      -3731.523202          2.478385         53.784907          0.385475         29.312669
rank #0: 2017-11-27 22:39:14,794 LBFGS        PARAM    0152      -3732.440569          2.478446         53.777308          0.385166         29.312519
rank #0: 2017-11-27 22:39:15,171 LBFGS        PARAM    0153      -3733.324492          2.478506         53.770078          0.384884         29.312362
rank #0: 2017-11-27 22:39:15,547 LBFGS        PARAM    0154      -3734.292737          2.478572         53.762050          0.384572         29.312195
rank #0: 2017-11-27 22:39:15,923 LBFGS        PARAM    0155      -3735.242163          2.478636         53.754127          0.384266         29.312034
rank #0: 2017-11-27 22:39:16,300 LBFGS        PARAM    0156      -3736.283914          2.478704         53.745372          0.383919         29.311868
rank #0: 2017-11-27 22:39:16,677 LBFGS        PARAM    0157      -3737.241032          2.478767         53.737353          0.383600         29.311717
rank #0: 2017-11-27 22:39:17,053 LBFGS        PARAM    0158      -3738.115989          2.478826         53.730185          0.383323         29.311565
rank #0: 2017-11-27 22:39:17,429 LBFGS        PARAM    0159      -3739.089946          2.478891         53.722112          0.383012         29.311402
rank #0: 2017-11-27 22:39:17,803 LBFGS        PARAM    0160      -3740.081796          2.478957         53.713845          0.382688         29.311243
rank #0: 2017-11-27 22:39:18,179 LBFGS        PARAM    0161      -3741.020798          2.479019         53.706039          0.382384         29.311093
rank #0: 2017-11-27 22:39:18,552 LBFGS        PARAM    0162      -3741.924630          2.479079         53.698573          0.382099         29.310943
rank #0: 2017-11-27 22:39:18,926 LBFGS        PARAM    0163      -3742.877137          2.479142         53.690655          0.381802         29.310787
rank #0: 2017-11-27 22:39:19,298 LBFGS        PARAM    0164      -3743.795825          2.479204         53.683037          0.381520         29.310633
rank #0: 2017-11-27 22:39:19,672 LBFGS        PARAM    0165      -3744.737858          2.479267         53.675198          0.381233         29.310477
rank #0: 2017-11-27 22:39:20,045 LBFGS        PARAM    0166      -3745.710950          2.479331         53.667069          0.380934         29.310320
rank #0: 2017-11-27 22:39:20,418 LBFGS        PARAM    0167      -3746.657288          2.479394         53.659177          0.380644         29.310169
rank #0: 2017-11-27 22:39:20,794 LBFGS        PARAM    0168      -3747.558816          2.479454         53.651725          0.380377         29.310019
rank #0: 2017-11-27 22:39:21,170 LBFGS        PARAM    0169      -3748.516891          2.479518         53.643767          0.380092         29.309862
rank #0: 2017-11-27 22:39:21,545 LBFGS        PARAM    0170      -3749.468703          2.479581         53.635845          0.379809         29.309709
rank #0: 2017-11-27 22:39:21,920 LBFGS        PARAM    0171      -3750.467427          2.479646         53.627512          0.379508         29.309554
rank #0: 2017-11-27 22:39:22,294 LBFGS        PARAM    0172      -3751.381501          2.479706         53.619953          0.379238         29.309409
rank #0: 2017-11-27 22:39:22,668 LBFGS        PARAM    0173      -3752.277554          2.479766         53.612614          0.378982         29.309260
rank #0: 2017-11-27 22:39:23,045 LBFGS        PARAM    0174      -3753.361163          2.479837         53.603656          0.378659         29.309093
rank #0: 2017-11-27 22:39:23,423 LBFGS        PARAM    0175      -3754.306968          2.479898         53.595867          0.378378         29.308947
rank #0: 2017-11-27 22:39:23,800 LBFGS        PARAM    0176      -3755.170470          2.479957         53.588934          0.378136         29.308796
rank #0: 2017-11-27 22:39:24,174 LBFGS        PARAM    0177      -3756.136815          2.480022         53.581047          0.377863         29.308634
rank #0: 2017-11-27 22:39:24,548 LBFGS        PARAM    0178      -3757.134709          2.480088         53.572825          0.377575         29.308476
rank #0: 2017-11-27 22:39:24,923 LBFGS        PARAM    0179      -3758.013773          2.480147         53.565658          0.377326         29.308329
rank #0: 2017-11-27 22:39:25,297 LBFGS        PARAM    0180      -3758.939702          2.480209         53.558061          0.377067         29.308176
rank #0: 2017-11-27 22:39:25,671 LBFGS        PARAM    0181      -3759.941569          2.480274         53.549794          0.376779         29.308019
rank #0: 2017-11-27 22:39:26,046 LBFGS        PARAM    0182      -3760.836468          2.480334         53.542464          0.376528         29.307873
rank #0: 2017-11-27 22:39:26,423 LBFGS        PARAM    0183      -3761.852693          2.480400         53.534081          0.376237         29.307717
rank #0: 2017-11-27 22:39:26,797 LBFGS        PARAM    0184      -3762.764862          2.480460         53.526604          0.375979         29.307574
rank #0: 2017-11-27 22:39:27,173 LBFGS        PARAM    0185      -3763.716413          2.480522         53.518802          0.375711         29.307428
rank #0: 2017-11-27 22:39:27,549 LBFGS        PARAM    0186      -3764.615000          2.480581         53.511492          0.375462         29.307286
rank #0: 2017-11-27 22:39:27,924 LBFGS        PARAM    0187      -3765.527430          2.480641         53.504072          0.375212         29.307141
rank #0: 2017-11-27 22:39:28,301 LBFGS        PARAM    0188      -3766.465551          2.480703         53.496424          0.374956         29.306994
rank #0: 2017-11-27 22:39:28,678 LBFGS        PARAM    0189      -3767.352209          2.480762         53.489229          0.374723         29.306847
rank #0: 2017-11-27 22:39:29,054 LBFGS        PARAM    0190      -3768.357396          2.480828         53.480976          0.374455         29.306689
rank #0: 2017-11-27 22:39:29,431 LBFGS        PARAM    0191      -3769.262227          2.480888         53.473581          0.374217         29.306544
rank #0: 2017-11-27 22:39:29,807 LBFGS        PARAM    0192      -3770.161785          2.480948         53.466247          0.373984         29.306397
rank #0: 2017-11-27 22:39:30,182 LBFGS        PARAM    0193      -3771.138786          2.481012         53.458259          0.373722         29.306245
rank #0: 2017-11-27 22:39:30,554 LBFGS        PARAM    0194      -3772.039406          2.481072         53.450935          0.373484         29.306103
rank #0: 2017-11-27 22:39:30,928 LBFGS        PARAM    0195      -3773.034171          2.481136         53.442808          0.373216         29.305954
rank #0: 2017-11-27 22:39:31,301 LBFGS        PARAM    0196      -3773.942202          2.481195         53.435442          0.372974         29.305815
rank #0: 2017-11-27 22:39:31,674 LBFGS        PARAM    0197      -3774.830175          2.481254         53.428296          0.372741         29.305674
rank #0: 2017-11-27 22:39:32,049 LBFGS        PARAM    0198      -3775.759309          2.481315         53.420800          0.372498         29.305530
rank #0: 2017-11-27 22:39:32,422 LBFGS        PARAM    0199      -3776.720487          2.481377         53.413033          0.372242         29.305386
rank #0: 2017-11-27 22:39:32,795 LBFGS        PARAM    0200      -3777.602684          2.481435         53.405964          0.372013         29.305247
rank #0: 2017-11-27 22:39:33,168 LBFGS        PARAM    0201      -3778.503479          2.481494         53.398745          0.371781         29.305105
rank #0: 2017-11-27 22:39:33,540 LBFGS        PARAM    0202      -3779.408471          2.481554         53.391485          0.371549         29.304962
rank #0: 2017-11-27 22:39:33,916 LBFGS        PARAM    0203      -3780.425864          2.481619         53.383281          0.371279         29.304812
rank #0: 2017-11-27 22:39:34,291 LBFGS        PARAM    0204      -3781.285691          2.481677         53.376424          0.371061         29.304673
rank #0: 2017-11-27 22:39:34,666 LBFGS        PARAM    0205      -3782.221783          2.481738         53.368920          0.370821         29.304526
rank #0: 2017-11-27 22:39:35,042 LBFGS        PARAM    0206      -3783.082375          2.481796         53.362050          0.370606         29.304381
rank #0: 2017-11-27 22:39:35,418 LBFGS        PARAM    0207      -3784.055273          2.481860         53.354203          0.370358         29.304228
rank #0: 2017-11-27 22:39:35,793 LBFGS        PARAM    0208      -3784.979979          2.481921         53.346732          0.370121         29.304084
rank #0: 2017-11-27 22:39:36,167 LBFGS        PARAM    0209      -3785.977603          2.481985         53.338666          0.369858         29.303939
rank #0: 2017-11-27 22:39:36,541 LBFGS        PARAM    0210      -3786.830743          2.482041         53.331851          0.369638         29.303806
rank #0: 2017-11-27 22:39:36,917 LBFGS        PARAM    0211      -3787.721966          2.482100         53.324732          0.369409         29.303666
rank #0: 2017-11-27 22:39:37,290 LBFGS        PARAM    0212      -3788.626315          2.482159         53.317493          0.369178         29.303525
rank #0: 2017-11-27 22:39:37,665 LBFGS        PARAM    0213      -3789.500116          2.482217         53.310512          0.368956         29.303385
rank #0: 2017-11-27 22:39:38,040 LBFGS        PARAM    0214      -3790.521102          2.482283         53.302293          0.368689         29.303234
rank #0: 2017-11-27 22:39:38,416 LBFGS        PARAM    0215      -3791.378233          2.482339         53.295451          0.368467         29.303102
rank #0: 2017-11-27 22:39:38,791 LBFGS        PARAM    0216      -3792.262384          2.482397         53.288401          0.368239         29.302964
rank #0: 2017-11-27 22:39:39,165 LBFGS        PARAM    0217      -3793.266161          2.482462         53.280355          0.367976         29.302817
rank #0: 2017-11-27 22:39:39,537 LBFGS        PARAM    0218      -3794.100488          2.482517         53.273754          0.367764         29.302682
rank #0: 2017-11-27 22:39:39,910 LBFGS        PARAM    0219      -3795.017324          2.482578         53.266445          0.367529         29.302539
rank #0: 2017-11-27 22:39:40,283 LBFGS        PARAM    0220      -3795.956490          2.482639         53.258927          0.367284         29.302398
rank #0: 2017-11-27 22:39:40,657 LBFGS        PARAM    0221      -3796.861293          2.482697         53.251696          0.367048         29.302263
rank #0: 2017-11-27 22:39:41,031 LBFGS        PARAM    0222      -3797.683814          2.482752         53.245195          0.366839         29.302128
rank #0: 2017-11-27 22:39:41,404 LBFGS        PARAM    0223      -3798.840323          2.482827         53.235922          0.366533         29.301957
rank #0: 2017-11-27 22:39:41,775 LBFGS        PARAM    0224      -3799.678081          2.482882         53.229267          0.366315         29.301826
rank #0: 2017-11-27 22:39:42,147 LBFGS        PARAM    0225      -3800.566401          2.482940         53.222193          0.366085         29.301688
rank #0: 2017-11-27 22:39:42,518 LBFGS        PARAM    0226      -3801.417154          2.482997         53.215424          0.365867         29.301551
rank #0: 2017-11-27 22:39:42,888 LBFGS        PARAM    0227      -3802.308618          2.483056         53.208296          0.365638         29.301410
rank #0: 2017-11-27 22:39:43,258 LBFGS        PARAM    0228      -3803.276168          2.483119         53.200517          0.365386         29.301266
rank #0: 2017-11-27 22:39:43,627 LBFGS        PARAM    0229      -3804.143989          2.483175         53.193568          0.365161         29.301134
rank #0: 2017-11-27 22:39:43,997 LBFGS        PARAM    0230      -3805.059204          2.483235         53.186237          0.364922         29.300999
rank #0: 2017-11-27 22:39:44,367 LBFGS        PARAM    0231      -3805.891037          2.483289         53.179627          0.364709         29.300869
rank #0: 2017-11-27 22:39:44,736 LBFGS        PARAM    0232      -3806.779565          2.483348         53.172541          0.364480         29.300732
rank #0: 2017-11-27 22:39:45,107 LBFGS        PARAM    0233      -3807.687180          2.483407         53.165287          0.364245         29.300596
rank #0: 2017-11-27 22:39:45,477 LBFGS        PARAM    0234      -3808.550416          2.483463         53.158407          0.364023         29.300464
rank #0: 2017-11-27 22:39:45,846 LBFGS        PARAM    0235      -3809.410727          2.483519         53.151556          0.363802         29.300332
rank #0: 2017-11-27 22:39:46,217 LBFGS        PARAM    0236      -3810.283908          2.483577         53.144597          0.363579         29.300198
rank #0: 2017-11-27 22:39:46,587 LBFGS        PARAM    0237      -3811.158497          2.483634         53.137619          0.363355         29.300064
rank #0: 2017-11-27 22:39:46,957 LBFGS        PARAM    0238      -3812.052785          2.483692         53.130475          0.363125         29.299930
rank #0: 2017-11-27 22:39:47,325 LBFGS        PARAM    0239      -3812.880761          2.483747         53.123897          0.362917         29.299798
rank #0: 2017-11-27 22:39:47,694 LBFGS        PARAM    0240      -3813.787817          2.483807         53.116648          0.362686         29.299659
rank #0: 2017-11-27 22:39:48,065 LBFGS        PARAM    0241      -3814.690931          2.483865         53.109421          0.362455         29.299524
rank #0: 2017-11-27 22:39:48,433 LBFGS        PARAM    0242      -3815.525300          2.483920         53.102775          0.362245         29.299393
rank #0: 2017-11-27 22:39:48,801 LBFGS        PARAM    0243      -3816.426455          2.483979         53.095571          0.362016         29.299257
rank #0: 2017-11-27 22:39:49,169 LBFGS        PARAM    0244      -3817.286834          2.484035         53.088701          0.361798         29.299127
rank #0: 2017-11-27 22:39:49,538 LBFGS        PARAM    0245      -3818.231409          2.484096         53.081140          0.361556         29.298990
rank #0: 2017-11-27 22:39:49,906 LBFGS        PARAM    0246      -3819.069816          2.484151         53.074478          0.361343         29.298865
rank #0: 2017-11-27 22:39:50,273 LBFGS        PARAM    0247      -3819.887198          2.484205         53.068012          0.361138         29.298736
rank #0: 2017-11-27 22:39:50,641 LBFGS        PARAM    0248      -3820.762920          2.484262         53.061047          0.360917         29.298601
rank #0: 2017-11-27 22:39:51,008 LBFGS        PARAM    0249      -3821.638690          2.484319         53.054064          0.360694         29.298469
rank #0: 2017-11-27 22:39:51,376 LBFGS        PARAM    0250      -3822.513680          2.484376         53.047088          0.360472         29.298338
rank #0: 2017-11-27 22:39:51,743 LBFGS        PARAM    0251      -3823.351690          2.484431         53.040424          0.360261         29.298209
rank #0: 2017-11-27 22:39:52,111 LBFGS        PARAM    0252      -3824.292902          2.484492         53.032911          0.360020         29.298073
rank #0: 2017-11-27 22:39:52,479 LBFGS        PARAM    0253      -3825.101303          2.484545         53.026500          0.359816         29.297948
rank #0: 2017-11-27 22:39:52,847 LBFGS        PARAM    0254      -3825.946934          2.484601         53.019783          0.359604         29.297817
rank #0: 2017-11-27 22:39:53,215 LBFGS        PARAM    0255      -3826.917691          2.484663         53.012022          0.359356         29.297677
rank #0: 2017-11-27 22:39:53,581 LBFGS        PARAM    0256      -3827.738486          2.484717         53.005513          0.359149         29.297552
rank #0: 2017-11-27 22:39:53,949 LBFGS        PARAM    0257      -3828.590798          2.484773         52.998745          0.358935         29.297422
rank #0: 2017-11-27 22:39:54,317 LBFGS        PARAM    0258      -3829.554720          2.484835         52.991062          0.358690         29.297284
rank #0: 2017-11-27 22:39:54,685 LBFGS        PARAM    0259      -3830.349686          2.484887         52.984790          0.358492         29.297160
rank #0: 2017-11-27 22:39:55,054 LBFGS        PARAM    0260      -3831.285650          2.484948         52.977349          0.358254         29.297022
rank #0: 2017-11-27 22:39:55,423 LBFGS        PARAM    0261      -3832.105439          2.485002         52.970861          0.358049         29.296897
rank #0: 2017-11-27 22:39:55,791 LBFGS        PARAM    0262      -3832.931101          2.485056         52.964321          0.357843         29.296769
rank #0: 2017-11-27 22:39:56,158 LBFGS        PARAM    0263      -3833.798621          2.485113         52.957418          0.357625         29.296637
rank #0: 2017-11-27 22:39:56,526 LBFGS        PARAM    0264      -3834.616746          2.485167         52.950912          0.357422         29.296509
rank #0: 2017-11-27 22:39:56,894 LBFGS        PARAM    0265      -3835.535962          2.485227         52.943558          0.357191         29.296373
rank #0: 2017-11-27 22:39:57,261 LBFGS        PARAM    0266      -3836.417989          2.485284         52.936506          0.356969         29.296246
rank #0: 2017-11-27 22:39:57,629 LBFGS        PARAM    0267      -3837.210110          2.485336         52.930234          0.356772         29.296122
rank #0: 2017-11-27 22:39:57,996 LBFGS        PARAM    0268      -3838.154308          2.485397         52.922707          0.356536         29.295984
rank #0: 2017-11-27 22:39:58,363 LBFGS        PARAM    0269      -3838.976672          2.485451         52.916176          0.356331         29.295861
rank #0: 2017-11-27 22:39:58,731 LBFGS        PARAM    0270      -3839.814467          2.485506         52.909521          0.356122         29.295735
rank #0: 2017-11-27 22:39:59,098 LBFGS        PARAM    0271      -3840.647076          2.485560         52.902908          0.355915         29.295609
rank #0: 2017-11-27 22:39:59,465 LBFGS        PARAM    0272      -3841.458033          2.485614         52.896471          0.355714         29.295483
rank #0: 2017-11-27 22:39:59,833 LBFGS        PARAM    0273      -3842.300215          2.485670         52.889764          0.355506         29.295353
rank #0: 2017-11-27 22:40:00,202 LBFGS        PARAM    0274      -3843.246765          2.485730         52.882186          0.355270         29.295218
rank #0: 2017-11-27 22:40:00,569 LBFGS        PARAM    0275      -3844.144086          2.485787         52.875025          0.355045         29.295094
rank #0: 2017-11-27 22:40:00,938 LBFGS        PARAM    0276      -3844.938630          2.485839         52.868745          0.354847         29.294978
rank #0: 2017-11-27 22:40:01,306 LBFGS        PARAM    0277      -3845.733964          2.485891         52.862478          0.354649         29.294856
rank #0: 2017-11-27 22:40:01,672 LBFGS        PARAM    0278      -3846.615432          2.485948         52.855494          0.354430         29.294727
rank #0: 2017-11-27 22:40:02,039 LBFGS        PARAM    0279      -3847.390195          2.486000         52.849387          0.354238         29.294604
rank #0: 2017-11-27 22:40:02,407 LBFGS        PARAM    0280      -3848.311607          2.486060         52.842059          0.354009         29.294467
rank #0: 2017-11-27 22:40:02,776 LBFGS        PARAM    0281      -3849.153386          2.486115         52.835364          0.353799         29.294344
rank #0: 2017-11-27 22:40:03,143 LBFGS        PARAM    0282      -3849.942740          2.486167         52.829112          0.353604         29.294222
rank #0: 2017-11-27 22:40:03,512 LBFGS        PARAM    0283      -3850.769012          2.486221         52.822542          0.353399         29.294095
rank #0: 2017-11-27 22:40:03,879 LBFGS        PARAM    0284      -3851.718618          2.486282         52.814954          0.353163         29.293960
rank #0: 2017-11-27 22:40:04,247 LBFGS        PARAM    0285      -3852.487238          2.486334         52.808873          0.352972         29.293838
rank #0: 2017-11-27 22:40:04,614 LBFGS        PARAM    0286      -3853.476459          2.486397         52.800985          0.352726         29.293696
rank #0: 2017-11-27 22:40:04,981 LBFGS        PARAM    0287      -3854.300336          2.486451         52.794440          0.352521         29.293577
rank #0: 2017-11-27 22:40:05,349 LBFGS        PARAM    0288      -3855.053932          2.486501         52.788491          0.352334         29.293455
rank #0: 2017-11-27 22:40:05,717 LBFGS        PARAM    0289      -3855.857601          2.486555         52.782097          0.352135         29.293324
rank #0: 2017-11-27 22:40:06,086 LBFGS        PARAM    0290      -3856.707610          2.486612         52.775281          0.351924         29.293192
rank #0: 2017-11-27 22:40:06,454 LBFGS        PARAM    0291      -3857.511540          2.486665         52.768821          0.351725         29.293066
rank #0: 2017-11-27 22:40:06,822 LBFGS        PARAM    0292      -3858.593117          2.486735         52.760084          0.351457         29.292913
rank #0: 2017-11-27 22:40:07,191 LBFGS        PARAM    0293      -3859.393386          2.486787         52.753668          0.351259         29.292796
rank #0: 2017-11-27 22:40:07,559 LBFGS        PARAM    0294      -3860.174680          2.486838         52.747428          0.351066         29.292678
rank #0: 2017-11-27 22:40:07,928 LBFGS        PARAM    0295      -3861.089362          2.486897         52.740101          0.350839         29.292547
rank #0: 2017-11-27 22:40:08,297 LBFGS        PARAM    0296      -3861.825098          2.486947         52.734255          0.350657         29.292428
rank #0: 2017-11-27 22:40:08,665 LBFGS        PARAM    0297      -3862.681629          2.487004         52.727401          0.350444         29.292295
rank #0: 2017-11-27 22:40:09,033 LBFGS        PARAM    0298      -3863.586972          2.487063         52.720134          0.350220         29.292162
rank #0: 2017-11-27 22:40:09,399 LBFGS        PARAM    0299      -3864.373502          2.487114         52.713835          0.350025         29.292044
rank #0: 2017-11-27 22:40:09,765 LBFGS        PARAM    0300      -3865.178751          2.487167         52.707385          0.349826         29.291922
rank #0: 2017-11-27 22:40:10,130 LBFGS        PARAM    0301      -3866.000903          2.487221         52.700797          0.349624         29.291799
rank #0: 2017-11-27 22:40:10,498 LBFGS        PARAM    0302      -3866.755107          2.487271         52.694760          0.349437         29.291680
rank #0: 2017-11-27 22:40:10,866 LBFGS        PARAM    0303      -3867.762075          2.487337         52.686659          0.349188         29.291535
rank #0: 2017-11-27 22:40:11,232 LBFGS        PARAM    0304      -3868.581888          2.487390         52.680094          0.348985         29.291418
rank #0: 2017-11-27 22:40:11,599 LBFGS        PARAM    0305      -3869.351433          2.487440         52.673955          0.348795         29.291303
rank #0: 2017-11-27 22:40:11,966 LBFGS        PARAM    0306      -3870.160992          2.487493         52.667497          0.348595         29.291183
rank #0: 2017-11-27 22:40:12,332 LBFGS        PARAM    0307      -3870.971675          2.487546         52.661029          0.348395         29.291063
rank #0: 2017-11-27 22:40:12,698 LBFGS        PARAM    0308      -3871.788490          2.487599         52.654516          0.348194         29.290944
rank #0: 2017-11-27 22:40:13,064 LBFGS        PARAM    0309      -3872.566993          2.487650         52.648318          0.348003         29.290827
rank #0: 2017-11-27 22:40:13,430 LBFGS        PARAM    0310      -3873.429258          2.487706         52.641442          0.347791         29.290702
rank #0: 2017-11-27 22:40:13,795 LBFGS        PARAM    0311      -3874.276888          2.487760         52.634696          0.347583         29.290583
rank #0: 2017-11-27 22:40:14,162 LBFGS        PARAM    0312      -3874.988085          2.487808         52.629066          0.347408         29.290468
rank #0: 2017-11-27 22:40:14,529 LBFGS        PARAM    0313      -3875.865429          2.487866         52.622072          0.347192         29.290334
rank #0: 2017-11-27 22:40:14,896 LBFGS        PARAM    0314      -3876.661161          2.487919         52.615712          0.346996         29.290213
rank #0: 2017-11-27 22:40:15,263 LBFGS        PARAM    0315      -3877.528034          2.487975         52.608774          0.346783         29.290088
rank #0: 2017-11-27 22:40:15,629 LBFGS        PARAM    0316      -3878.465732          2.488035         52.601280          0.346553         29.289959
rank #0: 2017-11-27 22:40:15,996 LBFGS        PARAM    0317      -3879.179506          2.488083         52.595625          0.346378         29.289848
rank #0: 2017-11-27 22:40:16,362 LBFGS        PARAM    0318      -3879.984614          2.488136         52.589213          0.346181         29.289724
rank #0: 2017-11-27 22:40:16,729 LBFGS        PARAM    0319      -3880.840428          2.488192         52.582373          0.345972         29.289598
rank #0: 2017-11-27 22:40:17,096 LBFGS        PARAM    0320      -3881.594063          2.488242         52.576358          0.345787         29.289482
rank #0: 2017-11-27 22:40:17,462 LBFGS        PARAM    0321      -3882.673494          2.488311         52.567715          0.345523         29.289332
rank #0: 2017-11-27 22:40:17,828 LBFGS        PARAM    0322      -3883.361844          2.488357         52.562236          0.345354         29.289224
rank #0: 2017-11-27 22:40:18,193 LBFGS        PARAM    0323      -3884.243205          2.488415         52.555185          0.345136         29.289094
rank #0: 2017-11-27 22:40:18,559 LBFGS        PARAM    0324      -3885.136664          2.488472         52.548038          0.344916         29.288969
rank #0: 2017-11-27 22:40:18,925 LBFGS        PARAM    0325      -3885.844527          2.488519         52.542406          0.344742         29.288859
rank #0: 2017-11-27 22:40:19,291 LBFGS        PARAM    0326      -3886.630895          2.488571         52.536125          0.344549         29.288738
rank #0: 2017-11-27 22:40:19,657 LBFGS        PARAM    0327      -3887.524997          2.488630         52.528961          0.344329         29.288609
rank #0: 2017-11-27 22:40:20,023 LBFGS        PARAM    0328      -3888.281951          2.488679         52.522912          0.344144         29.288496
rank #0: 2017-11-27 22:40:20,389 LBFGS        PARAM    0329      -3889.048586          2.488730         52.516780          0.343956         29.288380
rank #0: 2017-11-27 22:40:20,756 LBFGS        PARAM    0330      -3889.909026          2.488786         52.509886          0.343745         29.288256
rank #0: 2017-11-27 22:40:21,122 LBFGS        PARAM    0331      -3890.696378          2.488837         52.503594          0.343553         29.288142
rank #0: 2017-11-27 22:40:21,487 LBFGS        PARAM    0332      -3891.440147          2.488886         52.497665          0.343371         29.288031
rank #0: 2017-11-27 22:40:21,854 LBFGS        PARAM    0333      -3892.301246          2.488942         52.490788          0.343161         29.287908
rank #0: 2017-11-27 22:40:22,222 LBFGS        PARAM    0334      -3893.086852          2.488993         52.484532          0.342969         29.287796
rank #0: 2017-11-27 22:40:22,587 LBFGS        PARAM    0335      -3893.871893          2.489043         52.478291          0.342778         29.287683
rank #0: 2017-11-27 22:40:22,952 LBFGS        PARAM    0336      -3894.612789          2.489092         52.472414          0.342597         29.287574
rank #0: 2017-11-27 22:40:23,319 LBFGS        PARAM    0337      -3895.457347          2.489147         52.465704          0.342392         29.287453
rank #0: 2017-11-27 22:40:23,685 LBFGS        PARAM    0338      -3896.213120          2.489196         52.459712          0.342208         29.287343
rank #0: 2017-11-27 22:40:24,050 LBFGS        PARAM    0339      -3897.056168          2.489250         52.453022          0.342004         29.287224
rank #0: 2017-11-27 22:40:24,418 LBFGS        PARAM    0340      -3897.795644          2.489299         52.447175          0.341825         29.287116
rank #0: 2017-11-27 22:40:24,784 LBFGS        PARAM    0341      -3898.535691          2.489347         52.441321          0.341646         29.287004
rank #0: 2017-11-27 22:40:25,151 LBFGS        PARAM    0342      -3899.278453          2.489397         52.435427          0.341467         29.286890
rank #0: 2017-11-27 22:40:25,517 LBFGS        PARAM    0343      -3900.118125          2.489452         52.428735          0.341264         29.286767
rank #0: 2017-11-27 22:40:25,882 LBFGS        PARAM    0344      -3900.906720          2.489503         52.422450          0.341074         29.286653
rank #0: 2017-11-27 22:40:26,247 LBFGS        PARAM    0345      -3901.696485          2.489555         52.416158          0.340884         29.286539
rank #0: 2017-11-27 22:40:26,610 LBFGS        PARAM    0346      -3902.479071          2.489605         52.409931          0.340695         29.286427
rank #0: 2017-11-27 22:40:26,975 LBFGS        PARAM    0347      -3903.429108          2.489666         52.402375          0.340466         29.286300
rank #0: 2017-11-27 22:40:27,340 LBFGS        PARAM    0348      -3904.126176          2.489711         52.396880          0.340299         29.286198
rank #0: 2017-11-27 22:40:27,705 LBFGS        PARAM    0349      -3904.901331          2.489762         52.390761          0.340113         29.286085
rank #0: 2017-11-27 22:40:28,070 LBFGS        PARAM    0350      -3905.680464          2.489812         52.384605          0.339926         29.285973
rank #0: 2017-11-27 22:40:28,434 LBFGS        PARAM    0351      -3906.452515          2.489863         52.378504          0.339741         29.285862
rank #0: 2017-11-27 22:40:28,799 LBFGS        PARAM    0352      -3907.206363          2.489912         52.372548          0.339561         29.285752
rank #0: 2017-11-27 22:40:29,163 LBFGS        PARAM    0353      -3907.974130          2.489962         52.366475          0.339378         29.285641
rank #0: 2017-11-27 22:40:29,528 LBFGS        PARAM    0354      -3908.718765          2.490011         52.360583          0.339200         29.285531
rank #0: 2017-11-27 22:40:29,894 LBFGS        PARAM    0355      -3909.566203          2.490066         52.353859          0.338998         29.285412
rank #0: 2017-11-27 22:40:30,259 LBFGS        PARAM    0356      -3910.312632          2.490114         52.347953          0.338820         29.285305
rank #0: 2017-11-27 22:40:30,622 LBFGS        PARAM    0357      -3911.069737          2.490163         52.341967          0.338640         29.285196
rank #0: 2017-11-27 22:40:30,985 LBFGS        PARAM    0358      -3911.818153          2.490212         52.336047          0.338462         29.285086
rank #0: 2017-11-27 22:40:31,350 LBFGS        PARAM    0359      -3912.595382          2.490263         52.329889          0.338278         29.284974
rank #0: 2017-11-27 22:40:31,713 LBFGS        PARAM    0360      -3913.396941          2.490315         52.323535          0.338087         29.284861
rank #0: 2017-11-27 22:40:32,077 LBFGS        PARAM    0361      -3914.178333          2.490365         52.317352          0.337902         29.284752
rank #0: 2017-11-27 22:40:32,442 LBFGS        PARAM    0362      -3915.014139          2.490418         52.310751          0.337704         29.284639
rank #0: 2017-11-27 22:40:32,806 LBFGS        PARAM    0363      -3915.687517          2.490463         52.305473          0.337545         29.284537
rank #0: 2017-11-27 22:40:33,170 LBFGS        PARAM    0364      -3916.482022          2.490515         52.299213          0.337358         29.284421
rank #0: 2017-11-27 22:40:33,535 LBFGS        PARAM    0365      -3917.274554          2.490567         52.292951          0.337171         29.284307
rank #0: 2017-11-27 22:40:33,899 LBFGS        PARAM    0366      -3918.005405          2.490615         52.287178          0.336999         29.284200
rank #0: 2017-11-27 22:40:34,262 LBFGS        PARAM    0367      -3918.764036          2.490664         52.281175          0.336820         29.284089
rank #0: 2017-11-27 22:40:34,627 LBFGS        PARAM    0368      -3919.576948          2.490717         52.274729          0.336629         29.283975
rank #0: 2017-11-27 22:40:34,992 LBFGS        PARAM    0369      -3920.381113          2.490768         52.268360          0.336439         29.283865
rank #0: 2017-11-27 22:40:35,357 LBFGS        PARAM    0370      -3921.114052          2.490816         52.262580          0.336267         29.283761
rank #0: 2017-11-27 22:40:35,720 LBFGS        PARAM    0371      -3921.812618          2.490862         52.257078          0.336104         29.283657
rank #0: 2017-11-27 22:40:36,085 LBFGS        PARAM    0372      -3922.562586          2.490911         52.251150          0.335929         29.283546
rank #0: 2017-11-27 22:40:36,450 LBFGS        PARAM    0373      -3923.339340          2.490962         52.244993          0.335747         29.283433
rank #0: 2017-11-27 22:40:36,815 LBFGS        PARAM    0374      -3924.045283          2.491009         52.239394          0.335583         29.283326
rank #0: 2017-11-27 22:40:37,180 LBFGS        PARAM    0375      -3925.135202          2.491079         52.230707          0.335328         29.283177
rank #0: 2017-11-27 22:40:37,545 LBFGS        PARAM    0376      -3925.838047          2.491125         52.225138          0.335164         29.283077
rank #0: 2017-11-27 22:40:37,909 LBFGS        PARAM    0377      -3926.561575          2.491172         52.219406          0.334995         29.282971
rank #0: 2017-11-27 22:40:38,275 LBFGS        PARAM    0378      -3927.319003          2.491222         52.213395          0.334819         29.282862
rank #0: 2017-11-27 22:40:38,640 LBFGS        PARAM    0379      -3928.076415          2.491271         52.207382          0.334643         29.282753
rank #0: 2017-11-27 22:40:39,006 LBFGS        PARAM    0380      -3928.829713          2.491320         52.201401          0.334468         29.282645
rank #0: 2017-11-27 22:40:39,371 LBFGS        PARAM    0381      -3929.556873          2.491368         52.195630          0.334299         29.282540
rank #0: 2017-11-27 22:40:39,736 LBFGS        PARAM    0382      -3930.428310          2.491424         52.188703          0.334097         29.282420
rank #0: 2017-11-27 22:40:40,101 LBFGS        PARAM    0383      -3931.116562          2.491469         52.183261          0.333938         29.282320
rank #0: 2017-11-27 22:40:40,465 LBFGS        PARAM    0384      -3931.954140          2.491523         52.176623          0.333744         29.282204
rank #0: 2017-11-27 22:40:40,831 LBFGS        PARAM    0385      -3932.647036          2.491568         52.171150          0.333584         29.282104
rank #0: 2017-11-27 22:40:41,196 LBFGS        PARAM    0386      -3933.535646          2.491625         52.164111          0.333378         29.281983
rank #0: 2017-11-27 22:40:41,561 LBFGS        PARAM    0387      -3934.215635          2.491670         52.158757          0.333221         29.281884
rank #0: 2017-11-27 22:40:41,925 LBFGS        PARAM    0388      -3934.993071          2.491720         52.152619          0.333042         29.281774
rank #0: 2017-11-27 22:40:42,291 LBFGS        PARAM    0389      -3935.732504          2.491769         52.146779          0.332872         29.281668
rank #0: 2017-11-27 22:40:42,656 LBFGS        PARAM    0390      -3936.550736          2.491821         52.140308          0.332683         29.281556
rank #0: 2017-11-27 22:40:43,020 LBFGS        PARAM    0391      -3937.218200          2.491865         52.135059          0.332530         29.281457
rank #0: 2017-11-27 22:40:43,384 LBFGS        PARAM    0392      -3937.987868          2.491915         52.128977          0.332354         29.281347
rank #0: 2017-11-27 22:40:43,749 LBFGS        PARAM    0393      -3938.782387          2.491967         52.122687          0.332172         29.281237
rank #0: 2017-11-27 22:40:44,114 LBFGS        PARAM    0394      -3939.477737          2.492012         52.117202          0.332013         29.281136
rank #0: 2017-11-27 22:40:44,479 LBFGS        PARAM    0395      -3940.258985          2.492063         52.111023          0.331834         29.281027
rank #0: 2017-11-27 22:40:44,844 LBFGS        PARAM    0396      -3940.984115          2.492110         52.105294          0.331668         29.280924
rank #0: 2017-11-27 22:40:45,209 LBFGS        PARAM    0397      -3941.751289          2.492160         52.099229          0.331493         29.280818
rank #0: 2017-11-27 22:40:45,574 LBFGS        PARAM    0398      -3942.434585          2.492205         52.093852          0.331338         29.280717
rank #0: 2017-11-27 22:40:45,939 LBFGS        PARAM    0399      -3943.175214          2.492253         52.087998          0.331169         29.280609
rank #0: 2017-11-27 22:40:46,303 LBFGS        PARAM    0400      -3943.993316          2.492306         52.081508          0.330983         29.280496
rank #0: 2017-11-27 22:40:46,668 LBFGS        PARAM    0401      -3944.699496          2.492352         52.075924          0.330823         29.280395
rank #0: 2017-11-27 22:40:47,032 LBFGS        PARAM    0402      -3945.502945          2.492404         52.069558          0.330640         29.280285
rank #0: 2017-11-27 22:40:47,397 LBFGS        PARAM    0403      -3946.232389          2.492451         52.063796          0.330474         29.280184
rank #0: 2017-11-27 22:40:47,762 LBFGS        PARAM    0404      -3946.938433          2.492497         52.058236          0.330314         29.280083
rank #0: 2017-11-27 22:40:48,125 LBFGS        PARAM    0405      -3947.600617          2.492542         52.053029          0.330166         29.279980
rank #0: 2017-11-27 22:40:48,490 LBFGS        PARAM    0406      -3948.438164          2.492597         52.046384          0.329977         29.279860
rank #0: 2017-11-27 22:40:48,855 LBFGS        PARAM    0407      -3949.220396          2.492647         52.040169          0.329800         29.279751
rank #0: 2017-11-27 22:40:49,220 LBFGS        PARAM    0408      -3949.899719          2.492692         52.034788          0.329647         29.279652
rank #0: 2017-11-27 22:40:49,585 LBFGS        PARAM    0409      -3950.690433          2.492743         52.028503          0.329469         29.279541
rank #0: 2017-11-27 22:40:49,951 LBFGS        PARAM    0410      -3951.371372          2.492788         52.023104          0.329317         29.279440
rank #0: 2017-11-27 22:40:50,316 LBFGS        PARAM    0411      -3952.100088          2.492836         52.017308          0.329153         29.279334
rank #0: 2017-11-27 22:40:50,681 LBFGS        PARAM    0412      -3952.856176          2.492886         52.011281          0.328984         29.279226
rank #0: 2017-11-27 22:40:51,046 LBFGS        PARAM    0413      -3953.559655          2.492932         52.005675          0.328826         29.279124
rank #0: 2017-11-27 22:40:51,411 LBFGS        PARAM    0414      -3954.393859          2.492986         51.999007          0.328639         29.279010
rank #0: 2017-11-27 22:40:51,777 LBFGS        PARAM    0415      -3955.056441          2.493030         51.993754          0.328491         29.278911
rank #0: 2017-11-27 22:40:52,142 LBFGS        PARAM    0416      -3955.839650          2.493081         51.987511          0.328316         29.278801
rank #0: 2017-11-27 22:40:52,507 LBFGS        PARAM    0417      -3956.552813          2.493127         51.981838          0.328156         29.278700
rank #0: 2017-11-27 22:40:52,871 LBFGS        PARAM    0418      -3957.231786          2.493172         51.976440          0.328005         29.278599
rank #0: 2017-11-27 22:40:53,235 LBFGS        PARAM    0419      -3958.292655          2.493240         51.967959          0.327767         29.278458
rank #0: 2017-11-27 22:40:53,600 LBFGS        PARAM    0420      -3958.945725          2.493283         51.962793          0.327622         29.278364
rank #0: 2017-11-27 22:40:53,965 LBFGS        PARAM    0421      -3959.787984          2.493337         51.956103          0.327434         29.278251
rank #0: 2017-11-27 22:40:54,328 LBFGS        PARAM    0422      -3960.429904          2.493380         51.951050          0.327292         29.278155
rank #0: 2017-11-27 22:40:54,693 LBFGS        PARAM    0423      -3961.251182          2.493433         51.944539          0.327109         29.278041
rank #0: 2017-11-27 22:40:55,058 LBFGS        PARAM    0424      -3961.920352          2.493477         51.939252          0.326961         29.277943
rank #0: 2017-11-27 22:40:55,423 LBFGS        PARAM    0425      -3962.748950          2.493531         51.932672          0.326777         29.277828
rank #0: 2017-11-27 22:40:55,788 LBFGS        PARAM    0426      -3963.447026          2.493576         51.927144          0.326622         29.277730
rank #0: 2017-11-27 22:40:56,154 LBFGS        PARAM    0427      -3964.126944          2.493621         51.921763          0.326472         29.277631
rank #0: 2017-11-27 22:40:56,520 LBFGS        PARAM    0428      -3964.956468          2.493675         51.915171          0.326288         29.277518
rank #0: 2017-11-27 22:40:56,883 LBFGS        PARAM    0429      -3965.715283          2.493723         51.909152          0.326120         29.277416
rank #0: 2017-11-27 22:40:57,247 LBFGS        PARAM    0430      -3966.353488          2.493766         51.904138          0.325980         29.277321
rank #0: 2017-11-27 22:40:57,611 LBFGS        PARAM    0431      -3967.138236          2.493817         51.897927          0.325807         29.277210
rank #0: 2017-11-27 22:40:57,976 LBFGS        PARAM    0432      -3967.859466          2.493864         51.892212          0.325648         29.277108
rank #0: 2017-11-27 22:40:58,340 LBFGS        PARAM    0433      -3968.605167          2.493912         51.886302          0.325484         29.277006
rank #0: 2017-11-27 22:40:58,705 LBFGS        PARAM    0434      -3969.244570          2.493955         51.881257          0.325344         29.276910
rank #0: 2017-11-27 22:40:59,069 LBFGS        PARAM    0435      -3970.052113          2.494008         51.874844          0.325167         29.276796
rank #0: 2017-11-27 22:40:59,433 LBFGS        PARAM    0436      -3970.796121          2.494056         51.868934          0.325003         29.276694
rank #0: 2017-11-27 22:40:59,798 LBFGS        PARAM    0437      -3971.430235          2.494098         51.863916          0.324865         29.276598
rank #0: 2017-11-27 22:41:00,164 LBFGS        PARAM    0438      -3972.242651          2.494151         51.857446          0.324688         29.276483
rank #0: 2017-11-27 22:41:00,528 LBFGS        PARAM    0439      -3972.981516          2.494199         51.851560          0.324526         29.276381
rank #0: 2017-11-27 22:41:00,893 LBFGS        PARAM    0440      -3973.651317          2.494243         51.846238          0.324380         29.276285
rank #0: 2017-11-27 22:41:01,258 LBFGS        PARAM    0441      -3974.320499          2.494288         51.840914          0.324234         29.276187
rank #0: 2017-11-27 22:41:01,623 LBFGS        PARAM    0442      -3975.051264          2.494336         51.835080          0.324075         29.276082
rank #0: 2017-11-27 22:41:01,988 LBFGS        PARAM    0443      -3975.766098          2.494382         51.829368          0.323920         29.275981
rank #0: 2017-11-27 22:41:02,352 LBFGS        PARAM    0444      -3976.524097          2.494431         51.823307          0.323754         29.275877
rank #0: 2017-11-27 22:41:02,717 LBFGS        PARAM    0445      -3977.198852          2.494476         51.817932          0.323607         29.275782
rank #0: 2017-11-27 22:41:03,082 LBFGS        PARAM    0446      -3978.010009          2.494528         51.811464          0.323430         29.275674
rank #0: 2017-11-27 22:41:03,447 LBFGS        PARAM    0447      -3978.661483          2.494570         51.806301          0.323289         29.275581
rank #0: 2017-11-27 22:41:03,812 LBFGS        PARAM    0448      -3979.305260          2.494614         51.801188          0.323151         29.275483
rank #0: 2017-11-27 22:41:04,176 LBFGS        PARAM    0449      -3980.201607          2.494672         51.794033          0.322956         29.275360
rank #0: 2017-11-27 22:41:04,540 LBFGS        PARAM    0450      -3980.836887          2.494714         51.788973          0.322819         29.275267
rank #0: 2017-11-27 22:41:04,904 LBFGS        PARAM    0451      -3981.610855          2.494764         51.782790          0.322651         29.275158
rank #0: 2017-11-27 22:41:05,269 LBFGS        PARAM    0452      -3982.370931          2.494813         51.776724          0.322487         29.275055
rank #0: 2017-11-27 22:41:05,633 LBFGS        PARAM    0453      -3983.060407          2.494858         51.771241          0.322337         29.274961
rank #0: 2017-11-27 22:41:05,998 LBFGS        PARAM    0454      -3983.786783          2.494905         51.765474          0.322180         29.274863
rank #0: 2017-11-27 22:41:06,362 LBFGS        PARAM    0455      -3984.473572          2.494949         51.760037          0.322032         29.274769
rank #0: 2017-11-27 22:41:06,726 LBFGS        PARAM    0456      -3985.142953          2.494993         51.754745          0.321888         29.274675
rank #0: 2017-11-27 22:41:07,090 LBFGS        PARAM    0457      -3985.900841          2.495042         51.748748          0.321724         29.274572
rank #0: 2017-11-27 22:41:07,455 LBFGS        PARAM    0458      -3986.512429          2.495083         51.743922          0.321593         29.274482
rank #0: 2017-11-27 22:41:07,820 LBFGS        PARAM    0459      -3987.254637          2.495132         51.738035          0.321434         29.274376
rank #0: 2017-11-27 22:41:08,184 LBFGS        PARAM    0460      -3988.009810          2.495181         51.732035          0.321272         29.274273
rank #0: 2017-11-27 22:41:08,550 LBFGS        PARAM    0461      -3988.704200          2.495226         51.726523          0.321123         29.274177
rank #0: 2017-11-27 22:41:08,914 LBFGS        PARAM    0462      -3989.391558          2.495270         51.721079          0.320975         29.274083
rank #0: 2017-11-27 22:41:09,279 LBFGS        PARAM    0463      -3990.100557          2.495316         51.715464          0.320823         29.273986
rank #0: 2017-11-27 22:41:09,643 LBFGS        PARAM    0464      -3990.748213          2.495359         51.710340          0.320685         29.273894
rank #0: 2017-11-27 22:41:10,008 LBFGS        PARAM    0465      -3991.478304          2.495406         51.704555          0.320529         29.273793
rank #0: 2017-11-27 22:41:10,372 LBFGS        PARAM    0466      -3992.175561          2.495451         51.699029          0.320380         29.273697
rank #0: 2017-11-27 22:41:10,736 LBFGS        PARAM    0467      -3992.898214          2.495498         51.693308          0.320226         29.273600
rank #0: 2017-11-27 22:41:11,102 LBFGS        PARAM    0468      -3993.510540          2.495539         51.688477          0.320096         29.273510
rank #0: 2017-11-27 22:41:11,465 LBFGS        PARAM    0469      -3994.281919          2.495589         51.682361          0.319931         29.273403
rank #0: 2017-11-27 22:41:11,828 LBFGS        PARAM    0470      -3994.974330          2.495634         51.676870          0.319784         29.273307
rank #0: 2017-11-27 22:41:12,192 LBFGS        PARAM    0471      -3995.748136          2.495684         51.670734          0.319619         29.273204
rank #0: 2017-11-27 22:41:12,554 LBFGS        PARAM    0472      -3996.387978          2.495725         51.665681          0.319483         29.273116
rank #0: 2017-11-27 22:41:12,917 LBFGS        PARAM    0473      -3997.006879          2.495767         51.660794          0.319352         29.273025
rank #0: 2017-11-27 22:41:13,279 LBFGS        PARAM    0474      -3997.725303          2.495814         51.655091          0.319200         29.272922
rank #0: 2017-11-27 22:41:13,641 LBFGS        PARAM    0475      -3998.564767          2.495868         51.648410          0.319022         29.272812
rank #0: 2017-11-27 22:41:14,003 LBFGS        PARAM    0476      -3999.184551          2.495909         51.643505          0.318890         29.272723
rank #0: 2017-11-27 22:41:14,363 LBFGS        PARAM    0477      -3999.888962          2.495955         51.637914          0.318741         29.272625
rank #0: 2017-11-27 22:41:14,725 LBFGS        PARAM    0478      -4000.633212          2.496003         51.632004          0.318584         29.272525
rank #0: 2017-11-27 22:41:15,087 LBFGS        PARAM    0479      -4001.284222          2.496045         51.626849          0.318446         29.272435
rank #0: 2017-11-27 22:41:15,448 LBFGS        PARAM    0480      -4002.008497          2.496092         51.621112          0.318293         29.272338
rank #0: 2017-11-27 22:41:15,810 LBFGS        PARAM    0481      -4002.684717          2.496136         51.615769          0.318150         29.272246
rank #0: 2017-11-27 22:41:16,172 LBFGS        PARAM    0482      -4003.341130          2.496178         51.610587          0.318012         29.272155
rank #0: 2017-11-27 22:41:16,534 LBFGS        PARAM    0483      -4003.945185          2.496219         51.605816          0.317885         29.272065
rank #0: 2017-11-27 22:41:16,895 LBFGS        PARAM    0484      -4004.751938          2.496272         51.599406          0.317715         29.271953
rank #0: 2017-11-27 22:41:17,257 LBFGS        PARAM    0485      -4005.466465          2.496318         51.593728          0.317565         29.271857
rank #0: 2017-11-27 22:41:17,619 LBFGS        PARAM    0486      -4006.144473          2.496362         51.588351          0.317422         29.271765
rank #0: 2017-11-27 22:41:17,980 LBFGS        PARAM    0487      -4006.809698          2.496405         51.583086          0.317282         29.271674
rank #0: 2017-11-27 22:41:18,341 LBFGS        PARAM    0488      -4007.432759          2.496446         51.578155          0.317152         29.271584
rank #0: 2017-11-27 22:41:18,702 LBFGS        PARAM    0489      -4008.290411          2.496501         51.571345          0.316972         29.271470
rank #0: 2017-11-27 22:41:19,064 LBFGS        PARAM    0490      -4008.932710          2.496543         51.566263          0.316837         29.271382
rank #0: 2017-11-27 22:41:19,425 LBFGS        PARAM    0491      -4009.594122          2.496586         51.561027          0.316699         29.271290
rank #0: 2017-11-27 22:41:19,787 LBFGS        PARAM    0492      -4010.276770          2.496631         51.555621          0.316556         29.271196
rank #0: 2017-11-27 22:41:20,212 LBFGS        PARAM    0493      -4010.880106          2.496671         51.550844          0.316430         29.271107
rank #0: 2017-11-27 22:41:20,573 LBFGS        PARAM    0494      -4011.888359          2.496736         51.542823          0.316219         29.270973
rank #0: 2017-11-27 22:41:20,934 LBFGS        PARAM    0495      -4012.512510          2.496777         51.537875          0.316089         29.270886
rank #0: 2017-11-27 22:41:21,295 LBFGS        PARAM    0496      -4013.093641          2.496816         51.533261          0.315968         29.270798
rank #0: 2017-11-27 22:41:21,656 LBFGS        PARAM    0497      -4013.843425          2.496866         51.527271          0.315812         29.270692
rank #0: 2017-11-27 22:41:22,017 LBFGS        PARAM    0498      -4014.511723          2.496910         51.521925          0.315673         29.270597
rank #0: 2017-11-27 22:41:22,379 LBFGS        PARAM    0499      -4015.283070          2.496960         51.515748          0.315512         29.270493
rank #0: 2017-11-27 22:41:22,739 LBFGS        INFO     Maximum number of iterations reached.
rank #0: 2017-11-27 22:41:22,740 LBFGS        PARAM    0500      -4015.970640          2.497004         51.510256          0.315368         29.270401
rank #0: 2017-11-27 22:41:22,740 rsdfit.lbfgs_fitter WARNING  ...LBFGS optimization finished. Time elapsed: 0:03:04.78
rank #0: 2017-11-27 22:41:22,740 rsdfit.lbfgs_fitter ERROR    nonlinear fit with method L-BFGS-B failed: Maximum number of iterations reached.
rank #0: 2017-11-27 22:41:22,741 rsdfit.fitting_driver INFO     rank 50 on nid00493     ...fitting complete
rank #0: 2017-11-27 22:41:22,743 rsdfit.fitting_driver INFO     rank 50 on nid00493     Saving the results to `/global/cscratch1/sd/nhand/eBOSS/fits/results/mocks/ezmock/v1.8e-fph/0.0001-0.05/basemodel-N-fnl/0.8-2.2/QSO-S-0726-P0+P2-mock-cov-a9f629560d/2017-11-27_nlopt_500i_chain0__1.npz`
rank #0: 2017-11-27 22:41:22,763 pyRSD.analysis.lbfgs_results INFO     
minimum chi2 = 29.2704007024

Free parameters [ mean ]
_______________
N              : -4015.97063985
b1             : 2.49700424094
f_nl           : 51.5102564788
sigma_fog      : 0.315368034693

Constrained parameters [ mean ]
_________________________
b1sigma8       : 0.993769186282
