rank #0: 2018-12-30 16:13:45,314 rsdfit.fitting_driver INFO     rank 61 on nid00554     Calling the 'nlopt' solve function
rank #0: 2018-12-30 16:13:45,315 rsdfit.lbfgs_fitter INFO     running LBFGS for 500 iterations and then stopping
rank #0: 2018-12-30 16:13:45,316 rsdfit.lbfgs_fitter INFO     running LBFGS minimizer with priors
rank #0: 2018-12-30 16:13:45,316 root         INFO     Iter           N          b1        f_nl   sigma_fog   F(X)     
rank #0: 2018-12-30 16:13:45,317 rsdfit.lbfgs_fitter INFO     computing gradient using numerical derivative of lnlike()
rank #0: 2018-12-30 16:13:45,923 LBFGS        INFO     options = {'factr': 100000.0, 'gtol': 1e-05, 'max_iter': 500, 'test_convergence': False}
rank #0: 2018-12-30 16:13:45,925 LBFGS        PARAM    0000          0.000000          2.000000          0.000000          4.000000         98.829229
rank #0: 2018-12-30 16:13:46,597 LBFGS        PARAM    0001          0.486412          2.066901          0.639667          4.004291         87.098789
rank #0: 2018-12-30 16:13:47,221 LBFGS        PARAM    0002       -112.424170          2.222686          3.288527          4.105600         73.842956
rank #0: 2018-12-30 16:13:47,845 LBFGS        PARAM    0003       -214.324284          2.249104          4.498030          4.201382         70.391847
rank #0: 2018-12-30 16:13:48,472 LBFGS        PARAM    0004       -349.500215          2.266380          7.323283          4.359216         68.389099
rank #0: 2018-12-30 16:13:49,077 LBFGS        PARAM    0005       -347.175584          2.267133          8.201361          4.370076         68.360405
rank #0: 2018-12-30 16:13:49,703 LBFGS        PARAM    0006       -303.267114          2.266835         23.288576          4.549489         68.074434
rank #0: 2018-12-30 16:13:50,332 LBFGS        PARAM    0007       -287.715112          2.260815         30.301120          4.601363         67.995358
rank #0: 2018-12-30 16:13:51,012 LBFGS        PARAM    0008       -281.732123          2.252834         37.758046          4.606946         67.925334
rank #0: 2018-12-30 16:13:51,637 LBFGS        PARAM    0009       -285.457065          2.247571         42.635877          4.572361         67.884122
rank #0: 2018-12-30 16:13:52,263 LBFGS        PARAM    0010       -295.338508          2.245214         46.512357          4.512427         67.848898
rank #0: 2018-12-30 16:13:52,890 LBFGS        PARAM    0011       -306.004493          2.247993         48.577060          4.459664         67.828815
rank #0: 2018-12-30 16:13:53,500 LBFGS        PARAM    0012       -307.530571          2.248412         47.429192          4.450575         67.828080
rank #0: 2018-12-30 16:13:54,131 LBFGS        PARAM    0013       -307.474586          2.248493         47.467471          4.451849         67.828071
rank #0: 2018-12-30 16:13:54,761 LBFGS        PARAM    0014       -307.469708          2.248488         47.469093          4.451836         67.828071
rank #0: 2018-12-30 16:13:57,395 LBFGS        PARAM    0015       -307.469991          2.248488         47.469213          4.451835         67.828071
rank #0: 2018-12-30 16:13:58,022 LBFGS        PARAM    0016       -307.470024          2.248488         47.469220          4.451835         67.828071
rank #0: 2018-12-30 16:14:24,765 LBFGS        INFO     Linesearch failed in both LBFGS and gradient directions
rank #0: 2018-12-30 16:14:24,766 LBFGS        PARAM    0016       -307.470024          2.248488         47.469220          4.451835         67.828071
rank #0: 2018-12-30 16:14:24,767 rsdfit.lbfgs_fitter WARNING  ...LBFGS optimization finished. Time elapsed: 0:00:38.84
rank #0: 2018-12-30 16:14:24,768 rsdfit.lbfgs_fitter ERROR    nonlinear fit with method L-BFGS-B failed: Linesearch failed in both LBFGS and gradient directions
rank #0: 2018-12-30 16:14:24,769 rsdfit.fitting_driver INFO     rank 61 on nid00554     ...fitting complete
rank #0: 2018-12-30 16:14:24,773 rsdfit.fitting_driver INFO     rank 61 on nid00554     Saving the results to `/global/cscratch1/sd/nhand/eBOSS/fits/results/mocks/ezmock/v1.8e-fph/0.0001-0.3/basemodel-N-fnl/0.8-2.2/QSO-N-0541-P0+P2-mock-cov-36c6ea70fd/2018-12-30_nlopt_16i_chain0__1.npz`
rank #0: 2018-12-30 16:14:24,862 pyRSD.analysis.lbfgs_results INFO     
minimum chi2 = 67.8280707029

Free parameters [ mean ]
_______________
N              : -307.470024344
b1             : 2.2484878041
f_nl           : 47.4692199568
sigma_fog      : 4.45183485496

Constrained parameters [ mean ]
_________________________
b1sigma8       : 0.895602395884
