rank #0: 2018-12-30 19:57:00,775 rsdfit.fitting_driver INFO     rank 53 on nid00631     Calling the 'nlopt' solve function
rank #0: 2018-12-30 19:57:00,776 rsdfit.lbfgs_fitter INFO     running LBFGS for 500 iterations and then stopping
rank #0: 2018-12-30 19:57:00,777 rsdfit.lbfgs_fitter INFO     running LBFGS minimizer with priors
rank #0: 2018-12-30 19:57:00,778 root         INFO     Iter           N          b1        f_nl   sigma_fog   F(X)     
rank #0: 2018-12-30 19:57:00,778 rsdfit.lbfgs_fitter INFO     computing gradient using numerical derivative of lnlike()
rank #0: 2018-12-30 19:57:01,947 LBFGS        INFO     options = {'factr': 100000.0, 'gtol': 1e-05, 'max_iter': 500, 'test_convergence': False}
rank #0: 2018-12-30 19:57:01,948 LBFGS        PARAM    0000          0.000000          2.000000          0.000000          4.000000        138.682895
rank #0: 2018-12-30 19:57:03,329 LBFGS        PARAM    0001         56.001197          2.148787          1.075728          3.970682        109.542497
rank #0: 2018-12-30 19:57:04,554 LBFGS        PARAM    0002        -45.216420          2.463713          5.516174          4.058991         87.074041
rank #0: 2018-12-30 19:57:05,791 LBFGS        PARAM    0003       -167.562239          2.466409          5.767686          4.175007         81.795992
rank #0: 2018-12-30 19:57:07,016 LBFGS        PARAM    0004       -443.794701          2.539149          7.332451          4.438218         77.680705
rank #0: 2018-12-30 19:57:08,237 LBFGS        PARAM    0005       -433.424251          2.534088          6.663368          4.442011         77.667652
rank #0: 2018-12-30 19:57:09,482 LBFGS        PARAM    0006       -427.745218          2.533234          5.839199          4.455301         77.660062
rank #0: 2018-12-30 19:57:10,704 LBFGS        PARAM    0007       -414.503395          2.534774          2.203776          4.516261         77.639030
rank #0: 2018-12-30 19:57:11,947 LBFGS        PARAM    0008       -416.265960          2.539212         -1.814425          4.538012         77.627215
rank #0: 2018-12-30 19:57:13,169 LBFGS        PARAM    0009       -422.174278          2.543288         -5.506045          4.536014         77.622292
rank #0: 2018-12-30 19:57:14,393 LBFGS        PARAM    0010       -424.458254          2.544024         -6.462983          4.529436         77.621881
rank #0: 2018-12-30 19:57:15,637 LBFGS        PARAM    0011       -424.728118          2.543896         -6.585148          4.526191         77.621852
rank #0: 2018-12-30 19:57:16,862 LBFGS        PARAM    0012       -424.812100          2.543923         -6.574809          4.526248         77.621851
rank #0: 2018-12-30 19:57:18,107 LBFGS        PARAM    0013       -424.830250          2.543928         -6.572292          4.526203         77.621851
rank #0: 2018-12-30 19:57:19,332 LBFGS        PARAM    0014       -424.831537          2.543927         -6.571929          4.526195         77.621851
rank #0: 2018-12-30 19:57:20,557 LBFGS        PARAM    0015       -424.831456          2.543927         -6.571854          4.526195         77.621851
rank #0: 2018-12-30 19:57:51,338 LBFGS        PARAM    0016       -424.831456          2.543927         -6.571854          4.526195         77.621851
rank #0: 2018-12-30 19:57:52,695 LBFGS        PARAM    0017       -424.831456          2.543927         -6.571854          4.526195         77.621851
rank #0: 2018-12-30 19:58:44,912 LBFGS        INFO     Linesearch failed in both LBFGS and gradient directions
rank #0: 2018-12-30 19:58:44,913 LBFGS        PARAM    0017       -424.831456          2.543927         -6.571854          4.526195         77.621851
rank #0: 2018-12-30 19:58:44,914 rsdfit.lbfgs_fitter WARNING  ...LBFGS optimization finished. Time elapsed: 0:01:42.97
rank #0: 2018-12-30 19:58:44,915 rsdfit.lbfgs_fitter ERROR    nonlinear fit with method L-BFGS-B failed: Linesearch failed in both LBFGS and gradient directions
rank #0: 2018-12-30 19:58:44,917 rsdfit.fitting_driver INFO     rank 53 on nid00631     ...fitting complete
rank #0: 2018-12-30 19:58:44,921 rsdfit.fitting_driver INFO     rank 53 on nid00631     Saving the results to `/global/cscratch1/sd/nhand/eBOSS/fits/results/mocks/ezmock/v1.8e-fph/0.0001-0.3/basemodel-N-fnl/0.8-2.2/QSO-N-0930-P0+P2-mock-cov-368a762326/2018-12-30_nlopt_17i_chain0__1.npz`
rank #0: 2018-12-30 19:58:45,730 pyRSD.analysis.lbfgs_results INFO     
minimum chi2 = 77.6218513844

Free parameters [ mean ]
_______________
N              : -424.831456249
b1             : 2.54392714679
f_nl           : -6.57185420322
sigma_fog      : 4.52619474499

Constrained parameters [ mean ]
_________________________
b1sigma8       : 0.921495653542
