rank #0: 2017-11-25 11:59:32,090 rsdfit.fitting_driver INFO     rank 238 on nid00493     Calling the 'nlopt' solve function
rank #0: 2017-11-25 11:59:32,090 rsdfit.lbfgs_fitter INFO     running LBFGS for 500 iterations and then stopping
rank #0: 2017-11-25 11:59:32,090 rsdfit.lbfgs_fitter INFO     running LBFGS minimizer with priors
rank #0: 2017-11-25 11:59:32,090 root         INFO     Iter           N          b1        f_nl   sigma_fog   F(X)     
rank #0: 2017-11-25 11:59:32,138 root         INFO     analytic derivative for parameter 'N' not available; no registered subclass for dPkmu/dN
rank #0: 2017-11-25 11:59:32,432 LBFGS        INFO     options = {'factr': 100000.0, 'gtol': 1e-05, 'max_iter': 500, 'test_convergence': False}
rank #0: 2017-11-25 11:59:32,433 LBFGS        PARAM    0000          0.000000          2.000000          0.000000          4.000000        148.661089
rank #0: 2017-11-25 11:59:32,838 LBFGS        PARAM    0001         21.834682          2.062088          0.405680          3.968207        126.172586
rank #0: 2017-11-25 11:59:33,184 LBFGS        PARAM    0002        -25.997977          2.202631          1.867873          3.933893        104.986800
rank #0: 2017-11-25 11:59:33,530 LBFGS        PARAM    0003       -106.365765          2.232016          2.413062          3.942578         99.546192
rank #0: 2017-11-25 11:59:33,876 LBFGS        PARAM    0004       -526.129144          2.334918          4.769467          3.622899         88.091174
rank #0: 2017-11-25 11:59:34,223 LBFGS        PARAM    0005       -536.970275          2.316495          4.233354          3.501529         87.095951
rank #0: 2017-11-25 11:59:34,569 LBFGS        PARAM    0006       -549.935604          2.308401          3.890907          3.363770         86.750395
rank #0: 2017-11-25 11:59:34,976 LBFGS        PARAM    0007       -568.291927          2.308230          3.833798          3.267719         86.729631
rank #0: 2017-11-25 11:59:47,954 LBFGS        PARAM    0008       -567.831851          2.308754          3.841698          3.264130         86.729590
rank #0: 2017-11-25 12:00:12,569 LBFGS        INFO     Linesearch failed in both LBFGS and gradient directions
rank #0: 2017-11-25 12:00:12,569 LBFGS        PARAM    0008       -567.831851          2.308754          3.841698          3.264130         86.729590
rank #0: 2017-11-25 12:00:12,570 rsdfit.lbfgs_fitter WARNING  ...LBFGS optimization finished. Time elapsed: 0:00:40.14
rank #0: 2017-11-25 12:00:12,570 rsdfit.lbfgs_fitter ERROR    nonlinear fit with method L-BFGS-B failed: Linesearch failed in both LBFGS and gradient directions
rank #0: 2017-11-25 12:00:12,571 rsdfit.fitting_driver INFO     rank 238 on nid00493     ...fitting complete
rank #0: 2017-11-25 12:00:12,610 rsdfit.fitting_driver INFO     rank 238 on nid00493     Saving the results to `/global/project/projectdirs/m779/nhand/Research/eBOSS/fits/results/mocks/ezmock/v1.8e-fph/0.0001-0.3/basemodel-N-fnl/0.8-2.2/QSO-S-0366-P0+P2-d10badba55/2017-11-25_nlopt_8i_chain0__1.npz`
rank #0: 2017-11-25 12:00:12,934 pyRSD.analysis.lbfgs_results INFO     
minimum chi2 = 86.7295903155

Free parameters [ mean ]
_______________
N              : -567.831850692
b1             : 2.30875387475
f_nl           : 3.8416978125
sigma_fog      : 3.26412957768

Constrained parameters [ mean ]
_________________________
b1sigma8       : 0.918848443195
