rank #0: 2019-02-16 13:40:22,451 rsdfit.fitting_driver INFO     rank 46 on nid00594     Calling the 'nlopt' solve function
rank #0: 2019-02-16 13:40:22,451 rsdfit.lbfgs_fitter INFO     running LBFGS for 500 iterations and then stopping
rank #0: 2019-02-16 13:40:22,451 rsdfit.lbfgs_fitter INFO     running LBFGS minimizer with priors
rank #0: 2019-02-16 13:40:22,452 root         INFO     Iter           N          b1        f_nl   sigma_fog   F(X)     
rank #0: 2019-02-16 13:40:22,452 rsdfit.lbfgs_fitter INFO     computing gradient using numerical derivative of lnlike()
rank #0: 2019-02-16 13:40:23,014 LBFGS        INFO     options = {'factr': 100000.0, 'gtol': 1e-05, 'max_iter': 500, 'test_convergence': False}
rank #0: 2019-02-16 13:40:23,015 LBFGS        PARAM    0000          0.000000          2.000000          0.000000          4.000000         91.126742
rank #0: 2019-02-16 13:40:23,654 LBFGS        PARAM    0001         21.141813          2.078691          0.704316          3.970857         81.252262
rank #0: 2019-02-16 13:40:24,229 LBFGS        PARAM    0002        -43.000869          2.251216          3.751454          3.957300         72.415130
rank #0: 2019-02-16 13:40:24,806 LBFGS        PARAM    0003       -131.038815          2.272368          5.034622          3.990252         70.497609
rank #0: 2019-02-16 13:40:25,380 LBFGS        PARAM    0004       -370.834327          2.318506         10.847000          4.004559         68.216911
rank #0: 2019-02-16 13:40:25,955 LBFGS        PARAM    0005       -389.745282          2.318690         13.324000          3.942995         68.071395
rank #0: 2019-02-16 13:40:26,532 LBFGS        PARAM    0006       -488.368666          2.307263         40.063846          3.433610         67.350645
rank #0: 2019-02-16 13:40:27,111 LBFGS        PARAM    0007       -490.266428          2.298488         63.627856          3.392136         66.998832
rank #0: 2019-02-16 13:40:27,693 LBFGS        PARAM    0008       -409.872755          2.257596        147.889946          3.484098         66.449246
rank #0: 2019-02-16 13:40:28,271 LBFGS        PARAM    0009       -400.897884          2.259036        129.415011          3.530879         66.401565
rank #0: 2019-02-16 13:40:28,849 LBFGS        PARAM    0010       -400.491273          2.261458        130.494002          3.544534         66.398613
rank #0: 2019-02-16 13:40:29,429 LBFGS        PARAM    0011       -399.872785          2.260816        131.274189          3.546530         66.398503
rank #0: 2019-02-16 13:40:30,011 LBFGS        PARAM    0012       -399.927410          2.260886        131.160050          3.546914         66.398501
rank #0: 2019-02-16 13:40:30,591 LBFGS        PARAM    0013       -399.939023          2.260893        131.153880          3.546987         66.398501
rank #0: 2019-02-16 13:40:31,174 LBFGS        PARAM    0014       -399.938728          2.260893        131.153829          3.546986         66.398501
rank #0: 2019-02-16 13:40:56,515 LBFGS        INFO     Linesearch failed in both LBFGS and gradient directions
rank #0: 2019-02-16 13:40:56,516 LBFGS        PARAM    0014       -399.938728          2.260893        131.153829          3.546986         66.398501
rank #0: 2019-02-16 13:40:56,517 rsdfit.lbfgs_fitter WARNING  ...LBFGS optimization finished. Time elapsed: 0:00:33.50
rank #0: 2019-02-16 13:40:56,518 rsdfit.lbfgs_fitter ERROR    nonlinear fit with method L-BFGS-B failed: Linesearch failed in both LBFGS and gradient directions
rank #0: 2019-02-16 13:40:56,519 rsdfit.fitting_driver INFO     rank 46 on nid00594     ...fitting complete
rank #0: 2019-02-16 13:40:56,522 rsdfit.fitting_driver INFO     rank 46 on nid00594     Saving the results to `/global/cscratch1/sd/nhand/eBOSS/fits/results/mocks/ezmock/v1.8e-fph/0.005-0.3/basemodel-N-fnl/0.8-2.2/QSO-S-0441-P0+P2-mock-cov-7b0931f16d/2019-02-16_nlopt_14i_chain0__1.npz`
rank #0: 2019-02-16 13:40:56,529 pyRSD.analysis.lbfgs_results INFO     
minimum chi2 = 66.39850109426217

Free parameters [ mean ]
_______________
N              : -399.93872841229614
b1             : 2.2608930463439587
f_nl           : 131.15382946796603
sigma_fog      : 3.5469864930114072

Constrained parameters [ mean ]
_________________________
b1sigma8       : 0.9005435677505282
