rank #0: 2017-11-27 22:50:10,069 rsdfit.fitting_driver INFO     rank 196 on nid00500     Calling the 'nlopt' solve function
rank #0: 2017-11-27 22:50:10,069 rsdfit.lbfgs_fitter INFO     running LBFGS for 500 iterations and then stopping
rank #0: 2017-11-27 22:50:10,069 rsdfit.lbfgs_fitter INFO     running LBFGS minimizer with priors
rank #0: 2017-11-27 22:50:10,069 root         INFO     Iter          b1        f_nl   sigma_fog   F(X)     
rank #0: 2017-11-27 22:50:10,368 LBFGS        INFO     options = {'factr': 100000.0, 'gtol': 1e-05, 'max_iter': 500, 'test_convergence': False}
rank #0: 2017-11-27 22:50:10,368 LBFGS        PARAM    0000          2.000000          0.000000          4.000000         28.889066
rank #0: 2017-11-27 22:50:10,702 LBFGS        PARAM    0001          2.085413          1.241273          3.991203         26.200987
rank #0: 2017-11-27 22:50:10,996 LBFGS        PARAM    0002          2.270279          6.289061          3.957368         24.224424
rank #0: 2017-11-27 22:50:11,288 LBFGS        PARAM    0003          2.236275          5.821903          3.952390         24.135930
rank #0: 2017-11-27 22:50:11,580 LBFGS        PARAM    0004          2.238634          6.425376          3.942477         24.131447
rank #0: 2017-11-27 22:50:11,872 LBFGS        PARAM    0005          2.243512         10.169136          3.877748         24.112446
rank #0: 2017-11-27 22:50:12,165 LBFGS        PARAM    0006          2.246576         20.351725          3.698970         24.070133
rank #0: 2017-11-27 22:50:12,457 LBFGS        PARAM    0007          2.241497         49.005368          3.192187         23.987302
rank #0: 2017-11-27 22:50:12,750 LBFGS        PARAM    0008          2.227098         60.060674          2.980593         23.909413
rank #0: 2017-11-27 22:50:13,043 LBFGS        PARAM    0009          2.179686         73.187743          2.624544         23.796897
rank #0: 2017-11-27 22:50:13,336 LBFGS        PARAM    0010          2.184866         74.731300          2.598278         23.791309
rank #0: 2017-11-27 22:50:13,629 LBFGS        PARAM    0011          2.186665         73.634412          2.603629         23.789301
rank #0: 2017-11-27 22:50:13,921 LBFGS        PARAM    0012          2.193648         69.761301          2.499711         23.773022
rank #0: 2017-11-27 22:50:14,214 LBFGS        PARAM    0013          2.202565         63.646400          2.085468         23.736506
rank #0: 2017-11-27 22:50:14,507 LBFGS        PARAM    0014          2.206613         58.401687          1.223284         23.683949
rank #0: 2017-11-27 22:50:14,800 LBFGS        PARAM    0015          2.198515         59.254282          0.162804         23.641838
rank #0: 2017-11-27 22:50:15,093 LBFGS        PARAM    0016          2.198515         59.254385          0.162797         23.641837
rank #0: 2017-11-27 22:50:15,385 LBFGS        PARAM    0017          2.198514         59.254584          0.162789         23.641837
rank #0: 2017-11-27 22:50:15,679 LBFGS        PARAM    0018          2.198514         59.254799          0.162783         23.641837
rank #0: 2017-11-27 22:50:15,973 LBFGS        PARAM    0019          2.198514         59.255015          0.162776         23.641836
rank #0: 2017-11-27 22:50:16,267 LBFGS        PARAM    0020          2.198513         59.255233          0.162770         23.641836
rank #0: 2017-11-27 22:50:16,561 LBFGS        PARAM    0021          2.198513         59.255451          0.162764         23.641835
rank #0: 2017-11-27 22:50:16,857 LBFGS        PARAM    0022          2.198512         59.255668          0.162757         23.641835
rank #0: 2017-11-27 22:50:17,152 LBFGS        PARAM    0023          2.198512         59.255887          0.162751         23.641834
rank #0: 2017-11-27 22:50:17,446 LBFGS        PARAM    0024          2.198512         59.256105          0.162745         23.641834
rank #0: 2017-11-27 22:50:17,740 LBFGS        PARAM    0025          2.198511         59.256322          0.162738         23.641834
rank #0: 2017-11-27 22:50:18,035 LBFGS        PARAM    0026          2.198511         59.256540          0.162732         23.641833
rank #0: 2017-11-27 22:50:18,329 LBFGS        PARAM    0027          2.198511         59.256758          0.162726         23.641833
rank #0: 2017-11-27 22:50:18,623 LBFGS        PARAM    0028          2.198510         59.256976          0.162720         23.641832
rank #0: 2017-11-27 22:50:18,917 LBFGS        PARAM    0029          2.198510         59.257194          0.162713         23.641832
rank #0: 2017-11-27 22:50:19,212 LBFGS        PARAM    0030          2.198510         59.257411          0.162707         23.641831
rank #0: 2017-11-27 22:50:19,507 LBFGS        PARAM    0031          2.198509         59.257629          0.162701         23.641831
rank #0: 2017-11-27 22:50:19,801 LBFGS        PARAM    0032          2.198509         59.257846          0.162694         23.641831
rank #0: 2017-11-27 22:50:20,096 LBFGS        PARAM    0033          2.198509         59.258064          0.162688         23.641830
rank #0: 2017-11-27 22:50:20,391 LBFGS        PARAM    0034          2.198508         59.258280          0.162682         23.641830
rank #0: 2017-11-27 22:50:20,686 LBFGS        PARAM    0035          2.198508         59.258499          0.162675         23.641829
rank #0: 2017-11-27 22:50:20,982 LBFGS        PARAM    0036          2.198508         59.258716          0.162669         23.641829
rank #0: 2017-11-27 22:50:21,276 LBFGS        PARAM    0037          2.198507         59.258933          0.162663         23.641828
rank #0: 2017-11-27 22:50:21,571 LBFGS        PARAM    0038          2.198507         59.259151          0.162656         23.641828
rank #0: 2017-11-27 22:50:21,865 LBFGS        PARAM    0039          2.198507         59.259369          0.162650         23.641827
rank #0: 2017-11-27 22:50:22,161 LBFGS        PARAM    0040          2.198506         59.259585          0.162644         23.641827
rank #0: 2017-11-27 22:50:22,455 LBFGS        PARAM    0041          2.198506         59.259803          0.162638         23.641827
rank #0: 2017-11-27 22:50:22,750 LBFGS        PARAM    0042          2.198506         59.260020          0.162631         23.641826
rank #0: 2017-11-27 22:50:23,045 LBFGS        PARAM    0043          2.198505         59.260239          0.162625         23.641826
rank #0: 2017-11-27 22:50:23,341 LBFGS        PARAM    0044          2.198505         59.260454          0.162619         23.641825
rank #0: 2017-11-27 22:50:23,637 LBFGS        PARAM    0045          2.198505         59.260672          0.162612         23.641825
rank #0: 2017-11-27 22:50:23,932 LBFGS        PARAM    0046          2.198504         59.260888          0.162606         23.641824
rank #0: 2017-11-27 22:50:24,226 LBFGS        PARAM    0047          2.198504         59.261107          0.162600         23.641824
rank #0: 2017-11-27 22:50:24,521 LBFGS        PARAM    0048          2.198504         59.261324          0.162593         23.641824
rank #0: 2017-11-27 22:50:24,816 LBFGS        PARAM    0049          2.198503         59.261541          0.162587         23.641823
rank #0: 2017-11-27 22:50:25,112 LBFGS        PARAM    0050          2.198503         59.261758          0.162581         23.641823
rank #0: 2017-11-27 22:50:25,407 LBFGS        PARAM    0051          2.198503         59.261975          0.162575         23.641822
rank #0: 2017-11-27 22:50:25,703 LBFGS        PARAM    0052          2.198502         59.262192          0.162568         23.641822
rank #0: 2017-11-27 22:50:25,999 LBFGS        PARAM    0053          2.198502         59.262409          0.162562         23.641821
rank #0: 2017-11-27 22:50:26,294 LBFGS        PARAM    0054          2.198502         59.262627          0.162556         23.641821
rank #0: 2017-11-27 22:50:26,589 LBFGS        PARAM    0055          2.198501         59.262843          0.162549         23.641821
rank #0: 2017-11-27 22:50:26,885 LBFGS        PARAM    0056          2.198501         59.263061          0.162543         23.641820
rank #0: 2017-11-27 22:50:27,179 LBFGS        PARAM    0057          2.198501         59.263277          0.162537         23.641820
rank #0: 2017-11-27 22:50:27,474 LBFGS        PARAM    0058          2.198500         59.263494          0.162530         23.641819
rank #0: 2017-11-27 22:50:27,770 LBFGS        PARAM    0059          2.198500         59.263711          0.162524         23.641819
rank #0: 2017-11-27 22:50:28,066 LBFGS        PARAM    0060          2.198499         59.263927          0.162518         23.641818
rank #0: 2017-11-27 22:50:28,360 LBFGS        PARAM    0061          2.198499         59.264144          0.162512         23.641818
rank #0: 2017-11-27 22:50:28,655 LBFGS        PARAM    0062          2.198499         59.264361          0.162505         23.641817
rank #0: 2017-11-27 22:50:28,948 LBFGS        PARAM    0063          2.198498         59.264577          0.162499         23.641817
rank #0: 2017-11-27 22:50:29,243 LBFGS        PARAM    0064          2.198498         59.264795          0.162493         23.641817
rank #0: 2017-11-27 22:50:29,538 LBFGS        PARAM    0065          2.198498         59.265011          0.162486         23.641816
rank #0: 2017-11-27 22:50:29,833 LBFGS        PARAM    0066          2.198497         59.265228          0.162480         23.641816
rank #0: 2017-11-27 22:50:30,128 LBFGS        PARAM    0067          2.198497         59.265444          0.162474         23.641815
rank #0: 2017-11-27 22:50:30,423 LBFGS        PARAM    0068          2.198497         59.265661          0.162468         23.641815
rank #0: 2017-11-27 22:50:30,717 LBFGS        PARAM    0069          2.198496         59.265878          0.162461         23.641814
rank #0: 2017-11-27 22:50:31,012 LBFGS        PARAM    0070          2.198496         59.266095          0.162455         23.641814
rank #0: 2017-11-27 22:50:31,306 LBFGS        PARAM    0071          2.198496         59.266311          0.162449         23.641814
rank #0: 2017-11-27 22:50:31,601 LBFGS        PARAM    0072          2.198495         59.266527          0.162443         23.641813
rank #0: 2017-11-27 22:50:31,896 LBFGS        PARAM    0073          2.198495         59.266744          0.162436         23.641813
rank #0: 2017-11-27 22:50:32,191 LBFGS        PARAM    0074          2.198495         59.266961          0.162430         23.641812
rank #0: 2017-11-27 22:50:32,485 LBFGS        PARAM    0075          2.198494         59.267177          0.162424         23.641812
rank #0: 2017-11-27 22:50:32,781 LBFGS        PARAM    0076          2.198494         59.267394          0.162417         23.641811
rank #0: 2017-11-27 22:50:33,077 LBFGS        PARAM    0077          2.198494         59.267610          0.162411         23.641811
rank #0: 2017-11-27 22:50:33,375 LBFGS        PARAM    0078          2.198493         59.267827          0.162405         23.641811
rank #0: 2017-11-27 22:50:33,671 LBFGS        PARAM    0079          2.198493         59.268042          0.162399         23.641810
rank #0: 2017-11-27 22:50:33,966 LBFGS        PARAM    0080          2.198493         59.268259          0.162392         23.641810
rank #0: 2017-11-27 22:50:34,258 LBFGS        PARAM    0081          2.198492         59.268476          0.162386         23.641809
rank #0: 2017-11-27 22:50:34,551 LBFGS        PARAM    0082          2.198492         59.268692          0.162380         23.641809
rank #0: 2017-11-27 22:50:34,844 LBFGS        PARAM    0083          2.198492         59.268908          0.162374         23.641808
rank #0: 2017-11-27 22:50:35,137 LBFGS        PARAM    0084          2.198491         59.269124          0.162367         23.641808
rank #0: 2017-11-27 22:50:35,429 LBFGS        PARAM    0085          2.198491         59.269340          0.162361         23.641808
rank #0: 2017-11-27 22:50:35,724 LBFGS        PARAM    0086          2.198491         59.269556          0.162355         23.641807
rank #0: 2017-11-27 22:50:36,018 LBFGS        PARAM    0087          2.198490         59.269772          0.162348         23.641807
rank #0: 2017-11-27 22:50:36,312 LBFGS        PARAM    0088          2.198490         59.269988          0.162342         23.641806
rank #0: 2017-11-27 22:50:36,604 LBFGS        PARAM    0089          2.198490         59.270205          0.162336         23.641806
rank #0: 2017-11-27 22:50:36,897 LBFGS        PARAM    0090          2.198489         59.270420          0.162330         23.641805
rank #0: 2017-11-27 22:50:37,190 LBFGS        PARAM    0091          2.198489         59.270637          0.162323         23.641805
rank #0: 2017-11-27 22:50:37,484 LBFGS        PARAM    0092          2.198489         59.270851          0.162317         23.641805
rank #0: 2017-11-27 22:50:37,777 LBFGS        PARAM    0093          2.198488         59.271068          0.162311         23.641804
rank #0: 2017-11-27 22:50:38,072 LBFGS        PARAM    0094          2.198488         59.271285          0.162305         23.641804
rank #0: 2017-11-27 22:50:38,365 LBFGS        PARAM    0095          2.198488         59.271500          0.162298         23.641803
rank #0: 2017-11-27 22:50:38,659 LBFGS        PARAM    0096          2.198487         59.271716          0.162292         23.641803
rank #0: 2017-11-27 22:50:38,949 LBFGS        PARAM    0097          2.198487         59.271932          0.162286         23.641802
rank #0: 2017-11-27 22:50:39,241 LBFGS        PARAM    0098          2.198487         59.272149          0.162280         23.641802
rank #0: 2017-11-27 22:50:39,533 LBFGS        PARAM    0099          2.198486         59.272364          0.162273         23.641801
rank #0: 2017-11-27 22:50:39,826 LBFGS        PARAM    0100          2.198486         59.272579          0.162267         23.641801
rank #0: 2017-11-27 22:50:40,119 LBFGS        PARAM    0101          2.198486         59.272795          0.162261         23.641801
rank #0: 2017-11-27 22:50:40,414 LBFGS        PARAM    0102          2.198485         59.273010          0.162255         23.641800
rank #0: 2017-11-27 22:50:40,708 LBFGS        PARAM    0103          2.198485         59.273228          0.162248         23.641800
rank #0: 2017-11-27 22:50:41,004 LBFGS        PARAM    0104          2.198485         59.273442          0.162242         23.641799
rank #0: 2017-11-27 22:50:41,299 LBFGS        PARAM    0105          2.198484         59.273658          0.162236         23.641799
rank #0: 2017-11-27 22:50:41,594 LBFGS        PARAM    0106          2.198484         59.273875          0.162230         23.641798
rank #0: 2017-11-27 22:50:41,888 LBFGS        PARAM    0107          2.198484         59.274090          0.162223         23.641798
rank #0: 2017-11-27 22:50:42,185 LBFGS        PARAM    0108          2.198483         59.274305          0.162217         23.641798
rank #0: 2017-11-27 22:50:42,486 LBFGS        PARAM    0109          2.198483         59.274520          0.162211         23.641797
rank #0: 2017-11-27 22:50:42,786 LBFGS        PARAM    0110          2.198482         59.274736          0.162205         23.641797
rank #0: 2017-11-27 22:50:43,087 LBFGS        PARAM    0111          2.198482         59.274952          0.162198         23.641796
rank #0: 2017-11-27 22:50:43,382 LBFGS        PARAM    0112          2.198482         59.275168          0.162192         23.641796
rank #0: 2017-11-27 22:50:43,677 LBFGS        PARAM    0113          2.198481         59.275382          0.162186         23.641795
rank #0: 2017-11-27 22:50:43,974 LBFGS        PARAM    0114          2.198481         59.275598          0.162180         23.641795
rank #0: 2017-11-27 22:50:44,271 LBFGS        PARAM    0115          2.198481         59.275814          0.162173         23.641795
rank #0: 2017-11-27 22:50:44,566 LBFGS        PARAM    0116          2.198480         59.276029          0.162167         23.641794
rank #0: 2017-11-27 22:50:44,859 LBFGS        PARAM    0117          2.198480         59.276244          0.162161         23.641794
rank #0: 2017-11-27 22:50:45,152 LBFGS        PARAM    0118          2.198480         59.276459          0.162155         23.641793
rank #0: 2017-11-27 22:50:45,444 LBFGS        PARAM    0119          2.198479         59.276675          0.162148         23.641793
rank #0: 2017-11-27 22:50:45,737 LBFGS        PARAM    0120          2.198479         59.276891          0.162142         23.641792
rank #0: 2017-11-27 22:50:46,030 LBFGS        PARAM    0121          2.198479         59.277106          0.162136         23.641792
rank #0: 2017-11-27 22:50:46,324 LBFGS        PARAM    0122          2.198478         59.277321          0.162130         23.641792
rank #0: 2017-11-27 22:50:46,618 LBFGS        PARAM    0123          2.198478         59.277536          0.162124         23.641791
rank #0: 2017-11-27 22:50:46,913 LBFGS        PARAM    0124          2.198478         59.277752          0.162117         23.641791
rank #0: 2017-11-27 22:50:47,208 LBFGS        PARAM    0125          2.198477         59.277967          0.162111         23.641790
rank #0: 2017-11-27 22:50:47,502 LBFGS        PARAM    0126          2.198477         59.278182          0.162105         23.641790
rank #0: 2017-11-27 22:50:47,796 LBFGS        PARAM    0127          2.198477         59.278397          0.162099         23.641789
rank #0: 2017-11-27 22:50:48,092 LBFGS        PARAM    0128          2.198476         59.278613          0.162092         23.641789
rank #0: 2017-11-27 22:50:48,387 LBFGS        PARAM    0129          2.198476         59.278827          0.162086         23.641789
rank #0: 2017-11-27 22:50:48,685 LBFGS        PARAM    0130          2.198476         59.279042          0.162080         23.641788
rank #0: 2017-11-27 22:50:48,982 LBFGS        PARAM    0131          2.198475         59.279258          0.162074         23.641788
rank #0: 2017-11-27 22:50:49,278 LBFGS        PARAM    0132          2.198475         59.279473          0.162068         23.641787
rank #0: 2017-11-27 22:50:49,575 LBFGS        PARAM    0133          2.198475         59.279688          0.162061         23.641787
rank #0: 2017-11-27 22:50:49,873 LBFGS        PARAM    0134          2.198474         59.279903          0.162055         23.641786
rank #0: 2017-11-27 22:50:50,169 LBFGS        PARAM    0135          2.198474         59.280117          0.162049         23.641786
rank #0: 2017-11-27 22:50:50,467 LBFGS        PARAM    0136          2.198474         59.280332          0.162043         23.641786
rank #0: 2017-11-27 22:50:50,762 LBFGS        PARAM    0137          2.198473         59.280548          0.162036         23.641785
rank #0: 2017-11-27 22:50:51,059 LBFGS        PARAM    0138          2.198473         59.280763          0.162030         23.641785
rank #0: 2017-11-27 22:50:51,354 LBFGS        PARAM    0139          2.198473         59.280977          0.162024         23.641784
rank #0: 2017-11-27 22:50:51,648 LBFGS        PARAM    0140          2.198472         59.281191          0.162018         23.641784
rank #0: 2017-11-27 22:50:51,943 LBFGS        PARAM    0141          2.198472         59.281406          0.162012         23.641783
rank #0: 2017-11-27 22:50:52,238 LBFGS        PARAM    0142          2.198472         59.281621          0.162005         23.641783
rank #0: 2017-11-27 22:50:52,533 LBFGS        PARAM    0143          2.198471         59.281837          0.161999         23.641783
rank #0: 2017-11-27 22:50:52,827 LBFGS        PARAM    0144          2.198471         59.282051          0.161993         23.641782
rank #0: 2017-11-27 22:50:53,121 LBFGS        PARAM    0145          2.198471         59.282265          0.161987         23.641782
rank #0: 2017-11-27 22:50:53,416 LBFGS        PARAM    0146          2.198470         59.282481          0.161981         23.641781
rank #0: 2017-11-27 22:50:53,709 LBFGS        PARAM    0147          2.198470         59.282694          0.161974         23.641781
rank #0: 2017-11-27 22:50:54,006 LBFGS        PARAM    0148          2.198470         59.282909          0.161968         23.641780
rank #0: 2017-11-27 22:50:54,303 LBFGS        PARAM    0149          2.198469         59.283125          0.161962         23.641780
rank #0: 2017-11-27 22:50:54,601 LBFGS        PARAM    0150          2.198469         59.283339          0.161956         23.641780
rank #0: 2017-11-27 22:50:54,896 LBFGS        PARAM    0151          2.198469         59.283553          0.161949         23.641779
rank #0: 2017-11-27 22:50:55,191 LBFGS        PARAM    0152          2.198468         59.283767          0.161943         23.641779
rank #0: 2017-11-27 22:50:55,484 LBFGS        PARAM    0153          2.198468         59.283982          0.161937         23.641778
rank #0: 2017-11-27 22:50:55,779 LBFGS        PARAM    0154          2.198468         59.284197          0.161931         23.641778
rank #0: 2017-11-27 22:50:56,072 LBFGS        PARAM    0155          2.198467         59.284411          0.161925         23.641777
rank #0: 2017-11-27 22:50:56,366 LBFGS        PARAM    0156          2.198467         59.284625          0.161918         23.641777
rank #0: 2017-11-27 22:50:56,660 LBFGS        PARAM    0157          2.198467         59.284840          0.161912         23.641777
rank #0: 2017-11-27 22:50:56,954 LBFGS        PARAM    0158          2.198466         59.285054          0.161906         23.641776
rank #0: 2017-11-27 22:50:57,248 LBFGS        PARAM    0159          2.198466         59.285268          0.161900         23.641776
rank #0: 2017-11-27 22:50:57,542 LBFGS        PARAM    0160          2.198466         59.285483          0.161894         23.641775
rank #0: 2017-11-27 22:50:57,835 LBFGS        PARAM    0161          2.198465         59.285697          0.161887         23.641775
rank #0: 2017-11-27 22:50:58,130 LBFGS        PARAM    0162          2.198465         59.285911          0.161881         23.641774
rank #0: 2017-11-27 22:50:58,425 LBFGS        PARAM    0163          2.198465         59.286125          0.161875         23.641774
rank #0: 2017-11-27 22:50:58,721 LBFGS        PARAM    0164          2.198464         59.286339          0.161869         23.641774
rank #0: 2017-11-27 22:50:59,015 LBFGS        PARAM    0165          2.198464         59.286553          0.161863         23.641773
rank #0: 2017-11-27 22:50:59,310 LBFGS        PARAM    0166          2.198464         59.286768          0.161856         23.641773
rank #0: 2017-11-27 22:50:59,605 LBFGS        PARAM    0167          2.198463         59.286981          0.161850         23.641772
rank #0: 2017-11-27 22:50:59,900 LBFGS        PARAM    0168          2.198463         59.287196          0.161844         23.641772
rank #0: 2017-11-27 22:51:00,195 LBFGS        PARAM    0169          2.198463         59.287410          0.161838         23.641771
rank #0: 2017-11-27 22:51:00,490 LBFGS        PARAM    0170          2.198462         59.287623          0.161832         23.641771
rank #0: 2017-11-27 22:51:00,787 LBFGS        PARAM    0171          2.198462         59.287837          0.161826         23.641771
rank #0: 2017-11-27 22:51:01,085 LBFGS        PARAM    0172          2.198462         59.288051          0.161819         23.641770
rank #0: 2017-11-27 22:51:01,381 LBFGS        PARAM    0173          2.198461         59.288265          0.161813         23.641770
rank #0: 2017-11-27 22:51:01,679 LBFGS        PARAM    0174          2.198461         59.288479          0.161807         23.641769
rank #0: 2017-11-27 22:51:01,975 LBFGS        PARAM    0175          2.198461         59.288694          0.161801         23.641769
rank #0: 2017-11-27 22:51:02,272 LBFGS        PARAM    0176          2.198460         59.288907          0.161795         23.641768
rank #0: 2017-11-27 22:51:02,569 LBFGS        PARAM    0177          2.198460         59.289122          0.161788         23.641768
rank #0: 2017-11-27 22:51:02,865 LBFGS        PARAM    0178          2.198460         59.289335          0.161782         23.641768
rank #0: 2017-11-27 22:51:03,160 LBFGS        PARAM    0179          2.198459         59.289548          0.161776         23.641767
rank #0: 2017-11-27 22:51:03,455 LBFGS        PARAM    0180          2.198459         59.289762          0.161770         23.641767
rank #0: 2017-11-27 22:51:03,751 LBFGS        PARAM    0181          2.198459         59.289976          0.161764         23.641766
rank #0: 2017-11-27 22:51:04,048 LBFGS        PARAM    0182          2.198458         59.290190          0.161757         23.641766
rank #0: 2017-11-27 22:51:04,346 LBFGS        PARAM    0183          2.198458         59.290403          0.161751         23.641766
rank #0: 2017-11-27 22:51:04,641 LBFGS        PARAM    0184          2.198458         59.290616          0.161745         23.641765
rank #0: 2017-11-27 22:51:04,934 LBFGS        PARAM    0185          2.198457         59.290832          0.161739         23.641765
rank #0: 2017-11-27 22:51:05,229 LBFGS        PARAM    0186          2.198457         59.291044          0.161733         23.641764
rank #0: 2017-11-27 22:51:05,524 LBFGS        PARAM    0187          2.198457         59.291258          0.161726         23.641764
rank #0: 2017-11-27 22:51:05,819 LBFGS        PARAM    0188          2.198456         59.291472          0.161720         23.641763
rank #0: 2017-11-27 22:51:06,113 LBFGS        PARAM    0189          2.198456         59.291685          0.161714         23.641763
rank #0: 2017-11-27 22:51:06,408 LBFGS        PARAM    0190          2.198455         59.291897          0.161708         23.641763
rank #0: 2017-11-27 22:51:06,703 LBFGS        PARAM    0191          2.198455         59.292112          0.161702         23.641762
rank #0: 2017-11-27 22:51:06,998 LBFGS        PARAM    0192          2.198455         59.292326          0.161696         23.641762
rank #0: 2017-11-27 22:51:07,291 LBFGS        PARAM    0193          2.198454         59.292539          0.161689         23.641761
rank #0: 2017-11-27 22:51:07,586 LBFGS        PARAM    0194          2.198454         59.292752          0.161683         23.641761
rank #0: 2017-11-27 22:51:07,881 LBFGS        PARAM    0195          2.198454         59.292965          0.161677         23.641760
rank #0: 2017-11-27 22:51:08,177 LBFGS        PARAM    0196          2.198453         59.293179          0.161671         23.641760
rank #0: 2017-11-27 22:51:08,472 LBFGS        PARAM    0197          2.198453         59.293392          0.161665         23.641760
rank #0: 2017-11-27 22:51:08,769 LBFGS        PARAM    0198          2.198453         59.293605          0.161659         23.641759
rank #0: 2017-11-27 22:51:09,066 LBFGS        PARAM    0199          2.198452         59.293818          0.161652         23.641759
rank #0: 2017-11-27 22:51:09,365 LBFGS        PARAM    0200          2.198452         59.294032          0.161646         23.641758
rank #0: 2017-11-27 22:51:09,662 LBFGS        PARAM    0201          2.198452         59.294244          0.161640         23.641758
rank #0: 2017-11-27 22:51:09,958 LBFGS        PARAM    0202          2.198451         59.294458          0.161634         23.641757
rank #0: 2017-11-27 22:51:10,252 LBFGS        PARAM    0203          2.198451         59.294672          0.161628         23.641757
rank #0: 2017-11-27 22:51:10,547 LBFGS        PARAM    0204          2.198451         59.294884          0.161622         23.641757
rank #0: 2017-11-27 22:51:10,841 LBFGS        PARAM    0205          2.198450         59.295097          0.161615         23.641756
rank #0: 2017-11-27 22:51:11,138 LBFGS        PARAM    0206          2.198450         59.295311          0.161609         23.641756
rank #0: 2017-11-27 22:51:11,435 LBFGS        PARAM    0207          2.198450         59.295524          0.161603         23.641755
rank #0: 2017-11-27 22:51:11,731 LBFGS        PARAM    0208          2.198449         59.295737          0.161597         23.641755
rank #0: 2017-11-27 22:51:12,029 LBFGS        PARAM    0209          2.198449         59.295950          0.161591         23.641754
rank #0: 2017-11-27 22:51:12,326 LBFGS        PARAM    0210          2.198449         59.296161          0.161585         23.641754
rank #0: 2017-11-27 22:51:12,620 LBFGS        PARAM    0211          2.198448         59.296375          0.161578         23.641754
rank #0: 2017-11-27 22:51:12,916 LBFGS        PARAM    0212          2.198448         59.296588          0.161572         23.641753
rank #0: 2017-11-27 22:51:13,211 LBFGS        PARAM    0213          2.198448         59.296800          0.161566         23.641753
rank #0: 2017-11-27 22:51:13,507 LBFGS        PARAM    0214          2.198447         59.297014          0.161560         23.641752
rank #0: 2017-11-27 22:51:13,803 LBFGS        PARAM    0215          2.198447         59.297227          0.161554         23.641752
rank #0: 2017-11-27 22:51:14,098 LBFGS        PARAM    0216          2.198447         59.297440          0.161548         23.641751
rank #0: 2017-11-27 22:51:14,391 LBFGS        PARAM    0217          2.198446         59.297652          0.161541         23.641751
rank #0: 2017-11-27 22:51:14,684 LBFGS        PARAM    0218          2.198446         59.297865          0.161535         23.641751
rank #0: 2017-11-27 22:51:14,978 LBFGS        PARAM    0219          2.198446         59.298078          0.161529         23.641750
rank #0: 2017-11-27 22:51:15,273 LBFGS        PARAM    0220          2.198445         59.298291          0.161523         23.641750
rank #0: 2017-11-27 22:51:15,568 LBFGS        PARAM    0221          2.198445         59.298504          0.161517         23.641749
rank #0: 2017-11-27 22:51:15,863 LBFGS        PARAM    0222          2.198445         59.298716          0.161511         23.641749
rank #0: 2017-11-27 22:51:16,159 LBFGS        PARAM    0223          2.198444         59.298929          0.161504         23.641749
rank #0: 2017-11-27 22:51:16,455 LBFGS        PARAM    0224          2.198444         59.299141          0.161498         23.641748
rank #0: 2017-11-27 22:51:16,750 LBFGS        PARAM    0225          2.198444         59.299354          0.161492         23.641748
rank #0: 2017-11-27 22:51:17,046 LBFGS        PARAM    0226          2.198443         59.299567          0.161486         23.641747
rank #0: 2017-11-27 22:51:17,342 LBFGS        PARAM    0227          2.198443         59.299778          0.161480         23.641747
rank #0: 2017-11-27 22:51:17,639 LBFGS        PARAM    0228          2.198443         59.299991          0.161474         23.641746
rank #0: 2017-11-27 22:51:17,935 LBFGS        PARAM    0229          2.198442         59.300204          0.161468         23.641746
rank #0: 2017-11-27 22:51:18,233 LBFGS        PARAM    0230          2.198442         59.300417          0.161461         23.641746
rank #0: 2017-11-27 22:51:18,530 LBFGS        PARAM    0231          2.198442         59.300629          0.161455         23.641745
rank #0: 2017-11-27 22:51:18,826 LBFGS        PARAM    0232          2.198441         59.300841          0.161449         23.641745
rank #0: 2017-11-27 22:51:19,120 LBFGS        PARAM    0233          2.198441         59.301054          0.161443         23.641744
rank #0: 2017-11-27 22:51:19,415 LBFGS        PARAM    0234          2.198441         59.301266          0.161437         23.641744
rank #0: 2017-11-27 22:51:19,712 LBFGS        PARAM    0235          2.198440         59.301478          0.161431         23.641743
rank #0: 2017-11-27 22:51:20,010 LBFGS        PARAM    0236          2.198440         59.301690          0.161425         23.641743
rank #0: 2017-11-27 22:51:20,308 LBFGS        PARAM    0237          2.198440         59.301902          0.161418         23.641743
rank #0: 2017-11-27 22:51:20,607 LBFGS        PARAM    0238          2.198439         59.302114          0.161412         23.641742
rank #0: 2017-11-27 22:51:20,905 LBFGS        PARAM    0239          2.198439         59.302328          0.161406         23.641742
rank #0: 2017-11-27 22:51:21,203 LBFGS        PARAM    0240          2.198439         59.302538          0.161400         23.641741
rank #0: 2017-11-27 22:51:21,499 LBFGS        PARAM    0241          2.198438         59.302752          0.161394         23.641741
rank #0: 2017-11-27 22:51:21,797 LBFGS        PARAM    0242          2.198438         59.302963          0.161388         23.641741
rank #0: 2017-11-27 22:51:22,093 LBFGS        PARAM    0243          2.198438         59.303176          0.161382         23.641740
rank #0: 2017-11-27 22:51:22,391 LBFGS        PARAM    0244          2.198437         59.303387          0.161375         23.641740
rank #0: 2017-11-27 22:51:22,686 LBFGS        PARAM    0245          2.198437         59.303599          0.161369         23.641739
rank #0: 2017-11-27 22:51:22,982 LBFGS        PARAM    0246          2.198437         59.303812          0.161363         23.641739
rank #0: 2017-11-27 22:51:23,277 LBFGS        PARAM    0247          2.198436         59.304025          0.161357         23.641738
rank #0: 2017-11-27 22:51:23,576 LBFGS        PARAM    0248          2.198436         59.304235          0.161351         23.641738
rank #0: 2017-11-27 22:51:23,876 LBFGS        PARAM    0249          2.198436         59.304448          0.161345         23.641738
rank #0: 2017-11-27 22:51:24,175 LBFGS        PARAM    0250          2.198435         59.304660          0.161339         23.641737
rank #0: 2017-11-27 22:51:24,469 LBFGS        PARAM    0251          2.198435         59.304871          0.161333         23.641737
rank #0: 2017-11-27 22:51:24,763 LBFGS        PARAM    0252          2.198435         59.305083          0.161326         23.641736
rank #0: 2017-11-27 22:51:25,056 LBFGS        PARAM    0253          2.198434         59.305295          0.161320         23.641736
rank #0: 2017-11-27 22:51:25,349 LBFGS        PARAM    0254          2.198434         59.305507          0.161314         23.641735
rank #0: 2017-11-27 22:51:25,642 LBFGS        PARAM    0255          2.198434         59.305719          0.161308         23.641735
rank #0: 2017-11-27 22:51:25,935 LBFGS        PARAM    0256          2.198433         59.305931          0.161302         23.641735
rank #0: 2017-11-27 22:51:26,229 LBFGS        PARAM    0257          2.198433         59.306143          0.161296         23.641734
rank #0: 2017-11-27 22:51:26,525 LBFGS        PARAM    0258          2.198433         59.306354          0.161290         23.641734
rank #0: 2017-11-27 22:51:26,821 LBFGS        PARAM    0259          2.198432         59.306566          0.161284         23.641733
rank #0: 2017-11-27 22:51:27,117 LBFGS        PARAM    0260          2.198432         59.306777          0.161277         23.641733
rank #0: 2017-11-27 22:51:27,412 LBFGS        PARAM    0261          2.198432         59.306989          0.161271         23.641733
rank #0: 2017-11-27 22:51:27,707 LBFGS        PARAM    0262          2.198431         59.307200          0.161265         23.641732
rank #0: 2017-11-27 22:51:28,002 LBFGS        PARAM    0263          2.198431         59.307412          0.161259         23.641732
rank #0: 2017-11-27 22:51:28,297 LBFGS        PARAM    0264          2.198431         59.307624          0.161253         23.641731
rank #0: 2017-11-27 22:51:28,592 LBFGS        PARAM    0265          2.198430         59.307836          0.161247         23.641731
rank #0: 2017-11-27 22:51:28,887 LBFGS        PARAM    0266          2.198430         59.308046          0.161241         23.641730
rank #0: 2017-11-27 22:51:29,182 LBFGS        PARAM    0267          2.198430         59.308259          0.161235         23.641730
rank #0: 2017-11-27 22:51:29,480 LBFGS        PARAM    0268          2.198429         59.308470          0.161228         23.641730
rank #0: 2017-11-27 22:51:29,776 LBFGS        PARAM    0269          2.198429         59.308681          0.161222         23.641729
rank #0: 2017-11-27 22:51:30,069 LBFGS        PARAM    0270          2.198429         59.308893          0.161216         23.641729
rank #0: 2017-11-27 22:51:30,361 LBFGS        PARAM    0271          2.198428         59.309104          0.161210         23.641728
rank #0: 2017-11-27 22:51:30,654 LBFGS        PARAM    0272          2.198428         59.309316          0.161204         23.641728
rank #0: 2017-11-27 22:51:30,946 LBFGS        PARAM    0273          2.198428         59.309527          0.161198         23.641727
rank #0: 2017-11-27 22:51:31,241 LBFGS        PARAM    0274          2.198427         59.309738          0.161192         23.641727
rank #0: 2017-11-27 22:51:31,534 LBFGS        PARAM    0275          2.198427         59.309949          0.161186         23.641727
rank #0: 2017-11-27 22:51:31,828 LBFGS        PARAM    0276          2.198427         59.310160          0.161180         23.641726
rank #0: 2017-11-27 22:51:32,123 LBFGS        PARAM    0277          2.198426         59.310372          0.161173         23.641726
rank #0: 2017-11-27 22:51:32,417 LBFGS        PARAM    0278          2.198426         59.310583          0.161167         23.641725
rank #0: 2017-11-27 22:51:32,712 LBFGS        PARAM    0279          2.198426         59.310795          0.161161         23.641725
rank #0: 2017-11-27 22:51:33,008 LBFGS        PARAM    0280          2.198425         59.311005          0.161155         23.641725
rank #0: 2017-11-27 22:51:33,306 LBFGS        PARAM    0281          2.198425         59.311216          0.161149         23.641724
rank #0: 2017-11-27 22:51:33,601 LBFGS        PARAM    0282          2.198425         59.311428          0.161143         23.641724
rank #0: 2017-11-27 22:51:33,895 LBFGS        PARAM    0283          2.198424         59.311638          0.161137         23.641723
rank #0: 2017-11-27 22:51:34,190 LBFGS        PARAM    0284          2.198424         59.311850          0.161131         23.641723
rank #0: 2017-11-27 22:51:34,485 LBFGS        PARAM    0285          2.198424         59.312061          0.161125         23.641722
rank #0: 2017-11-27 22:51:34,781 LBFGS        PARAM    0286          2.198423         59.312272          0.161118         23.641722
rank #0: 2017-11-27 22:51:35,076 LBFGS        PARAM    0287          2.198423         59.312483          0.161112         23.641722
rank #0: 2017-11-27 22:51:35,372 LBFGS        PARAM    0288          2.198423         59.312693          0.161106         23.641721
rank #0: 2017-11-27 22:51:35,667 LBFGS        PARAM    0289          2.198422         59.312905          0.161100         23.641721
rank #0: 2017-11-27 22:51:35,963 LBFGS        PARAM    0290          2.198422         59.313116          0.161094         23.641720
rank #0: 2017-11-27 22:51:36,260 LBFGS        PARAM    0291          2.198422         59.313327          0.161088         23.641720
rank #0: 2017-11-27 22:51:36,555 LBFGS        PARAM    0292          2.198421         59.313537          0.161082         23.641720
rank #0: 2017-11-27 22:51:36,850 LBFGS        PARAM    0293          2.198421         59.313748          0.161076         23.641719
rank #0: 2017-11-27 22:51:37,146 LBFGS        PARAM    0294          2.198421         59.313960          0.161070         23.641719
rank #0: 2017-11-27 22:51:37,442 LBFGS        PARAM    0295          2.198420         59.314170          0.161064         23.641718
rank #0: 2017-11-27 22:51:37,738 LBFGS        PARAM    0296          2.198420         59.314381          0.161057         23.641718
rank #0: 2017-11-27 22:51:38,033 LBFGS        PARAM    0297          2.198420         59.314592          0.161051         23.641717
rank #0: 2017-11-27 22:51:38,329 LBFGS        PARAM    0298          2.198419         59.314802          0.161045         23.641717
rank #0: 2017-11-27 22:51:38,625 LBFGS        PARAM    0299          2.198419         59.315013          0.161039         23.641717
rank #0: 2017-11-27 22:51:38,924 LBFGS        PARAM    0300          2.198419         59.315224          0.161033         23.641716
rank #0: 2017-11-27 22:51:39,222 LBFGS        PARAM    0301          2.198418         59.315434          0.161027         23.641716
rank #0: 2017-11-27 22:51:39,520 LBFGS        PARAM    0302          2.198418         59.315645          0.161021         23.641715
rank #0: 2017-11-27 22:51:39,816 LBFGS        PARAM    0303          2.198418         59.315855          0.161015         23.641715
rank #0: 2017-11-27 22:51:40,112 LBFGS        PARAM    0304          2.198417         59.316066          0.161009         23.641715
rank #0: 2017-11-27 22:51:40,407 LBFGS        PARAM    0305          2.198417         59.316276          0.161003         23.641714
rank #0: 2017-11-27 22:51:40,704 LBFGS        PARAM    0306          2.198417         59.316487          0.160997         23.641714
rank #0: 2017-11-27 22:51:41,001 LBFGS        PARAM    0307          2.198416         59.316698          0.160990         23.641713
rank #0: 2017-11-27 22:51:41,300 LBFGS        PARAM    0308          2.198416         59.316908          0.160984         23.641713
rank #0: 2017-11-27 22:51:41,596 LBFGS        PARAM    0309          2.198416         59.317118          0.160978         23.641712
rank #0: 2017-11-27 22:51:41,892 LBFGS        PARAM    0310          2.198415         59.317328          0.160972         23.641712
rank #0: 2017-11-27 22:51:42,187 LBFGS        PARAM    0311          2.198415         59.317539          0.160966         23.641712
rank #0: 2017-11-27 22:51:42,484 LBFGS        PARAM    0312          2.198415         59.317750          0.160960         23.641711
rank #0: 2017-11-27 22:51:42,780 LBFGS        PARAM    0313          2.198414         59.317959          0.160954         23.641711
rank #0: 2017-11-27 22:51:43,075 LBFGS        PARAM    0314          2.198414         59.318170          0.160948         23.641710
rank #0: 2017-11-27 22:51:43,369 LBFGS        PARAM    0315          2.198414         59.318380          0.160942         23.641710
rank #0: 2017-11-27 22:51:43,665 LBFGS        PARAM    0316          2.198413         59.318590          0.160936         23.641709
rank #0: 2017-11-27 22:51:43,961 LBFGS        PARAM    0317          2.198413         59.318800          0.160930         23.641709
rank #0: 2017-11-27 22:51:44,289 LBFGS        PARAM    0318          2.198413         59.319011          0.160924         23.641709
rank #0: 2017-11-27 22:51:44,584 LBFGS        PARAM    0319          2.198413         59.319222          0.160917         23.641708
rank #0: 2017-11-27 22:51:44,879 LBFGS        PARAM    0320          2.198412         59.319431          0.160911         23.641708
rank #0: 2017-11-27 22:51:45,172 LBFGS        PARAM    0321          2.198412         59.319642          0.160905         23.641707
rank #0: 2017-11-27 22:51:45,468 LBFGS        PARAM    0322          2.198412         59.319852          0.160899         23.641707
rank #0: 2017-11-27 22:51:45,761 LBFGS        PARAM    0323          2.198411         59.320062          0.160893         23.641707
rank #0: 2017-11-27 22:51:46,056 LBFGS        PARAM    0324          2.198411         59.320272          0.160887         23.641706
rank #0: 2017-11-27 22:51:46,352 LBFGS        PARAM    0325          2.198411         59.320482          0.160881         23.641706
rank #0: 2017-11-27 22:51:46,648 LBFGS        PARAM    0326          2.198410         59.320692          0.160875         23.641705
rank #0: 2017-11-27 22:51:46,942 LBFGS        PARAM    0327          2.198410         59.320901          0.160869         23.641705
rank #0: 2017-11-27 22:51:47,238 LBFGS        PARAM    0328          2.198410         59.321112          0.160863         23.641704
rank #0: 2017-11-27 22:51:47,533 LBFGS        PARAM    0329          2.198409         59.321322          0.160857         23.641704
rank #0: 2017-11-27 22:51:47,829 LBFGS        PARAM    0330          2.198409         59.321532          0.160851         23.641704
rank #0: 2017-11-27 22:51:48,125 LBFGS        PARAM    0331          2.198409         59.321742          0.160845         23.641703
rank #0: 2017-11-27 22:51:48,420 LBFGS        PARAM    0332          2.198408         59.321950          0.160839         23.641703
rank #0: 2017-11-27 22:51:48,715 LBFGS        PARAM    0333          2.198408         59.322161          0.160832         23.641702
rank #0: 2017-11-27 22:51:49,011 LBFGS        PARAM    0334          2.198408         59.322371          0.160826         23.641702
rank #0: 2017-11-27 22:51:49,307 LBFGS        PARAM    0335          2.198407         59.322581          0.160820         23.641702
rank #0: 2017-11-27 22:51:49,603 LBFGS        PARAM    0336          2.198407         59.322790          0.160814         23.641701
rank #0: 2017-11-27 22:51:49,898 LBFGS        PARAM    0337          2.198407         59.323001          0.160808         23.641701
rank #0: 2017-11-27 22:51:50,194 LBFGS        PARAM    0338          2.198406         59.323210          0.160802         23.641700
rank #0: 2017-11-27 22:51:50,490 LBFGS        PARAM    0339          2.198406         59.323419          0.160796         23.641700
rank #0: 2017-11-27 22:51:50,787 LBFGS        PARAM    0340          2.198406         59.323630          0.160790         23.641700
rank #0: 2017-11-27 22:51:51,083 LBFGS        PARAM    0341          2.198405         59.323839          0.160784         23.641699
rank #0: 2017-11-27 22:51:51,379 LBFGS        PARAM    0342          2.198405         59.324049          0.160778         23.641699
rank #0: 2017-11-27 22:51:51,674 LBFGS        PARAM    0343          2.198405         59.324258          0.160772         23.641698
rank #0: 2017-11-27 22:51:51,970 LBFGS        PARAM    0344          2.198404         59.324468          0.160766         23.641698
rank #0: 2017-11-27 22:51:52,265 LBFGS        PARAM    0345          2.198404         59.324676          0.160760         23.641697
rank #0: 2017-11-27 22:51:52,562 LBFGS        PARAM    0346          2.198404         59.324887          0.160754         23.641697
rank #0: 2017-11-27 22:51:52,859 LBFGS        PARAM    0347          2.198403         59.325095          0.160748         23.641697
rank #0: 2017-11-27 22:51:53,156 LBFGS        PARAM    0348          2.198403         59.325306          0.160742         23.641696
rank #0: 2017-11-27 22:51:53,454 LBFGS        PARAM    0349          2.198403         59.325515          0.160736         23.641696
rank #0: 2017-11-27 22:51:53,753 LBFGS        PARAM    0350          2.198402         59.325724          0.160729         23.641695
rank #0: 2017-11-27 22:51:54,050 LBFGS        PARAM    0351          2.198402         59.325934          0.160723         23.641695
rank #0: 2017-11-27 22:51:54,346 LBFGS        PARAM    0352          2.198402         59.326143          0.160717         23.641695
rank #0: 2017-11-27 22:51:54,642 LBFGS        PARAM    0353          2.198401         59.326352          0.160711         23.641694
rank #0: 2017-11-27 22:51:54,938 LBFGS        PARAM    0354          2.198401         59.326562          0.160705         23.641694
rank #0: 2017-11-27 22:51:55,233 LBFGS        PARAM    0355          2.198401         59.326771          0.160699         23.641693
rank #0: 2017-11-27 22:51:55,529 LBFGS        PARAM    0356          2.198400         59.326981          0.160693         23.641693
rank #0: 2017-11-27 22:51:55,824 LBFGS        PARAM    0357          2.198400         59.327189          0.160687         23.641692
rank #0: 2017-11-27 22:51:56,121 LBFGS        PARAM    0358          2.198400         59.327399          0.160681         23.641692
rank #0: 2017-11-27 22:51:56,416 LBFGS        PARAM    0359          2.198399         59.327608          0.160675         23.641692
rank #0: 2017-11-27 22:51:56,713 LBFGS        PARAM    0360          2.198399         59.327817          0.160669         23.641691
rank #0: 2017-11-27 22:51:57,009 LBFGS        PARAM    0361          2.198399         59.328027          0.160663         23.641691
rank #0: 2017-11-27 22:51:57,307 LBFGS        PARAM    0362          2.198398         59.328236          0.160657         23.641690
rank #0: 2017-11-27 22:51:57,604 LBFGS        PARAM    0363          2.198398         59.328444          0.160651         23.641690
rank #0: 2017-11-27 22:51:57,900 LBFGS        PARAM    0364          2.198398         59.328654          0.160645         23.641690
rank #0: 2017-11-27 22:51:58,196 LBFGS        PARAM    0365          2.198397         59.328864          0.160639         23.641689
rank #0: 2017-11-27 22:51:58,492 LBFGS        PARAM    0366          2.198397         59.329071          0.160633         23.641689
rank #0: 2017-11-27 22:51:58,787 LBFGS        PARAM    0367          2.198397         59.329281          0.160627         23.641688
rank #0: 2017-11-27 22:51:59,083 LBFGS        PARAM    0368          2.198396         59.329489          0.160621         23.641688
rank #0: 2017-11-27 22:51:59,380 LBFGS        PARAM    0369          2.198396         59.329699          0.160615         23.641687
rank #0: 2017-11-27 22:51:59,679 LBFGS        PARAM    0370          2.198396         59.329908          0.160609         23.641687
rank #0: 2017-11-27 22:51:59,977 LBFGS        PARAM    0371          2.198395         59.330115          0.160603         23.641687
rank #0: 2017-11-27 22:52:00,275 LBFGS        PARAM    0372          2.198395         59.330325          0.160597         23.641686
rank #0: 2017-11-27 22:52:00,572 LBFGS        PARAM    0373          2.198395         59.330534          0.160591         23.641686
rank #0: 2017-11-27 22:52:00,869 LBFGS        PARAM    0374          2.198394         59.330742          0.160584         23.641685
rank #0: 2017-11-27 22:52:01,166 LBFGS        PARAM    0375          2.198394         59.330952          0.160578         23.641685
rank #0: 2017-11-27 22:52:01,462 LBFGS        PARAM    0376          2.198394         59.331161          0.160572         23.641685
rank #0: 2017-11-27 22:52:01,758 LBFGS        PARAM    0377          2.198393         59.331369          0.160566         23.641684
rank #0: 2017-11-27 22:52:02,054 LBFGS        PARAM    0378          2.198393         59.331578          0.160560         23.641684
rank #0: 2017-11-27 22:52:02,350 LBFGS        PARAM    0379          2.198393         59.331786          0.160554         23.641683
rank #0: 2017-11-27 22:52:02,646 LBFGS        PARAM    0380          2.198392         59.331995          0.160548         23.641683
rank #0: 2017-11-27 22:52:02,941 LBFGS        PARAM    0381          2.198392         59.332204          0.160542         23.641683
rank #0: 2017-11-27 22:52:03,235 LBFGS        PARAM    0382          2.198392         59.332413          0.160536         23.641682
rank #0: 2017-11-27 22:52:03,530 LBFGS        PARAM    0383          2.198391         59.332621          0.160530         23.641682
rank #0: 2017-11-27 22:52:03,825 LBFGS        PARAM    0384          2.198391         59.332830          0.160524         23.641681
rank #0: 2017-11-27 22:52:04,120 LBFGS        PARAM    0385          2.198391         59.333038          0.160518         23.641681
rank #0: 2017-11-27 22:52:04,415 LBFGS        PARAM    0386          2.198390         59.333247          0.160512         23.641680
rank #0: 2017-11-27 22:52:04,711 LBFGS        PARAM    0387          2.198390         59.333455          0.160506         23.641680
rank #0: 2017-11-27 22:52:05,006 LBFGS        PARAM    0388          2.198390         59.333664          0.160500         23.641680
rank #0: 2017-11-27 22:52:05,302 LBFGS        PARAM    0389          2.198389         59.333872          0.160494         23.641679
rank #0: 2017-11-27 22:52:05,598 LBFGS        PARAM    0390          2.198389         59.334081          0.160488         23.641679
rank #0: 2017-11-27 22:52:05,894 LBFGS        PARAM    0391          2.198389         59.334289          0.160482         23.641678
rank #0: 2017-11-27 22:52:06,190 LBFGS        PARAM    0392          2.198388         59.334498          0.160476         23.641678
rank #0: 2017-11-27 22:52:06,485 LBFGS        PARAM    0393          2.198388         59.334706          0.160470         23.641678
rank #0: 2017-11-27 22:52:06,782 LBFGS        PARAM    0394          2.198388         59.334913          0.160464         23.641677
rank #0: 2017-11-27 22:52:07,078 LBFGS        PARAM    0395          2.198387         59.335123          0.160458         23.641677
rank #0: 2017-11-27 22:52:07,375 LBFGS        PARAM    0396          2.198387         59.335331          0.160452         23.641676
rank #0: 2017-11-27 22:52:07,672 LBFGS        PARAM    0397          2.198387         59.335539          0.160446         23.641676
rank #0: 2017-11-27 22:52:07,969 LBFGS        PARAM    0398          2.198386         59.335747          0.160440         23.641676
rank #0: 2017-11-27 22:52:08,265 LBFGS        PARAM    0399          2.198386         59.335956          0.160434         23.641675
rank #0: 2017-11-27 22:52:08,563 LBFGS        PARAM    0400          2.198386         59.336163          0.160428         23.641675
rank #0: 2017-11-27 22:52:08,861 LBFGS        PARAM    0401          2.198386         59.336373          0.160422         23.641674
rank #0: 2017-11-27 22:52:09,161 LBFGS        PARAM    0402          2.198385         59.336579          0.160416         23.641674
rank #0: 2017-11-27 22:52:09,459 LBFGS        PARAM    0403          2.198385         59.336789          0.160410         23.641673
rank #0: 2017-11-27 22:52:09,757 LBFGS        PARAM    0404          2.198385         59.336996          0.160404         23.641673
rank #0: 2017-11-27 22:52:10,054 LBFGS        PARAM    0405          2.198384         59.337203          0.160398         23.641673
rank #0: 2017-11-27 22:52:10,351 LBFGS        PARAM    0406          2.198384         59.337412          0.160392         23.641672
rank #0: 2017-11-27 22:52:10,648 LBFGS        PARAM    0407          2.198384         59.337620          0.160386         23.641672
rank #0: 2017-11-27 22:52:10,945 LBFGS        PARAM    0408          2.198383         59.337827          0.160380         23.641671
rank #0: 2017-11-27 22:52:11,240 LBFGS        PARAM    0409          2.198383         59.338035          0.160374         23.641671
rank #0: 2017-11-27 22:52:11,535 LBFGS        PARAM    0410          2.198383         59.338243          0.160368         23.641671
rank #0: 2017-11-27 22:52:11,830 LBFGS        PARAM    0411          2.198382         59.338451          0.160362         23.641670
rank #0: 2017-11-27 22:52:12,125 LBFGS        PARAM    0412          2.198382         59.338661          0.160356         23.641670
rank #0: 2017-11-27 22:52:12,420 LBFGS        PARAM    0413          2.198382         59.338868          0.160350         23.641669
rank #0: 2017-11-27 22:52:12,716 LBFGS        PARAM    0414          2.198381         59.339075          0.160344         23.641669
rank #0: 2017-11-27 22:52:13,012 LBFGS        PARAM    0415          2.198381         59.339283          0.160338         23.641669
rank #0: 2017-11-27 22:52:13,309 LBFGS        PARAM    0416          2.198381         59.339491          0.160332         23.641668
rank #0: 2017-11-27 22:52:13,604 LBFGS        PARAM    0417          2.198380         59.339698          0.160326         23.641668
rank #0: 2017-11-27 22:52:13,900 LBFGS        PARAM    0418          2.198380         59.339907          0.160320         23.641667
rank #0: 2017-11-27 22:52:14,196 LBFGS        PARAM    0419          2.198380         59.340114          0.160314         23.641667
rank #0: 2017-11-27 22:52:14,492 LBFGS        PARAM    0420          2.198379         59.340321          0.160308         23.641667
rank #0: 2017-11-27 22:52:14,787 LBFGS        PARAM    0421          2.198379         59.340529          0.160302         23.641666
rank #0: 2017-11-27 22:52:15,084 LBFGS        PARAM    0422          2.198379         59.340737          0.160296         23.641666
rank #0: 2017-11-27 22:52:15,379 LBFGS        PARAM    0423          2.198378         59.340945          0.160290         23.641665
rank #0: 2017-11-27 22:52:15,676 LBFGS        PARAM    0424          2.198378         59.341152          0.160284         23.641665
rank #0: 2017-11-27 22:52:15,972 LBFGS        PARAM    0425          2.198378         59.341360          0.160278         23.641664
rank #0: 2017-11-27 22:52:16,270 LBFGS        PARAM    0426          2.198377         59.341567          0.160272         23.641664
rank #0: 2017-11-27 22:52:16,566 LBFGS        PARAM    0427          2.198377         59.341775          0.160266         23.641664
rank #0: 2017-11-27 22:52:16,864 LBFGS        PARAM    0428          2.198377         59.341982          0.160260         23.641663
rank #0: 2017-11-27 22:52:17,162 LBFGS        PARAM    0429          2.198376         59.342190          0.160254         23.641663
rank #0: 2017-11-27 22:52:17,459 LBFGS        PARAM    0430          2.198376         59.342397          0.160248         23.641662
rank #0: 2017-11-27 22:52:17,757 LBFGS        PARAM    0431          2.198376         59.342605          0.160242         23.641662
rank #0: 2017-11-27 22:52:18,054 LBFGS        PARAM    0432          2.198375         59.342812          0.160236         23.641662
rank #0: 2017-11-27 22:52:18,352 LBFGS        PARAM    0433          2.198375         59.343019          0.160230         23.641661
rank #0: 2017-11-27 22:52:18,650 LBFGS        PARAM    0434          2.198375         59.343227          0.160224         23.641661
rank #0: 2017-11-27 22:52:18,947 LBFGS        PARAM    0435          2.198374         59.343433          0.160218         23.641660
rank #0: 2017-11-27 22:52:19,245 LBFGS        PARAM    0436          2.198374         59.343642          0.160212         23.641660
rank #0: 2017-11-27 22:52:19,541 LBFGS        PARAM    0437          2.198374         59.343849          0.160206         23.641660
rank #0: 2017-11-27 22:52:19,840 LBFGS        PARAM    0438          2.198373         59.344056          0.160200         23.641659
rank #0: 2017-11-27 22:52:20,138 LBFGS        PARAM    0439          2.198373         59.344263          0.160194         23.641659
rank #0: 2017-11-27 22:52:20,436 LBFGS        PARAM    0440          2.198373         59.344469          0.160188         23.641658
rank #0: 2017-11-27 22:52:20,733 LBFGS        PARAM    0441          2.198372         59.344677          0.160182         23.641658
rank #0: 2017-11-27 22:52:21,031 LBFGS        PARAM    0442          2.198372         59.344885          0.160176         23.641657
rank #0: 2017-11-27 22:52:21,328 LBFGS        PARAM    0443          2.198372         59.345091          0.160170         23.641657
rank #0: 2017-11-27 22:52:21,627 LBFGS        PARAM    0444          2.198371         59.345299          0.160164         23.641657
rank #0: 2017-11-27 22:52:21,925 LBFGS        PARAM    0445          2.198371         59.345505          0.160158         23.641656
rank #0: 2017-11-27 22:52:22,223 LBFGS        PARAM    0446          2.198371         59.345713          0.160152         23.641656
rank #0: 2017-11-27 22:52:22,520 LBFGS        PARAM    0447          2.198370         59.345920          0.160146         23.641655
rank #0: 2017-11-27 22:52:22,816 LBFGS        PARAM    0448          2.198370         59.346127          0.160140         23.641655
rank #0: 2017-11-27 22:52:23,113 LBFGS        PARAM    0449          2.198370         59.346334          0.160134         23.641655
rank #0: 2017-11-27 22:52:23,410 LBFGS        PARAM    0450          2.198370         59.346540          0.160128         23.641654
rank #0: 2017-11-27 22:52:23,706 LBFGS        PARAM    0451          2.198369         59.346747          0.160122         23.641654
rank #0: 2017-11-27 22:52:24,003 LBFGS        PARAM    0452          2.198369         59.346955          0.160116         23.641653
rank #0: 2017-11-27 22:52:24,299 LBFGS        PARAM    0453          2.198369         59.347161          0.160110         23.641653
rank #0: 2017-11-27 22:52:24,595 LBFGS        PARAM    0454          2.198368         59.347368          0.160104         23.641653
rank #0: 2017-11-27 22:52:24,890 LBFGS        PARAM    0455          2.198368         59.347575          0.160098         23.641652
rank #0: 2017-11-27 22:52:25,186 LBFGS        PARAM    0456          2.198368         59.347782          0.160092         23.641652
rank #0: 2017-11-27 22:52:25,482 LBFGS        PARAM    0457          2.198367         59.347989          0.160087         23.641651
rank #0: 2017-11-27 22:52:25,778 LBFGS        PARAM    0458          2.198367         59.348196          0.160081         23.641651
rank #0: 2017-11-27 22:52:26,075 LBFGS        PARAM    0459          2.198367         59.348402          0.160075         23.641651
rank #0: 2017-11-27 22:52:26,372 LBFGS        PARAM    0460          2.198366         59.348609          0.160069         23.641650
rank #0: 2017-11-27 22:52:26,668 LBFGS        PARAM    0461          2.198366         59.348816          0.160063         23.641650
rank #0: 2017-11-27 22:52:26,965 LBFGS        PARAM    0462          2.198366         59.349022          0.160057         23.641649
rank #0: 2017-11-27 22:52:27,262 LBFGS        PARAM    0463          2.198365         59.349229          0.160051         23.641649
rank #0: 2017-11-27 22:52:27,560 LBFGS        PARAM    0464          2.198365         59.349436          0.160045         23.641649
rank #0: 2017-11-27 22:52:27,856 LBFGS        PARAM    0465          2.198365         59.349642          0.160039         23.641648
rank #0: 2017-11-27 22:52:28,153 LBFGS        PARAM    0466          2.198364         59.349848          0.160033         23.641648
rank #0: 2017-11-27 22:52:28,450 LBFGS        PARAM    0467          2.198364         59.350055          0.160027         23.641647
rank #0: 2017-11-27 22:52:28,747 LBFGS        PARAM    0468          2.198364         59.350262          0.160021         23.641647
rank #0: 2017-11-27 22:52:29,046 LBFGS        PARAM    0469          2.198363         59.350468          0.160015         23.641646
rank #0: 2017-11-27 22:52:29,345 LBFGS        PARAM    0470          2.198363         59.350675          0.160009         23.641646
rank #0: 2017-11-27 22:52:29,646 LBFGS        PARAM    0471          2.198363         59.350881          0.160003         23.641646
rank #0: 2017-11-27 22:52:29,944 LBFGS        PARAM    0472          2.198362         59.351087          0.159997         23.641645
rank #0: 2017-11-27 22:52:30,240 LBFGS        PARAM    0473          2.198362         59.351294          0.159991         23.641645
rank #0: 2017-11-27 22:52:30,538 LBFGS        PARAM    0474          2.198362         59.351500          0.159985         23.641644
rank #0: 2017-11-27 22:52:30,837 LBFGS        PARAM    0475          2.198361         59.351707          0.159979         23.641644
rank #0: 2017-11-27 22:52:31,135 LBFGS        PARAM    0476          2.198361         59.351913          0.159973         23.641644
rank #0: 2017-11-27 22:52:31,430 LBFGS        PARAM    0477          2.198361         59.352119          0.159967         23.641643
rank #0: 2017-11-27 22:52:31,726 LBFGS        PARAM    0478          2.198360         59.352326          0.159961         23.641643
rank #0: 2017-11-27 22:52:32,022 LBFGS        PARAM    0479          2.198360         59.352531          0.159955         23.641642
rank #0: 2017-11-27 22:52:32,317 LBFGS        PARAM    0480          2.198360         59.352738          0.159950         23.641642
rank #0: 2017-11-27 22:52:32,613 LBFGS        PARAM    0481          2.198359         59.352944          0.159944         23.641642
rank #0: 2017-11-27 22:52:32,911 LBFGS        PARAM    0482          2.198359         59.353150          0.159938         23.641641
rank #0: 2017-11-27 22:52:33,207 LBFGS        PARAM    0483          2.198359         59.353358          0.159932         23.641641
rank #0: 2017-11-27 22:52:33,502 LBFGS        PARAM    0484          2.198358         59.353563          0.159926         23.641640
rank #0: 2017-11-27 22:52:33,796 LBFGS        PARAM    0485          2.198358         59.353769          0.159920         23.641640
rank #0: 2017-11-27 22:52:34,092 LBFGS        PARAM    0486          2.198358         59.353976          0.159914         23.641640
rank #0: 2017-11-27 22:52:34,387 LBFGS        PARAM    0487          2.198357         59.354181          0.159908         23.641639
rank #0: 2017-11-27 22:52:34,682 LBFGS        PARAM    0488          2.198357         59.354386          0.159902         23.641639
rank #0: 2017-11-27 22:52:34,977 LBFGS        PARAM    0489          2.198357         59.354593          0.159896         23.641638
rank #0: 2017-11-27 22:52:35,273 LBFGS        PARAM    0490          2.198357         59.354800          0.159890         23.641638
rank #0: 2017-11-27 22:52:35,568 LBFGS        PARAM    0491          2.198356         59.355005          0.159884         23.641638
rank #0: 2017-11-27 22:52:35,863 LBFGS        PARAM    0492          2.198356         59.355211          0.159878         23.641637
rank #0: 2017-11-27 22:52:36,159 LBFGS        PARAM    0493          2.198356         59.355417          0.159872         23.641637
rank #0: 2017-11-27 22:52:36,455 LBFGS        PARAM    0494          2.198355         59.355623          0.159866         23.641636
rank #0: 2017-11-27 22:52:36,751 LBFGS        PARAM    0495          2.198355         59.355829          0.159860         23.641636
rank #0: 2017-11-27 22:52:37,049 LBFGS        PARAM    0496          2.198355         59.356035          0.159854         23.641636
rank #0: 2017-11-27 22:52:37,347 LBFGS        PARAM    0497          2.198354         59.356240          0.159849         23.641635
rank #0: 2017-11-27 22:52:37,646 LBFGS        PARAM    0498          2.198354         59.356446          0.159843         23.641635
rank #0: 2017-11-27 22:52:37,943 LBFGS        PARAM    0499          2.198354         59.356651          0.159837         23.641634
rank #0: 2017-11-27 22:52:38,241 LBFGS        INFO     Maximum number of iterations reached.
rank #0: 2017-11-27 22:52:38,241 LBFGS        PARAM    0500          2.198353         59.356858          0.159831         23.641634
rank #0: 2017-11-27 22:52:38,242 rsdfit.lbfgs_fitter WARNING  ...LBFGS optimization finished. Time elapsed: 0:02:27.87
rank #0: 2017-11-27 22:52:38,242 rsdfit.lbfgs_fitter ERROR    nonlinear fit with method L-BFGS-B failed: Maximum number of iterations reached.
rank #0: 2017-11-27 22:52:38,242 rsdfit.fitting_driver INFO     rank 196 on nid00500     ...fitting complete
rank #0: 2017-11-27 22:52:38,244 rsdfit.fitting_driver INFO     rank 196 on nid00500     Saving the results to `/global/cscratch1/sd/nhand/eBOSS/fits/results/mocks/ezmock/v1.8e-fph/0.0001-0.05/basemodel-fnl/0.8-2.2/QSO-S-0224-P0+P2-mock-cov-b6abb0373d/2017-11-27_nlopt_500i_chain0__1.npz`
rank #0: 2017-11-27 22:52:38,263 pyRSD.analysis.lbfgs_results INFO     
minimum chi2 = 23.6416338954

Free parameters [ mean ]
_______________
b1             : 2.19835326622
f_nl           : 59.3568579892
sigma_fog      : 0.159830706513

Constrained parameters [ mean ]
_________________________
b1sigma8       : 0.874910703278
