rank #0: 2018-10-08 10:20:56,517 rsdfit.fitting_driver INFO     rank 58 on nid00694     Calling the 'nlopt' solve function
rank #0: 2018-10-08 10:20:56,518 rsdfit.lbfgs_fitter INFO     running LBFGS for 500 iterations and then stopping
rank #0: 2018-10-08 10:20:56,519 rsdfit.lbfgs_fitter INFO     running LBFGS minimizer with priors
rank #0: 2018-10-08 10:20:56,520 root         INFO     Iter           N          b1        f_nl   sigma_fog   F(X)     
rank #0: 2018-10-08 10:20:56,521 rsdfit.lbfgs_fitter INFO     computing gradient using numerical derivative of lnlike()
rank #0: 2018-10-08 10:20:57,727 LBFGS        INFO     options = {'factr': 100000.0, 'gtol': 1e-05, 'max_iter': 500, 'test_convergence': False}
rank #0: 2018-10-08 10:20:57,728 LBFGS        PARAM    0000          0.000000          2.000000          0.000000          4.000000        140.762391
rank #0: 2018-10-08 10:20:59,135 LBFGS        PARAM    0001         66.511596          2.154441          1.190821          3.970045        110.727669
rank #0: 2018-10-08 10:21:00,380 LBFGS        PARAM    0002        -22.979641          2.474508          6.096898          4.071930         88.618792
rank #0: 2018-10-08 10:21:01,625 LBFGS        PARAM    0003       -138.437313          2.474912          6.527637          4.205781         83.539538
rank #0: 2018-10-08 10:21:02,891 LBFGS        PARAM    0004       -399.517831          2.548606          8.886089          4.529333         79.450270
rank #0: 2018-10-08 10:21:04,133 LBFGS        PARAM    0005       -383.837615          2.546398          8.845877          4.576141         79.371156
rank #0: 2018-10-08 10:21:05,399 LBFGS        PARAM    0006       -310.113460          2.548387          9.204217          4.896957         79.145424
rank #0: 2018-10-08 10:21:06,645 LBFGS        PARAM    0007       -311.444930          2.546613          8.912221          4.908353         79.143901
rank #0: 2018-10-08 10:21:07,890 LBFGS        PARAM    0008       -311.455538          2.547495          9.000264          4.907349         79.143535
rank #0: 2018-10-08 10:21:09,159 LBFGS        PARAM    0009       -311.534835          2.547553          8.993411          4.907545         79.143532
rank #0: 2018-10-08 10:21:10,411 LBFGS        PARAM    0010       -311.647717          2.547645          8.950927          4.907812         79.143524
rank #0: 2018-10-08 10:21:11,683 LBFGS        PARAM    0011       -311.825669          2.547829          8.794746          4.908177         79.143506
rank #0: 2018-10-08 10:21:12,929 LBFGS        PARAM    0012       -311.806370          2.547877          8.660559          4.908046         79.143496
rank #0: 2018-10-08 10:21:14,171 LBFGS        PARAM    0013       -311.741443          2.547847          8.630584          4.907857         79.143495
rank #0: 2018-10-08 10:21:15,431 LBFGS        PARAM    0014       -311.729497          2.547838          8.632685          4.907827         79.143495
rank #0: 2018-10-08 10:21:16,670 LBFGS        PARAM    0015       -311.728320          2.547837          8.633518          4.907824         79.143495
rank #0: 2018-10-08 10:21:17,932 LBFGS        PARAM    0016       -311.728300          2.547837          8.633570          4.907824         79.143495
rank #0: 2018-10-08 10:21:19,455 LBFGS        PARAM    0017       -311.728300          2.547837          8.633570          4.907824         79.143495
rank #0: 2018-10-08 10:22:13,007 LBFGS        INFO     Linesearch failed in both LBFGS and gradient directions
rank #0: 2018-10-08 10:22:13,008 LBFGS        PARAM    0017       -311.728300          2.547837          8.633570          4.907824         79.143495
rank #0: 2018-10-08 10:22:13,009 rsdfit.lbfgs_fitter WARNING  ...LBFGS optimization finished. Time elapsed: 0:01:15.28
rank #0: 2018-10-08 10:22:13,011 rsdfit.lbfgs_fitter ERROR    nonlinear fit with method L-BFGS-B failed: Linesearch failed in both LBFGS and gradient directions
rank #0: 2018-10-08 10:22:13,012 rsdfit.fitting_driver INFO     rank 58 on nid00694     ...fitting complete
rank #0: 2018-10-08 10:22:13,016 rsdfit.fitting_driver INFO     rank 58 on nid00694     Saving the results to `/global/cscratch1/sd/nhand/eBOSS/fits/results/mocks/ezmock/v1.8e-fph/0.0001-0.3/basemodel-N-fnl/0.8-2.2/QSO-N-0889-P0+P2-mock-cov-4ae05ce33e/2018-10-08_nlopt_17i_chain0__1.npz`
rank #0: 2018-10-08 10:22:13,105 pyRSD.analysis.lbfgs_results INFO     
minimum chi2 = 79.1434952427

Free parameters [ mean ]
_______________
N              : -311.728299632
b1             : 2.54783676123
f_nl           : 8.63357040092
sigma_fog      : 4.90782430979

Constrained parameters [ mean ]
_________________________
b1sigma8       : 0.922911846892
