rank #0: 2017-11-27 21:40:21,682 rsdfit.fitting_driver INFO     rank 204 on nid00533     Calling the 'nlopt' solve function
rank #0: 2017-11-27 21:40:21,683 rsdfit.lbfgs_fitter INFO     running LBFGS for 500 iterations and then stopping
rank #0: 2017-11-27 21:40:21,683 rsdfit.lbfgs_fitter INFO     running LBFGS minimizer with priors
rank #0: 2017-11-27 21:40:21,683 root         INFO     Iter           N          b1           f    sigma8_z   sigma_fog   F(X)     
rank #0: 2017-11-27 21:40:22,297 LBFGS        INFO     options = {'factr': 100000.0, 'gtol': 1e-05, 'max_iter': 500, 'test_convergence': False}
rank #0: 2017-11-27 21:40:22,298 LBFGS        PARAM    0000          0.000000          2.000000          0.930915          0.398003          4.000000         87.786535
rank #0: 2017-11-27 21:40:22,982 LBFGS        PARAM    0001          0.150382          2.002244          0.931001          0.399500          3.999687         86.728645
rank #0: 2017-11-27 21:40:23,611 LBFGS        PARAM    0002         -9.857831          2.053504          0.932322          0.430319          4.004487         77.597534
rank #0: 2017-11-27 21:40:24,235 LBFGS        PARAM    0003        -16.466432          2.044890          0.931604          0.424330          4.013046         77.085368
rank #0: 2017-11-27 21:40:24,863 LBFGS        PARAM    0004        -24.215569          2.046985          0.931225          0.424659          4.021196         76.995756
rank #0: 2017-11-27 21:40:25,485 LBFGS        PARAM    0005       -189.419672          2.083838          0.922702          0.426586          4.195407         75.902934
rank #0: 2017-11-27 21:40:26,108 LBFGS        PARAM    0006       -269.873810          2.099499          0.917793          0.424574          4.277148         75.603516
rank #0: 2017-11-27 21:40:26,730 LBFGS        PARAM    0007       -302.256648          2.108415          0.914395          0.421996          4.301915         75.520258
rank #0: 2017-11-27 21:40:27,351 LBFGS        PARAM    0008       -305.170844          2.110901          0.913390          0.421165          4.299955         75.510020
rank #0: 2017-11-27 21:40:27,975 LBFGS        PARAM    0009       -307.699505          2.116659          0.911260          0.419709          4.290423         75.491691
rank #0: 2017-11-27 21:40:28,603 LBFGS        PARAM    0010       -311.594920          2.132148          0.905847          0.416552          4.262022         75.449679
rank #0: 2017-11-27 21:40:29,226 LBFGS        PARAM    0011       -317.475966          2.166785          0.894133          0.410498          4.195540         75.366176
rank #0: 2017-11-27 21:40:29,842 LBFGS        PARAM    0012       -324.870643          2.222981          0.875489          0.401969          4.082940         75.236023
rank #0: 2017-11-27 21:40:30,464 LBFGS        PARAM    0013       -341.432732          2.292888          0.851346          0.393089          3.916266         75.052875
rank #0: 2017-11-27 21:40:31,086 LBFGS        PARAM    0014       -368.989543          2.356153          0.828578          0.386657          3.733486         74.905325
rank #0: 2017-11-27 21:40:31,702 LBFGS        PARAM    0015       -389.133706          2.390065          0.816303          0.383220          3.633541         74.876453
rank #0: 2017-11-27 21:40:32,323 LBFGS        PARAM    0016       -402.178170          2.409591          0.809254          0.380954          3.573288         74.867195
rank #0: 2017-11-27 21:40:32,938 LBFGS        PARAM    0017       -424.193846          2.428379          0.802820          0.378530          3.484436         74.843954
rank #0: 2017-11-27 21:40:33,551 LBFGS        PARAM    0018       -453.276487          2.429809          0.802963          0.378180          3.390769         74.815605
rank #0: 2017-11-27 21:40:34,164 LBFGS        PARAM    0019       -454.765256          2.412381          0.809471          0.380202          3.402109         74.810051
rank #0: 2017-11-27 21:40:34,781 LBFGS        PARAM    0020       -452.007237          2.406225          0.811708          0.380920          3.416628         74.809774
rank #0: 2017-11-27 21:40:35,400 LBFGS        PARAM    0021       -451.751243          2.406061          0.811757          0.380948          3.417701         74.809772
rank #0: 2017-11-27 21:40:36,018 LBFGS        PARAM    0022       -451.727276          2.406056          0.811758          0.380949          3.417775         74.809772
rank #0: 2017-11-27 21:40:36,698 LBFGS        PARAM    0023       -451.726943          2.406056          0.811758          0.380949          3.417775         74.809772
rank #0: 2017-11-27 21:40:37,550 LBFGS        PARAM    0024       -451.726906          2.406056          0.811758          0.380949          3.417775         74.809772
rank #0: 2017-11-27 21:40:38,406 LBFGS        PARAM    0025       -451.726844          2.406056          0.811758          0.380949          3.417775         74.809772
rank #0: 2017-11-27 21:41:01,369 LBFGS        INFO     Linesearch failed in both LBFGS and gradient directions
rank #0: 2017-11-27 21:41:01,369 LBFGS        PARAM    0025       -451.726844          2.406056          0.811758          0.380949          3.417775         74.809772
rank #0: 2017-11-27 21:41:01,370 rsdfit.lbfgs_fitter WARNING  ...LBFGS optimization finished. Time elapsed: 0:00:39.07
rank #0: 2017-11-27 21:41:01,370 rsdfit.lbfgs_fitter ERROR    nonlinear fit with method L-BFGS-B failed: Linesearch failed in both LBFGS and gradient directions
rank #0: 2017-11-27 21:41:01,371 rsdfit.fitting_driver INFO     rank 204 on nid00533     ...fitting complete
rank #0: 2017-11-27 21:41:01,373 rsdfit.fitting_driver INFO     rank 204 on nid00533     Saving the results to `/global/cscratch1/sd/nhand/eBOSS/fits/results/mocks/ezmock/v1.8e-fph/0.0001-0.3/basemodel-fs8-N/0.8-2.2/QSO-S-0338-P0+P2-mock-cov-5d97c0eb2d/2017-11-27_nlopt_25i_chain0__1.npz`
rank #0: 2017-11-27 21:41:01,392 pyRSD.analysis.lbfgs_results INFO     
minimum chi2 = 74.8097716545

Free parameters [ mean ]
_______________
N              : -451.726844248
b1             : 2.40605646929
f              : 0.811758397695
sigma8_z       : 0.380948586078
sigma_fog      : 3.41777494871

Constrained parameters [ mean ]
_________________________
b1sigma8       : 0.91658381
fsigma8        : 0.309238213839
