rank #0: 2018-06-24 13:18:38,395 rsdfit.fitting_driver INFO     rank 7 on nid00868     Calling the 'nlopt' solve function
rank #0: 2018-06-24 13:18:38,396 rsdfit.lbfgs_fitter INFO     running LBFGS for 500 iterations and then stopping
rank #0: 2018-06-24 13:18:38,396 rsdfit.lbfgs_fitter INFO     running LBFGS minimizer with priors
rank #0: 2018-06-24 13:18:38,397 root         INFO     Iter           N          b1        f_nl   sigma_fog   F(X)     
rank #0: 2018-06-24 13:18:38,983 LBFGS        INFO     options = {'factr': 100000.0, 'gtol': 1e-05, 'max_iter': 500, 'test_convergence': False}
rank #0: 2018-06-24 13:18:38,984 LBFGS        PARAM    0000          0.000000          2.000000          0.000000          4.000000         97.884628
rank #0: 2018-06-24 13:18:39,650 LBFGS        PARAM    0001         -6.469685          2.060596          0.496844          3.999786         88.518352
rank #0: 2018-06-24 13:18:40,249 LBFGS        PARAM    0002       -139.627517          2.208609          2.415491          4.069121         76.662354
rank #0: 2018-06-24 13:18:40,832 LBFGS        PARAM    0003       -255.511833          2.237336          3.088728          4.138061         73.387316
rank #0: 2018-06-24 13:18:41,432 LBFGS        PARAM    0004       -382.571383          2.248731          3.691223          4.183337         71.975557
rank #0: 2018-06-24 13:18:42,033 LBFGS        PARAM    0005       -386.484579          2.250331          3.849300          4.169400         71.956444
rank #0: 2018-06-24 13:18:42,617 LBFGS        PARAM    0006       -410.699026          2.254369          4.985813          4.057146         71.869351
rank #0: 2018-06-24 13:18:43,217 LBFGS        PARAM    0007       -423.484220          2.252297          5.841459          3.981125         71.836758
rank #0: 2018-06-24 13:18:43,818 LBFGS        PARAM    0008       -426.178340          2.249295          6.826477          3.954909         71.827694
rank #0: 2018-06-24 13:18:44,418 LBFGS        PARAM    0009       -425.932719          2.247915          7.415672          3.950300         71.825789
rank #0: 2018-06-24 13:18:45,003 LBFGS        PARAM    0010       -425.266050          2.246660          8.308329          3.948159         71.823549
rank #0: 2018-06-24 13:18:45,605 LBFGS        PARAM    0011       -423.576497          2.244089         11.075008          3.945084         71.817437
rank #0: 2018-06-24 13:18:46,205 LBFGS        PARAM    0012       -421.013770          2.240780         16.442102          3.942485         71.806881
rank #0: 2018-06-24 13:18:46,790 LBFGS        PARAM    0013       -418.394652          2.238119         24.010090          3.942124         71.793798
rank #0: 2018-06-24 13:18:47,391 LBFGS        PARAM    0014       -418.037746          2.238586         28.114716          3.944337         71.787057
rank #0: 2018-06-24 13:18:47,993 LBFGS        PARAM    0015       -418.082472          2.239698         27.925578          3.948181         71.786233
rank #0: 2018-06-24 13:18:48,596 LBFGS        PARAM    0016       -418.211142          2.240031         27.500346          3.949036         71.786197
rank #0: 2018-06-24 13:18:49,180 LBFGS        PARAM    0017       -418.240175          2.240058         27.438232          3.949045         71.786197
rank #0: 2018-06-24 13:18:49,782 LBFGS        PARAM    0018       -418.244364          2.240058         27.436367          3.949028         71.786197
rank #0: 2018-06-24 13:18:50,380 LBFGS        PARAM    0019       -418.242643          2.240058         27.436242          3.949035         71.786197
rank #0: 2018-06-24 13:18:50,966 LBFGS        PARAM    0020       -418.242617          2.240058         27.436203          3.949035         71.786197
rank #0: 2018-06-24 13:19:17,067 LBFGS        INFO     Linesearch failed in both LBFGS and gradient directions
rank #0: 2018-06-24 13:19:17,068 LBFGS        PARAM    0020       -418.242617          2.240058         27.436203          3.949035         71.786197
rank #0: 2018-06-24 13:19:17,069 rsdfit.lbfgs_fitter WARNING  ...LBFGS optimization finished. Time elapsed: 0:00:38.09
rank #0: 2018-06-24 13:19:17,070 rsdfit.lbfgs_fitter ERROR    nonlinear fit with method L-BFGS-B failed: Linesearch failed in both LBFGS and gradient directions
rank #0: 2018-06-24 13:19:17,070 rsdfit.fitting_driver INFO     rank 7 on nid00868     ...fitting complete
rank #0: 2018-06-24 13:19:17,074 rsdfit.fitting_driver INFO     rank 7 on nid00868     Saving the results to `/global/cscratch1/sd/nhand/eBOSS/fits/results/mocks/ezmock/v1.8e-fph/0.005-0.3/basemodel-N-fnl/0.8-2.2/QSO-N-0360-P0+P2-mock-cov-a8bcb55756/2018-06-24_nlopt_20i_chain0__1.npz`
rank #0: 2018-06-24 13:19:17,101 pyRSD.analysis.lbfgs_results INFO     
minimum chi2 = 71.7861968892

Free parameters [ mean ]
_______________
N              : -418.242616598
b1             : 2.24005802973
f_nl           : 27.4362027033
sigma_fog      : 3.94903521812

Constrained parameters [ mean ]
_________________________
b1sigma8       : 0.892244705393
