rank #0: 2019-02-16 14:08:06,932 rsdfit.fitting_driver INFO     rank 9 on nid00678     Calling the 'nlopt' solve function
rank #0: 2019-02-16 14:08:06,934 rsdfit.lbfgs_fitter INFO     running LBFGS for 500 iterations and then stopping
rank #0: 2019-02-16 14:08:06,934 rsdfit.lbfgs_fitter INFO     running LBFGS minimizer with priors
rank #0: 2019-02-16 14:08:06,935 root         INFO     Iter           N          b1        f_nl   sigma_fog   F(X)     
rank #0: 2019-02-16 14:08:06,936 rsdfit.lbfgs_fitter INFO     computing gradient using numerical derivative of lnlike()
rank #0: 2019-02-16 14:08:08,044 LBFGS        INFO     options = {'factr': 100000.0, 'gtol': 1e-05, 'max_iter': 500, 'test_convergence': False}
rank #0: 2019-02-16 14:08:08,045 LBFGS        PARAM    0000          0.000000          2.000000          0.000000          4.000000         88.115659
rank #0: 2019-02-16 14:08:09,303 LBFGS        PARAM    0001         10.644112          2.088014          2.286956          3.988732         79.018506
rank #0: 2019-02-16 14:08:10,446 LBFGS        PARAM    0002        -91.265397          2.306760         12.196675          4.064170         68.742901
rank #0: 2019-02-16 14:08:11,589 LBFGS        PARAM    0003       -222.752581          2.336317         16.002834          4.140258         65.993668
rank #0: 2019-02-16 14:08:12,727 LBFGS        PARAM    0004       -454.228936          2.361835         25.701455          4.198277         63.894189
rank #0: 2019-02-16 14:08:13,860 LBFGS        PARAM    0005       -470.528784          2.362558         28.864740          4.151400         63.759789
rank #0: 2019-02-16 14:08:14,997 LBFGS        PARAM    0006       -554.966063          2.336286         60.308849          3.647452         63.062750
rank #0: 2019-02-16 14:08:16,137 LBFGS        PARAM    0007       -513.980999          2.324765         64.183038          3.694957         63.012473
rank #0: 2019-02-16 14:08:17,273 LBFGS        PARAM    0008       -503.051520          2.320704         65.083229          3.705963         63.009771
rank #0: 2019-02-16 14:08:18,401 LBFGS        PARAM    0009       -503.012104          2.320882         65.091578          3.704929         63.009752
rank #0: 2019-02-16 14:08:19,528 LBFGS        PARAM    0010       -503.095561          2.320884         65.068238          3.704590         63.009750
rank #0: 2019-02-16 14:08:20,658 LBFGS        PARAM    0011       -503.123258          2.320878         65.048177          3.704218         63.009750
rank #0: 2019-02-16 14:08:21,789 LBFGS        PARAM    0012       -503.119322          2.320877         65.048247          3.704209         63.009750
rank #0: 2019-02-16 14:08:22,923 LBFGS        PARAM    0013       -503.118999          2.320877         65.048277          3.704209         63.009750
rank #0: 2019-02-16 14:09:13,690 LBFGS        INFO     Linesearch failed in both LBFGS and gradient directions
rank #0: 2019-02-16 14:09:13,691 LBFGS        PARAM    0013       -503.118999          2.320877         65.048277          3.704209         63.009750
rank #0: 2019-02-16 14:09:13,692 rsdfit.lbfgs_fitter WARNING  ...LBFGS optimization finished. Time elapsed: 0:01:05.65
rank #0: 2019-02-16 14:09:13,693 rsdfit.lbfgs_fitter ERROR    nonlinear fit with method L-BFGS-B failed: Linesearch failed in both LBFGS and gradient directions
rank #0: 2019-02-16 14:09:13,694 rsdfit.fitting_driver INFO     rank 9 on nid00678     ...fitting complete
rank #0: 2019-02-16 14:09:13,699 rsdfit.fitting_driver INFO     rank 9 on nid00678     Saving the results to `/global/cscratch1/sd/nhand/eBOSS/fits/results/mocks/ezmock/v1.8e-fph/0.005-0.3/basemodel-N-fnl/0.8-2.2/QSO-S-0631-P0+P2-mock-cov-26d5de4060/2019-02-16_nlopt_13i_chain0__1.npz`
rank #0: 2019-02-16 14:09:13,706 pyRSD.analysis.lbfgs_results INFO     
minimum chi2 = 63.009749812967385

Free parameters [ mean ]
_______________
N              : -503.11899940050904
b1             : 2.3208771911171295
f_nl           : 65.04827667625254
sigma_fog      : 3.7042087327318676

Constrained parameters [ mean ]
_________________________
b1sigma8       : 0.8700627617596731
