rank #0: 2018-12-30 20:12:08,629 rsdfit.fitting_driver INFO     rank 21 on nid00679     Calling the 'nlopt' solve function
rank #0: 2018-12-30 20:12:08,630 rsdfit.lbfgs_fitter INFO     running LBFGS for 500 iterations and then stopping
rank #0: 2018-12-30 20:12:08,630 rsdfit.lbfgs_fitter INFO     running LBFGS minimizer with priors
rank #0: 2018-12-30 20:12:08,630 root         INFO     Iter           N          b1        f_nl   sigma_fog   F(X)     
rank #0: 2018-12-30 20:12:08,631 rsdfit.lbfgs_fitter INFO     computing gradient using numerical derivative of lnlike()
rank #0: 2018-12-30 20:12:09,800 LBFGS        INFO     options = {'factr': 100000.0, 'gtol': 1e-05, 'max_iter': 500, 'test_convergence': False}
rank #0: 2018-12-30 20:12:09,801 LBFGS        PARAM    0000          0.000000          2.000000          0.000000          4.000000         95.922177
rank #0: 2018-12-30 20:12:11,171 LBFGS        PARAM    0001         51.395863          2.154345          1.416141          4.004123         81.309791
rank #0: 2018-12-30 20:12:12,383 LBFGS        PARAM    0002        -62.840233          2.486695          7.704034          4.244927         68.913756
rank #0: 2018-12-30 20:12:13,592 LBFGS        PARAM    0003       -200.595991          2.500405          8.489635          4.433112         65.618715
rank #0: 2018-12-30 20:12:14,822 LBFGS        PARAM    0004       -414.271100          2.557357         10.595819          4.799298         63.736136
rank #0: 2018-12-30 20:12:16,040 LBFGS        PARAM    0005       -388.314144          2.545590         10.192475          4.873862         63.600051
rank #0: 2018-12-30 20:12:17,279 LBFGS        PARAM    0006       -301.675183          2.532812          9.607286          5.207932         63.293187
rank #0: 2018-12-30 20:12:18,485 LBFGS        PARAM    0007       -260.486351          2.541835         10.053989          5.437086         63.204205
rank #0: 2018-12-30 20:12:19,699 LBFGS        PARAM    0008       -258.990624          2.545590         10.160132          5.468752         63.201358
rank #0: 2018-12-30 20:12:20,936 LBFGS        PARAM    0009       -259.314552          2.545919         10.142568          5.468212         63.201337
rank #0: 2018-12-30 20:12:22,952 LBFGS        PARAM    0010       -259.448289          2.546004         10.121109          5.467713         63.201333
rank #0: 2018-12-30 20:12:24,168 LBFGS        PARAM    0011       -259.597691          2.546109         10.064856          5.467236         63.201327
rank #0: 2018-12-30 20:12:25,405 LBFGS        PARAM    0012       -259.720817          2.546229          9.942989          5.467104         63.201317
rank #0: 2018-12-30 20:12:26,618 LBFGS        PARAM    0013       -259.609079          2.546217          9.849882          5.467966         63.201312
rank #0: 2018-12-30 20:12:27,839 LBFGS        PARAM    0014       -259.586435          2.546205          9.847063          5.468024         63.201312
rank #0: 2018-12-30 20:12:29,061 LBFGS        PARAM    0015       -259.584595          2.546203          9.847690          5.468028         63.201312
rank #0: 2018-12-30 20:12:30,274 LBFGS        PARAM    0016       -259.584454          2.546203          9.847804          5.468028         63.201312
rank #0: 2018-12-30 20:12:31,784 LBFGS        PARAM    0017       -259.584454          2.546203          9.847804          5.468028         63.201312
rank #0: 2018-12-30 20:13:24,876 LBFGS        INFO     Linesearch failed in both LBFGS and gradient directions
rank #0: 2018-12-30 20:13:24,877 LBFGS        PARAM    0017       -259.584454          2.546203          9.847804          5.468028         63.201312
rank #0: 2018-12-30 20:13:24,877 rsdfit.lbfgs_fitter WARNING  ...LBFGS optimization finished. Time elapsed: 0:01:15.08
rank #0: 2018-12-30 20:13:24,878 rsdfit.lbfgs_fitter ERROR    nonlinear fit with method L-BFGS-B failed: Linesearch failed in both LBFGS and gradient directions
rank #0: 2018-12-30 20:13:24,879 rsdfit.fitting_driver INFO     rank 21 on nid00679     ...fitting complete
rank #0: 2018-12-30 20:13:24,883 rsdfit.fitting_driver INFO     rank 21 on nid00679     Saving the results to `/global/cscratch1/sd/nhand/eBOSS/fits/results/mocks/ezmock/v1.8e-fph/0.0001-0.3/basemodel-N-fnl/0.8-2.2/QSO-S-0228-P0+P2-mock-cov-78b9fba607/2018-12-30_nlopt_17i_chain0__1.npz`
rank #0: 2018-12-30 20:13:25,136 pyRSD.analysis.lbfgs_results INFO     
minimum chi2 = 63.2013123274

Free parameters [ mean ]
_______________
N              : -259.584454186
b1             : 2.54620312072
f_nl           : 9.84780371287
sigma_fog      : 5.46802821462

Constrained parameters [ mean ]
_________________________
b1sigma8       : 0.92232008756
