rank #0: 2019-02-16 14:08:28,048 rsdfit.fitting_driver INFO     rank 33 on nid00542     Calling the 'nlopt' solve function
rank #0: 2019-02-16 14:08:28,049 rsdfit.lbfgs_fitter INFO     running LBFGS for 500 iterations and then stopping
rank #0: 2019-02-16 14:08:28,050 rsdfit.lbfgs_fitter INFO     running LBFGS minimizer with priors
rank #0: 2019-02-16 14:08:28,051 root         INFO     Iter           N          b1        f_nl   sigma_fog   F(X)     
rank #0: 2019-02-16 14:08:28,052 rsdfit.lbfgs_fitter INFO     computing gradient using numerical derivative of lnlike()
rank #0: 2019-02-16 14:08:29,204 LBFGS        INFO     options = {'factr': 100000.0, 'gtol': 1e-05, 'max_iter': 500, 'test_convergence': False}
rank #0: 2019-02-16 14:08:29,206 LBFGS        PARAM    0000          0.000000          2.000000          0.000000          4.000000        118.835744
rank #0: 2019-02-16 14:08:30,514 LBFGS        PARAM    0001          1.227848          2.091977          1.895121          3.989159        100.829322
rank #0: 2019-02-16 14:08:31,685 LBFGS        PARAM    0002       -177.385535          2.336743          9.134358          4.075494         78.843486
rank #0: 2019-02-16 14:08:32,855 LBFGS        PARAM    0003       -307.880837          2.352535         10.375989          4.172131         73.466703
rank #0: 2019-02-16 14:08:34,025 LBFGS        PARAM    0004       -509.733294          2.384586         12.458706          4.307820         70.518732
rank #0: 2019-02-16 14:08:35,196 LBFGS        PARAM    0005       -508.951583          2.381628         12.267628          4.291583         70.505737
rank #0: 2019-02-16 14:08:36,369 LBFGS        PARAM    0006       -514.067640          2.379071         11.936070          4.247461         70.483690
rank #0: 2019-02-16 14:08:37,543 LBFGS        PARAM    0007       -528.401007          2.379399         11.575744          4.182836         70.463135
rank #0: 2019-02-16 14:08:38,717 LBFGS        PARAM    0008       -536.433462          2.381997         11.330170          4.165176         70.459352
rank #0: 2019-02-16 14:08:39,892 LBFGS        PARAM    0009       -536.794356          2.382190         11.296524          4.165296         70.459328
rank #0: 2019-02-16 14:08:41,067 LBFGS        PARAM    0010       -536.984923          2.382343         11.233779          4.165611         70.459306
rank #0: 2019-02-16 14:08:42,243 LBFGS        PARAM    0011       -537.233578          2.382625         11.039096          4.166243         70.459258
rank #0: 2019-02-16 14:08:43,419 LBFGS        PARAM    0012       -537.201922          2.382730         10.842549          4.166458         70.459224
rank #0: 2019-02-16 14:08:44,596 LBFGS        PARAM    0013       -537.068268          2.382692         10.795748          4.166419         70.459219
rank #0: 2019-02-16 14:08:45,780 LBFGS        PARAM    0014       -537.036406          2.382673         10.800025          4.166390         70.459219
rank #0: 2019-02-16 14:08:46,964 LBFGS        PARAM    0015       -537.033172          2.382670         10.801873          4.166383         70.459219
rank #0: 2019-02-16 14:08:48,137 LBFGS        PARAM    0016       -537.033225          2.382670         10.801989          4.166383         70.459219
rank #0: 2019-02-16 14:08:49,310 LBFGS        PARAM    0017       -537.033230          2.382670         10.801992          4.166383         70.459219
rank #0: 2019-02-16 14:09:18,482 LBFGS        PARAM    0018       -537.033230          2.382670         10.801992          4.166383         70.459219
rank #0: 2019-02-16 14:09:18,484 LBFGS        INFO     LBFGS iteration 18: the descent direction does not have a sufficient projection (cos(theta)=-8.63e-01, theta=149.6273) into the gradient; using steepest descent at this step!
rank #0: 2019-02-16 14:09:42,951 LBFGS        INFO     Linesearch failed in both LBFGS and gradient directions
rank #0: 2019-02-16 14:09:42,953 LBFGS        PARAM    0018       -537.033230          2.382670         10.801992          4.166383         70.459219
rank #0: 2019-02-16 14:09:42,954 rsdfit.lbfgs_fitter WARNING  ...LBFGS optimization finished. Time elapsed: 0:01:13.75
rank #0: 2019-02-16 14:09:42,955 rsdfit.lbfgs_fitter ERROR    nonlinear fit with method L-BFGS-B failed: Linesearch failed in both LBFGS and gradient directions
rank #0: 2019-02-16 14:09:42,956 rsdfit.fitting_driver INFO     rank 33 on nid00542     ...fitting complete
rank #0: 2019-02-16 14:09:42,960 rsdfit.fitting_driver INFO     rank 33 on nid00542     Saving the results to `/global/cscratch1/sd/nhand/eBOSS/fits/results/mocks/ezmock/v1.8e-fph/0.005-0.3/basemodel-N-fnl/0.8-2.2/QSO-N-0808-P0+P2-mock-cov-df4d289b36/2019-02-16_nlopt_18i_chain0__1.npz`
rank #0: 2019-02-16 14:09:42,967 pyRSD.analysis.lbfgs_results INFO     
minimum chi2 = 70.45921931365118

Free parameters [ mean ]
_______________
N              : -537.0332300310014
b1             : 2.3826699224709866
f_nl           : 10.801991884674422
sigma_fog      : 4.166383085541145

Constrained parameters [ mean ]
_________________________
b1sigma8       : 0.8932279489157121
