rank #0: 2018-12-30 15:53:15,857 rsdfit.fitting_driver INFO     rank 17 on nid00555     Calling the 'nlopt' solve function
rank #0: 2018-12-30 15:53:15,858 rsdfit.lbfgs_fitter INFO     running LBFGS for 500 iterations and then stopping
rank #0: 2018-12-30 15:53:15,859 rsdfit.lbfgs_fitter INFO     running LBFGS minimizer with priors
rank #0: 2018-12-30 15:53:15,859 root         INFO     Iter           N          b1        f_nl   sigma_fog   F(X)     
rank #0: 2018-12-30 15:53:15,860 rsdfit.lbfgs_fitter INFO     computing gradient using numerical derivative of lnlike()
rank #0: 2018-12-30 15:53:16,433 LBFGS        INFO     options = {'factr': 100000.0, 'gtol': 1e-05, 'max_iter': 500, 'test_convergence': False}
rank #0: 2018-12-30 15:53:16,435 LBFGS        PARAM    0000          0.000000          2.000000          0.000000          4.000000         74.271682
rank #0: 2018-12-30 15:53:17,120 LBFGS        PARAM    0001        -10.377022          2.043333          1.057143          3.979403         71.066554
rank #0: 2018-12-30 15:53:17,737 LBFGS        PARAM    0002       -165.523726          2.186709          6.193023          3.919106         65.055282
rank #0: 2018-12-30 15:53:18,331 LBFGS        PARAM    0003       -294.730495          2.215258          8.610083          3.891272         63.212127
rank #0: 2018-12-30 15:53:18,947 LBFGS        PARAM    0004       -466.791664          2.226095         12.947919          3.689978         61.726358
rank #0: 2018-12-30 15:53:19,566 LBFGS        PARAM    0005       -537.806889          2.227337         16.096676          3.491413         61.242936
rank #0: 2018-12-30 15:53:20,179 LBFGS        PARAM    0006       -621.390381          2.220388         23.045639          3.030430         60.523539
rank #0: 2018-12-30 15:53:20,785 LBFGS        PARAM    0007       -594.140933          2.205532         30.253506          2.817964         60.263124
rank #0: 2018-12-30 15:53:21,406 LBFGS        PARAM    0008       -581.456178          2.197201         31.151724          2.804146         60.251061
rank #0: 2018-12-30 15:53:22,024 LBFGS        PARAM    0009       -580.406150          2.197475         31.467561          2.807587         60.249952
rank #0: 2018-12-30 15:53:22,624 LBFGS        PARAM    0010       -578.039186          2.197361         32.458483          2.819053         60.248000
rank #0: 2018-12-30 15:53:23,244 LBFGS        PARAM    0011       -577.616449          2.196692         33.031720          2.823876         60.247384
rank #0: 2018-12-30 15:53:23,865 LBFGS        PARAM    0012       -577.740064          2.196340         33.136742          2.824875         60.247306
rank #0: 2018-12-30 15:53:24,464 LBFGS        PARAM    0013       -577.792607          2.196307         33.123856          2.824707         60.247304
rank #0: 2018-12-30 15:53:25,080 LBFGS        PARAM    0014       -577.800579          2.196306         33.121569          2.824663         60.247304
rank #0: 2018-12-30 15:53:25,695 LBFGS        PARAM    0015       -577.801103          2.196307         33.121496          2.824661         60.247304
rank #0: 2018-12-30 15:53:26,314 LBFGS        PARAM    0016       -577.801140          2.196307         33.121495          2.824661         60.247304
rank #0: 2018-12-30 15:53:52,912 LBFGS        INFO     Linesearch failed in both LBFGS and gradient directions
rank #0: 2018-12-30 15:53:52,913 LBFGS        PARAM    0016       -577.801140          2.196307         33.121495          2.824661         60.247304
rank #0: 2018-12-30 15:53:52,914 rsdfit.lbfgs_fitter WARNING  ...LBFGS optimization finished. Time elapsed: 0:00:36.48
rank #0: 2018-12-30 15:53:52,914 rsdfit.lbfgs_fitter ERROR    nonlinear fit with method L-BFGS-B failed: Linesearch failed in both LBFGS and gradient directions
rank #0: 2018-12-30 15:53:52,915 rsdfit.fitting_driver INFO     rank 17 on nid00555     ...fitting complete
rank #0: 2018-12-30 15:53:52,920 rsdfit.fitting_driver INFO     rank 17 on nid00555     Saving the results to `/global/cscratch1/sd/nhand/eBOSS/fits/results/mocks/ezmock/v1.8e-fph/0.0001-0.3/basemodel-N-fnl/0.8-2.2/QSO-S-0560-P0+P2-mock-cov-175f5c9b57/2018-12-30_nlopt_16i_chain0__1.npz`
rank #0: 2018-12-30 15:53:54,658 pyRSD.analysis.lbfgs_results INFO     
minimum chi2 = 60.2473043866

Free parameters [ mean ]
_______________
N              : -577.801140479
b1             : 2.19630652634
f_nl           : 33.1214950202
sigma_fog      : 2.82466070597

Constrained parameters [ mean ]
_________________________
b1sigma8       : 0.874817903618
