rank #0: 2017-11-27 22:20:26,841 rsdfit.fitting_driver INFO     rank 81 on nid00475     Calling the 'nlopt' solve function
rank #0: 2017-11-27 22:20:26,841 rsdfit.lbfgs_fitter INFO     running LBFGS for 500 iterations and then stopping
rank #0: 2017-11-27 22:20:26,841 rsdfit.lbfgs_fitter INFO     running LBFGS minimizer with priors
rank #0: 2017-11-27 22:20:26,841 root         INFO     Iter           N          b1           f        f_nl    sigma8_z   sigma_fog   F(X)     
rank #0: 2017-11-27 22:20:27,563 LBFGS        INFO     options = {'factr': 100000.0, 'gtol': 1e-05, 'max_iter': 500, 'test_convergence': False}
rank #0: 2017-11-27 22:20:27,564 LBFGS        PARAM    0000          0.000000          2.000000          0.930883          0.000000          0.398070          4.000000        105.020379
rank #0: 2017-11-27 22:20:28,358 LBFGS        PARAM    0001         -0.215277          2.002165          0.930947          0.021622          0.399472          4.000469        103.223606
rank #0: 2017-11-27 22:20:29,094 LBFGS        PARAM    0002        -24.298067          2.054015          0.931679          0.771986          0.429416          4.039009         86.590150
rank #0: 2017-11-27 22:20:29,830 LBFGS        PARAM    0003        -33.737241          2.046576          0.930942          0.812862          0.424001          4.054813         85.408383
rank #0: 2017-11-27 22:20:30,567 LBFGS        PARAM    0004        -51.309096          2.048181          0.930134          1.038690          0.423213          4.083630         84.780352
rank #0: 2017-11-27 22:20:31,301 LBFGS        PARAM    0005       -280.564829          2.081076          0.919744          4.197669          0.419681          4.462876         79.787452
rank #0: 2017-11-27 22:20:32,038 LBFGS        PARAM    0006       -359.638442          2.103007          0.914348          6.111370          0.421255          4.621754         78.779716
rank #0: 2017-11-27 22:20:32,774 LBFGS        PARAM    0007       -370.320427          2.112072          0.912250          6.969747          0.422173          4.662702         78.643292
rank #0: 2017-11-27 22:20:33,511 LBFGS        PARAM    0008       -366.527789          2.114627          0.911574          7.281522          0.422224          4.667967         78.618365
rank #0: 2017-11-27 22:20:34,248 LBFGS        PARAM    0009       -352.858887          2.122164          0.909295          8.329142          0.421711          4.683883         78.551898
rank #0: 2017-11-27 22:20:34,984 LBFGS        PARAM    0010       -329.124676          2.135931          0.904778         10.400107          0.419926          4.717484         78.443720
rank #0: 2017-11-27 22:20:35,720 LBFGS        PARAM    0011       -296.151536          2.157672          0.897334         13.970676          0.416075          4.773970         78.295837
rank #0: 2017-11-27 22:20:36,458 LBFGS        PARAM    0012       -283.241751          2.178159          0.890952         18.920194          0.411654          4.794426         78.162456
rank #0: 2017-11-27 22:20:37,192 LBFGS        PARAM    0013       -281.873716          2.196721          0.885650         24.664080          0.407111          4.783765         78.071616
rank #0: 2017-11-27 22:20:37,929 LBFGS        PARAM    0014       -288.843135          2.204558          0.883910         28.076577          0.405093          4.753516         78.017339
rank #0: 2017-11-27 22:20:38,667 LBFGS        PARAM    0015       -315.619488          2.228696          0.879267         39.494235          0.399488          4.630458         77.853782
rank #0: 2017-11-27 22:20:39,401 LBFGS        PARAM    0016       -344.543812          2.254804          0.874733         52.299115          0.394378          4.477952         77.679377
rank #0: 2017-11-27 22:20:40,137 LBFGS        PARAM    0017       -362.857525          2.275182          0.870320         64.084968          0.391722          4.336076         77.495063
rank #0: 2017-11-27 22:20:40,874 LBFGS        PARAM    0018       -356.910216          2.270497          0.870932         63.465729          0.393784          4.331157         77.444161
rank #0: 2017-11-27 22:20:41,609 LBFGS        PARAM    0019       -352.072819          2.273912          0.869696         63.943742          0.393365          4.343884         77.441680
rank #0: 2017-11-27 22:20:42,347 LBFGS        PARAM    0020       -350.574520          2.273663          0.869686         63.673263          0.393415          4.348769         77.441597
rank #0: 2017-11-27 22:20:43,083 LBFGS        PARAM    0021       -350.577033          2.273687          0.869701         63.726481          0.393406          4.348558         77.441594
rank #0: 2017-11-27 22:20:43,818 LBFGS        PARAM    0022       -350.490672          2.273571          0.869781         63.790454          0.393415          4.348836         77.441589
rank #0: 2017-11-27 22:20:44,555 LBFGS        PARAM    0023       -350.207446          2.273193          0.869981         63.864581          0.393460          4.350078         77.441583
rank #0: 2017-11-27 22:20:45,292 LBFGS        PARAM    0024       -349.994910          2.272914          0.870105         63.864228          0.393498          4.351145         77.441582
rank #0: 2017-11-27 22:20:46,029 LBFGS        PARAM    0025       -349.976117          2.272892          0.870113         63.858320          0.393502          4.351215         77.441582
rank #0: 2017-11-27 22:20:46,766 LBFGS        PARAM    0026       -349.979139          2.272894          0.870112         63.857404          0.393502          4.351218         77.441582
rank #0: 2017-11-27 22:20:47,908 LBFGS        PARAM    0027       -349.979140          2.272894          0.870112         63.857403          0.393502          4.351218         77.441582
rank #0: 2017-11-27 22:21:00,635 LBFGS        PARAM    0028       -349.979141          2.272894          0.870112         63.857403          0.393502          4.351218         77.441582
rank #0: 2017-11-27 22:21:01,373 LBFGS        PARAM    0029       -349.979171          2.272894          0.870112         63.857401          0.393502          4.351218         77.441582
rank #0: 2017-11-27 22:21:02,112 LBFGS        PARAM    0030       -349.979198          2.272894          0.870112         63.857399          0.393502          4.351218         77.441582
rank #0: 2017-11-27 22:21:24,987 LBFGS        INFO     Linesearch failed in both LBFGS and gradient directions
rank #0: 2017-11-27 22:21:24,988 LBFGS        PARAM    0030       -349.979198          2.272894          0.870112         63.857399          0.393502          4.351218         77.441582
rank #0: 2017-11-27 22:21:24,988 rsdfit.lbfgs_fitter WARNING  ...LBFGS optimization finished. Time elapsed: 0:00:57.42
rank #0: 2017-11-27 22:21:24,989 rsdfit.lbfgs_fitter ERROR    nonlinear fit with method L-BFGS-B failed: Linesearch failed in both LBFGS and gradient directions
rank #0: 2017-11-27 22:21:24,989 rsdfit.fitting_driver INFO     rank 81 on nid00475     ...fitting complete
rank #0: 2017-11-27 22:21:24,992 rsdfit.fitting_driver INFO     rank 81 on nid00475     Saving the results to `/global/cscratch1/sd/nhand/eBOSS/fits/results/mocks/ezmock/v1.8e-fph/0.0001-0.3/basemodel-fs8-N-fnl/0.8-2.2/QSO-N-0128-P0+P2-mock-cov-0a197b956d/2017-11-27_nlopt_30i_chain0__1.npz`
rank #0: 2017-11-27 22:21:25,012 pyRSD.analysis.lbfgs_results INFO     
minimum chi2 = 77.4415815437

Free parameters [ mean ]
_______________
N              : -349.97919805
b1             : 2.27289360827
f              : 0.870112344867
f_nl           : 63.8573989447
sigma8_z       : 0.393501704045
sigma_fog      : 4.35121786436

Constrained parameters [ mean ]
_________________________
b1sigma8       : 0.894387507969
fsigma8        : 0.342390690416
