rank #0: 2019-02-16 13:55:17,907 rsdfit.fitting_driver INFO     rank 49 on nid00679     Calling the 'nlopt' solve function
rank #0: 2019-02-16 13:55:17,908 rsdfit.lbfgs_fitter INFO     running LBFGS for 500 iterations and then stopping
rank #0: 2019-02-16 13:55:17,908 rsdfit.lbfgs_fitter INFO     running LBFGS minimizer with priors
rank #0: 2019-02-16 13:55:17,908 root         INFO     Iter           N          b1        f_nl   sigma_fog   F(X)     
rank #0: 2019-02-16 13:55:17,908 rsdfit.lbfgs_fitter INFO     computing gradient using numerical derivative of lnlike()
rank #0: 2019-02-16 13:55:19,026 LBFGS        INFO     options = {'factr': 100000.0, 'gtol': 1e-05, 'max_iter': 500, 'test_convergence': False}
rank #0: 2019-02-16 13:55:19,027 LBFGS        PARAM    0000          0.000000          2.000000          0.000000          4.000000        106.883365
rank #0: 2019-02-16 13:55:20,304 LBFGS        PARAM    0001         59.011270          2.124318          1.688444          3.964233         88.760640
rank #0: 2019-02-16 13:55:21,455 LBFGS        PARAM    0002         -0.294467          2.382090          5.393879          3.971249         76.205854
rank #0: 2019-02-16 13:55:22,607 LBFGS        PARAM    0003        -73.318507          2.369712          3.779912          4.032088         74.454393
rank #0: 2019-02-16 13:55:23,753 LBFGS        PARAM    0004       -248.831104          2.405026          0.213236          4.159934         72.736696
rank #0: 2019-02-16 13:55:24,902 LBFGS        PARAM    0005       -310.349957          2.433657         -4.607268          4.174212         72.394693
rank #0: 2019-02-16 13:55:26,050 LBFGS        PARAM    0006       -369.466097          2.463243        -17.437205          4.124405         71.969681
rank #0: 2019-02-16 13:55:27,200 LBFGS        PARAM    0007       -409.286706          2.484188        -38.518399          4.006937         71.601246
rank #0: 2019-02-16 13:55:28,351 LBFGS        PARAM    0008       -390.331333          2.482196        -43.819414          4.006769         71.564500
rank #0: 2019-02-16 13:55:29,503 LBFGS        PARAM    0009       -386.671310          2.481629        -44.321051          4.010104         71.563968
rank #0: 2019-02-16 13:55:30,653 LBFGS        PARAM    0010       -386.169120          2.481604        -44.346022          4.011962         71.563945
rank #0: 2019-02-16 13:55:31,803 LBFGS        PARAM    0011       -385.816871          2.481696        -44.364667          4.014585         71.563931
rank #0: 2019-02-16 13:55:32,955 LBFGS        PARAM    0012       -385.829767          2.481686        -44.363833          4.014600         71.563931
rank #0: 2019-02-16 13:55:34,108 LBFGS        PARAM    0013       -385.828295          2.481689        -44.363834          4.014596         71.563931
rank #0: 2019-02-16 13:55:35,263 LBFGS        PARAM    0014       -385.828574          2.481689        -44.363821          4.014595         71.563931
rank #0: 2019-02-16 13:56:27,539 LBFGS        INFO     Linesearch failed in both LBFGS and gradient directions
rank #0: 2019-02-16 13:56:27,540 LBFGS        PARAM    0014       -385.828574          2.481689        -44.363821          4.014595         71.563931
rank #0: 2019-02-16 13:56:27,540 rsdfit.lbfgs_fitter WARNING  ...LBFGS optimization finished. Time elapsed: 0:01:08.51
rank #0: 2019-02-16 13:56:27,541 rsdfit.lbfgs_fitter ERROR    nonlinear fit with method L-BFGS-B failed: Linesearch failed in both LBFGS and gradient directions
rank #0: 2019-02-16 13:56:27,541 rsdfit.fitting_driver INFO     rank 49 on nid00679     ...fitting complete
rank #0: 2019-02-16 13:56:27,548 rsdfit.fitting_driver INFO     rank 49 on nid00679     Saving the results to `/global/cscratch1/sd/nhand/eBOSS/fits/results/mocks/ezmock/v1.8e-fph/0.005-0.3/basemodel-N-fnl/0.8-2.2/QSO-S-0102-P0+P2-mock-cov-26d5de4060/2019-02-16_nlopt_14i_chain0__1.npz`
rank #0: 2019-02-16 13:56:27,554 pyRSD.analysis.lbfgs_results INFO     
minimum chi2 = 71.56393132033752

Free parameters [ mean ]
_______________
N              : -385.8285744202605
b1             : 2.4816888771796766
f_nl           : -44.36382141459538
sigma_fog      : 4.014595467795846

Constrained parameters [ mean ]
_________________________
b1sigma8       : 0.9303487002980505
