rank #0: 2018-12-30 19:54:29,778 rsdfit.fitting_driver INFO     rank 23 on nid00630     Calling the 'nlopt' solve function
rank #0: 2018-12-30 19:54:29,779 rsdfit.lbfgs_fitter INFO     running LBFGS for 500 iterations and then stopping
rank #0: 2018-12-30 19:54:29,779 rsdfit.lbfgs_fitter INFO     running LBFGS minimizer with priors
rank #0: 2018-12-30 19:54:29,780 root         INFO     Iter           N          b1        f_nl   sigma_fog   F(X)     
rank #0: 2018-12-30 19:54:29,781 rsdfit.lbfgs_fitter INFO     computing gradient using numerical derivative of lnlike()
rank #0: 2018-12-30 19:54:30,965 LBFGS        INFO     options = {'factr': 100000.0, 'gtol': 1e-05, 'max_iter': 500, 'test_convergence': False}
rank #0: 2018-12-30 19:54:30,967 LBFGS        PARAM    0000          0.000000          2.000000          0.000000          4.000000        128.799123
rank #0: 2018-12-30 19:54:32,349 LBFGS        PARAM    0001         72.065486          2.141582          0.989144          3.965715        101.380312
rank #0: 2018-12-30 19:54:33,583 LBFGS        PARAM    0002         10.448157          2.419774          4.551349          4.018541         82.969506
rank #0: 2018-12-30 19:54:34,803 LBFGS        PARAM    0003        -30.920214          2.397192          4.527749          4.134379         80.676271
rank #0: 2018-12-30 19:54:36,181 LBFGS        PARAM    0004       -144.126581          2.386066          4.976200          4.381925         78.708438
rank #0: 2018-12-30 19:54:37,400 LBFGS        PARAM    0005       -163.930072          2.413990          5.683873          4.494096         77.584951
rank #0: 2018-12-30 19:54:38,631 LBFGS        PARAM    0006       -222.694523          2.486789          7.144652          4.789948         76.397716
rank #0: 2018-12-30 19:54:39,876 LBFGS        PARAM    0007       -222.200913          2.483969          6.479922          4.771812         76.388190
rank #0: 2018-12-30 19:54:41,094 LBFGS        PARAM    0008       -225.357874          2.482414          4.714672          4.744510         76.373479
rank #0: 2018-12-30 19:54:42,335 LBFGS        PARAM    0009       -235.631327          2.484201          0.990402          4.705554         76.351974
rank #0: 2018-12-30 19:54:43,559 LBFGS        PARAM    0010       -246.544255          2.490318         -2.324568          4.693884         76.339699
rank #0: 2018-12-30 19:54:44,790 LBFGS        PARAM    0011       -248.285378          2.491886         -2.738656          4.696853         76.339165
rank #0: 2018-12-30 19:54:46,017 LBFGS        PARAM    0012       -248.186354          2.492005         -2.700529          4.698163         76.339153
rank #0: 2018-12-30 19:54:47,239 LBFGS        PARAM    0013       -248.080114          2.492017         -2.687985          4.698728         76.339150
rank #0: 2018-12-30 19:54:48,482 LBFGS        PARAM    0014       -247.848538          2.492023         -2.704000          4.699772         76.339144
rank #0: 2018-12-30 19:54:49,705 LBFGS        PARAM    0015       -247.658775          2.492013         -2.766361          4.700460         76.339140
rank #0: 2018-12-30 19:54:50,943 LBFGS        PARAM    0016       -247.649494          2.492010         -2.782668          4.700424         76.339140
rank #0: 2018-12-30 19:54:52,164 LBFGS        PARAM    0017       -247.655840          2.492010         -2.784252          4.700388         76.339140
rank #0: 2018-12-30 19:54:53,387 LBFGS        PARAM    0018       -247.656936          2.492010         -2.784225          4.700383         76.339140
rank #0: 2018-12-30 19:54:55,308 LBFGS        PARAM    0019       -247.656936          2.492010         -2.784225          4.700383         76.339140
rank #0: 2018-12-30 19:54:56,830 LBFGS        PARAM    0020       -247.656937          2.492010         -2.784221          4.700383         76.339140
rank #0: 2018-12-30 19:55:51,513 LBFGS        INFO     Linesearch failed in both LBFGS and gradient directions
rank #0: 2018-12-30 19:55:51,515 LBFGS        PARAM    0020       -247.656937          2.492010         -2.784221          4.700383         76.339140
rank #0: 2018-12-30 19:55:51,516 rsdfit.lbfgs_fitter WARNING  ...LBFGS optimization finished. Time elapsed: 0:01:20.55
rank #0: 2018-12-30 19:55:51,517 rsdfit.lbfgs_fitter ERROR    nonlinear fit with method L-BFGS-B failed: Linesearch failed in both LBFGS and gradient directions
rank #0: 2018-12-30 19:55:51,519 rsdfit.fitting_driver INFO     rank 23 on nid00630     ...fitting complete
rank #0: 2018-12-30 19:55:51,523 rsdfit.fitting_driver INFO     rank 23 on nid00630     Saving the results to `/global/cscratch1/sd/nhand/eBOSS/fits/results/mocks/ezmock/v1.8e-fph/0.0001-0.3/basemodel-N-fnl/0.8-2.2/QSO-N-0838-P0+P2-mock-cov-368a762326/2018-12-30_nlopt_20i_chain0__1.npz`
rank #0: 2018-12-30 19:55:51,572 pyRSD.analysis.lbfgs_results INFO     
minimum chi2 = 76.3391402158

Free parameters [ mean ]
_______________
N              : -247.656937137
b1             : 2.49200994533
f_nl           : -2.78422139002
sigma_fog      : 4.70038284163

Constrained parameters [ mean ]
_________________________
b1sigma8       : 0.902689503547
