rank #0: 2018-12-30 16:14:44,128 rsdfit.fitting_driver INFO     rank 47 on nid00556     Calling the 'nlopt' solve function
rank #0: 2018-12-30 16:14:44,129 rsdfit.lbfgs_fitter INFO     running LBFGS for 500 iterations and then stopping
rank #0: 2018-12-30 16:14:44,130 rsdfit.lbfgs_fitter INFO     running LBFGS minimizer with priors
rank #0: 2018-12-30 16:14:44,130 root         INFO     Iter           N          b1        f_nl   sigma_fog   F(X)     
rank #0: 2018-12-30 16:14:44,130 rsdfit.lbfgs_fitter INFO     computing gradient using numerical derivative of lnlike()
rank #0: 2018-12-30 16:14:44,707 LBFGS        INFO     options = {'factr': 100000.0, 'gtol': 1e-05, 'max_iter': 500, 'test_convergence': False}
rank #0: 2018-12-30 16:14:44,708 LBFGS        PARAM    0000          0.000000          2.000000          0.000000          4.000000         95.169316
rank #0: 2018-12-30 16:14:45,405 LBFGS        PARAM    0001         34.136536          2.083491          0.670869          3.975285         83.983925
rank #0: 2018-12-30 16:14:46,031 LBFGS        PARAM    0002        -10.720351          2.255217          3.173178          3.990046         75.376101
rank #0: 2018-12-30 16:14:46,644 LBFGS        PARAM    0003        -74.901902          2.266569          3.926184          4.045964         74.033576
rank #0: 2018-12-30 16:14:47,263 LBFGS        PARAM    0004       -258.770526          2.315414          7.180355          4.210464         72.456315
rank #0: 2018-12-30 16:14:47,882 LBFGS        PARAM    0005       -253.265222          2.311563          8.246914          4.211272         72.441850
rank #0: 2018-12-30 16:14:48,500 LBFGS        PARAM    0006       -240.326161          2.304111         12.894008          4.221785         72.406972
rank #0: 2018-12-30 16:14:49,095 LBFGS        PARAM    0007       -230.473671          2.299673         19.807908          4.241416         72.373867
rank #0: 2018-12-30 16:14:49,715 LBFGS        PARAM    0008       -237.566772          2.301883         25.592845          4.224929         72.356814
rank #0: 2018-12-30 16:14:50,334 LBFGS        PARAM    0009       -239.097677          2.302483         25.116745          4.225830         72.356622
rank #0: 2018-12-30 16:14:50,933 LBFGS        PARAM    0010       -239.109383          2.302681         25.040434          4.227279         72.356596
rank #0: 2018-12-30 16:14:51,552 LBFGS        PARAM    0011       -238.819769          2.302789         25.019504          4.229311         72.356583
rank #0: 2018-12-30 16:14:52,172 LBFGS        PARAM    0012       -238.646873          2.302769         25.038814          4.229906         72.356582
rank #0: 2018-12-30 16:14:52,788 LBFGS        PARAM    0013       -238.603917          2.302753         25.047686          4.229974         72.356582
rank #0: 2018-12-30 16:14:53,389 LBFGS        PARAM    0014       -238.603648          2.302753         25.047783          4.229973         72.356582
rank #0: 2018-12-30 16:14:54,009 LBFGS        PARAM    0015       -238.603709          2.302753         25.047787          4.229973         72.356582
rank #0: 2018-12-30 16:14:54,628 LBFGS        PARAM    0016       -238.603689          2.302753         25.047786          4.229973         72.356582
rank #0: 2018-12-30 16:14:55,225 LBFGS        PARAM    0017       -238.603686          2.302753         25.047787          4.229973         72.356582
rank #0: 2018-12-30 16:15:09,907 LBFGS        PARAM    0018       -238.603686          2.302753         25.047787          4.229973         72.356582
rank #0: 2018-12-30 16:15:09,909 LBFGS        INFO     LBFGS iteration 18: the descent direction does not have a sufficient projection (cos(theta)=-9.18e-01, theta=156.6300) into the gradient; using steepest descent at this step!
rank #0: 2018-12-30 16:15:22,429 LBFGS        INFO     Linesearch failed in both LBFGS and gradient directions
rank #0: 2018-12-30 16:15:22,430 LBFGS        PARAM    0018       -238.603686          2.302753         25.047787          4.229973         72.356582
rank #0: 2018-12-30 16:15:22,432 rsdfit.lbfgs_fitter WARNING  ...LBFGS optimization finished. Time elapsed: 0:00:37.72
rank #0: 2018-12-30 16:15:22,433 rsdfit.lbfgs_fitter ERROR    nonlinear fit with method L-BFGS-B failed: Linesearch failed in both LBFGS and gradient directions
rank #0: 2018-12-30 16:15:22,434 rsdfit.fitting_driver INFO     rank 47 on nid00556     ...fitting complete
rank #0: 2018-12-30 16:15:22,438 rsdfit.fitting_driver INFO     rank 47 on nid00556     Saving the results to `/global/cscratch1/sd/nhand/eBOSS/fits/results/mocks/ezmock/v1.8e-fph/0.0001-0.3/basemodel-N-fnl/0.8-2.2/QSO-S-0595-P0+P2-mock-cov-8e654b7a3f/2018-12-30_nlopt_18i_chain0__1.npz`
rank #0: 2018-12-30 16:15:23,249 pyRSD.analysis.lbfgs_results INFO     
minimum chi2 = 72.3565820472

Free parameters [ mean ]
_______________
N              : -238.603686356
b1             : 2.30275296228
f_nl           : 25.0477870826
sigma_fog      : 4.22997265127

Constrained parameters [ mean ]
_________________________
b1sigma8       : 0.917216925256
