rank #0: 2018-07-16 20:14:20,301 rsdfit.fitting_driver INFO     rank 19 on nid00608     Calling the 'nlopt' solve function
rank #0: 2018-07-16 20:14:20,302 rsdfit.lbfgs_fitter INFO     running LBFGS for 500 iterations and then stopping
rank #0: 2018-07-16 20:14:20,302 rsdfit.lbfgs_fitter INFO     running LBFGS minimizer with priors
rank #0: 2018-07-16 20:14:20,302 root         INFO     Iter           N          b1        f_nl   sigma_fog   F(X)     
rank #0: 2018-07-16 20:14:20,871 LBFGS        INFO     options = {'factr': 100000.0, 'gtol': 1e-05, 'max_iter': 500, 'test_convergence': False}
rank #0: 2018-07-16 20:14:20,872 LBFGS        PARAM    0000          0.000000          2.000000          0.000000          4.000000        122.997503
rank #0: 2018-07-16 20:14:21,511 LBFGS        PARAM    0001         58.195519          2.147528          1.144978          3.999802         96.609342
rank #0: 2018-07-16 20:14:22,101 LBFGS        PARAM    0002        -34.692480          2.454114          5.706243          4.197997         75.390722
rank #0: 2018-07-16 20:14:22,693 LBFGS        PARAM    0003       -164.957821          2.475870          6.345335          4.375440         69.583528
rank #0: 2018-07-16 20:14:23,275 LBFGS        PARAM    0004       -425.897896          2.553142          8.243270          4.821399         64.889793
rank #0: 2018-07-16 20:14:23,864 LBFGS        PARAM    0005       -396.269563          2.540815          7.742652          4.908408         64.581340
rank #0: 2018-07-16 20:14:24,459 LBFGS        PARAM    0006       -282.633340          2.524539          6.298116          5.355701         63.768397
rank #0: 2018-07-16 20:14:25,052 LBFGS        PARAM    0007       -231.502832          2.535530          5.292753          5.664752         63.524965
rank #0: 2018-07-16 20:14:25,627 LBFGS        PARAM    0008       -228.928373          2.542342          4.464821          5.726135         63.508061
rank #0: 2018-07-16 20:14:26,218 LBFGS        PARAM    0009       -229.431681          2.544030          3.947142          5.731951         63.506183
rank #0: 2018-07-16 20:14:26,811 LBFGS        PARAM    0010       -230.860060          2.547106          2.370763          5.738334         63.502334
rank #0: 2018-07-16 20:14:27,393 LBFGS        PARAM    0011       -232.875771          2.550925         -0.715323          5.744232         63.496213
rank #0: 2018-07-16 20:14:27,973 LBFGS        PARAM    0012       -235.380723          2.555371         -6.405447          5.749663         63.486800
rank #0: 2018-07-16 20:14:28,563 LBFGS        PARAM    0013       -235.056932          2.555464        -11.281682          5.753589         63.479465
rank #0: 2018-07-16 20:14:29,152 LBFGS        PARAM    0014       -235.215573          2.554772        -11.723985          5.746159         63.479089
rank #0: 2018-07-16 20:14:29,725 LBFGS        PARAM    0015       -235.317046          2.554573        -11.617992          5.744223         63.479079
rank #0: 2018-07-16 20:14:30,315 LBFGS        PARAM    0016       -235.319452          2.554548        -11.587880          5.744087         63.479079
rank #0: 2018-07-16 20:14:30,905 LBFGS        PARAM    0017       -235.317143          2.554546        -11.585009          5.744096         63.479079
rank #0: 2018-07-16 20:14:31,495 LBFGS        PARAM    0018       -235.317198          2.554546        -11.584990          5.744096         63.479079
rank #0: 2018-07-16 20:14:32,073 LBFGS        PARAM    0019       -235.317185          2.554546        -11.584991          5.744096         63.479079
rank #0: 2018-07-16 20:14:32,665 LBFGS        PARAM    0020       -235.317187          2.554546        -11.584993          5.744096         63.479079
rank #0: 2018-07-16 20:14:33,256 LBFGS        PARAM    0021       -235.317201          2.554546        -11.585000          5.744096         63.479079
rank #0: 2018-07-16 20:14:33,899 LBFGS        PARAM    0022       -235.317201          2.554546        -11.585000          5.744096         63.479079
rank #0: 2018-07-16 20:14:59,456 LBFGS        INFO     Linesearch failed in both LBFGS and gradient directions
rank #0: 2018-07-16 20:14:59,456 LBFGS        PARAM    0022       -235.317201          2.554546        -11.585000          5.744096         63.479079
rank #0: 2018-07-16 20:14:59,457 rsdfit.lbfgs_fitter WARNING  ...LBFGS optimization finished. Time elapsed: 0:00:38.59
rank #0: 2018-07-16 20:14:59,457 rsdfit.lbfgs_fitter ERROR    nonlinear fit with method L-BFGS-B failed: Linesearch failed in both LBFGS and gradient directions
rank #0: 2018-07-16 20:14:59,458 rsdfit.fitting_driver INFO     rank 19 on nid00608     ...fitting complete
rank #0: 2018-07-16 20:14:59,465 rsdfit.fitting_driver INFO     rank 19 on nid00608     Saving the results to `/global/cscratch1/sd/nhand/eBOSS/fits/results/mocks/ezmock/v1.8e-fph/0.005-0.3/basemodel-N-fnl/0.8-2.2/QSO-N-0091-P0+P2-mock-cov-f224d44da7/2018-07-16_nlopt_22i_chain0__1.npz`
rank #0: 2018-07-16 20:14:59,520 pyRSD.analysis.lbfgs_results INFO     
minimum chi2 = 63.4790789084

Free parameters [ mean ]
_______________
N              : -235.317201293
b1             : 2.55454574936
f_nl           : -11.5849996752
sigma_fog      : 5.74409570658

Constrained parameters [ mean ]
_________________________
b1sigma8       : 0.925342067196
