rank #0: 2018-12-30 16:35:13,543 rsdfit.fitting_driver INFO     rank 41 on nid00554     Calling the 'nlopt' solve function
rank #0: 2018-12-30 16:35:13,543 rsdfit.lbfgs_fitter INFO     running LBFGS for 500 iterations and then stopping
rank #0: 2018-12-30 16:35:13,544 rsdfit.lbfgs_fitter INFO     running LBFGS minimizer with priors
rank #0: 2018-12-30 16:35:13,544 root         INFO     Iter           N          b1        f_nl   sigma_fog   F(X)     
rank #0: 2018-12-30 16:35:13,545 rsdfit.lbfgs_fitter INFO     computing gradient using numerical derivative of lnlike()
rank #0: 2018-12-30 16:35:14,733 LBFGS        INFO     options = {'factr': 100000.0, 'gtol': 1e-05, 'max_iter': 500, 'test_convergence': False}
rank #0: 2018-12-30 16:35:14,734 LBFGS        PARAM    0000          0.000000          2.000000          0.000000          4.000000        114.852909
rank #0: 2018-12-30 16:35:16,087 LBFGS        PARAM    0001         26.748629          2.087813          1.582666          3.973974         98.147928
rank #0: 2018-12-30 16:35:17,303 LBFGS        PARAM    0002        -44.312873          2.291088          6.703598          3.990564         82.875384
rank #0: 2018-12-30 16:35:18,544 LBFGS        PARAM    0003       -130.932238          2.303827          7.434148          4.048677         80.043146
rank #0: 2018-12-30 16:35:19,764 LBFGS        PARAM    0004       -325.993666          2.348644          9.047863          4.165722         77.617072
rank #0: 2018-12-30 16:35:21,004 LBFGS        PARAM    0005       -325.914504          2.345412          8.165804          4.147944         77.595551
rank #0: 2018-12-30 16:35:22,229 LBFGS        PARAM    0006       -332.330841          2.343940          6.017665          4.103293         77.563591
rank #0: 2018-12-30 16:35:23,451 LBFGS        PARAM    0007       -346.960725          2.346979          3.139227          4.045741         77.536476
rank #0: 2018-12-30 16:35:24,696 LBFGS        PARAM    0008       -354.877677          2.351741          1.263142          4.035027         77.529156
rank #0: 2018-12-30 16:35:25,923 LBFGS        PARAM    0009       -355.837261          2.352551          0.936098          4.035376         77.528941
rank #0: 2018-12-30 16:35:27,154 LBFGS        PARAM    0010       -355.824662          2.352772          0.788539          4.036694         77.528870
rank #0: 2018-12-30 16:35:28,381 LBFGS        PARAM    0011       -355.176194          2.352883          0.541867          4.040263         77.528774
rank #0: 2018-12-30 16:35:29,606 LBFGS        PARAM    0012       -354.939564          2.352813          0.524813          4.040819         77.528769
rank #0: 2018-12-30 16:35:30,849 LBFGS        PARAM    0013       -354.909881          2.352792          0.529930          4.040818         77.528769
rank #0: 2018-12-30 16:35:32,066 LBFGS        PARAM    0014       -354.909628          2.352790          0.531188          4.040806         77.528769
rank #0: 2018-12-30 16:35:33,292 LBFGS        PARAM    0015       -354.909863          2.352790          0.531263          4.040805         77.528769
rank #0: 2018-12-30 16:35:34,527 LBFGS        PARAM    0016       -354.909863          2.352790          0.531265          4.040805         77.528769
rank #0: 2018-12-30 16:36:04,647 LBFGS        PARAM    0017       -354.909862          2.352790          0.531265          4.040805         77.528769
rank #0: 2018-12-30 16:36:58,258 LBFGS        INFO     Linesearch failed in both LBFGS and gradient directions
rank #0: 2018-12-30 16:36:58,259 LBFGS        PARAM    0017       -354.909862          2.352790          0.531265          4.040805         77.528769
rank #0: 2018-12-30 16:36:58,259 rsdfit.lbfgs_fitter WARNING  ...LBFGS optimization finished. Time elapsed: 0:01:43.53
rank #0: 2018-12-30 16:36:58,260 rsdfit.lbfgs_fitter ERROR    nonlinear fit with method L-BFGS-B failed: Linesearch failed in both LBFGS and gradient directions
rank #0: 2018-12-30 16:36:58,261 rsdfit.fitting_driver INFO     rank 41 on nid00554     ...fitting complete
rank #0: 2018-12-30 16:36:58,264 rsdfit.fitting_driver INFO     rank 41 on nid00554     Saving the results to `/global/cscratch1/sd/nhand/eBOSS/fits/results/mocks/ezmock/v1.8e-fph/0.0001-0.3/basemodel-N-fnl/0.8-2.2/QSO-N-0350-P0+P2-mock-cov-baf378684d/2018-12-30_nlopt_17i_chain0__1.npz`
rank #0: 2018-12-30 16:36:58,446 pyRSD.analysis.lbfgs_results INFO     
minimum chi2 = 77.528768763

Free parameters [ mean ]
_______________
N              : -354.909862023
b1             : 2.35278974252
f_nl           : 0.531264503376
sigma_fog      : 4.04080479212

Constrained parameters [ mean ]
_________________________
b1sigma8       : 0.882026308437
