rank #0: 2018-06-24 14:13:58,172 rsdfit.fitting_driver INFO     rank 10 on nid00538     Calling the 'nlopt' solve function
rank #0: 2018-06-24 14:13:58,172 rsdfit.lbfgs_fitter INFO     running LBFGS for 500 iterations and then stopping
rank #0: 2018-06-24 14:13:58,172 rsdfit.lbfgs_fitter INFO     running LBFGS minimizer with priors
rank #0: 2018-06-24 14:13:58,173 root         INFO     Iter           N          b1        f_nl   sigma_fog   F(X)     
rank #0: 2018-06-24 14:13:58,753 LBFGS        INFO     options = {'factr': 100000.0, 'gtol': 1e-05, 'max_iter': 500, 'test_convergence': False}
rank #0: 2018-06-24 14:13:58,754 LBFGS        PARAM    0000          0.000000          2.000000          0.000000          4.000000         95.982916
rank #0: 2018-06-24 14:13:59,407 LBFGS        PARAM    0001         23.636063          2.095682          1.963673          3.976489         86.246373
rank #0: 2018-06-24 14:13:59,999 LBFGS        PARAM    0002        -70.990118          2.326940          9.094387          4.004411         76.510370
rank #0: 2018-06-24 14:14:00,593 LBFGS        PARAM    0003       -184.440901          2.345675         10.499142          4.063200         74.334464
rank #0: 2018-06-24 14:14:01,189 LBFGS        PARAM    0004       -402.321843          2.388303         13.274805          4.138616         72.753455
rank #0: 2018-06-24 14:14:01,767 LBFGS        PARAM    0005       -408.653648          2.385574         12.987704          4.098173         72.716413
rank #0: 2018-06-24 14:14:02,360 LBFGS        PARAM    0006       -457.403836          2.383718         11.725543          3.834720         72.595618
rank #0: 2018-06-24 14:14:02,953 LBFGS        PARAM    0007       -464.917600          2.387354         11.674077          3.803023         72.591862
rank #0: 2018-06-24 14:14:03,537 LBFGS        PARAM    0008       -464.749820          2.387060         11.658405          3.804265         72.591828
rank #0: 2018-06-24 14:14:04,128 LBFGS        PARAM    0009       -464.759392          2.387057         11.648075          3.804297         72.591826
rank #0: 2018-06-24 14:14:04,723 LBFGS        PARAM    0010       -464.903261          2.387149         11.487391          3.804663         72.591806
rank #0: 2018-06-24 14:14:05,318 LBFGS        PARAM    0011       -464.985960          2.387292         11.388871          3.804826         72.591799
rank #0: 2018-06-24 14:14:05,899 LBFGS        PARAM    0012       -465.012458          2.387388         11.353618          3.804859         72.591797
rank #0: 2018-06-24 14:14:06,496 LBFGS        PARAM    0013       -465.009656          2.387396         11.355954          3.804851         72.591797
rank #0: 2018-06-24 14:14:07,094 LBFGS        PARAM    0014       -465.008608          2.387396         11.357061          3.804848         72.591797
rank #0: 2018-06-24 14:14:07,681 LBFGS        PARAM    0015       -465.008556          2.387396         11.357133          3.804848         72.591797
rank #0: 2018-06-24 14:14:33,533 LBFGS        INFO     Linesearch failed in both LBFGS and gradient directions
rank #0: 2018-06-24 14:14:33,534 LBFGS        PARAM    0015       -465.008556          2.387396         11.357133          3.804848         72.591797
rank #0: 2018-06-24 14:14:33,535 rsdfit.lbfgs_fitter WARNING  ...LBFGS optimization finished. Time elapsed: 0:00:34.78
rank #0: 2018-06-24 14:14:33,535 rsdfit.lbfgs_fitter ERROR    nonlinear fit with method L-BFGS-B failed: Linesearch failed in both LBFGS and gradient directions
rank #0: 2018-06-24 14:14:33,536 rsdfit.fitting_driver INFO     rank 10 on nid00538     ...fitting complete
rank #0: 2018-06-24 14:14:33,539 rsdfit.fitting_driver INFO     rank 10 on nid00538     Saving the results to `/global/cscratch1/sd/nhand/eBOSS/fits/results/mocks/ezmock/v1.8e-fph/0.005-0.3/basemodel-N-fnl/0.8-2.2/QSO-S-0395-P0+P2-mock-cov-1ab4f6001f/2018-06-24_nlopt_15i_chain0__1.npz`
rank #0: 2018-06-24 14:14:33,566 pyRSD.analysis.lbfgs_results INFO     
minimum chi2 = 72.5917970389

Free parameters [ mean ]
_______________
N              : -465.008555968
b1             : 2.38739552872
f_nl           : 11.3571326675
sigma_fog      : 3.80484823852

Constrained parameters [ mean ]
_________________________
b1sigma8       : 0.894999509273
