rank #0: 2018-10-04 22:29:17,867 rsdfit.fitting_driver INFO     rank 49 on nid12889     Calling the 'nlopt' solve function
rank #0: 2018-10-04 22:29:17,868 rsdfit.lbfgs_fitter INFO     running LBFGS for 500 iterations and then stopping
rank #0: 2018-10-04 22:29:17,869 rsdfit.lbfgs_fitter INFO     running LBFGS minimizer with priors
rank #0: 2018-10-04 22:29:17,870 root         INFO     Iter           N          b1        f_nl   sigma_fog   F(X)     
rank #0: 2018-10-04 22:29:17,871 rsdfit.lbfgs_fitter INFO     computing gradient using numerical derivative of lnlike()
rank #0: 2018-10-04 22:29:19,020 LBFGS        INFO     options = {'factr': 100000.0, 'gtol': 1e-05, 'max_iter': 500, 'test_convergence': False}
rank #0: 2018-10-04 22:29:19,022 LBFGS        PARAM    0000          0.000000          2.000000          0.000000          4.000000        103.125158
rank #0: 2018-10-04 22:29:20,352 LBFGS        PARAM    0001         48.087777          2.095183          2.167488          3.944739         91.341141
rank #0: 2018-10-04 22:29:21,559 LBFGS        PARAM    0002         -0.149386          2.310122          9.973762          3.827797         81.950118
rank #0: 2018-10-04 22:29:22,749 LBFGS        PARAM    0003        -64.749303          2.301474         11.829777          3.827178         80.757571
rank #0: 2018-10-04 22:29:23,956 LBFGS        PARAM    0004       -268.580877          2.328276         20.590423          3.761248         79.004075
rank #0: 2018-10-04 22:29:25,143 LBFGS        PARAM    0005       -344.416052          2.341432         27.973999          3.612591         78.380095
rank #0: 2018-10-04 22:29:26,350 LBFGS        PARAM    0006       -503.631601          2.332821         56.383972          2.924885         76.761793
rank #0: 2018-10-04 22:29:27,537 LBFGS        PARAM    0007       -483.908803          2.285624         82.564171          2.544176         76.013089
rank #0: 2018-10-04 22:29:28,728 LBFGS        PARAM    0008       -424.849796          2.270946         94.755485          2.526738         75.873212
rank #0: 2018-10-04 22:29:29,937 LBFGS        PARAM    0009       -408.137055          2.263819         94.916121          2.563730         75.857549
rank #0: 2018-10-04 22:29:31,129 LBFGS        PARAM    0010       -404.677374          2.262892         95.363191          2.583048         75.854309
rank #0: 2018-10-04 22:29:32,343 LBFGS        PARAM    0011       -401.291393          2.262430         96.734145          2.622765         75.850315
rank #0: 2018-10-04 22:29:33,533 LBFGS        PARAM    0012       -402.260321          2.262838         96.887704          2.623561         75.850213
rank #0: 2018-10-04 22:29:34,743 LBFGS        PARAM    0013       -402.454650          2.262931         96.882509          2.623300         75.850211
rank #0: 2018-10-04 22:29:35,993 LBFGS        PARAM    0014       -402.459082          2.262932         96.881822          2.623273         75.850211
rank #0: 2018-10-04 22:29:37,185 LBFGS        PARAM    0015       -402.459160          2.262932         96.881787          2.623272         75.850211
rank #0: 2018-10-04 22:29:38,525 LBFGS        PARAM    0016       -402.459174          2.262932         96.881786          2.623272         75.850211
rank #0: 2018-10-04 22:30:31,934 LBFGS        INFO     Linesearch failed in both LBFGS and gradient directions
rank #0: 2018-10-04 22:30:31,936 LBFGS        PARAM    0016       -402.459174          2.262932         96.881786          2.623272         75.850211
rank #0: 2018-10-04 22:30:31,937 rsdfit.lbfgs_fitter WARNING  ...LBFGS optimization finished. Time elapsed: 0:01:12.92
rank #0: 2018-10-04 22:30:31,939 rsdfit.lbfgs_fitter ERROR    nonlinear fit with method L-BFGS-B failed: Linesearch failed in both LBFGS and gradient directions
rank #0: 2018-10-04 22:30:31,941 rsdfit.fitting_driver INFO     rank 49 on nid12889     ...fitting complete
rank #0: 2018-10-04 22:30:31,946 rsdfit.fitting_driver INFO     rank 49 on nid12889     Saving the results to `/global/cscratch1/sd/nhand/eBOSS/fits/results/mocks/ezmock/v1.8e-fph/0.005-0.3/basemodel-N-fnl/0.8-2.2/QSO-S-0870-P0+P2-mock-cov-96ccb1008d/2018-10-04_nlopt_16i_chain0__1.npz`
rank #0: 2018-10-04 22:30:31,991 pyRSD.analysis.lbfgs_results INFO     
minimum chi2 = 75.8502112013

Free parameters [ mean ]
_______________
N              : -402.459173802
b1             : 2.26293241922
f_nl           : 96.8817856361
sigma_fog      : 2.62327192369

Constrained parameters [ mean ]
_________________________
b1sigma8       : 0.848340118071
