rank #0: 2019-02-16 13:33:52,949 rsdfit.fitting_driver INFO     rank 11 on nid00600     Calling the 'nlopt' solve function
rank #0: 2019-02-16 13:33:52,950 rsdfit.lbfgs_fitter INFO     running LBFGS for 500 iterations and then stopping
rank #0: 2019-02-16 13:33:52,950 rsdfit.lbfgs_fitter INFO     running LBFGS minimizer with priors
rank #0: 2019-02-16 13:33:52,951 root         INFO     Iter           N          b1        f_nl   sigma_fog   F(X)     
rank #0: 2019-02-16 13:33:52,951 rsdfit.lbfgs_fitter INFO     computing gradient using numerical derivative of lnlike()
rank #0: 2019-02-16 13:33:53,515 LBFGS        INFO     options = {'factr': 100000.0, 'gtol': 1e-05, 'max_iter': 500, 'test_convergence': False}
rank #0: 2019-02-16 13:33:53,516 LBFGS        PARAM    0000          0.000000          2.000000          0.000000          4.000000         75.104509
rank #0: 2019-02-16 13:33:54,159 LBFGS        PARAM    0001          5.084586          2.038992          0.433745          3.993489         70.687727
rank #0: 2019-02-16 13:33:54,738 LBFGS        PARAM    0002        -43.726866          2.127930          2.191230          4.011783         66.084227
rank #0: 2019-02-16 13:33:55,319 LBFGS        PARAM    0003        -98.034011          2.145382          3.211569          4.040607         65.074462
rank #0: 2019-02-16 13:33:55,898 LBFGS        PARAM    0004       -200.108144          2.161195          6.943801          4.076812         64.220944
rank #0: 2019-02-16 13:33:56,478 LBFGS        PARAM    0005       -205.524180          2.161776          8.467611          4.065880         64.175453
rank #0: 2019-02-16 13:33:57,055 LBFGS        PARAM    0006       -289.604420          2.159268         49.551794          3.763736         63.359714
rank #0: 2019-02-16 13:33:57,637 LBFGS        PARAM    0007       -306.195212          2.146439         85.897093          3.608923         62.824765
rank #0: 2019-02-16 13:33:58,216 LBFGS        PARAM    0008       -247.921733          2.120705        193.004965          3.890178         62.130406
rank #0: 2019-02-16 13:33:58,796 LBFGS        PARAM    0009       -209.947072          2.097928        187.091975          3.788752         61.712501
rank #0: 2019-02-16 13:33:59,378 LBFGS        PARAM    0010       -191.519904          2.099864        186.244026          3.796232         61.666186
rank #0: 2019-02-16 13:33:59,960 LBFGS        PARAM    0011       -187.568547          2.098902        188.520831          3.806302         61.665187
rank #0: 2019-02-16 13:34:00,542 LBFGS        PARAM    0012       -187.379704          2.098846        188.741547          3.807269         61.665180
rank #0: 2019-02-16 13:34:01,125 LBFGS        PARAM    0013       -187.385440          2.098846        188.746873          3.807255         61.665180
rank #0: 2019-02-16 13:34:01,709 LBFGS        PARAM    0014       -187.386122          2.098846        188.747385          3.807251         61.665180
rank #0: 2019-02-16 13:34:02,291 LBFGS        PARAM    0015       -187.386128          2.098846        188.747394          3.807251         61.665180
rank #0: 2019-02-16 13:34:02,872 LBFGS        PARAM    0016       -187.386127          2.098846        188.747398          3.807251         61.665180
rank #0: 2019-02-16 13:34:03,450 LBFGS        PARAM    0017       -187.386126          2.098846        188.747396          3.807251         61.665180
rank #0: 2019-02-16 13:34:04,093 LBFGS        PARAM    0018       -187.386126          2.098846        188.747396          3.807251         61.665180
rank #0: 2019-02-16 13:34:04,671 LBFGS        PARAM    0019       -187.386128          2.098846        188.747395          3.807251         61.665180
rank #0: 2019-02-16 13:34:04,672 LBFGS        INFO     LBFGS iteration 19: the descent direction does not have a sufficient projection (cos(theta)=-8.27e-02, theta=94.7430) into the gradient; using steepest descent at this step!
rank #0: 2019-02-16 13:34:16,496 LBFGS        INFO     Linesearch failed in both LBFGS and gradient directions
rank #0: 2019-02-16 13:34:16,498 LBFGS        PARAM    0019       -187.386128          2.098846        188.747395          3.807251         61.665180
rank #0: 2019-02-16 13:34:16,498 rsdfit.lbfgs_fitter WARNING  ...LBFGS optimization finished. Time elapsed: 0:00:22.98
rank #0: 2019-02-16 13:34:16,499 rsdfit.lbfgs_fitter ERROR    nonlinear fit with method L-BFGS-B failed: Linesearch failed in both LBFGS and gradient directions
rank #0: 2019-02-16 13:34:16,500 rsdfit.fitting_driver INFO     rank 11 on nid00600     ...fitting complete
rank #0: 2019-02-16 13:34:16,504 rsdfit.fitting_driver INFO     rank 11 on nid00600     Saving the results to `/global/cscratch1/sd/nhand/eBOSS/fits/results/mocks/ezmock/v1.8e-fph/0.005-0.3/basemodel-N-fnl/0.8-2.2/QSO-N-0407-P0+P2-mock-cov-6e34f56d69/2019-02-16_nlopt_19i_chain0__1.npz`
rank #0: 2019-02-16 13:34:16,512 pyRSD.analysis.lbfgs_results INFO     
minimum chi2 = 61.66518014646249

Free parameters [ mean ]
_______________
N              : -187.38612763365907
b1             : 2.0988456439163174
f_nl           : 188.74739509058645
sigma_fog      : 3.807250920419376

Constrained parameters [ mean ]
_________________________
b1sigma8       : 0.8359979466461265
