rank #0: 2017-11-27 21:22:43,163 rsdfit.fitting_driver INFO     rank 146 on nid00563     Calling the 'nlopt' solve function
rank #0: 2017-11-27 21:22:43,163 rsdfit.lbfgs_fitter INFO     running LBFGS for 500 iterations and then stopping
rank #0: 2017-11-27 21:22:43,163 rsdfit.lbfgs_fitter INFO     running LBFGS minimizer with priors
rank #0: 2017-11-27 21:22:43,163 root         INFO     Iter           N   alpha_par   alpha_perp          b1           f    sigma8_z   sigma_fog   F(X)     
rank #0: 2017-11-27 21:22:44,005 LBFGS        INFO     options = {'factr': 100000.0, 'gtol': 1e-05, 'max_iter': 500, 'test_convergence': False}
rank #0: 2017-11-27 21:22:44,005 LBFGS        PARAM    0000          0.000000          1.000000          1.000000          2.000000          0.930883          0.398070          4.000000         85.861867
rank #0: 2017-11-27 21:22:44,939 LBFGS        PARAM    0001         -0.140901          0.999882          0.999897          2.001378          0.930916          0.398943          4.000508         84.863946
rank #0: 2017-11-27 21:22:45,817 LBFGS        PARAM    0002        -19.999966          0.994452          0.997015          2.045224          0.931074          0.423515          4.044703         71.903506
rank #0: 2017-11-27 21:22:46,699 LBFGS        PARAM    0003        -28.901030          0.993713          0.997669          2.040809          0.930358          0.419670          4.062397         70.927020
rank #0: 2017-11-27 21:22:47,577 LBFGS        PARAM    0004        -53.129149          0.990749          0.998332          2.042258          0.928851          0.417325          4.111375         69.786941
rank #0: 2017-11-27 21:22:48,457 LBFGS        PARAM    0005       -161.010934          0.976775          1.000462          2.058162          0.922380          0.412564          4.330623         66.447679
rank #0: 2017-11-27 21:22:49,340 LBFGS        PARAM    0006       -246.163267          0.964592          1.001552          2.077908          0.916967          0.412737          4.509577         64.729792
rank #0: 2017-11-27 21:22:50,221 LBFGS        PARAM    0007       -262.050557          0.960541          1.001305          2.088252          0.914706          0.414381          4.556938         64.395581
rank #0: 2017-11-27 21:22:51,104 LBFGS        PARAM    0008       -257.007848          0.960755          1.001065          2.088987          0.914649          0.414738          4.550084         64.382174
rank #0: 2017-11-27 21:22:51,986 LBFGS        PARAM    0009       -253.868625          0.960833          1.000879          2.089409          0.914526          0.414730          4.546176         64.377581
rank #0: 2017-11-27 21:22:52,868 LBFGS        PARAM    0010       -244.862652          0.960614          1.000128          2.091643          0.913715          0.414309          4.537962         64.361749
rank #0: 2017-11-27 21:22:53,751 LBFGS        PARAM    0011       -227.916336          0.959428          0.998255          2.097781          0.911348          0.412812          4.527247         64.328845
rank #0: 2017-11-27 21:22:54,633 LBFGS        PARAM    0012       -205.945022          0.956711          0.994647          2.109408          0.906746          0.409626          4.517663         64.277652
rank #0: 2017-11-27 21:22:55,516 LBFGS        PARAM    0013       -188.594131          0.952814          0.983600          2.134434          0.897092          0.402672          4.476428         64.164908
rank #0: 2017-11-27 21:22:56,396 LBFGS        PARAM    0014       -199.326256          0.950663          0.965744          2.208563          0.872994          0.386611          4.388167         64.005347
rank #0: 2017-11-27 21:22:57,279 LBFGS        PARAM    0015       -217.976248          0.952013          0.964458          2.218867          0.870375          0.385511          4.377987         63.975891
rank #0: 2017-11-27 21:22:58,162 LBFGS        PARAM    0016       -232.027723          0.954574          0.963322          2.230772          0.867261          0.384290          4.357041         63.955836
rank #0: 2017-11-27 21:22:59,062 LBFGS        PARAM    0017       -239.925807          0.957263          0.962496          2.246141          0.863016          0.382529          4.335359         63.940773
rank #0: 2017-11-27 21:22:59,941 LBFGS        PARAM    0018       -246.715751          0.961233          0.962029          2.273066          0.855423          0.379448          4.309985         63.921066
rank #0: 2017-11-27 21:23:00,820 LBFGS        PARAM    0019       -248.867498          0.964678          0.962121          2.300545          0.847503          0.376312          4.300709         63.906044
rank #0: 2017-11-27 21:23:01,702 LBFGS        PARAM    0020       -245.027914          0.968040          0.961322          2.318425          0.842112          0.374341          4.331523         63.892672
rank #0: 2017-11-27 21:23:02,586 LBFGS        PARAM    0021       -232.568817          0.974782          0.957771          2.345530          0.833925          0.371055          4.415877         63.874215
rank #0: 2017-11-27 21:23:03,471 LBFGS        PARAM    0022       -221.660040          0.981075          0.954828          2.357647          0.830399          0.369979          4.508629         63.862675
rank #0: 2017-11-27 21:23:04,355 LBFGS        PARAM    0023       -214.451257          0.987326          0.950299          2.371916          0.826339          0.367973          4.586769         63.855760
rank #0: 2017-11-27 21:23:05,237 LBFGS        PARAM    0024       -213.381706          0.989166          0.950417          2.363164          0.829267          0.369587          4.618734         63.853181
rank #0: 2017-11-27 21:23:06,121 LBFGS        PARAM    0025       -215.490110          0.988546          0.950616          2.361332          0.829846          0.369678          4.605403         63.852594
rank #0: 2017-11-27 21:23:07,004 LBFGS        PARAM    0026       -216.015697          0.988277          0.950834          2.360068          0.830236          0.369823          4.601151         63.852561
rank #0: 2017-11-27 21:23:07,888 LBFGS        PARAM    0027       -215.977495          0.988264          0.950879          2.359819          0.830314          0.369859          4.601281         63.852559
rank #0: 2017-11-27 21:23:08,771 LBFGS        PARAM    0028       -215.924402          0.988270          0.950905          2.359677          0.830359          0.369882          4.601696         63.852559
rank #0: 2017-11-27 21:23:09,655 LBFGS        PARAM    0029       -215.925421          0.988272          0.950906          2.359679          0.830359          0.369882          4.601750         63.852559
rank #0: 2017-11-27 21:23:10,540 LBFGS        PARAM    0030       -215.927873          0.988272          0.950906          2.359681          0.830358          0.369882          4.601756         63.852559
rank #0: 2017-11-27 21:23:11,724 LBFGS        PARAM    0031       -215.927877          0.988272          0.950906          2.359681          0.830358          0.369882          4.601756         63.852559
rank #0: 2017-11-27 21:23:25,284 LBFGS        PARAM    0032       -215.927880          0.988272          0.950906          2.359681          0.830358          0.369882          4.601756         63.852559
rank #0: 2017-11-27 21:23:26,169 LBFGS        PARAM    0033       -215.927904          0.988272          0.950906          2.359682          0.830358          0.369882          4.601756         63.852559
rank #0: 2017-11-27 21:23:27,114 LBFGS        PARAM    0034       -215.927942          0.988272          0.950906          2.359682          0.830359          0.369882          4.601756         63.852559
rank #0: 2017-11-27 21:23:28,180 LBFGS        PARAM    0035       -215.927964          0.988272          0.950906          2.359682          0.830359          0.369882          4.601756         63.852559
rank #0: 2017-11-27 21:23:29,307 LBFGS        PARAM    0036       -215.927988          0.988272          0.950906          2.359682          0.830359          0.369882          4.601756         63.852559
rank #0: 2017-11-27 21:23:30,433 LBFGS        PARAM    0037       -215.928033          0.988272          0.950906          2.359682          0.830359          0.369882          4.601756         63.852559
rank #0: 2017-11-27 21:23:31,621 LBFGS        PARAM    0038       -215.928062          0.988272          0.950906          2.359682          0.830359          0.369882          4.601756         63.852559
rank #0: 2017-11-27 21:23:32,747 LBFGS        PARAM    0039       -215.928134          0.988272          0.950906          2.359682          0.830359          0.369882          4.601756         63.852559
rank #0: 2017-11-27 21:23:33,936 LBFGS        PARAM    0040       -215.928176          0.988272          0.950906          2.359683          0.830359          0.369882          4.601756         63.852559
rank #0: 2017-11-27 21:23:35,183 LBFGS        PARAM    0041       -215.928209          0.988272          0.950906          2.359683          0.830359          0.369882          4.601756         63.852559
rank #0: 2017-11-27 21:23:36,431 LBFGS        PARAM    0042       -215.928234          0.988272          0.950906          2.359683          0.830359          0.369882          4.601756         63.852559
rank #0: 2017-11-27 21:23:37,737 LBFGS        PARAM    0043       -215.928257          0.988272          0.950906          2.359683          0.830359          0.369882          4.601756         63.852559
rank #0: 2017-11-27 21:23:38,948 LBFGS        PARAM    0044       -215.928349          0.988272          0.950906          2.359683          0.830359          0.369882          4.601755         63.852559
rank #0: 2017-11-27 21:23:52,529 LBFGS        PARAM    0045       -215.928345          0.988272          0.950906          2.359683          0.830359          0.369882          4.601755         63.852559
rank #0: 2017-11-27 21:23:53,416 LBFGS        PARAM    0046       -215.928331          0.988272          0.950906          2.359683          0.830359          0.369882          4.601755         63.852559
rank #0: 2017-11-27 21:23:54,414 LBFGS        PARAM    0047       -215.928279          0.988272          0.950906          2.359683          0.830359          0.369882          4.601755         63.852559
rank #0: 2017-11-27 21:23:55,411 LBFGS        PARAM    0048       -215.928151          0.988272          0.950906          2.359684          0.830359          0.369881          4.601755         63.852559
rank #0: 2017-11-27 21:23:56,469 LBFGS        PARAM    0049       -215.928092          0.988272          0.950906          2.359684          0.830359          0.369881          4.601755         63.852559
rank #0: 2017-11-27 21:23:57,592 LBFGS        PARAM    0050       -215.928068          0.988272          0.950906          2.359684          0.830359          0.369881          4.601755         63.852559
rank #0: 2017-11-27 21:23:58,824 LBFGS        PARAM    0051       -215.928055          0.988272          0.950906          2.359684          0.830359          0.369881          4.601755         63.852559
rank #0: 2017-11-27 21:24:00,003 LBFGS        PARAM    0052       -215.928039          0.988272          0.950906          2.359684          0.830359          0.369881          4.601755         63.852559
rank #0: 2017-11-27 21:24:01,668 LBFGS        PARAM    0053       -215.928039          0.988272          0.950906          2.359684          0.830359          0.369881          4.601755         63.852559
rank #0: 2017-11-27 21:24:15,220 LBFGS        PARAM    0054       -215.928038          0.988272          0.950906          2.359684          0.830359          0.369881          4.601755         63.852559
rank #0: 2017-11-27 21:24:16,100 LBFGS        PARAM    0055       -215.928024          0.988272          0.950906          2.359684          0.830359          0.369881          4.601755         63.852559
rank #0: 2017-11-27 21:24:16,976 LBFGS        PARAM    0056       -215.928017          0.988272          0.950906          2.359684          0.830359          0.369881          4.601755         63.852559
rank #0: 2017-11-27 21:24:17,856 LBFGS        PARAM    0057       -215.927946          0.988272          0.950906          2.359684          0.830359          0.369881          4.601755         63.852559
rank #0: 2017-11-27 21:24:19,097 LBFGS        PARAM    0058       -215.927945          0.988272          0.950906          2.359684          0.830359          0.369881          4.601755         63.852559
rank #0: 2017-11-27 21:24:20,163 LBFGS        PARAM    0059       -215.927923          0.988272          0.950906          2.359684          0.830359          0.369881          4.601755         63.852559
rank #0: 2017-11-27 21:24:33,858 LBFGS        PARAM    0060       -215.927924          0.988272          0.950906          2.359684          0.830359          0.369881          4.601755         63.852559
rank #0: 2017-11-27 21:24:34,860 LBFGS        PARAM    0061       -215.927925          0.988272          0.950906          2.359684          0.830359          0.369881          4.601755         63.852559
rank #0: 2017-11-27 21:24:36,046 LBFGS        PARAM    0062       -215.927925          0.988272          0.950906          2.359684          0.830359          0.369881          4.601755         63.852559
rank #0: 2017-11-27 21:24:37,232 LBFGS        PARAM    0063       -215.927926          0.988272          0.950906          2.359684          0.830359          0.369881          4.601755         63.852559
rank #0: 2017-11-27 21:24:38,358 LBFGS        PARAM    0064       -215.927926          0.988272          0.950906          2.359684          0.830359          0.369881          4.601755         63.852559
rank #0: 2017-11-27 21:25:02,370 LBFGS        INFO     Linesearch failed in both LBFGS and gradient directions
rank #0: 2017-11-27 21:25:02,371 LBFGS        PARAM    0064       -215.927926          0.988272          0.950906          2.359684          0.830359          0.369881          4.601755         63.852559
rank #0: 2017-11-27 21:25:02,371 rsdfit.lbfgs_fitter WARNING  ...LBFGS optimization finished. Time elapsed: 0:02:18.37
rank #0: 2017-11-27 21:25:02,371 rsdfit.lbfgs_fitter ERROR    nonlinear fit with method L-BFGS-B failed: Linesearch failed in both LBFGS and gradient directions
rank #0: 2017-11-27 21:25:02,372 rsdfit.fitting_driver INFO     rank 146 on nid00563     ...fitting complete
rank #0: 2017-11-27 21:25:02,375 rsdfit.fitting_driver INFO     rank 146 on nid00563     Saving the results to `/global/cscratch1/sd/nhand/eBOSS/fits/results/mocks/ezmock/v1.8e-fph/0.0001-0.3/basemodel-fs8-alphas-N/0.8-2.2/QSO-N-0043-P0+P2-mock-cov-976ba3841e/2017-11-27_nlopt_64i_chain0__1.npz`
rank #0: 2017-11-27 21:25:02,394 pyRSD.analysis.lbfgs_results INFO     
minimum chi2 = 63.8525587411

Free parameters [ mean ]
_______________
N              : -215.927925712
alpha_par      : 0.988272117475
alpha_perp     : 0.950905662874
b1             : 2.35968395234
f              : 0.830359492312
sigma8_z       : 0.369881441187
sigma_fog      : 4.60175545559

Constrained parameters [ mean ]
_________________________
F_AP           : 1.03929564841
alpha          : 0.963201469947
b1sigma8       : 0.872803301036
epsilon        : 0.0129306276665
fsigma8        : 0.307134565719
