rank #0: 2018-12-30 15:46:05,084 rsdfit.fitting_driver INFO     rank 35 on nid00556     Calling the 'nlopt' solve function
rank #0: 2018-12-30 15:46:05,084 rsdfit.lbfgs_fitter INFO     running LBFGS for 500 iterations and then stopping
rank #0: 2018-12-30 15:46:05,084 rsdfit.lbfgs_fitter INFO     running LBFGS minimizer with priors
rank #0: 2018-12-30 15:46:05,084 root         INFO     Iter           N          b1        f_nl   sigma_fog   F(X)     
rank #0: 2018-12-30 15:46:05,085 rsdfit.lbfgs_fitter INFO     computing gradient using numerical derivative of lnlike()
rank #0: 2018-12-30 15:46:05,684 LBFGS        INFO     options = {'factr': 100000.0, 'gtol': 1e-05, 'max_iter': 500, 'test_convergence': False}
rank #0: 2018-12-30 15:46:05,685 LBFGS        PARAM    0000          0.000000          2.000000          0.000000          4.000000         94.580315
rank #0: 2018-12-30 15:46:06,361 LBFGS        PARAM    0001          3.255771          2.042212          1.040438          3.998928         91.554101
rank #0: 2018-12-30 15:46:06,979 LBFGS        PARAM    0002        -70.600954          2.161343          5.527778          4.059302         87.309451
rank #0: 2018-12-30 15:46:07,601 LBFGS        PARAM    0003       -147.906828          2.187405          7.905717          4.127582         86.196697
rank #0: 2018-12-30 15:46:08,224 LBFGS        PARAM    0004       -258.809497          2.204123         14.302154          4.256545         85.396669
rank #0: 2018-12-30 15:46:08,823 LBFGS        PARAM    0005       -260.015951          2.203696         16.561916          4.271038         85.344719
rank #0: 2018-12-30 15:46:09,514 LBFGS        PARAM    0006       -248.639818          2.194844         31.492522          4.342057         85.063219
rank #0: 2018-12-30 15:46:10,134 LBFGS        PARAM    0007       -213.711002          2.175539         47.646190          4.383148         85.028281
rank #0: 2018-12-30 15:46:11,222 LBFGS        PARAM    0008       -211.036012          2.178402         39.379965          4.359441         84.963600
rank #0: 2018-12-30 15:46:11,840 LBFGS        PARAM    0009       -207.886410          2.178059         40.268857          4.351462         84.960216
rank #0: 2018-12-30 15:46:12,458 LBFGS        PARAM    0010       -206.008470          2.177044         40.712745          4.346653         84.959765
rank #0: 2018-12-30 15:46:13,062 LBFGS        PARAM    0011       -206.776928          2.176966         40.727539          4.341831         84.959566
rank #0: 2018-12-30 15:46:13,684 LBFGS        PARAM    0012       -209.131576          2.176941         40.680521          4.331541         84.959369
rank #0: 2018-12-30 15:46:14,306 LBFGS        PARAM    0013       -209.127893          2.176957         40.677433          4.331540         84.959369
rank #0: 2018-12-30 15:46:14,908 LBFGS        PARAM    0014       -209.126369          2.176955         40.677516          4.331542         84.959369
rank #0: 2018-12-30 15:46:15,534 LBFGS        PARAM    0015       -209.126239          2.176955         40.677490          4.331542         84.959369
rank #0: 2018-12-30 15:46:16,158 LBFGS        PARAM    0016       -209.126221          2.176955         40.677487          4.331542         84.959369
rank #0: 2018-12-30 15:46:16,832 LBFGS        PARAM    0017       -209.126221          2.176955         40.677487          4.331542         84.959369
rank #0: 2018-12-30 15:46:43,648 LBFGS        INFO     Linesearch failed in both LBFGS and gradient directions
rank #0: 2018-12-30 15:46:43,649 LBFGS        PARAM    0017       -209.126221          2.176955         40.677487          4.331542         84.959369
rank #0: 2018-12-30 15:46:43,649 rsdfit.lbfgs_fitter WARNING  ...LBFGS optimization finished. Time elapsed: 0:00:37.96
rank #0: 2018-12-30 15:46:43,649 rsdfit.lbfgs_fitter ERROR    nonlinear fit with method L-BFGS-B failed: Linesearch failed in both LBFGS and gradient directions
rank #0: 2018-12-30 15:46:43,650 rsdfit.fitting_driver INFO     rank 35 on nid00556     ...fitting complete
rank #0: 2018-12-30 15:46:43,653 rsdfit.fitting_driver INFO     rank 35 on nid00556     Saving the results to `/global/cscratch1/sd/nhand/eBOSS/fits/results/mocks/ezmock/v1.8e-fph/0.0001-0.3/basemodel-N-fnl/0.8-2.2/QSO-S-0098-P0+P2-mock-cov-175f5c9b57/2018-12-30_nlopt_17i_chain0__1.npz`
rank #0: 2018-12-30 15:46:44,660 pyRSD.analysis.lbfgs_results INFO     
minimum chi2 = 84.959368884

Free parameters [ mean ]
_______________
N              : -209.126220804
b1             : 2.17695519718
f_nl           : 40.677486877
sigma_fog      : 4.33154180277

Constrained parameters [ mean ]
_________________________
b1sigma8       : 0.867110013574
