rank #0: 2019-02-16 12:49:37,093 rsdfit.fitting_driver INFO     rank 1 on nid01064     Calling the 'nlopt' solve function
rank #0: 2019-02-16 12:49:37,094 rsdfit.lbfgs_fitter INFO     running LBFGS for 500 iterations and then stopping
rank #0: 2019-02-16 12:49:37,095 rsdfit.lbfgs_fitter INFO     running LBFGS minimizer with priors
rank #0: 2019-02-16 12:49:37,096 root         INFO     Iter           N          b1        f_nl   sigma_fog   F(X)     
rank #0: 2019-02-16 12:49:37,097 rsdfit.lbfgs_fitter INFO     computing gradient using numerical derivative of lnlike()
rank #0: 2019-02-16 12:49:37,682 LBFGS        INFO     options = {'factr': 100000.0, 'gtol': 1e-05, 'max_iter': 500, 'test_convergence': False}
rank #0: 2019-02-16 12:49:37,683 LBFGS        PARAM    0000          0.000000          2.000000          0.000000          4.000000         97.280339
rank #0: 2019-02-16 12:49:38,348 LBFGS        PARAM    0001        -12.654003          2.057931          1.286438          4.019198         88.719519
rank #0: 2019-02-16 12:49:38,948 LBFGS        PARAM    0002       -167.903735          2.208643          6.005631          4.183700         76.136338
rank #0: 2019-02-16 12:49:39,548 LBFGS        PARAM    0003       -288.617867          2.235049          7.694720          4.320146         72.673350
rank #0: 2019-02-16 12:49:40,150 LBFGS        PARAM    0004       -362.669399          2.237989          8.803706          4.458169         71.693647
rank #0: 2019-02-16 12:49:40,753 LBFGS        PARAM    0005       -361.369216          2.238902          9.092979          4.485882         71.647302
rank #0: 2019-02-16 12:49:41,355 LBFGS        PARAM    0006       -310.782950          2.237808         11.877334          4.752262         71.358197
rank #0: 2019-02-16 12:49:41,953 LBFGS        PARAM    0007       -291.146008          2.234771         13.351730          4.789617         71.340218
rank #0: 2019-02-16 12:49:42,548 LBFGS        PARAM    0008       -290.024189          2.234397         13.642692          4.790914         71.339785
rank #0: 2019-02-16 12:49:43,144 LBFGS        PARAM    0009       -288.192595          2.233141         14.913326          4.790395         71.338440
rank #0: 2019-02-16 12:49:43,740 LBFGS        PARAM    0010       -289.208651          2.232428         15.940958          4.785133         71.337707
rank #0: 2019-02-16 12:49:44,335 LBFGS        PARAM    0011       -290.319576          2.232331         16.136651          4.781886         71.337618
rank #0: 2019-02-16 12:49:44,931 LBFGS        PARAM    0012       -290.510009          2.232380         16.111082          4.781519         71.337616
rank #0: 2019-02-16 12:49:45,531 LBFGS        PARAM    0013       -290.524726          2.232388         16.103093          4.781513         71.337616
rank #0: 2019-02-16 12:49:46,134 LBFGS        PARAM    0014       -290.524399          2.232388         16.102758          4.781516         71.337616
rank #0: 2019-02-16 12:49:46,737 LBFGS        PARAM    0015       -290.524362          2.232388         16.102759          4.781516         71.337616
rank #0: 2019-02-16 12:50:12,760 LBFGS        INFO     Linesearch failed in both LBFGS and gradient directions
rank #0: 2019-02-16 12:50:12,762 LBFGS        PARAM    0015       -290.524362          2.232388         16.102759          4.781516         71.337616
rank #0: 2019-02-16 12:50:12,763 rsdfit.lbfgs_fitter WARNING  ...LBFGS optimization finished. Time elapsed: 0:00:35.08
rank #0: 2019-02-16 12:50:12,764 rsdfit.lbfgs_fitter ERROR    nonlinear fit with method L-BFGS-B failed: Linesearch failed in both LBFGS and gradient directions
rank #0: 2019-02-16 12:50:12,766 rsdfit.fitting_driver INFO     rank 1 on nid01064     ...fitting complete
rank #0: 2019-02-16 12:50:12,771 rsdfit.fitting_driver INFO     rank 1 on nid01064     Saving the results to `/global/cscratch1/sd/nhand/eBOSS/fits/results/mocks/ezmock/v1.8e-fph/0.005-0.3/basemodel-N-fnl/0.8-2.2/QSO-N-0961-P0+P2-mock-cov-20503beeef/2019-02-16_nlopt_15i_chain0__1.npz`
rank #0: 2019-02-16 12:50:12,778 pyRSD.analysis.lbfgs_results INFO     
minimum chi2 = 71.33761585470272

Free parameters [ mean ]
_______________
N              : -290.52436227955656
b1             : 2.232388249439171
f_nl           : 16.102759486792095
sigma_fog      : 4.7815164037159

Constrained parameters [ mean ]
_________________________
b1sigma8       : 0.8891897305824447
