rank #0: 2019-02-16 13:30:56,118 rsdfit.fitting_driver INFO     rank 25 on nid00600     Calling the 'nlopt' solve function
rank #0: 2019-02-16 13:30:56,119 rsdfit.lbfgs_fitter INFO     running LBFGS for 500 iterations and then stopping
rank #0: 2019-02-16 13:30:56,119 rsdfit.lbfgs_fitter INFO     running LBFGS minimizer with priors
rank #0: 2019-02-16 13:30:56,120 root         INFO     Iter           N          b1        f_nl   sigma_fog   F(X)     
rank #0: 2019-02-16 13:30:56,120 rsdfit.lbfgs_fitter INFO     computing gradient using numerical derivative of lnlike()
rank #0: 2019-02-16 13:30:56,685 LBFGS        INFO     options = {'factr': 100000.0, 'gtol': 1e-05, 'max_iter': 500, 'test_convergence': False}
rank #0: 2019-02-16 13:30:56,686 LBFGS        PARAM    0000          0.000000          2.000000          0.000000          4.000000        101.764061
rank #0: 2019-02-16 13:30:57,323 LBFGS        PARAM    0001         -1.421061          2.057247          0.549348          3.994223         92.847005
rank #0: 2019-02-16 13:30:57,896 LBFGS        PARAM    0002       -108.524267          2.194866          2.836669          4.035558         82.353569
rank #0: 2019-02-16 13:30:58,470 LBFGS        PARAM    0003       -205.332278          2.219396          3.924749          4.084534         79.687095
rank #0: 2019-02-16 13:30:59,044 LBFGS        PARAM    0004       -346.389372          2.234863          6.645205          4.113908         78.061266
rank #0: 2019-02-16 13:30:59,620 LBFGS        PARAM    0005       -354.010005          2.236107          7.624980          4.092273         78.006830
rank #0: 2019-02-16 13:31:00,198 LBFGS        PARAM    0006       -420.915953          2.235862         21.846606          3.786290         77.567752
rank #0: 2019-02-16 13:31:00,776 LBFGS        PARAM    0007       -425.553957          2.229648         34.796774          3.717073         77.347793
rank #0: 2019-02-16 13:31:01,353 LBFGS        PARAM    0008       -407.292281          2.202244        102.729637          3.643691         76.665669
rank #0: 2019-02-16 13:31:01,931 LBFGS        PARAM    0009       -371.762599          2.186004        116.192575          3.723709         76.594516
rank #0: 2019-02-16 13:31:02,512 LBFGS        PARAM    0010       -368.089830          2.190113        117.148603          3.748979         76.572000
rank #0: 2019-02-16 13:31:03,092 LBFGS        PARAM    0011       -367.608435          2.191305        116.680613          3.767017         76.569683
rank #0: 2019-02-16 13:31:03,673 LBFGS        PARAM    0012       -367.575971          2.191435        116.584994          3.772971         76.569496
rank #0: 2019-02-16 13:31:04,253 LBFGS        PARAM    0013       -367.586130          2.191412        116.591648          3.773080         76.569496
rank #0: 2019-02-16 13:31:04,836 LBFGS        PARAM    0014       -367.587467          2.191410        116.592774          3.773070         76.569496
rank #0: 2019-02-16 13:31:05,418 LBFGS        PARAM    0015       -367.587507          2.191410        116.592801          3.773070         76.569496
rank #0: 2019-02-16 13:31:06,002 LBFGS        PARAM    0016       -367.587512          2.191410        116.592805          3.773070         76.569496
rank #0: 2019-02-16 13:31:31,527 LBFGS        INFO     Linesearch failed in both LBFGS and gradient directions
rank #0: 2019-02-16 13:31:31,528 LBFGS        PARAM    0016       -367.587512          2.191410        116.592805          3.773070         76.569496
rank #0: 2019-02-16 13:31:31,528 rsdfit.lbfgs_fitter WARNING  ...LBFGS optimization finished. Time elapsed: 0:00:34.84
rank #0: 2019-02-16 13:31:31,528 rsdfit.lbfgs_fitter ERROR    nonlinear fit with method L-BFGS-B failed: Linesearch failed in both LBFGS and gradient directions
rank #0: 2019-02-16 13:31:31,529 rsdfit.fitting_driver INFO     rank 25 on nid00600     ...fitting complete
rank #0: 2019-02-16 13:31:31,532 rsdfit.fitting_driver INFO     rank 25 on nid00600     Saving the results to `/global/cscratch1/sd/nhand/eBOSS/fits/results/mocks/ezmock/v1.8e-fph/0.005-0.3/basemodel-N-fnl/0.8-2.2/QSO-N-0207-P0+P2-mock-cov-6e34f56d69/2019-02-16_nlopt_16i_chain0__1.npz`
rank #0: 2019-02-16 13:31:31,539 pyRSD.analysis.lbfgs_results INFO     
minimum chi2 = 76.56949561771118

Free parameters [ mean ]
_______________
N              : -367.58751232838983
b1             : 2.191410011395301
f_nl           : 116.5928050803945
sigma_fog      : 3.7730698876139366

Constrained parameters [ mean ]
_________________________
b1sigma8       : 0.87286755702902
