rank #0: 2018-10-04 21:10:44,923 rsdfit.fitting_driver INFO     rank 61 on nid01063     Calling the 'nlopt' solve function
rank #0: 2018-10-04 21:10:44,924 rsdfit.lbfgs_fitter INFO     running LBFGS for 500 iterations and then stopping
rank #0: 2018-10-04 21:10:44,924 rsdfit.lbfgs_fitter INFO     running LBFGS minimizer with priors
rank #0: 2018-10-04 21:10:44,924 root         INFO     Iter           N          b1        f_nl   sigma_fog   F(X)     
rank #0: 2018-10-04 21:10:44,925 rsdfit.lbfgs_fitter INFO     computing gradient using numerical derivative of lnlike()
rank #0: 2018-10-04 21:10:46,084 LBFGS        INFO     options = {'factr': 100000.0, 'gtol': 1e-05, 'max_iter': 500, 'test_convergence': False}
rank #0: 2018-10-04 21:10:46,085 LBFGS        PARAM    0000          0.000000          2.000000          0.000000          4.000000        144.220677
rank #0: 2018-10-04 21:10:47,440 LBFGS        PARAM    0001        -26.557660          2.109495          2.317167          3.991435        121.797641
rank #0: 2018-10-04 21:10:48,640 LBFGS        PARAM    0002       -377.501550          2.434916         12.105366          4.100373         88.736041
rank #0: 2018-10-04 21:10:49,843 LBFGS        PARAM    0003       -556.156045          2.430692         12.208784          4.188523         79.926298
rank #0: 2018-10-04 21:10:51,069 LBFGS        PARAM    0004       -751.035892          2.455839         12.739504          4.233403         77.401260
rank #0: 2018-10-04 21:10:52,265 LBFGS        PARAM    0005       -765.907319          2.451677         11.633262          4.160763         77.078586
rank #0: 2018-10-04 21:10:53,486 LBFGS        PARAM    0006       -895.711619          2.450826          4.181152          3.587621         75.762406
rank #0: 2018-10-04 21:10:54,688 LBFGS        PARAM    0007       -914.590367          2.459617          3.503019          3.508483         75.700110
rank #0: 2018-10-04 21:10:55,914 LBFGS        PARAM    0008       -914.011607          2.459967          3.536724          3.511048         75.699995
rank #0: 2018-10-04 21:10:57,111 LBFGS        PARAM    0009       -913.974623          2.459988          3.529845          3.511275         75.699992
rank #0: 2018-10-04 21:10:58,357 LBFGS        PARAM    0010       -913.871745          2.460129          3.439267          3.512311         75.699969
rank #0: 2018-10-04 21:10:59,568 LBFGS        PARAM    0011       -913.965858          2.460172          3.374107          3.512197         75.699962
rank #0: 2018-10-04 21:11:00,759 LBFGS        PARAM    0012       -914.024250          2.460169          3.360269          3.511985         75.699961
rank #0: 2018-10-04 21:11:01,972 LBFGS        PARAM    0013       -914.029626          2.460167          3.360597          3.511957         75.699961
rank #0: 2018-10-04 21:11:03,162 LBFGS        PARAM    0014       -914.029845          2.460166          3.360756          3.511955         75.699961
rank #0: 2018-10-04 21:11:04,376 LBFGS        PARAM    0015       -914.029880          2.460166          3.360764          3.511955         75.699961
rank #0: 2018-10-04 21:11:34,079 LBFGS        PARAM    0016       -914.029877          2.460166          3.360764          3.511955         75.699961
rank #0: 2018-10-04 21:11:35,299 LBFGS        PARAM    0017       -914.029874          2.460166          3.360764          3.511955         75.699961
rank #0: 2018-10-04 21:11:35,300 LBFGS        INFO     LBFGS iteration 17: the descent direction does not have a sufficient projection (cos(theta)=-9.15e-01, theta=156.1745) into the gradient; using steepest descent at this step!
rank #0: 2018-10-04 21:12:00,713 LBFGS        INFO     Linesearch failed in both LBFGS and gradient directions
rank #0: 2018-10-04 21:12:00,714 LBFGS        PARAM    0017       -914.029874          2.460166          3.360764          3.511955         75.699961
rank #0: 2018-10-04 21:12:00,715 rsdfit.lbfgs_fitter WARNING  ...LBFGS optimization finished. Time elapsed: 0:01:14.63
rank #0: 2018-10-04 21:12:00,715 rsdfit.lbfgs_fitter ERROR    nonlinear fit with method L-BFGS-B failed: Linesearch failed in both LBFGS and gradient directions
rank #0: 2018-10-04 21:12:00,716 rsdfit.fitting_driver INFO     rank 61 on nid01063     ...fitting complete
rank #0: 2018-10-04 21:12:00,719 rsdfit.fitting_driver INFO     rank 61 on nid01063     Saving the results to `/global/cscratch1/sd/nhand/eBOSS/fits/results/mocks/ezmock/v1.8e-fph/0.0001-0.3/basemodel-N-fnl/0.8-2.2/QSO-N-0274-P0+P2-mock-cov-3d9387a9b2/2018-10-04_nlopt_17i_chain0__1.npz`
rank #0: 2018-10-04 21:12:00,786 pyRSD.analysis.lbfgs_results INFO     
minimum chi2 = 75.6999610226

Free parameters [ mean ]
_______________
N              : -914.02987419
b1             : 2.46016638416
f_nl           : 3.36076433913
sigma_fog      : 3.5119550296

Constrained parameters [ mean ]
_________________________
b1sigma8       : 0.922280233862
