rank #0: 2018-06-24 13:24:18,179 rsdfit.fitting_driver INFO     rank 57 on nid01435     Calling the 'nlopt' solve function
rank #0: 2018-06-24 13:24:18,180 rsdfit.lbfgs_fitter INFO     running LBFGS for 500 iterations and then stopping
rank #0: 2018-06-24 13:24:18,181 rsdfit.lbfgs_fitter INFO     running LBFGS minimizer with priors
rank #0: 2018-06-24 13:24:18,181 root         INFO     Iter           N          b1        f_nl   sigma_fog   F(X)     
rank #0: 2018-06-24 13:24:18,777 LBFGS        INFO     options = {'factr': 100000.0, 'gtol': 1e-05, 'max_iter': 500, 'test_convergence': False}
rank #0: 2018-06-24 13:24:18,778 LBFGS        PARAM    0000          0.000000          2.000000          0.000000          4.000000         91.906257
rank #0: 2018-06-24 13:24:19,448 LBFGS        PARAM    0001         -7.322864          2.075494          0.525023          4.002180         84.496151
rank #0: 2018-06-24 13:24:20,050 LBFGS        PARAM    0002       -173.503064          2.261419          2.461904          4.110698         74.886919
rank #0: 2018-06-24 13:24:20,638 LBFGS        PARAM    0003       -322.507514          2.301677          2.846590          4.225816         71.836595
rank #0: 2018-06-24 13:24:21,241 LBFGS        PARAM    0004       -475.556746          2.319100          1.919284          4.349799         70.577045
rank #0: 2018-06-24 13:24:21,843 LBFGS        PARAM    0005       -475.088749          2.321496          1.586308          4.347548         70.572045
rank #0: 2018-06-24 13:24:22,430 LBFGS        PARAM    0006       -474.983440          2.322808          0.986870          4.344869         70.568380
rank #0: 2018-06-24 13:24:23,035 LBFGS        PARAM    0007       -476.295817          2.326194         -1.638564          4.335457         70.556075
rank #0: 2018-06-24 13:24:23,639 LBFGS        PARAM    0008       -481.042676          2.331142         -7.506332          4.317431         70.533094
rank #0: 2018-06-24 13:24:24,244 LBFGS        PARAM    0009       -491.832920          2.337515        -18.746906          4.288697         70.495371
rank #0: 2018-06-24 13:24:24,832 LBFGS        PARAM    0010       -498.115725          2.342232        -32.447301          4.298554         70.453164
rank #0: 2018-06-24 13:24:25,437 LBFGS        PARAM    0011       -498.563992          2.342724        -40.195392          4.328795         70.435709
rank #0: 2018-06-24 13:24:26,041 LBFGS        PARAM    0012       -496.601777          2.341539        -40.193544          4.341599         70.434253
rank #0: 2018-06-24 13:24:26,630 LBFGS        PARAM    0013       -495.592101          2.341088        -39.616129          4.345833         70.434099
rank #0: 2018-06-24 13:24:27,236 LBFGS        PARAM    0014       -494.762063          2.341027        -39.356757          4.349269         70.434009
rank #0: 2018-06-24 13:24:27,843 LBFGS        PARAM    0015       -493.761724          2.341340        -39.511443          4.353799         70.433928
rank #0: 2018-06-24 13:24:28,447 LBFGS        PARAM    0016       -493.688170          2.341414        -39.608204          4.354158         70.433927
rank #0: 2018-06-24 13:24:29,033 LBFGS        PARAM    0017       -493.703616          2.341427        -39.631416          4.354114         70.433926
rank #0: 2018-06-24 13:24:29,637 LBFGS        PARAM    0018       -493.707830          2.341428        -39.633391          4.354098         70.433926
rank #0: 2018-06-24 13:24:30,240 LBFGS        PARAM    0019       -493.707932          2.341428        -39.633372          4.354098         70.433926
rank #0: 2018-06-24 13:24:30,962 LBFGS        PARAM    0020       -493.707932          2.341428        -39.633372          4.354098         70.433926
rank #0: 2018-06-24 13:24:57,195 LBFGS        INFO     Linesearch failed in both LBFGS and gradient directions
rank #0: 2018-06-24 13:24:57,197 LBFGS        PARAM    0020       -493.707932          2.341428        -39.633372          4.354098         70.433926
rank #0: 2018-06-24 13:24:57,197 rsdfit.lbfgs_fitter WARNING  ...LBFGS optimization finished. Time elapsed: 0:00:38.42
rank #0: 2018-06-24 13:24:57,198 rsdfit.lbfgs_fitter ERROR    nonlinear fit with method L-BFGS-B failed: Linesearch failed in both LBFGS and gradient directions
rank #0: 2018-06-24 13:24:57,200 rsdfit.fitting_driver INFO     rank 57 on nid01435     ...fitting complete
rank #0: 2018-06-24 13:24:57,203 rsdfit.fitting_driver INFO     rank 57 on nid01435     Saving the results to `/global/cscratch1/sd/nhand/eBOSS/fits/results/mocks/ezmock/v1.8e-fph/0.005-0.3/basemodel-N-fnl/0.8-2.2/QSO-S-0747-P0+P2-mock-cov-a8bcb55756/2018-06-24_nlopt_20i_chain0__1.npz`
rank #0: 2018-06-24 13:24:57,233 pyRSD.analysis.lbfgs_results INFO     
minimum chi2 = 70.433926481

Free parameters [ mean ]
_______________
N              : -493.707932046
b1             : 2.34142771531
f_nl           : -39.633371852
sigma_fog      : 4.35409770982

Constrained parameters [ mean ]
_________________________
b1sigma8       : 0.9326215903
