rank #0: 2018-10-08 10:52:56,432 rsdfit.fitting_driver INFO     rank 40 on nid00694     Calling the 'nlopt' solve function
rank #0: 2018-10-08 10:52:56,433 rsdfit.lbfgs_fitter INFO     running LBFGS for 500 iterations and then stopping
rank #0: 2018-10-08 10:52:56,434 rsdfit.lbfgs_fitter INFO     running LBFGS minimizer with priors
rank #0: 2018-10-08 10:52:56,435 root         INFO     Iter           N          b1        f_nl   sigma_fog   F(X)     
rank #0: 2018-10-08 10:52:56,436 rsdfit.lbfgs_fitter INFO     computing gradient using numerical derivative of lnlike()
rank #0: 2018-10-08 10:52:57,610 LBFGS        INFO     options = {'factr': 100000.0, 'gtol': 1e-05, 'max_iter': 500, 'test_convergence': False}
rank #0: 2018-10-08 10:52:57,612 LBFGS        PARAM    0000          0.000000          2.000000          0.000000          4.000000        145.182223
rank #0: 2018-10-08 10:52:58,994 LBFGS        PARAM    0001         12.667243          2.106154          2.143183          4.020749        125.401922
rank #0: 2018-10-08 10:53:00,224 LBFGS        PARAM    0002        -94.164359          2.345202          9.429901          4.298193        103.624686
rank #0: 2018-10-08 10:53:01,463 LBFGS        PARAM    0003       -252.127497          2.403044         11.879801          4.544114         96.331475
rank #0: 2018-10-08 10:53:02,711 LBFGS        PARAM    0004       -406.642937          2.426825         11.307380          4.992161         91.953329
rank #0: 2018-10-08 10:53:03,935 LBFGS        PARAM    0005       -398.687313          2.431593         10.636553          5.080963         91.683231
rank #0: 2018-10-08 10:53:05,164 LBFGS        PARAM    0006       -269.119295          2.439505          2.217838          5.670481         90.532131
rank #0: 2018-10-08 10:53:06,405 LBFGS        PARAM    0007       -256.316926          2.442949         -1.591139          5.716948         90.502681
rank #0: 2018-10-08 10:53:07,680 LBFGS        PARAM    0008       -254.534355          2.446044         -4.519277          5.727167         90.494661
rank #0: 2018-10-08 10:53:08,903 LBFGS        PARAM    0009       -258.259906          2.448047         -6.259821          5.720023         90.491961
rank #0: 2018-10-08 10:53:10,147 LBFGS        PARAM    0010       -261.500661          2.448617         -6.660936          5.712122         90.491542
rank #0: 2018-10-08 10:53:11,375 LBFGS        PARAM    0011       -261.611003          2.448602         -6.643861          5.711317         90.491540
rank #0: 2018-10-08 10:53:12,598 LBFGS        PARAM    0012       -261.611327          2.448592         -6.639206          5.711210         90.491540
rank #0: 2018-10-08 10:53:13,850 LBFGS        PARAM    0013       -261.610465          2.448592         -6.639138          5.711210         90.491540
rank #0: 2018-10-08 10:53:15,085 LBFGS        PARAM    0014       -261.610430          2.448592         -6.639148          5.711210         90.491540
rank #0: 2018-10-08 10:53:16,453 LBFGS        PARAM    0015       -261.610430          2.448592         -6.639148          5.711210         90.491540
rank #0: 2018-10-08 10:54:10,858 LBFGS        INFO     Linesearch failed in both LBFGS and gradient directions
rank #0: 2018-10-08 10:54:10,860 LBFGS        PARAM    0015       -261.610430          2.448592         -6.639148          5.711210         90.491540
rank #0: 2018-10-08 10:54:10,862 rsdfit.lbfgs_fitter WARNING  ...LBFGS optimization finished. Time elapsed: 0:01:13.25
rank #0: 2018-10-08 10:54:10,863 rsdfit.lbfgs_fitter ERROR    nonlinear fit with method L-BFGS-B failed: Linesearch failed in both LBFGS and gradient directions
rank #0: 2018-10-08 10:54:10,864 rsdfit.fitting_driver INFO     rank 40 on nid00694     ...fitting complete
rank #0: 2018-10-08 10:54:10,868 rsdfit.fitting_driver INFO     rank 40 on nid00694     Saving the results to `/global/cscratch1/sd/nhand/eBOSS/fits/results/mocks/ezmock/v1.8e-fph/0.005-0.3/basemodel-N-fnl/0.8-2.2/QSO-N-0923-P0+P2-mock-cov-3d9387a9b2/2018-10-08_nlopt_15i_chain0__1.npz`
rank #0: 2018-10-08 10:54:10,926 pyRSD.analysis.lbfgs_results INFO     
minimum chi2 = 90.4915395106

Free parameters [ mean ]
_______________
N              : -261.61043003
b1             : 2.44859207238
f_nl           : -6.63914829026
sigma_fog      : 5.71120977052

Constrained parameters [ mean ]
_________________________
b1sigma8       : 0.91794119442
