rank #0: 2017-11-27 22:24:10,375 rsdfit.fitting_driver INFO     rank 104 on nid00476     Calling the 'nlopt' solve function
rank #0: 2017-11-27 22:24:10,376 rsdfit.lbfgs_fitter INFO     running LBFGS for 500 iterations and then stopping
rank #0: 2017-11-27 22:24:10,376 rsdfit.lbfgs_fitter INFO     running LBFGS minimizer with priors
rank #0: 2017-11-27 22:24:10,376 root         INFO     Iter           N          b1           f        f_nl    sigma8_z   sigma_fog   F(X)     
rank #0: 2017-11-27 22:24:11,112 LBFGS        INFO     options = {'factr': 100000.0, 'gtol': 1e-05, 'max_iter': 500, 'test_convergence': False}
rank #0: 2017-11-27 22:24:11,112 LBFGS        PARAM    0000          0.000000          2.000000          0.930883          0.000000          0.398070          4.000000         94.755551
rank #0: 2017-11-27 22:24:11,917 LBFGS        PARAM    0001         -0.050091          2.002157          0.930936          0.020689          0.399442          4.000575         93.009580
rank #0: 2017-11-27 22:24:12,664 LBFGS        PARAM    0002        -16.811819          2.054745          0.931188          0.732937          0.428764          4.044156         76.770035
rank #0: 2017-11-27 22:24:13,408 LBFGS        PARAM    0003        -24.625594          2.047835          0.930343          0.766353          0.423386          4.061298         75.661142
rank #0: 2017-11-27 22:24:14,152 LBFGS        PARAM    0004        -38.225517          2.050243          0.929308          0.969645          0.422537          4.092380         75.095769
rank #0: 2017-11-27 22:24:14,896 LBFGS        PARAM    0005       -235.431273          2.097694          0.914214          4.144638          0.416823          4.551933         70.038245
rank #0: 2017-11-27 22:24:15,639 LBFGS        PARAM    0006       -295.597471          2.126243          0.906337          6.006418          0.417261          4.752884         68.937258
rank #0: 2017-11-27 22:24:16,386 LBFGS        PARAM    0007       -301.641536          2.140638          0.902434          7.016370          0.417806          4.829331         68.700928
rank #0: 2017-11-27 22:24:17,134 LBFGS        PARAM    0008       -293.354505          2.146440          0.900690          7.499667          0.417702          4.852229         68.625549
rank #0: 2017-11-27 22:24:17,881 LBFGS        PARAM    0009       -263.807832          2.160367          0.896057          8.802168          0.416457          4.904412         68.450054
rank #0: 2017-11-27 22:24:18,629 LBFGS        PARAM    0010       -217.592701          2.179305          0.889247         10.762819          0.413433          4.975926         68.232973
rank #0: 2017-11-27 22:24:19,378 LBFGS        PARAM    0011       -181.732685          2.202431          0.882054         14.615162          0.407593          5.021360         68.028279
rank #0: 2017-11-27 22:24:20,126 LBFGS        PARAM    0012       -175.657620          2.205946          0.881174         15.581610          0.406311          5.013653         68.013418
rank #0: 2017-11-27 22:24:20,878 LBFGS        PARAM    0013       -175.185310          2.207129          0.881071         16.140925          0.405822          5.002524         68.006015
rank #0: 2017-11-27 22:24:21,626 LBFGS        PARAM    0014       -176.806786          2.212618          0.880547         18.472467          0.404188          4.961890         67.979163
rank #0: 2017-11-27 22:24:22,375 LBFGS        PARAM    0015       -182.819331          2.225330          0.878990         23.209663          0.401283          4.893733         67.931367
rank #0: 2017-11-27 22:24:23,125 LBFGS        PARAM    0016       -197.445938          2.252069          0.875263         32.449547          0.396174          4.779778         67.849976
rank #0: 2017-11-27 22:24:23,876 LBFGS        PARAM    0017       -212.771240          2.276119          0.871047         40.505637          0.392615          4.700073         67.775559
rank #0: 2017-11-27 22:24:24,625 LBFGS        PARAM    0018       -220.102160          2.283137          0.869082         42.478928          0.392602          4.699327         67.740913
rank #0: 2017-11-27 22:24:25,375 LBFGS        PARAM    0019       -218.994957          2.282158          0.868834         41.743071          0.393060          4.719418         67.738869
rank #0: 2017-11-27 22:24:26,125 LBFGS        PARAM    0020       -218.699031          2.282338          0.868718         41.679824          0.393045          4.721912         67.738779
rank #0: 2017-11-27 22:24:26,871 LBFGS        PARAM    0021       -219.358431          2.283916          0.867975         41.373141          0.392860          4.720731         67.737616
rank #0: 2017-11-27 22:24:27,616 LBFGS        PARAM    0022       -229.852096          2.301478          0.860302         38.767147          0.390681          4.678023         67.729951
rank #0: 2017-11-27 22:24:28,359 LBFGS        PARAM    0023       -234.803800          2.307777          0.857791         38.258920          0.389863          4.649648         67.728610
rank #0: 2017-11-27 22:24:29,100 LBFGS        PARAM    0024       -236.303946          2.309054          0.857392         38.337200          0.389681          4.639668         67.728459
rank #0: 2017-11-27 22:24:29,842 LBFGS        PARAM    0025       -236.265276          2.308892          0.857469         38.366126          0.389699          4.639529         67.728458
rank #0: 2017-11-27 22:24:30,584 LBFGS        PARAM    0026       -236.248720          2.308856          0.857484         38.369641          0.389703          4.639594         67.728458
rank #0: 2017-11-27 22:24:31,324 LBFGS        PARAM    0027       -236.247195          2.308855          0.857485         38.369507          0.389703          4.639600         67.728458
rank #0: 2017-11-27 22:24:32,066 LBFGS        PARAM    0028       -236.247176          2.308856          0.857485         38.369468          0.389703          4.639601         67.728458
rank #0: 2017-11-27 22:24:33,382 LBFGS        PARAM    0029       -236.247177          2.308856          0.857485         38.369466          0.389703          4.639601         67.728458
rank #0: 2017-11-27 22:24:34,808 LBFGS        PARAM    0030       -236.247177          2.308856          0.857485         38.369465          0.389703          4.639601         67.728458
rank #0: 2017-11-27 22:24:47,506 LBFGS        PARAM    0031       -236.247177          2.308856          0.857485         38.369465          0.389703          4.639601         67.728458
rank #0: 2017-11-27 22:24:48,234 LBFGS        PARAM    0032       -236.247172          2.308856          0.857485         38.369464          0.389703          4.639601         67.728458
rank #0: 2017-11-27 22:24:48,962 LBFGS        PARAM    0033       -236.247168          2.308856          0.857485         38.369463          0.389703          4.639601         67.728458
rank #0: 2017-11-27 22:24:49,690 LBFGS        PARAM    0034       -236.247111          2.308856          0.857485         38.369456          0.389703          4.639601         67.728458
rank #0: 2017-11-27 22:24:50,643 LBFGS        PARAM    0035       -236.247108          2.308856          0.857485         38.369456          0.389703          4.639601         67.728458
rank #0: 2017-11-27 22:25:03,377 LBFGS        PARAM    0036       -236.247110          2.308856          0.857485         38.369456          0.389703          4.639601         67.728458
rank #0: 2017-11-27 22:25:25,425 LBFGS        INFO     Linesearch failed in both LBFGS and gradient directions
rank #0: 2017-11-27 22:25:25,425 LBFGS        PARAM    0036       -236.247110          2.308856          0.857485         38.369456          0.389703          4.639601         67.728458
rank #0: 2017-11-27 22:25:25,426 rsdfit.lbfgs_fitter WARNING  ...LBFGS optimization finished. Time elapsed: 0:01:14.31
rank #0: 2017-11-27 22:25:25,426 rsdfit.lbfgs_fitter ERROR    nonlinear fit with method L-BFGS-B failed: Linesearch failed in both LBFGS and gradient directions
rank #0: 2017-11-27 22:25:25,427 rsdfit.fitting_driver INFO     rank 104 on nid00476     ...fitting complete
rank #0: 2017-11-27 22:25:25,429 rsdfit.fitting_driver INFO     rank 104 on nid00476     Saving the results to `/global/cscratch1/sd/nhand/eBOSS/fits/results/mocks/ezmock/v1.8e-fph/0.0001-0.3/basemodel-fs8-N-fnl/0.8-2.2/QSO-N-0931-P0+P2-mock-cov-0a197b956d/2017-11-27_nlopt_36i_chain0__1.npz`
rank #0: 2017-11-27 22:25:25,451 pyRSD.analysis.lbfgs_results INFO     
minimum chi2 = 67.7284575566

Free parameters [ mean ]
_______________
N              : -236.247109538
b1             : 2.30885581521
f              : 0.857485483257
f_nl           : 38.36945575
sigma8_z       : 0.389703048313
sigma_fog      : 4.63960064304

Constrained parameters [ mean ]
_________________________
b1sigma8       : 0.899768149303
fsigma8        : 0.33416470671
