rank #0: 2018-07-15 20:32:47,977 rsdfit.fitting_driver INFO     rank 53 on nid00570     Calling the 'nlopt' solve function
rank #0: 2018-07-15 20:32:47,978 rsdfit.lbfgs_fitter INFO     running LBFGS for 500 iterations and then stopping
rank #0: 2018-07-15 20:32:47,979 rsdfit.lbfgs_fitter INFO     running LBFGS minimizer with priors
rank #0: 2018-07-15 20:32:47,980 root         INFO     Iter           N          b1        f_nl   sigma_fog   F(X)     
rank #0: 2018-07-15 20:32:48,556 LBFGS        INFO     options = {'factr': 100000.0, 'gtol': 1e-05, 'max_iter': 500, 'test_convergence': False}
rank #0: 2018-07-15 20:32:48,558 LBFGS        PARAM    0000          0.000000          2.000000          0.000000          4.000000        111.155371
rank #0: 2018-07-15 20:32:49,218 LBFGS        PARAM    0001         41.845996          2.126428          2.796510          3.972498         93.839388
rank #0: 2018-07-15 20:32:49,795 LBFGS        PARAM    0002        -70.051464          2.448325         14.557756          4.029048         77.542008
rank #0: 2018-07-15 20:32:50,387 LBFGS        PARAM    0003       -179.083324          2.430969         15.863821          4.117976         74.065437
rank #0: 2018-07-15 20:32:50,982 LBFGS        PARAM    0004       -421.266986          2.477986         22.349383          4.297578         71.455829
rank #0: 2018-07-15 20:32:51,560 LBFGS        PARAM    0005       -439.757151          2.485639         24.731857          4.289650         71.405718
rank #0: 2018-07-15 20:32:52,151 LBFGS        PARAM    0006       -448.589079          2.485332         27.680785          4.258550         71.371595
rank #0: 2018-07-15 20:32:52,744 LBFGS        PARAM    0007       -451.523903          2.477478         31.607301          4.192108         71.341675
rank #0: 2018-07-15 20:32:53,340 LBFGS        PARAM    0008       -451.101831          2.474410         31.360860          4.162010         71.337289
rank #0: 2018-07-15 20:32:53,922 LBFGS        PARAM    0009       -451.475807          2.474211         31.255368          4.155986         71.337150
rank #0: 2018-07-15 20:32:54,518 LBFGS        PARAM    0010       -452.350834          2.474409         31.192081          4.153332         71.337109
rank #0: 2018-07-15 20:32:55,112 LBFGS        PARAM    0011       -452.960739          2.474608         31.163133          4.152379         71.337100
rank #0: 2018-07-15 20:32:55,688 LBFGS        PARAM    0012       -452.974114          2.474614         31.163537          4.152417         71.337100
rank #0: 2018-07-15 20:32:56,282 LBFGS        PARAM    0013       -452.973617          2.474615         31.163696          4.152426         71.337100
rank #0: 2018-07-15 20:32:56,943 LBFGS        PARAM    0014       -452.973594          2.474615         31.163698          4.152426         71.337100
rank #0: 2018-07-15 20:32:57,599 LBFGS        PARAM    0015       -452.973584          2.474615         31.163698          4.152426         71.337100
rank #0: 2018-07-15 20:33:23,527 LBFGS        INFO     Linesearch failed in both LBFGS and gradient directions
rank #0: 2018-07-15 20:33:23,529 LBFGS        PARAM    0015       -452.973584          2.474615         31.163698          4.152426         71.337100
rank #0: 2018-07-15 20:33:23,530 rsdfit.lbfgs_fitter WARNING  ...LBFGS optimization finished. Time elapsed: 0:00:34.97
rank #0: 2018-07-15 20:33:23,531 rsdfit.lbfgs_fitter ERROR    nonlinear fit with method L-BFGS-B failed: Linesearch failed in both LBFGS and gradient directions
rank #0: 2018-07-15 20:33:23,532 rsdfit.fitting_driver INFO     rank 53 on nid00570     ...fitting complete
rank #0: 2018-07-15 20:33:23,535 rsdfit.fitting_driver INFO     rank 53 on nid00570     Saving the results to `/global/cscratch1/sd/nhand/eBOSS/fits/results/mocks/ezmock/v1.8e-fph/0.0001-0.3/basemodel-N-fnl/0.8-2.2/QSO-S-0711-P0+P2-mock-cov-1ab4f6001f/2018-07-15_nlopt_15i_chain0__1.npz`
rank #0: 2018-07-15 20:33:23,559 pyRSD.analysis.lbfgs_results INFO     
minimum chi2 = 71.3370995979

Free parameters [ mean ]
_______________
N              : -452.973584094
b1             : 2.47461484066
f_nl           : 31.1636982355
sigma_fog      : 4.15242569562

Constrained parameters [ mean ]
_________________________
b1sigma8       : 0.927696747933
