rank #0: 2017-11-25 11:58:34,544 rsdfit.fitting_driver INFO     rank 45 on nid00472     Calling the 'nlopt' solve function
rank #0: 2017-11-25 11:58:34,544 rsdfit.lbfgs_fitter INFO     running LBFGS for 500 iterations and then stopping
rank #0: 2017-11-25 11:58:34,544 rsdfit.lbfgs_fitter INFO     running LBFGS minimizer with priors
rank #0: 2017-11-25 11:58:34,544 root         INFO     Iter           N          b1        f_nl   sigma_fog   F(X)     
rank #0: 2017-11-25 11:58:34,597 root         INFO     analytic derivative for parameter 'N' not available; no registered subclass for dPkmu/dN
rank #0: 2017-11-25 11:58:34,883 LBFGS        INFO     options = {'factr': 100000.0, 'gtol': 1e-05, 'max_iter': 500, 'test_convergence': False}
rank #0: 2017-11-25 11:58:34,884 LBFGS        PARAM    0000          0.000000          2.000000          0.000000          4.000000        152.118129
rank #0: 2017-11-25 11:58:35,283 LBFGS        PARAM    0001         30.236637          2.054485          0.393000          3.972752        121.468362
rank #0: 2017-11-25 11:58:35,623 LBFGS        PARAM    0002         25.866003          2.159563          1.705440          3.953286         99.646017
rank #0: 2017-11-25 11:58:35,963 LBFGS        PARAM    0003        -17.280132          2.175766          2.264698          3.977103         96.045212
rank #0: 2017-11-25 11:58:36,304 LBFGS        PARAM    0004       -217.975306          2.232611          6.134270          3.977442         88.732154
rank #0: 2017-11-25 11:58:36,645 LBFGS        PARAM    0005       -231.989920          2.232878          7.678996          3.943978         88.463628
rank #0: 2017-11-25 11:58:36,986 LBFGS        PARAM    0006       -271.280627          2.232139         14.963641          3.801561         87.608780
rank #0: 2017-11-25 11:58:37,327 LBFGS        PARAM    0007       -289.223205          2.229303         25.483156          3.720945         86.985934
rank #0: 2017-11-25 11:58:37,668 LBFGS        PARAM    0008       -330.092871          2.213533         78.036701          3.516024         85.168323
rank #0: 2017-11-25 11:58:38,008 LBFGS        PARAM    0009       -299.086521          2.204251         96.716204          3.573967         84.470266
rank #0: 2017-11-25 11:58:38,349 LBFGS        PARAM    0010       -219.895891          2.192879        105.545733          3.786199         84.238356
rank #0: 2017-11-25 11:58:38,690 LBFGS        PARAM    0011       -229.327204          2.192923        112.216286          3.765556         84.192852
rank #0: 2017-11-25 11:58:39,090 LBFGS        PARAM    0012       -228.934459          2.193211        110.765467          3.767503         84.191504
rank #0: 2017-11-25 11:59:03,078 LBFGS        INFO     Linesearch failed in both LBFGS and gradient directions
rank #0: 2017-11-25 11:59:03,078 LBFGS        PARAM    0012       -228.934459          2.193211        110.765467          3.767503         84.191504
rank #0: 2017-11-25 11:59:03,078 rsdfit.lbfgs_fitter WARNING  ...LBFGS optimization finished. Time elapsed: 0:00:28.20
rank #0: 2017-11-25 11:59:03,079 rsdfit.lbfgs_fitter ERROR    nonlinear fit with method L-BFGS-B failed: Linesearch failed in both LBFGS and gradient directions
rank #0: 2017-11-25 11:59:03,079 rsdfit.fitting_driver INFO     rank 45 on nid00472     ...fitting complete
rank #0: 2017-11-25 11:59:03,088 rsdfit.fitting_driver INFO     rank 45 on nid00472     Saving the results to `/global/project/projectdirs/m779/nhand/Research/eBOSS/fits/results/mocks/ezmock/v1.8e-fph/0.0001-0.3/basemodel-N-fnl/0.8-2.2/QSO-N-0141-P0+P2-d10badba55/2017-11-25_nlopt_12i_chain0__1.npz`
rank #0: 2017-11-25 11:59:03,143 pyRSD.analysis.lbfgs_results INFO     
minimum chi2 = 84.191503598

Free parameters [ mean ]
_______________
N              : -228.934458988
b1             : 2.19321114971
f_nl           : 110.765466692
sigma_fog      : 3.76750274832

Constrained parameters [ mean ]
_________________________
b1sigma8       : 0.873050189274
