rank #0: 2017-11-27 22:43:26,576 rsdfit.fitting_driver INFO     rank 190 on nid00482     Calling the 'nlopt' solve function
rank #0: 2017-11-27 22:43:26,577 rsdfit.lbfgs_fitter INFO     running LBFGS for 500 iterations and then stopping
rank #0: 2017-11-27 22:43:26,577 rsdfit.lbfgs_fitter INFO     running LBFGS minimizer with priors
rank #0: 2017-11-27 22:43:26,577 root         INFO     Iter          b1        f_nl   sigma_fog   F(X)     
rank #0: 2017-11-27 22:43:26,868 LBFGS        INFO     options = {'factr': 100000.0, 'gtol': 1e-05, 'max_iter': 500, 'test_convergence': False}
rank #0: 2017-11-27 22:43:26,869 LBFGS        PARAM    0000          2.000000          0.000000          4.000000         36.925020
rank #0: 2017-11-27 22:43:27,201 LBFGS        PARAM    0001          2.110199          1.952074          3.994395         28.454711
rank #0: 2017-11-27 22:43:27,490 LBFGS        PARAM    0002          2.373343         12.985922          3.982860         22.106879
rank #0: 2017-11-27 22:43:27,779 LBFGS        PARAM    0003          2.304811         11.794436          3.988536         21.445887
rank #0: 2017-11-27 22:43:28,070 LBFGS        PARAM    0004          2.310884         13.806364          3.990238         21.389919
rank #0: 2017-11-27 22:43:28,363 LBFGS        PARAM    0005          2.320410         24.594764          4.001611         21.196375
rank #0: 2017-11-27 22:43:28,657 LBFGS        PARAM    0006          2.319569         48.209088          4.028635         20.890218
rank #0: 2017-11-27 22:43:28,950 LBFGS        PARAM    0007          2.296884         74.926058          4.061853         20.579513
rank #0: 2017-11-27 22:43:29,244 LBFGS        PARAM    0008          2.259189         86.256117          4.090068         20.304843
rank #0: 2017-11-27 22:43:29,538 LBFGS        PARAM    0009          2.252105         85.622366          4.093570         20.292856
rank #0: 2017-11-27 22:43:29,832 LBFGS        PARAM    0010          2.251976         85.988773          4.094610         20.292796
rank #0: 2017-11-27 22:43:30,126 LBFGS        PARAM    0011          2.252014         86.016337          4.097310         20.292730
rank #0: 2017-11-27 22:43:30,420 LBFGS        PARAM    0012          2.253944         86.850610          4.292201         20.289206
rank #0: 2017-11-27 22:43:30,714 LBFGS        PARAM    0013          2.256823         87.143964          4.640297         20.284141
rank #0: 2017-11-27 22:43:31,010 LBFGS        PARAM    0014          2.263078         86.215364          5.451277         20.275270
rank #0: 2017-11-27 22:43:31,307 LBFGS        PARAM    0015          2.265875         84.182789          5.794143         20.270599
rank #0: 2017-11-27 22:43:31,604 LBFGS        PARAM    0016          2.265451         82.393318          5.781840         20.268325
rank #0: 2017-11-27 22:43:31,900 LBFGS        PARAM    0017          2.264755         82.485140          5.758449         20.268270
rank #0: 2017-11-27 22:43:32,195 LBFGS        PARAM    0018          2.264706         82.499392          5.755002         20.268270
rank #0: 2017-11-27 22:43:32,491 LBFGS        PARAM    0019          2.264707         82.499991          5.755249         20.268270
rank #0: 2017-11-27 22:43:32,788 LBFGS        PARAM    0020          2.264707         82.499932          5.755236         20.268270
rank #0: 2017-11-27 22:43:49,326 LBFGS        INFO     Linesearch failed in both LBFGS and gradient directions
rank #0: 2017-11-27 22:43:49,326 LBFGS        PARAM    0020          2.264707         82.499932          5.755236         20.268270
rank #0: 2017-11-27 22:43:49,326 rsdfit.lbfgs_fitter WARNING  ...LBFGS optimization finished. Time elapsed: 0:00:22.46
rank #0: 2017-11-27 22:43:49,327 rsdfit.lbfgs_fitter ERROR    nonlinear fit with method L-BFGS-B failed: Linesearch failed in both LBFGS and gradient directions
rank #0: 2017-11-27 22:43:49,327 rsdfit.fitting_driver INFO     rank 190 on nid00482     ...fitting complete
rank #0: 2017-11-27 22:43:49,330 rsdfit.fitting_driver INFO     rank 190 on nid00482     Saving the results to `/global/cscratch1/sd/nhand/eBOSS/fits/results/mocks/ezmock/v1.8e-fph/0.0001-0.05/basemodel-fnl/0.8-2.2/QSO-N-0294-P0+P2-mock-cov-b6abb0373d/2017-11-27_nlopt_20i_chain0__1.npz`
rank #0: 2017-11-27 22:43:49,348 pyRSD.analysis.lbfgs_results INFO     
minimum chi2 = 20.2682698696

Free parameters [ mean ]
_______________
b1             : 2.26470665205
f_nl           : 82.499932023
sigma_fog      : 5.75523623115

Constrained parameters [ mean ]
_________________________
b1sigma8       : 0.901512556773
