rank #0: 2018-06-24 13:37:43,047 rsdfit.fitting_driver INFO     rank 18 on nid00567     Calling the 'nlopt' solve function
rank #0: 2018-06-24 13:37:43,047 rsdfit.lbfgs_fitter INFO     running LBFGS for 500 iterations and then stopping
rank #0: 2018-06-24 13:37:43,047 rsdfit.lbfgs_fitter INFO     running LBFGS minimizer with priors
rank #0: 2018-06-24 13:37:43,047 root         INFO     Iter           N          b1        f_nl   sigma_fog   F(X)     
rank #0: 2018-06-24 13:37:43,631 LBFGS        INFO     options = {'factr': 100000.0, 'gtol': 1e-05, 'max_iter': 500, 'test_convergence': False}
rank #0: 2018-06-24 13:37:43,631 LBFGS        PARAM    0000          0.000000          2.000000          0.000000          4.000000         96.833759
rank #0: 2018-06-24 13:37:44,292 LBFGS        PARAM    0001         98.026443          2.165025          1.101174          3.937916         77.718296
rank #0: 2018-06-24 13:37:44,885 LBFGS        PARAM    0002         42.582680          2.476435          4.725030          3.898134         66.588213
rank #0: 2018-06-24 13:37:45,461 LBFGS        PARAM    0003          3.334126          2.432921          3.809164          3.973159         65.501416
rank #0: 2018-06-24 13:37:46,055 LBFGS        PARAM    0004       -148.014062          2.412070          2.666098          4.131141         65.081998
rank #0: 2018-06-24 13:37:46,648 LBFGS        PARAM    0005       -134.843542          2.447847          2.991501          4.115189         64.291725
rank #0: 2018-06-24 13:37:47,242 LBFGS        PARAM    0006       -186.161342          2.500439          2.717651          4.149979         63.750844
rank #0: 2018-06-24 13:37:47,819 LBFGS        PARAM    0007       -236.038500          2.519771          1.504969          4.163900         63.619053
rank #0: 2018-06-24 13:37:48,413 LBFGS        PARAM    0008       -283.569775          2.529930         -2.467264          4.086288         63.484830
rank #0: 2018-06-24 13:37:49,008 LBFGS        PARAM    0009       -371.152100          2.543447        -14.688624          3.815327         63.273836
rank #0: 2018-06-24 13:37:49,595 LBFGS        PARAM    0010       -384.128987          2.545466        -23.517840          3.704813         63.210480
rank #0: 2018-06-24 13:37:50,180 LBFGS        PARAM    0011       -380.423168          2.547260        -32.977037          3.687261         63.173845
rank #0: 2018-06-24 13:37:50,774 LBFGS        PARAM    0012       -372.751932          2.551688        -41.363538          3.728135         63.154424
rank #0: 2018-06-24 13:37:51,369 LBFGS        PARAM    0013       -371.316727          2.555758        -44.501367          3.773331         63.149922
rank #0: 2018-06-24 13:37:51,945 LBFGS        PARAM    0014       -370.142672          2.556531        -44.379798          3.779671         63.149732
rank #0: 2018-06-24 13:37:52,539 LBFGS        PARAM    0015       -370.254472          2.556539        -44.290414          3.779912         63.149729
rank #0: 2018-06-24 13:37:53,133 LBFGS        PARAM    0016       -370.320846          2.556543        -44.269779          3.779901         63.149729
rank #0: 2018-06-24 13:37:53,728 LBFGS        PARAM    0017       -370.324262          2.556544        -44.270296          3.779893         63.149729
rank #0: 2018-06-24 13:37:54,306 LBFGS        PARAM    0018       -370.324718          2.556544        -44.270405          3.779892         63.149729
rank #0: 2018-06-24 13:37:54,900 LBFGS        PARAM    0019       -370.324684          2.556544        -44.270404          3.779892         63.149729
rank #0: 2018-06-24 13:38:20,501 LBFGS        INFO     Linesearch failed in both LBFGS and gradient directions
rank #0: 2018-06-24 13:38:20,502 LBFGS        PARAM    0019       -370.324684          2.556544        -44.270404          3.779892         63.149729
rank #0: 2018-06-24 13:38:20,502 rsdfit.lbfgs_fitter WARNING  ...LBFGS optimization finished. Time elapsed: 0:00:36.87
rank #0: 2018-06-24 13:38:20,502 rsdfit.lbfgs_fitter ERROR    nonlinear fit with method L-BFGS-B failed: Linesearch failed in both LBFGS and gradient directions
rank #0: 2018-06-24 13:38:20,503 rsdfit.fitting_driver INFO     rank 18 on nid00567     ...fitting complete
rank #0: 2018-06-24 13:38:20,514 rsdfit.fitting_driver INFO     rank 18 on nid00567     Saving the results to `/global/cscratch1/sd/nhand/eBOSS/fits/results/mocks/ezmock/v1.8e-fph/0.005-0.3/basemodel-N-fnl/0.8-2.2/QSO-S-0030-P0+P2-mock-cov-f224d44da7/2018-06-24_nlopt_19i_chain0__1.npz`
rank #0: 2018-06-24 13:38:20,630 pyRSD.analysis.lbfgs_results INFO     
minimum chi2 = 63.1497287927

Free parameters [ mean ]
_______________
N              : -370.324684012
b1             : 2.55654405419
f_nl           : -44.270403726
sigma_fog      : 3.77989226513

Constrained parameters [ mean ]
_________________________
b1sigma8       : 0.926065920165
