rank #0: 2018-07-16 19:58:15,158 rsdfit.fitting_driver INFO     rank 5 on nid00618     Calling the 'nlopt' solve function
rank #0: 2018-07-16 19:58:15,158 rsdfit.lbfgs_fitter INFO     running LBFGS for 500 iterations and then stopping
rank #0: 2018-07-16 19:58:15,158 rsdfit.lbfgs_fitter INFO     running LBFGS minimizer with priors
rank #0: 2018-07-16 19:58:15,158 root         INFO     Iter           N          b1        f_nl   sigma_fog   F(X)     
rank #0: 2018-07-16 19:58:15,729 LBFGS        INFO     options = {'factr': 100000.0, 'gtol': 1e-05, 'max_iter': 500, 'test_convergence': False}
rank #0: 2018-07-16 19:58:15,729 LBFGS        PARAM    0000          0.000000          2.000000          0.000000          4.000000        105.621707
rank #0: 2018-07-16 19:58:16,397 LBFGS        PARAM    0001        -30.696730          2.075238          0.724839          4.007991         92.860208
rank #0: 2018-07-16 19:58:16,998 LBFGS        PARAM    0002       -288.140869          2.267471          3.836239          4.125097         73.631136
rank #0: 2018-07-16 19:58:17,585 LBFGS        PARAM    0003       -462.720859          2.290699          4.845562          4.207726         68.609003
rank #0: 2018-07-16 19:58:18,184 LBFGS        PARAM    0004       -545.016238          2.290849          5.654825          4.201147         67.847777
rank #0: 2018-07-16 19:58:18,784 LBFGS        PARAM    0005       -559.320268          2.291939          6.150471          4.172255         67.757596
rank #0: 2018-07-16 19:58:19,384 LBFGS        PARAM    0006       -632.839895          2.293176         10.488112          3.899912         67.266059
rank #0: 2018-07-16 19:58:19,969 LBFGS        PARAM    0007       -643.864622          2.289862         15.361826          3.748283         67.102606
rank #0: 2018-07-16 19:58:20,568 LBFGS        PARAM    0008       -638.123025          2.286618         18.632467          3.706558         67.063624
rank #0: 2018-07-16 19:58:21,169 LBFGS        PARAM    0009       -630.472050          2.283363         22.890685          3.687236         67.028576
rank #0: 2018-07-16 19:58:21,755 LBFGS        PARAM    0010       -617.890190          2.277039         33.352491          3.668856         66.955587
rank #0: 2018-07-16 19:58:22,353 LBFGS        PARAM    0011       -606.204495          2.268458         51.350700          3.665301         66.848066
rank #0: 2018-07-16 19:58:22,953 LBFGS        PARAM    0012       -613.211317          2.263798         68.780022          3.683850         66.756221
rank #0: 2018-07-16 19:58:23,555 LBFGS        PARAM    0013       -612.232707          2.263024         70.022309          3.719684         66.744412
rank #0: 2018-07-16 19:58:24,139 LBFGS        PARAM    0014       -612.814151          2.264002         68.973354          3.728533         66.743816
rank #0: 2018-07-16 19:58:24,739 LBFGS        PARAM    0015       -612.959963          2.264052         68.734353          3.728469         66.743806
rank #0: 2018-07-16 19:58:25,339 LBFGS        PARAM    0016       -612.994892          2.264070         68.732373          3.728366         66.743806
rank #0: 2018-07-16 19:58:25,925 LBFGS        PARAM    0017       -612.996664          2.264069         68.733182          3.728356         66.743806
rank #0: 2018-07-16 19:58:26,525 LBFGS        PARAM    0018       -612.996903          2.264069         68.733198          3.728356         66.743806
rank #0: 2018-07-16 19:58:27,125 LBFGS        PARAM    0019       -612.996862          2.264069         68.733205          3.728356         66.743806
rank #0: 2018-07-16 19:58:27,726 LBFGS        PARAM    0020       -612.996850          2.264069         68.733210          3.728356         66.743806
rank #0: 2018-07-16 19:58:53,784 LBFGS        INFO     Linesearch failed in both LBFGS and gradient directions
rank #0: 2018-07-16 19:58:53,784 LBFGS        PARAM    0020       -612.996850          2.264069         68.733210          3.728356         66.743806
rank #0: 2018-07-16 19:58:53,785 rsdfit.lbfgs_fitter WARNING  ...LBFGS optimization finished. Time elapsed: 0:00:38.06
rank #0: 2018-07-16 19:58:53,785 rsdfit.lbfgs_fitter ERROR    nonlinear fit with method L-BFGS-B failed: Linesearch failed in both LBFGS and gradient directions
rank #0: 2018-07-16 19:58:53,786 rsdfit.fitting_driver INFO     rank 5 on nid00618     ...fitting complete
rank #0: 2018-07-16 19:58:53,789 rsdfit.fitting_driver INFO     rank 5 on nid00618     Saving the results to `/global/cscratch1/sd/nhand/eBOSS/fits/results/mocks/ezmock/v1.8e-fph/0.005-0.3/basemodel-N-fnl/0.8-2.2/QSO-N-0108-P0+P2-mock-cov-a8bcb55756/2018-07-16_nlopt_20i_chain0__1.npz`
rank #0: 2018-07-16 19:58:53,827 pyRSD.analysis.lbfgs_results INFO     
minimum chi2 = 66.7438059709

Free parameters [ mean ]
_______________
N              : -612.996849947
b1             : 2.26406905017
f_nl           : 68.7332103155
sigma_fog      : 3.72835599385

Constrained parameters [ mean ]
_________________________
b1sigma8       : 0.90180861203
