rank #0: 2018-12-30 15:58:02,535 rsdfit.fitting_driver INFO     rank 24 on nid00553     Calling the 'nlopt' solve function
rank #0: 2018-12-30 15:58:02,536 rsdfit.lbfgs_fitter INFO     running LBFGS for 500 iterations and then stopping
rank #0: 2018-12-30 15:58:02,536 rsdfit.lbfgs_fitter INFO     running LBFGS minimizer with priors
rank #0: 2018-12-30 15:58:02,537 root         INFO     Iter           N          b1        f_nl   sigma_fog   F(X)     
rank #0: 2018-12-30 15:58:02,538 rsdfit.lbfgs_fitter INFO     computing gradient using numerical derivative of lnlike()
rank #0: 2018-12-30 15:58:03,138 LBFGS        INFO     options = {'factr': 100000.0, 'gtol': 1e-05, 'max_iter': 500, 'test_convergence': False}
rank #0: 2018-12-30 15:58:03,139 LBFGS        PARAM    0000          0.000000          2.000000          0.000000          4.000000         97.231684
rank #0: 2018-12-30 15:58:03,831 LBFGS        PARAM    0001        -13.184437          2.055803          1.365558          4.011286         88.604058
rank #0: 2018-12-30 15:58:04,435 LBFGS        PARAM    0002       -179.806386          2.214618          7.088621          4.141818         74.956247
rank #0: 2018-12-30 15:58:05,058 LBFGS        PARAM    0003       -302.085127          2.237642          9.195116          4.245710         71.476224
rank #0: 2018-12-30 15:58:05,680 LBFGS        PARAM    0004       -390.170888          2.240679         11.096166          4.331980         70.518773
rank #0: 2018-12-30 15:58:06,282 LBFGS        PARAM    0005       -389.617548          2.241497         11.528906          4.336417         70.510957
rank #0: 2018-12-30 15:58:06,899 LBFGS        PARAM    0006       -382.462984          2.241804         14.257597          4.363486         70.479759
rank #0: 2018-12-30 15:58:07,521 LBFGS        PARAM    0007       -374.503889          2.238990         16.560112          4.385856         70.463611
rank #0: 2018-12-30 15:58:08,145 LBFGS        PARAM    0008       -370.561389          2.235941         17.346704          4.392593         70.459182
rank #0: 2018-12-30 15:58:08,750 LBFGS        PARAM    0009       -370.657027          2.235770         17.312604          4.392166         70.459148
rank #0: 2018-12-30 15:58:09,376 LBFGS        PARAM    0010       -370.693442          2.235766         17.305575          4.392030         70.459147
rank #0: 2018-12-30 15:58:10,007 LBFGS        PARAM    0011       -370.753126          2.235759         17.302759          4.391756         70.459146
rank #0: 2018-12-30 15:58:10,614 LBFGS        PARAM    0012       -370.877138          2.235743         17.313090          4.391079         70.459143
rank #0: 2018-12-30 15:58:13,096 LBFGS        PARAM    0013       -370.914101          2.235735         17.336026          4.390749         70.459142
rank #0: 2018-12-30 15:58:13,718 LBFGS        PARAM    0014       -370.908097          2.235736         17.339767          4.390743         70.459142
rank #0: 2018-12-30 15:58:14,331 LBFGS        PARAM    0015       -370.906238          2.235736         17.339916          4.390751         70.459142
rank #0: 2018-12-30 15:58:14,941 LBFGS        PARAM    0016       -370.906011          2.235736         17.339905          4.390752         70.459142
rank #0: 2018-12-30 15:58:15,566 LBFGS        PARAM    0017       -370.906016          2.235736         17.339903          4.390752         70.459142
rank #0: 2018-12-30 15:58:42,747 LBFGS        INFO     Linesearch failed in both LBFGS and gradient directions
rank #0: 2018-12-30 15:58:42,749 LBFGS        PARAM    0017       -370.906016          2.235736         17.339903          4.390752         70.459142
rank #0: 2018-12-30 15:58:42,750 rsdfit.lbfgs_fitter WARNING  ...LBFGS optimization finished. Time elapsed: 0:00:39.61
rank #0: 2018-12-30 15:58:42,751 rsdfit.lbfgs_fitter ERROR    nonlinear fit with method L-BFGS-B failed: Linesearch failed in both LBFGS and gradient directions
rank #0: 2018-12-30 15:58:42,753 rsdfit.fitting_driver INFO     rank 24 on nid00553     ...fitting complete
rank #0: 2018-12-30 15:58:42,759 rsdfit.fitting_driver INFO     rank 24 on nid00553     Saving the results to `/global/cscratch1/sd/nhand/eBOSS/fits/results/mocks/ezmock/v1.8e-fph/0.0001-0.3/basemodel-N-fnl/0.8-2.2/QSO-N-0881-P0+P2-mock-cov-280ed9f5b7/2018-12-30_nlopt_17i_chain0__1.npz`
rank #0: 2018-12-30 15:58:43,098 pyRSD.analysis.lbfgs_results INFO     
minimum chi2 = 70.4591416639

Free parameters [ mean ]
_______________
N              : -370.906015943
b1             : 2.23573584478
f_nl           : 17.339903107
sigma_fog      : 4.39075221877

Constrained parameters [ mean ]
_________________________
b1sigma8       : 0.890523122031
