rank #0: 2018-12-30 15:51:27,966 rsdfit.fitting_driver INFO     rank 50 on nid00554     Calling the 'nlopt' solve function
rank #0: 2018-12-30 15:51:27,967 rsdfit.lbfgs_fitter INFO     running LBFGS for 500 iterations and then stopping
rank #0: 2018-12-30 15:51:27,967 rsdfit.lbfgs_fitter INFO     running LBFGS minimizer with priors
rank #0: 2018-12-30 15:51:27,968 root         INFO     Iter           N          b1        f_nl   sigma_fog   F(X)     
rank #0: 2018-12-30 15:51:27,968 rsdfit.lbfgs_fitter INFO     computing gradient using numerical derivative of lnlike()
rank #0: 2018-12-30 15:51:28,569 LBFGS        INFO     options = {'factr': 100000.0, 'gtol': 1e-05, 'max_iter': 500, 'test_convergence': False}
rank #0: 2018-12-30 15:51:28,570 LBFGS        PARAM    0000          0.000000          2.000000          0.000000          4.000000        119.365162
rank #0: 2018-12-30 15:51:29,250 LBFGS        PARAM    0001        -19.582440          2.072726          1.687087          4.020169        105.395808
rank #0: 2018-12-30 15:51:29,858 LBFGS        PARAM    0002       -243.282421          2.276977          8.522735          4.218581         83.703840
rank #0: 2018-12-30 15:51:30,477 LBFGS        PARAM    0003       -390.018985          2.297223         10.074779          4.362321         78.135769
rank #0: 2018-12-30 15:51:31,096 LBFGS        PARAM    0004       -490.628773          2.301646         10.540171          4.484715         76.756967
rank #0: 2018-12-30 15:51:31,695 LBFGS        PARAM    0005       -489.679664          2.303013         10.405449          4.498797         76.739565
rank #0: 2018-12-30 15:51:32,313 LBFGS        PARAM    0006       -466.057187          2.308574          8.466017          4.645646         76.627841
rank #0: 2018-12-30 15:51:32,930 LBFGS        PARAM    0007       -452.157604          2.306663          7.609592          4.695170         76.611074
rank #0: 2018-12-30 15:51:33,527 LBFGS        PARAM    0008       -450.063710          2.305836          7.555392          4.699423         76.610546
rank #0: 2018-12-30 15:51:34,147 LBFGS        PARAM    0009       -449.987856          2.305726          7.575794          4.699085         76.610534
rank #0: 2018-12-30 15:51:34,765 LBFGS        PARAM    0010       -449.921747          2.305638          7.612678          4.698847         76.610523
rank #0: 2018-12-30 15:51:35,385 LBFGS        PARAM    0011       -449.809121          2.305564          7.679100          4.698963         76.610509
rank #0: 2018-12-30 15:51:35,981 LBFGS        PARAM    0012       -449.739428          2.305600          7.718055          4.699566         76.610503
rank #0: 2018-12-30 15:51:36,599 LBFGS        PARAM    0013       -449.746453          2.305600          7.718251          4.699552         76.610503
rank #0: 2018-12-30 15:51:37,217 LBFGS        PARAM    0014       -449.746717          2.305600          7.718244          4.699551         76.610503
rank #0: 2018-12-30 15:51:37,813 LBFGS        PARAM    0015       -449.746778          2.305600          7.718242          4.699551         76.610503
rank #0: 2018-12-30 15:51:38,638 LBFGS        PARAM    0016       -449.746780          2.305600          7.718242          4.699551         76.610503
rank #0: 2018-12-30 15:51:39,325 LBFGS        PARAM    0017       -449.746780          2.305600          7.718242          4.699551         76.610503
rank #0: 2018-12-30 15:51:39,923 LBFGS        PARAM    0018       -449.746776          2.305600          7.718244          4.699551         76.610503
rank #0: 2018-12-30 15:51:55,194 LBFGS        PARAM    0019       -449.746768          2.305600          7.718244          4.699551         76.610503
rank #0: 2018-12-30 15:51:55,878 LBFGS        PARAM    0020       -449.746768          2.305600          7.718244          4.699551         76.610503
rank #0: 2018-12-30 15:52:10,778 LBFGS        PARAM    0021       -449.746767          2.305600          7.718244          4.699551         76.610503
rank #0: 2018-12-30 15:52:37,550 LBFGS        INFO     Linesearch failed in both LBFGS and gradient directions
rank #0: 2018-12-30 15:52:37,551 LBFGS        PARAM    0021       -449.746767          2.305600          7.718244          4.699551         76.610503
rank #0: 2018-12-30 15:52:37,551 rsdfit.lbfgs_fitter WARNING  ...LBFGS optimization finished. Time elapsed: 0:01:08.98
rank #0: 2018-12-30 15:52:37,552 rsdfit.lbfgs_fitter ERROR    nonlinear fit with method L-BFGS-B failed: Linesearch failed in both LBFGS and gradient directions
rank #0: 2018-12-30 15:52:37,553 rsdfit.fitting_driver INFO     rank 50 on nid00554     ...fitting complete
rank #0: 2018-12-30 15:52:37,556 rsdfit.fitting_driver INFO     rank 50 on nid00554     Saving the results to `/global/cscratch1/sd/nhand/eBOSS/fits/results/mocks/ezmock/v1.8e-fph/0.0001-0.3/basemodel-N-fnl/0.8-2.2/QSO-N-0448-P0+P2-mock-cov-280ed9f5b7/2018-12-30_nlopt_21i_chain0__1.npz`
rank #0: 2018-12-30 15:52:38,103 pyRSD.analysis.lbfgs_results INFO     
minimum chi2 = 76.6105030984

Free parameters [ mean ]
_______________
N              : -449.746767411
b1             : 2.30560046813
f_nl           : 7.71824378648
sigma_fog      : 4.69955064775

Constrained parameters [ mean ]
_________________________
b1sigma8       : 0.918351124452
