rank #0: 2019-02-16 14:08:30,010 rsdfit.fitting_driver INFO     rank 41 on nid00679     Calling the 'nlopt' solve function
rank #0: 2019-02-16 14:08:30,011 rsdfit.lbfgs_fitter INFO     running LBFGS for 500 iterations and then stopping
rank #0: 2019-02-16 14:08:30,011 rsdfit.lbfgs_fitter INFO     running LBFGS minimizer with priors
rank #0: 2019-02-16 14:08:30,012 root         INFO     Iter           N          b1        f_nl   sigma_fog   F(X)     
rank #0: 2019-02-16 14:08:30,012 rsdfit.lbfgs_fitter INFO     computing gradient using numerical derivative of lnlike()
rank #0: 2019-02-16 14:08:31,118 LBFGS        INFO     options = {'factr': 100000.0, 'gtol': 1e-05, 'max_iter': 500, 'test_convergence': False}
rank #0: 2019-02-16 14:08:31,119 LBFGS        PARAM    0000          0.000000          2.000000          0.000000          4.000000         97.510796
rank #0: 2019-02-16 14:08:32,371 LBFGS        PARAM    0001         15.133416          2.096719          2.066482          4.018842         87.618207
rank #0: 2019-02-16 14:08:33,497 LBFGS        PARAM    0002        -78.272488          2.318904          9.361992          4.253208         77.030420
rank #0: 2019-02-16 14:08:34,625 LBFGS        PARAM    0003       -207.163473          2.356658         11.507355          4.435732         74.006142
rank #0: 2019-02-16 14:08:35,758 LBFGS        PARAM    0004       -371.377235          2.380100         12.697818          4.765101         72.163942
rank #0: 2019-02-16 14:08:36,881 LBFGS        PARAM    0005       -364.156850          2.382883         12.468687          4.801983         72.122072
rank #0: 2019-02-16 14:08:38,003 LBFGS        PARAM    0006       -303.767437          2.385991          9.995987          5.049055         71.965758
rank #0: 2019-02-16 14:08:39,126 LBFGS        PARAM    0007       -291.263319          2.383271          8.299878          5.101633         71.953148
rank #0: 2019-02-16 14:08:40,242 LBFGS        PARAM    0008       -290.413720          2.383013          7.747742          5.109400         71.952340
rank #0: 2019-02-16 14:08:41,352 LBFGS        PARAM    0009       -290.559484          2.383244          7.168436          5.112295         71.951771
rank #0: 2019-02-16 14:08:42,466 LBFGS        PARAM    0010       -291.935957          2.384362          6.064534          5.112465         71.950877
rank #0: 2019-02-16 14:08:43,580 LBFGS        PARAM    0011       -294.138408          2.385981          5.323342          5.106606         71.950344
rank #0: 2019-02-16 14:08:44,695 LBFGS        PARAM    0012       -294.455790          2.386154          5.298443          5.104933         71.950331
rank #0: 2019-02-16 14:08:45,811 LBFGS        PARAM    0013       -294.466603          2.386149          5.314734          5.104773         71.950330
rank #0: 2019-02-16 14:08:46,925 LBFGS        PARAM    0014       -294.464229          2.386146          5.317784          5.104768         71.950330
rank #0: 2019-02-16 14:08:48,042 LBFGS        PARAM    0015       -294.463936          2.386146          5.317849          5.104769         71.950330
rank #0: 2019-02-16 14:08:49,166 LBFGS        PARAM    0016       -294.463941          2.386146          5.317848          5.104769         71.950330
rank #0: 2019-02-16 14:08:50,414 LBFGS        PARAM    0017       -294.463941          2.386146          5.317848          5.104769         71.950330
rank #0: 2019-02-16 14:09:40,675 LBFGS        INFO     Linesearch failed in both LBFGS and gradient directions
rank #0: 2019-02-16 14:09:40,677 LBFGS        PARAM    0017       -294.463941          2.386146          5.317848          5.104769         71.950330
rank #0: 2019-02-16 14:09:40,678 rsdfit.lbfgs_fitter WARNING  ...LBFGS optimization finished. Time elapsed: 0:01:09.56
rank #0: 2019-02-16 14:09:40,679 rsdfit.lbfgs_fitter ERROR    nonlinear fit with method L-BFGS-B failed: Linesearch failed in both LBFGS and gradient directions
rank #0: 2019-02-16 14:09:40,680 rsdfit.fitting_driver INFO     rank 41 on nid00679     ...fitting complete
rank #0: 2019-02-16 14:09:40,685 rsdfit.fitting_driver INFO     rank 41 on nid00679     Saving the results to `/global/cscratch1/sd/nhand/eBOSS/fits/results/mocks/ezmock/v1.8e-fph/0.005-0.3/basemodel-N-fnl/0.8-2.2/QSO-S-0651-P0+P2-mock-cov-26d5de4060/2019-02-16_nlopt_17i_chain0__1.npz`
rank #0: 2019-02-16 14:09:40,693 pyRSD.analysis.lbfgs_results INFO     
minimum chi2 = 71.95033047687203

Free parameters [ mean ]
_______________
N              : -294.4639412970449
b1             : 2.3861459162761425
f_nl           : 5.317848212236501
sigma_fog      : 5.104769111730693

Constrained parameters [ mean ]
_________________________
b1sigma8       : 0.8945310479256677
