rank #0: 2018-07-15 20:25:31,188 rsdfit.fitting_driver INFO     rank 57 on nid00568     Calling the 'nlopt' solve function
rank #0: 2018-07-15 20:25:31,188 rsdfit.lbfgs_fitter INFO     running LBFGS for 500 iterations and then stopping
rank #0: 2018-07-15 20:25:31,188 rsdfit.lbfgs_fitter INFO     running LBFGS minimizer with priors
rank #0: 2018-07-15 20:25:31,189 root         INFO     Iter           N          b1        f_nl   sigma_fog   F(X)     
rank #0: 2018-07-15 20:25:31,774 LBFGS        INFO     options = {'factr': 100000.0, 'gtol': 1e-05, 'max_iter': 500, 'test_convergence': False}
rank #0: 2018-07-15 20:25:31,775 LBFGS        PARAM    0000          0.000000          2.000000          0.000000          4.000000        133.882801
rank #0: 2018-07-15 20:25:32,438 LBFGS        PARAM    0001         18.548712          2.114664          2.235909          3.985758        108.523669
rank #0: 2018-07-15 20:25:33,031 LBFGS        PARAM    0002       -110.557515          2.394470         10.935428          4.091432         81.927317
rank #0: 2018-07-15 20:25:33,632 LBFGS        PARAM    0003       -261.538437          2.419652         12.952074          4.194314         74.677070
rank #0: 2018-07-15 20:25:34,231 LBFGS        PARAM    0004       -531.815568          2.466518         17.482308          4.345472         69.763505
rank #0: 2018-07-15 20:25:34,817 LBFGS        PARAM    0005       -534.534029          2.462259         18.198494          4.309520         69.694067
rank #0: 2018-07-15 20:25:35,420 LBFGS        PARAM    0006       -576.554806          2.448192         25.446990          4.021651         69.367485
rank #0: 2018-07-15 20:25:36,019 LBFGS        PARAM    0007       -596.483091          2.448576         31.024425          3.933132         69.300735
rank #0: 2018-07-15 20:25:36,609 LBFGS        PARAM    0008       -596.602799          2.449552         32.190801          3.942866         69.294582
rank #0: 2018-07-15 20:25:37,198 LBFGS        PARAM    0009       -593.465910          2.449287         32.780416          3.957772         69.292142
rank #0: 2018-07-15 20:25:37,796 LBFGS        PARAM    0010       -589.458137          2.447625         33.370591          3.967127         69.290774
rank #0: 2018-07-15 20:25:38,394 LBFGS        PARAM    0011       -588.452415          2.447295         33.342466          3.968725         69.290714
rank #0: 2018-07-15 20:25:38,976 LBFGS        PARAM    0012       -588.477985          2.447259         33.344211          3.968331         69.290713
rank #0: 2018-07-15 20:25:39,574 LBFGS        PARAM    0013       -588.486505          2.447260         33.342034          3.968293         69.290713
rank #0: 2018-07-15 20:25:40,174 LBFGS        PARAM    0014       -588.486887          2.447260         33.342105          3.968292         69.290713
rank #0: 2018-07-15 20:25:40,890 LBFGS        PARAM    0015       -588.486885          2.447260         33.342105          3.968292         69.290713
rank #0: 2018-07-15 20:26:07,235 LBFGS        INFO     Linesearch failed in both LBFGS and gradient directions
rank #0: 2018-07-15 20:26:07,236 LBFGS        PARAM    0015       -588.486885          2.447260         33.342105          3.968292         69.290713
rank #0: 2018-07-15 20:26:07,236 rsdfit.lbfgs_fitter WARNING  ...LBFGS optimization finished. Time elapsed: 0:00:35.46
rank #0: 2018-07-15 20:26:07,237 rsdfit.lbfgs_fitter ERROR    nonlinear fit with method L-BFGS-B failed: Linesearch failed in both LBFGS and gradient directions
rank #0: 2018-07-15 20:26:07,237 rsdfit.fitting_driver INFO     rank 57 on nid00568     ...fitting complete
rank #0: 2018-07-15 20:26:07,246 rsdfit.fitting_driver INFO     rank 57 on nid00568     Saving the results to `/global/cscratch1/sd/nhand/eBOSS/fits/results/mocks/ezmock/v1.8e-fph/0.0001-0.3/basemodel-N-fnl/0.8-2.2/QSO-N-0165-P0+P2-mock-cov-1ab4f6001f/2018-07-15_nlopt_15i_chain0__1.npz`
rank #0: 2018-07-15 20:26:07,275 pyRSD.analysis.lbfgs_results INFO     
minimum chi2 = 69.2907128333

Free parameters [ mean ]
_______________
N              : -588.486885439
b1             : 2.44725980629
f_nl           : 33.3421046857
sigma_fog      : 3.968291518

Constrained parameters [ mean ]
_________________________
b1sigma8       : 0.917441747437
