rank #0: 2018-06-03 08:54:28,223 rsdfit.fitting_driver INFO     rank 7 on nid00679     Calling the 'nlopt' solve function
rank #0: 2018-06-03 08:54:28,224 rsdfit.lbfgs_fitter INFO     running LBFGS for 500 iterations and then stopping
rank #0: 2018-06-03 08:54:28,224 rsdfit.lbfgs_fitter INFO     running LBFGS minimizer with priors
rank #0: 2018-06-03 08:54:28,224 root         INFO     Iter           N          b1        f_nl   sigma_fog   F(X)     
rank #0: 2018-06-03 08:54:28,770 LBFGS        INFO     options = {'factr': 100000.0, 'gtol': 1e-05, 'max_iter': 500, 'test_convergence': False}
rank #0: 2018-06-03 08:54:28,771 LBFGS        PARAM    0000          0.000000          2.000000          0.000000          4.000000        110.667093
rank #0: 2018-06-03 08:54:29,386 LBFGS        PARAM    0001         55.212597          2.129173          2.142940          3.957714         92.441315
rank #0: 2018-06-03 08:54:29,939 LBFGS        PARAM    0002        -28.000366          2.423200          8.659277          3.945754         78.207951
rank #0: 2018-06-03 08:54:30,493 LBFGS        PARAM    0003       -119.689337          2.406396          7.746823          4.008568         75.740188
rank #0: 2018-06-03 08:54:31,046 LBFGS        PARAM    0004       -326.332623          2.447142          7.113313          4.120515         73.670553
rank #0: 2018-06-03 08:54:31,600 LBFGS        PARAM    0005       -384.450130          2.473302          4.697675          4.110678         73.442402
rank #0: 2018-06-03 08:54:32,155 LBFGS        PARAM    0006       -426.232405          2.490291         -1.244281          4.041032         73.258301
rank #0: 2018-06-03 08:54:32,708 LBFGS        PARAM    0007       -478.582501          2.506121        -14.567633          3.862492         73.034489
rank #0: 2018-06-03 08:54:33,262 LBFGS        PARAM    0008       -476.097956          2.502640        -19.159662          3.809197         73.007490
rank #0: 2018-06-03 08:54:33,816 LBFGS        PARAM    0009       -474.521146          2.503065        -19.176642          3.808423         73.007236
rank #0: 2018-06-03 08:54:34,370 LBFGS        PARAM    0010       -474.483214          2.503009        -19.165261          3.808730         73.007234
rank #0: 2018-06-03 08:54:34,924 LBFGS        PARAM    0011       -474.433399          2.502991        -19.164852          3.808989         73.007233
rank #0: 2018-06-03 08:54:35,478 LBFGS        PARAM    0012       -474.282535          2.502985        -19.180868          3.809861         73.007230
rank #0: 2018-06-03 08:54:36,032 LBFGS        PARAM    0013       -474.190321          2.503036        -19.211340          3.810534         73.007228
rank #0: 2018-06-03 08:54:36,586 LBFGS        PARAM    0014       -474.189081          2.503083        -19.228827          3.810659         73.007227
rank #0: 2018-06-03 08:54:37,140 LBFGS        PARAM    0015       -474.195390          2.503088        -19.229769          3.810631         73.007227
rank #0: 2018-06-03 08:54:37,695 LBFGS        PARAM    0016       -474.196651          2.503088        -19.229661          3.810624         73.007227
rank #0: 2018-06-03 08:54:38,248 LBFGS        PARAM    0017       -474.196748          2.503088        -19.229644          3.810623         73.007227
rank #0: 2018-06-03 08:55:02,582 LBFGS        INFO     Linesearch failed in both LBFGS and gradient directions
rank #0: 2018-06-03 08:55:02,582 LBFGS        PARAM    0017       -474.196748          2.503088        -19.229644          3.810623         73.007227
rank #0: 2018-06-03 08:55:02,582 rsdfit.lbfgs_fitter WARNING  ...LBFGS optimization finished. Time elapsed: 0:00:33.81
rank #0: 2018-06-03 08:55:02,582 rsdfit.lbfgs_fitter ERROR    nonlinear fit with method L-BFGS-B failed: Linesearch failed in both LBFGS and gradient directions
rank #0: 2018-06-03 08:55:02,583 rsdfit.fitting_driver INFO     rank 7 on nid00679     ...fitting complete
rank #0: 2018-06-03 08:55:02,586 rsdfit.fitting_driver INFO     rank 7 on nid00679     Saving the results to `/global/cscratch1/sd/nhand/eBOSS/fits/results/mocks/ezmock/v1.8e-fph/0.0001-0.3/basemodel-N-fnl/0.8-2.2/QSO-S-0026-P0+P2-mock-cov-1ab4f6001f/2018-06-03_nlopt_17i_chain0__1.npz`
rank #0: 2018-06-03 08:55:02,636 pyRSD.analysis.lbfgs_results INFO     
minimum chi2 = 73.0072273182

Free parameters [ mean ]
_______________
N              : -474.196747517
b1             : 2.50308830046
f_nl           : -19.2296436465
sigma_fog      : 3.81062331955

Constrained parameters [ mean ]
_________________________
b1sigma8       : 0.938371029695
