rank #0: 2017-11-27 22:52:19,857 rsdfit.fitting_driver INFO     rank 70 on nid00494     Calling the 'nlopt' solve function
rank #0: 2017-11-27 22:52:19,858 rsdfit.lbfgs_fitter INFO     running LBFGS for 500 iterations and then stopping
rank #0: 2017-11-27 22:52:19,858 rsdfit.lbfgs_fitter INFO     running LBFGS minimizer with priors
rank #0: 2017-11-27 22:52:19,858 root         INFO     Iter          b1        f_nl   sigma_fog   F(X)     
rank #0: 2017-11-27 22:52:20,158 LBFGS        INFO     options = {'factr': 100000.0, 'gtol': 1e-05, 'max_iter': 500, 'test_convergence': False}
rank #0: 2017-11-27 22:52:20,158 LBFGS        PARAM    0000          2.000000          0.000000          4.000000         24.595584
rank #0: 2017-11-27 22:52:20,497 LBFGS        PARAM    0001          2.081858          1.098144          3.991804         22.152629
rank #0: 2017-11-27 22:52:20,794 LBFGS        PARAM    0002          2.255572          4.970247          3.961430         20.380608
rank #0: 2017-11-27 22:52:21,089 LBFGS        PARAM    0003          2.225800          4.202622          3.956710         20.312871
rank #0: 2017-11-27 22:52:21,384 LBFGS        PARAM    0004          2.228280          4.301270          3.947973         20.310938
rank #0: 2017-11-27 22:52:21,680 LBFGS        PARAM    0005          2.230908          4.485495          3.918982         20.307438
rank #0: 2017-11-27 22:52:21,977 LBFGS        PARAM    0006          2.235092          5.012792          3.814289         20.297461
rank #0: 2017-11-27 22:52:22,274 LBFGS        PARAM    0007          2.239780          6.247926          3.534383         20.274145
rank #0: 2017-11-27 22:52:22,571 LBFGS        PARAM    0008          2.242632          9.050618          2.841887         20.221521
rank #0: 2017-11-27 22:52:22,865 LBFGS        PARAM    0009          2.237141         14.149667          1.480210         20.129530
rank #0: 2017-11-27 22:52:23,161 LBFGS        PARAM    0010          2.237134         14.149810          1.479549         20.129475
rank #0: 2017-11-27 22:52:23,455 LBFGS        PARAM    0011          2.237123         14.149263          1.478618         20.129384
rank #0: 2017-11-27 22:52:23,749 LBFGS        PARAM    0012          2.237110         14.148301          1.477652         20.129281
rank #0: 2017-11-27 22:52:24,043 LBFGS        PARAM    0013          2.237096         14.147157          1.476680         20.129174
rank #0: 2017-11-27 22:52:24,338 LBFGS        PARAM    0014          2.237082         14.145946          1.475708         20.129065
rank #0: 2017-11-27 22:52:24,632 LBFGS        PARAM    0015          2.237067         14.144719          1.474737         20.128955
rank #0: 2017-11-27 22:52:24,928 LBFGS        PARAM    0016          2.237053         14.143498          1.473768         20.128846
rank #0: 2017-11-27 22:52:25,223 LBFGS        PARAM    0017          2.237038         14.142290          1.472801         20.128736
rank #0: 2017-11-27 22:52:25,518 LBFGS        PARAM    0018          2.237024         14.141100          1.471835         20.128627
rank #0: 2017-11-27 22:52:25,812 LBFGS        PARAM    0019          2.237009         14.139928          1.470871         20.128518
rank #0: 2017-11-27 22:52:26,107 LBFGS        PARAM    0020          2.236995         14.138774          1.469908         20.128409
rank #0: 2017-11-27 22:52:26,405 LBFGS        PARAM    0021          2.236981         14.137637          1.468948         20.128301
rank #0: 2017-11-27 22:52:26,703 LBFGS        PARAM    0022          2.236966         14.136516          1.467989         20.128192
rank #0: 2017-11-27 22:52:27,001 LBFGS        PARAM    0023          2.236952         14.135411          1.467031         20.128084
rank #0: 2017-11-27 22:52:27,299 LBFGS        PARAM    0024          2.236937         14.134320          1.466076         20.127976
rank #0: 2017-11-27 22:52:27,595 LBFGS        PARAM    0025          2.236923         14.133243          1.465122         20.127869
rank #0: 2017-11-27 22:52:27,890 LBFGS        PARAM    0026          2.236908         14.132179          1.464170         20.127761
rank #0: 2017-11-27 22:52:28,185 LBFGS        PARAM    0027          2.236894         14.131127          1.463219         20.127654
rank #0: 2017-11-27 22:52:28,481 LBFGS        PARAM    0028          2.236880         14.130088          1.462270         20.127547
rank #0: 2017-11-27 22:52:28,776 LBFGS        PARAM    0029          2.236865         14.129059          1.461323         20.127440
rank #0: 2017-11-27 22:52:29,072 LBFGS        PARAM    0030          2.236851         14.128041          1.460377         20.127334
rank #0: 2017-11-27 22:52:29,366 LBFGS        PARAM    0031          2.236837         14.127034          1.459434         20.127228
rank #0: 2017-11-27 22:52:29,660 LBFGS        PARAM    0032          2.236822         14.126035          1.458491         20.127121
rank #0: 2017-11-27 22:52:29,953 LBFGS        PARAM    0033          2.236808         14.125046          1.457551         20.127016
rank #0: 2017-11-27 22:52:30,248 LBFGS        PARAM    0034          2.236794         14.124065          1.456612         20.126910
rank #0: 2017-11-27 22:52:30,543 LBFGS        PARAM    0035          2.236779         14.123092          1.455675         20.126805
rank #0: 2017-11-27 22:52:30,838 LBFGS        PARAM    0036          2.236765         14.122127          1.454739         20.126700
rank #0: 2017-11-27 22:52:31,135 LBFGS        PARAM    0037          2.236751         14.121169          1.453805         20.126595
rank #0: 2017-11-27 22:52:31,432 LBFGS        PARAM    0038          2.236737         14.120217          1.452873         20.126490
rank #0: 2017-11-27 22:52:31,726 LBFGS        PARAM    0039          2.236722         14.119273          1.451942         20.126386
rank #0: 2017-11-27 22:52:32,022 LBFGS        PARAM    0040          2.236708         14.118334          1.451013         20.126282
rank #0: 2017-11-27 22:52:32,317 LBFGS        PARAM    0041          2.236694         14.117401          1.450086         20.126178
rank #0: 2017-11-27 22:52:32,614 LBFGS        PARAM    0042          2.236680         14.116474          1.449160         20.126074
rank #0: 2017-11-27 22:52:32,910 LBFGS        PARAM    0043          2.236666         14.115552          1.448236         20.125971
rank #0: 2017-11-27 22:52:33,207 LBFGS        PARAM    0044          2.236652         14.114635          1.447314         20.125868
rank #0: 2017-11-27 22:52:33,504 LBFGS        PARAM    0045          2.236638         14.113722          1.446393         20.125765
rank #0: 2017-11-27 22:52:33,801 LBFGS        PARAM    0046          2.236624         14.112814          1.445474         20.125662
rank #0: 2017-11-27 22:52:34,100 LBFGS        PARAM    0047          2.236610         14.111910          1.444556         20.125559
rank #0: 2017-11-27 22:52:34,398 LBFGS        PARAM    0048          2.236596         14.111010          1.443640         20.125457
rank #0: 2017-11-27 22:52:34,695 LBFGS        PARAM    0049          2.236582         14.110114          1.442725         20.125355
rank #0: 2017-11-27 22:52:34,990 LBFGS        PARAM    0050          2.236568         14.109221          1.441812         20.125253
rank #0: 2017-11-27 22:52:35,286 LBFGS        PARAM    0051          2.236554         14.108332          1.440901         20.125151
rank #0: 2017-11-27 22:52:35,581 LBFGS        PARAM    0052          2.236540         14.107446          1.439991         20.125050
rank #0: 2017-11-27 22:52:35,876 LBFGS        PARAM    0053          2.236526         14.106563          1.439083         20.124949
rank #0: 2017-11-27 22:52:36,172 LBFGS        PARAM    0054          2.236512         14.105683          1.438177         20.124848
rank #0: 2017-11-27 22:52:36,468 LBFGS        PARAM    0055          2.236498         14.104805          1.437272         20.124747
rank #0: 2017-11-27 22:52:36,763 LBFGS        PARAM    0056          2.236484         14.103930          1.436368         20.124647
rank #0: 2017-11-27 22:52:37,059 LBFGS        PARAM    0057          2.236470         14.103058          1.435466         20.124546
rank #0: 2017-11-27 22:52:37,354 LBFGS        PARAM    0058          2.236457         14.102188          1.434566         20.124446
rank #0: 2017-11-27 22:52:37,649 LBFGS        PARAM    0059          2.236443         14.101320          1.433667         20.124346
rank #0: 2017-11-27 22:52:37,945 LBFGS        PARAM    0060          2.236429         14.100454          1.432770         20.124247
rank #0: 2017-11-27 22:52:38,240 LBFGS        PARAM    0061          2.236415         14.099590          1.431874         20.124147
rank #0: 2017-11-27 22:52:38,538 LBFGS        PARAM    0062          2.236402         14.098728          1.430980         20.124048
rank #0: 2017-11-27 22:52:38,833 LBFGS        PARAM    0063          2.236388         14.097868          1.430088         20.123949
rank #0: 2017-11-27 22:52:39,128 LBFGS        PARAM    0064          2.236374         14.097010          1.429196         20.123850
rank #0: 2017-11-27 22:52:39,422 LBFGS        PARAM    0065          2.236361         14.096153          1.428307         20.123752
rank #0: 2017-11-27 22:52:39,716 LBFGS        PARAM    0066          2.236347         14.095297          1.427419         20.123654
rank #0: 2017-11-27 22:52:40,008 LBFGS        PARAM    0067          2.236333         14.094443          1.426532         20.123555
rank #0: 2017-11-27 22:52:40,301 LBFGS        PARAM    0068          2.236320         14.093591          1.425647         20.123458
rank #0: 2017-11-27 22:52:40,595 LBFGS        PARAM    0069          2.236306         14.092740          1.424764         20.123360
rank #0: 2017-11-27 22:52:40,889 LBFGS        PARAM    0070          2.236293         14.091889          1.423882         20.123262
rank #0: 2017-11-27 22:52:41,184 LBFGS        PARAM    0071          2.236279         14.091041          1.423002         20.123165
rank #0: 2017-11-27 22:52:41,479 LBFGS        PARAM    0072          2.236266         14.090193          1.422123         20.123068
rank #0: 2017-11-27 22:52:41,773 LBFGS        PARAM    0073          2.236252         14.089346          1.421245         20.122971
rank #0: 2017-11-27 22:52:42,068 LBFGS        PARAM    0074          2.236239         14.088500          1.420369         20.122875
rank #0: 2017-11-27 22:52:42,363 LBFGS        PARAM    0075          2.236225         14.087656          1.419495         20.122778
rank #0: 2017-11-27 22:52:42,657 LBFGS        PARAM    0076          2.236212         14.086812          1.418622         20.122682
rank #0: 2017-11-27 22:52:42,953 LBFGS        PARAM    0077          2.236199         14.085969          1.417750         20.122586
rank #0: 2017-11-27 22:52:43,247 LBFGS        PARAM    0078          2.236185         14.085127          1.416880         20.122490
rank #0: 2017-11-27 22:52:43,544 LBFGS        PARAM    0079          2.236172         14.084286          1.416011         20.122395
rank #0: 2017-11-27 22:52:43,842 LBFGS        PARAM    0080          2.236159         14.083445          1.415144         20.122299
rank #0: 2017-11-27 22:52:44,138 LBFGS        PARAM    0081          2.236145         14.082605          1.414279         20.122204
rank #0: 2017-11-27 22:52:44,435 LBFGS        PARAM    0082          2.236132         14.081766          1.413414         20.122109
rank #0: 2017-11-27 22:52:44,732 LBFGS        PARAM    0083          2.236119         14.080928          1.412552         20.122015
rank #0: 2017-11-27 22:52:45,030 LBFGS        PARAM    0084          2.236105         14.080090          1.411690         20.121920
rank #0: 2017-11-27 22:52:45,326 LBFGS        PARAM    0085          2.236092         14.079253          1.410831         20.121826
rank #0: 2017-11-27 22:52:45,622 LBFGS        PARAM    0086          2.236079         14.078416          1.409972         20.121732
rank #0: 2017-11-27 22:52:45,917 LBFGS        PARAM    0087          2.236066         14.077580          1.409115         20.121638
rank #0: 2017-11-27 22:52:46,213 LBFGS        PARAM    0088          2.236053         14.076744          1.408260         20.121544
rank #0: 2017-11-27 22:52:46,510 LBFGS        PARAM    0089          2.236040         14.075909          1.407406         20.121450
rank #0: 2017-11-27 22:52:46,807 LBFGS        PARAM    0090          2.236027         14.075075          1.406553         20.121357
rank #0: 2017-11-27 22:52:47,108 LBFGS        PARAM    0091          2.236013         14.074240          1.405702         20.121264
rank #0: 2017-11-27 22:52:47,408 LBFGS        PARAM    0092          2.236000         14.073407          1.404852         20.121171
rank #0: 2017-11-27 22:52:47,704 LBFGS        PARAM    0093          2.235987         14.072574          1.404003         20.121078
rank #0: 2017-11-27 22:52:48,008 LBFGS        PARAM    0094          2.235974         14.071741          1.403156         20.120986
rank #0: 2017-11-27 22:52:48,307 LBFGS        PARAM    0095          2.235961         14.070908          1.402311         20.120893
rank #0: 2017-11-27 22:52:48,602 LBFGS        PARAM    0096          2.235948         14.070076          1.401467         20.120801
rank #0: 2017-11-27 22:52:48,898 LBFGS        PARAM    0097          2.235935         14.069244          1.400624         20.120709
rank #0: 2017-11-27 22:52:49,196 LBFGS        PARAM    0098          2.235923         14.068413          1.399783         20.120618
rank #0: 2017-11-27 22:52:49,491 LBFGS        PARAM    0099          2.235910         14.067582          1.398943         20.120526
rank #0: 2017-11-27 22:52:49,787 LBFGS        PARAM    0100          2.235897         14.066751          1.398104         20.120435
rank #0: 2017-11-27 22:52:50,083 LBFGS        PARAM    0101          2.235884         14.065921          1.397267         20.120343
rank #0: 2017-11-27 22:52:50,380 LBFGS        PARAM    0102          2.235871         14.065091          1.396431         20.120253
rank #0: 2017-11-27 22:52:50,675 LBFGS        PARAM    0103          2.235858         14.064261          1.395596         20.120162
rank #0: 2017-11-27 22:52:50,972 LBFGS        PARAM    0104          2.235845         14.063432          1.394763         20.120071
rank #0: 2017-11-27 22:52:51,268 LBFGS        PARAM    0105          2.235833         14.062603          1.393932         20.119981
rank #0: 2017-11-27 22:52:51,565 LBFGS        PARAM    0106          2.235820         14.061774          1.393101         20.119891
rank #0: 2017-11-27 22:52:51,865 LBFGS        PARAM    0107          2.235807         14.060945          1.392272         20.119801
rank #0: 2017-11-27 22:52:52,168 LBFGS        PARAM    0108          2.235794         14.060117          1.391445         20.119711
rank #0: 2017-11-27 22:52:52,473 LBFGS        PARAM    0109          2.235782         14.059289          1.390619         20.119621
rank #0: 2017-11-27 22:52:52,776 LBFGS        PARAM    0110          2.235769         14.058461          1.389794         20.119532
rank #0: 2017-11-27 22:52:53,079 LBFGS        PARAM    0111          2.235756         14.057634          1.388970         20.119442
rank #0: 2017-11-27 22:52:53,378 LBFGS        PARAM    0112          2.235744         14.056809          1.388148         20.119353
rank #0: 2017-11-27 22:52:53,676 LBFGS        PARAM    0113          2.235731         14.055983          1.387327         20.119265
rank #0: 2017-11-27 22:52:53,974 LBFGS        PARAM    0114          2.235719         14.055159          1.386508         20.119176
rank #0: 2017-11-27 22:52:54,272 LBFGS        PARAM    0115          2.235706         14.054335          1.385689         20.119087
rank #0: 2017-11-27 22:52:54,574 LBFGS        PARAM    0116          2.235693         14.053512          1.384873         20.118999
rank #0: 2017-11-27 22:52:54,876 LBFGS        PARAM    0117          2.235681         14.052690          1.384057         20.118911
rank #0: 2017-11-27 22:52:55,178 LBFGS        PARAM    0118          2.235668         14.051869          1.383243         20.118823
rank #0: 2017-11-27 22:52:55,477 LBFGS        PARAM    0119          2.235656         14.051048          1.382430         20.118735
rank #0: 2017-11-27 22:52:55,775 LBFGS        PARAM    0120          2.235643         14.050227          1.381618         20.118648
rank #0: 2017-11-27 22:52:56,072 LBFGS        PARAM    0121          2.235631         14.049408          1.380808         20.118560
rank #0: 2017-11-27 22:52:56,370 LBFGS        PARAM    0122          2.235619         14.048588          1.379999         20.118473
rank #0: 2017-11-27 22:52:56,668 LBFGS        PARAM    0123          2.235606         14.047770          1.379192         20.118386
rank #0: 2017-11-27 22:52:56,965 LBFGS        PARAM    0124          2.235594         14.046952          1.378385         20.118299
rank #0: 2017-11-27 22:52:57,261 LBFGS        PARAM    0125          2.235581         14.046134          1.377580         20.118213
rank #0: 2017-11-27 22:52:57,556 LBFGS        PARAM    0126          2.235569         14.045318          1.376777         20.118126
rank #0: 2017-11-27 22:52:57,851 LBFGS        PARAM    0127          2.235557         14.044501          1.375974         20.118040
rank #0: 2017-11-27 22:52:58,148 LBFGS        PARAM    0128          2.235544         14.043685          1.375173         20.117954
rank #0: 2017-11-27 22:52:58,446 LBFGS        PARAM    0129          2.235532         14.042870          1.374373         20.117868
rank #0: 2017-11-27 22:52:58,740 LBFGS        PARAM    0130          2.235520         14.042055          1.373575         20.117782
rank #0: 2017-11-27 22:52:59,036 LBFGS        PARAM    0131          2.235508         14.041241          1.372777         20.117697
rank #0: 2017-11-27 22:52:59,332 LBFGS        PARAM    0132          2.235495         14.040427          1.371981         20.117611
rank #0: 2017-11-27 22:52:59,626 LBFGS        PARAM    0133          2.235483         14.039613          1.371187         20.117526
rank #0: 2017-11-27 22:52:59,921 LBFGS        PARAM    0134          2.235471         14.038800          1.370393         20.117441
rank #0: 2017-11-27 22:53:00,214 LBFGS        PARAM    0135          2.235459         14.037988          1.369601         20.117356
rank #0: 2017-11-27 22:53:00,510 LBFGS        PARAM    0136          2.235447         14.037176          1.368810         20.117271
rank #0: 2017-11-27 22:53:00,805 LBFGS        PARAM    0137          2.235434         14.036364          1.368021         20.117187
rank #0: 2017-11-27 22:53:01,100 LBFGS        PARAM    0138          2.235422         14.035553          1.367232         20.117102
rank #0: 2017-11-27 22:53:01,395 LBFGS        PARAM    0139          2.235410         14.034742          1.366445         20.117018
rank #0: 2017-11-27 22:53:01,689 LBFGS        PARAM    0140          2.235398         14.033931          1.365659         20.116934
rank #0: 2017-11-27 22:53:01,982 LBFGS        PARAM    0141          2.235386         14.033121          1.364875         20.116850
rank #0: 2017-11-27 22:53:02,277 LBFGS        PARAM    0142          2.235374         14.032312          1.364091         20.116767
rank #0: 2017-11-27 22:53:02,571 LBFGS        PARAM    0143          2.235362         14.031502          1.363309         20.116683
rank #0: 2017-11-27 22:53:02,866 LBFGS        PARAM    0144          2.235350         14.030693          1.362528         20.116600
rank #0: 2017-11-27 22:53:03,161 LBFGS        PARAM    0145          2.235338         14.029885          1.361749         20.116517
rank #0: 2017-11-27 22:53:03,456 LBFGS        PARAM    0146          2.235326         14.029076          1.360970         20.116434
rank #0: 2017-11-27 22:53:03,751 LBFGS        PARAM    0147          2.235314         14.028268          1.360193         20.116351
rank #0: 2017-11-27 22:53:04,046 LBFGS        PARAM    0148          2.235302         14.027461          1.359417         20.116268
rank #0: 2017-11-27 22:53:04,338 LBFGS        PARAM    0149          2.235290         14.026654          1.358642         20.116186
rank #0: 2017-11-27 22:53:04,630 LBFGS        PARAM    0150          2.235278         14.025847          1.357869         20.116103
rank #0: 2017-11-27 22:53:04,922 LBFGS        PARAM    0151          2.235266         14.025040          1.357097         20.116021
rank #0: 2017-11-27 22:53:05,211 LBFGS        PARAM    0152          2.235255         14.024234          1.356325         20.115939
rank #0: 2017-11-27 22:53:05,501 LBFGS        PARAM    0153          2.235243         14.023428          1.355556         20.115857
rank #0: 2017-11-27 22:53:05,792 LBFGS        PARAM    0154          2.235231         14.022623          1.354787         20.115776
rank #0: 2017-11-27 22:53:06,082 LBFGS        PARAM    0155          2.235219         14.021817          1.354019         20.115694
rank #0: 2017-11-27 22:53:06,373 LBFGS        PARAM    0156          2.235207         14.021012          1.353253         20.115613
rank #0: 2017-11-27 22:53:06,663 LBFGS        PARAM    0157          2.235196         14.020208          1.352488         20.115532
rank #0: 2017-11-27 22:53:06,954 LBFGS        PARAM    0158          2.235184         14.019403          1.351724         20.115451
rank #0: 2017-11-27 22:53:07,244 LBFGS        PARAM    0159          2.235172         14.018599          1.350962         20.115370
rank #0: 2017-11-27 22:53:07,534 LBFGS        PARAM    0160          2.235160         14.017796          1.350200         20.115289
rank #0: 2017-11-27 22:53:07,823 LBFGS        PARAM    0161          2.235149         14.016992          1.349440         20.115209
rank #0: 2017-11-27 22:53:08,113 LBFGS        PARAM    0162          2.235137         14.016189          1.348681         20.115128
rank #0: 2017-11-27 22:53:08,402 LBFGS        PARAM    0163          2.235125         14.015386          1.347923         20.115048
rank #0: 2017-11-27 22:53:08,691 LBFGS        PARAM    0164          2.235114         14.014584          1.347166         20.114968
rank #0: 2017-11-27 22:53:08,981 LBFGS        PARAM    0165          2.235102         14.013781          1.346411         20.114888
rank #0: 2017-11-27 22:53:09,270 LBFGS        PARAM    0166          2.235091         14.012979          1.345656         20.114809
rank #0: 2017-11-27 22:53:09,560 LBFGS        PARAM    0167          2.235079         14.012178          1.344903         20.114729
rank #0: 2017-11-27 22:53:09,849 LBFGS        PARAM    0168          2.235067         14.011376          1.344151         20.114650
rank #0: 2017-11-27 22:53:10,138 LBFGS        PARAM    0169          2.235056         14.010575          1.343400         20.114570
rank #0: 2017-11-27 22:53:10,426 LBFGS        PARAM    0170          2.235044         14.009774          1.342650         20.114491
rank #0: 2017-11-27 22:53:10,715 LBFGS        PARAM    0171          2.235033         14.008974          1.341902         20.114412
rank #0: 2017-11-27 22:53:11,002 LBFGS        PARAM    0172          2.235021         14.008173          1.341154         20.114334
rank #0: 2017-11-27 22:53:11,289 LBFGS        PARAM    0173          2.235010         14.007373          1.340408         20.114255
rank #0: 2017-11-27 22:53:11,575 LBFGS        PARAM    0174          2.234998         14.006573          1.339663         20.114177
rank #0: 2017-11-27 22:53:11,861 LBFGS        PARAM    0175          2.234987         14.005774          1.338919         20.114098
rank #0: 2017-11-27 22:53:12,147 LBFGS        PARAM    0176          2.234975         14.004974          1.338176         20.114020
rank #0: 2017-11-27 22:53:12,432 LBFGS        PARAM    0177          2.234964         14.004175          1.337435         20.113942
rank #0: 2017-11-27 22:53:12,718 LBFGS        PARAM    0178          2.234953         14.003377          1.336694         20.113864
rank #0: 2017-11-27 22:53:13,004 LBFGS        PARAM    0179          2.234941         14.002578          1.335955         20.113787
rank #0: 2017-11-27 22:53:13,290 LBFGS        PARAM    0180          2.234930         14.001780          1.335217         20.113709
rank #0: 2017-11-27 22:53:13,575 LBFGS        PARAM    0181          2.234919         14.000982          1.334479         20.113632
rank #0: 2017-11-27 22:53:13,860 LBFGS        PARAM    0182          2.234907         14.000184          1.333743         20.113555
rank #0: 2017-11-27 22:53:14,145 LBFGS        PARAM    0183          2.234896         13.999387          1.333009         20.113477
rank #0: 2017-11-27 22:53:14,431 LBFGS        PARAM    0184          2.234885         13.998589          1.332275         20.113401
rank #0: 2017-11-27 22:53:14,717 LBFGS        PARAM    0185          2.234873         13.997792          1.331542         20.113324
rank #0: 2017-11-27 22:53:15,003 LBFGS        PARAM    0186          2.234862         13.996996          1.330811         20.113247
rank #0: 2017-11-27 22:53:15,289 LBFGS        PARAM    0187          2.234851         13.996199          1.330080         20.113171
rank #0: 2017-11-27 22:53:15,575 LBFGS        PARAM    0188          2.234840         13.995403          1.329351         20.113094
rank #0: 2017-11-27 22:53:15,861 LBFGS        PARAM    0189          2.234829         13.994607          1.328623         20.113018
rank #0: 2017-11-27 22:53:16,146 LBFGS        PARAM    0190          2.234817         13.993812          1.327896         20.112942
rank #0: 2017-11-27 22:53:16,430 LBFGS        PARAM    0191          2.234806         13.993016          1.327170         20.112866
rank #0: 2017-11-27 22:53:16,714 LBFGS        PARAM    0192          2.234795         13.992221          1.326445         20.112791
rank #0: 2017-11-27 22:53:16,997 LBFGS        PARAM    0193          2.234784         13.991426          1.325721         20.112715
rank #0: 2017-11-27 22:53:17,281 LBFGS        PARAM    0194          2.234773         13.990631          1.324999         20.112640
rank #0: 2017-11-27 22:53:17,564 LBFGS        PARAM    0195          2.234762         13.989837          1.324277         20.112564
rank #0: 2017-11-27 22:53:17,847 LBFGS        PARAM    0196          2.234751         13.989043          1.323556         20.112489
rank #0: 2017-11-27 22:53:18,130 LBFGS        PARAM    0197          2.234740         13.988249          1.322837         20.112414
rank #0: 2017-11-27 22:53:18,414 LBFGS        PARAM    0198          2.234729         13.987455          1.322119         20.112339
rank #0: 2017-11-27 22:53:18,698 LBFGS        PARAM    0199          2.234718         13.986662          1.321401         20.112265
rank #0: 2017-11-27 22:53:18,981 LBFGS        PARAM    0200          2.234706         13.985869          1.320685         20.112190
rank #0: 2017-11-27 22:53:19,265 LBFGS        PARAM    0201          2.234695         13.985076          1.319970         20.112116
rank #0: 2017-11-27 22:53:19,549 LBFGS        PARAM    0202          2.234685         13.984283          1.319256         20.112041
rank #0: 2017-11-27 22:53:19,833 LBFGS        PARAM    0203          2.234674         13.983491          1.318543         20.111967
rank #0: 2017-11-27 22:53:20,117 LBFGS        PARAM    0204          2.234663         13.982698          1.317831         20.111893
rank #0: 2017-11-27 22:53:20,401 LBFGS        PARAM    0205          2.234652         13.981906          1.317121         20.111819
rank #0: 2017-11-27 22:53:20,684 LBFGS        PARAM    0206          2.234641         13.981115          1.316411         20.111746
rank #0: 2017-11-27 22:53:20,968 LBFGS        PARAM    0207          2.234630         13.980323          1.315702         20.111672
rank #0: 2017-11-27 22:53:21,252 LBFGS        PARAM    0208          2.234619         13.979532          1.314995         20.111599
rank #0: 2017-11-27 22:53:21,533 LBFGS        PARAM    0209          2.234608         13.978741          1.314288         20.111526
rank #0: 2017-11-27 22:53:21,815 LBFGS        PARAM    0210          2.234597         13.977951          1.313583         20.111452
rank #0: 2017-11-27 22:53:22,097 LBFGS        PARAM    0211          2.234586         13.977160          1.312878         20.111379
rank #0: 2017-11-27 22:53:22,378 LBFGS        PARAM    0212          2.234576         13.976370          1.312175         20.111307
rank #0: 2017-11-27 22:53:22,660 LBFGS        PARAM    0213          2.234565         13.975580          1.311472         20.111234
rank #0: 2017-11-27 22:53:22,940 LBFGS        PARAM    0214          2.234554         13.974791          1.310771         20.111161
rank #0: 2017-11-27 22:53:23,221 LBFGS        PARAM    0215          2.234543         13.974002          1.310071         20.111089
rank #0: 2017-11-27 22:53:23,503 LBFGS        PARAM    0216          2.234532         13.973212          1.309372         20.111017
rank #0: 2017-11-27 22:53:23,784 LBFGS        PARAM    0217          2.234522         13.972424          1.308673         20.110944
rank #0: 2017-11-27 22:53:24,066 LBFGS        PARAM    0218          2.234511         13.971635          1.307976         20.110872
rank #0: 2017-11-27 22:53:24,365 LBFGS        PARAM    0219          2.234500         13.970847          1.307280         20.110800
rank #0: 2017-11-27 22:53:24,644 LBFGS        PARAM    0220          2.234490         13.970059          1.306585         20.110729
rank #0: 2017-11-27 22:53:24,923 LBFGS        PARAM    0221          2.234479         13.969271          1.305891         20.110657
rank #0: 2017-11-27 22:53:25,202 LBFGS        PARAM    0222          2.234468         13.968483          1.305198         20.110586
rank #0: 2017-11-27 22:53:25,481 LBFGS        PARAM    0223          2.234458         13.967696          1.304506         20.110514
rank #0: 2017-11-27 22:53:25,761 LBFGS        PARAM    0224          2.234447         13.966909          1.303815         20.110443
rank #0: 2017-11-27 22:53:26,039 LBFGS        PARAM    0225          2.234436         13.966122          1.303125         20.110372
rank #0: 2017-11-27 22:53:26,318 LBFGS        PARAM    0226          2.234426         13.965336          1.302436         20.110301
rank #0: 2017-11-27 22:53:26,597 LBFGS        PARAM    0227          2.234415         13.964549          1.301748         20.110230
rank #0: 2017-11-27 22:53:26,876 LBFGS        PARAM    0228          2.234405         13.963763          1.301061         20.110160
rank #0: 2017-11-27 22:53:27,155 LBFGS        PARAM    0229          2.234394         13.962978          1.300375         20.110089
rank #0: 2017-11-27 22:53:27,434 LBFGS        PARAM    0230          2.234384         13.962192          1.299690         20.110019
rank #0: 2017-11-27 22:53:27,713 LBFGS        PARAM    0231          2.234373         13.961407          1.299006         20.109948
rank #0: 2017-11-27 22:53:27,992 LBFGS        PARAM    0232          2.234363         13.960622          1.298323         20.109878
rank #0: 2017-11-27 22:53:28,271 LBFGS        PARAM    0233          2.234352         13.959837          1.297641         20.109808
rank #0: 2017-11-27 22:53:28,549 LBFGS        PARAM    0234          2.234342         13.959053          1.296960         20.109738
rank #0: 2017-11-27 22:53:28,828 LBFGS        PARAM    0235          2.234331         13.958269          1.296280         20.109669
rank #0: 2017-11-27 22:53:29,106 LBFGS        PARAM    0236          2.234321         13.957485          1.295602         20.109599
rank #0: 2017-11-27 22:53:29,385 LBFGS        PARAM    0237          2.234310         13.956701          1.294924         20.109530
rank #0: 2017-11-27 22:53:29,664 LBFGS        PARAM    0238          2.234300         13.955918          1.294247         20.109460
rank #0: 2017-11-27 22:53:29,943 LBFGS        PARAM    0239          2.234289         13.955135          1.293571         20.109391
rank #0: 2017-11-27 22:53:30,222 LBFGS        PARAM    0240          2.234279         13.954352          1.292896         20.109322
rank #0: 2017-11-27 22:53:30,500 LBFGS        PARAM    0241          2.234269         13.953570          1.292222         20.109253
rank #0: 2017-11-27 22:53:30,780 LBFGS        PARAM    0242          2.234258         13.952788          1.291548         20.109184
rank #0: 2017-11-27 22:53:31,058 LBFGS        PARAM    0243          2.234248         13.952006          1.290876         20.109115
rank #0: 2017-11-27 22:53:31,336 LBFGS        PARAM    0244          2.234238         13.951224          1.290205         20.109047
rank #0: 2017-11-27 22:53:31,612 LBFGS        PARAM    0245          2.234227         13.950443          1.289535         20.108978
rank #0: 2017-11-27 22:53:31,889 LBFGS        PARAM    0246          2.234217         13.949661          1.288866         20.108910
rank #0: 2017-11-27 22:53:32,165 LBFGS        PARAM    0247          2.234207         13.948880          1.288198         20.108842
rank #0: 2017-11-27 22:53:32,442 LBFGS        PARAM    0248          2.234197         13.948100          1.287531         20.108774
rank #0: 2017-11-27 22:53:32,718 LBFGS        PARAM    0249          2.234186         13.947320          1.286864         20.108706
rank #0: 2017-11-27 22:53:32,994 LBFGS        PARAM    0250          2.234176         13.946539          1.286199         20.108638
rank #0: 2017-11-27 22:53:33,269 LBFGS        PARAM    0251          2.234166         13.945760          1.285535         20.108570
rank #0: 2017-11-27 22:53:33,545 LBFGS        PARAM    0252          2.234156         13.944980          1.284871         20.108503
rank #0: 2017-11-27 22:53:33,821 LBFGS        PARAM    0253          2.234145         13.944201          1.284209         20.108435
rank #0: 2017-11-27 22:53:34,098 LBFGS        PARAM    0254          2.234135         13.943422          1.283547         20.108368
rank #0: 2017-11-27 22:53:34,374 LBFGS        PARAM    0255          2.234125         13.942643          1.282887         20.108301
rank #0: 2017-11-27 22:53:34,649 LBFGS        PARAM    0256          2.234115         13.941865          1.282227         20.108234
rank #0: 2017-11-27 22:53:34,924 LBFGS        PARAM    0257          2.234105         13.941087          1.281568         20.108167
rank #0: 2017-11-27 22:53:35,199 LBFGS        PARAM    0258          2.234095         13.940309          1.280911         20.108100
rank #0: 2017-11-27 22:53:35,474 LBFGS        PARAM    0259          2.234085         13.939532          1.280254         20.108033
rank #0: 2017-11-27 22:53:35,748 LBFGS        PARAM    0260          2.234075         13.938754          1.279598         20.107966
rank #0: 2017-11-27 22:53:36,023 LBFGS        PARAM    0261          2.234064         13.937977          1.278943         20.107900
rank #0: 2017-11-27 22:53:36,298 LBFGS        PARAM    0262          2.234054         13.937201          1.278289         20.107834
rank #0: 2017-11-27 22:53:36,573 LBFGS        PARAM    0263          2.234044         13.936424          1.277636         20.107767
rank #0: 2017-11-27 22:53:36,848 LBFGS        PARAM    0264          2.234034         13.935648          1.276984         20.107701
rank #0: 2017-11-27 22:53:37,122 LBFGS        PARAM    0265          2.234024         13.934872          1.276333         20.107635
rank #0: 2017-11-27 22:53:37,397 LBFGS        PARAM    0266          2.234014         13.934097          1.275683         20.107570
rank #0: 2017-11-27 22:53:37,671 LBFGS        PARAM    0267          2.234004         13.933321          1.275033         20.107504
rank #0: 2017-11-27 22:53:37,945 LBFGS        PARAM    0268          2.233994         13.932546          1.274385         20.107438
rank #0: 2017-11-27 22:53:38,220 LBFGS        PARAM    0269          2.233984         13.931772          1.273737         20.107373
rank #0: 2017-11-27 22:53:38,496 LBFGS        PARAM    0270          2.233974         13.930997          1.273091         20.107307
rank #0: 2017-11-27 22:53:38,770 LBFGS        PARAM    0271          2.233965         13.930223          1.272445         20.107242
rank #0: 2017-11-27 22:53:39,046 LBFGS        PARAM    0272          2.233955         13.929449          1.271800         20.107177
rank #0: 2017-11-27 22:53:39,321 LBFGS        PARAM    0273          2.233945         13.928676          1.271156         20.107112
rank #0: 2017-11-27 22:53:39,597 LBFGS        PARAM    0274          2.233935         13.927903          1.270513         20.107047
rank #0: 2017-11-27 22:53:39,872 LBFGS        PARAM    0275          2.233925         13.927130          1.269871         20.106982
rank #0: 2017-11-27 22:53:40,147 LBFGS        PARAM    0276          2.233915         13.926357          1.269230         20.106917
rank #0: 2017-11-27 22:53:40,422 LBFGS        PARAM    0277          2.233905         13.925585          1.268590         20.106853
rank #0: 2017-11-27 22:53:40,698 LBFGS        PARAM    0278          2.233895         13.924813          1.267951         20.106789
rank #0: 2017-11-27 22:53:40,972 LBFGS        PARAM    0279          2.233886         13.924041          1.267312         20.106724
rank #0: 2017-11-27 22:53:41,247 LBFGS        PARAM    0280          2.233876         13.923269          1.266675         20.106660
rank #0: 2017-11-27 22:53:41,522 LBFGS        PARAM    0281          2.233866         13.922498          1.266038         20.106596
rank #0: 2017-11-27 22:53:41,797 LBFGS        PARAM    0282          2.233856         13.921727          1.265402         20.106532
rank #0: 2017-11-27 22:53:42,073 LBFGS        PARAM    0283          2.233846         13.920957          1.264767         20.106468
rank #0: 2017-11-27 22:53:42,348 LBFGS        PARAM    0284          2.233837         13.920186          1.264133         20.106404
rank #0: 2017-11-27 22:53:42,622 LBFGS        PARAM    0285          2.233827         13.919416          1.263500         20.106341
rank #0: 2017-11-27 22:53:42,897 LBFGS        PARAM    0286          2.233817         13.918647          1.262868         20.106277
rank #0: 2017-11-27 22:53:43,172 LBFGS        PARAM    0287          2.233808         13.917877          1.262237         20.106214
rank #0: 2017-11-27 22:53:43,447 LBFGS        PARAM    0288          2.233798         13.917108          1.261606         20.106150
rank #0: 2017-11-27 22:53:43,721 LBFGS        PARAM    0289          2.233788         13.916340          1.260977         20.106087
rank #0: 2017-11-27 22:53:43,996 LBFGS        PARAM    0290          2.233778         13.915571          1.260348         20.106024
rank #0: 2017-11-27 22:53:44,271 LBFGS        PARAM    0291          2.233769         13.914803          1.259720         20.105961
rank #0: 2017-11-27 22:53:44,545 LBFGS        PARAM    0292          2.233759         13.914035          1.259093         20.105898
rank #0: 2017-11-27 22:53:44,820 LBFGS        PARAM    0293          2.233750         13.913267          1.258467         20.105836
rank #0: 2017-11-27 22:53:45,095 LBFGS        PARAM    0294          2.233740         13.912500          1.257842         20.105773
rank #0: 2017-11-27 22:53:45,370 LBFGS        PARAM    0295          2.233730         13.911733          1.257218         20.105711
rank #0: 2017-11-27 22:53:45,645 LBFGS        PARAM    0296          2.233721         13.910966          1.256594         20.105648
rank #0: 2017-11-27 22:53:45,920 LBFGS        PARAM    0297          2.233711         13.910200          1.255972         20.105586
rank #0: 2017-11-27 22:53:46,195 LBFGS        PARAM    0298          2.233702         13.909434          1.255350         20.105524
rank #0: 2017-11-27 22:53:46,470 LBFGS        PARAM    0299          2.233692         13.908668          1.254729         20.105462
rank #0: 2017-11-27 22:53:46,745 LBFGS        PARAM    0300          2.233683         13.907903          1.254109         20.105400
rank #0: 2017-11-27 22:53:47,020 LBFGS        PARAM    0301          2.233673         13.907138          1.253490         20.105338
rank #0: 2017-11-27 22:53:47,294 LBFGS        PARAM    0302          2.233663         13.906373          1.252871         20.105276
rank #0: 2017-11-27 22:53:47,568 LBFGS        PARAM    0303          2.233654         13.905608          1.252254         20.105215
rank #0: 2017-11-27 22:53:47,843 LBFGS        PARAM    0304          2.233644         13.904844          1.251637         20.105153
rank #0: 2017-11-27 22:53:48,118 LBFGS        PARAM    0305          2.233635         13.904080          1.251022         20.105092
rank #0: 2017-11-27 22:53:48,393 LBFGS        PARAM    0306          2.233626         13.903317          1.250407         20.105030
rank #0: 2017-11-27 22:53:48,668 LBFGS        PARAM    0307          2.233616         13.902553          1.249793         20.104969
rank #0: 2017-11-27 22:53:48,943 LBFGS        PARAM    0308          2.233607         13.901790          1.249179         20.104908
rank #0: 2017-11-27 22:53:49,218 LBFGS        PARAM    0309          2.233597         13.901028          1.248567         20.104847
rank #0: 2017-11-27 22:53:49,493 LBFGS        PARAM    0310          2.233588         13.900265          1.247955         20.104786
rank #0: 2017-11-27 22:53:49,768 LBFGS        PARAM    0311          2.233578         13.899503          1.247345         20.104725
rank #0: 2017-11-27 22:53:50,042 LBFGS        PARAM    0312          2.233569         13.898742          1.246735         20.104665
rank #0: 2017-11-27 22:53:50,318 LBFGS        PARAM    0313          2.233560         13.897980          1.246126         20.104604
rank #0: 2017-11-27 22:53:50,593 LBFGS        PARAM    0314          2.233550         13.897219          1.245517         20.104544
rank #0: 2017-11-27 22:53:50,867 LBFGS        PARAM    0315          2.233541         13.896458          1.244910         20.104483
rank #0: 2017-11-27 22:53:51,142 LBFGS        PARAM    0316          2.233532         13.895698          1.244303         20.104423
rank #0: 2017-11-27 22:53:51,417 LBFGS        PARAM    0317          2.233522         13.894938          1.243698         20.104363
rank #0: 2017-11-27 22:53:51,692 LBFGS        PARAM    0318          2.233513         13.894178          1.243093         20.104303
rank #0: 2017-11-27 22:53:51,967 LBFGS        PARAM    0319          2.233504         13.893419          1.242489         20.104243
rank #0: 2017-11-27 22:53:52,242 LBFGS        PARAM    0320          2.233494         13.892659          1.241885         20.104183
rank #0: 2017-11-27 22:53:52,516 LBFGS        PARAM    0321          2.233485         13.891900          1.241283         20.104124
rank #0: 2017-11-27 22:53:52,790 LBFGS        PARAM    0322          2.233476         13.891142          1.240681         20.104064
rank #0: 2017-11-27 22:53:53,065 LBFGS        PARAM    0323          2.233467         13.890384          1.240080         20.104005
rank #0: 2017-11-27 22:53:53,340 LBFGS        PARAM    0324          2.233457         13.889626          1.239480         20.103945
rank #0: 2017-11-27 22:53:53,615 LBFGS        PARAM    0325          2.233448         13.888868          1.238881         20.103886
rank #0: 2017-11-27 22:53:53,890 LBFGS        PARAM    0326          2.233439         13.888111          1.238283         20.103827
rank #0: 2017-11-27 22:53:54,164 LBFGS        PARAM    0327          2.233430         13.887354          1.237685         20.103768
rank #0: 2017-11-27 22:53:54,440 LBFGS        PARAM    0328          2.233421         13.886597          1.237088         20.103709
rank #0: 2017-11-27 22:53:54,714 LBFGS        PARAM    0329          2.233412         13.885841          1.236492         20.103650
rank #0: 2017-11-27 22:53:54,989 LBFGS        PARAM    0330          2.233402         13.885085          1.235897         20.103591
rank #0: 2017-11-27 22:53:55,264 LBFGS        PARAM    0331          2.233393         13.884329          1.235303         20.103532
rank #0: 2017-11-27 22:53:55,540 LBFGS        PARAM    0332          2.233384         13.883574          1.234709         20.103474
rank #0: 2017-11-27 22:53:55,815 LBFGS        PARAM    0333          2.233375         13.882819          1.234116         20.103415
rank #0: 2017-11-27 22:53:56,090 LBFGS        PARAM    0334          2.233366         13.882064          1.233524         20.103357
rank #0: 2017-11-27 22:53:56,365 LBFGS        PARAM    0335          2.233357         13.881310          1.232933         20.103299
rank #0: 2017-11-27 22:53:56,640 LBFGS        PARAM    0336          2.233348         13.880556          1.232343         20.103240
rank #0: 2017-11-27 22:53:56,915 LBFGS        PARAM    0337          2.233339         13.879802          1.231753         20.103182
rank #0: 2017-11-27 22:53:57,190 LBFGS        PARAM    0338          2.233330         13.879049          1.231164         20.103124
rank #0: 2017-11-27 22:53:57,465 LBFGS        PARAM    0339          2.233321         13.878296          1.230576         20.103066
rank #0: 2017-11-27 22:53:57,740 LBFGS        PARAM    0340          2.233311         13.877543          1.229989         20.103009
rank #0: 2017-11-27 22:53:58,015 LBFGS        PARAM    0341          2.233302         13.876790          1.229402         20.102951
rank #0: 2017-11-27 22:53:58,290 LBFGS        PARAM    0342          2.233293         13.876038          1.228817         20.102893
rank #0: 2017-11-27 22:53:58,565 LBFGS        PARAM    0343          2.233284         13.875287          1.228232         20.102836
rank #0: 2017-11-27 22:53:58,840 LBFGS        PARAM    0344          2.233275         13.874535          1.227647         20.102779
rank #0: 2017-11-27 22:53:59,114 LBFGS        PARAM    0345          2.233266         13.873784          1.227064         20.102721
rank #0: 2017-11-27 22:53:59,389 LBFGS        PARAM    0346          2.233258         13.873033          1.226482         20.102664
rank #0: 2017-11-27 22:53:59,663 LBFGS        PARAM    0347          2.233249         13.872283          1.225900         20.102607
rank #0: 2017-11-27 22:53:59,937 LBFGS        PARAM    0348          2.233240         13.871533          1.225319         20.102550
rank #0: 2017-11-27 22:54:00,211 LBFGS        PARAM    0349          2.233231         13.870783          1.224738         20.102493
rank #0: 2017-11-27 22:54:00,487 LBFGS        PARAM    0350          2.233222         13.870033          1.224159         20.102436
rank #0: 2017-11-27 22:54:00,762 LBFGS        PARAM    0351          2.233213         13.869284          1.223580         20.102380
rank #0: 2017-11-27 22:54:01,036 LBFGS        PARAM    0352          2.233204         13.868535          1.223002         20.102323
rank #0: 2017-11-27 22:54:01,311 LBFGS        PARAM    0353          2.233195         13.867787          1.222425         20.102267
rank #0: 2017-11-27 22:54:01,585 LBFGS        PARAM    0354          2.233186         13.867039          1.221848         20.102210
rank #0: 2017-11-27 22:54:01,860 LBFGS        PARAM    0355          2.233177         13.866291          1.221273         20.102154
rank #0: 2017-11-27 22:54:02,135 LBFGS        PARAM    0356          2.233169         13.865543          1.220698         20.102098
rank #0: 2017-11-27 22:54:02,409 LBFGS        PARAM    0357          2.233160         13.864796          1.220124         20.102041
rank #0: 2017-11-27 22:54:02,684 LBFGS        PARAM    0358          2.233151         13.864050          1.219550         20.101985
rank #0: 2017-11-27 22:54:02,959 LBFGS        PARAM    0359          2.233142         13.863303          1.218978         20.101930
rank #0: 2017-11-27 22:54:03,234 LBFGS        PARAM    0360          2.233133         13.862557          1.218406         20.101874
rank #0: 2017-11-27 22:54:03,509 LBFGS        PARAM    0361          2.233124         13.861811          1.217834         20.101818
rank #0: 2017-11-27 22:54:03,784 LBFGS        PARAM    0362          2.233116         13.861066          1.217264         20.101762
rank #0: 2017-11-27 22:54:04,058 LBFGS        PARAM    0363          2.233107         13.860320          1.216694         20.101707
rank #0: 2017-11-27 22:54:04,334 LBFGS        PARAM    0364          2.233098         13.859576          1.216125         20.101651
rank #0: 2017-11-27 22:54:04,608 LBFGS        PARAM    0365          2.233089         13.858831          1.215557         20.101596
rank #0: 2017-11-27 22:54:04,883 LBFGS        PARAM    0366          2.233081         13.858087          1.214990         20.101541
rank #0: 2017-11-27 22:54:05,158 LBFGS        PARAM    0367          2.233072         13.857343          1.214423         20.101485
rank #0: 2017-11-27 22:54:05,433 LBFGS        PARAM    0368          2.233063         13.856600          1.213857         20.101430
rank #0: 2017-11-27 22:54:05,708 LBFGS        PARAM    0369          2.233055         13.855857          1.213292         20.101375
rank #0: 2017-11-27 22:54:05,982 LBFGS        PARAM    0370          2.233046         13.855114          1.212727         20.101320
rank #0: 2017-11-27 22:54:06,257 LBFGS        PARAM    0371          2.233037         13.854371          1.212164         20.101266
rank #0: 2017-11-27 22:54:06,532 LBFGS        PARAM    0372          2.233029         13.853629          1.211601         20.101211
rank #0: 2017-11-27 22:54:06,807 LBFGS        PARAM    0373          2.233020         13.852887          1.211038         20.101156
rank #0: 2017-11-27 22:54:07,082 LBFGS        PARAM    0374          2.233011         13.852146          1.210477         20.101102
rank #0: 2017-11-27 22:54:07,357 LBFGS        PARAM    0375          2.233003         13.851405          1.209916         20.101047
rank #0: 2017-11-27 22:54:07,632 LBFGS        PARAM    0376          2.232994         13.850664          1.209356         20.100993
rank #0: 2017-11-27 22:54:07,907 LBFGS        PARAM    0377          2.232985         13.849924          1.208797         20.100939
rank #0: 2017-11-27 22:54:08,183 LBFGS        PARAM    0378          2.232977         13.849184          1.208238         20.100884
rank #0: 2017-11-27 22:54:08,458 LBFGS        PARAM    0379          2.232968         13.848444          1.207680         20.100830
rank #0: 2017-11-27 22:54:08,733 LBFGS        PARAM    0380          2.232960         13.847704          1.207123         20.100776
rank #0: 2017-11-27 22:54:09,008 LBFGS        PARAM    0381          2.232951         13.846965          1.206566         20.100722
rank #0: 2017-11-27 22:54:09,284 LBFGS        PARAM    0382          2.232943         13.846227          1.206011         20.100669
rank #0: 2017-11-27 22:54:09,559 LBFGS        PARAM    0383          2.232934         13.845488          1.205456         20.100615
rank #0: 2017-11-27 22:54:09,835 LBFGS        PARAM    0384          2.232926         13.844750          1.204901         20.100561
rank #0: 2017-11-27 22:54:10,110 LBFGS        PARAM    0385          2.232917         13.844012          1.204348         20.100508
rank #0: 2017-11-27 22:54:10,385 LBFGS        PARAM    0386          2.232908         13.843275          1.203795         20.100454
rank #0: 2017-11-27 22:54:10,660 LBFGS        PARAM    0387          2.232900         13.842538          1.203243         20.100401
rank #0: 2017-11-27 22:54:10,935 LBFGS        PARAM    0388          2.232891         13.841801          1.202691         20.100347
rank #0: 2017-11-27 22:54:11,210 LBFGS        PARAM    0389          2.232883         13.841065          1.202140         20.100294
rank #0: 2017-11-27 22:54:11,486 LBFGS        PARAM    0390          2.232875         13.840329          1.201590         20.100241
rank #0: 2017-11-27 22:54:11,760 LBFGS        PARAM    0391          2.232866         13.839593          1.201041         20.100188
rank #0: 2017-11-27 22:54:12,036 LBFGS        PARAM    0392          2.232858         13.838858          1.200492         20.100135
rank #0: 2017-11-27 22:54:12,311 LBFGS        PARAM    0393          2.232849         13.838123          1.199944         20.100082
rank #0: 2017-11-27 22:54:12,586 LBFGS        PARAM    0394          2.232841         13.837388          1.199397         20.100030
rank #0: 2017-11-27 22:54:12,860 LBFGS        PARAM    0395          2.232832         13.836654          1.198850         20.099977
rank #0: 2017-11-27 22:54:13,134 LBFGS        PARAM    0396          2.232824         13.835920          1.198305         20.099924
rank #0: 2017-11-27 22:54:13,408 LBFGS        PARAM    0397          2.232816         13.835187          1.197759         20.099872
rank #0: 2017-11-27 22:54:13,683 LBFGS        PARAM    0398          2.232807         13.834453          1.197215         20.099819
rank #0: 2017-11-27 22:54:13,958 LBFGS        PARAM    0399          2.232799         13.833720          1.196671         20.099767
rank #0: 2017-11-27 22:54:14,232 LBFGS        PARAM    0400          2.232791         13.832988          1.196128         20.099715
rank #0: 2017-11-27 22:54:14,507 LBFGS        PARAM    0401          2.232782         13.832256          1.195586         20.099663
rank #0: 2017-11-27 22:54:14,782 LBFGS        PARAM    0402          2.232774         13.831524          1.195044         20.099611
rank #0: 2017-11-27 22:54:15,058 LBFGS        PARAM    0403          2.232766         13.830792          1.194503         20.099559
rank #0: 2017-11-27 22:54:15,334 LBFGS        PARAM    0404          2.232757         13.830061          1.193963         20.099507
rank #0: 2017-11-27 22:54:15,609 LBFGS        PARAM    0405          2.232749         13.829330          1.193423         20.099455
rank #0: 2017-11-27 22:54:15,885 LBFGS        PARAM    0406          2.232741         13.828600          1.192884         20.099403
rank #0: 2017-11-27 22:54:16,160 LBFGS        PARAM    0407          2.232732         13.827870          1.192346         20.099351
rank #0: 2017-11-27 22:54:16,435 LBFGS        PARAM    0408          2.232724         13.827140          1.191808         20.099300
rank #0: 2017-11-27 22:54:16,710 LBFGS        PARAM    0409          2.232716         13.826410          1.191271         20.099248
rank #0: 2017-11-27 22:54:16,985 LBFGS        PARAM    0410          2.232708         13.825681          1.190735         20.099197
rank #0: 2017-11-27 22:54:17,260 LBFGS        PARAM    0411          2.232699         13.824952          1.190199         20.099146
rank #0: 2017-11-27 22:54:17,535 LBFGS        PARAM    0412          2.232691         13.824224          1.189664         20.099094
rank #0: 2017-11-27 22:54:17,810 LBFGS        PARAM    0413          2.232683         13.823496          1.189130         20.099043
rank #0: 2017-11-27 22:54:18,085 LBFGS        PARAM    0414          2.232675         13.822768          1.188597         20.098992
rank #0: 2017-11-27 22:54:18,360 LBFGS        PARAM    0415          2.232666         13.822041          1.188064         20.098941
rank #0: 2017-11-27 22:54:18,635 LBFGS        PARAM    0416          2.232658         13.821314          1.187532         20.098890
rank #0: 2017-11-27 22:54:18,910 LBFGS        PARAM    0417          2.232650         13.820587          1.187000         20.098839
rank #0: 2017-11-27 22:54:19,185 LBFGS        PARAM    0418          2.232642         13.819861          1.186469         20.098789
rank #0: 2017-11-27 22:54:19,460 LBFGS        PARAM    0419          2.232634         13.819135          1.185939         20.098738
rank #0: 2017-11-27 22:54:19,735 LBFGS        PARAM    0420          2.232626         13.818409          1.185409         20.098687
rank #0: 2017-11-27 22:54:20,010 LBFGS        PARAM    0421          2.232617         13.817684          1.184881         20.098637
rank #0: 2017-11-27 22:54:20,285 LBFGS        PARAM    0422          2.232609         13.816959          1.184352         20.098586
rank #0: 2017-11-27 22:54:20,559 LBFGS        PARAM    0423          2.232601         13.816234          1.183825         20.098536
rank #0: 2017-11-27 22:54:20,834 LBFGS        PARAM    0424          2.232593         13.815510          1.183298         20.098486
rank #0: 2017-11-27 22:54:21,110 LBFGS        PARAM    0425          2.232585         13.814786          1.182772         20.098436
rank #0: 2017-11-27 22:54:21,385 LBFGS        PARAM    0426          2.232577         13.814063          1.182246         20.098386
rank #0: 2017-11-27 22:54:21,659 LBFGS        PARAM    0427          2.232569         13.813339          1.181721         20.098336
rank #0: 2017-11-27 22:54:21,933 LBFGS        PARAM    0428          2.232561         13.812617          1.181197         20.098286
rank #0: 2017-11-27 22:54:22,207 LBFGS        PARAM    0429          2.232553         13.811894          1.180673         20.098236
rank #0: 2017-11-27 22:54:22,482 LBFGS        PARAM    0430          2.232545         13.811172          1.180150         20.098186
rank #0: 2017-11-27 22:54:22,756 LBFGS        PARAM    0431          2.232537         13.810450          1.179628         20.098136
rank #0: 2017-11-27 22:54:23,031 LBFGS        PARAM    0432          2.232529         13.809729          1.179106         20.098087
rank #0: 2017-11-27 22:54:23,305 LBFGS        PARAM    0433          2.232521         13.809007          1.178585         20.098037
rank #0: 2017-11-27 22:54:23,580 LBFGS        PARAM    0434          2.232513         13.808287          1.178065         20.097988
rank #0: 2017-11-27 22:54:23,856 LBFGS        PARAM    0435          2.232505         13.807566          1.177545         20.097938
rank #0: 2017-11-27 22:54:24,131 LBFGS        PARAM    0436          2.232497         13.806846          1.177026         20.097889
rank #0: 2017-11-27 22:54:24,406 LBFGS        PARAM    0437          2.232489         13.806127          1.176508         20.097840
rank #0: 2017-11-27 22:54:24,681 LBFGS        PARAM    0438          2.232481         13.805407          1.175990         20.097791
rank #0: 2017-11-27 22:54:24,956 LBFGS        PARAM    0439          2.232473         13.804688          1.175473         20.097742
rank #0: 2017-11-27 22:54:25,231 LBFGS        PARAM    0440          2.232465         13.803970          1.174956         20.097693
rank #0: 2017-11-27 22:54:25,507 LBFGS        PARAM    0441          2.232457         13.803251          1.174440         20.097644
rank #0: 2017-11-27 22:54:25,782 LBFGS        PARAM    0442          2.232449         13.802533          1.173925         20.097595
rank #0: 2017-11-27 22:54:26,057 LBFGS        PARAM    0443          2.232441         13.801816          1.173411         20.097546
rank #0: 2017-11-27 22:54:26,332 LBFGS        PARAM    0444          2.232433         13.801098          1.172897         20.097497
rank #0: 2017-11-27 22:54:26,607 LBFGS        PARAM    0445          2.232425         13.800382          1.172383         20.097449
rank #0: 2017-11-27 22:54:26,882 LBFGS        PARAM    0446          2.232417         13.799665          1.171870         20.097400
rank #0: 2017-11-27 22:54:27,157 LBFGS        PARAM    0447          2.232409         13.798949          1.171358         20.097352
rank #0: 2017-11-27 22:54:27,432 LBFGS        PARAM    0448          2.232401         13.798233          1.170847         20.097303
rank #0: 2017-11-27 22:54:27,707 LBFGS        PARAM    0449          2.232394         13.797517          1.170336         20.097255
rank #0: 2017-11-27 22:54:27,982 LBFGS        PARAM    0450          2.232386         13.796802          1.169826         20.097207
rank #0: 2017-11-27 22:54:28,257 LBFGS        PARAM    0451          2.232378         13.796088          1.169316         20.097159
rank #0: 2017-11-27 22:54:28,532 LBFGS        PARAM    0452          2.232370         13.795373          1.168807         20.097111
rank #0: 2017-11-27 22:54:28,807 LBFGS        PARAM    0453          2.232362         13.794659          1.168299         20.097063
rank #0: 2017-11-27 22:54:29,082 LBFGS        PARAM    0454          2.232354         13.793945          1.167791         20.097015
rank #0: 2017-11-27 22:54:29,357 LBFGS        PARAM    0455          2.232347         13.793232          1.167284         20.096967
rank #0: 2017-11-27 22:54:29,633 LBFGS        PARAM    0456          2.232339         13.792519          1.166778         20.096919
rank #0: 2017-11-27 22:54:29,909 LBFGS        PARAM    0457          2.232331         13.791806          1.166272         20.096871
rank #0: 2017-11-27 22:54:30,184 LBFGS        PARAM    0458          2.232323         13.791094          1.165767         20.096824
rank #0: 2017-11-27 22:54:30,460 LBFGS        PARAM    0459          2.232316         13.790382          1.165262         20.096776
rank #0: 2017-11-27 22:54:30,735 LBFGS        PARAM    0460          2.232308         13.789670          1.164758         20.096729
rank #0: 2017-11-27 22:54:31,011 LBFGS        PARAM    0461          2.232300         13.788959          1.164255         20.096681
rank #0: 2017-11-27 22:54:31,285 LBFGS        PARAM    0462          2.232292         13.788248          1.163752         20.096634
rank #0: 2017-11-27 22:54:31,559 LBFGS        PARAM    0463          2.232285         13.787538          1.163250         20.096587
rank #0: 2017-11-27 22:54:31,834 LBFGS        PARAM    0464          2.232277         13.786827          1.162748         20.096540
rank #0: 2017-11-27 22:54:32,108 LBFGS        PARAM    0465          2.232269         13.786118          1.162247         20.096493
rank #0: 2017-11-27 22:54:32,382 LBFGS        PARAM    0466          2.232261         13.785408          1.161747         20.096446
rank #0: 2017-11-27 22:54:32,657 LBFGS        PARAM    0467          2.232254         13.784699          1.161247         20.096399
rank #0: 2017-11-27 22:54:32,931 LBFGS        PARAM    0468          2.232246         13.783990          1.160748         20.096352
rank #0: 2017-11-27 22:54:33,205 LBFGS        PARAM    0469          2.232238         13.783282          1.160249         20.096305
rank #0: 2017-11-27 22:54:33,479 LBFGS        PARAM    0470          2.232231         13.782574          1.159751         20.096258
rank #0: 2017-11-27 22:54:33,753 LBFGS        PARAM    0471          2.232223         13.781866          1.159254         20.096212
rank #0: 2017-11-27 22:54:34,027 LBFGS        PARAM    0472          2.232215         13.781158          1.158757         20.096165
rank #0: 2017-11-27 22:54:34,300 LBFGS        PARAM    0473          2.232208         13.780451          1.158261         20.096118
rank #0: 2017-11-27 22:54:34,573 LBFGS        PARAM    0474          2.232200         13.779745          1.157765         20.096072
rank #0: 2017-11-27 22:54:34,846 LBFGS        PARAM    0475          2.232193         13.779038          1.157270         20.096026
rank #0: 2017-11-27 22:54:35,119 LBFGS        PARAM    0476          2.232185         13.778332          1.156776         20.095979
rank #0: 2017-11-27 22:54:35,393 LBFGS        PARAM    0477          2.232177         13.777627          1.156282         20.095933
rank #0: 2017-11-27 22:54:35,667 LBFGS        PARAM    0478          2.232170         13.776922          1.155789         20.095887
rank #0: 2017-11-27 22:54:35,941 LBFGS        PARAM    0479          2.232162         13.776217          1.155297         20.095841
rank #0: 2017-11-27 22:54:36,215 LBFGS        PARAM    0480          2.232155         13.775512          1.154805         20.095795
rank #0: 2017-11-27 22:54:36,489 LBFGS        PARAM    0481          2.232147         13.774808          1.154313         20.095749
rank #0: 2017-11-27 22:54:36,763 LBFGS        PARAM    0482          2.232139         13.774104          1.153822         20.095703
rank #0: 2017-11-27 22:54:37,037 LBFGS        PARAM    0483          2.232132         13.773401          1.153332         20.095657
rank #0: 2017-11-27 22:54:37,311 LBFGS        PARAM    0484          2.232124         13.772697          1.152842         20.095611
rank #0: 2017-11-27 22:54:37,586 LBFGS        PARAM    0485          2.232117         13.771995          1.152353         20.095566
rank #0: 2017-11-27 22:54:37,860 LBFGS        PARAM    0486          2.232109         13.771292          1.151865         20.095520
rank #0: 2017-11-27 22:54:38,135 LBFGS        PARAM    0487          2.232102         13.770590          1.151377         20.095475
rank #0: 2017-11-27 22:54:38,409 LBFGS        PARAM    0488          2.232094         13.769888          1.150890         20.095429
rank #0: 2017-11-27 22:54:38,684 LBFGS        PARAM    0489          2.232087         13.769187          1.150403         20.095384
rank #0: 2017-11-27 22:54:38,958 LBFGS        PARAM    0490          2.232079         13.768486          1.149917         20.095338
rank #0: 2017-11-27 22:54:39,233 LBFGS        PARAM    0491          2.232072         13.767785          1.149431         20.095293
rank #0: 2017-11-27 22:54:39,507 LBFGS        PARAM    0492          2.232064         13.767085          1.148946         20.095248
rank #0: 2017-11-27 22:54:39,781 LBFGS        PARAM    0493          2.232057         13.766385          1.148462         20.095203
rank #0: 2017-11-27 22:54:40,056 LBFGS        PARAM    0494          2.232049         13.765686          1.147978         20.095158
rank #0: 2017-11-27 22:54:40,330 LBFGS        PARAM    0495          2.232042         13.764986          1.147495         20.095113
rank #0: 2017-11-27 22:54:40,605 LBFGS        PARAM    0496          2.232035         13.764287          1.147012         20.095068
rank #0: 2017-11-27 22:54:40,879 LBFGS        PARAM    0497          2.232027         13.763589          1.146530         20.095023
rank #0: 2017-11-27 22:54:41,154 LBFGS        PARAM    0498          2.232020         13.762891          1.146048         20.094978
rank #0: 2017-11-27 22:54:41,429 LBFGS        PARAM    0499          2.232012         13.762193          1.145567         20.094934
rank #0: 2017-11-27 22:54:41,703 LBFGS        INFO     Maximum number of iterations reached.
rank #0: 2017-11-27 22:54:41,703 LBFGS        PARAM    0500          2.232005         13.761495          1.145087         20.094889
rank #0: 2017-11-27 22:54:41,704 rsdfit.lbfgs_fitter WARNING  ...LBFGS optimization finished. Time elapsed: 0:02:21.55
rank #0: 2017-11-27 22:54:41,704 rsdfit.lbfgs_fitter ERROR    nonlinear fit with method L-BFGS-B failed: Maximum number of iterations reached.
rank #0: 2017-11-27 22:54:41,704 rsdfit.fitting_driver INFO     rank 70 on nid00494     ...fitting complete
rank #0: 2017-11-27 22:54:41,707 rsdfit.fitting_driver INFO     rank 70 on nid00494     Saving the results to `/global/cscratch1/sd/nhand/eBOSS/fits/results/mocks/ezmock/v1.8e-fph/0.0001-0.05/basemodel-fnl/0.8-2.2/QSO-S-0787-P0+P2-mock-cov-b6abb0373d/2017-11-27_nlopt_500i_chain0__1.npz`
rank #0: 2017-11-27 22:54:41,727 pyRSD.analysis.lbfgs_results INFO     
minimum chi2 = 20.0948889953

Free parameters [ mean ]
_______________
b1             : 2.23200494893
f_nl           : 13.7614954475
sigma_fog      : 1.14508689766

Constrained parameters [ mean ]
_________________________
b1sigma8       : 0.88830355412
