rank #0: 2018-07-15 19:58:02,782 rsdfit.fitting_driver INFO     rank 48 on nid00608     Calling the 'nlopt' solve function
rank #0: 2018-07-15 19:58:02,783 rsdfit.lbfgs_fitter INFO     running LBFGS for 500 iterations and then stopping
rank #0: 2018-07-15 19:58:02,783 rsdfit.lbfgs_fitter INFO     running LBFGS minimizer with priors
rank #0: 2018-07-15 19:58:02,783 root         INFO     Iter           N          b1        f_nl   sigma_fog   F(X)     
rank #0: 2018-07-15 19:58:03,358 LBFGS        INFO     options = {'factr': 100000.0, 'gtol': 1e-05, 'max_iter': 500, 'test_convergence': False}
rank #0: 2018-07-15 19:58:03,359 LBFGS        PARAM    0000          0.000000          2.000000          0.000000          4.000000        107.454162
rank #0: 2018-07-15 19:58:04,018 LBFGS        PARAM    0001          0.755235          2.065792          0.652853          3.975273        100.865488
rank #0: 2018-07-15 19:58:04,593 LBFGS        PARAM    0002       -128.237565          2.235386          3.695270          3.943751         92.614719
rank #0: 2018-07-15 19:58:05,182 LBFGS        PARAM    0003       -249.919717          2.266291          5.236056          3.954039         90.236218
rank #0: 2018-07-15 19:58:05,775 LBFGS        PARAM    0004       -492.850254          2.296974         10.374714          3.829346         87.902292
rank #0: 2018-07-15 19:58:06,367 LBFGS        PARAM    0005       -539.763543          2.301226         13.034479          3.715351         87.590176
rank #0: 2018-07-15 19:58:06,943 LBFGS        PARAM    0006       -666.059771          2.298546         26.992363          3.138731         86.641251
rank #0: 2018-07-15 19:58:07,537 LBFGS        PARAM    0007       -659.839384          2.284736         44.557197          2.938642         86.260724
rank #0: 2018-07-15 19:58:08,133 LBFGS        PARAM    0008       -623.511735          2.262395         67.010392          2.841108         86.049255
rank #0: 2018-07-15 19:58:08,713 LBFGS        PARAM    0009       -611.795353          2.259504         75.033491          2.895896         85.985893
rank #0: 2018-07-15 19:58:09,306 LBFGS        PARAM    0010       -603.843864          2.258064         80.038655          3.007228         85.952383
rank #0: 2018-07-15 19:58:09,898 LBFGS        PARAM    0011       -604.358479          2.259941         79.263819          3.010043         85.951696
rank #0: 2018-07-15 19:58:10,491 LBFGS        PARAM    0012       -604.453883          2.259715         79.190127          3.009216         85.951669
rank #0: 2018-07-15 19:58:11,069 LBFGS        PARAM    0013       -604.493189          2.259716         79.216017          3.009122         85.951669
rank #0: 2018-07-15 19:58:11,661 LBFGS        PARAM    0014       -604.499547          2.259719         79.213140          3.009123         85.951669
rank #0: 2018-07-15 19:58:12,254 LBFGS        PARAM    0015       -604.500255          2.259719         79.213048          3.009122         85.951669
rank #0: 2018-07-15 19:58:12,835 LBFGS        PARAM    0016       -604.500241          2.259719         79.213053          3.009122         85.951669
rank #0: 2018-07-15 19:58:13,491 LBFGS        PARAM    0017       -604.500233          2.259719         79.213055          3.009122         85.951669
rank #0: 2018-07-15 19:58:27,953 LBFGS        PARAM    0018       -604.500237          2.259719         79.213054          3.009122         85.951669
rank #0: 2018-07-15 19:58:53,563 LBFGS        INFO     Linesearch failed in both LBFGS and gradient directions
rank #0: 2018-07-15 19:58:53,564 LBFGS        PARAM    0018       -604.500237          2.259719         79.213054          3.009122         85.951669
rank #0: 2018-07-15 19:58:53,565 rsdfit.lbfgs_fitter WARNING  ...LBFGS optimization finished. Time elapsed: 0:00:50.21
rank #0: 2018-07-15 19:58:53,566 rsdfit.lbfgs_fitter ERROR    nonlinear fit with method L-BFGS-B failed: Linesearch failed in both LBFGS and gradient directions
rank #0: 2018-07-15 19:58:53,567 rsdfit.fitting_driver INFO     rank 48 on nid00608     ...fitting complete
rank #0: 2018-07-15 19:58:53,570 rsdfit.fitting_driver INFO     rank 48 on nid00608     Saving the results to `/global/cscratch1/sd/nhand/eBOSS/fits/results/mocks/ezmock/v1.8e-fph/0.0001-0.3/basemodel-N-fnl/0.8-2.2/QSO-S-0408-P0+P2-mock-cov-a8bcb55756/2018-07-15_nlopt_18i_chain0__1.npz`
rank #0: 2018-07-15 19:58:53,596 pyRSD.analysis.lbfgs_results INFO     
minimum chi2 = 85.9516687526

Free parameters [ mean ]
_______________
N              : -604.500237276
b1             : 2.25971925679
f_nl           : 79.213054424
sigma_fog      : 3.0091224595

Constrained parameters [ mean ]
_________________________
b1sigma8       : 0.900076031864
