rank #0: 2018-06-03 11:15:35,214 rsdfit.fitting_driver INFO     rank 60 on nid00536     Calling the 'nlopt' solve function
rank #0: 2018-06-03 11:15:35,215 rsdfit.lbfgs_fitter INFO     running LBFGS for 500 iterations and then stopping
rank #0: 2018-06-03 11:15:35,215 rsdfit.lbfgs_fitter INFO     running LBFGS minimizer with priors
rank #0: 2018-06-03 11:15:35,215 root         INFO     Iter           N          b1        f_nl   sigma_fog   F(X)     
rank #0: 2018-06-03 11:15:35,763 LBFGS        INFO     options = {'factr': 100000.0, 'gtol': 1e-05, 'max_iter': 500, 'test_convergence': False}
rank #0: 2018-06-03 11:15:35,764 LBFGS        PARAM    0000          0.000000          2.000000          0.000000          4.000000         99.929424
rank #0: 2018-06-03 11:15:36,385 LBFGS        PARAM    0001         58.578721          2.156331          1.392473          3.982639         84.186054
rank #0: 2018-06-03 11:15:36,942 LBFGS        PARAM    0002        -49.201129          2.490260          7.654086          4.120100         71.946455
rank #0: 2018-06-03 11:15:37,498 LBFGS        PARAM    0003       -172.494139          2.486041          8.433551          4.252938         69.039649
rank #0: 2018-06-03 11:15:38,058 LBFGS        PARAM    0004       -417.888442          2.548596         11.944909          4.543278         67.091327
rank #0: 2018-06-03 11:15:38,616 LBFGS        PARAM    0005       -401.221198          2.543915         13.029956          4.592228         67.033235
rank #0: 2018-06-03 11:15:39,176 LBFGS        PARAM    0006       -292.517067          2.530646         24.239348          5.030033         66.781582
rank #0: 2018-06-03 11:15:39,734 LBFGS        PARAM    0007       -283.937194          2.529076         33.526842          5.090962         66.737674
rank #0: 2018-06-03 11:15:40,293 LBFGS        PARAM    0008       -285.171379          2.523351         43.327387          5.087671         66.722181
rank #0: 2018-06-03 11:15:40,855 LBFGS        PARAM    0009       -288.709609          2.521637         42.199811          5.050476         66.718813
rank #0: 2018-06-03 11:15:41,419 LBFGS        PARAM    0010       -290.035405          2.520820         42.539306          5.031502         66.718453
rank #0: 2018-06-03 11:15:41,978 LBFGS        PARAM    0011       -290.044446          2.520834         42.543488          5.031472         66.718453
rank #0: 2018-06-03 11:15:42,535 LBFGS        PARAM    0012       -290.045790          2.520833         42.544058          5.031472         66.718453
rank #0: 2018-06-03 11:15:43,094 LBFGS        PARAM    0013       -290.045648          2.520833         42.544051          5.031472         66.718453
rank #0: 2018-06-03 11:15:43,655 LBFGS        PARAM    0014       -290.045642          2.520833         42.544051          5.031472         66.718453
rank #0: 2018-06-03 11:16:07,902 LBFGS        INFO     Linesearch failed in both LBFGS and gradient directions
rank #0: 2018-06-03 11:16:07,903 LBFGS        PARAM    0014       -290.045642          2.520833         42.544051          5.031472         66.718453
rank #0: 2018-06-03 11:16:07,903 rsdfit.lbfgs_fitter WARNING  ...LBFGS optimization finished. Time elapsed: 0:00:32.14
rank #0: 2018-06-03 11:16:07,904 rsdfit.lbfgs_fitter ERROR    nonlinear fit with method L-BFGS-B failed: Linesearch failed in both LBFGS and gradient directions
rank #0: 2018-06-03 11:16:07,905 rsdfit.fitting_driver INFO     rank 60 on nid00536     ...fitting complete
rank #0: 2018-06-03 11:16:07,908 rsdfit.fitting_driver INFO     rank 60 on nid00536     Saving the results to `/global/cscratch1/sd/nhand/eBOSS/fits/results/mocks/ezmock/v1.8e-fph/0.0001-0.3/basemodel-N-fnl/0.8-2.2/QSO-S-0604-P0+P2-mock-cov-f224d44da7/2018-06-03_nlopt_14i_chain0__1.npz`
rank #0: 2018-06-03 11:16:07,965 pyRSD.analysis.lbfgs_results INFO     
minimum chi2 = 66.7184533608

Free parameters [ mean ]
_______________
N              : -290.045642248
b1             : 2.52083259291
f_nl           : 42.5440510543
sigma_fog      : 5.0314721106

Constrained parameters [ mean ]
_________________________
b1sigma8       : 0.91313003228
