rank #0: 2018-06-03 08:57:14,965 rsdfit.fitting_driver INFO     rank 52 on nid00616     Calling the 'nlopt' solve function
rank #0: 2018-06-03 08:57:14,966 rsdfit.lbfgs_fitter INFO     running LBFGS for 500 iterations and then stopping
rank #0: 2018-06-03 08:57:14,967 rsdfit.lbfgs_fitter INFO     running LBFGS minimizer with priors
rank #0: 2018-06-03 08:57:14,967 root         INFO     Iter           N          b1        f_nl   sigma_fog   F(X)     
rank #0: 2018-06-03 08:57:15,505 LBFGS        INFO     options = {'factr': 100000.0, 'gtol': 1e-05, 'max_iter': 500, 'test_convergence': False}
rank #0: 2018-06-03 08:57:15,506 LBFGS        PARAM    0000          0.000000          2.000000          0.000000          4.000000        130.558876
rank #0: 2018-06-03 08:57:16,118 LBFGS        PARAM    0001         38.854522          2.109098          2.218325          3.987119        106.338176
rank #0: 2018-06-03 08:57:16,667 LBFGS        PARAM    0002        -42.755668          2.365846         10.158718          4.081318         84.463617
rank #0: 2018-06-03 08:57:17,218 LBFGS        PARAM    0003       -139.138075          2.370399         11.432094          4.181530         80.038609
rank #0: 2018-06-03 08:57:17,769 LBFGS        PARAM    0004       -364.911360          2.426561         16.238062          4.435020         76.249502
rank #0: 2018-06-03 08:57:18,321 LBFGS        PARAM    0005       -349.679961          2.419900         16.565439          4.459876         76.192516
rank #0: 2018-06-03 08:57:18,874 LBFGS        PARAM    0006       -318.143946          2.412002         18.139940          4.551448         76.099856
rank #0: 2018-06-03 08:57:19,423 LBFGS        PARAM    0007       -295.053353          2.411678         19.977977          4.664998         76.041544
rank #0: 2018-06-03 08:57:19,976 LBFGS        PARAM    0008       -292.232446          2.415499         19.670419          4.712591         76.030578
rank #0: 2018-06-03 08:57:20,524 LBFGS        PARAM    0009       -292.734385          2.416629         19.383395          4.718961         76.030024
rank #0: 2018-06-03 08:57:21,074 LBFGS        PARAM    0010       -292.866273          2.416916         19.193286          4.719997         76.029903
rank #0: 2018-06-03 08:57:21,623 LBFGS        PARAM    0011       -292.582159          2.416897         18.987858          4.720569         76.029831
rank #0: 2018-06-03 08:57:22,173 LBFGS        PARAM    0012       -292.544966          2.416882         18.981445          4.720447         76.029831
rank #0: 2018-06-03 08:57:22,721 LBFGS        PARAM    0013       -292.544270          2.416879         18.982047          4.720432         76.029831
rank #0: 2018-06-03 08:57:23,269 LBFGS        PARAM    0014       -292.544006          2.416879         18.982189          4.720432         76.029831
rank #0: 2018-06-03 08:57:23,818 LBFGS        PARAM    0015       -292.543985          2.416879         18.982193          4.720432         76.029831
rank #0: 2018-06-03 08:57:47,979 LBFGS        INFO     Linesearch failed in both LBFGS and gradient directions
rank #0: 2018-06-03 08:57:47,980 LBFGS        PARAM    0015       -292.543985          2.416879         18.982193          4.720432         76.029831
rank #0: 2018-06-03 08:57:47,981 rsdfit.lbfgs_fitter WARNING  ...LBFGS optimization finished. Time elapsed: 0:00:32.48
rank #0: 2018-06-03 08:57:47,982 rsdfit.lbfgs_fitter ERROR    nonlinear fit with method L-BFGS-B failed: Linesearch failed in both LBFGS and gradient directions
rank #0: 2018-06-03 08:57:47,983 rsdfit.fitting_driver INFO     rank 52 on nid00616     ...fitting complete
rank #0: 2018-06-03 08:57:47,988 rsdfit.fitting_driver INFO     rank 52 on nid00616     Saving the results to `/global/cscratch1/sd/nhand/eBOSS/fits/results/mocks/ezmock/v1.8e-fph/0.0001-0.3/basemodel-N-fnl/0.8-2.2/QSO-N-0715-P0+P2-mock-cov-1ab4f6001f/2018-06-03_nlopt_15i_chain0__1.npz`
rank #0: 2018-06-03 08:57:48,118 pyRSD.analysis.lbfgs_results INFO     
minimum chi2 = 76.0298305964

Free parameters [ mean ]
_______________
N              : -292.543985216
b1             : 2.41687864411
f_nl           : 18.9821932444
sigma_fog      : 4.72043178776

Constrained parameters [ mean ]
_________________________
b1sigma8       : 0.90605229608
