rank #0: 2018-12-30 15:58:58,033 rsdfit.fitting_driver INFO     rank 6 on nid00555     Calling the 'nlopt' solve function
rank #0: 2018-12-30 15:58:58,034 rsdfit.lbfgs_fitter INFO     running LBFGS for 500 iterations and then stopping
rank #0: 2018-12-30 15:58:58,035 rsdfit.lbfgs_fitter INFO     running LBFGS minimizer with priors
rank #0: 2018-12-30 15:58:58,035 root         INFO     Iter           N          b1        f_nl   sigma_fog   F(X)     
rank #0: 2018-12-30 15:58:58,036 rsdfit.lbfgs_fitter INFO     computing gradient using numerical derivative of lnlike()
rank #0: 2018-12-30 15:58:58,631 LBFGS        INFO     options = {'factr': 100000.0, 'gtol': 1e-05, 'max_iter': 500, 'test_convergence': False}
rank #0: 2018-12-30 15:58:58,632 LBFGS        PARAM    0000          0.000000          2.000000          0.000000          4.000000         83.955189
rank #0: 2018-12-30 15:58:59,318 LBFGS        PARAM    0001         -3.818777          2.050174          1.333989          3.988072         79.500472
rank #0: 2018-12-30 15:58:59,919 LBFGS        PARAM    0002       -138.955605          2.211721          7.994848          3.997413         72.085026
rank #0: 2018-12-30 15:59:00,544 LBFGS        PARAM    0003       -252.585604          2.237797         11.054732          4.030152         70.122076
rank #0: 2018-12-30 15:59:01,169 LBFGS        PARAM    0004       -418.943359          2.252631         18.087692          4.000740         68.786098
rank #0: 2018-12-30 15:59:01,794 LBFGS        PARAM    0005       -439.675093          2.252708         20.801106          3.948772         68.651136
rank #0: 2018-12-30 15:59:02,397 LBFGS        PARAM    0006       -500.228587          2.238304         36.239463          3.597664         68.204785
rank #0: 2018-12-30 15:59:03,022 LBFGS        PARAM    0007       -483.223804          2.230967         33.976015          3.519346         68.153785
rank #0: 2018-12-30 15:59:03,647 LBFGS        PARAM    0008       -482.334691          2.231380         34.762927          3.516263         68.151848
rank #0: 2018-12-30 15:59:04,246 LBFGS        PARAM    0009       -480.572116          2.230962         35.062379          3.520678         68.151291
rank #0: 2018-12-30 15:59:04,872 LBFGS        PARAM    0010       -476.684137          2.230040         35.304533          3.530365         68.150859
rank #0: 2018-12-30 15:59:05,497 LBFGS        PARAM    0011       -476.582401          2.229980         35.296160          3.530550         68.150857
rank #0: 2018-12-30 15:59:06,101 LBFGS        PARAM    0012       -476.576275          2.229981         35.293033          3.530575         68.150857
rank #0: 2018-12-30 15:59:06,719 LBFGS        PARAM    0013       -476.577445          2.229981         35.293036          3.530570         68.150857
rank #0: 2018-12-30 15:59:07,340 LBFGS        PARAM    0014       -476.577391          2.229981         35.293036          3.530570         68.150857
rank #0: 2018-12-30 15:59:07,960 LBFGS        PARAM    0015       -476.577392          2.229981         35.293035          3.530570         68.150857
rank #0: 2018-12-30 15:59:07,962 LBFGS        INFO     LBFGS iteration 15: the descent direction does not have a sufficient projection (cos(theta)=-1.86e-01, theta=100.7339) into the gradient; using steepest descent at this step!
rank #0: 2018-12-30 15:59:20,576 LBFGS        INFO     Linesearch failed in both LBFGS and gradient directions
rank #0: 2018-12-30 15:59:20,578 LBFGS        PARAM    0015       -476.577392          2.229981         35.293035          3.530570         68.150857
rank #0: 2018-12-30 15:59:20,579 rsdfit.lbfgs_fitter WARNING  ...LBFGS optimization finished. Time elapsed: 0:00:21.95
rank #0: 2018-12-30 15:59:20,580 rsdfit.lbfgs_fitter ERROR    nonlinear fit with method L-BFGS-B failed: Linesearch failed in both LBFGS and gradient directions
rank #0: 2018-12-30 15:59:20,581 rsdfit.fitting_driver INFO     rank 6 on nid00555     ...fitting complete
rank #0: 2018-12-30 15:59:20,585 rsdfit.fitting_driver INFO     rank 6 on nid00555     Saving the results to `/global/cscratch1/sd/nhand/eBOSS/fits/results/mocks/ezmock/v1.8e-fph/0.0001-0.3/basemodel-N-fnl/0.8-2.2/QSO-S-0930-P0+P2-mock-cov-175f5c9b57/2018-12-30_nlopt_15i_chain0__1.npz`
rank #0: 2018-12-30 15:59:21,355 pyRSD.analysis.lbfgs_results INFO     
minimum chi2 = 68.1508574807

Free parameters [ mean ]
_______________
N              : -476.577391964
b1             : 2.22998102766
f_nl           : 35.2930354683
sigma_fog      : 3.53057048254

Constrained parameters [ mean ]
_________________________
b1sigma8       : 0.888230902346
