rank #0: 2018-06-24 13:05:47,729 rsdfit.fitting_driver INFO     rank 39 on nid00544     Calling the 'nlopt' solve function
rank #0: 2018-06-24 13:05:47,730 rsdfit.lbfgs_fitter INFO     running LBFGS for 500 iterations and then stopping
rank #0: 2018-06-24 13:05:47,731 rsdfit.lbfgs_fitter INFO     running LBFGS minimizer with priors
rank #0: 2018-06-24 13:05:47,732 root         INFO     Iter           N          b1        f_nl   sigma_fog   F(X)     
rank #0: 2018-06-24 13:05:48,316 LBFGS        INFO     options = {'factr': 100000.0, 'gtol': 1e-05, 'max_iter': 500, 'test_convergence': False}
rank #0: 2018-06-24 13:05:48,317 LBFGS        PARAM    0000          0.000000          2.000000          0.000000          4.000000         89.533152
rank #0: 2018-06-24 13:05:48,971 LBFGS        PARAM    0001        -17.288002          2.042566          1.243280          4.007937         84.833924
rank #0: 2018-06-24 13:05:49,574 LBFGS        PARAM    0002       -178.049893          2.164682          6.679092          4.098025         76.582902
rank #0: 2018-06-24 13:05:50,178 LBFGS        PARAM    0003       -293.022823          2.183739          9.437999          4.164671         74.586581
rank #0: 2018-06-24 13:05:50,769 LBFGS        PARAM    0004       -336.283119          2.181557         11.937267          4.173225         74.297258
rank #0: 2018-06-24 13:05:51,376 LBFGS        PARAM    0005       -344.582978          2.180788         13.513796          4.164289         74.242851
rank #0: 2018-06-24 13:05:51,982 LBFGS        PARAM    0006       -377.655435          2.173408         25.017606          4.079923         73.938093
rank #0: 2018-06-24 13:05:52,589 LBFGS        PARAM    0007       -397.004824          2.161572         41.079474          3.950474         73.613618
rank #0: 2018-06-24 13:05:53,178 LBFGS        PARAM    0008       -371.436918          2.146306         60.159418          3.889021         73.302216
rank #0: 2018-06-24 13:05:53,780 LBFGS        PARAM    0009       -343.455504          2.139354         63.902011          3.901259         73.251306
rank #0: 2018-06-24 13:05:54,383 LBFGS        PARAM    0010       -338.760213          2.140084         63.331887          3.915237         73.249097
rank #0: 2018-06-24 13:05:54,970 LBFGS        PARAM    0011       -337.588361          2.140163         63.151769          3.920959         73.248732
rank #0: 2018-06-24 13:05:55,573 LBFGS        PARAM    0012       -336.293186          2.139957         63.563169          3.933601         73.248099
rank #0: 2018-06-24 13:05:56,175 LBFGS        PARAM    0013       -336.248135          2.139838         63.553999          3.933572         73.248092
rank #0: 2018-06-24 13:05:56,774 LBFGS        PARAM    0014       -336.278636          2.139854         63.557969          3.933538         73.248092
rank #0: 2018-06-24 13:05:57,366 LBFGS        PARAM    0015       -336.281940          2.139854         63.558794          3.933528         73.248092
rank #0: 2018-06-24 13:05:57,972 LBFGS        PARAM    0016       -336.282315          2.139854         63.558931          3.933526         73.248092
rank #0: 2018-06-24 13:05:58,573 LBFGS        PARAM    0017       -336.282313          2.139854         63.558932          3.933526         73.248092
rank #0: 2018-06-24 13:06:13,070 LBFGS        PARAM    0018       -336.282310          2.139854         63.558932          3.933526         73.248092
rank #0: 2018-06-24 13:06:13,073 LBFGS        INFO     LBFGS iteration 18: the descent direction does not have a sufficient projection (cos(theta)=-8.61e-01, theta=149.4620) into the gradient; using steepest descent at this step!
rank #0: 2018-06-24 13:06:13,731 LBFGS        PARAM    0019       -336.282300          2.139854         63.558932          3.933526         73.248092
rank #0: 2018-06-24 13:06:39,751 LBFGS        INFO     Linesearch failed in both LBFGS and gradient directions
rank #0: 2018-06-24 13:06:39,753 LBFGS        PARAM    0019       -336.282300          2.139854         63.558932          3.933526         73.248092
rank #0: 2018-06-24 13:06:39,754 rsdfit.lbfgs_fitter WARNING  ...LBFGS optimization finished. Time elapsed: 0:00:51.44
rank #0: 2018-06-24 13:06:39,755 rsdfit.lbfgs_fitter ERROR    nonlinear fit with method L-BFGS-B failed: Linesearch failed in both LBFGS and gradient directions
rank #0: 2018-06-24 13:06:39,757 rsdfit.fitting_driver INFO     rank 39 on nid00544     ...fitting complete
rank #0: 2018-06-24 13:06:39,761 rsdfit.fitting_driver INFO     rank 39 on nid00544     Saving the results to `/global/cscratch1/sd/nhand/eBOSS/fits/results/mocks/ezmock/v1.8e-fph/0.005-0.3/basemodel-N-fnl/0.8-2.2/QSO-N-0928-P0+P2-mock-cov-8973e9cf3e/2018-06-24_nlopt_19i_chain0__1.npz`
rank #0: 2018-06-24 13:06:39,787 pyRSD.analysis.lbfgs_results INFO     
minimum chi2 = 73.2480916104

Free parameters [ mean ]
_______________
N              : -336.282299985
b1             : 2.13985359816
f_nl           : 63.5589318521
sigma_fog      : 3.9335258604

Constrained parameters [ mean ]
_________________________
b1sigma8       : 0.852331956556
