rank #0: 2017-11-27 22:35:23,814 rsdfit.fitting_driver INFO     rank 170 on nid00482     Calling the 'nlopt' solve function
rank #0: 2017-11-27 22:35:23,814 rsdfit.lbfgs_fitter INFO     running LBFGS for 500 iterations and then stopping
rank #0: 2017-11-27 22:35:23,815 rsdfit.lbfgs_fitter INFO     running LBFGS minimizer with priors
rank #0: 2017-11-27 22:35:23,815 root         INFO     Iter           N          b1        f_nl   sigma_fog   F(X)     
rank #0: 2017-11-27 22:35:24,191 LBFGS        INFO     options = {'factr': 100000.0, 'gtol': 1e-05, 'max_iter': 500, 'test_convergence': False}
rank #0: 2017-11-27 22:35:24,192 LBFGS        PARAM    0000          0.000000          2.000000          0.000000          4.000000         31.943936
rank #0: 2017-11-27 22:35:24,606 LBFGS        PARAM    0001          8.756228          2.057888          1.159759          3.998174         29.458002
rank #0: 2017-11-27 22:35:24,977 LBFGS        PARAM    0002         24.844780          2.197736          6.832304          3.999395         27.229869
rank #0: 2017-11-27 22:35:25,349 LBFGS        PARAM    0003         22.639521          2.177865          7.586167          4.004518         27.154263
rank #0: 2017-11-27 22:35:25,722 LBFGS        PARAM    0004         20.895867          2.174061          9.561543          4.011361         27.121530
rank #0: 2017-11-27 22:35:26,094 LBFGS        PARAM    0005        -21.768687          2.111175         61.192999          4.185376         26.600282
rank #0: 2017-11-27 22:35:26,468 LBFGS        PARAM    0006        -40.748762          2.101047         88.786355          4.277981         26.323691
rank #0: 2017-11-27 22:35:26,841 LBFGS        PARAM    0007        -60.862122          2.120296        110.140537          4.395106         26.152040
rank #0: 2017-11-27 22:35:27,214 LBFGS        PARAM    0008        -52.111319          2.124281         98.070611          4.350002         26.131412
rank #0: 2017-11-27 22:35:27,590 LBFGS        PARAM    0009        -59.147850          2.123931         99.748069          4.370257         26.128414
rank #0: 2017-11-27 22:35:27,964 LBFGS        PARAM    0010        -94.632070          2.124760        102.877770          4.462381         26.117463
rank #0: 2017-11-27 22:35:28,339 LBFGS        PARAM    0011       -202.297872          2.129754        106.722285          4.731604         26.089842
rank #0: 2017-11-27 22:35:28,713 LBFGS        PARAM    0012       -498.242521          2.147045        109.546255          5.458801         26.019980
rank #0: 2017-11-27 22:35:29,089 LBFGS        PARAM    0013      -1286.884233          2.200058        104.927924          7.378534         25.847219
rank #0: 2017-11-27 22:35:29,463 LBFGS        PARAM    0014      -2626.283799          2.306250         78.816929         10.591344         25.648089
rank #0: 2017-11-27 22:35:29,838 LBFGS        PARAM    0015      -2387.483607          2.306231         67.025228          9.955723         25.480070
rank #0: 2017-11-27 22:35:30,213 LBFGS        PARAM    0016      -2469.014855          2.318221         57.859945         10.093043         25.460164
rank #0: 2017-11-27 22:35:30,588 LBFGS        PARAM    0017      -2360.795188          2.308467         58.992642          9.809516         25.457769
rank #0: 2017-11-27 22:35:30,963 LBFGS        PARAM    0018      -2400.002900          2.310173         58.712134          9.832702         25.456273
rank #0: 2017-11-27 22:35:31,337 LBFGS        PARAM    0019      -2654.092397          2.321116         57.167396          9.865158         25.448681
rank #0: 2017-11-27 22:35:31,711 LBFGS        PARAM    0020      -2909.667580          2.332508         55.859449          9.790930         25.441741
rank #0: 2017-11-27 22:35:32,085 LBFGS        PARAM    0021      -3337.888961          2.352450         53.921030          9.542553         25.431724
rank #0: 2017-11-27 22:35:32,458 LBFGS        PARAM    0022      -3489.548355          2.360328         53.355369          9.362440         25.428301
rank #0: 2017-11-27 22:35:32,834 LBFGS        PARAM    0023      -3467.862939          2.359815         53.449053          9.306257         25.427764
rank #0: 2017-11-27 22:35:33,207 LBFGS        PARAM    0024      -3443.256206          2.358723         53.549146          9.303400         25.427737
rank #0: 2017-11-27 22:35:33,580 LBFGS        PARAM    0025      -3440.082093          2.358573         53.562933          9.304598         25.427737
rank #0: 2017-11-27 22:35:33,955 LBFGS        PARAM    0026      -3439.895274          2.358564         53.563592          9.304769         25.427737
rank #0: 2017-11-27 22:35:34,330 LBFGS        PARAM    0027      -3440.012735          2.358570         53.562834          9.304769         25.427737
rank #0: 2017-11-27 22:35:34,704 LBFGS        PARAM    0028      -3439.990013          2.358569         53.563052          9.304754         25.427737
rank #0: 2017-11-27 22:35:35,202 LBFGS        PARAM    0029      -3439.990023          2.358569         53.563052          9.304754         25.427737
rank #0: 2017-11-27 22:35:44,463 LBFGS        PARAM    0030      -3439.990023          2.358569         53.563052          9.304754         25.427737
rank #0: 2017-11-27 22:36:00,473 LBFGS        INFO     Linesearch failed in both LBFGS and gradient directions
rank #0: 2017-11-27 22:36:00,473 LBFGS        PARAM    0030      -3439.990023          2.358569         53.563052          9.304754         25.427737
rank #0: 2017-11-27 22:36:00,473 rsdfit.lbfgs_fitter WARNING  ...LBFGS optimization finished. Time elapsed: 0:00:36.28
rank #0: 2017-11-27 22:36:00,474 rsdfit.lbfgs_fitter ERROR    nonlinear fit with method L-BFGS-B failed: Linesearch failed in both LBFGS and gradient directions
rank #0: 2017-11-27 22:36:00,474 rsdfit.fitting_driver INFO     rank 170 on nid00482     ...fitting complete
rank #0: 2017-11-27 22:36:00,559 rsdfit.fitting_driver INFO     rank 170 on nid00482     Saving the results to `/global/cscratch1/sd/nhand/eBOSS/fits/results/mocks/ezmock/v1.8e-fph/0.0001-0.05/basemodel-N-fnl/0.8-2.2/QSO-N-0984-P0+P2-mock-cov-a9f629560d/2017-11-27_nlopt_30i_chain0__1.npz`
rank #0: 2017-11-27 22:36:00,578 pyRSD.analysis.lbfgs_results INFO     
minimum chi2 = 25.4277366488

Free parameters [ mean ]
_______________
N              : -3439.99002348
b1             : 2.35856882039
f_nl           : 53.5630515234
sigma_fog      : 9.30475357147

Constrained parameters [ mean ]
_________________________
b1sigma8       : 0.93887630244
