rank #0: 2018-06-03 08:59:37,987 rsdfit.fitting_driver INFO     rank 45 on nid00616     Calling the 'nlopt' solve function
rank #0: 2018-06-03 08:59:37,988 rsdfit.lbfgs_fitter INFO     running LBFGS for 500 iterations and then stopping
rank #0: 2018-06-03 08:59:37,989 rsdfit.lbfgs_fitter INFO     running LBFGS minimizer with priors
rank #0: 2018-06-03 08:59:37,990 root         INFO     Iter           N          b1        f_nl   sigma_fog   F(X)     
rank #0: 2018-06-03 08:59:38,528 LBFGS        INFO     options = {'factr': 100000.0, 'gtol': 1e-05, 'max_iter': 500, 'test_convergence': False}
rank #0: 2018-06-03 08:59:38,530 LBFGS        PARAM    0000          0.000000          2.000000          0.000000          4.000000        127.553725
rank #0: 2018-06-03 08:59:39,143 LBFGS        PARAM    0001         32.497927          2.099788          2.236805          3.999567        107.499344
rank #0: 2018-06-03 08:59:39,695 LBFGS        PARAM    0002        -46.028056          2.338153         10.644657          4.141826         87.949871
rank #0: 2018-06-03 08:59:40,248 LBFGS        PARAM    0003       -143.982069          2.353041         12.804732          4.266718         83.589883
rank #0: 2018-06-03 08:59:40,801 LBFGS        PARAM    0004       -343.290818          2.401562         19.292689          4.581062         79.918962
rank #0: 2018-06-03 08:59:41,355 LBFGS        PARAM    0005       -323.949485          2.392844         20.396279          4.633322         79.738840
rank #0: 2018-06-03 08:59:41,908 LBFGS        PARAM    0006       -249.470920          2.376820         26.468440          4.892786         79.315605
rank #0: 2018-06-03 08:59:42,461 LBFGS        PARAM    0007       -230.423292          2.381679         27.290974          5.003760         79.257063
rank #0: 2018-06-03 08:59:43,014 LBFGS        PARAM    0008       -228.678318          2.383549         26.966576          5.023329         79.253935
rank #0: 2018-06-03 08:59:43,568 LBFGS        PARAM    0009       -228.052205          2.384477         26.466649          5.032052         79.252621
rank #0: 2018-06-03 08:59:44,122 LBFGS        PARAM    0010       -227.788361          2.384611         25.866427          5.034915         79.251889
rank #0: 2018-06-03 08:59:44,676 LBFGS        PARAM    0011       -227.942385          2.384575         25.811200          5.034202         79.251878
rank #0: 2018-06-03 08:59:45,230 LBFGS        PARAM    0012       -227.959770          2.384564         25.811463          5.034047         79.251878
rank #0: 2018-06-03 08:59:45,781 LBFGS        PARAM    0013       -227.960637          2.384563         25.812091          5.034033         79.251878
rank #0: 2018-06-03 08:59:46,331 LBFGS        PARAM    0014       -227.960543          2.384562         25.812139          5.034033         79.251878
rank #0: 2018-06-03 08:59:46,882 LBFGS        PARAM    0015       -227.960529          2.384562         25.812140          5.034033         79.251878
rank #0: 2018-06-03 09:00:11,034 LBFGS        INFO     Linesearch failed in both LBFGS and gradient directions
rank #0: 2018-06-03 09:00:11,035 LBFGS        PARAM    0015       -227.960529          2.384562         25.812140          5.034033         79.251878
rank #0: 2018-06-03 09:00:11,036 rsdfit.lbfgs_fitter WARNING  ...LBFGS optimization finished. Time elapsed: 0:00:32.51
rank #0: 2018-06-03 09:00:11,037 rsdfit.lbfgs_fitter ERROR    nonlinear fit with method L-BFGS-B failed: Linesearch failed in both LBFGS and gradient directions
rank #0: 2018-06-03 09:00:11,038 rsdfit.fitting_driver INFO     rank 45 on nid00616     ...fitting complete
rank #0: 2018-06-03 09:00:11,041 rsdfit.fitting_driver INFO     rank 45 on nid00616     Saving the results to `/global/cscratch1/sd/nhand/eBOSS/fits/results/mocks/ezmock/v1.8e-fph/0.0001-0.3/basemodel-N-fnl/0.8-2.2/QSO-N-0919-P0+P2-mock-cov-1ab4f6001f/2018-06-03_nlopt_15i_chain0__1.npz`
rank #0: 2018-06-03 09:00:11,064 pyRSD.analysis.lbfgs_results INFO     
minimum chi2 = 79.2518778607

Free parameters [ mean ]
_______________
N              : -227.960529126
b1             : 2.38456248452
f_nl           : 25.8121400741
sigma_fog      : 5.03403329041

Constrained parameters [ mean ]
_________________________
b1sigma8       : 0.893937442625
