rank #0: 2018-07-15 20:10:15,077 rsdfit.fitting_driver INFO     rank 2 on nid00567     Calling the 'nlopt' solve function
rank #0: 2018-07-15 20:10:15,077 rsdfit.lbfgs_fitter INFO     running LBFGS for 500 iterations and then stopping
rank #0: 2018-07-15 20:10:15,077 rsdfit.lbfgs_fitter INFO     running LBFGS minimizer with priors
rank #0: 2018-07-15 20:10:15,078 root         INFO     Iter           N          b1        f_nl   sigma_fog   F(X)     
rank #0: 2018-07-15 20:10:15,657 LBFGS        INFO     options = {'factr': 100000.0, 'gtol': 1e-05, 'max_iter': 500, 'test_convergence': False}
rank #0: 2018-07-15 20:10:15,658 LBFGS        PARAM    0000          0.000000          2.000000          0.000000          4.000000        145.658274
rank #0: 2018-07-15 20:10:16,319 LBFGS        PARAM    0001         36.454210          2.154629          1.372123          3.996580        117.457424
rank #0: 2018-07-15 20:10:16,899 LBFGS        PARAM    0002       -110.924090          2.499065          8.142937          4.209193         91.242888
rank #0: 2018-07-15 20:10:17,496 LBFGS        PARAM    0003       -288.063947          2.529666          9.878408          4.387623         83.057887
rank #0: 2018-07-15 20:10:18,093 LBFGS        PARAM    0004       -575.531290          2.591985         14.346408          4.714175         78.050709
rank #0: 2018-07-15 20:10:18,690 LBFGS        PARAM    0005       -559.419365          2.581740         15.544118          4.733268         77.978193
rank #0: 2018-07-15 20:10:19,271 LBFGS        PARAM    0006       -526.907365          2.570286         20.004471          4.812528         77.835891
rank #0: 2018-07-15 20:10:19,870 LBFGS        PARAM    0007       -474.279321          2.559881         31.387968          5.008120         77.630101
rank #0: 2018-07-15 20:10:20,469 LBFGS        PARAM    0008       -475.825036          2.563471         40.193233          5.038949         77.566006
rank #0: 2018-07-15 20:10:21,053 LBFGS        PARAM    0009       -482.852959          2.565120         39.793623          5.019691         77.564049
rank #0: 2018-07-15 20:10:21,658 LBFGS        PARAM    0010       -484.810081          2.565011         39.980920          5.009880         77.563587
rank #0: 2018-07-15 20:10:22,256 LBFGS        PARAM    0011       -485.587719          2.564124         40.413086          5.000138         77.563310
rank #0: 2018-07-15 20:10:22,850 LBFGS        PARAM    0012       -485.536039          2.564101         40.408887          5.000040         77.563310
rank #0: 2018-07-15 20:10:23,433 LBFGS        PARAM    0013       -485.527469          2.564099         40.410459          5.000068         77.563310
rank #0: 2018-07-15 20:10:24,032 LBFGS        PARAM    0014       -485.526423          2.564099         40.410450          5.000073         77.563310
rank #0: 2018-07-15 20:10:24,627 LBFGS        PARAM    0015       -485.526395          2.564099         40.410455          5.000073         77.563310
rank #0: 2018-07-15 20:10:25,205 LBFGS        PARAM    0016       -485.526410          2.564099         40.410454          5.000073         77.563310
rank #0: 2018-07-15 20:10:25,207 LBFGS        INFO     LBFGS iteration 16: the descent direction does not have a sufficient projection (cos(theta)=-5.04e-01, theta=120.2735) into the gradient; using steepest descent at this step!
rank #0: 2018-07-15 20:10:25,933 LBFGS        PARAM    0017       -485.526415          2.564099         40.410454          5.000073         77.563310
rank #0: 2018-07-15 20:10:51,613 LBFGS        INFO     Linesearch failed in both LBFGS and gradient directions
rank #0: 2018-07-15 20:10:51,613 LBFGS        PARAM    0017       -485.526415          2.564099         40.410454          5.000073         77.563310
rank #0: 2018-07-15 20:10:51,614 rsdfit.lbfgs_fitter WARNING  ...LBFGS optimization finished. Time elapsed: 0:00:35.96
rank #0: 2018-07-15 20:10:51,614 rsdfit.lbfgs_fitter ERROR    nonlinear fit with method L-BFGS-B failed: Linesearch failed in both LBFGS and gradient directions
rank #0: 2018-07-15 20:10:51,615 rsdfit.fitting_driver INFO     rank 2 on nid00567     ...fitting complete
rank #0: 2018-07-15 20:10:51,620 rsdfit.fitting_driver INFO     rank 2 on nid00567     Saving the results to `/global/cscratch1/sd/nhand/eBOSS/fits/results/mocks/ezmock/v1.8e-fph/0.0001-0.3/basemodel-N-fnl/0.8-2.2/QSO-N-0142-P0+P2-mock-cov-f224d44da7/2018-07-15_nlopt_17i_chain0__1.npz`
rank #0: 2018-07-15 20:10:51,662 pyRSD.analysis.lbfgs_results INFO     
minimum chi2 = 77.5633100854

Free parameters [ mean ]
_______________
N              : -485.526415182
b1             : 2.56409884728
f_nl           : 40.4104543737
sigma_fog      : 5.00007301765

Constrained parameters [ mean ]
_________________________
b1sigma8       : 0.928802519363
