rank #0: 2018-10-04 21:19:47,406 rsdfit.fitting_driver INFO     rank 44 on nid01694     Calling the 'nlopt' solve function
rank #0: 2018-10-04 21:19:47,407 rsdfit.lbfgs_fitter INFO     running LBFGS for 500 iterations and then stopping
rank #0: 2018-10-04 21:19:47,408 rsdfit.lbfgs_fitter INFO     running LBFGS minimizer with priors
rank #0: 2018-10-04 21:19:47,408 root         INFO     Iter           N          b1        f_nl   sigma_fog   F(X)     
rank #0: 2018-10-04 21:19:47,409 rsdfit.lbfgs_fitter INFO     computing gradient using numerical derivative of lnlike()
rank #0: 2018-10-04 21:19:48,559 LBFGS        INFO     options = {'factr': 100000.0, 'gtol': 1e-05, 'max_iter': 500, 'test_convergence': False}
rank #0: 2018-10-04 21:19:48,560 LBFGS        PARAM    0000          0.000000          2.000000          0.000000          4.000000         95.047035
rank #0: 2018-10-04 21:19:49,888 LBFGS        PARAM    0001         10.410136          2.085928          1.773400          3.983069         86.554620
rank #0: 2018-10-04 21:19:51,091 LBFGS        PARAM    0002        -90.557488          2.299748          8.520959          4.036701         77.009274
rank #0: 2018-10-04 21:19:52,281 LBFGS        PARAM    0003       -223.637640          2.334392         10.421001          4.107352         74.444301
rank #0: 2018-10-04 21:19:53,487 LBFGS        PARAM    0004       -449.898327          2.366158         11.866290          4.165133         72.674857
rank #0: 2018-10-04 21:19:54,681 LBFGS        PARAM    0005       -460.234533          2.370136         11.587434          4.130073         72.633314
rank #0: 2018-10-04 21:19:55,886 LBFGS        PARAM    0006       -513.018410          2.378011          8.936621          3.894659         72.489541
rank #0: 2018-10-04 21:19:57,080 LBFGS        PARAM    0007       -523.011900          2.374764          7.252743          3.831259         72.473237
rank #0: 2018-10-04 21:19:58,271 LBFGS        PARAM    0008       -523.015885          2.373831          6.851236          3.827020         72.472573
rank #0: 2018-10-04 21:19:59,482 LBFGS        PARAM    0009       -522.882843          2.373725          6.642395          3.827119         72.472408
rank #0: 2018-10-04 21:20:00,670 LBFGS        PARAM    0010       -522.851326          2.374048          6.034673          3.828984         72.472019
rank #0: 2018-10-04 21:20:01,877 LBFGS        PARAM    0011       -523.258686          2.375024          5.430733          3.832206         72.471713
rank #0: 2018-10-04 21:20:03,067 LBFGS        PARAM    0012       -523.616680          2.375651          5.249467          3.833789         72.471650
rank #0: 2018-10-04 21:20:04,259 LBFGS        PARAM    0013       -523.670108          2.375719          5.266957          3.833894         72.471648
rank #0: 2018-10-04 21:20:05,475 LBFGS        PARAM    0014       -523.671921          2.375718          5.277644          3.833879         72.471648
rank #0: 2018-10-04 21:20:06,666 LBFGS        PARAM    0015       -523.671166          2.375716          5.278735          3.833875         72.471648
rank #0: 2018-10-04 21:20:07,880 LBFGS        PARAM    0016       -523.671053          2.375716          5.278762          3.833875         72.471648
rank #0: 2018-10-04 21:20:09,069 LBFGS        PARAM    0017       -523.671056          2.375716          5.278765          3.833875         72.471648
rank #0: 2018-10-04 21:20:10,260 LBFGS        PARAM    0018       -523.671058          2.375716          5.278764          3.833875         72.471648
rank #0: 2018-10-04 21:21:02,884 LBFGS        INFO     Linesearch failed in both LBFGS and gradient directions
rank #0: 2018-10-04 21:21:02,885 LBFGS        PARAM    0018       -523.671058          2.375716          5.278764          3.833875         72.471648
rank #0: 2018-10-04 21:21:02,886 rsdfit.lbfgs_fitter WARNING  ...LBFGS optimization finished. Time elapsed: 0:01:14.33
rank #0: 2018-10-04 21:21:02,887 rsdfit.lbfgs_fitter ERROR    nonlinear fit with method L-BFGS-B failed: Linesearch failed in both LBFGS and gradient directions
rank #0: 2018-10-04 21:21:02,889 rsdfit.fitting_driver INFO     rank 44 on nid01694     ...fitting complete
rank #0: 2018-10-04 21:21:02,893 rsdfit.fitting_driver INFO     rank 44 on nid01694     Saving the results to `/global/cscratch1/sd/nhand/eBOSS/fits/results/mocks/ezmock/v1.8e-fph/0.0001-0.3/basemodel-N-fnl/0.8-2.2/QSO-S-0657-P0+P2-mock-cov-96ccb1008d/2018-10-04_nlopt_18i_chain0__1.npz`
rank #0: 2018-10-04 21:21:02,946 pyRSD.analysis.lbfgs_results INFO     
minimum chi2 = 72.4716477098

Free parameters [ mean ]
_______________
N              : -523.671058039
b1             : 2.37571628338
f_nl           : 5.27876352985
sigma_fog      : 3.83387480906

Constrained parameters [ mean ]
_________________________
b1sigma8       : 0.890621131779
