rank #0: 2018-06-24 11:33:07,089 rsdfit.fitting_driver INFO     rank 13 on nid00618     Calling the 'nlopt' solve function
rank #0: 2018-06-24 11:33:07,090 rsdfit.lbfgs_fitter INFO     running LBFGS for 500 iterations and then stopping
rank #0: 2018-06-24 11:33:07,090 rsdfit.lbfgs_fitter INFO     running LBFGS minimizer with priors
rank #0: 2018-06-24 11:33:07,091 root         INFO     Iter           N          b1        f_nl   sigma_fog   F(X)     
rank #0: 2018-06-24 11:33:07,670 LBFGS        INFO     options = {'factr': 100000.0, 'gtol': 1e-05, 'max_iter': 500, 'test_convergence': False}
rank #0: 2018-06-24 11:33:07,671 LBFGS        PARAM    0000          0.000000          2.000000          0.000000          4.000000         82.816656
rank #0: 2018-06-24 11:33:08,333 LBFGS        PARAM    0001         27.325207          2.062582          1.005456          3.975961         75.951148
rank #0: 2018-06-24 11:33:08,928 LBFGS        PARAM    0002         -5.873238          2.198097          3.807625          3.958952         70.358342
rank #0: 2018-06-24 11:33:09,508 LBFGS        PARAM    0003        -53.893775          2.206973          4.200471          3.985764         69.679568
rank #0: 2018-06-24 11:33:10,102 LBFGS        PARAM    0004       -202.559932          2.244203          5.306377          4.047786         68.812912
rank #0: 2018-06-24 11:33:10,697 LBFGS        PARAM    0005       -206.974396          2.243147          4.730725          4.022152         68.796288
rank #0: 2018-06-24 11:33:11,278 LBFGS        PARAM    0006       -233.265791          2.244144          1.783944          3.891254         68.755752
rank #0: 2018-06-24 11:33:11,874 LBFGS        PARAM    0007       -235.725533          2.246310          0.241559          3.889221         68.752848
rank #0: 2018-06-24 11:33:12,471 LBFGS        PARAM    0008       -236.978871          2.248731         -1.864578          3.894850         68.751249
rank #0: 2018-06-24 11:33:13,068 LBFGS        PARAM    0009       -236.605648          2.248805         -2.218966          3.897386         68.751170
rank #0: 2018-06-24 11:33:13,649 LBFGS        PARAM    0010       -236.420721          2.248754         -2.261814          3.898063         68.751167
rank #0: 2018-06-24 11:33:14,249 LBFGS        PARAM    0011       -236.406552          2.248744         -2.257174          3.898088         68.751167
rank #0: 2018-06-24 11:33:14,850 LBFGS        PARAM    0012       -236.405498          2.248743         -2.256247          3.898089         68.751167
rank #0: 2018-06-24 11:33:15,501 LBFGS        PARAM    0013       -236.405502          2.248743         -2.256239          3.898088         68.751167
rank #0: 2018-06-24 11:33:16,100 LBFGS        PARAM    0014       -236.405533          2.248743         -2.256228          3.898088         68.751167
rank #0: 2018-06-24 11:33:16,762 LBFGS        PARAM    0015       -236.405532          2.248743         -2.256228          3.898088         68.751167
rank #0: 2018-06-24 11:33:17,409 LBFGS        PARAM    0016       -236.405526          2.248743         -2.256230          3.898088         68.751167
rank #0: 2018-06-24 11:33:31,245 LBFGS        PARAM    0017       -236.405524          2.248743         -2.256230          3.898088         68.751167
rank #0: 2018-06-24 11:33:56,765 LBFGS        INFO     Linesearch failed in both LBFGS and gradient directions
rank #0: 2018-06-24 11:33:56,766 LBFGS        PARAM    0017       -236.405524          2.248743         -2.256230          3.898088         68.751167
rank #0: 2018-06-24 11:33:56,767 rsdfit.lbfgs_fitter WARNING  ...LBFGS optimization finished. Time elapsed: 0:00:49.10
rank #0: 2018-06-24 11:33:56,767 rsdfit.lbfgs_fitter ERROR    nonlinear fit with method L-BFGS-B failed: Linesearch failed in both LBFGS and gradient directions
rank #0: 2018-06-24 11:33:56,769 rsdfit.fitting_driver INFO     rank 13 on nid00618     ...fitting complete
rank #0: 2018-06-24 11:33:56,772 rsdfit.fitting_driver INFO     rank 13 on nid00618     Saving the results to `/global/cscratch1/sd/nhand/eBOSS/fits/results/mocks/ezmock/v1.8e-fph/0.0001-0.3/basemodel-N-fnl/0.8-2.2/QSO-S-0477-P0+P2-mock-cov-8973e9cf3e/2018-06-24_nlopt_17i_chain0__1.npz`
rank #0: 2018-06-24 11:33:56,799 pyRSD.analysis.lbfgs_results INFO     
minimum chi2 = 68.7511667805

Free parameters [ mean ]
_______________
N              : -236.405523535
b1             : 2.24874330601
f_nl           : -2.25623005477
sigma_fog      : 3.8980884017

Constrained parameters [ mean ]
_________________________
b1sigma8       : 0.895704165672
