rank #0: 2018-07-16 19:52:41,934 rsdfit.fitting_driver INFO     rank 3 on nid02210     Calling the 'nlopt' solve function
rank #0: 2018-07-16 19:52:41,934 rsdfit.lbfgs_fitter INFO     running LBFGS for 500 iterations and then stopping
rank #0: 2018-07-16 19:52:41,935 rsdfit.lbfgs_fitter INFO     running LBFGS minimizer with priors
rank #0: 2018-07-16 19:52:41,935 root         INFO     Iter           N          b1        f_nl   sigma_fog   F(X)     
rank #0: 2018-07-16 19:52:42,519 LBFGS        INFO     options = {'factr': 100000.0, 'gtol': 1e-05, 'max_iter': 500, 'test_convergence': False}
rank #0: 2018-07-16 19:52:42,520 LBFGS        PARAM    0000          0.000000          2.000000          0.000000          4.000000         92.244640
rank #0: 2018-07-16 19:52:43,185 LBFGS        PARAM    0001         24.230255          2.060702          1.109507          3.978645         85.855725
rank #0: 2018-07-16 19:52:43,768 LBFGS        PARAM    0002        -12.116155          2.194319          4.562758          3.970424         80.406542
rank #0: 2018-07-16 19:52:44,370 LBFGS        PARAM    0003        -64.066826          2.205541          5.497430          4.000473         79.633459
rank #0: 2018-07-16 19:52:44,967 LBFGS        PARAM    0004       -216.524044          2.241120          9.086955          4.067678         78.684325
rank #0: 2018-07-16 19:52:45,563 LBFGS        PARAM    0005       -219.317802          2.239209          9.886475          4.045528         78.667652
rank #0: 2018-07-16 19:52:46,145 LBFGS        PARAM    0006       -242.972731          2.231715         16.656423          3.882173         78.605770
rank #0: 2018-07-16 19:52:46,744 LBFGS        PARAM    0007       -237.507260          2.228450         21.036138          3.891403         78.590598
rank #0: 2018-07-16 19:52:47,344 LBFGS        PARAM    0008       -229.676619          2.225388         25.242265          3.911575         78.585368
rank #0: 2018-07-16 19:52:47,925 LBFGS        PARAM    0009       -229.782147          2.225532         25.017396          3.911745         78.585355
rank #0: 2018-07-16 19:52:48,526 LBFGS        PARAM    0010       -229.783084          2.225531         25.023038          3.911733         78.585355
rank #0: 2018-07-16 19:52:49,126 LBFGS        PARAM    0011       -229.783015          2.225531         25.023065          3.911734         78.585355
rank #0: 2018-07-16 19:52:49,726 LBFGS        PARAM    0012       -229.783005          2.225531         25.023068          3.911734         78.585355
rank #0: 2018-07-16 19:52:50,380 LBFGS        PARAM    0013       -229.783005          2.225531         25.023068          3.911734         78.585355
rank #0: 2018-07-16 19:52:50,984 LBFGS        PARAM    0014       -229.783005          2.225531         25.023069          3.911734         78.585355
rank #0: 2018-07-16 19:52:51,654 LBFGS        PARAM    0015       -229.783005          2.225531         25.023069          3.911734         78.585355
rank #0: 2018-07-16 19:53:05,409 LBFGS        PARAM    0016       -229.783008          2.225531         25.023069          3.911734         78.585355
rank #0: 2018-07-16 19:53:30,948 LBFGS        INFO     Linesearch failed in both LBFGS and gradient directions
rank #0: 2018-07-16 19:53:30,949 LBFGS        PARAM    0016       -229.783008          2.225531         25.023069          3.911734         78.585355
rank #0: 2018-07-16 19:53:30,950 rsdfit.lbfgs_fitter WARNING  ...LBFGS optimization finished. Time elapsed: 0:00:48.43
rank #0: 2018-07-16 19:53:30,951 rsdfit.lbfgs_fitter ERROR    nonlinear fit with method L-BFGS-B failed: Linesearch failed in both LBFGS and gradient directions
rank #0: 2018-07-16 19:53:30,952 rsdfit.fitting_driver INFO     rank 3 on nid02210     ...fitting complete
rank #0: 2018-07-16 19:53:30,958 rsdfit.fitting_driver INFO     rank 3 on nid02210     Saving the results to `/global/cscratch1/sd/nhand/eBOSS/fits/results/mocks/ezmock/v1.8e-fph/0.005-0.3/basemodel-N-fnl/0.8-2.2/QSO-S-0645-P0+P2-mock-cov-8973e9cf3e/2018-07-16_nlopt_16i_chain0__1.npz`
rank #0: 2018-07-16 19:53:31,004 pyRSD.analysis.lbfgs_results INFO     
minimum chi2 = 78.5853548914

Free parameters [ mean ]
_______________
N              : -229.783008224
b1             : 2.22553068712
f_nl           : 25.0230689524
sigma_fog      : 3.91173355808

Constrained parameters [ mean ]
_________________________
b1sigma8       : 0.886458272919
