rank #0: 2018-06-03 08:59:18,198 rsdfit.fitting_driver INFO     rank 36 on nid00680     Calling the 'nlopt' solve function
rank #0: 2018-06-03 08:59:18,199 rsdfit.lbfgs_fitter INFO     running LBFGS for 500 iterations and then stopping
rank #0: 2018-06-03 08:59:18,199 rsdfit.lbfgs_fitter INFO     running LBFGS minimizer with priors
rank #0: 2018-06-03 08:59:18,199 root         INFO     Iter           N          b1        f_nl   sigma_fog   F(X)     
rank #0: 2018-06-03 08:59:18,743 LBFGS        INFO     options = {'factr': 100000.0, 'gtol': 1e-05, 'max_iter': 500, 'test_convergence': False}
rank #0: 2018-06-03 08:59:18,744 LBFGS        PARAM    0000          0.000000          2.000000          0.000000          4.000000         98.026015
rank #0: 2018-06-03 08:59:19,363 LBFGS        PARAM    0001         37.160692          2.113755          1.925075          3.956219         83.812587
rank #0: 2018-06-03 08:59:19,919 LBFGS        PARAM    0002        -62.223312          2.387861          7.996996          3.909472         71.049878
rank #0: 2018-06-03 08:59:20,479 LBFGS        PARAM    0003       -168.439157          2.385116          7.295713          3.944888         68.515951
rank #0: 2018-06-03 08:59:21,038 LBFGS        PARAM    0004       -440.917008          2.442933          6.072491          3.978584         66.119641
rank #0: 2018-06-03 08:59:21,595 LBFGS        PARAM    0005       -478.798084          2.451009          2.302876          3.874075         65.787097
rank #0: 2018-06-03 08:59:22,152 LBFGS        PARAM    0006       -618.463316          2.466984        -11.331638          3.220639         64.990125
rank #0: 2018-06-03 08:59:22,707 LBFGS        PARAM    0007       -614.604118          2.468231        -11.199322          3.228742         64.989714
rank #0: 2018-06-03 08:59:23,263 LBFGS        PARAM    0008       -614.270346          2.467270        -11.196575          3.228324         64.989485
rank #0: 2018-06-03 08:59:23,819 LBFGS        PARAM    0009       -614.115874          2.467206        -11.202170          3.228122         64.989484
rank #0: 2018-06-03 08:59:24,374 LBFGS        PARAM    0010       -614.082321          2.467204        -11.206908          3.228150         64.989483
rank #0: 2018-06-03 08:59:24,932 LBFGS        PARAM    0011       -614.068149          2.467209        -11.213579          3.228212         64.989483
rank #0: 2018-06-03 08:59:25,490 LBFGS        PARAM    0012       -614.075481          2.467214        -11.216313          3.228251         64.989483
rank #0: 2018-06-03 08:59:26,045 LBFGS        PARAM    0013       -614.077324          2.467214        -11.216414          3.228253         64.989483
rank #0: 2018-06-03 08:59:26,600 LBFGS        PARAM    0014       -614.077279          2.467214        -11.216395          3.228253         64.989483
rank #0: 2018-06-03 08:59:27,280 LBFGS        PARAM    0015       -614.077279          2.467214        -11.216395          3.228253         64.989483
rank #0: 2018-06-03 08:59:51,667 LBFGS        INFO     Linesearch failed in both LBFGS and gradient directions
rank #0: 2018-06-03 08:59:51,668 LBFGS        PARAM    0015       -614.077279          2.467214        -11.216395          3.228253         64.989483
rank #0: 2018-06-03 08:59:51,669 rsdfit.lbfgs_fitter WARNING  ...LBFGS optimization finished. Time elapsed: 0:00:32.93
rank #0: 2018-06-03 08:59:51,670 rsdfit.lbfgs_fitter ERROR    nonlinear fit with method L-BFGS-B failed: Linesearch failed in both LBFGS and gradient directions
rank #0: 2018-06-03 08:59:51,671 rsdfit.fitting_driver INFO     rank 36 on nid00680     ...fitting complete
rank #0: 2018-06-03 08:59:51,673 rsdfit.fitting_driver INFO     rank 36 on nid00680     Saving the results to `/global/cscratch1/sd/nhand/eBOSS/fits/results/mocks/ezmock/v1.8e-fph/0.0001-0.3/basemodel-N-fnl/0.8-2.2/QSO-S-0449-P0+P2-mock-cov-1ab4f6001f/2018-06-03_nlopt_15i_chain0__1.npz`
rank #0: 2018-06-03 08:59:51,697 pyRSD.analysis.lbfgs_results INFO     
minimum chi2 = 64.9894834066

Free parameters [ mean ]
_______________
N              : -614.077279174
b1             : 2.46721440599
f_nl           : -11.2163951167
sigma_fog      : 3.22825343671

Constrained parameters [ mean ]
_________________________
b1sigma8       : 0.924922433702
