rank #0: 2017-11-27 22:52:51,327 rsdfit.fitting_driver INFO     rank 165 on nid00499     Calling the 'nlopt' solve function
rank #0: 2017-11-27 22:52:51,327 rsdfit.lbfgs_fitter INFO     running LBFGS for 500 iterations and then stopping
rank #0: 2017-11-27 22:52:51,327 rsdfit.lbfgs_fitter INFO     running LBFGS minimizer with priors
rank #0: 2017-11-27 22:52:51,327 root         INFO     Iter          b1        f_nl   sigma_fog   F(X)     
rank #0: 2017-11-27 22:52:51,624 LBFGS        INFO     options = {'factr': 100000.0, 'gtol': 1e-05, 'max_iter': 500, 'test_convergence': False}
rank #0: 2017-11-27 22:52:51,625 LBFGS        PARAM    0000          2.000000          0.000000          4.000000         31.724295
rank #0: 2017-11-27 22:52:51,961 LBFGS        PARAM    0001          2.066985          1.486969          3.994068         29.848597
rank #0: 2017-11-27 22:52:52,254 LBFGS        PARAM    0002          2.236439         10.149780          3.970574         28.092907
rank #0: 2017-11-27 22:52:52,547 LBFGS        PARAM    0003          2.207817         11.454009          3.967992         27.993295
rank #0: 2017-11-27 22:52:52,841 LBFGS        PARAM    0004          2.199889         15.242223          3.959373         27.934713
rank #0: 2017-11-27 22:52:53,136 LBFGS        PARAM    0005          2.144217         62.409902          3.849892         27.493713
rank #0: 2017-11-27 22:52:53,431 LBFGS        PARAM    0006          2.142950         84.701099          3.786631         27.354979
rank #0: 2017-11-27 22:52:53,727 LBFGS        PARAM    0007          2.157948         85.059409          3.762129         27.325754
rank #0: 2017-11-27 22:52:54,024 LBFGS        PARAM    0008          2.161055         82.741904          3.759834         27.324348
rank #0: 2017-11-27 22:52:54,321 LBFGS        PARAM    0009          2.161600         82.421301          3.725078         27.321052
rank #0: 2017-11-27 22:52:54,619 LBFGS        PARAM    0010          2.167011         77.107394          2.086109         27.215356
rank #0: 2017-11-27 22:52:54,917 LBFGS        PARAM    0011          2.159712         79.163749          0.615600         27.161237
rank #0: 2017-11-27 22:52:55,216 LBFGS        PARAM    0012          2.159711         79.164031          0.615551         27.161235
rank #0: 2017-11-27 22:52:55,514 LBFGS        PARAM    0013          2.159711         79.164408          0.615500         27.161234
rank #0: 2017-11-27 22:52:55,812 LBFGS        PARAM    0014          2.159710         79.164811          0.615450         27.161232
rank #0: 2017-11-27 22:52:56,110 LBFGS        PARAM    0015          2.159709         79.165222          0.615400         27.161231
rank #0: 2017-11-27 22:52:56,407 LBFGS        PARAM    0016          2.159709         79.165637          0.615350         27.161229
rank #0: 2017-11-27 22:52:56,704 LBFGS        PARAM    0017          2.159708         79.166053          0.615301         27.161227
rank #0: 2017-11-27 22:52:57,001 LBFGS        PARAM    0018          2.159707         79.166470          0.615251         27.161225
rank #0: 2017-11-27 22:52:57,298 LBFGS        PARAM    0019          2.159707         79.166887          0.615201         27.161224
rank #0: 2017-11-27 22:52:57,595 LBFGS        PARAM    0020          2.159706         79.167303          0.615152         27.161222
rank #0: 2017-11-27 22:52:57,892 LBFGS        PARAM    0021          2.159705         79.167720          0.615102         27.161220
rank #0: 2017-11-27 22:52:58,191 LBFGS        PARAM    0022          2.159704         79.168136          0.615053         27.161219
rank #0: 2017-11-27 22:52:58,490 LBFGS        PARAM    0023          2.159704         79.168552          0.615003         27.161217
rank #0: 2017-11-27 22:52:58,789 LBFGS        PARAM    0024          2.159703         79.168968          0.614954         27.161215
rank #0: 2017-11-27 22:52:59,087 LBFGS        PARAM    0025          2.159702         79.169384          0.614904         27.161214
rank #0: 2017-11-27 22:52:59,386 LBFGS        PARAM    0026          2.159702         79.169801          0.614855         27.161212
rank #0: 2017-11-27 22:52:59,685 LBFGS        PARAM    0027          2.159701         79.170217          0.614805         27.161210
rank #0: 2017-11-27 22:52:59,984 LBFGS        PARAM    0028          2.159700         79.170633          0.614756         27.161209
rank #0: 2017-11-27 22:53:00,281 LBFGS        PARAM    0029          2.159700         79.171049          0.614706         27.161207
rank #0: 2017-11-27 22:53:00,579 LBFGS        PARAM    0030          2.159699         79.171464          0.614657         27.161205
rank #0: 2017-11-27 22:53:00,877 LBFGS        PARAM    0031          2.159698         79.171879          0.614608         27.161204
rank #0: 2017-11-27 22:53:01,174 LBFGS        PARAM    0032          2.159697         79.172295          0.614558         27.161202
rank #0: 2017-11-27 22:53:01,471 LBFGS        PARAM    0033          2.159697         79.172711          0.614509         27.161200
rank #0: 2017-11-27 22:53:01,765 LBFGS        PARAM    0034          2.159696         79.173126          0.614459         27.161199
rank #0: 2017-11-27 22:53:02,058 LBFGS        PARAM    0035          2.159695         79.173541          0.614410         27.161197
rank #0: 2017-11-27 22:53:02,352 LBFGS        PARAM    0036          2.159695         79.173957          0.614361         27.161195
rank #0: 2017-11-27 22:53:02,645 LBFGS        PARAM    0037          2.159694         79.174371          0.614311         27.161193
rank #0: 2017-11-27 22:53:02,938 LBFGS        PARAM    0038          2.159693         79.174786          0.614262         27.161192
rank #0: 2017-11-27 22:53:03,232 LBFGS        PARAM    0039          2.159693         79.175201          0.614213         27.161190
rank #0: 2017-11-27 22:53:03,527 LBFGS        PARAM    0040          2.159692         79.175616          0.614163         27.161188
rank #0: 2017-11-27 22:53:03,822 LBFGS        PARAM    0041          2.159691         79.176030          0.614114         27.161187
rank #0: 2017-11-27 22:53:04,117 LBFGS        PARAM    0042          2.159691         79.176445          0.614065         27.161185
rank #0: 2017-11-27 22:53:04,411 LBFGS        PARAM    0043          2.159690         79.176859          0.614016         27.161183
rank #0: 2017-11-27 22:53:04,704 LBFGS        PARAM    0044          2.159689         79.177274          0.613966         27.161182
rank #0: 2017-11-27 22:53:04,998 LBFGS        PARAM    0045          2.159688         79.177687          0.613917         27.161180
rank #0: 2017-11-27 22:53:05,292 LBFGS        PARAM    0046          2.159688         79.178102          0.613868         27.161178
rank #0: 2017-11-27 22:53:05,588 LBFGS        PARAM    0047          2.159687         79.178516          0.613819         27.161177
rank #0: 2017-11-27 22:53:05,883 LBFGS        PARAM    0048          2.159686         79.178931          0.613769         27.161175
rank #0: 2017-11-27 22:53:06,179 LBFGS        PARAM    0049          2.159686         79.179343          0.613720         27.161173
rank #0: 2017-11-27 22:53:06,474 LBFGS        PARAM    0050          2.159685         79.179758          0.613671         27.161172
rank #0: 2017-11-27 22:53:06,770 LBFGS        PARAM    0051          2.159684         79.180172          0.613622         27.161170
rank #0: 2017-11-27 22:53:07,065 LBFGS        PARAM    0052          2.159684         79.180585          0.613573         27.161168
rank #0: 2017-11-27 22:53:07,359 LBFGS        PARAM    0053          2.159683         79.180999          0.613524         27.161167
rank #0: 2017-11-27 22:53:07,652 LBFGS        PARAM    0054          2.159682         79.181411          0.613474         27.161165
rank #0: 2017-11-27 22:53:07,946 LBFGS        PARAM    0055          2.159682         79.181825          0.613425         27.161163
rank #0: 2017-11-27 22:53:08,237 LBFGS        PARAM    0056          2.159681         79.182238          0.613376         27.161162
rank #0: 2017-11-27 22:53:08,529 LBFGS        PARAM    0057          2.159680         79.182652          0.613327         27.161160
rank #0: 2017-11-27 22:53:08,822 LBFGS        PARAM    0058          2.159679         79.183065          0.613278         27.161158
rank #0: 2017-11-27 22:53:09,112 LBFGS        PARAM    0059          2.159679         79.183477          0.613229         27.161157
rank #0: 2017-11-27 22:53:09,402 LBFGS        PARAM    0060          2.159678         79.183890          0.613180         27.161155
rank #0: 2017-11-27 22:53:09,692 LBFGS        PARAM    0061          2.159677         79.184303          0.613131         27.161153
rank #0: 2017-11-27 22:53:09,983 LBFGS        PARAM    0062          2.159677         79.184716          0.613082         27.161152
rank #0: 2017-11-27 22:53:10,273 LBFGS        PARAM    0063          2.159676         79.185128          0.613033         27.161150
rank #0: 2017-11-27 22:53:10,562 LBFGS        PARAM    0064          2.159675         79.185540          0.612984         27.161148
rank #0: 2017-11-27 22:53:10,852 LBFGS        PARAM    0065          2.159675         79.185953          0.612935         27.161147
rank #0: 2017-11-27 22:53:11,142 LBFGS        PARAM    0066          2.159674         79.186365          0.612886         27.161145
rank #0: 2017-11-27 22:53:11,431 LBFGS        PARAM    0067          2.159673         79.186778          0.612837         27.161143
rank #0: 2017-11-27 22:53:11,719 LBFGS        PARAM    0068          2.159673         79.187189          0.612788         27.161142
rank #0: 2017-11-27 22:53:12,007 LBFGS        PARAM    0069          2.159672         79.187601          0.612739         27.161140
rank #0: 2017-11-27 22:53:12,296 LBFGS        PARAM    0070          2.159671         79.188013          0.612690         27.161138
rank #0: 2017-11-27 22:53:12,584 LBFGS        PARAM    0071          2.159671         79.188425          0.612641         27.161137
rank #0: 2017-11-27 22:53:12,873 LBFGS        PARAM    0072          2.159670         79.188837          0.612592         27.161135
rank #0: 2017-11-27 22:53:13,161 LBFGS        PARAM    0073          2.159669         79.189248          0.612543         27.161133
rank #0: 2017-11-27 22:53:13,450 LBFGS        PARAM    0074          2.159668         79.189660          0.612494         27.161132
rank #0: 2017-11-27 22:53:13,738 LBFGS        PARAM    0075          2.159668         79.190071          0.612445         27.161130
rank #0: 2017-11-27 22:53:14,028 LBFGS        PARAM    0076          2.159667         79.190483          0.612396         27.161128
rank #0: 2017-11-27 22:53:14,316 LBFGS        PARAM    0077          2.159666         79.190894          0.612347         27.161127
rank #0: 2017-11-27 22:53:14,605 LBFGS        PARAM    0078          2.159666         79.191305          0.612298         27.161125
rank #0: 2017-11-27 22:53:14,894 LBFGS        PARAM    0079          2.159665         79.191715          0.612250         27.161123
rank #0: 2017-11-27 22:53:15,183 LBFGS        PARAM    0080          2.159664         79.192127          0.612201         27.161122
rank #0: 2017-11-27 22:53:15,471 LBFGS        PARAM    0081          2.159664         79.192537          0.612152         27.161120
rank #0: 2017-11-27 22:53:15,760 LBFGS        PARAM    0082          2.159663         79.192948          0.612103         27.161118
rank #0: 2017-11-27 22:53:16,047 LBFGS        PARAM    0083          2.159662         79.193359          0.612054         27.161117
rank #0: 2017-11-27 22:53:16,337 LBFGS        PARAM    0084          2.159662         79.193769          0.612005         27.161115
rank #0: 2017-11-27 22:53:16,625 LBFGS        PARAM    0085          2.159661         79.194180          0.611957         27.161113
rank #0: 2017-11-27 22:53:16,914 LBFGS        PARAM    0086          2.159660         79.194590          0.611908         27.161112
rank #0: 2017-11-27 22:53:17,204 LBFGS        PARAM    0087          2.159660         79.195000          0.611859         27.161110
rank #0: 2017-11-27 22:53:17,492 LBFGS        PARAM    0088          2.159659         79.195410          0.611810         27.161109
rank #0: 2017-11-27 22:53:17,781 LBFGS        PARAM    0089          2.159658         79.195821          0.611762         27.161107
rank #0: 2017-11-27 22:53:18,071 LBFGS        PARAM    0090          2.159657         79.196231          0.611713         27.161105
rank #0: 2017-11-27 22:53:18,361 LBFGS        PARAM    0091          2.159657         79.196640          0.611664         27.161104
rank #0: 2017-11-27 22:53:18,650 LBFGS        PARAM    0092          2.159656         79.197050          0.611615         27.161102
rank #0: 2017-11-27 22:53:18,940 LBFGS        PARAM    0093          2.159655         79.197460          0.611567         27.161100
rank #0: 2017-11-27 22:53:19,229 LBFGS        PARAM    0094          2.159655         79.197870          0.611518         27.161099
rank #0: 2017-11-27 22:53:19,519 LBFGS        PARAM    0095          2.159654         79.198279          0.611469         27.161097
rank #0: 2017-11-27 22:53:19,809 LBFGS        PARAM    0096          2.159653         79.198689          0.611421         27.161095
rank #0: 2017-11-27 22:53:20,098 LBFGS        PARAM    0097          2.159653         79.199098          0.611372         27.161094
rank #0: 2017-11-27 22:53:20,389 LBFGS        PARAM    0098          2.159652         79.199507          0.611323         27.161092
rank #0: 2017-11-27 22:53:20,678 LBFGS        PARAM    0099          2.159651         79.199916          0.611275         27.161090
rank #0: 2017-11-27 22:53:20,969 LBFGS        PARAM    0100          2.159651         79.200325          0.611226         27.161089
rank #0: 2017-11-27 22:53:21,258 LBFGS        PARAM    0101          2.159650         79.200734          0.611178         27.161087
rank #0: 2017-11-27 22:53:21,547 LBFGS        PARAM    0102          2.159649         79.201142          0.611129         27.161085
rank #0: 2017-11-27 22:53:21,836 LBFGS        PARAM    0103          2.159649         79.201552          0.611080         27.161084
rank #0: 2017-11-27 22:53:22,125 LBFGS        PARAM    0104          2.159648         79.201961          0.611032         27.161082
rank #0: 2017-11-27 22:53:22,414 LBFGS        PARAM    0105          2.159647         79.202369          0.610983         27.161081
rank #0: 2017-11-27 22:53:22,704 LBFGS        PARAM    0106          2.159647         79.202777          0.610935         27.161079
rank #0: 2017-11-27 22:53:22,993 LBFGS        PARAM    0107          2.159646         79.203186          0.610886         27.161077
rank #0: 2017-11-27 22:53:23,282 LBFGS        PARAM    0108          2.159645         79.203594          0.610838         27.161076
rank #0: 2017-11-27 22:53:23,572 LBFGS        PARAM    0109          2.159644         79.204002          0.610789         27.161074
rank #0: 2017-11-27 22:53:23,863 LBFGS        PARAM    0110          2.159644         79.204410          0.610741         27.161072
rank #0: 2017-11-27 22:53:24,152 LBFGS        PARAM    0111          2.159643         79.204818          0.610692         27.161071
rank #0: 2017-11-27 22:53:24,442 LBFGS        PARAM    0112          2.159642         79.205222          0.610644         27.161069
rank #0: 2017-11-27 22:53:24,732 LBFGS        PARAM    0113          2.159642         79.205648          0.610594         27.161067
rank #0: 2017-11-27 22:53:25,022 LBFGS        PARAM    0114          2.143488         82.876508          0.147638         27.159218
rank #0: 2017-11-27 22:53:25,312 LBFGS        PARAM    0115          2.143489         82.876610          0.147628         27.159217
rank #0: 2017-11-27 22:53:25,643 LBFGS        PARAM    0116          2.143606         82.899551          0.145395         27.158947
rank #0: 2017-11-27 22:53:25,973 LBFGS        PARAM    0117          2.143722         82.922472          0.143190         27.158683
rank #0: 2017-11-27 22:53:26,305 LBFGS        PARAM    0118          2.143880         82.953089          0.140297         27.158333
rank #0: 2017-11-27 22:53:26,635 LBFGS        PARAM    0119          2.144112         82.997106          0.136225         27.157834
rank #0: 2017-11-27 22:53:26,966 LBFGS        PARAM    0120          2.144571         83.079941          0.128800         27.156904
rank #0: 2017-11-27 22:53:27,295 LBFGS        PARAM    0121          2.146570         83.390329          0.103011         27.153684
rank #0: 2017-11-27 22:53:27,584 LBFGS        PARAM    0122          2.153518         82.768764          0.213792         27.151574
rank #0: 2017-11-27 22:53:27,872 LBFGS        PARAM    0123          2.151476         83.960766          0.073039         27.151195
rank #0: 2017-11-27 22:53:28,203 LBFGS        PARAM    0124          2.150235         84.113314          0.139809         27.150743
rank #0: 2017-11-27 22:53:28,493 LBFGS        PARAM    0125          2.151780         84.296374          0.139501         27.150671
rank #0: 2017-11-27 22:53:28,782 LBFGS        PARAM    0126          2.151139         84.271515          0.136771         27.150611
rank #0: 2017-11-27 22:53:29,072 LBFGS        PARAM    0127          2.151013         84.313736          0.133263         27.150597
rank #0: 2017-11-27 22:53:29,362 LBFGS        PARAM    0128          2.150483         84.651351          0.106734         27.150544
rank #0: 2017-11-27 22:53:29,650 LBFGS        PARAM    0129          2.150688         84.629232          0.110124         27.150537
rank #0: 2017-11-27 22:53:29,938 LBFGS        PARAM    0130          2.150771         84.663901          0.107224         27.150535
rank #0: 2017-11-27 22:53:30,228 LBFGS        PARAM    0131          2.150780         84.646444          0.107437         27.150535
rank #0: 2017-11-27 22:53:30,517 LBFGS        PARAM    0132          2.150821         84.594117          0.106909         27.150534
rank #0: 2017-11-27 22:53:30,806 LBFGS        PARAM    0133          2.150827         84.591174          0.106697         27.150534
rank #0: 2017-11-27 22:53:46,788 LBFGS        INFO     Linesearch failed in both LBFGS and gradient directions
rank #0: 2017-11-27 22:53:46,789 LBFGS        PARAM    0133          2.150827         84.591174          0.106697         27.150534
rank #0: 2017-11-27 22:53:46,789 rsdfit.lbfgs_fitter WARNING  ...LBFGS optimization finished. Time elapsed: 0:00:55.16
rank #0: 2017-11-27 22:53:46,789 rsdfit.lbfgs_fitter ERROR    nonlinear fit with method L-BFGS-B failed: Linesearch failed in both LBFGS and gradient directions
rank #0: 2017-11-27 22:53:46,790 rsdfit.fitting_driver INFO     rank 165 on nid00499     ...fitting complete
rank #0: 2017-11-27 22:53:46,931 rsdfit.fitting_driver INFO     rank 165 on nid00499     Saving the results to `/global/cscratch1/sd/nhand/eBOSS/fits/results/mocks/ezmock/v1.8e-fph/0.0001-0.05/basemodel-fnl/0.8-2.2/QSO-S-0939-P0+P2-mock-cov-b6abb0373d/2017-11-27_nlopt_133i_chain0__1.npz`
rank #0: 2017-11-27 22:53:47,088 pyRSD.analysis.lbfgs_results INFO     
minimum chi2 = 27.1505339796

Free parameters [ mean ]
_______________
b1             : 2.15082664492
f_nl           : 84.5911741925
sigma_fog      : 0.106696609979

Constrained parameters [ mean ]
_________________________
b1sigma8       : 0.855995840822
