rank #0: 2018-07-15 19:25:33,650 rsdfit.fitting_driver INFO     rank 45 on nid00568     Calling the 'nlopt' solve function
rank #0: 2018-07-15 19:25:33,651 rsdfit.lbfgs_fitter INFO     running LBFGS for 500 iterations and then stopping
rank #0: 2018-07-15 19:25:33,652 rsdfit.lbfgs_fitter INFO     running LBFGS minimizer with priors
rank #0: 2018-07-15 19:25:33,652 root         INFO     Iter           N          b1        f_nl   sigma_fog   F(X)     
rank #0: 2018-07-15 19:25:34,229 LBFGS        INFO     options = {'factr': 100000.0, 'gtol': 1e-05, 'max_iter': 500, 'test_convergence': False}
rank #0: 2018-07-15 19:25:34,230 LBFGS        PARAM    0000          0.000000          2.000000          0.000000          4.000000         86.656239
rank #0: 2018-07-15 19:25:34,871 LBFGS        PARAM    0001         -5.470148          2.048568          1.141938          4.007751         80.066846
rank #0: 2018-07-15 19:25:35,461 LBFGS        PARAM    0002       -121.125394          2.180023          5.696151          4.108581         70.528723
rank #0: 2018-07-15 19:25:36,053 LBFGS        PARAM    0003       -219.969189          2.205161          7.794894          4.197598         67.990442
rank #0: 2018-07-15 19:25:36,645 LBFGS        PARAM    0004       -311.890233          2.211648         11.165214          4.300049         66.952020
rank #0: 2018-07-15 19:25:37,225 LBFGS        PARAM    0005       -311.960368          2.212024         12.218078          4.308419         66.920082
rank #0: 2018-07-15 19:25:37,820 LBFGS        PARAM    0006       -276.643691          2.201295         45.720301          4.529446         66.573734
rank #0: 2018-07-15 19:25:38,413 LBFGS        PARAM    0007       -276.565078          2.197229         34.491807          4.430079         66.403659
rank #0: 2018-07-15 19:25:38,992 LBFGS        PARAM    0008       -264.503318          2.190459         38.904854          4.433463         66.349106
rank #0: 2018-07-15 19:25:39,587 LBFGS        PARAM    0009       -262.516853          2.183886         43.650594          4.389514         66.313641
rank #0: 2018-07-15 19:25:40,183 LBFGS        PARAM    0010       -270.948939          2.183750         43.920068          4.345932         66.305571
rank #0: 2018-07-15 19:25:40,781 LBFGS        PARAM    0011       -273.787116          2.184227         43.762200          4.336678         66.305189
rank #0: 2018-07-15 19:25:41,364 LBFGS        PARAM    0012       -273.780887          2.184214         43.780519          4.336717         66.305188
rank #0: 2018-07-15 19:25:41,959 LBFGS        PARAM    0013       -273.780012          2.184215         43.779498          4.336722         66.305188
rank #0: 2018-07-15 19:25:42,554 LBFGS        PARAM    0014       -273.780040          2.184215         43.779495          4.336722         66.305188
rank #0: 2018-07-15 19:25:43,200 LBFGS        PARAM    0015       -273.780039          2.184215         43.779495          4.336722         66.305188
rank #0: 2018-07-15 19:25:43,795 LBFGS        PARAM    0016       -273.780033          2.184215         43.779497          4.336722         66.305188
rank #0: 2018-07-15 19:25:44,388 LBFGS        PARAM    0017       -273.780036          2.184215         43.779496          4.336722         66.305188
rank #0: 2018-07-15 19:25:44,980 LBFGS        PARAM    0018       -273.780053          2.184215         43.779491          4.336722         66.305188
rank #0: 2018-07-15 19:26:10,631 LBFGS        INFO     Linesearch failed in both LBFGS and gradient directions
rank #0: 2018-07-15 19:26:10,632 LBFGS        PARAM    0018       -273.780053          2.184215         43.779491          4.336722         66.305188
rank #0: 2018-07-15 19:26:10,633 rsdfit.lbfgs_fitter WARNING  ...LBFGS optimization finished. Time elapsed: 0:00:36.40
rank #0: 2018-07-15 19:26:10,634 rsdfit.lbfgs_fitter ERROR    nonlinear fit with method L-BFGS-B failed: Linesearch failed in both LBFGS and gradient directions
rank #0: 2018-07-15 19:26:10,635 rsdfit.fitting_driver INFO     rank 45 on nid00568     ...fitting complete
rank #0: 2018-07-15 19:26:10,639 rsdfit.fitting_driver INFO     rank 45 on nid00568     Saving the results to `/global/cscratch1/sd/nhand/eBOSS/fits/results/mocks/ezmock/v1.8e-fph/0.0001-0.3/basemodel-N-fnl/0.8-2.2/QSO-N-0625-P0+P2-mock-cov-8973e9cf3e/2018-07-15_nlopt_18i_chain0__1.npz`
rank #0: 2018-07-15 19:26:10,668 pyRSD.analysis.lbfgs_results INFO     
minimum chi2 = 66.3051884042

Free parameters [ mean ]
_______________
N              : -273.780053405
b1             : 2.18421473135
f_nl           : 43.7794911455
sigma_fog      : 4.336722272

Constrained parameters [ mean ]
_________________________
b1sigma8       : 0.870001581934
