rank #0: 2018-07-15 20:28:00,297 rsdfit.fitting_driver INFO     rank 11 on nid00567     Calling the 'nlopt' solve function
rank #0: 2018-07-15 20:28:00,298 rsdfit.lbfgs_fitter INFO     running LBFGS for 500 iterations and then stopping
rank #0: 2018-07-15 20:28:00,298 rsdfit.lbfgs_fitter INFO     running LBFGS minimizer with priors
rank #0: 2018-07-15 20:28:00,299 root         INFO     Iter           N          b1        f_nl   sigma_fog   F(X)     
rank #0: 2018-07-15 20:28:00,859 LBFGS        INFO     options = {'factr': 100000.0, 'gtol': 1e-05, 'max_iter': 500, 'test_convergence': False}
rank #0: 2018-07-15 20:28:00,860 LBFGS        PARAM    0000          0.000000          2.000000          0.000000          4.000000        130.424123
rank #0: 2018-07-15 20:28:01,523 LBFGS        PARAM    0001         27.645944          2.111627          2.024171          3.994173        106.521382
rank #0: 2018-07-15 20:28:02,118 LBFGS        PARAM    0002        -76.296004          2.375141          8.801764          4.131790         83.204093
rank #0: 2018-07-15 20:28:02,697 LBFGS        PARAM    0003       -200.264985          2.395296          9.447589          4.254931         77.414975
rank #0: 2018-07-15 20:28:03,292 LBFGS        PARAM    0004       -438.135003          2.450476          9.745476          4.524072         73.100945
rank #0: 2018-07-15 20:28:03,888 LBFGS        PARAM    0005       -428.089946          2.446211          7.763202          4.550824         73.003535
rank #0: 2018-07-15 20:28:04,485 LBFGS        PARAM    0006       -398.520517          2.447226         -0.260290          4.686380         72.745055
rank #0: 2018-07-15 20:28:05,065 LBFGS        PARAM    0007       -377.783327          2.459252         -7.844020          4.845370         72.598046
rank #0: 2018-07-15 20:28:05,661 LBFGS        PARAM    0008       -372.773084          2.465977         -9.846336          4.906630         72.579958
rank #0: 2018-07-15 20:28:06,257 LBFGS        PARAM    0009       -372.734620          2.466760         -9.831803          4.911447         72.579598
rank #0: 2018-07-15 20:28:06,839 LBFGS        PARAM    0010       -372.755032          2.466867         -9.728092          4.912087         72.579526
rank #0: 2018-07-15 20:28:07,436 LBFGS        PARAM    0011       -372.492631          2.466808         -9.533537          4.913302         72.579422
rank #0: 2018-07-15 20:28:08,035 LBFGS        PARAM    0012       -371.647820          2.466481         -9.308770          4.915939         72.579305
rank #0: 2018-07-15 20:28:08,635 LBFGS        PARAM    0013       -370.963146          2.466186         -9.255961          4.917783         72.579270
rank #0: 2018-07-15 20:28:09,215 LBFGS        PARAM    0014       -370.935256          2.466160         -9.261341          4.917802         72.579270
rank #0: 2018-07-15 20:28:09,811 LBFGS        PARAM    0015       -370.938795          2.466159         -9.263439          4.917779         72.579270
rank #0: 2018-07-15 20:28:10,408 LBFGS        PARAM    0016       -370.939458          2.466160         -9.263653          4.917777         72.579270
rank #0: 2018-07-15 20:28:10,990 LBFGS        PARAM    0017       -370.939466          2.466160         -9.263661          4.917777         72.579270
rank #0: 2018-07-15 20:28:11,586 LBFGS        PARAM    0018       -370.939480          2.466160         -9.263662          4.917777         72.579270
rank #0: 2018-07-15 20:28:12,250 LBFGS        PARAM    0019       -370.939480          2.466160         -9.263662          4.917777         72.579270
rank #0: 2018-07-15 20:28:12,906 LBFGS        PARAM    0020       -370.939480          2.466160         -9.263662          4.917777         72.579270
rank #0: 2018-07-15 20:28:12,907 LBFGS        INFO     LBFGS iteration 20: the descent direction does not have a sufficient projection (cos(theta)=-1.73e-01, theta=99.9379) into the gradient; using steepest descent at this step!
rank #0: 2018-07-15 20:28:13,558 LBFGS        PARAM    0021       -370.939482          2.466160         -9.263662          4.917777         72.579270
rank #0: 2018-07-15 20:28:38,958 LBFGS        INFO     Linesearch failed in both LBFGS and gradient directions
rank #0: 2018-07-15 20:28:38,959 LBFGS        PARAM    0021       -370.939482          2.466160         -9.263662          4.917777         72.579270
rank #0: 2018-07-15 20:28:38,960 rsdfit.lbfgs_fitter WARNING  ...LBFGS optimization finished. Time elapsed: 0:00:38.10
rank #0: 2018-07-15 20:28:38,961 rsdfit.lbfgs_fitter ERROR    nonlinear fit with method L-BFGS-B failed: Linesearch failed in both LBFGS and gradient directions
rank #0: 2018-07-15 20:28:38,962 rsdfit.fitting_driver INFO     rank 11 on nid00567     ...fitting complete
rank #0: 2018-07-15 20:28:38,966 rsdfit.fitting_driver INFO     rank 11 on nid00567     Saving the results to `/global/cscratch1/sd/nhand/eBOSS/fits/results/mocks/ezmock/v1.8e-fph/0.0001-0.3/basemodel-N-fnl/0.8-2.2/QSO-N-0354-P0+P2-mock-cov-1ab4f6001f/2018-07-15_nlopt_21i_chain0__1.npz`
rank #0: 2018-07-15 20:28:38,994 pyRSD.analysis.lbfgs_results INFO     
minimum chi2 = 72.5792696993

Free parameters [ mean ]
_______________
N              : -370.939481564
b1             : 2.46615968119
f_nl           : -9.26366180762
sigma_fog      : 4.91777653594

Constrained parameters [ mean ]
_________________________
b1sigma8       : 0.92452703287
