rank #0: 2018-07-15 19:56:23,917 rsdfit.fitting_driver INFO     rank 60 on nid00605     Calling the 'nlopt' solve function
rank #0: 2018-07-15 19:56:23,918 rsdfit.lbfgs_fitter INFO     running LBFGS for 500 iterations and then stopping
rank #0: 2018-07-15 19:56:23,918 rsdfit.lbfgs_fitter INFO     running LBFGS minimizer with priors
rank #0: 2018-07-15 19:56:23,918 root         INFO     Iter           N          b1        f_nl   sigma_fog   F(X)     
rank #0: 2018-07-15 19:56:24,504 LBFGS        INFO     options = {'factr': 100000.0, 'gtol': 1e-05, 'max_iter': 500, 'test_convergence': False}
rank #0: 2018-07-15 19:56:24,505 LBFGS        PARAM    0000          0.000000          2.000000          0.000000          4.000000         99.872472
rank #0: 2018-07-15 19:56:25,173 LBFGS        PARAM    0001        -12.347442          2.068869          0.811991          4.008020         88.188861
rank #0: 2018-07-15 19:56:25,756 LBFGS        PARAM    0002       -184.401248          2.242089          4.604455          4.126647         72.333295
rank #0: 2018-07-15 19:56:26,356 LBFGS        PARAM    0003       -321.802232          2.271630          6.739354          4.230522         67.829529
rank #0: 2018-07-15 19:56:26,954 LBFGS        PARAM    0004       -441.897207          2.279061         10.988216          4.315974         66.198242
rank #0: 2018-07-15 19:56:27,538 LBFGS        PARAM    0005       -447.245552          2.280219         12.742599          4.315178         66.117646
rank #0: 2018-07-15 19:56:28,135 LBFGS        PARAM    0006       -529.451590          2.284054         67.465617          4.227484         64.499936
rank #0: 2018-07-15 19:56:28,733 LBFGS        PARAM    0007       -515.392619          2.266023         93.742126          4.153910         63.795222
rank #0: 2018-07-15 19:56:29,333 LBFGS        PARAM    0008       -429.387353          2.234977        105.279698          4.142275         63.287951
rank #0: 2018-07-15 19:56:29,917 LBFGS        PARAM    0009       -429.913998          2.237623        106.205125          4.142610         63.282528
rank #0: 2018-07-15 19:56:30,518 LBFGS        PARAM    0010       -430.052444          2.237560        105.737298          4.144215         63.282247
rank #0: 2018-07-15 19:56:31,119 LBFGS        PARAM    0011       -429.823466          2.237518        105.696284          4.145912         63.282117
rank #0: 2018-07-15 19:56:31,705 LBFGS        PARAM    0012       -428.073919          2.237444        105.676607          4.156398         63.281648
rank #0: 2018-07-15 19:56:32,305 LBFGS        PARAM    0013       -427.432953          2.237496        105.801042          4.159299         63.281583
rank #0: 2018-07-15 19:56:32,906 LBFGS        PARAM    0014       -427.341358          2.237523        105.842745          4.159556         63.281579
rank #0: 2018-07-15 19:56:33,507 LBFGS        PARAM    0015       -427.348004          2.237525        105.845036          4.159500         63.281579
rank #0: 2018-07-15 19:56:34,092 LBFGS        PARAM    0016       -427.349164          2.237525        105.845063          4.159493         63.281579
rank #0: 2018-07-15 19:56:34,693 LBFGS        PARAM    0017       -427.349183          2.237525        105.845064          4.159493         63.281579
rank #0: 2018-07-15 19:56:48,978 LBFGS        PARAM    0018       -427.349185          2.237525        105.845062          4.159493         63.281579
rank #0: 2018-07-15 19:57:14,472 LBFGS        INFO     Linesearch failed in both LBFGS and gradient directions
rank #0: 2018-07-15 19:57:14,473 LBFGS        PARAM    0018       -427.349185          2.237525        105.845062          4.159493         63.281579
rank #0: 2018-07-15 19:57:14,473 rsdfit.lbfgs_fitter WARNING  ...LBFGS optimization finished. Time elapsed: 0:00:49.97
rank #0: 2018-07-15 19:57:14,474 rsdfit.lbfgs_fitter ERROR    nonlinear fit with method L-BFGS-B failed: Linesearch failed in both LBFGS and gradient directions
rank #0: 2018-07-15 19:57:14,475 rsdfit.fitting_driver INFO     rank 60 on nid00605     ...fitting complete
rank #0: 2018-07-15 19:57:14,478 rsdfit.fitting_driver INFO     rank 60 on nid00605     Saving the results to `/global/cscratch1/sd/nhand/eBOSS/fits/results/mocks/ezmock/v1.8e-fph/0.0001-0.3/basemodel-N-fnl/0.8-2.2/QSO-N-0282-P0+P2-mock-cov-a8bcb55756/2018-07-15_nlopt_18i_chain0__1.npz`
rank #0: 2018-07-15 19:57:14,503 pyRSD.analysis.lbfgs_results INFO     
minimum chi2 = 63.2815791457

Free parameters [ mean ]
_______________
N              : -427.349185499
b1             : 2.23752502047
f_nl           : 105.845062402
sigma_fog      : 4.1594928409

Constrained parameters [ mean ]
_________________________
b1sigma8       : 0.891235774342
