rank #0: 2018-12-30 16:14:17,040 rsdfit.fitting_driver INFO     rank 50 on nid00554     Calling the 'nlopt' solve function
rank #0: 2018-12-30 16:14:17,041 rsdfit.lbfgs_fitter INFO     running LBFGS for 500 iterations and then stopping
rank #0: 2018-12-30 16:14:17,042 rsdfit.lbfgs_fitter INFO     running LBFGS minimizer with priors
rank #0: 2018-12-30 16:14:17,042 root         INFO     Iter           N          b1        f_nl   sigma_fog   F(X)     
rank #0: 2018-12-30 16:14:17,043 rsdfit.lbfgs_fitter INFO     computing gradient using numerical derivative of lnlike()
rank #0: 2018-12-30 16:14:17,638 LBFGS        INFO     options = {'factr': 100000.0, 'gtol': 1e-05, 'max_iter': 500, 'test_convergence': False}
rank #0: 2018-12-30 16:14:17,639 LBFGS        PARAM    0000          0.000000          2.000000          0.000000          4.000000        100.472930
rank #0: 2018-12-30 16:14:18,320 LBFGS        PARAM    0001          1.743348          2.055167          0.537484          3.992397         91.997709
rank #0: 2018-12-30 16:14:18,935 LBFGS        PARAM    0002        -89.522649          2.186038          2.773058          4.023807         82.471482
rank #0: 2018-12-30 16:14:19,528 LBFGS        PARAM    0003       -175.682352          2.208631          3.844671          4.065807         80.180210
rank #0: 2018-12-30 16:14:20,833 LBFGS        PARAM    0004       -318.167226          2.226372          6.833205          4.091946         78.573325
rank #0: 2018-12-30 16:14:21,429 LBFGS        PARAM    0005       -326.089312          2.227444          7.885086          4.068465         78.515982
rank #0: 2018-12-30 16:14:22,049 LBFGS        PARAM    0006       -387.871892          2.225065         22.264202          3.765235         78.105192
rank #0: 2018-12-30 16:14:22,668 LBFGS        PARAM    0007       -382.259224          2.219758         33.317327          3.745847         77.968696
rank #0: 2018-12-30 16:14:23,291 LBFGS        PARAM    0008       -356.087796          2.208908         47.365187          3.787926         77.891104
rank #0: 2018-12-30 16:14:23,886 LBFGS        PARAM    0009       -354.135991          2.210191         45.527592          3.798543         77.889374
rank #0: 2018-12-30 16:14:24,580 LBFGS        PARAM    0010       -354.149184          2.210087         45.587767          3.799128         77.889360
rank #0: 2018-12-30 16:14:25,199 LBFGS        PARAM    0011       -354.145717          2.210095         45.598781          3.799309         77.889360
rank #0: 2018-12-30 16:14:25,796 LBFGS        PARAM    0012       -354.152418          2.210102         45.598517          3.799367         77.889360
rank #0: 2018-12-30 16:14:26,415 LBFGS        PARAM    0013       -354.152671          2.210102         45.598413          3.799366         77.889360
rank #0: 2018-12-30 16:14:27,169 LBFGS        PARAM    0014       -354.152671          2.210102         45.598413          3.799366         77.889360
rank #0: 2018-12-30 16:14:53,955 LBFGS        INFO     Linesearch failed in both LBFGS and gradient directions
rank #0: 2018-12-30 16:14:53,956 LBFGS        PARAM    0014       -354.152671          2.210102         45.598413          3.799366         77.889360
rank #0: 2018-12-30 16:14:53,957 rsdfit.lbfgs_fitter WARNING  ...LBFGS optimization finished. Time elapsed: 0:00:36.32
rank #0: 2018-12-30 16:14:53,958 rsdfit.lbfgs_fitter ERROR    nonlinear fit with method L-BFGS-B failed: Linesearch failed in both LBFGS and gradient directions
rank #0: 2018-12-30 16:14:53,959 rsdfit.fitting_driver INFO     rank 50 on nid00554     ...fitting complete
rank #0: 2018-12-30 16:14:53,962 rsdfit.fitting_driver INFO     rank 50 on nid00554     Saving the results to `/global/cscratch1/sd/nhand/eBOSS/fits/results/mocks/ezmock/v1.8e-fph/0.0001-0.3/basemodel-N-fnl/0.8-2.2/QSO-N-0576-P0+P2-mock-cov-36c6ea70fd/2018-12-30_nlopt_14i_chain0__1.npz`
rank #0: 2018-12-30 16:14:54,032 pyRSD.analysis.lbfgs_results INFO     
minimum chi2 = 77.8893600552

Free parameters [ mean ]
_______________
N              : -354.152671047
b1             : 2.21010237646
f_nl           : 45.5984130387
sigma_fog      : 3.79936624858

Constrained parameters [ mean ]
_________________________
b1sigma8       : 0.88031297297
