rank #0: 2018-10-08 09:26:14,853 rsdfit.fitting_driver INFO     rank 63 on nid02165     Calling the 'nlopt' solve function
rank #0: 2018-10-08 09:26:14,854 rsdfit.lbfgs_fitter INFO     running LBFGS for 500 iterations and then stopping
rank #0: 2018-10-08 09:26:14,854 rsdfit.lbfgs_fitter INFO     running LBFGS minimizer with priors
rank #0: 2018-10-08 09:26:14,854 root         INFO     Iter           N          b1        f_nl   sigma_fog   F(X)     
rank #0: 2018-10-08 09:26:14,854 rsdfit.lbfgs_fitter INFO     computing gradient using numerical derivative of lnlike()
rank #0: 2018-10-08 09:26:16,048 LBFGS        INFO     options = {'factr': 100000.0, 'gtol': 1e-05, 'max_iter': 500, 'test_convergence': False}
rank #0: 2018-10-08 09:26:16,049 LBFGS        PARAM    0000          0.000000          2.000000          0.000000          4.000000        117.836088
rank #0: 2018-10-08 09:26:17,432 LBFGS        PARAM    0001         50.620496          2.117063          2.918599          3.949328        101.111203
rank #0: 2018-10-08 09:26:18,686 LBFGS        PARAM    0002        -33.638250          2.417327         15.485214          3.873404         86.090544
rank #0: 2018-10-08 09:26:19,926 LBFGS        PARAM    0003       -120.796902          2.390281         17.453191          3.915627         83.441942
rank #0: 2018-10-08 09:26:21,185 LBFGS        PARAM    0004       -320.323453          2.415312         26.103833          3.959634         81.047752
rank #0: 2018-10-08 09:26:22,424 LBFGS        PARAM    0005       -406.984726          2.438860         33.745090          3.895232         80.500676
rank #0: 2018-10-08 09:26:23,669 LBFGS        PARAM    0006       -443.389732          2.435696         40.643149          3.712344         80.133812
rank #0: 2018-10-08 09:26:24,923 LBFGS        PARAM    0007       -469.218671          2.421439         43.563649          3.406934         79.869783
rank #0: 2018-10-08 09:26:26,163 LBFGS        PARAM    0008       -482.976378          2.423529         40.919488          3.318016         79.843752
rank #0: 2018-10-08 09:26:27,421 LBFGS        PARAM    0009       -484.020353          2.423458         40.917145          3.317868         79.843698
rank #0: 2018-10-08 09:26:28,660 LBFGS        PARAM    0010       -484.111121          2.423536         40.914465          3.317911         79.843696
rank #0: 2018-10-08 09:26:29,908 LBFGS        PARAM    0011       -484.175876          2.423576         40.910554          3.317944         79.843696
rank #0: 2018-10-08 09:26:31,160 LBFGS        PARAM    0012       -484.176891          2.423577         40.910215          3.317947         79.843696
rank #0: 2018-10-08 09:26:32,399 LBFGS        PARAM    0013       -484.176824          2.423576         40.910186          3.317947         79.843696
rank #0: 2018-10-08 09:26:33,940 LBFGS        PARAM    0014       -484.176835          2.423576         40.910186          3.317947         79.843696
rank #0: 2018-10-08 09:27:04,481 LBFGS        PARAM    0015       -484.176918          2.423576         40.910186          3.317947         79.843696
rank #0: 2018-10-08 09:27:35,844 LBFGS        PARAM    0016       -484.176918          2.423577         40.910186          3.317947         79.843696
rank #0: 2018-10-08 09:27:35,845 LBFGS        INFO     LBFGS iteration 16: the descent direction does not have a sufficient projection (cos(theta)=-9.41e-01, theta=160.2634) into the gradient; using steepest descent at this step!
rank #0: 2018-10-08 09:28:01,860 LBFGS        INFO     Linesearch failed in both LBFGS and gradient directions
rank #0: 2018-10-08 09:28:01,861 LBFGS        PARAM    0016       -484.176918          2.423577         40.910186          3.317947         79.843696
rank #0: 2018-10-08 09:28:01,861 rsdfit.lbfgs_fitter WARNING  ...LBFGS optimization finished. Time elapsed: 0:01:45.81
rank #0: 2018-10-08 09:28:01,862 rsdfit.lbfgs_fitter ERROR    nonlinear fit with method L-BFGS-B failed: Linesearch failed in both LBFGS and gradient directions
rank #0: 2018-10-08 09:28:01,863 rsdfit.fitting_driver INFO     rank 63 on nid02165     ...fitting complete
rank #0: 2018-10-08 09:28:01,866 rsdfit.fitting_driver INFO     rank 63 on nid02165     Saving the results to `/global/cscratch1/sd/nhand/eBOSS/fits/results/mocks/ezmock/v1.8e-fph/0.0001-0.3/basemodel-N-fnl/0.8-2.2/QSO-S-0043-P0+P2-mock-cov-96ccb1008d/2018-10-08_nlopt_16i_chain0__1.npz`
rank #0: 2018-10-08 09:28:01,912 pyRSD.analysis.lbfgs_results INFO     
minimum chi2 = 79.843695935

Free parameters [ mean ]
_______________
N              : -484.176917915
b1             : 2.42357650011
f_nl           : 40.9101860653
sigma_fog      : 3.31794701996

Constrained parameters [ mean ]
_________________________
b1sigma8       : 0.908563223892
