rank #0: 2018-06-24 13:22:14,958 rsdfit.fitting_driver INFO     rank 59 on nid01124     Calling the 'nlopt' solve function
rank #0: 2018-06-24 13:22:14,959 rsdfit.lbfgs_fitter INFO     running LBFGS for 500 iterations and then stopping
rank #0: 2018-06-24 13:22:14,960 rsdfit.lbfgs_fitter INFO     running LBFGS minimizer with priors
rank #0: 2018-06-24 13:22:14,960 root         INFO     Iter           N          b1        f_nl   sigma_fog   F(X)     
rank #0: 2018-06-24 13:22:15,546 LBFGS        INFO     options = {'factr': 100000.0, 'gtol': 1e-05, 'max_iter': 500, 'test_convergence': False}
rank #0: 2018-06-24 13:22:15,547 LBFGS        PARAM    0000          0.000000          2.000000          0.000000          4.000000         85.239705
rank #0: 2018-06-24 13:22:16,202 LBFGS        PARAM    0001         -7.490214          2.054058          0.386286          4.003444         78.002778
rank #0: 2018-06-24 13:22:16,805 LBFGS        PARAM    0002       -130.816131          2.184631          1.697233          4.080461         68.636777
rank #0: 2018-06-24 13:22:17,409 LBFGS        PARAM    0003       -240.696224          2.213531          1.978482          4.154285         65.977410
rank #0: 2018-06-24 13:22:18,008 LBFGS        PARAM    0004       -340.604126          2.221467          1.400165          4.205671         65.044177
rank #0: 2018-06-24 13:22:18,601 LBFGS        PARAM    0005       -342.254603          2.222995          1.188312          4.199012         65.036827
rank #0: 2018-06-24 13:22:19,210 LBFGS        PARAM    0006       -348.810498          2.225950          0.172297          4.169295         65.017901
rank #0: 2018-06-24 13:22:19,816 LBFGS        PARAM    0007       -358.196559          2.227560         -1.493687          4.124598         64.997725
rank #0: 2018-06-24 13:22:20,403 LBFGS        PARAM    0008       -367.655679          2.227243         -4.279039          4.078655         64.976490
rank #0: 2018-06-24 13:22:21,006 LBFGS        PARAM    0009       -372.739237          2.226499         -7.117989          4.057694         64.963276
rank #0: 2018-06-24 13:22:21,609 LBFGS        PARAM    0010       -375.190253          2.225887        -10.412344          4.051152         64.951757
rank #0: 2018-06-24 13:22:22,202 LBFGS        PARAM    0011       -376.100106          2.226144        -15.247781          4.055503         64.936099
rank #0: 2018-06-24 13:22:22,796 LBFGS        PARAM    0012       -375.731807          2.228757        -24.595542          4.075647         64.908273
rank #0: 2018-06-24 13:22:23,398 LBFGS        PARAM    0013       -374.242064          2.234508        -35.193720          4.105513         64.880035
rank #0: 2018-06-24 13:22:24,004 LBFGS        PARAM    0014       -372.076930          2.238831        -39.197308          4.126115         64.869274
rank #0: 2018-06-24 13:22:24,591 LBFGS        PARAM    0015       -371.136589          2.239660        -38.436417          4.130651         64.868063
rank #0: 2018-06-24 13:22:25,192 LBFGS        PARAM    0016       -371.033611          2.239586        -37.870573          4.130373         64.868013
rank #0: 2018-06-24 13:22:25,796 LBFGS        PARAM    0017       -371.044966          2.239553        -37.797425          4.130183         64.868013
rank #0: 2018-06-24 13:22:26,390 LBFGS        PARAM    0018       -371.048542          2.239551        -37.795324          4.130160         64.868013
rank #0: 2018-06-24 13:22:26,989 LBFGS        PARAM    0019       -371.048053          2.239551        -37.795238          4.130162         64.868013
rank #0: 2018-06-24 13:22:27,593 LBFGS        PARAM    0020       -371.047974          2.239551        -37.795209          4.130162         64.868013
rank #0: 2018-06-24 13:22:28,201 LBFGS        PARAM    0021       -371.047976          2.239551        -37.795200          4.130162         64.868013
rank #0: 2018-06-24 13:22:42,809 LBFGS        PARAM    0022       -371.047976          2.239551        -37.795200          4.130162         64.868013
rank #0: 2018-06-24 13:22:43,398 LBFGS        PARAM    0023       -371.047976          2.239551        -37.795200          4.130162         64.868013
rank #0: 2018-06-24 13:22:57,053 LBFGS        PARAM    0024       -371.047989          2.239551        -37.795201          4.130162         64.868013
rank #0: 2018-06-24 13:23:23,181 LBFGS        INFO     Linesearch failed in both LBFGS and gradient directions
rank #0: 2018-06-24 13:23:23,183 LBFGS        PARAM    0024       -371.047989          2.239551        -37.795201          4.130162         64.868013
rank #0: 2018-06-24 13:23:23,184 rsdfit.lbfgs_fitter WARNING  ...LBFGS optimization finished. Time elapsed: 0:01:07.64
rank #0: 2018-06-24 13:23:23,185 rsdfit.lbfgs_fitter ERROR    nonlinear fit with method L-BFGS-B failed: Linesearch failed in both LBFGS and gradient directions
rank #0: 2018-06-24 13:23:23,186 rsdfit.fitting_driver INFO     rank 59 on nid01124     ...fitting complete
rank #0: 2018-06-24 13:23:23,190 rsdfit.fitting_driver INFO     rank 59 on nid01124     Saving the results to `/global/cscratch1/sd/nhand/eBOSS/fits/results/mocks/ezmock/v1.8e-fph/0.005-0.3/basemodel-N-fnl/0.8-2.2/QSO-N-0637-P0+P2-mock-cov-a8bcb55756/2018-06-24_nlopt_24i_chain0__1.npz`
rank #0: 2018-06-24 13:23:23,217 pyRSD.analysis.lbfgs_results INFO     
minimum chi2 = 64.8680125132

Free parameters [ mean ]
_______________
N              : -371.047989288
b1             : 2.23955052975
f_nl           : -37.7952005751
sigma_fog      : 4.13016198807

Constrained parameters [ mean ]
_________________________
b1sigma8       : 0.892042561445
