rank #0: 2018-07-16 19:56:23,682 rsdfit.fitting_driver INFO     rank 24 on nid02210     Calling the 'nlopt' solve function
rank #0: 2018-07-16 19:56:23,683 rsdfit.lbfgs_fitter INFO     running LBFGS for 500 iterations and then stopping
rank #0: 2018-07-16 19:56:23,684 rsdfit.lbfgs_fitter INFO     running LBFGS minimizer with priors
rank #0: 2018-07-16 19:56:23,685 root         INFO     Iter           N          b1        f_nl   sigma_fog   F(X)     
rank #0: 2018-07-16 19:56:24,267 LBFGS        INFO     options = {'factr': 100000.0, 'gtol': 1e-05, 'max_iter': 500, 'test_convergence': False}
rank #0: 2018-07-16 19:56:24,269 LBFGS        PARAM    0000          0.000000          2.000000          0.000000          4.000000         95.644473
rank #0: 2018-07-16 19:56:24,937 LBFGS        PARAM    0001        -23.692534          2.060566          1.908347          3.991654         90.295144
rank #0: 2018-07-16 19:56:25,521 LBFGS        PARAM    0002       -272.968767          2.254197         11.584574          4.025350         80.160004
rank #0: 2018-07-16 19:56:26,117 LBFGS        PARAM    0003       -442.939531          2.278031         16.194644          4.061464         77.269963
rank #0: 2018-07-16 19:56:26,716 LBFGS        PARAM    0004       -561.735357          2.278757         22.017384          4.010910         76.331248
rank #0: 2018-07-16 19:56:27,316 LBFGS        PARAM    0005       -599.108640          2.278159         26.153545          3.935852         76.050433
rank #0: 2018-07-16 19:56:28,336 LBFGS        PARAM    0006       -702.407697          2.265352         45.358323          3.531190         75.067805
rank #0: 2018-07-16 19:56:28,937 LBFGS        PARAM    0007       -720.828900          2.247696         61.408111          3.178995         74.491062
rank #0: 2018-07-16 19:56:29,538 LBFGS        PARAM    0008       -684.601045          2.234719         65.932683          3.092996         74.363535
rank #0: 2018-07-16 19:56:30,123 LBFGS        PARAM    0009       -672.049543          2.233338         66.374777          3.101717         74.356072
rank #0: 2018-07-16 19:56:30,725 LBFGS        PARAM    0010       -667.211042          2.232502         66.651169          3.111263         74.354068
rank #0: 2018-07-16 19:56:31,331 LBFGS        PARAM    0011       -660.011565          2.231226         68.056523          3.137372         74.349236
rank #0: 2018-07-16 19:56:31,920 LBFGS        PARAM    0012       -659.880824          2.230459         69.278513          3.151847         74.347381
rank #0: 2018-07-16 19:56:32,521 LBFGS        PARAM    0013       -660.259523          2.230561         69.264622          3.152995         74.347366
rank #0: 2018-07-16 19:56:33,125 LBFGS        PARAM    0014       -660.344953          2.230581         69.254586          3.152931         74.347365
rank #0: 2018-07-16 19:56:33,729 LBFGS        PARAM    0015       -660.352931          2.230582         69.254127          3.152903         74.347365
rank #0: 2018-07-16 19:56:34,310 LBFGS        PARAM    0016       -660.353029          2.230582         69.254154          3.152901         74.347365
rank #0: 2018-07-16 19:56:34,905 LBFGS        PARAM    0017       -660.353139          2.230582         69.254156          3.152901         74.347365
rank #0: 2018-07-16 19:56:35,503 LBFGS        PARAM    0018       -660.353138          2.230582         69.254153          3.152901         74.347365
rank #0: 2018-07-16 19:56:36,093 LBFGS        PARAM    0019       -660.353100          2.230582         69.254151          3.152901         74.347365
rank #0: 2018-07-16 19:57:02,236 LBFGS        INFO     Linesearch failed in both LBFGS and gradient directions
rank #0: 2018-07-16 19:57:02,238 LBFGS        PARAM    0019       -660.353100          2.230582         69.254151          3.152901         74.347365
rank #0: 2018-07-16 19:57:02,239 rsdfit.lbfgs_fitter WARNING  ...LBFGS optimization finished. Time elapsed: 0:00:37.97
rank #0: 2018-07-16 19:57:02,240 rsdfit.lbfgs_fitter ERROR    nonlinear fit with method L-BFGS-B failed: Linesearch failed in both LBFGS and gradient directions
rank #0: 2018-07-16 19:57:02,242 rsdfit.fitting_driver INFO     rank 24 on nid02210     ...fitting complete
rank #0: 2018-07-16 19:57:02,245 rsdfit.fitting_driver INFO     rank 24 on nid02210     Saving the results to `/global/cscratch1/sd/nhand/eBOSS/fits/results/mocks/ezmock/v1.8e-fph/0.005-0.3/basemodel-N-fnl/0.8-2.2/QSO-S-0932-P0+P2-mock-cov-8973e9cf3e/2018-07-16_nlopt_19i_chain0__1.npz`
rank #0: 2018-07-16 19:57:02,274 pyRSD.analysis.lbfgs_results INFO     
minimum chi2 = 74.3473654392

Free parameters [ mean ]
_______________
N              : -660.353100195
b1             : 2.23058166286
f_nl           : 69.2541511358
sigma_fog      : 3.15290089018

Constrained parameters [ mean ]
_________________________
b1sigma8       : 0.888470143283
