rank #0: 2017-11-27 21:26:49,717 rsdfit.fitting_driver INFO     rank 38 on nid00571     Calling the 'nlopt' solve function
rank #0: 2017-11-27 21:26:49,718 rsdfit.lbfgs_fitter INFO     running LBFGS for 500 iterations and then stopping
rank #0: 2017-11-27 21:26:49,718 rsdfit.lbfgs_fitter INFO     running LBFGS minimizer with priors
rank #0: 2017-11-27 21:26:49,718 root         INFO     Iter           N   alpha_par   alpha_perp          b1           f    sigma8_z   sigma_fog   F(X)     
rank #0: 2017-11-27 21:26:50,551 LBFGS        INFO     options = {'factr': 100000.0, 'gtol': 1e-05, 'max_iter': 500, 'test_convergence': False}
rank #0: 2017-11-27 21:26:50,552 LBFGS        PARAM    0000          0.000000          1.000000          1.000000          2.000000          0.930924          0.397985          4.000000         88.619660
rank #0: 2017-11-27 21:26:51,474 LBFGS        PARAM    0001          0.311190          0.999918          0.999794          2.002083          0.931038          0.399453          3.999132         87.243009
rank #0: 2017-11-27 21:26:52,333 LBFGS        PARAM    0002         -4.055004          0.997617          0.992761          2.064011          0.934681          0.440353          3.969544         72.635967
rank #0: 2017-11-27 21:26:53,194 LBFGS        PARAM    0003         -9.448761          0.998431          0.994244          2.046283          0.933851          0.429661          3.975423         71.156780
rank #0: 2017-11-27 21:26:54,056 LBFGS        PARAM    0004        -14.420906          0.998432          0.993604          2.048636          0.934122          0.431443          3.972539         71.046787
rank #0: 2017-11-27 21:26:54,916 LBFGS        PARAM    0005        -25.351249          0.998616          0.992697          2.049153          0.934455          0.432412          3.968246         70.964630
rank #0: 2017-11-27 21:26:55,780 LBFGS        PARAM    0006        -73.122337          0.999536          0.989096          2.048021          0.935697          0.434477          3.950855         70.707627
rank #0: 2017-11-27 21:26:56,644 LBFGS        PARAM    0007       -154.309162          1.001161          0.983310          2.043008          0.937548          0.435916          3.922120         70.374922
rank #0: 2017-11-27 21:26:57,513 LBFGS        PARAM    0008       -238.842487          1.002283          0.977664          2.036485          0.938340          0.434819          3.885634         70.098472
rank #0: 2017-11-27 21:26:58,384 LBFGS        PARAM    0009       -251.874089          1.002126          0.976948          2.035576          0.937812          0.433465          3.874723         70.059817
rank #0: 2017-11-27 21:26:59,255 LBFGS        PARAM    0010       -249.255966          1.001900          0.977179          2.036084          0.937432          0.432971          3.872624         70.055771
rank #0: 2017-11-27 21:27:00,128 LBFGS        PARAM    0011       -247.552293          1.001650          0.977310          2.036963          0.937032          0.432614          3.869296         70.052658
rank #0: 2017-11-27 21:27:01,001 LBFGS        PARAM    0012       -244.669993          1.000594          0.977497          2.041137          0.935341          0.431341          3.851904         70.040542
rank #0: 2017-11-27 21:27:01,872 LBFGS        PARAM    0013       -244.336923          0.998244          0.977395          2.051045          0.931568          0.428816          3.808309         70.015366
rank #0: 2017-11-27 21:27:02,740 LBFGS        PARAM    0014       -251.949171          0.993071          0.976428          2.073721          0.923238          0.423700          3.704956         69.963278
rank #0: 2017-11-27 21:27:03,607 LBFGS        PARAM    0015       -272.346276          0.985454          0.974049          2.108062          0.910897          0.416763          3.541886         69.887808
rank #0: 2017-11-27 21:27:04,478 LBFGS        PARAM    0016       -292.763355          0.977587          0.967999          2.139756          0.896769          0.410090          3.303590         69.797551
rank #0: 2017-11-27 21:27:05,347 LBFGS        PARAM    0017       -300.142273          0.975160          0.965313          2.146210          0.893065          0.409254          3.238023         69.770436
rank #0: 2017-11-27 21:27:06,214 LBFGS        PARAM    0018       -304.858379          0.974562          0.964625          2.147295          0.892477          0.409276          3.230011         69.767209
rank #0: 2017-11-27 21:27:07,083 LBFGS        PARAM    0019       -307.588787          0.974174          0.964517          2.148219          0.892266          0.409234          3.232039         69.765964
rank #0: 2017-11-27 21:27:07,956 LBFGS        PARAM    0020       -309.799468          0.973546          0.964479          2.149760          0.891929          0.409013          3.235813         69.764751
rank #0: 2017-11-27 21:27:08,826 LBFGS        PARAM    0021       -308.425698          0.972376          0.963622          2.150679          0.891550          0.408499          3.235330         69.761770
rank #0: 2017-11-27 21:27:09,699 LBFGS        PARAM    0022       -291.431685          0.964947          0.956669          2.151903          0.890029          0.405479          3.226982         69.747129
rank #0: 2017-11-27 21:27:10,569 LBFGS        PARAM    0023       -273.856204          0.959153          0.949895          2.148892          0.889619          0.403395          3.214652         69.738030
rank #0: 2017-11-27 21:27:11,437 LBFGS        PARAM    0024       -259.096746          0.952043          0.942937          2.140297          0.891211          0.402031          3.180271         69.730136
rank #0: 2017-11-27 21:27:12,306 LBFGS        PARAM    0025       -251.331573          0.948437          0.939827          2.134568          0.892592          0.401477          3.158353         69.728105
rank #0: 2017-11-27 21:27:13,173 LBFGS        PARAM    0026       -246.395736          0.944742          0.938131          2.128676          0.894305          0.401273          3.135026         69.725718
rank #0: 2017-11-27 21:27:14,041 LBFGS        PARAM    0027       -205.293588          0.902511          0.922844          2.062755          0.914379          0.399947          2.861518         69.693711
rank #0: 2017-11-27 21:27:14,910 LBFGS        PARAM    0028       -205.080413          0.902269          0.922760          2.062381          0.914493          0.399940          2.859926         69.693532
rank #0: 2017-11-27 21:27:15,838 LBFGS        PARAM    0029       -188.593553          0.877902          0.916207          2.020254          0.927956          0.400169          2.690739         69.676063
rank #0: 2017-11-27 21:27:16,711 LBFGS        PARAM    0030       -182.571792          0.860751          0.916070          1.981370          0.941626          0.402579          2.563284         69.659632
rank #0: 2017-11-27 21:27:17,583 LBFGS        PARAM    0031       -191.609140          0.842334          0.927158          1.918933          0.966092          0.410640          2.404165         69.613812
rank #0: 2017-11-27 21:27:18,458 LBFGS        PARAM    0032       -229.124642          0.817613          0.959276          1.821188          1.008061          0.428201          2.153495         69.507855
rank #0: 2017-11-27 21:27:19,332 LBFGS        PARAM    0033       -291.471328          0.792213          0.997577          1.744630          1.045286          0.445693          1.866621         69.372192
rank #0: 2017-11-27 21:27:20,209 LBFGS        PARAM    0034       -348.264584          0.793625          1.018247          1.724925          1.061148          0.455665          1.895739         69.292276
rank #0: 2017-11-27 21:27:21,087 LBFGS        PARAM    0035       -376.477266          0.769767          1.029286          1.664038          1.088301          0.464558          1.762300         69.285677
rank #0: 2017-11-27 21:27:21,963 LBFGS        PARAM    0036       -375.230383          0.781333          1.031758          1.678034          1.083616          0.464834          1.853569         69.277323
rank #0: 2017-11-27 21:27:22,839 LBFGS        PARAM    0037       -373.088594          0.781330          1.030461          1.685224          1.081425          0.463464          1.839752         69.277209
rank #0: 2017-11-27 21:27:23,716 LBFGS        PARAM    0038       -375.683981          0.779900          1.031980          1.678100          1.084141          0.464674          1.831658         69.276691
rank #0: 2017-11-27 21:27:24,595 LBFGS        PARAM    0039       -376.421126          0.779633          1.032546          1.676535          1.084907          0.465030          1.829682         69.276659
rank #0: 2017-11-27 21:27:25,469 LBFGS        PARAM    0040       -376.994385          0.779260          1.033160          1.674704          1.085866          0.465426          1.826490         69.276638
rank #0: 2017-11-27 21:27:26,348 LBFGS        PARAM    0041       -376.871032          0.779245          1.033152          1.674660          1.085892          0.465429          1.826544         69.276638
rank #0: 2017-11-27 21:27:27,219 LBFGS        PARAM    0042       -376.805614          0.779248          1.033130          1.674682          1.085879          0.465421          1.826652         69.276638
rank #0: 2017-11-27 21:27:28,092 LBFGS        PARAM    0043       -376.797868          0.779249          1.033126          1.674688          1.085875          0.465419          1.826675         69.276638
rank #0: 2017-11-27 21:27:29,200 LBFGS        PARAM    0044       -376.797865          0.779249          1.033126          1.674688          1.085875          0.465419          1.826675         69.276638
rank #0: 2017-11-27 21:27:42,545 LBFGS        PARAM    0045       -376.797882          0.779249          1.033126          1.674688          1.085875          0.465419          1.826675         69.276638
rank #0: 2017-11-27 21:27:55,994 LBFGS        PARAM    0046       -376.798023          0.779249          1.033126          1.674688          1.085875          0.465419          1.826675         69.276638
rank #0: 2017-11-27 21:27:56,929 LBFGS        PARAM    0047       -376.798219          0.779249          1.033126          1.674688          1.085875          0.465419          1.826675         69.276638
rank #0: 2017-11-27 21:27:57,984 LBFGS        PARAM    0048       -376.798229          0.779249          1.033126          1.674689          1.085875          0.465419          1.826675         69.276638
rank #0: 2017-11-27 21:27:59,100 LBFGS        PARAM    0049       -376.798234          0.779249          1.033126          1.674689          1.085875          0.465419          1.826675         69.276638
rank #0: 2017-11-27 21:28:22,738 LBFGS        INFO     Linesearch failed in both LBFGS and gradient directions
rank #0: 2017-11-27 21:28:22,739 LBFGS        PARAM    0049       -376.798234          0.779249          1.033126          1.674689          1.085875          0.465419          1.826675         69.276638
rank #0: 2017-11-27 21:28:22,740 rsdfit.lbfgs_fitter WARNING  ...LBFGS optimization finished. Time elapsed: 0:01:32.19
rank #0: 2017-11-27 21:28:22,740 rsdfit.lbfgs_fitter ERROR    nonlinear fit with method L-BFGS-B failed: Linesearch failed in both LBFGS and gradient directions
rank #0: 2017-11-27 21:28:22,741 rsdfit.fitting_driver INFO     rank 38 on nid00571     ...fitting complete
rank #0: 2017-11-27 21:28:22,744 rsdfit.fitting_driver INFO     rank 38 on nid00571     Saving the results to `/global/cscratch1/sd/nhand/eBOSS/fits/results/mocks/ezmock/v1.8e-fph/0.0001-0.3/basemodel-fs8-alphas-N/0.8-2.2/QSO-S-0771-P0+P2-mock-cov-976ba3841e/2017-11-27_nlopt_49i_chain0__1.npz`
rank #0: 2017-11-27 21:28:22,768 pyRSD.analysis.lbfgs_results INFO     
minimum chi2 = 69.2766375617

Free parameters [ mean ]
_______________
N              : -376.798234269
alpha_par      : 0.779249366614
alpha_perp     : 1.03312608039
b1             : 1.6746885078
f              : 1.08587510083
sigma8_z       : 0.46541889888
sigma_fog      : 1.8266753908

Constrained parameters [ mean ]
_________________________
F_AP           : 0.754263570931
alpha          : 0.940432658927
b1sigma8       : 0.779431681268
epsilon        : -0.0897213062554
fsigma8        : 0.505386793751
