rank #0: 2018-07-16 20:07:56,919 rsdfit.fitting_driver INFO     rank 36 on nid00619     Calling the 'nlopt' solve function
rank #0: 2018-07-16 20:07:56,920 rsdfit.lbfgs_fitter INFO     running LBFGS for 500 iterations and then stopping
rank #0: 2018-07-16 20:07:56,921 rsdfit.lbfgs_fitter INFO     running LBFGS minimizer with priors
rank #0: 2018-07-16 20:07:56,922 root         INFO     Iter           N          b1        f_nl   sigma_fog   F(X)     
rank #0: 2018-07-16 20:07:57,503 LBFGS        INFO     options = {'factr': 100000.0, 'gtol': 1e-05, 'max_iter': 500, 'test_convergence': False}
rank #0: 2018-07-16 20:07:57,504 LBFGS        PARAM    0000          0.000000          2.000000          0.000000          4.000000         95.451256
rank #0: 2018-07-16 20:07:58,166 LBFGS        PARAM    0001          0.506245          2.052093          0.507751          3.997754         88.150489
rank #0: 2018-07-16 20:07:58,753 LBFGS        PARAM    0002        -89.999249          2.175968          2.574146          4.049885         79.640263
rank #0: 2018-07-16 20:07:59,343 LBFGS        PARAM    0003       -177.329127          2.201197          3.637871          4.106940         77.433797
rank #0: 2018-07-16 20:07:59,943 LBFGS        PARAM    0004       -298.574947          2.216087          6.258997          4.172689         76.149170
rank #0: 2018-07-16 20:08:00,541 LBFGS        PARAM    0005       -300.502362          2.217004          7.089345          4.165000         76.127472
rank #0: 2018-07-16 20:08:01,122 LBFGS        PARAM    0006       -329.613575          2.221080         23.096148          4.013245         75.852541
rank #0: 2018-07-16 20:08:01,718 LBFGS        PARAM    0007       -350.756708          2.215525         38.784681          3.872027         75.665773
rank #0: 2018-07-16 20:08:02,316 LBFGS        PARAM    0008       -344.857509          2.200795         78.100039          3.829237         75.228344
rank #0: 2018-07-16 20:08:02,906 LBFGS        PARAM    0009       -301.725009          2.164856        120.132205          3.869225         74.960458
rank #0: 2018-07-16 20:08:03,497 LBFGS        PARAM    0010       -299.941180          2.171954        119.647071          3.930615         74.909107
rank #0: 2018-07-16 20:08:04,098 LBFGS        PARAM    0011       -292.953405          2.172625        120.224615          3.966365         74.904205
rank #0: 2018-07-16 20:08:04,699 LBFGS        PARAM    0012       -291.745877          2.172464        120.183477          3.971281         74.904109
rank #0: 2018-07-16 20:08:05,284 LBFGS        PARAM    0013       -291.688626          2.172442        120.154523          3.971587         74.904108
rank #0: 2018-07-16 20:08:05,884 LBFGS        PARAM    0014       -291.693248          2.172443        120.150524          3.971584         74.904108
rank #0: 2018-07-16 20:08:06,485 LBFGS        PARAM    0015       -291.693757          2.172443        120.150221          3.971583         74.904108
rank #0: 2018-07-16 20:08:07,079 LBFGS        PARAM    0016       -291.693771          2.172443        120.150211          3.971583         74.904108
rank #0: 2018-07-16 20:08:07,741 LBFGS        PARAM    0017       -291.693775          2.172443        120.150210          3.971583         74.904108
rank #0: 2018-07-16 20:08:33,524 LBFGS        INFO     Linesearch failed in both LBFGS and gradient directions
rank #0: 2018-07-16 20:08:33,525 LBFGS        PARAM    0017       -291.693775          2.172443        120.150210          3.971583         74.904108
rank #0: 2018-07-16 20:08:33,526 rsdfit.lbfgs_fitter WARNING  ...LBFGS optimization finished. Time elapsed: 0:00:36.02
rank #0: 2018-07-16 20:08:33,527 rsdfit.lbfgs_fitter ERROR    nonlinear fit with method L-BFGS-B failed: Linesearch failed in both LBFGS and gradient directions
rank #0: 2018-07-16 20:08:33,528 rsdfit.fitting_driver INFO     rank 36 on nid00619     ...fitting complete
rank #0: 2018-07-16 20:08:33,532 rsdfit.fitting_driver INFO     rank 36 on nid00619     Saving the results to `/global/cscratch1/sd/nhand/eBOSS/fits/results/mocks/ezmock/v1.8e-fph/0.005-0.3/basemodel-N-fnl/0.8-2.2/QSO-N-0825-P0+P2-mock-cov-a8bcb55756/2018-07-16_nlopt_17i_chain0__1.npz`
rank #0: 2018-07-16 20:08:33,574 pyRSD.analysis.lbfgs_results INFO     
minimum chi2 = 74.9041078786

Free parameters [ mean ]
_______________
N              : -291.693774997
b1             : 2.17244305047
f_nl           : 120.150209973
sigma_fog      : 3.97158310808

Constrained parameters [ mean ]
_________________________
b1sigma8       : 0.865312765931
