rank #0: 2018-10-04 22:18:34,524 rsdfit.fitting_driver INFO     rank 46 on nid12889     Calling the 'nlopt' solve function
rank #0: 2018-10-04 22:18:34,525 rsdfit.lbfgs_fitter INFO     running LBFGS for 500 iterations and then stopping
rank #0: 2018-10-04 22:18:34,526 rsdfit.lbfgs_fitter INFO     running LBFGS minimizer with priors
rank #0: 2018-10-04 22:18:34,526 root         INFO     Iter           N          b1        f_nl   sigma_fog   F(X)     
rank #0: 2018-10-04 22:18:34,527 rsdfit.lbfgs_fitter INFO     computing gradient using numerical derivative of lnlike()
rank #0: 2018-10-04 22:18:35,692 LBFGS        INFO     options = {'factr': 100000.0, 'gtol': 1e-05, 'max_iter': 500, 'test_convergence': False}
rank #0: 2018-10-04 22:18:35,693 LBFGS        PARAM    0000          0.000000          2.000000          0.000000          4.000000        109.002212
rank #0: 2018-10-04 22:18:37,012 LBFGS        PARAM    0001         32.537427          2.091034          1.802915          3.962671         98.912553
rank #0: 2018-10-04 22:18:38,221 LBFGS        PARAM    0002        -37.933643          2.306042          8.113769          3.918786         89.855083
rank #0: 2018-10-04 22:18:39,411 LBFGS        PARAM    0003       -121.597444          2.309919          9.178755          3.945188         88.324948
rank #0: 2018-10-04 22:18:40,619 LBFGS        PARAM    0004       -349.522395          2.357444         13.529567          3.964971         86.719553
rank #0: 2018-10-04 22:18:41,812 LBFGS        PARAM    0005       -368.375145          2.354614         14.489745          3.872269         86.559640
rank #0: 2018-10-04 22:18:43,001 LBFGS        PARAM    0006       -465.636401          2.348100         21.942722          3.315312         86.129315
rank #0: 2018-10-04 22:18:44,210 LBFGS        PARAM    0007       -454.648708          2.341354         25.522572          3.334897         86.110709
rank #0: 2018-10-04 22:18:45,399 LBFGS        PARAM    0008       -439.649577          2.331693         33.665162          3.351713         86.093990
rank #0: 2018-10-04 22:18:46,606 LBFGS        PARAM    0009       -441.056132          2.332607         34.956042          3.344890         86.093140
rank #0: 2018-10-04 22:18:47,792 LBFGS        PARAM    0010       -441.615046          2.332039         34.856784          3.340987         86.093006
rank #0: 2018-10-04 22:18:48,993 LBFGS        PARAM    0011       -441.670389          2.332065         34.843494          3.340929         86.093006
rank #0: 2018-10-04 22:18:50,180 LBFGS        PARAM    0012       -441.671727          2.332065         34.844251          3.340927         86.093006
rank #0: 2018-10-04 22:18:51,368 LBFGS        PARAM    0013       -441.671745          2.332065         34.844227          3.340927         86.093006
rank #0: 2018-10-04 22:19:20,726 LBFGS        PARAM    0014       -441.671747          2.332065         34.844227          3.340927         86.093006
rank #0: 2018-10-04 22:19:20,728 LBFGS        INFO     LBFGS iteration 14: the descent direction does not have a sufficient projection (cos(theta)=-6.44e-01, theta=130.0991) into the gradient; using steepest descent at this step!
rank #0: 2018-10-04 22:19:45,768 LBFGS        INFO     Linesearch failed in both LBFGS and gradient directions
rank #0: 2018-10-04 22:19:45,769 LBFGS        PARAM    0014       -441.671747          2.332065         34.844227          3.340927         86.093006
rank #0: 2018-10-04 22:19:45,770 rsdfit.lbfgs_fitter WARNING  ...LBFGS optimization finished. Time elapsed: 0:01:10.08
rank #0: 2018-10-04 22:19:45,771 rsdfit.lbfgs_fitter ERROR    nonlinear fit with method L-BFGS-B failed: Linesearch failed in both LBFGS and gradient directions
rank #0: 2018-10-04 22:19:45,772 rsdfit.fitting_driver INFO     rank 46 on nid12889     ...fitting complete
rank #0: 2018-10-04 22:19:45,776 rsdfit.fitting_driver INFO     rank 46 on nid12889     Saving the results to `/global/cscratch1/sd/nhand/eBOSS/fits/results/mocks/ezmock/v1.8e-fph/0.005-0.3/basemodel-N-fnl/0.8-2.2/QSO-S-0430-P0+P2-mock-cov-96ccb1008d/2018-10-04_nlopt_14i_chain0__1.npz`
rank #0: 2018-10-04 22:19:45,840 pyRSD.analysis.lbfgs_results INFO     
minimum chi2 = 86.0930062105

Free parameters [ mean ]
_______________
N              : -441.671746544
b1             : 2.33206463807
f_nl           : 34.8442272663
sigma_fog      : 3.34092674058

Constrained parameters [ mean ]
_________________________
b1sigma8       : 0.874256771261
