rank #0: 2018-07-15 19:19:37,980 rsdfit.fitting_driver INFO     rank 50 on nid00568     Calling the 'nlopt' solve function
rank #0: 2018-07-15 19:19:37,980 rsdfit.lbfgs_fitter INFO     running LBFGS for 500 iterations and then stopping
rank #0: 2018-07-15 19:19:37,980 rsdfit.lbfgs_fitter INFO     running LBFGS minimizer with priors
rank #0: 2018-07-15 19:19:37,980 root         INFO     Iter           N          b1        f_nl   sigma_fog   F(X)     
rank #0: 2018-07-15 19:19:38,562 LBFGS        INFO     options = {'factr': 100000.0, 'gtol': 1e-05, 'max_iter': 500, 'test_convergence': False}
rank #0: 2018-07-15 19:19:38,562 LBFGS        PARAM    0000          0.000000          2.000000          0.000000          4.000000        100.971170
rank #0: 2018-07-15 19:19:39,210 LBFGS        PARAM    0001         13.086970          2.055606          1.281522          3.988371         90.953976
rank #0: 2018-07-15 19:19:39,807 LBFGS        PARAM    0002        -35.418049          2.188564          6.166646          4.008955         80.775620
rank #0: 2018-07-15 19:19:40,398 LBFGS        PARAM    0003        -98.852540          2.203280          8.063126          4.046142         78.902261
rank #0: 2018-07-15 19:19:40,985 LBFGS        PARAM    0004       -254.473214          2.228293         15.840223          4.108393         76.804300
rank #0: 2018-07-15 19:19:41,558 LBFGS        PARAM    0005       -262.665529          2.227001         18.876866          4.086548         76.648725
rank #0: 2018-07-15 19:19:42,144 LBFGS        PARAM    0006       -314.168181          2.194105         63.746912          3.736426         76.328961
rank #0: 2018-07-15 19:19:42,727 LBFGS        PARAM    0007       -275.302801          2.204151         39.452491          3.855731         75.833394
rank #0: 2018-07-15 19:19:43,292 LBFGS        PARAM    0008       -274.846502          2.200827         44.991285          3.832594         75.768088
rank #0: 2018-07-15 19:19:43,877 LBFGS        PARAM    0009       -271.387038          2.198786         47.207835          3.831307         75.761886
rank #0: 2018-07-15 19:19:44,465 LBFGS        PARAM    0010       -269.153574          2.198740         47.106039          3.839716         75.761217
rank #0: 2018-07-15 19:19:45,051 LBFGS        PARAM    0011       -267.220562          2.198577         47.073654          3.847215         75.761032
rank #0: 2018-07-15 19:19:45,622 LBFGS        PARAM    0012       -267.241950          2.198604         47.072852          3.847310         75.761032
rank #0: 2018-07-15 19:19:46,209 LBFGS        PARAM    0013       -267.246087          2.198602         47.073015          3.847312         75.761032
rank #0: 2018-07-15 19:19:46,799 LBFGS        PARAM    0014       -267.247244          2.198602         47.073181          3.847316         75.761032
rank #0: 2018-07-15 19:19:47,375 LBFGS        PARAM    0015       -267.247278          2.198602         47.073189          3.847316         75.761032
rank #0: 2018-07-15 19:20:12,833 LBFGS        INFO     Linesearch failed in both LBFGS and gradient directions
rank #0: 2018-07-15 19:20:12,834 LBFGS        PARAM    0015       -267.247278          2.198602         47.073189          3.847316         75.761032
rank #0: 2018-07-15 19:20:12,834 rsdfit.lbfgs_fitter WARNING  ...LBFGS optimization finished. Time elapsed: 0:00:34.27
rank #0: 2018-07-15 19:20:12,835 rsdfit.lbfgs_fitter ERROR    nonlinear fit with method L-BFGS-B failed: Linesearch failed in both LBFGS and gradient directions
rank #0: 2018-07-15 19:20:12,836 rsdfit.fitting_driver INFO     rank 50 on nid00568     ...fitting complete
rank #0: 2018-07-15 19:20:12,839 rsdfit.fitting_driver INFO     rank 50 on nid00568     Saving the results to `/global/cscratch1/sd/nhand/eBOSS/fits/results/mocks/ezmock/v1.8e-fph/0.0001-0.3/basemodel-N-fnl/0.8-2.2/QSO-N-0161-P0+P2-mock-cov-8973e9cf3e/2018-07-15_nlopt_15i_chain0__1.npz`
rank #0: 2018-07-15 19:20:12,870 pyRSD.analysis.lbfgs_results INFO     
minimum chi2 = 75.7610320618

Free parameters [ mean ]
_______________
N              : -267.247278426
b1             : 2.19860191101
f_nl           : 47.073189269
sigma_fog      : 3.8473163898

Constrained parameters [ mean ]
_________________________
b1sigma8       : 0.875732185652
