rank #0: 2019-02-16 12:43:05,450 rsdfit.fitting_driver INFO     rank 1 on nid01064     Calling the 'nlopt' solve function
rank #0: 2019-02-16 12:43:05,450 rsdfit.lbfgs_fitter INFO     running LBFGS for 500 iterations and then stopping
rank #0: 2019-02-16 12:43:05,451 rsdfit.lbfgs_fitter INFO     running LBFGS minimizer with priors
rank #0: 2019-02-16 12:43:05,452 root         INFO     Iter           N          b1        f_nl   sigma_fog   F(X)     
rank #0: 2019-02-16 12:43:05,452 rsdfit.lbfgs_fitter INFO     computing gradient using numerical derivative of lnlike()
rank #0: 2019-02-16 12:43:06,035 LBFGS        INFO     options = {'factr': 100000.0, 'gtol': 1e-05, 'max_iter': 500, 'test_convergence': False}
rank #0: 2019-02-16 12:43:06,036 LBFGS        PARAM    0000          0.000000          2.000000          0.000000          4.000000        105.169463
rank #0: 2019-02-16 12:43:06,699 LBFGS        PARAM    0001         -9.653814          2.047490          1.301956          4.001356         98.710858
rank #0: 2019-02-16 12:43:07,291 LBFGS        PARAM    0002       -144.985168          2.180702          6.945495          4.067086         88.744049
rank #0: 2019-02-16 12:43:07,884 LBFGS        PARAM    0003       -252.784800          2.203441          9.759757          4.126033         86.124638
rank #0: 2019-02-16 12:43:08,477 LBFGS        PARAM    0004       -352.371765          2.206946         14.619043          4.149991         85.051940
rank #0: 2019-02-16 12:43:09,069 LBFGS        PARAM    0005       -362.712391          2.206889         16.698994          4.134879         84.952234
rank #0: 2019-02-16 12:43:09,663 LBFGS        PARAM    0006       -422.905075          2.195463         39.903362          3.933924         84.164430
rank #0: 2019-02-16 12:43:10,258 LBFGS        PARAM    0007       -424.712082          2.177967         59.847492          3.784612         83.707267
rank #0: 2019-02-16 12:43:10,855 LBFGS        PARAM    0008       -376.185002          2.160035         75.001315          3.813176         83.452840
rank #0: 2019-02-16 12:43:11,451 LBFGS        PARAM    0009       -354.548856          2.156534         75.578439          3.851236         83.431746
rank #0: 2019-02-16 12:43:12,047 LBFGS        PARAM    0010       -353.423829          2.157004         75.293940          3.856653         83.431529
rank #0: 2019-02-16 12:43:12,643 LBFGS        PARAM    0011       -353.315559          2.157007         75.247525          3.857910         83.431510
rank #0: 2019-02-16 12:43:13,239 LBFGS        PARAM    0012       -353.299907          2.157008         75.268051          3.859048         83.431500
rank #0: 2019-02-16 12:43:13,835 LBFGS        PARAM    0013       -353.318846          2.157001         75.291848          3.859149         83.431499
rank #0: 2019-02-16 12:43:14,432 LBFGS        PARAM    0014       -353.323146          2.156999         75.295889          3.859128         83.431499
rank #0: 2019-02-16 12:43:15,032 LBFGS        PARAM    0015       -353.323300          2.156999         75.296004          3.859126         83.431499
rank #0: 2019-02-16 12:43:15,633 LBFGS        PARAM    0016       -353.323295          2.156999         75.296004          3.859126         83.431499
rank #0: 2019-02-16 12:43:16,233 LBFGS        PARAM    0017       -353.323303          2.156999         75.296003          3.859126         83.431499
rank #0: 2019-02-16 12:43:42,350 LBFGS        INFO     Linesearch failed in both LBFGS and gradient directions
rank #0: 2019-02-16 12:43:42,351 LBFGS        PARAM    0017       -353.323303          2.156999         75.296003          3.859126         83.431499
rank #0: 2019-02-16 12:43:42,352 rsdfit.lbfgs_fitter WARNING  ...LBFGS optimization finished. Time elapsed: 0:00:36.32
rank #0: 2019-02-16 12:43:42,353 rsdfit.lbfgs_fitter ERROR    nonlinear fit with method L-BFGS-B failed: Linesearch failed in both LBFGS and gradient directions
rank #0: 2019-02-16 12:43:42,354 rsdfit.fitting_driver INFO     rank 1 on nid01064     ...fitting complete
rank #0: 2019-02-16 12:43:42,360 rsdfit.fitting_driver INFO     rank 1 on nid01064     Saving the results to `/global/cscratch1/sd/nhand/eBOSS/fits/results/mocks/ezmock/v1.8e-fph/0.005-0.3/basemodel-N-fnl/0.8-2.2/QSO-N-0515-P0+P2-mock-cov-20503beeef/2019-02-16_nlopt_17i_chain0__1.npz`
rank #0: 2019-02-16 12:43:42,369 pyRSD.analysis.lbfgs_results INFO     
minimum chi2 = 83.4314991080335

Free parameters [ mean ]
_______________
N              : -353.3233027687605
b1             : 2.156999374477316
f_nl           : 75.29600285790163
sigma_fog      : 3.859125790661989

Constrained parameters [ mean ]
_________________________
b1sigma8       : 0.8591613457649354
