rank #0: 2018-07-16 20:28:21,591 rsdfit.fitting_driver INFO     rank 24 on nid00686     Calling the 'nlopt' solve function
rank #0: 2018-07-16 20:28:21,592 rsdfit.lbfgs_fitter INFO     running LBFGS for 500 iterations and then stopping
rank #0: 2018-07-16 20:28:21,593 rsdfit.lbfgs_fitter INFO     running LBFGS minimizer with priors
rank #0: 2018-07-16 20:28:21,594 root         INFO     Iter           N          b1        f_nl   sigma_fog   F(X)     
rank #0: 2018-07-16 20:28:22,176 LBFGS        INFO     options = {'factr': 100000.0, 'gtol': 1e-05, 'max_iter': 500, 'test_convergence': False}
rank #0: 2018-07-16 20:28:22,177 LBFGS        PARAM    0000          0.000000          2.000000          0.000000          4.000000        124.058638
rank #0: 2018-07-16 20:28:22,827 LBFGS        PARAM    0001         99.571131          2.203576          1.780283          3.932980         97.131208
rank #0: 2018-07-16 20:28:23,427 LBFGS        PARAM    0002        -10.758908          2.626224         10.250237          3.915828         80.390872
rank #0: 2018-07-16 20:28:24,028 LBFGS        PARAM    0003       -127.673789          2.564752         10.130549          4.006226         76.294934
rank #0: 2018-07-16 20:28:24,607 LBFGS        PARAM    0004       -321.774791          2.598238         13.192247          4.110601         74.029779
rank #0: 2018-07-16 20:28:25,206 LBFGS        PARAM    0005       -461.315124          2.648364         17.772778          4.128166         73.389555
rank #0: 2018-07-16 20:28:25,808 LBFGS        PARAM    0006       -490.962636          2.652019         21.960977          4.025850         73.227311
rank #0: 2018-07-16 20:28:26,405 LBFGS        PARAM    0007       -592.341644          2.640295         44.917905          3.487901         72.797364
rank #0: 2018-07-16 20:28:26,987 LBFGS        PARAM    0008       -575.446727          2.624333         60.177074          3.471509         72.663236
rank #0: 2018-07-16 20:28:27,584 LBFGS        PARAM    0009       -510.936946          2.592999         90.382508          3.567569         72.550734
rank #0: 2018-07-16 20:28:28,250 LBFGS        PARAM    0010       -512.722002          2.592030         88.304676          3.569708         72.548236
rank #0: 2018-07-16 20:28:28,834 LBFGS        PARAM    0011       -512.941292          2.594244         86.525390          3.574294         72.547627
rank #0: 2018-07-16 20:28:29,433 LBFGS        PARAM    0012       -512.971885          2.594324         86.494838          3.575397         72.547624
rank #0: 2018-07-16 20:28:30,032 LBFGS        PARAM    0013       -512.986103          2.594339         86.495620          3.575658         72.547624
rank #0: 2018-07-16 20:28:30,632 LBFGS        PARAM    0014       -512.985967          2.594339         86.495814          3.575659         72.547624
rank #0: 2018-07-16 20:28:56,395 LBFGS        INFO     Linesearch failed in both LBFGS and gradient directions
rank #0: 2018-07-16 20:28:56,397 LBFGS        PARAM    0014       -512.985967          2.594339         86.495814          3.575659         72.547624
rank #0: 2018-07-16 20:28:56,399 rsdfit.lbfgs_fitter WARNING  ...LBFGS optimization finished. Time elapsed: 0:00:34.22
rank #0: 2018-07-16 20:28:56,400 rsdfit.lbfgs_fitter ERROR    nonlinear fit with method L-BFGS-B failed: Linesearch failed in both LBFGS and gradient directions
rank #0: 2018-07-16 20:28:56,402 rsdfit.fitting_driver INFO     rank 24 on nid00686     ...fitting complete
rank #0: 2018-07-16 20:28:56,407 rsdfit.fitting_driver INFO     rank 24 on nid00686     Saving the results to `/global/cscratch1/sd/nhand/eBOSS/fits/results/mocks/ezmock/v1.8e-fph/0.005-0.3/basemodel-N-fnl/0.8-2.2/QSO-S-0885-P0+P2-mock-cov-f224d44da7/2018-07-16_nlopt_14i_chain0__1.npz`
rank #0: 2018-07-16 20:28:56,434 pyRSD.analysis.lbfgs_results INFO     
minimum chi2 = 72.547623806

Free parameters [ mean ]
_______________
N              : -512.985967431
b1             : 2.59433900971
f_nl           : 86.4958136179
sigma_fog      : 3.57565861742

Constrained parameters [ mean ]
_________________________
b1sigma8       : 0.939756519473
