rank #0: 2017-11-27 22:23:05,765 rsdfit.fitting_driver INFO     rank 22 on nid00492     Calling the 'nlopt' solve function
rank #0: 2017-11-27 22:23:05,766 rsdfit.lbfgs_fitter INFO     running LBFGS for 500 iterations and then stopping
rank #0: 2017-11-27 22:23:05,766 rsdfit.lbfgs_fitter INFO     running LBFGS minimizer with priors
rank #0: 2017-11-27 22:23:05,766 root         INFO     Iter           N          b1           f        f_nl    sigma8_z   sigma_fog   F(X)     
rank #0: 2017-11-27 22:23:06,482 LBFGS        INFO     options = {'factr': 100000.0, 'gtol': 1e-05, 'max_iter': 500, 'test_convergence': False}
rank #0: 2017-11-27 22:23:06,483 LBFGS        PARAM    0000          0.000000          2.000000          0.930924          0.000000          0.397985          4.000000        117.764119
rank #0: 2017-11-27 22:23:07,271 LBFGS        PARAM    0001          0.064057          2.003444          0.931092          0.027476          0.400366          3.999532        115.157122
rank #0: 2017-11-27 22:23:08,000 LBFGS        PARAM    0002        -26.317285          2.087255          0.935007          0.943458          0.452499          4.010033         95.169402
rank #0: 2017-11-27 22:23:08,726 LBFGS        PARAM    0003        -32.226690          2.060230          0.933668          0.726926          0.436503          4.022029         91.902967
rank #0: 2017-11-27 22:23:09,452 LBFGS        PARAM    0004        -43.716761          2.065040          0.933838          0.848271          0.439312          4.032418         91.539353
rank #0: 2017-11-27 22:23:10,176 LBFGS        PARAM    0005        -76.710834          2.070161          0.933913          1.118590          0.442147          4.063960         91.061611
rank #0: 2017-11-27 22:23:10,899 LBFGS        PARAM    0006       -173.763304          2.078152          0.933811          1.853508          0.446316          4.157791         90.033982
rank #0: 2017-11-27 22:23:11,625 LBFGS        PARAM    0007       -348.724635          2.085046          0.933354          3.128000          0.449685          4.326324         88.594566
rank #0: 2017-11-27 22:23:12,351 LBFGS        PARAM    0008       -511.170815          2.077153          0.933800          4.534605          0.448738          4.444612         87.564150
rank #0: 2017-11-27 22:23:13,078 LBFGS        PARAM    0009       -525.745227          2.073852          0.934025          4.747299          0.447895          4.446825         87.523132
rank #0: 2017-11-27 22:23:13,807 LBFGS        PARAM    0010       -523.764646          2.073110          0.934111          4.780800          0.447716          4.441558         87.521091
rank #0: 2017-11-27 22:23:14,538 LBFGS        PARAM    0011       -522.480697          2.072320          0.934262          4.867035          0.447635          4.434568         87.518899
rank #0: 2017-11-27 22:23:15,268 LBFGS        PARAM    0012       -522.751351          2.070212          0.934776          5.221426          0.447637          4.414903         87.512766
rank #0: 2017-11-27 22:23:16,000 LBFGS        PARAM    0013       -528.794810          2.067088          0.935699          5.976458          0.447945          4.383900         87.503428
rank #0: 2017-11-27 22:23:16,730 LBFGS        PARAM    0014       -542.541055          2.065832          0.936362          7.714375          0.448386          4.353908         87.491439
rank #0: 2017-11-27 22:23:17,461 LBFGS        PARAM    0015       -553.111018          2.066606          0.936451          9.320032          0.448613          4.339080         87.486103
rank #0: 2017-11-27 22:23:18,193 LBFGS        PARAM    0016       -556.922754          2.067923          0.936221         10.246791          0.448566          4.336230         87.483678
rank #0: 2017-11-27 22:23:18,926 LBFGS        PARAM    0017       -563.882796          2.072063          0.935350         12.944309          0.448144          4.329481         87.476950
rank #0: 2017-11-27 22:23:19,656 LBFGS        PARAM    0018       -574.373755          2.081287          0.933252         19.167652          0.446820          4.310856         87.462057
rank #0: 2017-11-27 22:23:20,386 LBFGS        PARAM    0019       -592.954561          2.104406          0.927769         35.283483          0.442872          4.256061         87.427557
rank #0: 2017-11-27 22:23:21,115 LBFGS        PARAM    0020       -601.310349          2.129934          0.921429         53.285510          0.437734          4.190429         87.390617
rank #0: 2017-11-27 22:23:21,844 LBFGS        PARAM    0021       -583.656900          2.136704          0.919604         58.832955          0.435177          4.168120         87.339154
rank #0: 2017-11-27 22:23:22,573 LBFGS        PARAM    0022       -555.249636          2.131008          0.920847         56.682288          0.434493          4.168869         87.313543
rank #0: 2017-11-27 22:23:23,299 LBFGS        PARAM    0023       -559.642975          2.135591          0.919786         60.501252          0.433577          4.151938         87.312099
rank #0: 2017-11-27 22:23:24,027 LBFGS        PARAM    0024       -557.146328          2.131480          0.921443         60.553159          0.434247          4.163897         87.306981
rank #0: 2017-11-27 22:23:24,757 LBFGS        PARAM    0025       -527.314831          2.091558          0.939061         68.339777          0.439946          4.283402         87.276101
rank #0: 2017-11-27 22:23:25,488 LBFGS        PARAM    0026       -522.513963          2.093405          0.940032         71.462014          0.439462          4.297163         87.275507
rank #0: 2017-11-27 22:23:26,221 LBFGS        PARAM    0027       -524.806484          2.091479          0.940317         71.118534          0.439778          4.291352         87.275178
rank #0: 2017-11-27 22:23:26,953 LBFGS        PARAM    0028       -524.906703          2.091465          0.940339         71.215032          0.439771          4.290803         87.275177
rank #0: 2017-11-27 22:23:27,687 LBFGS        PARAM    0029       -524.909695          2.091472          0.940338         71.222084          0.439768          4.290776         87.275177
rank #0: 2017-11-27 22:23:28,475 LBFGS        PARAM    0030       -524.910248          2.091472          0.940338         71.222025          0.439768          4.290774         87.275177
rank #0: 2017-11-27 22:23:29,488 LBFGS        PARAM    0031       -524.910261          2.091472          0.940338         71.222023          0.439768          4.290774         87.275177
rank #0: 2017-11-27 22:23:42,147 LBFGS        PARAM    0032       -524.910270          2.091472          0.940338         71.222022          0.439768          4.290774         87.275177
rank #0: 2017-11-27 22:23:42,987 LBFGS        PARAM    0033       -524.910271          2.091472          0.940338         71.222022          0.439768          4.290774         87.275177
rank #0: 2017-11-27 22:24:05,544 LBFGS        INFO     Linesearch failed in both LBFGS and gradient directions
rank #0: 2017-11-27 22:24:05,544 LBFGS        PARAM    0033       -524.910271          2.091472          0.940338         71.222022          0.439768          4.290774         87.275177
rank #0: 2017-11-27 22:24:05,545 rsdfit.lbfgs_fitter WARNING  ...LBFGS optimization finished. Time elapsed: 0:00:59.06
rank #0: 2017-11-27 22:24:05,545 rsdfit.lbfgs_fitter ERROR    nonlinear fit with method L-BFGS-B failed: Linesearch failed in both LBFGS and gradient directions
rank #0: 2017-11-27 22:24:05,546 rsdfit.fitting_driver INFO     rank 22 on nid00492     ...fitting complete
rank #0: 2017-11-27 22:24:05,548 rsdfit.fitting_driver INFO     rank 22 on nid00492     Saving the results to `/global/cscratch1/sd/nhand/eBOSS/fits/results/mocks/ezmock/v1.8e-fph/0.0001-0.3/basemodel-fs8-N-fnl/0.8-2.2/QSO-S-0396-P0+P2-mock-cov-0a197b956d/2017-11-27_nlopt_33i_chain0__1.npz`
rank #0: 2017-11-27 22:24:05,567 pyRSD.analysis.lbfgs_results INFO     
minimum chi2 = 87.2751765475

Free parameters [ mean ]
_______________
N              : -524.91027079
b1             : 2.0914723217
f              : 0.94033796609
f_nl           : 71.2220221707
sigma8_z       : 0.439768262695
sigma_fog      : 4.29077385588

Constrained parameters [ mean ]
_________________________
b1sigma8       : 0.91976314939
fsigma8        : 0.413530793693
