rank #0: 2017-11-27 21:43:04,331 rsdfit.fitting_driver INFO     rank 156 on nid00531     Calling the 'nlopt' solve function
rank #0: 2017-11-27 21:43:04,331 rsdfit.lbfgs_fitter INFO     running LBFGS for 500 iterations and then stopping
rank #0: 2017-11-27 21:43:04,332 rsdfit.lbfgs_fitter INFO     running LBFGS minimizer with priors
rank #0: 2017-11-27 21:43:04,332 root         INFO     Iter           N          b1           f    sigma8_z   sigma_fog   F(X)     
rank #0: 2017-11-27 21:43:04,973 LBFGS        INFO     options = {'factr': 100000.0, 'gtol': 1e-05, 'max_iter': 500, 'test_convergence': False}
rank #0: 2017-11-27 21:43:04,973 LBFGS        PARAM    0000          0.000000          2.000000          0.930924          0.397985          4.000000         89.773770
rank #0: 2017-11-27 21:43:05,685 LBFGS        PARAM    0001          0.162807          2.002852          0.931083          0.400003          3.999014         87.937996
rank #0: 2017-11-27 21:43:06,335 LBFGS        PARAM    0002        -15.723726          2.066085          0.934994          0.442100          3.978531         73.320428
rank #0: 2017-11-27 21:43:06,986 LBFGS        PARAM    0003        -22.652833          2.048533          0.934229          0.431678          3.985316         71.900383
rank #0: 2017-11-27 21:43:07,637 LBFGS        PARAM    0004        -31.490655          2.050400          0.934568          0.433357          3.985353         71.756628
rank #0: 2017-11-27 21:43:08,288 LBFGS        PARAM    0005        -66.032526          2.051685          0.935570          0.436165          3.987392         71.461260
rank #0: 2017-11-27 21:43:08,937 LBFGS        PARAM    0006       -153.102585          2.049910          0.937848          0.440195          3.993490         70.913673
rank #0: 2017-11-27 21:43:09,586 LBFGS        PARAM    0007       -309.236508          2.041169          0.941727          0.444380          4.002521         70.150999
rank #0: 2017-11-27 21:43:10,238 LBFGS        PARAM    0008       -436.493174          2.018318          0.945995          0.445319          3.929069         69.619251
rank #0: 2017-11-27 21:43:10,888 LBFGS        PARAM    0009       -444.976168          2.014744          0.946424          0.445049          3.910503         69.604594
rank #0: 2017-11-27 21:43:11,536 LBFGS        PARAM    0010       -444.059594          2.013870          0.946488          0.444944          3.901579         69.601483
rank #0: 2017-11-27 21:43:12,184 LBFGS        PARAM    0011       -442.152064          2.011838          0.946683          0.444868          3.873135         69.593531
rank #0: 2017-11-27 21:43:12,827 LBFGS        PARAM    0012       -443.130884          2.010275          0.946867          0.445018          3.835220         69.584636
rank #0: 2017-11-27 21:43:13,470 LBFGS        PARAM    0013       -449.497894          2.013146          0.945954          0.444832          3.795485         69.574705
rank #0: 2017-11-27 21:43:14,111 LBFGS        PARAM    0014       -457.432808          2.018797          0.944342          0.444339          3.762979         69.568397
rank #0: 2017-11-27 21:43:14,752 LBFGS        PARAM    0015       -462.794782          2.024249          0.942765          0.443682          3.745945         69.564272
rank #0: 2017-11-27 21:43:15,392 LBFGS        PARAM    0016       -475.969736          2.040629          0.937869          0.441364          3.701762         69.553310
rank #0: 2017-11-27 21:43:16,033 LBFGS        PARAM    0017       -491.511866          2.064415          0.930533          0.437565          3.639095         69.539624
rank #0: 2017-11-27 21:43:16,673 LBFGS        PARAM    0018       -496.902659          2.085921          0.924487          0.433063          3.559037         69.531762
rank #0: 2017-11-27 21:43:17,310 LBFGS        PARAM    0019       -495.717263          2.082281          0.925608          0.433892          3.592905         69.529761
rank #0: 2017-11-27 21:43:17,948 LBFGS        PARAM    0020       -495.273421          2.082118          0.925709          0.433896          3.598985         69.529662
rank #0: 2017-11-27 21:43:18,587 LBFGS        PARAM    0021       -495.019929          2.081866          0.925795          0.433922          3.600013         69.529658
rank #0: 2017-11-27 21:43:19,224 LBFGS        PARAM    0022       -494.981499          2.081800          0.925816          0.433930          3.600109         69.529658
rank #0: 2017-11-27 21:43:19,863 LBFGS        PARAM    0023       -494.982919          2.081795          0.925817          0.433930          3.600105         69.529658
rank #0: 2017-11-27 21:43:20,501 LBFGS        PARAM    0024       -494.983456          2.081796          0.925817          0.433930          3.600104         69.529658
rank #0: 2017-11-27 21:43:21,197 LBFGS        PARAM    0025       -494.983797          2.081796          0.925817          0.433930          3.600103         69.529658
rank #0: 2017-11-27 21:43:22,186 LBFGS        PARAM    0026       -494.983809          2.081796          0.925817          0.433930          3.600103         69.529658
rank #0: 2017-11-27 21:43:22,938 LBFGS        PARAM    0027       -494.984280          2.081797          0.925818          0.433930          3.600103         69.529658
rank #0: 2017-11-27 21:43:23,982 LBFGS        PARAM    0028       -494.984283          2.081797          0.925818          0.433930          3.600103         69.529658
rank #0: 2017-11-27 21:43:25,027 LBFGS        PARAM    0029       -494.984284          2.081797          0.925818          0.433930          3.600103         69.529658
rank #0: 2017-11-27 21:43:37,770 LBFGS        PARAM    0030       -494.984278          2.081797          0.925818          0.433930          3.600103         69.529658
rank #0: 2017-11-27 21:44:00,383 LBFGS        INFO     Linesearch failed in both LBFGS and gradient directions
rank #0: 2017-11-27 21:44:00,384 LBFGS        PARAM    0030       -494.984278          2.081797          0.925818          0.433930          3.600103         69.529658
rank #0: 2017-11-27 21:44:00,384 rsdfit.lbfgs_fitter WARNING  ...LBFGS optimization finished. Time elapsed: 0:00:55.41
rank #0: 2017-11-27 21:44:00,384 rsdfit.lbfgs_fitter ERROR    nonlinear fit with method L-BFGS-B failed: Linesearch failed in both LBFGS and gradient directions
rank #0: 2017-11-27 21:44:00,385 rsdfit.fitting_driver INFO     rank 156 on nid00531     ...fitting complete
rank #0: 2017-11-27 21:44:00,388 rsdfit.fitting_driver INFO     rank 156 on nid00531     Saving the results to `/global/cscratch1/sd/nhand/eBOSS/fits/results/mocks/ezmock/v1.8e-fph/0.0001-0.3/basemodel-fs8-N/0.8-2.2/QSO-S-0999-P0+P2-mock-cov-5d97c0eb2d/2017-11-27_nlopt_30i_chain0__1.npz`
rank #0: 2017-11-27 21:44:00,409 pyRSD.analysis.lbfgs_results INFO     
minimum chi2 = 69.5296579723

Free parameters [ mean ]
_______________
N              : -494.984277927
b1             : 2.08179701882
f              : 0.925818165014
sigma8_z       : 0.433929853943
sigma_fog      : 3.60010302655

Constrained parameters [ mean ]
_________________________
b1sigma8       : 0.903353876315
fsigma8        : 0.401740141122
