rank #0: 2018-10-08 10:17:35,038 rsdfit.fitting_driver INFO     rank 5 on nid00695     Calling the 'nlopt' solve function
rank #0: 2018-10-08 10:17:35,039 rsdfit.lbfgs_fitter INFO     running LBFGS for 500 iterations and then stopping
rank #0: 2018-10-08 10:17:35,040 rsdfit.lbfgs_fitter INFO     running LBFGS minimizer with priors
rank #0: 2018-10-08 10:17:35,041 root         INFO     Iter           N          b1        f_nl   sigma_fog   F(X)     
rank #0: 2018-10-08 10:17:35,042 rsdfit.lbfgs_fitter INFO     computing gradient using numerical derivative of lnlike()
rank #0: 2018-10-08 10:17:36,222 LBFGS        INFO     options = {'factr': 100000.0, 'gtol': 1e-05, 'max_iter': 500, 'test_convergence': False}
rank #0: 2018-10-08 10:17:36,224 LBFGS        PARAM    0000          0.000000          2.000000          0.000000          4.000000        134.693510
rank #0: 2018-10-08 10:17:37,612 LBFGS        PARAM    0001         49.591121          2.208347          1.725797          3.975618        108.470008
rank #0: 2018-10-08 10:17:38,843 LBFGS        PARAM    0002       -153.973961          2.675467         10.726172          4.181804         87.400747
rank #0: 2018-10-08 10:17:40,077 LBFGS        PARAM    0003       -325.176202          2.636289          9.682698          4.330778         80.744061
rank #0: 2018-10-08 10:17:41,335 LBFGS        PARAM    0004       -642.733489          2.703681         10.681508          4.594287         77.339913
rank #0: 2018-10-08 10:17:42,576 LBFGS        PARAM    0005       -663.707883          2.712054          8.866564          4.573077         77.285308
rank #0: 2018-10-08 10:17:43,839 LBFGS        PARAM    0006       -738.314460          2.734271         -2.395579          4.415351         77.107385
rank #0: 2018-10-08 10:17:45,080 LBFGS        PARAM    0007       -769.159790          2.739498        -13.875946          4.288819         77.022221
rank #0: 2018-10-08 10:17:46,314 LBFGS        PARAM    0008       -767.315054          2.743418        -20.657958          4.270858         77.001707
rank #0: 2018-10-08 10:17:47,569 LBFGS        PARAM    0009       -760.953600          2.743995        -23.864083          4.293489         76.996185
rank #0: 2018-10-08 10:17:48,802 LBFGS        PARAM    0010       -755.578832          2.744872        -24.673750          4.320969         76.994568
rank #0: 2018-10-08 10:17:50,059 LBFGS        PARAM    0011       -755.029483          2.745337        -24.582390          4.331363         76.994369
rank #0: 2018-10-08 10:17:51,299 LBFGS        PARAM    0012       -755.017854          2.745397        -24.568644          4.331431         76.994368
rank #0: 2018-10-08 10:17:52,543 LBFGS        PARAM    0013       -755.034047          2.745394        -24.567153          4.331404         76.994368
rank #0: 2018-10-08 10:17:53,802 LBFGS        PARAM    0014       -755.037110          2.745394        -24.567063          4.331397         76.994368
rank #0: 2018-10-08 10:17:55,041 LBFGS        PARAM    0015       -755.037281          2.745394        -24.567074          4.331397         76.994368
rank #0: 2018-10-08 10:17:56,299 LBFGS        PARAM    0016       -755.037356          2.745394        -24.567081          4.331397         76.994368
rank #0: 2018-10-08 10:17:57,814 LBFGS        PARAM    0017       -755.037356          2.745394        -24.567081          4.331397         76.994368
rank #0: 2018-10-08 10:17:59,320 LBFGS        PARAM    0018       -755.037356          2.745394        -24.567081          4.331397         76.994368
rank #0: 2018-10-08 10:18:53,943 LBFGS        INFO     Linesearch failed in both LBFGS and gradient directions
rank #0: 2018-10-08 10:18:53,944 LBFGS        PARAM    0018       -755.037356          2.745394        -24.567081          4.331397         76.994368
rank #0: 2018-10-08 10:18:53,946 rsdfit.lbfgs_fitter WARNING  ...LBFGS optimization finished. Time elapsed: 0:01:17.72
rank #0: 2018-10-08 10:18:53,947 rsdfit.lbfgs_fitter ERROR    nonlinear fit with method L-BFGS-B failed: Linesearch failed in both LBFGS and gradient directions
rank #0: 2018-10-08 10:18:53,948 rsdfit.fitting_driver INFO     rank 5 on nid00695     ...fitting complete
rank #0: 2018-10-08 10:18:53,952 rsdfit.fitting_driver INFO     rank 5 on nid00695     Saving the results to `/global/cscratch1/sd/nhand/eBOSS/fits/results/mocks/ezmock/v1.8e-fph/0.0001-0.3/basemodel-N-fnl/0.8-2.2/QSO-S-0747-P0+P2-mock-cov-98e9a706c6/2018-10-08_nlopt_18i_chain0__1.npz`
rank #0: 2018-10-08 10:18:54,052 pyRSD.analysis.lbfgs_results INFO     
minimum chi2 = 76.9943680705

Free parameters [ mean ]
_______________
N              : -755.037355856
b1             : 2.74539428099
f_nl           : -24.5670809071
sigma_fog      : 4.33139670439

Constrained parameters [ mean ]
_________________________
b1sigma8       : 0.994473800234
