rank #0: 2018-07-15 19:19:33,585 rsdfit.fitting_driver INFO     rank 11 on nid00567     Calling the 'nlopt' solve function
rank #0: 2018-07-15 19:19:33,586 rsdfit.lbfgs_fitter INFO     running LBFGS for 500 iterations and then stopping
rank #0: 2018-07-15 19:19:33,586 rsdfit.lbfgs_fitter INFO     running LBFGS minimizer with priors
rank #0: 2018-07-15 19:19:33,586 root         INFO     Iter           N          b1        f_nl   sigma_fog   F(X)     
rank #0: 2018-07-15 19:19:34,163 LBFGS        INFO     options = {'factr': 100000.0, 'gtol': 1e-05, 'max_iter': 500, 'test_convergence': False}
rank #0: 2018-07-15 19:19:34,163 LBFGS        PARAM    0000          0.000000          2.000000          0.000000          4.000000         86.738737
rank #0: 2018-07-15 19:19:34,826 LBFGS        PARAM    0001        -12.375027          2.055337          1.222828          4.007879         78.537980
rank #0: 2018-07-15 19:19:35,410 LBFGS        PARAM    0002       -172.063340          2.208332          5.998191          4.115828         65.984648
rank #0: 2018-07-15 19:19:36,006 LBFGS        PARAM    0003       -294.966757          2.233483          7.685866          4.205137         62.686317
rank #0: 2018-07-15 19:19:36,609 LBFGS        PARAM    0004       -387.961756          2.237625          9.069330          4.264799         61.765545
rank #0: 2018-07-15 19:19:37,207 LBFGS        PARAM    0005       -389.087707          2.238703          9.395535          4.260839         61.759934
rank #0: 2018-07-15 19:19:37,784 LBFGS        PARAM    0006       -392.571194          2.239947         10.832057          4.241177         61.743592
rank #0: 2018-07-15 19:19:38,376 LBFGS        PARAM    0007       -398.539440          2.239305         13.705153          4.201160         61.719232
rank #0: 2018-07-15 19:19:38,970 LBFGS        PARAM    0008       -404.884449          2.235286         17.733717          4.149253         61.693371
rank #0: 2018-07-15 19:19:39,559 LBFGS        PARAM    0009       -400.714305          2.229847         21.508986          4.149577         61.675171
rank #0: 2018-07-15 19:19:40,134 LBFGS        PARAM    0010       -395.680295          2.227665         22.099779          4.167200         61.671857
rank #0: 2018-07-15 19:19:40,722 LBFGS        PARAM    0011       -395.077840          2.227690         21.959656          4.170920         61.671797
rank #0: 2018-07-15 19:19:41,312 LBFGS        PARAM    0012       -394.962821          2.227710         21.975620          4.171553         61.671792
rank #0: 2018-07-15 19:19:41,886 LBFGS        PARAM    0013       -394.881296          2.227732         21.992562          4.171913         61.671790
rank #0: 2018-07-15 19:19:42,475 LBFGS        PARAM    0014       -394.882715          2.227732         21.993096          4.171901         61.671790
rank #0: 2018-07-15 19:19:43,065 LBFGS        PARAM    0015       -394.882864          2.227732         21.993121          4.171900         61.671790
rank #0: 2018-07-15 19:19:43,657 LBFGS        PARAM    0016       -394.882853          2.227732         21.993122          4.171900         61.671790
rank #0: 2018-07-15 19:19:44,235 LBFGS        PARAM    0017       -394.882858          2.227732         21.993122          4.171900         61.671790
rank #0: 2018-07-15 19:19:44,830 LBFGS        PARAM    0018       -394.882856          2.227732         21.993122          4.171900         61.671790
rank #0: 2018-07-15 19:19:45,425 LBFGS        PARAM    0019       -394.882857          2.227732         21.993122          4.171900         61.671790
rank #0: 2018-07-15 19:19:59,794 LBFGS        PARAM    0020       -394.882880          2.227732         21.993122          4.171900         61.671790
rank #0: 2018-07-15 19:20:25,658 LBFGS        INFO     Linesearch failed in both LBFGS and gradient directions
rank #0: 2018-07-15 19:20:25,658 LBFGS        PARAM    0020       -394.882880          2.227732         21.993122          4.171900         61.671790
rank #0: 2018-07-15 19:20:25,659 rsdfit.lbfgs_fitter WARNING  ...LBFGS optimization finished. Time elapsed: 0:00:51.50
rank #0: 2018-07-15 19:20:25,659 rsdfit.lbfgs_fitter ERROR    nonlinear fit with method L-BFGS-B failed: Linesearch failed in both LBFGS and gradient directions
rank #0: 2018-07-15 19:20:25,660 rsdfit.fitting_driver INFO     rank 11 on nid00567     ...fitting complete
rank #0: 2018-07-15 19:20:25,663 rsdfit.fitting_driver INFO     rank 11 on nid00567     Saving the results to `/global/cscratch1/sd/nhand/eBOSS/fits/results/mocks/ezmock/v1.8e-fph/0.0001-0.3/basemodel-N-fnl/0.8-2.2/QSO-N-0143-P0+P2-mock-cov-8973e9cf3e/2018-07-15_nlopt_20i_chain0__1.npz`
rank #0: 2018-07-15 19:20:25,691 pyRSD.analysis.lbfgs_results INFO     
minimum chi2 = 61.6717899933

Free parameters [ mean ]
_______________
N              : -394.882879748
b1             : 2.22773205087
f_nl           : 21.9931216629
sigma_fog      : 4.17189975423

Constrained parameters [ mean ]
_________________________
b1sigma8       : 0.887335105181
