rank #0: 2018-06-24 12:54:34,214 rsdfit.fitting_driver INFO     rank 60 on nid00546     Calling the 'nlopt' solve function
rank #0: 2018-06-24 12:54:34,215 rsdfit.lbfgs_fitter INFO     running LBFGS for 500 iterations and then stopping
rank #0: 2018-06-24 12:54:34,215 rsdfit.lbfgs_fitter INFO     running LBFGS minimizer with priors
rank #0: 2018-06-24 12:54:34,215 root         INFO     Iter           N          b1        f_nl   sigma_fog   F(X)     
rank #0: 2018-06-24 12:54:34,792 LBFGS        INFO     options = {'factr': 100000.0, 'gtol': 1e-05, 'max_iter': 500, 'test_convergence': False}
rank #0: 2018-06-24 12:54:34,793 LBFGS        PARAM    0000          0.000000          2.000000          0.000000          4.000000         92.093294
rank #0: 2018-06-24 12:54:35,462 LBFGS        PARAM    0001         11.655178          2.066907          1.285135          3.995806         85.119127
rank #0: 2018-06-24 12:54:36,062 LBFGS        PARAM    0002        -51.034841          2.219203          5.648113          4.081866         77.862993
rank #0: 2018-06-24 12:54:36,663 LBFGS        PARAM    0003       -147.104853          2.254350          7.408897          4.175404         75.796369
rank #0: 2018-06-24 12:54:37,248 LBFGS        PARAM    0004       -325.247078          2.288666         10.142243          4.396132         74.056092
rank #0: 2018-06-24 12:54:37,848 LBFGS        PARAM    0005       -318.624838          2.288403         10.294250          4.400859         74.050457
rank #0: 2018-06-24 12:54:38,450 LBFGS        PARAM    0006       -308.426578          2.287796         10.769784          4.421762         74.043032
rank #0: 2018-06-24 12:54:39,035 LBFGS        PARAM    0007       -298.856865          2.287013         11.554624          4.458043         74.036015
rank #0: 2018-06-24 12:54:39,637 LBFGS        PARAM    0008       -296.447737          2.286133         12.693190          4.487021         74.032149
rank #0: 2018-06-24 12:54:40,238 LBFGS        PARAM    0009       -296.756211          2.285856         12.966107          4.489753         74.031950
rank #0: 2018-06-24 12:54:40,841 LBFGS        PARAM    0010       -297.066543          2.285679         13.148420          4.489590         74.031864
rank #0: 2018-06-24 12:54:41,427 LBFGS        PARAM    0011       -297.426844          2.285315         13.536717          4.487680         74.031710
rank #0: 2018-06-24 12:54:42,028 LBFGS        PARAM    0012       -297.294038          2.284967         13.932340          4.484567         74.031579
rank #0: 2018-06-24 12:54:42,630 LBFGS        PARAM    0013       -296.996401          2.284870         14.031943          4.482897         74.031550
rank #0: 2018-06-24 12:54:43,216 LBFGS        PARAM    0014       -296.919862          2.284888         14.011713          4.482748         74.031549
rank #0: 2018-06-24 12:54:43,817 LBFGS        PARAM    0015       -296.910626          2.284896         14.003896          4.482775         74.031549
rank #0: 2018-06-24 12:54:44,420 LBFGS        PARAM    0016       -296.910387          2.284896         14.003350          4.482781         74.031549
rank #0: 2018-06-24 12:54:45,019 LBFGS        PARAM    0017       -296.910331          2.284896         14.003349          4.482781         74.031549
rank #0: 2018-06-24 12:54:45,675 LBFGS        PARAM    0018       -296.910331          2.284896         14.003349          4.482781         74.031549
rank #0: 2018-06-24 12:55:11,703 LBFGS        INFO     Linesearch failed in both LBFGS and gradient directions
rank #0: 2018-06-24 12:55:11,704 LBFGS        PARAM    0018       -296.910331          2.284896         14.003349          4.482781         74.031549
rank #0: 2018-06-24 12:55:11,704 rsdfit.lbfgs_fitter WARNING  ...LBFGS optimization finished. Time elapsed: 0:00:36.91
rank #0: 2018-06-24 12:55:11,704 rsdfit.lbfgs_fitter ERROR    nonlinear fit with method L-BFGS-B failed: Linesearch failed in both LBFGS and gradient directions
rank #0: 2018-06-24 12:55:11,704 rsdfit.fitting_driver INFO     rank 60 on nid00546     ...fitting complete
rank #0: 2018-06-24 12:55:11,708 rsdfit.fitting_driver INFO     rank 60 on nid00546     Saving the results to `/global/cscratch1/sd/nhand/eBOSS/fits/results/mocks/ezmock/v1.8e-fph/0.005-0.3/basemodel-N-fnl/0.8-2.2/QSO-S-0055-P0+P2-mock-cov-8973e9cf3e/2018-06-24_nlopt_18i_chain0__1.npz`
rank #0: 2018-06-24 12:55:11,781 pyRSD.analysis.lbfgs_results INFO     
minimum chi2 = 74.0315487156

Free parameters [ mean ]
_______________
N              : -296.910330798
b1             : 2.28489631439
f_nl           : 14.0033489582
sigma_fog      : 4.48278116819

Constrained parameters [ mean ]
_________________________
b1sigma8       : 0.910104386509
