rank #0: 2018-10-04 21:54:32,010 rsdfit.fitting_driver INFO     rank 14 on nid01062     Calling the 'nlopt' solve function
rank #0: 2018-10-04 21:54:32,011 rsdfit.lbfgs_fitter INFO     running LBFGS for 500 iterations and then stopping
rank #0: 2018-10-04 21:54:32,012 rsdfit.lbfgs_fitter INFO     running LBFGS minimizer with priors
rank #0: 2018-10-04 21:54:32,013 root         INFO     Iter           N          b1        f_nl   sigma_fog   F(X)     
rank #0: 2018-10-04 21:54:32,014 rsdfit.lbfgs_fitter INFO     computing gradient using numerical derivative of lnlike()
rank #0: 2018-10-04 21:54:33,176 LBFGS        INFO     options = {'factr': 100000.0, 'gtol': 1e-05, 'max_iter': 500, 'test_convergence': False}
rank #0: 2018-10-04 21:54:33,177 LBFGS        PARAM    0000          0.000000          2.000000          0.000000          4.000000        141.101803
rank #0: 2018-10-04 21:54:34,489 LBFGS        PARAM    0001          7.693264          2.150622          1.288344          4.004109        115.358698
rank #0: 2018-10-04 21:54:35,693 LBFGS        PARAM    0002       -260.896273          2.529229          7.464843          4.239133         87.102729
rank #0: 2018-10-04 21:54:36,876 LBFGS        PARAM    0003       -430.111064          2.528894          7.787577          4.428705         78.738269
rank #0: 2018-10-04 21:54:38,082 LBFGS        PARAM    0004       -665.570589          2.580614          9.366501          4.704871         75.437810
rank #0: 2018-10-04 21:54:39,266 LBFGS        PARAM    0005       -644.502588          2.570229          9.328014          4.725682         75.371345
rank #0: 2018-10-04 21:54:40,460 LBFGS        PARAM    0006       -621.284273          2.565312          9.683627          4.786102         75.306068
rank #0: 2018-10-04 21:54:41,668 LBFGS        PARAM    0007       -585.505672          2.565514         11.040315          4.941134         75.215900
rank #0: 2018-10-04 21:54:42,861 LBFGS        PARAM    0008       -582.091135          2.570057         12.661090          4.995642         75.200653
rank #0: 2018-10-04 21:54:44,073 LBFGS        PARAM    0009       -582.359636          2.570325         13.033426          4.999993         75.200171
rank #0: 2018-10-04 21:54:45,256 LBFGS        PARAM    0010       -582.387290          2.570120         13.959116          5.002898         75.199251
rank #0: 2018-10-04 21:54:46,458 LBFGS        PARAM    0011       -581.740939          2.568779         15.777101          5.000569         75.197939
rank #0: 2018-10-04 21:54:47,633 LBFGS        PARAM    0012       -580.769707          2.567384         16.534636          4.992658         75.197491
rank #0: 2018-10-04 21:54:48,815 LBFGS        PARAM    0013       -581.022489          2.567350         16.494663          4.991383         75.197486
rank #0: 2018-10-04 21:54:50,010 LBFGS        PARAM    0014       -581.044511          2.567357         16.487389          4.991278         75.197486
rank #0: 2018-10-04 21:54:51,193 LBFGS        PARAM    0015       -581.045151          2.567357         16.487279          4.991278         75.197486
rank #0: 2018-10-04 21:55:21,259 LBFGS        PARAM    0016       -581.045158          2.567357         16.487279          4.991278         75.197486
rank #0: 2018-10-04 21:55:22,581 LBFGS        PARAM    0017       -581.045170          2.567357         16.487280          4.991278         75.197486
rank #0: 2018-10-04 21:55:23,787 LBFGS        PARAM    0018       -581.045204          2.567357         16.487280          4.991277         75.197486
rank #0: 2018-10-04 21:55:24,971 LBFGS        PARAM    0019       -581.045194          2.567357         16.487280          4.991277         75.197486
rank #0: 2018-10-04 21:56:17,646 LBFGS        INFO     Linesearch failed in both LBFGS and gradient directions
rank #0: 2018-10-04 21:56:17,647 LBFGS        PARAM    0019       -581.045194          2.567357         16.487280          4.991277         75.197486
rank #0: 2018-10-04 21:56:17,648 rsdfit.lbfgs_fitter WARNING  ...LBFGS optimization finished. Time elapsed: 0:01:44.47
rank #0: 2018-10-04 21:56:17,650 rsdfit.lbfgs_fitter ERROR    nonlinear fit with method L-BFGS-B failed: Linesearch failed in both LBFGS and gradient directions
rank #0: 2018-10-04 21:56:17,651 rsdfit.fitting_driver INFO     rank 14 on nid01062     ...fitting complete
rank #0: 2018-10-04 21:56:17,655 rsdfit.fitting_driver INFO     rank 14 on nid01062     Saving the results to `/global/cscratch1/sd/nhand/eBOSS/fits/results/mocks/ezmock/v1.8e-fph/0.0001-0.3/basemodel-N-fnl/0.8-2.2/QSO-N-0912-P0+P2-mock-cov-4ae05ce33e/2018-10-04_nlopt_19i_chain0__1.npz`
rank #0: 2018-10-04 21:56:17,740 pyRSD.analysis.lbfgs_results INFO     
minimum chi2 = 75.1974859194

Free parameters [ mean ]
_______________
N              : -581.045193871
b1             : 2.56735704701
f_nl           : 16.4872803633
sigma_fog      : 4.99127747899

Constrained parameters [ mean ]
_________________________
b1sigma8       : 0.929982748482
