rank #0: 2018-06-24 14:17:47,187 rsdfit.fitting_driver INFO     rank 45 on nid00537     Calling the 'nlopt' solve function
rank #0: 2018-06-24 14:17:47,188 rsdfit.lbfgs_fitter INFO     running LBFGS for 500 iterations and then stopping
rank #0: 2018-06-24 14:17:47,189 rsdfit.lbfgs_fitter INFO     running LBFGS minimizer with priors
rank #0: 2018-06-24 14:17:47,190 root         INFO     Iter           N          b1        f_nl   sigma_fog   F(X)     
rank #0: 2018-06-24 14:17:47,768 LBFGS        INFO     options = {'factr': 100000.0, 'gtol': 1e-05, 'max_iter': 500, 'test_convergence': False}
rank #0: 2018-06-24 14:17:47,769 LBFGS        PARAM    0000          0.000000          2.000000          0.000000          4.000000        152.359540
rank #0: 2018-06-24 14:17:48,437 LBFGS        PARAM    0001         22.610322          2.124105          2.475059          3.994851        123.089610
rank #0: 2018-06-24 14:17:49,015 LBFGS        PARAM    0002       -109.287978          2.422808         11.782669          4.162174         93.322256
rank #0: 2018-06-24 14:17:49,613 LBFGS        PARAM    0003       -258.529871          2.442514         13.254403          4.297909         85.180242
rank #0: 2018-06-24 14:17:50,210 LBFGS        PARAM    0004       -528.815845          2.497243         16.240683          4.550606         79.813330
rank #0: 2018-06-24 14:17:50,797 LBFGS        PARAM    0005       -518.731550          2.488698         15.399322          4.545576         79.791955
rank #0: 2018-06-24 14:17:51,380 LBFGS        PARAM    0006       -518.913110          2.490336         15.253704          4.547744         79.788606
rank #0: 2018-06-24 14:17:51,971 LBFGS        PARAM    0007       -518.841538          2.492632         14.613916          4.554493         79.783499
rank #0: 2018-06-24 14:17:52,563 LBFGS        PARAM    0008       -518.005743          2.496087         12.880396          4.570850         79.774533
rank #0: 2018-06-24 14:17:53,139 LBFGS        PARAM    0009       -516.362281          2.499196         10.149386          4.594076         79.764622
rank #0: 2018-06-24 14:17:53,732 LBFGS        PARAM    0010       -519.355390          2.499678          7.779847          4.590158         79.759247
rank #0: 2018-06-24 14:17:54,331 LBFGS        PARAM    0011       -519.055131          2.499515          7.757847          4.590159         79.759217
rank #0: 2018-06-24 14:17:54,926 LBFGS        PARAM    0012       -518.672968          2.499352          7.777461          4.591094         79.759195
rank #0: 2018-06-24 14:17:55,505 LBFGS        PARAM    0013       -518.373748          2.499280          7.808518          4.592420         79.759185
rank #0: 2018-06-24 14:17:56,100 LBFGS        PARAM    0014       -518.308161          2.499294          7.819956          4.593005         79.759183
rank #0: 2018-06-24 14:17:56,698 LBFGS        PARAM    0015       -518.314036          2.499305          7.820108          4.593062         79.759183
rank #0: 2018-06-24 14:17:57,280 LBFGS        PARAM    0016       -518.315477          2.499306          7.819878          4.593060         79.759183
rank #0: 2018-06-24 14:17:57,875 LBFGS        PARAM    0017       -518.315616          2.499306          7.819848          4.593060         79.759183
rank #0: 2018-06-24 14:17:58,473 LBFGS        PARAM    0018       -518.315595          2.499306          7.819847          4.593060         79.759183
rank #0: 2018-06-24 14:18:24,052 LBFGS        INFO     Linesearch failed in both LBFGS and gradient directions
rank #0: 2018-06-24 14:18:24,053 LBFGS        PARAM    0018       -518.315595          2.499306          7.819847          4.593060         79.759183
rank #0: 2018-06-24 14:18:24,054 rsdfit.lbfgs_fitter WARNING  ...LBFGS optimization finished. Time elapsed: 0:00:36.29
rank #0: 2018-06-24 14:18:24,055 rsdfit.lbfgs_fitter ERROR    nonlinear fit with method L-BFGS-B failed: Linesearch failed in both LBFGS and gradient directions
rank #0: 2018-06-24 14:18:24,056 rsdfit.fitting_driver INFO     rank 45 on nid00537     ...fitting complete
rank #0: 2018-06-24 14:18:24,060 rsdfit.fitting_driver INFO     rank 45 on nid00537     Saving the results to `/global/cscratch1/sd/nhand/eBOSS/fits/results/mocks/ezmock/v1.8e-fph/0.005-0.3/basemodel-N-fnl/0.8-2.2/QSO-N-0712-P0+P2-mock-cov-1ab4f6001f/2018-06-24_nlopt_18i_chain0__1.npz`
rank #0: 2018-06-24 14:18:24,090 pyRSD.analysis.lbfgs_results INFO     
minimum chi2 = 79.7591830885

Free parameters [ mean ]
_______________
N              : -518.315594959
b1             : 2.49930614187
f_nl           : 7.81984737561
sigma_fog      : 4.59305998822

Constrained parameters [ mean ]
_________________________
b1sigma8       : 0.936953154008
