rank #0: 2018-06-24 11:31:30,458 rsdfit.fitting_driver INFO     rank 25 on nid00618     Calling the 'nlopt' solve function
rank #0: 2018-06-24 11:31:30,459 rsdfit.lbfgs_fitter INFO     running LBFGS for 500 iterations and then stopping
rank #0: 2018-06-24 11:31:30,459 rsdfit.lbfgs_fitter INFO     running LBFGS minimizer with priors
rank #0: 2018-06-24 11:31:30,460 root         INFO     Iter           N          b1        f_nl   sigma_fog   F(X)     
rank #0: 2018-06-24 11:31:31,033 LBFGS        INFO     options = {'factr': 100000.0, 'gtol': 1e-05, 'max_iter': 500, 'test_convergence': False}
rank #0: 2018-06-24 11:31:31,034 LBFGS        PARAM    0000          0.000000          2.000000          0.000000          4.000000         80.461203
rank #0: 2018-06-24 11:31:31,701 LBFGS        PARAM    0001         11.365012          2.056176          0.911161          3.972200         74.989665
rank #0: 2018-06-24 11:31:32,305 LBFGS        PARAM    0002        -45.047609          2.189849          3.715257          3.922421         69.292746
rank #0: 2018-06-24 11:31:32,909 LBFGS        PARAM    0003       -126.583252          2.214210          4.357886          3.919048         67.912028
rank #0: 2018-06-24 11:31:33,500 LBFGS        PARAM    0004       -367.012353          2.255318          3.699836          3.759836         65.872355
rank #0: 2018-06-24 11:31:34,110 LBFGS        PARAM    0005       -412.575812          2.260315          2.389488          3.633364         65.624916
rank #0: 2018-06-24 11:31:34,714 LBFGS        PARAM    0006       -479.711719          2.261259         -2.778024          3.251350         65.243538
rank #0: 2018-06-24 11:31:35,300 LBFGS        PARAM    0007       -471.393957          2.258460         -5.381508          3.217848         65.224225
rank #0: 2018-06-24 11:31:35,903 LBFGS        PARAM    0008       -469.127499          2.258445         -6.441138          3.215729         65.222561
rank #0: 2018-06-24 11:31:36,506 LBFGS        PARAM    0009       -468.962844          2.259181         -7.522297          3.218238         65.221492
rank #0: 2018-06-24 11:31:37,110 LBFGS        PARAM    0010       -471.346717          2.260738         -8.586732          3.224631         65.220773
rank #0: 2018-06-24 11:31:37,702 LBFGS        PARAM    0011       -471.467904          2.260937         -8.618440          3.225651         65.220765
rank #0: 2018-06-24 11:31:38,305 LBFGS        PARAM    0012       -471.478657          2.260926         -8.610219          3.225730         65.220765
rank #0: 2018-06-24 11:31:38,907 LBFGS        PARAM    0013       -471.482324          2.260924         -8.607561          3.225721         65.220765
rank #0: 2018-06-24 11:31:39,492 LBFGS        PARAM    0014       -471.482811          2.260925         -8.607418          3.225719         65.220765
rank #0: 2018-06-24 11:31:40,095 LBFGS        PARAM    0015       -471.482800          2.260925         -8.607416          3.225719         65.220765
rank #0: 2018-06-24 11:31:40,698 LBFGS        PARAM    0016       -471.482809          2.260925         -8.607414          3.225719         65.220765
rank #0: 2018-06-24 11:31:55,374 LBFGS        PARAM    0017       -471.482810          2.260925         -8.607414          3.225719         65.220765
rank #0: 2018-06-24 11:31:55,375 LBFGS        INFO     LBFGS iteration 17: the descent direction does not have a sufficient projection (cos(theta)=-9.03e-01, theta=154.5126) into the gradient; using steepest descent at this step!
rank #0: 2018-06-24 11:31:56,032 LBFGS        PARAM    0018       -471.482820          2.260925         -8.607414          3.225719         65.220765
rank #0: 2018-06-24 11:32:22,164 LBFGS        INFO     Linesearch failed in both LBFGS and gradient directions
rank #0: 2018-06-24 11:32:22,166 LBFGS        PARAM    0018       -471.482820          2.260925         -8.607414          3.225719         65.220765
rank #0: 2018-06-24 11:32:22,166 rsdfit.lbfgs_fitter WARNING  ...LBFGS optimization finished. Time elapsed: 0:00:51.13
rank #0: 2018-06-24 11:32:22,167 rsdfit.lbfgs_fitter ERROR    nonlinear fit with method L-BFGS-B failed: Linesearch failed in both LBFGS and gradient directions
rank #0: 2018-06-24 11:32:22,168 rsdfit.fitting_driver INFO     rank 25 on nid00618     ...fitting complete
rank #0: 2018-06-24 11:32:22,171 rsdfit.fitting_driver INFO     rank 25 on nid00618     Saving the results to `/global/cscratch1/sd/nhand/eBOSS/fits/results/mocks/ezmock/v1.8e-fph/0.0001-0.3/basemodel-N-fnl/0.8-2.2/QSO-S-0350-P0+P2-mock-cov-8973e9cf3e/2018-06-24_nlopt_18i_chain0__1.npz`
rank #0: 2018-06-24 11:32:22,198 pyRSD.analysis.lbfgs_results INFO     
minimum chi2 = 65.2207648139

Free parameters [ mean ]
_______________
N              : -471.48282
b1             : 2.26092454947
f_nl           : -8.60741429008
sigma_fog      : 3.22571908788

Constrained parameters [ mean ]
_________________________
b1sigma8       : 0.900556115863
