rank #0: 2018-10-08 10:11:21,915 rsdfit.fitting_driver INFO     rank 26 on nid00695     Calling the 'nlopt' solve function
rank #0: 2018-10-08 10:11:21,916 rsdfit.lbfgs_fitter INFO     running LBFGS for 500 iterations and then stopping
rank #0: 2018-10-08 10:11:21,917 rsdfit.lbfgs_fitter INFO     running LBFGS minimizer with priors
rank #0: 2018-10-08 10:11:21,917 root         INFO     Iter           N          b1        f_nl   sigma_fog   F(X)     
rank #0: 2018-10-08 10:11:21,918 rsdfit.lbfgs_fitter INFO     computing gradient using numerical derivative of lnlike()
rank #0: 2018-10-08 10:11:23,112 LBFGS        INFO     options = {'factr': 100000.0, 'gtol': 1e-05, 'max_iter': 500, 'test_convergence': False}
rank #0: 2018-10-08 10:11:23,114 LBFGS        PARAM    0000          0.000000          2.000000          0.000000          4.000000        134.290486
rank #0: 2018-10-08 10:11:24,488 LBFGS        PARAM    0001         70.378651          2.213806          1.847938          3.950888        105.285568
rank #0: 2018-10-08 10:11:25,745 LBFGS        PARAM    0002       -108.111955          2.689631         11.602806          4.040137         84.555961
rank #0: 2018-10-08 10:11:26,982 LBFGS        PARAM    0003       -251.980155          2.621634         10.326682          4.153019         78.209043
rank #0: 2018-10-08 10:11:28,245 LBFGS        PARAM    0004       -511.860903          2.668432         12.078840          4.313244         74.859052
rank #0: 2018-10-08 10:11:29,490 LBFGS        PARAM    0005       -628.776190          2.710257         12.665936          4.301353         74.378395
rank #0: 2018-10-08 10:11:30,734 LBFGS        PARAM    0006       -681.136345          2.719489         11.191251          4.162820         74.162429
rank #0: 2018-10-08 10:11:31,994 LBFGS        PARAM    0007       -774.395255          2.724576          5.571968          3.766196         73.910414
rank #0: 2018-10-08 10:11:33,235 LBFGS        PARAM    0008       -767.785221          2.725177          4.750903          3.778520         73.908993
rank #0: 2018-10-08 10:11:34,497 LBFGS        PARAM    0009       -767.100325          2.724912          4.524831          3.780195         73.908889
rank #0: 2018-10-08 10:11:35,732 LBFGS        PARAM    0010       -767.385201          2.724963          4.365388          3.780121         73.908864
rank #0: 2018-10-08 10:11:36,967 LBFGS        PARAM    0011       -767.767333          2.725101          4.289582          3.780020         73.908858
rank #0: 2018-10-08 10:11:38,221 LBFGS        PARAM    0012       -767.903229          2.725161          4.280555          3.779997         73.908857
rank #0: 2018-10-08 10:11:39,456 LBFGS        PARAM    0013       -767.910291          2.725166          4.281974          3.779996         73.908857
rank #0: 2018-10-08 10:11:40,713 LBFGS        PARAM    0014       -767.909986          2.725166          4.282200          3.779996         73.908857
rank #0: 2018-10-08 10:11:41,957 LBFGS        PARAM    0015       -767.909998          2.725166          4.282206          3.779996         73.908857
rank #0: 2018-10-08 10:11:43,624 LBFGS        PARAM    0016       -767.909998          2.725166          4.282206          3.779996         73.908857
rank #0: 2018-10-08 10:12:36,280 LBFGS        INFO     Linesearch failed in both LBFGS and gradient directions
rank #0: 2018-10-08 10:12:36,281 LBFGS        PARAM    0016       -767.909998          2.725166          4.282206          3.779996         73.908857
rank #0: 2018-10-08 10:12:36,282 rsdfit.lbfgs_fitter WARNING  ...LBFGS optimization finished. Time elapsed: 0:01:13.17
rank #0: 2018-10-08 10:12:36,283 rsdfit.lbfgs_fitter ERROR    nonlinear fit with method L-BFGS-B failed: Linesearch failed in both LBFGS and gradient directions
rank #0: 2018-10-08 10:12:36,285 rsdfit.fitting_driver INFO     rank 26 on nid00695     ...fitting complete
rank #0: 2018-10-08 10:12:36,288 rsdfit.fitting_driver INFO     rank 26 on nid00695     Saving the results to `/global/cscratch1/sd/nhand/eBOSS/fits/results/mocks/ezmock/v1.8e-fph/0.0001-0.3/basemodel-N-fnl/0.8-2.2/QSO-S-0507-P0+P2-mock-cov-98e9a706c6/2018-10-08_nlopt_16i_chain0__1.npz`
rank #0: 2018-10-08 10:12:36,332 pyRSD.analysis.lbfgs_results INFO     
minimum chi2 = 73.9088574451

Free parameters [ mean ]
_______________
N              : -767.909998117
b1             : 2.72516555976
f_nl           : 4.28220585457
sigma_fog      : 3.77999601034

Constrained parameters [ mean ]
_________________________
b1sigma8       : 0.987146279586
