rank #0: 2018-10-08 11:10:36,964 rsdfit.fitting_driver INFO     rank 59 on nid00691     Calling the 'nlopt' solve function
rank #0: 2018-10-08 11:10:36,964 rsdfit.lbfgs_fitter INFO     running LBFGS for 500 iterations and then stopping
rank #0: 2018-10-08 11:10:36,964 rsdfit.lbfgs_fitter INFO     running LBFGS minimizer with priors
rank #0: 2018-10-08 11:10:36,964 root         INFO     Iter           N          b1        f_nl   sigma_fog   F(X)     
rank #0: 2018-10-08 11:10:36,964 rsdfit.lbfgs_fitter INFO     computing gradient using numerical derivative of lnlike()
rank #0: 2018-10-08 11:10:38,183 LBFGS        INFO     options = {'factr': 100000.0, 'gtol': 1e-05, 'max_iter': 500, 'test_convergence': False}
rank #0: 2018-10-08 11:10:38,184 LBFGS        PARAM    0000          0.000000          2.000000          0.000000          4.000000        130.748685
rank #0: 2018-10-08 11:10:39,566 LBFGS        PARAM    0001         49.555952          2.140409          1.037737          3.989560        107.040180
rank #0: 2018-10-08 11:10:40,805 LBFGS        PARAM    0002        -46.598181          2.434012          5.032529          4.155172         87.647780
rank #0: 2018-10-08 11:10:42,064 LBFGS        PARAM    0003       -173.996134          2.457045          5.343689          4.320455         82.554070
rank #0: 2018-10-08 11:10:43,304 LBFGS        PARAM    0004       -411.518639          2.525576          5.646738          4.714516         78.672970
rank #0: 2018-10-08 11:10:44,564 LBFGS        PARAM    0005       -388.365304          2.517997          4.290963          4.795249         78.422759
rank #0: 2018-10-08 11:10:45,804 LBFGS        PARAM    0006       -278.453387          2.513827         -2.853481          5.278242         77.653176
rank #0: 2018-10-08 11:10:47,043 LBFGS        PARAM    0007       -252.185426          2.528855         -8.982182          5.471918         77.507791
rank #0: 2018-10-08 11:10:48,303 LBFGS        PARAM    0008       -248.445986          2.537710        -13.233485          5.531076         77.474562
rank #0: 2018-10-08 11:10:49,543 LBFGS        PARAM    0009       -249.408297          2.545822        -18.798318          5.561031         77.444437
rank #0: 2018-10-08 11:10:50,802 LBFGS        PARAM    0010       -256.235313          2.556739        -29.684252          5.573424         77.395276
rank #0: 2018-10-08 11:10:52,042 LBFGS        PARAM    0011       -267.846662          2.562930        -41.819008          5.543462         77.348638
rank #0: 2018-10-08 11:10:53,281 LBFGS        PARAM    0012       -275.254433          2.561346        -46.365212          5.499445         77.334303
rank #0: 2018-10-08 11:10:54,541 LBFGS        PARAM    0013       -276.361403          2.559663        -46.057990          5.485910         77.333474
rank #0: 2018-10-08 11:10:55,780 LBFGS        PARAM    0014       -276.297220          2.559252        -45.716764          5.484493         77.333448
rank #0: 2018-10-08 11:10:57,040 LBFGS        PARAM    0015       -276.255618          2.559210        -45.655549          5.484544         77.333447
rank #0: 2018-10-08 11:10:58,277 LBFGS        PARAM    0016       -276.252164          2.559210        -45.653582          5.484564         77.333447
rank #0: 2018-10-08 11:10:59,517 LBFGS        PARAM    0017       -276.252432          2.559210        -45.653544          5.484562         77.333447
rank #0: 2018-10-08 11:11:00,776 LBFGS        PARAM    0018       -276.252492          2.559210        -45.653537          5.484562         77.333447
rank #0: 2018-10-08 11:11:02,016 LBFGS        PARAM    0019       -276.252513          2.559210        -45.653538          5.484562         77.333447
rank #0: 2018-10-08 11:11:32,941 LBFGS        PARAM    0020       -276.252513          2.559210        -45.653538          5.484562         77.333447
rank #0: 2018-10-08 11:11:32,942 LBFGS        INFO     LBFGS iteration 20: the descent direction does not have a sufficient projection (cos(theta)=-9.74e-01, theta=166.8172) into the gradient; using steepest descent at this step!
rank #0: 2018-10-08 11:11:58,992 LBFGS        INFO     Linesearch failed in both LBFGS and gradient directions
rank #0: 2018-10-08 11:11:58,992 LBFGS        PARAM    0020       -276.252513          2.559210        -45.653538          5.484562         77.333447
rank #0: 2018-10-08 11:11:58,992 rsdfit.lbfgs_fitter WARNING  ...LBFGS optimization finished. Time elapsed: 0:01:20.81
rank #0: 2018-10-08 11:11:58,992 rsdfit.lbfgs_fitter ERROR    nonlinear fit with method L-BFGS-B failed: Linesearch failed in both LBFGS and gradient directions
rank #0: 2018-10-08 11:11:58,993 rsdfit.fitting_driver INFO     rank 59 on nid00691     ...fitting complete
rank #0: 2018-10-08 11:11:59,004 rsdfit.fitting_driver INFO     rank 59 on nid00691     Saving the results to `/global/cscratch1/sd/nhand/eBOSS/fits/results/mocks/ezmock/v1.8e-fph/0.005-0.3/basemodel-N-fnl/0.8-2.2/QSO-N-0063-P0+P2-mock-cov-4ae05ce33e/2018-10-08_nlopt_20i_chain0__1.npz`
rank #0: 2018-10-08 11:11:59,219 pyRSD.analysis.lbfgs_results INFO     
minimum chi2 = 77.3334474688

Free parameters [ mean ]
_______________
N              : -276.252513267
b1             : 2.55920997459
f_nl           : -45.6535382044
sigma_fog      : 5.48456209787

Constrained parameters [ mean ]
_________________________
b1sigma8       : 0.927031605861
