rank #0: 2019-02-16 13:05:48,542 rsdfit.fitting_driver INFO     rank 61 on nid00600     Calling the 'nlopt' solve function
rank #0: 2019-02-16 13:05:48,542 rsdfit.lbfgs_fitter INFO     running LBFGS for 500 iterations and then stopping
rank #0: 2019-02-16 13:05:48,542 rsdfit.lbfgs_fitter INFO     running LBFGS minimizer with priors
rank #0: 2019-02-16 13:05:48,542 root         INFO     Iter           N          b1        f_nl   sigma_fog   F(X)     
rank #0: 2019-02-16 13:05:48,542 rsdfit.lbfgs_fitter INFO     computing gradient using numerical derivative of lnlike()
rank #0: 2019-02-16 13:05:49,114 LBFGS        INFO     options = {'factr': 100000.0, 'gtol': 1e-05, 'max_iter': 500, 'test_convergence': False}
rank #0: 2019-02-16 13:05:49,115 LBFGS        PARAM    0000          0.000000          2.000000          0.000000          4.000000         93.891282
rank #0: 2019-02-16 13:05:49,761 LBFGS        PARAM    0001         -8.027230          2.053980          1.531380          4.003310         89.579330
rank #0: 2019-02-16 13:05:50,341 LBFGS        PARAM    0002       -153.599901          2.208883          8.404803          4.098433         82.742912
rank #0: 2019-02-16 13:05:50,922 LBFGS        PARAM    0003       -276.859157          2.239999         12.116113          4.193530         80.746125
rank #0: 2019-02-16 13:05:51,502 LBFGS        PARAM    0004       -380.656647          2.246175         18.257594          4.286857         79.955195
rank #0: 2019-02-16 13:05:52,083 LBFGS        PARAM    0005       -385.082405          2.246149         20.532365          4.294971         79.897228
rank #0: 2019-02-16 13:05:52,664 LBFGS        PARAM    0006       -382.985517          2.229669         49.848412          4.350402         79.421862
rank #0: 2019-02-16 13:05:53,245 LBFGS        PARAM    0007       -348.866796          2.214021         58.923837          4.324816         79.303359
rank #0: 2019-02-16 13:05:53,826 LBFGS        PARAM    0008       -332.223835          2.209169         59.422738          4.301192         79.288182
rank #0: 2019-02-16 13:05:54,406 LBFGS        PARAM    0009       -332.629890          2.209275         59.603279          4.300036         79.288100
rank #0: 2019-02-16 13:05:54,987 LBFGS        PARAM    0010       -333.360801          2.209310         59.711803          4.297128         79.288014
rank #0: 2019-02-16 13:05:55,569 LBFGS        PARAM    0011       -334.745146          2.209254         59.739606          4.290311         79.287901
rank #0: 2019-02-16 13:05:56,149 LBFGS        PARAM    0012       -335.069828          2.209182         59.651727          4.288033         79.287884
rank #0: 2019-02-16 13:05:56,730 LBFGS        PARAM    0013       -335.064347          2.209185         59.641533          4.287997         79.287884
rank #0: 2019-02-16 13:05:57,311 LBFGS        PARAM    0014       -335.061466          2.209184         59.641184          4.288008         79.287884
rank #0: 2019-02-16 13:05:57,892 LBFGS        PARAM    0015       -335.061318          2.209185         59.641171          4.288009         79.287884
rank #0: 2019-02-16 13:06:12,323 LBFGS        PARAM    0016       -335.061317          2.209185         59.641171          4.288009         79.287884
rank #0: 2019-02-16 13:06:12,324 LBFGS        INFO     LBFGS iteration 16: the descent direction does not have a sufficient projection (cos(theta)=-9.54e-01, theta=162.6366) into the gradient; using steepest descent at this step!
rank #0: 2019-02-16 13:06:13,101 LBFGS        PARAM    0017       -335.061317          2.209185         59.641171          4.288009         79.287884
rank #0: 2019-02-16 13:06:13,682 LBFGS        PARAM    0018       -335.061317          2.209185         59.641171          4.288009         79.287884
rank #0: 2019-02-16 13:06:27,370 LBFGS        PARAM    0019       -335.061315          2.209185         59.641171          4.288009         79.287884
rank #0: 2019-02-16 13:06:51,551 LBFGS        INFO     Linesearch failed in both LBFGS and gradient directions
rank #0: 2019-02-16 13:06:51,552 LBFGS        PARAM    0019       -335.061315          2.209185         59.641171          4.288009         79.287884
rank #0: 2019-02-16 13:06:51,552 rsdfit.lbfgs_fitter WARNING  ...LBFGS optimization finished. Time elapsed: 0:01:02.44
rank #0: 2019-02-16 13:06:51,552 rsdfit.lbfgs_fitter ERROR    nonlinear fit with method L-BFGS-B failed: Linesearch failed in both LBFGS and gradient directions
rank #0: 2019-02-16 13:06:51,553 rsdfit.fitting_driver INFO     rank 61 on nid00600     ...fitting complete
rank #0: 2019-02-16 13:06:51,564 rsdfit.fitting_driver INFO     rank 61 on nid00600     Saving the results to `/global/cscratch1/sd/nhand/eBOSS/fits/results/mocks/ezmock/v1.8e-fph/0.005-0.3/basemodel-N-fnl/0.8-2.2/QSO-S-0048-P0+P2-mock-cov-4b67b814a6/2019-02-16_nlopt_19i_chain0__1.npz`
rank #0: 2019-02-16 13:06:51,585 pyRSD.analysis.lbfgs_results INFO     
minimum chi2 = 79.28788442605034

Free parameters [ mean ]
_______________
N              : -335.06131519309434
b1             : 2.2091845163776727
f_nl           : 59.641170643939844
sigma_fog      : 4.2880091771582425

Constrained parameters [ mean ]
_________________________
b1sigma8       : 0.8799473771725286
