rank #0: 2018-07-16 20:35:26,265 rsdfit.fitting_driver INFO     rank 24 on nid01583     Calling the 'nlopt' solve function
rank #0: 2018-07-16 20:35:26,265 rsdfit.lbfgs_fitter INFO     running LBFGS for 500 iterations and then stopping
rank #0: 2018-07-16 20:35:26,265 rsdfit.lbfgs_fitter INFO     running LBFGS minimizer with priors
rank #0: 2018-07-16 20:35:26,265 root         INFO     Iter           N          b1        f_nl   sigma_fog   F(X)     
rank #0: 2018-07-16 20:35:26,819 LBFGS        INFO     options = {'factr': 100000.0, 'gtol': 1e-05, 'max_iter': 500, 'test_convergence': False}
rank #0: 2018-07-16 20:35:26,820 LBFGS        PARAM    0000          0.000000          2.000000          0.000000          4.000000         95.325806
rank #0: 2018-07-16 20:35:27,489 LBFGS        PARAM    0001         31.996989          2.106643          1.787966          3.970833         83.657875
rank #0: 2018-07-16 20:35:28,092 LBFGS        PARAM    0002        -62.066246          2.356154          7.285146          3.987998         72.950744
rank #0: 2018-07-16 20:35:28,691 LBFGS        PARAM    0003       -172.524671          2.368576          7.245437          4.046941         70.673588
rank #0: 2018-07-16 20:35:29,276 LBFGS        PARAM    0004       -412.469731          2.424966          6.323767          4.141030         68.852643
rank #0: 2018-07-16 20:35:29,877 LBFGS        PARAM    0005       -421.948219          2.422552          3.241219          4.093368         68.742113
rank #0: 2018-07-16 20:35:30,477 LBFGS        PARAM    0006       -490.497329          2.435117        -14.667769          3.811575         68.381684
rank #0: 2018-07-16 20:35:31,064 LBFGS        PARAM    0007       -511.417796          2.450834        -22.527821          3.763416         68.329448
rank #0: 2018-07-16 20:35:31,662 LBFGS        PARAM    0008       -514.754613          2.455199        -24.612871          3.767204         68.325179
rank #0: 2018-07-16 20:35:32,261 LBFGS        PARAM    0009       -513.833924          2.457108        -25.883143          3.782000         68.322834
rank #0: 2018-07-16 20:35:32,859 LBFGS        PARAM    0010       -509.118495          2.457141        -26.861672          3.808550         68.320941
rank #0: 2018-07-16 20:35:33,444 LBFGS        PARAM    0011       -507.795705          2.456690        -26.814553          3.812538         68.320876
rank #0: 2018-07-16 20:35:34,042 LBFGS        PARAM    0012       -507.673547          2.456587        -26.772749          3.812607         68.320875
rank #0: 2018-07-16 20:35:34,641 LBFGS        PARAM    0013       -507.676041          2.456578        -26.766933          3.812554         68.320875
rank #0: 2018-07-16 20:35:35,226 LBFGS        PARAM    0014       -507.677128          2.456578        -26.766808          3.812549         68.320875
rank #0: 2018-07-16 20:35:35,826 LBFGS        PARAM    0015       -507.677156          2.456578        -26.766818          3.812549         68.320875
rank #0: 2018-07-16 20:35:36,426 LBFGS        PARAM    0016       -507.677160          2.456578        -26.766816          3.812549         68.320875
rank #0: 2018-07-16 20:36:02,142 LBFGS        INFO     Linesearch failed in both LBFGS and gradient directions
rank #0: 2018-07-16 20:36:02,143 LBFGS        PARAM    0016       -507.677160          2.456578        -26.766816          3.812549         68.320875
rank #0: 2018-07-16 20:36:02,143 rsdfit.lbfgs_fitter WARNING  ...LBFGS optimization finished. Time elapsed: 0:00:35.32
rank #0: 2018-07-16 20:36:02,144 rsdfit.lbfgs_fitter ERROR    nonlinear fit with method L-BFGS-B failed: Linesearch failed in both LBFGS and gradient directions
rank #0: 2018-07-16 20:36:02,144 rsdfit.fitting_driver INFO     rank 24 on nid01583     ...fitting complete
rank #0: 2018-07-16 20:36:02,148 rsdfit.fitting_driver INFO     rank 24 on nid01583     Saving the results to `/global/cscratch1/sd/nhand/eBOSS/fits/results/mocks/ezmock/v1.8e-fph/0.005-0.3/basemodel-N-fnl/0.8-2.2/QSO-S-0082-P0+P2-mock-cov-1ab4f6001f/2018-07-16_nlopt_16i_chain0__1.npz`
rank #0: 2018-07-16 20:36:02,173 pyRSD.analysis.lbfgs_results INFO     
minimum chi2 = 68.3208751469

Free parameters [ mean ]
_______________
N              : -507.677160206
b1             : 2.45657779566
f_nl           : -26.7668161729
sigma_fog      : 3.81254886847

Constrained parameters [ mean ]
_________________________
b1sigma8       : 0.920934924755
