rank #0: 2018-07-16 20:26:43,484 rsdfit.fitting_driver INFO     rank 57 on nid00760     Calling the 'nlopt' solve function
rank #0: 2018-07-16 20:26:43,486 rsdfit.lbfgs_fitter INFO     running LBFGS for 500 iterations and then stopping
rank #0: 2018-07-16 20:26:43,486 rsdfit.lbfgs_fitter INFO     running LBFGS minimizer with priors
rank #0: 2018-07-16 20:26:43,487 root         INFO     Iter           N          b1        f_nl   sigma_fog   F(X)     
rank #0: 2018-07-16 20:26:44,069 LBFGS        INFO     options = {'factr': 100000.0, 'gtol': 1e-05, 'max_iter': 500, 'test_convergence': False}
rank #0: 2018-07-16 20:26:44,070 LBFGS        PARAM    0000          0.000000          2.000000          0.000000          4.000000        116.887271
rank #0: 2018-07-16 20:26:44,735 LBFGS        PARAM    0001        105.157496          2.185102          1.217374          3.911859         93.688757
rank #0: 2018-07-16 20:26:45,433 LBFGS        PARAM    0002         28.484121          2.547976          5.532809          3.786461         80.081237
rank #0: 2018-07-16 20:26:46,034 LBFGS        PARAM    0003        -15.541505          2.478748          4.019373          3.843072         78.444567
rank #0: 2018-07-16 20:26:46,634 LBFGS        PARAM    0004       -149.547104          2.465538          2.936937          3.885654         77.436944
rank #0: 2018-07-16 20:26:47,218 LBFGS        PARAM    0005       -235.573056          2.507633          2.613707          3.871501         76.265524
rank #0: 2018-07-16 20:26:47,820 LBFGS        PARAM    0006       -444.314589          2.604785         -1.189773          3.648249         74.798769
rank #0: 2018-07-16 20:26:48,422 LBFGS        PARAM    0007       -501.866110          2.616285         -4.982812          3.473581         74.470405
rank #0: 2018-07-16 20:26:49,015 LBFGS        PARAM    0008       -633.713921          2.622577        -26.497096          2.810104         73.753710
rank #0: 2018-07-16 20:26:49,618 LBFGS        PARAM    0009       -632.133461          2.626155        -35.346023          2.787264         73.685228
rank #0: 2018-07-16 20:26:50,221 LBFGS        PARAM    0010       -627.933300          2.639642        -58.245947          2.829669         73.592914
rank #0: 2018-07-16 20:26:50,829 LBFGS        PARAM    0011       -634.214750          2.647378        -64.236547          2.875533         73.583592
rank #0: 2018-07-16 20:26:51,416 LBFGS        PARAM    0012       -633.125808          2.647403        -64.360220          2.886434         73.583411
rank #0: 2018-07-16 20:26:52,018 LBFGS        PARAM    0013       -633.011805          2.647376        -64.304505          2.886908         73.583411
rank #0: 2018-07-16 20:26:52,619 LBFGS        PARAM    0014       -633.020099          2.647376        -64.296184          2.886908         73.583411
rank #0: 2018-07-16 20:26:53,203 LBFGS        PARAM    0015       -633.021633          2.647376        -64.295930          2.886905         73.583411
rank #0: 2018-07-16 20:26:53,804 LBFGS        PARAM    0016       -633.021763          2.647376        -64.295938          2.886905         73.583411
rank #0: 2018-07-16 20:26:54,405 LBFGS        PARAM    0017       -633.021725          2.647376        -64.295940          2.886905         73.583411
rank #0: 2018-07-16 20:26:55,139 LBFGS        PARAM    0018       -633.021724          2.647376        -64.295940          2.886905         73.583411
rank #0: 2018-07-16 20:26:55,858 LBFGS        PARAM    0019       -633.021724          2.647376        -64.295940          2.886905         73.583411
rank #0: 2018-07-16 20:27:21,920 LBFGS        INFO     Linesearch failed in both LBFGS and gradient directions
rank #0: 2018-07-16 20:27:21,922 LBFGS        PARAM    0019       -633.021724          2.647376        -64.295940          2.886905         73.583411
rank #0: 2018-07-16 20:27:21,923 rsdfit.lbfgs_fitter WARNING  ...LBFGS optimization finished. Time elapsed: 0:00:37.85
rank #0: 2018-07-16 20:27:21,925 rsdfit.lbfgs_fitter ERROR    nonlinear fit with method L-BFGS-B failed: Linesearch failed in both LBFGS and gradient directions
rank #0: 2018-07-16 20:27:21,926 rsdfit.fitting_driver INFO     rank 57 on nid00760     ...fitting complete
rank #0: 2018-07-16 20:27:21,930 rsdfit.fitting_driver INFO     rank 57 on nid00760     Saving the results to `/global/cscratch1/sd/nhand/eBOSS/fits/results/mocks/ezmock/v1.8e-fph/0.005-0.3/basemodel-N-fnl/0.8-2.2/QSO-S-0762-P0+P2-mock-cov-f224d44da7/2018-07-16_nlopt_19i_chain0__1.npz`
rank #0: 2018-07-16 20:27:21,962 pyRSD.analysis.lbfgs_results INFO     
minimum chi2 = 73.5834105958

Free parameters [ mean ]
_______________
N              : -633.021724067
b1             : 2.64737603767
f_nl           : -64.295939721
sigma_fog      : 2.88690466073

Constrained parameters [ mean ]
_________________________
b1sigma8       : 0.958968308143
