rank #0: 2018-10-08 10:02:35,105 rsdfit.fitting_driver INFO     rank 5 on nid00693     Calling the 'nlopt' solve function
rank #0: 2018-10-08 10:02:35,105 rsdfit.lbfgs_fitter INFO     running LBFGS for 500 iterations and then stopping
rank #0: 2018-10-08 10:02:35,106 rsdfit.lbfgs_fitter INFO     running LBFGS minimizer with priors
rank #0: 2018-10-08 10:02:35,106 root         INFO     Iter           N          b1        f_nl   sigma_fog   F(X)     
rank #0: 2018-10-08 10:02:35,106 rsdfit.lbfgs_fitter INFO     computing gradient using numerical derivative of lnlike()
rank #0: 2018-10-08 10:02:36,284 LBFGS        INFO     options = {'factr': 100000.0, 'gtol': 1e-05, 'max_iter': 500, 'test_convergence': False}
rank #0: 2018-10-08 10:02:36,285 LBFGS        PARAM    0000          0.000000          2.000000          0.000000          4.000000        130.946115
rank #0: 2018-10-08 10:02:37,661 LBFGS        PARAM    0001         16.090426          2.141344          1.426482          3.992093        108.087094
rank #0: 2018-10-08 10:02:38,919 LBFGS        PARAM    0002       -142.767575          2.457149          8.979755          4.193797         84.651486
rank #0: 2018-10-08 10:02:40,156 LBFGS        PARAM    0003       -348.518888          2.514367         12.176058          4.384012         76.895444
rank #0: 2018-10-08 10:02:41,408 LBFGS        PARAM    0004       -578.252950          2.538318         17.886737          4.638235         73.216284
rank #0: 2018-10-08 10:02:42,636 LBFGS        PARAM    0005       -576.242738          2.545089         19.661899          4.647910         73.148424
rank #0: 2018-10-08 10:02:43,867 LBFGS        PARAM    0006       -564.047585          2.548051         24.622133          4.670556         73.023873
rank #0: 2018-10-08 10:02:45,112 LBFGS        PARAM    0007       -533.992432          2.544581         38.900616          4.740184         72.780540
rank #0: 2018-10-08 10:02:46,340 LBFGS        PARAM    0008       -514.189302          2.531462         49.205535          4.786311         72.637569
rank #0: 2018-10-08 10:02:47,591 LBFGS        PARAM    0009       -513.143335          2.519900         51.740833          4.785435         72.584796
rank #0: 2018-10-08 10:02:48,824 LBFGS        PARAM    0010       -516.430591          2.518824         51.409840          4.780966         72.582864
rank #0: 2018-10-08 10:02:50,064 LBFGS        PARAM    0011       -517.230740          2.518718         51.398323          4.778476         72.582535
rank #0: 2018-10-08 10:02:51,306 LBFGS        PARAM    0012       -522.325843          2.518223         51.573125          4.756902         72.580603
rank #0: 2018-10-08 10:02:52,537 LBFGS        PARAM    0013       -524.206321          2.518227         51.898199          4.743780         72.579854
rank #0: 2018-10-08 10:02:53,793 LBFGS        PARAM    0014       -524.114440          2.518329         52.016843          4.740710         72.579756
rank #0: 2018-10-08 10:02:55,023 LBFGS        PARAM    0015       -523.960071          2.518356         52.024649          4.741072         72.579754
rank #0: 2018-10-08 10:02:56,269 LBFGS        PARAM    0016       -523.932744          2.518358         52.023796          4.741174         72.579754
rank #0: 2018-10-08 10:02:57,507 LBFGS        PARAM    0017       -523.932288          2.518358         52.023781          4.741178         72.579754
rank #0: 2018-10-08 10:02:58,741 LBFGS        PARAM    0018       -523.932292          2.518358         52.023770          4.741178         72.579754
rank #0: 2018-10-08 10:02:59,995 LBFGS        PARAM    0019       -523.932279          2.518358         52.023769          4.741178         72.579754
rank #0: 2018-10-08 10:02:59,997 LBFGS        INFO     LBFGS iteration 19: the descent direction does not have a sufficient projection (cos(theta)=-6.34e-01, theta=129.3739) into the gradient; using steepest descent at this step!
rank #0: 2018-10-08 10:03:01,509 LBFGS        PARAM    0020       -523.932279          2.518358         52.023769          4.741178         72.579754
rank #0: 2018-10-08 10:03:02,742 LBFGS        PARAM    0021       -523.932279          2.518358         52.023769          4.741178         72.579754
rank #0: 2018-10-08 10:03:55,640 LBFGS        INFO     Linesearch failed in both LBFGS and gradient directions
rank #0: 2018-10-08 10:03:55,641 LBFGS        PARAM    0021       -523.932279          2.518358         52.023769          4.741178         72.579754
rank #0: 2018-10-08 10:03:55,641 rsdfit.lbfgs_fitter WARNING  ...LBFGS optimization finished. Time elapsed: 0:01:19.36
rank #0: 2018-10-08 10:03:55,642 rsdfit.lbfgs_fitter ERROR    nonlinear fit with method L-BFGS-B failed: Linesearch failed in both LBFGS and gradient directions
rank #0: 2018-10-08 10:03:55,643 rsdfit.fitting_driver INFO     rank 5 on nid00693     ...fitting complete
rank #0: 2018-10-08 10:03:55,646 rsdfit.fitting_driver INFO     rank 5 on nid00693     Saving the results to `/global/cscratch1/sd/nhand/eBOSS/fits/results/mocks/ezmock/v1.8e-fph/0.0001-0.3/basemodel-N-fnl/0.8-2.2/QSO-N-0174-P0+P2-mock-cov-4ae05ce33e/2018-10-08_nlopt_21i_chain0__1.npz`
rank #0: 2018-10-08 10:03:55,742 pyRSD.analysis.lbfgs_results INFO     
minimum chi2 = 72.579753852

Free parameters [ mean ]
_______________
N              : -523.932278823
b1             : 2.51835843872
f_nl           : 52.023769128
sigma_fog      : 4.74117820373

Constrained parameters [ mean ]
_________________________
b1sigma8       : 0.91223381073
