rank #0: 2018-12-30 15:58:13,469 rsdfit.fitting_driver INFO     rank 50 on nid00556     Calling the 'nlopt' solve function
rank #0: 2018-12-30 15:58:13,470 rsdfit.lbfgs_fitter INFO     running LBFGS for 500 iterations and then stopping
rank #0: 2018-12-30 15:58:13,471 rsdfit.lbfgs_fitter INFO     running LBFGS minimizer with priors
rank #0: 2018-12-30 15:58:13,471 root         INFO     Iter           N          b1        f_nl   sigma_fog   F(X)     
rank #0: 2018-12-30 15:58:13,472 rsdfit.lbfgs_fitter INFO     computing gradient using numerical derivative of lnlike()
rank #0: 2018-12-30 15:58:14,062 LBFGS        INFO     options = {'factr': 100000.0, 'gtol': 1e-05, 'max_iter': 500, 'test_convergence': False}
rank #0: 2018-12-30 15:58:14,063 LBFGS        PARAM    0000          0.000000          2.000000          0.000000          4.000000         85.586964
rank #0: 2018-12-30 15:58:14,735 LBFGS        PARAM    0001        -24.066132          2.048828          1.070548          4.007792         82.482593
rank #0: 2018-12-30 15:58:15,352 LBFGS        PARAM    0002       -233.866235          2.195826          5.258075          4.111756         76.661262
rank #0: 2018-12-30 15:58:15,967 LBFGS        PARAM    0003       -368.603023          2.214739          5.803757          4.184584         75.443645
rank #0: 2018-12-30 15:58:16,562 LBFGS        PARAM    0004       -393.504222          2.214198          5.196209          4.182058         75.393189
rank #0: 2018-12-30 15:58:17,180 LBFGS        PARAM    0005       -400.401399          2.214900          4.698625          4.171230         75.382841
rank #0: 2018-12-30 15:58:17,798 LBFGS        PARAM    0006       -424.217739          2.217793          1.812665          4.100596         75.343456
rank #0: 2018-12-30 15:58:18,396 LBFGS        PARAM    0007       -431.066483          2.219410         -0.482668          4.041785         75.325252
rank #0: 2018-12-30 15:58:19,012 LBFGS        PARAM    0008       -429.107498          2.219619         -1.017874          4.029916         75.323544
rank #0: 2018-12-30 15:58:19,627 LBFGS        PARAM    0009       -428.242243          2.219582         -1.017229          4.030809         75.323504
rank #0: 2018-12-30 15:58:20,244 LBFGS        PARAM    0010       -427.948139          2.219586         -1.026019          4.031609         75.323493
rank #0: 2018-12-30 15:58:20,841 LBFGS        PARAM    0011       -427.558602          2.219652         -1.096922          4.033368         75.323467
rank #0: 2018-12-30 15:58:22,154 LBFGS        PARAM    0012       -427.611389          2.219781         -1.225324          4.034620         75.323447
rank #0: 2018-12-30 15:58:22,751 LBFGS        PARAM    0013       -427.774465          2.219822         -1.262699          4.034603         75.323446
rank #0: 2018-12-30 15:58:23,372 LBFGS        PARAM    0014       -427.803832          2.219823         -1.263725          4.034536         75.323445
rank #0: 2018-12-30 15:58:23,993 LBFGS        PARAM    0015       -427.806812          2.219823         -1.263354          4.034525         75.323445
rank #0: 2018-12-30 15:58:24,593 LBFGS        PARAM    0016       -427.806814          2.219823         -1.263315          4.034524         75.323445
rank #0: 2018-12-30 15:58:25,216 LBFGS        PARAM    0017       -427.806807          2.219823         -1.263315          4.034524         75.323445
rank #0: 2018-12-30 15:58:25,908 LBFGS        PARAM    0018       -427.806808          2.219823         -1.263315          4.034524         75.323445
rank #0: 2018-12-30 15:58:52,094 LBFGS        INFO     Linesearch failed in both LBFGS and gradient directions
rank #0: 2018-12-30 15:58:52,096 LBFGS        PARAM    0018       -427.806808          2.219823         -1.263315          4.034524         75.323445
rank #0: 2018-12-30 15:58:52,097 rsdfit.lbfgs_fitter WARNING  ...LBFGS optimization finished. Time elapsed: 0:00:38.04
rank #0: 2018-12-30 15:58:52,098 rsdfit.lbfgs_fitter ERROR    nonlinear fit with method L-BFGS-B failed: Linesearch failed in both LBFGS and gradient directions
rank #0: 2018-12-30 15:58:52,100 rsdfit.fitting_driver INFO     rank 50 on nid00556     ...fitting complete
rank #0: 2018-12-30 15:58:52,105 rsdfit.fitting_driver INFO     rank 50 on nid00556     Saving the results to `/global/cscratch1/sd/nhand/eBOSS/fits/results/mocks/ezmock/v1.8e-fph/0.0001-0.3/basemodel-N-fnl/0.8-2.2/QSO-S-0887-P0+P2-mock-cov-175f5c9b57/2018-12-30_nlopt_18i_chain0__1.npz`
rank #0: 2018-12-30 15:58:53,065 pyRSD.analysis.lbfgs_results INFO     
minimum chi2 = 75.3234454899

Free parameters [ mean ]
_______________
N              : -427.806807659
b1             : 2.21982282941
f_nl           : -1.26331455924
sigma_fog      : 4.03452414078

Constrained parameters [ mean ]
_________________________
b1sigma8       : 0.884184757788
