rank #0: 2019-02-16 14:23:21,361 rsdfit.fitting_driver INFO     rank 56 on nid00652     Calling the 'nlopt' solve function
rank #0: 2019-02-16 14:23:21,361 rsdfit.lbfgs_fitter INFO     running LBFGS for 500 iterations and then stopping
rank #0: 2019-02-16 14:23:21,361 rsdfit.lbfgs_fitter INFO     running LBFGS minimizer with priors
rank #0: 2019-02-16 14:23:21,362 root         INFO     Iter           N          b1        f_nl   sigma_fog   F(X)     
rank #0: 2019-02-16 14:23:21,362 rsdfit.lbfgs_fitter INFO     computing gradient using numerical derivative of lnlike()
rank #0: 2019-02-16 14:23:22,485 LBFGS        INFO     options = {'factr': 100000.0, 'gtol': 1e-05, 'max_iter': 500, 'test_convergence': False}
rank #0: 2019-02-16 14:23:22,485 LBFGS        PARAM    0000          0.000000          2.000000          0.000000          4.000000        107.192402
rank #0: 2019-02-16 14:23:23,750 LBFGS        PARAM    0001         83.768545          2.160004          1.035419          3.944671         88.989253
rank #0: 2019-02-16 14:23:24,888 LBFGS        PARAM    0002         11.223715          2.478649          4.614276          3.930992         77.312541
rank #0: 2019-02-16 14:23:26,029 LBFGS        PARAM    0003        -31.220440          2.434558          3.618784          4.017843         75.993093
rank #0: 2019-02-16 14:23:27,167 LBFGS        PARAM    0004       -219.155007          2.409479          2.018147          4.239902         75.712766
rank #0: 2019-02-16 14:23:28,307 LBFGS        PARAM    0005       -177.219851          2.450540          2.534431          4.193143         74.545161
rank #0: 2019-02-16 14:23:29,444 LBFGS        PARAM    0006       -210.284446          2.493699          2.219697          4.221718         74.025799
rank #0: 2019-02-16 14:23:30,582 LBFGS        PARAM    0007       -271.470864          2.524804          0.802409          4.257734         73.799178
rank #0: 2019-02-16 14:23:31,721 LBFGS        PARAM    0008       -314.615507          2.535458         -2.829896          4.206532         73.660070
rank #0: 2019-02-16 14:23:32,860 LBFGS        PARAM    0009       -432.165301          2.557213        -18.534852          3.922827         73.320364
rank #0: 2019-02-16 14:23:34,000 LBFGS        PARAM    0010       -484.662464          2.566123        -33.730216          3.696419         73.151020
rank #0: 2019-02-16 14:23:35,141 LBFGS        PARAM    0011       -514.674128          2.579855        -60.938304          3.607913         72.934380
rank #0: 2019-02-16 14:23:36,281 LBFGS        PARAM    0012       -546.633353          2.623468       -130.987988          3.588127         72.500456
rank #0: 2019-02-16 14:23:37,548 LBFGS        PARAM    0013       -572.022676          2.658599       -178.444715          3.651996         72.314318
rank #0: 2019-02-16 14:23:38,688 LBFGS        PARAM    0014       -547.976383          2.678355       -195.787003          3.792483         72.279239
rank #0: 2019-02-16 14:23:39,828 LBFGS        PARAM    0015       -539.251043          2.669491       -183.449869          3.818791         72.268904
rank #0: 2019-02-16 14:23:40,967 LBFGS        PARAM    0016       -548.167614          2.671986       -186.121097          3.813448         72.267460
rank #0: 2019-02-16 14:23:42,107 LBFGS        PARAM    0017       -548.626125          2.672952       -186.380350          3.814395         72.267341
rank #0: 2019-02-16 14:23:43,246 LBFGS        PARAM    0018       -548.921168          2.673128       -186.290048          3.814280         72.267334
rank #0: 2019-02-16 14:23:44,385 LBFGS        PARAM    0019       -548.958967          2.673130       -186.270003          3.814270         72.267334
rank #0: 2019-02-16 14:23:45,525 LBFGS        PARAM    0020       -548.959784          2.673129       -186.268642          3.814272         72.267334
rank #0: 2019-02-16 14:23:46,665 LBFGS        PARAM    0021       -548.959789          2.673129       -186.268640          3.814272         72.267334
rank #0: 2019-02-16 14:24:37,620 LBFGS        INFO     Linesearch failed in both LBFGS and gradient directions
rank #0: 2019-02-16 14:24:37,621 LBFGS        PARAM    0021       -548.959789          2.673129       -186.268640          3.814272         72.267334
rank #0: 2019-02-16 14:24:37,621 rsdfit.lbfgs_fitter WARNING  ...LBFGS optimization finished. Time elapsed: 0:01:15.14
rank #0: 2019-02-16 14:24:37,621 rsdfit.lbfgs_fitter ERROR    nonlinear fit with method L-BFGS-B failed: Linesearch failed in both LBFGS and gradient directions
rank #0: 2019-02-16 14:24:37,621 rsdfit.fitting_driver INFO     rank 56 on nid00652     ...fitting complete
rank #0: 2019-02-16 14:24:37,625 rsdfit.fitting_driver INFO     rank 56 on nid00652     Saving the results to `/global/cscratch1/sd/nhand/eBOSS/fits/results/mocks/ezmock/v1.8e-fph/0.005-0.3/basemodel-N-fnl/0.8-2.2/QSO-S-0062-P0+P2-mock-cov-be61e5bd15/2019-02-16_nlopt_21i_chain0__1.npz`
rank #0: 2019-02-16 14:24:37,669 pyRSD.analysis.lbfgs_results INFO     
minimum chi2 = 72.26733377887867

Free parameters [ mean ]
_______________
N              : -548.9597893932116
b1             : 2.6731286130245455
f_nl           : -186.26863996774114
sigma_fog      : 3.814272180341285

Constrained parameters [ mean ]
_________________________
b1sigma8       : 0.9682967538453868
