rank #0: 2018-06-24 12:54:34,164 rsdfit.fitting_driver INFO     rank 63 on nid00546     Calling the 'nlopt' solve function
rank #0: 2018-06-24 12:54:34,165 rsdfit.lbfgs_fitter INFO     running LBFGS for 500 iterations and then stopping
rank #0: 2018-06-24 12:54:34,165 rsdfit.lbfgs_fitter INFO     running LBFGS minimizer with priors
rank #0: 2018-06-24 12:54:34,165 root         INFO     Iter           N          b1        f_nl   sigma_fog   F(X)     
rank #0: 2018-06-24 12:54:34,760 LBFGS        INFO     options = {'factr': 100000.0, 'gtol': 1e-05, 'max_iter': 500, 'test_convergence': False}
rank #0: 2018-06-24 12:54:34,760 LBFGS        PARAM    0000          0.000000          2.000000          0.000000          4.000000         89.203062
rank #0: 2018-06-24 12:54:35,430 LBFGS        PARAM    0001         -6.816379          2.054626          1.643205          3.985323         84.322714
rank #0: 2018-06-24 12:54:36,027 LBFGS        PARAM    0002       -159.746262          2.220431          9.700084          3.982874         76.396312
rank #0: 2018-06-24 12:54:36,620 LBFGS        PARAM    0003       -289.169275          2.249528         14.017166          4.006489         74.022258
rank #0: 2018-06-24 12:54:37,222 LBFGS        PARAM    0004       -478.617128          2.263052         25.071669          3.930844         72.155005
rank #0: 2018-06-24 12:54:37,825 LBFGS        PARAM    0005       -521.391742          2.262922         31.187181          3.840550         71.787015
rank #0: 2018-06-24 12:54:38,412 LBFGS        PARAM    0006       -617.392817          2.246313         57.495762          3.409977         70.686415
rank #0: 2018-06-24 12:54:39,015 LBFGS        PARAM    0007       -585.653928          2.222607         76.587820          3.218431         70.180693
rank #0: 2018-06-24 12:54:39,617 LBFGS        PARAM    0008       -537.658410          2.204789         81.736826          3.213889         70.090398
rank #0: 2018-06-24 12:54:40,211 LBFGS        PARAM    0009       -528.974956          2.205045         82.863550          3.240945         70.081003
rank #0: 2018-06-24 12:54:40,806 LBFGS        PARAM    0010       -521.199214          2.204371         83.977570          3.280921         70.074545
rank #0: 2018-06-24 12:54:41,408 LBFGS        PARAM    0011       -522.452641          2.203711         84.803419          3.293437         70.073107
rank #0: 2018-06-24 12:54:42,010 LBFGS        PARAM    0012       -522.266857          2.203882         84.645419          3.294544         70.073091
rank #0: 2018-06-24 12:54:42,598 LBFGS        PARAM    0013       -522.259503          2.203886         84.646042          3.294596         70.073091
rank #0: 2018-06-24 12:54:43,200 LBFGS        PARAM    0014       -522.257958          2.203886         84.646167          3.294599         70.073091
rank #0: 2018-06-24 12:54:43,804 LBFGS        PARAM    0015       -522.257874          2.203886         84.646178          3.294599         70.073091
rank #0: 2018-06-24 12:54:58,033 LBFGS        PARAM    0016       -522.257872          2.203886         84.646178          3.294599         70.073091
rank #0: 2018-06-24 12:55:23,792 LBFGS        INFO     Linesearch failed in both LBFGS and gradient directions
rank #0: 2018-06-24 12:55:23,792 LBFGS        PARAM    0016       -522.257872          2.203886         84.646178          3.294599         70.073091
rank #0: 2018-06-24 12:55:23,793 rsdfit.lbfgs_fitter WARNING  ...LBFGS optimization finished. Time elapsed: 0:00:49.03
rank #0: 2018-06-24 12:55:23,793 rsdfit.lbfgs_fitter ERROR    nonlinear fit with method L-BFGS-B failed: Linesearch failed in both LBFGS and gradient directions
rank #0: 2018-06-24 12:55:23,794 rsdfit.fitting_driver INFO     rank 63 on nid00546     ...fitting complete
rank #0: 2018-06-24 12:55:23,797 rsdfit.fitting_driver INFO     rank 63 on nid00546     Saving the results to `/global/cscratch1/sd/nhand/eBOSS/fits/results/mocks/ezmock/v1.8e-fph/0.005-0.3/basemodel-N-fnl/0.8-2.2/QSO-S-0042-P0+P2-mock-cov-8973e9cf3e/2018-06-24_nlopt_16i_chain0__1.npz`
rank #0: 2018-06-24 12:55:23,828 pyRSD.analysis.lbfgs_results INFO     
minimum chi2 = 70.0730911987

Free parameters [ mean ]
_______________
N              : -522.257871601
b1             : 2.20388593651
f_nl           : 84.6461776058
sigma_fog      : 3.2945990371

Constrained parameters [ mean ]
_________________________
b1sigma8       : 0.877836882813
