rank #0: 2018-06-03 09:05:45,077 rsdfit.fitting_driver INFO     rank 61 on nid00680     Calling the 'nlopt' solve function
rank #0: 2018-06-03 09:05:45,077 rsdfit.lbfgs_fitter INFO     running LBFGS for 500 iterations and then stopping
rank #0: 2018-06-03 09:05:45,078 rsdfit.lbfgs_fitter INFO     running LBFGS minimizer with priors
rank #0: 2018-06-03 09:05:45,079 root         INFO     Iter           N          b1        f_nl   sigma_fog   F(X)     
rank #0: 2018-06-03 09:05:45,624 LBFGS        INFO     options = {'factr': 100000.0, 'gtol': 1e-05, 'max_iter': 500, 'test_convergence': False}
rank #0: 2018-06-03 09:05:45,626 LBFGS        PARAM    0000          0.000000          2.000000          0.000000          4.000000        106.680482
rank #0: 2018-06-03 09:05:46,247 LBFGS        PARAM    0001         10.406109          2.100031          2.381347          3.969650         95.547284
rank #0: 2018-06-03 09:05:46,802 LBFGS        PARAM    0002       -126.411300          2.370581         13.516316          3.967831         82.049639
rank #0: 2018-06-03 09:05:47,357 LBFGS        PARAM    0003       -285.248646          2.396960         16.636121          4.011936         78.349143
rank #0: 2018-06-03 09:05:47,915 LBFGS        PARAM    0004       -564.992651          2.432890         22.900073          3.982894         75.682757
rank #0: 2018-06-03 09:05:48,471 LBFGS        PARAM    0005       -593.743089          2.433297         24.034027          3.885435         75.450244
rank #0: 2018-06-03 09:05:49,025 LBFGS        PARAM    0006       -736.923637          2.424267         29.161459          3.090745         74.565516
rank #0: 2018-06-03 09:05:49,576 LBFGS        PARAM    0007       -726.479183          2.426138         26.536578          3.080095         74.554099
rank #0: 2018-06-03 09:05:50,130 LBFGS        PARAM    0008       -726.805126          2.425672         27.061819          3.080667         74.553606
rank #0: 2018-06-03 09:05:50,683 LBFGS        PARAM    0009       -725.271032          2.425037         27.365084          3.081177         74.553432
rank #0: 2018-06-03 09:05:51,235 LBFGS        PARAM    0010       -724.494731          2.424859         27.417568          3.081232         74.553415
rank #0: 2018-06-03 09:05:51,787 LBFGS        PARAM    0011       -724.455544          2.424834         27.412860          3.081208         74.553415
rank #0: 2018-06-03 09:05:52,339 LBFGS        PARAM    0012       -724.461268          2.424842         27.412798          3.081206         74.553415
rank #0: 2018-06-03 09:05:52,892 LBFGS        PARAM    0013       -724.461630          2.424842         27.412686          3.081206         74.553415
rank #0: 2018-06-03 09:05:53,507 LBFGS        PARAM    0014       -724.461635          2.424842         27.412683          3.081206         74.553415
rank #0: 2018-06-03 09:06:17,626 LBFGS        INFO     Linesearch failed in both LBFGS and gradient directions
rank #0: 2018-06-03 09:06:17,627 LBFGS        PARAM    0014       -724.461635          2.424842         27.412683          3.081206         74.553415
rank #0: 2018-06-03 09:06:17,628 rsdfit.lbfgs_fitter WARNING  ...LBFGS optimization finished. Time elapsed: 0:00:32.00
rank #0: 2018-06-03 09:06:17,629 rsdfit.lbfgs_fitter ERROR    nonlinear fit with method L-BFGS-B failed: Linesearch failed in both LBFGS and gradient directions
rank #0: 2018-06-03 09:06:17,631 rsdfit.fitting_driver INFO     rank 61 on nid00680     ...fitting complete
rank #0: 2018-06-03 09:06:17,634 rsdfit.fitting_driver INFO     rank 61 on nid00680     Saving the results to `/global/cscratch1/sd/nhand/eBOSS/fits/results/mocks/ezmock/v1.8e-fph/0.0001-0.3/basemodel-N-fnl/0.8-2.2/QSO-S-0987-P0+P2-mock-cov-1ab4f6001f/2018-06-03_nlopt_14i_chain0__1.npz`
rank #0: 2018-06-03 09:06:17,656 pyRSD.analysis.lbfgs_results INFO     
minimum chi2 = 74.5534147215

Free parameters [ mean ]
_______________
N              : -724.461635345
b1             : 2.42484189255
f_nl           : 27.4126834222
sigma_fog      : 3.08120609758

Constrained parameters [ mean ]
_________________________
b1sigma8       : 0.909037600927
