rank #0: 2018-10-08 11:18:44,440 rsdfit.fitting_driver INFO     rank 28 on nid00682     Calling the 'nlopt' solve function
rank #0: 2018-10-08 11:18:44,441 rsdfit.lbfgs_fitter INFO     running LBFGS for 500 iterations and then stopping
rank #0: 2018-10-08 11:18:44,441 rsdfit.lbfgs_fitter INFO     running LBFGS minimizer with priors
rank #0: 2018-10-08 11:18:44,442 root         INFO     Iter           N          b1        f_nl   sigma_fog   F(X)     
rank #0: 2018-10-08 11:18:44,442 rsdfit.lbfgs_fitter INFO     computing gradient using numerical derivative of lnlike()
rank #0: 2018-10-08 11:18:45,621 LBFGS        INFO     options = {'factr': 100000.0, 'gtol': 1e-05, 'max_iter': 500, 'test_convergence': False}
rank #0: 2018-10-08 11:18:45,622 LBFGS        PARAM    0000          0.000000          2.000000          0.000000          4.000000        138.965001
rank #0: 2018-10-08 11:18:46,982 LBFGS        PARAM    0001         56.040373          2.151472          1.320413          3.978722        110.717161
rank #0: 2018-10-08 11:18:48,225 LBFGS        PARAM    0002        -47.923570          2.475633          7.257504          4.116087         88.151885
rank #0: 2018-10-08 11:18:49,449 LBFGS        PARAM    0003       -175.462761          2.483004          8.353393          4.264483         82.447341
rank #0: 2018-10-08 11:18:50,695 LBFGS        PARAM    0004       -446.370713          2.559190         12.664452          4.615574         78.144296
rank #0: 2018-10-08 11:18:51,924 LBFGS        PARAM    0005       -419.505671          2.547649         13.933961          4.665615         77.978857
rank #0: 2018-10-08 11:18:53,164 LBFGS        PARAM    0006       -347.496004          2.532062         19.934572          4.885907         77.630904
rank #0: 2018-10-08 11:18:54,426 LBFGS        PARAM    0007       -303.758817          2.532925         28.205380          5.101358         77.429903
rank #0: 2018-10-08 11:18:55,658 LBFGS        PARAM    0008       -294.947524          2.534855         36.437400          5.180099         77.348002
rank #0: 2018-10-08 11:18:56,907 LBFGS        PARAM    0009       -294.336958          2.533755         45.810719          5.200450         77.293328
rank #0: 2018-10-08 11:18:58,137 LBFGS        PARAM    0010       -296.851510          2.527673         55.502719          5.166403         77.246554
rank #0: 2018-10-08 11:18:59,366 LBFGS        PARAM    0011       -297.414536          2.515391         63.272328          5.086422         77.214388
rank #0: 2018-10-08 11:19:00,617 LBFGS        PARAM    0012       -300.925987          2.515211         62.881171          5.065740         77.213342
rank #0: 2018-10-08 11:19:01,841 LBFGS        PARAM    0013       -301.548459          2.515382         62.641891          5.063189         77.213318
rank #0: 2018-10-08 11:19:03,096 LBFGS        PARAM    0014       -301.550391          2.515386         62.631045          5.063229         77.213318
rank #0: 2018-10-08 11:19:04,332 LBFGS        PARAM    0015       -301.548507          2.515387         62.630807          5.063232         77.213318
rank #0: 2018-10-08 11:19:05,566 LBFGS        PARAM    0016       -301.548498          2.515387         62.630811          5.063232         77.213318
rank #0: 2018-10-08 11:19:35,838 LBFGS        PARAM    0017       -301.548498          2.515387         62.630811          5.063232         77.213318
rank #0: 2018-10-08 11:19:37,069 LBFGS        PARAM    0018       -301.548498          2.515387         62.630811          5.063232         77.213318
rank #0: 2018-10-08 11:20:06,836 LBFGS        PARAM    0019       -301.548498          2.515387         62.630811          5.063232         77.213318
rank #0: 2018-10-08 11:20:56,605 LBFGS        INFO     Linesearch failed in both LBFGS and gradient directions
rank #0: 2018-10-08 11:20:56,606 LBFGS        PARAM    0019       -301.548498          2.515387         62.630811          5.063232         77.213318
rank #0: 2018-10-08 11:20:56,606 rsdfit.lbfgs_fitter WARNING  ...LBFGS optimization finished. Time elapsed: 0:02:10.99
rank #0: 2018-10-08 11:20:56,607 rsdfit.lbfgs_fitter ERROR    nonlinear fit with method L-BFGS-B failed: Linesearch failed in both LBFGS and gradient directions
rank #0: 2018-10-08 11:20:56,608 rsdfit.fitting_driver INFO     rank 28 on nid00682     ...fitting complete
rank #0: 2018-10-08 11:20:56,611 rsdfit.fitting_driver INFO     rank 28 on nid00682     Saving the results to `/global/cscratch1/sd/nhand/eBOSS/fits/results/mocks/ezmock/v1.8e-fph/0.005-0.3/basemodel-N-fnl/0.8-2.2/QSO-N-0356-P0+P2-mock-cov-4ae05ce33e/2018-10-08_nlopt_19i_chain0__1.npz`
rank #0: 2018-10-08 11:20:56,666 pyRSD.analysis.lbfgs_results INFO     
minimum chi2 = 77.2133177204

Free parameters [ mean ]
_______________
N              : -301.548498456
b1             : 2.51538682867
f_nl           : 62.6308110245
sigma_fog      : 5.06323178221

Constrained parameters [ mean ]
_________________________
b1sigma8       : 0.911157393998
