rank #0: 2019-02-16 14:22:15,931 rsdfit.fitting_driver INFO     rank 14 on nid01132     Calling the 'nlopt' solve function
rank #0: 2019-02-16 14:22:15,931 rsdfit.lbfgs_fitter INFO     running LBFGS for 500 iterations and then stopping
rank #0: 2019-02-16 14:22:15,931 rsdfit.lbfgs_fitter INFO     running LBFGS minimizer with priors
rank #0: 2019-02-16 14:22:15,932 root         INFO     Iter           N          b1        f_nl   sigma_fog   F(X)     
rank #0: 2019-02-16 14:22:15,932 rsdfit.lbfgs_fitter INFO     computing gradient using numerical derivative of lnlike()
rank #0: 2019-02-16 14:22:17,030 LBFGS        INFO     options = {'factr': 100000.0, 'gtol': 1e-05, 'max_iter': 500, 'test_convergence': False}
rank #0: 2019-02-16 14:22:17,031 LBFGS        PARAM    0000          0.000000          2.000000          0.000000          4.000000        115.835147
rank #0: 2019-02-16 14:22:18,283 LBFGS        PARAM    0001         47.429741          2.120802          0.966851          3.987923         95.939758
rank #0: 2019-02-16 14:22:19,410 LBFGS        PARAM    0002        -24.957609          2.369547          4.714403          4.106498         80.233803
rank #0: 2019-02-16 14:22:20,538 LBFGS        PARAM    0003       -126.524035          2.388190          5.539372          4.235699         76.669364
rank #0: 2019-02-16 14:22:21,664 LBFGS        PARAM    0004       -342.436600          2.450818          8.273783          4.583004         73.489805
rank #0: 2019-02-16 14:22:22,790 LBFGS        PARAM    0005       -322.036902          2.444003          8.779395          4.655182         73.307441
rank #0: 2019-02-16 14:22:23,917 LBFGS        PARAM    0006       -216.538718          2.433658         12.719053          5.106696         72.732668
rank #0: 2019-02-16 14:22:25,045 LBFGS        PARAM    0007       -194.564301          2.440621         16.416760          5.249747         72.664589
rank #0: 2019-02-16 14:22:26,173 LBFGS        PARAM    0008       -192.606886          2.441857         17.563787          5.270021         72.660954
rank #0: 2019-02-16 14:22:27,301 LBFGS        PARAM    0009       -191.129178          2.442094         19.230896          5.281446         72.656875
rank #0: 2019-02-16 14:22:28,429 LBFGS        PARAM    0010       -188.473426          2.440622         24.463546          5.292557         72.645921
rank #0: 2019-02-16 14:22:29,556 LBFGS        PARAM    0011       -187.042625          2.436153         31.464721          5.280080         72.633320
rank #0: 2019-02-16 14:22:30,683 LBFGS        PARAM    0012       -188.900380          2.429138         36.127966          5.230127         72.624618
rank #0: 2019-02-16 14:22:31,811 LBFGS        PARAM    0013       -189.844620          2.429277         36.034456          5.226697         72.624587
rank #0: 2019-02-16 14:22:32,937 LBFGS        PARAM    0014       -189.900536          2.429302         36.004859          5.226323         72.624587
rank #0: 2019-02-16 14:22:34,065 LBFGS        PARAM    0015       -189.899990          2.429303         36.003506          5.226323         72.624587
rank #0: 2019-02-16 14:22:35,193 LBFGS        PARAM    0016       -189.899951          2.429303         36.003399          5.226323         72.624587
rank #0: 2019-02-16 14:23:03,165 LBFGS        PARAM    0017       -189.899953          2.429303         36.003399          5.226323         72.624587
rank #0: 2019-02-16 14:23:52,150 LBFGS        INFO     Linesearch failed in both LBFGS and gradient directions
rank #0: 2019-02-16 14:23:52,151 LBFGS        PARAM    0017       -189.899953          2.429303         36.003399          5.226323         72.624587
rank #0: 2019-02-16 14:23:52,152 rsdfit.lbfgs_fitter WARNING  ...LBFGS optimization finished. Time elapsed: 0:01:35.12
rank #0: 2019-02-16 14:23:52,152 rsdfit.lbfgs_fitter ERROR    nonlinear fit with method L-BFGS-B failed: Linesearch failed in both LBFGS and gradient directions
rank #0: 2019-02-16 14:23:52,153 rsdfit.fitting_driver INFO     rank 14 on nid01132     ...fitting complete
rank #0: 2019-02-16 14:23:52,156 rsdfit.fitting_driver INFO     rank 14 on nid01132     Saving the results to `/global/cscratch1/sd/nhand/eBOSS/fits/results/mocks/ezmock/v1.8e-fph/0.005-0.3/basemodel-N-fnl/0.8-2.2/QSO-N-0125-P0+P2-mock-cov-3574198df7/2019-02-16_nlopt_17i_chain0__1.npz`
rank #0: 2019-02-16 14:23:52,162 pyRSD.analysis.lbfgs_results INFO     
minimum chi2 = 72.62458651545616

Free parameters [ mean ]
_______________
N              : -189.8999533392223
b1             : 2.429302850759332
f_nl           : 36.00339853264756
sigma_fog      : 5.226323455410721

Constrained parameters [ mean ]
_________________________
b1sigma8       : 0.8799748927291909
