rank #0: 2018-10-08 10:12:37,836 rsdfit.fitting_driver INFO     rank 44 on nid00694     Calling the 'nlopt' solve function
rank #0: 2018-10-08 10:12:37,837 rsdfit.lbfgs_fitter INFO     running LBFGS for 500 iterations and then stopping
rank #0: 2018-10-08 10:12:37,838 rsdfit.lbfgs_fitter INFO     running LBFGS minimizer with priors
rank #0: 2018-10-08 10:12:37,838 root         INFO     Iter           N          b1        f_nl   sigma_fog   F(X)     
rank #0: 2018-10-08 10:12:37,838 rsdfit.lbfgs_fitter INFO     computing gradient using numerical derivative of lnlike()
rank #0: 2018-10-08 10:12:39,018 LBFGS        INFO     options = {'factr': 100000.0, 'gtol': 1e-05, 'max_iter': 500, 'test_convergence': False}
rank #0: 2018-10-08 10:12:39,019 LBFGS        PARAM    0000          0.000000          2.000000          0.000000          4.000000        146.842873
rank #0: 2018-10-08 10:12:40,411 LBFGS        PARAM    0001          5.159772          2.153738          1.550229          3.987303        120.357751
rank #0: 2018-10-08 10:12:41,643 LBFGS        PARAM    0002       -295.712511          2.562579         10.018411          4.146835         90.557767
rank #0: 2018-10-08 10:12:42,873 LBFGS        PARAM    0003       -462.385709          2.542959         11.117482          4.294306         81.693451
rank #0: 2018-10-08 10:12:44,124 LBFGS        PARAM    0004       -716.103929          2.595203         15.326976          4.494602         78.283027
rank #0: 2018-10-08 10:12:45,354 LBFGS        PARAM    0005       -707.672423          2.587820         17.779478          4.479437         78.184081
rank #0: 2018-10-08 10:12:46,605 LBFGS        PARAM    0006       -676.964706          2.552357         41.596130          4.378526         77.663125
rank #0: 2018-10-08 10:12:47,835 LBFGS        PARAM    0007       -684.912908          2.552024         54.051098          4.357139         77.536457
rank #0: 2018-10-08 10:12:49,073 LBFGS        PARAM    0008       -696.650752          2.559882         52.182093          4.374844         77.520209
rank #0: 2018-10-08 10:12:50,334 LBFGS        PARAM    0009       -698.095343          2.560575         52.104414          4.377015         77.520058
rank #0: 2018-10-08 10:12:51,576 LBFGS        PARAM    0010       -698.000026          2.560584         52.092051          4.377410         77.520055
rank #0: 2018-10-08 10:12:52,831 LBFGS        PARAM    0011       -697.607735          2.560574         52.100577          4.379110         77.520049
rank #0: 2018-10-08 10:12:54,064 LBFGS        PARAM    0012       -697.601323          2.560572         52.103506          4.379150         77.520049
rank #0: 2018-10-08 10:12:55,295 LBFGS        PARAM    0013       -697.601231          2.560572         52.103397          4.379150         77.520049
rank #0: 2018-10-08 10:12:56,544 LBFGS        PARAM    0014       -697.601243          2.560572         52.103393          4.379150         77.520049
rank #0: 2018-10-08 10:13:51,269 LBFGS        INFO     Linesearch failed in both LBFGS and gradient directions
rank #0: 2018-10-08 10:13:51,270 LBFGS        PARAM    0014       -697.601243          2.560572         52.103393          4.379150         77.520049
rank #0: 2018-10-08 10:13:51,271 rsdfit.lbfgs_fitter WARNING  ...LBFGS optimization finished. Time elapsed: 0:01:12.25
rank #0: 2018-10-08 10:13:51,272 rsdfit.lbfgs_fitter ERROR    nonlinear fit with method L-BFGS-B failed: Linesearch failed in both LBFGS and gradient directions
rank #0: 2018-10-08 10:13:51,273 rsdfit.fitting_driver INFO     rank 44 on nid00694     ...fitting complete
rank #0: 2018-10-08 10:13:51,279 rsdfit.fitting_driver INFO     rank 44 on nid00694     Saving the results to `/global/cscratch1/sd/nhand/eBOSS/fits/results/mocks/ezmock/v1.8e-fph/0.0001-0.3/basemodel-N-fnl/0.8-2.2/QSO-N-0568-P0+P2-mock-cov-4ae05ce33e/2018-10-08_nlopt_14i_chain0__1.npz`
rank #0: 2018-10-08 10:13:52,286 pyRSD.analysis.lbfgs_results INFO     
minimum chi2 = 77.5200489056

Free parameters [ mean ]
_______________
N              : -697.601243472
b1             : 2.56057227402
f_nl           : 52.1033928852
sigma_fog      : 4.37915036177

Constrained parameters [ mean ]
_________________________
b1sigma8       : 0.927525076362
