rank #0: 2018-07-16 20:20:08,716 rsdfit.fitting_driver INFO     rank 7 on nid00686     Calling the 'nlopt' solve function
rank #0: 2018-07-16 20:20:08,716 rsdfit.lbfgs_fitter INFO     running LBFGS for 500 iterations and then stopping
rank #0: 2018-07-16 20:20:08,716 rsdfit.lbfgs_fitter INFO     running LBFGS minimizer with priors
rank #0: 2018-07-16 20:20:08,717 root         INFO     Iter           N          b1        f_nl   sigma_fog   F(X)     
rank #0: 2018-07-16 20:20:09,300 LBFGS        INFO     options = {'factr': 100000.0, 'gtol': 1e-05, 'max_iter': 500, 'test_convergence': False}
rank #0: 2018-07-16 20:20:09,301 LBFGS        PARAM    0000          0.000000          2.000000          0.000000          4.000000        115.262401
rank #0: 2018-07-16 20:20:09,953 LBFGS        PARAM    0001         53.288452          2.163997          1.536394          3.976648         98.780544
rank #0: 2018-07-16 20:20:10,548 LBFGS        PARAM    0002        -81.182805          2.527358          9.040899          4.101583         85.280944
rank #0: 2018-07-16 20:20:11,145 LBFGS        PARAM    0003       -223.000122          2.520137          9.954239          4.227517         81.773164
rank #0: 2018-07-16 20:20:11,743 LBFGS        PARAM    0004       -494.248654          2.585822         14.055993          4.474996         79.663049
rank #0: 2018-07-16 20:20:12,325 LBFGS        PARAM    0005       -480.569726          2.578906         15.415113          4.489134         79.637056
rank #0: 2018-07-16 20:20:12,923 LBFGS        PARAM    0006       -440.031672          2.563826         22.677828          4.575972         79.561561
rank #0: 2018-07-16 20:20:13,521 LBFGS        PARAM    0007       -400.979043          2.553753         34.749307          4.714594         79.484544
rank #0: 2018-07-16 20:20:14,107 LBFGS        PARAM    0008       -400.561969          2.550474         50.181747          4.723562         79.431589
rank #0: 2018-07-16 20:20:14,705 LBFGS        PARAM    0009       -410.720133          2.550439         52.530914          4.704791         79.428399
rank #0: 2018-07-16 20:20:15,304 LBFGS        PARAM    0010       -413.216336          2.550441         52.561013          4.692148         79.428079
rank #0: 2018-07-16 20:20:15,902 LBFGS        PARAM    0011       -414.046811          2.549440         52.829323          4.679212         79.427906
rank #0: 2018-07-16 20:20:16,483 LBFGS        PARAM    0012       -413.949826          2.549514         52.834539          4.679198         79.427904
rank #0: 2018-07-16 20:20:17,081 LBFGS        PARAM    0013       -413.961318          2.549515         52.829142          4.679207         79.427904
rank #0: 2018-07-16 20:20:17,678 LBFGS        PARAM    0014       -413.963438          2.549516         52.828807          4.679202         79.427904
rank #0: 2018-07-16 20:20:18,263 LBFGS        PARAM    0015       -413.963887          2.549516         52.828774          4.679201         79.427904
rank #0: 2018-07-16 20:20:18,857 LBFGS        PARAM    0016       -413.963852          2.549516         52.828778          4.679201         79.427904
rank #0: 2018-07-16 20:20:33,188 LBFGS        PARAM    0017       -413.963871          2.549516         52.828778          4.679201         79.427904
rank #0: 2018-07-16 20:20:33,846 LBFGS        PARAM    0018       -413.963870          2.549516         52.828778          4.679201         79.427904
rank #0: 2018-07-16 20:20:33,847 LBFGS        INFO     LBFGS iteration 18: the descent direction does not have a sufficient projection (cos(theta)=-9.49e-01, theta=161.6381) into the gradient; using steepest descent at this step!
rank #0: 2018-07-16 20:20:45,906 LBFGS        INFO     Linesearch failed in both LBFGS and gradient directions
rank #0: 2018-07-16 20:20:45,907 LBFGS        PARAM    0018       -413.963870          2.549516         52.828778          4.679201         79.427904
rank #0: 2018-07-16 20:20:45,907 rsdfit.lbfgs_fitter WARNING  ...LBFGS optimization finished. Time elapsed: 0:00:36.61
rank #0: 2018-07-16 20:20:45,908 rsdfit.lbfgs_fitter ERROR    nonlinear fit with method L-BFGS-B failed: Linesearch failed in both LBFGS and gradient directions
rank #0: 2018-07-16 20:20:45,909 rsdfit.fitting_driver INFO     rank 7 on nid00686     ...fitting complete
rank #0: 2018-07-16 20:20:45,912 rsdfit.fitting_driver INFO     rank 7 on nid00686     Saving the results to `/global/cscratch1/sd/nhand/eBOSS/fits/results/mocks/ezmock/v1.8e-fph/0.005-0.3/basemodel-N-fnl/0.8-2.2/QSO-S-0248-P0+P2-mock-cov-f224d44da7/2018-07-16_nlopt_18i_chain0__1.npz`
rank #0: 2018-07-16 20:20:45,947 pyRSD.analysis.lbfgs_results INFO     
minimum chi2 = 79.4279040595

Free parameters [ mean ]
_______________
N              : -413.963870286
b1             : 2.54951603151
f_nl           : 52.8287775194
sigma_fog      : 4.67920078263

Constrained parameters [ mean ]
_________________________
b1sigma8       : 0.923520134856
