rank #0: 2018-10-08 10:54:42,733 rsdfit.fitting_driver INFO     rank 12 on nid00695     Calling the 'nlopt' solve function
rank #0: 2018-10-08 10:54:42,734 rsdfit.lbfgs_fitter INFO     running LBFGS for 500 iterations and then stopping
rank #0: 2018-10-08 10:54:42,735 rsdfit.lbfgs_fitter INFO     running LBFGS minimizer with priors
rank #0: 2018-10-08 10:54:42,736 root         INFO     Iter           N          b1        f_nl   sigma_fog   F(X)     
rank #0: 2018-10-08 10:54:42,737 rsdfit.lbfgs_fitter INFO     computing gradient using numerical derivative of lnlike()
rank #0: 2018-10-08 10:54:43,900 LBFGS        INFO     options = {'factr': 100000.0, 'gtol': 1e-05, 'max_iter': 500, 'test_convergence': False}
rank #0: 2018-10-08 10:54:43,901 LBFGS        PARAM    0000          0.000000          2.000000          0.000000          4.000000        118.167487
rank #0: 2018-10-08 10:54:45,275 LBFGS        PARAM    0001         55.263396          2.142473          2.174802          3.954899         96.533089
rank #0: 2018-10-08 10:54:46,491 LBFGS        PARAM    0002        -46.231103          2.465837          8.400930          3.956094         79.703126
rank #0: 2018-10-08 10:54:47,725 LBFGS        PARAM    0003       -150.960723          2.445504          6.879424          4.029768         76.302630
rank #0: 2018-10-08 10:54:48,949 LBFGS        PARAM    0004       -391.177753          2.493076          4.773298          4.162801         73.449787
rank #0: 2018-10-08 10:54:50,166 LBFGS        PARAM    0005       -463.038727          2.524272          0.633352          4.148188         73.047354
rank #0: 2018-10-08 10:54:51,405 LBFGS        PARAM    0006       -544.772404          2.557077        -12.046975          4.033776         72.495970
rank #0: 2018-10-08 10:54:52,623 LBFGS        PARAM    0007       -644.634849          2.594193        -41.644428          3.768530         71.763099
rank #0: 2018-10-08 10:54:53,862 LBFGS        PARAM    0008       -630.198601          2.610272        -65.673551          3.831082         71.511451
rank #0: 2018-10-08 10:54:55,076 LBFGS        PARAM    0009       -623.200069          2.611277        -69.946033          3.821121         71.500788
rank #0: 2018-10-08 10:54:56,310 LBFGS        PARAM    0010       -622.852553          2.610504        -70.008244          3.819939         71.500638
rank #0: 2018-10-08 10:54:57,522 LBFGS        PARAM    0011       -622.807752          2.610388        -69.952679          3.818976         71.500631
rank #0: 2018-10-08 10:54:58,757 LBFGS        PARAM    0012       -622.867485          2.610347        -69.920142          3.818329         71.500630
rank #0: 2018-10-08 10:54:59,971 LBFGS        PARAM    0013       -622.882399          2.610351        -69.921435          3.818297         71.500630
rank #0: 2018-10-08 10:55:01,186 LBFGS        PARAM    0014       -622.885050          2.610352        -69.921859          3.818293         71.500630
rank #0: 2018-10-08 10:55:02,828 LBFGS        PARAM    0015       -622.885050          2.610352        -69.921859          3.818293         71.500630
rank #0: 2018-10-08 10:55:54,094 LBFGS        INFO     Linesearch failed in both LBFGS and gradient directions
rank #0: 2018-10-08 10:55:54,096 LBFGS        PARAM    0015       -622.885050          2.610352        -69.921859          3.818293         71.500630
rank #0: 2018-10-08 10:55:54,097 rsdfit.lbfgs_fitter WARNING  ...LBFGS optimization finished. Time elapsed: 0:01:10.20
rank #0: 2018-10-08 10:55:54,098 rsdfit.lbfgs_fitter ERROR    nonlinear fit with method L-BFGS-B failed: Linesearch failed in both LBFGS and gradient directions
rank #0: 2018-10-08 10:55:54,100 rsdfit.fitting_driver INFO     rank 12 on nid00695     ...fitting complete
rank #0: 2018-10-08 10:55:54,103 rsdfit.fitting_driver INFO     rank 12 on nid00695     Saving the results to `/global/cscratch1/sd/nhand/eBOSS/fits/results/mocks/ezmock/v1.8e-fph/0.005-0.3/basemodel-N-fnl/0.8-2.2/QSO-S-0993-P0+P2-mock-cov-96ccb1008d/2018-10-08_nlopt_15i_chain0__1.npz`
rank #0: 2018-10-08 10:55:54,155 pyRSD.analysis.lbfgs_results INFO     
minimum chi2 = 71.5006303687

Free parameters [ mean ]
_______________
N              : -622.885050402
b1             : 2.61035163335
f_nl           : -69.9218589736
sigma_fog      : 3.81829299806

Constrained parameters [ mean ]
_________________________
b1sigma8       : 0.978582477338
