rank #0: 2018-06-24 13:02:26,966 rsdfit.fitting_driver INFO     rank 16 on nid00543     Calling the 'nlopt' solve function
rank #0: 2018-06-24 13:02:26,967 rsdfit.lbfgs_fitter INFO     running LBFGS for 500 iterations and then stopping
rank #0: 2018-06-24 13:02:26,967 rsdfit.lbfgs_fitter INFO     running LBFGS minimizer with priors
rank #0: 2018-06-24 13:02:26,968 root         INFO     Iter           N          b1        f_nl   sigma_fog   F(X)     
rank #0: 2018-06-24 13:02:27,534 LBFGS        INFO     options = {'factr': 100000.0, 'gtol': 1e-05, 'max_iter': 500, 'test_convergence': False}
rank #0: 2018-06-24 13:02:27,535 LBFGS        PARAM    0000          0.000000          2.000000          0.000000          4.000000        100.229954
rank #0: 2018-06-24 13:02:28,194 LBFGS        PARAM    0001        -11.722338          2.061627          1.406637          4.008320         90.069376
rank #0: 2018-06-24 13:02:28,791 LBFGS        PARAM    0002       -178.795670          2.228971          6.947980          4.126509         75.143635
rank #0: 2018-06-24 13:02:29,372 LBFGS        PARAM    0003       -306.195474          2.253998          8.932708          4.223640         71.199088
rank #0: 2018-06-24 13:02:29,969 LBFGS        PARAM    0004       -414.908104          2.259815         11.068941          4.300018         69.926022
rank #0: 2018-06-24 13:02:30,566 LBFGS        PARAM    0005       -416.129582          2.260839         11.621585          4.296396         69.914782
rank #0: 2018-06-24 13:02:31,160 LBFGS        PARAM    0006       -421.404432          2.262022         15.821427          4.264715         69.855918
rank #0: 2018-06-24 13:02:31,741 LBFGS        PARAM    0007       -426.968685          2.258475         22.502628          4.212870         69.787825
rank #0: 2018-06-24 13:02:32,336 LBFGS        PARAM    0008       -428.462423          2.249091         30.619750          4.160955         69.724315
rank #0: 2018-06-24 13:02:32,933 LBFGS        PARAM    0009       -422.917975          2.242374         34.102112          4.161516         69.701508
rank #0: 2018-06-24 13:02:33,513 LBFGS        PARAM    0010       -418.762183          2.240101         34.544893          4.174476         69.697380
rank #0: 2018-06-24 13:02:34,109 LBFGS        PARAM    0011       -416.971277          2.239833         34.523758          4.182847         69.696318
rank #0: 2018-06-24 13:02:34,705 LBFGS        PARAM    0012       -413.674801          2.239860         34.768824          4.198959         69.694638
rank #0: 2018-06-24 13:02:35,300 LBFGS        PARAM    0013       -412.713979          2.240156         35.095975          4.203621         69.694224
rank #0: 2018-06-24 13:02:35,878 LBFGS        PARAM    0014       -412.753664          2.240229         35.136051          4.203339         69.694214
rank #0: 2018-06-24 13:02:36,472 LBFGS        PARAM    0015       -412.791413          2.240236         35.137959          4.203156         69.694213
rank #0: 2018-06-24 13:02:37,068 LBFGS        PARAM    0016       -412.795840          2.240236         35.137951          4.203135         69.694213
rank #0: 2018-06-24 13:02:37,645 LBFGS        PARAM    0017       -412.795915          2.240236         35.137959          4.203134         69.694213
rank #0: 2018-06-24 13:03:03,464 LBFGS        INFO     Linesearch failed in both LBFGS and gradient directions
rank #0: 2018-06-24 13:03:03,465 LBFGS        PARAM    0017       -412.795915          2.240236         35.137959          4.203134         69.694213
rank #0: 2018-06-24 13:03:03,466 rsdfit.lbfgs_fitter WARNING  ...LBFGS optimization finished. Time elapsed: 0:00:35.93
rank #0: 2018-06-24 13:03:03,467 rsdfit.lbfgs_fitter ERROR    nonlinear fit with method L-BFGS-B failed: Linesearch failed in both LBFGS and gradient directions
rank #0: 2018-06-24 13:03:03,468 rsdfit.fitting_driver INFO     rank 16 on nid00543     ...fitting complete
rank #0: 2018-06-24 13:03:03,472 rsdfit.fitting_driver INFO     rank 16 on nid00543     Saving the results to `/global/cscratch1/sd/nhand/eBOSS/fits/results/mocks/ezmock/v1.8e-fph/0.005-0.3/basemodel-N-fnl/0.8-2.2/QSO-N-0661-P0+P2-mock-cov-8973e9cf3e/2018-06-24_nlopt_17i_chain0__1.npz`
rank #0: 2018-06-24 13:03:03,498 pyRSD.analysis.lbfgs_results INFO     
minimum chi2 = 69.6942133497

Free parameters [ mean ]
_______________
N              : -412.795915315
b1             : 2.24023606224
f_nl           : 35.1379588465
sigma_fog      : 4.20313414979

Constrained parameters [ mean ]
_________________________
b1sigma8       : 0.892315618094
