rank #0: 2017-11-27 20:43:22,491 rsdfit.fitting_driver INFO     rank 206 on nid00803     Calling the 'nlopt' solve function
rank #0: 2017-11-27 20:43:22,492 rsdfit.lbfgs_fitter INFO     running LBFGS for 500 iterations and then stopping
rank #0: 2017-11-27 20:43:22,492 rsdfit.lbfgs_fitter INFO     running LBFGS minimizer with priors
rank #0: 2017-11-27 20:43:22,492 root         INFO     Iter           N          b1        f_nl   sigma_fog   F(X)     
rank #0: 2017-11-27 20:43:22,992 LBFGS        INFO     options = {'factr': 100000.0, 'gtol': 1e-05, 'max_iter': 500, 'test_convergence': False}
rank #0: 2017-11-27 20:43:22,992 LBFGS        PARAM    0000          0.000000          2.000000          0.000000          4.000000         85.465278
rank #0: 2017-11-27 20:43:23,561 LBFGS        PARAM    0001         10.058012          2.108027          0.777076          3.980781         73.812996
rank #0: 2017-11-27 20:43:24,072 LBFGS        PARAM    0002        -35.865016          2.312201          3.537098          3.983556         66.358452
rank #0: 2017-11-27 20:43:24,585 LBFGS        PARAM    0003        -78.910077          2.285253          3.241285          4.011431         65.661306
rank #0: 2017-11-27 20:43:25,095 LBFGS        PARAM    0004       -173.955209          2.281525          3.431210          4.061471         65.039969
rank #0: 2017-11-27 20:43:25,605 LBFGS        PARAM    0005       -338.636404          2.301675          4.040642          4.124596         64.480959
rank #0: 2017-11-27 20:43:26,116 LBFGS        PARAM    0006       -389.367404          2.315011          3.757009          4.057101         64.388093
rank #0: 2017-11-27 20:43:26,628 LBFGS        PARAM    0007       -406.071575          2.318464          3.377927          4.007067         64.372763
rank #0: 2017-11-27 20:43:27,137 LBFGS        PARAM    0008       -414.447800          2.318099          2.852584          3.962735         64.364938
rank #0: 2017-11-27 20:43:27,645 LBFGS        PARAM    0009       -416.362963          2.315913          1.638862          3.938436         64.361233
rank #0: 2017-11-27 20:43:28,153 LBFGS        PARAM    0010       -415.467778          2.315607          1.241131          3.935455         64.360915
rank #0: 2017-11-27 20:43:28,663 LBFGS        PARAM    0011       -414.495572          2.315586          0.362326          3.933608         64.360337
rank #0: 2017-11-27 20:43:29,172 LBFGS        PARAM    0012       -414.390528          2.316375         -1.476816          3.934813         64.359343
rank #0: 2017-11-27 20:43:29,681 LBFGS        PARAM    0013       -417.498911          2.318219         -3.017150          3.941299         64.358688
rank #0: 2017-11-27 20:43:30,189 LBFGS        PARAM    0014       -417.011119          2.318227         -3.045307          3.943730         64.358675
rank #0: 2017-11-27 20:43:30,701 LBFGS        PARAM    0015       -416.937859          2.318220         -3.033306          3.944073         64.358675
rank #0: 2017-11-27 20:43:31,212 LBFGS        PARAM    0016       -416.939153          2.318220         -3.031505          3.944076         64.358675
rank #0: 2017-11-27 20:43:31,724 LBFGS        PARAM    0017       -416.939636          2.318220         -3.031224          3.944075         64.358675
rank #0: 2017-11-27 20:43:32,292 LBFGS        PARAM    0018       -416.939636          2.318220         -3.031224          3.944075         64.358675
rank #0: 2017-11-27 20:43:54,566 LBFGS        INFO     Linesearch failed in both LBFGS and gradient directions
rank #0: 2017-11-27 20:43:54,566 LBFGS        PARAM    0018       -416.939636          2.318220         -3.031224          3.944075         64.358675
rank #0: 2017-11-27 20:43:54,566 rsdfit.lbfgs_fitter WARNING  ...LBFGS optimization finished. Time elapsed: 0:00:31.57
rank #0: 2017-11-27 20:43:54,567 rsdfit.lbfgs_fitter ERROR    nonlinear fit with method L-BFGS-B failed: Linesearch failed in both LBFGS and gradient directions
rank #0: 2017-11-27 20:43:54,567 rsdfit.fitting_driver INFO     rank 206 on nid00803     ...fitting complete
rank #0: 2017-11-27 20:43:54,569 rsdfit.fitting_driver INFO     rank 206 on nid00803     Saving the results to `/global/cscratch1/sd/nhand/eBOSS/fits/results/mocks/ezmock/v1.8e-fph/0.0001-0.3/basemodel-N-fnl/0.8-2.2/QSO-S-0421-P0+P2-mock-cov-a9f629560d/2017-11-27_nlopt_18i_chain0__1.npz`
rank #0: 2017-11-27 20:43:54,588 pyRSD.analysis.lbfgs_results INFO     
minimum chi2 = 64.3586747001

Free parameters [ mean ]
_______________
N              : -416.939636374
b1             : 2.31821950894
f_nl           : -3.03122379716
sigma_fog      : 3.94407514155

Constrained parameters [ mean ]
_________________________
b1sigma8       : 0.922615619648
