rank #0: 2017-11-27 21:24:11,827 rsdfit.fitting_driver INFO     rank 168 on nid00578     Calling the 'nlopt' solve function
rank #0: 2017-11-27 21:24:11,828 rsdfit.lbfgs_fitter INFO     running LBFGS for 500 iterations and then stopping
rank #0: 2017-11-27 21:24:11,828 rsdfit.lbfgs_fitter INFO     running LBFGS minimizer with priors
rank #0: 2017-11-27 21:24:11,828 root         INFO     Iter           N   alpha_par   alpha_perp          b1           f    sigma8_z   sigma_fog   F(X)     
rank #0: 2017-11-27 21:24:12,699 LBFGS        INFO     options = {'factr': 100000.0, 'gtol': 1e-05, 'max_iter': 500, 'test_convergence': False}
rank #0: 2017-11-27 21:24:12,700 LBFGS        PARAM    0000          0.000000          1.000000          1.000000          2.000000          0.930924          0.397985          4.000000         78.417473
rank #0: 2017-11-27 21:24:13,660 LBFGS        PARAM    0001          0.097542          0.999949          0.999887          2.001404          0.930997          0.398966          3.999688         77.832897
rank #0: 2017-11-27 21:24:14,562 LBFGS        PARAM    0002         -7.358128          0.998823          0.997181          2.038700          0.932993          0.423944          3.997241         71.424329
rank #0: 2017-11-27 21:24:15,462 LBFGS        PARAM    0003        -13.163990          0.999225          0.997923          2.032645          0.932726          0.420170          4.002595         71.177195
rank #0: 2017-11-27 21:24:16,366 LBFGS        PARAM    0004        -19.983355          0.999431          0.998192          2.032883          0.932794          0.420459          4.007222         71.124580
rank #0: 2017-11-27 21:24:17,266 LBFGS        PARAM    0005       -280.157698          1.009629          1.010705          2.038056          0.935559          0.429719          4.180699         70.027486
rank #0: 2017-11-27 21:24:18,171 LBFGS        PARAM    0006       -343.471757          1.023162          1.024633          2.038742          0.937889          0.435520          4.203374         69.621166
rank #0: 2017-11-27 21:24:19,077 LBFGS        PARAM    0007       -655.750348          1.113586          1.148000          2.073387          0.944601          0.475471          4.599978         69.178699
rank #0: 2017-11-27 21:24:19,980 LBFGS        PARAM    0008       -520.313615          1.088856          1.094358          2.027281          0.947889          0.462836          4.412948         68.576881
rank #0: 2017-11-27 21:24:20,886 LBFGS        PARAM    0009       -511.223901          1.087086          1.095407          2.032970          0.946664          0.462497          4.436781         68.556243
rank #0: 2017-11-27 21:24:21,784 LBFGS        PARAM    0010       -494.097292          1.085100          1.094156          2.034917          0.945878          0.461709          4.450324         68.549541
rank #0: 2017-11-27 21:24:22,688 LBFGS        PARAM    0011       -480.847330          1.085004          1.093327          2.034902          0.945641          0.461427          4.467981         68.543580
rank #0: 2017-11-27 21:24:23,587 LBFGS        PARAM    0012       -438.047348          1.089739          1.090138          2.032891          0.945860          0.461563          4.578936         68.513872
rank #0: 2017-11-27 21:24:24,492 LBFGS        PARAM    0013       -393.735904          1.102120          1.084929          2.029949          0.946901          0.462769          4.784251         68.476135
rank #0: 2017-11-27 21:24:25,400 LBFGS        PARAM    0014       -390.844520          1.114269          1.080541          2.038088          0.945041          0.462669          4.924180         68.454957
rank #0: 2017-11-27 21:24:26,306 LBFGS        PARAM    0015       -399.773179          1.119907          1.078696          2.045867          0.942810          0.461989          4.969624         68.450383
rank #0: 2017-11-27 21:24:27,215 LBFGS        PARAM    0016       -403.558164          1.122010          1.077471          2.053407          0.940265          0.460802          4.974189         68.448224
rank #0: 2017-11-27 21:24:28,126 LBFGS        PARAM    0017       -407.287085          1.125658          1.075044          2.073080          0.933098          0.457494          4.967586         68.444651
rank #0: 2017-11-27 21:24:29,036 LBFGS        PARAM    0018       -405.607984          1.125836          1.074570          2.078488          0.930992          0.456480          4.958987         68.444137
rank #0: 2017-11-27 21:24:29,951 LBFGS        PARAM    0019       -404.365895          1.125531          1.074612          2.078854          0.930792          0.456374          4.956441         68.444092
rank #0: 2017-11-27 21:24:30,862 LBFGS        PARAM    0020       -404.158476          1.125461          1.074631          2.078665          0.930852          0.456399          4.956535         68.444091
rank #0: 2017-11-27 21:24:31,771 LBFGS        PARAM    0021       -404.146788          1.125458          1.074634          2.078635          0.930863          0.456405          4.956630         68.444091
rank #0: 2017-11-27 21:24:32,679 LBFGS        PARAM    0022       -404.146085          1.125458          1.074634          2.078636          0.930863          0.456404          4.956645         68.444091
rank #0: 2017-11-27 21:24:33,587 LBFGS        PARAM    0023       -404.147034          1.125459          1.074634          2.078637          0.930863          0.456404          4.956647         68.444091
rank #0: 2017-11-27 21:24:47,552 LBFGS        PARAM    0024       -404.147012          1.125459          1.074634          2.078637          0.930863          0.456404          4.956647         68.444091
rank #0: 2017-11-27 21:24:48,588 LBFGS        PARAM    0025       -404.147007          1.125459          1.074634          2.078637          0.930863          0.456404          4.956647         68.444091
rank #0: 2017-11-27 21:25:13,411 LBFGS        INFO     Linesearch failed in both LBFGS and gradient directions
rank #0: 2017-11-27 21:25:13,412 LBFGS        PARAM    0025       -404.147007          1.125459          1.074634          2.078637          0.930863          0.456404          4.956647         68.444091
rank #0: 2017-11-27 21:25:13,412 rsdfit.lbfgs_fitter WARNING  ...LBFGS optimization finished. Time elapsed: 0:01:00.71
rank #0: 2017-11-27 21:25:13,412 rsdfit.lbfgs_fitter ERROR    nonlinear fit with method L-BFGS-B failed: Linesearch failed in both LBFGS and gradient directions
rank #0: 2017-11-27 21:25:13,413 rsdfit.fitting_driver INFO     rank 168 on nid00578     ...fitting complete
rank #0: 2017-11-27 21:25:13,416 rsdfit.fitting_driver INFO     rank 168 on nid00578     Saving the results to `/global/cscratch1/sd/nhand/eBOSS/fits/results/mocks/ezmock/v1.8e-fph/0.0001-0.3/basemodel-fs8-alphas-N/0.8-2.2/QSO-S-0301-P0+P2-mock-cov-976ba3841e/2017-11-27_nlopt_25i_chain0__1.npz`
rank #0: 2017-11-27 21:25:13,441 pyRSD.analysis.lbfgs_results INFO     
minimum chi2 = 68.4440909336

Free parameters [ mean ]
_______________
N              : -404.1470072
alpha_par      : 1.12545856141
alpha_perp     : 1.07463353227
b1             : 2.07863684864
f              : 0.930863038998
sigma8_z       : 0.456404227281
sigma_fog      : 4.9566470367

Constrained parameters [ mean ]
_________________________
F_AP           : 1.04729521983
alpha          : 1.09131492575
b1sigma8       : 0.948698644701
epsilon        : 0.015522867081
fsigma8        : 0.424849826018
