rank #0: 2017-11-25 11:59:56,347 rsdfit.fitting_driver INFO     rank 121 on nid00479     Calling the 'nlopt' solve function
rank #0: 2017-11-25 11:59:56,347 rsdfit.lbfgs_fitter INFO     running LBFGS for 500 iterations and then stopping
rank #0: 2017-11-25 11:59:56,348 rsdfit.lbfgs_fitter INFO     running LBFGS minimizer with priors
rank #0: 2017-11-25 11:59:56,348 root         INFO     Iter           N          b1        f_nl   sigma_fog   F(X)     
rank #0: 2017-11-25 11:59:56,395 root         INFO     analytic derivative for parameter 'N' not available; no registered subclass for dPkmu/dN
rank #0: 2017-11-25 11:59:56,683 LBFGS        INFO     options = {'factr': 100000.0, 'gtol': 1e-05, 'max_iter': 500, 'test_convergence': False}
rank #0: 2017-11-25 11:59:56,684 LBFGS        PARAM    0000          0.000000          2.000000          0.000000          4.000000        164.668039
rank #0: 2017-11-25 11:59:57,081 LBFGS        PARAM    0001          9.164929          2.048798          0.363866          3.989615        143.477569
rank #0: 2017-11-25 11:59:57,422 LBFGS        PARAM    0002        -53.171963          2.165579          1.726031          4.020855        119.187507
rank #0: 2017-11-25 11:59:57,762 LBFGS        PARAM    0003       -140.667654          2.204287          2.497027          4.071872        110.784529
rank #0: 2017-11-25 11:59:58,103 LBFGS        PARAM    0004       -349.858105          2.250097          4.206682          4.092329        101.871324
rank #0: 2017-11-25 11:59:58,445 LBFGS        PARAM    0005       -363.412730          2.252480          4.678138          4.079489        101.757810
rank #0: 2017-11-25 11:59:58,787 LBFGS        PARAM    0006       -373.051281          2.253141          5.701972          4.052681        101.584487
rank #0: 2017-11-25 11:59:59,130 LBFGS        PARAM    0007       -386.033424          2.251863          9.606583          3.988234        101.198601
rank #0: 2017-11-25 11:59:59,472 LBFGS        PARAM    0008       -403.266028          2.249153         18.433625          3.925857        100.835791
rank #0: 2017-11-25 11:59:59,814 LBFGS        PARAM    0009       -401.220360          2.246551         25.233103          3.915839        100.694500
rank #0: 2017-11-25 12:00:00,157 LBFGS        PARAM    0010       -383.468244          2.233072         53.898742          3.915563        100.511376
rank #0: 2017-11-25 12:00:24,263 LBFGS        INFO     Linesearch failed in both LBFGS and gradient directions
rank #0: 2017-11-25 12:00:24,263 LBFGS        PARAM    0010       -383.468244          2.233072         53.898742          3.915563        100.511376
rank #0: 2017-11-25 12:00:24,264 rsdfit.lbfgs_fitter WARNING  ...LBFGS optimization finished. Time elapsed: 0:00:27.58
rank #0: 2017-11-25 12:00:24,264 rsdfit.lbfgs_fitter ERROR    nonlinear fit with method L-BFGS-B failed: Linesearch failed in both LBFGS and gradient directions
rank #0: 2017-11-25 12:00:24,265 rsdfit.fitting_driver INFO     rank 121 on nid00479     ...fitting complete
rank #0: 2017-11-25 12:00:24,273 rsdfit.fitting_driver INFO     rank 121 on nid00479     Saving the results to `/global/project/projectdirs/m779/nhand/Research/eBOSS/fits/results/mocks/ezmock/v1.8e-fph/0.0001-0.3/basemodel-N-fnl/0.8-2.2/QSO-N-0615-P0+P2-d10badba55/2017-11-25_nlopt_10i_chain0__1.npz`
rank #0: 2017-11-25 12:00:24,319 pyRSD.analysis.lbfgs_results INFO     
minimum chi2 = 100.511376433

Free parameters [ mean ]
_______________
N              : -383.468243658
b1             : 2.23307199479
f_nl           : 53.8987419943
sigma_fog      : 3.91556278371

Constrained parameters [ mean ]
_________________________
b1sigma8       : 0.888919737865
