rank #0: 2017-11-25 12:01:30,403 rsdfit.fitting_driver INFO     rank 55 on nid00485     Calling the 'nlopt' solve function
rank #0: 2017-11-25 12:01:30,403 rsdfit.lbfgs_fitter INFO     running LBFGS for 500 iterations and then stopping
rank #0: 2017-11-25 12:01:30,404 rsdfit.lbfgs_fitter INFO     running LBFGS minimizer with priors
rank #0: 2017-11-25 12:01:30,404 root         INFO     Iter           N          b1        f_nl   sigma_fog   F(X)     
rank #0: 2017-11-25 12:01:30,451 root         INFO     analytic derivative for parameter 'N' not available; no registered subclass for dPkmu/dN
rank #0: 2017-11-25 12:01:30,743 LBFGS        INFO     options = {'factr': 100000.0, 'gtol': 1e-05, 'max_iter': 500, 'test_convergence': False}
rank #0: 2017-11-25 12:01:30,744 LBFGS        PARAM    0000          0.000000          2.000000          0.000000          4.000000        127.500971
rank #0: 2017-11-25 12:01:31,147 LBFGS        PARAM    0001          3.396715          2.029173          0.338910          3.985100        122.649846
rank #0: 2017-11-25 12:01:31,492 LBFGS        PARAM    0002        -46.335558          2.106886          1.857562          3.959976        116.054231
rank #0: 2017-11-25 12:01:31,835 LBFGS        PARAM    0003       -116.455567          2.137592          3.085404          3.948079        113.489374
rank #0: 2017-11-25 12:01:32,179 LBFGS        PARAM    0004       -316.159312          2.184027          7.449198          3.776464        109.584430
rank #0: 2017-11-25 12:01:32,523 LBFGS        PARAM    0005       -357.935198          2.180719         10.617370          3.649057        108.728813
rank #0: 2017-11-25 12:01:32,868 LBFGS        PARAM    0006       -383.456381          2.172557         15.478995          3.494646        108.014639
rank #0: 2017-11-25 12:01:33,212 LBFGS        PARAM    0007       -405.665696          2.169095         22.421098          3.340504        107.534046
rank #0: 2017-11-25 12:01:33,556 LBFGS        PARAM    0008       -444.841464          2.160443         41.676471          3.134974        107.032639
rank #0: 2017-11-25 12:01:33,900 LBFGS        PARAM    0009       -437.437505          2.157606         55.352451          3.140303        106.511167
rank #0: 2017-11-25 12:01:34,244 LBFGS        PARAM    0010       -399.576512          2.127649        149.543929          3.140400        105.714709
rank #0: 2017-11-25 12:01:34,588 LBFGS        PARAM    0011       -369.857331          2.127959        112.397040          3.309426        105.271636
rank #0: 2017-11-25 12:01:34,933 LBFGS        PARAM    0012       -359.145287          2.134881        113.704305          3.367692        105.178384
rank #0: 2017-11-25 12:01:35,277 LBFGS        PARAM    0013       -365.798270          2.135790        119.769318          3.327414        105.162590
rank #0: 2017-11-25 12:01:35,681 LBFGS        PARAM    0014       -367.888632          2.135281        120.077292          3.316097        105.161914
rank #0: 2017-11-25 12:01:36,025 LBFGS        PARAM    0015       -370.421124          2.134023        118.902417          3.303354        105.161876
rank #0: 2017-11-25 12:01:36,369 LBFGS        PARAM    0016       -369.463772          2.134304        118.812364          3.308510        105.160394
rank #0: 2017-11-25 12:01:36,714 LBFGS        PARAM    0017       -369.252752          2.134386        118.815333          3.309612        105.160140
rank #0: 2017-11-25 12:01:59,783 LBFGS        INFO     Linesearch failed in both LBFGS and gradient directions
rank #0: 2017-11-25 12:01:59,783 LBFGS        PARAM    0017       -369.252752          2.134386        118.815333          3.309612        105.160140
rank #0: 2017-11-25 12:01:59,783 rsdfit.lbfgs_fitter WARNING  ...LBFGS optimization finished. Time elapsed: 0:00:29.04
rank #0: 2017-11-25 12:01:59,784 rsdfit.lbfgs_fitter ERROR    nonlinear fit with method L-BFGS-B failed: Linesearch failed in both LBFGS and gradient directions
rank #0: 2017-11-25 12:01:59,784 rsdfit.fitting_driver INFO     rank 55 on nid00485     ...fitting complete
rank #0: 2017-11-25 12:01:59,794 rsdfit.fitting_driver INFO     rank 55 on nid00485     Saving the results to `/global/project/projectdirs/m779/nhand/Research/eBOSS/fits/results/mocks/ezmock/v1.8e-fph/0.0001-0.3/basemodel-N-fnl/0.8-2.2/QSO-S-0973-P0+P2-d10badba55/2017-11-25_nlopt_17i_chain0__1.npz`
rank #0: 2017-11-25 12:02:00,474 pyRSD.analysis.lbfgs_results INFO     
minimum chi2 = 105.160140492

Free parameters [ mean ]
_______________
N              : -369.252752412
b1             : 2.13438631341
f_nl           : 118.815333038
sigma_fog      : 3.30961211003

Constrained parameters [ mean ]
_________________________
b1sigma8       : 0.849452842375
