rank #0: 2018-10-08 10:18:41,846 rsdfit.fitting_driver INFO     rank 45 on nid00694     Calling the 'nlopt' solve function
rank #0: 2018-10-08 10:18:41,847 rsdfit.lbfgs_fitter INFO     running LBFGS for 500 iterations and then stopping
rank #0: 2018-10-08 10:18:41,848 rsdfit.lbfgs_fitter INFO     running LBFGS minimizer with priors
rank #0: 2018-10-08 10:18:41,849 root         INFO     Iter           N          b1        f_nl   sigma_fog   F(X)     
rank #0: 2018-10-08 10:18:41,850 rsdfit.lbfgs_fitter INFO     computing gradient using numerical derivative of lnlike()
rank #0: 2018-10-08 10:18:43,041 LBFGS        INFO     options = {'factr': 100000.0, 'gtol': 1e-05, 'max_iter': 500, 'test_convergence': False}
rank #0: 2018-10-08 10:18:43,042 LBFGS        PARAM    0000          0.000000          2.000000          0.000000          4.000000        139.930336
rank #0: 2018-10-08 10:18:44,426 LBFGS        PARAM    0001         27.007377          2.129099          1.210254          3.987192        120.131651
rank #0: 2018-10-08 10:18:45,659 LBFGS        PARAM    0002        -98.494084          2.415843          7.075056          4.136109        101.104985
rank #0: 2018-10-08 10:18:46,906 LBFGS        PARAM    0003       -260.534179          2.457295          9.330761          4.285959         95.493916
rank #0: 2018-10-08 10:18:48,134 LBFGS        PARAM    0004       -485.138841          2.496021         14.785301          4.528907         92.289593
rank #0: 2018-10-08 10:18:49,362 LBFGS        PARAM    0005       -481.600646          2.497462         16.806312          4.541118         92.221617
rank #0: 2018-10-08 10:18:50,602 LBFGS        PARAM    0006       -360.057770          2.495665         82.196653          4.923779         91.645361
rank #0: 2018-10-08 10:18:51,824 LBFGS        PARAM    0007       -401.855236          2.480498         53.994658          4.744223         91.183267
rank #0: 2018-10-08 10:18:53,066 LBFGS        PARAM    0008       -386.488195          2.470892         65.938094          4.802995         90.978079
rank #0: 2018-10-08 10:18:54,288 LBFGS        PARAM    0009       -399.987959          2.456941         82.149937          4.732205         90.819679
rank #0: 2018-10-08 10:18:55,527 LBFGS        PARAM    0010       -411.433678          2.453825         80.520217          4.656157         90.789898
rank #0: 2018-10-08 10:18:56,769 LBFGS        PARAM    0011       -416.789637          2.452894         80.439658          4.619036         90.786802
rank #0: 2018-10-08 10:18:58,003 LBFGS        PARAM    0012       -417.348701          2.453307         80.372594          4.616670         90.786725
rank #0: 2018-10-08 10:18:59,252 LBFGS        PARAM    0013       -417.300782          2.453331         80.384918          4.616580         90.786724
rank #0: 2018-10-08 10:19:00,489 LBFGS        PARAM    0014       -417.304963          2.453333         80.384269          4.616593         90.786724
rank #0: 2018-10-08 10:19:01,727 LBFGS        PARAM    0015       -417.304637          2.453333         80.384305          4.616594         90.786724
rank #0: 2018-10-08 10:19:02,953 LBFGS        PARAM    0016       -417.304629          2.453333         80.384307          4.616594         90.786724
rank #0: 2018-10-08 10:19:04,173 LBFGS        PARAM    0017       -417.304631          2.453333         80.384307          4.616594         90.786724
rank #0: 2018-10-08 10:19:34,316 LBFGS        PARAM    0018       -417.304631          2.453333         80.384307          4.616594         90.786724
rank #0: 2018-10-08 10:20:27,037 LBFGS        INFO     Linesearch failed in both LBFGS and gradient directions
rank #0: 2018-10-08 10:20:27,039 LBFGS        PARAM    0018       -417.304631          2.453333         80.384307          4.616594         90.786724
rank #0: 2018-10-08 10:20:27,040 rsdfit.lbfgs_fitter WARNING  ...LBFGS optimization finished. Time elapsed: 0:01:44.00
rank #0: 2018-10-08 10:20:27,041 rsdfit.lbfgs_fitter ERROR    nonlinear fit with method L-BFGS-B failed: Linesearch failed in both LBFGS and gradient directions
rank #0: 2018-10-08 10:20:27,043 rsdfit.fitting_driver INFO     rank 45 on nid00694     ...fitting complete
rank #0: 2018-10-08 10:20:27,048 rsdfit.fitting_driver INFO     rank 45 on nid00694     Saving the results to `/global/cscratch1/sd/nhand/eBOSS/fits/results/mocks/ezmock/v1.8e-fph/0.0001-0.3/basemodel-N-fnl/0.8-2.2/QSO-N-0806-P0+P2-mock-cov-4ae05ce33e/2018-10-08_nlopt_18i_chain0__1.npz`
rank #0: 2018-10-08 10:20:27,097 pyRSD.analysis.lbfgs_results INFO     
minimum chi2 = 90.7867239288

Free parameters [ mean ]
_______________
N              : -417.304631226
b1             : 2.4533331435
f_nl           : 80.3843065451
sigma_fog      : 4.61659367892

Constrained parameters [ mean ]
_________________________
b1sigma8       : 0.888679469958
