rank #0: 2018-12-30 20:20:44,934 rsdfit.fitting_driver INFO     rank 60 on nid00680     Calling the 'nlopt' solve function
rank #0: 2018-12-30 20:20:44,935 rsdfit.lbfgs_fitter INFO     running LBFGS for 500 iterations and then stopping
rank #0: 2018-12-30 20:20:44,936 rsdfit.lbfgs_fitter INFO     running LBFGS minimizer with priors
rank #0: 2018-12-30 20:20:44,936 root         INFO     Iter           N          b1        f_nl   sigma_fog   F(X)     
rank #0: 2018-12-30 20:20:44,937 rsdfit.lbfgs_fitter INFO     computing gradient using numerical derivative of lnlike()
rank #0: 2018-12-30 20:20:46,125 LBFGS        INFO     options = {'factr': 100000.0, 'gtol': 1e-05, 'max_iter': 500, 'test_convergence': False}
rank #0: 2018-12-30 20:20:46,126 LBFGS        PARAM    0000          0.000000          2.000000          0.000000          4.000000        100.810470
rank #0: 2018-12-30 20:20:47,527 LBFGS        PARAM    0001         51.545943          2.149979          1.080031          3.964884         86.170894
rank #0: 2018-12-30 20:20:48,766 LBFGS        PARAM    0002        -67.073059          2.477914          5.258337          4.020281         74.382007
rank #0: 2018-12-30 20:20:50,030 LBFGS        PARAM    0003       -198.946107          2.477671          4.480919          4.109160         71.637276
rank #0: 2018-12-30 20:20:51,279 LBFGS        PARAM    0004       -449.205093          2.539036          3.101696          4.250654         69.957656
rank #0: 2018-12-30 20:20:52,528 LBFGS        PARAM    0005       -455.468092          2.536358          0.204774          4.204310         69.877820
rank #0: 2018-12-30 20:20:53,793 LBFGS        PARAM    0006       -516.619588          2.547236        -17.127205          3.935680         69.626701
rank #0: 2018-12-30 20:20:55,030 LBFGS        PARAM    0007       -529.024953          2.557337        -22.128824          3.928432         69.614182
rank #0: 2018-12-30 20:20:56,285 LBFGS        PARAM    0008       -529.467503          2.556638        -22.064638          3.930289         69.613972
rank #0: 2018-12-30 20:20:57,526 LBFGS        PARAM    0009       -529.121040          2.556508        -22.112024          3.931549         69.613948
rank #0: 2018-12-30 20:20:58,774 LBFGS        PARAM    0010       -528.331393          2.556431        -22.214606          3.934302         69.613927
rank #0: 2018-12-30 20:21:00,034 LBFGS        PARAM    0011       -528.184517          2.556472        -22.227869          3.934849         69.613926
rank #0: 2018-12-30 20:21:01,270 LBFGS        PARAM    0012       -528.176047          2.556479        -22.227371          3.934881         69.613926
rank #0: 2018-12-30 20:21:02,517 LBFGS        PARAM    0013       -528.176709          2.556479        -22.227241          3.934880         69.613926
rank #0: 2018-12-30 20:21:04,310 LBFGS        PARAM    0014       -528.176709          2.556479        -22.227241          3.934880         69.613926
rank #0: 2018-12-30 20:21:58,170 LBFGS        INFO     Linesearch failed in both LBFGS and gradient directions
rank #0: 2018-12-30 20:21:58,171 LBFGS        PARAM    0014       -528.176709          2.556479        -22.227241          3.934880         69.613926
rank #0: 2018-12-30 20:21:58,172 rsdfit.lbfgs_fitter WARNING  ...LBFGS optimization finished. Time elapsed: 0:01:12.05
rank #0: 2018-12-30 20:21:58,173 rsdfit.lbfgs_fitter ERROR    nonlinear fit with method L-BFGS-B failed: Linesearch failed in both LBFGS and gradient directions
rank #0: 2018-12-30 20:21:58,174 rsdfit.fitting_driver INFO     rank 60 on nid00680     ...fitting complete
rank #0: 2018-12-30 20:21:58,178 rsdfit.fitting_driver INFO     rank 60 on nid00680     Saving the results to `/global/cscratch1/sd/nhand/eBOSS/fits/results/mocks/ezmock/v1.8e-fph/0.0001-0.3/basemodel-N-fnl/0.8-2.2/QSO-S-0551-P0+P2-mock-cov-78b9fba607/2018-12-30_nlopt_14i_chain0__1.npz`
rank #0: 2018-12-30 20:21:58,257 pyRSD.analysis.lbfgs_results INFO     
minimum chi2 = 69.6139262932

Free parameters [ mean ]
_______________
N              : -528.176708782
b1             : 2.55647889183
f_nl           : -22.2272406484
sigma_fog      : 3.93488008792

Constrained parameters [ mean ]
_________________________
b1sigma8       : 0.926042316172
