rank #0: 2018-10-04 22:23:15,342 rsdfit.fitting_driver INFO     rank 35 on nid12889     Calling the 'nlopt' solve function
rank #0: 2018-10-04 22:23:15,343 rsdfit.lbfgs_fitter INFO     running LBFGS for 500 iterations and then stopping
rank #0: 2018-10-04 22:23:15,343 rsdfit.lbfgs_fitter INFO     running LBFGS minimizer with priors
rank #0: 2018-10-04 22:23:15,344 root         INFO     Iter           N          b1        f_nl   sigma_fog   F(X)     
rank #0: 2018-10-04 22:23:15,345 rsdfit.lbfgs_fitter INFO     computing gradient using numerical derivative of lnlike()
rank #0: 2018-10-04 22:23:16,532 LBFGS        INFO     options = {'factr': 100000.0, 'gtol': 1e-05, 'max_iter': 500, 'test_convergence': False}
rank #0: 2018-10-04 22:23:16,534 LBFGS        PARAM    0000          0.000000          2.000000          0.000000          4.000000         87.993376
rank #0: 2018-10-04 22:23:17,876 LBFGS        PARAM    0001         68.343328          2.104304          1.869065          3.931035         73.809712
rank #0: 2018-10-04 22:23:19,083 LBFGS        PARAM    0002         45.397576          2.307763          7.029847          3.791804         64.819750
rank #0: 2018-10-04 22:23:20,311 LBFGS        PARAM    0003         23.259682          2.287923          7.442856          3.786465         64.421549
rank #0: 2018-10-04 22:23:21,518 LBFGS        PARAM    0004        -18.228602          2.284463          8.991075          3.751868         64.006532
rank #0: 2018-10-04 22:23:21,520 LBFGS        INFO     LBFGS iteration 4: the descent direction does not have a sufficient projection (cos(theta)=-9.33e-01, theta=158.9231) into the gradient; using steepest descent at this step!
rank #0: 2018-10-04 22:23:22,872 LBFGS        PARAM    0005       -104.811307          2.317935         11.689077          3.668375         63.234272
rank #0: 2018-10-04 22:23:24,093 LBFGS        PARAM    0006       -326.248410          2.327504         17.018191          3.415491         62.933511
rank #0: 2018-10-04 22:23:25,302 LBFGS        PARAM    0007       -292.946276          2.347634         17.755859          3.333351         62.443851
rank #0: 2018-10-04 22:23:26,531 LBFGS        PARAM    0008       -276.527739          2.341613         17.920432          3.273361         62.313665
rank #0: 2018-10-04 22:23:27,738 LBFGS        PARAM    0009       -297.257931          2.327293         21.095489          2.967548         62.059130
rank #0: 2018-10-04 22:23:28,966 LBFGS        PARAM    0010       -308.156461          2.319367         24.353276          2.900366         62.027588
rank #0: 2018-10-04 22:23:30,174 LBFGS        PARAM    0011       -312.744025          2.315560         26.883260          2.875252         62.018931
rank #0: 2018-10-04 22:23:31,383 LBFGS        PARAM    0012       -312.442220          2.311620         30.251797          2.865273         62.009731
rank #0: 2018-10-04 22:23:32,612 LBFGS        PARAM    0013       -303.373163          2.306322         35.641335          2.875109         61.997924
rank #0: 2018-10-04 22:23:33,822 LBFGS        PARAM    0014       -294.848828          2.306133         37.019605          2.897624         61.994536
rank #0: 2018-10-04 22:23:35,048 LBFGS        PARAM    0015       -294.015907          2.306613         36.823702          2.903378         61.994441
rank #0: 2018-10-04 22:23:36,258 LBFGS        PARAM    0016       -294.091346          2.306696         36.782776          2.903769         61.994440
rank #0: 2018-10-04 22:23:37,462 LBFGS        PARAM    0017       -294.092780          2.306696         36.781256          2.903792         61.994440
rank #0: 2018-10-04 22:23:38,675 LBFGS        PARAM    0018       -294.094502          2.306696         36.781520          2.903789         61.994440
rank #0: 2018-10-04 22:23:39,878 LBFGS        PARAM    0019       -294.094549          2.306696         36.781567          2.903788         61.994440
rank #0: 2018-10-04 22:24:33,797 LBFGS        INFO     Linesearch failed in both LBFGS and gradient directions
rank #0: 2018-10-04 22:24:33,798 LBFGS        PARAM    0019       -294.094549          2.306696         36.781567          2.903788         61.994440
rank #0: 2018-10-04 22:24:33,799 rsdfit.lbfgs_fitter WARNING  ...LBFGS optimization finished. Time elapsed: 0:01:17.27
rank #0: 2018-10-04 22:24:33,800 rsdfit.lbfgs_fitter ERROR    nonlinear fit with method L-BFGS-B failed: Linesearch failed in both LBFGS and gradient directions
rank #0: 2018-10-04 22:24:33,802 rsdfit.fitting_driver INFO     rank 35 on nid12889     ...fitting complete
rank #0: 2018-10-04 22:24:33,805 rsdfit.fitting_driver INFO     rank 35 on nid12889     Saving the results to `/global/cscratch1/sd/nhand/eBOSS/fits/results/mocks/ezmock/v1.8e-fph/0.005-0.3/basemodel-N-fnl/0.8-2.2/QSO-S-0627-P0+P2-mock-cov-96ccb1008d/2018-10-04_nlopt_19i_chain0__1.npz`
rank #0: 2018-10-04 22:24:33,876 pyRSD.analysis.lbfgs_results INFO     
minimum chi2 = 61.9944397742

Free parameters [ mean ]
_______________
N              : -294.094549373
b1             : 2.30669576712
f_nl           : 36.7815673633
sigma_fog      : 2.90378849024

Constrained parameters [ mean ]
_________________________
b1sigma8       : 0.864746354249
