rank #0: 2017-11-27 21:27:21,085 rsdfit.fitting_driver INFO     rank 217 on nid00565     Calling the 'nlopt' solve function
rank #0: 2017-11-27 21:27:21,085 rsdfit.lbfgs_fitter INFO     running LBFGS for 500 iterations and then stopping
rank #0: 2017-11-27 21:27:21,086 rsdfit.lbfgs_fitter INFO     running LBFGS minimizer with priors
rank #0: 2017-11-27 21:27:21,086 root         INFO     Iter           N   alpha_par   alpha_perp          b1           f    sigma8_z   sigma_fog   F(X)     
rank #0: 2017-11-27 21:27:21,933 LBFGS        INFO     options = {'factr': 100000.0, 'gtol': 1e-05, 'max_iter': 500, 'test_convergence': False}
rank #0: 2017-11-27 21:27:21,934 LBFGS        PARAM    0000          0.000000          1.000000          1.000000          2.000000          0.930883          0.398070          4.000000        107.033791
rank #0: 2017-11-27 21:27:22,869 LBFGS        PARAM    0001         -0.002956          0.999884          0.999835          2.001798          0.930954          0.399276          4.000004        105.176923
rank #0: 2017-11-27 21:27:23,750 LBFGS        PARAM    0002        -17.529196          0.995102          0.994150          2.058525          0.932855          0.434104          4.019143         83.299219
rank #0: 2017-11-27 21:27:24,625 LBFGS        PARAM    0003        -24.413395          0.995384          0.995164          2.045776          0.932173          0.426112          4.029235         81.473295
rank #0: 2017-11-27 21:27:25,498 LBFGS        PARAM    0004        -33.989571          0.994586          0.994746          2.047505          0.932023          0.426731          4.041376         81.139043
rank #0: 2017-11-27 21:27:26,375 LBFGS        PARAM    0005       -164.882071          0.984232          0.989724          2.061848          0.929597          0.429525          4.207593         78.559792
rank #0: 2017-11-27 21:27:27,253 LBFGS        PARAM    0006       -238.672545          0.978725          0.986777          2.064573          0.928037          0.427838          4.299939         77.705564
rank #0: 2017-11-27 21:27:28,134 LBFGS        PARAM    0007       -267.379908          0.976745          0.984121          2.062926          0.927281          0.425287          4.332771         77.459857
rank #0: 2017-11-27 21:27:29,011 LBFGS        PARAM    0008       -266.936696          0.976792          0.983492          2.062206          0.927221          0.424744          4.331339         77.445284
rank #0: 2017-11-27 21:27:29,890 LBFGS        PARAM    0009       -265.471509          0.976865          0.982377          2.061554          0.927139          0.424176          4.328277         77.428667
rank #0: 2017-11-27 21:27:30,773 LBFGS        PARAM    0010       -262.078520          0.976921          0.979061          2.060547          0.926877          0.422975          4.321054         77.388178
rank #0: 2017-11-27 21:27:31,654 LBFGS        PARAM    0011       -256.183051          0.976795          0.972297          2.059708          0.926276          0.421073          4.309249         77.317853
rank #0: 2017-11-27 21:27:32,534 LBFGS        PARAM    0012       -246.490467          0.975990          0.962804          2.060960          0.924914          0.418752          4.300527         77.227935
rank #0: 2017-11-27 21:27:33,409 LBFGS        PARAM    0013       -229.263842          0.974015          0.954113          2.066942          0.922113          0.416150          4.308897         77.142599
rank #0: 2017-11-27 21:27:34,287 LBFGS        PARAM    0014       -213.206906          0.971786          0.949195          2.074820          0.919111          0.414266          4.329191         77.093336
rank #0: 2017-11-27 21:27:35,162 LBFGS        PARAM    0015       -206.443871          0.970734          0.948877          2.079140          0.917641          0.413607          4.343771         77.076381
rank #0: 2017-11-27 21:27:36,036 LBFGS        PARAM    0016       -198.118804          0.969848          0.948696          2.084226          0.915822          0.412530          4.359121         77.060345
rank #0: 2017-11-27 21:27:36,911 LBFGS        PARAM    0017       -191.942059          0.969836          0.947740          2.089690          0.913815          0.411112          4.368988         77.047759
rank #0: 2017-11-27 21:27:37,790 LBFGS        PARAM    0018       -188.637941          0.970366          0.946665          2.094617          0.912023          0.409809          4.374570         77.040432
rank #0: 2017-11-27 21:27:38,669 LBFGS        PARAM    0019       -188.056015          0.971116          0.945923          2.098195          0.910794          0.409009          4.376472         77.035134
rank #0: 2017-11-27 21:27:39,544 LBFGS        PARAM    0020       -188.483490          0.973755          0.943997          2.109608          0.907051          0.406882          4.381589         77.019154
rank #0: 2017-11-27 21:27:40,423 LBFGS        PARAM    0021       -191.347379          0.978681          0.941263          2.130610          0.900391          0.403579          4.391691         76.991707
rank #0: 2017-11-27 21:27:41,302 LBFGS        PARAM    0022       -198.462838          0.987280          0.937669          2.167377          0.888987          0.398634          4.411574         76.945566
rank #0: 2017-11-27 21:27:42,183 LBFGS        PARAM    0023       -206.218568          0.996665          0.934953          2.208104          0.875802          0.394182          4.445564         76.891570
rank #0: 2017-11-27 21:27:43,063 LBFGS        PARAM    0024       -208.679797          1.001718          0.933352          2.231915          0.867750          0.392065          4.472925         76.867155
rank #0: 2017-11-27 21:27:43,943 LBFGS        PARAM    0025       -207.097203          1.002529          0.932352          2.238308          0.865488          0.391258          4.482851         76.865700
rank #0: 2017-11-27 21:27:44,827 LBFGS        PARAM    0026       -206.428927          1.002657          0.932112          2.239568          0.865041          0.391059          4.485114         76.865627
rank #0: 2017-11-27 21:27:45,713 LBFGS        PARAM    0027       -205.713801          1.002866          0.931949          2.240123          0.864861          0.390978          4.488888         76.865321
rank #0: 2017-11-27 21:27:46,599 LBFGS        PARAM    0028       -197.329766          1.005994          0.930424          2.241785          0.864610          0.390889          4.547221         76.861603
rank #0: 2017-11-27 21:27:47,485 LBFGS        PARAM    0029       -194.829080          1.007456          0.930498          2.237397          0.866431          0.391729          4.578222         76.860314
rank #0: 2017-11-27 21:27:48,370 LBFGS        PARAM    0030       -194.769510          1.007636          0.930669          2.235264          0.867224          0.392098          4.582276         76.860210
rank #0: 2017-11-27 21:27:49,256 LBFGS        PARAM    0031       -195.050035          1.007555          0.930748          2.234977          0.867322          0.392144          4.581450         76.860207
rank #0: 2017-11-27 21:27:50,140 LBFGS        PARAM    0032       -195.068078          1.007537          0.930757          2.234943          0.867332          0.392148          4.581170         76.860207
rank #0: 2017-11-27 21:27:51,025 LBFGS        PARAM    0033       -195.068133          1.007535          0.930757          2.234941          0.867332          0.392148          4.581155         76.860207
rank #0: 2017-11-27 21:27:51,911 LBFGS        PARAM    0034       -195.067811          1.007535          0.930757          2.234940          0.867332          0.392148          4.581155         76.860207
rank #0: 2017-11-27 21:27:52,795 LBFGS        PARAM    0035       -195.067618          1.007535          0.930757          2.234940          0.867332          0.392148          4.581155         76.860207
rank #0: 2017-11-27 21:27:53,682 LBFGS        PARAM    0036       -195.067209          1.007535          0.930757          2.234940          0.867333          0.392148          4.581156         76.860207
rank #0: 2017-11-27 21:27:54,627 LBFGS        PARAM    0037       -195.066830          1.007535          0.930757          2.234941          0.867333          0.392148          4.581157         76.860207
rank #0: 2017-11-27 21:27:55,873 LBFGS        PARAM    0038       -195.066813          1.007535          0.930757          2.234941          0.867333          0.392148          4.581157         76.860207
rank #0: 2017-11-27 21:27:56,939 LBFGS        PARAM    0039       -195.066719          1.007535          0.930757          2.234941          0.867334          0.392148          4.581158         76.860207
rank #0: 2017-11-27 21:27:58,308 LBFGS        PARAM    0040       -195.066710          1.007535          0.930757          2.234942          0.867334          0.392148          4.581158         76.860207
rank #0: 2017-11-27 21:28:11,879 LBFGS        PARAM    0041       -195.066712          1.007535          0.930757          2.234942          0.867334          0.392148          4.581158         76.860207
rank #0: 2017-11-27 21:28:12,813 LBFGS        PARAM    0042       -195.066714          1.007535          0.930757          2.234942          0.867334          0.392148          4.581158         76.860207
rank #0: 2017-11-27 21:28:13,744 LBFGS        PARAM    0043       -195.066717          1.007535          0.930757          2.234942          0.867334          0.392148          4.581158         76.860207
rank #0: 2017-11-27 21:28:14,678 LBFGS        PARAM    0044       -195.066722          1.007535          0.930757          2.234942          0.867334          0.392148          4.581157         76.860207
rank #0: 2017-11-27 21:28:15,610 LBFGS        PARAM    0045       -195.066732          1.007535          0.930757          2.234942          0.867334          0.392148          4.581157         76.860207
rank #0: 2017-11-27 21:28:16,483 LBFGS        PARAM    0046       -195.066768          1.007535          0.930757          2.234942          0.867334          0.392148          4.581157         76.860207
rank #0: 2017-11-27 21:28:17,357 LBFGS        PARAM    0047       -195.066815          1.007535          0.930757          2.234942          0.867334          0.392148          4.581156         76.860207
rank #0: 2017-11-27 21:28:18,230 LBFGS        PARAM    0048       -195.067021          1.007535          0.930757          2.234942          0.867334          0.392148          4.581155         76.860207
rank #0: 2017-11-27 21:28:19,105 LBFGS        PARAM    0049       -195.067460          1.007535          0.930757          2.234943          0.867335          0.392148          4.581154         76.860207
rank #0: 2017-11-27 21:28:20,036 LBFGS        PARAM    0050       -195.067770          1.007535          0.930757          2.234943          0.867335          0.392148          4.581154         76.860207
rank #0: 2017-11-27 21:28:21,025 LBFGS        PARAM    0051       -195.067941          1.007535          0.930757          2.234944          0.867335          0.392148          4.581154         76.860207
rank #0: 2017-11-27 21:28:22,012 LBFGS        PARAM    0052       -195.068128          1.007535          0.930757          2.234944          0.867335          0.392148          4.581154         76.860207
rank #0: 2017-11-27 21:28:23,177 LBFGS        PARAM    0053       -195.068153          1.007535          0.930757          2.234944          0.867335          0.392148          4.581154         76.860207
rank #0: 2017-11-27 21:28:36,532 LBFGS        PARAM    0054       -195.068154          1.007535          0.930757          2.234944          0.867335          0.392148          4.581154         76.860207
rank #0: 2017-11-27 21:28:37,450 LBFGS        PARAM    0055       -195.068155          1.007535          0.930757          2.234944          0.867335          0.392148          4.581154         76.860207
rank #0: 2017-11-27 21:28:38,372 LBFGS        PARAM    0056       -195.068153          1.007535          0.930757          2.234944          0.867335          0.392148          4.581154         76.860207
rank #0: 2017-11-27 21:28:39,289 LBFGS        PARAM    0057       -195.068145          1.007535          0.930757          2.234944          0.867335          0.392147          4.581154         76.860207
rank #0: 2017-11-27 21:28:40,210 LBFGS        PARAM    0058       -195.068131          1.007535          0.930757          2.234944          0.867335          0.392147          4.581154         76.860207
rank #0: 2017-11-27 21:28:41,131 LBFGS        PARAM    0059       -195.068103          1.007535          0.930757          2.234944          0.867335          0.392147          4.581155         76.860207
rank #0: 2017-11-27 21:28:42,051 LBFGS        PARAM    0060       -195.068006          1.007535          0.930757          2.234944          0.867335          0.392147          4.581155         76.860207
rank #0: 2017-11-27 21:28:43,031 LBFGS        PARAM    0061       -195.067957          1.007535          0.930757          2.234945          0.867335          0.392147          4.581155         76.860207
rank #0: 2017-11-27 21:28:44,534 LBFGS        PARAM    0062       -195.067956          1.007535          0.930757          2.234945          0.867335          0.392147          4.581155         76.860207
rank #0: 2017-11-27 21:28:45,394 LBFGS        PARAM    0063       -195.067934          1.007535          0.930757          2.234945          0.867335          0.392147          4.581155         76.860207
rank #0: 2017-11-27 21:28:46,368 LBFGS        PARAM    0064       -195.067911          1.007535          0.930757          2.234945          0.867335          0.392147          4.581155         76.860207
rank #0: 2017-11-27 21:28:47,508 LBFGS        PARAM    0065       -195.067909          1.007535          0.930757          2.234945          0.867335          0.392147          4.581155         76.860207
rank #0: 2017-11-27 21:29:00,438 LBFGS        PARAM    0066       -195.067904          1.007535          0.930757          2.234945          0.867335          0.392147          4.581155         76.860207
rank #0: 2017-11-27 21:29:01,275 LBFGS        PARAM    0067       -195.067861          1.007535          0.930757          2.234945          0.867335          0.392147          4.581155         76.860207
rank #0: 2017-11-27 21:29:02,169 LBFGS        PARAM    0068       -195.067818          1.007535          0.930757          2.234945          0.867335          0.392147          4.581155         76.860207
rank #0: 2017-11-27 21:29:03,288 LBFGS        PARAM    0069       -195.067814          1.007535          0.930757          2.234945          0.867335          0.392147          4.581155         76.860207
rank #0: 2017-11-27 21:29:04,576 LBFGS        PARAM    0070       -195.067813          1.007535          0.930757          2.234945          0.867335          0.392147          4.581155         76.860207
rank #0: 2017-11-27 21:29:05,910 LBFGS        PARAM    0071       -195.067812          1.007535          0.930757          2.234945          0.867335          0.392147          4.581155         76.860207
rank #0: 2017-11-27 21:29:07,241 LBFGS        PARAM    0072       -195.067812          1.007535          0.930757          2.234945          0.867335          0.392147          4.581155         76.860207
rank #0: 2017-11-27 21:29:29,616 LBFGS        INFO     Linesearch failed in both LBFGS and gradient directions
rank #0: 2017-11-27 21:29:29,616 LBFGS        PARAM    0072       -195.067812          1.007535          0.930757          2.234945          0.867335          0.392147          4.581155         76.860207
rank #0: 2017-11-27 21:29:29,617 rsdfit.lbfgs_fitter WARNING  ...LBFGS optimization finished. Time elapsed: 0:02:07.68
rank #0: 2017-11-27 21:29:29,617 rsdfit.lbfgs_fitter ERROR    nonlinear fit with method L-BFGS-B failed: Linesearch failed in both LBFGS and gradient directions
rank #0: 2017-11-27 21:29:29,618 rsdfit.fitting_driver INFO     rank 217 on nid00565     ...fitting complete
rank #0: 2017-11-27 21:29:29,620 rsdfit.fitting_driver INFO     rank 217 on nid00565     Saving the results to `/global/cscratch1/sd/nhand/eBOSS/fits/results/mocks/ezmock/v1.8e-fph/0.0001-0.3/basemodel-fs8-alphas-N/0.8-2.2/QSO-N-0893-P0+P2-mock-cov-976ba3841e/2017-11-27_nlopt_72i_chain0__1.npz`
rank #0: 2017-11-27 21:29:29,638 pyRSD.analysis.lbfgs_results INFO     
minimum chi2 = 76.8602068524

Free parameters [ mean ]
_______________
N              : -195.067812159
alpha_par      : 1.00753503058
alpha_perp     : 0.930757358658
b1             : 2.23494492946
f              : 0.86733494175
sigma8_z       : 0.392147359057
sigma_fog      : 4.58115486835

Constrained parameters [ mean ]
_________________________
F_AP           : 1.08248946002
alpha          : 0.955676786958
b1sigma8       : 0.876427751725
epsilon        : 0.0267732809927
fsigma8        : 0.340123106825
