rank #0: 2018-07-15 20:35:00,174 rsdfit.fitting_driver INFO     rank 18 on nid00569     Calling the 'nlopt' solve function
rank #0: 2018-07-15 20:35:00,175 rsdfit.lbfgs_fitter INFO     running LBFGS for 500 iterations and then stopping
rank #0: 2018-07-15 20:35:00,176 rsdfit.lbfgs_fitter INFO     running LBFGS minimizer with priors
rank #0: 2018-07-15 20:35:00,177 root         INFO     Iter           N          b1        f_nl   sigma_fog   F(X)     
rank #0: 2018-07-15 20:35:00,750 LBFGS        INFO     options = {'factr': 100000.0, 'gtol': 1e-05, 'max_iter': 500, 'test_convergence': False}
rank #0: 2018-07-15 20:35:00,751 LBFGS        PARAM    0000          0.000000          2.000000          0.000000          4.000000         97.708537
rank #0: 2018-07-15 20:35:01,410 LBFGS        PARAM    0001         92.539655          2.117100          2.418720          3.940880         81.373589
rank #0: 2018-07-15 20:35:02,000 LBFGS        PARAM    0002         89.303450          2.326347          9.018351          3.865648         72.316736
rank #0: 2018-07-15 20:35:02,582 LBFGS        PARAM    0003         71.351354          2.310806         10.347286          3.898078         72.016644
rank #0: 2018-07-15 20:35:03,175 LBFGS        PARAM    0004         35.601898          2.309187         13.997790          3.946432         71.706128
rank #0: 2018-07-15 20:35:03,766 LBFGS        PARAM    0005        -40.935751          2.323762         23.060558          4.030874         71.416776
rank #0: 2018-07-15 20:35:04,341 LBFGS        PARAM    0006        -29.612592          2.329083         25.358215          4.001862         71.327794
rank #0: 2018-07-15 20:35:04,932 LBFGS        PARAM    0007        -29.249853          2.332290         27.423241          3.979919         71.309718
rank #0: 2018-07-15 20:35:05,523 LBFGS        PARAM    0008        -28.884359          2.331489         27.768293          3.960058         71.302146
rank #0: 2018-07-15 20:35:06,114 LBFGS        PARAM    0009        -41.750586          2.326820         29.598741          3.846824         71.270756
rank #0: 2018-07-15 20:35:06,691 LBFGS        PARAM    0010        -61.992873          2.328938         28.026373          3.778975         71.256985
rank #0: 2018-07-15 20:35:07,283 LBFGS        PARAM    0011        -66.912975          2.329824         27.690364          3.773225         71.256431
rank #0: 2018-07-15 20:35:07,873 LBFGS        PARAM    0012        -66.762007          2.329816         27.631181          3.773875         71.256427
rank #0: 2018-07-15 20:35:08,448 LBFGS        PARAM    0013        -66.769280          2.329824         27.635853          3.773983         71.256427
rank #0: 2018-07-15 20:35:09,041 LBFGS        PARAM    0014        -66.768694          2.329825         27.635766          3.773987         71.256427
rank #0: 2018-07-15 20:35:09,636 LBFGS        PARAM    0015        -66.768763          2.329826         27.635683          3.773987         71.256427
rank #0: 2018-07-15 20:35:10,228 LBFGS        PARAM    0016        -66.768803          2.329826         27.635676          3.773987         71.256427
rank #0: 2018-07-15 20:35:10,802 LBFGS        PARAM    0017        -66.768812          2.329826         27.635676          3.773987         71.256427
rank #0: 2018-07-15 20:35:36,067 LBFGS        INFO     Linesearch failed in both LBFGS and gradient directions
rank #0: 2018-07-15 20:35:36,069 LBFGS        PARAM    0017        -66.768812          2.329826         27.635676          3.773987         71.256427
rank #0: 2018-07-15 20:35:36,071 rsdfit.lbfgs_fitter WARNING  ...LBFGS optimization finished. Time elapsed: 0:00:35.32
rank #0: 2018-07-15 20:35:36,072 rsdfit.lbfgs_fitter ERROR    nonlinear fit with method L-BFGS-B failed: Linesearch failed in both LBFGS and gradient directions
rank #0: 2018-07-15 20:35:36,074 rsdfit.fitting_driver INFO     rank 18 on nid00569     ...fitting complete
rank #0: 2018-07-15 20:35:36,077 rsdfit.fitting_driver INFO     rank 18 on nid00569     Saving the results to `/global/cscratch1/sd/nhand/eBOSS/fits/results/mocks/ezmock/v1.8e-fph/0.0001-0.3/basemodel-N-fnl/0.8-2.2/QSO-S-0888-P0+P2-mock-cov-1ab4f6001f/2018-07-15_nlopt_17i_chain0__1.npz`
rank #0: 2018-07-15 20:35:36,103 pyRSD.analysis.lbfgs_results INFO     
minimum chi2 = 71.2564268777

Free parameters [ mean ]
_______________
N              : -66.7688121494
b1             : 2.32982569416
f_nl           : 27.6356760604
sigma_fog      : 3.77398673167

Constrained parameters [ mean ]
_________________________
b1sigma8       : 0.873417424082
