rank #0: 2018-07-15 20:09:28,722 rsdfit.fitting_driver INFO     rank 60 on nid00568     Calling the 'nlopt' solve function
rank #0: 2018-07-15 20:09:28,723 rsdfit.lbfgs_fitter INFO     running LBFGS for 500 iterations and then stopping
rank #0: 2018-07-15 20:09:28,723 rsdfit.lbfgs_fitter INFO     running LBFGS minimizer with priors
rank #0: 2018-07-15 20:09:28,723 root         INFO     Iter           N          b1        f_nl   sigma_fog   F(X)     
rank #0: 2018-07-15 20:09:29,292 LBFGS        INFO     options = {'factr': 100000.0, 'gtol': 1e-05, 'max_iter': 500, 'test_convergence': False}
rank #0: 2018-07-15 20:09:29,293 LBFGS        PARAM    0000          0.000000          2.000000          0.000000          4.000000        127.274677
rank #0: 2018-07-15 20:09:29,947 LBFGS        PARAM    0001         50.314854          2.139820          1.225451          3.984141        102.863857
rank #0: 2018-07-15 20:09:30,543 LBFGS        PARAM    0002        -52.227776          2.442636          6.732776          4.106264         82.447797
rank #0: 2018-07-15 20:09:31,140 LBFGS        PARAM    0003       -185.329783          2.460175          8.207521          4.233901         77.135046
rank #0: 2018-07-15 20:09:31,722 LBFGS        PARAM    0004       -459.225066          2.532954         13.486185          4.517107         73.111917
rank #0: 2018-07-15 20:09:32,321 LBFGS        PARAM    0005       -442.075870          2.519726         15.780215          4.529593         72.997537
rank #0: 2018-07-15 20:09:32,919 LBFGS        PARAM    0006       -407.045449          2.500669         24.136931          4.588656         72.759721
rank #0: 2018-07-15 20:09:33,506 LBFGS        PARAM    0007       -325.047767          2.463786         52.235543          4.794563         72.252661
rank #0: 2018-07-15 20:09:34,102 LBFGS        PARAM    0008       -303.780067          2.459796         70.403330          4.897630         71.951664
rank #0: 2018-07-15 20:09:34,702 LBFGS        PARAM    0009       -337.073491          2.478014         75.785245          4.845361         71.735861
rank #0: 2018-07-15 20:09:35,304 LBFGS        PARAM    0010       -360.673302          2.487244         72.418772          4.775576         71.703277
rank #0: 2018-07-15 20:09:35,890 LBFGS        PARAM    0011       -368.402047          2.486704         73.908599          4.736066         71.681799
rank #0: 2018-07-15 20:09:36,491 LBFGS        PARAM    0012       -385.731618          2.479019         77.558111          4.600866         71.644116
rank #0: 2018-07-15 20:09:37,090 LBFGS        PARAM    0013       -384.924870          2.478586         77.523402          4.602244         71.644041
rank #0: 2018-07-15 20:09:37,675 LBFGS        PARAM    0014       -384.759546          2.478525         77.524186          4.602525         71.644040
rank #0: 2018-07-15 20:09:38,275 LBFGS        PARAM    0015       -384.761215          2.478526         77.523448          4.602522         71.644040
rank #0: 2018-07-15 20:09:38,874 LBFGS        PARAM    0016       -384.761144          2.478526         77.523520          4.602522         71.644040
rank #0: 2018-07-15 20:09:39,469 LBFGS        PARAM    0017       -384.761133          2.478526         77.523520          4.602522         71.644040
rank #0: 2018-07-15 20:09:40,046 LBFGS        PARAM    0018       -384.761139          2.478526         77.523520          4.602522         71.644040
rank #0: 2018-07-15 20:09:40,707 LBFGS        PARAM    0019       -384.761155          2.478526         77.523519          4.602522         71.644040
rank #0: 2018-07-15 20:09:41,300 LBFGS        PARAM    0020       -384.761146          2.478526         77.523520          4.602522         71.644040
rank #0: 2018-07-15 20:09:55,743 LBFGS        PARAM    0021       -384.761153          2.478526         77.523520          4.602522         71.644040
rank #0: 2018-07-15 20:09:56,334 LBFGS        PARAM    0022       -384.761157          2.478526         77.523520          4.602522         71.644040
rank #0: 2018-07-15 20:10:22,120 LBFGS        INFO     Linesearch failed in both LBFGS and gradient directions
rank #0: 2018-07-15 20:10:22,120 LBFGS        PARAM    0022       -384.761157          2.478526         77.523520          4.602522         71.644040
rank #0: 2018-07-15 20:10:22,121 rsdfit.lbfgs_fitter WARNING  ...LBFGS optimization finished. Time elapsed: 0:00:52.83
rank #0: 2018-07-15 20:10:22,121 rsdfit.lbfgs_fitter ERROR    nonlinear fit with method L-BFGS-B failed: Linesearch failed in both LBFGS and gradient directions
rank #0: 2018-07-15 20:10:22,122 rsdfit.fitting_driver INFO     rank 60 on nid00568     ...fitting complete
rank #0: 2018-07-15 20:10:22,558 rsdfit.fitting_driver INFO     rank 60 on nid00568     Saving the results to `/global/cscratch1/sd/nhand/eBOSS/fits/results/mocks/ezmock/v1.8e-fph/0.0001-0.3/basemodel-N-fnl/0.8-2.2/QSO-N-0068-P0+P2-mock-cov-f224d44da7/2018-07-15_nlopt_22i_chain0__1.npz`
rank #0: 2018-07-15 20:10:22,582 pyRSD.analysis.lbfgs_results INFO     
minimum chi2 = 71.6440396956

Free parameters [ mean ]
_______________
N              : -384.761157046
b1             : 2.4785260402
f_nl           : 77.5235196597
sigma_fog      : 4.60252219044

Constrained parameters [ mean ]
_________________________
b1sigma8       : 0.897805181298
