rank #0: 2019-02-16 12:39:22,079 rsdfit.fitting_driver INFO     rank 17 on nid01064     Calling the 'nlopt' solve function
rank #0: 2019-02-16 12:39:22,080 rsdfit.lbfgs_fitter INFO     running LBFGS for 500 iterations and then stopping
rank #0: 2019-02-16 12:39:22,080 rsdfit.lbfgs_fitter INFO     running LBFGS minimizer with priors
rank #0: 2019-02-16 12:39:22,081 root         INFO     Iter           N          b1        f_nl   sigma_fog   F(X)     
rank #0: 2019-02-16 12:39:22,081 rsdfit.lbfgs_fitter INFO     computing gradient using numerical derivative of lnlike()
rank #0: 2019-02-16 12:39:22,581 LBFGS        INFO     options = {'factr': 100000.0, 'gtol': 1e-05, 'max_iter': 500, 'test_convergence': False}
rank #0: 2019-02-16 12:39:22,582 LBFGS        PARAM    0000          0.000000          2.000000          0.000000          4.000000        112.623344
rank #0: 2019-02-16 12:39:23,141 LBFGS        PARAM    0001          7.054734          2.064346          1.307773          4.003505        100.560136
rank #0: 2019-02-16 12:39:23,647 LBFGS        PARAM    0002        -80.344280          2.219270          5.823121          4.105743         87.265042
rank #0: 2019-02-16 12:39:24,150 LBFGS        PARAM    0003       -163.272559          2.239717          7.191542          4.199992         84.238760
rank #0: 2019-02-16 12:39:24,656 LBFGS        PARAM    0004       -301.035047          2.262887          9.844240          4.426455         81.855652
rank #0: 2019-02-16 12:39:25,163 LBFGS        PARAM    0005       -295.461928          2.263381         10.268643          4.463046         81.781262
rank #0: 2019-02-16 12:39:25,673 LBFGS        PARAM    0006       -209.963841          2.258611         14.389509          4.848104         81.371485
rank #0: 2019-02-16 12:39:26,174 LBFGS        PARAM    0007       -209.203909          2.259246         14.747089          4.855055         81.371025
rank #0: 2019-02-16 12:39:26,677 LBFGS        PARAM    0008       -209.103992          2.259110         14.726428          4.855337         81.371009
rank #0: 2019-02-16 12:39:27,185 LBFGS        PARAM    0009       -209.104042          2.259093         14.734920          4.855304         81.371008
rank #0: 2019-02-16 12:39:27,693 LBFGS        PARAM    0010       -209.117804          2.258980         14.821930          4.854790         81.371001
rank #0: 2019-02-16 12:39:28,201 LBFGS        PARAM    0011       -209.123972          2.258965         14.848079          4.854569         81.371000
rank #0: 2019-02-16 12:39:28,707 LBFGS        PARAM    0012       -209.125665          2.258968         14.853029          4.854508         81.371000
rank #0: 2019-02-16 12:39:29,218 LBFGS        PARAM    0013       -209.125642          2.258969         14.852591          4.854509         81.371000
rank #0: 2019-02-16 12:39:29,733 LBFGS        PARAM    0014       -209.125617          2.258969         14.852515          4.854509         81.371000
rank #0: 2019-02-16 12:39:30,239 LBFGS        PARAM    0015       -209.125628          2.258969         14.852514          4.854509         81.371000
rank #0: 2019-02-16 12:39:30,752 LBFGS        PARAM    0016       -209.125622          2.258969         14.852514          4.854509         81.371000
rank #0: 2019-02-16 12:39:53,169 LBFGS        INFO     Linesearch failed in both LBFGS and gradient directions
rank #0: 2019-02-16 12:39:53,405 LBFGS        PARAM    0016       -209.125622          2.258969         14.852514          4.854509         81.371000
rank #0: 2019-02-16 12:39:53,405 rsdfit.lbfgs_fitter WARNING  ...LBFGS optimization finished. Time elapsed: 0:00:30.82
rank #0: 2019-02-16 12:39:53,406 rsdfit.lbfgs_fitter ERROR    nonlinear fit with method L-BFGS-B failed: Linesearch failed in both LBFGS and gradient directions
rank #0: 2019-02-16 12:39:53,406 rsdfit.fitting_driver INFO     rank 17 on nid01064     ...fitting complete
rank #0: 2019-02-16 12:39:53,612 rsdfit.fitting_driver INFO     rank 17 on nid01064     Saving the results to `/global/cscratch1/sd/nhand/eBOSS/fits/results/mocks/ezmock/v1.8e-fph/0.005-0.3/basemodel-N-fnl/0.8-2.2/QSO-N-0371-P0+P2-mock-cov-20503beeef/2019-02-16_nlopt_16i_chain0__1.npz`
rank #0: 2019-02-16 12:39:53,765 pyRSD.analysis.lbfgs_results INFO     
minimum chi2 = 81.37099993440074

Free parameters [ mean ]
_______________
N              : -209.12562183407113
b1             : 2.2589690992224116
f_nl           : 14.85251406389715
sigma_fog      : 4.854509474389872

Constrained parameters [ mean ]
_________________________
b1sigma8       : 0.8997772341958282
