rank #0: 2018-06-03 09:04:27,285 rsdfit.fitting_driver INFO     rank 37 on nid00680     Calling the 'nlopt' solve function
rank #0: 2018-06-03 09:04:27,286 rsdfit.lbfgs_fitter INFO     running LBFGS for 500 iterations and then stopping
rank #0: 2018-06-03 09:04:27,287 rsdfit.lbfgs_fitter INFO     running LBFGS minimizer with priors
rank #0: 2018-06-03 09:04:27,287 root         INFO     Iter           N          b1        f_nl   sigma_fog   F(X)     
rank #0: 2018-06-03 09:04:27,833 LBFGS        INFO     options = {'factr': 100000.0, 'gtol': 1e-05, 'max_iter': 500, 'test_convergence': False}
rank #0: 2018-06-03 09:04:27,834 LBFGS        PARAM    0000          0.000000          2.000000          0.000000          4.000000        116.168051
rank #0: 2018-06-03 09:04:28,454 LBFGS        PARAM    0001         46.898658          2.119511          2.750929          3.951629         99.446797
rank #0: 2018-06-03 09:04:29,009 LBFGS        PARAM    0002        -48.312907          2.423913         14.279684          3.885444         84.373713
rank #0: 2018-06-03 09:04:29,568 LBFGS        PARAM    0003       -142.793727          2.398961         15.535436          3.926691         81.574830
rank #0: 2018-06-03 09:04:30,128 LBFGS        PARAM    0004       -358.455256          2.429871         22.044923          3.968754         79.178361
rank #0: 2018-06-03 09:04:30,684 LBFGS        PARAM    0005       -436.049550          2.452369         26.750758          3.895826         78.762908
rank #0: 2018-06-03 09:04:31,241 LBFGS        PARAM    0006       -496.113866          2.456517         32.230365          3.682082         78.350221
rank #0: 2018-06-03 09:04:31,797 LBFGS        PARAM    0007       -576.756353          2.443948         37.766200          3.167037         77.843371
rank #0: 2018-06-03 09:04:32,352 LBFGS        PARAM    0008       -597.422648          2.445933         31.421627          2.981636         77.779117
rank #0: 2018-06-03 09:04:32,907 LBFGS        PARAM    0009       -584.941139          2.441820         33.434916          3.009785         77.769819
rank #0: 2018-06-03 09:04:33,462 LBFGS        PARAM    0010       -581.161420          2.440233         33.887136          3.009139         77.769282
rank #0: 2018-06-03 09:04:34,021 LBFGS        PARAM    0011       -581.061353          2.440194         33.868197          3.009049         77.769281
rank #0: 2018-06-03 09:04:34,581 LBFGS        PARAM    0012       -581.048924          2.440195         33.865652          3.009033         77.769281
rank #0: 2018-06-03 09:04:35,140 LBFGS        PARAM    0013       -581.049960          2.440195         33.865663          3.009029         77.769281
rank #0: 2018-06-03 09:04:35,697 LBFGS        PARAM    0014       -581.049989          2.440195         33.865666          3.009029         77.769281
rank #0: 2018-06-03 09:04:36,255 LBFGS        PARAM    0015       -581.050072          2.440195         33.865666          3.009029         77.769281
rank #0: 2018-06-03 09:05:00,904 LBFGS        INFO     Linesearch failed in both LBFGS and gradient directions
rank #0: 2018-06-03 09:05:00,905 LBFGS        PARAM    0015       -581.050072          2.440195         33.865666          3.009029         77.769281
rank #0: 2018-06-03 09:05:00,906 rsdfit.lbfgs_fitter WARNING  ...LBFGS optimization finished. Time elapsed: 0:00:33.07
rank #0: 2018-06-03 09:05:00,907 rsdfit.lbfgs_fitter ERROR    nonlinear fit with method L-BFGS-B failed: Linesearch failed in both LBFGS and gradient directions
rank #0: 2018-06-03 09:05:00,908 rsdfit.fitting_driver INFO     rank 37 on nid00680     ...fitting complete
rank #0: 2018-06-03 09:05:00,911 rsdfit.fitting_driver INFO     rank 37 on nid00680     Saving the results to `/global/cscratch1/sd/nhand/eBOSS/fits/results/mocks/ezmock/v1.8e-fph/0.0001-0.3/basemodel-N-fnl/0.8-2.2/QSO-S-0877-P0+P2-mock-cov-1ab4f6001f/2018-06-03_nlopt_15i_chain0__1.npz`
rank #0: 2018-06-03 09:05:00,933 pyRSD.analysis.lbfgs_results INFO     
minimum chi2 = 77.7692805186

Free parameters [ mean ]
_______________
N              : -581.050071629
b1             : 2.44019485449
f_nl           : 33.8656659536
sigma_fog      : 3.00902890031

Constrained parameters [ mean ]
_________________________
b1sigma8       : 0.914793200802
