rank #0: 2018-10-08 11:22:39,543 rsdfit.fitting_driver INFO     rank 11 on nid00682     Calling the 'nlopt' solve function
rank #0: 2018-10-08 11:22:39,544 rsdfit.lbfgs_fitter INFO     running LBFGS for 500 iterations and then stopping
rank #0: 2018-10-08 11:22:39,545 rsdfit.lbfgs_fitter INFO     running LBFGS minimizer with priors
rank #0: 2018-10-08 11:22:39,545 root         INFO     Iter           N          b1        f_nl   sigma_fog   F(X)     
rank #0: 2018-10-08 11:22:39,546 rsdfit.lbfgs_fitter INFO     computing gradient using numerical derivative of lnlike()
rank #0: 2018-10-08 11:22:40,744 LBFGS        INFO     options = {'factr': 100000.0, 'gtol': 1e-05, 'max_iter': 500, 'test_convergence': False}
rank #0: 2018-10-08 11:22:40,745 LBFGS        PARAM    0000          0.000000          2.000000          0.000000          4.000000        136.260062
rank #0: 2018-10-08 11:22:42,117 LBFGS        PARAM    0001         18.705857          2.149144          1.388223          3.966417        109.710788
rank #0: 2018-10-08 11:22:43,340 LBFGS        PARAM    0002       -156.818324          2.491409          8.857353          4.054126         83.439593
rank #0: 2018-10-08 11:22:44,586 LBFGS        PARAM    0003       -358.026877          2.526715         10.931970          4.167775         75.193926
rank #0: 2018-10-08 11:22:45,806 LBFGS        PARAM    0004       -659.921606          2.572804         15.340766          4.274524         70.561693
rank #0: 2018-10-08 11:22:47,028 LBFGS        PARAM    0005       -672.853467          2.571274         16.759151          4.217957         70.404241
rank #0: 2018-10-08 11:22:48,268 LBFGS        PARAM    0006       -783.351569          2.558999         37.513005          3.632488         69.574177
rank #0: 2018-10-08 11:22:49,485 LBFGS        PARAM    0007       -768.950748          2.545568         46.653591          3.648136         69.440987
rank #0: 2018-10-08 11:22:50,730 LBFGS        PARAM    0008       -730.677063          2.522308         77.100970          3.712156         69.233118
rank #0: 2018-10-08 11:22:51,955 LBFGS        PARAM    0009       -726.586712          2.524371         80.395277          3.719837         69.228033
rank #0: 2018-10-08 11:22:53,179 LBFGS        PARAM    0010       -725.676402          2.522759         80.122784          3.715807         69.227064
rank #0: 2018-10-08 11:22:54,426 LBFGS        PARAM    0011       -725.633309          2.522750         80.131111          3.715771         69.227064
rank #0: 2018-10-08 11:22:55,649 LBFGS        PARAM    0012       -725.632683          2.522750         80.131144          3.715768         69.227064
rank #0: 2018-10-08 11:22:57,026 LBFGS        PARAM    0013       -725.632673          2.522750         80.131145          3.715768         69.227064
rank #0: 2018-10-08 11:23:27,657 LBFGS        PARAM    0014       -725.632673          2.522750         80.131145          3.715768         69.227064
rank #0: 2018-10-08 11:24:18,467 LBFGS        INFO     Linesearch failed in both LBFGS and gradient directions
rank #0: 2018-10-08 11:24:18,468 LBFGS        PARAM    0014       -725.632673          2.522750         80.131145          3.715768         69.227064
rank #0: 2018-10-08 11:24:18,469 rsdfit.lbfgs_fitter WARNING  ...LBFGS optimization finished. Time elapsed: 0:01:37.73
rank #0: 2018-10-08 11:24:18,470 rsdfit.lbfgs_fitter ERROR    nonlinear fit with method L-BFGS-B failed: Linesearch failed in both LBFGS and gradient directions
rank #0: 2018-10-08 11:24:18,471 rsdfit.fitting_driver INFO     rank 11 on nid00682     ...fitting complete
rank #0: 2018-10-08 11:24:18,475 rsdfit.fitting_driver INFO     rank 11 on nid00682     Saving the results to `/global/cscratch1/sd/nhand/eBOSS/fits/results/mocks/ezmock/v1.8e-fph/0.005-0.3/basemodel-N-fnl/0.8-2.2/QSO-N-0504-P0+P2-mock-cov-4ae05ce33e/2018-10-08_nlopt_14i_chain0__1.npz`
rank #0: 2018-10-08 11:24:18,537 pyRSD.analysis.lbfgs_results INFO     
minimum chi2 = 69.2270642899

Free parameters [ mean ]
_______________
N              : -725.632672994
b1             : 2.52275038644
f_nl           : 80.1311447418
sigma_fog      : 3.71576808791

Constrained parameters [ mean ]
_________________________
b1sigma8       : 0.913824721357
