rank #0: 2018-06-24 14:15:48,850 rsdfit.fitting_driver INFO     rank 51 on nid00539     Calling the 'nlopt' solve function
rank #0: 2018-06-24 14:15:48,851 rsdfit.lbfgs_fitter INFO     running LBFGS for 500 iterations and then stopping
rank #0: 2018-06-24 14:15:48,851 rsdfit.lbfgs_fitter INFO     running LBFGS minimizer with priors
rank #0: 2018-06-24 14:15:48,852 root         INFO     Iter           N          b1        f_nl   sigma_fog   F(X)     
rank #0: 2018-06-24 14:15:49,416 LBFGS        INFO     options = {'factr': 100000.0, 'gtol': 1e-05, 'max_iter': 500, 'test_convergence': False}
rank #0: 2018-06-24 14:15:49,417 LBFGS        PARAM    0000          0.000000          2.000000          0.000000          4.000000        105.314918
rank #0: 2018-06-24 14:15:50,081 LBFGS        PARAM    0001         30.708439          2.111018          2.338040          3.989925         92.661215
rank #0: 2018-06-24 14:15:50,679 LBFGS        PARAM    0002        -68.932179          2.375485         11.008027          4.110123         80.403162
rank #0: 2018-06-24 14:15:51,264 LBFGS        PARAM    0003       -185.074387          2.389881         12.670588          4.226870         77.530972
rank #0: 2018-06-24 14:15:51,858 LBFGS        PARAM    0004       -408.099703          2.442036         17.076421          4.486466         75.454953
rank #0: 2018-06-24 14:15:52,457 LBFGS        PARAM    0005       -391.717058          2.433543         17.115704          4.519920         75.407596
rank #0: 2018-06-24 14:15:53,054 LBFGS        PARAM    0006       -358.836697          2.425673         17.959617          4.628231         75.330506
rank #0: 2018-06-24 14:15:53,634 LBFGS        PARAM    0007       -317.296398          2.424108         20.076647          4.824585         75.249724
rank #0: 2018-06-24 14:15:54,229 LBFGS        PARAM    0008       -309.394932          2.430510         21.837792          4.910037         75.230463
rank #0: 2018-06-24 14:15:54,825 LBFGS        PARAM    0009       -309.595266          2.430632         21.873515          4.911763         75.230452
rank #0: 2018-06-24 14:15:55,407 LBFGS        PARAM    0010       -309.581508          2.430624         21.878061          4.911756         75.230451
rank #0: 2018-06-24 14:15:55,998 LBFGS        PARAM    0011       -309.551188          2.430579         21.910149          4.911622         75.230451
rank #0: 2018-06-24 14:15:56,594 LBFGS        PARAM    0012       -309.567894          2.430579         21.913137          4.911572         75.230451
rank #0: 2018-06-24 14:15:57,190 LBFGS        PARAM    0013       -309.569065          2.430579         21.913176          4.911571         75.230451
rank #0: 2018-06-24 14:15:57,836 LBFGS        PARAM    0014       -309.569066          2.430579         21.913174          4.911571         75.230451
rank #0: 2018-06-24 14:15:58,433 LBFGS        PARAM    0015       -309.569081          2.430579         21.913173          4.911571         75.230451
rank #0: 2018-06-24 14:15:59,029 LBFGS        PARAM    0016       -309.569102          2.430579         21.913170          4.911571         75.230451
rank #0: 2018-06-24 14:15:59,678 LBFGS        PARAM    0017       -309.569102          2.430579         21.913170          4.911571         75.230451
rank #0: 2018-06-24 14:16:14,235 LBFGS        PARAM    0018       -309.569100          2.430579         21.913170          4.911571         75.230451
rank #0: 2018-06-24 14:16:39,957 LBFGS        INFO     Linesearch failed in both LBFGS and gradient directions
rank #0: 2018-06-24 14:16:39,958 LBFGS        PARAM    0018       -309.569100          2.430579         21.913170          4.911571         75.230451
rank #0: 2018-06-24 14:16:39,959 rsdfit.lbfgs_fitter WARNING  ...LBFGS optimization finished. Time elapsed: 0:00:50.54
rank #0: 2018-06-24 14:16:39,960 rsdfit.lbfgs_fitter ERROR    nonlinear fit with method L-BFGS-B failed: Linesearch failed in both LBFGS and gradient directions
rank #0: 2018-06-24 14:16:39,961 rsdfit.fitting_driver INFO     rank 51 on nid00539     ...fitting complete
rank #0: 2018-06-24 14:16:39,965 rsdfit.fitting_driver INFO     rank 51 on nid00539     Saving the results to `/global/cscratch1/sd/nhand/eBOSS/fits/results/mocks/ezmock/v1.8e-fph/0.005-0.3/basemodel-N-fnl/0.8-2.2/QSO-S-0548-P0+P2-mock-cov-1ab4f6001f/2018-06-24_nlopt_18i_chain0__1.npz`
rank #0: 2018-06-24 14:16:39,992 pyRSD.analysis.lbfgs_results INFO     
minimum chi2 = 75.2304510669

Free parameters [ mean ]
_______________
N              : -309.569099684
b1             : 2.43057859097
f_nl           : 21.9131699199
sigma_fog      : 4.91157064701

Constrained parameters [ mean ]
_________________________
b1sigma8       : 0.911188204886
