rank #0: 2018-06-24 12:56:29,900 rsdfit.fitting_driver INFO     rank 26 on nid00545     Calling the 'nlopt' solve function
rank #0: 2018-06-24 12:56:29,901 rsdfit.lbfgs_fitter INFO     running LBFGS for 500 iterations and then stopping
rank #0: 2018-06-24 12:56:29,902 rsdfit.lbfgs_fitter INFO     running LBFGS minimizer with priors
rank #0: 2018-06-24 12:56:29,902 root         INFO     Iter           N          b1        f_nl   sigma_fog   F(X)     
rank #0: 2018-06-24 12:56:30,488 LBFGS        INFO     options = {'factr': 100000.0, 'gtol': 1e-05, 'max_iter': 500, 'test_convergence': False}
rank #0: 2018-06-24 12:56:30,489 LBFGS        PARAM    0000          0.000000          2.000000          0.000000          4.000000         79.104376
rank #0: 2018-06-24 12:56:31,159 LBFGS        PARAM    0001         32.281039          2.064478          1.068883          3.956434         71.411453
rank #0: 2018-06-24 12:56:31,745 LBFGS        PARAM    0002          2.936306          2.201342          4.124939          3.857666         65.416767
rank #0: 2018-06-24 12:56:32,348 LBFGS        PARAM    0003        -42.153934          2.205262          4.665410          3.839315         64.787216
rank #0: 2018-06-24 12:56:32,951 LBFGS        PARAM    0004       -252.332482          2.244078          7.898896          3.668178         63.326369
rank #0: 2018-06-24 12:56:33,553 LBFGS        PARAM    0005       -297.762622          2.243666          8.812849          3.474039         62.869663
rank #0: 2018-06-24 12:56:34,141 LBFGS        PARAM    0006       -377.893252          2.232270         12.401412          2.855365         62.184200
rank #0: 2018-06-24 12:56:34,745 LBFGS        PARAM    0007       -366.858028          2.229882         14.070770          2.855137         62.174891
rank #0: 2018-06-24 12:56:35,352 LBFGS        PARAM    0008       -360.048415          2.227439         15.785274          2.853502         62.171775
rank #0: 2018-06-24 12:56:35,939 LBFGS        PARAM    0009       -358.131808          2.226050         17.316691          2.852784         62.169893
rank #0: 2018-06-24 12:56:36,543 LBFGS        PARAM    0010       -360.193346          2.224915         19.511907          2.852871         62.168040
rank #0: 2018-06-24 12:56:37,149 LBFGS        PARAM    0011       -360.515184          2.224828         19.522654          2.853529         62.168016
rank #0: 2018-06-24 12:56:37,750 LBFGS        PARAM    0012       -360.630525          2.224877         19.500444          2.853591         62.168015
rank #0: 2018-06-24 12:56:38,335 LBFGS        PARAM    0013       -360.643093          2.224884         19.496011          2.853587         62.168015
rank #0: 2018-06-24 12:56:38,936 LBFGS        PARAM    0014       -360.643171          2.224884         19.496007          2.853586         62.168015
rank #0: 2018-06-24 12:56:39,602 LBFGS        PARAM    0015       -360.643171          2.224884         19.496007          2.853586         62.168015
rank #0: 2018-06-24 12:56:53,960 LBFGS        PARAM    0016       -360.643178          2.224884         19.496007          2.853586         62.168015
rank #0: 2018-06-24 12:57:08,607 LBFGS        PARAM    0017       -360.643178          2.224884         19.496007          2.853586         62.168015
rank #0: 2018-06-24 12:57:34,836 LBFGS        INFO     Linesearch failed in both LBFGS and gradient directions
rank #0: 2018-06-24 12:57:34,837 LBFGS        PARAM    0017       -360.643178          2.224884         19.496007          2.853586         62.168015
rank #0: 2018-06-24 12:57:34,838 rsdfit.lbfgs_fitter WARNING  ...LBFGS optimization finished. Time elapsed: 0:01:04.35
rank #0: 2018-06-24 12:57:34,838 rsdfit.lbfgs_fitter ERROR    nonlinear fit with method L-BFGS-B failed: Linesearch failed in both LBFGS and gradient directions
rank #0: 2018-06-24 12:57:34,839 rsdfit.fitting_driver INFO     rank 26 on nid00545     ...fitting complete
rank #0: 2018-06-24 12:57:34,842 rsdfit.fitting_driver INFO     rank 26 on nid00545     Saving the results to `/global/cscratch1/sd/nhand/eBOSS/fits/results/mocks/ezmock/v1.8e-fph/0.005-0.3/basemodel-N-fnl/0.8-2.2/QSO-S-0185-P0+P2-mock-cov-8973e9cf3e/2018-06-24_nlopt_17i_chain0__1.npz`
rank #0: 2018-06-24 12:57:34,866 pyRSD.analysis.lbfgs_results INFO     
minimum chi2 = 62.1680152651

Free parameters [ mean ]
_______________
N              : -360.64317777
b1             : 2.22488369661
f_nl           : 19.4960070922
sigma_fog      : 2.85358602974

Constrained parameters [ mean ]
_________________________
b1sigma8       : 0.886200568052
