rank #0: 2019-02-16 14:43:38,624 rsdfit.fitting_driver INFO     rank 21 on nid00647     Calling the 'nlopt' solve function
rank #0: 2019-02-16 14:43:38,625 rsdfit.lbfgs_fitter INFO     running LBFGS for 500 iterations and then stopping
rank #0: 2019-02-16 14:43:38,626 rsdfit.lbfgs_fitter INFO     running LBFGS minimizer with priors
rank #0: 2019-02-16 14:43:38,626 root         INFO     Iter           N          b1        f_nl   sigma_fog   F(X)     
rank #0: 2019-02-16 14:43:38,627 rsdfit.lbfgs_fitter INFO     computing gradient using numerical derivative of lnlike()
rank #0: 2019-02-16 14:43:39,736 LBFGS        INFO     options = {'factr': 100000.0, 'gtol': 1e-05, 'max_iter': 500, 'test_convergence': False}
rank #0: 2019-02-16 14:43:39,737 LBFGS        PARAM    0000          0.000000          2.000000          0.000000          4.000000        107.948478
rank #0: 2019-02-16 14:43:40,996 LBFGS        PARAM    0001         84.545676          2.153687          1.124326          3.932132         90.601691
rank #0: 2019-02-16 14:43:42,128 LBFGS        PARAM    0002         19.892376          2.458418          5.300042          3.857816         79.625200
rank #0: 2019-02-16 14:43:43,263 LBFGS        PARAM    0003        -20.964169          2.415429          4.959471          3.915414         78.551413
rank #0: 2019-02-16 14:43:44,395 LBFGS        PARAM    0004       -190.997125          2.386115          5.363401          4.034453         78.364458
rank #0: 2019-02-16 14:43:45,525 LBFGS        PARAM    0005       -156.886780          2.424140          5.868889          3.994572         77.367777
rank #0: 2019-02-16 14:43:46,660 LBFGS        PARAM    0006       -196.090104          2.466045          6.797206          3.982247         76.809766
rank #0: 2019-02-16 14:43:47,796 LBFGS        PARAM    0007       -275.004711          2.500175          7.600992          3.958391         76.484264
rank #0: 2019-02-16 14:43:48,934 LBFGS        PARAM    0008       -339.067907          2.510916          7.217835          3.836204         76.251159
rank #0: 2019-02-16 14:43:50,068 LBFGS        PARAM    0009       -446.414754          2.515358          4.575505          3.442702         75.918829
rank #0: 2019-02-16 14:43:51,202 LBFGS        PARAM    0010       -453.086612          2.509735          1.830807          3.316092         75.878655
rank #0: 2019-02-16 14:43:52,335 LBFGS        PARAM    0011       -450.225804          2.507788          0.264718          3.308538         75.874409
rank #0: 2019-02-16 14:43:53,468 LBFGS        PARAM    0012       -447.837023          2.507189         -2.157469          3.307755         75.870839
rank #0: 2019-02-16 14:43:54,601 LBFGS        PARAM    0013       -448.268302          2.508839         -5.598395          3.311447         75.866923
rank #0: 2019-02-16 14:43:55,734 LBFGS        PARAM    0014       -454.032601          2.513672         -9.690675          3.319982         75.863255
rank #0: 2019-02-16 14:43:56,865 LBFGS        PARAM    0015       -456.076380          2.515589        -10.364586          3.323417         75.862852
rank #0: 2019-02-16 14:43:57,998 LBFGS        PARAM    0016       -456.434537          2.515775        -10.229341          3.323690         75.862837
rank #0: 2019-02-16 14:43:59,131 LBFGS        PARAM    0017       -456.471006          2.515762        -10.176721          3.323638         75.862836
rank #0: 2019-02-16 14:44:00,268 LBFGS        PARAM    0018       -456.472062          2.515758        -10.173456          3.323626         75.862836
rank #0: 2019-02-16 14:44:01,408 LBFGS        PARAM    0019       -456.471744          2.515758        -10.173370          3.323625         75.862836
rank #0: 2019-02-16 14:44:02,548 LBFGS        PARAM    0020       -456.471534          2.515758        -10.173352          3.323626         75.862836
rank #0: 2019-02-16 14:44:03,681 LBFGS        PARAM    0021       -456.471574          2.515758        -10.173348          3.323626         75.862836
rank #0: 2019-02-16 14:44:04,814 LBFGS        PARAM    0022       -456.471649          2.515758        -10.173363          3.323626         75.862836
rank #0: 2019-02-16 14:44:55,705 LBFGS        INFO     Linesearch failed in both LBFGS and gradient directions
rank #0: 2019-02-16 14:44:55,707 LBFGS        PARAM    0022       -456.471649          2.515758        -10.173363          3.323626         75.862836
rank #0: 2019-02-16 14:44:55,708 rsdfit.lbfgs_fitter WARNING  ...LBFGS optimization finished. Time elapsed: 0:01:15.97
rank #0: 2019-02-16 14:44:55,709 rsdfit.lbfgs_fitter ERROR    nonlinear fit with method L-BFGS-B failed: Linesearch failed in both LBFGS and gradient directions
rank #0: 2019-02-16 14:44:55,710 rsdfit.fitting_driver INFO     rank 21 on nid00647     ...fitting complete
rank #0: 2019-02-16 14:44:55,729 rsdfit.fitting_driver INFO     rank 21 on nid00647     Saving the results to `/global/cscratch1/sd/nhand/eBOSS/fits/results/mocks/ezmock/v1.8e-fph/0.005-0.3/basemodel-N-fnl/0.8-2.2/QSO-S-0827-P0+P2-mock-cov-be61e5bd15/2019-02-16_nlopt_22i_chain0__1.npz`
rank #0: 2019-02-16 14:44:55,737 pyRSD.analysis.lbfgs_results INFO     
minimum chi2 = 75.86283634430991

Free parameters [ mean ]
_______________
N              : -456.4716493675418
b1             : 2.515757949600019
f_nl           : -10.17336284859326
sigma_fog      : 3.323625519545282

Constrained parameters [ mean ]
_________________________
b1sigma8       : 0.9112918264348608
