rank #0: 2018-07-15 20:20:26,597 rsdfit.fitting_driver INFO     rank 23 on nid00567     Calling the 'nlopt' solve function
rank #0: 2018-07-15 20:20:26,598 rsdfit.lbfgs_fitter INFO     running LBFGS for 500 iterations and then stopping
rank #0: 2018-07-15 20:20:26,599 rsdfit.lbfgs_fitter INFO     running LBFGS minimizer with priors
rank #0: 2018-07-15 20:20:26,599 root         INFO     Iter           N          b1        f_nl   sigma_fog   F(X)     
rank #0: 2018-07-15 20:20:27,174 LBFGS        INFO     options = {'factr': 100000.0, 'gtol': 1e-05, 'max_iter': 500, 'test_convergence': False}
rank #0: 2018-07-15 20:20:27,176 LBFGS        PARAM    0000          0.000000          2.000000          0.000000          4.000000        136.552973
rank #0: 2018-07-15 20:20:27,818 LBFGS        PARAM    0001         34.261374          2.144251          1.256744          4.027030        113.332275
rank #0: 2018-07-15 20:20:28,406 LBFGS        PARAM    0002        -90.864319          2.452817          6.825354          4.356176         90.745670
rank #0: 2018-07-15 20:20:28,994 LBFGS        PARAM    0003       -268.797672          2.510525          8.621413          4.633142         82.849140
rank #0: 2018-07-15 20:20:29,584 LBFGS        PARAM    0004       -479.462070          2.549934         10.530042          5.197549         77.568364
rank #0: 2018-07-15 20:20:30,161 LBFGS        PARAM    0005       -468.636694          2.556891         11.026899          5.327668         77.154944
rank #0: 2018-07-15 20:20:30,755 LBFGS        PARAM    0006       -271.545369          2.556722         12.045471          6.318557         75.116810
rank #0: 2018-07-15 20:20:31,350 LBFGS        PARAM    0007       -225.449429          2.552267          9.451087          6.474500         75.054656
rank #0: 2018-07-15 20:20:31,934 LBFGS        PARAM    0008       -226.222478          2.553749          9.125371          6.484086         75.053621
rank #0: 2018-07-15 20:20:32,523 LBFGS        PARAM    0009       -226.917148          2.554780          8.628968          6.490847         75.053178
rank #0: 2018-07-15 20:20:33,119 LBFGS        PARAM    0010       -227.359698          2.555182          8.148334          6.491340         75.052942
rank #0: 2018-07-15 20:20:33,717 LBFGS        PARAM    0011       -227.595726          2.555189          7.749888          6.488002         75.052834
rank #0: 2018-07-15 20:20:34,299 LBFGS        PARAM    0012       -227.560829          2.555178          7.737746          6.487507         75.052833
rank #0: 2018-07-15 20:20:34,896 LBFGS        PARAM    0013       -227.557127          2.555174          7.740492          6.487442         75.052833
rank #0: 2018-07-15 20:20:35,491 LBFGS        PARAM    0014       -227.556860          2.555173          7.740950          6.487439         75.052833
rank #0: 2018-07-15 20:20:36,077 LBFGS        PARAM    0015       -227.556820          2.555173          7.740977          6.487439         75.052833
rank #0: 2018-07-15 20:20:36,734 LBFGS        PARAM    0016       -227.556821          2.555173          7.740977          6.487439         75.052833
rank #0: 2018-07-15 20:21:02,379 LBFGS        INFO     Linesearch failed in both LBFGS and gradient directions
rank #0: 2018-07-15 20:21:02,382 LBFGS        PARAM    0016       -227.556821          2.555173          7.740977          6.487439         75.052833
rank #0: 2018-07-15 20:21:02,383 rsdfit.lbfgs_fitter WARNING  ...LBFGS optimization finished. Time elapsed: 0:00:35.21
rank #0: 2018-07-15 20:21:02,384 rsdfit.lbfgs_fitter ERROR    nonlinear fit with method L-BFGS-B failed: Linesearch failed in both LBFGS and gradient directions
rank #0: 2018-07-15 20:21:02,386 rsdfit.fitting_driver INFO     rank 23 on nid00567     ...fitting complete
rank #0: 2018-07-15 20:21:02,389 rsdfit.fitting_driver INFO     rank 23 on nid00567     Saving the results to `/global/cscratch1/sd/nhand/eBOSS/fits/results/mocks/ezmock/v1.8e-fph/0.0001-0.3/basemodel-N-fnl/0.8-2.2/QSO-N-0949-P0+P2-mock-cov-f224d44da7/2018-07-15_nlopt_16i_chain0__1.npz`
rank #0: 2018-07-15 20:21:02,414 pyRSD.analysis.lbfgs_results INFO     
minimum chi2 = 75.0528327763

Free parameters [ mean ]
_______________
N              : -227.556820536
b1             : 2.55517303161
f_nl           : 7.74097690965
sigma_fog      : 6.48743948769

Constrained parameters [ mean ]
_________________________
b1sigma8       : 0.925569289845
