rank #0: 2018-10-04 21:48:27,015 rsdfit.fitting_driver INFO     rank 13 on nid01062     Calling the 'nlopt' solve function
rank #0: 2018-10-04 21:48:27,016 rsdfit.lbfgs_fitter INFO     running LBFGS for 500 iterations and then stopping
rank #0: 2018-10-04 21:48:27,017 rsdfit.lbfgs_fitter INFO     running LBFGS minimizer with priors
rank #0: 2018-10-04 21:48:27,018 root         INFO     Iter           N          b1        f_nl   sigma_fog   F(X)     
rank #0: 2018-10-04 21:48:27,018 rsdfit.lbfgs_fitter INFO     computing gradient using numerical derivative of lnlike()
rank #0: 2018-10-04 21:48:28,192 LBFGS        INFO     options = {'factr': 100000.0, 'gtol': 1e-05, 'max_iter': 500, 'test_convergence': False}
rank #0: 2018-10-04 21:48:28,193 LBFGS        PARAM    0000          0.000000          2.000000          0.000000          4.000000        131.930534
rank #0: 2018-10-04 21:48:29,524 LBFGS        PARAM    0001         27.868641          2.143430          1.429899          3.966120        105.539870
rank #0: 2018-10-04 21:48:30,719 LBFGS        PARAM    0002       -121.196700          2.471013          9.214350          4.039753         80.798748
rank #0: 2018-10-04 21:48:31,936 LBFGS        PARAM    0003       -289.297911          2.492607         11.681100          4.147652         73.619705
rank #0: 2018-10-04 21:48:33,132 LBFGS        PARAM    0004       -605.911364          2.557125         19.425846          4.316062         68.685167
rank #0: 2018-10-04 21:48:34,349 LBFGS        PARAM    0005       -605.153667          2.543772         22.773395          4.266384         68.442406
rank #0: 2018-10-04 21:48:35,553 LBFGS        PARAM    0006       -627.859699          2.508182         43.691302          3.993730         67.570948
rank #0: 2018-10-04 21:48:36,758 LBFGS        PARAM    0007       -663.946609          2.496709         66.098741          3.741587         67.121943
rank #0: 2018-10-04 21:48:37,979 LBFGS        PARAM    0008       -659.192695          2.508052         66.919200          3.786135         67.048211
rank #0: 2018-10-04 21:48:39,169 LBFGS        PARAM    0009       -656.840168          2.510873         66.273908          3.808258         67.045306
rank #0: 2018-10-04 21:48:40,381 LBFGS        PARAM    0010       -656.126537          2.510883         66.492505          3.812107         67.044668
rank #0: 2018-10-04 21:48:41,570 LBFGS        PARAM    0011       -649.900851          2.509802         67.302128          3.836790         67.042562
rank #0: 2018-10-04 21:48:42,762 LBFGS        PARAM    0012       -648.995828          2.509399         67.342578          3.838654         67.042502
rank #0: 2018-10-04 21:48:43,970 LBFGS        PARAM    0013       -648.941495          2.509354         67.336319          3.838586         67.042501
rank #0: 2018-10-04 21:48:45,163 LBFGS        PARAM    0014       -648.945259          2.509353         67.335439          3.838565         67.042501
rank #0: 2018-10-04 21:48:46,379 LBFGS        PARAM    0015       -648.945521          2.509353         67.335394          3.838564         67.042501
rank #0: 2018-10-04 21:48:47,579 LBFGS        PARAM    0016       -648.945563          2.509353         67.335393          3.838564         67.042501
rank #0: 2018-10-04 21:49:41,122 LBFGS        INFO     Linesearch failed in both LBFGS and gradient directions
rank #0: 2018-10-04 21:49:41,127 LBFGS        PARAM    0016       -648.945563          2.509353         67.335393          3.838564         67.042501
rank #0: 2018-10-04 21:49:41,128 rsdfit.lbfgs_fitter WARNING  ...LBFGS optimization finished. Time elapsed: 0:01:12.94
rank #0: 2018-10-04 21:49:41,129 rsdfit.lbfgs_fitter ERROR    nonlinear fit with method L-BFGS-B failed: Linesearch failed in both LBFGS and gradient directions
rank #0: 2018-10-04 21:49:41,130 rsdfit.fitting_driver INFO     rank 13 on nid01062     ...fitting complete
rank #0: 2018-10-04 21:49:41,134 rsdfit.fitting_driver INFO     rank 13 on nid01062     Saving the results to `/global/cscratch1/sd/nhand/eBOSS/fits/results/mocks/ezmock/v1.8e-fph/0.0001-0.3/basemodel-N-fnl/0.8-2.2/QSO-N-0679-P0+P2-mock-cov-4ae05ce33e/2018-10-04_nlopt_16i_chain0__1.npz`
rank #0: 2018-10-04 21:49:41,243 pyRSD.analysis.lbfgs_results INFO     
minimum chi2 = 67.0425011763

Free parameters [ mean ]
_______________
N              : -648.945563042
b1             : 2.50935341589
f_nl           : 67.3353926746
sigma_fog      : 3.83856371165

Constrained parameters [ mean ]
_________________________
b1sigma8       : 0.908971889726
