rank #0: 2018-07-16 20:39:47,030 rsdfit.fitting_driver INFO     rank 62 on nid00908     Calling the 'nlopt' solve function
rank #0: 2018-07-16 20:39:47,031 rsdfit.lbfgs_fitter INFO     running LBFGS for 500 iterations and then stopping
rank #0: 2018-07-16 20:39:47,032 rsdfit.lbfgs_fitter INFO     running LBFGS minimizer with priors
rank #0: 2018-07-16 20:39:47,033 root         INFO     Iter           N          b1        f_nl   sigma_fog   F(X)     
rank #0: 2018-07-16 20:39:47,620 LBFGS        INFO     options = {'factr': 100000.0, 'gtol': 1e-05, 'max_iter': 500, 'test_convergence': False}
rank #0: 2018-07-16 20:39:47,622 LBFGS        PARAM    0000          0.000000          2.000000          0.000000          4.000000        123.228128
rank #0: 2018-07-16 20:39:48,296 LBFGS        PARAM    0001          4.079694          2.106491          2.494095          4.001432        102.193579
rank #0: 2018-07-16 20:39:48,883 LBFGS        PARAM    0002       -209.591863          2.407113         13.233723          4.155144         75.355328
rank #0: 2018-07-16 20:39:49,491 LBFGS        PARAM    0003       -351.216749          2.411468         15.191750          4.275719         68.398341
rank #0: 2018-07-16 20:39:50,097 LBFGS        PARAM    0004       -563.812456          2.449400         20.090947          4.453471         65.138762
rank #0: 2018-07-16 20:39:50,693 LBFGS        PARAM    0005       -553.732561          2.440160         21.380415          4.444072         65.075020
rank #0: 2018-07-16 20:39:51,291 LBFGS        PARAM    0006       -541.317917          2.428835         25.617142          4.430342         64.971972
rank #0: 2018-07-16 20:39:51,895 LBFGS        PARAM    0007       -523.022869          2.409102         38.423402          4.404364         64.764715
rank #0: 2018-07-16 20:39:52,502 LBFGS        PARAM    0008       -521.769305          2.402263         50.506784          4.387047         64.636598
rank #0: 2018-07-16 20:39:53,093 LBFGS        PARAM    0009       -529.271648          2.406031         52.222729          4.384722         64.620749
rank #0: 2018-07-16 20:39:53,696 LBFGS        PARAM    0010       -531.619938          2.407674         51.712920          4.385080         64.620074
rank #0: 2018-07-16 20:39:54,304 LBFGS        PARAM    0011       -532.079412          2.407840         51.622710          4.383938         64.620004
rank #0: 2018-07-16 20:39:54,898 LBFGS        PARAM    0012       -533.848659          2.407942         51.544194          4.375845         64.619768
rank #0: 2018-07-16 20:39:55,501 LBFGS        PARAM    0013       -534.070175          2.407741         51.640723          4.373284         64.619748
rank #0: 2018-07-16 20:39:56,108 LBFGS        PARAM    0014       -534.062184          2.407739         51.641279          4.373274         64.619748
rank #0: 2018-07-16 20:39:56,711 LBFGS        PARAM    0015       -534.061920          2.407738         51.641363          4.373275         64.619748
rank #0: 2018-07-16 20:39:57,301 LBFGS        PARAM    0016       -534.061879          2.407738         51.641375          4.373275         64.619748
rank #0: 2018-07-16 20:40:23,196 LBFGS        INFO     Linesearch failed in both LBFGS and gradient directions
rank #0: 2018-07-16 20:40:23,198 LBFGS        PARAM    0016       -534.061879          2.407738         51.641375          4.373275         64.619748
rank #0: 2018-07-16 20:40:23,199 rsdfit.lbfgs_fitter WARNING  ...LBFGS optimization finished. Time elapsed: 0:00:35.58
rank #0: 2018-07-16 20:40:23,201 rsdfit.lbfgs_fitter ERROR    nonlinear fit with method L-BFGS-B failed: Linesearch failed in both LBFGS and gradient directions
rank #0: 2018-07-16 20:40:23,202 rsdfit.fitting_driver INFO     rank 62 on nid00908     ...fitting complete
rank #0: 2018-07-16 20:40:23,207 rsdfit.fitting_driver INFO     rank 62 on nid00908     Saving the results to `/global/cscratch1/sd/nhand/eBOSS/fits/results/mocks/ezmock/v1.8e-fph/0.005-0.3/basemodel-N-fnl/0.8-2.2/QSO-N-0780-P0+P2-mock-cov-1ab4f6001f/2018-07-16_nlopt_16i_chain0__1.npz`
rank #0: 2018-07-16 20:40:23,236 pyRSD.analysis.lbfgs_results INFO     
minimum chi2 = 64.6197479312

Free parameters [ mean ]
_______________
N              : -534.061879363
b1             : 2.40773847647
f_nl           : 51.641375246
sigma_fog      : 4.3732754719

Constrained parameters [ mean ]
_________________________
b1sigma8       : 0.902625781515
