rank #0: 2019-02-16 14:23:21,363 rsdfit.fitting_driver INFO     rank 58 on nid00652     Calling the 'nlopt' solve function
rank #0: 2019-02-16 14:23:21,363 rsdfit.lbfgs_fitter INFO     running LBFGS for 500 iterations and then stopping
rank #0: 2019-02-16 14:23:21,363 rsdfit.lbfgs_fitter INFO     running LBFGS minimizer with priors
rank #0: 2019-02-16 14:23:21,363 root         INFO     Iter           N          b1        f_nl   sigma_fog   F(X)     
rank #0: 2019-02-16 14:23:21,363 rsdfit.lbfgs_fitter INFO     computing gradient using numerical derivative of lnlike()
rank #0: 2019-02-16 14:23:22,489 LBFGS        INFO     options = {'factr': 100000.0, 'gtol': 1e-05, 'max_iter': 500, 'test_convergence': False}
rank #0: 2019-02-16 14:23:22,490 LBFGS        PARAM    0000          0.000000          2.000000          0.000000          4.000000        111.135447
rank #0: 2019-02-16 14:23:23,761 LBFGS        PARAM    0001         97.404389          2.161158          1.227222          3.925892         91.868331
rank #0: 2019-02-16 14:23:24,904 LBFGS        PARAM    0002         43.794762          2.470890          5.817769          3.841901         80.465651
rank #0: 2019-02-16 14:23:26,046 LBFGS        PARAM    0003          4.918981          2.425391          5.731378          3.901175         79.411961
rank #0: 2019-02-16 14:23:27,188 LBFGS        PARAM    0004       -134.212072          2.403866          6.889798          3.997988         78.957705
rank #0: 2019-02-16 14:23:28,332 LBFGS        PARAM    0005       -135.004029          2.437342          7.707748          3.980840         78.214557
rank #0: 2019-02-16 14:23:29,476 LBFGS        PARAM    0006       -210.546473          2.497219         10.143105          3.971665         77.543737
rank #0: 2019-02-16 14:23:30,619 LBFGS        PARAM    0007       -261.671625          2.510323         11.207644          3.935095         77.388376
rank #0: 2019-02-16 14:23:31,763 LBFGS        PARAM    0008       -343.964021          2.518299         12.766883          3.721107         77.105891
rank #0: 2019-02-16 14:23:32,906 LBFGS        PARAM    0009       -405.862333          2.514005         13.949195          3.390332         76.924946
rank #0: 2019-02-16 14:23:34,051 LBFGS        PARAM    0010       -398.373982          2.508463         14.212475          3.350249         76.916353
rank #0: 2019-02-16 14:23:35,196 LBFGS        PARAM    0011       -396.754875          2.507293         14.350829          3.350594         76.916130
rank #0: 2019-02-16 14:23:36,340 LBFGS        PARAM    0012       -396.305179          2.506979         14.459531          3.350823         76.916086
rank #0: 2019-02-16 14:23:37,483 LBFGS        PARAM    0013       -395.294437          2.506247         14.900785          3.351353         76.915954
rank #0: 2019-02-16 14:23:38,627 LBFGS        PARAM    0014       -394.311052          2.505472         15.693515          3.351865         76.915767
rank #0: 2019-02-16 14:23:39,770 LBFGS        PARAM    0015       -394.091670          2.505162         16.612227          3.351955         76.915593
rank #0: 2019-02-16 14:23:40,913 LBFGS        PARAM    0016       -394.477461          2.505384         16.847232          3.351757         76.915558
rank #0: 2019-02-16 14:23:42,057 LBFGS        PARAM    0017       -394.660933          2.505513         16.808127          3.351664         76.915557
rank #0: 2019-02-16 14:23:43,200 LBFGS        PARAM    0018       -394.689862          2.505535         16.790023          3.351649         76.915557
rank #0: 2019-02-16 14:23:44,343 LBFGS        PARAM    0019       -394.690521          2.505536         16.788656          3.351649         76.915557
rank #0: 2019-02-16 14:23:45,488 LBFGS        PARAM    0020       -394.690517          2.505536         16.788625          3.351649         76.915557
rank #0: 2019-02-16 14:24:13,859 LBFGS        PARAM    0021       -394.690521          2.505536         16.788625          3.351649         76.915557
rank #0: 2019-02-16 14:24:15,003 LBFGS        PARAM    0022       -394.690519          2.505536         16.788625          3.351649         76.915557
rank #0: 2019-02-16 14:25:04,319 LBFGS        INFO     Linesearch failed in both LBFGS and gradient directions
rank #0: 2019-02-16 14:25:04,319 LBFGS        PARAM    0022       -394.690519          2.505536         16.788625          3.351649         76.915557
rank #0: 2019-02-16 14:25:04,319 rsdfit.lbfgs_fitter WARNING  ...LBFGS optimization finished. Time elapsed: 0:01:41.83
rank #0: 2019-02-16 14:25:04,320 rsdfit.lbfgs_fitter ERROR    nonlinear fit with method L-BFGS-B failed: Linesearch failed in both LBFGS and gradient directions
rank #0: 2019-02-16 14:25:04,320 rsdfit.fitting_driver INFO     rank 58 on nid00652     ...fitting complete
rank #0: 2019-02-16 14:25:04,324 rsdfit.fitting_driver INFO     rank 58 on nid00652     Saving the results to `/global/cscratch1/sd/nhand/eBOSS/fits/results/mocks/ezmock/v1.8e-fph/0.005-0.3/basemodel-N-fnl/0.8-2.2/QSO-S-0063-P0+P2-mock-cov-be61e5bd15/2019-02-16_nlopt_22i_chain0__1.npz`
rank #0: 2019-02-16 14:25:04,330 pyRSD.analysis.lbfgs_results INFO     
minimum chi2 = 76.91555653397921

Free parameters [ mean ]
_______________
N              : -394.6905189670096
b1             : 2.5055355723160546
f_nl           : 16.788624750425956
sigma_fog      : 3.3516487128833745

Constrained parameters [ mean ]
_________________________
b1sigma8       : 0.9075889388549603
