rank #0: 2018-07-15 19:35:47,295 rsdfit.fitting_driver INFO     rank 3 on nid01110     Calling the 'nlopt' solve function
rank #0: 2018-07-15 19:35:47,296 rsdfit.lbfgs_fitter INFO     running LBFGS for 500 iterations and then stopping
rank #0: 2018-07-15 19:35:47,297 rsdfit.lbfgs_fitter INFO     running LBFGS minimizer with priors
rank #0: 2018-07-15 19:35:47,298 root         INFO     Iter           N          b1        f_nl   sigma_fog   F(X)     
rank #0: 2018-07-15 19:35:47,867 LBFGS        INFO     options = {'factr': 100000.0, 'gtol': 1e-05, 'max_iter': 500, 'test_convergence': False}
rank #0: 2018-07-15 19:35:47,869 LBFGS        PARAM    0000          0.000000          2.000000          0.000000          4.000000         88.366992
rank #0: 2018-07-15 19:35:48,541 LBFGS        PARAM    0001         -0.644049          2.059329          1.314201          3.988301         82.630871
rank #0: 2018-07-15 19:35:49,150 LBFGS        PARAM    0002       -129.515432          2.228196          6.775105          4.013775         74.551987
rank #0: 2018-07-15 19:35:49,744 LBFGS        PARAM    0003       -244.273139          2.256185          8.766865          4.061486         72.390986
rank #0: 2018-07-15 19:35:50,349 LBFGS        PARAM    0004       -429.297800          2.278906         12.111587          4.077406         70.931842
rank #0: 2018-07-15 19:35:50,951 LBFGS        PARAM    0005       -440.361659          2.280637         12.743080          4.042624         70.883031
rank #0: 2018-07-15 19:35:51,552 LBFGS        PARAM    0006       -499.761296          2.277440         17.054009          3.732778         70.670871
rank #0: 2018-07-15 19:35:52,252 LBFGS        PARAM    0007       -494.421015          2.273067         17.363553          3.702546         70.664849
rank #0: 2018-07-15 19:35:52,853 LBFGS        PARAM    0008       -493.873916          2.273096         17.417595          3.702773         70.664814
rank #0: 2018-07-15 19:35:53,449 LBFGS        PARAM    0009       -493.670518          2.273067         17.457933          3.703024         70.664805
rank #0: 2018-07-15 19:35:54,032 LBFGS        PARAM    0010       -493.438058          2.272976         17.553195          3.703534         70.664792
rank #0: 2018-07-15 19:35:54,632 LBFGS        PARAM    0011       -493.519330          2.272913         17.602524          3.703709         70.664788
rank #0: 2018-07-15 19:35:55,232 LBFGS        PARAM    0012       -493.519734          2.272911         17.602459          3.703736         70.664788
rank #0: 2018-07-15 19:35:55,819 LBFGS        PARAM    0013       -493.520397          2.272911         17.602284          3.703736         70.664788
rank #0: 2018-07-15 19:35:56,418 LBFGS        PARAM    0014       -493.520509          2.272911         17.602265          3.703735         70.664788
rank #0: 2018-07-15 19:36:22,788 LBFGS        INFO     Linesearch failed in both LBFGS and gradient directions
rank #0: 2018-07-15 19:36:22,790 LBFGS        PARAM    0014       -493.520509          2.272911         17.602265          3.703735         70.664788
rank #0: 2018-07-15 19:36:22,791 rsdfit.lbfgs_fitter WARNING  ...LBFGS optimization finished. Time elapsed: 0:00:34.92
rank #0: 2018-07-15 19:36:22,792 rsdfit.lbfgs_fitter ERROR    nonlinear fit with method L-BFGS-B failed: Linesearch failed in both LBFGS and gradient directions
rank #0: 2018-07-15 19:36:22,794 rsdfit.fitting_driver INFO     rank 3 on nid01110     ...fitting complete
rank #0: 2018-07-15 19:36:22,798 rsdfit.fitting_driver INFO     rank 3 on nid01110     Saving the results to `/global/cscratch1/sd/nhand/eBOSS/fits/results/mocks/ezmock/v1.8e-fph/0.0001-0.3/basemodel-N-fnl/0.8-2.2/QSO-S-0770-P0+P2-mock-cov-8973e9cf3e/2018-07-15_nlopt_14i_chain0__1.npz`
rank #0: 2018-07-15 19:36:22,825 pyRSD.analysis.lbfgs_results INFO     
minimum chi2 = 70.6647876632

Free parameters [ mean ]
_______________
N              : -493.520508863
b1             : 2.27291100817
f_nl           : 17.6022649776
sigma_fog      : 3.70373543322

Constrained parameters [ mean ]
_________________________
b1sigma8       : 0.905330480708
