rank #0: 2018-06-24 11:27:37,501 rsdfit.fitting_driver INFO     rank 41 on nid00619     Calling the 'nlopt' solve function
rank #0: 2018-06-24 11:27:37,501 rsdfit.lbfgs_fitter INFO     running LBFGS for 500 iterations and then stopping
rank #0: 2018-06-24 11:27:37,502 rsdfit.lbfgs_fitter INFO     running LBFGS minimizer with priors
rank #0: 2018-06-24 11:27:37,502 root         INFO     Iter           N          b1        f_nl   sigma_fog   F(X)     
rank #0: 2018-06-24 11:27:38,515 LBFGS        INFO     options = {'factr': 100000.0, 'gtol': 1e-05, 'max_iter': 500, 'test_convergence': False}
rank #0: 2018-06-24 11:27:38,518 LBFGS        PARAM    0000          0.000000          2.000000          0.000000          4.000000         95.202456
rank #0: 2018-06-24 11:27:39,508 LBFGS        PARAM    0001         22.484642          2.088379          1.516185          3.978886         82.365453
rank #0: 2018-06-24 11:27:40,102 LBFGS        PARAM    0002        -54.700566          2.294819          6.644981          4.016644         70.161636
rank #0: 2018-06-24 11:27:40,698 LBFGS        PARAM    0003       -151.732810          2.312609          7.638920          4.084671         67.513163
rank #0: 2018-06-24 11:27:41,277 LBFGS        PARAM    0004       -406.124784          2.367975         10.284324          4.239318         64.739122
rank #0: 2018-06-24 11:27:41,872 LBFGS        PARAM    0005       -407.311983          2.364106          9.816249          4.209410         64.714922
rank #0: 2018-06-24 11:27:42,467 LBFGS        PARAM    0006       -421.119694          2.361282          8.616306          4.120230         64.673781
rank #0: 2018-06-24 11:27:43,056 LBFGS        PARAM    0007       -439.516166          2.364513          7.516380          4.054702         64.656239
rank #0: 2018-06-24 11:27:43,643 LBFGS        PARAM    0008       -445.577260          2.367028          6.766979          4.045027         64.653605
rank #0: 2018-06-24 11:27:44,238 LBFGS        PARAM    0009       -448.835915          2.369003          5.944555          4.043372         64.652253
rank #0: 2018-06-24 11:27:44,835 LBFGS        PARAM    0010       -451.998780          2.371493          4.418495          4.044158         64.650269
rank #0: 2018-06-24 11:27:45,415 LBFGS        PARAM    0011       -457.244076          2.376615          0.247261          4.048613         64.645087
rank #0: 2018-06-24 11:27:46,011 LBFGS        PARAM    0012       -478.065866          2.398266        -19.946635          4.066316         64.583880
rank #0: 2018-06-24 11:27:46,012 LBFGS        INFO     LBFGS iteration 12: the descent direction does not have a sufficient projection (cos(theta)=-2.44e-01, theta=104.1502) into the gradient; using steepest descent at this step!
rank #0: 2018-06-24 11:27:46,676 LBFGS        PARAM    0013       -478.097778          2.393963        -20.280383          4.067680         64.575371
rank #0: 2018-06-24 11:27:47,262 LBFGS        PARAM    0014       -475.540629          2.393479        -20.541959          4.066637         64.571867
rank #0: 2018-06-24 11:27:47,853 LBFGS        PARAM    0015       -461.309780          2.391822        -23.201979          4.066381         64.555028
rank #0: 2018-06-24 11:27:48,449 LBFGS        PARAM    0016       -454.112169          2.392510        -26.359798          4.073051         64.540608
rank #0: 2018-06-24 11:27:49,045 LBFGS        PARAM    0017       -426.694838          2.401571        -46.257688          4.124157         64.514274
rank #0: 2018-06-24 11:27:49,625 LBFGS        PARAM    0018       -448.097162          2.400391        -37.835593          4.107083         64.475260
rank #0: 2018-06-24 11:27:50,222 LBFGS        PARAM    0019       -458.224506          2.405506        -41.073783          4.117219         64.444734
rank #0: 2018-06-24 11:27:50,817 LBFGS        PARAM    0020       -481.783956          2.417687        -49.724030          4.131400         64.426923
rank #0: 2018-06-24 11:27:51,404 LBFGS        PARAM    0021       -481.533129          2.413929        -45.565923          4.112662         64.420637
rank #0: 2018-06-24 11:27:51,994 LBFGS        PARAM    0022       -483.112585          2.414434        -46.379617          4.105740         64.420195
rank #0: 2018-06-24 11:27:52,591 LBFGS        PARAM    0023       -482.770084          2.414547        -46.460979          4.108352         64.420176
rank #0: 2018-06-24 11:27:53,187 LBFGS        PARAM    0024       -482.750215          2.414549        -46.461907          4.108454         64.420176
rank #0: 2018-06-24 11:27:53,767 LBFGS        PARAM    0025       -482.750498          2.414549        -46.461959          4.108454         64.420176
rank #0: 2018-06-24 11:27:54,430 LBFGS        PARAM    0026       -482.750498          2.414549        -46.461959          4.108454         64.420176
rank #0: 2018-06-24 11:27:55,160 LBFGS        PARAM    0027       -482.750498          2.414549        -46.461959          4.108454         64.420176
rank #0: 2018-06-24 11:27:55,740 LBFGS        PARAM    0028       -482.750498          2.414549        -46.461959          4.108454         64.420176
rank #0: 2018-06-24 11:28:21,147 LBFGS        INFO     Linesearch failed in both LBFGS and gradient directions
rank #0: 2018-06-24 11:28:21,148 LBFGS        PARAM    0028       -482.750498          2.414549        -46.461959          4.108454         64.420176
rank #0: 2018-06-24 11:28:21,148 rsdfit.lbfgs_fitter WARNING  ...LBFGS optimization finished. Time elapsed: 0:00:42.63
rank #0: 2018-06-24 11:28:21,148 rsdfit.lbfgs_fitter ERROR    nonlinear fit with method L-BFGS-B failed: Linesearch failed in both LBFGS and gradient directions
rank #0: 2018-06-24 11:28:21,149 rsdfit.fitting_driver INFO     rank 41 on nid00619     ...fitting complete
rank #0: 2018-06-24 11:28:21,151 rsdfit.fitting_driver INFO     rank 41 on nid00619     Saving the results to `/global/cscratch1/sd/nhand/eBOSS/fits/results/mocks/ezmock/v1.8e-fph/0.0001-0.3/basemodel-N-fnl/0.8-2.2/QSO-S-0035-P0+P2-mock-cov-8973e9cf3e/2018-06-24_nlopt_28i_chain0__1.npz`
rank #0: 2018-06-24 11:28:21,176 pyRSD.analysis.lbfgs_results INFO     
minimum chi2 = 64.4201763118

Free parameters [ mean ]
_______________
N              : -482.750497955
b1             : 2.41454934862
f_nl           : -46.4619593593
sigma_fog      : 4.10845356149

Constrained parameters [ mean ]
_________________________
b1sigma8       : 0.961746902813
