rank #0: 2018-12-30 19:42:25,845 rsdfit.fitting_driver INFO     rank 27 on nid00628     Calling the 'nlopt' solve function
rank #0: 2018-12-30 19:42:25,846 rsdfit.lbfgs_fitter INFO     running LBFGS for 500 iterations and then stopping
rank #0: 2018-12-30 19:42:25,846 rsdfit.lbfgs_fitter INFO     running LBFGS minimizer with priors
rank #0: 2018-12-30 19:42:25,847 root         INFO     Iter           N          b1        f_nl   sigma_fog   F(X)     
rank #0: 2018-12-30 19:42:25,847 rsdfit.lbfgs_fitter INFO     computing gradient using numerical derivative of lnlike()
rank #0: 2018-12-30 19:42:27,014 LBFGS        INFO     options = {'factr': 100000.0, 'gtol': 1e-05, 'max_iter': 500, 'test_convergence': False}
rank #0: 2018-12-30 19:42:27,015 LBFGS        PARAM    0000          0.000000          2.000000          0.000000          4.000000        116.766778
rank #0: 2018-12-30 19:42:28,391 LBFGS        PARAM    0001         32.465756          2.104325          1.782679          3.973399        104.436397
rank #0: 2018-12-30 19:42:29,616 LBFGS        PARAM    0002        -58.340966          2.357892          7.368242          3.990692         92.997431
rank #0: 2018-12-30 19:42:30,836 LBFGS        PARAM    0003       -157.241805          2.360089          6.843226          4.043478         90.852120
rank #0: 2018-12-30 19:42:32,145 LBFGS        PARAM    0004       -395.060846          2.413641          5.587549          4.132110         88.987225
rank #0: 2018-12-30 19:42:33,440 LBFGS        PARAM    0005       -415.919432          2.416383          1.986670          4.063503         88.792786
rank #0: 2018-12-30 19:42:34,674 LBFGS        PARAM    0006       -546.996176          2.454967        -24.007109          3.608905         88.116621
rank #0: 2018-12-30 19:42:35,924 LBFGS        PARAM    0007       -540.418208          2.458871        -34.652157          3.675442         88.032892
rank #0: 2018-12-30 19:42:37,153 LBFGS        PARAM    0008       -512.580571          2.455272        -33.074675          3.769339         88.016428
rank #0: 2018-12-30 19:42:38,403 LBFGS        PARAM    0009       -515.201110          2.459164        -34.203792          3.766589         88.014916
rank #0: 2018-12-30 19:42:39,634 LBFGS        PARAM    0010       -515.414915          2.458129        -33.892809          3.763003         88.014684
rank #0: 2018-12-30 19:42:40,866 LBFGS        PARAM    0011       -515.379578          2.458128        -33.919241          3.763143         88.014684
rank #0: 2018-12-30 19:42:42,120 LBFGS        PARAM    0012       -515.387275          2.458130        -33.917334          3.763100         88.014684
rank #0: 2018-12-30 19:42:43,355 LBFGS        PARAM    0013       -515.387012          2.458130        -33.917311          3.763101         88.014684
rank #0: 2018-12-30 19:42:44,610 LBFGS        PARAM    0014       -515.387015          2.458130        -33.917311          3.763101         88.014684
rank #0: 2018-12-30 19:42:46,263 LBFGS        PARAM    0015       -515.387015          2.458130        -33.917311          3.763101         88.014684
rank #0: 2018-12-30 19:43:38,916 LBFGS        INFO     Linesearch failed in both LBFGS and gradient directions
rank #0: 2018-12-30 19:43:38,917 LBFGS        PARAM    0015       -515.387015          2.458130        -33.917311          3.763101         88.014684
rank #0: 2018-12-30 19:43:38,918 rsdfit.lbfgs_fitter WARNING  ...LBFGS optimization finished. Time elapsed: 0:01:11.90
rank #0: 2018-12-30 19:43:38,918 rsdfit.lbfgs_fitter ERROR    nonlinear fit with method L-BFGS-B failed: Linesearch failed in both LBFGS and gradient directions
rank #0: 2018-12-30 19:43:38,920 rsdfit.fitting_driver INFO     rank 27 on nid00628     ...fitting complete
rank #0: 2018-12-30 19:43:38,923 rsdfit.fitting_driver INFO     rank 27 on nid00628     Saving the results to `/global/cscratch1/sd/nhand/eBOSS/fits/results/mocks/ezmock/v1.8e-fph/0.0001-0.3/basemodel-N-fnl/0.8-2.2/QSO-S-0389-P0+P2-mock-cov-c368a0eac3/2018-12-30_nlopt_15i_chain0__1.npz`
rank #0: 2018-12-30 19:43:39,091 pyRSD.analysis.lbfgs_results INFO     
minimum chi2 = 88.0146838213

Free parameters [ mean ]
_______________
N              : -515.387015246
b1             : 2.45813007431
f_nl           : -33.9173111208
sigma_fog      : 3.76310087135

Constrained parameters [ mean ]
_________________________
b1sigma8       : 0.921516851218
