rank #0: 2017-11-27 22:44:56,869 rsdfit.fitting_driver INFO     rank 27 on nid00469     Calling the 'nlopt' solve function
rank #0: 2017-11-27 22:44:56,869 rsdfit.lbfgs_fitter INFO     running LBFGS for 500 iterations and then stopping
rank #0: 2017-11-27 22:44:56,869 rsdfit.lbfgs_fitter INFO     running LBFGS minimizer with priors
rank #0: 2017-11-27 22:44:56,869 root         INFO     Iter          b1        f_nl   sigma_fog   F(X)     
rank #0: 2017-11-27 22:44:57,164 LBFGS        INFO     options = {'factr': 100000.0, 'gtol': 1e-05, 'max_iter': 500, 'test_convergence': False}
rank #0: 2017-11-27 22:44:57,164 LBFGS        PARAM    0000          2.000000          0.000000          4.000000         35.315099
rank #0: 2017-11-27 22:44:57,501 LBFGS        PARAM    0001          2.084097          1.680686          3.996451         30.183864
rank #0: 2017-11-27 22:44:57,795 LBFGS        PARAM    0002          2.292945         11.433478          3.992383         25.762696
rank #0: 2017-11-27 22:44:58,089 LBFGS        PARAM    0003          2.249445         12.112233          3.997897         25.441423
rank #0: 2017-11-27 22:44:58,385 LBFGS        PARAM    0004          2.246658         15.208950          4.002879         25.343139
rank #0: 2017-11-27 22:44:58,386 LBFGS        INFO     LBFGS iteration 4: the descent direction does not have a sufficient projection (cos(theta)=-9.81e-01, theta=168.6774) into the gradient; using steepest descent at this step!
rank #0: 2017-11-27 22:44:58,680 LBFGS        PARAM    0005          2.254930         28.524196          4.021486         24.924065
rank #0: 2017-11-27 22:44:59,016 LBFGS        PARAM    0006          2.259023         42.279896          4.040988         24.506735
rank #0: 2017-11-27 22:44:59,353 LBFGS        PARAM    0007          2.260431         54.170523          4.058002         24.153446
rank #0: 2017-11-27 22:44:59,693 LBFGS        PARAM    0008          2.259193         78.580827          4.093412         23.494265
rank #0: 2017-11-27 22:45:00,030 LBFGS        PARAM    0009          2.246799        117.075599          4.151671         22.839236
rank #0: 2017-11-27 22:45:00,325 LBFGS        PARAM    0010          2.220623        132.228018          4.181638         22.271068
rank #0: 2017-11-27 22:45:00,619 LBFGS        PARAM    0011          2.146542        154.911692          4.240467         21.573723
rank #0: 2017-11-27 22:45:00,913 LBFGS        PARAM    0012          2.149903        158.555216          4.245747         21.557011
rank #0: 2017-11-27 22:45:01,206 LBFGS        PARAM    0013          2.149376        159.073577          4.247949         21.556883
rank #0: 2017-11-27 22:45:01,500 LBFGS        PARAM    0014          2.149361        159.203794          4.288479         21.554976
rank #0: 2017-11-27 22:45:01,837 LBFGS        PARAM    0015          2.154661        159.582844          6.007523         21.492481
rank #0: 2017-11-27 22:45:02,133 LBFGS        PARAM    0016          2.167225        155.067307          7.726029         21.482369
rank #0: 2017-11-27 22:45:02,429 LBFGS        PARAM    0017          2.168438        153.131355          7.076675         21.463465
rank #0: 2017-11-27 22:45:02,724 LBFGS        PARAM    0018          2.173015        150.078335          7.207840         21.459926
rank #0: 2017-11-27 22:45:03,019 LBFGS        PARAM    0019          2.174826        148.949660          7.306179         21.459614
rank #0: 2017-11-27 22:45:03,315 LBFGS        PARAM    0020          2.174854        148.954384          7.312351         21.459613
rank #0: 2017-11-27 22:45:03,610 LBFGS        PARAM    0021          2.174854        148.956868          7.312840         21.459613
rank #0: 2017-11-27 22:45:03,906 LBFGS        PARAM    0022          2.174854        148.956869          7.312839         21.459613
rank #0: 2017-11-27 22:45:04,201 LBFGS        PARAM    0023          2.174854        148.956869          7.312839         21.459613
rank #0: 2017-11-27 22:45:04,497 LBFGS        PARAM    0024          2.174854        148.956869          7.312839         21.459613
rank #0: 2017-11-27 22:45:04,498 LBFGS        INFO     LBFGS iteration 24: the descent direction does not have a sufficient projection (cos(theta)=-2.91e-01, theta=106.9065) into the gradient; using steepest descent at this step!
rank #0: 2017-11-27 22:45:04,792 LBFGS        PARAM    0025          2.174854        148.956869          7.312839         21.459613
rank #0: 2017-11-27 22:45:05,087 LBFGS        PARAM    0026          2.174854        148.956869          7.312839         21.459613
rank #0: 2017-11-27 22:45:20,816 LBFGS        INFO     Linesearch failed in both LBFGS and gradient directions
rank #0: 2017-11-27 22:45:20,816 LBFGS        PARAM    0026          2.174854        148.956869          7.312839         21.459613
rank #0: 2017-11-27 22:45:20,816 rsdfit.lbfgs_fitter WARNING  ...LBFGS optimization finished. Time elapsed: 0:00:23.65
rank #0: 2017-11-27 22:45:20,816 rsdfit.lbfgs_fitter ERROR    nonlinear fit with method L-BFGS-B failed: Linesearch failed in both LBFGS and gradient directions
rank #0: 2017-11-27 22:45:20,817 rsdfit.fitting_driver INFO     rank 27 on nid00469     ...fitting complete
rank #0: 2017-11-27 22:45:20,820 rsdfit.fitting_driver INFO     rank 27 on nid00469     Saving the results to `/global/cscratch1/sd/nhand/eBOSS/fits/results/mocks/ezmock/v1.8e-fph/0.0001-0.05/basemodel-fnl/0.8-2.2/QSO-N-0796-P0+P2-mock-cov-b6abb0373d/2017-11-27_nlopt_26i_chain0__1.npz`
rank #0: 2017-11-27 22:45:20,873 pyRSD.analysis.lbfgs_results INFO     
minimum chi2 = 21.459613426

Free parameters [ mean ]
_______________
b1             : 2.17485399993
f_nl           : 148.95686944
sigma_fog      : 7.31283919193

Constrained parameters [ mean ]
_________________________
b1sigma8       : 0.865744880606
