rank #0: 2018-10-08 09:33:37,386 rsdfit.fitting_driver INFO     rank 39 on nid02163     Calling the 'nlopt' solve function
rank #0: 2018-10-08 09:33:37,386 rsdfit.lbfgs_fitter INFO     running LBFGS for 500 iterations and then stopping
rank #0: 2018-10-08 09:33:37,387 rsdfit.lbfgs_fitter INFO     running LBFGS minimizer with priors
rank #0: 2018-10-08 09:33:37,387 root         INFO     Iter           N          b1        f_nl   sigma_fog   F(X)     
rank #0: 2018-10-08 09:33:37,387 rsdfit.lbfgs_fitter INFO     computing gradient using numerical derivative of lnlike()
rank #0: 2018-10-08 09:33:38,587 LBFGS        INFO     options = {'factr': 100000.0, 'gtol': 1e-05, 'max_iter': 500, 'test_convergence': False}
rank #0: 2018-10-08 09:33:38,589 LBFGS        PARAM    0000          0.000000          2.000000          0.000000          4.000000        154.153852
rank #0: 2018-10-08 09:33:39,956 LBFGS        PARAM    0001         17.886234          2.115663          2.178774          3.985377        128.460568
rank #0: 2018-10-08 09:33:41,207 LBFGS        PARAM    0002       -107.480702          2.391181          9.935531          4.110015        102.079366
rank #0: 2018-10-08 09:33:42,434 LBFGS        PARAM    0003       -257.095552          2.419814         11.100776          4.232468         94.896551
rank #0: 2018-10-08 09:33:43,669 LBFGS        PARAM    0004       -506.852730          2.465226         11.360982          4.428845         90.304422
rank #0: 2018-10-08 09:33:44,922 LBFGS        PARAM    0005       -507.394595          2.465274         10.019636          4.417111         90.266610
rank #0: 2018-10-08 09:33:46,148 LBFGS        PARAM    0006       -533.608883          2.477040          0.183668          4.334159         90.116928
rank #0: 2018-10-08 09:33:47,398 LBFGS        PARAM    0007       -540.413724          2.478244         -1.735496          4.324732         90.111592
rank #0: 2018-10-08 09:33:48,623 LBFGS        PARAM    0008       -541.237946          2.478972         -2.053123          4.322599         90.111429
rank #0: 2018-10-08 09:33:49,850 LBFGS        PARAM    0009       -541.188239          2.478947         -2.057128          4.322800         90.111426
rank #0: 2018-10-08 09:33:51,098 LBFGS        PARAM    0010       -541.003097          2.478920         -2.076109          4.323590         90.111420
rank #0: 2018-10-08 09:33:52,325 LBFGS        PARAM    0011       -540.860740          2.478947         -2.093456          4.324295         90.111416
rank #0: 2018-10-08 09:33:53,574 LBFGS        PARAM    0012       -540.809892          2.478993         -2.101791          4.324639         90.111415
rank #0: 2018-10-08 09:33:54,803 LBFGS        PARAM    0013       -540.810686          2.478996         -2.101729          4.324636         90.111415
rank #0: 2018-10-08 09:33:56,035 LBFGS        PARAM    0014       -540.811496          2.478997         -2.101641          4.324632         90.111415
rank #0: 2018-10-08 09:33:57,282 LBFGS        PARAM    0015       -540.811568          2.478997         -2.101632          4.324632         90.111415
rank #0: 2018-10-08 09:33:58,510 LBFGS        PARAM    0016       -540.811611          2.478997         -2.101632          4.324632         90.111415
rank #0: 2018-10-08 09:34:53,616 LBFGS        INFO     Linesearch failed in both LBFGS and gradient directions
rank #0: 2018-10-08 09:34:53,617 LBFGS        PARAM    0016       -540.811611          2.478997         -2.101632          4.324632         90.111415
rank #0: 2018-10-08 09:34:53,618 rsdfit.lbfgs_fitter WARNING  ...LBFGS optimization finished. Time elapsed: 0:01:15.03
rank #0: 2018-10-08 09:34:53,618 rsdfit.lbfgs_fitter ERROR    nonlinear fit with method L-BFGS-B failed: Linesearch failed in both LBFGS and gradient directions
rank #0: 2018-10-08 09:34:53,619 rsdfit.fitting_driver INFO     rank 39 on nid02163     ...fitting complete
rank #0: 2018-10-08 09:34:53,623 rsdfit.fitting_driver INFO     rank 39 on nid02163     Saving the results to `/global/cscratch1/sd/nhand/eBOSS/fits/results/mocks/ezmock/v1.8e-fph/0.0001-0.3/basemodel-N-fnl/0.8-2.2/QSO-N-0329-P0+P2-mock-cov-3d9387a9b2/2018-10-08_nlopt_16i_chain0__1.npz`
rank #0: 2018-10-08 09:34:53,681 pyRSD.analysis.lbfgs_results INFO     
minimum chi2 = 90.1114153785

Free parameters [ mean ]
_______________
N              : -540.811610643
b1             : 2.47899660906
f_nl           : -2.10163235365
sigma_fog      : 4.32463159311

Constrained parameters [ mean ]
_________________________
b1sigma8       : 0.929339408533
