rank #0: 2018-10-04 21:43:31,321 rsdfit.fitting_driver INFO     rank 47 on nid01063     Calling the 'nlopt' solve function
rank #0: 2018-10-04 21:43:31,322 rsdfit.lbfgs_fitter INFO     running LBFGS for 500 iterations and then stopping
rank #0: 2018-10-04 21:43:31,323 rsdfit.lbfgs_fitter INFO     running LBFGS minimizer with priors
rank #0: 2018-10-04 21:43:31,323 root         INFO     Iter           N          b1        f_nl   sigma_fog   F(X)     
rank #0: 2018-10-04 21:43:31,324 rsdfit.lbfgs_fitter INFO     computing gradient using numerical derivative of lnlike()
rank #0: 2018-10-04 21:43:32,471 LBFGS        INFO     options = {'factr': 100000.0, 'gtol': 1e-05, 'max_iter': 500, 'test_convergence': False}
rank #0: 2018-10-04 21:43:32,472 LBFGS        PARAM    0000          0.000000          2.000000          0.000000          4.000000        114.491730
rank #0: 2018-10-04 21:43:33,790 LBFGS        PARAM    0001         45.474214          2.113955          0.920578          3.989972         97.755018
rank #0: 2018-10-04 21:43:34,997 LBFGS        PARAM    0002        -20.904087          2.346915          4.447827          4.113152         84.334400
rank #0: 2018-10-04 21:43:36,184 LBFGS        PARAM    0003       -120.113008          2.372302          5.488630          4.249635         81.168179
rank #0: 2018-10-04 21:43:37,392 LBFGS        PARAM    0004       -310.160860          2.428722          8.678778          4.617628         78.358785
rank #0: 2018-10-04 21:43:38,579 LBFGS        PARAM    0005       -293.256348          2.425509          9.665390          4.697475         78.168430
rank #0: 2018-10-04 21:43:39,785 LBFGS        PARAM    0006       -166.152333          2.421491         18.948472          5.266617         77.483092
rank #0: 2018-10-04 21:43:40,984 LBFGS        PARAM    0007       -153.935456          2.416772         28.415106          5.313498         77.365935
rank #0: 2018-10-04 21:43:42,179 LBFGS        PARAM    0008       -150.424355          2.415323         31.297434          5.326570         77.330713
rank #0: 2018-10-04 21:43:43,522 LBFGS        PARAM    0009       -135.918916          2.408887         43.839632          5.378439         77.189697
rank #0: 2018-10-04 21:43:44,843 LBFGS        PARAM    0010       -116.598061          2.399310         61.500163          5.442333         77.067487
rank #0: 2018-10-04 21:43:46,041 LBFGS        PARAM    0011       -109.268088          2.393138         69.139847          5.451411         77.048548
rank #0: 2018-10-04 21:43:47,233 LBFGS        PARAM    0012       -111.663670          2.391810         69.709408          5.428098         77.031501
rank #0: 2018-10-04 21:43:48,422 LBFGS        PARAM    0013       -147.380071          2.388240         72.904135          5.202908         76.952669
rank #0: 2018-10-04 21:43:49,636 LBFGS        PARAM    0014       -146.958670          2.388670         72.235550          5.207460         76.952536
rank #0: 2018-10-04 21:43:50,832 LBFGS        PARAM    0015       -146.985943          2.388702         72.321707          5.207670         76.952532
rank #0: 2018-10-04 21:43:52,044 LBFGS        PARAM    0016       -146.996270          2.388691         72.320268          5.207553         76.952532
rank #0: 2018-10-04 21:43:53,228 LBFGS        PARAM    0017       -146.996127          2.388691         72.320185          5.207559         76.952532
rank #0: 2018-10-04 21:43:54,419 LBFGS        PARAM    0018       -146.996189          2.388691         72.320205          5.207559         76.952532
rank #0: 2018-10-04 21:43:55,617 LBFGS        PARAM    0019       -146.996185          2.388691         72.320206          5.207559         76.952532
rank #0: 2018-10-04 21:44:48,445 LBFGS        INFO     Linesearch failed in both LBFGS and gradient directions
rank #0: 2018-10-04 21:44:48,447 LBFGS        PARAM    0019       -146.996185          2.388691         72.320206          5.207559         76.952532
rank #0: 2018-10-04 21:44:48,447 rsdfit.lbfgs_fitter WARNING  ...LBFGS optimization finished. Time elapsed: 0:01:15.98
rank #0: 2018-10-04 21:44:48,448 rsdfit.lbfgs_fitter ERROR    nonlinear fit with method L-BFGS-B failed: Linesearch failed in both LBFGS and gradient directions
rank #0: 2018-10-04 21:44:48,449 rsdfit.fitting_driver INFO     rank 47 on nid01063     ...fitting complete
rank #0: 2018-10-04 21:44:48,453 rsdfit.fitting_driver INFO     rank 47 on nid01063     Saving the results to `/global/cscratch1/sd/nhand/eBOSS/fits/results/mocks/ezmock/v1.8e-fph/0.0001-0.3/basemodel-N-fnl/0.8-2.2/QSO-N-0479-P0+P2-mock-cov-4ae05ce33e/2018-10-04_nlopt_19i_chain0__1.npz`
rank #0: 2018-10-04 21:44:48,549 pyRSD.analysis.lbfgs_results INFO     
minimum chi2 = 76.9525320846

Free parameters [ mean ]
_______________
N              : -146.996184656
b1             : 2.3886911835
f_nl           : 72.3202064309
sigma_fog      : 5.2075592841

Constrained parameters [ mean ]
_________________________
b1sigma8       : 0.865263986048
