rank #0: 2017-11-27 20:40:21,865 rsdfit.fitting_driver INFO     rank 90 on nid00563     Calling the 'nlopt' solve function
rank #0: 2017-11-27 20:40:21,865 rsdfit.lbfgs_fitter INFO     running LBFGS for 500 iterations and then stopping
rank #0: 2017-11-27 20:40:21,865 rsdfit.lbfgs_fitter INFO     running LBFGS minimizer with priors
rank #0: 2017-11-27 20:40:21,865 root         INFO     Iter           N          b1        f_nl   sigma_fog   F(X)     
rank #0: 2017-11-27 20:40:22,372 LBFGS        INFO     options = {'factr': 100000.0, 'gtol': 1e-05, 'max_iter': 500, 'test_convergence': False}
rank #0: 2017-11-27 20:40:22,372 LBFGS        PARAM    0000          0.000000          2.000000          0.000000          4.000000         95.591268
rank #0: 2017-11-27 20:40:22,953 LBFGS        PARAM    0001        -14.375180          2.066372          0.604791          4.032480         87.849245
rank #0: 2017-11-27 20:40:23,474 LBFGS        PARAM    0002       -123.254450          2.194654          2.671189          4.223524         80.454834
rank #0: 2017-11-27 20:40:23,995 LBFGS        PARAM    0003       -196.567188          2.203028          3.218815          4.353969         78.697294
rank #0: 2017-11-27 20:40:24,518 LBFGS        PARAM    0004       -341.635114          2.206367          4.374812          4.760590         76.601514
rank #0: 2017-11-27 20:40:25,040 LBFGS        PARAM    0005       -332.375595          2.206597          4.584998          4.836144         76.508489
rank #0: 2017-11-27 20:40:25,562 LBFGS        PARAM    0006       -266.845825          2.205588          5.248198          5.050455         76.348966
rank #0: 2017-11-27 20:40:26,085 LBFGS        PARAM    0007       -260.453836          2.205268          5.486505          5.057531         76.347960
rank #0: 2017-11-27 20:40:26,608 LBFGS        PARAM    0008       -260.118960          2.205200          5.574407          5.057576         76.347928
rank #0: 2017-11-27 20:40:27,130 LBFGS        PARAM    0009       -259.119388          2.204849          6.222996          5.057095         76.347774
rank #0: 2017-11-27 20:40:27,653 LBFGS        PARAM    0010       -259.323893          2.204663          6.745879          5.056345         76.347696
rank #0: 2017-11-27 20:40:28,173 LBFGS        PARAM    0011       -259.904407          2.204636          6.921027          5.055783         76.347679
rank #0: 2017-11-27 20:40:28,697 LBFGS        PARAM    0012       -260.010008          2.204647          6.911925          5.055697         76.347679
rank #0: 2017-11-27 20:40:29,222 LBFGS        PARAM    0013       -260.019534          2.204649          6.907419          5.055694         76.347679
rank #0: 2017-11-27 20:40:29,746 LBFGS        PARAM    0014       -260.019456          2.204650          6.907107          5.055695         76.347679
rank #0: 2017-11-27 20:40:30,328 LBFGS        PARAM    0015       -260.019445          2.204650          6.907107          5.055695         76.347679
rank #0: 2017-11-27 20:40:30,852 LBFGS        PARAM    0016       -260.019398          2.204650          6.907098          5.055695         76.347679
rank #0: 2017-11-27 20:40:31,494 LBFGS        PARAM    0017       -260.019399          2.204650          6.907098          5.055695         76.347679
rank #0: 2017-11-27 20:40:54,557 LBFGS        INFO     Linesearch failed in both LBFGS and gradient directions
rank #0: 2017-11-27 20:40:54,558 LBFGS        PARAM    0017       -260.019399          2.204650          6.907098          5.055695         76.347679
rank #0: 2017-11-27 20:40:54,558 rsdfit.lbfgs_fitter WARNING  ...LBFGS optimization finished. Time elapsed: 0:00:32.19
rank #0: 2017-11-27 20:40:54,558 rsdfit.lbfgs_fitter ERROR    nonlinear fit with method L-BFGS-B failed: Linesearch failed in both LBFGS and gradient directions
rank #0: 2017-11-27 20:40:54,559 rsdfit.fitting_driver INFO     rank 90 on nid00563     ...fitting complete
rank #0: 2017-11-27 20:40:54,571 rsdfit.fitting_driver INFO     rank 90 on nid00563     Saving the results to `/global/cscratch1/sd/nhand/eBOSS/fits/results/mocks/ezmock/v1.8e-fph/0.0001-0.3/basemodel-N-fnl/0.8-2.2/QSO-N-0085-P0+P2-mock-cov-a9f629560d/2017-11-27_nlopt_17i_chain0__1.npz`
rank #0: 2017-11-27 20:40:54,667 pyRSD.analysis.lbfgs_results INFO     
minimum chi2 = 76.3476789458

Free parameters [ mean ]
_______________
N              : -260.01939898
b1             : 2.20464957192
f_nl           : 6.90709819385
sigma_fog      : 5.05569477506

Constrained parameters [ mean ]
_________________________
b1sigma8       : 0.877605614205
