rank #0: 2018-06-24 13:16:10,467 rsdfit.fitting_driver INFO     rank 9 on nid00868     Calling the 'nlopt' solve function
rank #0: 2018-06-24 13:16:10,468 rsdfit.lbfgs_fitter INFO     running LBFGS for 500 iterations and then stopping
rank #0: 2018-06-24 13:16:10,468 rsdfit.lbfgs_fitter INFO     running LBFGS minimizer with priors
rank #0: 2018-06-24 13:16:10,468 root         INFO     Iter           N          b1        f_nl   sigma_fog   F(X)     
rank #0: 2018-06-24 13:16:11,044 LBFGS        INFO     options = {'factr': 100000.0, 'gtol': 1e-05, 'max_iter': 500, 'test_convergence': False}
rank #0: 2018-06-24 13:16:11,045 LBFGS        PARAM    0000          0.000000          2.000000          0.000000          4.000000         90.565675
rank #0: 2018-06-24 13:16:11,697 LBFGS        PARAM    0001         11.451036          2.067177          0.531981          3.997135         78.187517
rank #0: 2018-06-24 13:16:12,294 LBFGS        PARAM    0002        -43.792020          2.206896          2.480111          4.074742         66.846172
rank #0: 2018-06-24 13:16:12,891 LBFGS        PARAM    0003       -126.822147          2.234628          3.243234          4.153688         63.960519
rank #0: 2018-06-24 13:16:13,474 LBFGS        PARAM    0004       -284.008345          2.262846          4.874571          4.334330         61.526846
rank #0: 2018-06-24 13:16:14,072 LBFGS        PARAM    0005       -279.666309          2.262865          5.217351          4.339926         61.518493
rank #0: 2018-06-24 13:16:14,669 LBFGS        PARAM    0006       -264.344718          2.262219          7.107845          4.377413         61.492655
rank #0: 2018-06-24 13:16:15,260 LBFGS        PARAM    0007       -253.363128          2.261105          9.356360          4.422411         61.473678
rank #0: 2018-06-24 13:16:15,855 LBFGS        PARAM    0008       -247.805336          2.258865         14.714736          4.453651         61.442605
rank #0: 2018-06-24 13:16:16,453 LBFGS        PARAM    0009       -244.416759          2.252775         27.796498          4.473254         61.395229
rank #0: 2018-06-24 13:16:17,054 LBFGS        PARAM    0010       -247.783966          2.249116         35.597276          4.449024         61.375595
rank #0: 2018-06-24 13:16:17,635 LBFGS        PARAM    0011       -251.809305          2.247036         40.429748          4.408003         61.365440
rank #0: 2018-06-24 13:16:18,233 LBFGS        PARAM    0012       -252.779237          2.247042         40.399467          4.393924         61.364421
rank #0: 2018-06-24 13:16:18,830 LBFGS        PARAM    0013       -252.833126          2.247198         40.095869          4.392852         61.364393
rank #0: 2018-06-24 13:16:19,417 LBFGS        PARAM    0014       -252.800135          2.247218         40.055025          4.392989         61.364392
rank #0: 2018-06-24 13:16:20,006 LBFGS        PARAM    0015       -252.790684          2.247219         40.054627          4.393022         61.364392
rank #0: 2018-06-24 13:16:20,603 LBFGS        PARAM    0016       -252.788805          2.247218         40.055385          4.393026         61.364392
rank #0: 2018-06-24 13:16:21,205 LBFGS        PARAM    0017       -252.788768          2.247218         40.055486          4.393026         61.364392
rank #0: 2018-06-24 13:16:21,787 LBFGS        PARAM    0018       -252.788752          2.247218         40.055495          4.393026         61.364392
rank #0: 2018-06-24 13:16:47,402 LBFGS        INFO     Linesearch failed in both LBFGS and gradient directions
rank #0: 2018-06-24 13:16:47,403 LBFGS        PARAM    0018       -252.788752          2.247218         40.055495          4.393026         61.364392
rank #0: 2018-06-24 13:16:47,404 rsdfit.lbfgs_fitter WARNING  ...LBFGS optimization finished. Time elapsed: 0:00:36.36
rank #0: 2018-06-24 13:16:47,404 rsdfit.lbfgs_fitter ERROR    nonlinear fit with method L-BFGS-B failed: Linesearch failed in both LBFGS and gradient directions
rank #0: 2018-06-24 13:16:47,405 rsdfit.fitting_driver INFO     rank 9 on nid00868     ...fitting complete
rank #0: 2018-06-24 13:16:47,408 rsdfit.fitting_driver INFO     rank 9 on nid00868     Saving the results to `/global/cscratch1/sd/nhand/eBOSS/fits/results/mocks/ezmock/v1.8e-fph/0.005-0.3/basemodel-N-fnl/0.8-2.2/QSO-N-0164-P0+P2-mock-cov-a8bcb55756/2018-06-24_nlopt_18i_chain0__1.npz`
rank #0: 2018-06-24 13:16:47,434 pyRSD.analysis.lbfgs_results INFO     
minimum chi2 = 61.3643924176

Free parameters [ mean ]
_______________
N              : -252.788752182
b1             : 2.24721844507
f_nl           : 40.0554953055
sigma_fog      : 4.39302581576

Constrained parameters [ mean ]
_________________________
b1sigma8       : 0.895096793415
