rank #0: 2017-11-27 22:36:22,172 rsdfit.fitting_driver INFO     rank 1 on nid00492     Calling the 'nlopt' solve function
rank #0: 2017-11-27 22:36:22,173 rsdfit.lbfgs_fitter INFO     running LBFGS for 500 iterations and then stopping
rank #0: 2017-11-27 22:36:22,173 rsdfit.lbfgs_fitter INFO     running LBFGS minimizer with priors
rank #0: 2017-11-27 22:36:22,173 root         INFO     Iter           N          b1        f_nl   sigma_fog   F(X)     
rank #0: 2017-11-27 22:36:22,557 LBFGS        INFO     options = {'factr': 100000.0, 'gtol': 1e-05, 'max_iter': 500, 'test_convergence': False}
rank #0: 2017-11-27 22:36:22,558 LBFGS        PARAM    0000          0.000000          2.000000          0.000000          4.000000         37.509674
rank #0: 2017-11-27 22:36:22,982 LBFGS        PARAM    0001         21.453871          2.121125          1.519136          3.989314         32.275483
rank #0: 2017-11-27 22:36:23,366 LBFGS        PARAM    0002         -1.399337          2.375643          7.054007          3.952289         28.984604
rank #0: 2017-11-27 22:36:23,751 LBFGS        PARAM    0003          2.723013          2.314342          4.669151          3.951342         28.687395
rank #0: 2017-11-27 22:36:24,134 LBFGS        PARAM    0004          3.779890          2.321727          4.415260          3.942527         28.678663
rank #0: 2017-11-27 22:36:24,515 LBFGS        PARAM    0005          6.188847          2.324821          3.661759          3.927237         28.673714
rank #0: 2017-11-27 22:36:24,898 LBFGS        PARAM    0006         19.353464          2.333197         -0.440160          3.846374         28.655225
rank #0: 2017-11-27 22:36:25,284 LBFGS        PARAM    0007         39.644061          2.338646         -6.508234          3.719434         28.633612
rank #0: 2017-11-27 22:36:25,667 LBFGS        PARAM    0008         87.099634          2.338177        -13.231574          3.446028         28.598116
rank #0: 2017-11-27 22:36:26,049 LBFGS        PARAM    0009        185.194464          2.329655        -19.597917          2.861518         28.539384
rank #0: 2017-11-27 22:36:26,432 LBFGS        PARAM    0010        325.969679          2.312171        -21.879928          2.002356         28.469043
rank #0: 2017-11-27 22:36:26,816 LBFGS        PARAM    0011        457.030586          2.294864        -18.160494          1.176494         28.405967
rank #0: 2017-11-27 22:36:27,199 LBFGS        PARAM    0012        568.858781          2.283960        -10.061346          0.430084         28.349019
rank #0: 2017-11-27 22:36:27,623 LBFGS        PARAM    0013        580.084556          2.284177         -8.897673          0.353332         28.342262
rank #0: 2017-11-27 22:36:28,004 LBFGS        PARAM    0014        580.089904          2.284177         -8.897192          0.353296         28.342260
rank #0: 2017-11-27 22:36:28,388 LBFGS        PARAM    0015        580.094950          2.284177         -8.896729          0.353263         28.342257
rank #0: 2017-11-27 22:36:28,770 LBFGS        PARAM    0016        580.101227          2.284177         -8.896241          0.353222         28.342254
rank #0: 2017-11-27 22:36:29,153 LBFGS        PARAM    0017        580.106359          2.284177         -8.895802          0.353189         28.342252
rank #0: 2017-11-27 22:36:29,533 LBFGS        PARAM    0018        580.112369          2.284177         -8.895329          0.353151         28.342249
rank #0: 2017-11-27 22:36:29,914 LBFGS        PARAM    0019        580.119030          2.284177         -8.894851          0.353110         28.342247
rank #0: 2017-11-27 22:36:30,296 LBFGS        PARAM    0020        580.123785          2.284177         -8.894424          0.353081         28.342244
rank #0: 2017-11-27 22:36:30,680 LBFGS        PARAM    0021        580.131125          2.284177         -8.893902          0.353037         28.342241
rank #0: 2017-11-27 22:36:31,062 LBFGS        PARAM    0022        580.137077          2.284177         -8.893454          0.353001         28.342239
rank #0: 2017-11-27 22:36:31,445 LBFGS        PARAM    0023        580.142465          2.284177         -8.893012          0.352970         28.342236
rank #0: 2017-11-27 22:36:31,825 LBFGS        PARAM    0024        580.150060          2.284177         -8.892494          0.352925         28.342233
rank #0: 2017-11-27 22:36:32,207 LBFGS        PARAM    0025        580.155817          2.284177         -8.892056          0.352892         28.342231
rank #0: 2017-11-27 22:36:32,590 LBFGS        PARAM    0026        580.162493          2.284177         -8.891578          0.352854         28.342228
rank #0: 2017-11-27 22:36:32,977 LBFGS        PARAM    0027        580.168629          2.284177         -8.891121          0.352820         28.342226
rank #0: 2017-11-27 22:36:33,362 LBFGS        PARAM    0028        580.175191          2.284177         -8.890651          0.352784         28.342223
rank #0: 2017-11-27 22:36:33,745 LBFGS        PARAM    0029        580.181971          2.284177         -8.890177          0.352747         28.342220
rank #0: 2017-11-27 22:36:34,129 LBFGS        PARAM    0030        580.188230          2.284177         -8.889719          0.352713         28.342218
rank #0: 2017-11-27 22:36:34,515 LBFGS        PARAM    0031        580.195331          2.284177         -8.889231          0.352675         28.342215
rank #0: 2017-11-27 22:36:34,897 LBFGS        PARAM    0032        580.201727          2.284177         -8.888782          0.352641         28.342212
rank #0: 2017-11-27 22:36:35,280 LBFGS        PARAM    0033        580.208490          2.284177         -8.888310          0.352606         28.342210
rank #0: 2017-11-27 22:36:35,662 LBFGS        PARAM    0034        580.216137          2.284177         -8.887810          0.352566         28.342207
rank #0: 2017-11-27 22:36:36,046 LBFGS        PARAM    0035        580.223620          2.284176         -8.887335          0.352527         28.342204
rank #0: 2017-11-27 22:36:36,428 LBFGS        PARAM    0036        580.230709          2.284176         -8.886875          0.352491         28.342201
rank #0: 2017-11-27 22:36:36,810 LBFGS        PARAM    0037        580.238426          2.284176         -8.886389          0.352452         28.342199
rank #0: 2017-11-27 22:36:37,191 LBFGS        PARAM    0038        580.245883          2.284176         -8.885918          0.352415         28.342196
rank #0: 2017-11-27 22:36:37,574 LBFGS        PARAM    0039        580.252228          2.284176         -8.885478          0.352385         28.342193
rank #0: 2017-11-27 22:36:37,957 LBFGS        PARAM    0040        580.261974          2.284176         -8.884910          0.352336         28.342190
rank #0: 2017-11-27 22:36:38,341 LBFGS        PARAM    0041        580.268913          2.284176         -8.884469          0.352303         28.342188
rank #0: 2017-11-27 22:36:38,725 LBFGS        PARAM    0042        580.276394          2.284176         -8.883996          0.352268         28.342185
rank #0: 2017-11-27 22:36:39,109 LBFGS        PARAM    0043        580.283962          2.284176         -8.883518          0.352232         28.342182
rank #0: 2017-11-27 22:36:39,493 LBFGS        PARAM    0044        580.292513          2.284176         -8.883013          0.352192         28.342179
rank #0: 2017-11-27 22:36:39,876 LBFGS        PARAM    0045        580.299302          2.284175         -8.882572          0.352161         28.342177
rank #0: 2017-11-27 22:36:40,259 LBFGS        PARAM    0046        580.307753          2.284175         -8.882067          0.352122         28.342174
rank #0: 2017-11-27 22:36:40,644 LBFGS        PARAM    0047        580.316469          2.284175         -8.881566          0.352082         28.342171
rank #0: 2017-11-27 22:36:41,026 LBFGS        PARAM    0048        580.324427          2.284175         -8.881098          0.352046         28.342168
rank #0: 2017-11-27 22:36:41,408 LBFGS        PARAM    0049        580.332701          2.284175         -8.880615          0.352009         28.342165
rank #0: 2017-11-27 22:36:41,790 LBFGS        PARAM    0050        580.340990          2.284175         -8.880133          0.351972         28.342163
rank #0: 2017-11-27 22:36:42,175 LBFGS        PARAM    0051        580.349750          2.284175         -8.879638          0.351933         28.342160
rank #0: 2017-11-27 22:36:42,558 LBFGS        PARAM    0052        580.357095          2.284175         -8.879191          0.351902         28.342157
rank #0: 2017-11-27 22:36:42,942 LBFGS        PARAM    0053        580.366119          2.284174         -8.878677          0.351863         28.342154
rank #0: 2017-11-27 22:36:43,325 LBFGS        PARAM    0054        580.375643          2.284174         -8.878162          0.351821         28.342151
rank #0: 2017-11-27 22:36:43,707 LBFGS        PARAM    0055        580.384260          2.284174         -8.877691          0.351784         28.342148
rank #0: 2017-11-27 22:36:44,089 LBFGS        PARAM    0056        580.393275          2.284174         -8.877201          0.351746         28.342145
rank #0: 2017-11-27 22:36:44,471 LBFGS        PARAM    0057        580.400610          2.284174         -8.876762          0.351716         28.342143
rank #0: 2017-11-27 22:36:44,855 LBFGS        PARAM    0058        580.412703          2.284174         -8.876151          0.351665         28.342139
rank #0: 2017-11-27 22:36:45,238 LBFGS        PARAM    0059        580.421477          2.284173         -8.875690          0.351628         28.342136
rank #0: 2017-11-27 22:36:45,622 LBFGS        PARAM    0060        580.430152          2.284173         -8.875217          0.351593         28.342134
rank #0: 2017-11-27 22:36:46,006 LBFGS        PARAM    0061        580.438258          2.284173         -8.874760          0.351561         28.342131
rank #0: 2017-11-27 22:36:46,388 LBFGS        PARAM    0062        580.450818          2.284173         -8.874139          0.351509         28.342127
rank #0: 2017-11-27 22:36:46,769 LBFGS        PARAM    0063        580.459486          2.284173         -8.873690          0.351474         28.342125
rank #0: 2017-11-27 22:36:47,151 LBFGS        PARAM    0064        580.469066          2.284172         -8.873194          0.351436         28.342122
rank #0: 2017-11-27 22:36:47,535 LBFGS        PARAM    0065        580.477567          2.284172         -8.872738          0.351403         28.342119
rank #0: 2017-11-27 22:36:47,917 LBFGS        PARAM    0066        580.487212          2.284172         -8.872232          0.351366         28.342116
rank #0: 2017-11-27 22:36:48,301 LBFGS        PARAM    0067        580.498335          2.284172         -8.871685          0.351322         28.342113
rank #0: 2017-11-27 22:36:48,685 LBFGS        PARAM    0068        580.507642          2.284172         -8.871215          0.351286         28.342110
rank #0: 2017-11-27 22:36:49,068 LBFGS        PARAM    0069        580.519031          2.284171         -8.870670          0.351242         28.342107
rank #0: 2017-11-27 22:36:49,453 LBFGS        PARAM    0070        580.527354          2.284171         -8.870235          0.351211         28.342104
rank #0: 2017-11-27 22:36:49,836 LBFGS        PARAM    0071        580.538714          2.284171         -8.869681          0.351168         28.342101
rank #0: 2017-11-27 22:36:50,219 LBFGS        PARAM    0072        580.548322          2.284171         -8.869202          0.351132         28.342098
rank #0: 2017-11-27 22:36:50,604 LBFGS        PARAM    0073        580.558895          2.284170         -8.868692          0.351092         28.342095
rank #0: 2017-11-27 22:36:50,987 LBFGS        PARAM    0074        580.569522          2.284170         -8.868183          0.351053         28.342092
rank #0: 2017-11-27 22:36:51,371 LBFGS        PARAM    0075        580.580105          2.284170         -8.867678          0.351014         28.342089
rank #0: 2017-11-27 22:36:51,755 LBFGS        PARAM    0076        580.590133          2.284170         -8.867196          0.350978         28.342086
rank #0: 2017-11-27 22:36:52,141 LBFGS        PARAM    0077        580.600795          2.284169         -8.866688          0.350939         28.342083
rank #0: 2017-11-27 22:36:52,526 LBFGS        PARAM    0078        580.612179          2.284169         -8.866161          0.350898         28.342080
rank #0: 2017-11-27 22:36:52,911 LBFGS        PARAM    0079        580.622893          2.284169         -8.865664          0.350859         28.342077
rank #0: 2017-11-27 22:36:53,295 LBFGS        PARAM    0080        580.631054          2.284169         -8.865245          0.350832         28.342074
rank #0: 2017-11-27 22:36:53,681 LBFGS        PARAM    0081        580.649884          2.284168         -8.864437          0.350762         28.342069
rank #0: 2017-11-27 22:36:54,066 LBFGS        PARAM    0082        580.659921          2.284168         -8.863984          0.350727         28.342066
rank #0: 2017-11-27 22:36:54,452 LBFGS        PARAM    0083        580.672538          2.284168         -8.863431          0.350682         28.342063
rank #0: 2017-11-27 22:36:54,837 LBFGS        PARAM    0084        580.683416          2.284167         -8.862946          0.350644         28.342060
rank #0: 2017-11-27 22:36:55,224 LBFGS        PARAM    0085        580.692764          2.284167         -8.862507          0.350613         28.342057
rank #0: 2017-11-27 22:36:55,609 LBFGS        PARAM    0086        580.706587          2.284167         -8.861897          0.350565         28.342054
rank #0: 2017-11-27 22:36:55,996 LBFGS        PARAM    0087        580.716000          2.284167         -8.861458          0.350534         28.342051
rank #0: 2017-11-27 22:36:56,381 LBFGS        PARAM    0088        580.730722          2.284166         -8.860823          0.350483         28.342047
rank #0: 2017-11-27 22:36:56,765 LBFGS        PARAM    0089        580.740594          2.284166         -8.860378          0.350450         28.342044
rank #0: 2017-11-27 22:36:57,148 LBFGS        PARAM    0090        580.751772          2.284166         -8.859873          0.350414         28.342041
rank #0: 2017-11-27 22:36:57,532 LBFGS        PARAM    0091        580.765535          2.284165         -8.859289          0.350367         28.342038
rank #0: 2017-11-27 22:36:57,917 LBFGS        PARAM    0092        580.779416          2.284165         -8.858717          0.350320         28.342034
rank #0: 2017-11-27 22:36:58,301 LBFGS        PARAM    0093        580.790139          2.284165         -8.858256          0.350285         28.342031
rank #0: 2017-11-27 22:36:58,685 LBFGS        PARAM    0094        580.799903          2.284164         -8.857812          0.350254         28.342029
rank #0: 2017-11-27 22:36:59,067 LBFGS        PARAM    0095        580.814781          2.284164         -8.857185          0.350205         28.342025
rank #0: 2017-11-27 22:36:59,452 LBFGS        PARAM    0096        580.829141          2.284164         -8.856604          0.350158         28.342021
rank #0: 2017-11-27 22:36:59,835 LBFGS        PARAM    0097        580.838239          2.284163         -8.856202          0.350130         28.342019
rank #0: 2017-11-27 22:37:00,219 LBFGS        PARAM    0098        580.853689          2.284163         -8.855559          0.350080         28.342015
rank #0: 2017-11-27 22:37:00,602 LBFGS        PARAM    0099        580.865817          2.284163         -8.855055          0.350041         28.342012
rank #0: 2017-11-27 22:37:00,985 LBFGS        PARAM    0100        580.878342          2.284162         -8.854536          0.350002         28.342008
rank #0: 2017-11-27 22:37:01,370 LBFGS        PARAM    0101        580.889648          2.284162         -8.854057          0.349967         28.342005
rank #0: 2017-11-27 22:37:01,752 LBFGS        PARAM    0102        580.901672          2.284162         -8.853551          0.349930         28.342002
rank #0: 2017-11-27 22:37:02,138 LBFGS        PARAM    0103        580.916174          2.284161         -8.852960          0.349884         28.341999
rank #0: 2017-11-27 22:37:02,522 LBFGS        PARAM    0104        580.928617          2.284161         -8.852455          0.349846         28.341996
rank #0: 2017-11-27 22:37:02,906 LBFGS        PARAM    0105        580.941301          2.284161         -8.851937          0.349807         28.341992
rank #0: 2017-11-27 22:37:03,292 LBFGS        PARAM    0106        580.955152          2.284160         -8.851388          0.349765         28.341989
rank #0: 2017-11-27 22:37:03,676 LBFGS        PARAM    0107        580.967286          2.284160         -8.850900          0.349728         28.341986
rank #0: 2017-11-27 22:37:04,060 LBFGS        PARAM    0108        580.977499          2.284160         -8.850457          0.349699         28.341983
rank #0: 2017-11-27 22:37:04,446 LBFGS        PARAM    0109        580.997845          2.284159         -8.849670          0.349636         28.341978
rank #0: 2017-11-27 22:37:04,831 LBFGS        PARAM    0110        581.010011          2.284159         -8.849200          0.349600         28.341975
rank #0: 2017-11-27 22:37:05,218 LBFGS        PARAM    0111        581.024427          2.284158         -8.848642          0.349556         28.341972
rank #0: 2017-11-27 22:37:05,608 LBFGS        PARAM    0112        581.037354          2.284158         -8.848149          0.349518         28.341969
rank #0: 2017-11-27 22:37:05,994 LBFGS        PARAM    0113        581.049736          2.284157         -8.847674          0.349482         28.341966
rank #0: 2017-11-27 22:37:06,386 LBFGS        PARAM    0114        581.065129          2.284157         -8.847083          0.349436         28.341962
rank #0: 2017-11-27 22:37:06,773 LBFGS        PARAM    0115        581.078284          2.284157         -8.846582          0.349398         28.341959
rank #0: 2017-11-27 22:37:07,159 LBFGS        PARAM    0116        581.092816          2.284156         -8.846028          0.349355         28.341955
rank #0: 2017-11-27 22:37:07,550 LBFGS        PARAM    0117        581.105553          2.284156         -8.845546          0.349319         28.341952
rank #0: 2017-11-27 22:37:07,936 LBFGS        PARAM    0118        581.121220          2.284155         -8.844951          0.349273         28.341948
rank #0: 2017-11-27 22:37:08,320 LBFGS        PARAM    0119        581.133263          2.284155         -8.844498          0.349239         28.341945
rank #0: 2017-11-27 22:37:08,705 LBFGS        PARAM    0120        581.148516          2.284155         -8.843920          0.349196         28.341942
rank #0: 2017-11-27 22:37:09,089 LBFGS        PARAM    0121        581.164044          2.284154         -8.843334          0.349151         28.341938
rank #0: 2017-11-27 22:37:09,473 LBFGS        PARAM    0122        581.176849          2.284154         -8.842856          0.349115         28.341935
rank #0: 2017-11-27 22:37:09,857 LBFGS        PARAM    0123        581.192320          2.284153         -8.842278          0.349072         28.341931
rank #0: 2017-11-27 22:37:10,241 LBFGS        PARAM    0124        581.203767          2.284153         -8.841853          0.349041         28.341929
rank #0: 2017-11-27 22:37:10,625 LBFGS        PARAM    0125        581.222265          2.284152         -8.841160          0.348989         28.341924
rank #0: 2017-11-27 22:37:11,011 LBFGS        PARAM    0126        581.235874          2.284152         -8.840656          0.348952         28.341921
rank #0: 2017-11-27 22:37:11,394 LBFGS        PARAM    0127        581.253304          2.284151         -8.840009          0.348903         28.341917
rank #0: 2017-11-27 22:37:11,779 LBFGS        PARAM    0128        581.268089          2.284151         -8.839468          0.348862         28.341914
rank #0: 2017-11-27 22:37:12,165 LBFGS        PARAM    0129        581.281912          2.284150         -8.838964          0.348825         28.341911
rank #0: 2017-11-27 22:37:12,551 LBFGS        PARAM    0130        581.296824          2.284150         -8.838420          0.348784         28.341907
rank #0: 2017-11-27 22:37:12,938 LBFGS        PARAM    0131        581.309783          2.284150         -8.837950          0.348750         28.341904
rank #0: 2017-11-27 22:37:13,323 LBFGS        PARAM    0132        581.326891          2.284149         -8.837324          0.348704         28.341900
rank #0: 2017-11-27 22:37:13,708 LBFGS        PARAM    0133        581.344547          2.284148         -8.836682          0.348656         28.341896
rank #0: 2017-11-27 22:37:14,095 LBFGS        PARAM    0134        581.357915          2.284148         -8.836205          0.348620         28.341893
rank #0: 2017-11-27 22:37:14,480 LBFGS        PARAM    0135        581.372739          2.284148         -8.835673          0.348581         28.341890
rank #0: 2017-11-27 22:37:14,865 LBFGS        PARAM    0136        581.386324          2.284147         -8.835187          0.348546         28.341887
rank #0: 2017-11-27 22:37:15,252 LBFGS        PARAM    0137        581.406135          2.284146         -8.834473          0.348493         28.341882
rank #0: 2017-11-27 22:37:15,639 LBFGS        PARAM    0138        581.420102          2.284146         -8.833979          0.348457         28.341879
rank #0: 2017-11-27 22:37:16,025 LBFGS        PARAM    0139        581.434864          2.284145         -8.833456          0.348419         28.341876
rank #0: 2017-11-27 22:37:16,411 LBFGS        PARAM    0140        581.452254          2.284145         -8.832837          0.348373         28.341872
rank #0: 2017-11-27 22:37:16,796 LBFGS        PARAM    0141        581.467442          2.284144         -8.832303          0.348334         28.341869
rank #0: 2017-11-27 22:37:17,180 LBFGS        PARAM    0142        581.483157          2.284144         -8.831751          0.348294         28.341865
rank #0: 2017-11-27 22:37:17,565 LBFGS        PARAM    0143        581.497598          2.284143         -8.831248          0.348257         28.341862
rank #0: 2017-11-27 22:37:17,949 LBFGS        PARAM    0144        581.518649          2.284143         -8.830509          0.348203         28.341857
rank #0: 2017-11-27 22:37:18,336 LBFGS        PARAM    0145        581.532425          2.284142         -8.830037          0.348168         28.341854
rank #0: 2017-11-27 22:37:18,722 LBFGS        PARAM    0146        581.547300          2.284142         -8.829526          0.348131         28.341851
rank #0: 2017-11-27 22:37:19,108 LBFGS        PARAM    0147        581.562673          2.284141         -8.828997          0.348093         28.341848
rank #0: 2017-11-27 22:37:19,493 LBFGS        PARAM    0148        581.581418          2.284140         -8.828349          0.348046         28.341844
rank #0: 2017-11-27 22:37:19,880 LBFGS        PARAM    0149        581.597763          2.284140         -8.827789          0.348005         28.341840
rank #0: 2017-11-27 22:37:20,266 LBFGS        PARAM    0150        581.611919          2.284139         -8.827311          0.347970         28.341837
rank #0: 2017-11-27 22:37:20,651 LBFGS        PARAM    0151        581.632813          2.284139         -8.826597          0.347919         28.341833
rank #0: 2017-11-27 22:37:21,036 LBFGS        PARAM    0152        581.649077          2.284138         -8.826047          0.347879         28.341829
rank #0: 2017-11-27 22:37:21,423 LBFGS        PARAM    0153        581.664486          2.284138         -8.825531          0.347841         28.341826
rank #0: 2017-11-27 22:37:21,810 LBFGS        PARAM    0154        581.678942          2.284137         -8.825049          0.347807         28.341823
rank #0: 2017-11-27 22:37:22,196 LBFGS        PARAM    0155        581.701468          2.284136         -8.824289          0.347752         28.341818
rank #0: 2017-11-27 22:37:22,582 LBFGS        PARAM    0156        581.720040          2.284136         -8.823668          0.347707         28.341814
rank #0: 2017-11-27 22:37:22,966 LBFGS        PARAM    0157        581.737815          2.284135         -8.823079          0.347664         28.341811
rank #0: 2017-11-27 22:37:23,352 LBFGS        PARAM    0158        581.752785          2.284134         -8.822591          0.347629         28.341807
rank #0: 2017-11-27 22:37:23,737 LBFGS        PARAM    0159        581.772258          2.284134         -8.821950          0.347583         28.341803
rank #0: 2017-11-27 22:37:24,120 LBFGS        PARAM    0160        581.788227          2.284133         -8.821431          0.347545         28.341800
rank #0: 2017-11-27 22:37:24,504 LBFGS        PARAM    0161        581.805091          2.284133         -8.820882          0.347506         28.341797
rank #0: 2017-11-27 22:37:24,888 LBFGS        PARAM    0162        581.822433          2.284132         -8.820318          0.347465         28.341793
rank #0: 2017-11-27 22:37:25,272 LBFGS        PARAM    0163        581.835755          2.284131         -8.819893          0.347435         28.341790
rank #0: 2017-11-27 22:37:25,656 LBFGS        PARAM    0164        581.865746          2.284130         -8.818916          0.347365         28.341784
rank #0: 2017-11-27 22:37:26,040 LBFGS        PARAM    0165        581.885427          2.284130         -8.818282          0.347319         28.341780
rank #0: 2017-11-27 22:37:26,424 LBFGS        PARAM    0166        581.900218          2.284129         -8.817817          0.347286         28.341777
rank #0: 2017-11-27 22:37:26,807 LBFGS        PARAM    0167        581.914969          2.284129         -8.817353          0.347253         28.341774
rank #0: 2017-11-27 22:37:27,193 LBFGS        PARAM    0168        581.931223          2.284128         -8.816838          0.347216         28.341771
rank #0: 2017-11-27 22:37:27,577 LBFGS        PARAM    0169        581.962436          2.284127         -8.815837          0.347144         28.341764
rank #0: 2017-11-27 22:37:27,962 LBFGS        PARAM    0170        581.976980          2.284126         -8.815388          0.347112         28.341762
rank #0: 2017-11-27 22:37:28,346 LBFGS        PARAM    0171        581.994098          2.284126         -8.814856          0.347074         28.341758
rank #0: 2017-11-27 22:37:28,731 LBFGS        PARAM    0172        582.020907          2.284124         -8.814013          0.347013         28.341753
rank #0: 2017-11-27 22:37:29,117 LBFGS        PARAM    0173        582.037041          2.284124         -8.813517          0.346977         28.341750
rank #0: 2017-11-27 22:37:29,503 LBFGS        PARAM    0174        582.053325          2.284123         -8.813020          0.346942         28.341746
rank #0: 2017-11-27 22:37:29,887 LBFGS        PARAM    0175        582.078199          2.284122         -8.812251          0.346886         28.341741
rank #0: 2017-11-27 22:37:30,273 LBFGS        PARAM    0176        582.102364          2.284121         -8.811505          0.346833         28.341737
rank #0: 2017-11-27 22:37:30,657 LBFGS        PARAM    0177        582.117569          2.284121         -8.811052          0.346800         28.341734
rank #0: 2017-11-27 22:37:31,042 LBFGS        PARAM    0178        582.136656          2.284120         -8.810478          0.346758         28.341730
rank #0: 2017-11-27 22:37:31,427 LBFGS        PARAM    0179        582.155904          2.284119         -8.809899          0.346717         28.341726
rank #0: 2017-11-27 22:37:31,813 LBFGS        PARAM    0180        582.174130          2.284119         -8.809353          0.346678         28.341723
rank #0: 2017-11-27 22:37:32,199 LBFGS        PARAM    0181        582.197043          2.284118         -8.808666          0.346628         28.341718
rank #0: 2017-11-27 22:37:32,584 LBFGS        PARAM    0182        582.213114          2.284117         -8.808194          0.346595         28.341715
rank #0: 2017-11-27 22:37:32,971 LBFGS        PARAM    0183        582.246576          2.284116         -8.807201          0.346522         28.341709
rank #0: 2017-11-27 22:37:33,357 LBFGS        PARAM    0184        582.263406          2.284115         -8.806714          0.346487         28.341706
rank #0: 2017-11-27 22:37:33,744 LBFGS        PARAM    0185        582.280505          2.284114         -8.806222          0.346451         28.341702
rank #0: 2017-11-27 22:37:34,129 LBFGS        PARAM    0186        582.311844          2.284113         -8.805308          0.346384         28.341697
rank #0: 2017-11-27 22:37:34,515 LBFGS        PARAM    0187        582.328851          2.284112         -8.804825          0.346349         28.341693
rank #0: 2017-11-27 22:37:34,900 LBFGS        PARAM    0188        582.352787          2.284112         -8.804141          0.346299         28.341689
rank #0: 2017-11-27 22:37:35,285 LBFGS        PARAM    0189        582.371409          2.284111         -8.803617          0.346260         28.341685
rank #0: 2017-11-27 22:37:35,671 LBFGS        PARAM    0190        582.399423          2.284110         -8.802822          0.346201         28.341680
rank #0: 2017-11-27 22:37:36,058 LBFGS        PARAM    0191        582.417407          2.284109         -8.802323          0.346164         28.341677
rank #0: 2017-11-27 22:37:36,444 LBFGS        PARAM    0192        582.439865          2.284108         -8.801699          0.346118         28.341673
rank #0: 2017-11-27 22:37:36,830 LBFGS        PARAM    0193        582.461943          2.284107         -8.801088          0.346073         28.341669
rank #0: 2017-11-27 22:37:37,215 LBFGS        PARAM    0194        582.484266          2.284106         -8.800474          0.346027         28.341665
rank #0: 2017-11-27 22:37:37,601 LBFGS        PARAM    0195        582.504140          2.284105         -8.799933          0.345987         28.341661
rank #0: 2017-11-27 22:37:37,986 LBFGS        PARAM    0196        582.524281          2.284105         -8.799389          0.345946         28.341657
rank #0: 2017-11-27 22:37:38,372 LBFGS        PARAM    0197        582.545034          2.284104         -8.798830          0.345905         28.341654
rank #0: 2017-11-27 22:37:38,757 LBFGS        PARAM    0198        582.574616          2.284103         -8.798030          0.345845         28.341648
rank #0: 2017-11-27 22:37:39,140 LBFGS        PARAM    0199        582.593794          2.284102         -8.797522          0.345807         28.341645
rank #0: 2017-11-27 22:37:39,523 LBFGS        PARAM    0200        582.613088          2.284101         -8.797015          0.345769         28.341642
rank #0: 2017-11-27 22:37:39,908 LBFGS        PARAM    0201        582.637169          2.284100         -8.796380          0.345721         28.341637
rank #0: 2017-11-27 22:37:40,293 LBFGS        PARAM    0202        582.659729          2.284099         -8.795788          0.345677         28.341633
rank #0: 2017-11-27 22:37:40,679 LBFGS        PARAM    0203        582.679830          2.284098         -8.795267          0.345637         28.341630
rank #0: 2017-11-27 22:37:41,061 LBFGS        PARAM    0204        582.700333          2.284098         -8.794738          0.345597         28.341626
rank #0: 2017-11-27 22:37:41,445 LBFGS        PARAM    0205        582.730688          2.284096         -8.793950          0.345538         28.341621
rank #0: 2017-11-27 22:37:41,828 LBFGS        PARAM    0206        582.753531          2.284095         -8.793364          0.345493         28.341617
rank #0: 2017-11-27 22:37:42,212 LBFGS        PARAM    0207        582.778698          2.284094         -8.792723          0.345444         28.341612
rank #0: 2017-11-27 22:37:42,597 LBFGS        PARAM    0208        582.797228          2.284093         -8.792261          0.345409         28.341609
rank #0: 2017-11-27 22:37:42,981 LBFGS        PARAM    0209        582.819647          2.284093         -8.791703          0.345366         28.341605
rank #0: 2017-11-27 22:37:43,365 LBFGS        PARAM    0210        582.845888          2.284091         -8.791050          0.345316         28.341601
rank #0: 2017-11-27 22:37:43,750 LBFGS        PARAM    0211        582.870161          2.284090         -8.790451          0.345269         28.341597
rank #0: 2017-11-27 22:37:44,135 LBFGS        PARAM    0212        582.892600          2.284090         -8.789903          0.345226         28.341593
rank #0: 2017-11-27 22:37:44,520 LBFGS        PARAM    0213        582.909597          2.284089         -8.789496          0.345195         28.341590
rank #0: 2017-11-27 22:37:44,905 LBFGS        PARAM    0214        582.963448          2.284087         -8.788182          0.345091         28.341581
rank #0: 2017-11-27 22:37:45,290 LBFGS        PARAM    0215        582.983979          2.284086         -8.787690          0.345053         28.341577
rank #0: 2017-11-27 22:37:45,676 LBFGS        PARAM    0216        583.014273          2.284084         -8.786962          0.344995         28.341572
rank #0: 2017-11-27 22:37:46,060 LBFGS        PARAM    0217        583.040479          2.284083         -8.786338          0.344945         28.341568
rank #0: 2017-11-27 22:37:46,445 LBFGS        PARAM    0218        583.059153          2.284083         -8.785904          0.344911         28.341565
rank #0: 2017-11-27 22:37:46,829 LBFGS        PARAM    0219        583.087943          2.284081         -8.785229          0.344857         28.341560
rank #0: 2017-11-27 22:37:47,215 LBFGS        PARAM    0220        583.113296          2.284080         -8.784639          0.344810         28.341556
rank #0: 2017-11-27 22:37:47,600 LBFGS        PARAM    0221        583.132900          2.284079         -8.784189          0.344774         28.341553
rank #0: 2017-11-27 22:37:47,987 LBFGS        PARAM    0222        583.169295          2.284078         -8.783346          0.344706         28.341547
rank #0: 2017-11-27 22:37:48,370 LBFGS        PARAM    0223        583.193007          2.284077         -8.782803          0.344662         28.341543
rank #0: 2017-11-27 22:37:48,756 LBFGS        PARAM    0224        583.220883          2.284076         -8.782167          0.344611         28.341538
rank #0: 2017-11-27 22:37:49,141 LBFGS        PARAM    0225        583.247587          2.284075         -8.781563          0.344562         28.341534
rank #0: 2017-11-27 22:37:49,526 LBFGS        PARAM    0226        583.269620          2.284074         -8.781071          0.344522         28.341530
rank #0: 2017-11-27 22:37:49,918 LBFGS        PARAM    0227        583.299044          2.284072         -8.780414          0.344468         28.341526
rank #0: 2017-11-27 22:37:50,305 LBFGS        PARAM    0228        583.323330          2.284071         -8.779876          0.344424         28.341522
rank #0: 2017-11-27 22:37:50,692 LBFGS        PARAM    0229        583.348258          2.284070         -8.779328          0.344379         28.341518
rank #0: 2017-11-27 22:37:51,081 LBFGS        PARAM    0230        583.369810          2.284069         -8.778859          0.344341         28.341514
rank #0: 2017-11-27 22:37:51,467 LBFGS        PARAM    0231        583.410898          2.284068         -8.777955          0.344266         28.341508
rank #0: 2017-11-27 22:37:51,854 LBFGS        PARAM    0232        583.434610          2.284067         -8.777442          0.344224         28.341504
rank #0: 2017-11-27 22:37:52,242 LBFGS        PARAM    0233        583.456437          2.284066         -8.776975          0.344185         28.341500
rank #0: 2017-11-27 22:37:52,637 LBFGS        PARAM    0234        583.503843          2.284064         -8.775949          0.344100         28.341493
rank #0: 2017-11-27 22:37:53,025 LBFGS        PARAM    0235        583.521625          2.284063         -8.775577          0.344069         28.341490
rank #0: 2017-11-27 22:37:53,411 LBFGS        PARAM    0236        583.561110          2.284061         -8.774736          0.344000         28.341484
rank #0: 2017-11-27 22:37:53,802 LBFGS        PARAM    0237        583.592160          2.284060         -8.774076          0.343945         28.341479
rank #0: 2017-11-27 22:37:54,189 LBFGS        PARAM    0238        583.613800          2.284059         -8.773623          0.343907         28.341476
rank #0: 2017-11-27 22:37:54,578 LBFGS        PARAM    0239        583.654025          2.284057         -8.772775          0.343836         28.341469
rank #0: 2017-11-27 22:37:54,963 LBFGS        PARAM    0240        583.680154          2.284056         -8.772230          0.343790         28.341465
rank #0: 2017-11-27 22:37:55,349 LBFGS        PARAM    0241        583.706978          2.284055         -8.771675          0.343744         28.341461
rank #0: 2017-11-27 22:37:55,734 LBFGS        PARAM    0242        583.727318          2.284054         -8.771261          0.343709         28.341458
rank #0: 2017-11-27 22:37:56,121 LBFGS        PARAM    0243        583.779314          2.284052         -8.770188          0.343619         28.341450
rank #0: 2017-11-27 22:37:56,506 LBFGS        PARAM    0244        583.801746          2.284051         -8.769733          0.343580         28.341446
rank #0: 2017-11-27 22:37:56,892 LBFGS        PARAM    0245        583.832417          2.284049         -8.769110          0.343528         28.341442
rank #0: 2017-11-27 22:37:57,279 LBFGS        PARAM    0246        583.871970          2.284048         -8.768304          0.343460         28.341436
rank #0: 2017-11-27 22:37:57,664 LBFGS        PARAM    0247        583.893052          2.284047         -8.767885          0.343424         28.341433
rank #0: 2017-11-27 22:37:58,051 LBFGS        PARAM    0248        583.930942          2.284045         -8.767124          0.343359         28.341427
rank #0: 2017-11-27 22:37:58,434 LBFGS        PARAM    0249        583.956681          2.284044         -8.766614          0.343316         28.341423
rank #0: 2017-11-27 22:37:58,821 LBFGS        PARAM    0250        583.980573          2.284043         -8.766143          0.343276         28.341419
rank #0: 2017-11-27 22:37:59,207 LBFGS        PARAM    0251        584.012449          2.284041         -8.765514          0.343222         28.341414
rank #0: 2017-11-27 22:37:59,592 LBFGS        PARAM    0252        584.051754          2.284040         -8.764736          0.343156         28.341409
rank #0: 2017-11-27 22:37:59,978 LBFGS        PARAM    0253        584.078367          2.284039         -8.764217          0.343111         28.341405
rank #0: 2017-11-27 22:38:00,363 LBFGS        PARAM    0254        584.107965          2.284037         -8.763643          0.343062         28.341400
rank #0: 2017-11-27 22:38:00,748 LBFGS        PARAM    0255        584.137218          2.284036         -8.763079          0.343013         28.341396
rank #0: 2017-11-27 22:38:01,133 LBFGS        PARAM    0256        584.163220          2.284035         -8.762582          0.342970         28.341392
rank #0: 2017-11-27 22:38:01,519 LBFGS        PARAM    0257        584.195364          2.284033         -8.761968          0.342917         28.341387
rank #0: 2017-11-27 22:38:01,904 LBFGS        PARAM    0258        584.223345          2.284032         -8.761437          0.342871         28.341383
rank #0: 2017-11-27 22:38:02,294 LBFGS        PARAM    0259        584.267067          2.284030         -8.760603          0.342799         28.341377
rank #0: 2017-11-27 22:38:02,683 LBFGS        PARAM    0260        584.290725          2.284029         -8.760161          0.342761         28.341373
rank #0: 2017-11-27 22:38:03,070 LBFGS        PARAM    0261        584.320547          2.284028         -8.759606          0.342712         28.341369
rank #0: 2017-11-27 22:38:03,459 LBFGS        PARAM    0262        584.340831          2.284027         -8.759234          0.342680         28.341366
rank #0: 2017-11-27 22:38:03,845 LBFGS        PARAM    0263        584.504498          2.284020         -8.756176          0.342414         28.341342
rank #0: 2017-11-27 22:38:04,231 LBFGS        PARAM    0264        584.533305          2.284018         -8.755642          0.342368         28.341338
rank #0: 2017-11-27 22:38:04,618 LBFGS        PARAM    0265        584.570240          2.284017         -8.754957          0.342308         28.341333
rank #0: 2017-11-27 22:38:05,003 LBFGS        PARAM    0266        584.593835          2.284016         -8.754527          0.342271         28.341329
rank #0: 2017-11-27 22:38:05,387 LBFGS        PARAM    0267        584.640468          2.284014         -8.753670          0.342196         28.341322
rank #0: 2017-11-27 22:38:05,777 LBFGS        PARAM    0268        584.671564          2.284012         -8.753104          0.342146         28.341318
rank #0: 2017-11-27 22:38:06,162 LBFGS        PARAM    0269        584.693572          2.284011         -8.752711          0.342112         28.341315
rank #0: 2017-11-27 22:38:06,547 LBFGS        PARAM    0270        584.755467          2.284008         -8.751592          0.342014         28.341306
rank #0: 2017-11-27 22:38:06,935 LBFGS        PARAM    0271        584.783076          2.284007         -8.751098          0.341970         28.341302
rank #0: 2017-11-27 22:38:07,319 LBFGS        PARAM    0272        584.817556          2.284006         -8.750480          0.341916         28.341297
rank #0: 2017-11-27 22:38:07,701 LBFGS        PARAM    0273        584.855780          2.284004         -8.749796          0.341856         28.341292
rank #0: 2017-11-27 22:38:08,088 LBFGS        PARAM    0274        584.881503          2.284003         -8.749343          0.341816         28.341288
rank #0: 2017-11-27 22:38:08,475 LBFGS        PARAM    0275        584.916955          2.284001         -8.748718          0.341761         28.341283
rank #0: 2017-11-27 22:38:08,862 LBFGS        PARAM    0276        584.941236          2.284000         -8.748296          0.341723         28.341280
rank #0: 2017-11-27 22:38:09,250 LBFGS        PARAM    0277        584.971054          2.283999         -8.747777          0.341677         28.341275
rank #0: 2017-11-27 22:38:09,638 LBFGS        PARAM    0278        585.026441          2.283996         -8.746803          0.341592         28.341268
rank #0: 2017-11-27 22:38:10,029 LBFGS        PARAM    0279        585.056990          2.283995         -8.746272          0.341545         28.341263
rank #0: 2017-11-27 22:38:10,418 LBFGS        PARAM    0280        585.116383          2.283992         -8.745232          0.341453         28.341255
rank #0: 2017-11-27 22:38:10,806 LBFGS        PARAM    0281        585.139152          2.283991         -8.744845          0.341418         28.341252
rank #0: 2017-11-27 22:38:11,194 LBFGS        PARAM    0282        585.187288          2.283989         -8.744020          0.341345         28.341245
rank #0: 2017-11-27 22:38:11,583 LBFGS        PARAM    0283        585.210970          2.283988         -8.743623          0.341309         28.341242
rank #0: 2017-11-27 22:38:11,974 LBFGS        PARAM    0284        585.290977          2.283984         -8.742257          0.341187         28.341231
rank #0: 2017-11-27 22:38:12,364 LBFGS        PARAM    0285        585.320486          2.283983         -8.741759          0.341143         28.341227
rank #0: 2017-11-27 22:38:12,754 LBFGS        PARAM    0286        585.364519          2.283981         -8.741012          0.341076         28.341221
rank #0: 2017-11-27 22:38:13,145 LBFGS        PARAM    0287        585.391768          2.283979         -8.740557          0.341035         28.341217
rank #0: 2017-11-27 22:38:13,534 LBFGS        PARAM    0288        585.451441          2.283977         -8.739553          0.340945         28.341209
rank #0: 2017-11-27 22:38:13,922 LBFGS        PARAM    0289        585.474895          2.283976         -8.739168          0.340910         28.341206
rank #0: 2017-11-27 22:38:14,312 LBFGS        PARAM    0290        585.600872          2.283970         -8.737064          0.340721         28.341189
rank #0: 2017-11-27 22:38:14,698 LBFGS        PARAM    0291        585.628338          2.283968         -8.736613          0.340680         28.341185
rank #0: 2017-11-27 22:38:15,082 LBFGS        PARAM    0292        585.672310          2.283966         -8.735889          0.340615         28.341179
rank #0: 2017-11-27 22:38:15,466 LBFGS        PARAM    0293        585.698767          2.283965         -8.735460          0.340576         28.341176
rank #0: 2017-11-27 22:38:15,851 LBFGS        PARAM    0294        585.788020          2.283961         -8.733995          0.340443         28.341164
rank #0: 2017-11-27 22:38:16,235 LBFGS        PARAM    0295        585.816741          2.283960         -8.733531          0.340400         28.341160
rank #0: 2017-11-27 22:38:16,619 LBFGS        PARAM    0296        585.854691          2.283958         -8.732919          0.340345         28.341155
rank #0: 2017-11-27 22:38:16,999 LBFGS        PARAM    0297        585.894867          2.283956         -8.732274          0.340286         28.341149
rank #0: 2017-11-27 22:38:17,378 LBFGS        PARAM    0298        585.938825          2.283954         -8.731568          0.340221         28.341143
rank #0: 2017-11-27 22:38:17,761 LBFGS        PARAM    0299        585.956592          2.283953         -8.731293          0.340196         28.341141
rank #0: 2017-11-27 22:38:18,143 LBFGS        PARAM    0300        586.048300          2.283949         -8.729848          0.340063         28.341129
rank #0: 2017-11-27 22:38:18,523 LBFGS        PARAM    0301        586.088793          2.283947         -8.729208          0.340004         28.341123
rank #0: 2017-11-27 22:38:18,903 LBFGS        PARAM    0302        586.114964          2.283946         -8.728799          0.339966         28.341120
rank #0: 2017-11-27 22:38:19,282 LBFGS        PARAM    0303        586.141127          2.283945         -8.728392          0.339929         28.341116
rank #0: 2017-11-27 22:38:19,666 LBFGS        PARAM    0304        586.235780          2.283941         -8.726903          0.339793         28.341104
rank #0: 2017-11-27 22:38:20,048 LBFGS        PARAM    0305        586.273679          2.283939         -8.726309          0.339738         28.341099
rank #0: 2017-11-27 22:38:20,437 LBFGS        PARAM    0306        586.306015          2.283937         -8.725806          0.339692         28.341094
rank #0: 2017-11-27 22:38:20,822 LBFGS        PARAM    0307        586.343101          2.283936         -8.725231          0.339640         28.341090
rank #0: 2017-11-27 22:38:21,208 LBFGS        PARAM    0308        586.377157          2.283934         -8.724707          0.339591         28.341085
rank #0: 2017-11-27 22:38:21,589 LBFGS        PARAM    0309        586.407912          2.283933         -8.724237          0.339548         28.341081
rank #0: 2017-11-27 22:38:21,972 LBFGS        PARAM    0310        586.507507          2.283928         -8.722704          0.339407         28.341068
rank #0: 2017-11-27 22:38:22,356 LBFGS        PARAM    0311        586.535189          2.283927         -8.722284          0.339368         28.341065
rank #0: 2017-11-27 22:38:22,738 LBFGS        PARAM    0312        586.589962          2.283924         -8.721453          0.339291         28.341058
rank #0: 2017-11-27 22:38:23,124 LBFGS        PARAM    0313        586.632091          2.283922         -8.720818          0.339232         28.341052
rank #0: 2017-11-27 22:38:23,513 LBFGS        PARAM    0314        586.651663          2.283921         -8.720530          0.339205         28.341050
rank #0: 2017-11-27 22:38:23,905 LBFGS        PARAM    0315        587.002289          2.283905         -8.715299          0.338719         28.341004
rank #0: 2017-11-27 22:38:24,294 LBFGS        PARAM    0316        587.039801          2.283903         -8.714741          0.338667         28.340999
rank #0: 2017-11-27 22:38:24,682 LBFGS        PARAM    0317        587.067957          2.283902         -8.714324          0.338628         28.340995
rank #0: 2017-11-27 22:38:25,074 LBFGS        PARAM    0318        587.133841          2.283899         -8.713347          0.338537         28.340987
rank #0: 2017-11-27 22:38:25,461 LBFGS        PARAM    0319        587.174302          2.283897         -8.712750          0.338481         28.340982
rank #0: 2017-11-27 22:38:25,845 LBFGS        PARAM    0320        587.200795          2.283896         -8.712362          0.338445         28.340978
rank #0: 2017-11-27 22:38:26,228 LBFGS        PARAM    0321        587.269971          2.283893         -8.711348          0.338351         28.340970
rank #0: 2017-11-27 22:38:26,612 LBFGS        PARAM    0322        587.313461          2.283891         -8.710713          0.338291         28.340964
rank #0: 2017-11-27 22:38:26,997 LBFGS        PARAM    0323        587.343268          2.283889         -8.710282          0.338251         28.340960
rank #0: 2017-11-27 22:38:27,381 LBFGS        PARAM    0324        587.368754          2.283888         -8.709916          0.338217         28.340957
rank #0: 2017-11-27 22:38:27,775 LBFGS        PARAM    0325        587.419717          2.283886         -8.709182          0.338148         28.340950
rank #0: 2017-11-27 22:38:28,162 LBFGS        PARAM    0326        587.478517          2.283883         -8.708337          0.338069         28.340943
rank #0: 2017-11-27 22:38:28,548 LBFGS        PARAM    0327        587.515114          2.283881         -8.707814          0.338019         28.340938
rank #0: 2017-11-27 22:38:28,934 LBFGS        PARAM    0328        587.539418          2.283880         -8.707470          0.337987         28.340935
rank #0: 2017-11-27 22:38:29,320 LBFGS        PARAM    0329        587.587858          2.283878         -8.706784          0.337923         28.340929
rank #0: 2017-11-27 22:38:29,710 LBFGS        PARAM    0330        587.629179          2.283876         -8.706201          0.337868         28.340924
rank #0: 2017-11-27 22:38:30,096 LBFGS        PARAM    0331        587.677671          2.283874         -8.705519          0.337803         28.340918
rank #0: 2017-11-27 22:38:30,480 LBFGS        PARAM    0332        587.716420          2.283872         -8.704977          0.337752         28.340913
rank #0: 2017-11-27 22:38:30,864 LBFGS        PARAM    0333        587.750147          2.283870         -8.704509          0.337708         28.340909
rank #0: 2017-11-27 22:38:31,247 LBFGS        PARAM    0334        587.803699          2.283868         -8.703768          0.337637         28.340902
rank #0: 2017-11-27 22:38:31,634 LBFGS        PARAM    0335        587.833702          2.283866         -8.703356          0.337598         28.340899
rank #0: 2017-11-27 22:38:32,023 LBFGS        PARAM    0336        587.906043          2.283863         -8.702363          0.337503         28.340890
rank #0: 2017-11-27 22:38:32,406 LBFGS        PARAM    0337        587.941522          2.283861         -8.701880          0.337457         28.340885
rank #0: 2017-11-27 22:38:32,788 LBFGS        PARAM    0338        587.972135          2.283860         -8.701466          0.337417         28.340882
rank #0: 2017-11-27 22:38:33,169 LBFGS        PARAM    0339        588.047170          2.283856         -8.700450          0.337320         28.340872
rank #0: 2017-11-27 22:38:33,553 LBFGS        PARAM    0340        588.079653          2.283855         -8.700014          0.337278         28.340868
rank #0: 2017-11-27 22:38:33,945 LBFGS        PARAM    0341        588.120360          2.283853         -8.699470          0.337225         28.340863
rank #0: 2017-11-27 22:38:34,330 LBFGS        PARAM    0342        588.174792          2.283850         -8.698746          0.337155         28.340857
rank #0: 2017-11-27 22:38:34,716 LBFGS        PARAM    0343        588.208919          2.283848         -8.698295          0.337112         28.340853
rank #0: 2017-11-27 22:38:35,102 LBFGS        PARAM    0344        588.258099          2.283846         -8.697648          0.337049         28.340847
rank #0: 2017-11-27 22:38:35,487 LBFGS        PARAM    0345        588.306563          2.283844         -8.697013          0.336987         28.340841
rank #0: 2017-11-27 22:38:35,874 LBFGS        PARAM    0346        588.343977          2.283842         -8.696527          0.336939         28.340836
rank #0: 2017-11-27 22:38:36,259 LBFGS        PARAM    0347        588.398120          2.283839         -8.695827          0.336871         28.340830
rank #0: 2017-11-27 22:38:36,646 LBFGS        PARAM    0348        588.424639          2.283838         -8.695486          0.336837         28.340827
rank #0: 2017-11-27 22:38:37,034 LBFGS        PARAM    0349        588.506830          2.283834         -8.694432          0.336734         28.340817
rank #0: 2017-11-27 22:38:37,422 LBFGS        PARAM    0350        588.563072          2.283832         -8.693713          0.336663         28.340810
rank #0: 2017-11-27 22:38:37,810 LBFGS        PARAM    0351        588.594853          2.283830         -8.693310          0.336623         28.340806
rank #0: 2017-11-27 22:38:38,197 LBFGS        PARAM    0352        588.639734          2.283828         -8.692743          0.336567         28.340801
rank #0: 2017-11-27 22:38:38,581 LBFGS        PARAM    0353        588.667108          2.283827         -8.692400          0.336533         28.340798
rank #0: 2017-11-27 22:38:38,965 LBFGS        PARAM    0354        588.749586          2.283823         -8.691364          0.336431         28.340788
rank #0: 2017-11-27 22:38:39,351 LBFGS        PARAM    0355        588.814110          2.283820         -8.690557          0.336351         28.340780
rank #0: 2017-11-27 22:38:39,737 LBFGS        PARAM    0356        588.839888          2.283818         -8.690237          0.336320         28.340777
rank #0: 2017-11-27 22:38:40,122 LBFGS        PARAM    0357        588.968989          2.283812         -8.688633          0.336161         28.340762
rank #0: 2017-11-27 22:38:40,510 LBFGS        PARAM    0358        589.010070          2.283810         -8.688126          0.336110         28.340757
rank #0: 2017-11-27 22:38:40,898 LBFGS        PARAM    0359        589.053155          2.283808         -8.687598          0.336057         28.340752
rank #0: 2017-11-27 22:38:41,284 LBFGS        PARAM    0360        589.131233          2.283804         -8.686645          0.335962         28.340743
rank #0: 2017-11-27 22:38:41,671 LBFGS        PARAM    0361        589.162092          2.283803         -8.686271          0.335925         28.340739
rank #0: 2017-11-27 22:38:42,056 LBFGS        PARAM    0362        589.205416          2.283801         -8.685749          0.335872         28.340734
rank #0: 2017-11-27 22:38:42,441 LBFGS        PARAM    0363        589.252769          2.283799         -8.685181          0.335815         28.340729
rank #0: 2017-11-27 22:38:42,827 LBFGS        PARAM    0364        589.283227          2.283797         -8.684817          0.335779         28.340725
rank #0: 2017-11-27 22:38:43,211 LBFGS        PARAM    0365        589.423400          2.283790         -8.683140          0.335610         28.340709
rank #0: 2017-11-27 22:38:43,595 LBFGS        PARAM    0366        589.456206          2.283789         -8.682750          0.335571         28.340705
rank #0: 2017-11-27 22:38:43,978 LBFGS        PARAM    0367        590.011601          2.283762         -8.676113          0.334904         28.340641
rank #0: 2017-11-27 22:38:44,362 LBFGS        PARAM    0368        590.054805          2.283760         -8.675601          0.334852         28.340636
rank #0: 2017-11-27 22:38:44,745 LBFGS        PARAM    0369        590.148651          2.283755         -8.674492          0.334740         28.340625
rank #0: 2017-11-27 22:38:45,131 LBFGS        PARAM    0370        590.178485          2.283754         -8.674143          0.334705         28.340622
rank #0: 2017-11-27 22:38:45,515 LBFGS        PARAM    0371        590.208413          2.283752         -8.673794          0.334669         28.340619
rank #0: 2017-11-27 22:38:45,898 LBFGS        PARAM    0372        590.507132          2.283738         -8.670296          0.334316         28.340584
rank #0: 2017-11-27 22:38:46,287 LBFGS        PARAM    0373        590.552856          2.283736         -8.669763          0.334262         28.340579
rank #0: 2017-11-27 22:38:46,673 LBFGS        PARAM    0374        590.585431          2.283734         -8.669385          0.334224         28.340575
rank #0: 2017-11-27 22:38:47,060 LBFGS        PARAM    0375        590.630073          2.283732         -8.668869          0.334172         28.340570
rank #0: 2017-11-27 22:38:47,447 LBFGS        PARAM    0376        590.685835          2.283729         -8.668226          0.334107         28.340564
rank #0: 2017-11-27 22:38:47,835 LBFGS        PARAM    0377        590.788155          2.283724         -8.667049          0.333988         28.340552
rank #0: 2017-11-27 22:38:48,224 LBFGS        PARAM    0378        590.821899          2.283723         -8.666664          0.333949         28.340548
rank #0: 2017-11-27 22:38:48,609 LBFGS        PARAM    0379        590.883890          2.283720         -8.665958          0.333877         28.340541
rank #0: 2017-11-27 22:38:49,001 LBFGS        PARAM    0380        590.926649          2.283718         -8.665473          0.333828         28.340537
rank #0: 2017-11-27 22:38:49,389 LBFGS        PARAM    0381        590.969845          2.283716         -8.664986          0.333778         28.340532
rank #0: 2017-11-27 22:38:49,782 LBFGS        PARAM    0382        591.050619          2.283712         -8.664078          0.333685         28.340523
rank #0: 2017-11-27 22:38:50,174 LBFGS        PARAM    0383        591.094953          2.283709         -8.663582          0.333635         28.340518
rank #0: 2017-11-27 22:38:50,560 LBFGS        PARAM    0384        591.129400          2.283708         -8.663200          0.333595         28.340514
rank #0: 2017-11-27 22:38:50,944 LBFGS        PARAM    0385        591.223168          2.283703         -8.662159          0.333489         28.340503
rank #0: 2017-11-27 22:38:51,329 LBFGS        PARAM    0386        591.273015          2.283701         -8.661609          0.333432         28.340498
rank #0: 2017-11-27 22:38:51,714 LBFGS        PARAM    0387        591.301304          2.283699         -8.661298          0.333401         28.340495
rank #0: 2017-11-27 22:38:52,097 LBFGS        PARAM    0388        591.331454          2.283698         -8.660967          0.333367         28.340491
rank #0: 2017-11-27 22:38:52,481 LBFGS        PARAM    0389        591.463694          2.283692         -8.659514          0.333219         28.340476
rank #0: 2017-11-27 22:38:52,864 LBFGS        PARAM    0390        591.503070          2.283690         -8.659082          0.333175         28.340472
rank #0: 2017-11-27 22:38:53,251 LBFGS        PARAM    0391        591.590843          2.283685         -8.658119          0.333077         28.340462
rank #0: 2017-11-27 22:38:53,637 LBFGS        PARAM    0392        591.669530          2.283682         -8.657257          0.332989         28.340454
rank #0: 2017-11-27 22:38:54,025 LBFGS        PARAM    0393        591.718345          2.283679         -8.656726          0.332935         28.340448
rank #0: 2017-11-27 22:38:54,411 LBFGS        PARAM    0394        591.753772          2.283678         -8.656342          0.332896         28.340444
rank #0: 2017-11-27 22:38:54,797 LBFGS        PARAM    0395        591.788393          2.283676         -8.655968          0.332858         28.340440
rank #0: 2017-11-27 22:38:55,184 LBFGS        PARAM    0396        591.835229          2.283674         -8.655463          0.332806         28.340435
rank #0: 2017-11-27 22:38:55,571 LBFGS        PARAM    0397        591.909149          2.283670         -8.654665          0.332725         28.340427
rank #0: 2017-11-27 22:38:55,957 LBFGS        PARAM    0398        591.937019          2.283669         -8.654366          0.332695         28.340424
rank #0: 2017-11-27 22:38:56,345 LBFGS        PARAM    0399        592.497277          2.283642         -8.648338          0.332084         28.340362
rank #0: 2017-11-27 22:38:56,739 LBFGS        PARAM    0400        592.549996          2.283639         -8.647771          0.332026         28.340356
rank #0: 2017-11-27 22:38:57,128 LBFGS        PARAM    0401        592.599672          2.283637         -8.647238          0.331972         28.340351
rank #0: 2017-11-27 22:38:57,518 LBFGS        PARAM    0402        592.645758          2.283634         -8.646744          0.331922         28.340346
rank #0: 2017-11-27 22:38:57,909 LBFGS        PARAM    0403        592.728770          2.283630         -8.645855          0.331832         28.340337
rank #0: 2017-11-27 22:38:58,299 LBFGS        PARAM    0404        592.762028          2.283629         -8.645501          0.331797         28.340333
rank #0: 2017-11-27 22:38:58,688 LBFGS        PARAM    0405        593.180157          2.283608         -8.641040          0.331345         28.340287
rank #0: 2017-11-27 22:38:59,076 LBFGS        PARAM    0406        593.230585          2.283606         -8.640504          0.331291         28.340282
rank #0: 2017-11-27 22:38:59,464 LBFGS        PARAM    0407        593.275541          2.283604         -8.640027          0.331242         28.340277
rank #0: 2017-11-27 22:38:59,853 LBFGS        PARAM    0408        593.337693          2.283601         -8.639370          0.331176         28.340270
rank #0: 2017-11-27 22:39:00,241 LBFGS        PARAM    0409        593.387001          2.283598         -8.638851          0.331123         28.340265
rank #0: 2017-11-27 22:39:00,629 LBFGS        PARAM    0410        593.421427          2.283596         -8.638490          0.331086         28.340261
rank #0: 2017-11-27 22:39:01,013 LBFGS        PARAM    0411        593.453562          2.283595         -8.638154          0.331052         28.340257
rank #0: 2017-11-27 22:39:01,399 LBFGS        PARAM    0412        593.539564          2.283591         -8.637253          0.330962         28.340248
rank #0: 2017-11-27 22:39:01,786 LBFGS        PARAM    0413        593.595804          2.283588         -8.636664          0.330902         28.340242
rank #0: 2017-11-27 22:39:02,173 LBFGS        PARAM    0414        593.709573          2.283582         -8.635476          0.330782         28.340230
rank #0: 2017-11-27 22:39:02,558 LBFGS        PARAM    0415        593.749028          2.283580         -8.635067          0.330741         28.340225
rank #0: 2017-11-27 22:39:02,945 LBFGS        PARAM    0416        593.851379          2.283575         -8.634000          0.330633         28.340214
rank #0: 2017-11-27 22:39:03,332 LBFGS        PARAM    0417        593.897665          2.283573         -8.633520          0.330584         28.340209
rank #0: 2017-11-27 22:39:03,717 LBFGS        PARAM    0418        593.939809          2.283571         -8.633086          0.330540         28.340205
rank #0: 2017-11-27 22:39:04,103 LBFGS        PARAM    0419        593.988765          2.283569         -8.632581          0.330489         28.340200
rank #0: 2017-11-27 22:39:04,491 LBFGS        PARAM    0420        594.029187          2.283567         -8.632166          0.330447         28.340195
rank #0: 2017-11-27 22:39:04,878 LBFGS        PARAM    0421        594.137440          2.283561         -8.631048          0.330335         28.340184
rank #0: 2017-11-27 22:39:05,264 LBFGS        PARAM    0422        594.245659          2.283556         -8.629928          0.330222         28.340172
rank #0: 2017-11-27 22:39:05,651 LBFGS        PARAM    0423        594.283507          2.283554         -8.629541          0.330183         28.340168
rank #0: 2017-11-27 22:39:06,038 LBFGS        PARAM    0424        594.304907          2.283553         -8.629325          0.330161         28.340166
rank #0: 2017-11-27 22:39:06,425 LBFGS        PARAM    0425        594.630947          2.283537         -8.626023          0.329828         28.340130
rank #0: 2017-11-27 22:39:06,809 LBFGS        PARAM    0426        594.690971          2.283535         -8.625411          0.329767         28.340124
rank #0: 2017-11-27 22:39:07,196 LBFGS        PARAM    0427        594.749033          2.283532         -8.624818          0.329708         28.340118
rank #0: 2017-11-27 22:39:07,584 LBFGS        PARAM    0428        594.787988          2.283530         -8.624420          0.329668         28.340114
rank #0: 2017-11-27 22:39:07,586 LBFGS        INFO     LBFGS iteration 428: the descent direction does not have a sufficient projection (cos(theta)=-3.71e-02, theta=92.1280) into the gradient; using steepest descent at this step!
rank #0: 2017-11-27 22:39:08,015 LBFGS        PARAM    0429        594.972377          2.284884         -8.553645          0.329538         28.338092
rank #0: 2017-11-27 22:39:08,401 LBFGS        PARAM    0430        596.377625          2.291540         -7.965054          0.328143         28.333079
rank #0: 2017-11-27 22:39:08,786 LBFGS        PARAM    0431        596.903850          2.291513         -7.724978          0.327348         28.332734
rank #0: 2017-11-27 22:39:09,170 LBFGS        PARAM    0432        607.894124          2.287902         -3.160856          0.310532         28.328960
rank #0: 2017-11-27 22:39:09,555 LBFGS        PARAM    0433        617.367676          2.286420         -2.734557          0.297238         28.328145
rank #0: 2017-11-27 22:39:09,940 LBFGS        PARAM    0434        659.327151          2.281670         -2.018750          0.239080         28.325271
rank #0: 2017-11-27 22:39:09,942 LBFGS        INFO     LBFGS iteration 434: the descent direction does not have a sufficient projection (cos(theta)=-7.87e-01, theta=141.8726) into the gradient; using steepest descent at this step!
rank #0: 2017-11-27 22:39:10,366 LBFGS        PARAM    0435        739.443619          2.283405         -2.035800          0.238439         28.322049
rank #0: 2017-11-27 22:39:10,834 LBFGS        PARAM    0436       1235.062325          2.239998         -3.275252          0.234475         28.310950
rank #0: 2017-11-27 22:39:10,836 LBFGS        INFO     LBFGS iteration 436: the descent direction does not have a sufficient projection (cos(theta)=-9.18e-01, theta=156.6148) into the gradient; using steepest descent at this step!
rank #0: 2017-11-27 22:39:11,261 LBFGS        PARAM    0437       1300.749786          2.252288         -2.954729          0.233949         28.292802
rank #0: 2017-11-27 22:39:11,771 LBFGS        PARAM    0438       1350.003536          2.252169         -2.906507          0.233555         28.292642
rank #0: 2017-11-27 22:39:12,196 LBFGS        PARAM    0439       2659.508407          2.178493         -2.831406          0.223081         28.269497
rank #0: 2017-11-27 22:39:29,753 LBFGS        INFO     Linesearch failed in both LBFGS and gradient directions
rank #0: 2017-11-27 22:39:29,754 LBFGS        PARAM    0439       2659.508407          2.178493         -2.831406          0.223081         28.269497
rank #0: 2017-11-27 22:39:29,754 rsdfit.lbfgs_fitter WARNING  ...LBFGS optimization finished. Time elapsed: 0:03:07.20
rank #0: 2017-11-27 22:39:29,754 rsdfit.lbfgs_fitter ERROR    nonlinear fit with method L-BFGS-B failed: Linesearch failed in both LBFGS and gradient directions
rank #0: 2017-11-27 22:39:29,755 rsdfit.fitting_driver INFO     rank 1 on nid00492     ...fitting complete
rank #0: 2017-11-27 22:39:29,757 rsdfit.fitting_driver INFO     rank 1 on nid00492     Saving the results to `/global/cscratch1/sd/nhand/eBOSS/fits/results/mocks/ezmock/v1.8e-fph/0.0001-0.05/basemodel-N-fnl/0.8-2.2/QSO-S-0432-P0+P2-mock-cov-a9f629560d/2017-11-27_nlopt_439i_chain0__1.npz`
rank #0: 2017-11-27 22:39:29,777 pyRSD.analysis.lbfgs_results INFO     
minimum chi2 = 28.26949659

Free parameters [ mean ]
_______________
N              : 2659.50840734
b1             : 2.17849301184
f_nl           : -2.83140580636
sigma_fog      : 0.223081488657

Constrained parameters [ mean ]
_________________________
b1sigma8       : 0.867006628262
