rank #0: 2018-10-04 22:43:04,223 rsdfit.fitting_driver INFO     rank 20 on nid01842     Calling the 'nlopt' solve function
rank #0: 2018-10-04 22:43:04,224 rsdfit.lbfgs_fitter INFO     running LBFGS for 500 iterations and then stopping
rank #0: 2018-10-04 22:43:04,224 rsdfit.lbfgs_fitter INFO     running LBFGS minimizer with priors
rank #0: 2018-10-04 22:43:04,225 root         INFO     Iter           N          b1        f_nl   sigma_fog   F(X)     
rank #0: 2018-10-04 22:43:04,225 rsdfit.lbfgs_fitter INFO     computing gradient using numerical derivative of lnlike()
rank #0: 2018-10-04 22:43:05,374 LBFGS        INFO     options = {'factr': 100000.0, 'gtol': 1e-05, 'max_iter': 500, 'test_convergence': False}
rank #0: 2018-10-04 22:43:05,375 LBFGS        PARAM    0000          0.000000          2.000000          0.000000          4.000000         90.928319
rank #0: 2018-10-04 22:43:06,712 LBFGS        PARAM    0001         83.451883          2.135752          0.860179          3.952561         77.542300
rank #0: 2018-10-04 22:43:07,896 LBFGS        PARAM    0002         45.179656          2.385308          3.320360          3.941608         69.579804
rank #0: 2018-10-04 22:43:09,100 LBFGS        PARAM    0003         10.498084          2.366282          2.705573          4.014099         68.932311
rank #0: 2018-10-04 22:43:10,285 LBFGS        PARAM    0004        -69.664354          2.376335          1.883314          4.151918         68.218149
rank #0: 2018-10-04 22:43:11,605 LBFGS        PARAM    0005       -156.460880          2.398672          0.952583          4.267361         67.948736
rank #0: 2018-10-04 22:43:12,812 LBFGS        PARAM    0006       -163.294135          2.418572         -0.087356          4.280835         67.798015
rank #0: 2018-10-04 22:43:14,000 LBFGS        PARAM    0007       -173.106527          2.437204         -1.925652          4.274679         67.731586
rank #0: 2018-10-04 22:43:15,213 LBFGS        PARAM    0008       -180.664140          2.442492         -3.464302          4.253633         67.702817
rank #0: 2018-10-04 22:43:16,404 LBFGS        PARAM    0009       -230.941887          2.463801        -14.117445          4.092795         67.556560
rank #0: 2018-10-04 22:43:17,610 LBFGS        PARAM    0010       -277.297687          2.473324        -25.465194          3.937421         67.445825
rank #0: 2018-10-04 22:43:18,798 LBFGS        PARAM    0011       -316.430083          2.485010        -48.173865          3.842945         67.268813
rank #0: 2018-10-04 22:43:19,982 LBFGS        PARAM    0012       -371.598371          2.512420       -105.974922          3.775906         66.933710
rank #0: 2018-10-04 22:43:21,185 LBFGS        PARAM    0013       -417.104584          2.558274       -189.612380          3.800955         66.601665
rank #0: 2018-10-04 22:43:22,369 LBFGS        PARAM    0014       -410.104902          2.587831       -232.102924          3.911754         66.530562
rank #0: 2018-10-04 22:43:23,573 LBFGS        PARAM    0015       -350.867043          2.574262       -204.385392          4.050265         66.435721
rank #0: 2018-10-04 22:43:24,756 LBFGS        PARAM    0016       -357.041449          2.580229       -206.962764          4.064968         66.430978
rank #0: 2018-10-04 22:43:25,960 LBFGS        PARAM    0017       -360.934904          2.583235       -208.163510          4.063483         66.430353
rank #0: 2018-10-04 22:43:27,157 LBFGS        PARAM    0018       -361.120081          2.583269       -208.038387          4.062229         66.430346
rank #0: 2018-10-04 22:43:28,349 LBFGS        PARAM    0019       -361.125684          2.583258       -207.998683          4.061991         66.430346
rank #0: 2018-10-04 22:43:29,564 LBFGS        PARAM    0020       -361.125295          2.583258       -207.998100          4.061993         66.430346
rank #0: 2018-10-04 22:43:30,755 LBFGS        PARAM    0021       -361.125307          2.583258       -207.998080          4.061993         66.430346
rank #0: 2018-10-04 22:43:32,103 LBFGS        PARAM    0022       -361.125307          2.583258       -207.998080          4.061993         66.430346
rank #0: 2018-10-04 22:43:33,815 LBFGS        PARAM    0023       -361.125307          2.583258       -207.998080          4.061993         66.430346
rank #0: 2018-10-04 22:43:33,816 LBFGS        INFO     LBFGS iteration 23: the descent direction does not have a sufficient projection (cos(theta)=-4.60e-02, theta=92.6349) into the gradient; using steepest descent at this step!
rank #0: 2018-10-04 22:43:58,593 LBFGS        INFO     Linesearch failed in both LBFGS and gradient directions
rank #0: 2018-10-04 22:43:58,594 LBFGS        PARAM    0023       -361.125307          2.583258       -207.998080          4.061993         66.430346
rank #0: 2018-10-04 22:43:58,595 rsdfit.lbfgs_fitter WARNING  ...LBFGS optimization finished. Time elapsed: 0:00:53.22
rank #0: 2018-10-04 22:43:58,595 rsdfit.lbfgs_fitter ERROR    nonlinear fit with method L-BFGS-B failed: Linesearch failed in both LBFGS and gradient directions
rank #0: 2018-10-04 22:43:58,596 rsdfit.fitting_driver INFO     rank 20 on nid01842     ...fitting complete
rank #0: 2018-10-04 22:43:58,600 rsdfit.fitting_driver INFO     rank 20 on nid01842     Saving the results to `/global/cscratch1/sd/nhand/eBOSS/fits/results/mocks/ezmock/v1.8e-fph/0.005-0.3/basemodel-N-fnl/0.8-2.2/QSO-S-0193-P0+P2-mock-cov-98e9a706c6/2018-10-04_nlopt_23i_chain0__1.npz`
rank #0: 2018-10-04 22:43:58,666 pyRSD.analysis.lbfgs_results INFO     
minimum chi2 = 66.4303455264

Free parameters [ mean ]
_______________
N              : -361.125306647
b1             : 2.58325817191
f_nl           : -207.998079889
sigma_fog      : 4.06199343051

Constrained parameters [ mean ]
_________________________
b1sigma8       : 0.935742668727
