rank #0: 2018-10-08 10:15:46,850 rsdfit.fitting_driver INFO     rank 54 on nid00696     Calling the 'nlopt' solve function
rank #0: 2018-10-08 10:15:46,851 rsdfit.lbfgs_fitter INFO     running LBFGS for 500 iterations and then stopping
rank #0: 2018-10-08 10:15:46,851 rsdfit.lbfgs_fitter INFO     running LBFGS minimizer with priors
rank #0: 2018-10-08 10:15:46,852 root         INFO     Iter           N          b1        f_nl   sigma_fog   F(X)     
rank #0: 2018-10-08 10:15:46,853 rsdfit.lbfgs_fitter INFO     computing gradient using numerical derivative of lnlike()
rank #0: 2018-10-08 10:15:48,039 LBFGS        INFO     options = {'factr': 100000.0, 'gtol': 1e-05, 'max_iter': 500, 'test_convergence': False}
rank #0: 2018-10-08 10:15:48,040 LBFGS        PARAM    0000          0.000000          2.000000          0.000000          4.000000        128.711960
rank #0: 2018-10-08 10:15:49,429 LBFGS        PARAM    0001        131.193775          2.204248          1.593851          3.922653         99.759863
rank #0: 2018-10-08 10:15:50,659 LBFGS        PARAM    0002         76.339323          2.578966          7.710345          3.884835         84.722379
rank #0: 2018-10-08 10:15:51,911 LBFGS        PARAM    0003         36.726335          2.508096          6.992686          3.986122         82.898233
rank #0: 2018-10-08 10:15:53,140 LBFGS        PARAM    0004        -14.505739          2.521420          7.968244          4.061353         82.059903
rank #0: 2018-10-08 10:15:53,141 LBFGS        INFO     LBFGS iteration 4: the descent direction does not have a sufficient projection (cos(theta)=-8.45e-01, theta=147.6907) into the gradient; using steepest descent at this step!
rank #0: 2018-10-08 10:15:54,517 LBFGS        PARAM    0005       -218.102463          2.574265         10.530099          4.159886         80.487495
rank #0: 2018-10-08 10:15:55,915 LBFGS        PARAM    0006       -240.110592          2.603000         11.135361          4.142426         80.351144
rank #0: 2018-10-08 10:15:57,149 LBFGS        PARAM    0007       -273.015500          2.608371         11.238817          4.133961         80.310518
rank #0: 2018-10-08 10:15:58,391 LBFGS        PARAM    0008       -295.550276          2.610476         10.761597          4.080208         80.267866
rank #0: 2018-10-08 10:15:59,642 LBFGS        PARAM    0009       -350.800228          2.612918          8.273058          3.852662         80.176283
rank #0: 2018-10-08 10:16:00,875 LBFGS        PARAM    0010       -348.680822          2.612025          6.561977          3.808642         80.168481
rank #0: 2018-10-08 10:16:02,123 LBFGS        PARAM    0011       -347.658615          2.611943          6.263094          3.807689         80.168320
rank #0: 2018-10-08 10:16:03,346 LBFGS        PARAM    0012       -347.284905          2.612143          5.893949          3.808545         80.168192
rank #0: 2018-10-08 10:16:04,581 LBFGS        PARAM    0013       -347.904932          2.612726          5.387960          3.811007         80.168071
rank #0: 2018-10-08 10:16:05,846 LBFGS        PARAM    0014       -348.340566          2.612918          5.307163          3.811897         80.168061
rank #0: 2018-10-08 10:16:07,071 LBFGS        PARAM    0015       -348.388529          2.612928          5.313529          3.811967         80.168061
rank #0: 2018-10-08 10:16:08,318 LBFGS        PARAM    0016       -348.391663          2.612927          5.315876          3.811965         80.168061
rank #0: 2018-10-08 10:16:09,545 LBFGS        PARAM    0017       -348.391615          2.612927          5.316042          3.811964         80.168061
rank #0: 2018-10-08 10:16:10,790 LBFGS        PARAM    0018       -348.391609          2.612927          5.316043          3.811964         80.168061
rank #0: 2018-10-08 10:16:12,303 LBFGS        PARAM    0019       -348.391609          2.612927          5.316043          3.811964         80.168061
rank #0: 2018-10-08 10:17:04,333 LBFGS        INFO     Linesearch failed in both LBFGS and gradient directions
rank #0: 2018-10-08 10:17:04,335 LBFGS        PARAM    0019       -348.391609          2.612927          5.316043          3.811964         80.168061
rank #0: 2018-10-08 10:17:04,336 rsdfit.lbfgs_fitter WARNING  ...LBFGS optimization finished. Time elapsed: 0:01:16.30
rank #0: 2018-10-08 10:17:04,337 rsdfit.lbfgs_fitter ERROR    nonlinear fit with method L-BFGS-B failed: Linesearch failed in both LBFGS and gradient directions
rank #0: 2018-10-08 10:17:04,338 rsdfit.fitting_driver INFO     rank 54 on nid00696     ...fitting complete
rank #0: 2018-10-08 10:17:04,343 rsdfit.fitting_driver INFO     rank 54 on nid00696     Saving the results to `/global/cscratch1/sd/nhand/eBOSS/fits/results/mocks/ezmock/v1.8e-fph/0.0001-0.3/basemodel-N-fnl/0.8-2.2/QSO-S-0674-P0+P2-mock-cov-98e9a706c6/2018-10-08_nlopt_19i_chain0__1.npz`
rank #0: 2018-10-08 10:17:04,450 pyRSD.analysis.lbfgs_results INFO     
minimum chi2 = 80.1680609594

Free parameters [ mean ]
_______________
N              : -348.391608699
b1             : 2.61292731879
f_nl           : 5.31604293758
sigma_fog      : 3.81196377414

Constrained parameters [ mean ]
_________________________
b1sigma8       : 0.946489827872
