rank #0: 2018-12-30 15:49:08,788 rsdfit.fitting_driver INFO     rank 32 on nid00554     Calling the 'nlopt' solve function
rank #0: 2018-12-30 15:49:08,789 rsdfit.lbfgs_fitter INFO     running LBFGS for 500 iterations and then stopping
rank #0: 2018-12-30 15:49:08,790 rsdfit.lbfgs_fitter INFO     running LBFGS minimizer with priors
rank #0: 2018-12-30 15:49:08,790 root         INFO     Iter           N          b1        f_nl   sigma_fog   F(X)     
rank #0: 2018-12-30 15:49:08,790 rsdfit.lbfgs_fitter INFO     computing gradient using numerical derivative of lnlike()
rank #0: 2018-12-30 15:49:09,412 LBFGS        INFO     options = {'factr': 100000.0, 'gtol': 1e-05, 'max_iter': 500, 'test_convergence': False}
rank #0: 2018-12-30 15:49:09,413 LBFGS        PARAM    0000          0.000000          2.000000          0.000000          4.000000        111.417091
rank #0: 2018-12-30 15:49:10,104 LBFGS        PARAM    0001         -8.602815          2.069184          1.248328          4.001657         98.145297
rank #0: 2018-12-30 15:49:10,746 LBFGS        PARAM    0002       -175.037378          2.253201          5.444886          4.096885         80.273468
rank #0: 2018-12-30 15:49:11,387 LBFGS        PARAM    0003       -300.701031          2.276446          5.770212          4.180323         75.727394
rank #0: 2018-12-30 15:49:12,009 LBFGS        PARAM    0004       -453.612311          2.292765          3.781867          4.259082         73.572482
rank #0: 2018-12-30 15:49:12,650 LBFGS        PARAM    0005       -460.667364          2.295711          2.670145          4.247219         73.519187
rank #0: 2018-12-30 15:49:13,290 LBFGS        PARAM    0006       -495.446970          2.306221         -6.374338          4.134354         73.298637
rank #0: 2018-12-30 15:49:13,911 LBFGS        PARAM    0007       -497.688338          2.304729         -7.395584          4.099284         73.289689
rank #0: 2018-12-30 15:49:14,560 LBFGS        PARAM    0008       -498.271253          2.304760         -7.411945          4.095219         73.289563
rank #0: 2018-12-30 15:49:15,208 LBFGS        PARAM    0009       -498.835004          2.304735         -7.334896          4.092399         73.289502
rank #0: 2018-12-30 15:49:17,025 LBFGS        PARAM    0010       -499.043522          2.304688         -7.244689          4.091768         73.289486
rank #0: 2018-12-30 15:49:17,651 LBFGS        PARAM    0011       -499.031033          2.304678         -7.233505          4.091866         73.289485
rank #0: 2018-12-30 15:49:18,298 LBFGS        PARAM    0012       -499.027251          2.304677         -7.233203          4.091885         73.289485
rank #0: 2018-12-30 15:49:18,948 LBFGS        PARAM    0013       -499.026979          2.304677         -7.233231          4.091886         73.289485
rank #0: 2018-12-30 15:49:19,577 LBFGS        PARAM    0014       -499.026975          2.304677         -7.233233          4.091886         73.289485
rank #0: 2018-12-30 15:49:20,298 LBFGS        PARAM    0015       -499.026975          2.304677         -7.233233          4.091886         73.289485
rank #0: 2018-12-30 15:49:20,299 LBFGS        INFO     LBFGS iteration 15: the descent direction does not have a sufficient projection (cos(theta)=-1.42e-01, theta=98.1392) into the gradient; using steepest descent at this step!
rank #0: 2018-12-30 15:49:20,938 LBFGS        PARAM    0016       -499.026984          2.304677         -7.233233          4.091886         73.289485
rank #0: 2018-12-30 15:49:36,208 LBFGS        PARAM    0017       -499.026982          2.304677         -7.233233          4.091886         73.289485
rank #0: 2018-12-30 15:49:51,750 LBFGS        PARAM    0018       -499.026982          2.304677         -7.233233          4.091886         73.289485
rank #0: 2018-12-30 15:50:19,053 LBFGS        INFO     Linesearch failed in both LBFGS and gradient directions
rank #0: 2018-12-30 15:50:19,054 LBFGS        PARAM    0018       -499.026982          2.304677         -7.233233          4.091886         73.289485
rank #0: 2018-12-30 15:50:19,055 rsdfit.lbfgs_fitter WARNING  ...LBFGS optimization finished. Time elapsed: 0:01:09.64
rank #0: 2018-12-30 15:50:19,055 rsdfit.lbfgs_fitter ERROR    nonlinear fit with method L-BFGS-B failed: Linesearch failed in both LBFGS and gradient directions
rank #0: 2018-12-30 15:50:19,056 rsdfit.fitting_driver INFO     rank 32 on nid00554     ...fitting complete
rank #0: 2018-12-30 15:50:19,059 rsdfit.fitting_driver INFO     rank 32 on nid00554     Saving the results to `/global/cscratch1/sd/nhand/eBOSS/fits/results/mocks/ezmock/v1.8e-fph/0.0001-0.3/basemodel-N-fnl/0.8-2.2/QSO-N-0303-P0+P2-mock-cov-280ed9f5b7/2018-12-30_nlopt_18i_chain0__1.npz`
rank #0: 2018-12-30 15:50:19,733 pyRSD.analysis.lbfgs_results INFO     
minimum chi2 = 73.2894854084

Free parameters [ mean ]
_______________
N              : -499.02698219
b1             : 2.30467695465
f_nl           : -7.23323299287
sigma_fog      : 4.09188625354

Constrained parameters [ mean ]
_________________________
b1sigma8       : 0.917983276833
