rank #0: 2018-07-15 20:14:15,548 rsdfit.fitting_driver INFO     rank 48 on nid00568     Calling the 'nlopt' solve function
rank #0: 2018-07-15 20:14:15,549 rsdfit.lbfgs_fitter INFO     running LBFGS for 500 iterations and then stopping
rank #0: 2018-07-15 20:14:15,549 rsdfit.lbfgs_fitter INFO     running LBFGS minimizer with priors
rank #0: 2018-07-15 20:14:15,550 root         INFO     Iter           N          b1        f_nl   sigma_fog   F(X)     
rank #0: 2018-07-15 20:14:16,124 LBFGS        INFO     options = {'factr': 100000.0, 'gtol': 1e-05, 'max_iter': 500, 'test_convergence': False}
rank #0: 2018-07-15 20:14:16,125 LBFGS        PARAM    0000          0.000000          2.000000          0.000000          4.000000        134.607400
rank #0: 2018-07-15 20:14:16,769 LBFGS        PARAM    0001         61.756412          2.152550          1.334786          3.974146        104.976729
rank #0: 2018-07-15 20:14:17,361 LBFGS        PARAM    0002        -39.186578          2.479427          7.386779          4.068749         81.919326
rank #0: 2018-07-15 20:14:17,955 LBFGS        PARAM    0003       -166.627075          2.481352          8.563586          4.184684         76.251076
rank #0: 2018-07-15 20:14:18,547 LBFGS        PARAM    0004       -461.319358          2.559163         13.618455          4.452486         71.700681
rank #0: 2018-07-15 20:14:19,128 LBFGS        PARAM    0005       -451.016933          2.551774         15.758760          4.445476         71.636501
rank #0: 2018-07-15 20:14:19,723 LBFGS        PARAM    0006       -421.260448          2.530129         29.278127          4.431002         71.409804
rank #0: 2018-07-15 20:14:20,318 LBFGS        PARAM    0007       -414.536483          2.522730         43.457525          4.429242         71.287201
rank #0: 2018-07-15 20:14:20,897 LBFGS        PARAM    0008       -431.184753          2.529608         44.657317          4.415305         71.265263
rank #0: 2018-07-15 20:14:21,491 LBFGS        PARAM    0009       -436.120853          2.531283         44.129229          4.412970         71.264428
rank #0: 2018-07-15 20:14:22,085 LBFGS        PARAM    0010       -436.327280          2.531182         44.224107          4.411201         71.264387
rank #0: 2018-07-15 20:14:22,678 LBFGS        PARAM    0011       -437.077810          2.531071         44.236604          4.406114         71.264342
rank #0: 2018-07-15 20:14:23,253 LBFGS        PARAM    0012       -437.097737          2.531061         44.245043          4.406245         71.264341
rank #0: 2018-07-15 20:14:23,846 LBFGS        PARAM    0013       -437.092562          2.531064         44.244178          4.406242         71.264341
rank #0: 2018-07-15 20:14:24,439 LBFGS        PARAM    0014       -437.092371          2.531064         44.244279          4.406241         71.264341
rank #0: 2018-07-15 20:14:25,019 LBFGS        PARAM    0015       -437.092337          2.531064         44.244304          4.406241         71.264341
rank #0: 2018-07-15 20:14:25,681 LBFGS        PARAM    0016       -437.092342          2.531064         44.244304          4.406241         71.264341
rank #0: 2018-07-15 20:14:51,371 LBFGS        INFO     Linesearch failed in both LBFGS and gradient directions
rank #0: 2018-07-15 20:14:51,372 LBFGS        PARAM    0016       -437.092342          2.531064         44.244304          4.406241         71.264341
rank #0: 2018-07-15 20:14:51,373 rsdfit.lbfgs_fitter WARNING  ...LBFGS optimization finished. Time elapsed: 0:00:35.25
rank #0: 2018-07-15 20:14:51,374 rsdfit.lbfgs_fitter ERROR    nonlinear fit with method L-BFGS-B failed: Linesearch failed in both LBFGS and gradient directions
rank #0: 2018-07-15 20:14:51,375 rsdfit.fitting_driver INFO     rank 48 on nid00568     ...fitting complete
rank #0: 2018-07-15 20:14:51,380 rsdfit.fitting_driver INFO     rank 48 on nid00568     Saving the results to `/global/cscratch1/sd/nhand/eBOSS/fits/results/mocks/ezmock/v1.8e-fph/0.0001-0.3/basemodel-N-fnl/0.8-2.2/QSO-N-0457-P0+P2-mock-cov-f224d44da7/2018-07-15_nlopt_16i_chain0__1.npz`
rank #0: 2018-07-15 20:14:51,408 pyRSD.analysis.lbfgs_results INFO     
minimum chi2 = 71.2643414739

Free parameters [ mean ]
_______________
N              : -437.092342435
b1             : 2.53106422423
f_nl           : 44.2443042453
sigma_fog      : 4.40624140584

Constrained parameters [ mean ]
_________________________
b1sigma8       : 0.916836271982
