rank #0: 2019-02-16 12:49:35,542 rsdfit.fitting_driver INFO     rank 12 on nid01064     Calling the 'nlopt' solve function
rank #0: 2019-02-16 12:49:35,543 rsdfit.lbfgs_fitter INFO     running LBFGS for 500 iterations and then stopping
rank #0: 2019-02-16 12:49:35,544 rsdfit.lbfgs_fitter INFO     running LBFGS minimizer with priors
rank #0: 2019-02-16 12:49:35,545 root         INFO     Iter           N          b1        f_nl   sigma_fog   F(X)     
rank #0: 2019-02-16 12:49:35,546 rsdfit.lbfgs_fitter INFO     computing gradient using numerical derivative of lnlike()
rank #0: 2019-02-16 12:49:36,110 LBFGS        INFO     options = {'factr': 100000.0, 'gtol': 1e-05, 'max_iter': 500, 'test_convergence': False}
rank #0: 2019-02-16 12:49:36,111 LBFGS        PARAM    0000          0.000000          2.000000          0.000000          4.000000         91.199685
rank #0: 2019-02-16 12:49:36,750 LBFGS        PARAM    0001        -11.865209          2.051495          1.228822          4.011836         84.185064
rank #0: 2019-02-16 12:49:37,327 LBFGS        PARAM    0002       -156.438846          2.189042          5.984434          4.133514         73.616388
rank #0: 2019-02-16 12:49:37,905 LBFGS        PARAM    0003       -269.933131          2.213599          7.962960          4.236039         70.796791
rank #0: 2019-02-16 12:49:38,481 LBFGS        PARAM    0004       -344.377137          2.215792          9.901114          4.325211         70.042590
rank #0: 2019-02-16 12:49:39,058 LBFGS        PARAM    0005       -343.805297          2.216429         10.451137          4.334375         70.027430
rank #0: 2019-02-16 12:49:39,636 LBFGS        PARAM    0006       -321.348878          2.215227         18.189650          4.453192         69.895272
rank #0: 2019-02-16 12:49:40,217 LBFGS        PARAM    0007       -304.780089          2.208965         22.587918          4.495372         69.855063
rank #0: 2019-02-16 12:49:40,798 LBFGS        PARAM    0008       -297.859280          2.203364         25.879899          4.492686         69.835836
rank #0: 2019-02-16 12:49:41,380 LBFGS        PARAM    0009       -297.200089          2.199628         28.298218          4.471451         69.826190
rank #0: 2019-02-16 12:49:41,965 LBFGS        PARAM    0010       -300.966839          2.198297         29.919350          4.445342         69.820524
rank #0: 2019-02-16 12:49:42,549 LBFGS        PARAM    0011       -306.317604          2.199479         30.502681          4.429220         69.818429
rank #0: 2019-02-16 12:49:43,129 LBFGS        PARAM    0012       -306.518492          2.199463         30.331495          4.427743         69.818392
rank #0: 2019-02-16 12:49:43,708 LBFGS        PARAM    0013       -306.567243          2.199468         30.312882          4.427492         69.818391
rank #0: 2019-02-16 12:49:44,286 LBFGS        PARAM    0014       -306.567564          2.199468         30.312761          4.427491         69.818391
rank #0: 2019-02-16 12:49:44,864 LBFGS        PARAM    0015       -306.567566          2.199468         30.312745          4.427492         69.818391
rank #0: 2019-02-16 12:49:45,508 LBFGS        PARAM    0016       -306.567566          2.199468         30.312745          4.427492         69.818391
rank #0: 2019-02-16 12:49:59,250 LBFGS        PARAM    0017       -306.567567          2.199468         30.312745          4.427492         69.818391
rank #0: 2019-02-16 12:50:23,530 LBFGS        INFO     Linesearch failed in both LBFGS and gradient directions
rank #0: 2019-02-16 12:50:23,532 LBFGS        PARAM    0017       -306.567567          2.199468         30.312745          4.427492         69.818391
rank #0: 2019-02-16 12:50:23,533 rsdfit.lbfgs_fitter WARNING  ...LBFGS optimization finished. Time elapsed: 0:00:47.42
rank #0: 2019-02-16 12:50:23,534 rsdfit.lbfgs_fitter ERROR    nonlinear fit with method L-BFGS-B failed: Linesearch failed in both LBFGS and gradient directions
rank #0: 2019-02-16 12:50:23,536 rsdfit.fitting_driver INFO     rank 12 on nid01064     ...fitting complete
rank #0: 2019-02-16 12:50:23,540 rsdfit.fitting_driver INFO     rank 12 on nid01064     Saving the results to `/global/cscratch1/sd/nhand/eBOSS/fits/results/mocks/ezmock/v1.8e-fph/0.005-0.3/basemodel-N-fnl/0.8-2.2/QSO-N-0957-P0+P2-mock-cov-20503beeef/2019-02-16_nlopt_17i_chain0__1.npz`
rank #0: 2019-02-16 12:50:23,547 pyRSD.analysis.lbfgs_results INFO     
minimum chi2 = 69.81839139129174

Free parameters [ mean ]
_______________
N              : -306.5675665534623
b1             : 2.1994684150457586
f_nl           : 30.312745237172
sigma_fog      : 4.4274916343351105

Constrained parameters [ mean ]
_________________________
b1sigma8       : 0.8760773256580544
