rank #0: 2018-06-24 14:11:07,832 rsdfit.fitting_driver INFO     rank 62 on nid00539     Calling the 'nlopt' solve function
rank #0: 2018-06-24 14:11:07,833 rsdfit.lbfgs_fitter INFO     running LBFGS for 500 iterations and then stopping
rank #0: 2018-06-24 14:11:07,833 rsdfit.lbfgs_fitter INFO     running LBFGS minimizer with priors
rank #0: 2018-06-24 14:11:07,833 root         INFO     Iter           N          b1        f_nl   sigma_fog   F(X)     
rank #0: 2018-06-24 14:11:08,425 LBFGS        INFO     options = {'factr': 100000.0, 'gtol': 1e-05, 'max_iter': 500, 'test_convergence': False}
rank #0: 2018-06-24 14:11:08,426 LBFGS        PARAM    0000          0.000000          2.000000          0.000000          4.000000        112.767987
rank #0: 2018-06-24 14:11:09,098 LBFGS        PARAM    0001         90.369681          2.141543          2.758835          3.940232         89.937527
rank #0: 2018-06-24 14:11:09,697 LBFGS        PARAM    0002         54.668513          2.420688         11.142276          3.881804         76.062429
rank #0: 2018-06-24 14:11:10,305 LBFGS        PARAM    0003         27.093642          2.381110         11.683745          3.945514         75.030377
rank #0: 2018-06-24 14:11:10,910 LBFGS        PARAM    0004        -12.884281          2.384824         14.053015          4.003024         74.406074
rank #0: 2018-06-24 14:11:10,911 LBFGS        INFO     LBFGS iteration 4: the descent direction does not have a sufficient projection (cos(theta)=-8.58e-01, theta=149.1316) into the gradient; using steepest descent at this step!
rank #0: 2018-06-24 14:11:11,568 LBFGS        PARAM    0005       -114.914167          2.416925         18.102618          4.044753         73.410845
rank #0: 2018-06-24 14:11:12,174 LBFGS        PARAM    0006       -197.942715          2.449442         25.021011          4.017883         73.106448
rank #0: 2018-06-24 14:11:12,846 LBFGS        PARAM    0007       -221.211167          2.441684         26.639545          4.007719         73.052333
rank #0: 2018-06-24 14:11:13,435 LBFGS        PARAM    0008       -220.940803          2.439249         27.845637          3.985357         73.021337
rank #0: 2018-06-24 14:11:14,040 LBFGS        PARAM    0009       -225.860501          2.414470         45.579532          3.746086         72.843322
rank #0: 2018-06-24 14:11:14,647 LBFGS        PARAM    0010       -216.476427          2.413174         46.191682          3.780631         72.839516
rank #0: 2018-06-24 14:11:15,252 LBFGS        PARAM    0011       -213.517872          2.412546         46.774292          3.792522         72.839162
rank #0: 2018-06-24 14:11:15,842 LBFGS        PARAM    0012       -213.506710          2.412561         46.747688          3.792654         72.839162
rank #0: 2018-06-24 14:11:16,448 LBFGS        PARAM    0013       -213.510154          2.412561         46.749184          3.792637         72.839162
rank #0: 2018-06-24 14:11:17,057 LBFGS        PARAM    0014       -213.510193          2.412561         46.749183          3.792637         72.839162
rank #0: 2018-06-24 14:11:17,649 LBFGS        PARAM    0015       -213.510204          2.412561         46.749181          3.792637         72.839162
rank #0: 2018-06-24 14:11:43,522 LBFGS        INFO     Linesearch failed in both LBFGS and gradient directions
rank #0: 2018-06-24 14:11:43,523 LBFGS        PARAM    0015       -213.510204          2.412561         46.749181          3.792637         72.839162
rank #0: 2018-06-24 14:11:43,524 rsdfit.lbfgs_fitter WARNING  ...LBFGS optimization finished. Time elapsed: 0:00:35.10
rank #0: 2018-06-24 14:11:43,524 rsdfit.lbfgs_fitter ERROR    nonlinear fit with method L-BFGS-B failed: Linesearch failed in both LBFGS and gradient directions
rank #0: 2018-06-24 14:11:43,525 rsdfit.fitting_driver INFO     rank 62 on nid00539     ...fitting complete
rank #0: 2018-06-24 14:11:43,529 rsdfit.fitting_driver INFO     rank 62 on nid00539     Saving the results to `/global/cscratch1/sd/nhand/eBOSS/fits/results/mocks/ezmock/v1.8e-fph/0.005-0.3/basemodel-N-fnl/0.8-2.2/QSO-S-0183-P0+P2-mock-cov-1ab4f6001f/2018-06-24_nlopt_15i_chain0__1.npz`
rank #0: 2018-06-24 14:11:43,557 pyRSD.analysis.lbfgs_results INFO     
minimum chi2 = 72.8391620331

Free parameters [ mean ]
_______________
N              : -213.510204484
b1             : 2.41256052995
f_nl           : 46.749181249
sigma_fog      : 3.79263665214

Constrained parameters [ mean ]
_________________________
b1sigma8       : 0.904433498523
