rank #0: 2017-11-27 21:41:34,155 rsdfit.fitting_driver INFO     rank 202 on nid00533     Calling the 'nlopt' solve function
rank #0: 2017-11-27 21:41:34,155 rsdfit.lbfgs_fitter INFO     running LBFGS for 500 iterations and then stopping
rank #0: 2017-11-27 21:41:34,155 rsdfit.lbfgs_fitter INFO     running LBFGS minimizer with priors
rank #0: 2017-11-27 21:41:34,156 root         INFO     Iter           N          b1           f    sigma8_z   sigma_fog   F(X)     
rank #0: 2017-11-27 21:41:34,773 LBFGS        INFO     options = {'factr': 100000.0, 'gtol': 1e-05, 'max_iter': 500, 'test_convergence': False}
rank #0: 2017-11-27 21:41:34,774 LBFGS        PARAM    0000          0.000000          2.000000          0.930924          0.397985          4.000000         73.085430
rank #0: 2017-11-27 21:41:35,455 LBFGS        PARAM    0001          0.032968          2.001869          0.930964          0.399157          4.000462         72.415549
rank #0: 2017-11-27 21:41:36,078 LBFGS        PARAM    0002        -11.053150          2.046049          0.930738          0.423068          4.036167         66.225023
rank #0: 2017-11-27 21:41:36,702 LBFGS        PARAM    0003        -18.120580          2.042812          0.929835          0.419439          4.053047         65.877236
rank #0: 2017-11-27 21:41:37,323 LBFGS        PARAM    0004        -33.411131          2.046339          0.928135          0.417758          4.091188         65.563272
rank #0: 2017-11-27 21:41:37,945 LBFGS        PARAM    0005       -135.603034          2.079115          0.916833          0.411692          4.348700         64.101525
rank #0: 2017-11-27 21:41:38,568 LBFGS        PARAM    0006       -238.507679          2.120468          0.904784          0.409439          4.615683         63.047932
rank #0: 2017-11-27 21:41:39,190 LBFGS        PARAM    0007       -263.409660          2.175235          0.886111          0.408534          4.804689         62.382033
rank #0: 2017-11-27 21:41:39,811 LBFGS        PARAM    0008       -257.048510          2.186791          0.881763          0.408086          4.824491         62.344835
rank #0: 2017-11-27 21:41:40,433 LBFGS        PARAM    0009       -246.022532          2.196329          0.877790          0.407143          4.829979         62.315917
rank #0: 2017-11-27 21:41:41,060 LBFGS        PARAM    0010       -216.561556          2.219773          0.867636          0.403841          4.831573         62.252045
rank #0: 2017-11-27 21:41:41,684 LBFGS        PARAM    0011       -208.021806          2.255482          0.853623          0.398107          4.777168         62.143487
rank #0: 2017-11-27 21:41:42,307 LBFGS        PARAM    0012       -219.496582          2.332199          0.824738          0.385465          4.590401         61.992705
rank #0: 2017-11-27 21:41:42,930 LBFGS        PARAM    0013       -240.678234          2.348099          0.819573          0.383129          4.506834         61.934946
rank #0: 2017-11-27 21:41:43,552 LBFGS        PARAM    0014       -325.637419          2.392254          0.805451          0.378245          4.239742         61.797662
rank #0: 2017-11-27 21:41:44,178 LBFGS        PARAM    0015       -343.359972          2.413362          0.796008          0.376594          4.190159         61.770283
rank #0: 2017-11-27 21:41:44,800 LBFGS        PARAM    0016       -350.243969          2.434390          0.786554          0.374615          4.163289         61.761981
rank #0: 2017-11-27 21:41:45,421 LBFGS        PARAM    0017       -349.455160          2.437096          0.785323          0.374314          4.160714         61.761837
rank #0: 2017-11-27 21:41:46,042 LBFGS        PARAM    0018       -349.122498          2.437195          0.785265          0.374301          4.160657         61.761835
rank #0: 2017-11-27 21:41:46,663 LBFGS        PARAM    0019       -349.095377          2.437190          0.785267          0.374301          4.160647         61.761835
rank #0: 2017-11-27 21:41:47,286 LBFGS        PARAM    0020       -349.093507          2.437187          0.785268          0.374301          4.160652         61.761835
rank #0: 2017-11-27 21:41:48,081 LBFGS        PARAM    0021       -349.093511          2.437187          0.785268          0.374301          4.160652         61.761835
rank #0: 2017-11-27 21:41:49,107 LBFGS        PARAM    0022       -349.093512          2.437187          0.785268          0.374301          4.160652         61.761835
rank #0: 2017-11-27 21:41:49,962 LBFGS        PARAM    0023       -349.093516          2.437187          0.785268          0.374301          4.160652         61.761835
rank #0: 2017-11-27 21:42:12,821 LBFGS        INFO     Linesearch failed in both LBFGS and gradient directions
rank #0: 2017-11-27 21:42:12,821 LBFGS        PARAM    0023       -349.093516          2.437187          0.785268          0.374301          4.160652         61.761835
rank #0: 2017-11-27 21:42:12,822 rsdfit.lbfgs_fitter WARNING  ...LBFGS optimization finished. Time elapsed: 0:00:38.05
rank #0: 2017-11-27 21:42:12,822 rsdfit.lbfgs_fitter ERROR    nonlinear fit with method L-BFGS-B failed: Linesearch failed in both LBFGS and gradient directions
rank #0: 2017-11-27 21:42:12,822 rsdfit.fitting_driver INFO     rank 202 on nid00533     ...fitting complete
rank #0: 2017-11-27 21:42:12,825 rsdfit.fitting_driver INFO     rank 202 on nid00533     Saving the results to `/global/cscratch1/sd/nhand/eBOSS/fits/results/mocks/ezmock/v1.8e-fph/0.0001-0.3/basemodel-fs8-N/0.8-2.2/QSO-S-0651-P0+P2-mock-cov-5d97c0eb2d/2017-11-27_nlopt_23i_chain0__1.npz`
rank #0: 2017-11-27 21:42:12,844 pyRSD.analysis.lbfgs_results INFO     
minimum chi2 = 61.7618350019

Free parameters [ mean ]
_______________
N              : -349.09351595
b1             : 2.4371870699
f              : 0.785268309538
sigma8_z       : 0.374301204158
sigma_fog      : 4.16065189211

Constrained parameters [ mean ]
_________________________
b1sigma8       : 0.912242055022
fsigma8        : 0.293926873848
