rank #0: 2018-10-04 21:42:06,610 rsdfit.fitting_driver INFO     rank 27 on nid01269     Calling the 'nlopt' solve function
rank #0: 2018-10-04 21:42:06,610 rsdfit.lbfgs_fitter INFO     running LBFGS for 500 iterations and then stopping
rank #0: 2018-10-04 21:42:06,611 rsdfit.lbfgs_fitter INFO     running LBFGS minimizer with priors
rank #0: 2018-10-04 21:42:06,611 root         INFO     Iter           N          b1        f_nl   sigma_fog   F(X)     
rank #0: 2018-10-04 21:42:06,611 rsdfit.lbfgs_fitter INFO     computing gradient using numerical derivative of lnlike()
rank #0: 2018-10-04 21:42:07,766 LBFGS        INFO     options = {'factr': 100000.0, 'gtol': 1e-05, 'max_iter': 500, 'test_convergence': False}
rank #0: 2018-10-04 21:42:07,767 LBFGS        PARAM    0000          0.000000          2.000000          0.000000          4.000000        125.830079
rank #0: 2018-10-04 21:42:09,114 LBFGS        PARAM    0001        112.623341          2.206994          1.384843          3.943619         96.220535
rank #0: 2018-10-04 21:42:10,311 LBFGS        PARAM    0002         29.821106          2.605878          6.522622          3.992610         79.494960
rank #0: 2018-10-04 21:42:11,522 LBFGS        PARAM    0003        -10.372839          2.527640          4.732227          4.122289         76.942065
rank #0: 2018-10-04 21:42:12,727 LBFGS        PARAM    0004       -140.893889          2.525527          3.727905          4.312464         75.361218
rank #0: 2018-10-04 21:42:13,925 LBFGS        PARAM    0005       -235.180184          2.579851          3.168612          4.465438         74.043051
rank #0: 2018-10-04 21:42:15,145 LBFGS        PARAM    0006       -318.694629          2.642170         -1.018273          4.534876         73.474434
rank #0: 2018-10-04 21:42:16,344 LBFGS        PARAM    0007       -335.470414          2.651925         -4.374654          4.504887         73.379860
rank #0: 2018-10-04 21:42:17,564 LBFGS        PARAM    0008       -477.762040          2.714511        -38.583790          4.177457         72.730662
rank #0: 2018-10-04 21:42:18,763 LBFGS        PARAM    0009       -577.333540          2.746116        -69.278919          3.936115         72.627583
rank #0: 2018-10-04 21:42:19,963 LBFGS        PARAM    0010       -493.082958          2.711371        -57.060527          4.123562         72.283669
rank #0: 2018-10-04 21:42:21,183 LBFGS        PARAM    0011       -465.221946          2.697978        -61.638452          4.172184         72.162948
rank #0: 2018-10-04 21:42:22,388 LBFGS        PARAM    0012       -444.794636          2.693034        -67.796513          4.222423         72.111497
rank #0: 2018-10-04 21:42:23,615 LBFGS        PARAM    0013       -430.328365          2.695740        -69.494676          4.278663         72.092936
rank #0: 2018-10-04 21:42:24,816 LBFGS        PARAM    0014       -423.822992          2.699397        -69.576274          4.318704         72.088045
rank #0: 2018-10-04 21:42:26,035 LBFGS        PARAM    0015       -424.628621          2.699850        -69.526035          4.319032         72.088008
rank #0: 2018-10-04 21:42:27,232 LBFGS        PARAM    0016       -424.755421          2.699887        -69.514937          4.318764         72.088008
rank #0: 2018-10-04 21:42:28,429 LBFGS        PARAM    0017       -424.760036          2.699888        -69.515267          4.318741         72.088008
rank #0: 2018-10-04 21:42:29,647 LBFGS        PARAM    0018       -424.759810          2.699887        -69.515246          4.318740         72.088008
rank #0: 2018-10-04 21:42:30,981 LBFGS        PARAM    0019       -424.759812          2.699887        -69.515247          4.318740         72.088008
rank #0: 2018-10-04 21:42:32,588 LBFGS        PARAM    0020       -424.759814          2.699887        -69.515248          4.318740         72.088008
rank #0: 2018-10-04 21:42:32,589 LBFGS        INFO     LBFGS iteration 20: the descent direction does not have a sufficient projection (cos(theta)=-5.59e-01, theta=123.9846) into the gradient; using steepest descent at this step!
rank #0: 2018-10-04 21:42:34,474 LBFGS        PARAM    0021       -424.759814          2.699887        -69.515248          4.318740         72.088008
rank #0: 2018-10-04 21:43:27,285 LBFGS        INFO     Linesearch failed in both LBFGS and gradient directions
rank #0: 2018-10-04 21:43:27,286 LBFGS        PARAM    0021       -424.759814          2.699887        -69.515248          4.318740         72.088008
rank #0: 2018-10-04 21:43:27,287 rsdfit.lbfgs_fitter WARNING  ...LBFGS optimization finished. Time elapsed: 0:01:19.52
rank #0: 2018-10-04 21:43:27,287 rsdfit.lbfgs_fitter ERROR    nonlinear fit with method L-BFGS-B failed: Linesearch failed in both LBFGS and gradient directions
rank #0: 2018-10-04 21:43:27,288 rsdfit.fitting_driver INFO     rank 27 on nid01269     ...fitting complete
rank #0: 2018-10-04 21:43:27,291 rsdfit.fitting_driver INFO     rank 27 on nid01269     Saving the results to `/global/cscratch1/sd/nhand/eBOSS/fits/results/mocks/ezmock/v1.8e-fph/0.0001-0.3/basemodel-N-fnl/0.8-2.2/QSO-S-0225-P0+P2-mock-cov-98e9a706c6/2018-10-04_nlopt_21i_chain0__1.npz`
rank #0: 2018-10-04 21:43:27,374 pyRSD.analysis.lbfgs_results INFO     
minimum chi2 = 72.0880075913

Free parameters [ mean ]
_______________
N              : -424.759813747
b1             : 2.69988746062
f_nl           : -69.5152477046
sigma_fog      : 4.31874044796

Constrained parameters [ mean ]
_________________________
b1sigma8       : 0.977989705069
