rank #0: 2018-10-08 10:23:03,803 rsdfit.fitting_driver INFO     rank 40 on nid00696     Calling the 'nlopt' solve function
rank #0: 2018-10-08 10:23:03,804 rsdfit.lbfgs_fitter INFO     running LBFGS for 500 iterations and then stopping
rank #0: 2018-10-08 10:23:03,805 rsdfit.lbfgs_fitter INFO     running LBFGS minimizer with priors
rank #0: 2018-10-08 10:23:03,806 root         INFO     Iter           N          b1        f_nl   sigma_fog   F(X)     
rank #0: 2018-10-08 10:23:03,807 rsdfit.lbfgs_fitter INFO     computing gradient using numerical derivative of lnlike()
rank #0: 2018-10-08 10:23:05,006 LBFGS        INFO     options = {'factr': 100000.0, 'gtol': 1e-05, 'max_iter': 500, 'test_convergence': False}
rank #0: 2018-10-08 10:23:05,008 LBFGS        PARAM    0000          0.000000          2.000000          0.000000          4.000000        108.187612
rank #0: 2018-10-08 10:23:06,380 LBFGS        PARAM    0001        105.682214          2.168651          1.631699          3.931387         87.936520
rank #0: 2018-10-08 10:23:07,635 LBFGS        PARAM    0002         56.519326          2.487587          8.370997          3.875944         76.233739
rank #0: 2018-10-08 10:23:08,866 LBFGS        PARAM    0003         17.789071          2.440592          9.512255          3.949474         75.068777
rank #0: 2018-10-08 10:23:10,097 LBFGS        PARAM    0004        -41.220097          2.446844         12.697724          4.017744         74.283492
rank #0: 2018-10-08 10:23:10,098 LBFGS        INFO     LBFGS iteration 4: the descent direction does not have a sufficient projection (cos(theta)=-8.73e-01, theta=150.7727) into the gradient; using steepest descent at this step!
rank #0: 2018-10-08 10:23:11,481 LBFGS        PARAM    0005       -102.233445          2.468137         15.095999          4.030446         73.648428
rank #0: 2018-10-08 10:23:12,711 LBFGS        PARAM    0006       -279.839370          2.528857         27.665768          3.954671         72.748651
rank #0: 2018-10-08 10:23:14,110 LBFGS        PARAM    0007       -306.861866          2.516842         30.016619          3.921227         72.684110
rank #0: 2018-10-08 10:23:15,346 LBFGS        PARAM    0008       -315.527037          2.516404         32.700998          3.869627         72.613766
rank #0: 2018-10-08 10:23:16,574 LBFGS        PARAM    0009       -333.970194          2.499353         48.467254          3.537406         72.401056
rank #0: 2018-10-08 10:23:17,828 LBFGS        PARAM    0010       -324.380740          2.497706         46.883746          3.560831         72.398262
rank #0: 2018-10-08 10:23:19,059 LBFGS        PARAM    0011       -324.597756          2.497679         47.121298          3.560071         72.398182
rank #0: 2018-10-08 10:23:20,302 LBFGS        PARAM    0012       -323.919812          2.497505         47.346328          3.562384         72.398123
rank #0: 2018-10-08 10:23:21,526 LBFGS        PARAM    0013       -322.998511          2.497333         47.414672          3.565577         72.398105
rank #0: 2018-10-08 10:23:22,749 LBFGS        PARAM    0014       -322.884862          2.497308         47.409687          3.565869         72.398105
rank #0: 2018-10-08 10:23:23,993 LBFGS        PARAM    0015       -322.882321          2.497307         47.408916          3.565870         72.398105
rank #0: 2018-10-08 10:23:25,220 LBFGS        PARAM    0016       -322.882495          2.497307         47.408850          3.565869         72.398105
rank #0: 2018-10-08 10:23:26,469 LBFGS        PARAM    0017       -322.882557          2.497307         47.408846          3.565869         72.398105
rank #0: 2018-10-08 10:23:27,838 LBFGS        PARAM    0018       -322.882553          2.497307         47.408846          3.565869         72.398105
rank #0: 2018-10-08 10:23:57,419 LBFGS        PARAM    0019       -322.882553          2.497307         47.408846          3.565869         72.398105
rank #0: 2018-10-08 10:24:25,851 LBFGS        PARAM    0020       -322.882553          2.497307         47.408846          3.565869         72.398105
rank #0: 2018-10-08 10:24:25,853 LBFGS        INFO     LBFGS iteration 20: the descent direction does not have a sufficient projection (cos(theta)=-5.93e-01, theta=126.3773) into the gradient; using steepest descent at this step!
rank #0: 2018-10-08 10:24:50,060 LBFGS        INFO     Linesearch failed in both LBFGS and gradient directions
rank #0: 2018-10-08 10:24:50,061 LBFGS        PARAM    0020       -322.882553          2.497307         47.408846          3.565869         72.398105
rank #0: 2018-10-08 10:24:50,062 rsdfit.lbfgs_fitter WARNING  ...LBFGS optimization finished. Time elapsed: 0:01:45.06
rank #0: 2018-10-08 10:24:50,064 rsdfit.lbfgs_fitter ERROR    nonlinear fit with method L-BFGS-B failed: Linesearch failed in both LBFGS and gradient directions
rank #0: 2018-10-08 10:24:50,065 rsdfit.fitting_driver INFO     rank 40 on nid00696     ...fitting complete
rank #0: 2018-10-08 10:24:50,069 rsdfit.fitting_driver INFO     rank 40 on nid00696     Saving the results to `/global/cscratch1/sd/nhand/eBOSS/fits/results/mocks/ezmock/v1.8e-fph/0.0001-0.3/basemodel-N-fnl/0.8-2.2/QSO-S-0964-P0+P2-mock-cov-98e9a706c6/2018-10-08_nlopt_20i_chain0__1.npz`
rank #0: 2018-10-08 10:24:50,134 pyRSD.analysis.lbfgs_results INFO     
minimum chi2 = 72.3981046181

Free parameters [ mean ]
_______________
N              : -322.882552644
b1             : 2.49730746409
f_nl           : 47.4088461786
sigma_fog      : 3.56586908684

Constrained parameters [ mean ]
_________________________
b1sigma8       : 0.904608442353
