rank #0: 2018-06-24 13:02:33,153 rsdfit.fitting_driver INFO     rank 36 on nid00546     Calling the 'nlopt' solve function
rank #0: 2018-06-24 13:02:33,154 rsdfit.lbfgs_fitter INFO     running LBFGS for 500 iterations and then stopping
rank #0: 2018-06-24 13:02:33,154 rsdfit.lbfgs_fitter INFO     running LBFGS minimizer with priors
rank #0: 2018-06-24 13:02:33,155 root         INFO     Iter           N          b1        f_nl   sigma_fog   F(X)     
rank #0: 2018-06-24 13:02:33,736 LBFGS        INFO     options = {'factr': 100000.0, 'gtol': 1e-05, 'max_iter': 500, 'test_convergence': False}
rank #0: 2018-06-24 13:02:33,737 LBFGS        PARAM    0000          0.000000          2.000000          0.000000          4.000000         84.384175
rank #0: 2018-06-24 13:02:34,401 LBFGS        PARAM    0001         -2.144826          2.062393          1.447710          4.008087         78.744688
rank #0: 2018-06-24 13:02:35,000 LBFGS        PARAM    0002       -131.568057          2.227163          7.102649          4.136408         70.956966
rank #0: 2018-06-24 13:02:35,584 LBFGS        PARAM    0003       -251.117279          2.262028          9.610515          4.262244         68.602204
rank #0: 2018-06-24 13:02:36,184 LBFGS        PARAM    0004       -379.170182          2.277989         13.089683          4.459858         67.419103
rank #0: 2018-06-24 13:02:36,784 LBFGS        PARAM    0005       -375.233784          2.278949         13.783527          4.480283         67.394654
rank #0: 2018-06-24 13:02:37,368 LBFGS        PARAM    0006       -324.289341          2.276090         20.735407          4.686244         67.259132
rank #0: 2018-06-24 13:02:37,971 LBFGS        PARAM    0007       -314.269146          2.271239         22.437298          4.713400         67.250282
rank #0: 2018-06-24 13:02:38,574 LBFGS        PARAM    0008       -313.166348          2.269924         22.885917          4.715147         67.249630
rank #0: 2018-06-24 13:02:39,177 LBFGS        PARAM    0009       -313.116136          2.269360         23.170397          4.713471         67.249336
rank #0: 2018-06-24 13:02:39,766 LBFGS        PARAM    0010       -313.784764          2.268575         23.828268          4.706756         67.248762
rank #0: 2018-06-24 13:02:40,365 LBFGS        PARAM    0011       -315.019180          2.268711         24.240199          4.699934         67.248444
rank #0: 2018-06-24 13:02:40,967 LBFGS        PARAM    0012       -315.347932          2.268865         24.238694          4.698350         67.248429
rank #0: 2018-06-24 13:02:41,549 LBFGS        PARAM    0013       -315.368577          2.268897         24.223165          4.698347         67.248428
rank #0: 2018-06-24 13:02:42,149 LBFGS        PARAM    0014       -315.366784          2.268901         24.220909          4.698370         67.248428
rank #0: 2018-06-24 13:02:42,750 LBFGS        PARAM    0015       -315.366509          2.268901         24.220876          4.698371         67.248428
rank #0: 2018-06-24 13:02:43,352 LBFGS        PARAM    0016       -315.366515          2.268901         24.220874          4.698371         67.248428
rank #0: 2018-06-24 13:02:43,937 LBFGS        PARAM    0017       -315.366524          2.268901         24.220874          4.698371         67.248428
rank #0: 2018-06-24 13:03:10,082 LBFGS        INFO     Linesearch failed in both LBFGS and gradient directions
rank #0: 2018-06-24 13:03:10,084 LBFGS        PARAM    0017       -315.366524          2.268901         24.220874          4.698371         67.248428
rank #0: 2018-06-24 13:03:10,085 rsdfit.lbfgs_fitter WARNING  ...LBFGS optimization finished. Time elapsed: 0:00:36.35
rank #0: 2018-06-24 13:03:10,085 rsdfit.lbfgs_fitter ERROR    nonlinear fit with method L-BFGS-B failed: Linesearch failed in both LBFGS and gradient directions
rank #0: 2018-06-24 13:03:10,087 rsdfit.fitting_driver INFO     rank 36 on nid00546     ...fitting complete
rank #0: 2018-06-24 13:03:10,090 rsdfit.fitting_driver INFO     rank 36 on nid00546     Saving the results to `/global/cscratch1/sd/nhand/eBOSS/fits/results/mocks/ezmock/v1.8e-fph/0.005-0.3/basemodel-N-fnl/0.8-2.2/QSO-S-0653-P0+P2-mock-cov-8973e9cf3e/2018-06-24_nlopt_17i_chain0__1.npz`
rank #0: 2018-06-24 13:03:10,124 pyRSD.analysis.lbfgs_results INFO     
minimum chi2 = 67.2484284412

Free parameters [ mean ]
_______________
N              : -315.366524302
b1             : 2.26890063278
f_nl           : 24.2208736299
sigma_fog      : 4.6983713355

Constrained parameters [ mean ]
_________________________
b1sigma8       : 0.903733095211
