rank #0: 2019-02-16 14:31:56,959 rsdfit.fitting_driver INFO     rank 25 on nid01132     Calling the 'nlopt' solve function
rank #0: 2019-02-16 14:31:56,960 rsdfit.lbfgs_fitter INFO     running LBFGS for 500 iterations and then stopping
rank #0: 2019-02-16 14:31:56,961 rsdfit.lbfgs_fitter INFO     running LBFGS minimizer with priors
rank #0: 2019-02-16 14:31:56,961 root         INFO     Iter           N          b1        f_nl   sigma_fog   F(X)     
rank #0: 2019-02-16 14:31:56,962 rsdfit.lbfgs_fitter INFO     computing gradient using numerical derivative of lnlike()
rank #0: 2019-02-16 14:31:58,084 LBFGS        INFO     options = {'factr': 100000.0, 'gtol': 1e-05, 'max_iter': 500, 'test_convergence': False}
rank #0: 2019-02-16 14:31:58,085 LBFGS        PARAM    0000          0.000000          2.000000          0.000000          4.000000        141.702260
rank #0: 2019-02-16 14:31:59,356 LBFGS        PARAM    0001         51.928596          2.139924          1.071716          3.954811        113.790798
rank #0: 2019-02-16 14:32:00,502 LBFGS        PARAM    0002        -47.671324          2.442263          5.637281          3.954911         92.219290
rank #0: 2019-02-16 14:32:01,647 LBFGS        PARAM    0003       -162.314360          2.438032          6.002158          4.025541         87.590943
rank #0: 2019-02-16 14:32:02,794 LBFGS        PARAM    0004       -444.855643          2.502081          8.335320          4.162590         83.560261
rank #0: 2019-02-16 14:32:03,941 LBFGS        PARAM    0005       -463.141541          2.505973          8.885250          4.107541         83.450580
rank #0: 2019-02-16 14:32:05,089 LBFGS        PARAM    0006       -557.579159          2.508770         12.427127          3.694062         83.061916
rank #0: 2019-02-16 14:32:06,236 LBFGS        PARAM    0007       -557.110903          2.499593         15.126108          3.635693         83.038663
rank #0: 2019-02-16 14:32:07,387 LBFGS        PARAM    0008       -553.779050          2.498425         16.113274          3.626158         83.034752
rank #0: 2019-02-16 14:32:08,540 LBFGS        PARAM    0009       -549.204611          2.496410         18.545700          3.618547         83.028327
rank #0: 2019-02-16 14:32:09,689 LBFGS        PARAM    0010       -543.712921          2.493077         23.803528          3.614932         83.017858
rank #0: 2019-02-16 14:32:10,835 LBFGS        PARAM    0011       -542.155973          2.490659         29.043585          3.622515         83.009963
rank #0: 2019-02-16 14:32:11,978 LBFGS        PARAM    0012       -544.348150          2.490571         30.548345          3.632972         83.007773
rank #0: 2019-02-16 14:32:13,123 LBFGS        PARAM    0013       -545.149804          2.490865         30.310398          3.636140         83.007658
rank #0: 2019-02-16 14:32:14,275 LBFGS        PARAM    0014       -545.266841          2.490932         30.215827          3.636290         83.007657
rank #0: 2019-02-16 14:32:15,429 LBFGS        PARAM    0015       -545.272365          2.490936         30.208607          3.636274         83.007657
rank #0: 2019-02-16 14:32:16,573 LBFGS        PARAM    0016       -545.272391          2.490936         30.208494          3.636273         83.007657
rank #0: 2019-02-16 14:32:18,232 LBFGS        PARAM    0017       -545.272390          2.490936         30.208494          3.636273         83.007657
rank #0: 2019-02-16 14:32:19,369 LBFGS        PARAM    0018       -545.272389          2.490936         30.208490          3.636273         83.007657
rank #0: 2019-02-16 14:33:09,360 LBFGS        INFO     Linesearch failed in both LBFGS and gradient directions
rank #0: 2019-02-16 14:33:09,361 LBFGS        PARAM    0018       -545.272389          2.490936         30.208490          3.636273         83.007657
rank #0: 2019-02-16 14:33:09,362 rsdfit.lbfgs_fitter WARNING  ...LBFGS optimization finished. Time elapsed: 0:01:11.28
rank #0: 2019-02-16 14:33:09,363 rsdfit.lbfgs_fitter ERROR    nonlinear fit with method L-BFGS-B failed: Linesearch failed in both LBFGS and gradient directions
rank #0: 2019-02-16 14:33:09,364 rsdfit.fitting_driver INFO     rank 25 on nid01132     ...fitting complete
rank #0: 2019-02-16 14:33:09,369 rsdfit.fitting_driver INFO     rank 25 on nid01132     Saving the results to `/global/cscratch1/sd/nhand/eBOSS/fits/results/mocks/ezmock/v1.8e-fph/0.005-0.3/basemodel-N-fnl/0.8-2.2/QSO-N-0497-P0+P2-mock-cov-3574198df7/2019-02-16_nlopt_18i_chain0__1.npz`
rank #0: 2019-02-16 14:33:09,376 pyRSD.analysis.lbfgs_results INFO     
minimum chi2 = 83.00765655748489

Free parameters [ mean ]
_______________
N              : -545.2723892389232
b1             : 2.490935533368771
f_nl           : 30.208489978757992
sigma_fog      : 3.6362726804967913

Constrained parameters [ mean ]
_________________________
b1sigma8       : 0.9023003155355326
