rank #0: 2019-02-16 13:30:16,423 rsdfit.fitting_driver INFO     rank 60 on nid12697     Calling the 'nlopt' solve function
rank #0: 2019-02-16 13:30:16,424 rsdfit.lbfgs_fitter INFO     running LBFGS for 500 iterations and then stopping
rank #0: 2019-02-16 13:30:16,424 rsdfit.lbfgs_fitter INFO     running LBFGS minimizer with priors
rank #0: 2019-02-16 13:30:16,424 root         INFO     Iter           N          b1        f_nl   sigma_fog   F(X)     
rank #0: 2019-02-16 13:30:16,424 rsdfit.lbfgs_fitter INFO     computing gradient using numerical derivative of lnlike()
rank #0: 2019-02-16 13:30:16,997 LBFGS        INFO     options = {'factr': 100000.0, 'gtol': 1e-05, 'max_iter': 500, 'test_convergence': False}
rank #0: 2019-02-16 13:30:16,998 LBFGS        PARAM    0000          0.000000          2.000000          0.000000          4.000000        103.458572
rank #0: 2019-02-16 13:30:17,650 LBFGS        PARAM    0001         -6.025652          2.062501          0.545481          4.003405         93.487454
rank #0: 2019-02-16 13:30:18,236 LBFGS        PARAM    0002       -137.396625          2.212245          2.695415          4.092640         81.194607
rank #0: 2019-02-16 13:30:18,823 LBFGS        PARAM    0003       -250.646585          2.240191          3.549235          4.177500         77.842569
rank #0: 2019-02-16 13:30:19,409 LBFGS        PARAM    0004       -372.405289          2.251325          4.756501          4.265814         76.403311
rank #0: 2019-02-16 13:30:19,996 LBFGS        PARAM    0005       -372.436607          2.252567          5.104227          4.262494         76.397734
rank #0: 2019-02-16 13:30:20,584 LBFGS        PARAM    0006       -373.009748          2.253688          6.118141          4.253268         76.388272
rank #0: 2019-02-16 13:30:21,173 LBFGS        PARAM    0007       -375.543035          2.254442          8.874025          4.229544         76.367995
rank #0: 2019-02-16 13:30:21,763 LBFGS        PARAM    0008       -382.031987          2.253443         15.046241          4.179419         76.329862
rank #0: 2019-02-16 13:30:22,351 LBFGS        PARAM    0009       -390.930105          2.249089         24.405679          4.115846         76.279667
rank #0: 2019-02-16 13:30:22,941 LBFGS        PARAM    0010       -382.582073          2.240904         45.085881          4.118822         76.183605
rank #0: 2019-02-16 13:30:23,531 LBFGS        PARAM    0011       -375.455528          2.227057         58.073615          4.127644         76.143884
rank #0: 2019-02-16 13:30:24,118 LBFGS        PARAM    0012       -370.113797          2.230625         56.384218          4.167457         76.130497
rank #0: 2019-02-16 13:30:24,706 LBFGS        PARAM    0013       -366.899924          2.230822         56.019428          4.182653         76.129648
rank #0: 2019-02-16 13:30:25,292 LBFGS        PARAM    0014       -366.641656          2.230766         55.977692          4.183935         76.129638
rank #0: 2019-02-16 13:30:25,879 LBFGS        PARAM    0015       -366.642251          2.230762         55.968838          4.183955         76.129638
rank #0: 2019-02-16 13:30:26,467 LBFGS        PARAM    0016       -366.643599          2.230762         55.968191          4.183953         76.129638
rank #0: 2019-02-16 13:30:27,057 LBFGS        PARAM    0017       -366.643657          2.230762         55.968156          4.183953         76.129638
rank #0: 2019-02-16 13:30:27,647 LBFGS        PARAM    0018       -366.643672          2.230762         55.968153          4.183952         76.129638
rank #0: 2019-02-16 13:30:53,232 LBFGS        INFO     Linesearch failed in both LBFGS and gradient directions
rank #0: 2019-02-16 13:30:53,233 LBFGS        PARAM    0018       -366.643672          2.230762         55.968153          4.183952         76.129638
rank #0: 2019-02-16 13:30:53,233 rsdfit.lbfgs_fitter WARNING  ...LBFGS optimization finished. Time elapsed: 0:00:36.24
rank #0: 2019-02-16 13:30:53,233 rsdfit.lbfgs_fitter ERROR    nonlinear fit with method L-BFGS-B failed: Linesearch failed in both LBFGS and gradient directions
rank #0: 2019-02-16 13:30:53,234 rsdfit.fitting_driver INFO     rank 60 on nid12697     ...fitting complete
rank #0: 2019-02-16 13:30:53,254 rsdfit.fitting_driver INFO     rank 60 on nid12697     Saving the results to `/global/cscratch1/sd/nhand/eBOSS/fits/results/mocks/ezmock/v1.8e-fph/0.005-0.3/basemodel-N-fnl/0.8-2.2/QSO-N-0185-P0+P2-mock-cov-6e34f56d69/2019-02-16_nlopt_18i_chain0__1.npz`
rank #0: 2019-02-16 13:30:53,264 pyRSD.analysis.lbfgs_results INFO     
minimum chi2 = 76.129637958367

Free parameters [ mean ]
_______________
N              : -366.64367164532047
b1             : 2.2307621232961248
f_nl           : 55.968153201103064
sigma_fog      : 4.183952495202541

Constrained parameters [ mean ]
_________________________
b1sigma8       : 0.8885420230578276
