rank #0: 2017-11-25 11:58:34,568 rsdfit.fitting_driver INFO     rank 83 on nid00478     Calling the 'nlopt' solve function
rank #0: 2017-11-25 11:58:34,568 rsdfit.lbfgs_fitter INFO     running LBFGS for 500 iterations and then stopping
rank #0: 2017-11-25 11:58:34,568 rsdfit.lbfgs_fitter INFO     running LBFGS minimizer with priors
rank #0: 2017-11-25 11:58:34,568 root         INFO     Iter           N          b1        f_nl   sigma_fog   F(X)     
rank #0: 2017-11-25 11:58:34,623 root         INFO     analytic derivative for parameter 'N' not available; no registered subclass for dPkmu/dN
rank #0: 2017-11-25 11:58:34,909 LBFGS        INFO     options = {'factr': 100000.0, 'gtol': 1e-05, 'max_iter': 500, 'test_convergence': False}
rank #0: 2017-11-25 11:58:34,910 LBFGS        PARAM    0000          0.000000          2.000000          0.000000          4.000000        131.951965
rank #0: 2017-11-25 11:58:35,309 LBFGS        PARAM    0001         16.385980          2.035048          0.262777          3.972412        118.570831
rank #0: 2017-11-25 11:58:35,651 LBFGS        PARAM    0002          3.001436          2.108620          1.158742          3.913694        107.194929
rank #0: 2017-11-25 11:58:35,994 LBFGS        PARAM    0003        -36.205313          2.124592          1.607910          3.895807        104.723524
rank #0: 2017-11-25 11:58:36,337 LBFGS        PARAM    0004       -264.197853          2.181724          4.541751          3.659302         96.838136
rank #0: 2017-11-25 11:58:36,682 LBFGS        PARAM    0005       -315.699899          2.180997          6.213316          3.464149         95.019673
rank #0: 2017-11-25 11:58:37,024 LBFGS        PARAM    0006       -357.554588          2.172545          9.679343          3.202164         93.885076
rank #0: 2017-11-25 11:58:37,365 LBFGS        PARAM    0007       -364.346678          2.170108         12.432215          3.141327         93.795622
rank #0: 2017-11-25 11:58:37,707 LBFGS        PARAM    0008       -371.831911          2.165795         20.013839          3.074063         93.656790
rank #0: 2017-11-25 11:58:38,049 LBFGS        PARAM    0009       -377.672643          2.155675         43.473727          2.970736         93.313094
rank #0: 2017-11-25 11:58:38,392 LBFGS        PARAM    0010       -374.608282          2.139150         87.909475          2.893885         92.902936
rank #0: 2017-11-25 11:58:38,734 LBFGS        PARAM    0011       -347.433840          2.140344         93.035562          3.003655         92.381103
rank #0: 2017-11-25 11:58:39,077 LBFGS        PARAM    0012       -335.335055          2.139412         95.569561          3.096758         92.117885
rank #0: 2017-11-25 11:58:39,420 LBFGS        PARAM    0013       -331.119489          2.140626         95.669407          3.142663         92.067674
rank #0: 2017-11-25 11:59:03,192 LBFGS        INFO     Linesearch failed in both LBFGS and gradient directions
rank #0: 2017-11-25 11:59:03,193 LBFGS        PARAM    0013       -331.119489          2.140626         95.669407          3.142663         92.067674
rank #0: 2017-11-25 11:59:03,193 rsdfit.lbfgs_fitter WARNING  ...LBFGS optimization finished. Time elapsed: 0:00:28.28
rank #0: 2017-11-25 11:59:03,194 rsdfit.lbfgs_fitter ERROR    nonlinear fit with method L-BFGS-B failed: Linesearch failed in both LBFGS and gradient directions
rank #0: 2017-11-25 11:59:03,194 rsdfit.fitting_driver INFO     rank 83 on nid00478     ...fitting complete
rank #0: 2017-11-25 11:59:03,203 rsdfit.fitting_driver INFO     rank 83 on nid00478     Saving the results to `/global/project/projectdirs/m779/nhand/Research/eBOSS/fits/results/mocks/ezmock/v1.8e-fph/0.0001-0.3/basemodel-N-fnl/0.8-2.2/QSO-N-0060-P0+P2-d10badba55/2017-11-25_nlopt_13i_chain0__1.npz`
rank #0: 2017-11-25 11:59:03,259 pyRSD.analysis.lbfgs_results INFO     
minimum chi2 = 92.0676737439

Free parameters [ mean ]
_______________
N              : -331.119488758
b1             : 2.14062642992
f_nl           : 95.6694070078
sigma_fog      : 3.14266302235

Constrained parameters [ mean ]
_________________________
b1sigma8       : 0.852119900027
