rank #0: 2018-06-24 12:54:31,171 rsdfit.fitting_driver INFO     rank 16 on nid00543     Calling the 'nlopt' solve function
rank #0: 2018-06-24 12:54:31,171 rsdfit.lbfgs_fitter INFO     running LBFGS for 500 iterations and then stopping
rank #0: 2018-06-24 12:54:31,171 rsdfit.lbfgs_fitter INFO     running LBFGS minimizer with priors
rank #0: 2018-06-24 12:54:31,172 root         INFO     Iter           N          b1        f_nl   sigma_fog   F(X)     
rank #0: 2018-06-24 12:54:31,753 LBFGS        INFO     options = {'factr': 100000.0, 'gtol': 1e-05, 'max_iter': 500, 'test_convergence': False}
rank #0: 2018-06-24 12:54:31,754 LBFGS        PARAM    0000          0.000000          2.000000          0.000000          4.000000         95.071612
rank #0: 2018-06-24 12:54:32,412 LBFGS        PARAM    0001        -42.578583          2.061992          1.955021          4.012083         86.111442
rank #0: 2018-06-24 12:54:32,992 LBFGS        PARAM    0002       -353.778049          2.237544         10.762183          4.136723         69.780927
rank #0: 2018-06-24 12:54:33,579 LBFGS        PARAM    0003       -499.558966          2.235836         14.048832          4.175362         67.169926
rank #0: 2018-06-24 12:54:34,171 LBFGS        PARAM    0004       -513.599520          2.235481         15.692702          4.145933         66.985881
rank #0: 2018-06-24 12:54:34,763 LBFGS        PARAM    0005       -632.481135          2.222135         38.738975          3.692286         65.340232
rank #0: 2018-06-24 12:54:35,337 LBFGS        PARAM    0006       -648.686456          2.209372         55.270622          3.457150         64.684244
rank #0: 2018-06-24 12:54:35,929 LBFGS        PARAM    0007       -618.400893          2.191589         72.496164          3.358242         64.226077
rank #0: 2018-06-24 12:54:36,521 LBFGS        PARAM    0008       -578.788974          2.178631         83.742223          3.391021         64.016719
rank #0: 2018-06-24 12:54:37,105 LBFGS        PARAM    0009       -554.308389          2.171736         91.107258          3.478888         63.899531
rank #0: 2018-06-24 12:54:37,689 LBFGS        PARAM    0010       -554.953479          2.170874         93.940309          3.551026         63.859923
rank #0: 2018-06-24 12:54:38,280 LBFGS        PARAM    0011       -552.435627          2.170963         92.988501          3.560219         63.859048
rank #0: 2018-06-24 12:54:38,872 LBFGS        PARAM    0012       -552.434936          2.171180         92.961649          3.560998         63.859030
rank #0: 2018-06-24 12:54:39,448 LBFGS        PARAM    0013       -552.432473          2.171141         92.975345          3.560856         63.859029
rank #0: 2018-06-24 12:54:40,039 LBFGS        PARAM    0014       -552.429889          2.171140         92.975880          3.560859         63.859029
rank #0: 2018-06-24 12:54:40,631 LBFGS        PARAM    0015       -552.429448          2.171140         92.975971          3.560860         63.859029
rank #0: 2018-06-24 12:54:41,220 LBFGS        PARAM    0016       -552.429450          2.171140         92.975972          3.560860         63.859029
rank #0: 2018-06-24 12:54:41,799 LBFGS        PARAM    0017       -552.429455          2.171140         92.975971          3.560860         63.859029
rank #0: 2018-06-24 12:55:07,429 LBFGS        INFO     Linesearch failed in both LBFGS and gradient directions
rank #0: 2018-06-24 12:55:07,430 LBFGS        PARAM    0017       -552.429455          2.171140         92.975971          3.560860         63.859029
rank #0: 2018-06-24 12:55:07,430 rsdfit.lbfgs_fitter WARNING  ...LBFGS optimization finished. Time elapsed: 0:00:35.68
rank #0: 2018-06-24 12:55:07,430 rsdfit.lbfgs_fitter ERROR    nonlinear fit with method L-BFGS-B failed: Linesearch failed in both LBFGS and gradient directions
rank #0: 2018-06-24 12:55:07,431 rsdfit.fitting_driver INFO     rank 16 on nid00543     ...fitting complete
rank #0: 2018-06-24 12:55:07,436 rsdfit.fitting_driver INFO     rank 16 on nid00543     Saving the results to `/global/cscratch1/sd/nhand/eBOSS/fits/results/mocks/ezmock/v1.8e-fph/0.005-0.3/basemodel-N-fnl/0.8-2.2/QSO-N-0011-P0+P2-mock-cov-8973e9cf3e/2018-06-24_nlopt_17i_chain0__1.npz`
rank #0: 2018-06-24 12:55:07,479 pyRSD.analysis.lbfgs_results INFO     
minimum chi2 = 63.8590290308

Free parameters [ mean ]
_______________
N              : -552.429454744
b1             : 2.17113981954
f_nl           : 92.9759714482
sigma_fog      : 3.56085953258

Constrained parameters [ mean ]
_________________________
b1sigma8       : 0.864793671835
