rank #0: 2018-10-08 10:17:54,123 rsdfit.fitting_driver INFO     rank 50 on nid00696     Calling the 'nlopt' solve function
rank #0: 2018-10-08 10:17:54,125 rsdfit.lbfgs_fitter INFO     running LBFGS for 500 iterations and then stopping
rank #0: 2018-10-08 10:17:54,125 rsdfit.lbfgs_fitter INFO     running LBFGS minimizer with priors
rank #0: 2018-10-08 10:17:54,126 root         INFO     Iter           N          b1        f_nl   sigma_fog   F(X)     
rank #0: 2018-10-08 10:17:54,127 rsdfit.lbfgs_fitter INFO     computing gradient using numerical derivative of lnlike()
rank #0: 2018-10-08 10:17:55,301 LBFGS        INFO     options = {'factr': 100000.0, 'gtol': 1e-05, 'max_iter': 500, 'test_convergence': False}
rank #0: 2018-10-08 10:17:55,302 LBFGS        PARAM    0000          0.000000          2.000000          0.000000          4.000000        154.656391
rank #0: 2018-10-08 10:17:56,662 LBFGS        PARAM    0001         78.925291          2.231980          2.312844          3.925134        119.720373
rank #0: 2018-10-08 10:17:57,909 LBFGS        PARAM    0002       -118.344599          2.761756         16.477683          3.915646         96.234329
rank #0: 2018-10-08 10:17:59,132 LBFGS        PARAM    0003       -254.898862          2.651633         15.568651          4.014007         87.844517
rank #0: 2018-10-08 10:18:00,379 LBFGS        PARAM    0004       -491.119062          2.690142         20.592667          4.098522         83.812556
rank #0: 2018-10-08 10:18:01,605 LBFGS        PARAM    0005       -734.913112          2.755073         29.970273          4.024837         81.912988
rank #0: 2018-10-08 10:18:02,830 LBFGS        PARAM    0006       -830.341809          2.757955         37.611860          3.718906         81.027510
rank #0: 2018-10-08 10:18:04,078 LBFGS        PARAM    0007       -930.362138          2.742522         44.850186          3.101365         80.383528
rank #0: 2018-10-08 10:18:05,307 LBFGS        PARAM    0008       -916.888948          2.744962         44.436240          3.138424         80.378710
rank #0: 2018-10-08 10:18:06,558 LBFGS        PARAM    0009       -916.518708          2.743996         44.369061          3.138745         80.378473
rank #0: 2018-10-08 10:18:07,791 LBFGS        PARAM    0010       -916.502295          2.743983         44.379331          3.138473         80.378472
rank #0: 2018-10-08 10:18:09,023 LBFGS        PARAM    0011       -916.363589          2.743918         44.417187          3.138318         80.378468
rank #0: 2018-10-08 10:18:10,269 LBFGS        PARAM    0012       -916.216656          2.743860         44.449771          3.138696         80.378467
rank #0: 2018-10-08 10:18:11,493 LBFGS        PARAM    0013       -916.189326          2.743853         44.452012          3.138837         80.378467
rank #0: 2018-10-08 10:18:12,736 LBFGS        PARAM    0014       -916.188373          2.743853         44.451799          3.138846         80.378467
rank #0: 2018-10-08 10:18:13,959 LBFGS        PARAM    0015       -916.188450          2.743853         44.451769          3.138846         80.378467
rank #0: 2018-10-08 10:18:15,467 LBFGS        PARAM    0016       -916.188450          2.743853         44.451769          3.138846         80.378467
rank #0: 2018-10-08 10:19:06,906 LBFGS        INFO     Linesearch failed in both LBFGS and gradient directions
rank #0: 2018-10-08 10:19:06,908 LBFGS        PARAM    0016       -916.188450          2.743853         44.451769          3.138846         80.378467
rank #0: 2018-10-08 10:19:06,909 rsdfit.lbfgs_fitter WARNING  ...LBFGS optimization finished. Time elapsed: 0:01:11.61
rank #0: 2018-10-08 10:19:06,909 rsdfit.lbfgs_fitter ERROR    nonlinear fit with method L-BFGS-B failed: Linesearch failed in both LBFGS and gradient directions
rank #0: 2018-10-08 10:19:06,911 rsdfit.fitting_driver INFO     rank 50 on nid00696     ...fitting complete
rank #0: 2018-10-08 10:19:06,915 rsdfit.fitting_driver INFO     rank 50 on nid00696     Saving the results to `/global/cscratch1/sd/nhand/eBOSS/fits/results/mocks/ezmock/v1.8e-fph/0.0001-0.3/basemodel-N-fnl/0.8-2.2/QSO-S-0760-P0+P2-mock-cov-98e9a706c6/2018-10-08_nlopt_16i_chain0__1.npz`
rank #0: 2018-10-08 10:19:07,018 pyRSD.analysis.lbfgs_results INFO     
minimum chi2 = 80.3784668453

Free parameters [ mean ]
_______________
N              : -916.188450329
b1             : 2.74385344283
f_nl           : 44.4517687917
sigma_fog      : 3.13884621931

Constrained parameters [ mean ]
_________________________
b1sigma8       : 0.993915657022
