rank #0: 2017-11-27 22:24:46,886 rsdfit.fitting_driver INFO     rank 93 on nid00494     Calling the 'nlopt' solve function
rank #0: 2017-11-27 22:24:46,886 rsdfit.lbfgs_fitter INFO     running LBFGS for 500 iterations and then stopping
rank #0: 2017-11-27 22:24:46,887 rsdfit.lbfgs_fitter INFO     running LBFGS minimizer with priors
rank #0: 2017-11-27 22:24:46,887 root         INFO     Iter           N          b1           f        f_nl    sigma8_z   sigma_fog   F(X)     
rank #0: 2017-11-27 22:24:47,634 LBFGS        INFO     options = {'factr': 100000.0, 'gtol': 1e-05, 'max_iter': 500, 'test_convergence': False}
rank #0: 2017-11-27 22:24:47,635 LBFGS        PARAM    0000          0.000000          2.000000          0.930924          0.000000          0.397985          4.000000         92.391201
rank #0: 2017-11-27 22:24:48,457 LBFGS        PARAM    0001          0.370998          2.002597          0.931054          0.011754          0.399787          3.998847         90.884656
rank #0: 2017-11-27 22:24:49,218 LBFGS        PARAM    0002         -4.207800          2.060931          0.933922          0.169128          0.437337          3.967707         78.493786
rank #0: 2017-11-27 22:24:49,977 LBFGS        PARAM    0003         -9.883284          2.046872          0.933210         -0.005126          0.428679          3.971155         77.557464
rank #0: 2017-11-27 22:24:50,734 LBFGS        PARAM    0004        -15.157732          2.048968          0.933292         -0.089417          0.429948          3.967102         77.487723
rank #0: 2017-11-27 22:24:51,490 LBFGS        PARAM    0005        -30.772275          2.051076          0.933328         -0.364042          0.431144          3.956895         77.393433
rank #0: 2017-11-27 22:24:52,246 LBFGS        PARAM    0006        -83.990237          2.054999          0.933261         -1.336601          0.433144          3.922984         77.155561
rank #0: 2017-11-27 22:24:53,004 LBFGS        PARAM    0007       -187.512118          2.059487          0.932862         -3.324629          0.434869          3.855857         76.784214
rank #0: 2017-11-27 22:24:53,764 LBFGS        PARAM    0008       -312.767387          2.064169          0.931285         -6.447130          0.434314          3.751854         76.391732
rank #0: 2017-11-27 22:24:54,520 LBFGS        PARAM    0009       -370.886402          2.069472          0.928857         -9.061315          0.431927          3.666929         76.215674
rank #0: 2017-11-27 22:24:55,278 LBFGS        PARAM    0010       -383.691415          2.073865          0.926823        -10.669483          0.429764          3.616309         76.149518
rank #0: 2017-11-27 22:24:56,034 LBFGS        PARAM    0011       -383.539992          2.079493          0.924622        -12.193579          0.427836          3.569534         76.093876
rank #0: 2017-11-27 22:24:56,788 LBFGS        PARAM    0012       -381.659219          2.096092          0.918845        -16.176539          0.423772          3.449031         75.965022
rank #0: 2017-11-27 22:24:57,545 LBFGS        PARAM    0013       -385.337890          2.126766          0.908946        -23.054190          0.418244          3.246685         75.768187
rank #0: 2017-11-27 22:24:58,304 LBFGS        PARAM    0014       -408.839669          2.177134          0.892771        -33.662248          0.411734          2.988979         75.476622
rank #0: 2017-11-27 22:24:59,059 LBFGS        PARAM    0015       -453.249605          2.253473          0.867728        -48.742712          0.403836          2.728912         75.101297
rank #0: 2017-11-27 22:24:59,815 LBFGS        PARAM    0016       -502.658872          2.331945          0.841794        -63.413258          0.397075          2.561482         74.824211
rank #0: 2017-11-27 22:25:00,570 LBFGS        PARAM    0017       -529.373513          2.377311          0.826677        -71.380631          0.393200          2.524381         74.710705
rank #0: 2017-11-27 22:25:01,327 LBFGS        PARAM    0018       -538.858981          2.407569          0.816806        -75.824619          0.390225          2.576471         74.608422
rank #0: 2017-11-27 22:25:02,086 LBFGS        PARAM    0019       -531.263961          2.432034          0.814193        -77.691152          0.384549          2.660216         74.561316
rank #0: 2017-11-27 22:25:02,843 LBFGS        PARAM    0020       -509.487533          2.403304          0.822629        -71.677373          0.389235          2.806051         74.528698
rank #0: 2017-11-27 22:25:03,602 LBFGS        PARAM    0021       -521.585729          2.409972          0.820120        -73.568529          0.388471          2.748601         74.523349
rank #0: 2017-11-27 22:25:04,362 LBFGS        PARAM    0022       -520.620735          2.409254          0.821274        -74.560528          0.388558          2.758388         74.519597
rank #0: 2017-11-27 22:25:05,121 LBFGS        PARAM    0023       -506.896626          2.391430          0.834057        -80.278874          0.390644          2.836187         74.504736
rank #0: 2017-11-27 22:25:05,882 LBFGS        PARAM    0024       -501.948738          2.382968          0.837914        -80.125341          0.391569          2.846765         74.504170
rank #0: 2017-11-27 22:25:06,644 LBFGS        PARAM    0025       -503.241873          2.384792          0.837257        -80.324545          0.391358          2.846614         74.504066
rank #0: 2017-11-27 22:25:07,404 LBFGS        PARAM    0026       -503.266615          2.384791          0.837262        -80.333859          0.391359          2.846594         74.504066
rank #0: 2017-11-27 22:25:08,167 LBFGS        PARAM    0027       -503.266663          2.384789          0.837263        -80.333549          0.391359          2.846603         74.504066
rank #0: 2017-11-27 22:25:08,932 LBFGS        PARAM    0028       -503.266880          2.384789          0.837263        -80.333510          0.391359          2.846603         74.504066
rank #0: 2017-11-27 22:25:09,690 LBFGS        PARAM    0029       -503.267102          2.384790          0.837263        -80.333457          0.391359          2.846603         74.504066
rank #0: 2017-11-27 22:25:10,630 LBFGS        PARAM    0030       -503.267248          2.384790          0.837263        -80.333411          0.391359          2.846603         74.504066
rank #0: 2017-11-27 22:25:23,782 LBFGS        PARAM    0031       -503.267248          2.384790          0.837263        -80.333411          0.391359          2.846603         74.504066
rank #0: 2017-11-27 22:25:24,540 LBFGS        PARAM    0032       -503.267249          2.384790          0.837263        -80.333411          0.391359          2.846603         74.504066
rank #0: 2017-11-27 22:25:25,298 LBFGS        PARAM    0033       -503.267239          2.384790          0.837263        -80.333411          0.391359          2.846603         74.504066
rank #0: 2017-11-27 22:25:26,169 LBFGS        PARAM    0034       -503.267180          2.384790          0.837263        -80.333410          0.391359          2.846603         74.504066
rank #0: 2017-11-27 22:25:49,557 LBFGS        INFO     Linesearch failed in both LBFGS and gradient directions
rank #0: 2017-11-27 22:25:49,558 LBFGS        PARAM    0034       -503.267180          2.384790          0.837263        -80.333410          0.391359          2.846603         74.504066
rank #0: 2017-11-27 22:25:49,558 rsdfit.lbfgs_fitter WARNING  ...LBFGS optimization finished. Time elapsed: 0:01:01.92
rank #0: 2017-11-27 22:25:49,558 rsdfit.lbfgs_fitter ERROR    nonlinear fit with method L-BFGS-B failed: Linesearch failed in both LBFGS and gradient directions
rank #0: 2017-11-27 22:25:49,559 rsdfit.fitting_driver INFO     rank 93 on nid00494     ...fitting complete
rank #0: 2017-11-27 22:25:49,562 rsdfit.fitting_driver INFO     rank 93 on nid00494     Saving the results to `/global/cscratch1/sd/nhand/eBOSS/fits/results/mocks/ezmock/v1.8e-fph/0.0001-0.3/basemodel-fs8-N-fnl/0.8-2.2/QSO-S-0762-P0+P2-mock-cov-0a197b956d/2017-11-27_nlopt_34i_chain0__1.npz`
rank #0: 2017-11-27 22:25:49,585 pyRSD.analysis.lbfgs_results INFO     
minimum chi2 = 74.5040657328

Free parameters [ mean ]
_______________
N              : -503.267180109
b1             : 2.38479020404
f              : 0.837263478655
f_nl           : -80.3334103885
sigma8_z       : 0.391359286217
sigma_fog      : 2.84660294484

Constrained parameters [ mean ]
_________________________
b1sigma8       : 0.933309792029
fsigma8        : 0.327670837382
