rank #0: 2017-11-27 22:45:05,026 rsdfit.fitting_driver INFO     rank 157 on nid00481     Calling the 'nlopt' solve function
rank #0: 2017-11-27 22:45:05,029 rsdfit.lbfgs_fitter INFO     running LBFGS for 500 iterations and then stopping
rank #0: 2017-11-27 22:45:05,029 rsdfit.lbfgs_fitter INFO     running LBFGS minimizer with priors
rank #0: 2017-11-27 22:45:05,029 root         INFO     Iter          b1        f_nl   sigma_fog   F(X)     
rank #0: 2017-11-27 22:45:05,329 LBFGS        INFO     options = {'factr': 100000.0, 'gtol': 1e-05, 'max_iter': 500, 'test_convergence': False}
rank #0: 2017-11-27 22:45:05,330 LBFGS        PARAM    0000          2.000000          0.000000          4.000000         26.163040
rank #0: 2017-11-27 22:45:05,669 LBFGS        PARAM    0001          2.083595          1.346845          3.994829         21.334381
rank #0: 2017-11-27 22:45:05,965 LBFGS        PARAM    0002          2.275487          7.316837          3.980862         17.560090
rank #0: 2017-11-27 22:45:06,262 LBFGS        PARAM    0003          2.238455          6.703235          3.982629         17.375196
rank #0: 2017-11-27 22:45:06,559 LBFGS        PARAM    0004          2.241494          7.414238          3.981571         17.368012
rank #0: 2017-11-27 22:45:06,857 LBFGS        PARAM    0005          2.243961          9.662684          3.978358         17.354640
rank #0: 2017-11-27 22:45:07,154 LBFGS        PARAM    0006          2.244203         16.061781          3.969168         17.325572
rank #0: 2017-11-27 22:45:07,452 LBFGS        PARAM    0007          2.237464         27.022459          3.952631         17.286107
rank #0: 2017-11-27 22:45:07,749 LBFGS        PARAM    0008          2.224090         35.698854          3.926798         17.256552
rank #0: 2017-11-27 22:45:08,046 LBFGS        PARAM    0009          2.219310         36.194815          3.917659         17.252596
rank #0: 2017-11-27 22:45:08,344 LBFGS        PARAM    0010          2.219108         35.861969          3.916149         17.252488
rank #0: 2017-11-27 22:45:08,641 LBFGS        PARAM    0011          2.219013         35.687614          3.912900         17.252381
rank #0: 2017-11-27 22:45:08,939 LBFGS        PARAM    0012          2.218618         35.094924          3.890009         17.251793
rank #0: 2017-11-27 22:45:09,237 LBFGS        PARAM    0013          2.217977         34.386300          3.835002         17.250579
rank #0: 2017-11-27 22:45:09,533 LBFGS        PARAM    0014          2.216584         33.363341          3.677505         17.247417
rank #0: 2017-11-27 22:45:09,830 LBFGS        PARAM    0015          2.214141         32.445639          3.329200         17.240931
rank #0: 2017-11-27 22:45:10,127 LBFGS        PARAM    0016          2.210626         32.438604          2.685911         17.229618
rank #0: 2017-11-27 22:45:10,423 LBFGS        PARAM    0017          2.207393         34.222968          1.795479         17.214655
rank #0: 2017-11-27 22:45:10,720 LBFGS        PARAM    0018          2.206459         37.119003          0.925391         17.202824
rank #0: 2017-11-27 22:45:11,016 LBFGS        PARAM    0019          2.206843         38.709514          0.411204         17.199901
rank #0: 2017-11-27 22:45:11,312 LBFGS        PARAM    0020          2.206974         38.993831          0.166779         17.199577
rank #0: 2017-11-27 22:45:11,650 LBFGS        PARAM    0021          2.206974         38.993490          0.166459         17.199576
rank #0: 2017-11-27 22:45:11,991 LBFGS        PARAM    0022          2.206974         38.993281          0.166345         17.199576
rank #0: 2017-11-27 22:45:12,332 LBFGS        PARAM    0023          2.206974         38.993050          0.166230         17.199576
rank #0: 2017-11-27 22:45:12,675 LBFGS        PARAM    0024          2.206975         38.992789          0.166105         17.199576
rank #0: 2017-11-27 22:45:13,017 LBFGS        PARAM    0025          2.206975         38.992521          0.165976         17.199576
rank #0: 2017-11-27 22:45:13,357 LBFGS        PARAM    0026          2.206975         38.992243          0.165843         17.199576
rank #0: 2017-11-27 22:45:13,700 LBFGS        PARAM    0027          2.206975         38.991962          0.165710         17.199576
rank #0: 2017-11-27 22:45:14,042 LBFGS        PARAM    0028          2.206975         38.991673          0.165573         17.199576
rank #0: 2017-11-27 22:45:14,383 LBFGS        PARAM    0029          2.206976         38.991379          0.165433         17.199575
rank #0: 2017-11-27 22:45:14,724 LBFGS        PARAM    0030          2.206976         38.991078          0.165291         17.199575
rank #0: 2017-11-27 22:45:15,066 LBFGS        PARAM    0031          2.206976         38.990771          0.165146         17.199575
rank #0: 2017-11-27 22:45:15,409 LBFGS        PARAM    0032          2.206976         38.990457          0.164998         17.199575
rank #0: 2017-11-27 22:45:15,751 LBFGS        PARAM    0033          2.206976         38.990135          0.164847         17.199575
rank #0: 2017-11-27 22:45:16,094 LBFGS        PARAM    0034          2.206977         38.989806          0.164693         17.199575
rank #0: 2017-11-27 22:45:16,435 LBFGS        PARAM    0035          2.206977         38.989468          0.164535         17.199575
rank #0: 2017-11-27 22:45:16,775 LBFGS        PARAM    0036          2.206977         38.989122          0.164373         17.199574
rank #0: 2017-11-27 22:45:17,116 LBFGS        PARAM    0037          2.206977         38.988767          0.164208         17.199574
rank #0: 2017-11-27 22:45:17,457 LBFGS        PARAM    0038          2.206978         38.988401          0.164038         17.199574
rank #0: 2017-11-27 22:45:17,797 LBFGS        PARAM    0039          2.206978         38.988024          0.163864         17.199574
rank #0: 2017-11-27 22:45:18,139 LBFGS        PARAM    0040          2.206978         38.987637          0.163686         17.199574
rank #0: 2017-11-27 22:45:18,480 LBFGS        PARAM    0041          2.206979         38.987237          0.163502         17.199574
rank #0: 2017-11-27 22:45:18,821 LBFGS        PARAM    0042          2.206979         38.986826          0.163313         17.199573
rank #0: 2017-11-27 22:45:19,162 LBFGS        PARAM    0043          2.206979         38.986398          0.163117         17.199573
rank #0: 2017-11-27 22:45:19,503 LBFGS        PARAM    0044          2.206979         38.985957          0.162917         17.199573
rank #0: 2017-11-27 22:45:19,844 LBFGS        PARAM    0045          2.206980         38.985500          0.162709         17.199573
rank #0: 2017-11-27 22:45:20,185 LBFGS        PARAM    0046          2.206980         38.985024          0.162494         17.199573
rank #0: 2017-11-27 22:45:20,526 LBFGS        PARAM    0047          2.206980         38.984529          0.162271         17.199573
rank #0: 2017-11-27 22:45:20,867 LBFGS        PARAM    0048          2.206981         38.984014          0.162040         17.199572
rank #0: 2017-11-27 22:45:21,207 LBFGS        PARAM    0049          2.206981         38.983475          0.161799         17.199572
rank #0: 2017-11-27 22:45:21,547 LBFGS        PARAM    0050          2.206982         38.982912          0.161548         17.199572
rank #0: 2017-11-27 22:45:21,886 LBFGS        PARAM    0051          2.206982         38.982320          0.161286         17.199572
rank #0: 2017-11-27 22:45:22,227 LBFGS        PARAM    0052          2.206982         38.981695          0.161012         17.199571
rank #0: 2017-11-27 22:45:22,568 LBFGS        PARAM    0053          2.206983         38.981038          0.160724         17.199571
rank #0: 2017-11-27 22:45:22,908 LBFGS        PARAM    0054          2.206983         38.980338          0.160420         17.199571
rank #0: 2017-11-27 22:45:23,249 LBFGS        PARAM    0055          2.206984         38.979597          0.160099         17.199571
rank #0: 2017-11-27 22:45:23,588 LBFGS        PARAM    0056          2.206985         38.978802          0.159758         17.199570
rank #0: 2017-11-27 22:45:23,927 LBFGS        PARAM    0057          2.206985         38.977949          0.159394         17.199570
rank #0: 2017-11-27 22:45:24,267 LBFGS        PARAM    0058          2.206986         38.977026          0.159004         17.199570
rank #0: 2017-11-27 22:45:24,604 LBFGS        PARAM    0059          2.206987         38.976022          0.158584         17.199569
rank #0: 2017-11-27 22:45:24,941 LBFGS        PARAM    0060          2.206987         38.974921          0.158127         17.199569
rank #0: 2017-11-27 22:45:25,279 LBFGS        PARAM    0061          2.206988         38.973701          0.157627         17.199568
rank #0: 2017-11-27 22:45:25,616 LBFGS        PARAM    0062          2.206989         38.972335          0.157074         17.199568
rank #0: 2017-11-27 22:45:25,956 LBFGS        PARAM    0063          2.206990         38.970782          0.156455         17.199567
rank #0: 2017-11-27 22:45:26,290 LBFGS        PARAM    0064          2.206992         38.968990          0.155753         17.199567
rank #0: 2017-11-27 22:45:27,173 LBFGS        PARAM    0065          2.206993         38.966872          0.154938         17.199566
rank #0: 2017-11-27 22:45:27,508 LBFGS        PARAM    0066          2.206995         38.964301          0.153974         17.199565
rank #0: 2017-11-27 22:45:27,843 LBFGS        PARAM    0067          2.206997         38.961057          0.152793         17.199564
rank #0: 2017-11-27 22:45:28,179 LBFGS        PARAM    0068          2.207001         38.956743          0.151283         17.199563
rank #0: 2017-11-27 22:45:28,513 LBFGS        PARAM    0069          2.207005         38.950541          0.149226         17.199561
rank #0: 2017-11-27 22:45:28,847 LBFGS        PARAM    0070          2.207013         38.940506          0.146154         17.199559
rank #0: 2017-11-27 22:45:29,181 LBFGS        PARAM    0071          2.207028         38.920798          0.140896         17.199554
rank #0: 2017-11-27 22:45:29,516 LBFGS        PARAM    0072          2.207071         38.868642          0.130557         17.199546
rank #0: 2017-11-27 22:45:29,812 LBFGS        PARAM    0073          2.207262         38.658654          0.116674         17.199541
rank #0: 2017-11-27 22:45:30,147 LBFGS        PARAM    0074          2.207273         38.647046          0.122712         17.199540
rank #0: 2017-11-27 22:45:30,442 LBFGS        PARAM    0075          2.207153         38.736068          0.122879         17.199540
rank #0: 2017-11-27 22:45:30,740 LBFGS        PARAM    0076          2.207208         38.693114          0.122531         17.199540
rank #0: 2017-11-27 22:45:31,036 LBFGS        PARAM    0077          2.207208         38.692924          0.122464         17.199540
rank #0: 2017-11-27 22:45:31,333 LBFGS        PARAM    0078          2.207208         38.692917          0.122444         17.199540
rank #0: 2017-11-27 22:45:31,630 LBFGS        PARAM    0079          2.207208         38.692920          0.122444         17.199540
rank #0: 2017-11-27 22:45:31,925 LBFGS        PARAM    0080          2.207208         38.692921          0.122443         17.199540
rank #0: 2017-11-27 22:45:32,221 LBFGS        PARAM    0081          2.207208         38.692921          0.122443         17.199540
rank #0: 2017-11-27 22:45:32,558 LBFGS        PARAM    0082          2.207208         38.692921          0.122443         17.199540
rank #0: 2017-11-27 22:45:32,893 LBFGS        WARNING  Divide-by-zero encountered: rhok assumed large
rank #0: 2017-11-27 22:45:32,894 LBFGS        WARNING  error taking the LBFGS step: no difference in gradient norm; cannot compute LBFGS step
rank #0: 2017-11-27 22:45:32,894 LBFGS        INFO     Algorithm has not moved, stopping
rank #0: 2017-11-27 22:45:32,894 LBFGS        PARAM    0082          2.207208         38.692921          0.122443         17.199540
rank #0: 2017-11-27 22:45:32,894 rsdfit.lbfgs_fitter WARNING  ...LBFGS optimization finished. Time elapsed: 0:00:27.57
rank #0: 2017-11-27 22:45:32,895 rsdfit.lbfgs_fitter ERROR    nonlinear fit with method L-BFGS-B failed: Algorithm has not moved, stopping
rank #0: 2017-11-27 22:45:32,895 rsdfit.fitting_driver INFO     rank 157 on nid00481     ...fitting complete
rank #0: 2017-11-27 22:45:32,933 rsdfit.fitting_driver INFO     rank 157 on nid00481     Saving the results to `/global/cscratch1/sd/nhand/eBOSS/fits/results/mocks/ezmock/v1.8e-fph/0.0001-0.05/basemodel-fnl/0.8-2.2/QSO-N-0848-P0+P2-mock-cov-b6abb0373d/2017-11-27_nlopt_82i_chain0__1.npz`
rank #0: 2017-11-27 22:45:32,951 pyRSD.analysis.lbfgs_results INFO     
minimum chi2 = 17.1995399151

Free parameters [ mean ]
_______________
b1             : 2.20720772128
f_nl           : 38.6929207119
sigma_fog      : 0.122443496282

Constrained parameters [ mean ]
_________________________
b1sigma8       : 0.878623937604
