rank #0: 2018-06-24 14:14:36,280 rsdfit.fitting_driver INFO     rank 61 on nid00537     Calling the 'nlopt' solve function
rank #0: 2018-06-24 14:14:36,281 rsdfit.lbfgs_fitter INFO     running LBFGS for 500 iterations and then stopping
rank #0: 2018-06-24 14:14:36,282 rsdfit.lbfgs_fitter INFO     running LBFGS minimizer with priors
rank #0: 2018-06-24 14:14:36,282 root         INFO     Iter           N          b1        f_nl   sigma_fog   F(X)     
rank #0: 2018-06-24 14:14:36,872 LBFGS        INFO     options = {'factr': 100000.0, 'gtol': 1e-05, 'max_iter': 500, 'test_convergence': False}
rank #0: 2018-06-24 14:14:36,873 LBFGS        PARAM    0000          0.000000          2.000000          0.000000          4.000000        131.889106
rank #0: 2018-06-24 14:14:37,543 LBFGS        PARAM    0001         19.769293          2.104822          2.261230          3.993135        110.469020
rank #0: 2018-06-24 14:14:38,130 LBFGS        PARAM    0002        -90.710330          2.358252         10.998401          4.118362         88.019287
rank #0: 2018-06-24 14:14:38,733 LBFGS        PARAM    0003       -225.583430          2.384650         13.325826          4.230230         82.137871
rank #0: 2018-06-24 14:14:39,334 LBFGS        PARAM    0004       -454.674455          2.423661         18.248415          4.415776         78.234582
rank #0: 2018-06-24 14:14:39,930 LBFGS        PARAM    0005       -452.351800          2.421453         19.132960          4.405794         78.214166
rank #0: 2018-06-24 14:14:40,529 LBFGS        PARAM    0006       -446.550695          2.403508         32.984325          4.293100         78.048710
rank #0: 2018-06-24 14:14:41,133 LBFGS        PARAM    0007       -448.412534          2.399418         38.769697          4.300158         78.020755
rank #0: 2018-06-24 14:14:41,734 LBFGS        PARAM    0008       -449.493894          2.399816         39.466535          4.312294         78.019111
rank #0: 2018-06-24 14:14:42,315 LBFGS        PARAM    0009       -449.392715          2.399927         39.400520          4.314214         78.019089
rank #0: 2018-06-24 14:14:42,915 LBFGS        PARAM    0010       -449.115063          2.399919         39.389685          4.315206         78.019084
rank #0: 2018-06-24 14:14:43,514 LBFGS        PARAM    0011       -448.968119          2.399885         39.397769          4.315451         78.019083
rank #0: 2018-06-24 14:14:44,109 LBFGS        PARAM    0012       -448.961968          2.399883         39.399341          4.315438         78.019083
rank #0: 2018-06-24 14:14:44,694 LBFGS        PARAM    0013       -448.962128          2.399882         39.399454          4.315435         78.019083
rank #0: 2018-06-24 14:14:45,293 LBFGS        PARAM    0014       -448.962240          2.399882         39.399458          4.315434         78.019083
rank #0: 2018-06-24 14:14:45,895 LBFGS        PARAM    0015       -448.962244          2.399882         39.399458          4.315434         78.019083
rank #0: 2018-06-24 14:14:46,479 LBFGS        PARAM    0016       -448.962242          2.399882         39.399459          4.315434         78.019083
rank #0: 2018-06-24 14:15:00,838 LBFGS        PARAM    0017       -448.962248          2.399882         39.399459          4.315434         78.019083
rank #0: 2018-06-24 14:15:01,427 LBFGS        PARAM    0018       -448.962243          2.399882         39.399459          4.315434         78.019083
rank #0: 2018-06-24 14:15:26,772 LBFGS        INFO     Linesearch failed in both LBFGS and gradient directions
rank #0: 2018-06-24 14:15:26,773 LBFGS        PARAM    0018       -448.962243          2.399882         39.399459          4.315434         78.019083
rank #0: 2018-06-24 14:15:26,774 rsdfit.lbfgs_fitter WARNING  ...LBFGS optimization finished. Time elapsed: 0:00:49.90
rank #0: 2018-06-24 14:15:26,775 rsdfit.lbfgs_fitter ERROR    nonlinear fit with method L-BFGS-B failed: Linesearch failed in both LBFGS and gradient directions
rank #0: 2018-06-24 14:15:26,776 rsdfit.fitting_driver INFO     rank 61 on nid00537     ...fitting complete
rank #0: 2018-06-24 14:15:26,779 rsdfit.fitting_driver INFO     rank 61 on nid00537     Saving the results to `/global/cscratch1/sd/nhand/eBOSS/fits/results/mocks/ezmock/v1.8e-fph/0.005-0.3/basemodel-N-fnl/0.8-2.2/QSO-N-0460-P0+P2-mock-cov-1ab4f6001f/2018-06-24_nlopt_18i_chain0__1.npz`
rank #0: 2018-06-24 14:15:26,807 pyRSD.analysis.lbfgs_results INFO     
minimum chi2 = 78.0190828358

Free parameters [ mean ]
_______________
N              : -448.962243101
b1             : 2.39988233464
f_nl           : 39.399458545
sigma_fog      : 4.31543434124

Constrained parameters [ mean ]
_________________________
b1sigma8       : 0.89968062936
