rank #0: 2018-07-16 19:51:12,508 rsdfit.fitting_driver INFO     rank 31 on nid02210     Calling the 'nlopt' solve function
rank #0: 2018-07-16 19:51:12,509 rsdfit.lbfgs_fitter INFO     running LBFGS for 500 iterations and then stopping
rank #0: 2018-07-16 19:51:12,509 rsdfit.lbfgs_fitter INFO     running LBFGS minimizer with priors
rank #0: 2018-07-16 19:51:12,510 root         INFO     Iter           N          b1        f_nl   sigma_fog   F(X)     
rank #0: 2018-07-16 19:51:13,096 LBFGS        INFO     options = {'factr': 100000.0, 'gtol': 1e-05, 'max_iter': 500, 'test_convergence': False}
rank #0: 2018-07-16 19:51:13,097 LBFGS        PARAM    0000          0.000000          2.000000          0.000000          4.000000         96.685686
rank #0: 2018-07-16 19:51:13,760 LBFGS        PARAM    0001          7.833864          2.049084          1.202223          3.974106         92.365028
rank #0: 2018-07-16 19:51:14,354 LBFGS        PARAM    0002        -63.447078          2.178201          6.191447          3.914685         87.134411
rank #0: 2018-07-16 19:51:14,957 LBFGS        PARAM    0003       -142.653823          2.199309          8.538524          3.902344         85.864159
rank #0: 2018-07-16 19:51:15,559 LBFGS        PARAM    0004       -367.731019          2.228953         18.597707          3.702515         83.838660
rank #0: 2018-07-16 19:51:16,144 LBFGS        PARAM    0005       -421.562350          2.229187         24.041696          3.538076         83.440701
rank #0: 2018-07-16 19:51:16,744 LBFGS        PARAM    0006       -484.431834          2.213645         39.485455          3.095053         82.796255
rank #0: 2018-07-16 19:51:17,344 LBFGS        PARAM    0007       -455.308751          2.196242         52.280613          3.027316         82.607336
rank #0: 2018-07-16 19:51:17,936 LBFGS        PARAM    0008       -424.841214          2.183068         60.489988          3.048953         82.563124
rank #0: 2018-07-16 19:51:18,534 LBFGS        PARAM    0009       -422.531677          2.183426         61.348105          3.070723         82.560651
rank #0: 2018-07-16 19:51:19,136 LBFGS        PARAM    0010       -422.413418          2.183501         61.448237          3.081072         82.560359
rank #0: 2018-07-16 19:51:19,739 LBFGS        PARAM    0011       -422.570086          2.183614         61.452303          3.080519         82.560355
rank #0: 2018-07-16 19:51:20,327 LBFGS        PARAM    0012       -422.570469          2.183603         61.450452          3.080479         82.560355
rank #0: 2018-07-16 19:51:20,933 LBFGS        PARAM    0013       -422.572900          2.183603         61.450619          3.080475         82.560355
rank #0: 2018-07-16 19:51:21,535 LBFGS        PARAM    0014       -422.573437          2.183603         61.450657          3.080473         82.560355
rank #0: 2018-07-16 19:51:22,189 LBFGS        PARAM    0015       -422.573438          2.183603         61.450657          3.080473         82.560355
rank #0: 2018-07-16 19:51:22,929 LBFGS        PARAM    0016       -422.573440          2.183603         61.450657          3.080473         82.560355
rank #0: 2018-07-16 19:51:48,546 LBFGS        INFO     Linesearch failed in both LBFGS and gradient directions
rank #0: 2018-07-16 19:51:48,547 LBFGS        PARAM    0016       -422.573440          2.183603         61.450657          3.080473         82.560355
rank #0: 2018-07-16 19:51:48,548 rsdfit.lbfgs_fitter WARNING  ...LBFGS optimization finished. Time elapsed: 0:00:35.45
rank #0: 2018-07-16 19:51:48,548 rsdfit.lbfgs_fitter ERROR    nonlinear fit with method L-BFGS-B failed: Linesearch failed in both LBFGS and gradient directions
rank #0: 2018-07-16 19:51:48,549 rsdfit.fitting_driver INFO     rank 31 on nid02210     ...fitting complete
rank #0: 2018-07-16 19:51:48,553 rsdfit.fitting_driver INFO     rank 31 on nid02210     Saving the results to `/global/cscratch1/sd/nhand/eBOSS/fits/results/mocks/ezmock/v1.8e-fph/0.005-0.3/basemodel-N-fnl/0.8-2.2/QSO-S-0526-P0+P2-mock-cov-8973e9cf3e/2018-07-16_nlopt_16i_chain0__1.npz`
rank #0: 2018-07-16 19:51:48,591 pyRSD.analysis.lbfgs_results INFO     
minimum chi2 = 82.5603551321

Free parameters [ mean ]
_______________
N              : -422.573439789
b1             : 2.18360331599
f_nl           : 61.450656785
sigma_fog      : 3.08047340329

Constrained parameters [ mean ]
_________________________
b1sigma8       : 0.869758047118
