rank #0: 2019-02-16 13:50:03,627 rsdfit.fitting_driver INFO     rank 52 on nid00542     Calling the 'nlopt' solve function
rank #0: 2019-02-16 13:50:03,628 rsdfit.lbfgs_fitter INFO     running LBFGS for 500 iterations and then stopping
rank #0: 2019-02-16 13:50:03,628 rsdfit.lbfgs_fitter INFO     running LBFGS minimizer with priors
rank #0: 2019-02-16 13:50:03,628 root         INFO     Iter           N          b1        f_nl   sigma_fog   F(X)     
rank #0: 2019-02-16 13:50:03,628 rsdfit.lbfgs_fitter INFO     computing gradient using numerical derivative of lnlike()
rank #0: 2019-02-16 13:50:04,734 LBFGS        INFO     options = {'factr': 100000.0, 'gtol': 1e-05, 'max_iter': 500, 'test_convergence': False}
rank #0: 2019-02-16 13:50:04,735 LBFGS        PARAM    0000          0.000000          2.000000          0.000000          4.000000        132.747911
rank #0: 2019-02-16 13:50:05,991 LBFGS        PARAM    0001        -12.166089          2.082332          2.390911          3.998852        118.524499
rank #0: 2019-02-16 13:50:07,120 LBFGS        PARAM    0002       -238.683297          2.324823         13.715767          4.119872         97.121997
rank #0: 2019-02-16 13:50:08,250 LBFGS        PARAM    0003       -385.167707          2.340338         17.762183          4.228729         91.539487
rank #0: 2019-02-16 13:50:09,380 LBFGS        PARAM    0004       -540.666312          2.353059         25.170405          4.336812         89.269666
rank #0: 2019-02-16 13:50:10,510 LBFGS        PARAM    0005       -546.058209          2.349881         28.614420          4.331972         89.042297
rank #0: 2019-02-16 13:50:11,640 LBFGS        PARAM    0006       -561.928180          2.294060         89.302139          4.187431         86.873839
rank #0: 2019-02-16 13:50:12,770 LBFGS        PARAM    0007       -511.048291          2.281976         93.726124          4.172566         86.606887
rank #0: 2019-02-16 13:50:13,900 LBFGS        PARAM    0008       -491.365936          2.279900         95.407762          4.170848         86.580802
rank #0: 2019-02-16 13:50:15,028 LBFGS        PARAM    0009       -490.537445          2.279244         95.255255          4.171660         86.580557
rank #0: 2019-02-16 13:50:16,158 LBFGS        PARAM    0010       -490.613901          2.279309         95.300461          4.172410         86.580492
rank #0: 2019-02-16 13:50:17,289 LBFGS        PARAM    0011       -489.940285          2.279528         95.422908          4.179145         86.580194
rank #0: 2019-02-16 13:50:18,419 LBFGS        PARAM    0012       -488.851360          2.279489         95.419987          4.184059         86.580094
rank #0: 2019-02-16 13:50:19,549 LBFGS        PARAM    0013       -488.460427          2.279428         95.390073          4.185044         86.580085
rank #0: 2019-02-16 13:50:20,696 LBFGS        PARAM    0014       -488.447659          2.279422         95.387812          4.185022         86.580085
rank #0: 2019-02-16 13:50:21,827 LBFGS        PARAM    0015       -488.448437          2.279422         95.387591          4.185013         86.580085
rank #0: 2019-02-16 13:50:22,958 LBFGS        PARAM    0016       -488.448523          2.279422         95.387596          4.185013         86.580085
rank #0: 2019-02-16 13:50:24,088 LBFGS        PARAM    0017       -488.448522          2.279422         95.387597          4.185013         86.580085
rank #0: 2019-02-16 13:50:25,219 LBFGS        PARAM    0018       -488.448513          2.279422         95.387599          4.185013         86.580085
rank #0: 2019-02-16 13:50:26,348 LBFGS        PARAM    0019       -488.448512          2.279422         95.387598          4.185013         86.580085
rank #0: 2019-02-16 13:50:54,187 LBFGS        PARAM    0020       -488.448503          2.279422         95.387598          4.185013         86.580085
rank #0: 2019-02-16 13:51:21,494 LBFGS        PARAM    0021       -488.448506          2.279422         95.387598          4.185013         86.580085
rank #0: 2019-02-16 13:51:22,617 LBFGS        PARAM    0022       -488.448514          2.279422         95.387598          4.185013         86.580085
rank #0: 2019-02-16 13:52:12,863 LBFGS        INFO     Linesearch failed in both LBFGS and gradient directions
rank #0: 2019-02-16 13:52:12,863 LBFGS        PARAM    0022       -488.448514          2.279422         95.387598          4.185013         86.580085
rank #0: 2019-02-16 13:52:12,863 rsdfit.lbfgs_fitter WARNING  ...LBFGS optimization finished. Time elapsed: 0:02:08.13
rank #0: 2019-02-16 13:52:12,864 rsdfit.lbfgs_fitter ERROR    nonlinear fit with method L-BFGS-B failed: Linesearch failed in both LBFGS and gradient directions
rank #0: 2019-02-16 13:52:12,864 rsdfit.fitting_driver INFO     rank 52 on nid00542     ...fitting complete
rank #0: 2019-02-16 13:52:12,868 rsdfit.fitting_driver INFO     rank 52 on nid00542     Saving the results to `/global/cscratch1/sd/nhand/eBOSS/fits/results/mocks/ezmock/v1.8e-fph/0.005-0.3/basemodel-N-fnl/0.8-2.2/QSO-N-0064-P0+P2-mock-cov-df4d289b36/2019-02-16_nlopt_22i_chain0__1.npz`
rank #0: 2019-02-16 13:52:12,875 pyRSD.analysis.lbfgs_results INFO     
minimum chi2 = 86.5800848165592

Free parameters [ mean ]
_______________
N              : -488.4485135498408
b1             : 2.279422107516085
f_nl           : 95.38759776967674
sigma_fog      : 4.185013066367454

Constrained parameters [ mean ]
_________________________
b1sigma8       : 0.8545218599554111
