rank #0: 2018-12-30 16:07:45,558 rsdfit.fitting_driver INFO     rank 37 on nid00556     Calling the 'nlopt' solve function
rank #0: 2018-12-30 16:07:45,559 rsdfit.lbfgs_fitter INFO     running LBFGS for 500 iterations and then stopping
rank #0: 2018-12-30 16:07:45,559 rsdfit.lbfgs_fitter INFO     running LBFGS minimizer with priors
rank #0: 2018-12-30 16:07:45,559 root         INFO     Iter           N          b1        f_nl   sigma_fog   F(X)     
rank #0: 2018-12-30 16:07:45,559 rsdfit.lbfgs_fitter INFO     computing gradient using numerical derivative of lnlike()
rank #0: 2018-12-30 16:07:46,157 LBFGS        INFO     options = {'factr': 100000.0, 'gtol': 1e-05, 'max_iter': 500, 'test_convergence': False}
rank #0: 2018-12-30 16:07:46,158 LBFGS        PARAM    0000          0.000000          2.000000          0.000000          4.000000         88.045093
rank #0: 2018-12-30 16:07:46,821 LBFGS        PARAM    0001         -8.475175          2.052413          0.590964          3.985226         84.094634
rank #0: 2018-12-30 16:07:47,437 LBFGS        PARAM    0002       -149.860736          2.195525          3.395135          3.980562         78.211703
rank #0: 2018-12-30 16:07:48,053 LBFGS        PARAM    0003       -277.658440          2.228804          5.107973          3.997639         76.387603
rank #0: 2018-12-30 16:07:48,647 LBFGS        PARAM    0004       -426.019695          2.240989          8.946393          3.916107         75.350583
rank #0: 2018-12-30 16:07:49,262 LBFGS        PARAM    0005       -459.839169          2.243283         11.193212          3.841272         75.186947
rank #0: 2018-12-30 16:07:49,879 LBFGS        PARAM    0006       -550.997846          2.242658         22.236465          3.478814         74.662646
rank #0: 2018-12-30 16:07:50,481 LBFGS        PARAM    0007       -574.484940          2.233398         38.963717          3.210596         74.260751
rank #0: 2018-12-30 16:07:51,104 LBFGS        PARAM    0008       -562.666854          2.212343         67.694933          2.978256         73.872515
rank #0: 2018-12-30 16:07:51,726 LBFGS        PARAM    0009       -528.906056          2.199143         87.405388          2.992958         73.643165
rank #0: 2018-12-30 16:07:52,342 LBFGS        PARAM    0010       -484.050638          2.189441        101.759855          3.192760         73.439008
rank #0: 2018-12-30 16:07:52,949 LBFGS        PARAM    0011       -480.030397          2.194244        100.719850          3.317704         73.398761
rank #0: 2018-12-30 16:07:53,570 LBFGS        PARAM    0012       -482.883570          2.194598        100.066928          3.322293         73.398059
rank #0: 2018-12-30 16:07:54,190 LBFGS        PARAM    0013       -483.699574          2.194920        100.161051          3.321220         73.398027
rank #0: 2018-12-30 16:07:54,794 LBFGS        PARAM    0014       -483.651175          2.194874        100.125646          3.320796         73.398025
rank #0: 2018-12-30 16:07:55,420 LBFGS        PARAM    0015       -483.656808          2.194872        100.127370          3.320775         73.398025
rank #0: 2018-12-30 16:07:56,045 LBFGS        PARAM    0016       -483.657225          2.194872        100.127237          3.320774         73.398025
rank #0: 2018-12-30 16:08:22,705 LBFGS        INFO     Linesearch failed in both LBFGS and gradient directions
rank #0: 2018-12-30 16:08:22,706 LBFGS        PARAM    0016       -483.657225          2.194872        100.127237          3.320774         73.398025
rank #0: 2018-12-30 16:08:22,706 rsdfit.lbfgs_fitter WARNING  ...LBFGS optimization finished. Time elapsed: 0:00:36.55
rank #0: 2018-12-30 16:08:22,707 rsdfit.lbfgs_fitter ERROR    nonlinear fit with method L-BFGS-B failed: Linesearch failed in both LBFGS and gradient directions
rank #0: 2018-12-30 16:08:22,708 rsdfit.fitting_driver INFO     rank 37 on nid00556     ...fitting complete
rank #0: 2018-12-30 16:08:22,711 rsdfit.fitting_driver INFO     rank 37 on nid00556     Saving the results to `/global/cscratch1/sd/nhand/eBOSS/fits/results/mocks/ezmock/v1.8e-fph/0.0001-0.3/basemodel-N-fnl/0.8-2.2/QSO-S-0145-P0+P2-mock-cov-8e654b7a3f/2018-12-30_nlopt_16i_chain0__1.npz`
rank #0: 2018-12-30 16:08:22,783 pyRSD.analysis.lbfgs_results INFO     
minimum chi2 = 73.3980249778

Free parameters [ mean ]
_______________
N              : -483.657224922
b1             : 2.19487184955
f_nl           : 100.127237257
sigma_fog      : 3.32077437506

Constrained parameters [ mean ]
_________________________
b1sigma8       : 0.874246452898
