rank #0: 2019-02-16 14:36:50,363 rsdfit.fitting_driver INFO     rank 26 on nid01132     Calling the 'nlopt' solve function
rank #0: 2019-02-16 14:36:50,364 rsdfit.lbfgs_fitter INFO     running LBFGS for 500 iterations and then stopping
rank #0: 2019-02-16 14:36:50,365 rsdfit.lbfgs_fitter INFO     running LBFGS minimizer with priors
rank #0: 2019-02-16 14:36:50,366 root         INFO     Iter           N          b1        f_nl   sigma_fog   F(X)     
rank #0: 2019-02-16 14:36:50,366 rsdfit.lbfgs_fitter INFO     computing gradient using numerical derivative of lnlike()
rank #0: 2019-02-16 14:36:51,483 LBFGS        INFO     options = {'factr': 100000.0, 'gtol': 1e-05, 'max_iter': 500, 'test_convergence': False}
rank #0: 2019-02-16 14:36:51,485 LBFGS        PARAM    0000          0.000000          2.000000          0.000000          4.000000        144.956896
rank #0: 2019-02-16 14:36:52,757 LBFGS        PARAM    0001         38.698856          2.139783          1.470711          3.991878        119.107697
rank #0: 2019-02-16 14:36:53,901 LBFGS        PARAM    0002        -75.898882          2.445921          8.901301          4.168272         96.221154
rank #0: 2019-02-16 14:36:55,048 LBFGS        PARAM    0003       -216.009909          2.467241         11.590498          4.330967         89.807682
rank #0: 2019-02-16 14:36:56,197 LBFGS        PARAM    0004       -492.108069          2.535109         21.041310          4.718653         84.641440
rank #0: 2019-02-16 14:36:57,351 LBFGS        PARAM    0005       -469.891451          2.522050         25.747374          4.786065         84.173546
rank #0: 2019-02-16 14:36:58,497 LBFGS        PARAM    0006       -306.168860          2.471743         68.954203          5.396086         81.634123
rank #0: 2019-02-16 14:36:59,640 LBFGS        PARAM    0007       -205.126893          2.461604        109.911529          5.860754         80.385053
rank #0: 2019-02-16 14:37:00,781 LBFGS        PARAM    0008       -195.332339          2.459071        138.747146          5.899179         79.731099
rank #0: 2019-02-16 14:37:01,915 LBFGS        PARAM    0009       -212.885522          2.449845        168.588749          5.689786         79.179018
rank #0: 2019-02-16 14:37:03,053 LBFGS        PARAM    0010       -244.444668          2.434439        183.452924          5.389885         78.867053
rank #0: 2019-02-16 14:37:04,192 LBFGS        PARAM    0011       -270.265734          2.416262        190.220460          5.213942         78.763134
rank #0: 2019-02-16 14:37:05,330 LBFGS        PARAM    0012       -271.615997          2.418431        188.927023          5.217150         78.762178
rank #0: 2019-02-16 14:37:06,461 LBFGS        PARAM    0013       -271.977495          2.418574        188.743337          5.215660         78.762165
rank #0: 2019-02-16 14:37:07,593 LBFGS        PARAM    0014       -272.018375          2.418577        188.729775          5.215486         78.762165
rank #0: 2019-02-16 14:37:08,723 LBFGS        PARAM    0015       -272.018135          2.418576        188.729489          5.215488         78.762165
rank #0: 2019-02-16 14:37:09,863 LBFGS        PARAM    0016       -272.018087          2.418576        188.729473          5.215488         78.762165
rank #0: 2019-02-16 14:37:11,006 LBFGS        PARAM    0017       -272.018111          2.418576        188.729469          5.215488         78.762165
rank #0: 2019-02-16 14:38:01,362 LBFGS        INFO     Linesearch failed in both LBFGS and gradient directions
rank #0: 2019-02-16 14:38:01,364 LBFGS        PARAM    0017       -272.018111          2.418576        188.729469          5.215488         78.762165
rank #0: 2019-02-16 14:38:01,365 rsdfit.lbfgs_fitter WARNING  ...LBFGS optimization finished. Time elapsed: 0:01:09.88
rank #0: 2019-02-16 14:38:01,366 rsdfit.lbfgs_fitter ERROR    nonlinear fit with method L-BFGS-B failed: Linesearch failed in both LBFGS and gradient directions
rank #0: 2019-02-16 14:38:01,367 rsdfit.fitting_driver INFO     rank 26 on nid01132     ...fitting complete
rank #0: 2019-02-16 14:38:01,372 rsdfit.fitting_driver INFO     rank 26 on nid01132     Saving the results to `/global/cscratch1/sd/nhand/eBOSS/fits/results/mocks/ezmock/v1.8e-fph/0.005-0.3/basemodel-N-fnl/0.8-2.2/QSO-N-0693-P0+P2-mock-cov-3574198df7/2019-02-16_nlopt_17i_chain0__1.npz`
rank #0: 2019-02-16 14:38:01,379 pyRSD.analysis.lbfgs_results INFO     
minimum chi2 = 78.76216494858461

Free parameters [ mean ]
_______________
N              : -272.01811134277415
b1             : 2.4185763763355466
f_nl           : 188.7294689748449
sigma_fog      : 5.215488321500208

Constrained parameters [ mean ]
_________________________
b1sigma8       : 0.876089404274146
