rank #0: 2018-07-15 20:12:20,743 rsdfit.fitting_driver INFO     rank 32 on nid00570     Calling the 'nlopt' solve function
rank #0: 2018-07-15 20:12:20,744 rsdfit.lbfgs_fitter INFO     running LBFGS for 500 iterations and then stopping
rank #0: 2018-07-15 20:12:20,744 rsdfit.lbfgs_fitter INFO     running LBFGS minimizer with priors
rank #0: 2018-07-15 20:12:20,745 root         INFO     Iter           N          b1        f_nl   sigma_fog   F(X)     
rank #0: 2018-07-15 20:12:21,323 LBFGS        INFO     options = {'factr': 100000.0, 'gtol': 1e-05, 'max_iter': 500, 'test_convergence': False}
rank #0: 2018-07-15 20:12:21,324 LBFGS        PARAM    0000          0.000000          2.000000          0.000000          4.000000        119.663481
rank #0: 2018-07-15 20:12:21,983 LBFGS        PARAM    0001         56.820298          2.173468          1.493285          3.995757        101.835333
rank #0: 2018-07-15 20:12:22,587 LBFGS        PARAM    0002        -76.018641          2.546119          8.334635          4.222470         87.454771
rank #0: 2018-07-15 20:12:23,181 LBFGS        PARAM    0003       -221.071580          2.543701          8.653314          4.398802         83.513140
rank #0: 2018-07-15 20:12:23,787 LBFGS        PARAM    0004       -485.648859          2.613339         10.752407          4.770685         81.159988
rank #0: 2018-07-15 20:12:24,395 LBFGS        PARAM    0005       -456.696408          2.602735          9.970585          4.840995         81.033757
rank #0: 2018-07-15 20:12:24,988 LBFGS        PARAM    0006       -366.778344          2.592088          7.656667          5.179049         80.745434
rank #0: 2018-07-15 20:12:25,594 LBFGS        PARAM    0007       -334.637178          2.603796          6.325448          5.406575         80.662644
rank #0: 2018-07-15 20:12:26,199 LBFGS        PARAM    0008       -336.008882          2.608511          5.748826          5.445073         80.658597
rank #0: 2018-07-15 20:12:26,797 LBFGS        PARAM    0009       -336.805427          2.609407          5.407175          5.446841         80.658243
rank #0: 2018-07-15 20:12:27,407 LBFGS        PARAM    0010       -338.946901          2.611465          4.088058          5.447582         80.657416
rank #0: 2018-07-15 20:12:28,008 LBFGS        PARAM    0011       -339.811456          2.612188          2.945657          5.445894         80.656949
rank #0: 2018-07-15 20:12:28,618 LBFGS        PARAM    0012       -339.515656          2.611857          2.357443          5.443976         80.656792
rank #0: 2018-07-15 20:12:29,225 LBFGS        PARAM    0013       -339.395388          2.611760          2.350237          5.443395         80.656790
rank #0: 2018-07-15 20:12:29,815 LBFGS        PARAM    0014       -339.387779          2.611744          2.359265          5.443321         80.656790
rank #0: 2018-07-15 20:12:30,421 LBFGS        PARAM    0015       -339.386911          2.611742          2.360835          5.443320         80.656790
rank #0: 2018-07-15 20:12:31,023 LBFGS        PARAM    0016       -339.386835          2.611742          2.360876          5.443320         80.656790
rank #0: 2018-07-15 20:12:31,686 LBFGS        PARAM    0017       -339.386833          2.611742          2.360876          5.443320         80.656790
rank #0: 2018-07-15 20:12:57,735 LBFGS        INFO     Linesearch failed in both LBFGS and gradient directions
rank #0: 2018-07-15 20:12:57,736 LBFGS        PARAM    0017       -339.386833          2.611742          2.360876          5.443320         80.656790
rank #0: 2018-07-15 20:12:57,737 rsdfit.lbfgs_fitter WARNING  ...LBFGS optimization finished. Time elapsed: 0:00:36.41
rank #0: 2018-07-15 20:12:57,738 rsdfit.lbfgs_fitter ERROR    nonlinear fit with method L-BFGS-B failed: Linesearch failed in both LBFGS and gradient directions
rank #0: 2018-07-15 20:12:57,739 rsdfit.fitting_driver INFO     rank 32 on nid00570     ...fitting complete
rank #0: 2018-07-15 20:12:57,742 rsdfit.fitting_driver INFO     rank 32 on nid00570     Saving the results to `/global/cscratch1/sd/nhand/eBOSS/fits/results/mocks/ezmock/v1.8e-fph/0.0001-0.3/basemodel-N-fnl/0.8-2.2/QSO-S-0299-P0+P2-mock-cov-f224d44da7/2018-07-15_nlopt_17i_chain0__1.npz`
rank #0: 2018-07-15 20:12:57,771 pyRSD.analysis.lbfgs_results INFO     
minimum chi2 = 80.6567898838

Free parameters [ mean ]
_______________
N              : -339.386833393
b1             : 2.61174190502
f_nl           : 2.36087611977
sigma_fog      : 5.44332042469

Constrained parameters [ mean ]
_________________________
b1sigma8       : 0.946060431284
