rank #0: 2018-06-24 11:33:46,736 rsdfit.fitting_driver INFO     rank 63 on nid00619     Calling the 'nlopt' solve function
rank #0: 2018-06-24 11:33:46,737 rsdfit.lbfgs_fitter INFO     running LBFGS for 500 iterations and then stopping
rank #0: 2018-06-24 11:33:46,738 rsdfit.lbfgs_fitter INFO     running LBFGS minimizer with priors
rank #0: 2018-06-24 11:33:46,738 root         INFO     Iter           N          b1        f_nl   sigma_fog   F(X)     
rank #0: 2018-06-24 11:33:47,312 LBFGS        INFO     options = {'factr': 100000.0, 'gtol': 1e-05, 'max_iter': 500, 'test_convergence': False}
rank #0: 2018-06-24 11:33:47,314 LBFGS        PARAM    0000          0.000000          2.000000          0.000000          4.000000         85.759169
rank #0: 2018-06-24 11:33:47,993 LBFGS        PARAM    0001          0.687516          2.050895          0.994387          3.985198         81.535154
rank #0: 2018-06-24 11:33:48,604 LBFGS        PARAM    0002       -102.276691          2.190180          4.927106          3.981996         75.820369
rank #0: 2018-06-24 11:33:49,197 LBFGS        PARAM    0003       -202.295014          2.218147          6.723144          4.005306         74.261263
rank #0: 2018-06-24 11:33:49,806 LBFGS        PARAM    0004       -380.148292          2.239913         11.930648          3.958033         72.954539
rank #0: 2018-06-24 11:33:50,419 LBFGS        PARAM    0005       -405.440668          2.241586         14.603591          3.901599         72.816273
rank #0: 2018-06-24 11:33:51,026 LBFGS        PARAM    0006       -589.135343          2.236325         47.340364          3.285601         71.892373
rank #0: 2018-06-24 11:33:51,614 LBFGS        PARAM    0007       -570.519112          2.220656         58.738174          3.212082         71.400093
rank #0: 2018-06-24 11:33:52,219 LBFGS        PARAM    0008       -334.936067          2.159358         75.833627          3.443155         70.787980
rank #0: 2018-06-24 11:33:52,824 LBFGS        PARAM    0009       -410.822124          2.178972         76.346712          3.409331         70.616913
rank #0: 2018-06-24 11:33:53,411 LBFGS        PARAM    0010       -409.833374          2.184554         70.528629          3.488262         70.606673
rank #0: 2018-06-24 11:33:54,014 LBFGS        PARAM    0011       -402.148131          2.181182         73.641717          3.495090         70.588888
rank #0: 2018-06-24 11:33:54,619 LBFGS        PARAM    0012       -398.580336          2.180780         74.350212          3.516614         70.587018
rank #0: 2018-06-24 11:33:55,226 LBFGS        PARAM    0013       -398.176412          2.180880         74.296640          3.521236         70.586973
rank #0: 2018-06-24 11:33:55,818 LBFGS        PARAM    0014       -398.202059          2.180891         74.298991          3.521175         70.586973
rank #0: 2018-06-24 11:33:56,425 LBFGS        PARAM    0015       -398.202932          2.180889         74.299171          3.521171         70.586973
rank #0: 2018-06-24 11:33:57,033 LBFGS        PARAM    0016       -398.202726          2.180889         74.299144          3.521172         70.586973
rank #0: 2018-06-24 11:33:57,627 LBFGS        PARAM    0017       -398.202735          2.180889         74.299144          3.521172         70.586973
rank #0: 2018-06-24 11:34:12,122 LBFGS        PARAM    0018       -398.202729          2.180889         74.299144          3.521172         70.586973
rank #0: 2018-06-24 11:34:38,199 LBFGS        INFO     Linesearch failed in both LBFGS and gradient directions
rank #0: 2018-06-24 11:34:38,201 LBFGS        PARAM    0018       -398.202729          2.180889         74.299144          3.521172         70.586973
rank #0: 2018-06-24 11:34:38,202 rsdfit.lbfgs_fitter WARNING  ...LBFGS optimization finished. Time elapsed: 0:00:50.89
rank #0: 2018-06-24 11:34:38,202 rsdfit.lbfgs_fitter ERROR    nonlinear fit with method L-BFGS-B failed: Linesearch failed in both LBFGS and gradient directions
rank #0: 2018-06-24 11:34:38,204 rsdfit.fitting_driver INFO     rank 63 on nid00619     ...fitting complete
rank #0: 2018-06-24 11:34:38,207 rsdfit.fitting_driver INFO     rank 63 on nid00619     Saving the results to `/global/cscratch1/sd/nhand/eBOSS/fits/results/mocks/ezmock/v1.8e-fph/0.0001-0.3/basemodel-N-fnl/0.8-2.2/QSO-S-0530-P0+P2-mock-cov-8973e9cf3e/2018-06-24_nlopt_18i_chain0__1.npz`
rank #0: 2018-06-24 11:34:38,235 pyRSD.analysis.lbfgs_results INFO     
minimum chi2 = 70.5869728168

Free parameters [ mean ]
_______________
N              : -398.202728847
b1             : 2.18088930499
f_nl           : 74.2991441553
sigma_fog      : 3.52117163556

Constrained parameters [ mean ]
_________________________
b1sigma8       : 0.868677020686
