rank #0: 2018-07-15 19:57:05,890 rsdfit.fitting_driver INFO     rank 13 on nid00604     Calling the 'nlopt' solve function
rank #0: 2018-07-15 19:57:05,891 rsdfit.lbfgs_fitter INFO     running LBFGS for 500 iterations and then stopping
rank #0: 2018-07-15 19:57:05,892 rsdfit.lbfgs_fitter INFO     running LBFGS minimizer with priors
rank #0: 2018-07-15 19:57:05,892 root         INFO     Iter           N          b1        f_nl   sigma_fog   F(X)     
rank #0: 2018-07-15 19:57:06,469 LBFGS        INFO     options = {'factr': 100000.0, 'gtol': 1e-05, 'max_iter': 500, 'test_convergence': False}
rank #0: 2018-07-15 19:57:06,469 LBFGS        PARAM    0000          0.000000          2.000000          0.000000          4.000000        106.411450
rank #0: 2018-07-15 19:57:07,128 LBFGS        PARAM    0001         23.246595          2.070514          0.551958          3.992412         92.202134
rank #0: 2018-07-15 19:57:07,708 LBFGS        PARAM    0002        -18.476018          2.214049          2.493064          4.050322         80.785873
rank #0: 2018-07-15 19:57:08,293 LBFGS        PARAM    0003        -76.182639          2.227750          3.089457          4.116293         78.868221
rank #0: 2018-07-15 19:57:08,883 LBFGS        PARAM    0004       -214.943450          2.261028          5.383248          4.317151         76.795225
rank #0: 2018-07-15 19:57:09,475 LBFGS        PARAM    0005       -208.250649          2.259820          6.121729          4.343799         76.749142
rank #0: 2018-07-15 19:57:10,053 LBFGS        PARAM    0006       -153.223111          2.255090         14.438142          4.573024         76.540409
rank #0: 2018-07-15 19:57:10,645 LBFGS        PARAM    0007       -148.790603          2.251709         21.229911          4.581946         76.469217
rank #0: 2018-07-15 19:57:11,306 LBFGS        PARAM    0008       -141.417759          2.237590         54.081634          4.557780         76.231215
rank #0: 2018-07-15 19:57:11,892 LBFGS        PARAM    0009       -149.285252          2.233026         64.317513          4.491785         76.212210
rank #0: 2018-07-15 19:57:12,489 LBFGS        PARAM    0010       -151.934004          2.234832         60.381286          4.484258         76.209016
rank #0: 2018-07-15 19:57:13,086 LBFGS        PARAM    0011       -151.903750          2.234988         60.622733          4.485096         76.208979
rank #0: 2018-07-15 19:57:13,681 LBFGS        PARAM    0012       -151.904563          2.234923         60.640929          4.484801         76.208977
rank #0: 2018-07-15 19:57:14,261 LBFGS        PARAM    0013       -151.903830          2.234923         60.639750          4.484815         76.208977
rank #0: 2018-07-15 19:57:14,854 LBFGS        PARAM    0014       -151.903804          2.234923         60.639794          4.484815         76.208977
rank #0: 2018-07-15 19:57:15,449 LBFGS        PARAM    0015       -151.903803          2.234923         60.639793          4.484815         76.208977
rank #0: 2018-07-15 19:57:16,094 LBFGS        PARAM    0016       -151.903803          2.234923         60.639793          4.484815         76.208977
rank #0: 2018-07-15 19:57:41,456 LBFGS        INFO     Linesearch failed in both LBFGS and gradient directions
rank #0: 2018-07-15 19:57:41,457 LBFGS        PARAM    0016       -151.903803          2.234923         60.639793          4.484815         76.208977
rank #0: 2018-07-15 19:57:41,457 rsdfit.lbfgs_fitter WARNING  ...LBFGS optimization finished. Time elapsed: 0:00:34.99
rank #0: 2018-07-15 19:57:41,458 rsdfit.lbfgs_fitter ERROR    nonlinear fit with method L-BFGS-B failed: Linesearch failed in both LBFGS and gradient directions
rank #0: 2018-07-15 19:57:41,459 rsdfit.fitting_driver INFO     rank 13 on nid00604     ...fitting complete
rank #0: 2018-07-15 19:57:41,463 rsdfit.fitting_driver INFO     rank 13 on nid00604     Saving the results to `/global/cscratch1/sd/nhand/eBOSS/fits/results/mocks/ezmock/v1.8e-fph/0.0001-0.3/basemodel-N-fnl/0.8-2.2/QSO-N-0333-P0+P2-mock-cov-a8bcb55756/2018-07-15_nlopt_16i_chain0__1.npz`
rank #0: 2018-07-15 19:57:41,505 pyRSD.analysis.lbfgs_results INFO     
minimum chi2 = 76.2089767711

Free parameters [ mean ]
_______________
N              : -151.903802943
b1             : 2.23492338391
f_nl           : 60.6397931642
sigma_fog      : 4.48481527544

Constrained parameters [ mean ]
_________________________
b1sigma8       : 0.890199508131
