rank #0: 2018-10-08 10:10:41,190 rsdfit.fitting_driver INFO     rank 60 on nid00694     Calling the 'nlopt' solve function
rank #0: 2018-10-08 10:10:41,191 rsdfit.lbfgs_fitter INFO     running LBFGS for 500 iterations and then stopping
rank #0: 2018-10-08 10:10:41,191 rsdfit.lbfgs_fitter INFO     running LBFGS minimizer with priors
rank #0: 2018-10-08 10:10:41,192 root         INFO     Iter           N          b1        f_nl   sigma_fog   F(X)     
rank #0: 2018-10-08 10:10:41,192 rsdfit.lbfgs_fitter INFO     computing gradient using numerical derivative of lnlike()
rank #0: 2018-10-08 10:10:42,395 LBFGS        INFO     options = {'factr': 100000.0, 'gtol': 1e-05, 'max_iter': 500, 'test_convergence': False}
rank #0: 2018-10-08 10:10:42,396 LBFGS        PARAM    0000          0.000000          2.000000          0.000000          4.000000        136.910218
rank #0: 2018-10-08 10:10:43,771 LBFGS        PARAM    0001         57.577663          2.162832          1.398688          3.966694        103.895647
rank #0: 2018-10-08 10:10:45,010 LBFGS        PARAM    0002        -62.795875          2.516882          8.047028          4.071519         77.842226
rank #0: 2018-10-08 10:10:46,270 LBFGS        PARAM    0003       -197.711329          2.512108          8.908533          4.203158         71.173570
rank #0: 2018-10-08 10:10:47,507 LBFGS        PARAM    0004       -492.212001          2.586902         12.989710          4.486177         66.362411
rank #0: 2018-10-08 10:10:48,766 LBFGS        PARAM    0005       -483.617398          2.582734         14.092922          4.485805         66.342182
rank #0: 2018-10-08 10:10:50,005 LBFGS        PARAM    0006       -463.695113          2.574276         19.821785          4.501899         66.288776
rank #0: 2018-10-08 10:10:51,242 LBFGS        PARAM    0007       -461.554902          2.572786         25.058139          4.518111         66.266263
rank #0: 2018-10-08 10:10:52,501 LBFGS        PARAM    0008       -466.339517          2.573457         25.558967          4.515655         66.265032
rank #0: 2018-10-08 10:10:53,744 LBFGS        PARAM    0009       -467.098647          2.573800         25.510006          4.514417         66.264995
rank #0: 2018-10-08 10:10:55,009 LBFGS        PARAM    0010       -467.223886          2.573816         25.498001          4.513952         66.264993
rank #0: 2018-10-08 10:10:56,249 LBFGS        PARAM    0011       -467.340398          2.573753         25.513861          4.512731         66.264988
rank #0: 2018-10-08 10:10:57,486 LBFGS        PARAM    0012       -467.342638          2.573748         25.513985          4.512718         66.264988
rank #0: 2018-10-08 10:10:58,748 LBFGS        PARAM    0013       -467.341336          2.573748         25.514134          4.512719         66.264988
rank #0: 2018-10-08 10:10:59,990 LBFGS        PARAM    0014       -467.341127          2.573748         25.514168          4.512719         66.264988
rank #0: 2018-10-08 10:11:01,387 LBFGS        PARAM    0015       -467.341128          2.573748         25.514168          4.512719         66.264988
rank #0: 2018-10-08 10:11:56,599 LBFGS        INFO     Linesearch failed in both LBFGS and gradient directions
rank #0: 2018-10-08 10:11:56,600 LBFGS        PARAM    0015       -467.341128          2.573748         25.514168          4.512719         66.264988
rank #0: 2018-10-08 10:11:56,601 rsdfit.lbfgs_fitter WARNING  ...LBFGS optimization finished. Time elapsed: 0:01:14.21
rank #0: 2018-10-08 10:11:56,602 rsdfit.lbfgs_fitter ERROR    nonlinear fit with method L-BFGS-B failed: Linesearch failed in both LBFGS and gradient directions
rank #0: 2018-10-08 10:11:56,604 rsdfit.fitting_driver INFO     rank 60 on nid00694     ...fitting complete
rank #0: 2018-10-08 10:11:56,607 rsdfit.fitting_driver INFO     rank 60 on nid00694     Saving the results to `/global/cscratch1/sd/nhand/eBOSS/fits/results/mocks/ezmock/v1.8e-fph/0.0001-0.3/basemodel-N-fnl/0.8-2.2/QSO-N-0489-P0+P2-mock-cov-4ae05ce33e/2018-10-08_nlopt_15i_chain0__1.npz`
rank #0: 2018-10-08 10:11:56,701 pyRSD.analysis.lbfgs_results INFO     
minimum chi2 = 66.2649883601

Free parameters [ mean ]
_______________
N              : -467.34112753
b1             : 2.57374780171
f_nl           : 25.5141684805
sigma_fog      : 4.51271944997

Constrained parameters [ mean ]
_________________________
b1sigma8       : 0.932297693972
