rank #0: 2019-02-16 13:49:32,178 rsdfit.fitting_driver INFO     rank 25 on nid00541     Calling the 'nlopt' solve function
rank #0: 2019-02-16 13:49:32,178 rsdfit.lbfgs_fitter INFO     running LBFGS for 500 iterations and then stopping
rank #0: 2019-02-16 13:49:32,178 rsdfit.lbfgs_fitter INFO     running LBFGS minimizer with priors
rank #0: 2019-02-16 13:49:32,179 root         INFO     Iter           N          b1        f_nl   sigma_fog   F(X)     
rank #0: 2019-02-16 13:49:32,179 rsdfit.lbfgs_fitter INFO     computing gradient using numerical derivative of lnlike()
rank #0: 2019-02-16 13:49:33,305 LBFGS        INFO     options = {'factr': 100000.0, 'gtol': 1e-05, 'max_iter': 500, 'test_convergence': False}
rank #0: 2019-02-16 13:49:33,306 LBFGS        PARAM    0000          0.000000          2.000000          0.000000          4.000000        113.009621
rank #0: 2019-02-16 13:49:34,575 LBFGS        PARAM    0001        -21.314985          2.083445          1.680027          4.007501        100.077816
rank #0: 2019-02-16 13:49:35,717 LBFGS        PARAM    0002       -272.075887          2.313276          7.813087          4.163000         80.852932
rank #0: 2019-02-16 13:49:36,861 LBFGS        PARAM    0003       -433.156837          2.334805          8.414236          4.290490         75.990677
rank #0: 2019-02-16 13:49:38,004 LBFGS        PARAM    0004       -535.240813          2.342362          7.727957          4.372488         75.025602
rank #0: 2019-02-16 13:49:39,148 LBFGS        PARAM    0005       -537.009307          2.343871          7.100408          4.373143         75.013174
rank #0: 2019-02-16 13:49:40,291 LBFGS        PARAM    0006       -563.323748          2.368010         -9.822765          4.376893         74.809431
rank #0: 2019-02-16 13:49:41,436 LBFGS        PARAM    0007       -568.406614          2.375106        -20.452771          4.375766         74.743798
rank #0: 2019-02-16 13:49:42,580 LBFGS        PARAM    0008       -565.584529          2.375623        -24.793290          4.380970         74.732228
rank #0: 2019-02-16 13:49:43,723 LBFGS        PARAM    0009       -564.628527          2.375357        -25.170649          4.382385         74.732013
rank #0: 2019-02-16 13:49:44,867 LBFGS        PARAM    0010       -564.365088          2.375274        -25.156864          4.383038         74.731998
rank #0: 2019-02-16 13:49:46,011 LBFGS        PARAM    0011       -563.808999          2.375179        -25.103030          4.385044         74.731970
rank #0: 2019-02-16 13:49:47,154 LBFGS        PARAM    0012       -563.616216          2.375270        -25.097113          4.386582         74.731958
rank #0: 2019-02-16 13:49:48,298 LBFGS        PARAM    0013       -563.631972          2.375324        -25.108952          4.386853         74.731957
rank #0: 2019-02-16 13:49:49,443 LBFGS        PARAM    0014       -563.644483          2.375331        -25.112179          4.386836         74.731957
rank #0: 2019-02-16 13:49:50,586 LBFGS        PARAM    0015       -563.646444          2.375331        -25.112662          4.386830         74.731957
rank #0: 2019-02-16 13:49:51,730 LBFGS        PARAM    0016       -563.646457          2.375331        -25.112676          4.386830         74.731957
rank #0: 2019-02-16 13:49:52,875 LBFGS        PARAM    0017       -563.646441          2.375331        -25.112677          4.386830         74.731957
rank #0: 2019-02-16 13:49:54,019 LBFGS        PARAM    0018       -563.646446          2.375331        -25.112678          4.386830         74.731957
rank #0: 2019-02-16 13:49:55,292 LBFGS        PARAM    0019       -563.646456          2.375331        -25.112680          4.386830         74.731957
rank #0: 2019-02-16 13:49:56,436 LBFGS        PARAM    0020       -563.646451          2.375331        -25.112678          4.386830         74.731957
rank #0: 2019-02-16 13:50:24,291 LBFGS        PARAM    0021       -563.646451          2.375331        -25.112678          4.386830         74.731957
rank #0: 2019-02-16 13:51:11,909 LBFGS        INFO     Linesearch failed in both LBFGS and gradient directions
rank #0: 2019-02-16 13:51:11,910 LBFGS        PARAM    0021       -563.646451          2.375331        -25.112678          4.386830         74.731957
rank #0: 2019-02-16 13:51:11,910 rsdfit.lbfgs_fitter WARNING  ...LBFGS optimization finished. Time elapsed: 0:01:38.60
rank #0: 2019-02-16 13:51:11,910 rsdfit.lbfgs_fitter ERROR    nonlinear fit with method L-BFGS-B failed: Linesearch failed in both LBFGS and gradient directions
rank #0: 2019-02-16 13:51:11,911 rsdfit.fitting_driver INFO     rank 25 on nid00541     ...fitting complete
rank #0: 2019-02-16 13:51:11,930 rsdfit.fitting_driver INFO     rank 25 on nid00541     Saving the results to `/global/cscratch1/sd/nhand/eBOSS/fits/results/mocks/ezmock/v1.8e-fph/0.005-0.3/basemodel-N-fnl/0.8-2.2/QSO-N-0022-P0+P2-mock-cov-df4d289b36/2019-02-16_nlopt_21i_chain0__1.npz`
rank #0: 2019-02-16 13:51:11,936 pyRSD.analysis.lbfgs_results INFO     
minimum chi2 = 74.73195715906503

Free parameters [ mean ]
_______________
N              : -563.6464507593643
b1             : 2.375331182005946
f_nl           : -25.112678410886907
sigma_fog      : 4.386829896766429

Constrained parameters [ mean ]
_________________________
b1sigma8       : 0.8904767629325463
