rank #0: 2018-07-15 19:27:00,161 rsdfit.fitting_driver INFO     rank 39 on nid00568     Calling the 'nlopt' solve function
rank #0: 2018-07-15 19:27:00,162 rsdfit.lbfgs_fitter INFO     running LBFGS for 500 iterations and then stopping
rank #0: 2018-07-15 19:27:00,163 rsdfit.lbfgs_fitter INFO     running LBFGS minimizer with priors
rank #0: 2018-07-15 19:27:00,163 root         INFO     Iter           N          b1        f_nl   sigma_fog   F(X)     
rank #0: 2018-07-15 19:27:00,731 LBFGS        INFO     options = {'factr': 100000.0, 'gtol': 1e-05, 'max_iter': 500, 'test_convergence': False}
rank #0: 2018-07-15 19:27:00,733 LBFGS        PARAM    0000          0.000000          2.000000          0.000000          4.000000         99.597366
rank #0: 2018-07-15 19:27:01,396 LBFGS        PARAM    0001        -22.773260          2.043674          0.997667          4.017339         95.202134
rank #0: 2018-07-15 19:27:01,993 LBFGS        PARAM    0002       -198.958773          2.161405          4.638822          4.149553         87.599959
rank #0: 2018-07-15 19:27:02,577 LBFGS        PARAM    0003       -310.078721          2.175444          5.597779          4.239855         86.120681
rank #0: 2018-07-15 19:27:03,176 LBFGS        PARAM    0004       -320.177476          2.173996          5.622627          4.253569         86.096969
rank #0: 2018-07-15 19:27:03,775 LBFGS        PARAM    0005       -320.168965          2.174124          5.630200          4.256686         86.096102
rank #0: 2018-07-15 19:27:04,361 LBFGS        PARAM    0006       -313.017805          2.174549          5.650066          4.306769         86.087094
rank #0: 2018-07-15 19:27:04,956 LBFGS        PARAM    0007       -308.178202          2.174190          5.506106          4.319960         86.086019
rank #0: 2018-07-15 19:27:05,557 LBFGS        PARAM    0008       -307.863642          2.174277          5.463886          4.320485         86.085998
rank #0: 2018-07-15 19:27:06,157 LBFGS        PARAM    0009       -307.773168          2.174308          5.433324          4.320573         86.085992
rank #0: 2018-07-15 19:27:06,739 LBFGS        PARAM    0010       -307.683679          2.174383          5.347921          4.320708         86.085979
rank #0: 2018-07-15 19:27:07,339 LBFGS        PARAM    0011       -307.693901          2.174520          5.181654          4.320928         86.085957
rank #0: 2018-07-15 19:27:07,936 LBFGS        PARAM    0012       -307.910420          2.174671          4.988349          4.321170         86.085935
rank #0: 2018-07-15 19:27:08,520 LBFGS        PARAM    0013       -308.120931          2.174717          4.922429          4.321218         86.085929
rank #0: 2018-07-15 19:27:09,117 LBFGS        PARAM    0014       -308.173032          2.174707          4.931471          4.321190         86.085929
rank #0: 2018-07-15 19:27:09,713 LBFGS        PARAM    0015       -308.176203          2.174702          4.937795          4.321180         86.085929
rank #0: 2018-07-15 19:27:10,312 LBFGS        PARAM    0016       -308.175611          2.174701          4.938489          4.321179         86.085929
rank #0: 2018-07-15 19:27:10,896 LBFGS        PARAM    0017       -308.175556          2.174701          4.938510          4.321179         86.085929
rank #0: 2018-07-15 19:27:11,495 LBFGS        PARAM    0018       -308.175550          2.174701          4.938509          4.321179         86.085929
rank #0: 2018-07-15 19:27:25,763 LBFGS        PARAM    0019       -308.175551          2.174701          4.938509          4.321179         86.085929
rank #0: 2018-07-15 19:27:25,765 LBFGS        INFO     LBFGS iteration 19: the descent direction does not have a sufficient projection (cos(theta)=-8.74e-01, theta=150.9382) into the gradient; using steepest descent at this step!
rank #0: 2018-07-15 19:27:37,856 LBFGS        INFO     Linesearch failed in both LBFGS and gradient directions
rank #0: 2018-07-15 19:27:37,858 LBFGS        PARAM    0019       -308.175551          2.174701          4.938509          4.321179         86.085929
rank #0: 2018-07-15 19:27:37,858 rsdfit.lbfgs_fitter WARNING  ...LBFGS optimization finished. Time elapsed: 0:00:37.13
rank #0: 2018-07-15 19:27:37,859 rsdfit.lbfgs_fitter ERROR    nonlinear fit with method L-BFGS-B failed: Linesearch failed in both LBFGS and gradient directions
rank #0: 2018-07-15 19:27:37,861 rsdfit.fitting_driver INFO     rank 39 on nid00568     ...fitting complete
rank #0: 2018-07-15 19:27:37,864 rsdfit.fitting_driver INFO     rank 39 on nid00568     Saving the results to `/global/cscratch1/sd/nhand/eBOSS/fits/results/mocks/ezmock/v1.8e-fph/0.0001-0.3/basemodel-N-fnl/0.8-2.2/QSO-N-0738-P0+P2-mock-cov-8973e9cf3e/2018-07-15_nlopt_19i_chain0__1.npz`
rank #0: 2018-07-15 19:27:37,890 pyRSD.analysis.lbfgs_results INFO     
minimum chi2 = 86.0859287843

Free parameters [ mean ]
_______________
N              : -308.175550725
b1             : 2.17470118972
f_nl           : 4.93850884613
sigma_fog      : 4.32117946862

Constrained parameters [ mean ]
_________________________
b1sigma8       : 0.866212212624
