rank #0: 2018-06-24 13:04:18,289 rsdfit.fitting_driver INFO     rank 24 on nid00545     Calling the 'nlopt' solve function
rank #0: 2018-06-24 13:04:18,291 rsdfit.lbfgs_fitter INFO     running LBFGS for 500 iterations and then stopping
rank #0: 2018-06-24 13:04:18,291 rsdfit.lbfgs_fitter INFO     running LBFGS minimizer with priors
rank #0: 2018-06-24 13:04:18,292 root         INFO     Iter           N          b1        f_nl   sigma_fog   F(X)     
rank #0: 2018-06-24 13:04:18,878 LBFGS        INFO     options = {'factr': 100000.0, 'gtol': 1e-05, 'max_iter': 500, 'test_convergence': False}
rank #0: 2018-06-24 13:04:18,880 LBFGS        PARAM    0000          0.000000          2.000000          0.000000          4.000000         85.190120
rank #0: 2018-06-24 13:04:19,546 LBFGS        PARAM    0001         31.975334          2.068476          1.220303          3.986993         77.340682
rank #0: 2018-06-24 13:04:20,141 LBFGS        PARAM    0002          2.540295          2.209908          4.744132          4.026647         71.227071
rank #0: 2018-06-24 13:04:20,733 LBFGS        PARAM    0003        -43.640307          2.221057          5.633126          4.092178         70.374791
rank #0: 2018-06-24 13:04:21,336 LBFGS        PARAM    0004       -175.731878          2.262051          9.102829          4.345403         69.200345
rank #0: 2018-06-24 13:04:21,939 LBFGS        PARAM    0005       -163.061880          2.259913          9.622064          4.399786         69.131437
rank #0: 2018-06-24 13:04:22,525 LBFGS        PARAM    0006        -90.569397          2.255668         13.149334          4.700442         68.953278
rank #0: 2018-06-24 13:04:23,130 LBFGS        PARAM    0007        -89.186189          2.254721         14.208515          4.704217         68.952093
rank #0: 2018-06-24 13:04:23,734 LBFGS        PARAM    0008        -88.695355          2.253505         15.478629          4.700830         68.951571
rank #0: 2018-06-24 13:04:24,330 LBFGS        PARAM    0009        -88.827009          2.253477         15.491500          4.699831         68.951569
rank #0: 2018-06-24 13:04:24,924 LBFGS        PARAM    0010        -88.835891          2.253476         15.490974          4.699773         68.951569
rank #0: 2018-06-24 13:04:25,527 LBFGS        PARAM    0011        -88.835929          2.253476         15.490975          4.699773         68.951569
rank #0: 2018-06-24 13:04:26,131 LBFGS        PARAM    0012        -88.835927          2.253476         15.490974          4.699773         68.951569
rank #0: 2018-06-24 13:04:52,119 LBFGS        INFO     Linesearch failed in both LBFGS and gradient directions
rank #0: 2018-06-24 13:04:52,121 LBFGS        PARAM    0012        -88.835927          2.253476         15.490974          4.699773         68.951569
rank #0: 2018-06-24 13:04:52,122 rsdfit.lbfgs_fitter WARNING  ...LBFGS optimization finished. Time elapsed: 0:00:33.24
rank #0: 2018-06-24 13:04:52,123 rsdfit.lbfgs_fitter ERROR    nonlinear fit with method L-BFGS-B failed: Linesearch failed in both LBFGS and gradient directions
rank #0: 2018-06-24 13:04:52,125 rsdfit.fitting_driver INFO     rank 24 on nid00545     ...fitting complete
rank #0: 2018-06-24 13:04:52,128 rsdfit.fitting_driver INFO     rank 24 on nid00545     Saving the results to `/global/cscratch1/sd/nhand/eBOSS/fits/results/mocks/ezmock/v1.8e-fph/0.005-0.3/basemodel-N-fnl/0.8-2.2/QSO-S-0794-P0+P2-mock-cov-8973e9cf3e/2018-06-24_nlopt_12i_chain0__1.npz`
rank #0: 2018-06-24 13:04:52,154 pyRSD.analysis.lbfgs_results INFO     
minimum chi2 = 68.9515691131

Free parameters [ mean ]
_______________
N              : -88.8359265622
b1             : 2.25347603752
f_nl           : 15.490973913
sigma_fog      : 4.69977258509

Constrained parameters [ mean ]
_________________________
b1sigma8       : 0.897589275153
