rank #0: 2017-11-25 12:00:46,991 rsdfit.fitting_driver INFO     rank 156 on nid00480     Calling the 'nlopt' solve function
rank #0: 2017-11-25 12:00:46,992 rsdfit.lbfgs_fitter INFO     running LBFGS for 500 iterations and then stopping
rank #0: 2017-11-25 12:00:46,992 rsdfit.lbfgs_fitter INFO     running LBFGS minimizer with priors
rank #0: 2017-11-25 12:00:46,992 root         INFO     Iter           N          b1        f_nl   sigma_fog   F(X)     
rank #0: 2017-11-25 12:00:47,039 root         INFO     analytic derivative for parameter 'N' not available; no registered subclass for dPkmu/dN
rank #0: 2017-11-25 12:00:47,336 LBFGS        INFO     options = {'factr': 100000.0, 'gtol': 1e-05, 'max_iter': 500, 'test_convergence': False}
rank #0: 2017-11-25 12:00:47,336 LBFGS        PARAM    0000          0.000000          2.000000          0.000000          4.000000        137.399379
rank #0: 2017-11-25 12:00:47,740 LBFGS        PARAM    0001         15.980660          2.043293          0.350159          3.980960        118.776116
rank #0: 2017-11-25 12:00:48,085 LBFGS        PARAM    0002        -12.707506          2.138921          1.646546          3.970451        101.412729
rank #0: 2017-11-25 12:00:48,431 LBFGS        PARAM    0003        -68.005094          2.163429          2.376313          3.989316         96.993554
rank #0: 2017-11-25 12:00:48,776 LBFGS        PARAM    0004       -272.396685          2.215628          5.803454          3.949571         89.451017
rank #0: 2017-11-25 12:00:49,121 LBFGS        PARAM    0005       -296.051256          2.216362          7.384631          3.894276         88.948401
rank #0: 2017-11-25 12:00:49,466 LBFGS        PARAM    0006       -339.221785          2.215307         12.565176          3.731120         87.947020
rank #0: 2017-11-25 12:00:49,811 LBFGS        PARAM    0007       -358.058097          2.213273         19.943479          3.623502         87.361710
rank #0: 2017-11-25 12:00:50,156 LBFGS        PARAM    0008       -388.351590          2.204459         42.257378          3.437898         86.418098
rank #0: 2017-11-25 12:00:50,502 LBFGS        PARAM    0009       -406.260283          2.193147         79.534587          3.300880         85.267102
rank #0: 2017-11-25 12:00:50,847 LBFGS        PARAM    0010       -380.439329          2.171762        129.617588          3.322124         84.106509
rank #0: 2017-11-25 12:00:51,192 LBFGS        PARAM    0011       -308.338384          2.171991        126.321155          3.545246         83.326547
rank #0: 2017-11-25 12:00:51,537 LBFGS        PARAM    0012       -311.740659          2.169354        125.234508          3.572372         83.225580
rank #0: 2017-11-25 12:00:51,883 LBFGS        PARAM    0013       -308.131670          2.170415        125.634390          3.619692         83.219781
rank #0: 2017-11-25 12:01:04,542 LBFGS        PARAM    0014       -307.694305          2.170827        125.636628          3.619584         83.217329
rank #0: 2017-11-25 12:01:04,887 LBFGS        PARAM    0015       -307.086609          2.171280        125.636683          3.619697         83.216385
rank #0: 2017-11-25 12:01:28,044 LBFGS        INFO     Linesearch failed in both LBFGS and gradient directions
rank #0: 2017-11-25 12:01:28,045 LBFGS        PARAM    0015       -307.086609          2.171280        125.636683          3.619697         83.216385
rank #0: 2017-11-25 12:01:28,045 rsdfit.lbfgs_fitter WARNING  ...LBFGS optimization finished. Time elapsed: 0:00:40.71
rank #0: 2017-11-25 12:01:28,045 rsdfit.lbfgs_fitter ERROR    nonlinear fit with method L-BFGS-B failed: Linesearch failed in both LBFGS and gradient directions
rank #0: 2017-11-25 12:01:28,046 rsdfit.fitting_driver INFO     rank 156 on nid00480     ...fitting complete
rank #0: 2017-11-25 12:01:28,056 rsdfit.fitting_driver INFO     rank 156 on nid00480     Saving the results to `/global/project/projectdirs/m779/nhand/Research/eBOSS/fits/results/mocks/ezmock/v1.8e-fph/0.0001-0.3/basemodel-N-fnl/0.8-2.2/QSO-N-0942-P0+P2-d10badba55/2017-11-25_nlopt_15i_chain0__1.npz`
rank #0: 2017-11-25 12:01:28,112 pyRSD.analysis.lbfgs_results INFO     
minimum chi2 = 83.2163848318

Free parameters [ mean ]
_______________
N              : -307.086609489
b1             : 2.17128028769
f_nl           : 125.63668271
sigma_fog      : 3.61969702443

Constrained parameters [ mean ]
_________________________
b1sigma8       : 0.864322291743
