rank #0: 2018-12-30 15:59:17,287 rsdfit.fitting_driver INFO     rank 19 on nid00553     Calling the 'nlopt' solve function
rank #0: 2018-12-30 15:59:17,288 rsdfit.lbfgs_fitter INFO     running LBFGS for 500 iterations and then stopping
rank #0: 2018-12-30 15:59:17,288 rsdfit.lbfgs_fitter INFO     running LBFGS minimizer with priors
rank #0: 2018-12-30 15:59:17,289 root         INFO     Iter           N          b1        f_nl   sigma_fog   F(X)     
rank #0: 2018-12-30 15:59:17,290 rsdfit.lbfgs_fitter INFO     computing gradient using numerical derivative of lnlike()
rank #0: 2018-12-30 15:59:17,874 LBFGS        INFO     options = {'factr': 100000.0, 'gtol': 1e-05, 'max_iter': 500, 'test_convergence': False}
rank #0: 2018-12-30 15:59:17,876 LBFGS        PARAM    0000          0.000000          2.000000          0.000000          4.000000        105.565577
rank #0: 2018-12-30 15:59:18,556 LBFGS        PARAM    0001          1.052437          2.068189          1.060376          4.007364         92.776008
rank #0: 2018-12-30 15:59:19,181 LBFGS        PARAM    0002       -115.575271          2.234549          4.021183          4.129507         77.789542
rank #0: 2018-12-30 15:59:19,809 LBFGS        PARAM    0003       -216.936600          2.259489          3.949987          4.237178         74.020150
rank #0: 2018-12-30 15:59:20,411 LBFGS        PARAM    0004       -360.329438          2.283002          0.271896          4.436276         71.559462
rank #0: 2018-12-30 15:59:21,030 LBFGS        PARAM    0005       -361.541324          2.286539         -1.602157          4.464421         71.449504
rank #0: 2018-12-30 15:59:21,649 LBFGS        PARAM    0006       -331.723936          2.305020        -21.151395          4.698868         70.819271
rank #0: 2018-12-30 15:59:22,245 LBFGS        PARAM    0007       -326.018133          2.308208        -26.933699          4.702493         70.785295
rank #0: 2018-12-30 15:59:22,864 LBFGS        PARAM    0008       -324.938572          2.308369        -26.960937          4.706349         70.785135
rank #0: 2018-12-30 15:59:23,482 LBFGS        PARAM    0009       -324.294151          2.308335        -26.950637          4.708785         70.785107
rank #0: 2018-12-30 15:59:24,093 LBFGS        PARAM    0010       -324.204502          2.308290        -26.938823          4.709022         70.785106
rank #0: 2018-12-30 15:59:24,701 LBFGS        PARAM    0011       -324.204589          2.308290        -26.938368          4.709022         70.785106
rank #0: 2018-12-30 15:59:25,319 LBFGS        PARAM    0012       -324.204639          2.308290        -26.938376          4.709022         70.785106
rank #0: 2018-12-30 15:59:39,816 LBFGS        PARAM    0013       -324.204639          2.308290        -26.938376          4.709022         70.785106
rank #0: 2018-12-30 16:00:05,576 LBFGS        INFO     Linesearch failed in both LBFGS and gradient directions
rank #0: 2018-12-30 16:00:05,577 LBFGS        PARAM    0013       -324.204639          2.308290        -26.938376          4.709022         70.785106
rank #0: 2018-12-30 16:00:05,578 rsdfit.lbfgs_fitter WARNING  ...LBFGS optimization finished. Time elapsed: 0:00:47.70
rank #0: 2018-12-30 16:00:05,580 rsdfit.lbfgs_fitter ERROR    nonlinear fit with method L-BFGS-B failed: Linesearch failed in both LBFGS and gradient directions
rank #0: 2018-12-30 16:00:05,581 rsdfit.fitting_driver INFO     rank 19 on nid00553     ...fitting complete
rank #0: 2018-12-30 16:00:05,585 rsdfit.fitting_driver INFO     rank 19 on nid00553     Saving the results to `/global/cscratch1/sd/nhand/eBOSS/fits/results/mocks/ezmock/v1.8e-fph/0.0001-0.3/basemodel-N-fnl/0.8-2.2/QSO-N-0964-P0+P2-mock-cov-280ed9f5b7/2018-12-30_nlopt_13i_chain0__1.npz`
rank #0: 2018-12-30 16:00:06,809 pyRSD.analysis.lbfgs_results INFO     
minimum chi2 = 70.7851064443

Free parameters [ mean ]
_______________
N              : -324.20463945
b1             : 2.30828969268
f_nl           : -26.9383763372
sigma_fog      : 4.70902162319

Constrained parameters [ mean ]
_________________________
b1sigma8       : 0.919422278116
