rank #0: 2018-10-04 21:43:10,596 rsdfit.fitting_driver INFO     rank 48 on nid01270     Calling the 'nlopt' solve function
rank #0: 2018-10-04 21:43:10,596 rsdfit.lbfgs_fitter INFO     running LBFGS for 500 iterations and then stopping
rank #0: 2018-10-04 21:43:10,597 rsdfit.lbfgs_fitter INFO     running LBFGS minimizer with priors
rank #0: 2018-10-04 21:43:10,597 root         INFO     Iter           N          b1        f_nl   sigma_fog   F(X)     
rank #0: 2018-10-04 21:43:10,598 rsdfit.lbfgs_fitter INFO     computing gradient using numerical derivative of lnlike()
rank #0: 2018-10-04 21:43:11,751 LBFGS        INFO     options = {'factr': 100000.0, 'gtol': 1e-05, 'max_iter': 500, 'test_convergence': False}
rank #0: 2018-10-04 21:43:11,752 LBFGS        PARAM    0000          0.000000          2.000000          0.000000          4.000000        109.041709
rank #0: 2018-10-04 21:43:13,094 LBFGS        PARAM    0001         62.914091          2.144334          1.373312          3.945995         94.041270
rank #0: 2018-10-04 21:43:14,282 LBFGS        PARAM    0002        -27.419244          2.454436          7.613751          3.903688         82.981800
rank #0: 2018-10-04 21:43:15,472 LBFGS        PARAM    0003       -133.940880          2.439648          8.521702          3.952734         80.831633
rank #0: 2018-10-04 21:43:16,682 LBFGS        PARAM    0004       -370.892505          2.486338         12.720108          4.011608         79.101614
rank #0: 2018-10-04 21:43:17,872 LBFGS        PARAM    0005       -419.087280          2.500174         15.373661          3.928382         78.900692
rank #0: 2018-10-04 21:43:19,082 LBFGS        PARAM    0006       -528.130545          2.511690         24.318398          3.546104         78.456917
rank #0: 2018-10-04 21:43:20,272 LBFGS        PARAM    0007       -564.225195          2.494117         30.440814          3.220196         78.282711
rank #0: 2018-10-04 21:43:21,483 LBFGS        PARAM    0008       -548.120079          2.490472         31.380319          3.199505         78.271934
rank #0: 2018-10-04 21:43:22,670 LBFGS        PARAM    0009       -544.057631          2.488734         31.543347          3.203370         78.271253
rank #0: 2018-10-04 21:43:23,863 LBFGS        PARAM    0010       -542.081914          2.487952         31.860571          3.207318         78.270868
rank #0: 2018-10-04 21:43:25,081 LBFGS        PARAM    0011       -539.639439          2.486964         32.806441          3.214943         78.270254
rank #0: 2018-10-04 21:43:26,277 LBFGS        PARAM    0012       -540.318272          2.487219         33.166090          3.215918         78.270149
rank #0: 2018-10-04 21:43:27,489 LBFGS        PARAM    0013       -540.489480          2.487283         33.163585          3.216004         78.270148
rank #0: 2018-10-04 21:43:28,686 LBFGS        PARAM    0014       -540.503274          2.487289         33.161200          3.215985         78.270148
rank #0: 2018-10-04 21:43:29,893 LBFGS        PARAM    0015       -540.503953          2.487289         33.161040          3.215982         78.270148
rank #0: 2018-10-04 21:43:31,086 LBFGS        PARAM    0016       -540.503879          2.487289         33.161040          3.215982         78.270148
rank #0: 2018-10-04 21:44:24,796 LBFGS        INFO     Linesearch failed in both LBFGS and gradient directions
rank #0: 2018-10-04 21:44:24,797 LBFGS        PARAM    0016       -540.503879          2.487289         33.161040          3.215982         78.270148
rank #0: 2018-10-04 21:44:24,798 rsdfit.lbfgs_fitter WARNING  ...LBFGS optimization finished. Time elapsed: 0:01:13.05
rank #0: 2018-10-04 21:44:24,798 rsdfit.lbfgs_fitter ERROR    nonlinear fit with method L-BFGS-B failed: Linesearch failed in both LBFGS and gradient directions
rank #0: 2018-10-04 21:44:24,799 rsdfit.fitting_driver INFO     rank 48 on nid01270     ...fitting complete
rank #0: 2018-10-04 21:44:24,803 rsdfit.fitting_driver INFO     rank 48 on nid01270     Saving the results to `/global/cscratch1/sd/nhand/eBOSS/fits/results/mocks/ezmock/v1.8e-fph/0.0001-0.3/basemodel-N-fnl/0.8-2.2/QSO-S-0263-P0+P2-mock-cov-98e9a706c6/2018-10-04_nlopt_16i_chain0__1.npz`
rank #0: 2018-10-04 21:44:24,867 pyRSD.analysis.lbfgs_results INFO     
minimum chi2 = 78.2701482348

Free parameters [ mean ]
_______________
N              : -540.503879499
b1             : 2.48728932752
f_nl           : 33.1610396088
sigma_fog      : 3.21598213951

Constrained parameters [ mean ]
_________________________
b1sigma8       : 0.9009795376
