rank #0: 2018-10-08 10:20:41,534 rsdfit.fitting_driver INFO     rank 3 on nid00695     Calling the 'nlopt' solve function
rank #0: 2018-10-08 10:20:41,536 rsdfit.lbfgs_fitter INFO     running LBFGS for 500 iterations and then stopping
rank #0: 2018-10-08 10:20:41,536 rsdfit.lbfgs_fitter INFO     running LBFGS minimizer with priors
rank #0: 2018-10-08 10:20:41,537 root         INFO     Iter           N          b1        f_nl   sigma_fog   F(X)     
rank #0: 2018-10-08 10:20:41,538 rsdfit.lbfgs_fitter INFO     computing gradient using numerical derivative of lnlike()
rank #0: 2018-10-08 10:20:42,723 LBFGS        INFO     options = {'factr': 100000.0, 'gtol': 1e-05, 'max_iter': 500, 'test_convergence': False}
rank #0: 2018-10-08 10:20:42,725 LBFGS        PARAM    0000          0.000000          2.000000          0.000000          4.000000        114.466065
rank #0: 2018-10-08 10:20:44,108 LBFGS        PARAM    0001         -7.334456          2.151902          1.522198          3.986839        101.272391
rank #0: 2018-10-08 10:20:45,342 LBFGS        PARAM    0002       -360.499112          2.570944          9.647477          4.110961         85.876787
rank #0: 2018-10-08 10:20:46,598 LBFGS        PARAM    0003       -516.467789          2.529938          9.069543          4.199892         81.696989
rank #0: 2018-10-08 10:20:47,834 LBFGS        PARAM    0004       -711.482184          2.564236         10.423515          4.265410         80.627319
rank #0: 2018-10-08 10:20:49,074 LBFGS        PARAM    0005       -732.803122          2.564473         10.864229          4.187100         80.501347
rank #0: 2018-10-08 10:20:50,334 LBFGS        PARAM    0006       -849.227214          2.566866         14.721223          3.628917         80.106832
rank #0: 2018-10-08 10:20:51,569 LBFGS        PARAM    0007       -840.695123          2.563303         15.272883          3.654963         80.104807
rank #0: 2018-10-08 10:20:52,828 LBFGS        PARAM    0008       -840.407365          2.563878         15.382116          3.657827         80.104621
rank #0: 2018-10-08 10:20:54,068 LBFGS        PARAM    0009       -840.142571          2.564009         15.662531          3.658752         80.104473
rank #0: 2018-10-08 10:20:55,306 LBFGS        PARAM    0010       -839.716521          2.563693         16.312846          3.658385         80.104280
rank #0: 2018-10-08 10:20:56,560 LBFGS        PARAM    0011       -839.596105          2.563172         16.678326          3.656789         80.104218
rank #0: 2018-10-08 10:20:57,793 LBFGS        PARAM    0012       -839.620491          2.562988         16.724429          3.656058         80.104212
rank #0: 2018-10-08 10:20:59,045 LBFGS        PARAM    0013       -839.630532          2.562976         16.715727          3.655994         80.104212
rank #0: 2018-10-08 10:21:00,276 LBFGS        PARAM    0014       -839.631588          2.562976         16.714213          3.655995         80.104212
rank #0: 2018-10-08 10:21:01,511 LBFGS        PARAM    0015       -839.631620          2.562976         16.714156          3.655995         80.104212
rank #0: 2018-10-08 10:21:02,907 LBFGS        PARAM    0016       -839.631571          2.562976         16.714156          3.655995         80.104212
rank #0: 2018-10-08 10:21:04,145 LBFGS        PARAM    0017       -839.631557          2.562976         16.714167          3.655995         80.104212
rank #0: 2018-10-08 10:21:59,125 LBFGS        INFO     Linesearch failed in both LBFGS and gradient directions
rank #0: 2018-10-08 10:21:59,126 LBFGS        PARAM    0017       -839.631557          2.562976         16.714167          3.655995         80.104212
rank #0: 2018-10-08 10:21:59,128 rsdfit.lbfgs_fitter WARNING  ...LBFGS optimization finished. Time elapsed: 0:01:16.40
rank #0: 2018-10-08 10:21:59,129 rsdfit.lbfgs_fitter ERROR    nonlinear fit with method L-BFGS-B failed: Linesearch failed in both LBFGS and gradient directions
rank #0: 2018-10-08 10:21:59,131 rsdfit.fitting_driver INFO     rank 3 on nid00695     ...fitting complete
rank #0: 2018-10-08 10:21:59,134 rsdfit.fitting_driver INFO     rank 3 on nid00695     Saving the results to `/global/cscratch1/sd/nhand/eBOSS/fits/results/mocks/ezmock/v1.8e-fph/0.0001-0.3/basemodel-N-fnl/0.8-2.2/QSO-S-0863-P0+P2-mock-cov-98e9a706c6/2018-10-08_nlopt_17i_chain0__1.npz`
rank #0: 2018-10-08 10:21:59,221 pyRSD.analysis.lbfgs_results INFO     
minimum chi2 = 80.1042121411

Free parameters [ mean ]
_______________
N              : -839.631557183
b1             : 2.56297626109
f_nl           : 16.7141667143
sigma_fog      : 3.65599505193

Constrained parameters [ mean ]
_________________________
b1sigma8       : 0.928395881031
