rank #0: 2018-07-15 20:24:54,329 rsdfit.fitting_driver INFO     rank 59 on nid00570     Calling the 'nlopt' solve function
rank #0: 2018-07-15 20:24:54,330 rsdfit.lbfgs_fitter INFO     running LBFGS for 500 iterations and then stopping
rank #0: 2018-07-15 20:24:54,330 rsdfit.lbfgs_fitter INFO     running LBFGS minimizer with priors
rank #0: 2018-07-15 20:24:54,330 root         INFO     Iter           N          b1        f_nl   sigma_fog   F(X)     
rank #0: 2018-07-15 20:24:54,896 LBFGS        INFO     options = {'factr': 100000.0, 'gtol': 1e-05, 'max_iter': 500, 'test_convergence': False}
rank #0: 2018-07-15 20:24:54,896 LBFGS        PARAM    0000          0.000000          2.000000          0.000000          4.000000        112.832492
rank #0: 2018-07-15 20:24:55,553 LBFGS        PARAM    0001         21.884902          2.119005          2.616387          3.979912         98.028389
rank #0: 2018-07-15 20:24:56,148 LBFGS        PARAM    0002       -117.411275          2.429137         14.254709          4.069968         81.939880
rank #0: 2018-07-15 20:24:56,747 LBFGS        PARAM    0003       -262.574158          2.438203         16.698834          4.166070         77.849440
rank #0: 2018-07-15 20:24:57,330 LBFGS        PARAM    0004       -537.743283          2.492089         24.058789          4.319583         75.220908
rank #0: 2018-07-15 20:24:57,931 LBFGS        PARAM    0005       -531.229831          2.476851         25.503467          4.266771         75.123062
rank #0: 2018-07-15 20:24:58,532 LBFGS        PARAM    0006       -533.879202          2.463429         29.855288          4.161792         75.005821
rank #0: 2018-07-15 20:24:59,116 LBFGS        PARAM    0007       -553.063617          2.456305         37.634094          4.015707         74.916506
rank #0: 2018-07-15 20:24:59,716 LBFGS        PARAM    0008       -558.377715          2.461337         36.914002          4.018023         74.911491
rank #0: 2018-07-15 20:25:00,317 LBFGS        PARAM    0009       -560.745719          2.462318         36.844055          4.016123         74.911279
rank #0: 2018-07-15 20:25:00,919 LBFGS        PARAM    0010       -561.289831          2.462437         36.776235          4.014483         74.911227
rank #0: 2018-07-15 20:25:01,506 LBFGS        PARAM    0011       -562.175460          2.462400         36.666094          4.009863         74.911171
rank #0: 2018-07-15 20:25:02,113 LBFGS        PARAM    0012       -562.173087          2.462392         36.665511          4.009851         74.911171
rank #0: 2018-07-15 20:25:02,719 LBFGS        PARAM    0013       -562.171892          2.462391         36.665735          4.009848         74.911171
rank #0: 2018-07-15 20:25:03,304 LBFGS        PARAM    0014       -562.171699          2.462391         36.665740          4.009849         74.911171
rank #0: 2018-07-15 20:25:03,906 LBFGS        PARAM    0015       -562.171742          2.462391         36.665740          4.009849         74.911171
rank #0: 2018-07-15 20:25:04,506 LBFGS        PARAM    0016       -562.171724          2.462391         36.665740          4.009849         74.911171
rank #0: 2018-07-15 20:25:30,549 LBFGS        INFO     Linesearch failed in both LBFGS and gradient directions
rank #0: 2018-07-15 20:25:30,549 LBFGS        PARAM    0016       -562.171724          2.462391         36.665740          4.009849         74.911171
rank #0: 2018-07-15 20:25:30,550 rsdfit.lbfgs_fitter WARNING  ...LBFGS optimization finished. Time elapsed: 0:00:35.65
rank #0: 2018-07-15 20:25:30,550 rsdfit.lbfgs_fitter ERROR    nonlinear fit with method L-BFGS-B failed: Linesearch failed in both LBFGS and gradient directions
rank #0: 2018-07-15 20:25:30,551 rsdfit.fitting_driver INFO     rank 59 on nid00570     ...fitting complete
rank #0: 2018-07-15 20:25:30,554 rsdfit.fitting_driver INFO     rank 59 on nid00570     Saving the results to `/global/cscratch1/sd/nhand/eBOSS/fits/results/mocks/ezmock/v1.8e-fph/0.0001-0.3/basemodel-N-fnl/0.8-2.2/QSO-S-0083-P0+P2-mock-cov-1ab4f6001f/2018-07-15_nlopt_16i_chain0__1.npz`
rank #0: 2018-07-15 20:25:30,582 pyRSD.analysis.lbfgs_results INFO     
minimum chi2 = 74.9111712523

Free parameters [ mean ]
_______________
N              : -562.171724455
b1             : 2.46239113704
f_nl           : 36.6657403414
sigma_fog      : 4.00984877893

Constrained parameters [ mean ]
_________________________
b1sigma8       : 0.923114261034
