rank #0: 2018-12-30 20:13:54,273 rsdfit.fitting_driver INFO     rank 5 on nid00679     Calling the 'nlopt' solve function
rank #0: 2018-12-30 20:13:54,274 rsdfit.lbfgs_fitter INFO     running LBFGS for 500 iterations and then stopping
rank #0: 2018-12-30 20:13:54,275 rsdfit.lbfgs_fitter INFO     running LBFGS minimizer with priors
rank #0: 2018-12-30 20:13:54,275 root         INFO     Iter           N          b1        f_nl   sigma_fog   F(X)     
rank #0: 2018-12-30 20:13:54,275 rsdfit.lbfgs_fitter INFO     computing gradient using numerical derivative of lnlike()
rank #0: 2018-12-30 20:13:55,461 LBFGS        INFO     options = {'factr': 100000.0, 'gtol': 1e-05, 'max_iter': 500, 'test_convergence': False}
rank #0: 2018-12-30 20:13:55,462 LBFGS        PARAM    0000          0.000000          2.000000          0.000000          4.000000        110.354798
rank #0: 2018-12-30 20:13:56,850 LBFGS        PARAM    0001         66.672832          2.160446          1.473523          3.965856         93.298390
rank #0: 2018-12-30 20:13:58,070 LBFGS        PARAM    0002        -37.625976          2.505474          8.139149          4.040617         80.527737
rank #0: 2018-12-30 20:13:59,307 LBFGS        PARAM    0003       -156.681671          2.490763          8.631358          4.145901         77.695733
rank #0: 2018-12-30 20:14:00,538 LBFGS        PARAM    0004       -386.857903          2.544972         11.662613          4.338761         75.913965
rank #0: 2018-12-30 20:14:01,763 LBFGS        PARAM    0005       -397.410072          2.550935         12.701879          4.336391         75.902925
rank #0: 2018-12-30 20:14:03,007 LBFGS        PARAM    0006       -402.580764          2.552081         13.981327          4.324036         75.896446
rank #0: 2018-12-30 20:14:04,231 LBFGS        PARAM    0007       -411.310719          2.550013         18.085830          4.277489         75.883025
rank #0: 2018-12-30 20:14:05,461 LBFGS        PARAM    0008       -407.692002          2.544898         20.115428          4.260966         75.879051
rank #0: 2018-12-30 20:14:06,699 LBFGS        PARAM    0009       -405.578262          2.543923         20.244385          4.261655         75.878903
rank #0: 2018-12-30 20:14:07,926 LBFGS        PARAM    0010       -405.127660          2.543823         20.263734          4.262939         75.878888
rank #0: 2018-12-30 20:14:09,177 LBFGS        PARAM    0011       -404.421583          2.543773         20.351230          4.266105         75.878868
rank #0: 2018-12-30 20:14:10,410 LBFGS        PARAM    0012       -404.444135          2.543824         20.374936          4.266608         75.878867
rank #0: 2018-12-30 20:14:11,643 LBFGS        PARAM    0013       -404.450319          2.543828         20.373617          4.266622         75.878867
rank #0: 2018-12-30 20:14:12,894 LBFGS        PARAM    0014       -404.450773          2.543829         20.373559          4.266621         75.878867
rank #0: 2018-12-30 20:14:14,406 LBFGS        PARAM    0015       -404.450773          2.543829         20.373559          4.266621         75.878867
rank #0: 2018-12-30 20:15:07,462 LBFGS        INFO     Linesearch failed in both LBFGS and gradient directions
rank #0: 2018-12-30 20:15:07,463 LBFGS        PARAM    0015       -404.450773          2.543829         20.373559          4.266621         75.878867
rank #0: 2018-12-30 20:15:07,463 rsdfit.lbfgs_fitter WARNING  ...LBFGS optimization finished. Time elapsed: 0:01:12.00
rank #0: 2018-12-30 20:15:07,464 rsdfit.lbfgs_fitter ERROR    nonlinear fit with method L-BFGS-B failed: Linesearch failed in both LBFGS and gradient directions
rank #0: 2018-12-30 20:15:07,465 rsdfit.fitting_driver INFO     rank 5 on nid00679     ...fitting complete
rank #0: 2018-12-30 20:15:07,468 rsdfit.fitting_driver INFO     rank 5 on nid00679     Saving the results to `/global/cscratch1/sd/nhand/eBOSS/fits/results/mocks/ezmock/v1.8e-fph/0.0001-0.3/basemodel-N-fnl/0.8-2.2/QSO-S-0288-P0+P2-mock-cov-78b9fba607/2018-12-30_nlopt_15i_chain0__1.npz`
rank #0: 2018-12-30 20:15:07,918 pyRSD.analysis.lbfgs_results INFO     
minimum chi2 = 75.8788665938

Free parameters [ mean ]
_______________
N              : -404.45077271
b1             : 2.54382862669
f_nl           : 20.3735587324
sigma_fog      : 4.26662064201

Constrained parameters [ mean ]
_________________________
b1sigma8       : 0.921459966259
