rank #0: 2018-06-24 13:16:50,218 rsdfit.fitting_driver INFO     rank 29 on nid01434     Calling the 'nlopt' solve function
rank #0: 2018-06-24 13:16:50,218 rsdfit.lbfgs_fitter INFO     running LBFGS for 500 iterations and then stopping
rank #0: 2018-06-24 13:16:50,219 rsdfit.lbfgs_fitter INFO     running LBFGS minimizer with priors
rank #0: 2018-06-24 13:16:50,219 root         INFO     Iter           N          b1        f_nl   sigma_fog   F(X)     
rank #0: 2018-06-24 13:16:50,789 LBFGS        INFO     options = {'factr': 100000.0, 'gtol': 1e-05, 'max_iter': 500, 'test_convergence': False}
rank #0: 2018-06-24 13:16:50,789 LBFGS        PARAM    0000          0.000000          2.000000          0.000000          4.000000         91.868877
rank #0: 2018-06-24 13:16:51,461 LBFGS        PARAM    0001         27.123893          2.072146          0.589181          3.976671         83.500315
rank #0: 2018-06-24 13:16:52,064 LBFGS        PARAM    0002        -15.982733          2.222238          2.802567          3.978195         76.774778
rank #0: 2018-06-24 13:16:52,657 LBFGS        PARAM    0003        -78.892791          2.236872          3.627180          4.018199         75.652119
rank #0: 2018-06-24 13:16:53,257 LBFGS        PARAM    0004       -260.233184          2.280272          7.471697          4.115504         74.287026
rank #0: 2018-06-24 13:16:53,860 LBFGS        PARAM    0005       -262.761312          2.278389          8.980504          4.095969         74.257717
rank #0: 2018-06-24 13:16:54,465 LBFGS        PARAM    0006       -313.506330          2.261402         37.178810          3.764727         73.977517
rank #0: 2018-06-24 13:16:55,053 LBFGS        PARAM    0007       -305.906123          2.252992         55.531691          3.766300         73.802578
rank #0: 2018-06-24 13:16:55,660 LBFGS        PARAM    0008       -252.719425          2.231277        121.249699          3.904656         73.517707
rank #0: 2018-06-24 13:16:56,264 LBFGS        PARAM    0009       -248.544994          2.234125        107.465197          3.930168         73.502246
rank #0: 2018-06-24 13:16:56,852 LBFGS        PARAM    0010       -249.296906          2.234409        108.811994          3.929996         73.501838
rank #0: 2018-06-24 13:16:57,453 LBFGS        PARAM    0011       -249.239150          2.234437        108.857213          3.930328         73.501837
rank #0: 2018-06-24 13:16:58,056 LBFGS        PARAM    0012       -249.237026          2.234439        108.853860          3.930348         73.501837
rank #0: 2018-06-24 13:16:58,658 LBFGS        PARAM    0013       -249.236934          2.234440        108.853555          3.930348         73.501837
rank #0: 2018-06-24 13:17:24,914 LBFGS        INFO     Linesearch failed in both LBFGS and gradient directions
rank #0: 2018-06-24 13:17:24,915 LBFGS        PARAM    0013       -249.236934          2.234440        108.853555          3.930348         73.501837
rank #0: 2018-06-24 13:17:24,915 rsdfit.lbfgs_fitter WARNING  ...LBFGS optimization finished. Time elapsed: 0:00:34.13
rank #0: 2018-06-24 13:17:24,916 rsdfit.lbfgs_fitter ERROR    nonlinear fit with method L-BFGS-B failed: Linesearch failed in both LBFGS and gradient directions
rank #0: 2018-06-24 13:17:24,916 rsdfit.fitting_driver INFO     rank 29 on nid01434     ...fitting complete
rank #0: 2018-06-24 13:17:24,926 rsdfit.fitting_driver INFO     rank 29 on nid01434     Saving the results to `/global/cscratch1/sd/nhand/eBOSS/fits/results/mocks/ezmock/v1.8e-fph/0.005-0.3/basemodel-N-fnl/0.8-2.2/QSO-S-0176-P0+P2-mock-cov-a8bcb55756/2018-06-24_nlopt_13i_chain0__1.npz`
rank #0: 2018-06-24 13:17:24,973 pyRSD.analysis.lbfgs_results INFO     
minimum chi2 = 73.5018371178

Free parameters [ mean ]
_______________
N              : -249.236934334
b1             : 2.23443957844
f_nl           : 108.853554967
sigma_fog      : 3.9303478968

Constrained parameters [ mean ]
_________________________
b1sigma8       : 0.890006802022
