rank #0: 2017-11-27 20:43:58,844 rsdfit.fitting_driver INFO     rank 239 on nid00804     Calling the 'nlopt' solve function
rank #0: 2017-11-27 20:43:58,844 rsdfit.lbfgs_fitter INFO     running LBFGS for 500 iterations and then stopping
rank #0: 2017-11-27 20:43:58,844 rsdfit.lbfgs_fitter INFO     running LBFGS minimizer with priors
rank #0: 2017-11-27 20:43:58,844 root         INFO     Iter           N          b1        f_nl   sigma_fog   F(X)     
rank #0: 2017-11-27 20:43:59,334 LBFGS        INFO     options = {'factr': 100000.0, 'gtol': 1e-05, 'max_iter': 500, 'test_convergence': False}
rank #0: 2017-11-27 20:43:59,335 LBFGS        PARAM    0000          0.000000          2.000000          0.000000          4.000000         76.710359
rank #0: 2017-11-27 20:43:59,892 LBFGS        PARAM    0001          0.615149          2.082289          0.676275          3.960705         69.709424
rank #0: 2017-11-27 20:44:00,395 LBFGS        PARAM    0002        -74.834313          2.243736          3.186678          3.837112         64.420287
rank #0: 2017-11-27 20:44:00,899 LBFGS        PARAM    0003       -126.044353          2.232400          3.435009          3.803873         63.766089
rank #0: 2017-11-27 20:44:01,404 LBFGS        PARAM    0004       -431.040317          2.228597          5.975211          3.549962         61.822523
rank #0: 2017-11-27 20:44:01,914 LBFGS        PARAM    0005       -573.217665          2.245515          8.116695          3.303807         61.245406
rank #0: 2017-11-27 20:44:02,421 LBFGS        PARAM    0006       -621.347992          2.248414         10.901525          2.940442         60.913844
rank #0: 2017-11-27 20:44:02,928 LBFGS        PARAM    0007       -605.248478          2.247721         12.789163          2.878363         60.888695
rank #0: 2017-11-27 20:44:03,435 LBFGS        PARAM    0008       -597.171229          2.246566         14.171419          2.865408         60.883698
rank #0: 2017-11-27 20:44:03,939 LBFGS        PARAM    0009       -587.010786          2.244230         17.937984          2.852943         60.873574
rank #0: 2017-11-27 20:44:04,445 LBFGS        PARAM    0010       -576.318587          2.239860         27.386050          2.845011         60.854883
rank #0: 2017-11-27 20:44:04,951 LBFGS        PARAM    0011       -581.741949          2.237272         33.886688          2.860803         60.844722
rank #0: 2017-11-27 20:44:05,455 LBFGS        PARAM    0012       -586.320693          2.237692         33.731275          2.874839         60.843615
rank #0: 2017-11-27 20:44:05,961 LBFGS        PARAM    0013       -587.128266          2.237864         33.488283          2.876461         60.843595
rank #0: 2017-11-27 20:44:06,467 LBFGS        PARAM    0014       -587.154391          2.237871         33.490802          2.876415         60.843595
rank #0: 2017-11-27 20:44:06,973 LBFGS        PARAM    0015       -587.155229          2.237870         33.490479          2.876409         60.843595
rank #0: 2017-11-27 20:44:07,480 LBFGS        PARAM    0016       -587.155413          2.237870         33.490487          2.876408         60.843595
rank #0: 2017-11-27 20:44:07,986 LBFGS        PARAM    0017       -587.155415          2.237870         33.490493          2.876408         60.843595
rank #0: 2017-11-27 20:44:20,371 LBFGS        PARAM    0018       -587.155415          2.237870         33.490493          2.876408         60.843595
rank #0: 2017-11-27 20:44:41,936 LBFGS        INFO     Linesearch failed in both LBFGS and gradient directions
rank #0: 2017-11-27 20:44:41,936 LBFGS        PARAM    0018       -587.155415          2.237870         33.490493          2.876408         60.843595
rank #0: 2017-11-27 20:44:41,937 rsdfit.lbfgs_fitter WARNING  ...LBFGS optimization finished. Time elapsed: 0:00:42.60
rank #0: 2017-11-27 20:44:41,937 rsdfit.lbfgs_fitter ERROR    nonlinear fit with method L-BFGS-B failed: Linesearch failed in both LBFGS and gradient directions
rank #0: 2017-11-27 20:44:41,938 rsdfit.fitting_driver INFO     rank 239 on nid00804     ...fitting complete
rank #0: 2017-11-27 20:44:41,940 rsdfit.fitting_driver INFO     rank 239 on nid00804     Saving the results to `/global/cscratch1/sd/nhand/eBOSS/fits/results/mocks/ezmock/v1.8e-fph/0.0001-0.3/basemodel-N-fnl/0.8-2.2/QSO-S-0560-P0+P2-mock-cov-a9f629560d/2017-11-27_nlopt_18i_chain0__1.npz`
rank #0: 2017-11-27 20:44:41,960 pyRSD.analysis.lbfgs_results INFO     
minimum chi2 = 60.8435948502

Free parameters [ mean ]
_______________
N              : -587.15541464
b1             : 2.23787010222
f_nl           : 33.4904926258
sigma_fog      : 2.87640834483

Constrained parameters [ mean ]
_________________________
b1sigma8       : 0.890637794692
