rank #0: 2017-11-27 22:21:36,231 rsdfit.fitting_driver INFO     rank 78 on nid00475     Calling the 'nlopt' solve function
rank #0: 2017-11-27 22:21:36,232 rsdfit.lbfgs_fitter INFO     running LBFGS for 500 iterations and then stopping
rank #0: 2017-11-27 22:21:36,232 rsdfit.lbfgs_fitter INFO     running LBFGS minimizer with priors
rank #0: 2017-11-27 22:21:36,232 root         INFO     Iter           N          b1           f        f_nl    sigma8_z   sigma_fog   F(X)     
rank #0: 2017-11-27 22:21:36,954 LBFGS        INFO     options = {'factr': 100000.0, 'gtol': 1e-05, 'max_iter': 500, 'test_convergence': False}
rank #0: 2017-11-27 22:21:36,955 LBFGS        PARAM    0000          0.000000          2.000000          0.930883          0.000000          0.398070          4.000000        108.745988
rank #0: 2017-11-27 22:21:37,750 LBFGS        PARAM    0001          0.099348          2.002568          0.930985          0.020516          0.399793          3.999770        106.081569
rank #0: 2017-11-27 22:21:38,490 LBFGS        PARAM    0002        -14.443960          2.063227          0.933027          0.662385          0.436880          4.009054         83.199183
rank #0: 2017-11-27 22:21:39,228 LBFGS        PARAM    0003        -21.124480          2.049614          0.932293          0.586788          0.428390          4.018093         81.376874
rank #0: 2017-11-27 22:21:39,969 LBFGS        PARAM    0004        -29.463922          2.052012          0.932161          0.672442          0.429386          4.026712         81.146208
rank #0: 2017-11-27 22:21:40,708 LBFGS        PARAM    0005        -87.707439          2.062081          0.930952          1.214488          0.432262          4.087621         80.206655
rank #0: 2017-11-27 22:21:41,438 LBFGS        PARAM    0006       -172.132432          2.071856          0.928943          1.970328          0.433405          4.175985         79.273397
rank #0: 2017-11-27 22:21:42,168 LBFGS        PARAM    0007       -268.259121          2.080258          0.925827          2.964496          0.431501          4.270041         78.516274
rank #0: 2017-11-27 22:21:42,899 LBFGS        PARAM    0008       -282.480360          2.081511          0.924872          3.227601          0.430151          4.279747         78.451788
rank #0: 2017-11-27 22:21:43,634 LBFGS        PARAM    0009       -281.371308          2.081669          0.924659          3.280728          0.429774          4.276483         78.447086
rank #0: 2017-11-27 22:21:44,370 LBFGS        PARAM    0010       -280.202025          2.082251          0.924372          3.360451          0.429472          4.272403         78.443291
rank #0: 2017-11-27 22:21:45,107 LBFGS        PARAM    0011       -278.398772          2.085203          0.923211          3.700078          0.428573          4.259394         78.430876
rank #0: 2017-11-27 22:21:45,844 LBFGS        PARAM    0012       -277.794702          2.093629          0.920179          4.607440          0.426635          4.230361         78.402755
rank #0: 2017-11-27 22:21:46,581 LBFGS        PARAM    0013       -281.848963          2.114977          0.912837          6.838012          0.422493          4.166430         78.341410
rank #0: 2017-11-27 22:21:47,309 LBFGS        PARAM    0014       -295.634053          2.153297          0.900021         10.786391          0.415997          4.061880         78.241280
rank #0: 2017-11-27 22:21:48,037 LBFGS        PARAM    0015       -321.381502          2.200658          0.884199         15.822524          0.409107          3.936412         78.113532
rank #0: 2017-11-27 22:21:48,772 LBFGS        PARAM    0016       -349.845866          2.233153          0.873044         19.644668          0.405508          3.843199         78.025246
rank #0: 2017-11-27 22:21:49,506 LBFGS        PARAM    0017       -359.439370          2.238399          0.871195         20.373318          0.405321          3.827551         78.016549
rank #0: 2017-11-27 22:21:50,240 LBFGS        PARAM    0018       -360.766512          2.238168          0.871252         20.385933          0.405400          3.827365         78.015993
rank #0: 2017-11-27 22:21:50,975 LBFGS        PARAM    0019       -366.088461          2.236195          0.871791         20.407646          0.405806          3.823235         78.013097
rank #0: 2017-11-27 22:21:51,711 LBFGS        PARAM    0020       -371.401617          2.233942          0.872387         20.527540          0.406130          3.809418         78.009488
rank #0: 2017-11-27 22:21:52,450 LBFGS        PARAM    0021       -372.714108          2.234084          0.872376         20.940885          0.405864          3.785824         78.007061
rank #0: 2017-11-27 22:21:53,191 LBFGS        PARAM    0022       -372.159124          2.233538          0.872573         20.900952          0.405927          3.786710         78.007040
rank #0: 2017-11-27 22:21:53,930 LBFGS        PARAM    0023       -371.882495          2.233290          0.872667         20.893165          0.405955          3.787375         78.007030
rank #0: 2017-11-27 22:21:54,673 LBFGS        PARAM    0024       -371.320613          2.232796          0.872864         20.914189          0.406010          3.788773         78.007004
rank #0: 2017-11-27 22:21:55,417 LBFGS        PARAM    0025       -370.525757          2.232090          0.873164         21.022392          0.406086          3.790811         78.006950
rank #0: 2017-11-27 22:21:56,158 LBFGS        PARAM    0026       -369.479138          2.231135          0.873614         21.334409          0.406183          3.793628         78.006846
rank #0: 2017-11-27 22:21:56,901 LBFGS        PARAM    0027       -368.902206          2.230542          0.873966         21.832352          0.406232          3.795452         78.006727
rank #0: 2017-11-27 22:21:57,646 LBFGS        PARAM    0028       -369.333985          2.230823          0.873937         22.175014          0.406189          3.794712         78.006668
rank #0: 2017-11-27 22:21:58,386 LBFGS        PARAM    0029       -369.729370          2.231166          0.873811         22.206853          0.406149          3.793807         78.006661
rank #0: 2017-11-27 22:21:59,126 LBFGS        PARAM    0030       -369.826232          2.231256          0.873771         22.189165          0.406140          3.793556         78.006661
rank #0: 2017-11-27 22:21:59,868 LBFGS        PARAM    0031       -369.832936          2.231263          0.873768         22.185437          0.406139          3.793534         78.006661
rank #0: 2017-11-27 22:22:00,661 LBFGS        PARAM    0032       -369.832935          2.231264          0.873768         22.185335          0.406139          3.793534         78.006661
rank #0: 2017-11-27 22:22:13,536 LBFGS        PARAM    0033       -369.832932          2.231264          0.873768         22.185335          0.406139          3.793534         78.006661
rank #0: 2017-11-27 22:22:14,272 LBFGS        PARAM    0034       -369.832911          2.231264          0.873768         22.185332          0.406139          3.793534         78.006661
rank #0: 2017-11-27 22:22:15,007 LBFGS        PARAM    0035       -369.832874          2.231265          0.873768         22.185326          0.406139          3.793534         78.006661
rank #0: 2017-11-27 22:22:15,858 LBFGS        PARAM    0036       -369.832850          2.231265          0.873768         22.185322          0.406139          3.793534         78.006661
rank #0: 2017-11-27 22:22:16,827 LBFGS        PARAM    0037       -369.832837          2.231265          0.873768         22.185320          0.406139          3.793534         78.006661
rank #0: 2017-11-27 22:22:29,757 LBFGS        PARAM    0038       -369.832839          2.231265          0.873768         22.185319          0.406139          3.793534         78.006661
rank #0: 2017-11-27 22:22:30,556 LBFGS        PARAM    0039       -369.832841          2.231265          0.873768         22.185319          0.406139          3.793534         78.006661
rank #0: 2017-11-27 22:22:31,471 LBFGS        PARAM    0040       -369.832842          2.231265          0.873768         22.185319          0.406139          3.793534         78.006661
rank #0: 2017-11-27 22:22:54,317 LBFGS        INFO     Linesearch failed in both LBFGS and gradient directions
rank #0: 2017-11-27 22:22:54,318 LBFGS        PARAM    0040       -369.832842          2.231265          0.873768         22.185319          0.406139          3.793534         78.006661
rank #0: 2017-11-27 22:22:54,318 rsdfit.lbfgs_fitter WARNING  ...LBFGS optimization finished. Time elapsed: 0:01:17.36
rank #0: 2017-11-27 22:22:54,318 rsdfit.lbfgs_fitter ERROR    nonlinear fit with method L-BFGS-B failed: Linesearch failed in both LBFGS and gradient directions
rank #0: 2017-11-27 22:22:54,319 rsdfit.fitting_driver INFO     rank 78 on nid00475     ...fitting complete
rank #0: 2017-11-27 22:22:54,322 rsdfit.fitting_driver INFO     rank 78 on nid00475     Saving the results to `/global/cscratch1/sd/nhand/eBOSS/fits/results/mocks/ezmock/v1.8e-fph/0.0001-0.3/basemodel-fs8-N-fnl/0.8-2.2/QSO-N-0376-P0+P2-mock-cov-0a197b956d/2017-11-27_nlopt_40i_chain0__1.npz`
rank #0: 2017-11-27 22:22:54,341 pyRSD.analysis.lbfgs_results INFO     
minimum chi2 = 78.0066611061

Free parameters [ mean ]
_______________
N              : -369.832841594
b1             : 2.23126464099
f              : 0.873767980642
f_nl           : 22.185319127
sigma8_z       : 0.406138839754
sigma_fog      : 3.79353407865

Constrained parameters [ mean ]
_________________________
b1sigma8       : 0.906203232477
fsigma8        : 0.354871113872
