rank #0: 2018-06-24 13:04:13,251 rsdfit.fitting_driver INFO     rank 44 on nid00546     Calling the 'nlopt' solve function
rank #0: 2018-06-24 13:04:13,252 rsdfit.lbfgs_fitter INFO     running LBFGS for 500 iterations and then stopping
rank #0: 2018-06-24 13:04:13,253 rsdfit.lbfgs_fitter INFO     running LBFGS minimizer with priors
rank #0: 2018-06-24 13:04:13,253 root         INFO     Iter           N          b1        f_nl   sigma_fog   F(X)     
rank #0: 2018-06-24 13:04:13,836 LBFGS        INFO     options = {'factr': 100000.0, 'gtol': 1e-05, 'max_iter': 500, 'test_convergence': False}
rank #0: 2018-06-24 13:04:13,838 LBFGS        PARAM    0000          0.000000          2.000000          0.000000          4.000000        117.730510
rank #0: 2018-06-24 13:04:14,505 LBFGS        PARAM    0001         -0.247604          2.070877          1.717913          3.987515        109.768360
rank #0: 2018-06-24 13:04:15,089 LBFGS        PARAM    0002       -149.406695          2.267672          9.199273          4.026779         98.983447
rank #0: 2018-06-24 13:04:15,689 LBFGS        PARAM    0003       -276.362573          2.294383         12.276972          4.088426         96.029075
rank #0: 2018-06-24 13:04:16,289 LBFGS        PARAM    0004       -490.215169          2.319683         20.100931          4.134567         93.884944
rank #0: 2018-06-24 13:04:16,890 LBFGS        PARAM    0005       -504.429753          2.319945         22.735830          4.095914         93.759152
rank #0: 2018-06-24 13:04:17,477 LBFGS        PARAM    0006       -582.996335          2.295031         54.483610          3.637879         92.967229
rank #0: 2018-06-24 13:04:18,078 LBFGS        PARAM    0007       -542.469183          2.283175         63.055972          3.694564         92.875297
rank #0: 2018-06-24 13:04:18,680 LBFGS        PARAM    0008       -522.766678          2.276718         63.981701          3.720643         92.865602
rank #0: 2018-06-24 13:04:19,265 LBFGS        PARAM    0009       -523.412196          2.277272         64.160793          3.716765         92.865350
rank #0: 2018-06-24 13:04:19,873 LBFGS        PARAM    0010       -523.643313          2.277262         64.113636          3.715532         92.865341
rank #0: 2018-06-24 13:04:20,472 LBFGS        PARAM    0011       -523.631349          2.277245         64.092660          3.715039         92.865340
rank #0: 2018-06-24 13:04:21,069 LBFGS        PARAM    0012       -523.627727          2.277243         64.093971          3.715024         92.865340
rank #0: 2018-06-24 13:04:21,652 LBFGS        PARAM    0013       -523.627390          2.277243         64.093893          3.715026         92.865340
rank #0: 2018-06-24 13:04:47,802 LBFGS        INFO     Linesearch failed in both LBFGS and gradient directions
rank #0: 2018-06-24 13:04:47,804 LBFGS        PARAM    0013       -523.627390          2.277243         64.093893          3.715026         92.865340
rank #0: 2018-06-24 13:04:47,805 rsdfit.lbfgs_fitter WARNING  ...LBFGS optimization finished. Time elapsed: 0:00:33.97
rank #0: 2018-06-24 13:04:47,806 rsdfit.lbfgs_fitter ERROR    nonlinear fit with method L-BFGS-B failed: Linesearch failed in both LBFGS and gradient directions
rank #0: 2018-06-24 13:04:47,808 rsdfit.fitting_driver INFO     rank 44 on nid00546     ...fitting complete
rank #0: 2018-06-24 13:04:47,812 rsdfit.fitting_driver INFO     rank 44 on nid00546     Saving the results to `/global/cscratch1/sd/nhand/eBOSS/fits/results/mocks/ezmock/v1.8e-fph/0.005-0.3/basemodel-N-fnl/0.8-2.2/QSO-S-0786-P0+P2-mock-cov-8973e9cf3e/2018-06-24_nlopt_13i_chain0__1.npz`
rank #0: 2018-06-24 13:04:47,837 pyRSD.analysis.lbfgs_results INFO     
minimum chi2 = 92.865340025

Free parameters [ mean ]
_______________
N              : -523.627390223
b1             : 2.27724317298
f_nl           : 64.0938928899
sigma_fog      : 3.71502555645

Constrained parameters [ mean ]
_________________________
b1sigma8       : 0.90705603918
