rank #0: 2018-07-16 20:09:45,851 rsdfit.fitting_driver INFO     rank 24 on nid00618     Calling the 'nlopt' solve function
rank #0: 2018-07-16 20:09:45,854 rsdfit.lbfgs_fitter INFO     running LBFGS for 500 iterations and then stopping
rank #0: 2018-07-16 20:09:45,855 rsdfit.lbfgs_fitter INFO     running LBFGS minimizer with priors
rank #0: 2018-07-16 20:09:45,856 root         INFO     Iter           N          b1        f_nl   sigma_fog   F(X)     
rank #0: 2018-07-16 20:09:46,438 LBFGS        INFO     options = {'factr': 100000.0, 'gtol': 1e-05, 'max_iter': 500, 'test_convergence': False}
rank #0: 2018-07-16 20:09:46,440 LBFGS        PARAM    0000          0.000000          2.000000          0.000000          4.000000         88.251658
rank #0: 2018-07-16 20:09:47,108 LBFGS        PARAM    0001         -8.042410          2.059694          0.535217          4.006631         79.442536
rank #0: 2018-07-16 20:09:47,694 LBFGS        PARAM    0002       -143.394862          2.204534          2.652933          4.105994         68.030448
rank #0: 2018-07-16 20:09:48,297 LBFGS        PARAM    0003       -260.759210          2.234224          3.562401          4.197600         64.798389
rank #0: 2018-07-16 20:09:48,897 LBFGS        PARAM    0004       -365.684360          2.242190          4.685209          4.278638         63.664506
rank #0: 2018-07-16 20:09:49,499 LBFGS        PARAM    0005       -365.598919          2.243447          5.015860          4.276802         63.659561
rank #0: 2018-07-16 20:09:50,084 LBFGS        PARAM    0006       -365.650980          2.244576          5.950274          4.271906         63.651508
rank #0: 2018-07-16 20:09:50,680 LBFGS        PARAM    0007       -366.489181          2.245610          8.725406          4.258228         63.632311
rank #0: 2018-07-16 20:09:51,276 LBFGS        PARAM    0008       -369.311151          2.245351         15.794842          4.225039         63.589894
rank #0: 2018-07-16 20:09:51,856 LBFGS        PARAM    0009       -375.086220          2.241255         29.532762          4.164879         63.517081
rank #0: 2018-07-16 20:09:52,444 LBFGS        PARAM    0010       -378.447651          2.232054         47.995367          4.111826         63.425818
rank #0: 2018-07-16 20:09:53,037 LBFGS        PARAM    0011       -369.423946          2.220820         66.246636          4.125418         63.341707
rank #0: 2018-07-16 20:09:53,631 LBFGS        PARAM    0012       -359.021017          2.215409         71.385095          4.171264         63.315044
rank #0: 2018-07-16 20:09:54,214 LBFGS        PARAM    0013       -355.646287          2.215485         70.082249          4.193721         63.312026
rank #0: 2018-07-16 20:09:54,814 LBFGS        PARAM    0014       -353.783877          2.215998         69.506098          4.204080         63.311149
rank #0: 2018-07-16 20:09:55,416 LBFGS        PARAM    0015       -352.556288          2.216288         69.662503          4.208526         63.310862
rank #0: 2018-07-16 20:09:56,015 LBFGS        PARAM    0016       -352.415868          2.216278         69.889972          4.208245         63.310843
rank #0: 2018-07-16 20:09:56,605 LBFGS        PARAM    0017       -352.436192          2.216257         69.959444          4.207915         63.310842
rank #0: 2018-07-16 20:09:57,208 LBFGS        PARAM    0018       -352.442393          2.216254         69.964151          4.207874         63.310842
rank #0: 2018-07-16 20:09:57,810 LBFGS        PARAM    0019       -352.442651          2.216254         69.964204          4.207873         63.310842
rank #0: 2018-07-16 20:09:58,461 LBFGS        PARAM    0020       -352.442650          2.216254         69.964203          4.207873         63.310842
rank #0: 2018-07-16 20:09:59,061 LBFGS        PARAM    0021       -352.442653          2.216254         69.964205          4.207873         63.310842
rank #0: 2018-07-16 20:09:59,729 LBFGS        PARAM    0022       -352.442655          2.216254         69.964205          4.207873         63.310842
rank #0: 2018-07-16 20:10:25,473 LBFGS        INFO     Linesearch failed in both LBFGS and gradient directions
rank #0: 2018-07-16 20:10:25,475 LBFGS        PARAM    0022       -352.442655          2.216254         69.964205          4.207873         63.310842
rank #0: 2018-07-16 20:10:25,477 rsdfit.lbfgs_fitter WARNING  ...LBFGS optimization finished. Time elapsed: 0:00:39.04
rank #0: 2018-07-16 20:10:25,478 rsdfit.lbfgs_fitter ERROR    nonlinear fit with method L-BFGS-B failed: Linesearch failed in both LBFGS and gradient directions
rank #0: 2018-07-16 20:10:25,480 rsdfit.fitting_driver INFO     rank 24 on nid00618     ...fitting complete
rank #0: 2018-07-16 20:10:25,484 rsdfit.fitting_driver INFO     rank 24 on nid00618     Saving the results to `/global/cscratch1/sd/nhand/eBOSS/fits/results/mocks/ezmock/v1.8e-fph/0.005-0.3/basemodel-N-fnl/0.8-2.2/QSO-N-0966-P0+P2-mock-cov-a8bcb55756/2018-07-16_nlopt_22i_chain0__1.npz`
rank #0: 2018-07-16 20:10:25,510 pyRSD.analysis.lbfgs_results INFO     
minimum chi2 = 63.3108421947

Free parameters [ mean ]
_______________
N              : -352.442655014
b1             : 2.21625374147
f_nl           : 69.9642051401
sigma_fog      : 4.20787333246

Constrained parameters [ mean ]
_________________________
b1sigma8       : 0.882763142914
