rank #0: 2019-02-16 12:32:01,063 rsdfit.fitting_driver INFO     rank 8 on nid01064     Calling the 'nlopt' solve function
rank #0: 2019-02-16 12:32:01,064 rsdfit.lbfgs_fitter INFO     running LBFGS for 500 iterations and then stopping
rank #0: 2019-02-16 12:32:01,064 rsdfit.lbfgs_fitter INFO     running LBFGS minimizer with priors
rank #0: 2019-02-16 12:32:01,064 root         INFO     Iter           N          b1        f_nl   sigma_fog   F(X)     
rank #0: 2019-02-16 12:32:01,064 rsdfit.lbfgs_fitter INFO     computing gradient using numerical derivative of lnlike()
rank #0: 2019-02-16 12:32:01,603 LBFGS        INFO     options = {'factr': 100000.0, 'gtol': 1e-05, 'max_iter': 500, 'test_convergence': False}
rank #0: 2019-02-16 12:32:01,603 LBFGS        PARAM    0000          0.000000          2.000000          0.000000          4.000000         91.855727
rank #0: 2019-02-16 12:32:02,244 LBFGS        PARAM    0001        -35.263809          2.060896          1.488933          4.022433         83.436030
rank #0: 2019-02-16 12:32:02,822 LBFGS        PARAM    0002       -292.300323          2.222003          7.118618          4.197153         69.279048
rank #0: 2019-02-16 12:32:03,400 LBFGS        PARAM    0003       -432.981620          2.230482          8.447865          4.299974         66.718685
rank #0: 2019-02-16 12:32:03,976 LBFGS        PARAM    0004       -445.103927          2.229068          8.751404          4.306085         66.692765
rank #0: 2019-02-16 12:32:04,553 LBFGS        PARAM    0005       -446.145525          2.229009          8.952109          4.304679         66.690878
rank #0: 2019-02-16 12:32:05,130 LBFGS        PARAM    0006       -456.350004          2.226472         12.784494          4.270881         66.666373
rank #0: 2019-02-16 12:32:05,708 LBFGS        PARAM    0007       -457.718807          2.223674         15.998025          4.242784         66.653495
rank #0: 2019-02-16 12:32:06,285 LBFGS        PARAM    0008       -450.645055          2.221040         18.736427          4.245196         66.646445
rank #0: 2019-02-16 12:32:06,862 LBFGS        PARAM    0009       -447.532427          2.220488         19.005141          4.250093         66.645973
rank #0: 2019-02-16 12:32:07,439 LBFGS        PARAM    0010       -447.216187          2.220544         18.945293          4.251370         66.645963
rank #0: 2019-02-16 12:32:08,015 LBFGS        PARAM    0011       -447.177714          2.220553         18.934212          4.251746         66.645962
rank #0: 2019-02-16 12:32:08,592 LBFGS        PARAM    0012       -447.175007          2.220553         18.938167          4.251943         66.645961
rank #0: 2019-02-16 12:32:09,170 LBFGS        PARAM    0013       -447.178348          2.220551         18.941115          4.251947         66.645961
rank #0: 2019-02-16 12:32:09,747 LBFGS        PARAM    0014       -447.179266          2.220551         18.941692          4.251943         66.645961
rank #0: 2019-02-16 12:32:10,324 LBFGS        PARAM    0015       -447.179330          2.220551         18.941713          4.251942         66.645961
rank #0: 2019-02-16 12:32:10,901 LBFGS        PARAM    0016       -447.179332          2.220551         18.941715          4.251942         66.645961
rank #0: 2019-02-16 12:32:11,544 LBFGS        PARAM    0017       -447.179332          2.220551         18.941715          4.251942         66.645961
rank #0: 2019-02-16 12:32:36,659 LBFGS        INFO     Linesearch failed in both LBFGS and gradient directions
rank #0: 2019-02-16 12:32:36,660 LBFGS        PARAM    0017       -447.179332          2.220551         18.941715          4.251942         66.645961
rank #0: 2019-02-16 12:32:36,660 rsdfit.lbfgs_fitter WARNING  ...LBFGS optimization finished. Time elapsed: 0:00:35.06
rank #0: 2019-02-16 12:32:36,660 rsdfit.lbfgs_fitter ERROR    nonlinear fit with method L-BFGS-B failed: Linesearch failed in both LBFGS and gradient directions
rank #0: 2019-02-16 12:32:36,661 rsdfit.fitting_driver INFO     rank 8 on nid01064     ...fitting complete
rank #0: 2019-02-16 12:32:36,664 rsdfit.fitting_driver INFO     rank 8 on nid01064     Saving the results to `/global/cscratch1/sd/nhand/eBOSS/fits/results/mocks/ezmock/v1.8e-fph/0.005-0.3/basemodel-N-fnl/0.8-2.2/QSO-N-0009-P0+P2-mock-cov-20503beeef/2019-02-16_nlopt_17i_chain0__1.npz`
rank #0: 2019-02-16 12:32:36,672 pyRSD.analysis.lbfgs_results INFO     
minimum chi2 = 66.64596136309554

Free parameters [ mean ]
_______________
N              : -447.17933220907446
b1             : 2.220550698445524
f_nl           : 18.941714768907765
sigma_fog      : 4.251942011883933

Constrained parameters [ mean ]
_________________________
b1sigma8       : 0.8844746776424189
