rank #0: 2018-10-08 10:22:55,543 rsdfit.fitting_driver INFO     rank 60 on nid00696     Calling the 'nlopt' solve function
rank #0: 2018-10-08 10:22:55,544 rsdfit.lbfgs_fitter INFO     running LBFGS for 500 iterations and then stopping
rank #0: 2018-10-08 10:22:55,545 rsdfit.lbfgs_fitter INFO     running LBFGS minimizer with priors
rank #0: 2018-10-08 10:22:55,546 root         INFO     Iter           N          b1        f_nl   sigma_fog   F(X)     
rank #0: 2018-10-08 10:22:55,546 rsdfit.lbfgs_fitter INFO     computing gradient using numerical derivative of lnlike()
rank #0: 2018-10-08 10:22:56,732 LBFGS        INFO     options = {'factr': 100000.0, 'gtol': 1e-05, 'max_iter': 500, 'test_convergence': False}
rank #0: 2018-10-08 10:22:56,734 LBFGS        PARAM    0000          0.000000          2.000000          0.000000          4.000000        105.922673
rank #0: 2018-10-08 10:22:58,117 LBFGS        PARAM    0001         49.960893          2.141144          1.298103          3.962862         92.712610
rank #0: 2018-10-08 10:22:59,343 LBFGS        PARAM    0002        -58.938070          2.450715          7.166380          3.991678         82.008154
rank #0: 2018-10-08 10:23:00,594 LBFGS        PARAM    0003       -183.560108          2.451128          7.912334          4.064511         79.628307
rank #0: 2018-10-08 10:23:01,832 LBFGS        PARAM    0004       -430.944515          2.508696         10.858285          4.172690         78.072614
rank #0: 2018-10-08 10:23:03,075 LBFGS        PARAM    0005       -438.054251          2.503359         11.239642          4.107093         78.007887
rank #0: 2018-10-08 10:23:04,339 LBFGS        PARAM    0006       -497.888098          2.497523         14.228472          3.760176         77.837429
rank #0: 2018-10-08 10:23:05,580 LBFGS        PARAM    0007       -510.879473          2.502948         15.624938          3.725896         77.831817
rank #0: 2018-10-08 10:23:06,845 LBFGS        PARAM    0008       -511.720498          2.502197         15.528423          3.727957         77.831533
rank #0: 2018-10-08 10:23:08,090 LBFGS        PARAM    0009       -511.667671          2.502171         15.548336          3.728073         77.831528
rank #0: 2018-10-08 10:23:09,331 LBFGS        PARAM    0010       -510.986131          2.501786         15.899131          3.729060         77.831488
rank #0: 2018-10-08 10:23:10,591 LBFGS        PARAM    0011       -510.972451          2.501786         15.897340          3.729088         77.831488
rank #0: 2018-10-08 10:23:11,829 LBFGS        PARAM    0012       -510.973837          2.501786         15.897426          3.729084         77.831488
rank #0: 2018-10-08 10:23:13,094 LBFGS        PARAM    0013       -510.973691          2.501786         15.897429          3.729084         77.831488
rank #0: 2018-10-08 10:23:14,625 LBFGS        PARAM    0014       -510.973694          2.501786         15.897429          3.729084         77.831488
rank #0: 2018-10-08 10:23:45,722 LBFGS        PARAM    0015       -510.973697          2.501786         15.897428          3.729084         77.831488
rank #0: 2018-10-08 10:24:15,687 LBFGS        PARAM    0016       -510.973697          2.501786         15.897428          3.729084         77.831488
rank #0: 2018-10-08 10:24:42,467 LBFGS        PARAM    0017       -510.973697          2.501786         15.897428          3.729084         77.831488
rank #0: 2018-10-08 10:25:27,318 LBFGS        INFO     Linesearch failed in both LBFGS and gradient directions
rank #0: 2018-10-08 10:25:27,320 LBFGS        PARAM    0017       -510.973697          2.501786         15.897428          3.729084         77.831488
rank #0: 2018-10-08 10:25:27,321 rsdfit.lbfgs_fitter WARNING  ...LBFGS optimization finished. Time elapsed: 0:02:30.59
rank #0: 2018-10-08 10:25:27,323 rsdfit.lbfgs_fitter ERROR    nonlinear fit with method L-BFGS-B failed: Linesearch failed in both LBFGS and gradient directions
rank #0: 2018-10-08 10:25:27,324 rsdfit.fitting_driver INFO     rank 60 on nid00696     ...fitting complete
rank #0: 2018-10-08 10:25:27,328 rsdfit.fitting_driver INFO     rank 60 on nid00696     Saving the results to `/global/cscratch1/sd/nhand/eBOSS/fits/results/mocks/ezmock/v1.8e-fph/0.0001-0.3/basemodel-N-fnl/0.8-2.2/QSO-S-0952-P0+P2-mock-cov-98e9a706c6/2018-10-08_nlopt_17i_chain0__1.npz`
rank #0: 2018-10-08 10:25:27,455 pyRSD.analysis.lbfgs_results INFO     
minimum chi2 = 77.8314883897

Free parameters [ mean ]
_______________
N              : -510.973696893
b1             : 2.50178578869
f_nl           : 15.8974284959
sigma_fog      : 3.72908412602

Constrained parameters [ mean ]
_________________________
b1sigma8       : 0.906230641579
