rank #0: 2018-10-08 11:30:30,844 rsdfit.fitting_driver INFO     rank 47 on nid00693     Calling the 'nlopt' solve function
rank #0: 2018-10-08 11:30:30,845 rsdfit.lbfgs_fitter INFO     running LBFGS for 500 iterations and then stopping
rank #0: 2018-10-08 11:30:30,846 rsdfit.lbfgs_fitter INFO     running LBFGS minimizer with priors
rank #0: 2018-10-08 11:30:30,846 root         INFO     Iter           N          b1        f_nl   sigma_fog   F(X)     
rank #0: 2018-10-08 11:30:30,847 rsdfit.lbfgs_fitter INFO     computing gradient using numerical derivative of lnlike()
rank #0: 2018-10-08 11:30:32,050 LBFGS        INFO     options = {'factr': 100000.0, 'gtol': 1e-05, 'max_iter': 500, 'test_convergence': False}
rank #0: 2018-10-08 11:30:32,052 LBFGS        PARAM    0000          0.000000          2.000000          0.000000          4.000000        109.170746
rank #0: 2018-10-08 11:30:33,407 LBFGS        PARAM    0001        150.244800          2.189602          1.558952          3.916208         83.232606
rank #0: 2018-10-08 11:30:34,646 LBFGS        PARAM    0002        138.750572          2.494548          6.844874          3.854310         71.562984
rank #0: 2018-10-08 11:30:35,868 LBFGS        PARAM    0003        106.422300          2.455116          7.515513          3.931925         70.738454
rank #0: 2018-10-08 11:30:37,099 LBFGS        PARAM    0004         64.585694          2.461132          9.537009          4.005473         70.258788
rank #0: 2018-10-08 11:30:38,346 LBFGS        PARAM    0005        -93.987578          2.513858         19.301777          4.246430         69.531276
rank #0: 2018-10-08 11:30:39,568 LBFGS        PARAM    0006        -65.354568          2.511237         22.328652          4.174759         69.400380
rank #0: 2018-10-08 11:30:40,813 LBFGS        PARAM    0007        -64.288867          2.515766         29.889611          4.103611         69.290761
rank #0: 2018-10-08 11:30:42,035 LBFGS        PARAM    0008        -74.011720          2.514183         43.275283          3.985623         69.152244
rank #0: 2018-10-08 11:30:43,277 LBFGS        PARAM    0009       -102.406901          2.500311         67.399319          3.780886         68.955297
rank #0: 2018-10-08 11:30:44,499 LBFGS        PARAM    0010       -117.073565          2.477237         88.164879          3.699697         68.806878
rank #0: 2018-10-08 11:30:45,732 LBFGS        PARAM    0011       -116.482946          2.465144         95.096439          3.725776         68.769355
rank #0: 2018-10-08 11:30:46,965 LBFGS        PARAM    0012       -111.619855          2.462985         95.938806          3.757459         68.761603
rank #0: 2018-10-08 11:30:48,188 LBFGS        PARAM    0013        -97.755053          2.459860         98.538832          3.815864         68.748996
rank #0: 2018-10-08 11:30:49,434 LBFGS        PARAM    0014        -81.042695          2.457740        103.275393          3.856273         68.739358
rank #0: 2018-10-08 11:30:50,659 LBFGS        PARAM    0015        -75.102424          2.457259        103.488729          3.859543         68.738485
rank #0: 2018-10-08 11:30:51,912 LBFGS        PARAM    0016        -75.491917          2.457505        103.476255          3.857162         68.738459
rank #0: 2018-10-08 11:30:53,146 LBFGS        PARAM    0017        -75.613948          2.457531        103.450795          3.856515         68.738459
rank #0: 2018-10-08 11:30:54,393 LBFGS        PARAM    0018        -75.619223          2.457531        103.451977          3.856503         68.738459
rank #0: 2018-10-08 11:30:55,630 LBFGS        PARAM    0019        -75.619068          2.457531        103.451969          3.856503         68.738459
rank #0: 2018-10-08 11:30:56,855 LBFGS        PARAM    0020        -75.619072          2.457531        103.451971          3.856503         68.738459
rank #0: 2018-10-08 11:31:27,222 LBFGS        PARAM    0021        -75.619072          2.457531        103.451971          3.856503         68.738459
rank #0: 2018-10-08 11:31:28,471 LBFGS        PARAM    0022        -75.619072          2.457531        103.451971          3.856503         68.738459
rank #0: 2018-10-08 11:32:21,285 LBFGS        INFO     Linesearch failed in both LBFGS and gradient directions
rank #0: 2018-10-08 11:32:21,286 LBFGS        PARAM    0022        -75.619072          2.457531        103.451971          3.856503         68.738459
rank #0: 2018-10-08 11:32:21,287 rsdfit.lbfgs_fitter WARNING  ...LBFGS optimization finished. Time elapsed: 0:01:49.24
rank #0: 2018-10-08 11:32:21,288 rsdfit.lbfgs_fitter ERROR    nonlinear fit with method L-BFGS-B failed: Linesearch failed in both LBFGS and gradient directions
rank #0: 2018-10-08 11:32:21,289 rsdfit.fitting_driver INFO     rank 47 on nid00693     ...fitting complete
rank #0: 2018-10-08 11:32:21,293 rsdfit.fitting_driver INFO     rank 47 on nid00693     Saving the results to `/global/cscratch1/sd/nhand/eBOSS/fits/results/mocks/ezmock/v1.8e-fph/0.005-0.3/basemodel-N-fnl/0.8-2.2/QSO-S-0823-P0+P2-mock-cov-98e9a706c6/2018-10-08_nlopt_22i_chain0__1.npz`
rank #0: 2018-10-08 11:32:21,366 pyRSD.analysis.lbfgs_results INFO     
minimum chi2 = 68.7384587176

Free parameters [ mean ]
_______________
N              : -75.6190719
b1             : 2.45753092515
f_nl           : 103.451970532
sigma_fog      : 3.85650316839

Constrained parameters [ mean ]
_________________________
b1sigma8       : 0.890200047128
