rank #0: 2018-07-15 20:13:53,640 rsdfit.fitting_driver INFO     rank 8 on nid00569     Calling the 'nlopt' solve function
rank #0: 2018-07-15 20:13:53,640 rsdfit.lbfgs_fitter INFO     running LBFGS for 500 iterations and then stopping
rank #0: 2018-07-15 20:13:53,641 rsdfit.lbfgs_fitter INFO     running LBFGS minimizer with priors
rank #0: 2018-07-15 20:13:53,642 root         INFO     Iter           N          b1        f_nl   sigma_fog   F(X)     
rank #0: 2018-07-15 20:13:54,212 LBFGS        INFO     options = {'factr': 100000.0, 'gtol': 1e-05, 'max_iter': 500, 'test_convergence': False}
rank #0: 2018-07-15 20:13:54,213 LBFGS        PARAM    0000          0.000000          2.000000          0.000000          4.000000        123.193333
rank #0: 2018-07-15 20:13:54,851 LBFGS        PARAM    0001         70.971838          2.206044          2.113173          3.941128         96.442445
rank #0: 2018-07-15 20:13:55,440 LBFGS        PARAM    0002       -100.237244          2.673732         14.531508          3.959705         76.983372
rank #0: 2018-07-15 20:13:56,031 LBFGS        PARAM    0003       -239.605125          2.603932         15.507473          4.056019         71.036079
rank #0: 2018-07-15 20:13:56,605 LBFGS        PARAM    0004       -501.140557          2.645956         22.639178          4.179311         67.532191
rank #0: 2018-07-15 20:13:57,193 LBFGS        PARAM    0005       -643.043362          2.689406         33.021427          4.158369         66.581041
rank #0: 2018-07-15 20:13:57,782 LBFGS        PARAM    0006       -727.171673          2.694967         51.559693          3.965521         65.660152
rank #0: 2018-07-15 20:13:58,374 LBFGS        PARAM    0007       -797.550972          2.655713         92.473756          3.426497         65.097633
rank #0: 2018-07-15 20:13:58,949 LBFGS        PARAM    0008       -727.612577          2.638473         75.503503          3.444711         64.638132
rank #0: 2018-07-15 20:13:59,539 LBFGS        PARAM    0009       -719.104970          2.638598         78.411568          3.413274         64.609742
rank #0: 2018-07-15 20:14:00,130 LBFGS        PARAM    0010       -716.799839          2.637010         79.667708          3.402688         64.607838
rank #0: 2018-07-15 20:14:00,717 LBFGS        PARAM    0011       -714.056215          2.636587         79.860133          3.411175         64.607050
rank #0: 2018-07-15 20:14:01,294 LBFGS        PARAM    0012       -707.195178          2.635503         80.138720          3.436211         64.606141
rank #0: 2018-07-15 20:14:01,883 LBFGS        PARAM    0013       -707.114372          2.635546         80.122319          3.436385         64.606140
rank #0: 2018-07-15 20:14:02,476 LBFGS        PARAM    0014       -707.123056          2.635536         80.124049          3.436349         64.606140
rank #0: 2018-07-15 20:14:03,051 LBFGS        PARAM    0015       -707.122618          2.635536         80.124003          3.436348         64.606140
rank #0: 2018-07-15 20:14:17,548 LBFGS        PARAM    0016       -707.122501          2.635536         80.123998          3.436348         64.606140
rank #0: 2018-07-15 20:14:43,592 LBFGS        INFO     Linesearch failed in both LBFGS and gradient directions
rank #0: 2018-07-15 20:14:43,593 LBFGS        PARAM    0016       -707.122501          2.635536         80.123998          3.436348         64.606140
rank #0: 2018-07-15 20:14:43,594 rsdfit.lbfgs_fitter WARNING  ...LBFGS optimization finished. Time elapsed: 0:00:49.38
rank #0: 2018-07-15 20:14:43,594 rsdfit.lbfgs_fitter ERROR    nonlinear fit with method L-BFGS-B failed: Linesearch failed in both LBFGS and gradient directions
rank #0: 2018-07-15 20:14:43,596 rsdfit.fitting_driver INFO     rank 8 on nid00569     ...fitting complete
rank #0: 2018-07-15 20:14:43,599 rsdfit.fitting_driver INFO     rank 8 on nid00569     Saving the results to `/global/cscratch1/sd/nhand/eBOSS/fits/results/mocks/ezmock/v1.8e-fph/0.0001-0.3/basemodel-N-fnl/0.8-2.2/QSO-S-0420-P0+P2-mock-cov-f224d44da7/2018-07-15_nlopt_16i_chain0__1.npz`
rank #0: 2018-07-15 20:14:43,624 pyRSD.analysis.lbfgs_results INFO     
minimum chi2 = 64.606140251

Free parameters [ mean ]
_______________
N              : -707.122500761
b1             : 2.63553590716
f_nl           : 80.1239981985
sigma_fog      : 3.43634809588

Constrained parameters [ mean ]
_________________________
b1sigma8       : 0.954679416137
