rank #0: 2018-06-24 14:10:58,760 rsdfit.fitting_driver INFO     rank 34 on nid00537     Calling the 'nlopt' solve function
rank #0: 2018-06-24 14:10:58,761 rsdfit.lbfgs_fitter INFO     running LBFGS for 500 iterations and then stopping
rank #0: 2018-06-24 14:10:58,761 rsdfit.lbfgs_fitter INFO     running LBFGS minimizer with priors
rank #0: 2018-06-24 14:10:58,762 root         INFO     Iter           N          b1        f_nl   sigma_fog   F(X)     
rank #0: 2018-06-24 14:10:59,331 LBFGS        INFO     options = {'factr': 100000.0, 'gtol': 1e-05, 'max_iter': 500, 'test_convergence': False}
rank #0: 2018-06-24 14:10:59,332 LBFGS        PARAM    0000          0.000000          2.000000          0.000000          4.000000        107.506202
rank #0: 2018-06-24 14:11:00,003 LBFGS        PARAM    0001         12.750169          2.081402          1.738143          3.998268         94.715637
rank #0: 2018-06-24 14:11:00,605 LBFGS        PARAM    0002        -75.136925          2.275902          8.089106          4.111639         80.564147
rank #0: 2018-06-24 14:11:01,203 LBFGS        PARAM    0003       -199.426170          2.315905         10.438021          4.219497         76.585301
rank #0: 2018-06-24 14:11:01,795 LBFGS        PARAM    0004       -371.161995          2.340540         13.526779          4.393305         74.250510
rank #0: 2018-06-24 14:11:02,399 LBFGS        PARAM    0005       -366.961668          2.342024         13.982585          4.395183         74.241197
rank #0: 2018-06-24 14:11:03,002 LBFGS        PARAM    0006       -362.680416          2.341956         14.675457          4.400434         74.234345
rank #0: 2018-06-24 14:11:03,590 LBFGS        PARAM    0007       -352.439917          2.340371         17.084400          4.422320         74.216776
rank #0: 2018-06-24 14:11:04,194 LBFGS        PARAM    0008       -341.449712          2.336565         20.748130          4.456767         74.196562
rank #0: 2018-06-24 14:11:04,798 LBFGS        PARAM    0009       -341.709565          2.330702         25.686282          4.456365         74.176623
rank #0: 2018-06-24 14:11:05,395 LBFGS        PARAM    0010       -344.149368          2.328172         27.036756          4.444586         74.174053
rank #0: 2018-06-24 14:11:05,991 LBFGS        PARAM    0011       -345.241856          2.328174         27.000793          4.440520         74.173938
rank #0: 2018-06-24 14:11:06,595 LBFGS        PARAM    0012       -345.891535          2.328201         27.017441          4.436715         74.173870
rank #0: 2018-06-24 14:11:07,199 LBFGS        PARAM    0013       -345.948837          2.328184         27.105872          4.434780         74.173845
rank #0: 2018-06-24 14:11:07,788 LBFGS        PARAM    0014       -345.868600          2.328173         27.126430          4.434752         74.173844
rank #0: 2018-06-24 14:11:08,392 LBFGS        PARAM    0015       -345.848693          2.328172         27.129034          4.434816         74.173844
rank #0: 2018-06-24 14:11:08,998 LBFGS        PARAM    0016       -345.846862          2.328172         27.129110          4.434825         74.173844
rank #0: 2018-06-24 14:11:09,592 LBFGS        PARAM    0017       -345.846849          2.328172         27.129103          4.434825         74.173844
rank #0: 2018-06-24 14:11:24,201 LBFGS        PARAM    0018       -345.846845          2.328172         27.129103          4.434825         74.173844
rank #0: 2018-06-24 14:11:24,202 LBFGS        INFO     LBFGS iteration 18: the descent direction does not have a sufficient projection (cos(theta)=-9.15e-01, theta=156.1594) into the gradient; using steepest descent at this step!
rank #0: 2018-06-24 14:11:24,862 LBFGS        PARAM    0019       -345.846835          2.328172         27.129103          4.434825         74.173844
rank #0: 2018-06-24 14:11:50,989 LBFGS        INFO     Linesearch failed in both LBFGS and gradient directions
rank #0: 2018-06-24 14:11:50,990 LBFGS        PARAM    0019       -345.846835          2.328172         27.129103          4.434825         74.173844
rank #0: 2018-06-24 14:11:50,990 rsdfit.lbfgs_fitter WARNING  ...LBFGS optimization finished. Time elapsed: 0:00:51.66
rank #0: 2018-06-24 14:11:50,991 rsdfit.lbfgs_fitter ERROR    nonlinear fit with method L-BFGS-B failed: Linesearch failed in both LBFGS and gradient directions
rank #0: 2018-06-24 14:11:50,992 rsdfit.fitting_driver INFO     rank 34 on nid00537     ...fitting complete
rank #0: 2018-06-24 14:11:50,995 rsdfit.fitting_driver INFO     rank 34 on nid00537     Saving the results to `/global/cscratch1/sd/nhand/eBOSS/fits/results/mocks/ezmock/v1.8e-fph/0.005-0.3/basemodel-N-fnl/0.8-2.2/QSO-N-0178-P0+P2-mock-cov-1ab4f6001f/2018-06-24_nlopt_19i_chain0__1.npz`
rank #0: 2018-06-24 14:11:51,021 pyRSD.analysis.lbfgs_results INFO     
minimum chi2 = 74.1738444611

Free parameters [ mean ]
_______________
N              : -345.846835041
b1             : 2.32817153676
f_nl           : 27.1291029209
sigma_fog      : 4.4348253947

Constrained parameters [ mean ]
_________________________
b1sigma8       : 0.872797304776
