rank #0: 2018-10-04 21:41:51,809 rsdfit.fitting_driver INFO     rank 52 on nid01063     Calling the 'nlopt' solve function
rank #0: 2018-10-04 21:41:51,810 rsdfit.lbfgs_fitter INFO     running LBFGS for 500 iterations and then stopping
rank #0: 2018-10-04 21:41:51,810 rsdfit.lbfgs_fitter INFO     running LBFGS minimizer with priors
rank #0: 2018-10-04 21:41:51,811 root         INFO     Iter           N          b1        f_nl   sigma_fog   F(X)     
rank #0: 2018-10-04 21:41:51,811 rsdfit.lbfgs_fitter INFO     computing gradient using numerical derivative of lnlike()
rank #0: 2018-10-04 21:41:52,962 LBFGS        INFO     options = {'factr': 100000.0, 'gtol': 1e-05, 'max_iter': 500, 'test_convergence': False}
rank #0: 2018-10-04 21:41:52,963 LBFGS        PARAM    0000          0.000000          2.000000          0.000000          4.000000        134.790740
rank #0: 2018-10-04 21:41:54,295 LBFGS        PARAM    0001         27.336226          2.130922          1.013723          3.974135        113.091391
rank #0: 2018-10-04 21:41:55,504 LBFGS        PARAM    0002       -101.566095          2.422339          5.557184          4.064991         92.931369
rank #0: 2018-10-04 21:41:56,699 LBFGS        PARAM    0003       -259.254550          2.454214          6.474176          4.178384         87.258730
rank #0: 2018-10-04 21:41:57,912 LBFGS        PARAM    0004       -522.902965          2.505409          7.929440          4.352273         83.668611
rank #0: 2018-10-04 21:41:59,100 LBFGS        PARAM    0005       -522.533886          2.503193          7.803751          4.331756         83.655676
rank #0: 2018-10-04 21:42:00,311 LBFGS        PARAM    0006       -538.070084          2.500531          7.314282          4.217742         83.612981
rank #0: 2018-10-04 21:42:01,499 LBFGS        PARAM    0007       -553.735289          2.502898          6.913520          4.175897         83.605283
rank #0: 2018-10-04 21:42:02,707 LBFGS        PARAM    0008       -555.940029          2.503531          6.623823          4.174271         83.604956
rank #0: 2018-10-04 21:42:03,906 LBFGS        PARAM    0009       -557.670600          2.504282          6.113992          4.173828         83.604663
rank #0: 2018-10-04 21:42:05,101 LBFGS        PARAM    0010       -559.975440          2.505577          4.846113          4.173951         83.604071
rank #0: 2018-10-04 21:42:06,315 LBFGS        PARAM    0011       -563.545943          2.508289          1.518534          4.175305         83.602647
rank #0: 2018-10-04 21:42:07,505 LBFGS        PARAM    0012       -570.833503          2.515403         -8.440002          4.180249         83.596487
rank #0: 2018-10-04 21:42:07,506 LBFGS        INFO     LBFGS iteration 12: the descent direction does not have a sufficient projection (cos(theta)=-1.82e-01, theta=100.5133) into the gradient; using steepest descent at this step!
rank #0: 2018-10-04 21:42:08,852 LBFGS        PARAM    0013       -565.055432          2.514393         -8.629583          4.177159         83.594993
rank #0: 2018-10-04 21:42:10,041 LBFGS        PARAM    0014       -564.163858          2.512592         -8.785079          4.177856         83.594889
rank #0: 2018-10-04 21:42:11,245 LBFGS        PARAM    0015       -564.718912          2.513479         -8.748273          4.178022         83.594607
rank #0: 2018-10-04 21:42:12,446 LBFGS        PARAM    0016       -564.727541          2.513614         -8.792278          4.178467         83.594543
rank #0: 2018-10-04 21:42:13,641 LBFGS        PARAM    0017       -564.258394          2.515191         -9.705405          4.186783         83.593666
rank #0: 2018-10-04 21:42:14,891 LBFGS        PARAM    0018       -562.963784          2.517058        -11.385234          4.200707         83.592423
rank #0: 2018-10-04 21:42:16,088 LBFGS        PARAM    0019       -559.455388          2.520980        -15.976792          4.234613         83.589253
rank #0: 2018-10-04 21:42:17,309 LBFGS        PARAM    0020       -546.445095          2.536291        -35.410591          4.364332         83.565860
rank #0: 2018-10-04 21:42:17,310 LBFGS        INFO     LBFGS iteration 20: the descent direction does not have a sufficient projection (cos(theta)=-8.61e-02, theta=94.9407) into the gradient; using steepest descent at this step!
rank #0: 2018-10-04 21:42:18,641 LBFGS        PARAM    0021       -551.659327          2.531645        -35.870255          4.352178         83.554197
rank #0: 2018-10-04 21:42:19,834 LBFGS        PARAM    0022       -552.954539          2.531408        -36.269776          4.337211         83.543071
rank #0: 2018-10-04 21:42:21,037 LBFGS        PARAM    0023       -595.058841          2.537188        -42.997693          4.147363         83.463239
rank #0: 2018-10-04 21:42:22,220 LBFGS        PARAM    0024       -596.023543          2.538692        -47.325418          4.131611         83.434044
rank #0: 2018-10-04 21:42:23,432 LBFGS        PARAM    0025       -596.427687          2.539156        -48.743957          4.125466         83.424812
rank #0: 2018-10-04 21:42:24,757 LBFGS        PARAM    0026       -595.859487          2.541303        -58.389357          4.083378         83.370977
rank #0: 2018-10-04 21:42:26,100 LBFGS        PARAM    0027       -585.933345          2.541126        -66.897472          4.060449         83.350670
rank #0: 2018-10-04 21:42:26,102 LBFGS        INFO     LBFGS iteration 27: the descent direction does not have a sufficient projection (cos(theta)=-7.65e-02, theta=94.3861) into the gradient; using steepest descent at this step!
rank #0: 2018-10-04 21:42:27,429 LBFGS        PARAM    0028       -614.175672          2.544437        -67.567515          4.105835         83.283971
rank #0: 2018-10-04 21:42:28,619 LBFGS        PARAM    0029       -621.770254          2.555926        -68.158038          4.130280         83.243122
rank #0: 2018-10-04 21:42:29,831 LBFGS        PARAM    0030       -622.034319          2.559109        -68.894458          4.144657         83.232859
rank #0: 2018-10-04 21:42:31,021 LBFGS        PARAM    0031       -617.328327          2.566557        -72.355477          4.199139         83.199500
rank #0: 2018-10-04 21:42:32,231 LBFGS        PARAM    0032       -605.077494          2.572561        -78.357355          4.275300         83.158012
rank #0: 2018-10-04 21:42:33,415 LBFGS        PARAM    0033       -596.682042          2.575137        -86.596226          4.314657         83.113911
rank #0: 2018-10-04 21:42:34,620 LBFGS        PARAM    0034       -600.814524          2.573154        -91.210469          4.281409         83.090209
rank #0: 2018-10-04 21:42:35,820 LBFGS        PARAM    0035       -607.365771          2.570426        -90.934484          4.239839         83.085170
rank #0: 2018-10-04 21:42:37,013 LBFGS        PARAM    0036       -609.402526          2.571027        -91.196487          4.235090         83.084732
rank #0: 2018-10-04 21:42:38,233 LBFGS        PARAM    0037       -611.590489          2.571902        -91.294534          4.230122         83.084508
rank #0: 2018-10-04 21:42:39,433 LBFGS        PARAM    0038       -611.562201          2.571925        -91.291736          4.230293         83.084507
rank #0: 2018-10-04 21:42:40,653 LBFGS        PARAM    0039       -611.557988          2.571925        -91.290840          4.230306         83.084507
rank #0: 2018-10-04 21:42:41,840 LBFGS        PARAM    0040       -611.557997          2.571925        -91.290869          4.230306         83.084507
rank #0: 2018-10-04 21:43:11,542 LBFGS        PARAM    0041       -611.557984          2.571925        -91.290869          4.230306         83.084507
rank #0: 2018-10-04 21:44:04,904 LBFGS        INFO     Linesearch failed in both LBFGS and gradient directions
rank #0: 2018-10-04 21:44:04,905 LBFGS        PARAM    0041       -611.557984          2.571925        -91.290869          4.230306         83.084507
rank #0: 2018-10-04 21:44:04,906 rsdfit.lbfgs_fitter WARNING  ...LBFGS optimization finished. Time elapsed: 0:02:11.94
rank #0: 2018-10-04 21:44:04,907 rsdfit.lbfgs_fitter ERROR    nonlinear fit with method L-BFGS-B failed: Linesearch failed in both LBFGS and gradient directions
rank #0: 2018-10-04 21:44:04,908 rsdfit.fitting_driver INFO     rank 52 on nid01063     ...fitting complete
rank #0: 2018-10-04 21:44:04,964 rsdfit.fitting_driver INFO     rank 52 on nid01063     Saving the results to `/global/cscratch1/sd/nhand/eBOSS/fits/results/mocks/ezmock/v1.8e-fph/0.0001-0.3/basemodel-N-fnl/0.8-2.2/QSO-N-0411-P0+P2-mock-cov-4ae05ce33e/2018-10-04_nlopt_41i_chain0__1.npz`
rank #0: 2018-10-04 21:44:05,030 pyRSD.analysis.lbfgs_results INFO     
minimum chi2 = 83.0845073997

Free parameters [ mean ]
_______________
N              : -611.557983954
b1             : 2.57192549343
f_nl           : -91.2908692804
sigma_fog      : 4.23030586705

Constrained parameters [ mean ]
_________________________
b1sigma8       : 0.931637592852
