rank #0: 2019-02-16 13:33:44,057 rsdfit.fitting_driver INFO     rank 59 on nid12697     Calling the 'nlopt' solve function
rank #0: 2019-02-16 13:33:44,057 rsdfit.lbfgs_fitter INFO     running LBFGS for 500 iterations and then stopping
rank #0: 2019-02-16 13:33:44,058 rsdfit.lbfgs_fitter INFO     running LBFGS minimizer with priors
rank #0: 2019-02-16 13:33:44,058 root         INFO     Iter           N          b1        f_nl   sigma_fog   F(X)     
rank #0: 2019-02-16 13:33:44,058 rsdfit.lbfgs_fitter INFO     computing gradient using numerical derivative of lnlike()
rank #0: 2019-02-16 13:33:44,630 LBFGS        INFO     options = {'factr': 100000.0, 'gtol': 1e-05, 'max_iter': 500, 'test_convergence': False}
rank #0: 2019-02-16 13:33:44,630 LBFGS        PARAM    0000          0.000000          2.000000          0.000000          4.000000        108.655591
rank #0: 2019-02-16 13:33:45,282 LBFGS        PARAM    0001        -11.291820          2.072774          0.620206          4.005002         95.475323
rank #0: 2019-02-16 13:33:45,868 LBFGS        PARAM    0002       -181.899306          2.249930          3.123982          4.113295         78.669791
rank #0: 2019-02-16 13:33:46,457 LBFGS        PARAM    0003       -317.682568          2.278276          3.943296          4.210295         74.024536
rank #0: 2019-02-16 13:33:47,046 LBFGS        PARAM    0004       -451.289760          2.288372          4.833575          4.291482         72.281752
rank #0: 2019-02-16 13:33:47,635 LBFGS        PARAM    0005       -453.170728          2.289911          5.105029          4.283700         72.272492
rank #0: 2019-02-16 13:33:48,223 LBFGS        PARAM    0006       -459.446229          2.291889          6.176611          4.251065         72.249867
rank #0: 2019-02-16 13:33:48,810 LBFGS        PARAM    0007       -469.726037          2.292043          8.036923          4.196036         72.222815
rank #0: 2019-02-16 13:33:49,392 LBFGS        PARAM    0008       -479.434117          2.289277         10.838288          4.141200         72.196822
rank #0: 2019-02-16 13:33:49,975 LBFGS        PARAM    0009       -483.807720          2.285829         13.775855          4.112988         72.180136
rank #0: 2019-02-16 13:33:50,557 LBFGS        PARAM    0010       -484.645606          2.282107         17.143279          4.100588         72.166061
rank #0: 2019-02-16 13:33:51,141 LBFGS        PARAM    0011       -482.838021          2.278088         21.926983          4.098258         72.147648
rank #0: 2019-02-16 13:33:51,725 LBFGS        PARAM    0012       -476.916999          2.272283         31.634580          4.105924         72.113462
rank #0: 2019-02-16 13:33:52,309 LBFGS        PARAM    0013       -468.860337          2.268501         42.958574          4.122365         72.077949
rank #0: 2019-02-16 13:33:52,895 LBFGS        PARAM    0014       -463.945727          2.269379         47.468646          4.136809         72.063657
rank #0: 2019-02-16 13:33:53,481 LBFGS        PARAM    0015       -463.078689          2.270850         46.542444          4.141919         72.062236
rank #0: 2019-02-16 13:33:54,066 LBFGS        PARAM    0016       -463.254522          2.271226         46.005104          4.142315         72.062187
rank #0: 2019-02-16 13:33:54,651 LBFGS        PARAM    0017       -463.300219          2.271247         45.959645          4.142230         72.062187
rank #0: 2019-02-16 13:33:55,237 LBFGS        PARAM    0018       -463.304668          2.271247         45.959176          4.142210         72.062187
rank #0: 2019-02-16 13:33:55,825 LBFGS        PARAM    0019       -463.304350          2.271247         45.959074          4.142211         72.062187
rank #0: 2019-02-16 13:34:10,162 LBFGS        PARAM    0020       -463.304352          2.271247         45.959074          4.142211         72.062187
rank #0: 2019-02-16 13:34:24,226 LBFGS        PARAM    0021       -463.304353          2.271247         45.959074          4.142211         72.062187
rank #0: 2019-02-16 13:34:38,531 LBFGS        PARAM    0022       -463.304361          2.271247         45.959074          4.142211         72.062187
rank #0: 2019-02-16 13:35:04,005 LBFGS        INFO     Linesearch failed in both LBFGS and gradient directions
rank #0: 2019-02-16 13:35:04,006 LBFGS        PARAM    0022       -463.304361          2.271247         45.959074          4.142211         72.062187
rank #0: 2019-02-16 13:35:04,007 rsdfit.lbfgs_fitter WARNING  ...LBFGS optimization finished. Time elapsed: 0:01:19.38
rank #0: 2019-02-16 13:35:04,007 rsdfit.lbfgs_fitter ERROR    nonlinear fit with method L-BFGS-B failed: Linesearch failed in both LBFGS and gradient directions
rank #0: 2019-02-16 13:35:04,008 rsdfit.fitting_driver INFO     rank 59 on nid12697     ...fitting complete
rank #0: 2019-02-16 13:35:04,012 rsdfit.fitting_driver INFO     rank 59 on nid12697     Saving the results to `/global/cscratch1/sd/nhand/eBOSS/fits/results/mocks/ezmock/v1.8e-fph/0.005-0.3/basemodel-N-fnl/0.8-2.2/QSO-N-0399-P0+P2-mock-cov-6e34f56d69/2019-02-16_nlopt_22i_chain0__1.npz`
rank #0: 2019-02-16 13:35:04,018 pyRSD.analysis.lbfgs_results INFO     
minimum chi2 = 72.062186673592

Free parameters [ mean ]
_______________
N              : -463.30436134573023
b1             : 2.2712467882814478
f_nl           : 45.959073741904916
sigma_fog      : 4.142210997015812

Constrained parameters [ mean ]
_________________________
b1sigma8       : 0.9046675999417159
