rank #0: 2018-07-16 19:47:52,499 rsdfit.fitting_driver INFO     rank 45 on nid02211     Calling the 'nlopt' solve function
rank #0: 2018-07-16 19:47:52,499 rsdfit.lbfgs_fitter INFO     running LBFGS for 500 iterations and then stopping
rank #0: 2018-07-16 19:47:52,499 rsdfit.lbfgs_fitter INFO     running LBFGS minimizer with priors
rank #0: 2018-07-16 19:47:52,500 root         INFO     Iter           N          b1        f_nl   sigma_fog   F(X)     
rank #0: 2018-07-16 19:47:53,080 LBFGS        INFO     options = {'factr': 100000.0, 'gtol': 1e-05, 'max_iter': 500, 'test_convergence': False}
rank #0: 2018-07-16 19:47:53,081 LBFGS        PARAM    0000          0.000000          2.000000          0.000000          4.000000         77.721407
rank #0: 2018-07-16 19:47:53,742 LBFGS        PARAM    0001        -31.475831          2.063386          1.268258          4.011215         72.930742
rank #0: 2018-07-16 19:47:54,324 LBFGS        PARAM    0002       -286.492071          2.239386          5.850552          4.142782         64.636071
rank #0: 2018-07-16 19:47:54,911 LBFGS        PARAM    0003       -451.562845          2.260922          6.442474          4.237366         62.716878
rank #0: 2018-07-16 19:47:55,500 LBFGS        PARAM    0004       -485.356580          2.260180          5.856666          4.239099         62.630706
rank #0: 2018-07-16 19:47:56,094 LBFGS        PARAM    0005       -492.004229          2.261039          5.419991          4.228567         62.619134
rank #0: 2018-07-16 19:47:56,673 LBFGS        PARAM    0006       -528.329447          2.265583          1.242800          4.122092         62.550233
rank #0: 2018-07-16 19:47:57,268 LBFGS        PARAM    0007       -540.641804          2.268314         -2.893891          4.043220         62.515887
rank #0: 2018-07-16 19:47:57,861 LBFGS        PARAM    0008       -540.336091          2.270571         -6.462520          4.017832         62.500956
rank #0: 2018-07-16 19:47:58,447 LBFGS        PARAM    0009       -536.919519          2.272759         -9.732368          4.017552         62.492463
rank #0: 2018-07-16 19:47:59,035 LBFGS        PARAM    0010       -534.356736          2.275517        -13.217519          4.033385         62.484956
rank #0: 2018-07-16 19:47:59,628 LBFGS        PARAM    0011       -535.683881          2.279486        -17.335604          4.064079         62.477631
rank #0: 2018-07-16 19:48:00,218 LBFGS        PARAM    0012       -537.397768          2.280556        -18.192564          4.077042         62.476585
rank #0: 2018-07-16 19:48:00,794 LBFGS        PARAM    0013       -537.735518          2.280494        -18.024515          4.078289         62.476549
rank #0: 2018-07-16 19:48:01,385 LBFGS        PARAM    0014       -537.765782          2.280429        -17.935658          4.078223         62.476547
rank #0: 2018-07-16 19:48:01,977 LBFGS        PARAM    0015       -537.759789          2.280421        -17.926792          4.078191         62.476547
rank #0: 2018-07-16 19:48:02,565 LBFGS        PARAM    0016       -537.758583          2.280421        -17.926480          4.078191         62.476547
rank #0: 2018-07-16 19:48:03,143 LBFGS        PARAM    0017       -537.758518          2.280421        -17.926486          4.078191         62.476547
rank #0: 2018-07-16 19:48:03,732 LBFGS        PARAM    0018       -537.758480          2.280421        -17.926476          4.078191         62.476547
rank #0: 2018-07-16 19:48:04,458 LBFGS        PARAM    0019       -537.758480          2.280421        -17.926477          4.078191         62.476547
rank #0: 2018-07-16 19:48:05,103 LBFGS        PARAM    0020       -537.758480          2.280421        -17.926477          4.078191         62.476547
rank #0: 2018-07-16 19:48:30,703 LBFGS        INFO     Linesearch failed in both LBFGS and gradient directions
rank #0: 2018-07-16 19:48:30,704 LBFGS        PARAM    0020       -537.758480          2.280421        -17.926477          4.078191         62.476547
rank #0: 2018-07-16 19:48:30,704 rsdfit.lbfgs_fitter WARNING  ...LBFGS optimization finished. Time elapsed: 0:00:37.62
rank #0: 2018-07-16 19:48:30,705 rsdfit.lbfgs_fitter ERROR    nonlinear fit with method L-BFGS-B failed: Linesearch failed in both LBFGS and gradient directions
rank #0: 2018-07-16 19:48:30,706 rsdfit.fitting_driver INFO     rank 45 on nid02211     ...fitting complete
rank #0: 2018-07-16 19:48:30,709 rsdfit.fitting_driver INFO     rank 45 on nid02211     Saving the results to `/global/cscratch1/sd/nhand/eBOSS/fits/results/mocks/ezmock/v1.8e-fph/0.005-0.3/basemodel-N-fnl/0.8-2.2/QSO-S-0258-P0+P2-mock-cov-8973e9cf3e/2018-07-16_nlopt_20i_chain0__1.npz`
rank #0: 2018-07-16 19:48:30,741 pyRSD.analysis.lbfgs_results INFO     
minimum chi2 = 62.4765468936

Free parameters [ mean ]
_______________
N              : -537.758480185
b1             : 2.28042102358
f_nl           : -17.9264766569
sigma_fog      : 4.07819086151

Constrained parameters [ mean ]
_________________________
b1sigma8       : 0.908321819058
