rank #0: 2018-06-24 12:57:28,280 rsdfit.fitting_driver INFO     rank 34 on nid00546     Calling the 'nlopt' solve function
rank #0: 2018-06-24 12:57:28,281 rsdfit.lbfgs_fitter INFO     running LBFGS for 500 iterations and then stopping
rank #0: 2018-06-24 12:57:28,281 rsdfit.lbfgs_fitter INFO     running LBFGS minimizer with priors
rank #0: 2018-06-24 12:57:28,282 root         INFO     Iter           N          b1        f_nl   sigma_fog   F(X)     
rank #0: 2018-06-24 12:57:28,869 LBFGS        INFO     options = {'factr': 100000.0, 'gtol': 1e-05, 'max_iter': 500, 'test_convergence': False}
rank #0: 2018-06-24 12:57:28,870 LBFGS        PARAM    0000          0.000000          2.000000          0.000000          4.000000         77.680224
rank #0: 2018-06-24 12:57:29,526 LBFGS        PARAM    0001        -31.591787          2.063354          1.269105          4.011345         72.897801
rank #0: 2018-06-24 12:57:30,130 LBFGS        PARAM    0002       -286.909570          2.239176          5.853773          4.143438         64.615127
rank #0: 2018-06-24 12:57:30,734 LBFGS        PARAM    0003       -451.816749          2.260547          6.444561          4.238132         62.705959
rank #0: 2018-06-24 12:57:31,326 LBFGS        PARAM    0004       -484.939181          2.259786          5.865296          4.239721         62.622690
rank #0: 2018-06-24 12:57:31,930 LBFGS        PARAM    0005       -491.550295          2.260626          5.430579          4.229260         62.611289
rank #0: 2018-06-24 12:57:32,536 LBFGS        PARAM    0006       -527.360727          2.265069          1.319864          4.124568         62.543997
rank #0: 2018-06-24 12:57:33,140 LBFGS        PARAM    0007       -539.756421          2.267793         -2.766648          4.045967         62.510041
rank #0: 2018-06-24 12:57:33,728 LBFGS        PARAM    0008       -539.512882          2.270063         -6.326847          4.020406         62.495083
rank #0: 2018-06-24 12:57:34,332 LBFGS        PARAM    0009       -536.098999          2.272263         -9.593889          4.019953         62.486599
rank #0: 2018-06-24 12:57:34,936 LBFGS        PARAM    0010       -533.529069          2.274989        -13.035952          4.035516         62.479196
rank #0: 2018-06-24 12:57:35,529 LBFGS        PARAM    0011       -534.732811          2.278937        -17.162149          4.066035         62.471866
rank #0: 2018-06-24 12:57:36,136 LBFGS        PARAM    0012       -536.526161          2.280046        -18.063671          4.079221         62.470759
rank #0: 2018-06-24 12:57:36,742 LBFGS        PARAM    0013       -536.885461          2.279986        -17.897325          4.080519         62.470719
rank #0: 2018-06-24 12:57:37,337 LBFGS        PARAM    0014       -536.918055          2.279920        -17.806636          4.080452         62.470717
rank #0: 2018-06-24 12:57:37,924 LBFGS        PARAM    0015       -536.911816          2.279911        -17.797125          4.080419         62.470717
rank #0: 2018-06-24 12:57:38,525 LBFGS        PARAM    0016       -536.910580          2.279911        -17.796791          4.080419         62.470717
rank #0: 2018-06-24 12:57:39,122 LBFGS        PARAM    0017       -536.910467          2.279911        -17.796781          4.080419         62.470717
rank #0: 2018-06-24 12:57:39,705 LBFGS        PARAM    0018       -536.910425          2.279911        -17.796782          4.080419         62.470717
rank #0: 2018-06-24 12:57:40,301 LBFGS        PARAM    0019       -536.910450          2.279911        -17.796786          4.080419         62.470717
rank #0: 2018-06-24 12:57:40,966 LBFGS        PARAM    0020       -536.910453          2.279911        -17.796785          4.080419         62.470717
rank #0: 2018-06-24 12:57:41,615 LBFGS        PARAM    0021       -536.910453          2.279911        -17.796785          4.080419         62.470717
rank #0: 2018-06-24 12:57:55,819 LBFGS        PARAM    0022       -536.910470          2.279911        -17.796785          4.080419         62.470717
rank #0: 2018-06-24 12:58:22,068 LBFGS        INFO     Linesearch failed in both LBFGS and gradient directions
rank #0: 2018-06-24 12:58:22,069 LBFGS        PARAM    0022       -536.910470          2.279911        -17.796785          4.080419         62.470717
rank #0: 2018-06-24 12:58:22,070 rsdfit.lbfgs_fitter WARNING  ...LBFGS optimization finished. Time elapsed: 0:00:53.20
rank #0: 2018-06-24 12:58:22,070 rsdfit.lbfgs_fitter ERROR    nonlinear fit with method L-BFGS-B failed: Linesearch failed in both LBFGS and gradient directions
rank #0: 2018-06-24 12:58:22,071 rsdfit.fitting_driver INFO     rank 34 on nid00546     ...fitting complete
rank #0: 2018-06-24 12:58:22,074 rsdfit.fitting_driver INFO     rank 34 on nid00546     Saving the results to `/global/cscratch1/sd/nhand/eBOSS/fits/results/mocks/ezmock/v1.8e-fph/0.005-0.3/basemodel-N-fnl/0.8-2.2/QSO-S-0258-P0+P2-mock-cov-8973e9cf3e/2018-06-24_nlopt_22i_chain0__1.npz`
rank #0: 2018-06-24 12:58:22,099 pyRSD.analysis.lbfgs_results INFO     
minimum chi2 = 62.4707174715

Free parameters [ mean ]
_______________
N              : -536.910469844
b1             : 2.2799109488
f_nl           : -17.7967852849
sigma_fog      : 4.08041883063

Constrained parameters [ mean ]
_________________________
b1sigma8       : 0.908118649532
