rank #0: 2018-06-24 11:29:03,607 rsdfit.fitting_driver INFO     rank 27 on nid00616     Calling the 'nlopt' solve function
rank #0: 2018-06-24 11:29:03,608 rsdfit.lbfgs_fitter INFO     running LBFGS for 500 iterations and then stopping
rank #0: 2018-06-24 11:29:03,608 rsdfit.lbfgs_fitter INFO     running LBFGS minimizer with priors
rank #0: 2018-06-24 11:29:03,608 root         INFO     Iter           N          b1        f_nl   sigma_fog   F(X)     
rank #0: 2018-06-24 11:29:04,196 LBFGS        INFO     options = {'factr': 100000.0, 'gtol': 1e-05, 'max_iter': 500, 'test_convergence': False}
rank #0: 2018-06-24 11:29:04,197 LBFGS        PARAM    0000          0.000000          2.000000          0.000000          4.000000        105.153043
rank #0: 2018-06-24 11:29:04,866 LBFGS        PARAM    0001          3.451090          2.065272          1.291468          4.000520         92.800051
rank #0: 2018-06-24 11:29:05,455 LBFGS        PARAM    0002       -104.902539          2.230787          5.912728          4.088861         78.120235
rank #0: 2018-06-24 11:29:06,056 LBFGS        PARAM    0003       -200.660440          2.252279          7.204969          4.170993         74.698078
rank #0: 2018-06-24 11:29:06,656 LBFGS        PARAM    0004       -352.065566          2.273527          9.153822          4.306996         72.491086
rank #0: 2018-06-24 11:29:07,243 LBFGS        PARAM    0005       -350.478525          2.274080          9.336658          4.306826         72.489464
rank #0: 2018-06-24 11:29:07,846 LBFGS        PARAM    0006       -349.292301          2.274025          9.554850          4.307335         72.488612
rank #0: 2018-06-24 11:29:08,447 LBFGS        PARAM    0007       -346.146074          2.273459         10.473948          4.310921         72.485929
rank #0: 2018-06-24 11:29:09,045 LBFGS        PARAM    0008       -342.986316          2.272200         11.906737          4.317315         72.482737
rank #0: 2018-06-24 11:29:09,638 LBFGS        PARAM    0009       -343.413355          2.270504         13.482086          4.316121         72.479847
rank #0: 2018-06-24 11:29:10,244 LBFGS        PARAM    0010       -344.727220          2.269942         13.776840          4.313131         72.479432
rank #0: 2018-06-24 11:29:10,853 LBFGS        PARAM    0011       -345.175344          2.269962         13.720941          4.312136         72.479412
rank #0: 2018-06-24 11:29:11,444 LBFGS        PARAM    0012       -345.341308          2.269976         13.706278          4.311485         72.479405
rank #0: 2018-06-24 11:29:12,051 LBFGS        PARAM    0013       -345.512607          2.269971         13.741915          4.309974         72.479395
rank #0: 2018-06-24 11:29:12,657 LBFGS        PARAM    0014       -345.505606          2.269971         13.745810          4.309911         72.479395
rank #0: 2018-06-24 11:29:13,255 LBFGS        PARAM    0015       -345.501787          2.269970         13.746502          4.309917         72.479395
rank #0: 2018-06-24 11:29:13,852 LBFGS        PARAM    0016       -345.501219          2.269970         13.746593          4.309919         72.479395
rank #0: 2018-06-24 11:29:40,352 LBFGS        INFO     Linesearch failed in both LBFGS and gradient directions
rank #0: 2018-06-24 11:29:40,354 LBFGS        PARAM    0016       -345.501219          2.269970         13.746593          4.309919         72.479395
rank #0: 2018-06-24 11:29:40,354 rsdfit.lbfgs_fitter WARNING  ...LBFGS optimization finished. Time elapsed: 0:00:36.16
rank #0: 2018-06-24 11:29:40,355 rsdfit.lbfgs_fitter ERROR    nonlinear fit with method L-BFGS-B failed: Linesearch failed in both LBFGS and gradient directions
rank #0: 2018-06-24 11:29:40,356 rsdfit.fitting_driver INFO     rank 27 on nid00616     ...fitting complete
rank #0: 2018-06-24 11:29:40,360 rsdfit.fitting_driver INFO     rank 27 on nid00616     Saving the results to `/global/cscratch1/sd/nhand/eBOSS/fits/results/mocks/ezmock/v1.8e-fph/0.0001-0.3/basemodel-N-fnl/0.8-2.2/QSO-N-0388-P0+P2-mock-cov-8973e9cf3e/2018-06-24_nlopt_16i_chain0__1.npz`
rank #0: 2018-06-24 11:29:40,388 pyRSD.analysis.lbfgs_results INFO     
minimum chi2 = 72.47939452

Free parameters [ mean ]
_______________
N              : -345.501219494
b1             : 2.2699700935
f_nl           : 13.7465932299
sigma_fog      : 4.30991921538

Constrained parameters [ mean ]
_________________________
b1sigma8       : 0.904159075545
