rank #0: 2017-11-25 12:00:23,755 rsdfit.fitting_driver INFO     rank 167 on nid00491     Calling the 'nlopt' solve function
rank #0: 2017-11-25 12:00:23,755 rsdfit.lbfgs_fitter INFO     running LBFGS for 500 iterations and then stopping
rank #0: 2017-11-25 12:00:23,755 rsdfit.lbfgs_fitter INFO     running LBFGS minimizer with priors
rank #0: 2017-11-25 12:00:23,756 root         INFO     Iter           N          b1        f_nl   sigma_fog   F(X)     
rank #0: 2017-11-25 12:00:23,802 root         INFO     analytic derivative for parameter 'N' not available; no registered subclass for dPkmu/dN
rank #0: 2017-11-25 12:00:24,095 LBFGS        INFO     options = {'factr': 100000.0, 'gtol': 1e-05, 'max_iter': 500, 'test_convergence': False}
rank #0: 2017-11-25 12:00:24,096 LBFGS        PARAM    0000          0.000000          2.000000          0.000000          4.000000        123.216267
rank #0: 2017-11-25 12:00:24,499 LBFGS        PARAM    0001         13.451804          2.049531          0.500123          3.986248        109.772319
rank #0: 2017-11-25 12:00:24,841 LBFGS        PARAM    0002        -36.140571          2.165383          2.588809          4.006224         95.479260
rank #0: 2017-11-25 12:00:25,184 LBFGS        PARAM    0003       -113.202941          2.199571          4.017312          4.045422         91.027492
rank #0: 2017-11-25 12:00:25,526 LBFGS        PARAM    0004       -347.991038          2.255538         10.174189          3.984972         84.977781
rank #0: 2017-11-25 12:00:25,865 LBFGS        PARAM    0005       -371.615813          2.254185         13.600075          3.954947         84.608885
rank #0: 2017-11-25 12:00:26,204 LBFGS        PARAM    0006       -397.884588          2.250767         21.707698          3.903107         84.001322
rank #0: 2017-11-25 12:00:26,546 LBFGS        PARAM    0007       -429.802870          2.244576         40.139146          3.812934         82.751801
rank #0: 2017-11-25 12:00:26,887 LBFGS        PARAM    0008       -477.992381          2.229902         88.735955          3.630478         79.886259
rank #0: 2017-11-25 12:00:27,243 LBFGS        PARAM    0009       -480.168871          2.214494        133.133541          3.581209         78.015894
rank #0: 2017-11-25 12:00:27,584 LBFGS        PARAM    0010       -402.099928          2.194719        166.597792          3.836573         77.315609
rank #0: 2017-11-25 12:00:27,983 LBFGS        PARAM    0011       -307.372403          2.190292        176.530258          3.989294         76.698080
rank #0: 2017-11-25 12:00:28,323 LBFGS        PARAM    0012       -288.485073          2.188024        168.707704          3.958753         76.550367
rank #0: 2017-11-25 12:00:28,664 LBFGS        PARAM    0013       -298.154919          2.190212        166.490277          3.889463         76.446951
rank #0: 2017-11-25 12:00:29,062 LBFGS        PARAM    0014       -322.732299          2.192181        163.950555          3.775445         76.367786
rank #0: 2017-11-25 12:00:29,403 LBFGS        PARAM    0015       -350.583778          2.192487        165.555957          3.694272         76.337229
rank #0: 2017-11-25 12:00:29,744 LBFGS        PARAM    0016       -348.691726          2.191107        168.407535          3.736697         76.299022
rank #0: 2017-11-25 12:00:30,203 LBFGS        PARAM    0017       -345.989665          2.190699        169.088691          3.755278         76.297614
rank #0: 2017-11-25 12:00:42,966 LBFGS        PARAM    0018       -344.265709          2.191335        169.085955          3.758994         76.296672
rank #0: 2017-11-25 12:00:43,368 LBFGS        PARAM    0019       -342.873814          2.191309        169.074939          3.763511         76.296612
rank #0: 2017-11-25 12:00:43,947 LBFGS        PARAM    0020       -342.478884          2.191237        169.071019          3.765156         76.296609
rank #0: 2017-11-25 12:00:56,846 LBFGS        PARAM    0021       -342.229675          2.190901        169.063736          3.766951         76.296578
rank #0: 2017-11-25 12:01:21,263 LBFGS        INFO     Linesearch failed in both LBFGS and gradient directions
rank #0: 2017-11-25 12:01:21,264 LBFGS        PARAM    0021       -342.229675          2.190901        169.063736          3.766951         76.296578
rank #0: 2017-11-25 12:01:21,264 rsdfit.lbfgs_fitter WARNING  ...LBFGS optimization finished. Time elapsed: 0:00:57.17
rank #0: 2017-11-25 12:01:21,264 rsdfit.lbfgs_fitter ERROR    nonlinear fit with method L-BFGS-B failed: Linesearch failed in both LBFGS and gradient directions
rank #0: 2017-11-25 12:01:21,265 rsdfit.fitting_driver INFO     rank 167 on nid00491     ...fitting complete
rank #0: 2017-11-25 12:01:21,276 rsdfit.fitting_driver INFO     rank 167 on nid00491     Saving the results to `/global/project/projectdirs/m779/nhand/Research/eBOSS/fits/results/mocks/ezmock/v1.8e-fph/0.0001-0.3/basemodel-N-fnl/0.8-2.2/QSO-S-0628-P0+P2-d10badba55/2017-11-25_nlopt_21i_chain0__1.npz`
rank #0: 2017-11-25 12:01:21,332 pyRSD.analysis.lbfgs_results INFO     
minimum chi2 = 76.2965779447

Free parameters [ mean ]
_______________
N              : -342.229674805
b1             : 2.19090059309
f_nl           : 169.063736193
sigma_fog      : 3.76695094373

Constrained parameters [ mean ]
_________________________
b1sigma8       : 0.871944654288
