rank #0: 2018-06-03 08:34:36,010 rsdfit.fitting_driver INFO     rank 13 on nid00618     Calling the 'nlopt' solve function
rank #0: 2018-06-03 08:34:36,011 rsdfit.lbfgs_fitter INFO     running LBFGS for 500 iterations and then stopping
rank #0: 2018-06-03 08:34:36,011 rsdfit.lbfgs_fitter INFO     running LBFGS minimizer with priors
rank #0: 2018-06-03 08:34:36,012 root         INFO     Iter           N          b1        f_nl   sigma_fog   F(X)     
rank #0: 2018-06-03 08:34:36,550 LBFGS        INFO     options = {'factr': 100000.0, 'gtol': 1e-05, 'max_iter': 500, 'test_convergence': False}
rank #0: 2018-06-03 08:34:36,551 LBFGS        PARAM    0000          0.000000          2.000000          0.000000          4.000000        137.369879
rank #0: 2018-06-03 08:34:37,165 LBFGS        PARAM    0001         90.041188          2.165600          1.197079          3.951971        100.495452
rank #0: 2018-06-03 08:34:37,716 LBFGS        PARAM    0002         20.618023          2.493158          5.787099          3.968251         76.977864
rank #0: 2018-06-03 08:34:38,270 LBFGS        PARAM    0003        -24.877351          2.449856          5.617878          4.073318         74.009369
rank #0: 2018-06-03 08:34:38,884 LBFGS        PARAM    0004       -141.358198          2.433635          6.233503          4.245676         72.053855
rank #0: 2018-06-03 08:34:39,437 LBFGS        PARAM    0005       -183.511191          2.466305          7.339269          4.330300         70.443377
rank #0: 2018-06-03 08:34:39,991 LBFGS        PARAM    0006       -309.490859          2.557927         10.617740          4.527270         68.593000
rank #0: 2018-06-03 08:34:40,543 LBFGS        PARAM    0007       -310.830180          2.552757         10.275059          4.485462         68.541480
rank #0: 2018-06-03 08:34:41,098 LBFGS        PARAM    0008       -335.504722          2.545289          9.278359          4.317655         68.401225
rank #0: 2018-06-03 08:34:41,654 LBFGS        PARAM    0009       -374.780145          2.548104          8.614660          4.152515         68.306881
rank #0: 2018-06-03 08:34:42,206 LBFGS        PARAM    0010       -402.341789          2.557063          8.825733          4.087513         68.276291
rank #0: 2018-06-03 08:34:42,758 LBFGS        PARAM    0011       -403.945817          2.557902          8.899450          4.090051         68.276035
rank #0: 2018-06-03 08:34:43,309 LBFGS        PARAM    0012       -403.822344          2.557929          8.930463          4.090782         68.276028
rank #0: 2018-06-03 08:34:43,859 LBFGS        PARAM    0013       -403.637713          2.557916          9.013139          4.091578         68.276017
rank #0: 2018-06-03 08:34:44,409 LBFGS        PARAM    0014       -403.531332          2.557834          9.144451          4.091662         68.276005
rank #0: 2018-06-03 08:34:44,959 LBFGS        PARAM    0015       -403.636575          2.557685          9.274543          4.090440         68.275995
rank #0: 2018-06-03 08:34:45,510 LBFGS        PARAM    0016       -403.681769          2.557659          9.283680          4.090107         68.275995
rank #0: 2018-06-03 08:34:46,061 LBFGS        PARAM    0017       -403.689190          2.557659          9.281229          4.090070         68.275995
rank #0: 2018-06-03 08:34:46,611 LBFGS        PARAM    0018       -403.689769          2.557659          9.280703          4.090069         68.275995
rank #0: 2018-06-03 08:34:47,160 LBFGS        PARAM    0019       -403.689773          2.557659          9.280683          4.090069         68.275995
rank #0: 2018-06-03 08:35:10,866 LBFGS        INFO     Linesearch failed in both LBFGS and gradient directions
rank #0: 2018-06-03 08:35:10,868 LBFGS        PARAM    0019       -403.689773          2.557659          9.280683          4.090069         68.275995
rank #0: 2018-06-03 08:35:10,868 rsdfit.lbfgs_fitter WARNING  ...LBFGS optimization finished. Time elapsed: 0:00:34.32
rank #0: 2018-06-03 08:35:10,869 rsdfit.lbfgs_fitter ERROR    nonlinear fit with method L-BFGS-B failed: Linesearch failed in both LBFGS and gradient directions
rank #0: 2018-06-03 08:35:10,870 rsdfit.fitting_driver INFO     rank 13 on nid00618     ...fitting complete
rank #0: 2018-06-03 08:35:10,873 rsdfit.fitting_driver INFO     rank 13 on nid00618     Saving the results to `/global/cscratch1/sd/nhand/eBOSS/fits/results/mocks/ezmock/v1.8e-fph/0.0001-0.3/basemodel-N-fnl/0.8-2.2/QSO-N-0855-P0+P2-mock-cov-f224d44da7/2018-06-03_nlopt_19i_chain0__1.npz`
rank #0: 2018-06-03 08:35:10,895 pyRSD.analysis.lbfgs_results INFO     
minimum chi2 = 68.275994734

Free parameters [ mean ]
_______________
N              : -403.689772526
b1             : 2.55765913495
f_nl           : 9.28068318562
sigma_fog      : 4.09006886034

Constrained parameters [ mean ]
_________________________
b1sigma8       : 0.926469839778
