rank #0: 2018-06-24 11:32:28,112 rsdfit.fitting_driver INFO     rank 28 on nid00618     Calling the 'nlopt' solve function
rank #0: 2018-06-24 11:32:28,113 rsdfit.lbfgs_fitter INFO     running LBFGS for 500 iterations and then stopping
rank #0: 2018-06-24 11:32:28,113 rsdfit.lbfgs_fitter INFO     running LBFGS minimizer with priors
rank #0: 2018-06-24 11:32:28,114 root         INFO     Iter           N          b1        f_nl   sigma_fog   F(X)     
rank #0: 2018-06-24 11:32:28,683 LBFGS        INFO     options = {'factr': 100000.0, 'gtol': 1e-05, 'max_iter': 500, 'test_convergence': False}
rank #0: 2018-06-24 11:32:28,684 LBFGS        PARAM    0000          0.000000          2.000000          0.000000          4.000000         84.718287
rank #0: 2018-06-24 11:32:29,358 LBFGS        PARAM    0001         -6.781256          2.062044          1.108132          3.999449         79.142620
rank #0: 2018-06-24 11:32:29,961 LBFGS        PARAM    0002       -158.642002          2.231665          4.991017          4.082652         71.097925
rank #0: 2018-06-24 11:32:30,548 LBFGS        PARAM    0003       -290.575154          2.265987          5.850208          4.170865         68.732186
rank #0: 2018-06-24 11:32:31,150 LBFGS        PARAM    0004       -434.114944          2.282677          4.620569          4.253076         67.705550
rank #0: 2018-06-24 11:32:31,752 LBFGS        PARAM    0005       -437.334471          2.285488          4.002429          4.245561         67.692820
rank #0: 2018-06-24 11:32:32,353 LBFGS        PARAM    0006       -452.488386          2.294218         -0.056529          4.197810         67.645192
rank #0: 2018-06-24 11:32:32,939 LBFGS        PARAM    0007       -468.378429          2.299237         -5.322915          4.140680         67.605781
rank #0: 2018-06-24 11:32:33,543 LBFGS        PARAM    0008       -474.215209          2.301638        -13.090725          4.131703         67.567575
rank #0: 2018-06-24 11:32:34,145 LBFGS        PARAM    0009       -474.668875          2.302587        -16.770370          4.142290         67.561331
rank #0: 2018-06-24 11:32:34,732 LBFGS        PARAM    0010       -473.435649          2.302961        -17.412125          4.150622         67.560685
rank #0: 2018-06-24 11:32:35,335 LBFGS        PARAM    0011       -471.535694          2.303855        -17.834390          4.163280         67.560166
rank #0: 2018-06-24 11:32:35,937 LBFGS        PARAM    0012       -471.233533          2.304015        -17.786676          4.164978         67.560145
rank #0: 2018-06-24 11:32:36,541 LBFGS        PARAM    0013       -471.245444          2.304028        -17.763232          4.164901         67.560144
rank #0: 2018-06-24 11:32:37,129 LBFGS        PARAM    0014       -471.256111          2.304029        -17.761067          4.164848         67.560144
rank #0: 2018-06-24 11:32:37,733 LBFGS        PARAM    0015       -471.257487          2.304029        -17.761278          4.164842         67.560144
rank #0: 2018-06-24 11:32:38,337 LBFGS        PARAM    0016       -471.257573          2.304029        -17.761335          4.164842         67.560144
rank #0: 2018-06-24 11:33:04,359 LBFGS        INFO     Linesearch failed in both LBFGS and gradient directions
rank #0: 2018-06-24 11:33:04,360 LBFGS        PARAM    0016       -471.257573          2.304029        -17.761335          4.164842         67.560144
rank #0: 2018-06-24 11:33:04,361 rsdfit.lbfgs_fitter WARNING  ...LBFGS optimization finished. Time elapsed: 0:00:35.68
rank #0: 2018-06-24 11:33:04,362 rsdfit.lbfgs_fitter ERROR    nonlinear fit with method L-BFGS-B failed: Linesearch failed in both LBFGS and gradient directions
rank #0: 2018-06-24 11:33:04,363 rsdfit.fitting_driver INFO     rank 28 on nid00618     ...fitting complete
rank #0: 2018-06-24 11:33:04,366 rsdfit.fitting_driver INFO     rank 28 on nid00618     Saving the results to `/global/cscratch1/sd/nhand/eBOSS/fits/results/mocks/ezmock/v1.8e-fph/0.0001-0.3/basemodel-N-fnl/0.8-2.2/QSO-S-0427-P0+P2-mock-cov-8973e9cf3e/2018-06-24_nlopt_16i_chain0__1.npz`
rank #0: 2018-06-24 11:33:04,392 pyRSD.analysis.lbfgs_results INFO     
minimum chi2 = 67.5601443249

Free parameters [ mean ]
_______________
N              : -471.257572744
b1             : 2.30402932158
f_nl           : -17.7613352074
sigma_fog      : 4.16484173156

Constrained parameters [ mean ]
_________________________
b1sigma8       : 0.917725316027
