rank #0: 2017-11-27 20:44:37,730 rsdfit.fitting_driver INFO     rank 183 on nid00802     Calling the 'nlopt' solve function
rank #0: 2017-11-27 20:44:37,731 rsdfit.lbfgs_fitter INFO     running LBFGS for 500 iterations and then stopping
rank #0: 2017-11-27 20:44:37,731 rsdfit.lbfgs_fitter INFO     running LBFGS minimizer with priors
rank #0: 2017-11-27 20:44:37,731 root         INFO     Iter           N          b1        f_nl   sigma_fog   F(X)     
rank #0: 2017-11-27 20:44:38,225 LBFGS        INFO     options = {'factr': 100000.0, 'gtol': 1e-05, 'max_iter': 500, 'test_convergence': False}
rank #0: 2017-11-27 20:44:38,226 LBFGS        PARAM    0000          0.000000          2.000000          0.000000          4.000000         80.354766
rank #0: 2017-11-27 20:44:38,788 LBFGS        PARAM    0001         11.210306          2.067025          0.384908          3.997136         75.885260
rank #0: 2017-11-27 20:44:39,293 LBFGS        PARAM    0002        -10.695760          2.189474          1.190539          4.039764         72.941334
rank #0: 2017-11-27 20:44:39,801 LBFGS        PARAM    0003        -30.804367          2.181949          0.853452          4.075952         72.779735
rank #0: 2017-11-27 20:44:40,311 LBFGS        PARAM    0004        -98.842272          2.182688         -0.198774          4.204630         72.514871
rank #0: 2017-11-27 20:44:40,817 LBFGS        PARAM    0005       -136.879386          2.194216         -1.527364          4.300048         72.431187
rank #0: 2017-11-27 20:44:41,324 LBFGS        PARAM    0006       -136.370975          2.199965         -3.777678          4.351304         72.403941
rank #0: 2017-11-27 20:44:41,831 LBFGS        PARAM    0007       -122.407054          2.206252         -8.775107          4.428959         72.372934
rank #0: 2017-11-27 20:44:42,335 LBFGS        PARAM    0008       -105.103914          2.208591        -14.605566          4.485262         72.347943
rank #0: 2017-11-27 20:44:42,836 LBFGS        PARAM    0009        -96.122370          2.216232        -32.357334          4.544556         72.275578
rank #0: 2017-11-27 20:44:43,338 LBFGS        PARAM    0010       -116.800580          2.242953        -91.716485          4.583588         72.176790
rank #0: 2017-11-27 20:44:43,841 LBFGS        PARAM    0011       -102.210413          2.217778        -67.746462          4.494223         72.143208
rank #0: 2017-11-27 20:44:44,345 LBFGS        PARAM    0012       -117.887232          2.226962        -75.397817          4.470254         72.117281
rank #0: 2017-11-27 20:44:44,849 LBFGS        PARAM    0013       -128.836926          2.229580        -78.718982          4.443306         72.113925
rank #0: 2017-11-27 20:44:45,350 LBFGS        PARAM    0014       -130.698040          2.229159        -77.983199          4.437076         72.113738
rank #0: 2017-11-27 20:44:45,852 LBFGS        PARAM    0015       -131.161274          2.229047        -77.823903          4.435756         72.113731
rank #0: 2017-11-27 20:44:46,356 LBFGS        PARAM    0016       -131.156371          2.229045        -77.821932          4.435750         72.113731
rank #0: 2017-11-27 20:44:46,858 LBFGS        PARAM    0017       -131.156163          2.229045        -77.821972          4.435750         72.113731
rank #0: 2017-11-27 20:44:47,417 LBFGS        PARAM    0018       -131.156155          2.229045        -77.821976          4.435750         72.113731
rank #0: 2017-11-27 20:44:47,922 LBFGS        PARAM    0019       -131.156162          2.229045        -77.821980          4.435750         72.113731
rank #0: 2017-11-27 20:44:48,485 LBFGS        PARAM    0020       -131.156162          2.229045        -77.821980          4.435750         72.113731
rank #0: 2017-11-27 20:44:49,047 LBFGS        PARAM    0021       -131.156162          2.229045        -77.821980          4.435750         72.113731
rank #0: 2017-11-27 20:44:49,550 LBFGS        PARAM    0022       -131.156162          2.229045        -77.821980          4.435750         72.113731
rank #0: 2017-11-27 20:45:11,208 LBFGS        INFO     Linesearch failed in both LBFGS and gradient directions
rank #0: 2017-11-27 20:45:11,209 LBFGS        PARAM    0022       -131.156162          2.229045        -77.821980          4.435750         72.113731
rank #0: 2017-11-27 20:45:11,209 rsdfit.lbfgs_fitter WARNING  ...LBFGS optimization finished. Time elapsed: 0:00:32.98
rank #0: 2017-11-27 20:45:11,209 rsdfit.lbfgs_fitter ERROR    nonlinear fit with method L-BFGS-B failed: Linesearch failed in both LBFGS and gradient directions
rank #0: 2017-11-27 20:45:11,210 rsdfit.fitting_driver INFO     rank 183 on nid00802     ...fitting complete
rank #0: 2017-11-27 20:45:11,213 rsdfit.fitting_driver INFO     rank 183 on nid00802     Saving the results to `/global/cscratch1/sd/nhand/eBOSS/fits/results/mocks/ezmock/v1.8e-fph/0.0001-0.3/basemodel-N-fnl/0.8-2.2/QSO-S-0804-P0+P2-mock-cov-a9f629560d/2017-11-27_nlopt_22i_chain0__1.npz`
rank #0: 2017-11-27 20:45:11,232 pyRSD.analysis.lbfgs_results INFO     
minimum chi2 = 72.1137313981

Free parameters [ mean ]
_______________
N              : -131.156162333
b1             : 2.22904483617
f_nl           : -77.8219801443
sigma_fog      : 4.43574955981

Constrained parameters [ mean ]
_________________________
b1sigma8       : 0.88712547488
