rank #0: 2018-12-30 16:49:20,498 rsdfit.fitting_driver INFO     rank 5 on nid00553     Calling the 'nlopt' solve function
rank #0: 2018-12-30 16:49:20,500 rsdfit.lbfgs_fitter INFO     running LBFGS for 500 iterations and then stopping
rank #0: 2018-12-30 16:49:20,501 rsdfit.lbfgs_fitter INFO     running LBFGS minimizer with priors
rank #0: 2018-12-30 16:49:20,501 root         INFO     Iter           N          b1        f_nl   sigma_fog   F(X)     
rank #0: 2018-12-30 16:49:20,502 rsdfit.lbfgs_fitter INFO     computing gradient using numerical derivative of lnlike()
rank #0: 2018-12-30 16:49:21,711 LBFGS        INFO     options = {'factr': 100000.0, 'gtol': 1e-05, 'max_iter': 500, 'test_convergence': False}
rank #0: 2018-12-30 16:49:21,713 LBFGS        PARAM    0000          0.000000          2.000000          0.000000          4.000000        141.911655
rank #0: 2018-12-30 16:49:23,088 LBFGS        PARAM    0001         49.464577          2.114470          1.918344          3.986677        114.795063
rank #0: 2018-12-30 16:49:24,346 LBFGS        PARAM    0002         -8.527739          2.356250          7.353028          4.101888         93.828456
rank #0: 2018-12-30 16:49:25,581 LBFGS        PARAM    0003        -83.977657          2.360926          7.425576          4.231002         89.982395
rank #0: 2018-12-30 16:49:26,818 LBFGS        PARAM    0004       -280.943861          2.422344          7.947247          4.639560         85.707727
rank #0: 2018-12-30 16:49:28,075 LBFGS        PARAM    0005       -256.105117          2.423231          5.508662          4.763518         85.124928
rank #0: 2018-12-30 16:49:29,313 LBFGS        PARAM    0006       -106.019809          2.442093         -5.896905          5.453826         83.565875
rank #0: 2018-12-30 16:49:30,572 LBFGS        PARAM    0007       -100.645430          2.440925         -7.990164          5.495777         83.550978
rank #0: 2018-12-30 16:49:31,818 LBFGS        PARAM    0008       -100.281772          2.441917         -8.253753          5.503481         83.550398
rank #0: 2018-12-30 16:49:33,077 LBFGS        PARAM    0009       -100.569247          2.442578         -8.579812          5.504848         83.549998
rank #0: 2018-12-30 16:49:34,318 LBFGS        PARAM    0010       -101.740481          2.443319         -9.128795          5.501417         83.549579
rank #0: 2018-12-30 16:49:35,554 LBFGS        PARAM    0011       -102.371742          2.443307         -9.261307          5.497705         83.549514
rank #0: 2018-12-30 16:49:36,813 LBFGS        PARAM    0012       -102.461528          2.443236         -9.256597          5.496807         83.549511
rank #0: 2018-12-30 16:49:38,895 LBFGS        PARAM    0013       -102.458374          2.443229         -9.253621          5.496781         83.549511
rank #0: 2018-12-30 16:49:40,132 LBFGS        PARAM    0014       -102.457902          2.443229         -9.253333          5.496782         83.549511
rank #0: 2018-12-30 16:49:41,392 LBFGS        PARAM    0015       -102.457882          2.443229         -9.253327          5.496782         83.549511
rank #0: 2018-12-30 16:49:42,767 LBFGS        PARAM    0016       -102.457882          2.443229         -9.253327          5.496782         83.549511
rank #0: 2018-12-30 16:49:44,152 LBFGS        PARAM    0017       -102.457883          2.443229         -9.253327          5.496782         83.549511
rank #0: 2018-12-30 16:50:13,656 LBFGS        PARAM    0018       -102.457883          2.443229         -9.253327          5.496782         83.549511
rank #0: 2018-12-30 16:50:13,658 LBFGS        INFO     LBFGS iteration 18: the descent direction does not have a sufficient projection (cos(theta)=-8.70e-01, theta=150.4402) into the gradient; using steepest descent at this step!
rank #0: 2018-12-30 16:50:15,178 LBFGS        PARAM    0019       -102.457883          2.443229         -9.253327          5.496782         83.549511
rank #0: 2018-12-30 16:51:07,998 LBFGS        INFO     Linesearch failed in both LBFGS and gradient directions
rank #0: 2018-12-30 16:51:07,999 LBFGS        PARAM    0019       -102.457883          2.443229         -9.253327          5.496782         83.549511
rank #0: 2018-12-30 16:51:08,000 rsdfit.lbfgs_fitter WARNING  ...LBFGS optimization finished. Time elapsed: 0:01:46.29
rank #0: 2018-12-30 16:51:08,002 rsdfit.lbfgs_fitter ERROR    nonlinear fit with method L-BFGS-B failed: Linesearch failed in both LBFGS and gradient directions
rank #0: 2018-12-30 16:51:08,003 rsdfit.fitting_driver INFO     rank 5 on nid00553     ...fitting complete
rank #0: 2018-12-30 16:51:08,010 rsdfit.fitting_driver INFO     rank 5 on nid00553     Saving the results to `/global/cscratch1/sd/nhand/eBOSS/fits/results/mocks/ezmock/v1.8e-fph/0.0001-0.3/basemodel-N-fnl/0.8-2.2/QSO-N-0904-P0+P2-mock-cov-baf378684d/2018-12-30_nlopt_19i_chain0__1.npz`
rank #0: 2018-12-30 16:51:08,480 pyRSD.analysis.lbfgs_results INFO     
minimum chi2 = 83.5495110538

Free parameters [ mean ]
_______________
N              : -102.457882509
b1             : 2.44322890791
f_nl           : -9.25332735529
sigma_fog      : 5.49678234485

Constrained parameters [ mean ]
_________________________
b1sigma8       : 0.915930622855
