rank #0: 2018-07-16 19:55:27,214 rsdfit.fitting_driver INFO     rank 29 on nid02210     Calling the 'nlopt' solve function
rank #0: 2018-07-16 19:55:27,799 rsdfit.lbfgs_fitter INFO     running LBFGS for 500 iterations and then stopping
rank #0: 2018-07-16 19:55:27,800 rsdfit.lbfgs_fitter INFO     running LBFGS minimizer with priors
rank #0: 2018-07-16 19:55:27,801 root         INFO     Iter           N          b1        f_nl   sigma_fog   F(X)     
rank #0: 2018-07-16 19:55:28,383 LBFGS        INFO     options = {'factr': 100000.0, 'gtol': 1e-05, 'max_iter': 500, 'test_convergence': False}
rank #0: 2018-07-16 19:55:28,385 LBFGS        PARAM    0000          0.000000          2.000000          0.000000          4.000000         87.102419
rank #0: 2018-07-16 19:55:29,037 LBFGS        PARAM    0001        -11.774385          2.061584          1.586881          4.007940         81.770593
rank #0: 2018-07-16 19:55:29,637 LBFGS        PARAM    0002       -186.405679          2.236472          8.436706          4.134735         73.289440
rank #0: 2018-07-16 19:55:30,238 LBFGS        PARAM    0003       -328.448979          2.269767         11.731260          4.253099         70.747696
rank #0: 2018-07-16 19:55:30,831 LBFGS        PARAM    0004       -437.418203          2.275790         16.129041          4.361175         69.918392
rank #0: 2018-07-16 19:55:31,424 LBFGS        PARAM    0005       -438.711251          2.276547         17.499737          4.368340         69.889001
rank #0: 2018-07-16 19:55:32,026 LBFGS        PARAM    0006       -421.642529          2.267128         43.073836          4.466003         69.555723
rank #0: 2018-07-16 19:55:32,627 LBFGS        PARAM    0007       -398.255184          2.251992         51.199459          4.455853         69.477584
rank #0: 2018-07-16 19:55:33,215 LBFGS        PARAM    0008       -386.770861          2.243689         52.735245          4.423564         69.462097
rank #0: 2018-07-16 19:55:33,818 LBFGS        PARAM    0009       -387.373544          2.243365         52.989420          4.416852         69.461408
rank #0: 2018-07-16 19:55:34,421 LBFGS        PARAM    0010       -393.321944          2.243353         53.362378          4.389462         69.459923
rank #0: 2018-07-16 19:55:35,011 LBFGS        PARAM    0011       -393.953148          2.243546         53.302596          4.388651         69.459912
rank #0: 2018-07-16 19:55:35,615 LBFGS        PARAM    0012       -393.975786          2.243558         53.296355          4.388670         69.459912
rank #0: 2018-07-16 19:55:36,220 LBFGS        PARAM    0013       -393.975528          2.243558         53.296316          4.388674         69.459912
rank #0: 2018-07-16 19:55:50,753 LBFGS        PARAM    0014       -393.975529          2.243558         53.296316          4.388674         69.459912
rank #0: 2018-07-16 19:56:16,643 LBFGS        INFO     Linesearch failed in both LBFGS and gradient directions
rank #0: 2018-07-16 19:56:16,645 LBFGS        PARAM    0014       -393.975529          2.243558         53.296316          4.388674         69.459912
rank #0: 2018-07-16 19:56:16,647 rsdfit.lbfgs_fitter WARNING  ...LBFGS optimization finished. Time elapsed: 0:00:48.26
rank #0: 2018-07-16 19:56:16,648 rsdfit.lbfgs_fitter ERROR    nonlinear fit with method L-BFGS-B failed: Linesearch failed in both LBFGS and gradient directions
rank #0: 2018-07-16 19:56:16,650 rsdfit.fitting_driver INFO     rank 29 on nid02210     ...fitting complete
rank #0: 2018-07-16 19:56:16,654 rsdfit.fitting_driver INFO     rank 29 on nid02210     Saving the results to `/global/cscratch1/sd/nhand/eBOSS/fits/results/mocks/ezmock/v1.8e-fph/0.005-0.3/basemodel-N-fnl/0.8-2.2/QSO-S-0859-P0+P2-mock-cov-8973e9cf3e/2018-07-16_nlopt_14i_chain0__1.npz`
rank #0: 2018-07-16 19:56:16,681 pyRSD.analysis.lbfgs_results INFO     
minimum chi2 = 69.4599117819

Free parameters [ mean ]
_______________
N              : -393.975528928
b1             : 2.24355815242
f_nl           : 53.2963157993
sigma_fog      : 4.38867352134

Constrained parameters [ mean ]
_________________________
b1sigma8       : 0.893638850499
