rank #0: 2018-07-16 20:40:14,084 rsdfit.fitting_driver INFO     rank 59 on nid00908     Calling the 'nlopt' solve function
rank #0: 2018-07-16 20:40:14,086 rsdfit.lbfgs_fitter INFO     running LBFGS for 500 iterations and then stopping
rank #0: 2018-07-16 20:40:14,086 rsdfit.lbfgs_fitter INFO     running LBFGS minimizer with priors
rank #0: 2018-07-16 20:40:14,087 root         INFO     Iter           N          b1        f_nl   sigma_fog   F(X)     
rank #0: 2018-07-16 20:40:14,678 LBFGS        INFO     options = {'factr': 100000.0, 'gtol': 1e-05, 'max_iter': 500, 'test_convergence': False}
rank #0: 2018-07-16 20:40:14,680 LBFGS        PARAM    0000          0.000000          2.000000          0.000000          4.000000        138.229591
rank #0: 2018-07-16 20:40:15,352 LBFGS        PARAM    0001         29.286210          2.113523          2.478882          4.001435        113.445316
rank #0: 2018-07-16 20:40:15,955 LBFGS        PARAM    0002        -73.751515          2.383999         11.911709          4.178840         88.787816
rank #0: 2018-07-16 20:40:16,542 LBFGS        PARAM    0003       -196.478379          2.402029         14.111400          4.323757         82.504362
rank #0: 2018-07-16 20:40:17,145 LBFGS        PARAM    0004       -427.671166          2.453747         20.116696          4.655203         77.772296
rank #0: 2018-07-16 20:40:17,752 LBFGS        PARAM    0005       -408.304126          2.444149         21.133764          4.703797         77.589436
rank #0: 2018-07-16 20:40:18,339 LBFGS        PARAM    0006       -334.609051          2.425671         27.238891          4.956434         77.089206
rank #0: 2018-07-16 20:40:18,939 LBFGS        PARAM    0007       -291.413587          2.424734         33.552677          5.160619         76.889561
rank #0: 2018-07-16 20:40:19,541 LBFGS        PARAM    0008       -288.217736          2.427372         35.748581          5.196134         76.871372
rank #0: 2018-07-16 20:40:20,142 LBFGS        PARAM    0009       -289.039084          2.427908         36.248761          5.194691         76.869788
rank #0: 2018-07-16 20:40:20,727 LBFGS        PARAM    0010       -290.323783          2.427889         37.013582          5.187571         76.867844
rank #0: 2018-07-16 20:40:21,328 LBFGS        PARAM    0011       -291.709679          2.426691         38.263105          5.173959         76.865220
rank #0: 2018-07-16 20:40:21,930 LBFGS        PARAM    0012       -291.630002          2.424139         39.343823          5.161750         76.863287
rank #0: 2018-07-16 20:40:22,522 LBFGS        PARAM    0013       -291.490279          2.423670         39.388310          5.160241         76.863208
rank #0: 2018-07-16 20:40:23,116 LBFGS        PARAM    0014       -291.443625          2.423658         39.358142          5.160432         76.863206
rank #0: 2018-07-16 20:40:23,717 LBFGS        PARAM    0015       -291.436668          2.423662         39.352984          5.160490         76.863206
rank #0: 2018-07-16 20:40:24,320 LBFGS        PARAM    0016       -291.436351          2.423662         39.352883          5.160493         76.863206
rank #0: 2018-07-16 20:40:24,908 LBFGS        PARAM    0017       -291.436347          2.423662         39.352886          5.160493         76.863206
rank #0: 2018-07-16 20:40:40,045 LBFGS        PARAM    0018       -291.436340          2.423662         39.352886          5.160493         76.863206
rank #0: 2018-07-16 20:40:54,585 LBFGS        PARAM    0019       -291.436344          2.423662         39.352886          5.160493         76.863206
rank #0: 2018-07-16 20:40:55,186 LBFGS        PARAM    0020       -291.436345          2.423662         39.352886          5.160493         76.863206
rank #0: 2018-07-16 20:41:20,917 LBFGS        INFO     Linesearch failed in both LBFGS and gradient directions
rank #0: 2018-07-16 20:41:20,919 LBFGS        PARAM    0020       -291.436345          2.423662         39.352886          5.160493         76.863206
rank #0: 2018-07-16 20:41:20,920 rsdfit.lbfgs_fitter WARNING  ...LBFGS optimization finished. Time elapsed: 0:01:06.24
rank #0: 2018-07-16 20:41:20,921 rsdfit.lbfgs_fitter ERROR    nonlinear fit with method L-BFGS-B failed: Linesearch failed in both LBFGS and gradient directions
rank #0: 2018-07-16 20:41:20,922 rsdfit.fitting_driver INFO     rank 59 on nid00908     ...fitting complete
rank #0: 2018-07-16 20:41:20,925 rsdfit.fitting_driver INFO     rank 59 on nid00908     Saving the results to `/global/cscratch1/sd/nhand/eBOSS/fits/results/mocks/ezmock/v1.8e-fph/0.005-0.3/basemodel-N-fnl/0.8-2.2/QSO-N-0813-P0+P2-mock-cov-1ab4f6001f/2018-07-16_nlopt_20i_chain0__1.npz`
rank #0: 2018-07-16 20:41:20,953 pyRSD.analysis.lbfgs_results INFO     
minimum chi2 = 76.8632062633

Free parameters [ mean ]
_______________
N              : -291.436344948
b1             : 2.42366222825
f_nl           : 39.3528858902
sigma_fog      : 5.16049293957

Constrained parameters [ mean ]
_________________________
b1sigma8       : 0.908595362115
