rank #0: 2018-06-03 08:55:10,327 rsdfit.fitting_driver INFO     rank 2 on nid00679     Calling the 'nlopt' solve function
rank #0: 2018-06-03 08:55:10,327 rsdfit.lbfgs_fitter INFO     running LBFGS for 500 iterations and then stopping
rank #0: 2018-06-03 08:55:10,328 rsdfit.lbfgs_fitter INFO     running LBFGS minimizer with priors
rank #0: 2018-06-03 08:55:10,328 root         INFO     Iter           N          b1        f_nl   sigma_fog   F(X)     
rank #0: 2018-06-03 08:55:10,867 LBFGS        INFO     options = {'factr': 100000.0, 'gtol': 1e-05, 'max_iter': 500, 'test_convergence': False}
rank #0: 2018-06-03 08:55:10,867 LBFGS        PARAM    0000          0.000000          2.000000          0.000000          4.000000        110.520717
rank #0: 2018-06-03 08:55:11,482 LBFGS        PARAM    0001         63.808186          2.134208          2.160546          3.946234         90.558300
rank #0: 2018-06-03 08:55:12,034 LBFGS        PARAM    0002        -11.351348          2.432434          8.575635          3.890418         75.928569
rank #0: 2018-06-03 08:55:12,589 LBFGS        PARAM    0003        -97.697010          2.408780          7.596779          3.939779         73.590612
rank #0: 2018-06-03 08:55:13,144 LBFGS        PARAM    0004       -278.539744          2.439684          7.124587          4.002712         71.704447
rank #0: 2018-06-03 08:55:13,700 LBFGS        PARAM    0005       -371.653662          2.474783          5.262306          3.974607         71.271206
rank #0: 2018-06-03 08:55:14,258 LBFGS        PARAM    0006       -429.218540          2.492910         -0.470083          3.846991         70.959126
rank #0: 2018-06-03 08:55:14,814 LBFGS        PARAM    0007       -535.770528          2.518673        -19.599166          3.466332         70.449175
rank #0: 2018-06-03 08:55:15,369 LBFGS        PARAM    0008       -546.375177          2.530299        -36.348842          3.428823         70.315689
rank #0: 2018-06-03 08:55:15,921 LBFGS        PARAM    0009       -519.060205          2.524871        -35.853123          3.492478         70.298926
rank #0: 2018-06-03 08:55:16,473 LBFGS        PARAM    0010       -515.811827          2.525366        -36.496215          3.506901         70.298403
rank #0: 2018-06-03 08:55:17,025 LBFGS        PARAM    0011       -515.712478          2.525363        -36.264211          3.510172         70.298345
rank #0: 2018-06-03 08:55:17,574 LBFGS        PARAM    0012       -515.985905          2.525454        -36.299233          3.509780         70.298343
rank #0: 2018-06-03 08:55:18,128 LBFGS        PARAM    0013       -515.994425          2.525464        -36.302041          3.509808         70.298343
rank #0: 2018-06-03 08:55:18,680 LBFGS        PARAM    0014       -515.994793          2.525464        -36.302075          3.509809         70.298343
rank #0: 2018-06-03 08:55:19,229 LBFGS        PARAM    0015       -515.994762          2.525464        -36.302081          3.509810         70.298343
rank #0: 2018-06-03 08:55:43,334 LBFGS        INFO     Linesearch failed in both LBFGS and gradient directions
rank #0: 2018-06-03 08:55:43,335 LBFGS        PARAM    0015       -515.994762          2.525464        -36.302081          3.509810         70.298343
rank #0: 2018-06-03 08:55:43,335 rsdfit.lbfgs_fitter WARNING  ...LBFGS optimization finished. Time elapsed: 0:00:32.47
rank #0: 2018-06-03 08:55:43,335 rsdfit.lbfgs_fitter ERROR    nonlinear fit with method L-BFGS-B failed: Linesearch failed in both LBFGS and gradient directions
rank #0: 2018-06-03 08:55:43,336 rsdfit.fitting_driver INFO     rank 2 on nid00679     ...fitting complete
rank #0: 2018-06-03 08:55:43,339 rsdfit.fitting_driver INFO     rank 2 on nid00679     Saving the results to `/global/cscratch1/sd/nhand/eBOSS/fits/results/mocks/ezmock/v1.8e-fph/0.0001-0.3/basemodel-N-fnl/0.8-2.2/QSO-S-0099-P0+P2-mock-cov-1ab4f6001f/2018-06-03_nlopt_15i_chain0__1.npz`
rank #0: 2018-06-03 08:55:43,366 pyRSD.analysis.lbfgs_results INFO     
minimum chi2 = 70.2983428285

Free parameters [ mean ]
_______________
N              : -515.994761797
b1             : 2.52546416085
f_nl           : -36.3020808044
sigma_fog      : 3.50980954235

Constrained parameters [ mean ]
_________________________
b1sigma8       : 0.946759411022
