rank #0: 2019-02-16 12:40:49,535 rsdfit.fitting_driver INFO     rank 18 on nid01064     Calling the 'nlopt' solve function
rank #0: 2019-02-16 12:40:49,535 rsdfit.lbfgs_fitter INFO     running LBFGS for 500 iterations and then stopping
rank #0: 2019-02-16 12:40:49,536 rsdfit.lbfgs_fitter INFO     running LBFGS minimizer with priors
rank #0: 2019-02-16 12:40:49,536 root         INFO     Iter           N          b1        f_nl   sigma_fog   F(X)     
rank #0: 2019-02-16 12:40:49,536 rsdfit.lbfgs_fitter INFO     computing gradient using numerical derivative of lnlike()
rank #0: 2019-02-16 12:40:50,087 LBFGS        INFO     options = {'factr': 100000.0, 'gtol': 1e-05, 'max_iter': 500, 'test_convergence': False}
rank #0: 2019-02-16 12:40:50,088 LBFGS        PARAM    0000          0.000000          2.000000          0.000000          4.000000        108.037406
rank #0: 2019-02-16 12:40:50,715 LBFGS        PARAM    0001        -27.510741          2.061855          1.800135          4.014945         98.340015
rank #0: 2019-02-16 12:40:51,277 LBFGS        PARAM    0002       -267.947428          2.237127          9.797262          4.164999         81.779181
rank #0: 2019-02-16 12:40:51,842 LBFGS        PARAM    0003       -416.049308          2.252138         13.181198          4.263920         77.918197
rank #0: 2019-02-16 12:40:52,408 LBFGS        PARAM    0004       -471.986091          2.249094         16.213750          4.287665         77.408692
rank #0: 2019-02-16 12:40:52,973 LBFGS        PARAM    0005       -481.319884          2.248172         18.232228          4.281257         77.310343
rank #0: 2019-02-16 12:40:53,538 LBFGS        PARAM    0006       -524.842675          2.235613         37.063587          4.189152         76.620953
rank #0: 2019-02-16 12:40:54,105 LBFGS        PARAM    0007       -538.713565          2.217592         59.907547          4.058214         76.009461
rank #0: 2019-02-16 12:40:54,671 LBFGS        PARAM    0008       -476.881406          2.198462         81.456278          4.076434         75.543536
rank #0: 2019-02-16 12:40:55,232 LBFGS        PARAM    0009       -456.007440          2.193395         80.507964          4.083681         75.512590
rank #0: 2019-02-16 12:40:55,793 LBFGS        PARAM    0010       -456.289779          2.194636         80.044332          4.077115         75.509151
rank #0: 2019-02-16 12:40:56,354 LBFGS        PARAM    0011       -458.483228          2.195276         79.714307          4.061058         75.507040
rank #0: 2019-02-16 12:40:56,916 LBFGS        PARAM    0012       -459.987302          2.195052         79.787861          4.051624         75.506632
rank #0: 2019-02-16 12:40:57,478 LBFGS        PARAM    0013       -460.305389          2.194871         79.863879          4.049965         75.506606
rank #0: 2019-02-16 12:40:58,039 LBFGS        PARAM    0014       -460.304685          2.194862         79.869127          4.049974         75.506606
rank #0: 2019-02-16 12:40:58,601 LBFGS        PARAM    0015       -460.304056          2.194862         79.869233          4.049979         75.506606
rank #0: 2019-02-16 12:40:59,164 LBFGS        PARAM    0016       -460.304010          2.194862         79.869230          4.049980         75.506606
rank #0: 2019-02-16 12:40:59,727 LBFGS        PARAM    0017       -460.304013          2.194862         79.869228          4.049980         75.506606
rank #0: 2019-02-16 12:41:00,352 LBFGS        PARAM    0018       -460.304013          2.194862         79.869228          4.049980         75.506606
rank #0: 2019-02-16 12:41:24,511 LBFGS        INFO     Linesearch failed in both LBFGS and gradient directions
rank #0: 2019-02-16 12:41:24,512 LBFGS        PARAM    0018       -460.304013          2.194862         79.869228          4.049980         75.506606
rank #0: 2019-02-16 12:41:24,512 rsdfit.lbfgs_fitter WARNING  ...LBFGS optimization finished. Time elapsed: 0:00:34.43
rank #0: 2019-02-16 12:41:24,513 rsdfit.lbfgs_fitter ERROR    nonlinear fit with method L-BFGS-B failed: Linesearch failed in both LBFGS and gradient directions
rank #0: 2019-02-16 12:41:24,514 rsdfit.fitting_driver INFO     rank 18 on nid01064     ...fitting complete
rank #0: 2019-02-16 12:41:24,543 rsdfit.fitting_driver INFO     rank 18 on nid01064     Saving the results to `/global/cscratch1/sd/nhand/eBOSS/fits/results/mocks/ezmock/v1.8e-fph/0.005-0.3/basemodel-N-fnl/0.8-2.2/QSO-N-0428-P0+P2-mock-cov-20503beeef/2019-02-16_nlopt_18i_chain0__1.npz`
rank #0: 2019-02-16 12:41:24,570 pyRSD.analysis.lbfgs_results INFO     
minimum chi2 = 75.50660619799241

Free parameters [ mean ]
_______________
N              : -460.3040130702004
b1             : 2.1948619586535663
f_nl           : 79.86922843595075
sigma_fog      : 4.0499795307355875

Constrained parameters [ mean ]
_________________________
b1sigma8       : 0.8742425132237288
