rank #0: 2018-10-08 11:18:27,839 rsdfit.fitting_driver INFO     rank 30 on nid00692     Calling the 'nlopt' solve function
rank #0: 2018-10-08 11:18:27,841 rsdfit.lbfgs_fitter INFO     running LBFGS for 500 iterations and then stopping
rank #0: 2018-10-08 11:18:27,841 rsdfit.lbfgs_fitter INFO     running LBFGS minimizer with priors
rank #0: 2018-10-08 11:18:27,841 root         INFO     Iter           N          b1        f_nl   sigma_fog   F(X)     
rank #0: 2018-10-08 11:18:27,842 rsdfit.lbfgs_fitter INFO     computing gradient using numerical derivative of lnlike()
rank #0: 2018-10-08 11:18:29,043 LBFGS        INFO     options = {'factr': 100000.0, 'gtol': 1e-05, 'max_iter': 500, 'test_convergence': False}
rank #0: 2018-10-08 11:18:29,044 LBFGS        PARAM    0000          0.000000          2.000000          0.000000          4.000000        101.688810
rank #0: 2018-10-08 11:18:30,409 LBFGS        PARAM    0001         94.894047          2.165767          1.395886          3.934547         82.526521
rank #0: 2018-10-08 11:18:31,647 LBFGS        PARAM    0002         30.995980          2.490408          6.970229          3.885600         70.768382
rank #0: 2018-10-08 11:18:32,881 LBFGS        PARAM    0003        -11.152588          2.441885          7.209547          3.960179         69.506464
rank #0: 2018-10-08 11:18:34,108 LBFGS        PARAM    0004       -174.728225          2.417640          9.616695          4.108991         69.015134
rank #0: 2018-10-08 11:18:35,363 LBFGS        PARAM    0005       -161.943970          2.455986         10.652009          4.087110         68.087740
rank #0: 2018-10-08 11:18:36,600 LBFGS        PARAM    0006       -220.280174          2.511709         13.901294          4.100797         67.438141
rank #0: 2018-10-08 11:18:37,859 LBFGS        PARAM    0007       -275.236073          2.529487         16.280983          4.088878         67.264071
rank #0: 2018-10-08 11:18:39,090 LBFGS        PARAM    0008       -341.418166          2.536756         20.463183          3.937558         67.023332
rank #0: 2018-10-08 11:18:40,335 LBFGS        PARAM    0009       -425.715538          2.531983         29.144213          3.563523         66.760988
rank #0: 2018-10-08 11:18:41,572 LBFGS        PARAM    0010       -421.420219          2.520915         35.644553          3.485505         66.709502
rank #0: 2018-10-08 11:18:42,801 LBFGS        PARAM    0011       -402.385896          2.503661         48.202064          3.431363         66.658875
rank #0: 2018-10-08 11:18:44,052 LBFGS        PARAM    0012       -386.833955          2.492777         60.308016          3.434160         66.626206
rank #0: 2018-10-08 11:18:45,281 LBFGS        PARAM    0013       -383.586896          2.487910         72.494652          3.490062         66.604693
rank #0: 2018-10-08 11:18:46,534 LBFGS        PARAM    0014       -376.657995          2.490045         71.462674          3.507777         66.602312
rank #0: 2018-10-08 11:18:47,766 LBFGS        PARAM    0015       -376.670812          2.490472         71.076502          3.511340         66.602275
rank #0: 2018-10-08 11:18:49,013 LBFGS        PARAM    0016       -376.800921          2.490548         71.035443          3.511538         66.602274
rank #0: 2018-10-08 11:18:50,249 LBFGS        PARAM    0017       -376.808261          2.490550         71.034452          3.511525         66.602274
rank #0: 2018-10-08 11:18:51,480 LBFGS        PARAM    0018       -376.808443          2.490550         71.034482          3.511524         66.602274
rank #0: 2018-10-08 11:18:52,733 LBFGS        PARAM    0019       -376.808404          2.490550         71.034487          3.511524         66.602274
rank #0: 2018-10-08 11:18:53,968 LBFGS        PARAM    0020       -376.808418          2.490550         71.034486          3.511524         66.602274
rank #0: 2018-10-08 11:19:48,455 LBFGS        INFO     Linesearch failed in both LBFGS and gradient directions
rank #0: 2018-10-08 11:19:48,456 LBFGS        PARAM    0020       -376.808418          2.490550         71.034486          3.511524         66.602274
rank #0: 2018-10-08 11:19:48,457 rsdfit.lbfgs_fitter WARNING  ...LBFGS optimization finished. Time elapsed: 0:01:19.41
rank #0: 2018-10-08 11:19:48,457 rsdfit.lbfgs_fitter ERROR    nonlinear fit with method L-BFGS-B failed: Linesearch failed in both LBFGS and gradient directions
rank #0: 2018-10-08 11:19:48,458 rsdfit.fitting_driver INFO     rank 30 on nid00692     ...fitting complete
rank #0: 2018-10-08 11:19:48,462 rsdfit.fitting_driver INFO     rank 30 on nid00692     Saving the results to `/global/cscratch1/sd/nhand/eBOSS/fits/results/mocks/ezmock/v1.8e-fph/0.005-0.3/basemodel-N-fnl/0.8-2.2/QSO-S-0350-P0+P2-mock-cov-98e9a706c6/2018-10-08_nlopt_20i_chain0__1.npz`
rank #0: 2018-10-08 11:19:48,534 pyRSD.analysis.lbfgs_results INFO     
minimum chi2 = 66.6022743658

Free parameters [ mean ]
_______________
N              : -376.808418339
b1             : 2.49055017077
f_nl           : 71.0344859804
sigma_fog      : 3.51152403893

Constrained parameters [ mean ]
_________________________
b1sigma8       : 0.902160724288
