rank #0: 2018-10-04 22:32:21,389 rsdfit.fitting_driver INFO     rank 50 on nid12889     Calling the 'nlopt' solve function
rank #0: 2018-10-04 22:32:21,392 rsdfit.lbfgs_fitter INFO     running LBFGS for 500 iterations and then stopping
rank #0: 2018-10-04 22:32:21,394 rsdfit.lbfgs_fitter INFO     running LBFGS minimizer with priors
rank #0: 2018-10-04 22:32:21,396 root         INFO     Iter           N          b1        f_nl   sigma_fog   F(X)     
rank #0: 2018-10-04 22:32:21,398 rsdfit.lbfgs_fitter INFO     computing gradient using numerical derivative of lnlike()
rank #0: 2018-10-04 22:32:22,773 LBFGS        INFO     options = {'factr': 100000.0, 'gtol': 1e-05, 'max_iter': 500, 'test_convergence': False}
rank #0: 2018-10-04 22:32:22,775 LBFGS        PARAM    0000          0.000000          2.000000          0.000000          4.000000        114.496045
rank #0: 2018-10-04 22:32:24,100 LBFGS        PARAM    0001         23.558108          2.124803          2.546402          3.985324         97.419532
rank #0: 2018-10-04 22:32:25,305 LBFGS        PARAM    0002       -105.445085          2.425094         12.363783          4.117376         80.560350
rank #0: 2018-10-04 22:32:26,491 LBFGS        PARAM    0003       -245.213677          2.436025         13.745897          4.236213         76.220431
rank #0: 2018-10-04 22:32:27,676 LBFGS        PARAM    0004       -530.949003          2.496149         17.610047          4.465712         73.160551
rank #0: 2018-10-04 22:32:28,872 LBFGS        PARAM    0005       -522.584428          2.484674         16.574600          4.433929         73.128879
rank #0: 2018-10-04 22:32:30,050 LBFGS        PARAM    0006       -524.472017          2.485479         16.291171          4.420654         73.121865
rank #0: 2018-10-04 22:32:31,250 LBFGS        PARAM    0007       -549.439672          2.490699         13.967358          4.323933         73.094781
rank #0: 2018-10-04 22:32:32,428 LBFGS        PARAM    0008       -555.189625          2.491514         13.240884          4.316027         73.093136
rank #0: 2018-10-04 22:32:33,629 LBFGS        PARAM    0009       -557.531359          2.492006         12.722562          4.315377         73.092691
rank #0: 2018-10-04 22:32:34,804 LBFGS        PARAM    0010       -558.086130          2.492438         12.316033          4.316961         73.092440
rank #0: 2018-10-04 22:32:35,990 LBFGS        PARAM    0011       -557.419861          2.493220         11.661592          4.321757         73.092113
rank #0: 2018-10-04 22:32:37,173 LBFGS        PARAM    0012       -556.375342          2.493416         11.534020          4.324029         73.092056
rank #0: 2018-10-04 22:32:38,347 LBFGS        PARAM    0013       -556.168536          2.493400         11.551998          4.324263         73.092055
rank #0: 2018-10-04 22:32:39,544 LBFGS        PARAM    0014       -556.154599          2.493393         11.558471          4.324251         73.092055
rank #0: 2018-10-04 22:32:40,717 LBFGS        PARAM    0015       -556.155074          2.493393         11.559050          4.324246         73.092055
rank #0: 2018-10-04 22:32:41,911 LBFGS        PARAM    0016       -556.155117          2.493393         11.559057          4.324246         73.092055
rank #0: 2018-10-04 22:33:33,109 LBFGS        INFO     Linesearch failed in both LBFGS and gradient directions
rank #0: 2018-10-04 22:33:33,111 LBFGS        PARAM    0016       -556.155117          2.493393         11.559057          4.324246         73.092055
rank #0: 2018-10-04 22:33:33,113 rsdfit.lbfgs_fitter WARNING  ...LBFGS optimization finished. Time elapsed: 0:01:10.34
rank #0: 2018-10-04 22:33:33,114 rsdfit.lbfgs_fitter ERROR    nonlinear fit with method L-BFGS-B failed: Linesearch failed in both LBFGS and gradient directions
rank #0: 2018-10-04 22:33:33,116 rsdfit.fitting_driver INFO     rank 50 on nid12889     ...fitting complete
rank #0: 2018-10-04 22:33:33,120 rsdfit.fitting_driver INFO     rank 50 on nid12889     Saving the results to `/global/cscratch1/sd/nhand/eBOSS/fits/results/mocks/ezmock/v1.8e-fph/0.005-0.3/basemodel-N-fnl/0.8-2.2/QSO-S-0992-P0+P2-mock-cov-96ccb1008d/2018-10-04_nlopt_16i_chain0__1.npz`
rank #0: 2018-10-04 22:33:33,184 pyRSD.analysis.lbfgs_results INFO     
minimum chi2 = 73.0920549293

Free parameters [ mean ]
_______________
N              : -556.155117145
b1             : 2.493392737
f_nl           : 11.5590571579
sigma_fog      : 4.32424615384

Constrained parameters [ mean ]
_________________________
b1sigma8       : 0.934736305396
