rank #0: 2018-07-15 20:24:11,712 rsdfit.fitting_driver INFO     rank 40 on nid00570     Calling the 'nlopt' solve function
rank #0: 2018-07-15 20:24:11,712 rsdfit.lbfgs_fitter INFO     running LBFGS for 500 iterations and then stopping
rank #0: 2018-07-15 20:24:11,712 rsdfit.lbfgs_fitter INFO     running LBFGS minimizer with priors
rank #0: 2018-07-15 20:24:11,713 root         INFO     Iter           N          b1        f_nl   sigma_fog   F(X)     
rank #0: 2018-07-15 20:24:12,856 LBFGS        INFO     options = {'factr': 100000.0, 'gtol': 1e-05, 'max_iter': 500, 'test_convergence': False}
rank #0: 2018-07-15 20:24:12,857 LBFGS        PARAM    0000          0.000000          2.000000          0.000000          4.000000         99.123806
rank #0: 2018-07-15 20:24:13,499 LBFGS        PARAM    0001         73.337615          2.126089          2.001613          3.948161         81.582191
rank #0: 2018-07-15 20:24:14,091 LBFGS        PARAM    0002         28.977139          2.384792          7.328459          3.898252         69.946644
rank #0: 2018-07-15 20:24:14,683 LBFGS        PARAM    0003         -1.765746          2.355324          6.410724          3.955073         69.095780
rank #0: 2018-07-15 20:24:15,273 LBFGS        PARAM    0004       -142.418299          2.331174          4.946197          4.107908         69.062943
rank #0: 2018-07-15 20:24:15,850 LBFGS        PARAM    0005       -103.832844          2.362163          5.608661          4.065046         68.118616
rank #0: 2018-07-15 20:24:16,442 LBFGS        PARAM    0006       -126.657829          2.391391          5.525564          4.079942         67.698967
rank #0: 2018-07-15 20:24:17,036 LBFGS        PARAM    0007       -190.031993          2.425703          4.312348          4.115695         67.385817
rank #0: 2018-07-15 20:24:17,613 LBFGS        PARAM    0008       -230.646605          2.436871          1.251767          4.086695         67.244650
rank #0: 2018-07-15 20:24:18,205 LBFGS        PARAM    0009       -311.851247          2.454528         -9.202675          3.925415         66.978351
rank #0: 2018-07-15 20:24:18,798 LBFGS        PARAM    0010       -356.084139          2.464124        -20.383359          3.749144         66.830012
rank #0: 2018-07-15 20:24:19,391 LBFGS        PARAM    0011       -357.801884          2.471677        -32.771469          3.722459         66.755818
rank #0: 2018-07-15 20:24:19,967 LBFGS        PARAM    0012       -335.032846          2.469533        -33.524324          3.774933         66.741644
rank #0: 2018-07-15 20:24:20,560 LBFGS        PARAM    0013       -330.601113          2.469390        -33.476005          3.794178         66.740772
rank #0: 2018-07-15 20:24:21,152 LBFGS        PARAM    0014       -331.144818          2.469981        -33.748681          3.799635         66.740681
rank #0: 2018-07-15 20:24:21,728 LBFGS        PARAM    0015       -331.086340          2.469963        -33.615661          3.799633         66.740672
rank #0: 2018-07-15 20:24:22,322 LBFGS        PARAM    0016       -331.112250          2.469989        -33.636088          3.799415         66.740672
rank #0: 2018-07-15 20:24:22,915 LBFGS        PARAM    0017       -331.116494          2.469992        -33.636356          3.799436         66.740672
rank #0: 2018-07-15 20:24:23,508 LBFGS        PARAM    0018       -331.116765          2.469992        -33.636315          3.799435         66.740672
rank #0: 2018-07-15 20:24:24,084 LBFGS        PARAM    0019       -331.116782          2.469992        -33.636314          3.799435         66.740672
rank #0: 2018-07-15 20:24:38,193 LBFGS        PARAM    0020       -331.116783          2.469992        -33.636314          3.799435         66.740672
rank #0: 2018-07-15 20:24:38,774 LBFGS        PARAM    0021       -331.116788          2.469992        -33.636314          3.799435         66.740672
rank #0: 2018-07-15 20:25:04,967 LBFGS        INFO     Linesearch failed in both LBFGS and gradient directions
rank #0: 2018-07-15 20:25:04,967 LBFGS        PARAM    0021       -331.116788          2.469992        -33.636314          3.799435         66.740672
rank #0: 2018-07-15 20:25:04,967 rsdfit.lbfgs_fitter WARNING  ...LBFGS optimization finished. Time elapsed: 0:00:52.11
rank #0: 2018-07-15 20:25:04,968 rsdfit.lbfgs_fitter ERROR    nonlinear fit with method L-BFGS-B failed: Linesearch failed in both LBFGS and gradient directions
rank #0: 2018-07-15 20:25:04,968 rsdfit.fitting_driver INFO     rank 40 on nid00570     ...fitting complete
rank #0: 2018-07-15 20:25:05,086 rsdfit.fitting_driver INFO     rank 40 on nid00570     Saving the results to `/global/cscratch1/sd/nhand/eBOSS/fits/results/mocks/ezmock/v1.8e-fph/0.0001-0.3/basemodel-N-fnl/0.8-2.2/QSO-S-0039-P0+P2-mock-cov-1ab4f6001f/2018-07-15_nlopt_21i_chain0__1.npz`
rank #0: 2018-07-15 20:25:05,130 pyRSD.analysis.lbfgs_results INFO     
minimum chi2 = 66.7406717377

Free parameters [ mean ]
_______________
N              : -331.116787574
b1             : 2.46999160894
f_nl           : -33.6363135603
sigma_fog      : 3.79943544498

Constrained parameters [ mean ]
_________________________
b1sigma8       : 0.925963566287
