rank #0: 2018-12-30 19:37:36,408 rsdfit.fitting_driver INFO     rank 51 on nid00629     Calling the 'nlopt' solve function
rank #0: 2018-12-30 19:37:36,408 rsdfit.lbfgs_fitter INFO     running LBFGS for 500 iterations and then stopping
rank #0: 2018-12-30 19:37:36,408 rsdfit.lbfgs_fitter INFO     running LBFGS minimizer with priors
rank #0: 2018-12-30 19:37:36,408 root         INFO     Iter           N          b1        f_nl   sigma_fog   F(X)     
rank #0: 2018-12-30 19:37:36,409 rsdfit.lbfgs_fitter INFO     computing gradient using numerical derivative of lnlike()
rank #0: 2018-12-30 19:37:37,576 LBFGS        INFO     options = {'factr': 100000.0, 'gtol': 1e-05, 'max_iter': 500, 'test_convergence': False}
rank #0: 2018-12-30 19:37:37,577 LBFGS        PARAM    0000          0.000000          2.000000          0.000000          4.000000        120.144868
rank #0: 2018-12-30 19:37:38,938 LBFGS        PARAM    0001         65.026243          2.119582          2.318148          3.944402        102.428517
rank #0: 2018-12-30 19:37:40,152 LBFGS        PARAM    0002         12.066218          2.389695          9.689680          3.850269         89.440461
rank #0: 2018-12-30 19:37:41,389 LBFGS        PARAM    0003        -15.771418          2.348802          8.877767          3.882459         88.512727
rank #0: 2018-12-30 19:37:42,608 LBFGS        PARAM    0004       -106.065244          2.333995          9.107995          3.911511         87.948166
rank #0: 2018-12-30 19:37:43,832 LBFGS        PARAM    0005       -147.399566          2.357321         10.043774          3.900533         87.269771
rank #0: 2018-12-30 19:37:45,062 LBFGS        PARAM    0006       -302.675036          2.425260         11.805576          3.787181         86.234224
rank #0: 2018-12-30 19:37:46,276 LBFGS        PARAM    0007       -335.272471          2.429991         10.341737          3.680845         86.009972
rank #0: 2018-12-30 19:37:47,520 LBFGS        PARAM    0008       -435.864037          2.429784          5.345010          3.137444         85.511087
rank #0: 2018-12-30 19:37:48,742 LBFGS        PARAM    0009       -434.145115          2.430573          4.526313          3.167279         85.508570
rank #0: 2018-12-30 19:37:49,974 LBFGS        PARAM    0010       -434.357239          2.430699          4.521307          3.167089         85.508567
rank #0: 2018-12-30 19:37:51,191 LBFGS        PARAM    0011       -434.407929          2.430715          4.517007          3.166999         85.508567
rank #0: 2018-12-30 19:37:52,406 LBFGS        PARAM    0012       -434.410808          2.430718          4.514443          3.166977         85.508567
rank #0: 2018-12-30 19:37:53,642 LBFGS        PARAM    0013       -434.409437          2.430718          4.514035          3.166975         85.508567
rank #0: 2018-12-30 19:37:54,855 LBFGS        PARAM    0014       -434.409387          2.430718          4.514034          3.166975         85.508567
rank #0: 2018-12-30 19:38:25,313 LBFGS        PARAM    0015       -434.409386          2.430718          4.514034          3.166975         85.508567
rank #0: 2018-12-30 19:38:25,314 LBFGS        INFO     LBFGS iteration 15: the descent direction does not have a sufficient projection (cos(theta)=-9.77e-01, theta=167.6795) into the gradient; using steepest descent at this step!
rank #0: 2018-12-30 19:38:26,953 LBFGS        PARAM    0016       -434.409386          2.430718          4.514034          3.166975         85.508567
rank #0: 2018-12-30 19:39:20,336 LBFGS        INFO     Linesearch failed in both LBFGS and gradient directions
rank #0: 2018-12-30 19:39:20,337 LBFGS        PARAM    0016       -434.409386          2.430718          4.514034          3.166975         85.508567
rank #0: 2018-12-30 19:39:20,337 rsdfit.lbfgs_fitter WARNING  ...LBFGS optimization finished. Time elapsed: 0:01:42.76
rank #0: 2018-12-30 19:39:20,338 rsdfit.lbfgs_fitter ERROR    nonlinear fit with method L-BFGS-B failed: Linesearch failed in both LBFGS and gradient directions
rank #0: 2018-12-30 19:39:20,339 rsdfit.fitting_driver INFO     rank 51 on nid00629     ...fitting complete
rank #0: 2018-12-30 19:39:20,342 rsdfit.fitting_driver INFO     rank 51 on nid00629     Saving the results to `/global/cscratch1/sd/nhand/eBOSS/fits/results/mocks/ezmock/v1.8e-fph/0.0001-0.3/basemodel-N-fnl/0.8-2.2/QSO-S-0210-P0+P2-mock-cov-c368a0eac3/2018-12-30_nlopt_16i_chain0__1.npz`
rank #0: 2018-12-30 19:39:20,748 pyRSD.analysis.lbfgs_results INFO     
minimum chi2 = 85.5085666193

Free parameters [ mean ]
_______________
N              : -434.409385731
b1             : 2.43071750837
f_nl           : 4.51403440152
sigma_fog      : 3.16697461246

Constrained parameters [ mean ]
_________________________
b1sigma8       : 0.911240282978
