rank #0: 2018-07-15 19:32:47,117 rsdfit.fitting_driver INFO     rank 63 on nid01111     Calling the 'nlopt' solve function
rank #0: 2018-07-15 19:32:47,118 rsdfit.lbfgs_fitter INFO     running LBFGS for 500 iterations and then stopping
rank #0: 2018-07-15 19:32:47,118 rsdfit.lbfgs_fitter INFO     running LBFGS minimizer with priors
rank #0: 2018-07-15 19:32:47,119 root         INFO     Iter           N          b1        f_nl   sigma_fog   F(X)     
rank #0: 2018-07-15 19:32:47,684 LBFGS        INFO     options = {'factr': 100000.0, 'gtol': 1e-05, 'max_iter': 500, 'test_convergence': False}
rank #0: 2018-07-15 19:32:47,685 LBFGS        PARAM    0000          0.000000          2.000000          0.000000          4.000000         95.041926
rank #0: 2018-07-15 19:32:48,347 LBFGS        PARAM    0001          9.523553          2.055017          1.051461          3.996133         90.208893
rank #0: 2018-07-15 19:32:48,944 LBFGS        PARAM    0002        -59.280969          2.190339          4.681516          4.058479         84.749839
rank #0: 2018-07-15 19:32:49,541 LBFGS        PARAM    0003       -138.056260          2.216826          6.032360          4.133122         83.387547
rank #0: 2018-07-15 19:32:50,128 LBFGS        PARAM    0004       -280.964887          2.245894          8.638762          4.321858         82.247944
rank #0: 2018-07-15 19:32:50,729 LBFGS        PARAM    0005       -275.806427          2.246267          8.992374          4.337997         82.235174
rank #0: 2018-07-15 19:32:51,332 LBFGS        PARAM    0006       -234.786643          2.245155         12.407537          4.500918         82.170552
rank #0: 2018-07-15 19:32:59,853 LBFGS        PARAM    0007       -227.773955          2.242968         13.902348          4.545445         82.162159
rank #0: 2018-07-15 19:33:00,446 LBFGS        PARAM    0008       -226.839391          2.241537         14.799397          4.558699         82.160166
rank #0: 2018-07-15 19:33:01,044 LBFGS        PARAM    0009       -226.938779          2.240740         15.361525          4.560107         82.159321
rank #0: 2018-07-15 19:33:01,644 LBFGS        PARAM    0010       -227.312984          2.239003         16.865095          4.556951         82.157369
rank #0: 2018-07-15 19:33:02,228 LBFGS        PARAM    0011       -227.703734          2.237451         18.603710          4.546123         82.155391
rank #0: 2018-07-15 19:33:02,827 LBFGS        PARAM    0012       -227.513140          2.237517         19.390400          4.533594         82.154231
rank #0: 2018-07-15 19:33:03,428 LBFGS        PARAM    0013       -227.878127          2.237547         19.216396          4.529551         82.154191
rank #0: 2018-07-15 19:33:04,012 LBFGS        PARAM    0014       -227.930911          2.237565         19.209122          4.529447         82.154191
rank #0: 2018-07-15 19:33:04,612 LBFGS        PARAM    0015       -227.928786          2.237564         19.209445          4.529447         82.154191
rank #0: 2018-07-15 19:33:05,212 LBFGS        PARAM    0016       -227.928809          2.237564         19.209458          4.529447         82.154191
rank #0: 2018-07-15 19:33:05,810 LBFGS        PARAM    0017       -227.928818          2.237564         19.209458          4.529447         82.154191
rank #0: 2018-07-15 19:33:05,812 LBFGS        INFO     LBFGS iteration 17: the descent direction does not have a sufficient projection (cos(theta)=-5.73e-01, theta=124.9347) into the gradient; using steepest descent at this step!
rank #0: 2018-07-15 19:33:06,530 LBFGS        PARAM    0018       -227.928818          2.237564         19.209458          4.529447         82.154191
rank #0: 2018-07-15 19:33:06,531 LBFGS        INFO     LBFGS iteration 18: the descent direction does not have a sufficient projection (cos(theta)=-9.87e-01, theta=170.6627) into the gradient; using steepest descent at this step!
rank #0: 2018-07-15 19:33:18,735 LBFGS        INFO     Linesearch failed in both LBFGS and gradient directions
rank #0: 2018-07-15 19:33:18,736 LBFGS        PARAM    0018       -227.928818          2.237564         19.209458          4.529447         82.154191
rank #0: 2018-07-15 19:33:18,736 rsdfit.lbfgs_fitter WARNING  ...LBFGS optimization finished. Time elapsed: 0:00:31.05
rank #0: 2018-07-15 19:33:18,737 rsdfit.lbfgs_fitter ERROR    nonlinear fit with method L-BFGS-B failed: Linesearch failed in both LBFGS and gradient directions
rank #0: 2018-07-15 19:33:18,738 rsdfit.fitting_driver INFO     rank 63 on nid01111     ...fitting complete
rank #0: 2018-07-15 19:33:18,741 rsdfit.fitting_driver INFO     rank 63 on nid01111     Saving the results to `/global/cscratch1/sd/nhand/eBOSS/fits/results/mocks/ezmock/v1.8e-fph/0.0001-0.3/basemodel-N-fnl/0.8-2.2/QSO-S-0548-P0+P2-mock-cov-8973e9cf3e/2018-07-15_nlopt_18i_chain0__1.npz`
rank #0: 2018-07-15 19:33:26,096 pyRSD.analysis.lbfgs_results INFO     
minimum chi2 = 82.1541906693

Free parameters [ mean ]
_______________
N              : -227.928817616
b1             : 2.23756368079
f_nl           : 19.2094576484
sigma_fog      : 4.52944708085

Constrained parameters [ mean ]
_________________________
b1sigma8       : 0.891251173261
