rank #0: 2018-10-04 21:50:27,816 rsdfit.fitting_driver INFO     rank 38 on nid01063     Calling the 'nlopt' solve function
rank #0: 2018-10-04 21:50:27,817 rsdfit.lbfgs_fitter INFO     running LBFGS for 500 iterations and then stopping
rank #0: 2018-10-04 21:50:27,818 rsdfit.lbfgs_fitter INFO     running LBFGS minimizer with priors
rank #0: 2018-10-04 21:50:27,819 root         INFO     Iter           N          b1        f_nl   sigma_fog   F(X)     
rank #0: 2018-10-04 21:50:27,819 rsdfit.lbfgs_fitter INFO     computing gradient using numerical derivative of lnlike()
rank #0: 2018-10-04 21:50:28,974 LBFGS        INFO     options = {'factr': 100000.0, 'gtol': 1e-05, 'max_iter': 500, 'test_convergence': False}
rank #0: 2018-10-04 21:50:28,975 LBFGS        PARAM    0000          0.000000          2.000000          0.000000          4.000000        127.930015
rank #0: 2018-10-04 21:50:30,332 LBFGS        PARAM    0001         50.961142          2.148719          1.489353          3.969513         98.925319
rank #0: 2018-10-04 21:50:31,533 LBFGS        PARAM    0002        -60.027081          2.475211          9.038457          4.063809         75.221973
rank #0: 2018-10-04 21:50:32,753 LBFGS        PARAM    0003       -188.155147          2.477206         11.271003          4.188557         69.270535
rank #0: 2018-10-04 21:50:33,948 LBFGS        PARAM    0004       -486.549204          2.553092         20.141963          4.484369         64.351260
rank #0: 2018-10-04 21:50:35,150 LBFGS        PARAM    0005       -471.401387          2.542695         25.677019          4.499651         63.972528
rank #0: 2018-10-04 21:50:36,501 LBFGS        PARAM    0006       -371.944086          2.485902         79.376584          4.671776         61.689799
rank #0: 2018-10-04 21:50:37,698 LBFGS        PARAM    0007       -358.206488          2.487004         96.399100          4.683269         61.574416
rank #0: 2018-10-04 21:50:38,916 LBFGS        PARAM    0008       -372.405068          2.495407         87.623696          4.657051         61.510265
rank #0: 2018-10-04 21:50:40,113 LBFGS        PARAM    0009       -383.286343          2.495429         88.318361          4.618451         61.503272
rank #0: 2018-10-04 21:50:41,321 LBFGS        PARAM    0010       -386.865124          2.495394         88.547057          4.600029         61.502602
rank #0: 2018-10-04 21:50:42,532 LBFGS        PARAM    0011       -386.893770          2.495332         88.534080          4.599887         61.502599
rank #0: 2018-10-04 21:50:43,731 LBFGS        PARAM    0012       -386.874435          2.495328         88.532230          4.599863         61.502599
rank #0: 2018-10-04 21:50:44,953 LBFGS        PARAM    0013       -386.872022          2.495328         88.532145          4.599856         61.502599
rank #0: 2018-10-04 21:50:46,158 LBFGS        PARAM    0014       -386.872010          2.495328         88.532148          4.599856         61.502599
rank #0: 2018-10-04 21:51:15,566 LBFGS        PARAM    0015       -386.872018          2.495328         88.532148          4.599856         61.502599
rank #0: 2018-10-04 21:52:09,206 LBFGS        INFO     Linesearch failed in both LBFGS and gradient directions
rank #0: 2018-10-04 21:52:09,208 LBFGS        PARAM    0015       -386.872018          2.495328         88.532148          4.599856         61.502599
rank #0: 2018-10-04 21:52:09,209 rsdfit.lbfgs_fitter WARNING  ...LBFGS optimization finished. Time elapsed: 0:01:40.23
rank #0: 2018-10-04 21:52:09,210 rsdfit.lbfgs_fitter ERROR    nonlinear fit with method L-BFGS-B failed: Linesearch failed in both LBFGS and gradient directions
rank #0: 2018-10-04 21:52:09,212 rsdfit.fitting_driver INFO     rank 38 on nid01063     ...fitting complete
rank #0: 2018-10-04 21:52:09,215 rsdfit.fitting_driver INFO     rank 38 on nid01063     Saving the results to `/global/cscratch1/sd/nhand/eBOSS/fits/results/mocks/ezmock/v1.8e-fph/0.0001-0.3/basemodel-N-fnl/0.8-2.2/QSO-N-0759-P0+P2-mock-cov-4ae05ce33e/2018-10-04_nlopt_15i_chain0__1.npz`
rank #0: 2018-10-04 21:52:09,315 pyRSD.analysis.lbfgs_results INFO     
minimum chi2 = 61.5025993935

Free parameters [ mean ]
_______________
N              : -386.872017839
b1             : 2.49532783211
f_nl           : 88.5321483737
sigma_fog      : 4.59985637017

Constrained parameters [ mean ]
_________________________
b1sigma8       : 0.903891353314
