rank #0: 2018-10-04 21:09:43,057 rsdfit.fitting_driver INFO     rank 62 on nid01063     Calling the 'nlopt' solve function
rank #0: 2018-10-04 21:09:43,057 rsdfit.lbfgs_fitter INFO     running LBFGS for 500 iterations and then stopping
rank #0: 2018-10-04 21:09:43,058 rsdfit.lbfgs_fitter INFO     running LBFGS minimizer with priors
rank #0: 2018-10-04 21:09:43,058 root         INFO     Iter           N          b1        f_nl   sigma_fog   F(X)     
rank #0: 2018-10-04 21:09:43,059 rsdfit.lbfgs_fitter INFO     computing gradient using numerical derivative of lnlike()
rank #0: 2018-10-04 21:09:44,245 LBFGS        INFO     options = {'factr': 100000.0, 'gtol': 1e-05, 'max_iter': 500, 'test_convergence': False}
rank #0: 2018-10-04 21:09:44,246 LBFGS        PARAM    0000          0.000000          2.000000          0.000000          4.000000        108.110337
rank #0: 2018-10-04 21:09:45,586 LBFGS        PARAM    0001         12.048820          2.076308          1.712581          3.990959         95.606918
rank #0: 2018-10-04 21:09:46,790 LBFGS        PARAM    0002        -66.581343          2.258147          8.522980          4.072687         82.010261
rank #0: 2018-10-04 21:09:48,018 LBFGS        PARAM    0003       -177.418783          2.292483         11.751187          4.163216         78.336604
rank #0: 2018-10-04 21:09:49,226 LBFGS        PARAM    0004       -362.213104          2.319199         21.967263          4.323708         75.392386
rank #0: 2018-10-04 21:09:50,456 LBFGS        PARAM    0005       -369.212741          2.318744         26.083411          4.327447         75.159171
rank #0: 2018-10-04 21:09:51,794 LBFGS        PARAM    0006       -373.318906          2.316225         31.842944          4.328022         74.827299
rank #0: 2018-10-04 21:09:53,146 LBFGS        PARAM    0007       -374.423722          2.309967         42.013126          4.326054         74.287612
rank #0: 2018-10-04 21:09:54,491 LBFGS        PARAM    0008       -364.523686          2.296546         57.611267          4.319976         73.784195
rank #0: 2018-10-04 21:09:55,691 LBFGS        PARAM    0009       -344.397921          2.285476         61.850709          4.302837         73.679360
rank #0: 2018-10-04 21:09:56,915 LBFGS        PARAM    0010       -321.322467          2.278402         61.505073          4.284965         73.629870
rank #0: 2018-10-04 21:09:58,123 LBFGS        PARAM    0011       -317.916753          2.278711         61.276777          4.284250         73.628525
rank #0: 2018-10-04 21:09:59,350 LBFGS        PARAM    0012       -317.829163          2.278696         61.200614          4.284852         73.628488
rank #0: 2018-10-04 21:10:00,551 LBFGS        PARAM    0013       -317.531023          2.278706         61.160969          4.286624         73.628427
rank #0: 2018-10-04 21:10:01,778 LBFGS        PARAM    0014       -316.531848          2.278715         61.169446          4.291905         73.628323
rank #0: 2018-10-04 21:10:02,980 LBFGS        PARAM    0015       -316.274159          2.278708         61.224166          4.293020         73.628313
rank #0: 2018-10-04 21:10:04,182 LBFGS        PARAM    0016       -316.276261          2.278710         61.225209          4.293024         73.628313
rank #0: 2018-10-04 21:10:05,406 LBFGS        PARAM    0017       -316.276596          2.278710         61.225246          4.293022         73.628313
rank #0: 2018-10-04 21:10:06,744 LBFGS        PARAM    0018       -316.276614          2.278710         61.225247          4.293022         73.628313
rank #0: 2018-10-04 21:11:01,075 LBFGS        INFO     Linesearch failed in both LBFGS and gradient directions
rank #0: 2018-10-04 21:11:01,076 LBFGS        PARAM    0018       -316.276614          2.278710         61.225247          4.293022         73.628313
rank #0: 2018-10-04 21:11:01,077 rsdfit.lbfgs_fitter WARNING  ...LBFGS optimization finished. Time elapsed: 0:01:16.83
rank #0: 2018-10-04 21:11:01,077 rsdfit.lbfgs_fitter ERROR    nonlinear fit with method L-BFGS-B failed: Linesearch failed in both LBFGS and gradient directions
rank #0: 2018-10-04 21:11:01,078 rsdfit.fitting_driver INFO     rank 62 on nid01063     ...fitting complete
rank #0: 2018-10-04 21:11:01,082 rsdfit.fitting_driver INFO     rank 62 on nid01063     Saving the results to `/global/cscratch1/sd/nhand/eBOSS/fits/results/mocks/ezmock/v1.8e-fph/0.0001-0.3/basemodel-N-fnl/0.8-2.2/QSO-N-0234-P0+P2-mock-cov-3d9387a9b2/2018-10-04_nlopt_18i_chain0__1.npz`
rank #0: 2018-10-04 21:11:01,179 pyRSD.analysis.lbfgs_results INFO     
minimum chi2 = 73.6283134516

Free parameters [ mean ]
_______________
N              : -316.276614359
b1             : 2.27871024239
f_nl           : 61.2252470188
sigma_fog      : 4.29302214165

Constrained parameters [ mean ]
_________________________
b1sigma8       : 0.854254992177
