rank #0: 2019-02-16 14:06:08,737 rsdfit.fitting_driver INFO     rank 36 on nid00542     Calling the 'nlopt' solve function
rank #0: 2019-02-16 14:06:08,738 rsdfit.lbfgs_fitter INFO     running LBFGS for 500 iterations and then stopping
rank #0: 2019-02-16 14:06:08,738 rsdfit.lbfgs_fitter INFO     running LBFGS minimizer with priors
rank #0: 2019-02-16 14:06:08,739 root         INFO     Iter           N          b1        f_nl   sigma_fog   F(X)     
rank #0: 2019-02-16 14:06:08,740 rsdfit.lbfgs_fitter INFO     computing gradient using numerical derivative of lnlike()
rank #0: 2019-02-16 14:06:09,857 LBFGS        INFO     options = {'factr': 100000.0, 'gtol': 1e-05, 'max_iter': 500, 'test_convergence': False}
rank #0: 2019-02-16 14:06:09,859 LBFGS        PARAM    0000          0.000000          2.000000          0.000000          4.000000        116.623854
rank #0: 2019-02-16 14:06:11,130 LBFGS        PARAM    0001         12.297162          2.085380          1.728118          3.986093        100.452974
rank #0: 2019-02-16 14:06:12,277 LBFGS        PARAM    0002        -74.555974          2.285372          7.869378          4.063479         83.742076
rank #0: 2019-02-16 14:06:13,422 LBFGS        PARAM    0003       -190.089890          2.315452          9.651849          4.154165         79.439392
rank #0: 2019-02-16 14:06:14,568 LBFGS        PARAM    0004       -398.124829          2.349273         12.354790          4.321569         76.242293
rank #0: 2019-02-16 14:06:15,715 LBFGS        PARAM    0005       -395.967566          2.350548         12.482820          4.314312         76.238062
rank #0: 2019-02-16 14:06:16,864 LBFGS        PARAM    0006       -395.648448          2.350302         12.543579          4.310464         76.237290
rank #0: 2019-02-16 14:06:18,007 LBFGS        PARAM    0007       -398.012082          2.349237         13.085972          4.285690         76.233378
rank #0: 2019-02-16 14:06:19,150 LBFGS        PARAM    0008       -402.490796          2.348589         13.712021          4.269224         76.231476
rank #0: 2019-02-16 14:06:20,294 LBFGS        PARAM    0009       -403.894426          2.348363         14.001770          4.267018         76.231198
rank #0: 2019-02-16 14:06:21,437 LBFGS        PARAM    0010       -404.160676          2.348257         14.151013          4.267505         76.231127
rank #0: 2019-02-16 14:06:22,580 LBFGS        PARAM    0011       -403.996670          2.348094         14.345690          4.268659         76.231052
rank #0: 2019-02-16 14:06:23,727 LBFGS        PARAM    0012       -403.211508          2.347821         14.614888          4.270202         76.230967
rank #0: 2019-02-16 14:06:24,873 LBFGS        PARAM    0013       -402.589666          2.347701         14.700787          4.270642         76.230945
rank #0: 2019-02-16 14:06:26,015 LBFGS        PARAM    0014       -402.507641          2.347703         14.691910          4.270672         76.230945
rank #0: 2019-02-16 14:06:27,160 LBFGS        PARAM    0015       -402.506995          2.347707         14.687970          4.270661         76.230945
rank #0: 2019-02-16 14:06:28,296 LBFGS        PARAM    0016       -402.507915          2.347707         14.687628          4.270659         76.230945
rank #0: 2019-02-16 14:06:29,436 LBFGS        PARAM    0017       -402.507990          2.347707         14.687623          4.270659         76.230945
rank #0: 2019-02-16 14:06:30,582 LBFGS        PARAM    0018       -402.507984          2.347707         14.687623          4.270659         76.230945
rank #0: 2019-02-16 14:06:31,723 LBFGS        PARAM    0019       -402.507985          2.347707         14.687624          4.270659         76.230945
rank #0: 2019-02-16 14:06:32,988 LBFGS        PARAM    0020       -402.507987          2.347707         14.687625          4.270659         76.230945
rank #0: 2019-02-16 14:06:32,989 LBFGS        INFO     LBFGS iteration 20: the descent direction does not have a sufficient projection (cos(theta)=-2.40e-01, theta=103.9108) into the gradient; using steepest descent at this step!
rank #0: 2019-02-16 14:06:56,796 LBFGS        INFO     Linesearch failed in both LBFGS and gradient directions
rank #0: 2019-02-16 14:06:56,798 LBFGS        PARAM    0020       -402.507987          2.347707         14.687625          4.270659         76.230945
rank #0: 2019-02-16 14:06:56,799 rsdfit.lbfgs_fitter WARNING  ...LBFGS optimization finished. Time elapsed: 0:00:46.94
rank #0: 2019-02-16 14:06:56,800 rsdfit.lbfgs_fitter ERROR    nonlinear fit with method L-BFGS-B failed: Linesearch failed in both LBFGS and gradient directions
rank #0: 2019-02-16 14:06:56,801 rsdfit.fitting_driver INFO     rank 36 on nid00542     ...fitting complete
rank #0: 2019-02-16 14:06:56,806 rsdfit.fitting_driver INFO     rank 36 on nid00542     Saving the results to `/global/cscratch1/sd/nhand/eBOSS/fits/results/mocks/ezmock/v1.8e-fph/0.005-0.3/basemodel-N-fnl/0.8-2.2/QSO-N-0716-P0+P2-mock-cov-df4d289b36/2019-02-16_nlopt_20i_chain0__1.npz`
rank #0: 2019-02-16 14:06:56,815 pyRSD.analysis.lbfgs_results INFO     
minimum chi2 = 76.23094463506585

Free parameters [ mean ]
_______________
N              : -402.5079870381964
b1             : 2.3477069339666907
f_nl           : 14.687624512334223
sigma_fog      : 4.270658883066188

Constrained parameters [ mean ]
_________________________
b1sigma8       : 0.8801208381845419
