rank #0: 2018-07-16 20:22:22,521 rsdfit.fitting_driver INFO     rank 13 on nid00686     Calling the 'nlopt' solve function
rank #0: 2018-07-16 20:22:22,522 rsdfit.lbfgs_fitter INFO     running LBFGS for 500 iterations and then stopping
rank #0: 2018-07-16 20:22:22,522 rsdfit.lbfgs_fitter INFO     running LBFGS minimizer with priors
rank #0: 2018-07-16 20:22:22,523 root         INFO     Iter           N          b1        f_nl   sigma_fog   F(X)     
rank #0: 2018-07-16 20:22:23,096 LBFGS        INFO     options = {'factr': 100000.0, 'gtol': 1e-05, 'max_iter': 500, 'test_convergence': False}
rank #0: 2018-07-16 20:22:23,096 LBFGS        PARAM    0000          0.000000          2.000000          0.000000          4.000000        130.871744
rank #0: 2018-07-16 20:22:23,749 LBFGS        PARAM    0001         76.733623          2.190686          1.494262          3.922121        107.233548
rank #0: 2018-07-16 20:22:24,342 LBFGS        PARAM    0002        -62.702400          2.606951          8.475133          3.826376         90.839300
rank #0: 2018-07-16 20:22:24,936 LBFGS        PARAM    0003       -192.930068          2.554213          7.630472          3.881158         86.571191
rank #0: 2018-07-16 20:22:25,512 LBFGS        PARAM    0004       -443.105024          2.593983          8.774780          3.906928         83.801780
rank #0: 2018-07-16 20:22:26,101 LBFGS        PARAM    0005       -594.471913          2.640580          9.447007          3.788845         82.984529
rank #0: 2018-07-16 20:22:26,692 LBFGS        PARAM    0006       -719.234646          2.659864          8.139463          3.414147         82.147008
rank #0: 2018-07-16 20:22:27,277 LBFGS        PARAM    0007       -904.825666          2.660529          1.568800          2.438343         81.157286
rank #0: 2018-07-16 20:22:27,863 LBFGS        PARAM    0008       -876.146628          2.664121         -1.094788          2.406514         81.122499
rank #0: 2018-07-16 20:22:28,454 LBFGS        PARAM    0009       -875.561450          2.658914         -1.183532          2.396742         81.115065
rank #0: 2018-07-16 20:22:29,045 LBFGS        PARAM    0010       -873.322752          2.657524         -1.447805          2.395934         81.114497
rank #0: 2018-07-16 20:22:29,622 LBFGS        PARAM    0011       -872.641275          2.657321         -1.773763          2.396568         81.114138
rank #0: 2018-07-16 20:22:30,214 LBFGS        PARAM    0012       -871.884512          2.657865         -3.811762          2.400771         81.112461
rank #0: 2018-07-16 20:22:30,807 LBFGS        PARAM    0013       -874.136592          2.659892         -5.843376          2.404820         81.111260
rank #0: 2018-07-16 20:22:31,395 LBFGS        PARAM    0014       -877.872570          2.662154         -6.818129          2.406402         81.110799
rank #0: 2018-07-16 20:22:31,976 LBFGS        PARAM    0015       -878.083556          2.662294         -6.807177          2.406699         81.110796
rank #0: 2018-07-16 20:22:32,571 LBFGS        PARAM    0016       -878.086233          2.662292         -6.792281          2.406706         81.110796
rank #0: 2018-07-16 20:22:33,165 LBFGS        PARAM    0017       -878.085112          2.662291         -6.790417          2.406701         81.110796
rank #0: 2018-07-16 20:22:33,744 LBFGS        PARAM    0018       -878.085103          2.662291         -6.790389          2.406701         81.110796
rank #0: 2018-07-16 20:22:34,338 LBFGS        PARAM    0019       -878.085088          2.662291         -6.790394          2.406701         81.110796
rank #0: 2018-07-16 20:22:34,934 LBFGS        PARAM    0020       -878.085105          2.662291         -6.790395          2.406701         81.110796
rank #0: 2018-07-16 20:23:00,914 LBFGS        INFO     Linesearch failed in both LBFGS and gradient directions
rank #0: 2018-07-16 20:23:00,916 LBFGS        PARAM    0020       -878.085105          2.662291         -6.790395          2.406701         81.110796
rank #0: 2018-07-16 20:23:00,916 rsdfit.lbfgs_fitter WARNING  ...LBFGS optimization finished. Time elapsed: 0:00:37.82
rank #0: 2018-07-16 20:23:00,917 rsdfit.lbfgs_fitter ERROR    nonlinear fit with method L-BFGS-B failed: Linesearch failed in both LBFGS and gradient directions
rank #0: 2018-07-16 20:23:00,918 rsdfit.fitting_driver INFO     rank 13 on nid00686     ...fitting complete
rank #0: 2018-07-16 20:23:00,921 rsdfit.fitting_driver INFO     rank 13 on nid00686     Saving the results to `/global/cscratch1/sd/nhand/eBOSS/fits/results/mocks/ezmock/v1.8e-fph/0.005-0.3/basemodel-N-fnl/0.8-2.2/QSO-S-0422-P0+P2-mock-cov-f224d44da7/2018-07-16_nlopt_20i_chain0__1.npz`
rank #0: 2018-07-16 20:23:00,949 pyRSD.analysis.lbfgs_results INFO     
minimum chi2 = 81.1107955615

Free parameters [ mean ]
_______________
N              : -878.08510465
b1             : 2.66229076122
f_nl           : -6.79039456685
sigma_fog      : 2.40670083124

Constrained parameters [ mean ]
_________________________
b1sigma8       : 0.964370920772
