rank #0: 2018-07-15 19:55:39,294 rsdfit.fitting_driver INFO     rank 34 on nid00608     Calling the 'nlopt' solve function
rank #0: 2018-07-15 19:55:39,294 rsdfit.lbfgs_fitter INFO     running LBFGS for 500 iterations and then stopping
rank #0: 2018-07-15 19:55:39,294 rsdfit.lbfgs_fitter INFO     running LBFGS minimizer with priors
rank #0: 2018-07-15 19:55:39,295 root         INFO     Iter           N          b1        f_nl   sigma_fog   F(X)     
rank #0: 2018-07-15 19:55:39,879 LBFGS        INFO     options = {'factr': 100000.0, 'gtol': 1e-05, 'max_iter': 500, 'test_convergence': False}
rank #0: 2018-07-15 19:55:39,880 LBFGS        PARAM    0000          0.000000          2.000000          0.000000          4.000000         99.793727
rank #0: 2018-07-15 19:55:40,531 LBFGS        PARAM    0001         35.566239          2.081740          0.472192          3.958857         88.660020
rank #0: 2018-07-15 19:55:41,129 LBFGS        PARAM    0002         -7.346985          2.249158          1.899148          3.898321         80.355977
rank #0: 2018-07-15 19:55:41,728 LBFGS        PARAM    0003        -68.713696          2.255753          1.901443          3.910463         79.248429
rank #0: 2018-07-15 19:55:42,315 LBFGS        PARAM    0004       -286.283372          2.304978          1.841585          3.897679         77.578999
rank #0: 2018-07-15 19:55:42,908 LBFGS        PARAM    0005       -310.439009          2.304816          0.825635          3.798755         77.383830
rank #0: 2018-07-15 19:55:43,506 LBFGS        PARAM    0006       -386.649041          2.306082         -5.396040          3.391707         77.021527
rank #0: 2018-07-15 19:55:44,105 LBFGS        PARAM    0007       -384.822901          2.306099         -8.952005          3.398604         76.999507
rank #0: 2018-07-15 19:55:44,690 LBFGS        PARAM    0008       -386.891934          2.319064        -45.994942          3.442437         76.861338
rank #0: 2018-07-15 19:55:45,290 LBFGS        PARAM    0009       -399.135397          2.330406        -62.352915          3.447145         76.848253
rank #0: 2018-07-15 19:55:45,890 LBFGS        PARAM    0010       -399.399286          2.328220        -56.076497          3.439745         76.844877
rank #0: 2018-07-15 19:55:46,478 LBFGS        PARAM    0011       -400.757154          2.329011        -56.777564          3.439278         76.844767
rank #0: 2018-07-15 19:55:47,076 LBFGS        PARAM    0012       -400.811147          2.329017        -56.847930          3.438990         76.844766
rank #0: 2018-07-15 19:55:47,678 LBFGS        PARAM    0013       -400.806273          2.329016        -56.851285          3.439000         76.844766
rank #0: 2018-07-15 19:55:48,283 LBFGS        PARAM    0014       -400.806019          2.329016        -56.851296          3.439001         76.844766
rank #0: 2018-07-15 19:55:48,942 LBFGS        PARAM    0015       -400.806029          2.329016        -56.851297          3.439001         76.844766
rank #0: 2018-07-15 19:55:49,546 LBFGS        PARAM    0016       -400.806024          2.329016        -56.851297          3.439001         76.844766
rank #0: 2018-07-15 19:55:50,148 LBFGS        PARAM    0017       -400.806025          2.329016        -56.851296          3.439001         76.844766
rank #0: 2018-07-15 19:55:50,800 LBFGS        PARAM    0018       -400.806025          2.329016        -56.851296          3.439001         76.844766
rank #0: 2018-07-15 19:56:05,149 LBFGS        PARAM    0019       -400.806042          2.329016        -56.851297          3.439001         76.844766
rank #0: 2018-07-15 19:56:31,176 LBFGS        INFO     Linesearch failed in both LBFGS and gradient directions
rank #0: 2018-07-15 19:56:31,177 LBFGS        PARAM    0019       -400.806042          2.329016        -56.851297          3.439001         76.844766
rank #0: 2018-07-15 19:56:31,177 rsdfit.lbfgs_fitter WARNING  ...LBFGS optimization finished. Time elapsed: 0:00:51.30
rank #0: 2018-07-15 19:56:31,178 rsdfit.lbfgs_fitter ERROR    nonlinear fit with method L-BFGS-B failed: Linesearch failed in both LBFGS and gradient directions
rank #0: 2018-07-15 19:56:31,179 rsdfit.fitting_driver INFO     rank 34 on nid00608     ...fitting complete
rank #0: 2018-07-15 19:56:31,182 rsdfit.fitting_driver INFO     rank 34 on nid00608     Saving the results to `/global/cscratch1/sd/nhand/eBOSS/fits/results/mocks/ezmock/v1.8e-fph/0.0001-0.3/basemodel-N-fnl/0.8-2.2/QSO-S-0225-P0+P2-mock-cov-a8bcb55756/2018-07-15_nlopt_19i_chain0__1.npz`
rank #0: 2018-07-15 19:56:31,211 pyRSD.analysis.lbfgs_results INFO     
minimum chi2 = 76.844766304

Free parameters [ mean ]
_______________
N              : -400.806042497
b1             : 2.32901576728
f_nl           : -56.8512965322
sigma_fog      : 3.43900054453

Constrained parameters [ mean ]
_________________________
b1sigma8       : 0.927677747432
