rank #0: 2018-10-08 09:41:17,900 rsdfit.fitting_driver INFO     rank 51 on nid02165     Calling the 'nlopt' solve function
rank #0: 2018-10-08 09:41:17,901 rsdfit.lbfgs_fitter INFO     running LBFGS for 500 iterations and then stopping
rank #0: 2018-10-08 09:41:17,901 rsdfit.lbfgs_fitter INFO     running LBFGS minimizer with priors
rank #0: 2018-10-08 09:41:17,902 root         INFO     Iter           N          b1        f_nl   sigma_fog   F(X)     
rank #0: 2018-10-08 09:41:17,902 rsdfit.lbfgs_fitter INFO     computing gradient using numerical derivative of lnlike()
rank #0: 2018-10-08 09:41:19,072 LBFGS        INFO     options = {'factr': 100000.0, 'gtol': 1e-05, 'max_iter': 500, 'test_convergence': False}
rank #0: 2018-10-08 09:41:19,074 LBFGS        PARAM    0000          0.000000          2.000000          0.000000          4.000000        104.002331
rank #0: 2018-10-08 09:41:20,458 LBFGS        PARAM    0001         52.024140          2.111970          2.324845          3.958256         89.420713
rank #0: 2018-10-08 09:41:21,679 LBFGS        PARAM    0002        -14.282246          2.373642         10.701399          3.926171         77.488957
rank #0: 2018-10-08 09:41:22,916 LBFGS        PARAM    0003        -94.023558          2.361477         11.884799          3.976719         75.685568
rank #0: 2018-10-08 09:41:24,138 LBFGS        PARAM    0004       -281.970937          2.396316         17.243714          4.065181         74.048864
rank #0: 2018-10-08 09:41:25,355 LBFGS        PARAM    0005       -320.763854          2.410369         20.615607          4.036914         73.907615
rank #0: 2018-10-08 09:41:26,586 LBFGS        PARAM    0006       -347.750952          2.413276         25.597224          3.951875         73.787586
rank #0: 2018-10-08 09:41:27,794 LBFGS        PARAM    0007       -367.770443          2.402947         33.138326          3.785001         73.674457
rank #0: 2018-10-08 09:41:29,023 LBFGS        PARAM    0008       -361.144361          2.394181         32.287796          3.724828         73.653026
rank #0: 2018-10-08 09:41:30,242 LBFGS        PARAM    0009       -359.672373          2.394367         32.486292          3.724314         73.652704
rank #0: 2018-10-08 09:41:31,460 LBFGS        PARAM    0010       -359.029677          2.394301         32.542257          3.725463         73.652655
rank #0: 2018-10-08 09:41:32,699 LBFGS        PARAM    0011       -357.562167          2.393942         32.689730          3.729010         73.652571
rank #0: 2018-10-08 09:41:33,919 LBFGS        PARAM    0012       -357.235376          2.393714         32.735799          3.730519         73.652554
rank #0: 2018-10-08 09:41:35,151 LBFGS        PARAM    0013       -357.224659          2.393703         32.730477          3.730655         73.652554
rank #0: 2018-10-08 09:41:36,382 LBFGS        PARAM    0014       -357.230974          2.393703         32.730292          3.730640         73.652554
rank #0: 2018-10-08 09:41:37,604 LBFGS        PARAM    0015       -357.231603          2.393703         32.730229          3.730638         73.652554
rank #0: 2018-10-08 09:42:07,567 LBFGS        PARAM    0016       -357.231603          2.393703         32.730229          3.730638         73.652554
rank #0: 2018-10-08 09:42:07,569 LBFGS        INFO     LBFGS iteration 16: the descent direction does not have a sufficient projection (cos(theta)=-6.31e-01, theta=129.1349) into the gradient; using steepest descent at this step!
rank #0: 2018-10-08 09:42:08,927 LBFGS        PARAM    0017       -357.231597          2.393703         32.730229          3.730638         73.652554
rank #0: 2018-10-08 09:43:02,626 LBFGS        INFO     Linesearch failed in both LBFGS and gradient directions
rank #0: 2018-10-08 09:43:02,627 LBFGS        PARAM    0017       -357.231597          2.393703         32.730229          3.730638         73.652554
rank #0: 2018-10-08 09:43:02,628 rsdfit.lbfgs_fitter WARNING  ...LBFGS optimization finished. Time elapsed: 0:01:43.56
rank #0: 2018-10-08 09:43:02,629 rsdfit.lbfgs_fitter ERROR    nonlinear fit with method L-BFGS-B failed: Linesearch failed in both LBFGS and gradient directions
rank #0: 2018-10-08 09:43:02,630 rsdfit.fitting_driver INFO     rank 51 on nid02165     ...fitting complete
rank #0: 2018-10-08 09:43:02,634 rsdfit.fitting_driver INFO     rank 51 on nid02165     Saving the results to `/global/cscratch1/sd/nhand/eBOSS/fits/results/mocks/ezmock/v1.8e-fph/0.0001-0.3/basemodel-N-fnl/0.8-2.2/QSO-S-0634-P0+P2-mock-cov-96ccb1008d/2018-10-08_nlopt_17i_chain0__1.npz`
rank #0: 2018-10-08 09:43:02,739 pyRSD.analysis.lbfgs_results INFO     
minimum chi2 = 73.6525535835

Free parameters [ mean ]
_______________
N              : -357.231597185
b1             : 2.39370300229
f_nl           : 32.7302294932
sigma_fog      : 3.73063827534

Constrained parameters [ mean ]
_________________________
b1sigma8       : 0.897364088446
