rank #0: 2018-07-16 19:44:51,308 rsdfit.fitting_driver INFO     rank 39 on nid02211     Calling the 'nlopt' solve function
rank #0: 2018-07-16 19:44:51,308 rsdfit.lbfgs_fitter INFO     running LBFGS for 500 iterations and then stopping
rank #0: 2018-07-16 19:44:51,308 rsdfit.lbfgs_fitter INFO     running LBFGS minimizer with priors
rank #0: 2018-07-16 19:44:51,308 root         INFO     Iter           N          b1        f_nl   sigma_fog   F(X)     
rank #0: 2018-07-16 19:44:51,895 LBFGS        INFO     options = {'factr': 100000.0, 'gtol': 1e-05, 'max_iter': 500, 'test_convergence': False}
rank #0: 2018-07-16 19:44:51,896 LBFGS        PARAM    0000          0.000000          2.000000          0.000000          4.000000         83.263746
rank #0: 2018-07-16 19:44:52,543 LBFGS        PARAM    0001        -12.090267          2.057919          1.588535          3.995394         78.240288
rank #0: 2018-07-16 19:44:53,139 LBFGS        PARAM    0002       -189.866875          2.230234          8.884580          4.051337         69.942653
rank #0: 2018-07-16 19:44:53,736 LBFGS        PARAM    0003       -331.988955          2.260610         12.420306          4.114133         67.506096
rank #0: 2018-07-16 19:44:54,317 LBFGS        PARAM    0004       -467.241582          2.267675         17.947155          4.124621         66.506612
rank #0: 2018-07-16 19:44:54,911 LBFGS        PARAM    0005       -481.334729          2.268460         20.055574          4.096898         66.426122
rank #0: 2018-07-16 19:44:55,507 LBFGS        PARAM    0006       -549.040138          2.256549         40.101264          3.787194         65.917219
rank #0: 2018-07-16 19:44:56,103 LBFGS        PARAM    0007       -529.509058          2.240616         50.731822          3.677505         65.781919
rank #0: 2018-07-16 19:44:56,684 LBFGS        PARAM    0008       -512.328947          2.234728         52.531038          3.679357         65.770248
rank #0: 2018-07-16 19:44:57,281 LBFGS        PARAM    0009       -508.889380          2.234381         52.842128          3.688880         65.769292
rank #0: 2018-07-16 19:44:57,878 LBFGS        PARAM    0010       -505.837088          2.234023         53.337327          3.704373         65.768516
rank #0: 2018-07-16 19:44:58,461 LBFGS        PARAM    0011       -506.447404          2.234168         53.504958          3.707484         65.768427
rank #0: 2018-07-16 19:44:59,054 LBFGS        PARAM    0012       -506.472109          2.234169         53.485712          3.707665         65.768426
rank #0: 2018-07-16 19:44:59,652 LBFGS        PARAM    0013       -506.478856          2.234174         53.485196          3.707651         65.768426
rank #0: 2018-07-16 19:45:00,248 LBFGS        PARAM    0014       -506.479167          2.234174         53.485205          3.707649         65.768426
rank #0: 2018-07-16 19:45:00,828 LBFGS        PARAM    0015       -506.479231          2.234174         53.485202          3.707649         65.768426
rank #0: 2018-07-16 19:45:26,726 LBFGS        INFO     Linesearch failed in both LBFGS and gradient directions
rank #0: 2018-07-16 19:45:26,727 LBFGS        PARAM    0015       -506.479231          2.234174         53.485202          3.707649         65.768426
rank #0: 2018-07-16 19:45:26,727 rsdfit.lbfgs_fitter WARNING  ...LBFGS optimization finished. Time elapsed: 0:00:34.83
rank #0: 2018-07-16 19:45:26,728 rsdfit.lbfgs_fitter ERROR    nonlinear fit with method L-BFGS-B failed: Linesearch failed in both LBFGS and gradient directions
rank #0: 2018-07-16 19:45:26,728 rsdfit.fitting_driver INFO     rank 39 on nid02211     ...fitting complete
rank #0: 2018-07-16 19:45:26,731 rsdfit.fitting_driver INFO     rank 39 on nid02211     Saving the results to `/global/cscratch1/sd/nhand/eBOSS/fits/results/mocks/ezmock/v1.8e-fph/0.005-0.3/basemodel-N-fnl/0.8-2.2/QSO-S-0058-P0+P2-mock-cov-8973e9cf3e/2018-07-16_nlopt_15i_chain0__1.npz`
rank #0: 2018-07-16 19:45:26,769 pyRSD.analysis.lbfgs_results INFO     
minimum chi2 = 65.7684262342

Free parameters [ mean ]
_______________
N              : -506.479230503
b1             : 2.23417354454
f_nl           : 53.4852021482
sigma_fog      : 3.70764865709

Constrained parameters [ mean ]
_________________________
b1sigma8       : 0.889900837207
