rank #0: 2018-12-30 16:33:43,818 rsdfit.fitting_driver INFO     rank 26 on nid00553     Calling the 'nlopt' solve function
rank #0: 2018-12-30 16:33:43,819 rsdfit.lbfgs_fitter INFO     running LBFGS for 500 iterations and then stopping
rank #0: 2018-12-30 16:33:43,819 rsdfit.lbfgs_fitter INFO     running LBFGS minimizer with priors
rank #0: 2018-12-30 16:33:43,819 root         INFO     Iter           N          b1        f_nl   sigma_fog   F(X)     
rank #0: 2018-12-30 16:33:43,819 rsdfit.lbfgs_fitter INFO     computing gradient using numerical derivative of lnlike()
rank #0: 2018-12-30 16:33:44,995 LBFGS        INFO     options = {'factr': 100000.0, 'gtol': 1e-05, 'max_iter': 500, 'test_convergence': False}
rank #0: 2018-12-30 16:33:44,996 LBFGS        PARAM    0000          0.000000          2.000000          0.000000          4.000000        134.428779
rank #0: 2018-12-30 16:33:46,383 LBFGS        PARAM    0001         36.894092          2.111154          2.347460          3.975060        107.620650
rank #0: 2018-12-30 16:33:47,611 LBFGS        PARAM    0002        -48.384936          2.372988         11.042754          4.036967         83.784409
rank #0: 2018-12-30 16:33:48,860 LBFGS        PARAM    0003       -141.253537          2.371521         12.373532          4.130967         79.235174
rank #0: 2018-12-30 16:33:50,089 LBFGS        PARAM    0004       -364.193382          2.422819         17.666402          4.359587         75.334624
rank #0: 2018-12-30 16:33:51,333 LBFGS        PARAM    0005       -355.685102          2.420951         18.089264          4.376521         75.312453
rank #0: 2018-12-30 16:33:52,575 LBFGS        PARAM    0006       -324.235804          2.418155         20.535009          4.486866         75.256499
rank #0: 2018-12-30 16:33:53,803 LBFGS        PARAM    0007       -323.043646          2.418909         19.816236          4.509635         75.254360
rank #0: 2018-12-30 16:33:55,055 LBFGS        PARAM    0008       -323.468932          2.419340         19.951682          4.509018         75.254175
rank #0: 2018-12-30 16:33:57,021 LBFGS        PARAM    0009       -323.624689          2.419378         19.958775          4.508925         75.254173
rank #0: 2018-12-30 16:33:58,253 LBFGS        PARAM    0010       -323.644080          2.419376         19.961994          4.508950         75.254173
rank #0: 2018-12-30 16:33:59,504 LBFGS        PARAM    0011       -323.642924          2.419375         19.962521          4.508957         75.254173
rank #0: 2018-12-30 16:34:00,752 LBFGS        PARAM    0012       -323.642601          2.419375         19.962552          4.508958         75.254173
rank #0: 2018-12-30 16:34:02,146 LBFGS        PARAM    0013       -323.642590          2.419375         19.962552          4.508958         75.254173
rank #0: 2018-12-30 16:34:57,482 LBFGS        INFO     Linesearch failed in both LBFGS and gradient directions
rank #0: 2018-12-30 16:34:57,483 LBFGS        PARAM    0013       -323.642590          2.419375         19.962552          4.508958         75.254173
rank #0: 2018-12-30 16:34:57,484 rsdfit.lbfgs_fitter WARNING  ...LBFGS optimization finished. Time elapsed: 0:01:12.49
rank #0: 2018-12-30 16:34:57,484 rsdfit.lbfgs_fitter ERROR    nonlinear fit with method L-BFGS-B failed: Linesearch failed in both LBFGS and gradient directions
rank #0: 2018-12-30 16:34:57,485 rsdfit.fitting_driver INFO     rank 26 on nid00553     ...fitting complete
rank #0: 2018-12-30 16:34:57,489 rsdfit.fitting_driver INFO     rank 26 on nid00553     Saving the results to `/global/cscratch1/sd/nhand/eBOSS/fits/results/mocks/ezmock/v1.8e-fph/0.0001-0.3/basemodel-N-fnl/0.8-2.2/QSO-N-0291-P0+P2-mock-cov-baf378684d/2018-12-30_nlopt_13i_chain0__1.npz`
rank #0: 2018-12-30 16:34:57,957 pyRSD.analysis.lbfgs_results INFO     
minimum chi2 = 75.2541727793

Free parameters [ mean ]
_______________
N              : -323.642590341
b1             : 2.4193748694
f_nl           : 19.9625522989
sigma_fog      : 4.50895754659

Constrained parameters [ mean ]
_________________________
b1sigma8       : 0.906988094269
