rank #0: 2018-06-24 14:11:45,482 rsdfit.fitting_driver INFO     rank 54 on nid00539     Calling the 'nlopt' solve function
rank #0: 2018-06-24 14:11:45,482 rsdfit.lbfgs_fitter INFO     running LBFGS for 500 iterations and then stopping
rank #0: 2018-06-24 14:11:45,483 rsdfit.lbfgs_fitter INFO     running LBFGS minimizer with priors
rank #0: 2018-06-24 14:11:45,483 root         INFO     Iter           N          b1        f_nl   sigma_fog   F(X)     
rank #0: 2018-06-24 14:11:46,069 LBFGS        INFO     options = {'factr': 100000.0, 'gtol': 1e-05, 'max_iter': 500, 'test_convergence': False}
rank #0: 2018-06-24 14:11:46,070 LBFGS        PARAM    0000          0.000000          2.000000          0.000000          4.000000        126.497299
rank #0: 2018-06-24 14:11:46,731 LBFGS        PARAM    0001         79.762608          2.150952          2.965972          3.947180        101.316179
rank #0: 2018-06-24 14:11:47,333 LBFGS        PARAM    0002         12.345095          2.474591         13.001986          3.924685         84.319707
rank #0: 2018-06-24 14:11:47,939 LBFGS        PARAM    0003        -20.061209          2.418146         13.103296          4.010882         82.441756
rank #0: 2018-06-24 14:11:48,546 LBFGS        PARAM    0004       -131.217205          2.406249         16.174957          4.140936         81.198493
rank #0: 2018-06-24 14:11:49,138 LBFGS        PARAM    0005       -193.303910          2.440730         20.123651          4.212004         80.043129
rank #0: 2018-06-24 14:11:49,744 LBFGS        PARAM    0006       -291.531534          2.497436         28.933073          4.254580         79.242317
rank #0: 2018-06-24 14:11:50,350 LBFGS        PARAM    0007       -297.124708          2.494651         30.454602          4.214734         79.173247
rank #0: 2018-06-24 14:11:50,940 LBFGS        PARAM    0008       -352.176327          2.468635         51.120358          3.830313         78.824187
rank #0: 2018-06-24 14:11:51,547 LBFGS        PARAM    0009       -331.336819          2.462093         54.959249          3.878862         78.798498
rank #0: 2018-06-24 14:11:52,157 LBFGS        PARAM    0010       -320.711476          2.458403         57.457876          3.907104         78.794475
rank #0: 2018-06-24 14:11:52,758 LBFGS        PARAM    0011       -320.673867          2.458498         57.302215          3.907737         78.794467
rank #0: 2018-06-24 14:11:53,358 LBFGS        PARAM    0012       -320.722017          2.458499         57.318686          3.907571         78.794467
rank #0: 2018-06-24 14:11:53,967 LBFGS        PARAM    0013       -320.720941          2.458499         57.318863          3.907572         78.794467
rank #0: 2018-06-24 14:11:54,575 LBFGS        PARAM    0014       -320.720977          2.458499         57.318855          3.907572         78.794467
rank #0: 2018-06-24 14:11:55,169 LBFGS        PARAM    0015       -320.721011          2.458499         57.318851          3.907572         78.794467
rank #0: 2018-06-24 14:12:10,192 LBFGS        PARAM    0016       -320.721010          2.458499         57.318851          3.907572         78.794467
rank #0: 2018-06-24 14:12:24,569 LBFGS        PARAM    0017       -320.721010          2.458499         57.318851          3.907572         78.794467
rank #0: 2018-06-24 14:12:24,570 LBFGS        INFO     LBFGS iteration 17: the descent direction does not have a sufficient projection (cos(theta)=-9.32e-01, theta=158.6876) into the gradient; using steepest descent at this step!
rank #0: 2018-06-24 14:12:25,305 LBFGS        PARAM    0018       -320.721010          2.458499         57.318851          3.907572         78.794467
rank #0: 2018-06-24 14:12:25,306 LBFGS        INFO     LBFGS iteration 18: the descent direction does not have a sufficient projection (cos(theta)=-8.95e-01, theta=153.4717) into the gradient; using steepest descent at this step!
rank #0: 2018-06-24 14:12:37,644 LBFGS        INFO     Linesearch failed in both LBFGS and gradient directions
rank #0: 2018-06-24 14:12:37,645 LBFGS        PARAM    0018       -320.721010          2.458499         57.318851          3.907572         78.794467
rank #0: 2018-06-24 14:12:37,645 rsdfit.lbfgs_fitter WARNING  ...LBFGS optimization finished. Time elapsed: 0:00:51.58
rank #0: 2018-06-24 14:12:37,646 rsdfit.lbfgs_fitter ERROR    nonlinear fit with method L-BFGS-B failed: Linesearch failed in both LBFGS and gradient directions
rank #0: 2018-06-24 14:12:37,647 rsdfit.fitting_driver INFO     rank 54 on nid00539     ...fitting complete
rank #0: 2018-06-24 14:12:37,650 rsdfit.fitting_driver INFO     rank 54 on nid00539     Saving the results to `/global/cscratch1/sd/nhand/eBOSS/fits/results/mocks/ezmock/v1.8e-fph/0.005-0.3/basemodel-N-fnl/0.8-2.2/QSO-S-0226-P0+P2-mock-cov-1ab4f6001f/2018-06-24_nlopt_18i_chain0__1.npz`
rank #0: 2018-06-24 14:12:37,676 pyRSD.analysis.lbfgs_results INFO     
minimum chi2 = 78.7944669811

Free parameters [ mean ]
_______________
N              : -320.721009837
b1             : 2.45849892162
f_nl           : 57.3188511972
sigma_fog      : 3.90757230869

Constrained parameters [ mean ]
_________________________
b1sigma8       : 0.921655126655
