rank #0: 2018-06-24 11:29:21,119 rsdfit.fitting_driver INFO     rank 2 on nid00618     Calling the 'nlopt' solve function
rank #0: 2018-06-24 11:29:21,119 rsdfit.lbfgs_fitter INFO     running LBFGS for 500 iterations and then stopping
rank #0: 2018-06-24 11:29:21,120 rsdfit.lbfgs_fitter INFO     running LBFGS minimizer with priors
rank #0: 2018-06-24 11:29:21,120 root         INFO     Iter           N          b1        f_nl   sigma_fog   F(X)     
rank #0: 2018-06-24 11:29:21,704 LBFGS        INFO     options = {'factr': 100000.0, 'gtol': 1e-05, 'max_iter': 500, 'test_convergence': False}
rank #0: 2018-06-24 11:29:21,705 LBFGS        PARAM    0000          0.000000          2.000000          0.000000          4.000000         87.312337
rank #0: 2018-06-24 11:29:22,359 LBFGS        PARAM    0001         11.808454          2.056845          0.661485          3.977656         81.996864
rank #0: 2018-06-24 11:29:22,960 LBFGS        PARAM    0002        -41.281073          2.186041          1.949551          3.957965         76.746746
rank #0: 2018-06-24 11:29:23,565 LBFGS        PARAM    0003       -120.644959          2.212554          1.575097          3.972924         75.439596
rank #0: 2018-06-24 11:29:24,165 LBFGS        PARAM    0004       -337.576748          2.257005         -4.846163          3.919173         73.677996
rank #0: 2018-06-24 11:29:24,752 LBFGS        PARAM    0005       -373.770107          2.264258         -8.806577          3.844479         73.476891
rank #0: 2018-06-24 11:29:25,354 LBFGS        PARAM    0006       -461.801846          2.280700        -27.160520          3.499899         72.969855
rank #0: 2018-06-24 11:29:25,955 LBFGS        PARAM    0007       -445.644253          2.280239        -35.254013          3.485590         72.908700
rank #0: 2018-06-24 11:29:26,540 LBFGS        PARAM    0008       -437.429728          2.278563        -34.940412          3.502158         72.907237
rank #0: 2018-06-24 11:29:27,140 LBFGS        PARAM    0009       -437.382238          2.278711        -35.003333          3.502800         72.907228
rank #0: 2018-06-24 11:29:27,819 LBFGS        PARAM    0010       -437.383214          2.278752        -35.017723          3.503271         72.907227
rank #0: 2018-06-24 11:29:28,413 LBFGS        PARAM    0011       -437.388477          2.278759        -35.022204          3.503577         72.907226
rank #0: 2018-06-24 11:29:29,004 LBFGS        PARAM    0012       -437.388689          2.278758        -35.021142          3.503586         72.907226
rank #0: 2018-06-24 11:29:29,602 LBFGS        PARAM    0013       -437.388714          2.278757        -35.021083          3.503586         72.907226
rank #0: 2018-06-24 11:29:30,270 LBFGS        PARAM    0014       -437.388721          2.278757        -35.021081          3.503585         72.907226
rank #0: 2018-06-24 11:29:30,921 LBFGS        PARAM    0015       -437.388712          2.278757        -35.021079          3.503585         72.907226
rank #0: 2018-06-24 11:29:57,079 LBFGS        INFO     Linesearch failed in both LBFGS and gradient directions
rank #0: 2018-06-24 11:29:57,080 LBFGS        PARAM    0015       -437.388712          2.278757        -35.021079          3.503585         72.907226
rank #0: 2018-06-24 11:29:57,081 rsdfit.lbfgs_fitter WARNING  ...LBFGS optimization finished. Time elapsed: 0:00:35.38
rank #0: 2018-06-24 11:29:57,081 rsdfit.lbfgs_fitter ERROR    nonlinear fit with method L-BFGS-B failed: Linesearch failed in both LBFGS and gradient directions
rank #0: 2018-06-24 11:29:57,082 rsdfit.fitting_driver INFO     rank 2 on nid00618     ...fitting complete
rank #0: 2018-06-24 11:29:57,085 rsdfit.fitting_driver INFO     rank 2 on nid00618     Saving the results to `/global/cscratch1/sd/nhand/eBOSS/fits/results/mocks/ezmock/v1.8e-fph/0.0001-0.3/basemodel-N-fnl/0.8-2.2/QSO-S-0177-P0+P2-mock-cov-8973e9cf3e/2018-06-24_nlopt_15i_chain0__1.npz`
rank #0: 2018-06-24 11:29:57,115 pyRSD.analysis.lbfgs_results INFO     
minimum chi2 = 72.9072262689

Free parameters [ mean ]
_______________
N              : -437.388711771
b1             : 2.27875736694
f_nl           : -35.021079394
sigma_fog      : 3.50358539005

Constrained parameters [ mean ]
_________________________
b1sigma8       : 0.907659162639
