rank #0: 2018-07-16 19:48:07,709 rsdfit.fitting_driver INFO     rank 54 on nid02211     Calling the 'nlopt' solve function
rank #0: 2018-07-16 19:48:07,710 rsdfit.lbfgs_fitter INFO     running LBFGS for 500 iterations and then stopping
rank #0: 2018-07-16 19:48:07,710 rsdfit.lbfgs_fitter INFO     running LBFGS minimizer with priors
rank #0: 2018-07-16 19:48:07,711 root         INFO     Iter           N          b1        f_nl   sigma_fog   F(X)     
rank #0: 2018-07-16 19:48:08,287 LBFGS        INFO     options = {'factr': 100000.0, 'gtol': 1e-05, 'max_iter': 500, 'test_convergence': False}
rank #0: 2018-07-16 19:48:08,288 LBFGS        PARAM    0000          0.000000          2.000000          0.000000          4.000000         88.441914
rank #0: 2018-07-16 19:48:08,933 LBFGS        PARAM    0001         -1.480675          2.050212          1.414200          3.995676         84.421813
rank #0: 2018-07-16 19:48:09,527 LBFGS        PARAM    0002       -111.855749          2.190913          7.691716          4.045969         78.573239
rank #0: 2018-07-16 19:48:10,120 LBFGS        PARAM    0003       -215.963128          2.220379         11.156601          4.107929         76.888564
rank #0: 2018-07-16 19:48:10,714 LBFGS        PARAM    0004       -355.387038          2.234221         19.611646          4.171148         75.787451
rank #0: 2018-07-16 19:48:11,293 LBFGS        PARAM    0005       -364.938480          2.233942         22.686515          4.160872         75.699978
rank #0: 2018-07-16 19:48:11,887 LBFGS        PARAM    0006       -400.720878          2.213947         55.720933          4.005380         75.107527
rank #0: 2018-07-16 19:48:12,481 LBFGS        PARAM    0007       -364.432286          2.196707         65.327652          3.961589         74.966505
rank #0: 2018-07-16 19:48:13,063 LBFGS        PARAM    0008       -341.814535          2.191128         66.171790          3.962310         74.949950
rank #0: 2018-07-16 19:48:13,655 LBFGS        PARAM    0009       -341.633979          2.191188         66.406635          3.964077         74.949793
rank #0: 2018-07-16 19:48:14,249 LBFGS        PARAM    0010       -340.667039          2.191192         66.647858          3.970837         74.949564
rank #0: 2018-07-16 19:48:14,844 LBFGS        PARAM    0011       -339.611764          2.191159         66.584395          3.976856         74.949483
rank #0: 2018-07-16 19:48:15,422 LBFGS        PARAM    0012       -339.488212          2.191170         66.542183          3.977449         74.949481
rank #0: 2018-07-16 19:48:16,018 LBFGS        PARAM    0013       -339.488998          2.191168         66.538567          3.977429         74.949481
rank #0: 2018-07-16 19:48:16,612 LBFGS        PARAM    0014       -339.489490          2.191169         66.538301          3.977425         74.949481
rank #0: 2018-07-16 19:48:17,198 LBFGS        PARAM    0015       -339.489529          2.191169         66.538308          3.977425         74.949481
rank #0: 2018-07-16 19:48:17,793 LBFGS        PARAM    0016       -339.489529          2.191169         66.538309          3.977425         74.949481
rank #0: 2018-07-16 19:48:43,350 LBFGS        INFO     Linesearch failed in both LBFGS and gradient directions
rank #0: 2018-07-16 19:48:43,351 LBFGS        PARAM    0016       -339.489529          2.191169         66.538309          3.977425         74.949481
rank #0: 2018-07-16 19:48:43,352 rsdfit.lbfgs_fitter WARNING  ...LBFGS optimization finished. Time elapsed: 0:00:35.06
rank #0: 2018-07-16 19:48:43,352 rsdfit.lbfgs_fitter ERROR    nonlinear fit with method L-BFGS-B failed: Linesearch failed in both LBFGS and gradient directions
rank #0: 2018-07-16 19:48:43,353 rsdfit.fitting_driver INFO     rank 54 on nid02211     ...fitting complete
rank #0: 2018-07-16 19:48:43,357 rsdfit.fitting_driver INFO     rank 54 on nid02211     Saving the results to `/global/cscratch1/sd/nhand/eBOSS/fits/results/mocks/ezmock/v1.8e-fph/0.005-0.3/basemodel-N-fnl/0.8-2.2/QSO-S-0288-P0+P2-mock-cov-8973e9cf3e/2018-07-16_nlopt_16i_chain0__1.npz`
rank #0: 2018-07-16 19:48:43,388 pyRSD.analysis.lbfgs_results INFO     
minimum chi2 = 74.9494808912

Free parameters [ mean ]
_______________
N              : -339.489529215
b1             : 2.19116862876
f_nl           : 66.5383093056
sigma_fog      : 3.97742530785

Constrained parameters [ mean ]
_________________________
b1sigma8       : 0.872771411135
