rank #0: 2018-06-24 14:11:27,635 rsdfit.fitting_driver INFO     rank 56 on nid00537     Calling the 'nlopt' solve function
rank #0: 2018-06-24 14:11:27,636 rsdfit.lbfgs_fitter INFO     running LBFGS for 500 iterations and then stopping
rank #0: 2018-06-24 14:11:27,636 rsdfit.lbfgs_fitter INFO     running LBFGS minimizer with priors
rank #0: 2018-06-24 14:11:27,637 root         INFO     Iter           N          b1        f_nl   sigma_fog   F(X)     
rank #0: 2018-06-24 14:11:28,224 LBFGS        INFO     options = {'factr': 100000.0, 'gtol': 1e-05, 'max_iter': 500, 'test_convergence': False}
rank #0: 2018-06-24 14:11:28,225 LBFGS        PARAM    0000          0.000000          2.000000          0.000000          4.000000        115.509310
rank #0: 2018-06-24 14:11:28,895 LBFGS        PARAM    0001         36.965983          2.099304          2.128366          4.005730         96.208324
rank #0: 2018-06-24 14:11:29,481 LBFGS        PARAM    0002        -27.302194          2.321717          9.378019          4.168316         78.651254
rank #0: 2018-06-24 14:11:30,084 LBFGS        PARAM    0003       -115.584764          2.340031         11.307098          4.311498         74.655817
rank #0: 2018-06-24 14:11:30,685 LBFGS        PARAM    0004       -295.613050          2.389132         17.224636          4.731294         70.653451
rank #0: 2018-06-24 14:11:31,275 LBFGS        PARAM    0005       -273.299962          2.383305         18.588462          4.844285         70.200861
rank #0: 2018-06-24 14:11:31,877 LBFGS        PARAM    0006       -110.469326          2.367918         28.506498          5.552893         68.743736
rank #0: 2018-06-24 14:11:32,482 LBFGS        PARAM    0007        -96.593351          2.365910         31.411186          5.595749         68.728222
rank #0: 2018-06-24 14:11:33,086 LBFGS        PARAM    0008        -93.996206          2.364514         32.415591          5.599198         68.726696
rank #0: 2018-06-24 14:11:33,675 LBFGS        PARAM    0009        -94.723510          2.362969         33.755544          5.590156         68.725276
rank #0: 2018-06-24 14:11:34,280 LBFGS        PARAM    0010        -96.015542          2.362514         34.062758          5.582564         68.725092
rank #0: 2018-06-24 14:11:34,889 LBFGS        PARAM    0011        -96.271940          2.362549         34.042840          5.581583         68.725088
rank #0: 2018-06-24 14:11:35,479 LBFGS        PARAM    0012        -96.294985          2.362560         34.033942          5.581509         68.725088
rank #0: 2018-06-24 14:11:36,084 LBFGS        PARAM    0013        -96.294843          2.362561         34.033599          5.581511         68.725088
rank #0: 2018-06-24 14:11:36,687 LBFGS        PARAM    0014        -96.294783          2.362561         34.033591          5.581511         68.725088
rank #0: 2018-06-24 14:11:37,348 LBFGS        PARAM    0015        -96.294783          2.362561         34.033591          5.581511         68.725088
rank #0: 2018-06-24 14:12:03,461 LBFGS        INFO     Linesearch failed in both LBFGS and gradient directions
rank #0: 2018-06-24 14:12:03,462 LBFGS        PARAM    0015        -96.294783          2.362561         34.033591          5.581511         68.725088
rank #0: 2018-06-24 14:12:03,462 rsdfit.lbfgs_fitter WARNING  ...LBFGS optimization finished. Time elapsed: 0:00:35.24
rank #0: 2018-06-24 14:12:03,463 rsdfit.lbfgs_fitter ERROR    nonlinear fit with method L-BFGS-B failed: Linesearch failed in both LBFGS and gradient directions
rank #0: 2018-06-24 14:12:03,464 rsdfit.fitting_driver INFO     rank 56 on nid00537     ...fitting complete
rank #0: 2018-06-24 14:12:03,467 rsdfit.fitting_driver INFO     rank 56 on nid00537     Saving the results to `/global/cscratch1/sd/nhand/eBOSS/fits/results/mocks/ezmock/v1.8e-fph/0.005-0.3/basemodel-N-fnl/0.8-2.2/QSO-N-0205-P0+P2-mock-cov-1ab4f6001f/2018-06-24_nlopt_15i_chain0__1.npz`
rank #0: 2018-06-24 14:12:03,494 pyRSD.analysis.lbfgs_results INFO     
minimum chi2 = 68.7250883404

Free parameters [ mean ]
_______________
N              : -96.2947834624
b1             : 2.36256071627
f_nl           : 34.033591439
sigma_fog      : 5.58151082663

Constrained parameters [ mean ]
_________________________
b1sigma8       : 0.885689302944
