rank #0: 2018-06-24 14:11:00,916 rsdfit.fitting_driver INFO     rank 38 on nid00539     Calling the 'nlopt' solve function
rank #0: 2018-06-24 14:11:00,916 rsdfit.lbfgs_fitter INFO     running LBFGS for 500 iterations and then stopping
rank #0: 2018-06-24 14:11:00,916 rsdfit.lbfgs_fitter INFO     running LBFGS minimizer with priors
rank #0: 2018-06-24 14:11:00,917 root         INFO     Iter           N          b1        f_nl   sigma_fog   F(X)     
rank #0: 2018-06-24 14:11:01,500 LBFGS        INFO     options = {'factr': 100000.0, 'gtol': 1e-05, 'max_iter': 500, 'test_convergence': False}
rank #0: 2018-06-24 14:11:01,501 LBFGS        PARAM    0000          0.000000          2.000000          0.000000          4.000000         99.274419
rank #0: 2018-06-24 14:11:02,152 LBFGS        PARAM    0001         -0.832239          2.109618          2.687511          3.983405         87.254337
rank #0: 2018-06-24 14:11:02,752 LBFGS        PARAM    0002       -252.655447          2.434190         15.094704          4.047989         71.425371
rank #0: 2018-06-24 14:11:03,351 LBFGS        PARAM    0003       -396.767654          2.424616         16.846010          4.122774         67.411168
rank #0: 2018-06-24 14:11:03,951 LBFGS        PARAM    0004       -625.321153          2.461522         22.103646          4.198050         65.618021
rank #0: 2018-06-24 14:11:04,536 LBFGS        PARAM    0005       -631.490928          2.453617         23.835350          4.126307         65.464023
rank #0: 2018-06-24 14:11:05,137 LBFGS        PARAM    0006       -699.989090          2.429407         38.192305          3.639655         64.923431
rank #0: 2018-06-24 14:11:05,740 LBFGS        PARAM    0007       -702.879491          2.429415         45.790849          3.611965         64.868203
rank #0: 2018-06-24 14:11:06,327 LBFGS        PARAM    0008       -698.760451          2.427541         48.394594          3.623111         64.861649
rank #0: 2018-06-24 14:11:06,928 LBFGS        PARAM    0009       -691.689832          2.424188         49.931674          3.640903         64.858512
rank #0: 2018-06-24 14:11:07,529 LBFGS        PARAM    0010       -689.503001          2.423304         50.002166          3.646259         64.858304
rank #0: 2018-06-24 14:11:08,132 LBFGS        PARAM    0011       -689.442458          2.423270         49.964715          3.646334         64.858302
rank #0: 2018-06-24 14:11:08,721 LBFGS        PARAM    0012       -689.450459          2.423272         49.960052          3.646302         64.858302
rank #0: 2018-06-24 14:11:09,327 LBFGS        PARAM    0013       -689.451009          2.423272         49.959951          3.646300         64.858302
rank #0: 2018-06-24 14:11:09,926 LBFGS        PARAM    0014       -689.450976          2.423272         49.959952          3.646300         64.858302
rank #0: 2018-06-24 14:11:10,512 LBFGS        PARAM    0015       -689.450981          2.423272         49.959952          3.646300         64.858302
rank #0: 2018-06-24 14:11:36,336 LBFGS        INFO     Linesearch failed in both LBFGS and gradient directions
rank #0: 2018-06-24 14:11:36,337 LBFGS        PARAM    0015       -689.450981          2.423272         49.959952          3.646300         64.858302
rank #0: 2018-06-24 14:11:36,338 rsdfit.lbfgs_fitter WARNING  ...LBFGS optimization finished. Time elapsed: 0:00:34.84
rank #0: 2018-06-24 14:11:36,338 rsdfit.lbfgs_fitter ERROR    nonlinear fit with method L-BFGS-B failed: Linesearch failed in both LBFGS and gradient directions
rank #0: 2018-06-24 14:11:36,339 rsdfit.fitting_driver INFO     rank 38 on nid00539     ...fitting complete
rank #0: 2018-06-24 14:11:36,343 rsdfit.fitting_driver INFO     rank 38 on nid00539     Saving the results to `/global/cscratch1/sd/nhand/eBOSS/fits/results/mocks/ezmock/v1.8e-fph/0.005-0.3/basemodel-N-fnl/0.8-2.2/QSO-S-0170-P0+P2-mock-cov-1ab4f6001f/2018-06-24_nlopt_15i_chain0__1.npz`
rank #0: 2018-06-24 14:11:36,370 pyRSD.analysis.lbfgs_results INFO     
minimum chi2 = 64.858301563

Free parameters [ mean ]
_______________
N              : -689.450981295
b1             : 2.42327188343
f_nl           : 49.9599518935
sigma_fog      : 3.64630041719

Constrained parameters [ mean ]
_________________________
b1sigma8       : 0.908449027575
