rank #0: 2018-07-16 19:56:14,638 rsdfit.fitting_driver INFO     rank 59 on nid02211     Calling the 'nlopt' solve function
rank #0: 2018-07-16 19:56:14,639 rsdfit.lbfgs_fitter INFO     running LBFGS for 500 iterations and then stopping
rank #0: 2018-07-16 19:56:14,640 rsdfit.lbfgs_fitter INFO     running LBFGS minimizer with priors
rank #0: 2018-07-16 19:56:14,641 root         INFO     Iter           N          b1        f_nl   sigma_fog   F(X)     
rank #0: 2018-07-16 19:56:15,232 LBFGS        INFO     options = {'factr': 100000.0, 'gtol': 1e-05, 'max_iter': 500, 'test_convergence': False}
rank #0: 2018-07-16 19:56:15,233 LBFGS        PARAM    0000          0.000000          2.000000          0.000000          4.000000         89.530889
rank #0: 2018-07-16 19:56:15,885 LBFGS        PARAM    0001         12.593940          2.071018          1.372406          3.971569         81.008099
rank #0: 2018-07-16 19:56:16,486 LBFGS        PARAM    0002        -61.341409          2.240410          6.391115          3.942477         72.130089
rank #0: 2018-07-16 19:56:17,087 LBFGS        PARAM    0003       -163.167407          2.267180          8.107995          3.960598         69.880216
rank #0: 2018-07-16 19:56:17,671 LBFGS        PARAM    0004       -437.019927          2.309625         12.912608          3.871562         67.084333
rank #0: 2018-07-16 19:56:18,274 LBFGS        PARAM    0005       -471.467434          2.312515         14.071279          3.771800         66.858964
rank #0: 2018-07-16 19:56:18,877 LBFGS        PARAM    0006       -563.445800          2.304863         19.522151          3.249019         66.280040
rank #0: 2018-07-16 19:56:19,481 LBFGS        PARAM    0007       -551.081886          2.298704         22.579207          3.222328         66.258570
rank #0: 2018-07-16 19:56:20,067 LBFGS        PARAM    0008       -543.152183          2.294293         25.172232          3.216194         66.253077
rank #0: 2018-07-16 19:56:20,665 LBFGS        PARAM    0009       -542.170669          2.293295         26.648015          3.218892         66.251371
rank #0: 2018-07-16 19:56:21,265 LBFGS        PARAM    0010       -543.305952          2.293225         27.448747          3.223931         66.250838
rank #0: 2018-07-16 19:56:21,851 LBFGS        PARAM    0011       -543.324281          2.293310         27.421832          3.224601         66.250836
rank #0: 2018-07-16 19:56:22,452 LBFGS        PARAM    0012       -543.340385          2.293314         27.415323          3.224632         66.250836
rank #0: 2018-07-16 19:56:23,050 LBFGS        PARAM    0013       -543.341662          2.293315         27.415298          3.224623         66.250836
rank #0: 2018-07-16 19:56:23,652 LBFGS        PARAM    0014       -543.341736          2.293315         27.415305          3.224623         66.250836
rank #0: 2018-07-16 19:56:24,240 LBFGS        PARAM    0015       -543.341758          2.293315         27.415304          3.224623         66.250836
rank #0: 2018-07-16 19:56:24,842 LBFGS        PARAM    0016       -543.341759          2.293315         27.415306          3.224623         66.250836
rank #0: 2018-07-16 19:56:50,753 LBFGS        INFO     Linesearch failed in both LBFGS and gradient directions
rank #0: 2018-07-16 19:56:50,754 LBFGS        PARAM    0016       -543.341759          2.293315         27.415306          3.224623         66.250836
rank #0: 2018-07-16 19:56:50,755 rsdfit.lbfgs_fitter WARNING  ...LBFGS optimization finished. Time elapsed: 0:00:35.52
rank #0: 2018-07-16 19:56:50,756 rsdfit.lbfgs_fitter ERROR    nonlinear fit with method L-BFGS-B failed: Linesearch failed in both LBFGS and gradient directions
rank #0: 2018-07-16 19:56:50,758 rsdfit.fitting_driver INFO     rank 59 on nid02211     ...fitting complete
rank #0: 2018-07-16 19:56:50,761 rsdfit.fitting_driver INFO     rank 59 on nid02211     Saving the results to `/global/cscratch1/sd/nhand/eBOSS/fits/results/mocks/ezmock/v1.8e-fph/0.005-0.3/basemodel-N-fnl/0.8-2.2/QSO-S-0921-P0+P2-mock-cov-8973e9cf3e/2018-07-16_nlopt_16i_chain0__1.npz`
rank #0: 2018-07-16 19:56:50,787 pyRSD.analysis.lbfgs_results INFO     
minimum chi2 = 66.2508360928

Free parameters [ mean ]
_______________
N              : -543.341759491
b1             : 2.29331460772
f_nl           : 27.415305657
sigma_fog      : 3.22462277613

Constrained parameters [ mean ]
_________________________
b1sigma8       : 0.91345750395
