rank #0: 2017-11-27 20:40:21,875 rsdfit.fitting_driver INFO     rank 120 on nid00564     Calling the 'nlopt' solve function
rank #0: 2017-11-27 20:40:21,875 rsdfit.lbfgs_fitter INFO     running LBFGS for 500 iterations and then stopping
rank #0: 2017-11-27 20:40:21,875 rsdfit.lbfgs_fitter INFO     running LBFGS minimizer with priors
rank #0: 2017-11-27 20:40:21,875 root         INFO     Iter           N          b1        f_nl   sigma_fog   F(X)     
rank #0: 2017-11-27 20:40:22,375 LBFGS        INFO     options = {'factr': 100000.0, 'gtol': 1e-05, 'max_iter': 500, 'test_convergence': False}
rank #0: 2017-11-27 20:40:22,375 LBFGS        PARAM    0000          0.000000          2.000000          0.000000          4.000000        104.618134
rank #0: 2017-11-27 20:40:22,939 LBFGS        PARAM    0001          4.093020          2.091283          0.804482          3.977620         88.313921
rank #0: 2017-11-27 20:40:23,449 LBFGS        PARAM    0002        -59.956676          2.270286          4.111196          3.934683         76.904428
rank #0: 2017-11-27 20:40:23,958 LBFGS        PARAM    0003        -99.738973          2.249647          4.456694          3.935323         75.931919
rank #0: 2017-11-27 20:40:24,466 LBFGS        PARAM    0004       -206.824489          2.243138          6.296835          3.915710         74.814279
rank #0: 2017-11-27 20:40:24,976 LBFGS        PARAM    0005       -344.064211          2.254990          9.804210          3.837228         73.973942
rank #0: 2017-11-27 20:40:25,486 LBFGS        PARAM    0006       -429.119251          2.260678         15.775993          3.591615         73.299171
rank #0: 2017-11-27 20:40:25,995 LBFGS        PARAM    0007       -483.867598          2.259526         28.368616          3.244920         72.809247
rank #0: 2017-11-27 20:40:26,504 LBFGS        PARAM    0008       -479.977222          2.256883         37.885602          3.173126         72.641945
rank #0: 2017-11-27 20:40:27,013 LBFGS        PARAM    0009       -443.312094          2.241051         76.864929          3.045537         72.264612
rank #0: 2017-11-27 20:40:27,522 LBFGS        PARAM    0010       -425.292872          2.236058         80.444716          3.142655         72.135086
rank #0: 2017-11-27 20:40:28,031 LBFGS        PARAM    0011       -409.721723          2.232854         83.909005          3.264791         72.080504
rank #0: 2017-11-27 20:40:28,541 LBFGS        PARAM    0012       -411.447124          2.233203         83.945496          3.265009         72.080361
rank #0: 2017-11-27 20:40:29,051 LBFGS        PARAM    0013       -411.813276          2.233243         83.889900          3.264896         72.080358
rank #0: 2017-11-27 20:40:29,564 LBFGS        PARAM    0014       -411.813198          2.233231         83.914614          3.264796         72.080358
rank #0: 2017-11-27 20:40:30,075 LBFGS        PARAM    0015       -411.803835          2.233233         83.910087          3.264823         72.080358
rank #0: 2017-11-27 20:40:30,586 LBFGS        PARAM    0016       -411.804644          2.233233         83.910014          3.264822         72.080358
rank #0: 2017-11-27 20:40:31,096 LBFGS        PARAM    0017       -411.804611          2.233233         83.910036          3.264822         72.080358
rank #0: 2017-11-27 20:40:31,607 LBFGS        PARAM    0018       -411.804631          2.233233         83.910036          3.264822         72.080358
rank #0: 2017-11-27 20:40:54,039 LBFGS        INFO     Linesearch failed in both LBFGS and gradient directions
rank #0: 2017-11-27 20:40:54,040 LBFGS        PARAM    0018       -411.804631          2.233233         83.910036          3.264822         72.080358
rank #0: 2017-11-27 20:40:54,040 rsdfit.lbfgs_fitter WARNING  ...LBFGS optimization finished. Time elapsed: 0:00:31.67
rank #0: 2017-11-27 20:40:54,040 rsdfit.lbfgs_fitter ERROR    nonlinear fit with method L-BFGS-B failed: Linesearch failed in both LBFGS and gradient directions
rank #0: 2017-11-27 20:40:54,041 rsdfit.fitting_driver INFO     rank 120 on nid00564     ...fitting complete
rank #0: 2017-11-27 20:40:54,072 rsdfit.fitting_driver INFO     rank 120 on nid00564     Saving the results to `/global/cscratch1/sd/nhand/eBOSS/fits/results/mocks/ezmock/v1.8e-fph/0.0001-0.3/basemodel-N-fnl/0.8-2.2/QSO-N-0236-P0+P2-mock-cov-a9f629560d/2017-11-27_nlopt_18i_chain0__1.npz`
rank #0: 2017-11-27 20:40:54,140 pyRSD.analysis.lbfgs_results INFO     
minimum chi2 = 72.0803576838

Free parameters [ mean ]
_______________
N              : -411.804630595
b1             : 2.23323292668
f_nl           : 83.9100361484
sigma_fog      : 3.26482173287

Constrained parameters [ mean ]
_________________________
b1sigma8       : 0.888983800077
