rank #0: 2018-07-15 19:29:15,968 rsdfit.fitting_driver INFO     rank 4 on nid01110     Calling the 'nlopt' solve function
rank #0: 2018-07-15 19:29:15,969 rsdfit.lbfgs_fitter INFO     running LBFGS for 500 iterations and then stopping
rank #0: 2018-07-15 19:29:15,969 rsdfit.lbfgs_fitter INFO     running LBFGS minimizer with priors
rank #0: 2018-07-15 19:29:15,969 root         INFO     Iter           N          b1        f_nl   sigma_fog   F(X)     
rank #0: 2018-07-15 19:29:16,551 LBFGS        INFO     options = {'factr': 100000.0, 'gtol': 1e-05, 'max_iter': 500, 'test_convergence': False}
rank #0: 2018-07-15 19:29:16,552 LBFGS        PARAM    0000          0.000000          2.000000          0.000000          4.000000         92.380851
rank #0: 2018-07-15 19:29:17,211 LBFGS        PARAM    0001         10.462787          2.044115          1.097133          3.986438         88.843693
rank #0: 2018-07-15 19:29:17,813 LBFGS        PARAM    0002        -32.373470          2.155813          5.562006          3.987982         84.853333
rank #0: 2018-07-15 19:29:18,411 LBFGS        PARAM    0003        -94.549538          2.176166          7.725513          4.013863         83.973015
rank #0: 2018-07-15 19:29:18,993 LBFGS        PARAM    0004       -247.239603          2.202168         16.242021          4.036000         82.934754
rank #0: 2018-07-15 19:29:19,591 LBFGS        PARAM    0005       -257.233720          2.200816         19.159934          4.006590         82.859395
rank #0: 2018-07-15 19:29:20,185 LBFGS        PARAM    0006       -279.959604          2.182978         38.345708          3.793357         82.637681
rank #0: 2018-07-15 19:29:20,769 LBFGS        PARAM    0007       -262.901348          2.180947         34.343923          3.809002         82.618335
rank #0: 2018-07-15 19:29:21,355 LBFGS        PARAM    0008       -261.957366          2.180710         35.204394          3.806734         82.617154
rank #0: 2018-07-15 19:29:21,948 LBFGS        PARAM    0009       -261.028446          2.180408         35.485805          3.807956         82.616990
rank #0: 2018-07-15 19:29:22,543 LBFGS        PARAM    0010       -259.596385          2.180247         35.594417          3.813803         82.616834
rank #0: 2018-07-15 19:29:23,123 LBFGS        PARAM    0011       -258.904875          2.180212         35.552075          3.817811         82.616802
rank #0: 2018-07-15 19:29:23,718 LBFGS        PARAM    0012       -258.891544          2.180218         35.549378          3.817827         82.616802
rank #0: 2018-07-15 19:29:24,317 LBFGS        PARAM    0013       -258.891726          2.180217         35.549478          3.817824         82.616802
rank #0: 2018-07-15 19:29:24,909 LBFGS        PARAM    0014       -258.891782          2.180217         35.549468          3.817823         82.616802
rank #0: 2018-07-15 19:29:25,500 LBFGS        PARAM    0015       -258.891767          2.180217         35.549466          3.817823         82.616802
rank #0: 2018-07-15 19:29:26,100 LBFGS        PARAM    0016       -258.891771          2.180217         35.549466          3.817823         82.616802
rank #0: 2018-07-15 19:29:26,101 LBFGS        INFO     LBFGS iteration 16: the descent direction does not have a sufficient projection (cos(theta)=-6.78e-01, theta=132.7245) into the gradient; using steepest descent at this step!
rank #0: 2018-07-15 19:29:38,349 LBFGS        INFO     Linesearch failed in both LBFGS and gradient directions
rank #0: 2018-07-15 19:29:38,350 LBFGS        PARAM    0016       -258.891771          2.180217         35.549466          3.817823         82.616802
rank #0: 2018-07-15 19:29:38,351 rsdfit.lbfgs_fitter WARNING  ...LBFGS optimization finished. Time elapsed: 0:00:21.80
rank #0: 2018-07-15 19:29:38,352 rsdfit.lbfgs_fitter ERROR    nonlinear fit with method L-BFGS-B failed: Linesearch failed in both LBFGS and gradient directions
rank #0: 2018-07-15 19:29:38,353 rsdfit.fitting_driver INFO     rank 4 on nid01110     ...fitting complete
rank #0: 2018-07-15 19:29:38,356 rsdfit.fitting_driver INFO     rank 4 on nid01110     Saving the results to `/global/cscratch1/sd/nhand/eBOSS/fits/results/mocks/ezmock/v1.8e-fph/0.0001-0.3/basemodel-N-fnl/0.8-2.2/QSO-S-0272-P0+P2-mock-cov-8973e9cf3e/2018-07-15_nlopt_16i_chain0__1.npz`
rank #0: 2018-07-15 19:29:38,391 pyRSD.analysis.lbfgs_results INFO     
minimum chi2 = 82.6168017272

Free parameters [ mean ]
_______________
N              : -258.891770713
b1             : 2.18021658241
f_nl           : 35.5494662739
sigma_fog      : 3.81782344945

Constrained parameters [ mean ]
_________________________
b1sigma8       : 0.868409066396
