rank #0: 2018-06-24 12:55:29,267 rsdfit.fitting_driver INFO     rank 8 on nid00543     Calling the 'nlopt' solve function
rank #0: 2018-06-24 12:55:29,268 rsdfit.lbfgs_fitter INFO     running LBFGS for 500 iterations and then stopping
rank #0: 2018-06-24 12:55:29,268 rsdfit.lbfgs_fitter INFO     running LBFGS minimizer with priors
rank #0: 2018-06-24 12:55:29,268 root         INFO     Iter           N          b1        f_nl   sigma_fog   F(X)     
rank #0: 2018-06-24 12:55:29,846 LBFGS        INFO     options = {'factr': 100000.0, 'gtol': 1e-05, 'max_iter': 500, 'test_convergence': False}
rank #0: 2018-06-24 12:55:29,847 LBFGS        PARAM    0000          0.000000          2.000000          0.000000          4.000000         99.997786
rank #0: 2018-06-24 12:55:30,498 LBFGS        PARAM    0001        -26.289584          2.060905          1.342655          4.009595         90.934486
rank #0: 2018-06-24 12:55:31,086 LBFGS        PARAM    0002       -255.738874          2.229593          6.459671          4.125980         75.919804
rank #0: 2018-06-24 12:55:31,681 LBFGS        PARAM    0003       -406.074087          2.248932          7.684412          4.205507         72.341847
rank #0: 2018-06-24 12:55:32,276 LBFGS        PARAM    0004       -465.723957          2.248338          7.865144          4.209337         71.932053
rank #0: 2018-06-24 12:55:32,856 LBFGS        PARAM    0005       -473.108077          2.249231          7.878309          4.193557         71.902460
rank #0: 2018-06-24 12:55:33,450 LBFGS        PARAM    0006       -527.009978          2.251756          7.646250          3.981533         71.683184
rank #0: 2018-06-24 12:55:34,045 LBFGS        PARAM    0007       -532.109753          2.249681          7.699533          3.886201         71.643943
rank #0: 2018-06-24 12:55:34,639 LBFGS        PARAM    0008       -530.241205          2.249358          7.808991          3.882963         71.643347
rank #0: 2018-06-24 12:55:35,218 LBFGS        PARAM    0009       -529.642404          2.249208          7.866679          3.883279         71.643294
rank #0: 2018-06-24 12:55:35,814 LBFGS        PARAM    0010       -529.023731          2.248986          8.032229          3.883589         71.643185
rank #0: 2018-06-24 12:55:36,408 LBFGS        PARAM    0011       -528.306436          2.248488          8.537385          3.883464         71.642946
rank #0: 2018-06-24 12:55:36,987 LBFGS        PARAM    0012       -528.893607          2.248276          8.953097          3.882226         71.642807
rank #0: 2018-06-24 12:55:37,583 LBFGS        PARAM    0013       -529.172116          2.248265          8.995532          3.881963         71.642800
rank #0: 2018-06-24 12:55:38,178 LBFGS        PARAM    0014       -529.212697          2.248280          8.987790          3.881959         71.642800
rank #0: 2018-06-24 12:55:38,774 LBFGS        PARAM    0015       -529.216461          2.248282          8.985773          3.881957         71.642800
rank #0: 2018-06-24 12:55:39,353 LBFGS        PARAM    0016       -529.216382          2.248282          8.985733          3.881957         71.642800
rank #0: 2018-06-24 12:55:39,948 LBFGS        PARAM    0017       -529.216373          2.248282          8.985735          3.881957         71.642800
rank #0: 2018-06-24 12:56:05,725 LBFGS        INFO     Linesearch failed in both LBFGS and gradient directions
rank #0: 2018-06-24 12:56:05,726 LBFGS        PARAM    0017       -529.216373          2.248282          8.985735          3.881957         71.642800
rank #0: 2018-06-24 12:56:05,727 rsdfit.lbfgs_fitter WARNING  ...LBFGS optimization finished. Time elapsed: 0:00:35.88
rank #0: 2018-06-24 12:56:05,727 rsdfit.lbfgs_fitter ERROR    nonlinear fit with method L-BFGS-B failed: Linesearch failed in both LBFGS and gradient directions
rank #0: 2018-06-24 12:56:05,728 rsdfit.fitting_driver INFO     rank 8 on nid00543     ...fitting complete
rank #0: 2018-06-24 12:56:05,731 rsdfit.fitting_driver INFO     rank 8 on nid00543     Saving the results to `/global/cscratch1/sd/nhand/eBOSS/fits/results/mocks/ezmock/v1.8e-fph/0.005-0.3/basemodel-N-fnl/0.8-2.2/QSO-N-0123-P0+P2-mock-cov-8973e9cf3e/2018-06-24_nlopt_17i_chain0__1.npz`
rank #0: 2018-06-24 12:56:05,756 pyRSD.analysis.lbfgs_results INFO     
minimum chi2 = 71.6427998752

Free parameters [ mean ]
_______________
N              : -529.216373307
b1             : 2.2482821946
f_nl           : 8.98573464666
sigma_fog      : 3.88195733002

Constrained parameters [ mean ]
_________________________
b1sigma8       : 0.895520498906
