rank #0: 2018-07-16 19:52:27,681 rsdfit.fitting_driver INFO     rank 53 on nid02211     Calling the 'nlopt' solve function
rank #0: 2018-07-16 19:52:27,682 rsdfit.lbfgs_fitter INFO     running LBFGS for 500 iterations and then stopping
rank #0: 2018-07-16 19:52:27,682 rsdfit.lbfgs_fitter INFO     running LBFGS minimizer with priors
rank #0: 2018-07-16 19:52:27,682 root         INFO     Iter           N          b1        f_nl   sigma_fog   F(X)     
rank #0: 2018-07-16 19:52:28,265 LBFGS        INFO     options = {'factr': 100000.0, 'gtol': 1e-05, 'max_iter': 500, 'test_convergence': False}
rank #0: 2018-07-16 19:52:28,266 LBFGS        PARAM    0000          0.000000          2.000000          0.000000          4.000000         86.072257
rank #0: 2018-07-16 19:52:28,928 LBFGS        PARAM    0001         14.127904          2.038401          0.694929          3.990911         83.575385
rank #0: 2018-07-16 19:52:29,508 LBFGS        PARAM    0002         -9.625645          2.122133          2.737763          4.005023         81.336578
rank #0: 2018-07-16 19:52:30,102 LBFGS        PARAM    0003        -47.264751          2.136159          3.439503          4.036393         80.956747
rank #0: 2018-07-16 19:52:30,695 LBFGS        PARAM    0004       -140.623679          2.159471          5.323984          4.133838         80.539624
rank #0: 2018-07-16 19:52:31,274 LBFGS        PARAM    0005       -137.972544          2.159447          5.566083          4.140616         80.537345
rank #0: 2018-07-16 19:52:31,870 LBFGS        PARAM    0006       -123.713610          2.158375          7.381083          4.193791         80.528648
rank #0: 2018-07-16 19:52:32,466 LBFGS        PARAM    0007       -121.432982          2.157501          8.209608          4.210408         80.527205
rank #0: 2018-07-16 19:52:33,058 LBFGS        PARAM    0008       -121.513847          2.157005          8.692906          4.215213         80.526826
rank #0: 2018-07-16 19:52:33,638 LBFGS        PARAM    0009       -121.821386          2.156723          8.971748          4.215152         80.526668
rank #0: 2018-07-16 19:52:34,232 LBFGS        PARAM    0010       -122.396829          2.156166          9.586342          4.212038         80.526356
rank #0: 2018-07-16 19:52:34,826 LBFGS        PARAM    0011       -122.718217          2.155671         10.228147          4.205940         80.526065
rank #0: 2018-07-16 19:52:35,405 LBFGS        PARAM    0012       -122.586242          2.155566         10.445729          4.201428         80.525962
rank #0: 2018-07-16 19:52:36,002 LBFGS        PARAM    0013       -122.526096          2.155608         10.404534          4.200759         80.525957
rank #0: 2018-07-16 19:52:36,601 LBFGS        PARAM    0014       -122.515059          2.155624         10.387229          4.200792         80.525957
rank #0: 2018-07-16 19:52:37,196 LBFGS        PARAM    0015       -122.513704          2.155626         10.385662          4.200808         80.525957
rank #0: 2018-07-16 19:52:37,775 LBFGS        PARAM    0016       -122.513589          2.155626         10.385649          4.200809         80.525957
rank #0: 2018-07-16 19:52:38,368 LBFGS        PARAM    0017       -122.513582          2.155626         10.385647          4.200809         80.525957
rank #0: 2018-07-16 19:52:38,964 LBFGS        PARAM    0018       -122.513585          2.155626         10.385646          4.200809         80.525957
rank #0: 2018-07-16 19:52:39,543 LBFGS        PARAM    0019       -122.513590          2.155626         10.385647          4.200809         80.525957
rank #0: 2018-07-16 19:52:39,545 LBFGS        INFO     LBFGS iteration 19: the descent direction does not have a sufficient projection (cos(theta)=-4.98e-01, theta=119.8483) into the gradient; using steepest descent at this step!
rank #0: 2018-07-16 19:52:51,615 LBFGS        INFO     Linesearch failed in both LBFGS and gradient directions
rank #0: 2018-07-16 19:52:51,616 LBFGS        PARAM    0019       -122.513590          2.155626         10.385647          4.200809         80.525957
rank #0: 2018-07-16 19:52:51,617 rsdfit.lbfgs_fitter WARNING  ...LBFGS optimization finished. Time elapsed: 0:00:23.35
rank #0: 2018-07-16 19:52:51,618 rsdfit.lbfgs_fitter ERROR    nonlinear fit with method L-BFGS-B failed: Linesearch failed in both LBFGS and gradient directions
rank #0: 2018-07-16 19:52:51,619 rsdfit.fitting_driver INFO     rank 53 on nid02211     ...fitting complete
rank #0: 2018-07-16 19:52:51,623 rsdfit.fitting_driver INFO     rank 53 on nid02211     Saving the results to `/global/cscratch1/sd/nhand/eBOSS/fits/results/mocks/ezmock/v1.8e-fph/0.005-0.3/basemodel-N-fnl/0.8-2.2/QSO-S-0623-P0+P2-mock-cov-8973e9cf3e/2018-07-16_nlopt_19i_chain0__1.npz`
rank #0: 2018-07-16 19:52:51,649 pyRSD.analysis.lbfgs_results INFO     
minimum chi2 = 80.5259572753

Free parameters [ mean ]
_______________
N              : -122.513590159
b1             : 2.15562570103
f_nl           : 10.38564657
sigma_fog      : 4.20080939414

Constrained parameters [ mean ]
_________________________
b1sigma8       : 0.858614193485
