rank #0: 2017-11-27 21:25:39,213 rsdfit.fitting_driver INFO     rank 164 on nid00578     Calling the 'nlopt' solve function
rank #0: 2017-11-27 21:25:39,213 rsdfit.lbfgs_fitter INFO     running LBFGS for 500 iterations and then stopping
rank #0: 2017-11-27 21:25:39,213 rsdfit.lbfgs_fitter INFO     running LBFGS minimizer with priors
rank #0: 2017-11-27 21:25:39,213 root         INFO     Iter           N   alpha_par   alpha_perp          b1           f    sigma8_z   sigma_fog   F(X)     
rank #0: 2017-11-27 21:25:40,101 LBFGS        INFO     options = {'factr': 100000.0, 'gtol': 1e-05, 'max_iter': 500, 'test_convergence': False}
rank #0: 2017-11-27 21:25:40,102 LBFGS        PARAM    0000          0.000000          1.000000          1.000000          2.000000          0.930924          0.397985          4.000000         84.245510
rank #0: 2017-11-27 21:25:41,082 LBFGS        PARAM    0001          0.128982          0.999937          0.999818          2.001729          0.931016          0.399197          3.999077         83.281452
rank #0: 2017-11-27 21:25:42,001 LBFGS        PARAM    0002        -10.314700          0.998372          0.993361          2.052785          0.933834          0.432982          3.961985         72.323218
rank #0: 2017-11-27 21:25:42,925 LBFGS        PARAM    0003        -16.709027          0.999001          0.994128          2.040762          0.933259          0.425574          3.963046         71.536942
rank #0: 2017-11-27 21:25:43,851 LBFGS        PARAM    0004        -24.070741          0.999161          0.993400          2.041762          0.933372          0.426350          3.956294         71.429967
rank #0: 2017-11-27 21:25:44,771 LBFGS        PARAM    0005        -91.346119          1.000828          0.987443          2.044485          0.934012          0.429255          3.897734         70.834961
rank #0: 2017-11-27 21:25:45,689 LBFGS        PARAM    0006       -191.446182          1.003380          0.979084          2.043949          0.934528          0.430296          3.811957         70.208200
rank #0: 2017-11-27 21:25:46,607 LBFGS        PARAM    0007       -323.150749          1.005968          0.968369          2.042759          0.933414          0.427821          3.688711         69.574157
rank #0: 2017-11-27 21:25:47,530 LBFGS        PARAM    0008       -359.511889          1.005398          0.965303          2.048056          0.930259          0.424043          3.629346         69.368535
rank #0: 2017-11-27 21:25:48,453 LBFGS        PARAM    0009       -366.427500          1.004004          0.964511          2.055358          0.926849          0.420672          3.591917         69.279798
rank #0: 2017-11-27 21:25:49,379 LBFGS        PARAM    0010       -367.950920          1.002358          0.963971          2.064549          0.923257          0.417918          3.555616         69.206357
rank #0: 2017-11-27 21:25:50,303 LBFGS        PARAM    0011       -375.818216          0.996207          0.961453          2.101072          0.909867          0.408987          3.415012         68.965182
rank #0: 2017-11-27 21:25:51,234 LBFGS        PARAM    0012       -390.071342          0.986663          0.956931          2.160113          0.889051          0.396804          3.190397         68.613800
rank #0: 2017-11-27 21:25:52,159 LBFGS        PARAM    0013       -410.764377          0.972586          0.949407          2.249056          0.857951          0.381373          2.849794         68.047539
rank #0: 2017-11-27 21:25:53,083 LBFGS        PARAM    0014       -410.823450          0.958640          0.923949          2.315101          0.799276          0.370015          2.274543         67.239821
rank #0: 2017-11-27 21:25:54,006 LBFGS        PARAM    0015       -390.140519          0.953538          0.917957          2.336765          0.781335          0.367117          2.132214         67.153120
rank #0: 2017-11-27 21:25:54,931 LBFGS        PARAM    0016       -399.303541          0.950178          0.914782          2.356489          0.772520          0.363856          2.047951         67.132268
rank #0: 2017-11-27 21:25:55,858 LBFGS        PARAM    0017       -416.732130          0.946133          0.904570          2.371639          0.759579          0.362069          2.271890         66.965658
rank #0: 2017-11-27 21:25:56,779 LBFGS        PARAM    0018       -397.076725          0.943566          0.898533          2.387675          0.746839          0.358452          2.236823         66.889347
rank #0: 2017-11-27 21:25:57,705 LBFGS        PARAM    0019       -236.869642          0.931088          0.834785          2.478843          0.640185          0.333426          2.176392         66.463657
rank #0: 2017-11-27 21:25:58,632 LBFGS        PARAM    0020       -206.183784          0.936073          0.811297          2.482933          0.615001          0.329263          2.345167         66.265487
rank #0: 2017-11-27 21:25:59,560 LBFGS        PARAM    0021       -186.862241          0.960898          0.792591          2.465480          0.597537          0.330982          2.762247         66.018546
rank #0: 2017-11-27 21:26:00,490 LBFGS        PARAM    0022       -152.926368          0.981876          0.779065          2.465425          0.572883          0.331266          2.986189         65.909710
rank #0: 2017-11-27 21:26:01,414 LBFGS        PARAM    0023       -157.319030          1.011064          0.773618          2.486574          0.546239          0.331395          3.176025         65.797422
rank #0: 2017-11-27 21:26:02,335 LBFGS        PARAM    0024       -136.982128          1.042026          0.766743          2.532091          0.501224          0.329637          3.380168         65.671265
rank #0: 2017-11-27 21:26:03,268 LBFGS        PARAM    0025       -145.834654          1.071692          0.764323          2.623297          0.441726          0.323593          3.459681         65.530135
rank #0: 2017-11-27 21:26:04,203 LBFGS        PARAM    0026       -153.767887          1.084570          0.761354          2.705467          0.387545          0.316905          3.445510         65.448147
rank #0: 2017-11-27 21:26:05,132 LBFGS        PARAM    0027       -155.951503          1.084477          0.756334          2.744645          0.355622          0.312748          3.393105         65.427031
rank #0: 2017-11-27 21:26:06,060 LBFGS        PARAM    0028       -152.969738          1.082950          0.753685          2.756784          0.345872          0.310854          3.376982         65.425409
rank #0: 2017-11-27 21:26:06,988 LBFGS        PARAM    0029       -152.397375          1.082879          0.753324          2.756473          0.345160          0.310934          3.381392         65.425289
rank #0: 2017-11-27 21:26:07,913 LBFGS        PARAM    0030       -152.398977          1.082938          0.753223          2.756537          0.345239          0.310877          3.381249         65.425267
rank #0: 2017-11-27 21:26:08,841 LBFGS        PARAM    0031       -152.331607          1.082954          0.753225          2.756498          0.345264          0.310881          3.381917         65.425267
rank #0: 2017-11-27 21:26:09,771 LBFGS        PARAM    0032       -152.315353          1.082962          0.753207          2.756526          0.345230          0.310877          3.382013         65.425267
rank #0: 2017-11-27 21:26:10,702 LBFGS        PARAM    0033       -152.312362          1.082966          0.753205          2.756536          0.345221          0.310876          3.382042         65.425267
rank #0: 2017-11-27 21:26:11,760 LBFGS        PARAM    0034       -152.312248          1.082966          0.753205          2.756537          0.345220          0.310876          3.382044         65.425267
rank #0: 2017-11-27 21:26:12,755 LBFGS        PARAM    0035       -152.311971          1.082967          0.753205          2.756541          0.345219          0.310875          3.382048         65.425267
rank #0: 2017-11-27 21:26:14,641 LBFGS        PARAM    0036       -152.311971          1.082967          0.753205          2.756541          0.345219          0.310875          3.382048         65.425267
rank #0: 2017-11-27 21:26:16,401 LBFGS        PARAM    0037       -152.311971          1.082967          0.753205          2.756541          0.345219          0.310875          3.382048         65.425267
rank #0: 2017-11-27 21:26:30,730 LBFGS        PARAM    0038       -152.311970          1.082967          0.753205          2.756541          0.345219          0.310875          3.382048         65.425267
rank #0: 2017-11-27 21:26:31,663 LBFGS        PARAM    0039       -152.311948          1.082967          0.753205          2.756541          0.345219          0.310875          3.382048         65.425267
rank #0: 2017-11-27 21:26:32,601 LBFGS        PARAM    0040       -152.311926          1.082967          0.753205          2.756541          0.345219          0.310875          3.382048         65.425267
rank #0: 2017-11-27 21:26:33,530 LBFGS        PARAM    0041       -152.311776          1.082967          0.753205          2.756541          0.345219          0.310875          3.382048         65.425267
rank #0: 2017-11-27 21:26:34,586 LBFGS        PARAM    0042       -152.311727          1.082967          0.753205          2.756541          0.345219          0.310875          3.382048         65.425267
rank #0: 2017-11-27 21:26:35,957 LBFGS        PARAM    0043       -152.311724          1.082967          0.753205          2.756541          0.345219          0.310875          3.382048         65.425267
rank #0: 2017-11-27 21:26:50,567 LBFGS        PARAM    0044       -152.311726          1.082967          0.753205          2.756541          0.345219          0.310875          3.382048         65.425267
rank #0: 2017-11-27 21:26:51,880 LBFGS        PARAM    0045       -152.311726          1.082967          0.753205          2.756541          0.345219          0.310875          3.382048         65.425267
rank #0: 2017-11-27 21:27:17,259 LBFGS        INFO     Linesearch failed in both LBFGS and gradient directions
rank #0: 2017-11-27 21:27:17,260 LBFGS        PARAM    0045       -152.311726          1.082967          0.753205          2.756541          0.345219          0.310875          3.382048         65.425267
rank #0: 2017-11-27 21:27:17,261 rsdfit.lbfgs_fitter WARNING  ...LBFGS optimization finished. Time elapsed: 0:01:37.16
rank #0: 2017-11-27 21:27:17,261 rsdfit.lbfgs_fitter ERROR    nonlinear fit with method L-BFGS-B failed: Linesearch failed in both LBFGS and gradient directions
rank #0: 2017-11-27 21:27:17,262 rsdfit.fitting_driver INFO     rank 164 on nid00578     ...fitting complete
rank #0: 2017-11-27 21:27:17,265 rsdfit.fitting_driver INFO     rank 164 on nid00578     Saving the results to `/global/cscratch1/sd/nhand/eBOSS/fits/results/mocks/ezmock/v1.8e-fph/0.0001-0.3/basemodel-fs8-alphas-N/0.8-2.2/QSO-S-0563-P0+P2-mock-cov-976ba3841e/2017-11-27_nlopt_45i_chain0__1.npz`
rank #0: 2017-11-27 21:27:17,287 pyRSD.analysis.lbfgs_results INFO     
minimum chi2 = 65.4252665827

Free parameters [ mean ]
_______________
N              : -152.311725695
alpha_par      : 1.08296682947
alpha_perp     : 0.753204536887
b1             : 2.7565407983
f              : 0.345218892528
sigma8_z       : 0.310875348442
sigma_fog      : 3.38204847349

Constrained parameters [ mean ]
_________________________
F_AP           : 1.43781240876
alpha          : 0.850120201388
b1sigma8       : 0.856940581166
epsilon        : 0.128671110906
fsigma8        : 0.107320043503
