rank #0: 2018-06-24 12:55:57,799 rsdfit.fitting_driver INFO     rank 31 on nid00543     Calling the 'nlopt' solve function
rank #0: 2018-06-24 12:55:57,800 rsdfit.lbfgs_fitter INFO     running LBFGS for 500 iterations and then stopping
rank #0: 2018-06-24 12:55:57,800 rsdfit.lbfgs_fitter INFO     running LBFGS minimizer with priors
rank #0: 2018-06-24 12:55:57,800 root         INFO     Iter           N          b1        f_nl   sigma_fog   F(X)     
rank #0: 2018-06-24 12:55:58,383 LBFGS        INFO     options = {'factr': 100000.0, 'gtol': 1e-05, 'max_iter': 500, 'test_convergence': False}
rank #0: 2018-06-24 12:55:58,383 LBFGS        PARAM    0000          0.000000          2.000000          0.000000          4.000000        114.912583
rank #0: 2018-06-24 12:55:59,035 LBFGS        PARAM    0001         -5.769467          2.056685          1.343025          4.010061        106.126105
rank #0: 2018-06-24 12:55:59,629 LBFGS        PARAM    0002       -135.592395          2.206299          6.609301          4.131931         93.875555
rank #0: 2018-06-24 12:56:00,227 LBFGS        PARAM    0003       -243.850591          2.232277          8.859747          4.237240         90.588280
rank #0: 2018-06-24 12:56:00,829 LBFGS        PARAM    0004       -347.551421          2.240130         12.303988          4.369653         89.194381
rank #0: 2018-06-24 12:56:01,416 LBFGS        PARAM    0005       -346.381926          2.240609         13.301466          4.383136         89.157288
rank #0: 2018-06-24 12:56:02,022 LBFGS        PARAM    0006       -298.749967          2.231955         31.759505          4.600811         88.752305
rank #0: 2018-06-24 12:56:02,628 LBFGS        PARAM    0007       -280.538796          2.220514         40.673248          4.615930         88.633986
rank #0: 2018-06-24 12:56:03,226 LBFGS        PARAM    0008       -271.486310          2.205239         52.140220          4.554708         88.534999
rank #0: 2018-06-24 12:56:03,823 LBFGS        PARAM    0009       -279.515790          2.202546         54.960336          4.497226         88.513627
rank #0: 2018-06-24 12:56:04,427 LBFGS        PARAM    0010       -289.458168          2.204215         55.370479          4.464652         88.508563
rank #0: 2018-06-24 12:56:05,031 LBFGS        PARAM    0011       -289.478212          2.204131         55.085573          4.463717         88.508475
rank #0: 2018-06-24 12:56:05,617 LBFGS        PARAM    0012       -289.460859          2.204113         55.094212          4.463565         88.508475
rank #0: 2018-06-24 12:56:06,219 LBFGS        PARAM    0013       -289.459613          2.204110         55.096340          4.463544         88.508475
rank #0: 2018-06-24 12:56:06,825 LBFGS        PARAM    0014       -289.459613          2.204110         55.096360          4.463544         88.508475
rank #0: 2018-06-24 12:56:07,492 LBFGS        PARAM    0015       -289.459613          2.204110         55.096360          4.463544         88.508475
rank #0: 2018-06-24 12:56:08,089 LBFGS        PARAM    0016       -289.459597          2.204110         55.096368          4.463544         88.508475
rank #0: 2018-06-24 12:56:08,691 LBFGS        PARAM    0017       -289.459610          2.204110         55.096361          4.463544         88.508475
rank #0: 2018-06-24 12:56:33,868 LBFGS        INFO     Linesearch failed in both LBFGS and gradient directions
rank #0: 2018-06-24 12:56:33,869 LBFGS        PARAM    0017       -289.459610          2.204110         55.096361          4.463544         88.508475
rank #0: 2018-06-24 12:56:33,869 rsdfit.lbfgs_fitter WARNING  ...LBFGS optimization finished. Time elapsed: 0:00:35.49
rank #0: 2018-06-24 12:56:33,869 rsdfit.lbfgs_fitter ERROR    nonlinear fit with method L-BFGS-B failed: Linesearch failed in both LBFGS and gradient directions
rank #0: 2018-06-24 12:56:33,870 rsdfit.fitting_driver INFO     rank 31 on nid00543     ...fitting complete
rank #0: 2018-06-24 12:56:33,873 rsdfit.fitting_driver INFO     rank 31 on nid00543     Saving the results to `/global/cscratch1/sd/nhand/eBOSS/fits/results/mocks/ezmock/v1.8e-fph/0.005-0.3/basemodel-N-fnl/0.8-2.2/QSO-N-0136-P0+P2-mock-cov-8973e9cf3e/2018-06-24_nlopt_17i_chain0__1.npz`
rank #0: 2018-06-24 12:56:33,908 pyRSD.analysis.lbfgs_results INFO     
minimum chi2 = 88.5084747075

Free parameters [ mean ]
_______________
N              : -289.459609777
b1             : 2.20411022271
f_nl           : 55.0963614167
sigma_fog      : 4.46354373319

Constrained parameters [ mean ]
_________________________
b1sigma8       : 0.87792621897
