rank #0: 2018-10-04 22:47:03,926 rsdfit.fitting_driver INFO     rank 39 on nid02292     Calling the 'nlopt' solve function
rank #0: 2018-10-04 22:47:03,927 rsdfit.lbfgs_fitter INFO     running LBFGS for 500 iterations and then stopping
rank #0: 2018-10-04 22:47:03,927 rsdfit.lbfgs_fitter INFO     running LBFGS minimizer with priors
rank #0: 2018-10-04 22:47:03,928 root         INFO     Iter           N          b1        f_nl   sigma_fog   F(X)     
rank #0: 2018-10-04 22:47:03,928 rsdfit.lbfgs_fitter INFO     computing gradient using numerical derivative of lnlike()
rank #0: 2018-10-04 22:47:05,095 LBFGS        INFO     options = {'factr': 100000.0, 'gtol': 1e-05, 'max_iter': 500, 'test_convergence': False}
rank #0: 2018-10-04 22:47:05,096 LBFGS        PARAM    0000          0.000000          2.000000          0.000000          4.000000        109.981297
rank #0: 2018-10-04 22:47:06,444 LBFGS        PARAM    0001         15.132647          2.109478          1.119056          3.997414         95.489899
rank #0: 2018-10-04 22:47:07,645 LBFGS        PARAM    0002        -98.297574          2.349535          6.392444          4.162027         80.612046
rank #0: 2018-10-04 22:47:08,868 LBFGS        PARAM    0003       -263.164816          2.407828          9.055442          4.326496         75.816722
rank #0: 2018-10-04 22:47:10,071 LBFGS        PARAM    0004       -444.594515          2.430856         13.973355          4.582225         73.354566
rank #0: 2018-10-04 22:47:11,278 LBFGS        PARAM    0005       -439.698357          2.433431         15.425305          4.598692         73.301444
rank #0: 2018-10-04 22:47:12,483 LBFGS        PARAM    0006       -394.868712          2.437461         28.637899          4.749679         72.989313
rank #0: 2018-10-04 22:47:13,678 LBFGS        PARAM    0007       -348.157475          2.429926         44.498593          4.922914         72.739885
rank #0: 2018-10-04 22:47:14,893 LBFGS        PARAM    0008       -322.212224          2.411646         71.911680          4.999602         72.375278
rank #0: 2018-10-04 22:47:16,089 LBFGS        PARAM    0009       -322.471646          2.379031        111.915617          4.896943         72.017243
rank #0: 2018-10-04 22:47:17,304 LBFGS        PARAM    0010       -338.189003          2.369182        118.315950          4.779836         71.965020
rank #0: 2018-10-04 22:47:18,507 LBFGS        PARAM    0011       -347.290939          2.369564        117.782982          4.738775         71.960172
rank #0: 2018-10-04 22:47:19,711 LBFGS        PARAM    0012       -348.740366          2.370564        117.485070          4.729334         71.959606
rank #0: 2018-10-04 22:47:20,929 LBFGS        PARAM    0013       -348.516414          2.370545        117.370521          4.729172         71.959601
rank #0: 2018-10-04 22:47:22,130 LBFGS        PARAM    0014       -348.546728          2.370556        117.373173          4.729222         71.959601
rank #0: 2018-10-04 22:47:23,354 LBFGS        PARAM    0015       -348.547910          2.370557        117.372445          4.729223         71.959601
rank #0: 2018-10-04 22:47:24,554 LBFGS        PARAM    0016       -348.548035          2.370557        117.372370          4.729223         71.959601
rank #0: 2018-10-04 22:47:25,769 LBFGS        PARAM    0017       -348.548044          2.370557        117.372366          4.729223         71.959601
rank #0: 2018-10-04 22:47:27,101 LBFGS        PARAM    0018       -348.548058          2.370557        117.372358          4.729223         71.959601
rank #0: 2018-10-04 22:48:20,120 LBFGS        INFO     Linesearch failed in both LBFGS and gradient directions
rank #0: 2018-10-04 22:48:20,121 LBFGS        PARAM    0018       -348.548058          2.370557        117.372358          4.729223         71.959601
rank #0: 2018-10-04 22:48:20,122 rsdfit.lbfgs_fitter WARNING  ...LBFGS optimization finished. Time elapsed: 0:01:15.03
rank #0: 2018-10-04 22:48:20,123 rsdfit.lbfgs_fitter ERROR    nonlinear fit with method L-BFGS-B failed: Linesearch failed in both LBFGS and gradient directions
rank #0: 2018-10-04 22:48:20,124 rsdfit.fitting_driver INFO     rank 39 on nid02292     ...fitting complete
rank #0: 2018-10-04 22:48:20,127 rsdfit.fitting_driver INFO     rank 39 on nid02292     Saving the results to `/global/cscratch1/sd/nhand/eBOSS/fits/results/mocks/ezmock/v1.8e-fph/0.005-0.3/basemodel-N-fnl/0.8-2.2/QSO-N-0514-P0+P2-mock-cov-4ae05ce33e/2018-10-04_nlopt_18i_chain0__1.npz`
rank #0: 2018-10-04 22:48:20,192 pyRSD.analysis.lbfgs_results INFO     
minimum chi2 = 71.9596010353

Free parameters [ mean ]
_______________
N              : -348.548057919
b1             : 2.37055705965
f_nl           : 117.372357718
sigma_fog      : 4.72922278019

Constrained parameters [ mean ]
_________________________
b1sigma8       : 0.858695198757
