rank #0: 2018-06-24 11:35:52,938 rsdfit.fitting_driver INFO     rank 36 on nid00619     Calling the 'nlopt' solve function
rank #0: 2018-06-24 11:35:52,939 rsdfit.lbfgs_fitter INFO     running LBFGS for 500 iterations and then stopping
rank #0: 2018-06-24 11:35:52,940 rsdfit.lbfgs_fitter INFO     running LBFGS minimizer with priors
rank #0: 2018-06-24 11:35:52,941 root         INFO     Iter           N          b1        f_nl   sigma_fog   F(X)     
rank #0: 2018-06-24 11:35:53,526 LBFGS        INFO     options = {'factr': 100000.0, 'gtol': 1e-05, 'max_iter': 500, 'test_convergence': False}
rank #0: 2018-06-24 11:35:53,528 LBFGS        PARAM    0000          0.000000          2.000000          0.000000          4.000000         87.508367
rank #0: 2018-06-24 11:35:54,194 LBFGS        PARAM    0001          4.934706          2.054772          1.211615          3.991713         82.549254
rank #0: 2018-06-24 11:35:54,778 LBFGS        PARAM    0002        -86.354206          2.201539          6.020506          4.031173         76.232410
rank #0: 2018-06-24 11:35:55,380 LBFGS        PARAM    0003       -178.243240          2.227843          7.989880          4.087638         74.640868
rank #0: 2018-06-24 11:35:55,980 LBFGS        PARAM    0004       -340.078503          2.252105         12.460001          4.166024         73.451503
rank #0: 2018-06-24 11:35:56,582 LBFGS        PARAM    0005       -341.854789          2.252395         13.354682          4.151907         73.435297
rank #0: 2018-06-24 11:35:57,169 LBFGS        PARAM    0006       -357.089720          2.246245         21.793367          4.017398         73.358351
rank #0: 2018-06-24 11:35:57,771 LBFGS        PARAM    0007       -355.721388          2.242814         22.624991          4.015019         73.354090
rank #0: 2018-06-24 11:35:58,375 LBFGS        PARAM    0008       -355.139610          2.241942         22.795531          4.017355         73.353790
rank #0: 2018-06-24 11:35:58,962 LBFGS        PARAM    0009       -354.849832          2.241817         22.866036          4.018533         73.353726
rank #0: 2018-06-24 11:35:59,564 LBFGS        PARAM    0010       -353.265329          2.241607         23.157350          4.025092         73.353516
rank #0: 2018-06-24 11:36:00,167 LBFGS        PARAM    0011       -352.869002          2.241791         23.192624          4.026805         73.353489
rank #0: 2018-06-24 11:36:00,771 LBFGS        PARAM    0012       -352.826096          2.241798         23.183800          4.026917         73.353489
rank #0: 2018-06-24 11:36:01,360 LBFGS        PARAM    0013       -352.830070          2.241798         23.184401          4.026900         73.353489
rank #0: 2018-06-24 11:36:01,962 LBFGS        PARAM    0014       -352.830305          2.241798         23.184363          4.026899         73.353489
rank #0: 2018-06-24 11:36:02,567 LBFGS        PARAM    0015       -352.830286          2.241798         23.184361          4.026899         73.353489
rank #0: 2018-06-24 11:36:28,499 LBFGS        INFO     Linesearch failed in both LBFGS and gradient directions
rank #0: 2018-06-24 11:36:28,500 LBFGS        PARAM    0015       -352.830286          2.241798         23.184361          4.026899         73.353489
rank #0: 2018-06-24 11:36:28,501 rsdfit.lbfgs_fitter WARNING  ...LBFGS optimization finished. Time elapsed: 0:00:34.98
rank #0: 2018-06-24 11:36:28,502 rsdfit.lbfgs_fitter ERROR    nonlinear fit with method L-BFGS-B failed: Linesearch failed in both LBFGS and gradient directions
rank #0: 2018-06-24 11:36:28,504 rsdfit.fitting_driver INFO     rank 36 on nid00619     ...fitting complete
rank #0: 2018-06-24 11:36:28,550 rsdfit.fitting_driver INFO     rank 36 on nid00619     Saving the results to `/global/cscratch1/sd/nhand/eBOSS/fits/results/mocks/ezmock/v1.8e-fph/0.0001-0.3/basemodel-N-fnl/0.8-2.2/QSO-S-0687-P0+P2-mock-cov-8973e9cf3e/2018-06-24_nlopt_15i_chain0__1.npz`
rank #0: 2018-06-24 11:36:28,578 pyRSD.analysis.lbfgs_results INFO     
minimum chi2 = 73.3534893872

Free parameters [ mean ]
_______________
N              : -352.830285616
b1             : 2.24179839863
f_nl           : 23.1843613541
sigma_fog      : 4.0268990127

Constrained parameters [ mean ]
_________________________
b1sigma8       : 0.892937917316
