rank #0: 2018-10-08 11:31:56,161 rsdfit.fitting_driver INFO     rank 52 on nid00693     Calling the 'nlopt' solve function
rank #0: 2018-10-08 11:31:56,163 rsdfit.lbfgs_fitter INFO     running LBFGS for 500 iterations and then stopping
rank #0: 2018-10-08 11:31:56,163 rsdfit.lbfgs_fitter INFO     running LBFGS minimizer with priors
rank #0: 2018-10-08 11:31:56,164 root         INFO     Iter           N          b1        f_nl   sigma_fog   F(X)     
rank #0: 2018-10-08 11:31:56,165 rsdfit.lbfgs_fitter INFO     computing gradient using numerical derivative of lnlike()
rank #0: 2018-10-08 11:31:57,338 LBFGS        INFO     options = {'factr': 100000.0, 'gtol': 1e-05, 'max_iter': 500, 'test_convergence': False}
rank #0: 2018-10-08 11:31:57,339 LBFGS        PARAM    0000          0.000000          2.000000          0.000000          4.000000        119.171924
rank #0: 2018-10-08 11:31:58,717 LBFGS        PARAM    0001         99.044298          2.178107          1.705464          3.948588         97.601314
rank #0: 2018-10-08 11:31:59,947 LBFGS        PARAM    0002         28.918327          2.528197          9.184361          3.974645         84.308372
rank #0: 2018-10-08 11:32:01,170 LBFGS        PARAM    0003        -13.264827          2.473288         10.231654          4.086588         82.556805
rank #0: 2018-10-08 11:32:02,417 LBFGS        PARAM    0004       -182.816839          2.453957         15.468719          4.335161         81.565792
rank #0: 2018-10-08 11:32:03,639 LBFGS        PARAM    0005       -183.999127          2.496283         18.002762          4.353449         80.501711
rank #0: 2018-10-08 11:32:04,885 LBFGS        PARAM    0006       -247.888316          2.560736         25.409820          4.452764         79.814158
rank #0: 2018-10-08 11:32:06,109 LBFGS        PARAM    0007       -269.630088          2.562935         28.917114          4.447167         79.704258
rank #0: 2018-10-08 11:32:07,360 LBFGS        PARAM    0008       -371.175730          2.560110         54.029663          4.275793         79.150345
rank #0: 2018-10-08 11:32:08,589 LBFGS        PARAM    0009       -432.367897          2.544657         82.243068          4.008957         78.710571
rank #0: 2018-10-08 11:32:09,819 LBFGS        PARAM    0010       -412.931016          2.509870        120.009975          3.843458         78.187369
rank #0: 2018-10-08 11:32:11,069 LBFGS        PARAM    0011       -302.639342          2.463694        159.555450          3.939165         77.782154
rank #0: 2018-10-08 11:32:12,288 LBFGS        PARAM    0012       -251.752733          2.457981        160.152959          4.026432         77.738690
rank #0: 2018-10-08 11:32:13,527 LBFGS        PARAM    0013       -249.945227          2.459291        159.819661          4.043045         77.737615
rank #0: 2018-10-08 11:32:14,743 LBFGS        PARAM    0014       -249.204484          2.459496        159.508214          4.055268         77.737321
rank #0: 2018-10-08 11:32:15,981 LBFGS        PARAM    0015       -249.490140          2.459444        159.678597          4.055410         77.737312
rank #0: 2018-10-08 11:32:17,199 LBFGS        PARAM    0016       -249.494990          2.459408        159.691244          4.055322         77.737312
rank #0: 2018-10-08 11:32:18,424 LBFGS        PARAM    0017       -249.495615          2.459409        159.691549          4.055316         77.737312
rank #0: 2018-10-08 11:32:19,813 LBFGS        PARAM    0018       -249.495604          2.459409        159.691548          4.055316         77.737312
rank #0: 2018-10-08 11:32:21,180 LBFGS        PARAM    0019       -249.495601          2.459409        159.691548          4.055316         77.737312
rank #0: 2018-10-08 11:32:22,423 LBFGS        PARAM    0020       -249.495596          2.459409        159.691552          4.055316         77.737312
rank #0: 2018-10-08 11:33:16,230 LBFGS        INFO     Linesearch failed in both LBFGS and gradient directions
rank #0: 2018-10-08 11:33:16,232 LBFGS        PARAM    0020       -249.495596          2.459409        159.691552          4.055316         77.737312
rank #0: 2018-10-08 11:33:16,233 rsdfit.lbfgs_fitter WARNING  ...LBFGS optimization finished. Time elapsed: 0:01:18.89
rank #0: 2018-10-08 11:33:16,234 rsdfit.lbfgs_fitter ERROR    nonlinear fit with method L-BFGS-B failed: Linesearch failed in both LBFGS and gradient directions
rank #0: 2018-10-08 11:33:16,235 rsdfit.fitting_driver INFO     rank 52 on nid00693     ...fitting complete
rank #0: 2018-10-08 11:33:16,239 rsdfit.fitting_driver INFO     rank 52 on nid00693     Saving the results to `/global/cscratch1/sd/nhand/eBOSS/fits/results/mocks/ezmock/v1.8e-fph/0.005-0.3/basemodel-N-fnl/0.8-2.2/QSO-S-0878-P0+P2-mock-cov-98e9a706c6/2018-10-08_nlopt_20i_chain0__1.npz`
rank #0: 2018-10-08 11:33:16,282 pyRSD.analysis.lbfgs_results INFO     
minimum chi2 = 77.7373118645

Free parameters [ mean ]
_______________
N              : -249.495595716
b1             : 2.4594086778
f_nl           : 159.691551706
sigma_fog      : 4.05531560712

Constrained parameters [ mean ]
_________________________
b1sigma8       : 0.89088023206
