rank #0: 2018-10-04 22:14:15,751 rsdfit.fitting_driver INFO     rank 48 on nid01063     Calling the 'nlopt' solve function
rank #0: 2018-10-04 22:14:15,752 rsdfit.lbfgs_fitter INFO     running LBFGS for 500 iterations and then stopping
rank #0: 2018-10-04 22:14:15,752 rsdfit.lbfgs_fitter INFO     running LBFGS minimizer with priors
rank #0: 2018-10-04 22:14:15,753 root         INFO     Iter           N          b1        f_nl   sigma_fog   F(X)     
rank #0: 2018-10-04 22:14:15,753 rsdfit.lbfgs_fitter INFO     computing gradient using numerical derivative of lnlike()
rank #0: 2018-10-04 22:14:16,916 LBFGS        INFO     options = {'factr': 100000.0, 'gtol': 1e-05, 'max_iter': 500, 'test_convergence': False}
rank #0: 2018-10-04 22:14:16,917 LBFGS        PARAM    0000          0.000000          2.000000          0.000000          4.000000        139.094765
rank #0: 2018-10-04 22:14:18,243 LBFGS        PARAM    0001         36.921526          2.104585          1.948895          3.974971        114.953373
rank #0: 2018-10-04 22:14:19,448 LBFGS        PARAM    0002        -36.451972          2.340915          8.354811          4.020697         94.492169
rank #0: 2018-10-04 22:14:20,633 LBFGS        PARAM    0003       -122.278370          2.343952          9.091512          4.100578         90.843907
rank #0: 2018-10-04 22:14:21,823 LBFGS        PARAM    0004       -337.497145          2.395717         12.157105          4.296615         87.499941
rank #0: 2018-10-04 22:14:23,032 LBFGS        PARAM    0005       -333.138678          2.393359         11.898120          4.292762         87.497445
rank #0: 2018-10-04 22:14:24,218 LBFGS        PARAM    0006       -333.131566          2.393542         11.783971          4.292800         87.497222
rank #0: 2018-10-04 22:14:25,419 LBFGS        PARAM    0007       -334.184670          2.395481         10.246232          4.294418         87.495620
rank #0: 2018-10-04 22:14:26,606 LBFGS        PARAM    0008       -334.892705          2.395723          9.894044          4.295151         87.495483
rank #0: 2018-10-04 22:14:27,810 LBFGS        PARAM    0009       -334.998391          2.395699          9.860164          4.295232         87.495479
rank #0: 2018-10-04 22:14:28,991 LBFGS        PARAM    0010       -335.000771          2.395693          9.863229          4.295225         87.495479
rank #0: 2018-10-04 22:14:30,173 LBFGS        PARAM    0011       -335.003180          2.395692          9.864149          4.295214         87.495479
rank #0: 2018-10-04 22:14:31,373 LBFGS        PARAM    0012       -335.016681          2.395689          9.865766          4.295152         87.495479
rank #0: 2018-10-04 22:14:32,558 LBFGS        PARAM    0013       -335.027887          2.395691          9.864500          4.295102         87.495479
rank #0: 2018-10-04 22:14:33,766 LBFGS        PARAM    0014       -335.029928          2.395693          9.863579          4.295094         87.495479
rank #0: 2018-10-04 22:14:34,951 LBFGS        PARAM    0015       -335.029777          2.395693          9.863469          4.295095         87.495479
rank #0: 2018-10-04 22:14:36,164 LBFGS        PARAM    0016       -335.029725          2.395693          9.863463          4.295095         87.495479
rank #0: 2018-10-04 22:14:37,357 LBFGS        PARAM    0017       -335.029710          2.395693          9.863463          4.295095         87.495479
rank #0: 2018-10-04 22:15:30,391 LBFGS        INFO     Linesearch failed in both LBFGS and gradient directions
rank #0: 2018-10-04 22:15:30,392 LBFGS        PARAM    0017       -335.029710          2.395693          9.863463          4.295095         87.495479
rank #0: 2018-10-04 22:15:30,393 rsdfit.lbfgs_fitter WARNING  ...LBFGS optimization finished. Time elapsed: 0:01:13.48
rank #0: 2018-10-04 22:15:30,393 rsdfit.lbfgs_fitter ERROR    nonlinear fit with method L-BFGS-B failed: Linesearch failed in both LBFGS and gradient directions
rank #0: 2018-10-04 22:15:30,394 rsdfit.fitting_driver INFO     rank 48 on nid01063     ...fitting complete
rank #0: 2018-10-04 22:15:30,402 rsdfit.fitting_driver INFO     rank 48 on nid01063     Saving the results to `/global/cscratch1/sd/nhand/eBOSS/fits/results/mocks/ezmock/v1.8e-fph/0.005-0.3/basemodel-N-fnl/0.8-2.2/QSO-N-0445-P0+P2-mock-cov-3d9387a9b2/2018-10-04_nlopt_17i_chain0__1.npz`
rank #0: 2018-10-04 22:15:30,449 pyRSD.analysis.lbfgs_results INFO     
minimum chi2 = 87.495478788

Free parameters [ mean ]
_______________
N              : -335.029709923
b1             : 2.39569318055
f_nl           : 9.86346324503
sigma_fog      : 4.29509487811

Constrained parameters [ mean ]
_________________________
b1sigma8       : 0.89811017704
