rank #0: 2017-11-27 21:37:40,752 rsdfit.fitting_driver INFO     rank 137 on nid00523     Calling the 'nlopt' solve function
rank #0: 2017-11-27 21:37:40,752 rsdfit.lbfgs_fitter INFO     running LBFGS for 500 iterations and then stopping
rank #0: 2017-11-27 21:37:40,752 rsdfit.lbfgs_fitter INFO     running LBFGS minimizer with priors
rank #0: 2017-11-27 21:37:40,752 root         INFO     Iter           N          b1           f    sigma8_z   sigma_fog   F(X)     
rank #0: 2017-11-27 21:37:41,367 LBFGS        INFO     options = {'factr': 100000.0, 'gtol': 1e-05, 'max_iter': 500, 'test_convergence': False}
rank #0: 2017-11-27 21:37:41,367 LBFGS        PARAM    0000          0.000000          2.000000          0.930883          0.398070          4.000000        113.389746
rank #0: 2017-11-27 21:37:42,055 LBFGS        PARAM    0001         -0.441093          2.002447          0.930943          0.399624          4.000617        111.189293
rank #0: 2017-11-27 21:37:42,684 LBFGS        PARAM    0002        -36.381971          2.062822          0.931202          0.433021          4.048833         90.858966
rank #0: 2017-11-27 21:37:43,312 LBFGS        PARAM    0003        -47.738348          2.053680          0.930236          0.426313          4.066428         88.987198
rank #0: 2017-11-27 21:37:43,941 LBFGS        PARAM    0004        -71.550647          2.056288          0.929007          0.425227          4.101226         87.919894
rank #0: 2017-11-27 21:37:44,572 LBFGS        PARAM    0005       -380.475961          2.105650          0.913168          0.419763          4.554499         79.535315
rank #0: 2017-11-27 21:37:45,202 LBFGS        PARAM    0006       -490.455377          2.137423          0.904583          0.421350          4.740101         77.835782
rank #0: 2017-11-27 21:37:45,832 LBFGS        PARAM    0007       -508.424636          2.151272          0.900920          0.422347          4.786692         77.594532
rank #0: 2017-11-27 21:37:46,462 LBFGS        PARAM    0008       -504.736756          2.155428          0.899668          0.422323          4.791002         77.549653
rank #0: 2017-11-27 21:37:47,092 LBFGS        PARAM    0009       -489.936844          2.168805          0.895227          0.421301          4.803136         77.422275
rank #0: 2017-11-27 21:37:47,719 LBFGS        PARAM    0010       -464.451620          2.193994          0.886386          0.418200          4.829580         77.211002
rank #0: 2017-11-27 21:37:48,351 LBFGS        PARAM    0011       -428.211719          2.237497          0.870747          0.411427          4.876915         76.904155
rank #0: 2017-11-27 21:37:48,986 LBFGS        PARAM    0012       -423.800264          2.285404          0.854939          0.403025          4.858710         76.623510
rank #0: 2017-11-27 21:37:49,617 LBFGS        PARAM    0013       -436.701852          2.323984          0.842980          0.395841          4.795885         76.480313
rank #0: 2017-11-27 21:37:50,248 LBFGS        PARAM    0014       -453.715188          2.335401          0.840177          0.393674          4.732874         76.390361
rank #0: 2017-11-27 21:37:50,879 LBFGS        PARAM    0015       -530.292525          2.380894          0.829856          0.386099          4.431660         76.066628
rank #0: 2017-11-27 21:37:51,510 LBFGS        PARAM    0016       -581.847770          2.420095          0.820046          0.381051          4.209296         75.818408
rank #0: 2017-11-27 21:37:52,141 LBFGS        PARAM    0017       -655.636947          2.522491          0.779443          0.369790          3.821883         75.310975
rank #0: 2017-11-27 21:37:52,771 LBFGS        PARAM    0018       -697.035968          2.599151          0.743478          0.362960          3.611305         75.052831
rank #0: 2017-11-27 21:37:53,404 LBFGS        PARAM    0019       -728.969185          2.681888          0.709027          0.353467          3.435025         75.002039
rank #0: 2017-11-27 21:37:54,034 LBFGS        PARAM    0020       -724.975633          2.676875          0.708054          0.355109          3.460219         74.985812
rank #0: 2017-11-27 21:37:54,666 LBFGS        PARAM    0021       -727.220250          2.679532          0.707612          0.354593          3.447945         74.984330
rank #0: 2017-11-27 21:37:55,296 LBFGS        PARAM    0022       -727.822213          2.680273          0.707307          0.354515          3.445192         74.984321
rank #0: 2017-11-27 21:37:55,925 LBFGS        PARAM    0023       -727.999899          2.680427          0.707243          0.354501          3.444474         74.984320
rank #0: 2017-11-27 21:37:56,558 LBFGS        PARAM    0024       -727.997930          2.680425          0.707244          0.354501          3.444470         74.984320
rank #0: 2017-11-27 21:37:57,189 LBFGS        PARAM    0025       -727.997595          2.680425          0.707244          0.354501          3.444470         74.984320
rank #0: 2017-11-27 21:37:57,821 LBFGS        PARAM    0026       -727.996953          2.680425          0.707244          0.354501          3.444471         74.984320
rank #0: 2017-11-27 21:38:10,721 LBFGS        PARAM    0027       -727.996954          2.680425          0.707244          0.354501          3.444471         74.984320
rank #0: 2017-11-27 21:38:11,353 LBFGS        PARAM    0028       -727.996980          2.680425          0.707244          0.354501          3.444471         74.984320
rank #0: 2017-11-27 21:38:11,986 LBFGS        PARAM    0029       -727.997011          2.680425          0.707244          0.354501          3.444471         74.984320
rank #0: 2017-11-27 21:38:12,617 LBFGS        PARAM    0030       -727.997203          2.680426          0.707244          0.354501          3.444471         74.984320
rank #0: 2017-11-27 21:38:13,308 LBFGS        PARAM    0031       -727.997319          2.680426          0.707244          0.354501          3.444471         74.984320
rank #0: 2017-11-27 21:38:14,117 LBFGS        PARAM    0032       -727.997369          2.680426          0.707244          0.354501          3.444471         74.984320
rank #0: 2017-11-27 21:38:27,056 LBFGS        PARAM    0033       -727.997370          2.680426          0.707244          0.354501          3.444471         74.984320
rank #0: 2017-11-27 21:38:27,746 LBFGS        PARAM    0034       -727.997370          2.680426          0.707244          0.354501          3.444471         74.984320
rank #0: 2017-11-27 21:38:50,816 LBFGS        INFO     Linesearch failed in both LBFGS and gradient directions
rank #0: 2017-11-27 21:38:50,816 LBFGS        PARAM    0034       -727.997370          2.680426          0.707244          0.354501          3.444471         74.984320
rank #0: 2017-11-27 21:38:50,816 rsdfit.lbfgs_fitter WARNING  ...LBFGS optimization finished. Time elapsed: 0:01:09.45
rank #0: 2017-11-27 21:38:50,817 rsdfit.lbfgs_fitter ERROR    nonlinear fit with method L-BFGS-B failed: Linesearch failed in both LBFGS and gradient directions
rank #0: 2017-11-27 21:38:50,817 rsdfit.fitting_driver INFO     rank 137 on nid00523     ...fitting complete
rank #0: 2017-11-27 21:38:50,820 rsdfit.fitting_driver INFO     rank 137 on nid00523     Saving the results to `/global/cscratch1/sd/nhand/eBOSS/fits/results/mocks/ezmock/v1.8e-fph/0.0001-0.3/basemodel-fs8-N/0.8-2.2/QSO-N-0037-P0+P2-mock-cov-5d97c0eb2d/2017-11-27_nlopt_34i_chain0__1.npz`
rank #0: 2017-11-27 21:38:50,853 pyRSD.analysis.lbfgs_results INFO     
minimum chi2 = 74.9843202352

Free parameters [ mean ]
_______________
N              : -727.99737001
b1             : 2.68042581533
f              : 0.707244215695
sigma8_z       : 0.354500721558
sigma_fog      : 3.44447138965

Constrained parameters [ mean ]
_________________________
b1sigma8       : 0.950212885615
fsigma8        : 0.250718584781
