rank #0: 2019-02-16 14:25:03,095 rsdfit.fitting_driver INFO     rank 32 on nid00652     Calling the 'nlopt' solve function
rank #0: 2019-02-16 14:25:03,095 rsdfit.lbfgs_fitter INFO     running LBFGS for 500 iterations and then stopping
rank #0: 2019-02-16 14:25:03,096 rsdfit.lbfgs_fitter INFO     running LBFGS minimizer with priors
rank #0: 2019-02-16 14:25:03,096 root         INFO     Iter           N          b1        f_nl   sigma_fog   F(X)     
rank #0: 2019-02-16 14:25:03,096 rsdfit.lbfgs_fitter INFO     computing gradient using numerical derivative of lnlike()
rank #0: 2019-02-16 14:25:04,239 LBFGS        INFO     options = {'factr': 100000.0, 'gtol': 1e-05, 'max_iter': 500, 'test_convergence': False}
rank #0: 2019-02-16 14:25:04,239 LBFGS        PARAM    0000          0.000000          2.000000          0.000000          4.000000         92.150073
rank #0: 2019-02-16 14:25:05,535 LBFGS        PARAM    0001         46.866340          2.143604          1.315433          3.942308         77.584429
rank #0: 2019-02-16 14:25:06,708 LBFGS        PARAM    0002        -76.906499          2.468945          7.754475          3.880471         65.491194
rank #0: 2019-02-16 14:25:07,870 LBFGS        PARAM    0003       -207.681753          2.461273          8.693983          3.917739         62.670803
rank #0: 2019-02-16 14:25:09,025 LBFGS        PARAM    0004       -501.966662          2.520549         12.956313          3.924389         60.464573
rank #0: 2019-02-16 14:25:10,177 LBFGS        PARAM    0005       -542.242646          2.520963         15.039619          3.774728         60.101964
rank #0: 2019-02-16 14:25:11,334 LBFGS        PARAM    0006       -703.539521          2.518063         31.173100          2.917266         59.166951
rank #0: 2019-02-16 14:25:12,487 LBFGS        PARAM    0007       -682.468609          2.504322         36.058984          2.951631         59.127243
rank #0: 2019-02-16 14:25:13,632 LBFGS        PARAM    0008       -661.907855          2.495777         43.346116          2.987181         59.094461
rank #0: 2019-02-16 14:25:14,785 LBFGS        PARAM    0009       -648.050639          2.489416         57.414853          3.010956         59.059889
rank #0: 2019-02-16 14:25:15,913 LBFGS        PARAM    0010       -652.748799          2.489781         59.346592          2.994396         59.058297
rank #0: 2019-02-16 14:25:17,049 LBFGS        PARAM    0011       -654.217006          2.490306         59.179268          2.991040         59.058250
rank #0: 2019-02-16 14:25:18,181 LBFGS        PARAM    0012       -654.331731          2.490360         59.139542          2.990900         59.058249
rank #0: 2019-02-16 14:25:19,317 LBFGS        PARAM    0013       -654.333737          2.490361         59.138529          2.990909         59.058249
rank #0: 2019-02-16 14:25:20,451 LBFGS        PARAM    0014       -654.333820          2.490361         59.138541          2.990910         59.058249
rank #0: 2019-02-16 14:25:21,587 LBFGS        PARAM    0015       -654.333830          2.490361         59.138546          2.990910         59.058249
rank #0: 2019-02-16 14:25:22,851 LBFGS        PARAM    0016       -654.333840          2.490361         59.138548          2.990910         59.058249
rank #0: 2019-02-16 14:26:14,432 LBFGS        INFO     Linesearch failed in both LBFGS and gradient directions
rank #0: 2019-02-16 14:26:14,433 LBFGS        PARAM    0016       -654.333840          2.490361         59.138548          2.990910         59.058249
rank #0: 2019-02-16 14:26:14,433 rsdfit.lbfgs_fitter WARNING  ...LBFGS optimization finished. Time elapsed: 0:01:10.19
rank #0: 2019-02-16 14:26:14,434 rsdfit.lbfgs_fitter ERROR    nonlinear fit with method L-BFGS-B failed: Linesearch failed in both LBFGS and gradient directions
rank #0: 2019-02-16 14:26:14,435 rsdfit.fitting_driver INFO     rank 32 on nid00652     ...fitting complete
rank #0: 2019-02-16 14:26:14,437 rsdfit.fitting_driver INFO     rank 32 on nid00652     Saving the results to `/global/cscratch1/sd/nhand/eBOSS/fits/results/mocks/ezmock/v1.8e-fph/0.005-0.3/basemodel-N-fnl/0.8-2.2/QSO-S-0084-P0+P2-mock-cov-be61e5bd15/2019-02-16_nlopt_16i_chain0__1.npz`
rank #0: 2019-02-16 14:26:14,445 pyRSD.analysis.lbfgs_results INFO     
minimum chi2 = 59.058249258361556

Free parameters [ mean ]
_______________
N              : -654.3338396247731
b1             : 2.490360616882463
f_nl           : 59.138547611338446
sigma_fog      : 2.990909768429418

Constrained parameters [ mean ]
_________________________
b1sigma8       : 0.9020920615201021
