rank #0: 2018-12-30 16:16:23,969 rsdfit.fitting_driver INFO     rank 33 on nid00554     Calling the 'nlopt' solve function
rank #0: 2018-12-30 16:16:23,970 rsdfit.lbfgs_fitter INFO     running LBFGS for 500 iterations and then stopping
rank #0: 2018-12-30 16:16:23,971 rsdfit.lbfgs_fitter INFO     running LBFGS minimizer with priors
rank #0: 2018-12-30 16:16:23,971 root         INFO     Iter           N          b1        f_nl   sigma_fog   F(X)     
rank #0: 2018-12-30 16:16:23,972 rsdfit.lbfgs_fitter INFO     computing gradient using numerical derivative of lnlike()
rank #0: 2018-12-30 16:16:24,582 LBFGS        INFO     options = {'factr': 100000.0, 'gtol': 1e-05, 'max_iter': 500, 'test_convergence': False}
rank #0: 2018-12-30 16:16:25,922 LBFGS        PARAM    0000          0.000000          2.000000          0.000000          4.000000         87.727798
rank #0: 2018-12-30 16:16:26,600 LBFGS        PARAM    0001          0.356866          2.052579          0.417946          3.997056         80.286783
rank #0: 2018-12-30 16:16:27,229 LBFGS        PARAM    0002        -89.403958          2.175227          1.931737          4.046109         71.857483
rank #0: 2018-12-30 16:16:27,873 LBFGS        PARAM    0003       -174.880479          2.199223          2.467556          4.100019         69.737534
rank #0: 2018-12-30 16:16:28,518 LBFGS        PARAM    0004       -296.139086          2.214064          3.028849          4.156880         68.515640
rank #0: 2018-12-30 16:16:29,143 LBFGS        PARAM    0005       -297.739526          2.215166          3.121808          4.146688         68.507370
rank #0: 2018-12-30 16:16:29,789 LBFGS        PARAM    0006       -306.288730          2.217029          3.547707          4.096783         68.484422
rank #0: 2018-12-30 16:16:30,438 LBFGS        PARAM    0007       -313.962386          2.216383          3.930268          4.055377         68.472860
rank #0: 2018-12-30 16:16:31,076 LBFGS        PARAM    0008       -317.621970          2.214563          4.610456          4.036611         68.468494
rank #0: 2018-12-30 16:16:31,717 LBFGS        PARAM    0009       -318.158885          2.214038          4.873401          4.034582         68.468085
rank #0: 2018-12-30 16:16:32,369 LBFGS        PARAM    0010       -318.269131          2.213659          5.185286          4.034091         68.467724
rank #0: 2018-12-30 16:16:33,017 LBFGS        PARAM    0011       -318.162714          2.212857          6.181389          4.033670         68.466725
rank #0: 2018-12-30 16:16:33,642 LBFGS        PARAM    0012       -317.551963          2.212023          7.821401          4.033793         68.465300
rank #0: 2018-12-30 16:16:34,289 LBFGS        PARAM    0013       -316.539298          2.211728          9.580046          4.034244         68.463931
rank #0: 2018-12-30 16:16:34,937 LBFGS        PARAM    0014       -315.771439          2.212009          9.977481          4.035559         68.463590
rank #0: 2018-12-30 16:16:35,567 LBFGS        PARAM    0015       -315.648548          2.212199          9.839404          4.035988         68.463564
rank #0: 2018-12-30 16:16:36,209 LBFGS        PARAM    0016       -315.662309          2.212228          9.792882          4.035998         68.463563
rank #0: 2018-12-30 16:16:36,859 LBFGS        PARAM    0017       -315.665778          2.212229          9.789765          4.035991         68.463563
rank #0: 2018-12-30 16:16:37,508 LBFGS        PARAM    0018       -315.665958          2.212229          9.789722          4.035990         68.463563
rank #0: 2018-12-30 16:16:38,285 LBFGS        PARAM    0019       -315.665958          2.212229          9.789722          4.035990         68.463563
rank #0: 2018-12-30 16:17:06,339 LBFGS        INFO     Linesearch failed in both LBFGS and gradient directions
rank #0: 2018-12-30 16:17:06,340 LBFGS        PARAM    0019       -315.665958          2.212229          9.789722          4.035990         68.463563
rank #0: 2018-12-30 16:17:06,341 rsdfit.lbfgs_fitter WARNING  ...LBFGS optimization finished. Time elapsed: 0:00:41.76
rank #0: 2018-12-30 16:17:06,342 rsdfit.lbfgs_fitter ERROR    nonlinear fit with method L-BFGS-B failed: Linesearch failed in both LBFGS and gradient directions
rank #0: 2018-12-30 16:17:06,343 rsdfit.fitting_driver INFO     rank 33 on nid00554     ...fitting complete
rank #0: 2018-12-30 16:17:06,352 rsdfit.fitting_driver INFO     rank 33 on nid00554     Saving the results to `/global/cscratch1/sd/nhand/eBOSS/fits/results/mocks/ezmock/v1.8e-fph/0.0001-0.3/basemodel-N-fnl/0.8-2.2/QSO-N-0716-P0+P2-mock-cov-36c6ea70fd/2018-12-30_nlopt_19i_chain0__1.npz`
rank #0: 2018-12-30 16:17:06,721 pyRSD.analysis.lbfgs_results INFO     
minimum chi2 = 68.4635633712

Free parameters [ mean ]
_______________
N              : -315.665957775
b1             : 2.21222938077
f_nl           : 9.78972177874
sigma_fog      : 4.03599016236

Constrained parameters [ mean ]
_________________________
b1sigma8       : 0.881160186884
