rank #0: 2018-07-16 20:34:08,176 rsdfit.fitting_driver INFO     rank 1 on nid00907     Calling the 'nlopt' solve function
rank #0: 2018-07-16 20:34:08,177 rsdfit.lbfgs_fitter INFO     running LBFGS for 500 iterations and then stopping
rank #0: 2018-07-16 20:34:08,177 rsdfit.lbfgs_fitter INFO     running LBFGS minimizer with priors
rank #0: 2018-07-16 20:34:08,177 root         INFO     Iter           N          b1        f_nl   sigma_fog   F(X)     
rank #0: 2018-07-16 20:34:08,778 LBFGS        INFO     options = {'factr': 100000.0, 'gtol': 1e-05, 'max_iter': 500, 'test_convergence': False}
rank #0: 2018-07-16 20:34:08,779 LBFGS        PARAM    0000          0.000000          2.000000          0.000000          4.000000        133.330704
rank #0: 2018-07-16 20:34:09,467 LBFGS        PARAM    0001         33.631226          2.108284          1.913867          4.005976        111.316906
rank #0: 2018-07-16 20:34:10,072 LBFGS        PARAM    0002        -48.414029          2.351207          7.755479          4.186645         90.943374
rank #0: 2018-07-16 20:34:10,693 LBFGS        PARAM    0003       -155.799190          2.374295          8.333675          4.339469         85.895687
rank #0: 2018-07-16 20:34:11,312 LBFGS        PARAM    0004       -358.602544          2.427731          7.955581          4.733499         81.544038
rank #0: 2018-07-16 20:34:11,915 LBFGS        PARAM    0005       -343.653078          2.426367          5.881157          4.820913         81.204457
rank #0: 2018-07-16 20:34:12,527 LBFGS        PARAM    0006       -211.154803          2.441106        -11.145982          5.520377         79.783103
rank #0: 2018-07-16 20:34:13,142 LBFGS        PARAM    0007       -212.126465          2.453438        -23.214586          5.562649         79.632496
rank #0: 2018-07-16 20:34:13,756 LBFGS        PARAM    0008       -222.518993          2.466730        -33.370636          5.551665         79.582503
rank #0: 2018-07-16 20:34:14,359 LBFGS        PARAM    0009       -223.271568          2.467288        -34.280948          5.546849         79.582060
rank #0: 2018-07-16 20:34:14,972 LBFGS        PARAM    0010       -223.427591          2.467330        -34.321987          5.546619         79.582059
rank #0: 2018-07-16 20:34:15,588 LBFGS        PARAM    0011       -223.426503          2.467328        -34.321904          5.546619         79.582059
rank #0: 2018-07-16 20:34:16,185 LBFGS        PARAM    0012       -223.426359          2.467328        -34.321878          5.546620         79.582059
rank #0: 2018-07-16 20:34:16,798 LBFGS        PARAM    0013       -223.426332          2.467328        -34.321882          5.546621         79.582059
rank #0: 2018-07-16 20:34:17,483 LBFGS        PARAM    0014       -223.426331          2.467328        -34.321882          5.546621         79.582059
rank #0: 2018-07-16 20:34:43,998 LBFGS        INFO     Linesearch failed in both LBFGS and gradient directions
rank #0: 2018-07-16 20:34:43,999 LBFGS        PARAM    0014       -223.426331          2.467328        -34.321882          5.546621         79.582059
rank #0: 2018-07-16 20:34:43,999 rsdfit.lbfgs_fitter WARNING  ...LBFGS optimization finished. Time elapsed: 0:00:35.22
rank #0: 2018-07-16 20:34:44,000 rsdfit.lbfgs_fitter ERROR    nonlinear fit with method L-BFGS-B failed: Linesearch failed in both LBFGS and gradient directions
rank #0: 2018-07-16 20:34:44,001 rsdfit.fitting_driver INFO     rank 1 on nid00907     ...fitting complete
rank #0: 2018-07-16 20:34:44,005 rsdfit.fitting_driver INFO     rank 1 on nid00907     Saving the results to `/global/cscratch1/sd/nhand/eBOSS/fits/results/mocks/ezmock/v1.8e-fph/0.005-0.3/basemodel-N-fnl/0.8-2.2/QSO-N-0326-P0+P2-mock-cov-1ab4f6001f/2018-07-16_nlopt_14i_chain0__1.npz`
rank #0: 2018-07-16 20:34:44,040 pyRSD.analysis.lbfgs_results INFO     
minimum chi2 = 79.582059036

Free parameters [ mean ]
_______________
N              : -223.426330591
b1             : 2.46732819615
f_nl           : -34.3218820942
sigma_fog      : 5.54662056504

Constrained parameters [ mean ]
_________________________
b1sigma8       : 0.924965091959
