rank #0: 2017-11-27 22:39:19,574 rsdfit.fitting_driver INFO     rank 190 on nid00499     Calling the 'nlopt' solve function
rank #0: 2017-11-27 22:39:19,574 rsdfit.lbfgs_fitter INFO     running LBFGS for 500 iterations and then stopping
rank #0: 2017-11-27 22:39:19,575 rsdfit.lbfgs_fitter INFO     running LBFGS minimizer with priors
rank #0: 2017-11-27 22:39:19,575 root         INFO     Iter           N          b1        f_nl   sigma_fog   F(X)     
rank #0: 2017-11-27 22:39:19,956 LBFGS        INFO     options = {'factr': 100000.0, 'gtol': 1e-05, 'max_iter': 500, 'test_convergence': False}
rank #0: 2017-11-27 22:39:19,956 LBFGS        PARAM    0000          0.000000          2.000000          0.000000          4.000000         48.898288
rank #0: 2017-11-27 22:39:20,378 LBFGS        PARAM    0001         23.770532          2.146426          2.457799          3.996471         40.963752
rank #0: 2017-11-27 22:39:20,757 LBFGS        PARAM    0002        -13.952240          2.489382         17.417253          4.008522         35.993449
rank #0: 2017-11-27 22:39:21,137 LBFGS        PARAM    0003         -9.199718          2.377333         14.371190          4.020932         35.014111
rank #0: 2017-11-27 22:39:21,518 LBFGS        PARAM    0004        -13.314876          2.391260         17.063293          4.033287         34.940172
rank #0: 2017-11-27 22:39:21,898 LBFGS        PARAM    0005        -23.932518          2.401535         23.971637          4.071878         34.835743
rank #0: 2017-11-27 22:39:22,277 LBFGS        PARAM    0006        -53.586394          2.406060         43.040707          4.187191         34.632179
rank #0: 2017-11-27 22:39:22,655 LBFGS        PARAM    0007        -83.507073          2.388811         61.132632          4.317689         34.458421
rank #0: 2017-11-27 22:39:23,035 LBFGS        PARAM    0008       -119.272885          2.359301         67.943268          4.553316         34.287136
rank #0: 2017-11-27 22:39:23,414 LBFGS        PARAM    0009       -139.415433          2.347708         68.422047          4.697434         34.251897
rank #0: 2017-11-27 22:39:23,793 LBFGS        PARAM    0010       -159.272608          2.343708         68.867130          4.834161         34.226580
rank #0: 2017-11-27 22:39:24,172 LBFGS        PARAM    0011       -280.753331          2.333828         69.604987          5.669817         34.084727
rank #0: 2017-11-27 22:39:24,551 LBFGS        PARAM    0012       -555.070530          2.331316         68.855438          7.555066         33.803571
rank #0: 2017-11-27 22:39:24,932 LBFGS        PARAM    0013      -1003.696951          2.354466         63.491226         10.637496         33.374179
rank #0: 2017-11-27 22:39:25,311 LBFGS        PARAM    0014      -1342.928085          2.409447         54.141013         12.955773         32.616760
rank #0: 2017-11-27 22:39:25,692 LBFGS        PARAM    0015      -2222.405481          2.630122         31.141046         17.903850         30.640957
rank #0: 2017-11-27 22:39:26,072 LBFGS        PARAM    0016      -2112.134475          2.663478         28.771212         16.845865         30.458836
rank #0: 2017-11-27 22:39:26,453 LBFGS        PARAM    0017      -2201.600373          2.669423         27.500840         17.461268         30.431949
rank #0: 2017-11-27 22:39:26,834 LBFGS        PARAM    0018      -2204.267665          2.670105         27.251114         17.463329         30.431810
rank #0: 2017-11-27 22:39:27,215 LBFGS        PARAM    0019      -2222.207887          2.672601         26.656156         17.470565         30.431068
rank #0: 2017-11-27 22:39:27,598 LBFGS        PARAM    0020      -2282.596360          2.678376         25.388191         17.467909         30.428891
rank #0: 2017-11-27 22:39:27,978 LBFGS        PARAM    0021      -2426.004844          2.688819         23.542922         17.436350         30.424168
rank #0: 2017-11-27 22:39:28,358 LBFGS        PARAM    0022      -2774.385902          2.709409         20.650321         17.319704         30.413578
rank #0: 2017-11-27 22:39:28,739 LBFGS        PARAM    0023      -3380.593198          2.739232         17.711961         17.072709         30.396754
rank #0: 2017-11-27 22:39:29,120 LBFGS        PARAM    0024      -4065.782452          2.766074         16.972431         16.753859         30.378731
rank #0: 2017-11-27 22:39:29,502 LBFGS        PARAM    0025      -4418.095761          2.773295         19.175199         16.550623         30.369101
rank #0: 2017-11-27 22:39:29,884 LBFGS        PARAM    0026      -4384.539243          2.767284         20.864533         16.526794         30.367806
rank #0: 2017-11-27 22:39:30,264 LBFGS        PARAM    0027      -4339.231603          2.764937         21.065756         16.539328         30.367764
rank #0: 2017-11-27 22:39:30,647 LBFGS        PARAM    0028      -4329.888826          2.764554         21.097511         16.542925         30.367762
rank #0: 2017-11-27 22:39:31,028 LBFGS        PARAM    0029      -4329.448839          2.764530         21.094223         16.542926         30.367762
rank #0: 2017-11-27 22:39:31,409 LBFGS        PARAM    0030      -4329.663222          2.764540         21.094410         16.542883         30.367762
rank #0: 2017-11-27 22:39:31,834 LBFGS        PARAM    0031      -4329.620922          2.764538         21.094619         16.542901         30.367762
rank #0: 2017-11-27 22:39:32,258 LBFGS        PARAM    0032      -4329.635229          2.764539         21.094577         16.542896         30.367762
rank #0: 2017-11-27 22:39:32,725 LBFGS        PARAM    0033      -4329.641420          2.764539         21.094560         16.542893         30.367762
rank #0: 2017-11-27 22:39:33,106 LBFGS        PARAM    0034      -4329.644679          2.764539         21.094553         16.542891         30.367762
rank #0: 2017-11-27 22:39:33,486 LBFGS        PARAM    0035      -4329.642281          2.764539         21.094558         16.542892         30.367762
rank #0: 2017-11-27 22:39:33,910 LBFGS        PARAM    0036      -4329.642244          2.764539         21.094558         16.542892         30.367762
rank #0: 2017-11-27 22:39:33,911 LBFGS        INFO     LBFGS iteration 36: the descent direction does not have a sufficient projection (cos(theta)=-4.99e-01, theta=119.9470) into the gradient; using steepest descent at this step!
rank #0: 2017-11-27 22:39:34,549 LBFGS        PARAM    0037      -4329.641857          2.764539         21.094556         16.542892         30.367762
rank #0: 2017-11-27 22:39:51,523 LBFGS        INFO     Linesearch failed in both LBFGS and gradient directions
rank #0: 2017-11-27 22:39:51,523 LBFGS        PARAM    0037      -4329.641857          2.764539         21.094556         16.542892         30.367762
rank #0: 2017-11-27 22:39:51,524 rsdfit.lbfgs_fitter WARNING  ...LBFGS optimization finished. Time elapsed: 0:00:31.57
rank #0: 2017-11-27 22:39:51,524 rsdfit.lbfgs_fitter ERROR    nonlinear fit with method L-BFGS-B failed: Linesearch failed in both LBFGS and gradient directions
rank #0: 2017-11-27 22:39:51,524 rsdfit.fitting_driver INFO     rank 190 on nid00499     ...fitting complete
rank #0: 2017-11-27 22:39:51,527 rsdfit.fitting_driver INFO     rank 190 on nid00499     Saving the results to `/global/cscratch1/sd/nhand/eBOSS/fits/results/mocks/ezmock/v1.8e-fph/0.0001-0.05/basemodel-N-fnl/0.8-2.2/QSO-S-0934-P0+P2-mock-cov-a9f629560d/2017-11-27_nlopt_37i_chain0__1.npz`
rank #0: 2017-11-27 22:39:51,543 pyRSD.analysis.lbfgs_results INFO     
minimum chi2 = 30.3677622425

Free parameters [ mean ]
_______________
N              : -4329.64185695
b1             : 2.76453936872
f_nl           : 21.0945558544
sigma_fog      : 16.5428921327

Constrained parameters [ mean ]
_________________________
b1sigma8       : 1.10024404198
