rank #0: 2018-07-15 20:05:33,370 rsdfit.fitting_driver INFO     rank 46 on nid00605     Calling the 'nlopt' solve function
rank #0: 2018-07-15 20:05:33,371 rsdfit.lbfgs_fitter INFO     running LBFGS for 500 iterations and then stopping
rank #0: 2018-07-15 20:05:33,372 rsdfit.lbfgs_fitter INFO     running LBFGS minimizer with priors
rank #0: 2018-07-15 20:05:33,372 root         INFO     Iter           N          b1        f_nl   sigma_fog   F(X)     
rank #0: 2018-07-15 20:05:33,951 LBFGS        INFO     options = {'factr': 100000.0, 'gtol': 1e-05, 'max_iter': 500, 'test_convergence': False}
rank #0: 2018-07-15 20:05:33,953 LBFGS        PARAM    0000          0.000000          2.000000          0.000000          4.000000         74.206400
rank #0: 2018-07-15 20:05:34,602 LBFGS        PARAM    0001        -17.000115          2.050926          0.366887          4.008185         68.317519
rank #0: 2018-07-15 20:05:35,194 LBFGS        PARAM    0002       -171.252288          2.176245          1.572354          4.098978         59.687842
rank #0: 2018-07-15 20:05:35,788 LBFGS        PARAM    0003       -295.930689          2.202706          1.691242          4.176303         57.315077
rank #0: 2018-07-15 20:05:36,367 LBFGS        PARAM    0004       -351.772439          2.203206          1.046454          4.195217         56.971227
rank #0: 2018-07-15 20:05:36,963 LBFGS        PARAM    0005       -354.569361          2.204190          0.802323          4.189279         56.963860
rank #0: 2018-07-15 20:05:37,557 LBFGS        PARAM    0006       -379.398191          2.209766         -2.722730          4.102387         56.902040
rank #0: 2018-07-15 20:05:38,150 LBFGS        PARAM    0007       -389.200148          2.209712         -5.982688          4.042468         56.873696
rank #0: 2018-07-15 20:05:38,728 LBFGS        PARAM    0008       -391.830399          2.209686        -10.765575          4.017842         56.846828
rank #0: 2018-07-15 20:05:39,319 LBFGS        PARAM    0009       -391.273344          2.211036        -21.330544          4.011450         56.806167
rank #0: 2018-07-15 20:05:39,910 LBFGS        PARAM    0010       -388.714771          2.214486        -30.561683          4.040477         56.780107
rank #0: 2018-07-15 20:05:40,487 LBFGS        PARAM    0011       -390.766140          2.220990        -36.071246          4.082637         56.769911
rank #0: 2018-07-15 20:05:41,075 LBFGS        PARAM    0012       -386.451061          2.219259        -35.322572          4.091134         56.768293
rank #0: 2018-07-15 20:05:41,665 LBFGS        PARAM    0013       -385.488238          2.219057        -35.184721          4.094479         56.768242
rank #0: 2018-07-15 20:05:42,255 LBFGS        PARAM    0014       -385.464131          2.219058        -35.158422          4.094664         56.768242
rank #0: 2018-07-15 20:05:42,830 LBFGS        PARAM    0015       -385.465692          2.219059        -35.152876          4.094671         56.768242
rank #0: 2018-07-15 20:05:43,419 LBFGS        PARAM    0016       -385.465958          2.219059        -35.152738          4.094670         56.768242
rank #0: 2018-07-15 20:05:44,141 LBFGS        PARAM    0017       -385.465958          2.219059        -35.152738          4.094670         56.768242
rank #0: 2018-07-15 20:05:58,138 LBFGS        PARAM    0018       -385.465959          2.219059        -35.152738          4.094670         56.768242
rank #0: 2018-07-15 20:06:21,719 LBFGS        INFO     Linesearch failed in both LBFGS and gradient directions
rank #0: 2018-07-15 20:06:21,720 LBFGS        PARAM    0018       -385.465959          2.219059        -35.152738          4.094670         56.768242
rank #0: 2018-07-15 20:06:21,721 rsdfit.lbfgs_fitter WARNING  ...LBFGS optimization finished. Time elapsed: 0:00:47.77
rank #0: 2018-07-15 20:06:21,723 rsdfit.lbfgs_fitter ERROR    nonlinear fit with method L-BFGS-B failed: Linesearch failed in both LBFGS and gradient directions
rank #0: 2018-07-15 20:06:21,724 rsdfit.fitting_driver INFO     rank 46 on nid00605     ...fitting complete
rank #0: 2018-07-15 20:06:21,728 rsdfit.fitting_driver INFO     rank 46 on nid00605     Saving the results to `/global/cscratch1/sd/nhand/eBOSS/fits/results/mocks/ezmock/v1.8e-fph/0.0001-0.3/basemodel-N-fnl/0.8-2.2/QSO-N-0991-P0+P2-mock-cov-a8bcb55756/2018-07-15_nlopt_18i_chain0__1.npz`
rank #0: 2018-07-15 20:06:21,752 pyRSD.analysis.lbfgs_results INFO     
minimum chi2 = 56.7682419169

Free parameters [ mean ]
_______________
N              : -385.465958775
b1             : 2.21905857918
f_nl           : -35.1527375575
sigma_fog      : 4.09466954369

Constrained parameters [ mean ]
_________________________
b1sigma8       : 0.883880346827
