rank #0: 2018-10-08 10:35:52,945 rsdfit.fitting_driver INFO     rank 19 on nid00695     Calling the 'nlopt' solve function
rank #0: 2018-10-08 10:35:52,946 rsdfit.lbfgs_fitter INFO     running LBFGS for 500 iterations and then stopping
rank #0: 2018-10-08 10:35:52,946 rsdfit.lbfgs_fitter INFO     running LBFGS minimizer with priors
rank #0: 2018-10-08 10:35:52,947 root         INFO     Iter           N          b1        f_nl   sigma_fog   F(X)     
rank #0: 2018-10-08 10:35:52,947 rsdfit.lbfgs_fitter INFO     computing gradient using numerical derivative of lnlike()
rank #0: 2018-10-08 10:35:54,109 LBFGS        INFO     options = {'factr': 100000.0, 'gtol': 1e-05, 'max_iter': 500, 'test_convergence': False}
rank #0: 2018-10-08 10:35:54,110 LBFGS        PARAM    0000          0.000000          2.000000          0.000000          4.000000        107.340264
rank #0: 2018-10-08 10:35:55,480 LBFGS        PARAM    0001         29.059642          2.103228          2.020832          3.961637         95.594590
rank #0: 2018-10-08 10:35:56,690 LBFGS        PARAM    0002        -70.507543          2.356111          9.365219          3.930520         84.239991
rank #0: 2018-10-08 10:35:57,919 LBFGS        PARAM    0003       -182.444833          2.364204         10.289773          3.966315         81.824673
rank #0: 2018-10-08 10:35:59,131 LBFGS        PARAM    0004       -447.543215          2.419725         13.369773          3.985631         79.710312
rank #0: 2018-10-08 10:36:00,343 LBFGS        PARAM    0005       -467.682778          2.414244         12.709410          3.879495         79.498383
rank #0: 2018-10-08 10:36:01,585 LBFGS        PARAM    0006       -558.048463          2.414916         10.594295          3.415453         79.086945
rank #0: 2018-10-08 10:36:02,804 LBFGS        PARAM    0007       -557.627330          2.418535          9.500824          3.416828         79.083642
rank #0: 2018-10-08 10:36:04,039 LBFGS        PARAM    0008       -557.597802          2.419203          9.036668          3.417851         79.083199
rank #0: 2018-10-08 10:36:05,252 LBFGS        PARAM    0009       -558.627116          2.420755          7.523458          3.420320         79.082239
rank #0: 2018-10-08 10:36:06,486 LBFGS        PARAM    0010       -559.764421          2.420735          7.028703          3.420475         79.082039
rank #0: 2018-10-08 10:36:07,698 LBFGS        PARAM    0011       -559.902768          2.420821          7.020268          3.420502         79.082038
rank #0: 2018-10-08 10:36:08,925 LBFGS        PARAM    0012       -559.907240          2.420826          7.018612          3.420510         79.082038
rank #0: 2018-10-08 10:36:10,152 LBFGS        PARAM    0013       -559.907185          2.420826          7.018486          3.420510         79.082038
rank #0: 2018-10-08 10:37:04,972 LBFGS        INFO     Linesearch failed in both LBFGS and gradient directions
rank #0: 2018-10-08 10:37:04,973 LBFGS        PARAM    0013       -559.907185          2.420826          7.018486          3.420510         79.082038
rank #0: 2018-10-08 10:37:04,974 rsdfit.lbfgs_fitter WARNING  ...LBFGS optimization finished. Time elapsed: 0:01:10.87
rank #0: 2018-10-08 10:37:04,974 rsdfit.lbfgs_fitter ERROR    nonlinear fit with method L-BFGS-B failed: Linesearch failed in both LBFGS and gradient directions
rank #0: 2018-10-08 10:37:04,975 rsdfit.fitting_driver INFO     rank 19 on nid00695     ...fitting complete
rank #0: 2018-10-08 10:37:04,978 rsdfit.fitting_driver INFO     rank 19 on nid00695     Saving the results to `/global/cscratch1/sd/nhand/eBOSS/fits/results/mocks/ezmock/v1.8e-fph/0.005-0.3/basemodel-N-fnl/0.8-2.2/QSO-S-0242-P0+P2-mock-cov-96ccb1008d/2018-10-08_nlopt_13i_chain0__1.npz`
rank #0: 2018-10-08 10:37:05,023 pyRSD.analysis.lbfgs_results INFO     
minimum chi2 = 79.0820381421

Free parameters [ mean ]
_______________
N              : -559.90718523
b1             : 2.42082566118
f_nl           : 7.01848615257
sigma_fog      : 3.42051047757

Constrained parameters [ mean ]
_________________________
b1sigma8       : 0.907531974794
