rank #0: 2018-12-30 16:34:23,575 rsdfit.fitting_driver INFO     rank 32 on nid00554     Calling the 'nlopt' solve function
rank #0: 2018-12-30 16:34:23,576 rsdfit.lbfgs_fitter INFO     running LBFGS for 500 iterations and then stopping
rank #0: 2018-12-30 16:34:23,576 rsdfit.lbfgs_fitter INFO     running LBFGS minimizer with priors
rank #0: 2018-12-30 16:34:23,577 root         INFO     Iter           N          b1        f_nl   sigma_fog   F(X)     
rank #0: 2018-12-30 16:34:23,577 rsdfit.lbfgs_fitter INFO     computing gradient using numerical derivative of lnlike()
rank #0: 2018-12-30 16:34:24,778 LBFGS        INFO     options = {'factr': 100000.0, 'gtol': 1e-05, 'max_iter': 500, 'test_convergence': False}
rank #0: 2018-12-30 16:34:24,778 LBFGS        PARAM    0000          0.000000          2.000000          0.000000          4.000000        120.540005
rank #0: 2018-12-30 16:34:26,212 LBFGS        PARAM    0001         39.597440          2.107608          1.722101          3.969350         95.772007
rank #0: 2018-12-30 16:34:27,493 LBFGS        PARAM    0002        -33.314431          2.347539          6.644400          3.996976         75.480929
rank #0: 2018-12-30 16:34:28,741 LBFGS        PARAM    0003       -118.040758          2.349236          6.346609          4.072108         71.995355
rank #0: 2018-12-30 16:34:30,000 LBFGS        PARAM    0004       -330.556046          2.402092          5.781957          4.253483         68.762483
rank #0: 2018-12-30 16:34:31,242 LBFGS        PARAM    0005       -333.583061          2.405429          3.071489          4.256560         68.663755
rank #0: 2018-12-30 16:34:32,500 LBFGS        PARAM    0006       -344.964612          2.419966         -9.963083          4.266073         68.418886
rank #0: 2018-12-30 16:34:33,739 LBFGS        PARAM    0007       -346.695065          2.422765        -12.883113          4.267921         68.408817
rank #0: 2018-12-30 16:34:34,987 LBFGS        PARAM    0008       -346.969460          2.423492        -13.402788          4.268592         68.408574
rank #0: 2018-12-30 16:34:36,250 LBFGS        PARAM    0009       -346.936066          2.423367        -13.420060          4.268566         68.408568
rank #0: 2018-12-30 16:34:37,501 LBFGS        PARAM    0010       -346.939194          2.423385        -13.414265          4.268565         68.408568
rank #0: 2018-12-30 16:34:38,774 LBFGS        PARAM    0011       -346.939402          2.423385        -13.414257          4.268564         68.408568
rank #0: 2018-12-30 16:34:40,018 LBFGS        PARAM    0012       -346.942278          2.423385        -13.414281          4.268550         68.408568
rank #0: 2018-12-30 16:34:41,268 LBFGS        PARAM    0013       -346.942704          2.423385        -13.414301          4.268549         68.408568
rank #0: 2018-12-30 16:35:37,654 LBFGS        INFO     Linesearch failed in both LBFGS and gradient directions
rank #0: 2018-12-30 16:35:37,655 LBFGS        PARAM    0013       -346.942704          2.423385        -13.414301          4.268549         68.408568
rank #0: 2018-12-30 16:35:37,655 rsdfit.lbfgs_fitter WARNING  ...LBFGS optimization finished. Time elapsed: 0:01:12.88
rank #0: 2018-12-30 16:35:37,656 rsdfit.lbfgs_fitter ERROR    nonlinear fit with method L-BFGS-B failed: Linesearch failed in both LBFGS and gradient directions
rank #0: 2018-12-30 16:35:37,657 rsdfit.fitting_driver INFO     rank 32 on nid00554     ...fitting complete
rank #0: 2018-12-30 16:35:37,660 rsdfit.fitting_driver INFO     rank 32 on nid00554     Saving the results to `/global/cscratch1/sd/nhand/eBOSS/fits/results/mocks/ezmock/v1.8e-fph/0.0001-0.3/basemodel-N-fnl/0.8-2.2/QSO-N-0319-P0+P2-mock-cov-baf378684d/2018-12-30_nlopt_13i_chain0__1.npz`
rank #0: 2018-12-30 16:35:37,751 pyRSD.analysis.lbfgs_results INFO     
minimum chi2 = 68.408567656

Free parameters [ mean ]
_______________
N              : -346.94270409
b1             : 2.42338523421
f_nl           : -13.4143008542
sigma_fog      : 4.26854911449

Constrained parameters [ mean ]
_________________________
b1sigma8       : 0.908491521116
