rank #0: 2017-11-27 21:39:23,120 rsdfit.fitting_driver INFO     rank 220 on nid00533     Calling the 'nlopt' solve function
rank #0: 2017-11-27 21:39:23,121 rsdfit.lbfgs_fitter INFO     running LBFGS for 500 iterations and then stopping
rank #0: 2017-11-27 21:39:23,121 rsdfit.lbfgs_fitter INFO     running LBFGS minimizer with priors
rank #0: 2017-11-27 21:39:23,121 root         INFO     Iter           N          b1           f    sigma8_z   sigma_fog   F(X)     
rank #0: 2017-11-27 21:39:23,739 LBFGS        INFO     options = {'factr': 100000.0, 'gtol': 1e-05, 'max_iter': 500, 'test_convergence': False}
rank #0: 2017-11-27 21:39:23,740 LBFGS        PARAM    0000          0.000000          2.000000          0.930924          0.397985          4.000000         86.773975
rank #0: 2017-11-27 21:39:24,423 LBFGS        PARAM    0001         -0.026432          2.002663          0.931071          0.399867          3.998837         85.169464
rank #0: 2017-11-27 21:39:25,048 LBFGS        PARAM    0002        -22.069866          2.061383          0.934640          0.439052          3.968168         72.032846
rank #0: 2017-11-27 21:39:25,674 LBFGS        PARAM    0003        -30.210837          2.046313          0.933992          0.430061          3.972037         70.889938
rank #0: 2017-11-27 21:39:26,299 LBFGS        PARAM    0004        -41.659413          2.047438          0.934264          0.431238          3.968176         70.720424
rank #0: 2017-11-27 21:39:26,924 LBFGS        PARAM    0005       -151.650979          2.049715          0.936415          0.437172          3.933642         69.719520
rank #0: 2017-11-27 21:39:27,549 LBFGS        PARAM    0006       -308.691497          2.046297          0.939100          0.441518          3.883768         68.698049
rank #0: 2017-11-27 21:39:28,174 LBFGS        PARAM    0007       -522.384465          2.034835          0.941973          0.443436          3.784356         67.650123
rank #0: 2017-11-27 21:39:28,801 LBFGS        PARAM    0008       -579.741750          2.030142          0.941923          0.441925          3.716621         67.430542
rank #0: 2017-11-27 21:39:29,427 LBFGS        PARAM    0009       -584.377343          2.029283          0.941337          0.440625          3.682373         67.384265
rank #0: 2017-11-27 21:39:30,052 LBFGS        PARAM    0010       -582.096785          2.029871          0.940611          0.439657          3.648420         67.350777
rank #0: 2017-11-27 21:39:30,679 LBFGS        PARAM    0011       -579.250080          2.033329          0.938559          0.437744          3.549879         67.268531
rank #0: 2017-11-27 21:39:31,306 LBFGS        PARAM    0012       -583.694779          2.041540          0.935111          0.435648          3.390177         67.153475
rank #0: 2017-11-27 21:39:31,933 LBFGS        PARAM    0013       -618.635846          2.078328          0.922419          0.430431          3.169712         66.933252
rank #0: 2017-11-27 21:39:32,558 LBFGS        PARAM    0014       -679.606131          2.156701          0.895939          0.420402          2.873250         66.665416
rank #0: 2017-11-27 21:39:33,185 LBFGS        PARAM    0015       -714.449526          2.216185          0.876096          0.412911          2.743322         66.546178
rank #0: 2017-11-27 21:39:33,810 LBFGS        PARAM    0016       -738.473882          2.272747          0.857419          0.405276          2.664708         66.478298
rank #0: 2017-11-27 21:39:34,435 LBFGS        PARAM    0017       -738.324358          2.292027          0.852521          0.401907          2.670552         66.465168
rank #0: 2017-11-27 21:39:35,061 LBFGS        PARAM    0018       -733.765102          2.286888          0.854397          0.402865          2.708309         66.462777
rank #0: 2017-11-27 21:39:35,687 LBFGS        PARAM    0019       -734.194799          2.286404          0.854605          0.402952          2.712656         66.462737
rank #0: 2017-11-27 21:39:36,312 LBFGS        PARAM    0020       -734.298530          2.286210          0.854679          0.402976          2.713112         66.462736
rank #0: 2017-11-27 21:39:36,939 LBFGS        PARAM    0021       -734.296189          2.286199          0.854684          0.402977          2.713133         66.462736
rank #0: 2017-11-27 21:39:37,566 LBFGS        PARAM    0022       -734.293883          2.286198          0.854685          0.402977          2.713135         66.462736
rank #0: 2017-11-27 21:39:38,194 LBFGS        PARAM    0023       -734.293351          2.286197          0.854685          0.402977          2.713136         66.462736
rank #0: 2017-11-27 21:39:38,819 LBFGS        PARAM    0024       -734.293188          2.286198          0.854685          0.402977          2.713136         66.462736
rank #0: 2017-11-27 21:39:39,561 LBFGS        PARAM    0025       -734.292305          2.286200          0.854686          0.402977          2.713137         66.462736
rank #0: 2017-11-27 21:39:40,650 LBFGS        PARAM    0026       -734.292287          2.286200          0.854686          0.402977          2.713137         66.462736
rank #0: 2017-11-27 21:39:41,970 LBFGS        PARAM    0027       -734.292287          2.286200          0.854686          0.402977          2.713137         66.462736
rank #0: 2017-11-27 21:39:41,971 LBFGS        INFO     LBFGS iteration 27: the descent direction does not have a sufficient projection (cos(theta)=-6.95e-01, theta=134.0472) into the gradient; using steepest descent at this step!
rank #0: 2017-11-27 21:39:42,654 LBFGS        PARAM    0028       -734.292738          2.286201          0.854686          0.402977          2.713137         66.462736
rank #0: 2017-11-27 21:39:43,283 LBFGS        PARAM    0029       -734.293234          2.286201          0.854686          0.402977          2.713137         66.462736
rank #0: 2017-11-27 21:39:44,027 LBFGS        PARAM    0030       -734.293322          2.286201          0.854686          0.402977          2.713137         66.462736
rank #0: 2017-11-27 21:39:45,001 LBFGS        PARAM    0031       -734.293325          2.286201          0.854686          0.402977          2.713137         66.462736
rank #0: 2017-11-27 21:39:45,747 LBFGS        PARAM    0032       -734.293331          2.286201          0.854686          0.402977          2.713137         66.462736
rank #0: 2017-11-27 21:39:46,607 LBFGS        PARAM    0033       -734.293333          2.286201          0.854686          0.402977          2.713137         66.462736
rank #0: 2017-11-27 21:40:09,590 LBFGS        INFO     Linesearch failed in both LBFGS and gradient directions
rank #0: 2017-11-27 21:40:09,591 LBFGS        PARAM    0033       -734.293333          2.286201          0.854686          0.402977          2.713137         66.462736
rank #0: 2017-11-27 21:40:09,591 rsdfit.lbfgs_fitter WARNING  ...LBFGS optimization finished. Time elapsed: 0:00:45.85
rank #0: 2017-11-27 21:40:09,592 rsdfit.lbfgs_fitter ERROR    nonlinear fit with method L-BFGS-B failed: Linesearch failed in both LBFGS and gradient directions
rank #0: 2017-11-27 21:40:09,592 rsdfit.fitting_driver INFO     rank 220 on nid00533     ...fitting complete
rank #0: 2017-11-27 21:40:09,595 rsdfit.fitting_driver INFO     rank 220 on nid00533     Saving the results to `/global/cscratch1/sd/nhand/eBOSS/fits/results/mocks/ezmock/v1.8e-fph/0.0001-0.3/basemodel-fs8-N/0.8-2.2/QSO-S-0186-P0+P2-mock-cov-5d97c0eb2d/2017-11-27_nlopt_33i_chain0__1.npz`
rank #0: 2017-11-27 21:40:09,616 pyRSD.analysis.lbfgs_results INFO     
minimum chi2 = 66.4627358153

Free parameters [ mean ]
_______________
N              : -734.293333461
b1             : 2.28620082294
f              : 0.85468618734
sigma8_z       : 0.402976572005
sigma_fog      : 2.71313731761

Constrained parameters [ mean ]
_________________________
b1sigma8       : 0.921285370541
fsigma8        : 0.344418509914
