rank #0: 2018-10-04 21:59:35,356 rsdfit.fitting_driver INFO     rank 26 on nid01269     Calling the 'nlopt' solve function
rank #0: 2018-10-04 21:59:35,357 rsdfit.lbfgs_fitter INFO     running LBFGS for 500 iterations and then stopping
rank #0: 2018-10-04 21:59:35,358 rsdfit.lbfgs_fitter INFO     running LBFGS minimizer with priors
rank #0: 2018-10-04 21:59:35,358 root         INFO     Iter           N          b1        f_nl   sigma_fog   F(X)     
rank #0: 2018-10-04 21:59:35,359 rsdfit.lbfgs_fitter INFO     computing gradient using numerical derivative of lnlike()
rank #0: 2018-10-04 21:59:36,522 LBFGS        INFO     options = {'factr': 100000.0, 'gtol': 1e-05, 'max_iter': 500, 'test_convergence': False}
rank #0: 2018-10-04 21:59:36,524 LBFGS        PARAM    0000          0.000000          2.000000          0.000000          4.000000        120.727552
rank #0: 2018-10-04 21:59:37,886 LBFGS        PARAM    0001         96.635393          2.185612          1.780346          3.932222         95.968943
rank #0: 2018-10-04 21:59:39,091 LBFGS        PARAM    0002         10.365461          2.564277         10.146656          3.895336         80.672058
rank #0: 2018-10-04 21:59:40,308 LBFGS        PARAM    0003        -29.675420          2.487858         10.495684          3.987607         78.564766
rank #0: 2018-10-04 21:59:41,523 LBFGS        PARAM    0004       -158.552504          2.479237         13.816754          4.099524         77.221629
rank #0: 2018-10-04 21:59:42,727 LBFGS        PARAM    0005       -260.691300          2.525830         18.899310          4.169382         75.885879
rank #0: 2018-10-04 21:59:43,953 LBFGS        PARAM    0006       -384.431827          2.587796         28.977373          4.111247         75.058088
rank #0: 2018-10-04 21:59:45,160 LBFGS        PARAM    0007       -401.986794          2.588908         31.277854          4.022242         74.926296
rank #0: 2018-10-04 21:59:46,391 LBFGS        PARAM    0008       -478.568576          2.574477         39.929374          3.552025         74.598061
rank #0: 2018-10-04 21:59:47,604 LBFGS        PARAM    0009       -482.848178          2.574033         37.424998          3.543709         74.592864
rank #0: 2018-10-04 21:59:48,814 LBFGS        PARAM    0010       -483.540957          2.574562         37.377061          3.542613         74.592758
rank #0: 2018-10-04 21:59:50,045 LBFGS        PARAM    0011       -484.395157          2.575028         37.273873          3.540998         74.592728
rank #0: 2018-10-04 21:59:51,249 LBFGS        PARAM    0012       -484.416749          2.575033         37.266885          3.540955         74.592728
rank #0: 2018-10-04 21:59:52,471 LBFGS        PARAM    0013       -484.417796          2.575033         37.266371          3.540952         74.592728
rank #0: 2018-10-04 22:00:46,870 LBFGS        INFO     Linesearch failed in both LBFGS and gradient directions
rank #0: 2018-10-04 22:00:46,872 LBFGS        PARAM    0013       -484.417796          2.575033         37.266371          3.540952         74.592728
rank #0: 2018-10-04 22:00:46,873 rsdfit.lbfgs_fitter WARNING  ...LBFGS optimization finished. Time elapsed: 0:01:10.35
rank #0: 2018-10-04 22:00:46,874 rsdfit.lbfgs_fitter ERROR    nonlinear fit with method L-BFGS-B failed: Linesearch failed in both LBFGS and gradient directions
rank #0: 2018-10-04 22:00:46,875 rsdfit.fitting_driver INFO     rank 26 on nid01269     ...fitting complete
rank #0: 2018-10-04 22:00:46,878 rsdfit.fitting_driver INFO     rank 26 on nid01269     Saving the results to `/global/cscratch1/sd/nhand/eBOSS/fits/results/mocks/ezmock/v1.8e-fph/0.0001-0.3/basemodel-N-fnl/0.8-2.2/QSO-S-0901-P0+P2-mock-cov-98e9a706c6/2018-10-04_nlopt_13i_chain0__1.npz`
rank #0: 2018-10-04 22:00:46,926 pyRSD.analysis.lbfgs_results INFO     
minimum chi2 = 74.5927276293

Free parameters [ mean ]
_______________
N              : -484.417795901
b1             : 2.57503280859
f_nl           : 37.2663708386
sigma_fog      : 3.54095177807

Constrained parameters [ mean ]
_________________________
b1sigma8       : 0.932763166521
