rank #0: 2018-07-15 20:08:47,345 rsdfit.fitting_driver INFO     rank 3 on nid00567     Calling the 'nlopt' solve function
rank #0: 2018-07-15 20:08:47,345 rsdfit.lbfgs_fitter INFO     running LBFGS for 500 iterations and then stopping
rank #0: 2018-07-15 20:08:47,345 rsdfit.lbfgs_fitter INFO     running LBFGS minimizer with priors
rank #0: 2018-07-15 20:08:47,345 root         INFO     Iter           N          b1        f_nl   sigma_fog   F(X)     
rank #0: 2018-07-15 20:08:47,933 LBFGS        INFO     options = {'factr': 100000.0, 'gtol': 1e-05, 'max_iter': 500, 'test_convergence': False}
rank #0: 2018-07-15 20:08:47,934 LBFGS        PARAM    0000          0.000000          2.000000          0.000000          4.000000        132.275065
rank #0: 2018-07-15 20:08:48,600 LBFGS        PARAM    0001         52.405998          2.154288          1.289050          3.964949        102.041526
rank #0: 2018-07-15 20:08:49,183 LBFGS        PARAM    0002        -73.205301          2.497673          7.393761          4.021420         77.093600
rank #0: 2018-07-15 20:08:49,783 LBFGS        PARAM    0003       -216.566446          2.498756          8.314626          4.115953         70.535239
rank #0: 2018-07-15 20:08:50,383 LBFGS        PARAM    0004       -546.589565          2.579320         12.576033          4.300341         65.471882
rank #0: 2018-07-15 20:08:50,980 LBFGS        PARAM    0005       -549.085399          2.571010         14.129833          4.231830         65.317307
rank #0: 2018-07-15 20:08:51,563 LBFGS        PARAM    0006       -602.242324          2.551152         25.281831          3.832361         64.781802
rank #0: 2018-07-15 20:08:52,161 LBFGS        PARAM    0007       -644.016173          2.554630         34.800376          3.658440         64.611263
rank #0: 2018-07-15 20:08:52,760 LBFGS        PARAM    0008       -659.516533          2.558131         39.754773          3.640538         64.572852
rank #0: 2018-07-15 20:08:53,342 LBFGS        PARAM    0009       -656.596979          2.557964         42.204099          3.665507         64.557509
rank #0: 2018-07-15 20:08:53,942 LBFGS        PARAM    0010       -642.505869          2.553770         45.248228          3.707491         64.543829
rank #0: 2018-07-15 20:08:54,540 LBFGS        PARAM    0011       -636.565238          2.551943         45.430715          3.716426         64.542622
rank #0: 2018-07-15 20:08:55,140 LBFGS        PARAM    0012       -636.150515          2.551754         45.392377          3.716100         64.542607
rank #0: 2018-07-15 20:08:55,724 LBFGS        PARAM    0013       -636.166589          2.551749         45.389095          3.715933         64.542606
rank #0: 2018-07-15 20:08:56,323 LBFGS        PARAM    0014       -636.169777          2.551750         45.388818          3.715921         64.542606
rank #0: 2018-07-15 20:08:56,921 LBFGS        PARAM    0015       -636.169736          2.551750         45.388817          3.715921         64.542606
rank #0: 2018-07-15 20:08:57,572 LBFGS        PARAM    0016       -636.169739          2.551750         45.388818          3.715921         64.542606
rank #0: 2018-07-15 20:09:23,679 LBFGS        INFO     Linesearch failed in both LBFGS and gradient directions
rank #0: 2018-07-15 20:09:23,680 LBFGS        PARAM    0016       -636.169739          2.551750         45.388818          3.715921         64.542606
rank #0: 2018-07-15 20:09:23,680 rsdfit.lbfgs_fitter WARNING  ...LBFGS optimization finished. Time elapsed: 0:00:35.75
rank #0: 2018-07-15 20:09:23,681 rsdfit.lbfgs_fitter ERROR    nonlinear fit with method L-BFGS-B failed: Linesearch failed in both LBFGS and gradient directions
rank #0: 2018-07-15 20:09:23,682 rsdfit.fitting_driver INFO     rank 3 on nid00567     ...fitting complete
rank #0: 2018-07-15 20:09:23,686 rsdfit.fitting_driver INFO     rank 3 on nid00567     Saving the results to `/global/cscratch1/sd/nhand/eBOSS/fits/results/mocks/ezmock/v1.8e-fph/0.0001-0.3/basemodel-N-fnl/0.8-2.2/QSO-N-0031-P0+P2-mock-cov-f224d44da7/2018-07-15_nlopt_16i_chain0__1.npz`
rank #0: 2018-07-15 20:09:23,740 pyRSD.analysis.lbfgs_results INFO     
minimum chi2 = 64.5426064847

Free parameters [ mean ]
_______________
N              : -636.169739059
b1             : 2.55174971047
f_nl           : 45.3888179132
sigma_fog      : 3.71592068597

Constrained parameters [ mean ]
_________________________
b1sigma8       : 0.924329248222
