rank #0: 2019-02-16 12:42:39,363 rsdfit.fitting_driver INFO     rank 41 on nid01065     Calling the 'nlopt' solve function
rank #0: 2019-02-16 12:42:39,363 rsdfit.lbfgs_fitter INFO     running LBFGS for 500 iterations and then stopping
rank #0: 2019-02-16 12:42:39,364 rsdfit.lbfgs_fitter INFO     running LBFGS minimizer with priors
rank #0: 2019-02-16 12:42:39,364 root         INFO     Iter           N          b1        f_nl   sigma_fog   F(X)     
rank #0: 2019-02-16 12:42:39,365 rsdfit.lbfgs_fitter INFO     computing gradient using numerical derivative of lnlike()
rank #0: 2019-02-16 12:42:39,917 LBFGS        INFO     options = {'factr': 100000.0, 'gtol': 1e-05, 'max_iter': 500, 'test_convergence': False}
rank #0: 2019-02-16 12:42:39,918 LBFGS        PARAM    0000          0.000000          2.000000          0.000000          4.000000         97.783818
rank #0: 2019-02-16 12:42:40,547 LBFGS        PARAM    0001        -17.118847          2.062547          1.332230          3.992749         86.984808
rank #0: 2019-02-16 12:42:41,119 LBFGS        PARAM    0002       -215.281734          2.237627          6.560093          4.027893         70.445025
rank #0: 2019-02-16 12:42:41,698 LBFGS        PARAM    0003       -358.281146          2.260399          8.038644          4.062815         66.022789
rank #0: 2019-02-16 12:42:42,276 LBFGS        PARAM    0004       -503.981616          2.267734          9.262089          4.011763         64.121790
rank #0: 2019-02-16 12:42:42,853 LBFGS        PARAM    0005       -532.365913          2.270130          9.662639          3.947735         63.860541
rank #0: 2019-02-16 12:42:43,429 LBFGS        PARAM    0006       -634.388977          2.271916         11.605256          3.520936         62.851328
rank #0: 2019-02-16 12:42:44,012 LBFGS        PARAM    0007       -633.054706          2.265693         13.917185          3.341085         62.654032
rank #0: 2019-02-16 12:42:44,595 LBFGS        PARAM    0008       -628.851350          2.263695         14.397846          3.335937         62.650305
rank #0: 2019-02-16 12:42:45,177 LBFGS        PARAM    0009       -625.673184          2.262305         15.277203          3.334642         62.646891
rank #0: 2019-02-16 12:42:45,759 LBFGS        PARAM    0010       -621.364542          2.259434         17.997573          3.333887         62.639565
rank #0: 2019-02-16 12:42:46,341 LBFGS        PARAM    0011       -623.082656          2.258531         20.230163          3.334519         62.635654
rank #0: 2019-02-16 12:42:46,920 LBFGS        PARAM    0012       -623.901169          2.258669         20.388059          3.336619         62.635497
rank #0: 2019-02-16 12:42:47,497 LBFGS        PARAM    0013       -624.044126          2.258750         20.350446          3.336831         62.635495
rank #0: 2019-02-16 12:42:48,075 LBFGS        PARAM    0014       -624.057778          2.258756         20.343466          3.336828         62.635495
rank #0: 2019-02-16 12:42:48,655 LBFGS        PARAM    0015       -624.058053          2.258756         20.343335          3.336826         62.635495
rank #0: 2019-02-16 12:42:49,233 LBFGS        PARAM    0016       -624.058020          2.258756         20.343339          3.336826         62.635495
rank #0: 2019-02-16 12:42:49,811 LBFGS        PARAM    0017       -624.058054          2.258756         20.343340          3.336825         62.635495
rank #0: 2019-02-16 12:43:15,204 LBFGS        INFO     Linesearch failed in both LBFGS and gradient directions
rank #0: 2019-02-16 12:43:15,205 LBFGS        PARAM    0017       -624.058054          2.258756         20.343340          3.336825         62.635495
rank #0: 2019-02-16 12:43:15,205 rsdfit.lbfgs_fitter WARNING  ...LBFGS optimization finished. Time elapsed: 0:00:35.29
rank #0: 2019-02-16 12:43:15,206 rsdfit.lbfgs_fitter ERROR    nonlinear fit with method L-BFGS-B failed: Linesearch failed in both LBFGS and gradient directions
rank #0: 2019-02-16 12:43:15,207 rsdfit.fitting_driver INFO     rank 41 on nid01065     ...fitting complete
rank #0: 2019-02-16 12:43:15,217 rsdfit.fitting_driver INFO     rank 41 on nid01065     Saving the results to `/global/cscratch1/sd/nhand/eBOSS/fits/results/mocks/ezmock/v1.8e-fph/0.005-0.3/basemodel-N-fnl/0.8-2.2/QSO-N-0478-P0+P2-mock-cov-20503beeef/2019-02-16_nlopt_17i_chain0__1.npz`
rank #0: 2019-02-16 12:43:15,230 pyRSD.analysis.lbfgs_results INFO     
minimum chi2 = 62.635494544266656

Free parameters [ mean ]
_______________
N              : -624.0580544262979
b1             : 2.25875636251028
f_nl           : 20.343339844027152
sigma_fog      : 3.336825490703027

Constrained parameters [ mean ]
_________________________
b1sigma8       : 0.8996924983530405
