rank #0: 2019-02-16 13:35:49,402 rsdfit.fitting_driver INFO     rank 45 on nid00594     Calling the 'nlopt' solve function
rank #0: 2019-02-16 13:35:49,402 rsdfit.lbfgs_fitter INFO     running LBFGS for 500 iterations and then stopping
rank #0: 2019-02-16 13:35:49,402 rsdfit.lbfgs_fitter INFO     running LBFGS minimizer with priors
rank #0: 2019-02-16 13:35:49,402 root         INFO     Iter           N          b1        f_nl   sigma_fog   F(X)     
rank #0: 2019-02-16 13:35:49,402 rsdfit.lbfgs_fitter INFO     computing gradient using numerical derivative of lnlike()
rank #0: 2019-02-16 13:35:49,968 LBFGS        INFO     options = {'factr': 100000.0, 'gtol': 1e-05, 'max_iter': 500, 'test_convergence': False}
rank #0: 2019-02-16 13:35:49,968 LBFGS        PARAM    0000          0.000000          2.000000          0.000000          4.000000         83.848297
rank #0: 2019-02-16 13:35:50,611 LBFGS        PARAM    0001          9.030596          2.066030          0.410827          3.972299         77.058835
rank #0: 2019-02-16 13:35:51,190 LBFGS        PARAM    0002        -84.745223          2.223240          1.842583          3.936539         69.804255
rank #0: 2019-02-16 13:35:51,769 LBFGS        PARAM    0003       -182.853039          2.249253          2.066589          3.946667         67.992942
rank #0: 2019-02-16 13:35:52,348 LBFGS        PARAM    0004       -413.312375          2.285431          1.272235          3.843150         66.004851
rank #0: 2019-02-16 13:35:52,928 LBFGS        PARAM    0005       -448.775250          2.289657          0.501529          3.749161         65.815175
rank #0: 2019-02-16 13:35:53,509 LBFGS        PARAM    0006       -520.978088          2.288599         -4.262399          3.355300         65.409018
rank #0: 2019-02-16 13:35:54,089 LBFGS        PARAM    0007       -516.315268          2.286614         -8.051458          3.319375         65.380712
rank #0: 2019-02-16 13:35:54,665 LBFGS        PARAM    0008       -510.472406          2.286382        -15.001654          3.296108         65.354674
rank #0: 2019-02-16 13:35:55,238 LBFGS        PARAM    0009       -509.322528          2.288914        -24.621732          3.289553         65.327170
rank #0: 2019-02-16 13:35:55,812 LBFGS        PARAM    0010       -517.294003          2.297511        -42.996103          3.302887         65.283993
rank #0: 2019-02-16 13:35:56,387 LBFGS        PARAM    0011       -537.566637          2.307213        -54.146396          3.331215         65.264231
rank #0: 2019-02-16 13:35:56,960 LBFGS        PARAM    0012       -532.713220          2.308218        -55.065863          3.348725         65.262910
rank #0: 2019-02-16 13:35:57,525 LBFGS        PARAM    0013       -532.255865          2.308102        -55.089571          3.350448         65.262900
rank #0: 2019-02-16 13:35:58,051 LBFGS        PARAM    0014       -532.271561          2.308109        -55.084059          3.350398         65.262900
rank #0: 2019-02-16 13:35:58,609 LBFGS        PARAM    0015       -532.271518          2.308109        -55.082267          3.350399         65.262900
rank #0: 2019-02-16 13:35:59,175 LBFGS        PARAM    0016       -532.271362          2.308109        -55.081713          3.350401         65.262900
rank #0: 2019-02-16 13:35:59,748 LBFGS        PARAM    0017       -532.271358          2.308109        -55.081729          3.350401         65.262900
rank #0: 2019-02-16 13:36:24,884 LBFGS        INFO     Linesearch failed in both LBFGS and gradient directions
rank #0: 2019-02-16 13:36:24,885 LBFGS        PARAM    0017       -532.271358          2.308109        -55.081729          3.350401         65.262900
rank #0: 2019-02-16 13:36:24,885 rsdfit.lbfgs_fitter WARNING  ...LBFGS optimization finished. Time elapsed: 0:00:34.92
rank #0: 2019-02-16 13:36:24,886 rsdfit.lbfgs_fitter ERROR    nonlinear fit with method L-BFGS-B failed: Linesearch failed in both LBFGS and gradient directions
rank #0: 2019-02-16 13:36:24,887 rsdfit.fitting_driver INFO     rank 45 on nid00594     ...fitting complete
rank #0: 2019-02-16 13:36:24,890 rsdfit.fitting_driver INFO     rank 45 on nid00594     Saving the results to `/global/cscratch1/sd/nhand/eBOSS/fits/results/mocks/ezmock/v1.8e-fph/0.005-0.3/basemodel-N-fnl/0.8-2.2/QSO-S-0133-P0+P2-mock-cov-7b0931f16d/2019-02-16_nlopt_17i_chain0__1.npz`
rank #0: 2019-02-16 13:36:24,897 pyRSD.analysis.lbfgs_results INFO     
minimum chi2 = 65.26290005797442

Free parameters [ mean ]
_______________
N              : -532.2713578839985
b1             : 2.308108586782448
f_nl           : -55.08172907697105
sigma_fog      : 3.3504006215242956

Constrained parameters [ mean ]
_________________________
b1sigma8       : 0.9193501412452382
