rank #0: 2018-10-04 22:27:39,830 rsdfit.fitting_driver INFO     rank 31 on nid01062     Calling the 'nlopt' solve function
rank #0: 2018-10-04 22:27:39,832 rsdfit.lbfgs_fitter INFO     running LBFGS for 500 iterations and then stopping
rank #0: 2018-10-04 22:27:39,833 rsdfit.lbfgs_fitter INFO     running LBFGS minimizer with priors
rank #0: 2018-10-04 22:27:39,833 root         INFO     Iter           N          b1        f_nl   sigma_fog   F(X)     
rank #0: 2018-10-04 22:27:39,834 rsdfit.lbfgs_fitter INFO     computing gradient using numerical derivative of lnlike()
rank #0: 2018-10-04 22:27:41,004 LBFGS        INFO     options = {'factr': 100000.0, 'gtol': 1e-05, 'max_iter': 500, 'test_convergence': False}
rank #0: 2018-10-04 22:27:41,006 LBFGS        PARAM    0000          0.000000          2.000000          0.000000          4.000000        117.345025
rank #0: 2018-10-04 22:27:42,372 LBFGS        PARAM    0001         11.864562          2.091875          1.866160          3.988263         99.726520
rank #0: 2018-10-04 22:27:43,579 LBFGS        PARAM    0002        -86.593087          2.307919          8.639159          4.085032         81.092162
rank #0: 2018-10-04 22:27:44,786 LBFGS        PARAM    0003       -219.016374          2.344126         10.709265          4.188514         75.917876
rank #0: 2018-10-04 22:27:46,018 LBFGS        PARAM    0004       -436.686974          2.376495         13.154549          4.352470         72.438695
rank #0: 2018-10-04 22:27:47,225 LBFGS        PARAM    0005       -435.455583          2.378808         13.227207          4.340655         72.428302
rank #0: 2018-10-04 22:27:48,448 LBFGS        PARAM    0006       -435.727282          2.378932         13.236399          4.329162         72.423944
rank #0: 2018-10-04 22:27:49,649 LBFGS        PARAM    0007       -442.324387          2.378965         13.291342          4.282952         72.410626
rank #0: 2018-10-04 22:27:50,852 LBFGS        PARAM    0008       -451.993941          2.378380         13.344806          4.245063         72.402674
rank #0: 2018-10-04 22:27:52,063 LBFGS        PARAM    0009       -456.495807          2.377923         13.374014          4.235784         72.401203
rank #0: 2018-10-04 22:27:53,258 LBFGS        PARAM    0010       -456.724996          2.377859         13.377570          4.237017         72.401164
rank #0: 2018-10-04 22:27:54,475 LBFGS        PARAM    0011       -456.674150          2.377855         13.379625          4.237448         72.401163
rank #0: 2018-10-04 22:27:55,670 LBFGS        PARAM    0012       -456.654861          2.377848         13.386319          4.237532         72.401163
rank #0: 2018-10-04 22:27:56,886 LBFGS        PARAM    0013       -456.563994          2.377780         13.454183          4.237659         72.401159
rank #0: 2018-10-04 22:27:58,082 LBFGS        PARAM    0014       -456.578934          2.377760         13.472113          4.237422         72.401159
rank #0: 2018-10-04 22:27:59,273 LBFGS        PARAM    0015       -456.577109          2.377759         13.472256          4.237413         72.401159
rank #0: 2018-10-04 22:28:00,480 LBFGS        PARAM    0016       -456.577341          2.377759         13.472228          4.237412         72.401159
rank #0: 2018-10-04 22:28:01,933 LBFGS        PARAM    0017       -456.577341          2.377759         13.472227          4.237412         72.401159
rank #0: 2018-10-04 22:28:53,489 LBFGS        INFO     Linesearch failed in both LBFGS and gradient directions
rank #0: 2018-10-04 22:28:53,491 LBFGS        PARAM    0017       -456.577341          2.377759         13.472227          4.237412         72.401159
rank #0: 2018-10-04 22:28:53,493 rsdfit.lbfgs_fitter WARNING  ...LBFGS optimization finished. Time elapsed: 0:01:12.49
rank #0: 2018-10-04 22:28:53,494 rsdfit.lbfgs_fitter ERROR    nonlinear fit with method L-BFGS-B failed: Linesearch failed in both LBFGS and gradient directions
rank #0: 2018-10-04 22:28:53,496 rsdfit.fitting_driver INFO     rank 31 on nid01062     ...fitting complete
rank #0: 2018-10-04 22:28:53,500 rsdfit.fitting_driver INFO     rank 31 on nid01062     Saving the results to `/global/cscratch1/sd/nhand/eBOSS/fits/results/mocks/ezmock/v1.8e-fph/0.005-0.3/basemodel-N-fnl/0.8-2.2/QSO-N-0994-P0+P2-mock-cov-3d9387a9b2/2018-10-04_nlopt_17i_chain0__1.npz`
rank #0: 2018-10-04 22:28:53,702 pyRSD.analysis.lbfgs_results INFO     
minimum chi2 = 72.4011591216

Free parameters [ mean ]
_______________
N              : -456.577340693
b1             : 2.37775906709
f_nl           : 13.4722274423
sigma_fog      : 4.23741246571

Constrained parameters [ mean ]
_________________________
b1sigma8       : 0.891386941383
