rank #0: 2018-12-30 16:08:24,053 rsdfit.fitting_driver INFO     rank 51 on nid00556     Calling the 'nlopt' solve function
rank #0: 2018-12-30 16:08:24,054 rsdfit.lbfgs_fitter INFO     running LBFGS for 500 iterations and then stopping
rank #0: 2018-12-30 16:08:24,054 rsdfit.lbfgs_fitter INFO     running LBFGS minimizer with priors
rank #0: 2018-12-30 16:08:24,055 root         INFO     Iter           N          b1        f_nl   sigma_fog   F(X)     
rank #0: 2018-12-30 16:08:24,055 rsdfit.lbfgs_fitter INFO     computing gradient using numerical derivative of lnlike()
rank #0: 2018-12-30 16:08:24,641 LBFGS        INFO     options = {'factr': 100000.0, 'gtol': 1e-05, 'max_iter': 500, 'test_convergence': False}
rank #0: 2018-12-30 16:08:24,642 LBFGS        PARAM    0000          0.000000          2.000000          0.000000          4.000000         92.648583
rank #0: 2018-12-30 16:08:25,331 LBFGS        PARAM    0001         -4.388568          2.058496          0.537244          3.994925         87.908396
rank #0: 2018-12-30 16:08:25,952 LBFGS        PARAM    0002       -132.199683          2.206575          2.758943          4.049274         81.634263
rank #0: 2018-12-30 16:08:26,550 LBFGS        PARAM    0003       -252.266187          2.241275          3.783368          4.117241         79.755408
rank #0: 2018-12-30 16:08:27,169 LBFGS        PARAM    0004       -383.788730          2.255448          5.085915          4.166239         78.931839
rank #0: 2018-12-30 16:08:27,785 LBFGS        PARAM    0005       -386.573011          2.257112          5.418652          4.153703         78.921930
rank #0: 2018-12-30 16:08:28,380 LBFGS        PARAM    0006       -400.312671          2.259888          7.280660          4.079994         78.888085
rank #0: 2018-12-30 16:08:28,998 LBFGS        PARAM    0007       -412.133666          2.258117          9.132282          4.009158         78.867580
rank #0: 2018-12-30 16:08:29,619 LBFGS        PARAM    0008       -415.583969          2.253220         12.117948          3.976342         78.855180
rank #0: 2018-12-30 16:08:30,238 LBFGS        PARAM    0009       -415.052937          2.251292         13.433448          3.973784         78.853448
rank #0: 2018-12-30 16:08:30,836 LBFGS        PARAM    0010       -413.891054          2.250669         14.225904          3.977372         78.852683
rank #0: 2018-12-30 16:08:31,458 LBFGS        PARAM    0011       -411.774511          2.250520         15.482597          3.985892         78.851742
rank #0: 2018-12-30 16:08:32,080 LBFGS        PARAM    0012       -411.179597          2.250889         15.679479          3.988869         78.851611
rank #0: 2018-12-30 16:08:32,678 LBFGS        PARAM    0013       -411.155464          2.251025         15.630121          3.989170         78.851604
rank #0: 2018-12-30 16:08:33,298 LBFGS        PARAM    0014       -411.177516          2.251040         15.615661          3.989110         78.851604
rank #0: 2018-12-30 16:08:33,913 LBFGS        PARAM    0015       -411.180693          2.251040         15.614723          3.989097         78.851604
rank #0: 2018-12-30 16:08:34,518 LBFGS        PARAM    0016       -411.180856          2.251040         15.614737          3.989096         78.851604
rank #0: 2018-12-30 16:08:35,130 LBFGS        PARAM    0017       -411.180827          2.251040         15.614739          3.989096         78.851604
rank #0: 2018-12-30 16:09:01,788 LBFGS        INFO     Linesearch failed in both LBFGS and gradient directions
rank #0: 2018-12-30 16:09:01,788 LBFGS        PARAM    0017       -411.180827          2.251040         15.614739          3.989096         78.851604
rank #0: 2018-12-30 16:09:01,789 rsdfit.lbfgs_fitter WARNING  ...LBFGS optimization finished. Time elapsed: 0:00:37.15
rank #0: 2018-12-30 16:09:01,789 rsdfit.lbfgs_fitter ERROR    nonlinear fit with method L-BFGS-B failed: Linesearch failed in both LBFGS and gradient directions
rank #0: 2018-12-30 16:09:01,790 rsdfit.fitting_driver INFO     rank 51 on nid00556     ...fitting complete
rank #0: 2018-12-30 16:09:01,793 rsdfit.fitting_driver INFO     rank 51 on nid00556     Saving the results to `/global/cscratch1/sd/nhand/eBOSS/fits/results/mocks/ezmock/v1.8e-fph/0.0001-0.3/basemodel-N-fnl/0.8-2.2/QSO-S-0190-P0+P2-mock-cov-8e654b7a3f/2018-12-30_nlopt_17i_chain0__1.npz`
rank #0: 2018-12-30 16:09:02,672 pyRSD.analysis.lbfgs_results INFO     
minimum chi2 = 78.8516043183

Free parameters [ mean ]
_______________
N              : -411.180826591
b1             : 2.25104034593
f_nl           : 15.6147392863
sigma_fog      : 3.98909635248

Constrained parameters [ mean ]
_________________________
b1sigma8       : 0.896619107017
