rank #0: 2017-11-27 20:42:39,359 rsdfit.fitting_driver INFO     rank 191 on nid00802     Calling the 'nlopt' solve function
rank #0: 2017-11-27 20:42:39,359 rsdfit.lbfgs_fitter INFO     running LBFGS for 500 iterations and then stopping
rank #0: 2017-11-27 20:42:39,359 rsdfit.lbfgs_fitter INFO     running LBFGS minimizer with priors
rank #0: 2017-11-27 20:42:39,360 root         INFO     Iter           N          b1        f_nl   sigma_fog   F(X)     
rank #0: 2017-11-27 20:42:39,862 LBFGS        INFO     options = {'factr': 100000.0, 'gtol': 1e-05, 'max_iter': 500, 'test_convergence': False}
rank #0: 2017-11-27 20:42:39,863 LBFGS        PARAM    0000          0.000000          2.000000          0.000000          4.000000         89.762994
rank #0: 2017-11-27 20:42:40,426 LBFGS        PARAM    0001          8.286982          2.083694          0.757494          3.958678         82.418455
rank #0: 2017-11-27 20:42:40,932 LBFGS        PARAM    0002        -36.716522          2.245534          3.793058          3.829246         77.221732
rank #0: 2017-11-27 20:42:41,442 LBFGS        PARAM    0003        -74.763481          2.229332          4.222153          3.800578         76.747428
rank #0: 2017-11-27 20:42:41,952 LBFGS        PARAM    0004       -225.887776          2.217230          6.932164          3.647633         75.769431
rank #0: 2017-11-27 20:42:42,461 LBFGS        PARAM    0005       -408.087879          2.228784         11.407690          3.400464         75.035161
rank #0: 2017-11-27 20:42:42,970 LBFGS        PARAM    0006       -466.215478          2.234495         18.961737          3.005556         74.640288
rank #0: 2017-11-27 20:42:43,481 LBFGS        PARAM    0007       -462.585377          2.239236         22.052988          2.989720         74.605882
rank #0: 2017-11-27 20:42:43,989 LBFGS        PARAM    0008       -456.844711          2.241949         25.879438          2.990942         74.585442
rank #0: 2017-11-27 20:42:44,496 LBFGS        PARAM    0009       -450.909300          2.241988         31.105924          2.997137         74.562895
rank #0: 2017-11-27 20:42:45,007 LBFGS        PARAM    0010       -440.541681          2.237166         41.598357          3.009975         74.526187
rank #0: 2017-11-27 20:42:45,518 LBFGS        PARAM    0011       -433.348633          2.226648         46.817859          2.994403         74.508260
rank #0: 2017-11-27 20:42:46,030 LBFGS        PARAM    0012       -434.966743          2.227743         46.281924          3.015282         74.506570
rank #0: 2017-11-27 20:42:46,540 LBFGS        PARAM    0013       -437.393784          2.227924         46.216195          3.019542         74.506416
rank #0: 2017-11-27 20:42:47,050 LBFGS        PARAM    0014       -437.453478          2.227926         46.189567          3.019461         74.506416
rank #0: 2017-11-27 20:42:47,561 LBFGS        PARAM    0015       -437.456564          2.227926         46.190064          3.019451         74.506416
rank #0: 2017-11-27 20:42:48,071 LBFGS        PARAM    0016       -437.456720          2.227926         46.190103          3.019450         74.506416
rank #0: 2017-11-27 20:42:48,637 LBFGS        PARAM    0017       -437.456696          2.227926         46.190107          3.019450         74.506416
rank #0: 2017-11-27 20:43:10,900 LBFGS        INFO     Linesearch failed in both LBFGS and gradient directions
rank #0: 2017-11-27 20:43:10,901 LBFGS        PARAM    0017       -437.456696          2.227926         46.190107          3.019450         74.506416
rank #0: 2017-11-27 20:43:10,901 rsdfit.lbfgs_fitter WARNING  ...LBFGS optimization finished. Time elapsed: 0:00:31.04
rank #0: 2017-11-27 20:43:10,901 rsdfit.lbfgs_fitter ERROR    nonlinear fit with method L-BFGS-B failed: Linesearch failed in both LBFGS and gradient directions
rank #0: 2017-11-27 20:43:10,902 rsdfit.fitting_driver INFO     rank 191 on nid00802     ...fitting complete
rank #0: 2017-11-27 20:43:10,949 rsdfit.fitting_driver INFO     rank 191 on nid00802     Saving the results to `/global/cscratch1/sd/nhand/eBOSS/fits/results/mocks/ezmock/v1.8e-fph/0.0001-0.3/basemodel-N-fnl/0.8-2.2/QSO-S-0125-P0+P2-mock-cov-a9f629560d/2017-11-27_nlopt_17i_chain0__1.npz`
rank #0: 2017-11-27 20:43:10,999 pyRSD.analysis.lbfgs_results INFO     
minimum chi2 = 74.5064156682

Free parameters [ mean ]
_______________
N              : -437.45669649
b1             : 2.22792550049
f_nl           : 46.1901074186
sigma_fog      : 3.01945009378

Constrained parameters [ mean ]
_________________________
b1sigma8       : 0.88667999654
