rank #0: 2018-10-04 21:46:12,817 rsdfit.fitting_driver INFO     rank 34 on nid01063     Calling the 'nlopt' solve function
rank #0: 2018-10-04 21:46:12,818 rsdfit.lbfgs_fitter INFO     running LBFGS for 500 iterations and then stopping
rank #0: 2018-10-04 21:46:12,818 rsdfit.lbfgs_fitter INFO     running LBFGS minimizer with priors
rank #0: 2018-10-04 21:46:12,819 root         INFO     Iter           N          b1        f_nl   sigma_fog   F(X)     
rank #0: 2018-10-04 21:46:12,820 rsdfit.lbfgs_fitter INFO     computing gradient using numerical derivative of lnlike()
rank #0: 2018-10-04 21:46:13,981 LBFGS        INFO     options = {'factr': 100000.0, 'gtol': 1e-05, 'max_iter': 500, 'test_convergence': False}
rank #0: 2018-10-04 21:46:13,982 LBFGS        PARAM    0000          0.000000          2.000000          0.000000          4.000000        128.298370
rank #0: 2018-10-04 21:46:15,320 LBFGS        PARAM    0001         28.977702          2.144258          1.107865          3.967525        101.925832
rank #0: 2018-10-04 21:46:16,543 LBFGS        PARAM    0002       -117.073947          2.467360          6.257214          4.050566         77.824191
rank #0: 2018-10-04 21:46:17,745 LBFGS        PARAM    0003       -283.986885          2.490993          6.924098          4.161832         70.941391
rank #0: 2018-10-04 21:46:18,970 LBFGS        PARAM    0004       -588.226674          2.554713          8.180741          4.328500         66.466516
rank #0: 2018-10-04 21:46:20,172 LBFGS        PARAM    0005       -588.926271          2.545728          7.354676          4.280917         66.387260
rank #0: 2018-10-04 21:46:21,381 LBFGS        PARAM    0006       -605.850764          2.540202          5.563709          4.163667         66.267827
rank #0: 2018-10-04 21:46:22,597 LBFGS        PARAM    0007       -645.181238          2.544292          2.826083          3.997722         66.165650
rank #0: 2018-10-04 21:46:23,798 LBFGS        PARAM    0008       -658.767864          2.550363          1.006060          3.973275         66.151019
rank #0: 2018-10-04 21:46:25,021 LBFGS        PARAM    0009       -662.545473          2.552948          0.030681          3.973175         66.148595
rank #0: 2018-10-04 21:46:26,225 LBFGS        PARAM    0010       -663.877767          2.554472         -1.032450          3.976357         66.146742
rank #0: 2018-10-04 21:46:27,451 LBFGS        PARAM    0011       -663.990993          2.556127         -3.383169          3.984164         66.143583
rank #0: 2018-10-04 21:46:28,659 LBFGS        PARAM    0012       -661.629995          2.555157         -4.629967          3.987050         66.142368
rank #0: 2018-10-04 21:46:29,867 LBFGS        PARAM    0013       -661.009972          2.555224         -4.634616          3.988836         66.142350
rank #0: 2018-10-04 21:46:31,088 LBFGS        PARAM    0014       -660.971380          2.555228         -4.633605          3.989061         66.142350
rank #0: 2018-10-04 21:46:32,293 LBFGS        PARAM    0015       -660.970842          2.555228         -4.633396          3.989065         66.142350
rank #0: 2018-10-04 21:46:33,525 LBFGS        PARAM    0016       -660.970750          2.555228         -4.633363          3.989065         66.142350
rank #0: 2018-10-04 21:46:34,732 LBFGS        PARAM    0017       -660.970748          2.555228         -4.633359          3.989065         66.142350
rank #0: 2018-10-04 21:46:36,070 LBFGS        PARAM    0018       -660.970752          2.555228         -4.633355          3.989065         66.142350
rank #0: 2018-10-04 21:46:37,290 LBFGS        PARAM    0019       -660.970751          2.555228         -4.633359          3.989065         66.142350
rank #0: 2018-10-04 21:47:30,700 LBFGS        INFO     Linesearch failed in both LBFGS and gradient directions
rank #0: 2018-10-04 21:47:30,701 LBFGS        PARAM    0019       -660.970751          2.555228         -4.633359          3.989065         66.142350
rank #0: 2018-10-04 21:47:30,701 rsdfit.lbfgs_fitter WARNING  ...LBFGS optimization finished. Time elapsed: 0:01:16.72
rank #0: 2018-10-04 21:47:30,702 rsdfit.lbfgs_fitter ERROR    nonlinear fit with method L-BFGS-B failed: Linesearch failed in both LBFGS and gradient directions
rank #0: 2018-10-04 21:47:30,704 rsdfit.fitting_driver INFO     rank 34 on nid01063     ...fitting complete
rank #0: 2018-10-04 21:47:30,707 rsdfit.fitting_driver INFO     rank 34 on nid01063     Saving the results to `/global/cscratch1/sd/nhand/eBOSS/fits/results/mocks/ezmock/v1.8e-fph/0.0001-0.3/basemodel-N-fnl/0.8-2.2/QSO-N-0590-P0+P2-mock-cov-4ae05ce33e/2018-10-04_nlopt_19i_chain0__1.npz`
rank #0: 2018-10-04 21:47:30,880 pyRSD.analysis.lbfgs_results INFO     
minimum chi2 = 66.1423495737

Free parameters [ mean ]
_______________
N              : -660.97075118
b1             : 2.55522789306
f_nl           : -4.63335864111
sigma_fog      : 3.9890650292

Constrained parameters [ mean ]
_________________________
b1sigma8       : 0.925589162502
