rank #0: 2019-02-16 13:38:15,863 rsdfit.fitting_driver INFO     rank 11 on nid00600     Calling the 'nlopt' solve function
rank #0: 2019-02-16 13:38:15,864 rsdfit.lbfgs_fitter INFO     running LBFGS for 500 iterations and then stopping
rank #0: 2019-02-16 13:38:15,865 rsdfit.lbfgs_fitter INFO     running LBFGS minimizer with priors
rank #0: 2019-02-16 13:38:15,865 root         INFO     Iter           N          b1        f_nl   sigma_fog   F(X)     
rank #0: 2019-02-16 13:38:15,866 rsdfit.lbfgs_fitter INFO     computing gradient using numerical derivative of lnlike()
rank #0: 2019-02-16 13:38:16,435 LBFGS        INFO     options = {'factr': 100000.0, 'gtol': 1e-05, 'max_iter': 500, 'test_convergence': False}
rank #0: 2019-02-16 13:38:16,436 LBFGS        PARAM    0000          0.000000          2.000000          0.000000          4.000000         99.318423
rank #0: 2019-02-16 13:38:17,086 LBFGS        PARAM    0001          0.305086          2.067342          0.599483          3.991753         86.923622
rank #0: 2019-02-16 13:38:17,669 LBFGS        PARAM    0002       -118.602830          2.228318          3.094648          4.035033         72.904821
rank #0: 2019-02-16 13:38:18,251 LBFGS        PARAM    0003       -222.715385          2.251770          4.071384          4.088473         69.461956
rank #0: 2019-02-16 13:38:18,833 LBFGS        PARAM    0004       -392.151359          2.272190          6.516805          4.128921         67.157527
rank #0: 2019-02-16 13:38:19,415 LBFGS        PARAM    0005       -400.782854          2.273518          7.376148          4.101688         67.089579
rank #0: 2019-02-16 13:38:19,996 LBFGS        PARAM    0006       -475.341904          2.272353         18.933798          3.743562         66.617477
rank #0: 2019-02-16 13:38:20,580 LBFGS        PARAM    0007       -475.479547          2.266900         29.016461          3.698154         66.458504
rank #0: 2019-02-16 13:38:21,166 LBFGS        PARAM    0008       -449.822182          2.239561         86.088520          3.652104         65.982768
rank #0: 2019-02-16 13:38:21,750 LBFGS        PARAM    0009       -437.058689          2.236650         90.880511          3.716689         65.962182
rank #0: 2019-02-16 13:38:22,337 LBFGS        PARAM    0010       -434.523555          2.236558         90.726636          3.725288         65.961890
rank #0: 2019-02-16 13:38:22,926 LBFGS        PARAM    0011       -434.476822          2.236514         90.726358          3.725190         65.961889
rank #0: 2019-02-16 13:38:23,515 LBFGS        PARAM    0012       -434.470313          2.236512         90.732686          3.725164         65.961889
rank #0: 2019-02-16 13:38:24,103 LBFGS        PARAM    0013       -434.470311          2.236512         90.732893          3.725163         65.961889
rank #0: 2019-02-16 13:38:49,399 LBFGS        INFO     Linesearch failed in both LBFGS and gradient directions
rank #0: 2019-02-16 13:38:49,400 LBFGS        PARAM    0013       -434.470311          2.236512         90.732893          3.725163         65.961889
rank #0: 2019-02-16 13:38:49,401 rsdfit.lbfgs_fitter WARNING  ...LBFGS optimization finished. Time elapsed: 0:00:32.97
rank #0: 2019-02-16 13:38:49,402 rsdfit.lbfgs_fitter ERROR    nonlinear fit with method L-BFGS-B failed: Linesearch failed in both LBFGS and gradient directions
rank #0: 2019-02-16 13:38:49,403 rsdfit.fitting_driver INFO     rank 11 on nid00600     ...fitting complete
rank #0: 2019-02-16 13:38:49,406 rsdfit.fitting_driver INFO     rank 11 on nid00600     Saving the results to `/global/cscratch1/sd/nhand/eBOSS/fits/results/mocks/ezmock/v1.8e-fph/0.005-0.3/basemodel-N-fnl/0.8-2.2/QSO-N-0702-P0+P2-mock-cov-6e34f56d69/2019-02-16_nlopt_13i_chain0__1.npz`
rank #0: 2019-02-16 13:38:49,413 pyRSD.analysis.lbfgs_results INFO     
minimum chi2 = 65.96188882454781

Free parameters [ mean ]
_______________
N              : -434.4703110141866
b1             : 2.236512013510963
f_nl           : 90.73289267643881
sigma_fog      : 3.72516263985913

Constrained parameters [ mean ]
_________________________
b1sigma8       : 0.8908322802889768
