rank #0: 2018-12-30 16:15:14,299 rsdfit.fitting_driver INFO     rank 47 on nid00554     Calling the 'nlopt' solve function
rank #0: 2018-12-30 16:15:14,299 rsdfit.lbfgs_fitter INFO     running LBFGS for 500 iterations and then stopping
rank #0: 2018-12-30 16:15:14,300 rsdfit.lbfgs_fitter INFO     running LBFGS minimizer with priors
rank #0: 2018-12-30 16:15:14,301 root         INFO     Iter           N          b1        f_nl   sigma_fog   F(X)     
rank #0: 2018-12-30 16:15:14,301 rsdfit.lbfgs_fitter INFO     computing gradient using numerical derivative of lnlike()
rank #0: 2018-12-30 16:15:14,909 LBFGS        INFO     options = {'factr': 100000.0, 'gtol': 1e-05, 'max_iter': 500, 'test_convergence': False}
rank #0: 2018-12-30 16:15:14,910 LBFGS        PARAM    0000          0.000000          2.000000          0.000000          4.000000         83.647555
rank #0: 2018-12-30 16:15:15,587 LBFGS        PARAM    0001        -10.862244          2.052565          0.269914          4.005913         77.034114
rank #0: 2018-12-30 16:15:16,199 LBFGS        PARAM    0002       -140.777186          2.177106          0.895689          4.089937         68.316357
rank #0: 2018-12-30 16:15:16,820 LBFGS        PARAM    0003       -253.733326          2.205419          0.486759          4.168385         65.805441
rank #0: 2018-12-30 16:15:17,440 LBFGS        PARAM    0004       -337.291956          2.210789         -1.769718          4.217476         65.073713
rank #0: 2018-12-30 16:15:18,037 LBFGS        PARAM    0005       -340.945436          2.212516         -2.595338          4.214978         65.051174
rank #0: 2018-12-30 16:15:18,652 LBFGS        PARAM    0006       -376.493541          2.227790        -17.066275          4.156897         64.798077
rank #0: 2018-12-30 16:15:19,268 LBFGS        PARAM    0007       -384.646135          2.231158        -29.307577          4.118118         64.665519
rank #0: 2018-12-30 16:15:19,886 LBFGS        PARAM    0008       -362.271165          2.230700        -40.087721          4.199526         64.593873
rank #0: 2018-12-30 16:15:20,482 LBFGS        PARAM    0009       -358.641131          2.228532        -39.592261          4.189444         64.590318
rank #0: 2018-12-30 16:15:21,100 LBFGS        PARAM    0010       -358.217407          2.228022        -39.559924          4.185546         64.590157
rank #0: 2018-12-30 16:15:21,711 LBFGS        PARAM    0011       -358.312384          2.228029        -39.586672          4.185144         64.590156
rank #0: 2018-12-30 16:15:22,307 LBFGS        PARAM    0012       -358.344530          2.228035        -39.595076          4.185054         64.590156
rank #0: 2018-12-30 16:15:22,917 LBFGS        PARAM    0013       -358.344629          2.228035        -39.595116          4.185054         64.590156
rank #0: 2018-12-30 16:15:23,536 LBFGS        PARAM    0014       -358.344627          2.228035        -39.595114          4.185054         64.590156
rank #0: 2018-12-30 16:15:24,154 LBFGS        PARAM    0015       -358.344628          2.228035        -39.595115          4.185054         64.590156
rank #0: 2018-12-30 16:15:50,535 LBFGS        INFO     Linesearch failed in both LBFGS and gradient directions
rank #0: 2018-12-30 16:15:50,536 LBFGS        PARAM    0015       -358.344628          2.228035        -39.595115          4.185054         64.590156
rank #0: 2018-12-30 16:15:50,537 rsdfit.lbfgs_fitter WARNING  ...LBFGS optimization finished. Time elapsed: 0:00:35.63
rank #0: 2018-12-30 16:15:50,538 rsdfit.lbfgs_fitter ERROR    nonlinear fit with method L-BFGS-B failed: Linesearch failed in both LBFGS and gradient directions
rank #0: 2018-12-30 16:15:50,539 rsdfit.fitting_driver INFO     rank 47 on nid00554     ...fitting complete
rank #0: 2018-12-30 16:15:50,542 rsdfit.fitting_driver INFO     rank 47 on nid00554     Saving the results to `/global/cscratch1/sd/nhand/eBOSS/fits/results/mocks/ezmock/v1.8e-fph/0.0001-0.3/basemodel-N-fnl/0.8-2.2/QSO-N-0637-P0+P2-mock-cov-36c6ea70fd/2018-12-30_nlopt_15i_chain0__1.npz`
rank #0: 2018-12-30 16:15:51,708 pyRSD.analysis.lbfgs_results INFO     
minimum chi2 = 64.5901560462

Free parameters [ mean ]
_______________
N              : -358.344627915
b1             : 2.22803548545
f_nl           : -39.5951151591
sigma_fog      : 4.18505423452

Constrained parameters [ mean ]
_________________________
b1sigma8       : 0.887455967183
