rank #0: 2019-02-16 12:44:21,688 rsdfit.fitting_driver INFO     rank 8 on nid01064     Calling the 'nlopt' solve function
rank #0: 2019-02-16 12:44:21,688 rsdfit.lbfgs_fitter INFO     running LBFGS for 500 iterations and then stopping
rank #0: 2019-02-16 12:44:21,689 rsdfit.lbfgs_fitter INFO     running LBFGS minimizer with priors
rank #0: 2019-02-16 12:44:21,689 root         INFO     Iter           N          b1        f_nl   sigma_fog   F(X)     
rank #0: 2019-02-16 12:44:21,690 rsdfit.lbfgs_fitter INFO     computing gradient using numerical derivative of lnlike()
rank #0: 2019-02-16 12:44:22,251 LBFGS        INFO     options = {'factr': 100000.0, 'gtol': 1e-05, 'max_iter': 500, 'test_convergence': False}
rank #0: 2019-02-16 12:44:22,252 LBFGS        PARAM    0000          0.000000          2.000000          0.000000          4.000000         91.322539
rank #0: 2019-02-16 12:44:22,892 LBFGS        PARAM    0001        -13.670642          2.049711          1.088690          4.000322         84.619337
rank #0: 2019-02-16 12:44:23,469 LBFGS        PARAM    0002       -167.961430          2.186454          5.236817          4.059879         74.237825
rank #0: 2019-02-16 12:44:24,039 LBFGS        PARAM    0003       -287.367530          2.210043          6.676129          4.111784         71.513071
rank #0: 2019-02-16 12:44:24,610 LBFGS        PARAM    0004       -380.425516          2.213415          7.632172          4.108219         70.702886
rank #0: 2019-02-16 12:44:25,180 LBFGS        PARAM    0005       -389.696771          2.214601          7.893978          4.086108         70.658552
rank #0: 2019-02-16 12:44:25,751 LBFGS        PARAM    0006       -442.365498          2.214687         10.225495          3.844321         70.399627
rank #0: 2019-02-16 12:44:26,321 LBFGS        PARAM    0007       -440.095970          2.210340         12.499549          3.777386         70.367955
rank #0: 2019-02-16 12:44:26,890 LBFGS        PARAM    0008       -437.795790          2.209033         13.341025          3.770726         70.365636
rank #0: 2019-02-16 12:44:27,461 LBFGS        PARAM    0009       -435.613975          2.207663         14.608653          3.768998         70.363366
rank #0: 2019-02-16 12:44:28,034 LBFGS        PARAM    0010       -434.931514          2.206683         16.172429          3.772905         70.361398
rank #0: 2019-02-16 12:44:28,604 LBFGS        PARAM    0011       -435.339429          2.206650         16.472128          3.776740         70.361155
rank #0: 2019-02-16 12:44:29,174 LBFGS        PARAM    0012       -435.453707          2.206736         16.440554          3.777418         70.361150
rank #0: 2019-02-16 12:44:29,745 LBFGS        PARAM    0013       -435.475328          2.206748         16.429099          3.777444         70.361150
rank #0: 2019-02-16 12:44:30,321 LBFGS        PARAM    0014       -435.476545          2.206748         16.428445          3.777440         70.361150
rank #0: 2019-02-16 12:44:30,900 LBFGS        PARAM    0015       -435.476579          2.206748         16.428447          3.777439         70.361150
rank #0: 2019-02-16 12:44:31,479 LBFGS        PARAM    0016       -435.476583          2.206748         16.428448          3.777439         70.361150
rank #0: 2019-02-16 12:44:56,299 LBFGS        INFO     Linesearch failed in both LBFGS and gradient directions
rank #0: 2019-02-16 12:44:56,300 LBFGS        PARAM    0016       -435.476583          2.206748         16.428448          3.777439         70.361150
rank #0: 2019-02-16 12:44:56,301 rsdfit.lbfgs_fitter WARNING  ...LBFGS optimization finished. Time elapsed: 0:00:34.05
rank #0: 2019-02-16 12:44:56,302 rsdfit.lbfgs_fitter ERROR    nonlinear fit with method L-BFGS-B failed: Linesearch failed in both LBFGS and gradient directions
rank #0: 2019-02-16 12:44:56,303 rsdfit.fitting_driver INFO     rank 8 on nid01064     ...fitting complete
rank #0: 2019-02-16 12:44:56,307 rsdfit.fitting_driver INFO     rank 8 on nid01064     Saving the results to `/global/cscratch1/sd/nhand/eBOSS/fits/results/mocks/ezmock/v1.8e-fph/0.005-0.3/basemodel-N-fnl/0.8-2.2/QSO-N-0597-P0+P2-mock-cov-20503beeef/2019-02-16_nlopt_16i_chain0__1.npz`
rank #0: 2019-02-16 12:44:56,314 pyRSD.analysis.lbfgs_results INFO     
minimum chi2 = 70.36114998335763

Free parameters [ mean ]
_______________
N              : -435.47658281345593
b1             : 2.206748383570097
f_nl           : 16.42844841505326
sigma_fog      : 3.7774393106877326

Constrained parameters [ mean ]
_________________________
b1sigma8       : 0.8789770332928852
