rank #0: 2018-07-16 20:38:54,195 rsdfit.fitting_driver INFO     rank 4 on nid01583     Calling the 'nlopt' solve function
rank #0: 2018-07-16 20:38:54,196 rsdfit.lbfgs_fitter INFO     running LBFGS for 500 iterations and then stopping
rank #0: 2018-07-16 20:38:54,196 rsdfit.lbfgs_fitter INFO     running LBFGS minimizer with priors
rank #0: 2018-07-16 20:38:54,196 root         INFO     Iter           N          b1        f_nl   sigma_fog   F(X)     
rank #0: 2018-07-16 20:38:54,776 LBFGS        INFO     options = {'factr': 100000.0, 'gtol': 1e-05, 'max_iter': 500, 'test_convergence': False}
rank #0: 2018-07-16 20:38:54,777 LBFGS        PARAM    0000          0.000000          2.000000          0.000000          4.000000        116.812276
rank #0: 2018-07-16 20:38:55,441 LBFGS        PARAM    0001         54.053995          2.142347          2.521131          3.948033         95.484319
rank #0: 2018-07-16 20:38:56,037 LBFGS        PARAM    0002        -54.395618          2.473675         11.063368          3.910361         78.459638
rank #0: 2018-07-16 20:38:56,618 LBFGS        PARAM    0003       -162.009667          2.447660         10.480685          3.967926         74.954553
rank #0: 2018-07-16 20:38:57,215 LBFGS        PARAM    0004       -399.803839          2.488711         11.631396          4.044277         72.180113
rank #0: 2018-07-16 20:38:57,817 LBFGS        PARAM    0005       -485.491737          2.519050         10.926984          3.985840         71.768294
rank #0: 2018-07-16 20:38:58,398 LBFGS        PARAM    0006       -557.526163          2.535690          6.968874          3.800377         71.399679
rank #0: 2018-07-16 20:38:58,994 LBFGS        PARAM    0007       -626.268025          2.542619         -3.023833          3.479527         71.094621
rank #0: 2018-07-16 20:38:59,592 LBFGS        PARAM    0008       -622.250645          2.546749         -8.137726          3.470160         71.061348
rank #0: 2018-07-16 20:39:00,189 LBFGS        PARAM    0009       -618.716511          2.550893        -14.070998          3.487617         71.044828
rank #0: 2018-07-16 20:39:00,771 LBFGS        PARAM    0010       -621.880024          2.553973        -15.903938          3.502570         71.042679
rank #0: 2018-07-16 20:39:01,367 LBFGS        PARAM    0011       -622.513462          2.554360        -16.082775          3.505638         71.042623
rank #0: 2018-07-16 20:39:01,964 LBFGS        PARAM    0012       -622.516139          2.554372        -16.069338          3.505753         71.042623
rank #0: 2018-07-16 20:39:02,546 LBFGS        PARAM    0013       -622.520992          2.554372        -16.066202          3.505747         71.042623
rank #0: 2018-07-16 20:39:03,143 LBFGS        PARAM    0014       -622.521412          2.554372        -16.066056          3.505745         71.042623
rank #0: 2018-07-16 20:39:03,738 LBFGS        PARAM    0015       -622.521424          2.554372        -16.066056          3.505745         71.042623
rank #0: 2018-07-16 20:39:18,173 LBFGS        PARAM    0016       -622.521405          2.554372        -16.066056          3.505745         71.042623
rank #0: 2018-07-16 20:39:44,156 LBFGS        INFO     Linesearch failed in both LBFGS and gradient directions
rank #0: 2018-07-16 20:39:44,157 LBFGS        PARAM    0016       -622.521405          2.554372        -16.066056          3.505745         71.042623
rank #0: 2018-07-16 20:39:44,158 rsdfit.lbfgs_fitter WARNING  ...LBFGS optimization finished. Time elapsed: 0:00:49.38
rank #0: 2018-07-16 20:39:44,158 rsdfit.lbfgs_fitter ERROR    nonlinear fit with method L-BFGS-B failed: Linesearch failed in both LBFGS and gradient directions
rank #0: 2018-07-16 20:39:44,159 rsdfit.fitting_driver INFO     rank 4 on nid01583     ...fitting complete
rank #0: 2018-07-16 20:39:44,163 rsdfit.fitting_driver INFO     rank 4 on nid01583     Saving the results to `/global/cscratch1/sd/nhand/eBOSS/fits/results/mocks/ezmock/v1.8e-fph/0.005-0.3/basemodel-N-fnl/0.8-2.2/QSO-S-0366-P0+P2-mock-cov-1ab4f6001f/2018-07-16_nlopt_16i_chain0__1.npz`
rank #0: 2018-07-16 20:39:44,193 pyRSD.analysis.lbfgs_results INFO     
minimum chi2 = 71.0426232438

Free parameters [ mean ]
_______________
N              : -622.521405101
b1             : 2.55437151434
f_nl           : -16.0660559189
sigma_fog      : 3.50574536572

Constrained parameters [ mean ]
_________________________
b1sigma8       : 0.957596353153
