rank #0: 2018-07-15 20:21:05,597 rsdfit.fitting_driver INFO     rank 19 on nid00567     Calling the 'nlopt' solve function
rank #0: 2018-07-15 20:21:05,598 rsdfit.lbfgs_fitter INFO     running LBFGS for 500 iterations and then stopping
rank #0: 2018-07-15 20:21:05,599 rsdfit.lbfgs_fitter INFO     running LBFGS minimizer with priors
rank #0: 2018-07-15 20:21:05,600 root         INFO     Iter           N          b1        f_nl   sigma_fog   F(X)     
rank #0: 2018-07-15 20:21:06,167 LBFGS        INFO     options = {'factr': 100000.0, 'gtol': 1e-05, 'max_iter': 500, 'test_convergence': False}
rank #0: 2018-07-15 20:21:06,169 LBFGS        PARAM    0000          0.000000          2.000000          0.000000          4.000000        114.674698
rank #0: 2018-07-15 20:21:06,820 LBFGS        PARAM    0001         42.331386          2.134020          1.012383          4.005631         93.433829
rank #0: 2018-07-15 20:21:07,388 LBFGS        PARAM    0002        -59.643368          2.417617          5.020097          4.214905         74.672996
rank #0: 2018-07-15 20:21:07,973 LBFGS        PARAM    0003       -202.976112          2.455629          5.775927          4.398473         69.148293
rank #0: 2018-07-15 20:21:08,556 LBFGS        PARAM    0004       -427.491755          2.508733          6.415141          4.786804         65.340473
rank #0: 2018-07-15 20:21:09,122 LBFGS        PARAM    0005       -414.288246          2.507938          6.012368          4.843724         65.216216
rank #0: 2018-07-15 20:21:09,697 LBFGS        PARAM    0006       -303.591309          2.509328         -0.792669          5.354698         64.668685
rank #0: 2018-07-15 20:21:10,274 LBFGS        PARAM    0007       -301.536759          2.510851         -4.898776          5.387547         64.646764
rank #0: 2018-07-15 20:21:10,850 LBFGS        PARAM    0008       -302.170462          2.522989        -23.205250          5.470288         64.577984
rank #0: 2018-07-15 20:21:11,409 LBFGS        PARAM    0009       -310.987756          2.549012        -62.833723          5.554995         64.462061
rank #0: 2018-07-15 20:21:11,987 LBFGS        PARAM    0010       -322.498473          2.558946        -75.242971          5.514276         64.448264
rank #0: 2018-07-15 20:21:12,562 LBFGS        PARAM    0011       -334.457723          2.554193        -64.091599          5.376089         64.432998
rank #0: 2018-07-15 20:21:13,137 LBFGS        PARAM    0012       -327.657639          2.554825        -66.737254          5.436586         64.424164
rank #0: 2018-07-15 20:21:13,701 LBFGS        PARAM    0013       -328.146136          2.555413        -67.535243          5.436225         64.424046
rank #0: 2018-07-15 20:21:14,278 LBFGS        PARAM    0014       -328.216606          2.555453        -67.569009          5.435868         64.424045
rank #0: 2018-07-15 20:21:14,855 LBFGS        PARAM    0015       -328.216745          2.555452        -67.568140          5.435859         64.424045
rank #0: 2018-07-15 20:21:15,416 LBFGS        PARAM    0016       -328.216758          2.555452        -67.568147          5.435859         64.424045
rank #0: 2018-07-15 20:21:15,992 LBFGS        PARAM    0017       -328.216753          2.555452        -67.568147          5.435859         64.424045
rank #0: 2018-07-15 20:21:16,633 LBFGS        PARAM    0018       -328.216753          2.555452        -67.568147          5.435859         64.424045
rank #0: 2018-07-15 20:21:29,734 LBFGS        PARAM    0019       -328.216756          2.555452        -67.568147          5.435859         64.424045
rank #0: 2018-07-15 20:21:30,264 LBFGS        PARAM    0020       -328.216761          2.555452        -67.568147          5.435859         64.424045
rank #0: 2018-07-15 20:21:53,058 LBFGS        INFO     Linesearch failed in both LBFGS and gradient directions
rank #0: 2018-07-15 20:21:53,060 LBFGS        PARAM    0020       -328.216761          2.555452        -67.568147          5.435859         64.424045
rank #0: 2018-07-15 20:21:53,061 rsdfit.lbfgs_fitter WARNING  ...LBFGS optimization finished. Time elapsed: 0:00:46.89
rank #0: 2018-07-15 20:21:53,062 rsdfit.lbfgs_fitter ERROR    nonlinear fit with method L-BFGS-B failed: Linesearch failed in both LBFGS and gradient directions
rank #0: 2018-07-15 20:21:53,064 rsdfit.fitting_driver INFO     rank 19 on nid00567     ...fitting complete
rank #0: 2018-07-15 20:21:53,067 rsdfit.fitting_driver INFO     rank 19 on nid00567     Saving the results to `/global/cscratch1/sd/nhand/eBOSS/fits/results/mocks/ezmock/v1.8e-fph/0.0001-0.3/basemodel-N-fnl/0.8-2.2/QSO-N-0999-P0+P2-mock-cov-f224d44da7/2018-07-15_nlopt_20i_chain0__1.npz`
rank #0: 2018-07-15 20:21:53,091 pyRSD.analysis.lbfgs_results INFO     
minimum chi2 = 64.4240450495

Free parameters [ mean ]
_______________
N              : -328.21676144
b1             : 2.55545162483
f_nl           : -67.5681468359
sigma_fog      : 5.43585916015

Constrained parameters [ mean ]
_________________________
b1sigma8       : 0.925670205646
