rank #0: 2017-11-27 22:32:54,557 rsdfit.fitting_driver INFO     rank 103 on nid00476     Calling the 'nlopt' solve function
rank #0: 2017-11-27 22:32:54,558 rsdfit.lbfgs_fitter INFO     running LBFGS for 500 iterations and then stopping
rank #0: 2017-11-27 22:32:54,558 rsdfit.lbfgs_fitter INFO     running LBFGS minimizer with priors
rank #0: 2017-11-27 22:32:54,558 root         INFO     Iter           N          b1        f_nl   sigma_fog   F(X)     
rank #0: 2017-11-27 22:32:54,935 LBFGS        INFO     options = {'factr': 100000.0, 'gtol': 1e-05, 'max_iter': 500, 'test_convergence': False}
rank #0: 2017-11-27 22:32:54,935 LBFGS        PARAM    0000          0.000000          2.000000          0.000000          4.000000         34.962997
rank #0: 2017-11-27 22:32:55,352 LBFGS        PARAM    0001         10.340209          2.064095          0.916072          3.996307         32.174212
rank #0: 2017-11-27 22:32:55,726 LBFGS        PARAM    0002         -2.573837          2.204206          4.010503          3.987907         30.033225
rank #0: 2017-11-27 22:32:56,102 LBFGS        PARAM    0003         -2.632229          2.184554          3.654535          3.989219         29.981896
rank #0: 2017-11-27 22:32:56,477 LBFGS        PARAM    0004         -3.320884          2.186030          3.826769          3.989208         29.981227
rank #0: 2017-11-27 22:32:56,851 LBFGS        PARAM    0005         -4.574504          2.186549          4.103583          3.989328         29.980751
rank #0: 2017-11-27 22:32:57,227 LBFGS        PARAM    0006        -13.809254          2.188160          6.117611          3.990349         29.977919
rank #0: 2017-11-27 22:32:57,602 LBFGS        PARAM    0007        -42.668111          2.190314         12.399077          3.993695         29.969828
rank #0: 2017-11-27 22:32:57,977 LBFGS        PARAM    0008       -184.538965          2.195503         43.263390          4.010418         29.958683
rank #0: 2017-11-27 22:32:58,349 LBFGS        PARAM    0009       -136.666691          2.190586         32.800723          4.004886         29.930512
rank #0: 2017-11-27 22:32:58,723 LBFGS        PARAM    0010       -172.979702          2.183164         40.641954          4.009347         29.877684
rank #0: 2017-11-27 22:32:59,139 LBFGS        PARAM    0011       -266.376251          2.169996         60.905556          4.020433         29.792821
rank #0: 2017-11-27 22:32:59,515 LBFGS        PARAM    0012       -392.522501          2.148517         88.891489          4.025965         29.781441
rank #0: 2017-11-27 22:32:59,891 LBFGS        PARAM    0013       -320.969783          2.154916         73.491022          4.012880         29.760207
rank #0: 2017-11-27 22:33:00,264 LBFGS        PARAM    0014       -324.913508          2.153752         75.148232          3.994117         29.759310
rank #0: 2017-11-27 22:33:00,639 LBFGS        PARAM    0015       -319.070980          2.151228         77.636570          3.900826         29.756980
rank #0: 2017-11-27 22:33:01,014 LBFGS        PARAM    0016       -275.267695          2.143907         82.558908          3.540554         29.750361
rank #0: 2017-11-27 22:33:01,388 LBFGS        PARAM    0017       -173.572871          2.133041         87.060642          2.881514         29.740585
rank #0: 2017-11-27 22:33:01,760 LBFGS        PARAM    0018        -21.932507          2.121817         89.130543          2.016663         29.730436
rank #0: 2017-11-27 22:33:02,134 LBFGS        PARAM    0019         98.052021          2.115876         88.684823          1.364130         29.725667
rank #0: 2017-11-27 22:33:02,508 LBFGS        PARAM    0020        136.851740          2.114431         88.283508          1.138222         29.724944
rank #0: 2017-11-27 22:33:02,923 LBFGS        PARAM    0021        199.633338          2.110819         88.575573          0.760158         29.724624
rank #0: 2017-11-27 22:33:03,295 LBFGS        PARAM    0022        223.758019          2.109131         89.202768          0.565947         29.724566
rank #0: 2017-11-27 22:33:03,668 LBFGS        PARAM    0023        219.915373          2.108691         89.879915          0.372779         29.724367
rank #0: 2017-11-27 22:33:04,043 LBFGS        PARAM    0024        178.766978          2.110425         90.247391          0.221930         29.724104
rank #0: 2017-11-27 22:33:04,414 LBFGS        PARAM    0025        144.793620          2.112368         89.829419          0.166482         29.723911
rank #0: 2017-11-27 22:33:04,826 LBFGS        PARAM    0026        143.095643          2.112475         89.788979          0.163792         29.723898
rank #0: 2017-11-27 22:33:05,240 LBFGS        PARAM    0027        136.699218          2.112895         89.607514          0.155866         29.723847
rank #0: 2017-11-27 22:33:05,656 LBFGS        PARAM    0028         98.430012          2.115409         88.497329          0.120639         29.723613
rank #0: 2017-11-27 22:33:06,071 LBFGS        PARAM    0029         55.860568          2.118353         87.200128          0.229116         29.723524
rank #0: 2017-11-27 22:33:06,444 LBFGS        PARAM    0030         61.145313          2.117916         87.332944          0.181136         29.723511
rank #0: 2017-11-27 22:33:06,859 LBFGS        PARAM    0031         61.143908          2.117917         87.332933          0.181115         29.723511
rank #0: 2017-11-27 22:33:07,231 LBFGS        PARAM    0032         61.143899          2.117917         87.332933          0.181115         29.723511
rank #0: 2017-11-27 22:33:07,604 LBFGS        PARAM    0033         61.143898          2.117917         87.332933          0.181114         29.723511
rank #0: 2017-11-27 22:33:07,976 LBFGS        PARAM    0034         61.143898          2.117917         87.332933          0.181114         29.723511
rank #0: 2017-11-27 22:33:07,977 LBFGS        INFO     LBFGS iteration 34: the descent direction does not have a sufficient projection (cos(theta)=-4.88e-01, theta=119.2270) into the gradient; using steepest descent at this step!
rank #0: 2017-11-27 22:33:08,350 LBFGS        PARAM    0035         61.137201          2.117920         87.331722          0.181096         29.723511
rank #0: 2017-11-27 22:33:08,724 LBFGS        PARAM    0036         61.034164          2.117952         87.313062          0.180823         29.723511
rank #0: 2017-11-27 22:33:09,096 LBFGS        PARAM    0037         60.831961          2.117989         87.277080          0.180293         29.723511
rank #0: 2017-11-27 22:33:09,469 LBFGS        PARAM    0038         60.387944          2.117986         87.231312          0.179198         29.723510
rank #0: 2017-11-27 22:33:09,844 LBFGS        PARAM    0039         60.330152          2.118021         87.217106          0.179036         29.723510
rank #0: 2017-11-27 22:33:10,219 LBFGS        PARAM    0040         60.329097          2.118029         87.219664          0.179036         29.723510
rank #0: 2017-11-27 22:33:10,593 LBFGS        PARAM    0041         60.237270          2.118041         87.221309          0.178825         29.723510
rank #0: 2017-11-27 22:33:10,966 LBFGS        PARAM    0042         59.694573          2.118086         87.219948          0.177566         29.723509
rank #0: 2017-11-27 22:33:11,342 LBFGS        PARAM    0043         58.205944          2.118182         87.205939          0.174100         29.723507
rank #0: 2017-11-27 22:33:11,719 LBFGS        PARAM    0044         54.184602          2.118412         87.156398          0.164721         29.723501
rank #0: 2017-11-27 22:33:12,095 LBFGS        PARAM    0045         45.218592          2.118895         87.033266          0.143728         29.723490
rank #0: 2017-11-27 22:33:12,470 LBFGS        PARAM    0046         36.940116          2.119324         86.929255          0.124272         29.723488
rank #0: 2017-11-27 22:33:12,887 LBFGS        PARAM    0047         39.517993          2.119180         86.966362          0.130346         29.723487
rank #0: 2017-11-27 22:33:13,306 LBFGS        PARAM    0048         39.596161          2.119166         86.965149          0.130684         29.723487
rank #0: 2017-11-27 22:33:13,681 LBFGS        PARAM    0049         39.546611          2.119161         86.972328          0.130614         29.723487
rank #0: 2017-11-27 22:33:14,056 LBFGS        PARAM    0050         39.409305          2.119165         86.973232          0.130333         29.723487
rank #0: 2017-11-27 22:33:14,430 LBFGS        PARAM    0051         39.037338          2.119181         86.972705          0.129518         29.723487
rank #0: 2017-11-27 22:33:14,803 LBFGS        PARAM    0052         39.120325          2.119181         86.970872          0.129712         29.723487
rank #0: 2017-11-27 22:33:15,218 LBFGS        PARAM    0053         39.208857          2.119178         86.970115          0.129922         29.723487
rank #0: 2017-11-27 22:33:15,967 LBFGS        PARAM    0054         39.209009          2.119178         86.970113          0.129923         29.723487
rank #0: 2017-11-27 22:33:16,340 LBFGS        PARAM    0055         39.208853          2.119181         86.967118          0.129976         29.723487
rank #0: 2017-11-27 22:33:16,713 LBFGS        PARAM    0056         39.208804          2.119183         86.966317          0.130024         29.723487
rank #0: 2017-11-27 22:33:17,087 LBFGS        PARAM    0057         39.208660          2.119184         86.965116          0.130147         29.723487
rank #0: 2017-11-27 22:33:17,460 LBFGS        PARAM    0058         39.208263          2.119186         86.964445          0.130448         29.723487
rank #0: 2017-11-27 22:33:17,833 LBFGS        PARAM    0059         39.207782          2.119185         86.965316          0.130798         29.723487
rank #0: 2017-11-27 22:33:18,204 LBFGS        PARAM    0060         39.207564          2.119182         86.967234          0.130965         29.723487
rank #0: 2017-11-27 22:33:18,578 LBFGS        PARAM    0061         39.207581          2.119181         86.968056          0.130959         29.723487
rank #0: 2017-11-27 22:33:18,953 LBFGS        PARAM    0062         39.207615          2.119181         86.968141          0.130944         29.723487
rank #0: 2017-11-27 22:33:18,954 LBFGS        INFO     LBFGS iteration 62: the descent direction does not have a sufficient projection (cos(theta)=-1.03e-02, theta=90.5883) into the gradient; using steepest descent at this step!
rank #0: 2017-11-27 22:33:19,369 LBFGS        PARAM    0063         39.172522          2.119181         86.968137          0.130944         29.723487
rank #0: 2017-11-27 22:33:19,742 LBFGS        PARAM    0064         39.077729          2.119183         86.968157          0.130943         29.723487
rank #0: 2017-11-27 22:33:20,159 LBFGS        PARAM    0065         38.986090          2.119185         86.968185          0.130942         29.723487
rank #0: 2017-11-27 22:33:20,702 LBFGS        PARAM    0066         38.974110          2.119185         86.968189          0.130941         29.723487
rank #0: 2017-11-27 22:33:21,244 LBFGS        PARAM    0067         38.958654          2.119185         86.968194          0.130941         29.723487
rank #0: 2017-11-27 22:33:21,828 LBFGS        PARAM    0068         38.950656          2.119186         86.968197          0.130941         29.723487
rank #0: 2017-11-27 22:33:22,495 LBFGS        PARAM    0069         38.948246          2.119186         86.968198          0.130941         29.723487
rank #0: 2017-11-27 22:33:23,117 LBFGS        PARAM    0070         38.943332          2.119186         86.968199          0.130941         29.723487
rank #0: 2017-11-27 22:33:23,785 LBFGS        PARAM    0071         38.940668          2.119186         86.968200          0.130941         29.723487
rank #0: 2017-11-27 22:33:23,786 LBFGS        INFO     LBFGS iteration 71: the descent direction does not have a sufficient projection (cos(theta)=-2.45e-02, theta=91.4017) into the gradient; using steepest descent at this step!
rank #0: 2017-11-27 22:33:24,200 LBFGS        PARAM    0072         38.940746          2.119188         86.968225          0.130941         29.723487
rank #0: 2017-11-27 22:33:24,575 LBFGS        PARAM    0073         38.940792          2.119193         86.968245          0.130941         29.723487
rank #0: 2017-11-27 22:33:24,952 LBFGS        PARAM    0074         38.940601          2.119194         86.968192          0.130941         29.723487
rank #0: 2017-11-27 22:33:25,326 LBFGS        PARAM    0075         38.925344          2.119197         86.964101          0.130941         29.723487
rank #0: 2017-11-27 22:33:25,700 LBFGS        PARAM    0076         38.908896          2.119198         86.963287          0.130941         29.723487
rank #0: 2017-11-27 22:33:26,074 LBFGS        PARAM    0077         38.735019          2.119208         86.956692          0.130940         29.723487
rank #0: 2017-11-27 22:33:26,446 LBFGS        PARAM    0078         38.469567          2.119223         86.948803          0.130938         29.723487
rank #0: 2017-11-27 22:33:26,900 LBFGS        PARAM    0079         38.379235          2.119228         86.946459          0.130938         29.723487
rank #0: 2017-11-27 22:33:27,355 LBFGS        PARAM    0080         38.255814          2.119235         86.943485          0.130937         29.723487
rank #0: 2017-11-27 22:33:28,185 LBFGS        PARAM    0081         38.255500          2.119235         86.943478          0.130937         29.723487
rank #0: 2017-11-27 22:33:28,559 LBFGS        PARAM    0082         38.255470          2.119235         86.944594          0.130937         29.723487
rank #0: 2017-11-27 22:33:28,930 LBFGS        PARAM    0083         38.252040          2.119235         86.954531          0.130938         29.723487
rank #0: 2017-11-27 22:33:29,301 LBFGS        PARAM    0084         38.251981          2.119235         86.954171          0.130938         29.723487
rank #0: 2017-11-27 22:33:29,672 LBFGS        PARAM    0085         38.251819          2.119235         86.954128          0.130938         29.723487
rank #0: 2017-11-27 22:33:30,044 LBFGS        PARAM    0086         38.249161          2.119236         86.953769          0.130938         29.723487
rank #0: 2017-11-27 22:33:30,413 LBFGS        PARAM    0087         38.243696          2.119236         86.953375          0.130938         29.723487
rank #0: 2017-11-27 22:33:30,781 LBFGS        PARAM    0088         38.222729          2.119238         86.952395          0.130940         29.723487
rank #0: 2017-11-27 22:33:31,149 LBFGS        PARAM    0089         38.183032          2.119240         86.951201          0.130944         29.723487
rank #0: 2017-11-27 22:33:31,518 LBFGS        PARAM    0090         38.068020          2.119247         86.948759          0.130954         29.723487
rank #0: 2017-11-27 22:33:31,887 LBFGS        PARAM    0091         37.877391          2.119258         86.945925          0.130967         29.723487
rank #0: 2017-11-27 22:33:32,257 LBFGS        PARAM    0092         37.683998          2.119269         86.944150          0.130909         29.723487
rank #0: 2017-11-27 22:33:32,627 LBFGS        PARAM    0093         37.567742          2.119274         86.943554          0.130884         29.723487
rank #0: 2017-11-27 22:33:32,997 LBFGS        PARAM    0094         37.600005          2.119272         86.944307          0.130890         29.723487
rank #0: 2017-11-27 22:33:49,553 LBFGS        INFO     Linesearch failed in both LBFGS and gradient directions
rank #0: 2017-11-27 22:33:49,554 LBFGS        PARAM    0094         37.600005          2.119272         86.944307          0.130890         29.723487
rank #0: 2017-11-27 22:33:49,554 rsdfit.lbfgs_fitter WARNING  ...LBFGS optimization finished. Time elapsed: 0:00:54.62
rank #0: 2017-11-27 22:33:49,554 rsdfit.lbfgs_fitter ERROR    nonlinear fit with method L-BFGS-B failed: Linesearch failed in both LBFGS and gradient directions
rank #0: 2017-11-27 22:33:49,555 rsdfit.fitting_driver INFO     rank 103 on nid00476     ...fitting complete
rank #0: 2017-11-27 22:33:49,557 rsdfit.fitting_driver INFO     rank 103 on nid00476     Saving the results to `/global/cscratch1/sd/nhand/eBOSS/fits/results/mocks/ezmock/v1.8e-fph/0.0001-0.05/basemodel-N-fnl/0.8-2.2/QSO-N-0525-P0+P2-mock-cov-a9f629560d/2017-11-27_nlopt_94i_chain0__1.npz`
rank #0: 2017-11-27 22:33:49,575 pyRSD.analysis.lbfgs_results INFO     
minimum chi2 = 29.723487335

Free parameters [ mean ]
_______________
N              : 37.6000050724
b1             : 2.11927243611
f_nl           : 86.9443069188
sigma_fog      : 0.130889812059

Constrained parameters [ mean ]
_________________________
b1sigma8       : 0.843619508358
