rank #0: 2018-07-16 19:49:55,620 rsdfit.fitting_driver INFO     rank 34 on nid02211     Calling the 'nlopt' solve function
rank #0: 2018-07-16 19:49:55,621 rsdfit.lbfgs_fitter INFO     running LBFGS for 500 iterations and then stopping
rank #0: 2018-07-16 19:49:55,622 rsdfit.lbfgs_fitter INFO     running LBFGS minimizer with priors
rank #0: 2018-07-16 19:49:55,622 root         INFO     Iter           N          b1        f_nl   sigma_fog   F(X)     
rank #0: 2018-07-16 19:49:56,205 LBFGS        INFO     options = {'factr': 100000.0, 'gtol': 1e-05, 'max_iter': 500, 'test_convergence': False}
rank #0: 2018-07-16 19:49:56,206 LBFGS        PARAM    0000          0.000000          2.000000          0.000000          4.000000         88.078149
rank #0: 2018-07-16 19:49:56,874 LBFGS        PARAM    0001        -10.227771          2.066764          1.770797          3.982762         81.071734
rank #0: 2018-07-16 19:49:57,461 LBFGS        PARAM    0002       -203.309134          2.267007         10.162825          3.983046         69.984117
rank #0: 2018-07-16 19:49:58,064 LBFGS        PARAM    0003       -353.588545          2.294868         13.918384          4.012957         66.690047
rank #0: 2018-07-16 19:49:58,662 LBFGS        PARAM    0004       -569.081310          2.311174         22.357715          3.944028         64.451373
rank #0: 2018-07-16 19:49:59,248 LBFGS        PARAM    0005       -609.552965          2.312792         26.502360          3.854134         64.102780
rank #0: 2018-07-16 19:49:59,844 LBFGS        PARAM    0006       -734.772254          2.297636         50.748464          3.285991         62.776009
rank #0: 2018-07-16 19:50:00,446 LBFGS        PARAM    0007       -703.793388          2.274746         69.481226          3.116811         62.317572
rank #0: 2018-07-16 19:50:01,049 LBFGS        PARAM    0008       -656.570853          2.255496         77.025244          3.119366         62.228338
rank #0: 2018-07-16 19:50:01,634 LBFGS        PARAM    0009       -649.152779          2.255735         78.355388          3.150977         62.219487
rank #0: 2018-07-16 19:50:02,235 LBFGS        PARAM    0010       -645.052863          2.255161         79.343849          3.185510         62.215332
rank #0: 2018-07-16 19:50:02,834 LBFGS        PARAM    0011       -646.437233          2.255175         79.545706          3.186965         62.215145
rank #0: 2018-07-16 19:50:03,429 LBFGS        PARAM    0012       -646.663434          2.255174         79.535503          3.186690         62.215143
rank #0: 2018-07-16 19:50:04,020 LBFGS        PARAM    0013       -646.676023          2.255175         79.535430          3.186640         62.215143
rank #0: 2018-07-16 19:50:04,620 LBFGS        PARAM    0014       -646.675857          2.255175         79.535360          3.186639         62.215143
rank #0: 2018-07-16 19:50:05,287 LBFGS        PARAM    0015       -646.675870          2.255175         79.535361          3.186639         62.215143
rank #0: 2018-07-16 19:50:05,872 LBFGS        PARAM    0016       -646.675884          2.255175         79.535358          3.186639         62.215143
rank #0: 2018-07-16 19:50:31,920 LBFGS        INFO     Linesearch failed in both LBFGS and gradient directions
rank #0: 2018-07-16 19:50:31,921 LBFGS        PARAM    0016       -646.675884          2.255175         79.535358          3.186639         62.215143
rank #0: 2018-07-16 19:50:31,922 rsdfit.lbfgs_fitter WARNING  ...LBFGS optimization finished. Time elapsed: 0:00:35.72
rank #0: 2018-07-16 19:50:31,923 rsdfit.lbfgs_fitter ERROR    nonlinear fit with method L-BFGS-B failed: Linesearch failed in both LBFGS and gradient directions
rank #0: 2018-07-16 19:50:31,924 rsdfit.fitting_driver INFO     rank 34 on nid02211     ...fitting complete
rank #0: 2018-07-16 19:50:31,928 rsdfit.fitting_driver INFO     rank 34 on nid02211     Saving the results to `/global/cscratch1/sd/nhand/eBOSS/fits/results/mocks/ezmock/v1.8e-fph/0.005-0.3/basemodel-N-fnl/0.8-2.2/QSO-S-0420-P0+P2-mock-cov-8973e9cf3e/2018-07-16_nlopt_16i_chain0__1.npz`
rank #0: 2018-07-16 19:50:31,955 pyRSD.analysis.lbfgs_results INFO     
minimum chi2 = 62.2151425052

Free parameters [ mean ]
_______________
N              : -646.675883709
b1             : 2.25517453033
f_nl           : 79.5353584927
sigma_fog      : 3.18663876339

Constrained parameters [ mean ]
_________________________
b1sigma8       : 0.898265807277
