rank #0: 2019-02-16 12:40:40,010 rsdfit.fitting_driver INFO     rank 51 on nid01065     Calling the 'nlopt' solve function
rank #0: 2019-02-16 12:40:40,011 rsdfit.lbfgs_fitter INFO     running LBFGS for 500 iterations and then stopping
rank #0: 2019-02-16 12:40:40,011 rsdfit.lbfgs_fitter INFO     running LBFGS minimizer with priors
rank #0: 2019-02-16 12:40:40,012 root         INFO     Iter           N          b1        f_nl   sigma_fog   F(X)     
rank #0: 2019-02-16 12:40:40,012 rsdfit.lbfgs_fitter INFO     computing gradient using numerical derivative of lnlike()
rank #0: 2019-02-16 12:40:40,570 LBFGS        INFO     options = {'factr': 100000.0, 'gtol': 1e-05, 'max_iter': 500, 'test_convergence': False}
rank #0: 2019-02-16 12:40:40,570 LBFGS        PARAM    0000          0.000000          2.000000          0.000000          4.000000         91.241605
rank #0: 2019-02-16 12:40:41,205 LBFGS        PARAM    0001         -6.912984          2.047958          1.143867          4.002435         84.728221
rank #0: 2019-02-16 12:40:41,776 LBFGS        PARAM    0002       -126.906902          2.176851          5.653045          4.074059         75.388036
rank #0: 2019-02-16 12:40:42,347 LBFGS        PARAM    0003       -226.837146          2.200227          7.622034          4.139888         72.966152
rank #0: 2019-02-16 12:40:42,919 LBFGS        PARAM    0004       -325.969008          2.206321         10.556212          4.191468         71.989096
rank #0: 2019-02-16 12:40:43,491 LBFGS        PARAM    0005       -328.469672          2.206915         11.386296          4.185027         71.967045
rank #0: 2019-02-16 12:40:44,065 LBFGS        PARAM    0006       -352.964555          2.203538         25.650437          4.060703         71.725891
rank #0: 2019-02-16 12:40:44,637 LBFGS        PARAM    0007       -353.637543          2.193485         34.221692          3.993457         71.636539
rank #0: 2019-02-16 12:40:45,209 LBFGS        PARAM    0008       -339.550262          2.183850         39.996957          3.997505         71.591099
rank #0: 2019-02-16 12:40:45,783 LBFGS        PARAM    0009       -330.222822          2.180580         41.462713          4.020391         71.582999
rank #0: 2019-02-16 12:40:46,357 LBFGS        PARAM    0010       -327.044750          2.180428         41.736087          4.036474         71.581055
rank #0: 2019-02-16 12:40:46,931 LBFGS        PARAM    0011       -326.463109          2.181249         41.859252          4.047196         71.580366
rank #0: 2019-02-16 12:40:47,502 LBFGS        PARAM    0012       -326.459096          2.181266         41.799802          4.047407         71.580364
rank #0: 2019-02-16 12:40:48,077 LBFGS        PARAM    0013       -326.450796          2.181268         41.795230          4.047454         71.580364
rank #0: 2019-02-16 12:40:48,656 LBFGS        PARAM    0014       -326.449951          2.181267         41.795337          4.047456         71.580364
rank #0: 2019-02-16 12:40:49,234 LBFGS        PARAM    0015       -326.449891          2.181267         41.795359          4.047457         71.580364
rank #0: 2019-02-16 12:40:49,810 LBFGS        PARAM    0016       -326.449892          2.181267         41.795360          4.047457         71.580364
rank #0: 2019-02-16 12:40:50,389 LBFGS        PARAM    0017       -326.449891          2.181267         41.795359          4.047457         71.580364
rank #0: 2019-02-16 12:40:50,965 LBFGS        PARAM    0018       -326.449891          2.181267         41.795359          4.047457         71.580364
rank #0: 2019-02-16 12:41:15,433 LBFGS        INFO     Linesearch failed in both LBFGS and gradient directions
rank #0: 2019-02-16 12:41:15,434 LBFGS        PARAM    0018       -326.449891          2.181267         41.795359          4.047457         71.580364
rank #0: 2019-02-16 12:41:15,435 rsdfit.lbfgs_fitter WARNING  ...LBFGS optimization finished. Time elapsed: 0:00:34.87
rank #0: 2019-02-16 12:41:15,435 rsdfit.lbfgs_fitter ERROR    nonlinear fit with method L-BFGS-B failed: Linesearch failed in both LBFGS and gradient directions
rank #0: 2019-02-16 12:41:15,436 rsdfit.fitting_driver INFO     rank 51 on nid01065     ...fitting complete
rank #0: 2019-02-16 12:41:15,471 rsdfit.fitting_driver INFO     rank 51 on nid01065     Saving the results to `/global/cscratch1/sd/nhand/eBOSS/fits/results/mocks/ezmock/v1.8e-fph/0.005-0.3/basemodel-N-fnl/0.8-2.2/QSO-N-0420-P0+P2-mock-cov-20503beeef/2019-02-16_nlopt_18i_chain0__1.npz`
rank #0: 2019-02-16 12:41:15,480 pyRSD.analysis.lbfgs_results INFO     
minimum chi2 = 71.58036355680993

Free parameters [ mean ]
_______________
N              : -326.4498910449792
b1             : 2.1812672804167748
f_nl           : 41.79535852148352
sigma_fog      : 4.0474565692518905

Constrained parameters [ mean ]
_________________________
b1sigma8       : 0.8688275732903349
