rank #0: 2017-11-27 22:20:26,826 rsdfit.fitting_driver INFO     rank 38 on nid00474     Calling the 'nlopt' solve function
rank #0: 2017-11-27 22:20:26,826 rsdfit.lbfgs_fitter INFO     running LBFGS for 500 iterations and then stopping
rank #0: 2017-11-27 22:20:26,826 rsdfit.lbfgs_fitter INFO     running LBFGS minimizer with priors
rank #0: 2017-11-27 22:20:26,827 root         INFO     Iter           N          b1           f        f_nl    sigma8_z   sigma_fog   F(X)     
rank #0: 2017-11-27 22:20:27,549 LBFGS        INFO     options = {'factr': 100000.0, 'gtol': 1e-05, 'max_iter': 500, 'test_convergence': False}
rank #0: 2017-11-27 22:20:27,550 LBFGS        PARAM    0000          0.000000          2.000000          0.930883          0.000000          0.398070          4.000000        120.804203
rank #0: 2017-11-27 22:20:28,344 LBFGS        PARAM    0001         -0.356088          2.002830          0.930999          0.022153          0.399976          4.000084        117.587296
rank #0: 2017-11-27 22:20:29,084 LBFGS        PARAM    0002        -37.223449          2.070866          0.933449          0.724483          0.441626          4.027380         90.026296
rank #0: 2017-11-27 22:20:29,824 LBFGS        PARAM    0003        -46.220676          2.054048          0.932608          0.612565          0.431412          4.039333         86.998247
rank #0: 2017-11-27 22:20:30,563 LBFGS        PARAM    0004        -62.812224          2.056266          0.932488          0.697752          0.432373          4.055606         86.330972
rank #0: 2017-11-27 22:20:31,302 LBFGS        PARAM    0005       -345.033872          2.080290          0.929843          2.028950          0.440346          4.332807         80.029985
rank #0: 2017-11-27 22:20:32,038 LBFGS        PARAM    0006       -462.068420          2.082944          0.928406          2.472029          0.439272          4.439619         78.613046
rank #0: 2017-11-27 22:20:32,777 LBFGS        PARAM    0007       -501.752555          2.081705          0.927728          2.560039          0.437402          4.465364         78.369945
rank #0: 2017-11-27 22:20:33,517 LBFGS        PARAM    0008       -501.949311          2.081507          0.927665          2.544774          0.437171          4.461597         78.365301
rank #0: 2017-11-27 22:20:34,257 LBFGS        PARAM    0009       -502.975444          2.081529          0.927502          2.511715          0.436850          4.451939         78.357456
rank #0: 2017-11-27 22:20:34,997 LBFGS        PARAM    0010       -507.367126          2.082255          0.927057          2.437500          0.436325          4.427995         78.340417
rank #0: 2017-11-27 22:20:35,738 LBFGS        PARAM    0011       -519.817789          2.084860          0.925976          2.281035          0.435495          4.374316         78.306110
rank #0: 2017-11-27 22:20:36,479 LBFGS        PARAM    0012       -541.166561          2.090296          0.924128          2.060975          0.434620          4.295755         78.260423
rank #0: 2017-11-27 22:20:37,220 LBFGS        PARAM    0013       -567.383637          2.113137          0.916387          1.701919          0.431397          4.202226         78.176822
rank #0: 2017-11-27 22:20:37,961 LBFGS        PARAM    0014       -600.679887          2.160456          0.900297          1.100419          0.424916          4.076728         78.080261
rank #0: 2017-11-27 22:20:38,701 LBFGS        PARAM    0015       -606.001087          2.182648          0.892714          0.861817          0.421832          4.047934         78.058343
rank #0: 2017-11-27 22:20:39,445 LBFGS        PARAM    0016       -604.713619          2.192750          0.889268          0.708802          0.420281          4.043124         78.053369
rank #0: 2017-11-27 22:20:40,185 LBFGS        PARAM    0017       -602.996248          2.194123          0.888867          0.516500          0.419965          4.045575         78.052574
rank #0: 2017-11-27 22:20:40,927 LBFGS        PARAM    0018       -601.762758          2.193539          0.889106          0.425885          0.420004          4.049129         78.052450
rank #0: 2017-11-27 22:20:41,669 LBFGS        PARAM    0019       -601.394833          2.193162          0.889260          0.371099          0.420048          4.050516         78.052404
rank #0: 2017-11-27 22:20:42,409 LBFGS        PARAM    0020       -600.481401          2.192160          0.889725          0.098626          0.420171          4.054362         78.052211
rank #0: 2017-11-27 22:20:43,150 LBFGS        PARAM    0021       -599.316211          2.190972          0.890434         -0.592180          0.420323          4.059974         78.051765
rank #0: 2017-11-27 22:20:43,894 LBFGS        PARAM    0022       -597.187350          2.189199          0.892052         -2.915462          0.420566          4.072300         78.050307
rank #0: 2017-11-27 22:20:44,634 LBFGS        PARAM    0023       -591.848460          2.186188          0.897127        -12.234421          0.421047          4.109815         78.043536
rank #0: 2017-11-27 22:20:45,376 LBFGS        PARAM    0024       -591.788849          2.186149          0.897182        -12.329789          0.421053          4.110220         78.043471
rank #0: 2017-11-27 22:20:45,377 LBFGS        INFO     LBFGS iteration 24: the descent direction does not have a sufficient projection (cos(theta)=-1.11e-02, theta=90.6374) into the gradient; using steepest descent at this step!
rank #0: 2017-11-27 22:20:46,175 LBFGS        PARAM    0025       -591.785581          2.186188          0.897183        -12.330031          0.421079          4.110202         78.042723
rank #0: 2017-11-27 22:20:46,917 LBFGS        PARAM    0026       -591.833088          2.186844          0.897195        -12.344369          0.421491          4.109794         78.036814
rank #0: 2017-11-27 22:20:47,661 LBFGS        PARAM    0027       -591.931642          2.186874          0.897187        -12.354882          0.421489          4.109681         78.036755
rank #0: 2017-11-27 22:20:48,404 LBFGS        PARAM    0028       -609.807285          2.192508          0.895674        -14.421093          0.420965          4.087515         78.030466
rank #0: 2017-11-27 22:20:49,146 LBFGS        PARAM    0029       -614.493996          2.197462          0.894296        -16.213166          0.420387          4.067685         78.024695
rank #0: 2017-11-27 22:20:49,889 LBFGS        PARAM    0030       -632.939143          2.222167          0.887290        -25.237581          0.417149          3.972281         78.006070
rank #0: 2017-11-27 22:20:50,631 LBFGS        PARAM    0031       -661.975130          2.262462          0.876129        -39.483559          0.412250          3.881095         77.962557
rank #0: 2017-11-27 22:20:50,632 LBFGS        INFO     LBFGS iteration 31: the descent direction does not have a sufficient projection (cos(theta)=-1.87e-01, theta=100.7756) into the gradient; using steepest descent at this step!
rank #0: 2017-11-27 22:20:51,488 LBFGS        PARAM    0032       -659.882588          2.262639          0.876062        -39.997348          0.411744          3.899439         77.954013
rank #0: 2017-11-27 22:20:52,231 LBFGS        PARAM    0033       -657.578020          2.263524          0.876038        -40.503627          0.411782          3.917217         77.939561
rank #0: 2017-11-27 22:20:52,973 LBFGS        PARAM    0034       -644.381681          2.267393          0.876209        -43.303221          0.411984          4.003340         77.903574
rank #0: 2017-11-27 22:20:53,717 LBFGS        PARAM    0035       -640.984347          2.267429          0.876540        -44.005137          0.412036          4.013669         77.897966
rank #0: 2017-11-27 22:20:54,459 LBFGS        PARAM    0036       -603.007227          2.264694          0.881678        -52.689225          0.412764          4.102529         77.840181
rank #0: 2017-11-27 22:20:55,202 LBFGS        PARAM    0037       -568.635290          2.258760          0.889340        -64.036732          0.413936          4.185673         77.768671
rank #0: 2017-11-27 22:20:55,946 LBFGS        PARAM    0038       -446.423303          2.230411          0.926322       -117.559714          0.419688          4.532963         77.540373
rank #0: 2017-11-27 22:20:56,690 LBFGS        PARAM    0039       -462.452712          2.228041          0.932378       -125.040950          0.420393          4.532086         77.331407
rank #0: 2017-11-27 22:20:57,433 LBFGS        PARAM    0040       -584.518521          2.241195          0.951631       -150.789055          0.418564          4.313246         76.831368
rank #0: 2017-11-27 22:20:58,235 LBFGS        PARAM    0041       -594.776943          2.246116          0.944458       -141.593264          0.417686          4.285087         76.810348
rank #0: 2017-11-27 22:20:59,036 LBFGS        PARAM    0042       -587.711326          2.260552          0.939656       -141.365571          0.416094          4.334274         76.782286
rank #0: 2017-11-27 22:20:59,780 LBFGS        PARAM    0043       -590.536261          2.270132          0.936753       -140.548384          0.414738          4.303897         76.769171
rank #0: 2017-11-27 22:21:00,524 LBFGS        PARAM    0044       -604.172578          2.296989          0.928269       -137.561393          0.410884          4.221496         76.754924
rank #0: 2017-11-27 22:21:01,269 LBFGS        PARAM    0045       -604.519455          2.298031          0.927851       -137.468031          0.410791          4.219639         76.754861
rank #0: 2017-11-27 22:21:02,012 LBFGS        PARAM    0046       -604.470385          2.298121          0.927816       -137.455833          0.410775          4.219537         76.754861
rank #0: 2017-11-27 22:21:02,759 LBFGS        PARAM    0047       -604.450505          2.298124          0.927814       -137.454486          0.410775          4.219543         76.754861
rank #0: 2017-11-27 22:21:03,505 LBFGS        PARAM    0048       -604.450021          2.298124          0.927814       -137.454677          0.410775          4.219544         76.754861
rank #0: 2017-11-27 22:21:04,254 LBFGS        PARAM    0049       -604.449962          2.298124          0.927814       -137.454687          0.410775          4.219544         76.754861
rank #0: 2017-11-27 22:21:05,114 LBFGS        PARAM    0050       -604.449628          2.298124          0.927815       -137.454683          0.410774          4.219544         76.754861
rank #0: 2017-11-27 22:21:06,262 LBFGS        PARAM    0051       -604.449622          2.298124          0.927815       -137.454680          0.410774          4.219544         76.754861
rank #0: 2017-11-27 22:21:07,642 LBFGS        PARAM    0052       -604.449621          2.298124          0.927815       -137.454680          0.410774          4.219544         76.754861
rank #0: 2017-11-27 22:21:30,307 LBFGS        INFO     Linesearch failed in both LBFGS and gradient directions
rank #0: 2017-11-27 22:21:30,307 LBFGS        PARAM    0052       -604.449621          2.298124          0.927815       -137.454680          0.410774          4.219544         76.754861
rank #0: 2017-11-27 22:21:30,307 rsdfit.lbfgs_fitter WARNING  ...LBFGS optimization finished. Time elapsed: 0:01:02.76
rank #0: 2017-11-27 22:21:30,307 rsdfit.lbfgs_fitter ERROR    nonlinear fit with method L-BFGS-B failed: Linesearch failed in both LBFGS and gradient directions
rank #0: 2017-11-27 22:21:30,308 rsdfit.fitting_driver INFO     rank 38 on nid00474     ...fitting complete
rank #0: 2017-11-27 22:21:30,314 rsdfit.fitting_driver INFO     rank 38 on nid00474     Saving the results to `/global/cscratch1/sd/nhand/eBOSS/fits/results/mocks/ezmock/v1.8e-fph/0.0001-0.3/basemodel-fs8-N-fnl/0.8-2.2/QSO-N-0213-P0+P2-mock-cov-0a197b956d/2017-11-27_nlopt_52i_chain0__1.npz`
rank #0: 2017-11-27 22:21:30,335 pyRSD.analysis.lbfgs_results INFO     
minimum chi2 = 76.7548607242

Free parameters [ mean ]
_______________
N              : -604.449621408
b1             : 2.29812429726
f              : 0.927814669167
f_nl           : -137.454679984
sigma8_z       : 0.410774468898
sigma_fog      : 4.21954438982

Constrained parameters [ mean ]
_________________________
b1sigma8       : 0.94401078767
fsigma8        : 0.381122577963
