rank #0: 2018-06-24 13:01:00,255 rsdfit.fitting_driver INFO     rank 40 on nid00544     Calling the 'nlopt' solve function
rank #0: 2018-06-24 13:01:00,255 rsdfit.lbfgs_fitter INFO     running LBFGS for 500 iterations and then stopping
rank #0: 2018-06-24 13:01:00,256 rsdfit.lbfgs_fitter INFO     running LBFGS minimizer with priors
rank #0: 2018-06-24 13:01:00,256 root         INFO     Iter           N          b1        f_nl   sigma_fog   F(X)     
rank #0: 2018-06-24 13:01:00,820 LBFGS        INFO     options = {'factr': 100000.0, 'gtol': 1e-05, 'max_iter': 500, 'test_convergence': False}
rank #0: 2018-06-24 13:01:00,822 LBFGS        PARAM    0000          0.000000          2.000000          0.000000          4.000000         98.654455
rank #0: 2018-06-24 13:01:01,482 LBFGS        PARAM    0001         -2.192142          2.043942          0.945255          4.003637         93.227063
rank #0: 2018-06-24 13:01:02,075 LBFGS        PARAM    0002        -92.800148          2.157417          4.353167          4.076281         85.983426
rank #0: 2018-06-24 13:01:02,663 LBFGS        PARAM    0003       -176.443215          2.181259          5.749428          4.146016         84.088246
rank #0: 2018-06-24 13:01:03,247 LBFGS        PARAM    0004       -267.787107          2.190588          7.426164          4.237557         83.214119
rank #0: 2018-06-24 13:01:03,840 LBFGS        PARAM    0005       -266.209461          2.191364          7.730261          4.241510         83.209073
rank #0: 2018-06-24 13:01:04,433 LBFGS        PARAM    0006       -260.509276          2.192095          9.003420          4.259690         83.196260
rank #0: 2018-06-24 13:01:05,009 LBFGS        PARAM    0007       -252.225071          2.191195         11.082374          4.290125         83.181129
rank #0: 2018-06-24 13:01:05,602 LBFGS        PARAM    0008       -242.940870          2.187906         13.967988          4.326830         83.165707
rank #0: 2018-06-24 13:01:06,197 LBFGS        PARAM    0009       -240.971677          2.185013         15.795281          4.333725         83.158917
rank #0: 2018-06-24 13:01:06,787 LBFGS        PARAM    0010       -241.901015          2.183214         16.737402          4.328341         83.156560
rank #0: 2018-06-24 13:01:07,372 LBFGS        PARAM    0011       -243.186072          2.182561         17.172056          4.320807         83.155471
rank #0: 2018-06-24 13:01:07,969 LBFGS        PARAM    0012       -245.641722          2.181798         18.093132          4.304110         83.153613
rank #0: 2018-06-24 13:01:08,566 LBFGS        PARAM    0013       -246.052294          2.181998         18.932980          4.295939         83.152635
rank #0: 2018-06-24 13:01:09,148 LBFGS        PARAM    0014       -246.194570          2.182063         18.800860          4.294940         83.152621
rank #0: 2018-06-24 13:01:09,747 LBFGS        PARAM    0015       -246.246552          2.182087         18.779388          4.294790         83.152621
rank #0: 2018-06-24 13:01:10,345 LBFGS        PARAM    0016       -246.243032          2.182086         18.779681          4.294792         83.152621
rank #0: 2018-06-24 13:01:10,941 LBFGS        PARAM    0017       -246.243055          2.182086         18.779668          4.294792         83.152621
rank #0: 2018-06-24 13:01:11,527 LBFGS        PARAM    0018       -246.243036          2.182086         18.779664          4.294792         83.152621
rank #0: 2018-06-24 13:01:12,123 LBFGS        PARAM    0019       -246.243038          2.182086         18.779664          4.294792         83.152621
rank #0: 2018-06-24 13:01:37,872 LBFGS        INFO     Linesearch failed in both LBFGS and gradient directions
rank #0: 2018-06-24 13:01:37,874 LBFGS        PARAM    0019       -246.243038          2.182086         18.779664          4.294792         83.152621
rank #0: 2018-06-24 13:01:37,875 rsdfit.lbfgs_fitter WARNING  ...LBFGS optimization finished. Time elapsed: 0:00:37.05
rank #0: 2018-06-24 13:01:37,875 rsdfit.lbfgs_fitter ERROR    nonlinear fit with method L-BFGS-B failed: Linesearch failed in both LBFGS and gradient directions
rank #0: 2018-06-24 13:01:37,877 rsdfit.fitting_driver INFO     rank 40 on nid00544     ...fitting complete
rank #0: 2018-06-24 13:01:37,883 rsdfit.fitting_driver INFO     rank 40 on nid00544     Saving the results to `/global/cscratch1/sd/nhand/eBOSS/fits/results/mocks/ezmock/v1.8e-fph/0.005-0.3/basemodel-N-fnl/0.8-2.2/QSO-N-0549-P0+P2-mock-cov-8973e9cf3e/2018-06-24_nlopt_19i_chain0__1.npz`
rank #0: 2018-06-24 13:01:37,922 pyRSD.analysis.lbfgs_results INFO     
minimum chi2 = 83.1526210255

Free parameters [ mean ]
_______________
N              : -246.243037853
b1             : 2.18208640366
f_nl           : 18.779664279
sigma_fog      : 4.29479223929

Constrained parameters [ mean ]
_________________________
b1sigma8       : 0.869153840901
