rank #0: 2018-06-03 08:33:46,120 rsdfit.fitting_driver INFO     rank 50 on nid00619     Calling the 'nlopt' solve function
rank #0: 2018-06-03 08:33:46,121 rsdfit.lbfgs_fitter INFO     running LBFGS for 500 iterations and then stopping
rank #0: 2018-06-03 08:33:46,121 rsdfit.lbfgs_fitter INFO     running LBFGS minimizer with priors
rank #0: 2018-06-03 08:33:46,122 root         INFO     Iter           N          b1        f_nl   sigma_fog   F(X)     
rank #0: 2018-06-03 08:33:46,661 LBFGS        INFO     options = {'factr': 100000.0, 'gtol': 1e-05, 'max_iter': 500, 'test_convergence': False}
rank #0: 2018-06-03 08:33:46,662 LBFGS        PARAM    0000          0.000000          2.000000          0.000000          4.000000        132.780332
rank #0: 2018-06-03 08:33:47,273 LBFGS        PARAM    0001         33.124168          2.149028          1.252606          3.990882        106.085470
rank #0: 2018-06-03 08:33:47,822 LBFGS        PARAM    0002       -113.535165          2.481720          7.254899          4.167471         81.148996
rank #0: 2018-06-03 08:33:48,373 LBFGS        PARAM    0003       -289.847489          2.513241          8.637916          4.320907         73.558432
rank #0: 2018-06-03 08:33:48,924 LBFGS        PARAM    0004       -574.354726          2.570677         11.865610          4.565853         69.042492
rank #0: 2018-06-03 08:33:49,644 LBFGS        PARAM    0005       -567.825365          2.563664         12.584879          4.551454         69.023377
rank #0: 2018-06-03 08:33:50,194 LBFGS        PARAM    0006       -565.262523          2.559995         14.280108          4.533392         69.001396
rank #0: 2018-06-03 08:33:50,741 LBFGS        PARAM    0007       -564.472693          2.542776         28.206914          4.416931         68.881854
rank #0: 2018-06-03 08:33:51,288 LBFGS        PARAM    0008       -572.016142          2.538084         39.091808          4.369069         68.821151
rank #0: 2018-06-03 08:33:51,835 LBFGS        PARAM    0009       -573.660391          2.542780         41.622738          4.415415         68.792281
rank #0: 2018-06-03 08:33:52,384 LBFGS        PARAM    0010       -573.390770          2.545731         40.593118          4.444700         68.789495
rank #0: 2018-06-03 08:33:52,931 LBFGS        PARAM    0011       -572.811923          2.545311         40.937499          4.444856         68.789398
rank #0: 2018-06-03 08:33:53,478 LBFGS        PARAM    0012       -571.793061          2.545039         40.988739          4.447240         68.789359
rank #0: 2018-06-03 08:33:54,026 LBFGS        PARAM    0013       -571.637808          2.545026         40.978012          4.447730         68.789358
rank #0: 2018-06-03 08:33:54,574 LBFGS        PARAM    0014       -571.636823          2.545028         40.975470          4.447750         68.789358
rank #0: 2018-06-03 08:33:55,127 LBFGS        PARAM    0015       -571.636942          2.545028         40.975378          4.447750         68.789358
rank #0: 2018-06-03 08:33:55,677 LBFGS        PARAM    0016       -571.636932          2.545028         40.975376          4.447750         68.789358
rank #0: 2018-06-03 08:33:56,227 LBFGS        PARAM    0017       -571.636923          2.545028         40.975377          4.447750         68.789358
rank #0: 2018-06-03 08:33:56,778 LBFGS        PARAM    0018       -571.636925          2.545028         40.975378          4.447750         68.789358
rank #0: 2018-06-03 08:34:20,355 LBFGS        INFO     Linesearch failed in both LBFGS and gradient directions
rank #0: 2018-06-03 08:34:20,356 LBFGS        PARAM    0018       -571.636925          2.545028         40.975378          4.447750         68.789358
rank #0: 2018-06-03 08:34:20,357 rsdfit.lbfgs_fitter WARNING  ...LBFGS optimization finished. Time elapsed: 0:00:33.70
rank #0: 2018-06-03 08:34:20,358 rsdfit.lbfgs_fitter ERROR    nonlinear fit with method L-BFGS-B failed: Linesearch failed in both LBFGS and gradient directions
rank #0: 2018-06-03 08:34:20,359 rsdfit.fitting_driver INFO     rank 50 on nid00619     ...fitting complete
rank #0: 2018-06-03 08:34:20,362 rsdfit.fitting_driver INFO     rank 50 on nid00619     Saving the results to `/global/cscratch1/sd/nhand/eBOSS/fits/results/mocks/ezmock/v1.8e-fph/0.0001-0.3/basemodel-N-fnl/0.8-2.2/QSO-N-0781-P0+P2-mock-cov-f224d44da7/2018-06-03_nlopt_18i_chain0__1.npz`
rank #0: 2018-06-03 08:34:20,813 pyRSD.analysis.lbfgs_results INFO     
minimum chi2 = 68.7893583474

Free parameters [ mean ]
_______________
N              : -571.636925104
b1             : 2.54502814906
f_nl           : 40.9753776633
sigma_fog      : 4.44774998713

Constrained parameters [ mean ]
_________________________
b1sigma8       : 0.921894473455
