rank #0: 2018-06-03 08:59:59,234 rsdfit.fitting_driver INFO     rank 10 on nid00555     Calling the 'nlopt' solve function
rank #0: 2018-06-03 08:59:59,236 rsdfit.lbfgs_fitter INFO     running LBFGS for 500 iterations and then stopping
rank #0: 2018-06-03 08:59:59,236 rsdfit.lbfgs_fitter INFO     running LBFGS minimizer with priors
rank #0: 2018-06-03 08:59:59,237 root         INFO     Iter           N          b1        f_nl   sigma_fog   F(X)     
rank #0: 2018-06-03 08:59:59,774 LBFGS        INFO     options = {'factr': 100000.0, 'gtol': 1e-05, 'max_iter': 500, 'test_convergence': False}
rank #0: 2018-06-03 08:59:59,776 LBFGS        PARAM    0000          0.000000          2.000000          0.000000          4.000000        131.493371
rank #0: 2018-06-03 09:00:00,388 LBFGS        PARAM    0001         31.613944          2.109094          2.636071          3.983656        106.624100
rank #0: 2018-06-03 09:00:00,939 LBFGS        PARAM    0002        -70.028735          2.384958         14.017053          4.064966         81.536544
rank #0: 2018-06-03 09:00:01,490 LBFGS        PARAM    0003       -181.354917          2.388280         17.061220          4.155962         75.862479
rank #0: 2018-06-03 09:00:02,041 LBFGS        PARAM    0004       -446.706458          2.444613         28.651928          4.366309         70.904758
rank #0: 2018-06-03 09:00:02,592 LBFGS        PARAM    0005       -434.101940          2.429767         33.361321          4.343059         70.512714
rank #0: 2018-06-03 09:00:03,145 LBFGS        PARAM    0006       -404.300273          2.396079         55.398945          4.256956         69.968976
rank #0: 2018-06-03 09:00:03,698 LBFGS        PARAM    0007       -413.290423          2.406215         49.056729          4.238428         69.892915
rank #0: 2018-06-03 09:00:04,250 LBFGS        PARAM    0008       -416.432189          2.405884         50.073893          4.226337         69.886657
rank #0: 2018-06-03 09:00:04,804 LBFGS        PARAM    0009       -420.775899          2.405632         50.532683          4.205760         69.883858
rank #0: 2018-06-03 09:00:05,361 LBFGS        PARAM    0010       -424.269760          2.405589         50.438862          4.188312         69.882893
rank #0: 2018-06-03 09:00:05,913 LBFGS        PARAM    0011       -424.729024          2.405718         50.357242          4.186368         69.882865
rank #0: 2018-06-03 09:00:06,464 LBFGS        PARAM    0012       -424.707665          2.405704         50.352100          4.186424         69.882865
rank #0: 2018-06-03 09:00:07,018 LBFGS        PARAM    0013       -424.704874          2.405705         50.351848          4.186439         69.882865
rank #0: 2018-06-03 09:00:07,660 LBFGS        PARAM    0014       -424.704592          2.405705         50.351816          4.186441         69.882865
rank #0: 2018-06-03 09:00:08,209 LBFGS        PARAM    0015       -424.704584          2.405705         50.351816          4.186441         69.882865
rank #0: 2018-06-03 09:00:08,210 LBFGS        INFO     LBFGS iteration 15: the descent direction does not have a sufficient projection (cos(theta)=-6.53e-01, theta=130.7872) into the gradient; using steepest descent at this step!
rank #0: 2018-06-03 09:00:19,456 LBFGS        INFO     Linesearch failed in both LBFGS and gradient directions
rank #0: 2018-06-03 09:00:19,457 LBFGS        PARAM    0015       -424.704584          2.405705         50.351816          4.186441         69.882865
rank #0: 2018-06-03 09:00:19,458 rsdfit.lbfgs_fitter WARNING  ...LBFGS optimization finished. Time elapsed: 0:00:19.68
rank #0: 2018-06-03 09:00:19,459 rsdfit.lbfgs_fitter ERROR    nonlinear fit with method L-BFGS-B failed: Linesearch failed in both LBFGS and gradient directions
rank #0: 2018-06-03 09:00:19,460 rsdfit.fitting_driver INFO     rank 10 on nid00555     ...fitting complete
rank #0: 2018-06-03 09:00:19,463 rsdfit.fitting_driver INFO     rank 10 on nid00555     Saving the results to `/global/cscratch1/sd/nhand/eBOSS/fits/results/mocks/ezmock/v1.8e-fph/0.0001-0.3/basemodel-N-fnl/0.8-2.2/QSO-N-0953-P0+P2-mock-cov-1ab4f6001f/2018-06-03_nlopt_15i_chain0__1.npz`
rank #0: 2018-06-03 09:00:19,486 pyRSD.analysis.lbfgs_results INFO     
minimum chi2 = 69.8828647361

Free parameters [ mean ]
_______________
N              : -424.704584029
b1             : 2.40570526078
f_nl           : 50.3518155368
sigma_fog      : 4.18644093095

Constrained parameters [ mean ]
_________________________
b1sigma8       : 0.901863558824
