rank #0: 2018-06-24 13:05:18,469 rsdfit.fitting_driver INFO     rank 5 on nid00545     Calling the 'nlopt' solve function
rank #0: 2018-06-24 13:05:18,470 rsdfit.lbfgs_fitter INFO     running LBFGS for 500 iterations and then stopping
rank #0: 2018-06-24 13:05:18,471 rsdfit.lbfgs_fitter INFO     running LBFGS minimizer with priors
rank #0: 2018-06-24 13:05:18,472 root         INFO     Iter           N          b1        f_nl   sigma_fog   F(X)     
rank #0: 2018-06-24 13:05:19,061 LBFGS        INFO     options = {'factr': 100000.0, 'gtol': 1e-05, 'max_iter': 500, 'test_convergence': False}
rank #0: 2018-06-24 13:05:19,062 LBFGS        PARAM    0000          0.000000          2.000000          0.000000          4.000000         91.750811
rank #0: 2018-06-24 13:05:19,717 LBFGS        PARAM    0001         -4.618055          2.055277          1.579645          3.990626         86.861796
rank #0: 2018-06-24 13:05:20,311 LBFGS        PARAM    0002       -143.547182          2.216404          8.996511          4.020383         79.364303
rank #0: 2018-06-24 13:05:20,910 LBFGS        PARAM    0003       -265.343524          2.246240         13.067131          4.067474         77.159503
rank #0: 2018-06-24 13:05:21,507 LBFGS        PARAM    0004       -437.785805          2.260660         23.917498          4.063830         75.536752
rank #0: 2018-06-24 13:05:22,088 LBFGS        PARAM    0005       -468.473559          2.260636         29.684623          4.017531         75.260946
rank #0: 2018-06-24 13:05:22,687 LBFGS        PARAM    0006       -582.592104          2.242306         69.192312          3.661504         73.951249
rank #0: 2018-06-24 13:05:23,287 LBFGS        PARAM    0007       -570.713797          2.214630         96.700024          3.470888         73.213826
rank #0: 2018-06-24 13:05:23,875 LBFGS        PARAM    0008       -467.008447          2.181364        113.397629          3.502705         72.695048
rank #0: 2018-06-24 13:05:24,470 LBFGS        PARAM    0009       -427.170345          2.177950        113.428396          3.582257         72.645889
rank #0: 2018-06-24 13:05:25,069 LBFGS        PARAM    0010       -422.023271          2.177546        113.884771          3.609007         72.640088
rank #0: 2018-06-24 13:05:25,670 LBFGS        PARAM    0011       -421.316538          2.178040        114.734492          3.644424         72.635903
rank #0: 2018-06-24 13:05:26,259 LBFGS        PARAM    0012       -421.259137          2.177968        114.507107          3.645413         72.635877
rank #0: 2018-06-24 13:05:26,862 LBFGS        PARAM    0013       -421.322588          2.178034        114.543311          3.645166         72.635872
rank #0: 2018-06-24 13:05:27,463 LBFGS        PARAM    0014       -421.325249          2.178032        114.544462          3.645154         72.635872
rank #0: 2018-06-24 13:05:28,053 LBFGS        PARAM    0015       -421.326057          2.178032        114.544399          3.645153         72.635872
rank #0: 2018-06-24 13:05:28,650 LBFGS        PARAM    0016       -421.326162          2.178032        114.544388          3.645153         72.635872
rank #0: 2018-06-24 13:05:29,385 LBFGS        PARAM    0017       -421.326162          2.178032        114.544388          3.645153         72.635872
rank #0: 2018-06-24 13:05:54,900 LBFGS        INFO     Linesearch failed in both LBFGS and gradient directions
rank #0: 2018-06-24 13:05:54,902 LBFGS        PARAM    0017       -421.326162          2.178032        114.544388          3.645153         72.635872
rank #0: 2018-06-24 13:05:54,902 rsdfit.lbfgs_fitter WARNING  ...LBFGS optimization finished. Time elapsed: 0:00:35.84
rank #0: 2018-06-24 13:05:54,903 rsdfit.lbfgs_fitter ERROR    nonlinear fit with method L-BFGS-B failed: Linesearch failed in both LBFGS and gradient directions
rank #0: 2018-06-24 13:05:54,905 rsdfit.fitting_driver INFO     rank 5 on nid00545     ...fitting complete
rank #0: 2018-06-24 13:05:54,908 rsdfit.fitting_driver INFO     rank 5 on nid00545     Saving the results to `/global/cscratch1/sd/nhand/eBOSS/fits/results/mocks/ezmock/v1.8e-fph/0.005-0.3/basemodel-N-fnl/0.8-2.2/QSO-S-0874-P0+P2-mock-cov-8973e9cf3e/2018-06-24_nlopt_17i_chain0__1.npz`
rank #0: 2018-06-24 13:05:54,935 pyRSD.analysis.lbfgs_results INFO     
minimum chi2 = 72.6358723579

Free parameters [ mean ]
_______________
N              : -421.32616178
b1             : 2.17803223564
f_nl           : 114.54438842
sigma_fog      : 3.64515301759

Constrained parameters [ mean ]
_________________________
b1sigma8       : 0.867539012218
