rank #0: 2018-12-30 16:12:43,482 rsdfit.fitting_driver INFO     rank 59 on nid00554     Calling the 'nlopt' solve function
rank #0: 2018-12-30 16:12:43,482 rsdfit.lbfgs_fitter INFO     running LBFGS for 500 iterations and then stopping
rank #0: 2018-12-30 16:12:43,483 rsdfit.lbfgs_fitter INFO     running LBFGS minimizer with priors
rank #0: 2018-12-30 16:12:43,483 root         INFO     Iter           N          b1        f_nl   sigma_fog   F(X)     
rank #0: 2018-12-30 16:12:43,484 rsdfit.lbfgs_fitter INFO     computing gradient using numerical derivative of lnlike()
rank #0: 2018-12-30 16:12:44,099 LBFGS        INFO     options = {'factr': 100000.0, 'gtol': 1e-05, 'max_iter': 500, 'test_convergence': False}
rank #0: 2018-12-30 16:12:44,100 LBFGS        PARAM    0000          0.000000          2.000000          0.000000          4.000000         85.312978
rank #0: 2018-12-30 16:12:44,781 LBFGS        PARAM    0001         -2.849800          2.054554          0.413362          4.006434         77.779190
rank #0: 2018-12-30 16:12:45,410 LBFGS        PARAM    0002       -105.091338          2.180521          1.831549          4.098953         68.855202
rank #0: 2018-12-30 16:12:46,040 LBFGS        PARAM    0003       -200.318180          2.208059          2.259667          4.188190         66.378648
rank #0: 2018-12-30 16:12:46,664 LBFGS        PARAM    0004       -299.997621          2.219131          2.095022          4.312316         65.253485
rank #0: 2018-12-30 16:12:47,268 LBFGS        PARAM    0005       -297.855107          2.220366          1.977417          4.321778         65.244005
rank #0: 2018-12-30 16:12:47,891 LBFGS        PARAM    0006       -286.145238          2.223237          1.219621          4.376789         65.212715
rank #0: 2018-12-30 16:12:48,519 LBFGS        PARAM    0007       -275.602022          2.223279          0.367343          4.429119         65.194277
rank #0: 2018-12-30 16:12:49,126 LBFGS        PARAM    0008       -270.016233          2.221826         -1.745313          4.460068         65.181734
rank #0: 2018-12-30 16:12:50,446 LBFGS        PARAM    0009       -269.508264          2.221482         -3.119056          4.469705         65.178809
rank #0: 2018-12-30 16:12:51,131 LBFGS        PARAM    0010       -269.937524          2.221633         -4.515955          4.472650         65.176446
rank #0: 2018-12-30 16:12:51,747 LBFGS        PARAM    0011       -271.721113          2.222824         -7.897105          4.473084         65.171527
rank #0: 2018-12-30 16:12:52,370 LBFGS        PARAM    0012       -273.571922          2.224806        -10.831847          4.468542         65.167865
rank #0: 2018-12-30 16:12:52,993 LBFGS        PARAM    0013       -274.586611          2.225763        -11.564392          4.462776         65.167108
rank #0: 2018-12-30 16:12:53,598 LBFGS        PARAM    0014       -274.697111          2.225839        -11.379621          4.461326         65.167066
rank #0: 2018-12-30 16:12:54,225 LBFGS        PARAM    0015       -274.679269          2.225819        -11.287276          4.461165         65.167065
rank #0: 2018-12-30 16:12:54,850 LBFGS        PARAM    0016       -274.673560          2.225815        -11.279410          4.461181         65.167065
rank #0: 2018-12-30 16:12:55,460 LBFGS        PARAM    0017       -274.673113          2.225814        -11.279228          4.461183         65.167065
rank #0: 2018-12-30 16:12:56,070 LBFGS        PARAM    0018       -274.673094          2.225814        -11.279229          4.461183         65.167065
rank #0: 2018-12-30 16:12:56,763 LBFGS        PARAM    0019       -274.673094          2.225814        -11.279229          4.461183         65.167065
rank #0: 2018-12-30 16:13:23,494 LBFGS        INFO     Linesearch failed in both LBFGS and gradient directions
rank #0: 2018-12-30 16:13:23,495 LBFGS        PARAM    0019       -274.673094          2.225814        -11.279229          4.461183         65.167065
rank #0: 2018-12-30 16:13:23,496 rsdfit.lbfgs_fitter WARNING  ...LBFGS optimization finished. Time elapsed: 0:00:39.40
rank #0: 2018-12-30 16:13:23,496 rsdfit.lbfgs_fitter ERROR    nonlinear fit with method L-BFGS-B failed: Linesearch failed in both LBFGS and gradient directions
rank #0: 2018-12-30 16:13:23,497 rsdfit.fitting_driver INFO     rank 59 on nid00554     ...fitting complete
rank #0: 2018-12-30 16:13:23,501 rsdfit.fitting_driver INFO     rank 59 on nid00554     Saving the results to `/global/cscratch1/sd/nhand/eBOSS/fits/results/mocks/ezmock/v1.8e-fph/0.0001-0.3/basemodel-N-fnl/0.8-2.2/QSO-N-0475-P0+P2-mock-cov-36c6ea70fd/2018-12-30_nlopt_19i_chain0__1.npz`
rank #0: 2018-12-30 16:13:23,752 pyRSD.analysis.lbfgs_results INFO     
minimum chi2 = 65.1670646058

Free parameters [ mean ]
_______________
N              : -274.673094043
b1             : 2.22581445404
f_nl           : -11.2792290836
sigma_fog      : 4.46118294944

Constrained parameters [ mean ]
_________________________
b1sigma8       : 0.886571301032
