rank #0: 2019-02-16 14:24:54,544 rsdfit.fitting_driver INFO     rank 31 on nid01132     Calling the 'nlopt' solve function
rank #0: 2019-02-16 14:24:54,544 rsdfit.lbfgs_fitter INFO     running LBFGS for 500 iterations and then stopping
rank #0: 2019-02-16 14:24:54,544 rsdfit.lbfgs_fitter INFO     running LBFGS minimizer with priors
rank #0: 2019-02-16 14:24:54,544 root         INFO     Iter           N          b1        f_nl   sigma_fog   F(X)     
rank #0: 2019-02-16 14:24:54,545 rsdfit.lbfgs_fitter INFO     computing gradient using numerical derivative of lnlike()
rank #0: 2019-02-16 14:24:55,678 LBFGS        INFO     options = {'factr': 100000.0, 'gtol': 1e-05, 'max_iter': 500, 'test_convergence': False}
rank #0: 2019-02-16 14:24:55,679 LBFGS        PARAM    0000          0.000000          2.000000          0.000000          4.000000        144.069238
rank #0: 2019-02-16 14:24:56,966 LBFGS        PARAM    0001         23.268106          2.133093          1.252877          3.997058        121.468676
rank #0: 2019-02-16 14:24:58,120 LBFGS        PARAM    0002       -107.681116          2.425213          7.351328          4.193047         99.670289
rank #0: 2019-02-16 14:24:59,269 LBFGS        PARAM    0003       -276.828423          2.468400          9.585354          4.369993         92.903526
rank #0: 2019-02-16 14:25:00,420 LBFGS        PARAM    0004       -518.485986          2.508292         14.743675          4.690115         88.733443
rank #0: 2019-02-16 14:25:01,570 LBFGS        PARAM    0005       -511.787325          2.510696         16.441867          4.718550         88.650838
rank #0: 2019-02-16 14:25:02,718 LBFGS        PARAM    0006       -425.674657          2.509657         36.193378          5.042208         88.058392
rank #0: 2019-02-16 14:25:03,865 LBFGS        PARAM    0007       -381.724655          2.497575         49.863392          5.224142         87.835266
rank #0: 2019-02-16 14:25:05,016 LBFGS        PARAM    0008       -366.192573          2.482980         66.554949          5.286313         87.615193
rank #0: 2019-02-16 14:25:06,170 LBFGS        PARAM    0009       -363.241352          2.457029         94.334959          5.242093         87.350777
rank #0: 2019-02-16 14:25:07,316 LBFGS        PARAM    0010       -379.022434          2.446196        108.147298          5.112050         87.226913
rank #0: 2019-02-16 14:25:08,466 LBFGS        PARAM    0011       -399.853849          2.447746        114.810465          4.962872         87.166451
rank #0: 2019-02-16 14:25:09,613 LBFGS        PARAM    0012       -400.549020          2.446949        112.281026          4.943806         87.163437
rank #0: 2019-02-16 14:25:10,760 LBFGS        PARAM    0013       -401.487588          2.447384        112.121526          4.944952         87.163380
rank #0: 2019-02-16 14:25:11,910 LBFGS        PARAM    0014       -401.519830          2.447403        112.110659          4.944888         87.163380
rank #0: 2019-02-16 14:25:13,057 LBFGS        PARAM    0015       -401.518600          2.447404        112.109501          4.944893         87.163380
rank #0: 2019-02-16 14:25:14,203 LBFGS        PARAM    0016       -401.518308          2.447404        112.109437          4.944894         87.163380
rank #0: 2019-02-16 14:25:15,359 LBFGS        PARAM    0017       -401.518301          2.447404        112.109438          4.944894         87.163380
rank #0: 2019-02-16 14:25:15,361 LBFGS        INFO     LBFGS iteration 17: the descent direction does not have a sufficient projection (cos(theta)=-4.34e-01, theta=115.7149) into the gradient; using steepest descent at this step!
rank #0: 2019-02-16 14:25:16,775 LBFGS        PARAM    0018       -401.518301          2.447404        112.109438          4.944894         87.163380
rank #0: 2019-02-16 14:25:16,777 LBFGS        INFO     LBFGS iteration 18: the descent direction does not have a sufficient projection (cos(theta)=-9.89e-01, theta=171.5116) into the gradient; using steepest descent at this step!
rank #0: 2019-02-16 14:25:18,064 LBFGS        PARAM    0019       -401.518294          2.447404        112.109438          4.944894         87.163380
rank #0: 2019-02-16 14:25:46,433 LBFGS        PARAM    0020       -401.518295          2.447404        112.109438          4.944894         87.163380
rank #0: 2019-02-16 14:26:14,839 LBFGS        PARAM    0021       -401.518286          2.447404        112.109438          4.944894         87.163380
rank #0: 2019-02-16 14:27:06,607 LBFGS        INFO     Linesearch failed in both LBFGS and gradient directions
rank #0: 2019-02-16 14:27:06,608 LBFGS        PARAM    0021       -401.518286          2.447404        112.109438          4.944894         87.163380
rank #0: 2019-02-16 14:27:06,609 rsdfit.lbfgs_fitter WARNING  ...LBFGS optimization finished. Time elapsed: 0:02:10.93
rank #0: 2019-02-16 14:27:06,610 rsdfit.lbfgs_fitter ERROR    nonlinear fit with method L-BFGS-B failed: Linesearch failed in both LBFGS and gradient directions
rank #0: 2019-02-16 14:27:06,611 rsdfit.fitting_driver INFO     rank 31 on nid01132     ...fitting complete
rank #0: 2019-02-16 14:27:06,614 rsdfit.fitting_driver INFO     rank 31 on nid01132     Saving the results to `/global/cscratch1/sd/nhand/eBOSS/fits/results/mocks/ezmock/v1.8e-fph/0.005-0.3/basemodel-N-fnl/0.8-2.2/QSO-N-0203-P0+P2-mock-cov-3574198df7/2019-02-16_nlopt_21i_chain0__1.npz`
rank #0: 2019-02-16 14:27:06,621 pyRSD.analysis.lbfgs_results INFO     
minimum chi2 = 87.16337974788573

Free parameters [ mean ]
_______________
N              : -401.5182860670426
b1             : 2.4474038687996673
f_nl           : 112.10943835082571
sigma_fog      : 4.944894011076856

Constrained parameters [ mean ]
_________________________
b1sigma8       : 0.8865316879856384
