rank #0: 2018-10-08 10:13:43,038 rsdfit.fitting_driver INFO     rank 15 on nid00693     Calling the 'nlopt' solve function
rank #0: 2018-10-08 10:13:43,039 rsdfit.lbfgs_fitter INFO     running LBFGS for 500 iterations and then stopping
rank #0: 2018-10-08 10:13:43,039 rsdfit.lbfgs_fitter INFO     running LBFGS minimizer with priors
rank #0: 2018-10-08 10:13:43,040 root         INFO     Iter           N          b1        f_nl   sigma_fog   F(X)     
rank #0: 2018-10-08 10:13:43,040 rsdfit.lbfgs_fitter INFO     computing gradient using numerical derivative of lnlike()
rank #0: 2018-10-08 10:13:44,220 LBFGS        INFO     options = {'factr': 100000.0, 'gtol': 1e-05, 'max_iter': 500, 'test_convergence': False}
rank #0: 2018-10-08 10:13:44,222 LBFGS        PARAM    0000          0.000000          2.000000          0.000000          4.000000        129.681043
rank #0: 2018-10-08 10:13:45,592 LBFGS        PARAM    0001         38.998988          2.144266          1.110859          3.972378        104.262179
rank #0: 2018-10-08 10:13:46,826 LBFGS        PARAM    0002        -89.383600          2.462808          6.032456          4.074672         82.027681
rank #0: 2018-10-08 10:13:48,040 LBFGS        PARAM    0003       -239.796432          2.482171          6.603173          4.198360         76.031518
rank #0: 2018-10-08 10:13:49,275 LBFGS        PARAM    0004       -516.122283          2.548852          7.999449          4.422146         72.178878
rank #0: 2018-10-08 10:13:50,490 LBFGS        PARAM    0005       -505.532719          2.538053          7.220946          4.408430         72.156710
rank #0: 2018-10-08 10:13:51,709 LBFGS        PARAM    0006       -506.320837          2.539652          7.015430          4.406235         72.153910
rank #0: 2018-10-08 10:13:52,948 LBFGS        PARAM    0007       -509.073019          2.542133          6.153197          4.398341         72.148872
rank #0: 2018-10-08 10:13:54,169 LBFGS        PARAM    0008       -514.806848          2.545152          4.102098          4.380742         72.140833
rank #0: 2018-10-08 10:13:55,412 LBFGS        PARAM    0009       -522.950773          2.547590          0.711429          4.355805         72.131135
rank #0: 2018-10-08 10:13:56,633 LBFGS        PARAM    0010       -522.906763          2.550492         -4.670999          4.378740         72.120735
rank #0: 2018-10-08 10:13:57,862 LBFGS        PARAM    0011       -521.457779          2.549933         -5.880795          4.382943         72.119663
rank #0: 2018-10-08 10:13:59,098 LBFGS        PARAM    0012       -521.471028          2.549650         -5.957352          4.382814         72.119610
rank #0: 2018-10-08 10:14:00,329 LBFGS        PARAM    0013       -521.587323          2.549544         -5.901777          4.382164         72.119605
rank #0: 2018-10-08 10:14:01,586 LBFGS        PARAM    0014       -521.646337          2.549523         -5.875766          4.381870         72.119605
rank #0: 2018-10-08 10:14:02,819 LBFGS        PARAM    0015       -521.654522          2.549525         -5.874525          4.381837         72.119605
rank #0: 2018-10-08 10:14:04,057 LBFGS        PARAM    0016       -521.655267          2.549525         -5.874778          4.381835         72.119605
rank #0: 2018-10-08 10:14:05,294 LBFGS        PARAM    0017       -521.655380          2.549525         -5.874849          4.381835         72.119605
rank #0: 2018-10-08 10:14:06,517 LBFGS        PARAM    0018       -521.655330          2.549525         -5.874851          4.381835         72.119605
rank #0: 2018-10-08 10:14:08,027 LBFGS        PARAM    0019       -521.655330          2.549525         -5.874851          4.381835         72.119605
rank #0: 2018-10-08 10:14:09,376 LBFGS        PARAM    0020       -521.655330          2.549525         -5.874851          4.381835         72.119605
rank #0: 2018-10-08 10:14:10,589 LBFGS        PARAM    0021       -521.655330          2.549525         -5.874851          4.381835         72.119605
rank #0: 2018-10-08 10:14:40,261 LBFGS        PARAM    0022       -521.655330          2.549525         -5.874851          4.381835         72.119605
rank #0: 2018-10-08 10:14:40,263 LBFGS        INFO     LBFGS iteration 22: the descent direction does not have a sufficient projection (cos(theta)=-3.10e-01, theta=108.0603) into the gradient; using steepest descent at this step!
rank #0: 2018-10-08 10:15:05,897 LBFGS        INFO     Linesearch failed in both LBFGS and gradient directions
rank #0: 2018-10-08 10:15:05,898 LBFGS        PARAM    0022       -521.655330          2.549525         -5.874851          4.381835         72.119605
rank #0: 2018-10-08 10:15:05,898 rsdfit.lbfgs_fitter WARNING  ...LBFGS optimization finished. Time elapsed: 0:01:21.68
rank #0: 2018-10-08 10:15:05,899 rsdfit.lbfgs_fitter ERROR    nonlinear fit with method L-BFGS-B failed: Linesearch failed in both LBFGS and gradient directions
rank #0: 2018-10-08 10:15:05,900 rsdfit.fitting_driver INFO     rank 15 on nid00693     ...fitting complete
rank #0: 2018-10-08 10:15:05,904 rsdfit.fitting_driver INFO     rank 15 on nid00693     Saving the results to `/global/cscratch1/sd/nhand/eBOSS/fits/results/mocks/ezmock/v1.8e-fph/0.0001-0.3/basemodel-N-fnl/0.8-2.2/QSO-N-0616-P0+P2-mock-cov-4ae05ce33e/2018-10-08_nlopt_22i_chain0__1.npz`
rank #0: 2018-10-08 10:15:05,956 pyRSD.analysis.lbfgs_results INFO     
minimum chi2 = 72.1196045802

Free parameters [ mean ]
_______________
N              : -521.655330178
b1             : 2.54952539035
f_nl           : -5.8748508626
sigma_fog      : 4.3818346706

Constrained parameters [ mean ]
_________________________
b1sigma8       : 0.923523524942
