rank #0: 2018-06-24 13:43:20,673 rsdfit.fitting_driver INFO     rank 54 on nid00566     Calling the 'nlopt' solve function
rank #0: 2018-06-24 13:43:20,673 rsdfit.lbfgs_fitter INFO     running LBFGS for 500 iterations and then stopping
rank #0: 2018-06-24 13:43:20,674 rsdfit.lbfgs_fitter INFO     running LBFGS minimizer with priors
rank #0: 2018-06-24 13:43:20,674 root         INFO     Iter           N          b1        f_nl   sigma_fog   F(X)     
rank #0: 2018-06-24 13:43:21,255 LBFGS        INFO     options = {'factr': 100000.0, 'gtol': 1e-05, 'max_iter': 500, 'test_convergence': False}
rank #0: 2018-06-24 13:43:21,256 LBFGS        PARAM    0000          0.000000          2.000000          0.000000          4.000000        146.757030
rank #0: 2018-06-24 13:43:21,916 LBFGS        PARAM    0001         32.439193          2.150432          1.326825          3.999599        119.987571
rank #0: 2018-06-24 13:43:22,502 LBFGS        PARAM    0002       -115.026852          2.485065          7.745174          4.219739         94.597389
rank #0: 2018-06-24 13:43:23,099 LBFGS        PARAM    0003       -295.792461          2.521496          9.386735          4.402102         86.606974
rank #0: 2018-06-24 13:43:23,697 LBFGS        PARAM    0004       -566.445330          2.573832         12.892889          4.711400         81.967488
rank #0: 2018-06-24 13:43:24,279 LBFGS        PARAM    0005       -555.838914          2.569604         13.763775          4.727480         81.930473
rank #0: 2018-06-24 13:43:24,878 LBFGS        PARAM    0006       -494.757802          2.555251         22.374440          4.894499         81.737415
rank #0: 2018-06-24 13:43:25,476 LBFGS        PARAM    0007       -472.365745          2.551904         32.207839          5.012615         81.635831
rank #0: 2018-06-24 13:43:26,069 LBFGS        PARAM    0008       -470.664492          2.547763         43.796356          5.036439         81.569310
rank #0: 2018-06-24 13:43:26,656 LBFGS        PARAM    0009       -478.946148          2.542009         53.928584          4.987446         81.533959
rank #0: 2018-06-24 13:43:27,254 LBFGS        PARAM    0010       -484.666994          2.538326         56.645796          4.929877         81.526054
rank #0: 2018-06-24 13:43:27,852 LBFGS        PARAM    0011       -486.689027          2.538609         56.284642          4.921532         81.525871
rank #0: 2018-06-24 13:43:28,434 LBFGS        PARAM    0012       -486.849098          2.538681         56.209587          4.921196         81.525870
rank #0: 2018-06-24 13:43:29,033 LBFGS        PARAM    0013       -486.847855          2.538682         56.207696          4.921206         81.525870
rank #0: 2018-06-24 13:43:29,632 LBFGS        PARAM    0014       -486.847777          2.538682         56.207693          4.921206         81.525870
rank #0: 2018-06-24 13:43:30,228 LBFGS        PARAM    0015       -486.847784          2.538682         56.207698          4.921206         81.525870
rank #0: 2018-06-24 13:43:44,501 LBFGS        PARAM    0016       -486.847799          2.538682         56.207698          4.921206         81.525870
rank #0: 2018-06-24 13:44:10,430 LBFGS        INFO     Linesearch failed in both LBFGS and gradient directions
rank #0: 2018-06-24 13:44:10,431 LBFGS        PARAM    0016       -486.847799          2.538682         56.207698          4.921206         81.525870
rank #0: 2018-06-24 13:44:10,432 rsdfit.lbfgs_fitter WARNING  ...LBFGS optimization finished. Time elapsed: 0:00:49.18
rank #0: 2018-06-24 13:44:10,433 rsdfit.lbfgs_fitter ERROR    nonlinear fit with method L-BFGS-B failed: Linesearch failed in both LBFGS and gradient directions
rank #0: 2018-06-24 13:44:10,434 rsdfit.fitting_driver INFO     rank 54 on nid00566     ...fitting complete
rank #0: 2018-06-24 13:44:10,437 rsdfit.fitting_driver INFO     rank 54 on nid00566     Saving the results to `/global/cscratch1/sd/nhand/eBOSS/fits/results/mocks/ezmock/v1.8e-fph/0.005-0.3/basemodel-N-fnl/0.8-2.2/QSO-N-0467-P0+P2-mock-cov-f224d44da7/2018-06-24_nlopt_16i_chain0__1.npz`
rank #0: 2018-06-24 13:44:10,464 pyRSD.analysis.lbfgs_results INFO     
minimum chi2 = 81.5258699233

Free parameters [ mean ]
_______________
N              : -486.847799045
b1             : 2.53868183256
f_nl           : 56.2076984639
sigma_fog      : 4.92120574359

Constrained parameters [ mean ]
_________________________
b1sigma8       : 0.91959562497
