rank #0: 2017-11-25 11:59:32,862 rsdfit.fitting_driver INFO     rank 122 on nid00489     Calling the 'nlopt' solve function
rank #0: 2017-11-25 11:59:32,862 rsdfit.lbfgs_fitter INFO     running LBFGS for 500 iterations and then stopping
rank #0: 2017-11-25 11:59:32,862 rsdfit.lbfgs_fitter INFO     running LBFGS minimizer with priors
rank #0: 2017-11-25 11:59:32,862 root         INFO     Iter           N          b1        f_nl   sigma_fog   F(X)     
rank #0: 2017-11-25 11:59:32,910 root         INFO     analytic derivative for parameter 'N' not available; no registered subclass for dPkmu/dN
rank #0: 2017-11-25 11:59:33,199 LBFGS        INFO     options = {'factr': 100000.0, 'gtol': 1e-05, 'max_iter': 500, 'test_convergence': False}
rank #0: 2017-11-25 11:59:33,200 LBFGS        PARAM    0000          0.000000          2.000000          0.000000          4.000000        150.277631
rank #0: 2017-11-25 11:59:33,601 LBFGS        PARAM    0001         15.916574          2.050212          0.401964          3.960438        134.722010
rank #0: 2017-11-25 11:59:33,943 LBFGS        PARAM    0002        -32.539942          2.169576          2.023373          3.860268        118.415208
rank #0: 2017-11-25 11:59:34,286 LBFGS        PARAM    0003       -110.912099          2.198927          2.897168          3.816843        113.521550
rank #0: 2017-11-25 11:59:34,629 LBFGS        PARAM    0004       -610.802872          2.318687          8.858425          3.178853         97.772333
rank #0: 2017-11-25 11:59:34,972 LBFGS        PARAM    0005       -612.295078          2.283927         10.049311          3.027822         94.727599
rank #0: 2017-11-25 11:59:35,314 LBFGS        PARAM    0006       -597.114796          2.270581         10.864433          2.966828         94.085648
rank #0: 2017-11-25 11:59:35,658 LBFGS        PARAM    0007       -611.283279          2.258301         13.819099          2.764499         92.814899
rank #0: 2017-11-25 11:59:36,002 LBFGS        PARAM    0008       -647.006836          2.258848         18.227750          2.568477         91.926305
rank #0: 2017-11-25 11:59:36,345 LBFGS        PARAM    0009       -694.781059          2.264633         25.857906          2.395557         91.361888
rank #0: 2017-11-25 11:59:36,688 LBFGS        PARAM    0010       -699.247389          2.268951         30.483848          2.423606         91.259457
rank #0: 2017-11-25 11:59:37,033 LBFGS        PARAM    0011       -699.354548          2.273226         47.857281          2.514929         91.092945
rank #0: 2017-11-25 11:59:37,436 LBFGS        PARAM    0012       -687.541141          2.271096         56.264548          2.575948         91.089920
rank #0: 2017-11-25 11:59:37,833 LBFGS        PARAM    0013       -664.041068          2.262091         70.833072          2.643997         91.011930
rank #0: 2017-11-25 11:59:38,230 LBFGS        PARAM    0014       -640.147783          2.252844         81.030897          2.681471         90.971130
rank #0: 2017-11-25 11:59:38,567 LBFGS        PARAM    0015       -622.771692          2.235878         96.259140          2.613653         90.629249
rank #0: 2017-11-25 11:59:38,903 LBFGS        PARAM    0016       -627.202686          2.236841         92.743981          2.584308         90.532786
rank #0: 2017-11-25 11:59:39,240 LBFGS        PARAM    0017       -645.324099          2.237989         89.368423          2.486901         90.315817
rank #0: 2017-11-25 12:00:03,114 LBFGS        INFO     Linesearch failed in both LBFGS and gradient directions
rank #0: 2017-11-25 12:00:03,115 LBFGS        PARAM    0017       -645.324099          2.237989         89.368423          2.486901         90.315817
rank #0: 2017-11-25 12:00:03,115 rsdfit.lbfgs_fitter WARNING  ...LBFGS optimization finished. Time elapsed: 0:00:29.92
rank #0: 2017-11-25 12:00:03,115 rsdfit.lbfgs_fitter ERROR    nonlinear fit with method L-BFGS-B failed: Linesearch failed in both LBFGS and gradient directions
rank #0: 2017-11-25 12:00:03,116 rsdfit.fitting_driver INFO     rank 122 on nid00489     ...fitting complete
rank #0: 2017-11-25 12:00:03,125 rsdfit.fitting_driver INFO     rank 122 on nid00489     Saving the results to `/global/project/projectdirs/m779/nhand/Research/eBOSS/fits/results/mocks/ezmock/v1.8e-fph/0.0001-0.3/basemodel-N-fnl/0.8-2.2/QSO-S-0371-P0+P2-d10badba55/2017-11-25_nlopt_17i_chain0__1.npz`
rank #0: 2017-11-25 12:00:03,177 pyRSD.analysis.lbfgs_results INFO     
minimum chi2 = 90.3158167365

Free parameters [ mean ]
_______________
N              : -645.324098912
b1             : 2.23798920099
f_nl           : 89.3684227539
sigma_fog      : 2.48690122263

Constrained parameters [ mean ]
_________________________
b1sigma8       : 0.890685194166
