rank #0: 2018-06-24 12:57:13,412 rsdfit.fitting_driver INFO     rank 5 on nid00545     Calling the 'nlopt' solve function
rank #0: 2018-06-24 12:57:13,413 rsdfit.lbfgs_fitter INFO     running LBFGS for 500 iterations and then stopping
rank #0: 2018-06-24 12:57:13,413 rsdfit.lbfgs_fitter INFO     running LBFGS minimizer with priors
rank #0: 2018-06-24 12:57:13,414 root         INFO     Iter           N          b1        f_nl   sigma_fog   F(X)     
rank #0: 2018-06-24 12:57:13,999 LBFGS        INFO     options = {'factr': 100000.0, 'gtol': 1e-05, 'max_iter': 500, 'test_convergence': False}
rank #0: 2018-06-24 12:57:14,000 LBFGS        PARAM    0000          0.000000          2.000000          0.000000          4.000000         81.531166
rank #0: 2018-06-24 12:57:14,667 LBFGS        PARAM    0001         15.970968          2.054643          1.193992          3.967122         76.064673
rank #0: 2018-06-24 12:57:15,249 LBFGS        PARAM    0002        -32.272880          2.185847          5.675812          3.889042         70.530142
rank #0: 2018-06-24 12:57:15,847 LBFGS        PARAM    0003        -99.239663          2.201534          7.417760          3.871728         69.423593
rank #0: 2018-06-24 12:57:16,448 LBFGS        PARAM    0004       -346.704260          2.238718         16.520606          3.627630         67.158507
rank #0: 2018-06-24 12:57:17,048 LBFGS        PARAM    0005       -407.635850          2.239623         21.244181          3.421494         66.664781
rank #0: 2018-06-24 12:57:17,632 LBFGS        PARAM    0006       -479.049986          2.221909         34.550602          2.864664         65.920952
rank #0: 2018-06-24 12:57:18,233 LBFGS        PARAM    0007       -453.215347          2.208997         42.190844          2.813283         65.824435
rank #0: 2018-06-24 12:57:18,837 LBFGS        PARAM    0008       -434.428331          2.200336         47.507341          2.815761         65.803401
rank #0: 2018-06-24 12:57:19,422 LBFGS        PARAM    0009       -432.915049          2.199707         49.213232          2.829753         65.800107
rank #0: 2018-06-24 12:57:20,024 LBFGS        PARAM    0010       -433.405073          2.199777         49.770087          2.841359         65.799474
rank #0: 2018-06-24 12:57:20,628 LBFGS        PARAM    0011       -433.473339          2.199923         49.729381          2.841793         65.799471
rank #0: 2018-06-24 12:57:21,230 LBFGS        PARAM    0012       -433.478327          2.199913         49.723004          2.841796         65.799471
rank #0: 2018-06-24 12:57:21,816 LBFGS        PARAM    0013       -433.479784          2.199913         49.723106          2.841791         65.799471
rank #0: 2018-06-24 12:57:22,417 LBFGS        PARAM    0014       -433.479981          2.199913         49.723099          2.841790         65.799471
rank #0: 2018-06-24 12:57:23,019 LBFGS        PARAM    0015       -433.480012          2.199913         49.723096          2.841790         65.799471
rank #0: 2018-06-24 12:57:23,603 LBFGS        PARAM    0016       -433.480000          2.199913         49.723097          2.841790         65.799471
rank #0: 2018-06-24 12:57:49,559 LBFGS        INFO     Linesearch failed in both LBFGS and gradient directions
rank #0: 2018-06-24 12:57:49,560 LBFGS        PARAM    0016       -433.480000          2.199913         49.723097          2.841790         65.799471
rank #0: 2018-06-24 12:57:49,560 rsdfit.lbfgs_fitter WARNING  ...LBFGS optimization finished. Time elapsed: 0:00:35.56
rank #0: 2018-06-24 12:57:49,561 rsdfit.lbfgs_fitter ERROR    nonlinear fit with method L-BFGS-B failed: Linesearch failed in both LBFGS and gradient directions
rank #0: 2018-06-24 12:57:49,562 rsdfit.fitting_driver INFO     rank 5 on nid00545     ...fitting complete
rank #0: 2018-06-24 12:57:49,565 rsdfit.fitting_driver INFO     rank 5 on nid00545     Saving the results to `/global/cscratch1/sd/nhand/eBOSS/fits/results/mocks/ezmock/v1.8e-fph/0.005-0.3/basemodel-N-fnl/0.8-2.2/QSO-S-0238-P0+P2-mock-cov-8973e9cf3e/2018-06-24_nlopt_16i_chain0__1.npz`
rank #0: 2018-06-24 12:57:49,589 pyRSD.analysis.lbfgs_results INFO     
minimum chi2 = 65.7994707468

Free parameters [ mean ]
_______________
N              : -433.479999508
b1             : 2.19991282196
f_nl           : 49.7230966468
sigma_fog      : 2.84179020381

Constrained parameters [ mean ]
_________________________
b1sigma8       : 0.876254338804
