rank #0: 2017-11-27 21:39:29,583 rsdfit.fitting_driver INFO     rank 170 on nid00524     Calling the 'nlopt' solve function
rank #0: 2017-11-27 21:39:29,584 rsdfit.lbfgs_fitter INFO     running LBFGS for 500 iterations and then stopping
rank #0: 2017-11-27 21:39:29,584 rsdfit.lbfgs_fitter INFO     running LBFGS minimizer with priors
rank #0: 2017-11-27 21:39:29,584 root         INFO     Iter           N          b1           f    sigma8_z   sigma_fog   F(X)     
rank #0: 2017-11-27 21:39:30,240 LBFGS        INFO     options = {'factr': 100000.0, 'gtol': 1e-05, 'max_iter': 500, 'test_convergence': False}
rank #0: 2017-11-27 21:39:30,240 LBFGS        PARAM    0000          0.000000          2.000000          0.930883          0.398070          4.000000         97.625337
rank #0: 2017-11-27 21:39:30,967 LBFGS        PARAM    0001          0.057097          2.002574          0.930965          0.399749          4.000249         95.082979
rank #0: 2017-11-27 21:39:31,630 LBFGS        PARAM    0002        -15.739880          2.064538          0.932080          0.435646          4.032449         72.945921
rank #0: 2017-11-27 21:39:32,293 LBFGS        PARAM    0003        -22.710307          2.052334          0.931220          0.427595          4.045744         71.147967
rank #0: 2017-11-27 21:39:32,955 LBFGS        PARAM    0004        -32.230371          2.055194          0.930718          0.428085          4.063824         70.783573
rank #0: 2017-11-27 21:39:33,617 LBFGS        PARAM    0005       -211.592670          2.098805          0.920675          0.430687          4.407324         66.969208
rank #0: 2017-11-27 21:39:34,281 LBFGS        PARAM    0006       -276.689648          2.112804          0.915861          0.427993          4.545514         66.157524
rank #0: 2017-11-27 21:39:34,941 LBFGS        PARAM    0007       -294.994662          2.119058          0.913132          0.425445          4.602049         65.981894
rank #0: 2017-11-27 21:39:35,599 LBFGS        PARAM    0008       -294.115345          2.120796          0.912399          0.424813          4.610575         65.962443
rank #0: 2017-11-27 21:39:36,249 LBFGS        PARAM    0009       -286.688962          2.127115          0.910010          0.423171          4.633132         65.909310
rank #0: 2017-11-27 21:39:36,908 LBFGS        PARAM    0010       -269.622635          2.139129          0.905792          0.420833          4.668028         65.828134
rank #0: 2017-11-27 21:39:37,568 LBFGS        PARAM    0011       -241.812441          2.157368          0.899672          0.418193          4.710932         65.727400
rank #0: 2017-11-27 21:39:38,230 LBFGS        PARAM    0012       -227.418007          2.170671          0.895136          0.417021          4.716229         65.670073
rank #0: 2017-11-27 21:39:38,894 LBFGS        PARAM    0013       -224.790949          2.174806          0.893699          0.416899          4.706940         65.659476
rank #0: 2017-11-27 21:39:39,556 LBFGS        PARAM    0014       -225.739292          2.175798          0.893302          0.416888          4.699448         65.656078
rank #0: 2017-11-27 21:39:40,228 LBFGS        PARAM    0015       -231.084211          2.180367          0.891402          0.416545          4.669091         65.642909
rank #0: 2017-11-27 21:39:40,891 LBFGS        PARAM    0016       -242.013173          2.191025          0.886982          0.415308          4.614006         65.618463
rank #0: 2017-11-27 21:39:41,551 LBFGS        PARAM    0017       -266.807832          2.218611          0.875639          0.411562          4.496941         65.566217
rank #0: 2017-11-27 21:39:42,211 LBFGS        PARAM    0018       -300.651359          2.262651          0.857988          0.405022          4.346431         65.504955
rank #0: 2017-11-27 21:39:42,870 LBFGS        PARAM    0019       -314.334672          2.284652          0.849591          0.401456          4.298818         65.485992
rank #0: 2017-11-27 21:39:43,530 LBFGS        PARAM    0020       -310.658917          2.280967          0.851214          0.401801          4.323363         65.482863
rank #0: 2017-11-27 21:39:44,191 LBFGS        PARAM    0021       -307.385914          2.276509          0.853008          0.402322          4.339522         65.482319
rank #0: 2017-11-27 21:39:44,865 LBFGS        PARAM    0022       -307.418395          2.276204          0.853114          0.402354          4.339151         65.482309
rank #0: 2017-11-27 21:39:45,571 LBFGS        PARAM    0023       -307.492177          2.276133          0.853137          0.402363          4.338860         65.482308
rank #0: 2017-11-27 21:39:46,234 LBFGS        PARAM    0024       -307.498369          2.276134          0.853136          0.402363          4.338852         65.482308
rank #0: 2017-11-27 21:39:59,717 LBFGS        PARAM    0025       -307.498369          2.276134          0.853136          0.402363          4.338852         65.482308
rank #0: 2017-11-27 21:40:00,382 LBFGS        PARAM    0026       -307.498392          2.276134          0.853136          0.402363          4.338852         65.482308
rank #0: 2017-11-27 21:40:01,047 LBFGS        PARAM    0027       -307.498422          2.276134          0.853136          0.402363          4.338852         65.482308
rank #0: 2017-11-27 21:40:01,775 LBFGS        PARAM    0028       -307.498489          2.276134          0.853137          0.402363          4.338852         65.482308
rank #0: 2017-11-27 21:40:02,865 LBFGS        PARAM    0029       -307.498491          2.276134          0.853137          0.402363          4.338852         65.482308
rank #0: 2017-11-27 21:40:03,648 LBFGS        PARAM    0030       -307.498551          2.276134          0.853137          0.402363          4.338852         65.482308
rank #0: 2017-11-27 21:40:17,244 LBFGS        PARAM    0031       -307.498552          2.276134          0.853137          0.402363          4.338852         65.482308
rank #0: 2017-11-27 21:40:18,024 LBFGS        PARAM    0032       -307.498553          2.276134          0.853137          0.402363          4.338852         65.482308
rank #0: 2017-11-27 21:40:32,036 LBFGS        PARAM    0033       -307.498553          2.276134          0.853137          0.402363          4.338852         65.482308
rank #0: 2017-11-27 21:40:56,357 LBFGS        INFO     Linesearch failed in both LBFGS and gradient directions
rank #0: 2017-11-27 21:40:56,357 LBFGS        PARAM    0033       -307.498553          2.276134          0.853137          0.402363          4.338852         65.482308
rank #0: 2017-11-27 21:40:56,358 rsdfit.lbfgs_fitter WARNING  ...LBFGS optimization finished. Time elapsed: 0:01:26.12
rank #0: 2017-11-27 21:40:56,358 rsdfit.lbfgs_fitter ERROR    nonlinear fit with method L-BFGS-B failed: Linesearch failed in both LBFGS and gradient directions
rank #0: 2017-11-27 21:40:56,359 rsdfit.fitting_driver INFO     rank 170 on nid00524     ...fitting complete
rank #0: 2017-11-27 21:40:56,362 rsdfit.fitting_driver INFO     rank 170 on nid00524     Saving the results to `/global/cscratch1/sd/nhand/eBOSS/fits/results/mocks/ezmock/v1.8e-fph/0.0001-0.3/basemodel-fs8-N/0.8-2.2/QSO-N-0541-P0+P2-mock-cov-5d97c0eb2d/2017-11-27_nlopt_33i_chain0__1.npz`
rank #0: 2017-11-27 21:40:56,382 pyRSD.analysis.lbfgs_results INFO     
minimum chi2 = 65.4823080554

Free parameters [ mean ]
_______________
N              : -307.498552928
b1             : 2.27613434226
f              : 0.853136547593
sigma8_z       : 0.402362700465
sigma_fog      : 4.33885212907

Constrained parameters [ mean ]
_________________________
b1sigma8       : 0.915831560572
fsigma8        : 0.343270325155
