rank #0: 2018-07-15 20:29:36,327 rsdfit.fitting_driver INFO     rank 57 on nid00568     Calling the 'nlopt' solve function
rank #0: 2018-07-15 20:29:36,328 rsdfit.lbfgs_fitter INFO     running LBFGS for 500 iterations and then stopping
rank #0: 2018-07-15 20:29:36,329 rsdfit.lbfgs_fitter INFO     running LBFGS minimizer with priors
rank #0: 2018-07-15 20:29:36,329 root         INFO     Iter           N          b1        f_nl   sigma_fog   F(X)     
rank #0: 2018-07-15 20:29:36,915 LBFGS        INFO     options = {'factr': 100000.0, 'gtol': 1e-05, 'max_iter': 500, 'test_convergence': False}
rank #0: 2018-07-15 20:29:36,916 LBFGS        PARAM    0000          0.000000          2.000000          0.000000          4.000000        122.535467
rank #0: 2018-07-15 20:29:37,586 LBFGS        PARAM    0001         25.048708          2.108167          2.063638          3.992600         99.894455
rank #0: 2018-07-15 20:29:38,174 LBFGS        PARAM    0002        -80.401337          2.367169          9.375644          4.118464         77.209254
rank #0: 2018-07-15 20:29:38,778 LBFGS        PARAM    0003       -206.449822          2.388550         10.529745          4.232605         71.570835
rank #0: 2018-07-15 20:29:39,383 LBFGS        PARAM    0004       -439.745531          2.438258         12.302859          4.456974         67.590640
rank #0: 2018-07-15 20:29:39,976 LBFGS        PARAM    0005       -432.978546          2.434042         11.296995          4.461257         67.570920
rank #0: 2018-07-15 20:29:40,572 LBFGS        PARAM    0006       -427.683486          2.433639          9.774363          4.475489         67.551891
rank #0: 2018-07-15 20:29:41,167 LBFGS        PARAM    0007       -419.874047          2.438348          5.087683          4.531215         67.512005
rank #0: 2018-07-15 20:29:41,761 LBFGS        PARAM    0008       -422.269253          2.443894          3.053220          4.557862         67.503738
rank #0: 2018-07-15 20:29:42,339 LBFGS        PARAM    0009       -421.935614          2.444131          2.863125          4.559840         67.503696
rank #0: 2018-07-15 20:29:42,933 LBFGS        PARAM    0010       -421.879948          2.444136          2.826234          4.560017         67.503694
rank #0: 2018-07-15 20:29:43,527 LBFGS        PARAM    0011       -421.889408          2.444135          2.818468          4.559941         67.503694
rank #0: 2018-07-15 20:29:44,108 LBFGS        PARAM    0012       -421.920383          2.444138          2.813123          4.559797         67.503694
rank #0: 2018-07-15 20:29:44,697 LBFGS        PARAM    0013       -421.943963          2.444142          2.813281          4.559714         67.503694
rank #0: 2018-07-15 20:29:45,291 LBFGS        PARAM    0014       -421.947042          2.444143          2.813726          4.559706         67.503694
rank #0: 2018-07-15 20:29:45,886 LBFGS        PARAM    0015       -421.947034          2.444143          2.813787          4.559706         67.503694
rank #0: 2018-07-15 20:29:46,533 LBFGS        PARAM    0016       -421.947017          2.444143          2.813788          4.559706         67.503694
rank #0: 2018-07-15 20:29:47,331 LBFGS        PARAM    0017       -421.947016          2.444143          2.813789          4.559706         67.503694
rank #0: 2018-07-15 20:29:47,998 LBFGS        PARAM    0018       -421.947015          2.444143          2.813789          4.559706         67.503694
rank #0: 2018-07-15 20:30:02,554 LBFGS        PARAM    0019       -421.947012          2.444143          2.813789          4.559706         67.503694
rank #0: 2018-07-15 20:30:28,269 LBFGS        INFO     Linesearch failed in both LBFGS and gradient directions
rank #0: 2018-07-15 20:30:28,270 LBFGS        PARAM    0019       -421.947012          2.444143          2.813789          4.559706         67.503694
rank #0: 2018-07-15 20:30:28,271 rsdfit.lbfgs_fitter WARNING  ...LBFGS optimization finished. Time elapsed: 0:00:51.36
rank #0: 2018-07-15 20:30:28,272 rsdfit.lbfgs_fitter ERROR    nonlinear fit with method L-BFGS-B failed: Linesearch failed in both LBFGS and gradient directions
rank #0: 2018-07-15 20:30:28,273 rsdfit.fitting_driver INFO     rank 57 on nid00568     ...fitting complete
rank #0: 2018-07-15 20:30:28,276 rsdfit.fitting_driver INFO     rank 57 on nid00568     Saving the results to `/global/cscratch1/sd/nhand/eBOSS/fits/results/mocks/ezmock/v1.8e-fph/0.0001-0.3/basemodel-N-fnl/0.8-2.2/QSO-N-0481-P0+P2-mock-cov-1ab4f6001f/2018-07-15_nlopt_19i_chain0__1.npz`
rank #0: 2018-07-15 20:30:28,302 pyRSD.analysis.lbfgs_results INFO     
minimum chi2 = 67.5036941018

Free parameters [ mean ]
_______________
N              : -421.947011743
b1             : 2.44414266659
f_nl           : 2.81378906965
sigma_fog      : 4.55970624904

Constrained parameters [ mean ]
_________________________
b1sigma8       : 0.916273177558
