rank #0: 2017-11-27 21:28:19,924 rsdfit.fitting_driver INFO     rank 179 on nid00578     Calling the 'nlopt' solve function
rank #0: 2017-11-27 21:28:19,924 rsdfit.lbfgs_fitter INFO     running LBFGS for 500 iterations and then stopping
rank #0: 2017-11-27 21:28:19,925 rsdfit.lbfgs_fitter INFO     running LBFGS minimizer with priors
rank #0: 2017-11-27 21:28:19,925 root         INFO     Iter           N   alpha_par   alpha_perp          b1           f    sigma8_z   sigma_fog   F(X)     
rank #0: 2017-11-27 21:28:20,792 LBFGS        INFO     options = {'factr': 100000.0, 'gtol': 1e-05, 'max_iter': 500, 'test_convergence': False}
rank #0: 2017-11-27 21:28:20,792 LBFGS        PARAM    0000          0.000000          1.000000          1.000000          2.000000          0.930924          0.397985          4.000000         69.958338
rank #0: 2017-11-27 21:28:21,754 LBFGS        PARAM    0001         -0.026523          0.999943          0.999862          2.001381          0.931008          0.398978          3.999730         69.344166
rank #0: 2017-11-27 21:28:22,652 LBFGS        PARAM    0002        -14.443716          0.998424          0.995630          2.038291          0.933676          0.425173          3.999780         62.372874
rank #0: 2017-11-27 21:28:23,551 LBFGS        PARAM    0003        -21.992419          0.998752          0.996035          2.031128          0.933540          0.421113          4.006137         62.045158
rank #0: 2017-11-27 21:28:24,448 LBFGS        PARAM    0004        -32.758636          0.998834          0.995710          2.029967          0.933870          0.421228          4.012933         61.938106
rank #0: 2017-11-27 21:28:25,348 LBFGS        PARAM    0005       -329.992636          1.001293          0.985785          2.001871          0.943952          0.428713          4.201681         60.437950
rank #0: 2017-11-27 21:28:26,250 LBFGS        PARAM    0006       -325.103040          1.006360          0.986947          1.990173          0.948789          0.432350          4.223934         60.350516
rank #0: 2017-11-27 21:28:27,150 LBFGS        PARAM    0007       -324.077721          1.016393          0.989334          1.964934          0.958618          0.439065          4.279965         60.273026
rank #0: 2017-11-27 21:28:28,053 LBFGS        PARAM    0008       -321.829746          1.020849          0.991508          1.952348          0.963327          0.442210          4.326685         60.234518
rank #0: 2017-11-27 21:28:28,954 LBFGS        PARAM    0009       -300.613456          1.043139          1.010070          1.885972          0.989773          0.461910          4.712902         59.988494
rank #0: 2017-11-27 21:28:29,852 LBFGS        PARAM    0010       -279.627521          1.048290          1.032878          1.848050          1.003949          0.478303          5.070203         59.899285
rank #0: 2017-11-27 21:28:30,750 LBFGS        PARAM    0011       -291.198366          1.053684          1.032402          1.832522          1.008597          0.480123          5.101144         59.858902
rank #0: 2017-11-27 21:28:31,646 LBFGS        PARAM    0012       -295.670773          1.050145          1.029354          1.843013          1.004370          0.476798          5.041354         59.854739
rank #0: 2017-11-27 21:28:32,543 LBFGS        PARAM    0013       -299.967236          1.046140          1.033005          1.836392          1.004017          0.478192          5.010524         59.849070
rank #0: 2017-11-27 21:28:33,439 LBFGS        PARAM    0014       -307.142967          1.043244          1.035723          1.829305          1.004297          0.479702          4.977846         59.845744
rank #0: 2017-11-27 21:28:34,336 LBFGS        PARAM    0015       -324.992430          1.036960          1.041981          1.811619          1.005591          0.483722          4.897240         59.839810
rank #0: 2017-11-27 21:28:35,231 LBFGS        PARAM    0016       -335.016479          1.033593          1.045077          1.801536          1.006841          0.486105          4.847982         59.836734
rank #0: 2017-11-27 21:28:36,126 LBFGS        PARAM    0017       -337.965766          1.032651          1.046142          1.796808          1.007991          0.487347          4.831702         59.835524
rank #0: 2017-11-27 21:28:37,020 LBFGS        PARAM    0018       -337.207695          1.032847          1.046136          1.796265          1.008343          0.487528          4.834438         59.835402
rank #0: 2017-11-27 21:28:37,935 LBFGS        PARAM    0019       -336.352719          1.032941          1.046059          1.795912          1.008587          0.487613          4.836717         59.835297
rank #0: 2017-11-27 21:28:38,827 LBFGS        PARAM    0020       -334.078116          1.032861          1.045887          1.794428          1.009274          0.487880          4.840938         59.834958
rank #0: 2017-11-27 21:28:39,717 LBFGS        PARAM    0021       -330.682018          1.032098          1.045718          1.790977          1.010444          0.488409          4.843687         59.834332
rank #0: 2017-11-27 21:28:40,607 LBFGS        PARAM    0022       -326.702771          1.030023          1.045702          1.784528          1.012116          0.489309          4.840577         59.833396
rank #0: 2017-11-27 21:28:41,494 LBFGS        PARAM    0023       -329.179651          1.026620          1.046531          1.776415          1.012648          0.490501          4.820302         59.832685
rank #0: 2017-11-27 21:28:42,384 LBFGS        PARAM    0024       -326.950592          1.026962          1.045972          1.778652          1.012261          0.489962          4.823177         59.832627
rank #0: 2017-11-27 21:28:43,271 LBFGS        PARAM    0025       -326.647665          1.027048          1.045967          1.778713          1.012259          0.489948          4.823997         59.832625
rank #0: 2017-11-27 21:28:44,156 LBFGS        PARAM    0026       -326.670492          1.027039          1.045959          1.778735          1.012243          0.489939          4.823794         59.832625
rank #0: 2017-11-27 21:28:45,047 LBFGS        PARAM    0027       -326.674648          1.027039          1.045960          1.778738          1.012242          0.489938          4.823790         59.832625
rank #0: 2017-11-27 21:28:46,235 LBFGS        PARAM    0028       -326.674651          1.027039          1.045960          1.778738          1.012242          0.489938          4.823790         59.832625
rank #0: 2017-11-27 21:29:10,027 LBFGS        INFO     Linesearch failed in both LBFGS and gradient directions
rank #0: 2017-11-27 21:29:10,027 LBFGS        PARAM    0028       -326.674651          1.027039          1.045960          1.778738          1.012242          0.489938          4.823790         59.832625
rank #0: 2017-11-27 21:29:10,028 rsdfit.lbfgs_fitter WARNING  ...LBFGS optimization finished. Time elapsed: 0:00:49.24
rank #0: 2017-11-27 21:29:10,028 rsdfit.lbfgs_fitter ERROR    nonlinear fit with method L-BFGS-B failed: Linesearch failed in both LBFGS and gradient directions
rank #0: 2017-11-27 21:29:10,029 rsdfit.fitting_driver INFO     rank 179 on nid00578     ...fitting complete
rank #0: 2017-11-27 21:29:10,032 rsdfit.fitting_driver INFO     rank 179 on nid00578     Saving the results to `/global/cscratch1/sd/nhand/eBOSS/fits/results/mocks/ezmock/v1.8e-fph/0.0001-0.3/basemodel-fs8-alphas-N/0.8-2.2/QSO-S-0998-P0+P2-mock-cov-976ba3841e/2017-11-27_nlopt_28i_chain0__1.npz`
rank #0: 2017-11-27 21:29:10,077 pyRSD.analysis.lbfgs_results INFO     
minimum chi2 = 59.832624698

Free parameters [ mean ]
_______________
N              : -326.674650524
alpha_par      : 1.02703936149
alpha_perp     : 1.04595953047
b1             : 1.77873781466
f              : 1.0122421856
sigma8_z       : 0.489938449911
sigma_fog      : 4.82378959043

Constrained parameters [ mean ]
_________________________
F_AP           : 0.981911184486
alpha          : 1.03961439361
b1sigma8       : 0.871472047712
epsilon        : -0.00606633113038
fsigma8        : 0.495936367348
