rank #0: 2018-10-08 10:40:32,091 rsdfit.fitting_driver INFO     rank 25 on nid00693     Calling the 'nlopt' solve function
rank #0: 2018-10-08 10:40:32,092 rsdfit.lbfgs_fitter INFO     running LBFGS for 500 iterations and then stopping
rank #0: 2018-10-08 10:40:32,093 rsdfit.lbfgs_fitter INFO     running LBFGS minimizer with priors
rank #0: 2018-10-08 10:40:32,093 root         INFO     Iter           N          b1        f_nl   sigma_fog   F(X)     
rank #0: 2018-10-08 10:40:32,094 rsdfit.lbfgs_fitter INFO     computing gradient using numerical derivative of lnlike()
rank #0: 2018-10-08 10:40:33,288 LBFGS        INFO     options = {'factr': 100000.0, 'gtol': 1e-05, 'max_iter': 500, 'test_convergence': False}
rank #0: 2018-10-08 10:40:33,290 LBFGS        PARAM    0000          0.000000          2.000000          0.000000          4.000000        114.091008
rank #0: 2018-10-08 10:40:34,700 LBFGS        PARAM    0001         -6.038319          2.084712          2.229886          4.011631        101.254644
rank #0: 2018-10-08 10:40:35,942 LBFGS        PARAM    0002       -206.941179          2.324951         11.862390          4.195692         82.816194
rank #0: 2018-10-08 10:40:37,185 LBFGS        PARAM    0003       -345.441795          2.345251         14.915073          4.342536         78.132692
rank #0: 2018-10-08 10:40:38,449 LBFGS        PARAM    0004       -459.687170          2.356494         19.197729          4.499489         76.649851
rank #0: 2018-10-08 10:40:39,678 LBFGS        PARAM    0005       -456.845050          2.355333         20.906369          4.526948         76.555782
rank #0: 2018-10-08 10:40:40,929 LBFGS        PARAM    0006       -365.602503          2.329803         49.045033          4.903114         75.721457
rank #0: 2018-10-08 10:40:42,165 LBFGS        PARAM    0007       -360.347256          2.317453         59.585278          4.823545         75.614609
rank #0: 2018-10-08 10:40:43,401 LBFGS        PARAM    0008       -357.809851          2.312518         61.206487          4.774067         75.604232
rank #0: 2018-10-08 10:40:44,655 LBFGS        PARAM    0009       -358.171080          2.313166         61.208871          4.773897         75.604111
rank #0: 2018-10-08 10:40:45,890 LBFGS        PARAM    0010       -358.008609          2.313108         61.166336          4.774459         75.604104
rank #0: 2018-10-08 10:40:47,148 LBFGS        PARAM    0011       -357.951917          2.313103         61.164382          4.774579         75.604104
rank #0: 2018-10-08 10:40:48,398 LBFGS        PARAM    0012       -357.935011          2.313104         61.164439          4.774613         75.604104
rank #0: 2018-10-08 10:40:49,639 LBFGS        PARAM    0013       -357.934936          2.313104         61.164486          4.774613         75.604104
rank #0: 2018-10-08 10:40:50,898 LBFGS        PARAM    0014       -357.934966          2.313104         61.164487          4.774613         75.604104
rank #0: 2018-10-08 10:41:45,106 LBFGS        INFO     Linesearch failed in both LBFGS and gradient directions
rank #0: 2018-10-08 10:41:45,108 LBFGS        PARAM    0014       -357.934966          2.313104         61.164487          4.774613         75.604104
rank #0: 2018-10-08 10:41:45,109 rsdfit.lbfgs_fitter WARNING  ...LBFGS optimization finished. Time elapsed: 0:01:11.82
rank #0: 2018-10-08 10:41:45,109 rsdfit.lbfgs_fitter ERROR    nonlinear fit with method L-BFGS-B failed: Linesearch failed in both LBFGS and gradient directions
rank #0: 2018-10-08 10:41:45,110 rsdfit.fitting_driver INFO     rank 25 on nid00693     ...fitting complete
rank #0: 2018-10-08 10:41:45,114 rsdfit.fitting_driver INFO     rank 25 on nid00693     Saving the results to `/global/cscratch1/sd/nhand/eBOSS/fits/results/mocks/ezmock/v1.8e-fph/0.005-0.3/basemodel-N-fnl/0.8-2.2/QSO-N-0423-P0+P2-mock-cov-3d9387a9b2/2018-10-08_nlopt_14i_chain0__1.npz`
rank #0: 2018-10-08 10:41:45,156 pyRSD.analysis.lbfgs_results INFO     
minimum chi2 = 75.6041042327

Free parameters [ mean ]
_______________
N              : -357.934965703
b1             : 2.3131036442
f_nl           : 61.1644872258
sigma_fog      : 4.77461310591

Constrained parameters [ mean ]
_________________________
b1sigma8       : 0.867148573224
