rank #0: 2018-07-16 20:34:38,490 rsdfit.fitting_driver INFO     rank 9 on nid01583     Calling the 'nlopt' solve function
rank #0: 2018-07-16 20:34:38,490 rsdfit.lbfgs_fitter INFO     running LBFGS for 500 iterations and then stopping
rank #0: 2018-07-16 20:34:38,490 rsdfit.lbfgs_fitter INFO     running LBFGS minimizer with priors
rank #0: 2018-07-16 20:34:38,490 root         INFO     Iter           N          b1        f_nl   sigma_fog   F(X)     
rank #0: 2018-07-16 20:34:39,056 LBFGS        INFO     options = {'factr': 100000.0, 'gtol': 1e-05, 'max_iter': 500, 'test_convergence': False}
rank #0: 2018-07-16 20:34:39,057 LBFGS        PARAM    0000          0.000000          2.000000          0.000000          4.000000         94.609150
rank #0: 2018-07-16 20:34:39,716 LBFGS        PARAM    0001         54.659398          2.129720          2.806665          3.968555         76.794967
rank #0: 2018-07-16 20:34:40,308 LBFGS        PARAM    0002        -30.430213          2.429979         13.271399          4.009448         62.229943
rank #0: 2018-07-16 20:34:40,886 LBFGS        PARAM    0003       -125.697053          2.414241         14.666505          4.096433         59.442614
rank #0: 2018-07-16 20:34:41,480 LBFGS        PARAM    0004       -341.766295          2.457340         21.157137          4.283319         57.137441
rank #0: 2018-07-16 20:34:42,074 LBFGS        PARAM    0005       -366.194848          2.469911         24.872228          4.306383         57.029968
rank #0: 2018-07-16 20:34:42,669 LBFGS        PARAM    0006       -372.920580          2.471654         30.535323          4.315728         56.937192
rank #0: 2018-07-16 20:34:43,245 LBFGS        PARAM    0007       -366.311082          2.459313         49.505209          4.321166         56.725975
rank #0: 2018-07-16 20:34:43,840 LBFGS        PARAM    0008       -340.523305          2.437825         59.773394          4.300062         56.620926
rank #0: 2018-07-16 20:34:44,433 LBFGS        PARAM    0009       -320.592392          2.425518         61.271602          4.277661         56.596545
rank #0: 2018-07-16 20:34:45,011 LBFGS        PARAM    0010       -320.287205          2.425443         61.141718          4.276094         56.596500
rank #0: 2018-07-16 20:34:45,604 LBFGS        PARAM    0011       -320.578275          2.425419         61.110510          4.273767         56.596465
rank #0: 2018-07-16 20:34:46,196 LBFGS        PARAM    0012       -321.685114          2.425430         61.136372          4.268778         56.596425
rank #0: 2018-07-16 20:34:46,790 LBFGS        PARAM    0013       -321.836565          2.425446         61.156721          4.268488         56.596424
rank #0: 2018-07-16 20:34:47,368 LBFGS        PARAM    0014       -321.840125          2.425446         61.156731          4.268493         56.596424
rank #0: 2018-07-16 20:34:47,962 LBFGS        PARAM    0015       -321.839895          2.425446         61.156768          4.268494         56.596424
rank #0: 2018-07-16 20:35:02,557 LBFGS        PARAM    0016       -321.839895          2.425446         61.156768          4.268494         56.596424
rank #0: 2018-07-16 20:35:27,636 LBFGS        INFO     Linesearch failed in both LBFGS and gradient directions
rank #0: 2018-07-16 20:35:27,637 LBFGS        PARAM    0016       -321.839895          2.425446         61.156768          4.268494         56.596424
rank #0: 2018-07-16 20:35:27,637 rsdfit.lbfgs_fitter WARNING  ...LBFGS optimization finished. Time elapsed: 0:00:48.58
rank #0: 2018-07-16 20:35:27,637 rsdfit.lbfgs_fitter ERROR    nonlinear fit with method L-BFGS-B failed: Linesearch failed in both LBFGS and gradient directions
rank #0: 2018-07-16 20:35:27,638 rsdfit.fitting_driver INFO     rank 9 on nid01583     ...fitting complete
rank #0: 2018-07-16 20:35:27,641 rsdfit.fitting_driver INFO     rank 9 on nid01583     Saving the results to `/global/cscratch1/sd/nhand/eBOSS/fits/results/mocks/ezmock/v1.8e-fph/0.005-0.3/basemodel-N-fnl/0.8-2.2/QSO-S-0025-P0+P2-mock-cov-1ab4f6001f/2018-07-16_nlopt_16i_chain0__1.npz`
rank #0: 2018-07-16 20:35:27,666 pyRSD.analysis.lbfgs_results INFO     
minimum chi2 = 56.596423736

Free parameters [ mean ]
_______________
N              : -321.839895018
b1             : 2.42544631566
f_nl           : 61.1567675813
sigma_fog      : 4.26849388981

Constrained parameters [ mean ]
_________________________
b1sigma8       : 0.909264190274
