rank #0: 2018-07-15 20:16:05,529 rsdfit.fitting_driver INFO     rank 53 on nid00568     Calling the 'nlopt' solve function
rank #0: 2018-07-15 20:16:05,529 rsdfit.lbfgs_fitter INFO     running LBFGS for 500 iterations and then stopping
rank #0: 2018-07-15 20:16:05,530 rsdfit.lbfgs_fitter INFO     running LBFGS minimizer with priors
rank #0: 2018-07-15 20:16:05,530 root         INFO     Iter           N          b1        f_nl   sigma_fog   F(X)     
rank #0: 2018-07-15 20:16:06,092 LBFGS        INFO     options = {'factr': 100000.0, 'gtol': 1e-05, 'max_iter': 500, 'test_convergence': False}
rank #0: 2018-07-15 20:16:06,093 LBFGS        PARAM    0000          0.000000          2.000000          0.000000          4.000000        147.392340
rank #0: 2018-07-15 20:16:06,756 LBFGS        PARAM    0001         52.646564          2.153824          1.508546          3.976874        117.692130
rank #0: 2018-07-15 20:16:07,351 LBFGS        PARAM    0002        -68.039988          2.494140          9.143901          4.088530         92.853520
rank #0: 2018-07-15 20:16:07,931 LBFGS        PARAM    0003       -211.001330          2.500226         11.465990          4.210603         86.120508
rank #0: 2018-07-15 20:16:08,525 LBFGS        PARAM    0004       -534.008701          2.582060         20.676221          4.481243         80.781800
rank #0: 2018-07-15 20:16:09,122 LBFGS        PARAM    0005       -524.321105          2.567148         26.934627          4.460416         80.286849
rank #0: 2018-07-15 20:16:09,782 LBFGS        PARAM    0006       -475.268818          2.472497         91.871435          4.292984         77.061103
rank #0: 2018-07-15 20:16:10,365 LBFGS        PARAM    0007       -466.229826          2.462968        121.047901          4.225865         76.353896
rank #0: 2018-07-15 20:16:10,961 LBFGS        PARAM    0008       -477.263378          2.498465        110.501321          4.238227         75.920559
rank #0: 2018-07-15 20:16:11,557 LBFGS        PARAM    0009       -491.892504          2.505471        109.848213          4.246258         75.906418
rank #0: 2018-07-15 20:16:12,135 LBFGS        PARAM    0010       -493.965232          2.505641        109.635471          4.239266         75.904665
rank #0: 2018-07-15 20:16:12,734 LBFGS        PARAM    0011       -505.515212          2.505785        109.617481          4.186231         75.898934
rank #0: 2018-07-15 20:16:13,330 LBFGS        PARAM    0012       -505.479881          2.505657        109.729593          4.183397         75.898902
rank #0: 2018-07-15 20:16:13,924 LBFGS        PARAM    0013       -505.480189          2.505656        109.722294          4.183441         75.898902
rank #0: 2018-07-15 20:16:14,506 LBFGS        PARAM    0014       -505.481065          2.505656        109.722326          4.183440         75.898902
rank #0: 2018-07-15 20:16:15,100 LBFGS        PARAM    0015       -505.481054          2.505656        109.722326          4.183440         75.898902
rank #0: 2018-07-15 20:16:40,524 LBFGS        INFO     Linesearch failed in both LBFGS and gradient directions
rank #0: 2018-07-15 20:16:40,526 LBFGS        PARAM    0015       -505.481054          2.505656        109.722326          4.183440         75.898902
rank #0: 2018-07-15 20:16:40,526 rsdfit.lbfgs_fitter WARNING  ...LBFGS optimization finished. Time elapsed: 0:00:34.43
rank #0: 2018-07-15 20:16:40,527 rsdfit.lbfgs_fitter ERROR    nonlinear fit with method L-BFGS-B failed: Linesearch failed in both LBFGS and gradient directions
rank #0: 2018-07-15 20:16:40,528 rsdfit.fitting_driver INFO     rank 53 on nid00568     ...fitting complete
rank #0: 2018-07-15 20:16:40,531 rsdfit.fitting_driver INFO     rank 53 on nid00568     Saving the results to `/global/cscratch1/sd/nhand/eBOSS/fits/results/mocks/ezmock/v1.8e-fph/0.0001-0.3/basemodel-N-fnl/0.8-2.2/QSO-N-0608-P0+P2-mock-cov-f224d44da7/2018-07-15_nlopt_15i_chain0__1.npz`
rank #0: 2018-07-15 20:16:40,558 pyRSD.analysis.lbfgs_results INFO     
minimum chi2 = 75.8989021306

Free parameters [ mean ]
_______________
N              : -505.481054358
b1             : 2.50565591708
f_nl           : 109.722325659
sigma_fog      : 4.18343970068

Constrained parameters [ mean ]
_________________________
b1sigma8       : 0.907632531762
