rank #0: 2018-10-08 11:26:36,143 rsdfit.fitting_driver INFO     rank 21 on nid00692     Calling the 'nlopt' solve function
rank #0: 2018-10-08 11:26:36,144 rsdfit.lbfgs_fitter INFO     running LBFGS for 500 iterations and then stopping
rank #0: 2018-10-08 11:26:36,144 rsdfit.lbfgs_fitter INFO     running LBFGS minimizer with priors
rank #0: 2018-10-08 11:26:36,145 root         INFO     Iter           N          b1        f_nl   sigma_fog   F(X)     
rank #0: 2018-10-08 11:26:36,146 rsdfit.lbfgs_fitter INFO     computing gradient using numerical derivative of lnlike()
rank #0: 2018-10-08 11:26:37,340 LBFGS        INFO     options = {'factr': 100000.0, 'gtol': 1e-05, 'max_iter': 500, 'test_convergence': False}
rank #0: 2018-10-08 11:26:37,341 LBFGS        PARAM    0000          0.000000          2.000000          0.000000          4.000000        125.141383
rank #0: 2018-10-08 11:26:38,704 LBFGS        PARAM    0001        136.871885          2.198083          1.640349          3.911419         97.282426
rank #0: 2018-10-08 11:26:39,936 LBFGS        PARAM    0002         96.863043          2.549408          7.908892          3.827700         83.362847
rank #0: 2018-10-08 11:26:41,189 LBFGS        PARAM    0003         58.421102          2.487317          8.087985          3.906477         81.957022
rank #0: 2018-10-08 11:26:42,412 LBFGS        PARAM    0004         12.433766          2.498019          9.844730          3.952884         81.302912
rank #0: 2018-10-08 11:26:43,657 LBFGS        PARAM    0005       -258.488130          2.580259         23.090036          4.085320         79.806732
rank #0: 2018-10-08 11:26:44,881 LBFGS        PARAM    0006       -230.368001          2.564504         25.001379          3.944116         79.563328
rank #0: 2018-10-08 11:26:46,124 LBFGS        PARAM    0007       -275.674015          2.554140         35.685644          3.597130         79.219187
rank #0: 2018-10-08 11:26:47,362 LBFGS        PARAM    0008       -327.226209          2.553448         48.263362          3.404713         79.107093
rank #0: 2018-10-08 11:26:48,590 LBFGS        PARAM    0009       -327.919837          2.550517         56.522055          3.393715         79.072216
rank #0: 2018-10-08 11:26:49,839 LBFGS        PARAM    0010       -313.885194          2.538038         71.082078          3.424660         79.034387
rank #0: 2018-10-08 11:26:51,065 LBFGS        PARAM    0011       -297.393000          2.533859         73.085505          3.458741         79.029344
rank #0: 2018-10-08 11:26:52,311 LBFGS        PARAM    0012       -294.956795          2.532575         72.782291          3.466644         79.028961
rank #0: 2018-10-08 11:26:53,533 LBFGS        PARAM    0013       -294.762615          2.532774         72.724757          3.466793         79.028950
rank #0: 2018-10-08 11:26:54,777 LBFGS        PARAM    0014       -294.768254          2.532772         72.722713          3.466706         79.028950
rank #0: 2018-10-08 11:26:56,003 LBFGS        PARAM    0015       -294.766585          2.532771         72.722762          3.466698         79.028950
rank #0: 2018-10-08 11:26:57,231 LBFGS        PARAM    0016       -294.766597          2.532771         72.722788          3.466698         79.028950
rank #0: 2018-10-08 11:27:28,255 LBFGS        PARAM    0017       -294.766595          2.532771         72.722788          3.466698         79.028950
rank #0: 2018-10-08 11:28:21,523 LBFGS        INFO     Linesearch failed in both LBFGS and gradient directions
rank #0: 2018-10-08 11:28:21,525 LBFGS        PARAM    0017       -294.766595          2.532771         72.722788          3.466698         79.028950
rank #0: 2018-10-08 11:28:21,526 rsdfit.lbfgs_fitter WARNING  ...LBFGS optimization finished. Time elapsed: 0:01:44.19
rank #0: 2018-10-08 11:28:21,527 rsdfit.lbfgs_fitter ERROR    nonlinear fit with method L-BFGS-B failed: Linesearch failed in both LBFGS and gradient directions
rank #0: 2018-10-08 11:28:21,528 rsdfit.fitting_driver INFO     rank 21 on nid00692     ...fitting complete
rank #0: 2018-10-08 11:28:21,532 rsdfit.fitting_driver INFO     rank 21 on nid00692     Saving the results to `/global/cscratch1/sd/nhand/eBOSS/fits/results/mocks/ezmock/v1.8e-fph/0.005-0.3/basemodel-N-fnl/0.8-2.2/QSO-S-0666-P0+P2-mock-cov-98e9a706c6/2018-10-08_nlopt_17i_chain0__1.npz`
rank #0: 2018-10-08 11:28:21,582 pyRSD.analysis.lbfgs_results INFO     
minimum chi2 = 79.0289504719

Free parameters [ mean ]
_______________
N              : -294.766595357
b1             : 2.53277080571
f_nl           : 72.7227881814
sigma_fog      : 3.46669793428

Constrained parameters [ mean ]
_________________________
b1sigma8       : 0.917454452979
