rank #0: 2017-11-27 22:25:27,638 rsdfit.fitting_driver INFO     rank 36 on nid00493     Calling the 'nlopt' solve function
rank #0: 2017-11-27 22:25:27,639 rsdfit.lbfgs_fitter INFO     running LBFGS for 500 iterations and then stopping
rank #0: 2017-11-27 22:25:27,639 rsdfit.lbfgs_fitter INFO     running LBFGS minimizer with priors
rank #0: 2017-11-27 22:25:27,639 root         INFO     Iter           N          b1           f        f_nl    sigma8_z   sigma_fog   F(X)     
rank #0: 2017-11-27 22:25:28,379 LBFGS        INFO     options = {'factr': 100000.0, 'gtol': 1e-05, 'max_iter': 500, 'test_convergence': False}
rank #0: 2017-11-27 22:25:28,380 LBFGS        PARAM    0000          0.000000          2.000000          0.930924          0.000000          0.397985          4.000000         95.446140
rank #0: 2017-11-27 22:25:29,201 LBFGS        PARAM    0001          0.130315          2.002515          0.931041          0.023529          0.399710          3.999186         94.047049
rank #0: 2017-11-27 22:25:29,962 LBFGS        PARAM    0002        -13.791415          2.060240          0.933474          0.806384          0.436089          3.983018         82.227700
rank #0: 2017-11-27 22:25:30,724 LBFGS        PARAM    0003        -20.877955          2.047341          0.932747          0.773926          0.427971          3.988552         81.348766
rank #0: 2017-11-27 22:25:31,483 LBFGS        PARAM    0004        -29.383512          2.049410          0.932689          0.918978          0.428945          3.989281         81.244326
rank #0: 2017-11-27 22:25:32,237 LBFGS        PARAM    0005        -87.232213          2.057367          0.931993          1.853154          0.431748          3.995796         80.822917
rank #0: 2017-11-27 22:25:32,994 LBFGS        PARAM    0006       -188.922210          2.066620          0.930484          3.482092          0.433632          4.007172         80.287803
rank #0: 2017-11-27 22:25:33,755 LBFGS        PARAM    0007       -344.622545          2.077099          0.927551          6.177623          0.433323          4.014244         79.662547
rank #0: 2017-11-27 22:25:34,515 LBFGS        PARAM    0008       -419.979414          2.086543          0.923696          8.906457          0.429952          3.952101         79.368817
rank #0: 2017-11-27 22:25:35,276 LBFGS        PARAM    0009       -450.879990          2.094217          0.920429         11.023288          0.426748          3.882390         79.260314
rank #0: 2017-11-27 22:25:36,039 LBFGS        PARAM    0010       -462.110060          2.101503          0.917696         12.734391          0.424478          3.816412         79.186605
rank #0: 2017-11-27 22:25:36,800 LBFGS        PARAM    0011       -493.694970          2.129424          0.908054         18.770314          0.417698          3.581294         78.960194
rank #0: 2017-11-27 22:25:37,568 LBFGS        PARAM    0012       -533.705567          2.170851          0.894558         27.184609          0.409868          3.260077         78.674443
rank #0: 2017-11-27 22:25:38,331 LBFGS        PARAM    0013       -582.806355          2.232198          0.873961         39.014132          0.401146          2.878445         78.275082
rank #0: 2017-11-27 22:25:39,094 LBFGS        PARAM    0014       -608.967809          2.290651          0.853541         49.292026          0.395037          2.622571         77.961693
rank #0: 2017-11-27 22:25:39,860 LBFGS        PARAM    0015       -606.100603          2.310506          0.846183         52.209811          0.393783          2.591864         77.885350
rank #0: 2017-11-27 22:25:40,621 LBFGS        PARAM    0016       -602.910479          2.321276          0.841889         53.574925          0.392878          2.599041         77.840539
rank #0: 2017-11-27 22:25:41,382 LBFGS        PARAM    0017       -592.454846          2.352606          0.829031         57.271717          0.389292          2.641569         77.716624
rank #0: 2017-11-27 22:25:42,144 LBFGS        PARAM    0018       -582.782878          2.381888          0.817575         59.799084          0.384571          2.681620         77.617811
rank #0: 2017-11-27 22:25:42,904 LBFGS        PARAM    0019       -572.767406          2.383940          0.816524         58.707337          0.383533          2.736179         77.594442
rank #0: 2017-11-27 22:25:43,665 LBFGS        PARAM    0020       -575.785445          2.383391          0.816824         58.486129          0.383378          2.730935         77.592620
rank #0: 2017-11-27 22:25:44,427 LBFGS        PARAM    0021       -576.673958          2.381886          0.817407         58.126009          0.383519          2.731081         77.591878
rank #0: 2017-11-27 22:25:45,187 LBFGS        PARAM    0022       -579.007960          2.381171          0.817661         57.600652          0.383561          2.725926         77.589985
rank #0: 2017-11-27 22:25:45,945 LBFGS        PARAM    0023       -585.441212          2.382152          0.817068         55.964523          0.383409          2.708130         77.583542
rank #0: 2017-11-27 22:25:46,706 LBFGS        PARAM    0024       -596.465712          2.389535          0.813611         53.131316          0.382599          2.670137         77.571435
rank #0: 2017-11-27 22:25:47,469 LBFGS        PARAM    0025       -611.886494          2.408261          0.805040         48.923972          0.380707          2.606284         77.552999
rank #0: 2017-11-27 22:25:48,229 LBFGS        PARAM    0026       -616.696425          2.429106          0.792029         46.258659          0.379136          2.565489         77.534866
rank #0: 2017-11-27 22:25:48,991 LBFGS        PARAM    0027       -623.994623          2.441476          0.785831         47.179660          0.377774          2.521599         77.531747
rank #0: 2017-11-27 22:25:49,751 LBFGS        PARAM    0028       -623.034525          2.441587          0.785614         47.536739          0.377786          2.522136         77.531653
rank #0: 2017-11-27 22:25:50,513 LBFGS        PARAM    0029       -622.929285          2.441529          0.785662         47.571253          0.377783          2.522335         77.531652
rank #0: 2017-11-27 22:25:51,275 LBFGS        PARAM    0030       -622.899897          2.441506          0.785673         47.572336          0.377786          2.522427         77.531652
rank #0: 2017-11-27 22:25:52,035 LBFGS        PARAM    0031       -622.899197          2.441506          0.785673         47.572294          0.377786          2.522426         77.531652
rank #0: 2017-11-27 22:25:53,035 LBFGS        PARAM    0032       -622.899187          2.441506          0.785673         47.572292          0.377786          2.522426         77.531652
rank #0: 2017-11-27 22:26:05,473 LBFGS        PARAM    0033       -622.899186          2.441506          0.785673         47.572292          0.377786          2.522426         77.531652
rank #0: 2017-11-27 22:26:06,223 LBFGS        PARAM    0034       -622.899160          2.441506          0.785673         47.572292          0.377786          2.522426         77.531652
rank #0: 2017-11-27 22:26:29,175 LBFGS        INFO     Linesearch failed in both LBFGS and gradient directions
rank #0: 2017-11-27 22:26:29,175 LBFGS        PARAM    0034       -622.899160          2.441506          0.785673         47.572292          0.377786          2.522426         77.531652
rank #0: 2017-11-27 22:26:29,176 rsdfit.lbfgs_fitter WARNING  ...LBFGS optimization finished. Time elapsed: 0:01:00.80
rank #0: 2017-11-27 22:26:29,176 rsdfit.lbfgs_fitter ERROR    nonlinear fit with method L-BFGS-B failed: Linesearch failed in both LBFGS and gradient directions
rank #0: 2017-11-27 22:26:29,177 rsdfit.fitting_driver INFO     rank 36 on nid00493     ...fitting complete
rank #0: 2017-11-27 22:26:29,202 rsdfit.fitting_driver INFO     rank 36 on nid00493     Saving the results to `/global/cscratch1/sd/nhand/eBOSS/fits/results/mocks/ezmock/v1.8e-fph/0.0001-0.3/basemodel-fs8-N-fnl/0.8-2.2/QSO-S-0914-P0+P2-mock-cov-0a197b956d/2017-11-27_nlopt_34i_chain0__1.npz`
rank #0: 2017-11-27 22:26:29,292 pyRSD.analysis.lbfgs_results INFO     
minimum chi2 = 77.5316520317

Free parameters [ mean ]
_______________
N              : -622.899159995
b1             : 2.44150639132
f              : 0.785672566401
f_nl           : 47.5722924589
sigma8_z       : 0.377785540043
sigma_fog      : 2.52242582089

Constrained parameters [ mean ]
_________________________
b1sigma8       : 0.922365810562
fsigma8        : 0.296815734795
