rank #0: 2018-07-16 20:20:37,158 rsdfit.fitting_driver INFO     rank 53 on nid00760     Calling the 'nlopt' solve function
rank #0: 2018-07-16 20:20:37,159 rsdfit.lbfgs_fitter INFO     running LBFGS for 500 iterations and then stopping
rank #0: 2018-07-16 20:20:37,159 rsdfit.lbfgs_fitter INFO     running LBFGS minimizer with priors
rank #0: 2018-07-16 20:20:37,159 root         INFO     Iter           N          b1        f_nl   sigma_fog   F(X)     
rank #0: 2018-07-16 20:20:37,736 LBFGS        INFO     options = {'factr': 100000.0, 'gtol': 1e-05, 'max_iter': 500, 'test_convergence': False}
rank #0: 2018-07-16 20:20:37,737 LBFGS        PARAM    0000          0.000000          2.000000          0.000000          4.000000        115.203350
rank #0: 2018-07-16 20:20:38,380 LBFGS        PARAM    0001         87.787357          2.179676          1.580079          3.948371         94.206710
rank #0: 2018-07-16 20:20:38,972 LBFGS        PARAM    0002         -6.615154          2.548584          8.611323          3.965353         80.447313
rank #0: 2018-07-16 20:20:39,565 LBFGS        PARAM    0003       -118.762519          2.514648          8.937154          4.056174         77.503503
rank #0: 2018-07-16 20:20:40,157 LBFGS        PARAM    0004       -328.165955          2.555709         12.053819          4.199723         75.589519
rank #0: 2018-07-16 20:20:40,734 LBFGS        PARAM    0005       -395.834996          2.586109         14.849555          4.218652         75.402080
rank #0: 2018-07-16 20:20:41,327 LBFGS        PARAM    0006       -406.495877          2.587867         17.268975          4.181735         75.363936
rank #0: 2018-07-16 20:20:41,921 LBFGS        PARAM    0007       -451.351731          2.581379         33.279751          3.932490         75.225806
rank #0: 2018-07-16 20:20:42,510 LBFGS        PARAM    0008       -443.533693          2.570235         41.606297          3.909643         75.185923
rank #0: 2018-07-16 20:20:43,096 LBFGS        PARAM    0009       -418.463823          2.556508         51.350061          3.938530         75.161839
rank #0: 2018-07-16 20:20:43,689 LBFGS        PARAM    0010       -413.124440          2.556248         52.460364          3.964624         75.160005
rank #0: 2018-07-16 20:20:44,283 LBFGS        PARAM    0011       -411.909305          2.556882         52.534709          3.976955         75.159775
rank #0: 2018-07-16 20:20:44,860 LBFGS        PARAM    0012       -411.952745          2.556941         52.504144          3.977088         75.159775
rank #0: 2018-07-16 20:20:45,456 LBFGS        PARAM    0013       -411.962212          2.556946         52.501829          3.977076         75.159775
rank #0: 2018-07-16 20:20:46,047 LBFGS        PARAM    0014       -411.962638          2.556946         52.501860          3.977074         75.159775
rank #0: 2018-07-16 20:21:11,615 LBFGS        INFO     Linesearch failed in both LBFGS and gradient directions
rank #0: 2018-07-16 20:21:11,616 LBFGS        PARAM    0014       -411.962638          2.556946         52.501860          3.977074         75.159775
rank #0: 2018-07-16 20:21:11,617 rsdfit.lbfgs_fitter WARNING  ...LBFGS optimization finished. Time elapsed: 0:00:33.88
rank #0: 2018-07-16 20:21:11,617 rsdfit.lbfgs_fitter ERROR    nonlinear fit with method L-BFGS-B failed: Linesearch failed in both LBFGS and gradient directions
rank #0: 2018-07-16 20:21:11,618 rsdfit.fitting_driver INFO     rank 53 on nid00760     ...fitting complete
rank #0: 2018-07-16 20:21:11,622 rsdfit.fitting_driver INFO     rank 53 on nid00760     Saving the results to `/global/cscratch1/sd/nhand/eBOSS/fits/results/mocks/ezmock/v1.8e-fph/0.005-0.3/basemodel-N-fnl/0.8-2.2/QSO-S-0288-P0+P2-mock-cov-f224d44da7/2018-07-16_nlopt_14i_chain0__1.npz`
rank #0: 2018-07-16 20:21:11,647 pyRSD.analysis.lbfgs_results INFO     
minimum chi2 = 75.1597746675

Free parameters [ mean ]
_______________
N              : -411.962637514
b1             : 2.55694556186
f_nl           : 52.5018601024
sigma_fog      : 3.97707442033

Constrained parameters [ mean ]
_________________________
b1sigma8       : 0.926211359693
