rank #0: 2018-06-24 11:34:32,674 rsdfit.fitting_driver INFO     rank 24 on nid00618     Calling the 'nlopt' solve function
rank #0: 2018-06-24 11:34:32,674 rsdfit.lbfgs_fitter INFO     running LBFGS for 500 iterations and then stopping
rank #0: 2018-06-24 11:34:32,675 rsdfit.lbfgs_fitter INFO     running LBFGS minimizer with priors
rank #0: 2018-06-24 11:34:32,675 root         INFO     Iter           N          b1        f_nl   sigma_fog   F(X)     
rank #0: 2018-06-24 11:34:33,254 LBFGS        INFO     options = {'factr': 100000.0, 'gtol': 1e-05, 'max_iter': 500, 'test_convergence': False}
rank #0: 2018-06-24 11:34:33,255 LBFGS        PARAM    0000          0.000000          2.000000          0.000000          4.000000         87.048537
rank #0: 2018-06-24 11:34:33,916 LBFGS        PARAM    0001         22.214806          2.076131          1.435337          3.985637         77.396536
rank #0: 2018-06-24 11:34:34,515 LBFGS        PARAM    0002        -38.172028          2.253106          6.362077          4.034977         68.205810
rank #0: 2018-06-24 11:34:35,114 LBFGS        PARAM    0003       -118.177083          2.271344          7.670398          4.106516         66.338071
rank #0: 2018-06-24 11:34:35,699 LBFGS        PARAM    0004       -319.478810          2.317547         11.580562          4.307625         64.352013
rank #0: 2018-06-24 11:34:36,297 LBFGS        PARAM    0005       -312.811036          2.314953         11.884530          4.314878         64.345655
rank #0: 2018-06-24 11:34:36,899 LBFGS        PARAM    0006       -298.469059          2.311437         13.275974          4.348614         64.333394
rank #0: 2018-06-24 11:34:37,483 LBFGS        PARAM    0007       -289.711558          2.310707         15.194339          4.391353         64.325645
rank #0: 2018-06-24 11:34:38,079 LBFGS        PARAM    0008       -290.530767          2.311372         15.854203          4.398981         64.324859
rank #0: 2018-06-24 11:34:38,674 LBFGS        PARAM    0009       -290.989294          2.311446         15.885672          4.398392         64.324848
rank #0: 2018-06-24 11:34:39,268 LBFGS        PARAM    0010       -291.169566          2.311436         15.913256          4.397677         64.324843
rank #0: 2018-06-24 11:34:39,851 LBFGS        PARAM    0011       -291.204417          2.311346         15.964156          4.396736         64.324840
rank #0: 2018-06-24 11:34:40,450 LBFGS        PARAM    0012       -291.173635          2.311325         15.969124          4.396667         64.324840
rank #0: 2018-06-24 11:34:41,048 LBFGS        PARAM    0013       -291.168917          2.311324         15.969008          4.396673         64.324840
rank #0: 2018-06-24 11:34:41,633 LBFGS        PARAM    0014       -291.168490          2.311324         15.968961          4.396674         64.324840
rank #0: 2018-06-24 11:34:42,298 LBFGS        PARAM    0015       -291.168491          2.311324         15.968960          4.396674         64.324840
rank #0: 2018-06-24 11:34:43,031 LBFGS        PARAM    0016       -291.168490          2.311324         15.968960          4.396674         64.324840
rank #0: 2018-06-24 11:35:09,257 LBFGS        INFO     Linesearch failed in both LBFGS and gradient directions
rank #0: 2018-06-24 11:35:09,258 LBFGS        PARAM    0016       -291.168490          2.311324         15.968960          4.396674         64.324840
rank #0: 2018-06-24 11:35:09,259 rsdfit.lbfgs_fitter WARNING  ...LBFGS optimization finished. Time elapsed: 0:00:36.01
rank #0: 2018-06-24 11:35:09,260 rsdfit.lbfgs_fitter ERROR    nonlinear fit with method L-BFGS-B failed: Linesearch failed in both LBFGS and gradient directions
rank #0: 2018-06-24 11:35:09,261 rsdfit.fitting_driver INFO     rank 24 on nid00618     ...fitting complete
rank #0: 2018-06-24 11:35:09,316 rsdfit.fitting_driver INFO     rank 24 on nid00618     Saving the results to `/global/cscratch1/sd/nhand/eBOSS/fits/results/mocks/ezmock/v1.8e-fph/0.0001-0.3/basemodel-N-fnl/0.8-2.2/QSO-S-0584-P0+P2-mock-cov-8973e9cf3e/2018-06-24_nlopt_16i_chain0__1.npz`
rank #0: 2018-06-24 11:35:09,347 pyRSD.analysis.lbfgs_results INFO     
minimum chi2 = 64.3248395438

Free parameters [ mean ]
_______________
N              : -291.168490363
b1             : 2.31132370369
f_nl           : 15.9689603774
sigma_fog      : 4.39667417302

Constrained parameters [ mean ]
_________________________
b1sigma8       : 0.920630764782
