rank #0: 2018-10-08 10:00:33,505 rsdfit.fitting_driver INFO     rank 26 on nid00695     Calling the 'nlopt' solve function
rank #0: 2018-10-08 10:00:33,505 rsdfit.lbfgs_fitter INFO     running LBFGS for 500 iterations and then stopping
rank #0: 2018-10-08 10:00:33,505 rsdfit.lbfgs_fitter INFO     running LBFGS minimizer with priors
rank #0: 2018-10-08 10:00:33,506 root         INFO     Iter           N          b1        f_nl   sigma_fog   F(X)     
rank #0: 2018-10-08 10:00:33,506 rsdfit.lbfgs_fitter INFO     computing gradient using numerical derivative of lnlike()
rank #0: 2018-10-08 10:00:34,712 LBFGS        INFO     options = {'factr': 100000.0, 'gtol': 1e-05, 'max_iter': 500, 'test_convergence': False}
rank #0: 2018-10-08 10:00:34,713 LBFGS        PARAM    0000          0.000000          2.000000          0.000000          4.000000        112.892129
rank #0: 2018-10-08 10:00:36,091 LBFGS        PARAM    0001         67.777205          2.157871          1.461271          3.935787         95.687048
rank #0: 2018-10-08 10:00:37,347 LBFGS        PARAM    0002        -36.516907          2.499849          8.220665          3.867752         83.117264
rank #0: 2018-10-08 10:00:38,584 LBFGS        PARAM    0003       -153.026002          2.476440          8.748835          3.913118         80.443052
rank #0: 2018-10-08 10:00:39,820 LBFGS        PARAM    0004       -402.180469          2.522069         12.222690          3.944923         78.392293
rank #0: 2018-10-08 10:00:41,077 LBFGS        PARAM    0005       -477.750437          2.543825         14.522110          3.832421         78.037485
rank #0: 2018-10-08 10:00:42,314 LBFGS        PARAM    0006       -592.443680          2.554844         19.405086          3.427549         77.502376
rank #0: 2018-10-08 10:00:43,570 LBFGS        PARAM    0007       -604.052302          2.539500         22.471601          3.184643         77.382218
rank #0: 2018-10-08 10:00:44,808 LBFGS        PARAM    0008       -598.112463          2.540860         23.387203          3.184277         77.379002
rank #0: 2018-10-08 10:00:46,046 LBFGS        PARAM    0009       -596.577123          2.540195         23.581057          3.186544         77.378625
rank #0: 2018-10-08 10:00:47,303 LBFGS        PARAM    0010       -593.002966          2.538176         24.740180          3.192927         77.377632
rank #0: 2018-10-08 10:00:48,544 LBFGS        PARAM    0011       -593.519891          2.537982         25.229433          3.193039         77.377469
rank #0: 2018-10-08 10:00:49,808 LBFGS        PARAM    0012       -594.198293          2.538133         25.321707          3.192348         77.377455
rank #0: 2018-10-08 10:00:51,049 LBFGS        PARAM    0013       -594.262260          2.538159         25.316327          3.192264         77.377455
rank #0: 2018-10-08 10:00:52,284 LBFGS        PARAM    0014       -594.265172          2.538160         25.315454          3.192258         77.377455
rank #0: 2018-10-08 10:00:53,540 LBFGS        PARAM    0015       -594.265135          2.538160         25.315433          3.192258         77.377455
rank #0: 2018-10-08 10:00:54,774 LBFGS        PARAM    0016       -594.265099          2.538160         25.315434          3.192258         77.377455
rank #0: 2018-10-08 10:00:56,027 LBFGS        PARAM    0017       -594.265125          2.538160         25.315434          3.192258         77.377455
rank #0: 2018-10-08 10:00:57,401 LBFGS        PARAM    0018       -594.265125          2.538160         25.315434          3.192258         77.377455
rank #0: 2018-10-08 10:01:49,457 LBFGS        INFO     Linesearch failed in both LBFGS and gradient directions
rank #0: 2018-10-08 10:01:49,458 LBFGS        PARAM    0018       -594.265125          2.538160         25.315434          3.192258         77.377455
rank #0: 2018-10-08 10:01:49,459 rsdfit.lbfgs_fitter WARNING  ...LBFGS optimization finished. Time elapsed: 0:01:14.75
rank #0: 2018-10-08 10:01:49,459 rsdfit.lbfgs_fitter ERROR    nonlinear fit with method L-BFGS-B failed: Linesearch failed in both LBFGS and gradient directions
rank #0: 2018-10-08 10:01:49,460 rsdfit.fitting_driver INFO     rank 26 on nid00695     ...fitting complete
rank #0: 2018-10-08 10:01:49,463 rsdfit.fitting_driver INFO     rank 26 on nid00695     Saving the results to `/global/cscratch1/sd/nhand/eBOSS/fits/results/mocks/ezmock/v1.8e-fph/0.0001-0.3/basemodel-N-fnl/0.8-2.2/QSO-S-0108-P0+P2-mock-cov-98e9a706c6/2018-10-08_nlopt_18i_chain0__1.npz`
rank #0: 2018-10-08 10:01:49,736 pyRSD.analysis.lbfgs_results INFO     
minimum chi2 = 77.3774545677

Free parameters [ mean ]
_______________
N              : -594.265124749
b1             : 2.53816043516
f_nl           : 25.3154344055
sigma_fog      : 3.19225815448

Constrained parameters [ mean ]
_________________________
b1sigma8       : 0.91940675736
