rank #0: 2019-02-16 14:12:40,640 rsdfit.fitting_driver INFO     rank 32 on nid00679     Calling the 'nlopt' solve function
rank #0: 2019-02-16 14:12:40,670 rsdfit.lbfgs_fitter INFO     running LBFGS for 500 iterations and then stopping
rank #0: 2019-02-16 14:12:40,671 rsdfit.lbfgs_fitter INFO     running LBFGS minimizer with priors
rank #0: 2019-02-16 14:12:40,671 root         INFO     Iter           N          b1        f_nl   sigma_fog   F(X)     
rank #0: 2019-02-16 14:12:40,672 rsdfit.lbfgs_fitter INFO     computing gradient using numerical derivative of lnlike()
rank #0: 2019-02-16 14:12:41,814 LBFGS        INFO     options = {'factr': 100000.0, 'gtol': 1e-05, 'max_iter': 500, 'test_convergence': False}
rank #0: 2019-02-16 14:12:41,816 LBFGS        PARAM    0000          0.000000          2.000000          0.000000          4.000000         86.295410
rank #0: 2019-02-16 14:12:43,108 LBFGS        PARAM    0001         60.341961          2.092462          2.033551          3.961709         75.180702
rank #0: 2019-02-16 14:12:44,272 LBFGS        PARAM    0002         43.164946          2.271430          8.107093          3.921632         68.041248
rank #0: 2019-02-16 14:12:45,445 LBFGS        PARAM    0003         25.906927          2.259931          9.726829          3.953304         67.730886
rank #0: 2019-02-16 14:12:46,626 LBFGS        PARAM    0004        -28.483081          2.256815         15.964631          4.034199         67.223145
rank #0: 2019-02-16 14:12:47,811 LBFGS        PARAM    0005       -140.732415          2.272352         30.005249          4.163138         67.050643
rank #0: 2019-02-16 14:12:48,990 LBFGS        PARAM    0006        -98.634556          2.275369         30.545504          4.112013         66.700432
rank #0: 2019-02-16 14:12:50,165 LBFGS        PARAM    0007        -80.494401          2.281507         36.843857          4.072936         66.497463
rank #0: 2019-02-16 14:12:51,336 LBFGS        PARAM    0008        -77.146722          2.281775         45.035139          4.037701         66.358746
rank #0: 2019-02-16 14:12:52,508 LBFGS        PARAM    0009        -75.250695          2.269853         63.137212          3.943593         66.104694
rank #0: 2019-02-16 14:12:53,659 LBFGS        PARAM    0010        -76.526120          2.242073         78.671413          3.791051         65.867762
rank #0: 2019-02-16 14:12:54,793 LBFGS        PARAM    0011        -85.008477          2.228589         80.958705          3.737172         65.813429
rank #0: 2019-02-16 14:12:55,929 LBFGS        PARAM    0012        -88.959459          2.228645         80.525472          3.740744         65.812037
rank #0: 2019-02-16 14:12:57,063 LBFGS        PARAM    0013        -89.831990          2.228917         80.417344          3.741700         65.811981
rank #0: 2019-02-16 14:12:58,197 LBFGS        PARAM    0014        -90.556798          2.229124         80.321351          3.740675         65.811921
rank #0: 2019-02-16 14:12:59,334 LBFGS        PARAM    0015        -92.423357          2.229564         80.121193          3.734506         65.811791
rank #0: 2019-02-16 14:13:00,499 LBFGS        PARAM    0016        -92.676863          2.229575         80.145714          3.731886         65.811775
rank #0: 2019-02-16 14:13:01,655 LBFGS        PARAM    0017        -92.636327          2.229555         80.171063          3.731549         65.811774
rank #0: 2019-02-16 14:13:02,822 LBFGS        PARAM    0018        -92.619778          2.229551         80.173043          3.731565         65.811774
rank #0: 2019-02-16 14:13:03,992 LBFGS        PARAM    0019        -92.617960          2.229550         80.173154          3.731569         65.811774
rank #0: 2019-02-16 14:13:05,161 LBFGS        PARAM    0020        -92.617951          2.229550         80.173155          3.731570         65.811774
rank #0: 2019-02-16 14:13:06,455 LBFGS        PARAM    0021        -92.617951          2.229550         80.173155          3.731570         65.811774
rank #0: 2019-02-16 14:13:07,616 LBFGS        PARAM    0022        -92.617950          2.229550         80.173154          3.731570         65.811774
rank #0: 2019-02-16 14:13:08,769 LBFGS        PARAM    0023        -92.617951          2.229550         80.173155          3.731570         65.811774
rank #0: 2019-02-16 14:13:36,636 LBFGS        PARAM    0024        -92.617965          2.229550         80.173155          3.731570         65.811774
rank #0: 2019-02-16 14:13:37,795 LBFGS        PARAM    0025        -92.617957          2.229550         80.173155          3.731570         65.811774
rank #0: 2019-02-16 14:14:28,918 LBFGS        INFO     Linesearch failed in both LBFGS and gradient directions
rank #0: 2019-02-16 14:14:28,919 LBFGS        PARAM    0025        -92.617957          2.229550         80.173155          3.731570         65.811774
rank #0: 2019-02-16 14:14:28,920 rsdfit.lbfgs_fitter WARNING  ...LBFGS optimization finished. Time elapsed: 0:01:47.11
rank #0: 2019-02-16 14:14:28,921 rsdfit.lbfgs_fitter ERROR    nonlinear fit with method L-BFGS-B failed: Linesearch failed in both LBFGS and gradient directions
rank #0: 2019-02-16 14:14:28,922 rsdfit.fitting_driver INFO     rank 32 on nid00679     ...fitting complete
rank #0: 2019-02-16 14:14:28,967 rsdfit.fitting_driver INFO     rank 32 on nid00679     Saving the results to `/global/cscratch1/sd/nhand/eBOSS/fits/results/mocks/ezmock/v1.8e-fph/0.005-0.3/basemodel-N-fnl/0.8-2.2/QSO-S-0823-P0+P2-mock-cov-26d5de4060/2019-02-16_nlopt_25i_chain0__1.npz`
rank #0: 2019-02-16 14:14:28,974 pyRSD.analysis.lbfgs_results INFO     
minimum chi2 = 65.81177398243818

Free parameters [ mean ]
_______________
N              : -92.61795698009988
b1             : 2.229550129977671
f_nl           : 80.17315467415766
sigma_fog      : 3.731569577958849

Constrained parameters [ mean ]
_________________________
b1sigma8       : 0.8358255882709094
