rank #0: 2018-12-30 20:21:31,539 rsdfit.fitting_driver INFO     rank 42 on nid00680     Calling the 'nlopt' solve function
rank #0: 2018-12-30 20:21:31,540 rsdfit.lbfgs_fitter INFO     running LBFGS for 500 iterations and then stopping
rank #0: 2018-12-30 20:21:31,540 rsdfit.lbfgs_fitter INFO     running LBFGS minimizer with priors
rank #0: 2018-12-30 20:21:31,541 root         INFO     Iter           N          b1        f_nl   sigma_fog   F(X)     
rank #0: 2018-12-30 20:21:31,541 rsdfit.lbfgs_fitter INFO     computing gradient using numerical derivative of lnlike()
rank #0: 2018-12-30 20:21:32,719 LBFGS        INFO     options = {'factr': 100000.0, 'gtol': 1e-05, 'max_iter': 500, 'test_convergence': False}
rank #0: 2018-12-30 20:21:32,721 LBFGS        PARAM    0000          0.000000          2.000000          0.000000          4.000000        116.689615
rank #0: 2018-12-30 20:21:34,096 LBFGS        PARAM    0001         24.331606          2.158296          1.757016          3.974433        101.073190
rank #0: 2018-12-30 20:21:35,321 LBFGS        PARAM    0002       -161.953265          2.534116         12.159652          4.097896         85.628425
rank #0: 2018-12-30 20:21:36,548 LBFGS        PARAM    0003       -350.955123          2.546465         14.948824          4.215135         81.092278
rank #0: 2018-12-30 20:21:37,794 LBFGS        PARAM    0004       -626.322267          2.597364         22.415355          4.346792         78.939244
rank #0: 2018-12-30 20:21:39,018 LBFGS        PARAM    0005       -626.873230          2.580753         26.113263          4.284113         78.749731
rank #0: 2018-12-30 20:21:40,259 LBFGS        PARAM    0006       -657.174704          2.539692         48.390954          3.959535         78.128736
rank #0: 2018-12-30 20:21:41,482 LBFGS        PARAM    0007       -685.527261          2.534970         65.122363          3.740346         77.951713
rank #0: 2018-12-30 20:21:42,703 LBFGS        PARAM    0008       -676.537514          2.545270         60.168385          3.788257         77.922403
rank #0: 2018-12-30 20:21:43,945 LBFGS        PARAM    0009       -680.412335          2.547336         60.244883          3.781949         77.921129
rank #0: 2018-12-30 20:21:45,166 LBFGS        PARAM    0010       -683.040906          2.548113         60.184971          3.775642         77.920646
rank #0: 2018-12-30 20:21:46,408 LBFGS        PARAM    0011       -688.035407          2.548872         59.925913          3.757835         77.919766
rank #0: 2018-12-30 20:21:47,629 LBFGS        PARAM    0012       -689.977734          2.548294         59.646400          3.743781         77.919365
rank #0: 2018-12-30 20:21:48,849 LBFGS        PARAM    0013       -690.030488          2.548231         59.620553          3.743708         77.919363
rank #0: 2018-12-30 20:21:50,094 LBFGS        PARAM    0014       -690.000677          2.548221         59.621100          3.743765         77.919363
rank #0: 2018-12-30 20:21:51,321 LBFGS        PARAM    0015       -689.995796          2.548220         59.621323          3.743778         77.919363
rank #0: 2018-12-30 20:21:52,572 LBFGS        PARAM    0016       -689.995766          2.548220         59.621326          3.743778         77.919363
rank #0: 2018-12-30 20:21:53,804 LBFGS        PARAM    0017       -689.995796          2.548220         59.621327          3.743778         77.919363
rank #0: 2018-12-30 20:21:55,181 LBFGS        PARAM    0018       -689.995796          2.548220         59.621327          3.743778         77.919363
rank #0: 2018-12-30 20:22:47,466 LBFGS        INFO     Linesearch failed in both LBFGS and gradient directions
rank #0: 2018-12-30 20:22:47,467 LBFGS        PARAM    0018       -689.995796          2.548220         59.621327          3.743778         77.919363
rank #0: 2018-12-30 20:22:47,468 rsdfit.lbfgs_fitter WARNING  ...LBFGS optimization finished. Time elapsed: 0:01:14.75
rank #0: 2018-12-30 20:22:47,468 rsdfit.lbfgs_fitter ERROR    nonlinear fit with method L-BFGS-B failed: Linesearch failed in both LBFGS and gradient directions
rank #0: 2018-12-30 20:22:47,469 rsdfit.fitting_driver INFO     rank 42 on nid00680     ...fitting complete
rank #0: 2018-12-30 20:22:47,476 rsdfit.fitting_driver INFO     rank 42 on nid00680     Saving the results to `/global/cscratch1/sd/nhand/eBOSS/fits/results/mocks/ezmock/v1.8e-fph/0.0001-0.3/basemodel-N-fnl/0.8-2.2/QSO-S-0579-P0+P2-mock-cov-78b9fba607/2018-12-30_nlopt_18i_chain0__1.npz`
rank #0: 2018-12-30 20:22:47,837 pyRSD.analysis.lbfgs_results INFO     
minimum chi2 = 77.9193625946

Free parameters [ mean ]
_______________
N              : -689.995796248
b1             : 2.5482203895
f_nl           : 59.6213267466
sigma_fog      : 3.74377789992

Constrained parameters [ mean ]
_________________________
b1sigma8       : 0.923050809905
