rank #0: 2017-11-27 22:24:29,827 rsdfit.fitting_driver INFO     rank 113 on nid00476     Calling the 'nlopt' solve function
rank #0: 2017-11-27 22:24:29,827 rsdfit.lbfgs_fitter INFO     running LBFGS for 500 iterations and then stopping
rank #0: 2017-11-27 22:24:29,828 rsdfit.lbfgs_fitter INFO     running LBFGS minimizer with priors
rank #0: 2017-11-27 22:24:29,828 root         INFO     Iter           N          b1           f        f_nl    sigma8_z   sigma_fog   F(X)     
rank #0: 2017-11-27 22:24:30,548 LBFGS        INFO     options = {'factr': 100000.0, 'gtol': 1e-05, 'max_iter': 500, 'test_convergence': False}
rank #0: 2017-11-27 22:24:30,549 LBFGS        PARAM    0000          0.000000          2.000000          0.930883          0.000000          0.398070          4.000000         90.346739
rank #0: 2017-11-27 22:24:31,338 LBFGS        PARAM    0001         -0.235095          2.001976          0.930976          0.018037          0.399430          3.999601         88.716642
rank #0: 2017-11-27 22:24:32,068 LBFGS        PARAM    0002        -23.879954          2.045324          0.933115          0.577071          0.427875          3.996027         74.112769
rank #0: 2017-11-27 22:24:32,799 LBFGS        PARAM    0003        -33.477885          2.037644          0.932813          0.586339          0.423222          4.000775         73.300888
rank #0: 2017-11-27 22:24:33,530 LBFGS        PARAM    0004        -49.188696          2.037095          0.932873          0.710197          0.423103          4.005313         72.975841
rank #0: 2017-11-27 22:24:34,260 LBFGS        PARAM    0005       -340.616384          2.035167          0.934419          3.172443          0.426185          4.078448         69.618153
rank #0: 2017-11-27 22:24:34,990 LBFGS        PARAM    0006       -400.127101          2.037057          0.935086          4.483470          0.428434          4.016123         69.242343
rank #0: 2017-11-27 22:24:35,720 LBFGS        PARAM    0007       -435.296467          2.038600          0.935513          5.730480          0.429891          3.937036         69.100357
rank #0: 2017-11-27 22:24:36,450 LBFGS        PARAM    0008       -449.517554          2.038974          0.935604          6.582458          0.430079          3.875809         69.027119
rank #0: 2017-11-27 22:24:37,181 LBFGS        PARAM    0009       -475.635215          2.040465          0.935066          8.983199          0.429192          3.710147         68.871023
rank #0: 2017-11-27 22:24:37,910 LBFGS        PARAM    0010       -493.930303          2.060995          0.928438         13.263247          0.424916          3.584643         68.679882
rank #0: 2017-11-27 22:24:38,641 LBFGS        PARAM    0011       -543.354396          2.157217          0.897818         30.521890          0.406257          3.205039         68.266085
rank #0: 2017-11-27 22:24:39,372 LBFGS        PARAM    0012       -540.475830          2.181399          0.890466         33.769180          0.402835          3.189808         68.121071
rank #0: 2017-11-27 22:24:40,101 LBFGS        PARAM    0013       -557.192519          2.260981          0.866379         45.881211          0.392570          3.123214         67.846864
rank #0: 2017-11-27 22:24:40,832 LBFGS        PARAM    0014       -566.968209          2.276155          0.861926         48.841601          0.390603          3.084333         67.834490
rank #0: 2017-11-27 22:24:41,563 LBFGS        PARAM    0015       -569.584203          2.277896          0.861649         49.689985          0.390547          3.074370         67.829701
rank #0: 2017-11-27 22:24:42,293 LBFGS        PARAM    0016       -575.341646          2.281703          0.860953         51.595470          0.390025          3.048373         67.822602
rank #0: 2017-11-27 22:24:43,023 LBFGS        PARAM    0017       -577.282427          2.279603          0.862650         53.804000          0.390350          3.038207         67.807030
rank #0: 2017-11-27 22:24:43,754 LBFGS        PARAM    0018       -576.613175          2.270757          0.868878         60.866942          0.391191          3.029835         67.760002
rank #0: 2017-11-27 22:24:44,483 LBFGS        PARAM    0019       -559.426159          2.244903          0.882339         69.650602          0.393982          3.085011         67.691593
rank #0: 2017-11-27 22:24:45,214 LBFGS        PARAM    0020       -524.253547          2.210268          0.899095         78.947425          0.397410          3.207430         67.622777
rank #0: 2017-11-27 22:24:45,944 LBFGS        PARAM    0021       -508.358164          2.202698          0.902546         80.536010          0.397980          3.265004         67.609972
rank #0: 2017-11-27 22:24:46,672 LBFGS        PARAM    0022       -507.355633          2.206455          0.900834         79.861789          0.397402          3.266484         67.608654
rank #0: 2017-11-27 22:24:47,403 LBFGS        PARAM    0023       -507.569879          2.206865          0.900403         79.218087          0.397376          3.265963         67.608574
rank #0: 2017-11-27 22:24:48,135 LBFGS        PARAM    0024       -507.908394          2.207344          0.900251         79.287176          0.397301          3.264279         67.608568
rank #0: 2017-11-27 22:24:48,866 LBFGS        PARAM    0025       -507.861297          2.207233          0.900292         79.290782          0.397318          3.264516         67.608568
rank #0: 2017-11-27 22:24:49,596 LBFGS        PARAM    0026       -507.863174          2.207239          0.900289         79.288862          0.397317          3.264511         67.608568
rank #0: 2017-11-27 22:24:50,326 LBFGS        PARAM    0027       -507.863272          2.207240          0.900289         79.288901          0.397317          3.264511         67.608568
rank #0: 2017-11-27 22:24:51,503 LBFGS        PARAM    0028       -507.863274          2.207240          0.900289         79.288901          0.397317          3.264511         67.608568
rank #0: 2017-11-27 22:24:52,288 LBFGS        PARAM    0029       -507.863161          2.207241          0.900290         79.289030          0.397317          3.264513         67.608568
rank #0: 2017-11-27 22:24:53,520 LBFGS        PARAM    0030       -507.863161          2.207241          0.900290         79.289030          0.397317          3.264513         67.608568
rank #0: 2017-11-27 22:25:15,342 LBFGS        INFO     Linesearch failed in both LBFGS and gradient directions
rank #0: 2017-11-27 22:25:15,343 LBFGS        PARAM    0030       -507.863161          2.207241          0.900290         79.289030          0.397317          3.264513         67.608568
rank #0: 2017-11-27 22:25:15,343 rsdfit.lbfgs_fitter WARNING  ...LBFGS optimization finished. Time elapsed: 0:00:44.79
rank #0: 2017-11-27 22:25:15,343 rsdfit.lbfgs_fitter ERROR    nonlinear fit with method L-BFGS-B failed: Linesearch failed in both LBFGS and gradient directions
rank #0: 2017-11-27 22:25:15,344 rsdfit.fitting_driver INFO     rank 113 on nid00476     ...fitting complete
rank #0: 2017-11-27 22:25:15,351 rsdfit.fitting_driver INFO     rank 113 on nid00476     Saving the results to `/global/cscratch1/sd/nhand/eBOSS/fits/results/mocks/ezmock/v1.8e-fph/0.0001-0.3/basemodel-fs8-N-fnl/0.8-2.2/QSO-N-0997-P0+P2-mock-cov-0a197b956d/2017-11-27_nlopt_30i_chain0__1.npz`
rank #0: 2017-11-27 22:25:15,421 pyRSD.analysis.lbfgs_results INFO     
minimum chi2 = 67.6085677568

Free parameters [ mean ]
_______________
N              : -507.863161031
b1             : 2.20724067014
f              : 0.900289968158
f_nl           : 79.2890300296
sigma8_z       : 0.397316621002
sigma_fog      : 3.26451277438

Constrained parameters [ mean ]
_________________________
b1sigma8       : 0.876973404797
fsigma8        : 0.35770016807
