rank #0: 2017-11-27 20:44:34,131 rsdfit.fitting_driver INFO     rank 169 on nid00802     Calling the 'nlopt' solve function
rank #0: 2017-11-27 20:44:34,132 rsdfit.lbfgs_fitter INFO     running LBFGS for 500 iterations and then stopping
rank #0: 2017-11-27 20:44:34,132 rsdfit.lbfgs_fitter INFO     running LBFGS minimizer with priors
rank #0: 2017-11-27 20:44:34,132 root         INFO     Iter           N          b1        f_nl   sigma_fog   F(X)     
rank #0: 2017-11-27 20:44:34,620 LBFGS        INFO     options = {'factr': 100000.0, 'gtol': 1e-05, 'max_iter': 500, 'test_convergence': False}
rank #0: 2017-11-27 20:44:34,621 LBFGS        PARAM    0000          0.000000          2.000000          0.000000          4.000000         80.564617
rank #0: 2017-11-27 20:44:35,178 LBFGS        PARAM    0001          4.640014          2.078587          0.559675          3.971052         74.226115
rank #0: 2017-11-27 20:44:35,679 LBFGS        PARAM    0002        -48.842172          2.229261          2.330682          3.899889         69.750453
rank #0: 2017-11-27 20:44:36,180 LBFGS        PARAM    0003        -88.887087          2.217489          2.262801          3.890688         69.359344
rank #0: 2017-11-27 20:44:36,681 LBFGS        PARAM    0004       -257.478089          2.213974          2.558819          3.823468         68.556108
rank #0: 2017-11-27 20:44:37,187 LBFGS        PARAM    0005       -381.418907          2.229719          2.920083          3.717153         68.233054
rank #0: 2017-11-27 20:44:37,691 LBFGS        PARAM    0006       -425.619756          2.236211          2.641412          3.530391         68.105494
rank #0: 2017-11-27 20:44:38,198 LBFGS        PARAM    0007       -423.272725          2.237260          2.338357          3.489509         68.098976
rank #0: 2017-11-27 20:44:38,702 LBFGS        PARAM    0008       -421.566400          2.237131          2.198550          3.488254         68.098819
rank #0: 2017-11-27 20:44:39,207 LBFGS        PARAM    0009       -419.907341          2.237074          1.697092          3.487313         68.098481
rank #0: 2017-11-27 20:44:39,715 LBFGS        PARAM    0010       -416.691359          2.237498         -0.705939          3.485747         68.097207
rank #0: 2017-11-27 20:44:40,224 LBFGS        PARAM    0011       -414.428288          2.239292         -6.510300          3.485119         68.094478
rank #0: 2017-11-27 20:44:40,731 LBFGS        PARAM    0012       -415.171457          2.246215        -25.261037          3.487689         68.083890
rank #0: 2017-11-27 20:44:40,731 LBFGS        INFO     LBFGS iteration 12: the descent direction does not have a sufficient projection (cos(theta)=-1.37e-01, theta=97.8609) into the gradient; using steepest descent at this step!
rank #0: 2017-11-27 20:44:41,295 LBFGS        PARAM    0013       -430.298837          2.248743        -25.455424          3.503198         68.078963
rank #0: 2017-11-27 20:44:41,800 LBFGS        PARAM    0014       -433.001728          2.248099        -25.799386          3.502440         68.078826
rank #0: 2017-11-27 20:44:42,305 LBFGS        PARAM    0015       -433.726284          2.248678        -25.922484          3.502056         68.078552
rank #0: 2017-11-27 20:44:42,808 LBFGS        PARAM    0016       -435.993159          2.249825        -26.644952          3.497715         68.077917
rank #0: 2017-11-27 20:44:43,308 LBFGS        PARAM    0017       -439.563621          2.251058        -28.150689          3.488761         68.077082
rank #0: 2017-11-27 20:44:43,811 LBFGS        PARAM    0018       -444.098522          2.252492        -30.879196          3.477187         68.075722
rank #0: 2017-11-27 20:44:44,314 LBFGS        PARAM    0019       -454.526502          2.257356        -40.295153          3.455558         68.070614
rank #0: 2017-11-27 20:44:44,874 LBFGS        PARAM    0020       -464.482401          2.262568        -50.964499          3.437815         68.064716
rank #0: 2017-11-27 20:44:45,432 LBFGS        PARAM    0021       -470.421113          2.266529        -59.397088          3.428734         68.060043
rank #0: 2017-11-27 20:44:45,933 LBFGS        PARAM    0022       -474.500031          2.273652        -75.539837          3.431013         68.053194
rank #0: 2017-11-27 20:44:46,436 LBFGS        PARAM    0023       -465.545508          2.270544        -72.002249          3.459104         68.040646
rank #0: 2017-11-27 20:44:46,938 LBFGS        PARAM    0024       -445.813102          2.269171        -75.137687          3.518996         68.030723
rank #0: 2017-11-27 20:44:47,440 LBFGS        PARAM    0025       -446.132678          2.269170        -74.324751          3.518299         68.030660
rank #0: 2017-11-27 20:44:47,944 LBFGS        PARAM    0026       -446.401096          2.269265        -74.380211          3.518624         68.030658
rank #0: 2017-11-27 20:44:48,450 LBFGS        PARAM    0027       -446.365633          2.269285        -74.398315          3.518749         68.030658
rank #0: 2017-11-27 20:44:48,955 LBFGS        PARAM    0028       -446.364192          2.269285        -74.398551          3.518757         68.030658
rank #0: 2017-11-27 20:44:49,459 LBFGS        PARAM    0029       -446.364130          2.269285        -74.398564          3.518757         68.030658
rank #0: 2017-11-27 20:45:01,691 LBFGS        PARAM    0030       -446.364156          2.269285        -74.398563          3.518757         68.030658
rank #0: 2017-11-27 20:45:23,424 LBFGS        INFO     Linesearch failed in both LBFGS and gradient directions
rank #0: 2017-11-27 20:45:23,424 LBFGS        PARAM    0030       -446.364156          2.269285        -74.398563          3.518757         68.030658
rank #0: 2017-11-27 20:45:23,424 rsdfit.lbfgs_fitter WARNING  ...LBFGS optimization finished. Time elapsed: 0:00:48.80
rank #0: 2017-11-27 20:45:23,425 rsdfit.lbfgs_fitter ERROR    nonlinear fit with method L-BFGS-B failed: Linesearch failed in both LBFGS and gradient directions
rank #0: 2017-11-27 20:45:23,425 rsdfit.fitting_driver INFO     rank 169 on nid00802     ...fitting complete
rank #0: 2017-11-27 20:45:23,428 rsdfit.fitting_driver INFO     rank 169 on nid00802     Saving the results to `/global/cscratch1/sd/nhand/eBOSS/fits/results/mocks/ezmock/v1.8e-fph/0.0001-0.3/basemodel-N-fnl/0.8-2.2/QSO-S-0775-P0+P2-mock-cov-a9f629560d/2017-11-27_nlopt_30i_chain0__1.npz`
rank #0: 2017-11-27 20:45:23,447 pyRSD.analysis.lbfgs_results INFO     
minimum chi2 = 68.030658087

Free parameters [ mean ]
_______________
N              : -446.364156066
b1             : 2.26928499182
f_nl           : -74.3985634049
sigma_fog      : 3.51875655054

Constrained parameters [ mean ]
_________________________
b1sigma8       : 0.903140436362
