rank #0: 2018-06-03 09:03:54,967 rsdfit.fitting_driver INFO     rank 13 on nid00679     Calling the 'nlopt' solve function
rank #0: 2018-06-03 09:03:54,968 rsdfit.lbfgs_fitter INFO     running LBFGS for 500 iterations and then stopping
rank #0: 2018-06-03 09:03:54,968 rsdfit.lbfgs_fitter INFO     running LBFGS minimizer with priors
rank #0: 2018-06-03 09:03:54,969 root         INFO     Iter           N          b1        f_nl   sigma_fog   F(X)     
rank #0: 2018-06-03 09:03:55,511 LBFGS        INFO     options = {'factr': 100000.0, 'gtol': 1e-05, 'max_iter': 500, 'test_convergence': False}
rank #0: 2018-06-03 09:03:55,513 LBFGS        PARAM    0000          0.000000          2.000000          0.000000          4.000000         96.654111
rank #0: 2018-06-03 09:03:56,129 LBFGS        PARAM    0001         35.800350          2.099064          2.081794          3.966958         85.452215
rank #0: 2018-06-03 09:03:56,683 LBFGS        PARAM    0002        -44.847358          2.343778          9.769082          3.950377         74.998266
rank #0: 2018-06-03 09:03:57,238 LBFGS        PARAM    0003       -135.514268          2.343400         10.611650          3.994742         73.175768
rank #0: 2018-06-03 09:03:57,794 LBFGS        PARAM    0004       -352.275703          2.390328         14.066127          4.065991         71.617846
rank #0: 2018-06-03 09:03:58,354 LBFGS        PARAM    0005       -364.682892          2.390412         13.658638          4.008045         71.550042
rank #0: 2018-06-03 09:03:58,909 LBFGS        PARAM    0006       -437.303739          2.394892         12.274977          3.635116         71.359593
rank #0: 2018-06-03 09:03:59,463 LBFGS        PARAM    0007       -434.048701          2.390645         11.751200          3.647180         71.358127
rank #0: 2018-06-03 09:04:00,092 LBFGS        PARAM    0008       -434.044650          2.392326         11.980103          3.649470         71.357212
rank #0: 2018-06-03 09:04:00,704 LBFGS        PARAM    0009       -434.070700          2.392331         11.980062          3.649353         71.357212
rank #0: 2018-06-03 09:04:01,255 LBFGS        PARAM    0010       -434.071772          2.392333         11.979285          3.649354         71.357212
rank #0: 2018-06-03 09:04:01,806 LBFGS        PARAM    0011       -434.073657          2.392335         11.977546          3.649360         71.357212
rank #0: 2018-06-03 09:04:02,360 LBFGS        PARAM    0012       -434.073649          2.392335         11.977547          3.649360         71.357212
rank #0: 2018-06-03 09:04:15,792 LBFGS        PARAM    0013       -434.073654          2.392335         11.977547          3.649360         71.357212
rank #0: 2018-06-03 09:04:16,413 LBFGS        PARAM    0014       -434.073654          2.392335         11.977547          3.649360         71.357212
rank #0: 2018-06-03 09:04:40,255 LBFGS        INFO     Linesearch failed in both LBFGS and gradient directions
rank #0: 2018-06-03 09:04:40,257 LBFGS        PARAM    0014       -434.073654          2.392335         11.977547          3.649360         71.357212
rank #0: 2018-06-03 09:04:40,258 rsdfit.lbfgs_fitter WARNING  ...LBFGS optimization finished. Time elapsed: 0:00:44.75
rank #0: 2018-06-03 09:04:40,259 rsdfit.lbfgs_fitter ERROR    nonlinear fit with method L-BFGS-B failed: Linesearch failed in both LBFGS and gradient directions
rank #0: 2018-06-03 09:04:40,260 rsdfit.fitting_driver INFO     rank 13 on nid00679     ...fitting complete
rank #0: 2018-06-03 09:04:40,264 rsdfit.fitting_driver INFO     rank 13 on nid00679     Saving the results to `/global/cscratch1/sd/nhand/eBOSS/fits/results/mocks/ezmock/v1.8e-fph/0.0001-0.3/basemodel-N-fnl/0.8-2.2/QSO-S-0833-P0+P2-mock-cov-1ab4f6001f/2018-06-03_nlopt_14i_chain0__1.npz`
rank #0: 2018-06-03 09:04:40,288 pyRSD.analysis.lbfgs_results INFO     
minimum chi2 = 71.3572122089

Free parameters [ mean ]
_______________
N              : -434.073653809
b1             : 2.39233527121
f_nl           : 11.9775473181
sigma_fog      : 3.64936031005

Constrained parameters [ mean ]
_________________________
b1sigma8       : 0.896851346158
