rank #0: 2018-12-30 16:20:41,844 rsdfit.fitting_driver INFO     rank 38 on nid00554     Calling the 'nlopt' solve function
rank #0: 2018-12-30 16:20:41,845 rsdfit.lbfgs_fitter INFO     running LBFGS for 500 iterations and then stopping
rank #0: 2018-12-30 16:20:41,846 rsdfit.lbfgs_fitter INFO     running LBFGS minimizer with priors
rank #0: 2018-12-30 16:20:41,846 root         INFO     Iter           N          b1        f_nl   sigma_fog   F(X)     
rank #0: 2018-12-30 16:20:41,847 rsdfit.lbfgs_fitter INFO     computing gradient using numerical derivative of lnlike()
rank #0: 2018-12-30 16:20:42,455 LBFGS        INFO     options = {'factr': 100000.0, 'gtol': 1e-05, 'max_iter': 500, 'test_convergence': False}
rank #0: 2018-12-30 16:20:42,457 LBFGS        PARAM    0000          0.000000          2.000000          0.000000          4.000000         92.848678
rank #0: 2018-12-30 16:20:43,129 LBFGS        PARAM    0001         -7.836700          2.058918          0.526990          4.001894         84.010322
rank #0: 2018-12-30 16:20:43,752 LBFGS        PARAM    0002       -141.247732          2.202124          2.628284          4.078718         72.722603
rank #0: 2018-12-30 16:20:44,369 LBFGS        PARAM    0003       -255.407638          2.229834          3.498340          4.152624         69.622442
rank #0: 2018-12-30 16:20:44,963 LBFGS        PARAM    0004       -370.492430          2.238855          4.607588          4.208817         68.399652
rank #0: 2018-12-30 16:20:45,582 LBFGS        PARAM    0005       -372.516482          2.240177          4.927925          4.200091         68.388841
rank #0: 2018-12-30 16:20:46,201 LBFGS        PARAM    0006       -382.965400          2.242819          6.847454          4.145805         68.348513
rank #0: 2018-12-30 16:20:46,817 LBFGS        PARAM    0007       -394.535463          2.242200          9.279206          4.079770         68.314995
rank #0: 2018-12-30 16:20:47,487 LBFGS        PARAM    0008       -401.701499          2.237925         14.042927          4.027720         68.275690
rank #0: 2018-12-30 16:20:48,102 LBFGS        PARAM    0009       -403.543035          2.232179         20.055337          3.999643         68.248753
rank #0: 2018-12-30 16:20:48,716 LBFGS        PARAM    0010       -400.175933          2.229557         23.431749          4.006758         68.236479
rank #0: 2018-12-30 16:20:49,314 LBFGS        PARAM    0011       -392.715654          2.227716         27.955141          4.033984         68.222319
rank #0: 2018-12-30 16:20:49,920 LBFGS        PARAM    0012       -390.586615          2.229574         29.474639          4.046541         68.217967
rank #0: 2018-12-30 16:20:51,337 LBFGS        PARAM    0013       -389.028906          2.229524         28.852011          4.052760         68.217661
rank #0: 2018-12-30 16:20:51,931 LBFGS        PARAM    0014       -388.903064          2.229541         28.811142          4.053738         68.217658
rank #0: 2018-12-30 16:20:52,546 LBFGS        PARAM    0015       -388.901265          2.229541         28.812108          4.053752         68.217658
rank #0: 2018-12-30 16:20:53,161 LBFGS        PARAM    0016       -388.901240          2.229541         28.812165          4.053752         68.217658
rank #0: 2018-12-30 16:21:18,980 LBFGS        INFO     Linesearch failed in both LBFGS and gradient directions
rank #0: 2018-12-30 16:21:18,982 LBFGS        PARAM    0016       -388.901240          2.229541         28.812165          4.053752         68.217658
rank #0: 2018-12-30 16:21:18,983 rsdfit.lbfgs_fitter WARNING  ...LBFGS optimization finished. Time elapsed: 0:00:36.53
rank #0: 2018-12-30 16:21:18,985 rsdfit.lbfgs_fitter ERROR    nonlinear fit with method L-BFGS-B failed: Linesearch failed in both LBFGS and gradient directions
rank #0: 2018-12-30 16:21:18,986 rsdfit.fitting_driver INFO     rank 38 on nid00554     ...fitting complete
rank #0: 2018-12-30 16:21:18,991 rsdfit.fitting_driver INFO     rank 38 on nid00554     Saving the results to `/global/cscratch1/sd/nhand/eBOSS/fits/results/mocks/ezmock/v1.8e-fph/0.0001-0.3/basemodel-N-fnl/0.8-2.2/QSO-N-0987-P0+P2-mock-cov-36c6ea70fd/2018-12-30_nlopt_16i_chain0__1.npz`
rank #0: 2018-12-30 16:21:19,918 pyRSD.analysis.lbfgs_results INFO     
minimum chi2 = 68.2176576041

Free parameters [ mean ]
_______________
N              : -388.901239534
b1             : 2.22954115879
f_nl           : 28.8121646269
sigma_fog      : 4.05375218576

Constrained parameters [ mean ]
_________________________
b1sigma8       : 0.888055696765
