rank #0: 2019-02-16 13:40:53,934 rsdfit.fitting_driver INFO     rank 59 on nid12697     Calling the 'nlopt' solve function
rank #0: 2019-02-16 13:40:53,935 rsdfit.lbfgs_fitter INFO     running LBFGS for 500 iterations and then stopping
rank #0: 2019-02-16 13:40:53,935 rsdfit.lbfgs_fitter INFO     running LBFGS minimizer with priors
rank #0: 2019-02-16 13:40:53,936 root         INFO     Iter           N          b1        f_nl   sigma_fog   F(X)     
rank #0: 2019-02-16 13:40:53,937 rsdfit.lbfgs_fitter INFO     computing gradient using numerical derivative of lnlike()
rank #0: 2019-02-16 13:40:54,512 LBFGS        INFO     options = {'factr': 100000.0, 'gtol': 1e-05, 'max_iter': 500, 'test_convergence': False}
rank #0: 2019-02-16 13:40:54,513 LBFGS        PARAM    0000          0.000000          2.000000          0.000000          4.000000         99.467354
rank #0: 2019-02-16 13:40:55,165 LBFGS        PARAM    0001         -9.122375          2.055497          0.510435          4.007971         91.887529
rank #0: 2019-02-16 13:40:55,751 LBFGS        PARAM    0002       -138.878801          2.188821          2.502386          4.107785         81.976669
rank #0: 2019-02-16 13:40:56,337 LBFGS        PARAM    0003       -250.982136          2.217194          3.413527          4.200059         79.167048
rank #0: 2019-02-16 13:40:56,918 LBFGS        PARAM    0004       -340.643906          2.222948          4.543656          4.284627         78.270695
rank #0: 2019-02-16 13:40:57,504 LBFGS        PARAM    0005       -339.919498          2.224051          4.884718          4.287224         78.265239
rank #0: 2019-02-16 13:40:58,090 LBFGS        PARAM    0006       -336.780264          2.225698          6.358771          4.298747         78.250618
rank #0: 2019-02-16 13:40:58,677 LBFGS        PARAM    0007       -330.058788          2.226531          9.678571          4.324483         78.224959
rank #0: 2019-02-16 13:40:59,264 LBFGS        PARAM    0008       -316.575684          2.225026         16.795693          4.376669         78.179480
rank #0: 2019-02-16 13:40:59,849 LBFGS        PARAM    0009       -303.510318          2.219977         26.739813          4.422489         78.121482
rank #0: 2019-02-16 13:41:00,434 LBFGS        PARAM    0010       -296.769746          2.210733         44.864130          4.423241         78.025146
rank #0: 2019-02-16 13:41:01,018 LBFGS        PARAM    0011       -303.075786          2.200594         62.700859          4.357392         77.952802
rank #0: 2019-02-16 13:41:01,602 LBFGS        PARAM    0012       -312.401905          2.198725         65.378449          4.305183         77.938749
rank #0: 2019-02-16 13:41:02,185 LBFGS        PARAM    0013       -316.717090          2.199550         64.413024          4.285471         77.936805
rank #0: 2019-02-16 13:41:02,769 LBFGS        PARAM    0014       -317.119206          2.199928         64.054838          4.283654         77.936714
rank #0: 2019-02-16 13:41:03,354 LBFGS        PARAM    0015       -317.062159          2.199981         64.050952          4.283791         77.936710
rank #0: 2019-02-16 13:41:03,939 LBFGS        PARAM    0016       -317.027592          2.199980         64.077228          4.283882         77.936710
rank #0: 2019-02-16 13:41:04,525 LBFGS        PARAM    0017       -317.022340          2.199977         64.084414          4.283892         77.936710
rank #0: 2019-02-16 13:41:05,112 LBFGS        PARAM    0018       -317.022331          2.199976         64.084917          4.283892         77.936710
rank #0: 2019-02-16 13:41:05,699 LBFGS        PARAM    0019       -317.022305          2.199976         64.084929          4.283892         77.936710
rank #0: 2019-02-16 13:41:06,288 LBFGS        PARAM    0020       -317.022313          2.199976         64.084929          4.283892         77.936710
rank #0: 2019-02-16 13:41:06,874 LBFGS        PARAM    0021       -317.022308          2.199976         64.084929          4.283892         77.936710
rank #0: 2019-02-16 13:41:32,303 LBFGS        INFO     Linesearch failed in both LBFGS and gradient directions
rank #0: 2019-02-16 13:41:32,305 LBFGS        PARAM    0021       -317.022308          2.199976         64.084929          4.283892         77.936710
rank #0: 2019-02-16 13:41:32,306 rsdfit.lbfgs_fitter WARNING  ...LBFGS optimization finished. Time elapsed: 0:00:37.79
rank #0: 2019-02-16 13:41:32,306 rsdfit.lbfgs_fitter ERROR    nonlinear fit with method L-BFGS-B failed: Linesearch failed in both LBFGS and gradient directions
rank #0: 2019-02-16 13:41:32,308 rsdfit.fitting_driver INFO     rank 59 on nid12697     ...fitting complete
rank #0: 2019-02-16 13:41:32,320 rsdfit.fitting_driver INFO     rank 59 on nid12697     Saving the results to `/global/cscratch1/sd/nhand/eBOSS/fits/results/mocks/ezmock/v1.8e-fph/0.005-0.3/basemodel-N-fnl/0.8-2.2/QSO-N-0878-P0+P2-mock-cov-6e34f56d69/2019-02-16_nlopt_21i_chain0__1.npz`
rank #0: 2019-02-16 13:41:32,336 pyRSD.analysis.lbfgs_results INFO     
minimum chi2 = 77.93670975745323

Free parameters [ mean ]
_______________
N              : -317.0223083391104
b1             : 2.199976235141
f_nl           : 64.08492947062811
sigma_fog      : 4.283891523965871

Constrained parameters [ mean ]
_________________________
b1sigma8       : 0.8762795971105158
