rank #0: 2019-02-16 13:53:59,794 rsdfit.fitting_driver INFO     rank 45 on nid00542     Calling the 'nlopt' solve function
rank #0: 2019-02-16 13:53:59,794 rsdfit.lbfgs_fitter INFO     running LBFGS for 500 iterations and then stopping
rank #0: 2019-02-16 13:53:59,794 rsdfit.lbfgs_fitter INFO     running LBFGS minimizer with priors
rank #0: 2019-02-16 13:53:59,795 root         INFO     Iter           N          b1        f_nl   sigma_fog   F(X)     
rank #0: 2019-02-16 13:53:59,795 rsdfit.lbfgs_fitter INFO     computing gradient using numerical derivative of lnlike()
rank #0: 2019-02-16 13:54:00,898 LBFGS        INFO     options = {'factr': 100000.0, 'gtol': 1e-05, 'max_iter': 500, 'test_convergence': False}
rank #0: 2019-02-16 13:54:00,899 LBFGS        PARAM    0000          0.000000          2.000000          0.000000          4.000000        121.690484
rank #0: 2019-02-16 13:54:02,152 LBFGS        PARAM    0001         12.677307          2.092888          1.772612          4.002268        103.728709
rank #0: 2019-02-16 13:54:03,280 LBFGS        PARAM    0002        -75.828637          2.302096          7.610208          4.171484         85.241088
rank #0: 2019-02-16 13:54:04,407 LBFGS        PARAM    0003       -200.657475          2.341747          9.252618          4.329316         79.850191
rank #0: 2019-02-16 13:54:05,534 LBFGS        PARAM    0004       -386.777241          2.376830          9.560123          4.690537         75.852104
rank #0: 2019-02-16 13:54:06,661 LBFGS        PARAM    0005       -378.352064          2.379962          8.991891          4.732505         75.748383
rank #0: 2019-02-16 13:54:07,791 LBFGS        PARAM    0006       -300.010602          2.389423          3.185798          5.078810         75.303700
rank #0: 2019-02-16 13:54:08,930 LBFGS        PARAM    0007       -295.112878          2.390105         -0.029518          5.117535         75.274958
rank #0: 2019-02-16 13:54:10,069 LBFGS        PARAM    0008       -295.249947          2.392074         -3.639815          5.136196         75.260565
rank #0: 2019-02-16 13:54:11,195 LBFGS        PARAM    0009       -298.522596          2.394829         -6.564599          5.134357         75.252082
rank #0: 2019-02-16 13:54:12,320 LBFGS        PARAM    0010       -305.547634          2.399316         -9.260404          5.113806         75.245639
rank #0: 2019-02-16 13:54:13,448 LBFGS        PARAM    0011       -306.137087          2.399260         -9.311463          5.109261         75.245573
rank #0: 2019-02-16 13:54:14,575 LBFGS        PARAM    0012       -306.196184          2.399230         -9.286551          5.108850         75.245572
rank #0: 2019-02-16 13:54:15,703 LBFGS        PARAM    0013       -306.194895          2.399227         -9.282392          5.108841         75.245572
rank #0: 2019-02-16 13:54:16,827 LBFGS        PARAM    0014       -306.194476          2.399227         -9.282205          5.108842         75.245572
rank #0: 2019-02-16 13:54:17,951 LBFGS        PARAM    0015       -306.194466          2.399227         -9.282205          5.108842         75.245572
rank #0: 2019-02-16 13:55:08,022 LBFGS        INFO     Linesearch failed in both LBFGS and gradient directions
rank #0: 2019-02-16 13:55:08,022 LBFGS        PARAM    0015       -306.194466          2.399227         -9.282205          5.108842         75.245572
rank #0: 2019-02-16 13:55:08,023 rsdfit.lbfgs_fitter WARNING  ...LBFGS optimization finished. Time elapsed: 0:01:07.12
rank #0: 2019-02-16 13:55:08,023 rsdfit.lbfgs_fitter ERROR    nonlinear fit with method L-BFGS-B failed: Linesearch failed in both LBFGS and gradient directions
rank #0: 2019-02-16 13:55:08,024 rsdfit.fitting_driver INFO     rank 45 on nid00542     ...fitting complete
rank #0: 2019-02-16 13:55:08,027 rsdfit.fitting_driver INFO     rank 45 on nid00542     Saving the results to `/global/cscratch1/sd/nhand/eBOSS/fits/results/mocks/ezmock/v1.8e-fph/0.005-0.3/basemodel-N-fnl/0.8-2.2/QSO-N-0206-P0+P2-mock-cov-df4d289b36/2019-02-16_nlopt_15i_chain0__1.npz`
rank #0: 2019-02-16 13:55:08,033 pyRSD.analysis.lbfgs_results INFO     
minimum chi2 = 75.24557184469204

Free parameters [ mean ]
_______________
N              : -306.1944661067815
b1             : 2.399227001561724
f_nl           : -9.282204668862864
sigma_fog      : 5.108841918888432

Constrained parameters [ mean ]
_________________________
b1sigma8       : 0.8994349546183388
