rank #0: 2018-07-15 19:28:24,670 rsdfit.fitting_driver INFO     rank 43 on nid01111     Calling the 'nlopt' solve function
rank #0: 2018-07-15 19:28:24,671 rsdfit.lbfgs_fitter INFO     running LBFGS for 500 iterations and then stopping
rank #0: 2018-07-15 19:28:24,672 rsdfit.lbfgs_fitter INFO     running LBFGS minimizer with priors
rank #0: 2018-07-15 19:28:24,672 root         INFO     Iter           N          b1        f_nl   sigma_fog   F(X)     
rank #0: 2018-07-15 19:28:25,251 LBFGS        INFO     options = {'factr': 100000.0, 'gtol': 1e-05, 'max_iter': 500, 'test_convergence': False}
rank #0: 2018-07-15 19:28:25,252 LBFGS        PARAM    0000          0.000000          2.000000          0.000000          4.000000         86.140728
rank #0: 2018-07-15 19:28:25,917 LBFGS        PARAM    0001         21.055417          2.065575          0.948803          3.963374         78.565656
rank #0: 2018-07-15 19:28:26,500 LBFGS        PARAM    0002        -31.211039          2.217003          3.566822          3.888038         71.567213
rank #0: 2018-07-15 19:28:27,100 LBFGS        PARAM    0003       -101.445230          2.230677          3.675473          3.880852         70.310760
rank #0: 2018-07-15 19:28:27,697 LBFGS        PARAM    0004       -356.919762          2.280094          2.281115          3.729168         68.089314
rank #0: 2018-07-15 19:28:28,294 LBFGS        PARAM    0005       -406.876575          2.284405         -0.147874          3.571501         67.684291
rank #0: 2018-07-15 19:28:28,883 LBFGS        PARAM    0006       -505.800019          2.287957        -10.710026          3.021347         66.983851
rank #0: 2018-07-15 19:28:29,487 LBFGS        PARAM    0007       -497.232455          2.288524        -15.888367          3.008468         66.943135
rank #0: 2018-07-15 19:28:30,090 LBFGS        PARAM    0008       -492.562952          2.292401        -22.361650          3.016058         66.923379
rank #0: 2018-07-15 19:28:30,676 LBFGS        PARAM    0009       -495.289149          2.294683        -24.433475          3.028394         66.919806
rank #0: 2018-07-15 19:28:31,277 LBFGS        PARAM    0010       -498.352006          2.296166        -24.965565          3.037307         66.918971
rank #0: 2018-07-15 19:28:31,877 LBFGS        PARAM    0011       -498.627003          2.296173        -24.873680          3.037558         66.918963
rank #0: 2018-07-15 19:28:32,470 LBFGS        PARAM    0012       -498.651416          2.296176        -24.866889          3.037489         66.918963
rank #0: 2018-07-15 19:28:33,059 LBFGS        PARAM    0013       -498.651025          2.296175        -24.866764          3.037487         66.918963
rank #0: 2018-07-15 19:28:33,658 LBFGS        PARAM    0014       -498.650968          2.296175        -24.866812          3.037487         66.918963
rank #0: 2018-07-15 19:28:34,259 LBFGS        PARAM    0015       -498.650982          2.296175        -24.866812          3.037487         66.918963
rank #0: 2018-07-15 19:28:34,908 LBFGS        PARAM    0016       -498.650981          2.296175        -24.866812          3.037487         66.918963
rank #0: 2018-07-15 19:28:35,509 LBFGS        PARAM    0017       -498.650981          2.296175        -24.866810          3.037487         66.918963
rank #0: 2018-07-15 19:29:01,119 LBFGS        INFO     Linesearch failed in both LBFGS and gradient directions
rank #0: 2018-07-15 19:29:01,120 LBFGS        PARAM    0017       -498.650981          2.296175        -24.866810          3.037487         66.918963
rank #0: 2018-07-15 19:29:01,121 rsdfit.lbfgs_fitter WARNING  ...LBFGS optimization finished. Time elapsed: 0:00:35.87
rank #0: 2018-07-15 19:29:01,122 rsdfit.lbfgs_fitter ERROR    nonlinear fit with method L-BFGS-B failed: Linesearch failed in both LBFGS and gradient directions
rank #0: 2018-07-15 19:29:01,122 rsdfit.fitting_driver INFO     rank 43 on nid01111     ...fitting complete
rank #0: 2018-07-15 19:29:01,126 rsdfit.fitting_driver INFO     rank 43 on nid01111     Saving the results to `/global/cscratch1/sd/nhand/eBOSS/fits/results/mocks/ezmock/v1.8e-fph/0.0001-0.3/basemodel-N-fnl/0.8-2.2/QSO-S-0196-P0+P2-mock-cov-8973e9cf3e/2018-07-15_nlopt_17i_chain0__1.npz`
rank #0: 2018-07-15 19:29:01,154 pyRSD.analysis.lbfgs_results INFO     
minimum chi2 = 66.9189626392

Free parameters [ mean ]
_______________
N              : -498.65098133
b1             : 2.29617489792
f_nl           : -24.8668099406
sigma_fog      : 3.03748742299

Constrained parameters [ mean ]
_________________________
b1sigma8       : 0.914596795324
