rank #0: 2018-07-15 20:09:31,874 rsdfit.fitting_driver INFO     rank 36 on nid00568     Calling the 'nlopt' solve function
rank #0: 2018-07-15 20:09:31,874 rsdfit.lbfgs_fitter INFO     running LBFGS for 500 iterations and then stopping
rank #0: 2018-07-15 20:09:31,875 rsdfit.lbfgs_fitter INFO     running LBFGS minimizer with priors
rank #0: 2018-07-15 20:09:31,875 root         INFO     Iter           N          b1        f_nl   sigma_fog   F(X)     
rank #0: 2018-07-15 20:09:32,457 LBFGS        INFO     options = {'factr': 100000.0, 'gtol': 1e-05, 'max_iter': 500, 'test_convergence': False}
rank #0: 2018-07-15 20:09:32,458 LBFGS        PARAM    0000          0.000000          2.000000          0.000000          4.000000        151.842669
rank #0: 2018-07-15 20:09:33,118 LBFGS        PARAM    0001         75.817192          2.173060          1.494830          3.977514        114.148472
rank #0: 2018-07-15 20:09:33,710 LBFGS        PARAM    0002        -25.733758          2.535339          8.353294          4.116937         86.683974
rank #0: 2018-07-15 20:09:34,310 LBFGS        PARAM    0003       -153.551293          2.524844          9.407295          4.260406         79.667011
rank #0: 2018-07-15 20:09:34,910 LBFGS        PARAM    0004       -451.211855          2.601377         14.674163          4.609764         73.907897
rank #0: 2018-07-15 20:09:35,498 LBFGS        PARAM    0005       -450.341499          2.606086         17.482189          4.653325         73.787488
rank #0: 2018-07-15 20:09:36,099 LBFGS        PARAM    0006       -412.073598          2.607101         33.611072          4.867290         73.400239
rank #0: 2018-07-15 20:09:36,700 LBFGS        PARAM    0007       -380.776529          2.592618         41.354682          4.929827         73.286571
rank #0: 2018-07-15 20:09:37,284 LBFGS        PARAM    0008       -369.853019          2.583287         43.379922          4.909151         73.261332
rank #0: 2018-07-15 20:09:37,883 LBFGS        PARAM    0009       -370.143150          2.581531         43.881253          4.893434         73.257652
rank #0: 2018-07-15 20:09:38,485 LBFGS        PARAM    0010       -375.196819          2.580141         45.072077          4.859616         73.251942
rank #0: 2018-07-15 20:09:39,082 LBFGS        PARAM    0011       -381.954272          2.581564         45.828959          4.841712         73.249833
rank #0: 2018-07-15 20:09:39,658 LBFGS        PARAM    0012       -382.729110          2.581752         45.615327          4.839664         73.249796
rank #0: 2018-07-15 20:09:40,251 LBFGS        PARAM    0013       -382.665534          2.581754         45.629101          4.839957         73.249796
rank #0: 2018-07-15 20:09:40,845 LBFGS        PARAM    0014       -382.665721          2.581754         45.629004          4.839964         73.249796
rank #0: 2018-07-15 20:09:41,420 LBFGS        PARAM    0015       -382.665748          2.581754         45.628972          4.839965         73.249796
rank #0: 2018-07-15 20:09:42,076 LBFGS        PARAM    0016       -382.665752          2.581754         45.628972          4.839965         73.249796
rank #0: 2018-07-15 20:10:08,224 LBFGS        INFO     Linesearch failed in both LBFGS and gradient directions
rank #0: 2018-07-15 20:10:08,224 LBFGS        PARAM    0016       -382.665752          2.581754         45.628972          4.839965         73.249796
rank #0: 2018-07-15 20:10:08,225 rsdfit.lbfgs_fitter WARNING  ...LBFGS optimization finished. Time elapsed: 0:00:35.77
rank #0: 2018-07-15 20:10:08,225 rsdfit.lbfgs_fitter ERROR    nonlinear fit with method L-BFGS-B failed: Linesearch failed in both LBFGS and gradient directions
rank #0: 2018-07-15 20:10:08,226 rsdfit.fitting_driver INFO     rank 36 on nid00568     ...fitting complete
rank #0: 2018-07-15 20:10:08,229 rsdfit.fitting_driver INFO     rank 36 on nid00568     Saving the results to `/global/cscratch1/sd/nhand/eBOSS/fits/results/mocks/ezmock/v1.8e-fph/0.0001-0.3/basemodel-N-fnl/0.8-2.2/QSO-N-0088-P0+P2-mock-cov-f224d44da7/2018-07-15_nlopt_16i_chain0__1.npz`
rank #0: 2018-07-15 20:10:08,254 pyRSD.analysis.lbfgs_results INFO     
minimum chi2 = 73.2497958339

Free parameters [ mean ]
_______________
N              : -382.665752289
b1             : 2.58175426264
f_nl           : 45.6289722367
sigma_fog      : 4.8399645718

Constrained parameters [ mean ]
_________________________
b1sigma8       : 0.935197902397
