rank #0: 2019-02-16 14:35:19,849 rsdfit.fitting_driver INFO     rank 12 on nid00647     Calling the 'nlopt' solve function
rank #0: 2019-02-16 14:35:19,850 rsdfit.lbfgs_fitter INFO     running LBFGS for 500 iterations and then stopping
rank #0: 2019-02-16 14:35:19,850 rsdfit.lbfgs_fitter INFO     running LBFGS minimizer with priors
rank #0: 2019-02-16 14:35:19,851 root         INFO     Iter           N          b1        f_nl   sigma_fog   F(X)     
rank #0: 2019-02-16 14:35:19,851 rsdfit.lbfgs_fitter INFO     computing gradient using numerical derivative of lnlike()
rank #0: 2019-02-16 14:35:20,947 LBFGS        INFO     options = {'factr': 100000.0, 'gtol': 1e-05, 'max_iter': 500, 'test_convergence': False}
rank #0: 2019-02-16 14:35:20,948 LBFGS        PARAM    0000          0.000000          2.000000          0.000000          4.000000         97.491745
rank #0: 2019-02-16 14:35:22,197 LBFGS        PARAM    0001         70.822403          2.138008          1.039113          3.961517         83.986751
rank #0: 2019-02-16 14:35:23,322 LBFGS        PARAM    0002          8.969653          2.411279          4.802495          3.987038         74.887198
rank #0: 2019-02-16 14:35:24,452 LBFGS        PARAM    0003        -81.490852          2.408426          4.966795          4.066359         73.374103
rank #0: 2019-02-16 14:35:25,581 LBFGS        PARAM    0004       -269.261129          2.457333          6.144476          4.221690         72.255675
rank #0: 2019-02-16 14:35:26,704 LBFGS        PARAM    0005       -275.863739          2.461664          5.927451          4.216371         72.251693
rank #0: 2019-02-16 14:35:27,826 LBFGS        PARAM    0006       -280.022826          2.463388          5.531261          4.206209         72.249775
rank #0: 2019-02-16 14:35:28,947 LBFGS        PARAM    0007       -289.117198          2.465567          4.179133          4.174539         72.245910
rank #0: 2019-02-16 14:35:30,072 LBFGS        PARAM    0008       -294.059600          2.465808          2.252517          4.151992         72.242913
rank #0: 2019-02-16 14:35:31,195 LBFGS        PARAM    0009       -295.674357          2.465834         -0.055335          4.141764         72.240879
rank #0: 2019-02-16 14:35:32,319 LBFGS        PARAM    0010       -295.255876          2.466306         -2.133087          4.144234         72.239569
rank #0: 2019-02-16 14:35:33,445 LBFGS        PARAM    0011       -294.277559          2.467832         -4.255079          4.155885         72.238481
rank #0: 2019-02-16 14:35:34,569 LBFGS        PARAM    0012       -294.296681          2.469455         -4.910942          4.165227         72.238176
rank #0: 2019-02-16 14:35:35,692 LBFGS        PARAM    0013       -293.767762          2.469268         -4.779941          4.166890         72.238166
rank #0: 2019-02-16 14:35:36,816 LBFGS        PARAM    0014       -293.621613          2.469222         -4.745989          4.167320         72.238166
rank #0: 2019-02-16 14:35:37,940 LBFGS        PARAM    0015       -293.622271          2.469222         -4.745830          4.167320         72.238166
rank #0: 2019-02-16 14:35:39,069 LBFGS        PARAM    0016       -293.622267          2.469222         -4.745809          4.167320         72.238166
rank #0: 2019-02-16 14:35:40,196 LBFGS        PARAM    0017       -293.622286          2.469222         -4.745808          4.167320         72.238166
rank #0: 2019-02-16 14:35:41,323 LBFGS        PARAM    0018       -293.622274          2.469222         -4.745808          4.167320         72.238166
rank #0: 2019-02-16 14:36:09,356 LBFGS        PARAM    0019       -293.622275          2.469222         -4.745808          4.167320         72.238166
rank #0: 2019-02-16 14:36:59,144 LBFGS        INFO     Linesearch failed in both LBFGS and gradient directions
rank #0: 2019-02-16 14:36:59,145 LBFGS        PARAM    0019       -293.622275          2.469222         -4.745808          4.167320         72.238166
rank #0: 2019-02-16 14:36:59,146 rsdfit.lbfgs_fitter WARNING  ...LBFGS optimization finished. Time elapsed: 0:01:38.20
rank #0: 2019-02-16 14:36:59,147 rsdfit.lbfgs_fitter ERROR    nonlinear fit with method L-BFGS-B failed: Linesearch failed in both LBFGS and gradient directions
rank #0: 2019-02-16 14:36:59,148 rsdfit.fitting_driver INFO     rank 12 on nid00647     ...fitting complete
rank #0: 2019-02-16 14:36:59,152 rsdfit.fitting_driver INFO     rank 12 on nid00647     Saving the results to `/global/cscratch1/sd/nhand/eBOSS/fits/results/mocks/ezmock/v1.8e-fph/0.005-0.3/basemodel-N-fnl/0.8-2.2/QSO-S-0497-P0+P2-mock-cov-be61e5bd15/2019-02-16_nlopt_19i_chain0__1.npz`
rank #0: 2019-02-16 14:36:59,159 pyRSD.analysis.lbfgs_results INFO     
minimum chi2 = 72.23816593356452

Free parameters [ mean ]
_______________
N              : -293.6222745321528
b1             : 2.469222104100311
f_nl           : -4.745808227647241
sigma_fog      : 4.167319657237344

Constrained parameters [ mean ]
_________________________
b1sigma8       : 0.8944349838889148
