rank #0: 2018-06-24 14:18:04,545 rsdfit.fitting_driver INFO     rank 57 on nid00539     Calling the 'nlopt' solve function
rank #0: 2018-06-24 14:18:04,546 rsdfit.lbfgs_fitter INFO     running LBFGS for 500 iterations and then stopping
rank #0: 2018-06-24 14:18:04,547 rsdfit.lbfgs_fitter INFO     running LBFGS minimizer with priors
rank #0: 2018-06-24 14:18:04,548 root         INFO     Iter           N          b1        f_nl   sigma_fog   F(X)     
rank #0: 2018-06-24 14:18:05,136 LBFGS        INFO     options = {'factr': 100000.0, 'gtol': 1e-05, 'max_iter': 500, 'test_convergence': False}
rank #0: 2018-06-24 14:18:05,138 LBFGS        PARAM    0000          0.000000          2.000000          0.000000          4.000000         95.629794
rank #0: 2018-06-24 14:18:05,812 LBFGS        PARAM    0001         42.859501          2.089462          2.100364          3.974729         86.555654
rank #0: 2018-06-24 14:18:06,403 LBFGS        PARAM    0002         -4.168647          2.289713          9.487431          3.983617         79.040388
rank #0: 2018-06-24 14:18:07,008 LBFGS        PARAM    0003        -70.866376          2.294027         11.638796          4.038656         77.942553
rank #0: 2018-06-24 14:18:07,613 LBFGS        PARAM    0004       -239.096901          2.334721         20.030557          4.177919         76.816661
rank #0: 2018-06-24 14:18:08,217 LBFGS        PARAM    0005       -234.692579          2.329192         24.062516          4.181573         76.708133
rank #0: 2018-06-24 14:18:08,809 LBFGS        PARAM    0006       -150.653800          2.256128         95.787535          4.224182         76.213098
rank #0: 2018-06-24 14:18:09,413 LBFGS        PARAM    0007       -175.167974          2.275335         67.110457          4.150838         76.023254
rank #0: 2018-06-24 14:18:10,017 LBFGS        PARAM    0008       -173.418219          2.275480         72.103908          4.162346         76.006447
rank #0: 2018-06-24 14:18:10,608 LBFGS        PARAM    0009       -172.200172          2.274525         72.957343          4.162339         76.006198
rank #0: 2018-06-24 14:18:11,695 LBFGS        PARAM    0010       -173.813968          2.274469         73.001588          4.154065         76.006103
rank #0: 2018-06-24 14:18:12,300 LBFGS        PARAM    0011       -173.966185          2.274478         73.004148          4.152892         76.006102
rank #0: 2018-06-24 14:18:12,890 LBFGS        PARAM    0012       -173.962176          2.274474         73.004188          4.152893         76.006102
rank #0: 2018-06-24 14:18:13,496 LBFGS        PARAM    0013       -173.962763          2.274474         73.004210          4.152893         76.006102
rank #0: 2018-06-24 14:18:28,238 LBFGS        PARAM    0014       -173.962771          2.274474         73.004210          4.152893         76.006102
rank #0: 2018-06-24 14:18:54,254 LBFGS        INFO     Linesearch failed in both LBFGS and gradient directions
rank #0: 2018-06-24 14:18:54,256 LBFGS        PARAM    0014       -173.962771          2.274474         73.004210          4.152893         76.006102
rank #0: 2018-06-24 14:18:54,257 rsdfit.lbfgs_fitter WARNING  ...LBFGS optimization finished. Time elapsed: 0:00:49.12
rank #0: 2018-06-24 14:18:54,258 rsdfit.lbfgs_fitter ERROR    nonlinear fit with method L-BFGS-B failed: Linesearch failed in both LBFGS and gradient directions
rank #0: 2018-06-24 14:18:54,259 rsdfit.fitting_driver INFO     rank 57 on nid00539     ...fitting complete
rank #0: 2018-06-24 14:18:54,263 rsdfit.fitting_driver INFO     rank 57 on nid00539     Saving the results to `/global/cscratch1/sd/nhand/eBOSS/fits/results/mocks/ezmock/v1.8e-fph/0.005-0.3/basemodel-N-fnl/0.8-2.2/QSO-S-0727-P0+P2-mock-cov-1ab4f6001f/2018-06-24_nlopt_14i_chain0__1.npz`
rank #0: 2018-06-24 14:18:54,291 pyRSD.analysis.lbfgs_results INFO     
minimum chi2 = 76.0061016747

Free parameters [ mean ]
_______________
N              : -173.962770757
b1             : 2.27447377229
f_nl           : 73.0042097106
sigma_fog      : 4.15289319453

Constrained parameters [ mean ]
_________________________
b1sigma8       : 0.852666801776
