rank #0: 2019-02-16 14:08:50,546 rsdfit.fitting_driver INFO     rank 57 on nid00679     Calling the 'nlopt' solve function
rank #0: 2019-02-16 14:08:50,547 rsdfit.lbfgs_fitter INFO     running LBFGS for 500 iterations and then stopping
rank #0: 2019-02-16 14:08:50,548 rsdfit.lbfgs_fitter INFO     running LBFGS minimizer with priors
rank #0: 2019-02-16 14:08:50,549 root         INFO     Iter           N          b1        f_nl   sigma_fog   F(X)     
rank #0: 2019-02-16 14:08:50,549 rsdfit.lbfgs_fitter INFO     computing gradient using numerical derivative of lnlike()
rank #0: 2019-02-16 14:08:51,684 LBFGS        INFO     options = {'factr': 100000.0, 'gtol': 1e-05, 'max_iter': 500, 'test_convergence': False}
rank #0: 2019-02-16 14:08:51,685 LBFGS        PARAM    0000          0.000000          2.000000          0.000000          4.000000         94.561397
rank #0: 2019-02-16 14:08:52,976 LBFGS        PARAM    0001         37.895911          2.083616          1.651851          3.964340         85.720727
rank #0: 2019-02-16 14:08:54,139 LBFGS        PARAM    0002         -8.685002          2.268727          6.929609          3.912652         78.608942
rank #0: 2019-02-16 14:08:55,301 LBFGS        PARAM    0003        -69.979799          2.269283          7.833891          3.925799         77.741039
rank #0: 2019-02-16 14:08:56,465 LBFGS        PARAM    0004       -251.648405          2.305072         11.897256          3.918438         76.677083
rank #0: 2019-02-16 14:08:57,625 LBFGS        PARAM    0005       -279.854670          2.307589         13.514595          3.822958         76.502664
rank #0: 2019-02-16 14:08:58,787 LBFGS        PARAM    0006       -390.293330          2.295855         25.811862          3.186919         75.974331
rank #0: 2019-02-16 14:08:59,953 LBFGS        PARAM    0007       -378.070565          2.296669         31.852581          3.207474         75.944043
rank #0: 2019-02-16 14:09:01,117 LBFGS        PARAM    0008       -367.368599          2.291444         34.839694          3.221200         75.931964
rank #0: 2019-02-16 14:09:02,276 LBFGS        PARAM    0009       -359.483028          2.283777         39.079910          3.223924         75.924985
rank #0: 2019-02-16 14:09:03,436 LBFGS        PARAM    0010       -360.412266          2.283792         39.033015          3.223478         75.924937
rank #0: 2019-02-16 14:09:04,598 LBFGS        PARAM    0011       -360.724356          2.283830         39.045505          3.223267         75.924934
rank #0: 2019-02-16 14:09:05,757 LBFGS        PARAM    0012       -360.724418          2.283833         39.044456          3.223301         75.924934
rank #0: 2019-02-16 14:09:06,913 LBFGS        PARAM    0013       -360.724213          2.283833         39.044556          3.223303         75.924934
rank #0: 2019-02-16 14:09:08,069 LBFGS        PARAM    0014       -360.724187          2.283833         39.044554          3.223303         75.924934
rank #0: 2019-02-16 14:09:59,743 LBFGS        INFO     Linesearch failed in both LBFGS and gradient directions
rank #0: 2019-02-16 14:09:59,744 LBFGS        PARAM    0014       -360.724187          2.283833         39.044554          3.223303         75.924934
rank #0: 2019-02-16 14:09:59,744 rsdfit.lbfgs_fitter WARNING  ...LBFGS optimization finished. Time elapsed: 0:01:08.06
rank #0: 2019-02-16 14:09:59,745 rsdfit.lbfgs_fitter ERROR    nonlinear fit with method L-BFGS-B failed: Linesearch failed in both LBFGS and gradient directions
rank #0: 2019-02-16 14:09:59,746 rsdfit.fitting_driver INFO     rank 57 on nid00679     ...fitting complete
rank #0: 2019-02-16 14:09:59,751 rsdfit.fitting_driver INFO     rank 57 on nid00679     Saving the results to `/global/cscratch1/sd/nhand/eBOSS/fits/results/mocks/ezmock/v1.8e-fph/0.005-0.3/basemodel-N-fnl/0.8-2.2/QSO-S-0664-P0+P2-mock-cov-26d5de4060/2019-02-16_nlopt_14i_chain0__1.npz`
rank #0: 2019-02-16 14:09:59,759 pyRSD.analysis.lbfgs_results INFO     
minimum chi2 = 75.9249341140208

Free parameters [ mean ]
_______________
N              : -360.724186930916
b1             : 2.283833491005921
f_nl           : 39.0445537201397
sigma_fog      : 3.2233026957398163

Constrained parameters [ mean ]
_________________________
b1sigma8       : 0.8561756228158663
