rank #0: 2017-11-27 21:39:23,142 rsdfit.fitting_driver INFO     rank 116 on nid00530     Calling the 'nlopt' solve function
rank #0: 2017-11-27 21:39:23,142 rsdfit.lbfgs_fitter INFO     running LBFGS for 500 iterations and then stopping
rank #0: 2017-11-27 21:39:23,142 rsdfit.lbfgs_fitter INFO     running LBFGS minimizer with priors
rank #0: 2017-11-27 21:39:23,142 root         INFO     Iter           N          b1           f    sigma8_z   sigma_fog   F(X)     
rank #0: 2017-11-27 21:39:23,772 LBFGS        INFO     options = {'factr': 100000.0, 'gtol': 1e-05, 'max_iter': 500, 'test_convergence': False}
rank #0: 2017-11-27 21:39:23,773 LBFGS        PARAM    0000          0.000000          2.000000          0.930924          0.397985          4.000000         82.569259
rank #0: 2017-11-27 21:39:24,477 LBFGS        PARAM    0001         -0.091343          2.002495          0.931038          0.399692          3.999331         81.218309
rank #0: 2017-11-27 21:39:25,121 LBFGS        PARAM    0002        -22.885839          2.059207          0.933334          0.435309          3.989962         69.773313
rank #0: 2017-11-27 21:39:25,768 LBFGS        PARAM    0003        -31.574582          2.047181          0.932627          0.427673          3.996446         68.907122
rank #0: 2017-11-27 21:39:26,414 LBFGS        PARAM    0004        -43.943863          2.048845          0.932502          0.428317          3.999798         68.741567
rank #0: 2017-11-27 21:39:27,059 LBFGS        PARAM    0005       -288.926429          2.071416          0.929446          0.434398          4.066962         66.827635
rank #0: 2017-11-27 21:39:27,706 LBFGS        PARAM    0006       -433.712411          2.079544          0.927021          0.434019          4.097572         66.158512
rank #0: 2017-11-27 21:39:28,353 LBFGS        PARAM    0007       -512.417328          2.085319          0.924178          0.431264          4.071214         65.905989
rank #0: 2017-11-27 21:39:29,000 LBFGS        PARAM    0008       -526.786394          2.087686          0.922964          0.429985          4.047294         65.868390
rank #0: 2017-11-27 21:39:29,649 LBFGS        PARAM    0009       -540.033990          2.092279          0.921033          0.428383          4.002623         65.820091
rank #0: 2017-11-27 21:39:30,298 LBFGS        PARAM    0010       -568.272305          2.106268          0.915788          0.424864          3.876749         65.704035
rank #0: 2017-11-27 21:39:30,946 LBFGS        PARAM    0011       -611.694437          2.133806          0.906159          0.419566          3.645436         65.514733
rank #0: 2017-11-27 21:39:31,594 LBFGS        PARAM    0012       -659.096691          2.173596          0.892609          0.413870          3.352646         65.275181
rank #0: 2017-11-27 21:39:32,243 LBFGS        PARAM    0013       -694.968308          2.228405          0.872762          0.407540          3.110973         65.002232
rank #0: 2017-11-27 21:39:32,891 LBFGS        PARAM    0014       -718.399296          2.294766          0.848067          0.400799          2.920379         64.777176
rank #0: 2017-11-27 21:39:33,538 LBFGS        PARAM    0015       -733.471111          2.342539          0.829872          0.395424          2.817439         64.677700
rank #0: 2017-11-27 21:39:34,188 LBFGS        PARAM    0016       -758.429961          2.418294          0.800970          0.385978          2.678969         64.556705
rank #0: 2017-11-27 21:39:34,838 LBFGS        PARAM    0017       -766.116035          2.461615          0.788303          0.379373          2.671028         64.503386
rank #0: 2017-11-27 21:39:35,485 LBFGS        PARAM    0018       -751.369352          2.450231          0.792875          0.381155          2.767507         64.491742
rank #0: 2017-11-27 21:39:36,134 LBFGS        PARAM    0019       -749.522729          2.447886          0.793937          0.381390          2.779869         64.491522
rank #0: 2017-11-27 21:39:36,783 LBFGS        PARAM    0020       -748.968238          2.446605          0.794464          0.381519          2.783085         64.491499
rank #0: 2017-11-27 21:39:37,432 LBFGS        PARAM    0021       -748.971404          2.446514          0.794499          0.381527          2.783001         64.491499
rank #0: 2017-11-27 21:39:38,081 LBFGS        PARAM    0022       -748.976197          2.446515          0.794498          0.381527          2.782968         64.491499
rank #0: 2017-11-27 21:39:39,030 LBFGS        PARAM    0023       -748.976200          2.446515          0.794498          0.381527          2.782968         64.491499
rank #0: 2017-11-27 21:39:52,261 LBFGS        PARAM    0024       -748.976200          2.446515          0.794498          0.381527          2.782968         64.491499
rank #0: 2017-11-27 21:39:52,911 LBFGS        PARAM    0025       -748.976215          2.446515          0.794498          0.381527          2.782968         64.491499
rank #0: 2017-11-27 21:40:16,690 LBFGS        INFO     Linesearch failed in both LBFGS and gradient directions
rank #0: 2017-11-27 21:40:16,690 LBFGS        PARAM    0025       -748.976215          2.446515          0.794498          0.381527          2.782968         64.491499
rank #0: 2017-11-27 21:40:16,690 rsdfit.lbfgs_fitter WARNING  ...LBFGS optimization finished. Time elapsed: 0:00:52.92
rank #0: 2017-11-27 21:40:16,690 rsdfit.lbfgs_fitter ERROR    nonlinear fit with method L-BFGS-B failed: Linesearch failed in both LBFGS and gradient directions
rank #0: 2017-11-27 21:40:16,691 rsdfit.fitting_driver INFO     rank 116 on nid00530     ...fitting complete
rank #0: 2017-11-27 21:40:16,693 rsdfit.fitting_driver INFO     rank 116 on nid00530     Saving the results to `/global/cscratch1/sd/nhand/eBOSS/fits/results/mocks/ezmock/v1.8e-fph/0.0001-0.3/basemodel-fs8-N/0.8-2.2/QSO-S-0232-P0+P2-mock-cov-5d97c0eb2d/2017-11-27_nlopt_25i_chain0__1.npz`
rank #0: 2017-11-27 21:40:16,714 pyRSD.analysis.lbfgs_results INFO     
minimum chi2 = 64.4914990237

Free parameters [ mean ]
_______________
N              : -748.976214668
b1             : 2.44651455892
f              : 0.794497962628
sigma8_z       : 0.381527306174
sigma_fog      : 2.78296816371

Constrained parameters [ mean ]
_________________________
b1sigma8       : 0.933412109178
fsigma8        : 0.303122667442
