rank #0: 2018-07-16 20:23:14,597 rsdfit.fitting_driver INFO     rank 19 on nid00686     Calling the 'nlopt' solve function
rank #0: 2018-07-16 20:23:14,598 rsdfit.lbfgs_fitter INFO     running LBFGS for 500 iterations and then stopping
rank #0: 2018-07-16 20:23:14,599 rsdfit.lbfgs_fitter INFO     running LBFGS minimizer with priors
rank #0: 2018-07-16 20:23:14,599 root         INFO     Iter           N          b1        f_nl   sigma_fog   F(X)     
rank #0: 2018-07-16 20:23:15,177 LBFGS        INFO     options = {'factr': 100000.0, 'gtol': 1e-05, 'max_iter': 500, 'test_convergence': False}
rank #0: 2018-07-16 20:23:15,178 LBFGS        PARAM    0000          0.000000          2.000000          0.000000          4.000000        111.283471
rank #0: 2018-07-16 20:23:15,821 LBFGS        PARAM    0001         79.964630          2.183697          1.597934          3.949966         89.692818
rank #0: 2018-07-16 20:23:16,412 LBFGS        PARAM    0002        -36.009141          2.574323          9.088929          3.978815         74.787808
rank #0: 2018-07-16 20:23:17,003 LBFGS        PARAM    0003       -158.505770          2.536317          9.254831          4.073601         71.233950
rank #0: 2018-07-16 20:23:17,591 LBFGS        PARAM    0004       -390.238918          2.581201         12.321140          4.222348         68.990443
rank #0: 2018-07-16 20:23:18,173 LBFGS        PARAM    0005       -460.244618          2.611447         14.926577          4.230347         68.796952
rank #0: 2018-07-16 20:23:18,765 LBFGS        PARAM    0006       -475.413107          2.613523         17.286638          4.179421         68.746478
rank #0: 2018-07-16 20:23:19,359 LBFGS        PARAM    0007       -537.959446          2.606477         32.779480          3.852255         68.571639
rank #0: 2018-07-16 20:23:19,939 LBFGS        PARAM    0008       -529.833252          2.594225         44.248307          3.819311         68.506481
rank #0: 2018-07-16 20:23:20,532 LBFGS        PARAM    0009       -488.285396          2.570605         67.128355          3.866330         68.446351
rank #0: 2018-07-16 20:23:21,124 LBFGS        PARAM    0010       -487.121315          2.570730         65.208673          3.891547         68.445347
rank #0: 2018-07-16 20:23:21,715 LBFGS        PARAM    0011       -485.499977          2.571299         65.245535          3.891903         68.445053
rank #0: 2018-07-16 20:23:22,294 LBFGS        PARAM    0012       -485.292665          2.571438         65.265286          3.893527         68.445042
rank #0: 2018-07-16 20:23:22,888 LBFGS        PARAM    0013       -485.321074          2.571502         65.269423          3.894217         68.445040
rank #0: 2018-07-16 20:23:23,483 LBFGS        PARAM    0014       -485.336585          2.571504         65.269624          3.894231         68.445040
rank #0: 2018-07-16 20:23:24,059 LBFGS        PARAM    0015       -485.337707          2.571504         65.269610          3.894229         68.445040
rank #0: 2018-07-16 20:23:24,652 LBFGS        PARAM    0016       -485.337738          2.571504         65.269609          3.894229         68.445040
rank #0: 2018-07-16 20:23:39,131 LBFGS        PARAM    0017       -485.337738          2.571504         65.269609          3.894229         68.445040
rank #0: 2018-07-16 20:23:39,721 LBFGS        PARAM    0018       -485.337738          2.571504         65.269609          3.894229         68.445040
rank #0: 2018-07-16 20:24:04,619 LBFGS        INFO     Linesearch failed in both LBFGS and gradient directions
rank #0: 2018-07-16 20:24:04,620 LBFGS        PARAM    0018       -485.337738          2.571504         65.269609          3.894229         68.445040
rank #0: 2018-07-16 20:24:04,621 rsdfit.lbfgs_fitter WARNING  ...LBFGS optimization finished. Time elapsed: 0:00:49.44
rank #0: 2018-07-16 20:24:04,622 rsdfit.lbfgs_fitter ERROR    nonlinear fit with method L-BFGS-B failed: Linesearch failed in both LBFGS and gradient directions
rank #0: 2018-07-16 20:24:04,623 rsdfit.fitting_driver INFO     rank 19 on nid00686     ...fitting complete
rank #0: 2018-07-16 20:24:04,627 rsdfit.fitting_driver INFO     rank 19 on nid00686     Saving the results to `/global/cscratch1/sd/nhand/eBOSS/fits/results/mocks/ezmock/v1.8e-fph/0.005-0.3/basemodel-N-fnl/0.8-2.2/QSO-S-0489-P0+P2-mock-cov-f224d44da7/2018-07-16_nlopt_18i_chain0__1.npz`
rank #0: 2018-07-16 20:24:04,657 pyRSD.analysis.lbfgs_results INFO     
minimum chi2 = 68.4450402365

Free parameters [ mean ]
_______________
N              : -485.337738104
b1             : 2.57150361934
f_nl           : 65.2696088632
sigma_fog      : 3.89422926611

Constrained parameters [ mean ]
_________________________
b1sigma8       : 0.931484775919
