rank #0: 2018-06-03 08:27:13,862 rsdfit.fitting_driver INFO     rank 30 on nid00618     Calling the 'nlopt' solve function
rank #0: 2018-06-03 08:27:13,862 rsdfit.lbfgs_fitter INFO     running LBFGS for 500 iterations and then stopping
rank #0: 2018-06-03 08:27:13,862 rsdfit.lbfgs_fitter INFO     running LBFGS minimizer with priors
rank #0: 2018-06-03 08:27:13,862 root         INFO     Iter           N          b1        f_nl   sigma_fog   F(X)     
rank #0: 2018-06-03 08:27:14,409 LBFGS        INFO     options = {'factr': 100000.0, 'gtol': 1e-05, 'max_iter': 500, 'test_convergence': False}
rank #0: 2018-06-03 08:27:14,410 LBFGS        PARAM    0000          0.000000          2.000000          0.000000          4.000000        146.296221
rank #0: 2018-06-03 08:27:15,030 LBFGS        PARAM    0001         69.398774          2.164808          1.432449          3.997751        112.762358
rank #0: 2018-06-03 08:27:15,589 LBFGS        PARAM    0002        -26.219506          2.505549          7.790760          4.212399         87.138696
rank #0: 2018-06-03 08:27:16,148 LBFGS        PARAM    0003       -155.507120          2.512914          9.154441          4.398801         80.120631
rank #0: 2018-06-03 08:27:16,708 LBFGS        PARAM    0004       -453.764017          2.602209         14.979998          4.909795         74.007478
rank #0: 2018-06-03 08:27:17,270 LBFGS        PARAM    0005       -411.919558          2.586748         17.212008          5.018946         73.449358
rank #0: 2018-06-03 08:27:17,828 LBFGS        PARAM    0006       -225.969626          2.555056         31.934843          5.690729         71.799627
rank #0: 2018-06-03 08:27:18,386 LBFGS        PARAM    0007       -187.312684          2.564820         42.446154          5.964394         71.515981
rank #0: 2018-06-03 08:27:18,944 LBFGS        PARAM    0008       -192.963942          2.567111         43.910471          5.979828         71.508614
rank #0: 2018-06-03 08:27:19,503 LBFGS        PARAM    0009       -194.841207          2.566793         44.670135          5.972889         71.506085
rank #0: 2018-06-03 08:27:20,059 LBFGS        PARAM    0010       -198.010492          2.563976         47.060181          5.938998         71.501388
rank #0: 2018-06-03 08:27:20,618 LBFGS        PARAM    0011       -197.618445          2.563457         47.078657          5.933937         71.501264
rank #0: 2018-06-03 08:27:21,176 LBFGS        PARAM    0012       -197.549703          2.563428         47.065363          5.933597         71.501263
rank #0: 2018-06-03 08:27:21,730 LBFGS        PARAM    0013       -197.549575          2.563429         47.064980          5.933594         71.501263
rank #0: 2018-06-03 08:27:22,281 LBFGS        PARAM    0014       -197.549789          2.563429         47.064959          5.933593         71.501263
rank #0: 2018-06-03 08:27:22,836 LBFGS        PARAM    0015       -197.549819          2.563429         47.064961          5.933593         71.501263
rank #0: 2018-06-03 08:27:23,452 LBFGS        PARAM    0016       -197.549819          2.563429         47.064961          5.933593         71.501263
rank #0: 2018-06-03 08:27:23,453 LBFGS        INFO     LBFGS iteration 16: the descent direction does not have a sufficient projection (cos(theta)=-5.98e-01, theta=126.7437) into the gradient; using steepest descent at this step!
rank #0: 2018-06-03 08:27:24,128 LBFGS        PARAM    0017       -197.549818          2.563429         47.064961          5.933593         71.501263
rank #0: 2018-06-03 08:27:24,129 LBFGS        INFO     LBFGS iteration 17: the descent direction does not have a sufficient projection (cos(theta)=-9.64e-01, theta=164.6332) into the gradient; using steepest descent at this step!
rank #0: 2018-06-03 08:27:35,543 LBFGS        INFO     Linesearch failed in both LBFGS and gradient directions
rank #0: 2018-06-03 08:27:35,544 LBFGS        PARAM    0017       -197.549818          2.563429         47.064961          5.933593         71.501263
rank #0: 2018-06-03 08:27:35,544 rsdfit.lbfgs_fitter WARNING  ...LBFGS optimization finished. Time elapsed: 0:00:21.14
rank #0: 2018-06-03 08:27:35,545 rsdfit.lbfgs_fitter ERROR    nonlinear fit with method L-BFGS-B failed: Linesearch failed in both LBFGS and gradient directions
rank #0: 2018-06-03 08:27:35,546 rsdfit.fitting_driver INFO     rank 30 on nid00618     ...fitting complete
rank #0: 2018-06-03 08:27:35,598 rsdfit.fitting_driver INFO     rank 30 on nid00618     Saving the results to `/global/cscratch1/sd/nhand/eBOSS/fits/results/mocks/ezmock/v1.8e-fph/0.0001-0.3/basemodel-N-fnl/0.8-2.2/QSO-N-0225-P0+P2-mock-cov-f224d44da7/2018-06-03_nlopt_17i_chain0__1.npz`
rank #0: 2018-06-03 08:27:35,636 pyRSD.analysis.lbfgs_results INFO     
minimum chi2 = 71.501262614

Free parameters [ mean ]
_______________
N              : -197.549818307
b1             : 2.56342937778
f_nl           : 47.0649612302
sigma_fog      : 5.93359339023

Constrained parameters [ mean ]
_________________________
b1sigma8       : 0.928560015079
