rank #0: 2018-07-15 19:59:06,135 rsdfit.fitting_driver INFO     rank 51 on nid00605     Calling the 'nlopt' solve function
rank #0: 2018-07-15 19:59:06,136 rsdfit.lbfgs_fitter INFO     running LBFGS for 500 iterations and then stopping
rank #0: 2018-07-15 19:59:06,136 rsdfit.lbfgs_fitter INFO     running LBFGS minimizer with priors
rank #0: 2018-07-15 19:59:06,137 root         INFO     Iter           N          b1        f_nl   sigma_fog   F(X)     
rank #0: 2018-07-15 19:59:06,715 LBFGS        INFO     options = {'factr': 100000.0, 'gtol': 1e-05, 'max_iter': 500, 'test_convergence': False}
rank #0: 2018-07-15 19:59:06,716 LBFGS        PARAM    0000          0.000000          2.000000          0.000000          4.000000         96.444260
rank #0: 2018-07-15 19:59:07,378 LBFGS        PARAM    0001        -16.777463          2.055510          0.597881          4.012388         89.339307
rank #0: 2018-07-15 19:59:07,953 LBFGS        PARAM    0002       -179.125678          2.193679          3.097915          4.130407         78.949989
rank #0: 2018-07-15 19:59:08,544 LBFGS        PARAM    0003       -308.365216          2.221191          4.409365          4.230997         76.070290
rank #0: 2018-07-15 19:59:09,136 LBFGS        PARAM    0004       -369.728887          2.221517          5.840758          4.281936         75.583561
rank #0: 2018-07-15 19:59:09,714 LBFGS        PARAM    0005       -370.712853          2.222264          6.368475          4.283574         75.573732
rank #0: 2018-07-15 19:59:10,305 LBFGS        PARAM    0006       -375.900665          2.226690         17.290888          4.305368         75.431594
rank #0: 2018-07-15 19:59:10,896 LBFGS        PARAM    0007       -370.952120          2.223635         31.438760          4.322009         75.300537
rank #0: 2018-07-15 19:59:11,489 LBFGS        PARAM    0008       -358.603010          2.211999         46.219036          4.307059         75.187743
rank #0: 2018-07-15 19:59:12,065 LBFGS        PARAM    0009       -352.860639          2.205292         48.483603          4.282790         75.164644
rank #0: 2018-07-15 19:59:12,660 LBFGS        PARAM    0010       -352.536932          2.204433         47.960646          4.276496         75.163708
rank #0: 2018-07-15 19:59:13,254 LBFGS        PARAM    0011       -352.950767          2.204371         47.867906          4.273766         75.163499
rank #0: 2018-07-15 19:59:13,845 LBFGS        PARAM    0012       -355.580271          2.204471         47.823213          4.261008         75.162824
rank #0: 2018-07-15 19:59:14,428 LBFGS        PARAM    0013       -356.580300          2.204711         48.046191          4.258068         75.162730
rank #0: 2018-07-15 19:59:15,023 LBFGS        PARAM    0014       -356.588284          2.204722         48.040942          4.258086         75.162730
rank #0: 2018-07-15 19:59:15,624 LBFGS        PARAM    0015       -356.587853          2.204723         48.040878          4.258091         75.162730
rank #0: 2018-07-15 19:59:16,207 LBFGS        PARAM    0016       -356.587781          2.204723         48.040900          4.258092         75.162730
rank #0: 2018-07-15 19:59:16,867 LBFGS        PARAM    0017       -356.587781          2.204723         48.040900          4.258092         75.162730
rank #0: 2018-07-15 19:59:31,023 LBFGS        PARAM    0018       -356.587777          2.204723         48.040900          4.258092         75.162730
rank #0: 2018-07-15 19:59:56,526 LBFGS        INFO     Linesearch failed in both LBFGS and gradient directions
rank #0: 2018-07-15 19:59:56,527 LBFGS        PARAM    0018       -356.587777          2.204723         48.040900          4.258092         75.162730
rank #0: 2018-07-15 19:59:56,528 rsdfit.lbfgs_fitter WARNING  ...LBFGS optimization finished. Time elapsed: 0:00:49.81
rank #0: 2018-07-15 19:59:56,529 rsdfit.lbfgs_fitter ERROR    nonlinear fit with method L-BFGS-B failed: Linesearch failed in both LBFGS and gradient directions
rank #0: 2018-07-15 19:59:56,530 rsdfit.fitting_driver INFO     rank 51 on nid00605     ...fitting complete
rank #0: 2018-07-15 19:59:56,536 rsdfit.fitting_driver INFO     rank 51 on nid00605     Saving the results to `/global/cscratch1/sd/nhand/eBOSS/fits/results/mocks/ezmock/v1.8e-fph/0.0001-0.3/basemodel-N-fnl/0.8-2.2/QSO-N-0493-P0+P2-mock-cov-a8bcb55756/2018-07-15_nlopt_18i_chain0__1.npz`
rank #0: 2018-07-15 19:59:56,568 pyRSD.analysis.lbfgs_results INFO     
minimum chi2 = 75.162730061

Free parameters [ mean ]
_______________
N              : -356.587777134
b1             : 2.20472276287
f_nl           : 48.0409003481
sigma_fog      : 4.2580916066

Constrained parameters [ mean ]
_________________________
b1sigma8       : 0.878170201807
