rank #0: 2018-10-04 22:14:10,501 rsdfit.fitting_driver INFO     rank 52 on nid12889     Calling the 'nlopt' solve function
rank #0: 2018-10-04 22:14:10,502 rsdfit.lbfgs_fitter INFO     running LBFGS for 500 iterations and then stopping
rank #0: 2018-10-04 22:14:10,502 rsdfit.lbfgs_fitter INFO     running LBFGS minimizer with priors
rank #0: 2018-10-04 22:14:10,503 root         INFO     Iter           N          b1        f_nl   sigma_fog   F(X)     
rank #0: 2018-10-04 22:14:10,503 rsdfit.lbfgs_fitter INFO     computing gradient using numerical derivative of lnlike()
rank #0: 2018-10-04 22:14:11,650 LBFGS        INFO     options = {'factr': 100000.0, 'gtol': 1e-05, 'max_iter': 500, 'test_convergence': False}
rank #0: 2018-10-04 22:14:11,651 LBFGS        PARAM    0000          0.000000          2.000000          0.000000          4.000000        103.427194
rank #0: 2018-10-04 22:14:12,984 LBFGS        PARAM    0001         69.797343          2.105596          1.746275          3.934508         89.090600
rank #0: 2018-10-04 22:14:14,178 LBFGS        PARAM    0002         48.139727          2.308410          6.224159          3.812469         80.230892
rank #0: 2018-10-04 22:14:15,361 LBFGS        PARAM    0003         26.353844          2.289735          6.189931          3.815458         79.877646
rank #0: 2018-10-04 22:14:16,563 LBFGS        PARAM    0004         -9.428592          2.289177          6.781584          3.798742         79.558639
rank #0: 2018-10-04 22:14:16,564 LBFGS        INFO     LBFGS iteration 4: the descent direction does not have a sufficient projection (cos(theta)=-9.34e-01, theta=159.0617) into the gradient; using steepest descent at this step!
rank #0: 2018-10-04 22:14:17,886 LBFGS        PARAM    0005       -141.336322          2.332125          8.790614          3.711174         78.714022
rank #0: 2018-10-04 22:14:19,085 LBFGS        PARAM    0006       -261.604218          2.326322          8.930807          3.503466         78.502334
rank #0: 2018-10-04 22:14:20,266 LBFGS        PARAM    0007       -280.225553          2.345597          9.247367          3.389300         78.221259
rank #0: 2018-10-04 22:14:21,444 LBFGS        PARAM    0008       -288.690882          2.347358          8.779074          3.223998         78.052087
rank #0: 2018-10-04 22:14:22,645 LBFGS        PARAM    0009       -297.662815          2.339414          7.959693          3.055213         77.972811
rank #0: 2018-10-04 22:14:23,829 LBFGS        PARAM    0010       -298.247663          2.335729          7.526280          3.032558         77.968330
rank #0: 2018-10-04 22:14:25,034 LBFGS        PARAM    0011       -297.487299          2.335413          7.456880          3.033496         77.968278
rank #0: 2018-10-04 22:14:26,224 LBFGS        PARAM    0012       -297.291137          2.335363          7.359733          3.033992         77.968233
rank #0: 2018-10-04 22:14:27,436 LBFGS        PARAM    0013       -297.053611          2.335563          6.778550          3.035843         77.968030
rank #0: 2018-10-04 22:14:28,626 LBFGS        PARAM    0014       -297.641369          2.336247          6.105346          3.036834         77.967850
rank #0: 2018-10-04 22:14:29,814 LBFGS        PARAM    0015       -299.248082          2.337370          5.602121          3.035820         77.967736
rank #0: 2018-10-04 22:14:31,024 LBFGS        PARAM    0016       -299.266126          2.337374          5.599491          3.036008         77.967736
rank #0: 2018-10-04 22:14:32,213 LBFGS        PARAM    0017       -299.264666          2.337375          5.598819          3.036033         77.967736
rank #0: 2018-10-04 22:14:33,423 LBFGS        PARAM    0018       -299.264743          2.337375          5.598753          3.036033         77.967736
rank #0: 2018-10-04 22:14:34,612 LBFGS        PARAM    0019       -299.264731          2.337375          5.598742          3.036033         77.967736
rank #0: 2018-10-04 22:14:35,942 LBFGS        PARAM    0020       -299.264732          2.337375          5.598742          3.036033         77.967736
rank #0: 2018-10-04 22:14:35,943 LBFGS        INFO     LBFGS iteration 20: the descent direction does not have a sufficient projection (cos(theta)=-7.42e-02, theta=94.2527) into the gradient; using steepest descent at this step!
rank #0: 2018-10-04 22:14:37,289 LBFGS        PARAM    0021       -299.264732          2.337375          5.598742          3.036033         77.967736
rank #0: 2018-10-04 22:15:06,389 LBFGS        PARAM    0022       -299.264732          2.337375          5.598742          3.036033         77.967736
rank #0: 2018-10-04 22:15:59,098 LBFGS        INFO     Linesearch failed in both LBFGS and gradient directions
rank #0: 2018-10-04 22:15:59,099 LBFGS        PARAM    0022       -299.264732          2.337375          5.598742          3.036033         77.967736
rank #0: 2018-10-04 22:15:59,099 rsdfit.lbfgs_fitter WARNING  ...LBFGS optimization finished. Time elapsed: 0:01:47.45
rank #0: 2018-10-04 22:15:59,100 rsdfit.lbfgs_fitter ERROR    nonlinear fit with method L-BFGS-B failed: Linesearch failed in both LBFGS and gradient directions
rank #0: 2018-10-04 22:15:59,101 rsdfit.fitting_driver INFO     rank 52 on nid12889     ...fitting complete
rank #0: 2018-10-04 22:15:59,104 rsdfit.fitting_driver INFO     rank 52 on nid12889     Saving the results to `/global/cscratch1/sd/nhand/eBOSS/fits/results/mocks/ezmock/v1.8e-fph/0.005-0.3/basemodel-N-fnl/0.8-2.2/QSO-S-0247-P0+P2-mock-cov-96ccb1008d/2018-10-04_nlopt_22i_chain0__1.npz`
rank #0: 2018-10-04 22:15:59,163 pyRSD.analysis.lbfgs_results INFO     
minimum chi2 = 77.967735578

Free parameters [ mean ]
_______________
N              : -299.264732191
b1             : 2.33737533158
f_nl           : 5.59874192577
sigma_fog      : 3.03603274198

Constrained parameters [ mean ]
_________________________
b1sigma8       : 0.876247672237
