rank #0: 2018-06-24 13:16:59,231 rsdfit.fitting_driver INFO     rank 50 on nid01124     Calling the 'nlopt' solve function
rank #0: 2018-06-24 13:16:59,231 rsdfit.lbfgs_fitter INFO     running LBFGS for 500 iterations and then stopping
rank #0: 2018-06-24 13:16:59,232 rsdfit.lbfgs_fitter INFO     running LBFGS minimizer with priors
rank #0: 2018-06-24 13:16:59,232 root         INFO     Iter           N          b1        f_nl   sigma_fog   F(X)     
rank #0: 2018-06-24 13:16:59,811 LBFGS        INFO     options = {'factr': 100000.0, 'gtol': 1e-05, 'max_iter': 500, 'test_convergence': False}
rank #0: 2018-06-24 13:16:59,812 LBFGS        PARAM    0000          0.000000          2.000000          0.000000          4.000000         77.539745
rank #0: 2018-06-24 13:17:00,476 LBFGS        PARAM    0001          4.367643          2.039230          0.323297          3.998681         73.329328
rank #0: 2018-06-24 13:17:01,056 LBFGS        PARAM    0002        -46.875356          2.127117          1.435001          4.040105         68.889874
rank #0: 2018-06-24 13:17:01,653 LBFGS        PARAM    0003       -104.325981          2.147307          1.937712          4.086866         67.805830
rank #0: 2018-06-24 13:17:02,251 LBFGS        PARAM    0004       -192.802182          2.161710          2.894668          4.171164         67.089016
rank #0: 2018-06-24 13:17:02,836 LBFGS        PARAM    0005       -190.949862          2.162228          3.128328          4.173909         67.086143
rank #0: 2018-06-24 13:17:03,433 LBFGS        PARAM    0006       -186.584645          2.162857          3.973561          4.185671         67.080289
rank #0: 2018-06-24 13:17:04,029 LBFGS        PARAM    0007       -180.432257          2.162889          5.549421          4.208428         67.072189
rank #0: 2018-06-24 13:17:04,627 LBFGS        PARAM    0008       -171.903481          2.161755          8.453129          4.247386         67.060563
rank #0: 2018-06-24 13:17:05,207 LBFGS        PARAM    0009       -166.458114          2.159089         15.172159          4.264394         67.035868
rank #0: 2018-06-24 13:17:05,804 LBFGS        PARAM    0010       -162.236367          2.149481         39.432501          4.248589         66.977078
rank #0: 2018-06-24 13:17:06,399 LBFGS        PARAM    0011       -168.162407          2.146375         45.613003          4.211166         66.967290
rank #0: 2018-06-24 13:17:06,990 LBFGS        PARAM    0012       -172.238771          2.146337         45.792733          4.193420         66.966199
rank #0: 2018-06-24 13:17:07,574 LBFGS        PARAM    0013       -172.707588          2.146517         45.487767          4.190952         66.966159
rank #0: 2018-06-24 13:17:08,170 LBFGS        PARAM    0014       -172.714668          2.146560         45.441066          4.190678         66.966157
rank #0: 2018-06-24 13:17:08,767 LBFGS        PARAM    0015       -172.693694          2.146560         45.452756          4.190684         66.966157
rank #0: 2018-06-24 13:17:09,347 LBFGS        PARAM    0016       -172.687417          2.146558         45.459127          4.190693         66.966157
rank #0: 2018-06-24 13:17:09,943 LBFGS        PARAM    0017       -172.687129          2.146558         45.459698          4.190694         66.966157
rank #0: 2018-06-24 13:17:10,541 LBFGS        PARAM    0018       -172.687141          2.146558         45.459712          4.190694         66.966157
rank #0: 2018-06-24 13:17:11,204 LBFGS        PARAM    0019       -172.687141          2.146558         45.459712          4.190694         66.966157
rank #0: 2018-06-24 13:17:11,785 LBFGS        PARAM    0020       -172.687140          2.146558         45.459715          4.190694         66.966157
rank #0: 2018-06-24 13:17:37,045 LBFGS        INFO     Linesearch failed in both LBFGS and gradient directions
rank #0: 2018-06-24 13:17:37,045 LBFGS        PARAM    0020       -172.687140          2.146558         45.459715          4.190694         66.966157
rank #0: 2018-06-24 13:17:37,046 rsdfit.lbfgs_fitter WARNING  ...LBFGS optimization finished. Time elapsed: 0:00:37.23
rank #0: 2018-06-24 13:17:37,046 rsdfit.lbfgs_fitter ERROR    nonlinear fit with method L-BFGS-B failed: Linesearch failed in both LBFGS and gradient directions
rank #0: 2018-06-24 13:17:37,047 rsdfit.fitting_driver INFO     rank 50 on nid01124     ...fitting complete
rank #0: 2018-06-24 13:17:37,050 rsdfit.fitting_driver INFO     rank 50 on nid01124     Saving the results to `/global/cscratch1/sd/nhand/eBOSS/fits/results/mocks/ezmock/v1.8e-fph/0.005-0.3/basemodel-N-fnl/0.8-2.2/QSO-N-0228-P0+P2-mock-cov-a8bcb55756/2018-06-24_nlopt_20i_chain0__1.npz`
rank #0: 2018-06-24 13:17:37,077 pyRSD.analysis.lbfgs_results INFO     
minimum chi2 = 66.9661571315

Free parameters [ mean ]
_______________
N              : -172.687139821
b1             : 2.14655764477
f_nl           : 45.4597146169
sigma_fog      : 4.19069414117

Constrained parameters [ mean ]
_________________________
b1sigma8       : 0.855002266884
