rank #0: 2018-06-24 13:50:03,927 rsdfit.fitting_driver INFO     rank 57 on nid00568     Calling the 'nlopt' solve function
rank #0: 2018-06-24 13:50:03,928 rsdfit.lbfgs_fitter INFO     running LBFGS for 500 iterations and then stopping
rank #0: 2018-06-24 13:50:03,929 rsdfit.lbfgs_fitter INFO     running LBFGS minimizer with priors
rank #0: 2018-06-24 13:50:03,929 root         INFO     Iter           N          b1        f_nl   sigma_fog   F(X)     
rank #0: 2018-06-24 13:50:04,514 LBFGS        INFO     options = {'factr': 100000.0, 'gtol': 1e-05, 'max_iter': 500, 'test_convergence': False}
rank #0: 2018-06-24 13:50:04,516 LBFGS        PARAM    0000          0.000000          2.000000          0.000000          4.000000        121.154130
rank #0: 2018-06-24 13:50:05,168 LBFGS        PARAM    0001        101.941440          2.203843          1.768201          3.960980         93.739687
rank #0: 2018-06-24 13:50:05,770 LBFGS        PARAM    0002          5.307977          2.612734          9.770031          4.069022         76.895944
rank #0: 2018-06-24 13:50:06,368 LBFGS        PARAM    0003       -105.696341          2.562605          9.752643          4.202845         72.882094
rank #0: 2018-06-24 13:50:06,966 LBFGS        PARAM    0004       -299.640060          2.600308         12.741703          4.437167         70.430947
rank #0: 2018-06-24 13:50:07,550 LBFGS        PARAM    0005       -383.808739          2.643167         16.182301          4.585167         70.005615
rank #0: 2018-06-24 13:50:08,153 LBFGS        PARAM    0006       -372.144361          2.645402         18.905937          4.647362         69.938154
rank #0: 2018-06-24 13:50:08,756 LBFGS        PARAM    0007       -292.921926          2.637952         33.799561          4.951100         69.745430
rank #0: 2018-06-24 13:50:09,342 LBFGS        PARAM    0008       -275.717641          2.626649         41.985290          4.992101         69.693938
rank #0: 2018-06-24 13:50:09,944 LBFGS        PARAM    0009       -259.702280          2.606796         56.464013          4.978761         69.640769
rank #0: 2018-06-24 13:50:10,546 LBFGS        PARAM    0010       -265.182220          2.602076         61.843367          4.925551         69.623971
rank #0: 2018-06-24 13:50:11,148 LBFGS        PARAM    0011       -277.682812          2.604354         64.664795          4.862723         69.616036
rank #0: 2018-06-24 13:50:11,733 LBFGS        PARAM    0012       -279.608805          2.603952         63.976255          4.856909         69.615670
rank #0: 2018-06-24 13:50:12,333 LBFGS        PARAM    0013       -279.709436          2.603891         63.999996          4.856308         69.615670
rank #0: 2018-06-24 13:50:12,932 LBFGS        PARAM    0014       -279.704311          2.603883         64.005224          4.856286         69.615670
rank #0: 2018-06-24 13:50:13,521 LBFGS        PARAM    0015       -279.703345          2.603883         64.005537          4.856287         69.615670
rank #0: 2018-06-24 13:50:14,252 LBFGS        PARAM    0016       -279.703345          2.603883         64.005537          4.856287         69.615670
rank #0: 2018-06-24 13:50:14,852 LBFGS        PARAM    0017       -279.703347          2.603883         64.005540          4.856287         69.615670
rank #0: 2018-06-24 13:50:29,008 LBFGS        PARAM    0018       -279.703337          2.603883         64.005540          4.856287         69.615670
rank #0: 2018-06-24 13:50:29,593 LBFGS        PARAM    0019       -279.703342          2.603883         64.005540          4.856287         69.615670
rank #0: 2018-06-24 13:50:30,303 LBFGS        PARAM    0020       -279.703342          2.603883         64.005540          4.856287         69.615670
rank #0: 2018-06-24 13:50:30,305 LBFGS        INFO     LBFGS iteration 20: the descent direction does not have a sufficient projection (cos(theta)=-9.95e-01, theta=174.4964) into the gradient; using steepest descent at this step!
rank #0: 2018-06-24 13:50:30,866 LBFGS        PARAM    0021       -279.703359          2.603883         64.005540          4.856287         69.615670
rank #0: 2018-06-24 13:50:44,716 LBFGS        PARAM    0022       -279.703355          2.603883         64.005540          4.856287         69.615670
rank #0: 2018-06-24 13:50:58,009 LBFGS        PARAM    0023       -279.703354          2.603883         64.005540          4.856287         69.615670
rank #0: 2018-06-24 13:50:58,011 LBFGS        INFO     LBFGS iteration 23: the descent direction does not have a sufficient projection (cos(theta)=-9.36e-01, theta=159.4561) into the gradient; using steepest descent at this step!
rank #0: 2018-06-24 13:50:58,589 LBFGS        PARAM    0024       -279.703335          2.603883         64.005539          4.856287         69.615670
rank #0: 2018-06-24 13:51:11,432 LBFGS        PARAM    0025       -279.703337          2.603883         64.005539          4.856287         69.615670
rank #0: 2018-06-24 13:51:34,263 LBFGS        INFO     Linesearch failed in both LBFGS and gradient directions
rank #0: 2018-06-24 13:51:34,265 LBFGS        PARAM    0025       -279.703337          2.603883         64.005539          4.856287         69.615670
rank #0: 2018-06-24 13:51:34,266 rsdfit.lbfgs_fitter WARNING  ...LBFGS optimization finished. Time elapsed: 0:01:29.75
rank #0: 2018-06-24 13:51:34,267 rsdfit.lbfgs_fitter ERROR    nonlinear fit with method L-BFGS-B failed: Linesearch failed in both LBFGS and gradient directions
rank #0: 2018-06-24 13:51:34,269 rsdfit.fitting_driver INFO     rank 57 on nid00568     ...fitting complete
rank #0: 2018-06-24 13:51:34,273 rsdfit.fitting_driver INFO     rank 57 on nid00568     Saving the results to `/global/cscratch1/sd/nhand/eBOSS/fits/results/mocks/ezmock/v1.8e-fph/0.005-0.3/basemodel-N-fnl/0.8-2.2/QSO-S-0986-P0+P2-mock-cov-f224d44da7/2018-06-24_nlopt_25i_chain0__1.npz`
rank #0: 2018-06-24 13:51:34,298 pyRSD.analysis.lbfgs_results INFO     
minimum chi2 = 69.6156695878

Free parameters [ mean ]
_______________
N              : -279.703337212
b1             : 2.60388297409
f_nl           : 64.0055393813
sigma_fog      : 4.85628695261

Constrained parameters [ mean ]
_________________________
b1sigma8       : 0.943213663165
