rank #0: 2018-07-16 20:25:10,737 rsdfit.fitting_driver INFO     rank 53 on nid00617     Calling the 'nlopt' solve function
rank #0: 2018-07-16 20:25:10,738 rsdfit.lbfgs_fitter INFO     running LBFGS for 500 iterations and then stopping
rank #0: 2018-07-16 20:25:10,739 rsdfit.lbfgs_fitter INFO     running LBFGS minimizer with priors
rank #0: 2018-07-16 20:25:10,740 root         INFO     Iter           N          b1        f_nl   sigma_fog   F(X)     
rank #0: 2018-07-16 20:25:11,316 LBFGS        INFO     options = {'factr': 100000.0, 'gtol': 1e-05, 'max_iter': 500, 'test_convergence': False}
rank #0: 2018-07-16 20:25:11,317 LBFGS        PARAM    0000          0.000000          2.000000          0.000000          4.000000        130.028570
rank #0: 2018-07-16 20:25:11,977 LBFGS        PARAM    0001         74.724816          2.152316          1.055393          3.963947         99.726887
rank #0: 2018-07-16 20:25:12,560 LBFGS        PARAM    0002         -2.362018          2.461464          4.930149          4.011836         78.641832
rank #0: 2018-07-16 20:25:13,152 LBFGS        PARAM    0003       -112.427076          2.458690          4.828196          4.107771         74.241620
rank #0: 2018-07-16 20:25:13,747 LBFGS        PARAM    0004       -374.669043          2.528179          5.538434          4.326637         70.444951
rank #0: 2018-07-16 20:25:14,342 LBFGS        PARAM    0005       -383.953586          2.534490          4.648561          4.320720         70.423361
rank #0: 2018-07-16 20:25:14,920 LBFGS        PARAM    0006       -395.933926          2.540986          2.378358          4.299953         70.397268
rank #0: 2018-07-16 20:25:15,514 LBFGS        PARAM    0007       -416.755862          2.549681         -3.389443          4.246444         70.350226
rank #0: 2018-07-16 20:25:16,107 LBFGS        PARAM    0008       -438.446581          2.556583        -12.923929          4.176067         70.290857
rank #0: 2018-07-16 20:25:16,692 LBFGS        PARAM    0009       -445.421967          2.568681        -31.663945          4.201781         70.195530
rank #0: 2018-07-16 20:25:17,280 LBFGS        PARAM    0010       -431.215914          2.571860        -46.242865          4.260766         70.149025
rank #0: 2018-07-16 20:25:17,877 LBFGS        PARAM    0011       -425.805695          2.572143        -48.390745          4.281124         70.147246
rank #0: 2018-07-16 20:25:18,469 LBFGS        PARAM    0012       -424.953260          2.572237        -48.431670          4.285454         70.147194
rank #0: 2018-07-16 20:25:19,044 LBFGS        PARAM    0013       -424.847291          2.572247        -48.371906          4.286089         70.147192
rank #0: 2018-07-16 20:25:19,634 LBFGS        PARAM    0014       -424.849761          2.572245        -48.361361          4.286083         70.147192
rank #0: 2018-07-16 20:25:20,227 LBFGS        PARAM    0015       -424.850173          2.572244        -48.360334          4.286078         70.147192
rank #0: 2018-07-16 20:25:20,812 LBFGS        PARAM    0016       -424.849883          2.572244        -48.360197          4.286079         70.147192
rank #0: 2018-07-16 20:25:21,390 LBFGS        PARAM    0017       -424.849951          2.572244        -48.360216          4.286078         70.147192
rank #0: 2018-07-16 20:25:22,046 LBFGS        PARAM    0018       -424.849951          2.572244        -48.360216          4.286078         70.147192
rank #0: 2018-07-16 20:25:36,285 LBFGS        PARAM    0019       -424.849947          2.572244        -48.360216          4.286078         70.147192
rank #0: 2018-07-16 20:25:36,944 LBFGS        PARAM    0020       -424.849947          2.572244        -48.360216          4.286078         70.147192
rank #0: 2018-07-16 20:26:02,067 LBFGS        INFO     Linesearch failed in both LBFGS and gradient directions
rank #0: 2018-07-16 20:26:02,069 LBFGS        PARAM    0020       -424.849947          2.572244        -48.360216          4.286078         70.147192
rank #0: 2018-07-16 20:26:02,070 rsdfit.lbfgs_fitter WARNING  ...LBFGS optimization finished. Time elapsed: 0:00:50.75
rank #0: 2018-07-16 20:26:02,072 rsdfit.lbfgs_fitter ERROR    nonlinear fit with method L-BFGS-B failed: Linesearch failed in both LBFGS and gradient directions
rank #0: 2018-07-16 20:26:02,074 rsdfit.fitting_driver INFO     rank 53 on nid00617     ...fitting complete
rank #0: 2018-07-16 20:26:02,077 rsdfit.fitting_driver INFO     rank 53 on nid00617     Saving the results to `/global/cscratch1/sd/nhand/eBOSS/fits/results/mocks/ezmock/v1.8e-fph/0.005-0.3/basemodel-N-fnl/0.8-2.2/QSO-N-0942-P0+P2-mock-cov-f224d44da7/2018-07-16_nlopt_20i_chain0__1.npz`
rank #0: 2018-07-16 20:26:02,104 pyRSD.analysis.lbfgs_results INFO     
minimum chi2 = 70.14719213

Free parameters [ mean ]
_______________
N              : -424.849946617
b1             : 2.57224399826
f_nl           : -48.3602162863
sigma_fog      : 4.2860783361

Constrained parameters [ mean ]
_________________________
b1sigma8       : 0.931752965972
