rank #0: 2019-02-16 14:06:49,142 rsdfit.fitting_driver INFO     rank 44 on nid00542     Calling the 'nlopt' solve function
rank #0: 2019-02-16 14:06:49,143 rsdfit.lbfgs_fitter INFO     running LBFGS for 500 iterations and then stopping
rank #0: 2019-02-16 14:06:49,144 rsdfit.lbfgs_fitter INFO     running LBFGS minimizer with priors
rank #0: 2019-02-16 14:06:49,145 root         INFO     Iter           N          b1        f_nl   sigma_fog   F(X)     
rank #0: 2019-02-16 14:06:49,146 rsdfit.lbfgs_fitter INFO     computing gradient using numerical derivative of lnlike()
rank #0: 2019-02-16 14:06:50,245 LBFGS        INFO     options = {'factr': 100000.0, 'gtol': 1e-05, 'max_iter': 500, 'test_convergence': False}
rank #0: 2019-02-16 14:06:50,246 LBFGS        PARAM    0000          0.000000          2.000000          0.000000          4.000000        131.998229
rank #0: 2019-02-16 14:06:51,501 LBFGS        PARAM    0001        -21.341272          2.098433          1.876715          4.019912        114.601441
rank #0: 2019-02-16 14:06:52,632 LBFGS        PARAM    0002       -292.665864          2.362192          8.406477          4.260389         89.915932
rank #0: 2019-02-16 14:06:53,763 LBFGS        PARAM    0003       -462.213375          2.383408          8.427907          4.447681         83.209926
rank #0: 2019-02-16 14:06:54,892 LBFGS        PARAM    0004       -580.171184          2.396421          6.822627          4.619849         81.552599
rank #0: 2019-02-16 14:06:56,022 LBFGS        PARAM    0005       -578.862697          2.398407          5.441695          4.655392         81.442204
rank #0: 2019-02-16 14:06:57,146 LBFGS        PARAM    0006       -514.613057          2.425827        -16.206161          5.127301         80.506738
rank #0: 2019-02-16 14:06:58,276 LBFGS        PARAM    0007       -508.797713          2.436559        -28.687411          5.143694         80.342897
rank #0: 2019-02-16 14:06:59,403 LBFGS        PARAM    0008       -517.458502          2.447111        -37.883607          5.113513         80.294667
rank #0: 2019-02-16 14:07:00,526 LBFGS        PARAM    0009       -521.752361          2.448182        -39.246248          5.098581         80.292736
rank #0: 2019-02-16 14:07:01,648 LBFGS        PARAM    0010       -524.504175          2.448389        -39.405805          5.093042         80.292473
rank #0: 2019-02-16 14:07:02,770 LBFGS        PARAM    0011       -524.521363          2.448373        -39.380932          5.092662         80.292472
rank #0: 2019-02-16 14:07:03,893 LBFGS        PARAM    0012       -524.525320          2.448366        -39.374990          5.092575         80.292472
rank #0: 2019-02-16 14:07:05,013 LBFGS        PARAM    0013       -524.525350          2.448367        -39.374903          5.092577         80.292472
rank #0: 2019-02-16 14:07:06,139 LBFGS        PARAM    0014       -524.525354          2.448367        -39.374889          5.092577         80.292472
rank #0: 2019-02-16 14:07:56,286 LBFGS        INFO     Linesearch failed in both LBFGS and gradient directions
rank #0: 2019-02-16 14:07:56,287 LBFGS        PARAM    0014       -524.525354          2.448367        -39.374889          5.092577         80.292472
rank #0: 2019-02-16 14:07:56,288 rsdfit.lbfgs_fitter WARNING  ...LBFGS optimization finished. Time elapsed: 0:01:06.04
rank #0: 2019-02-16 14:07:56,289 rsdfit.lbfgs_fitter ERROR    nonlinear fit with method L-BFGS-B failed: Linesearch failed in both LBFGS and gradient directions
rank #0: 2019-02-16 14:07:56,290 rsdfit.fitting_driver INFO     rank 44 on nid00542     ...fitting complete
rank #0: 2019-02-16 14:07:56,295 rsdfit.fitting_driver INFO     rank 44 on nid00542     Saving the results to `/global/cscratch1/sd/nhand/eBOSS/fits/results/mocks/ezmock/v1.8e-fph/0.005-0.3/basemodel-N-fnl/0.8-2.2/QSO-N-0746-P0+P2-mock-cov-df4d289b36/2019-02-16_nlopt_14i_chain0__1.npz`
rank #0: 2019-02-16 14:07:56,302 pyRSD.analysis.lbfgs_results INFO     
minimum chi2 = 80.29247164759838

Free parameters [ mean ]
_______________
N              : -524.5253539032046
b1             : 2.448366531965298
f_nl           : -39.37488883524028
sigma_fog      : 5.092576575701536

Constrained parameters [ mean ]
_________________________
b1sigma8       : 0.9178566426327432
