rank #0: 2018-06-03 08:49:58,653 rsdfit.fitting_driver INFO     rank 36 on nid00616     Calling the 'nlopt' solve function
rank #0: 2018-06-03 08:49:58,653 rsdfit.lbfgs_fitter INFO     running LBFGS for 500 iterations and then stopping
rank #0: 2018-06-03 08:49:58,653 rsdfit.lbfgs_fitter INFO     running LBFGS minimizer with priors
rank #0: 2018-06-03 08:49:58,653 root         INFO     Iter           N          b1        f_nl   sigma_fog   F(X)     
rank #0: 2018-06-03 08:49:59,197 LBFGS        INFO     options = {'factr': 100000.0, 'gtol': 1e-05, 'max_iter': 500, 'test_convergence': False}
rank #0: 2018-06-03 08:49:59,198 LBFGS        PARAM    0000          0.000000          2.000000          0.000000          4.000000        127.231393
rank #0: 2018-06-03 08:49:59,818 LBFGS        PARAM    0001         33.507125          2.112990          2.543597          3.989376        101.217164
rank #0: 2018-06-03 08:50:00,374 LBFGS        PARAM    0002        -66.612992          2.391081         12.751652          4.105517         75.830797
rank #0: 2018-06-03 08:50:00,933 LBFGS        PARAM    0003       -177.716559          2.395529         14.850706          4.214765         70.097925
rank #0: 2018-06-03 08:50:01,488 LBFGS        PARAM    0004       -427.586487          2.452950         22.367674          4.474346         65.510012
rank #0: 2018-06-03 08:50:02,045 LBFGS        PARAM    0005       -409.078705          2.441301         23.826904          4.483515         65.411538
rank #0: 2018-06-03 08:50:02,603 LBFGS        PARAM    0006       -386.854547          2.431612         27.482860          4.517038         65.317908
rank #0: 2018-06-03 08:50:03,159 LBFGS        PARAM    0007       -371.854218          2.429111         31.896895          4.574097         65.263903
rank #0: 2018-06-03 08:50:03,715 LBFGS        PARAM    0008       -371.321069          2.430975         31.857054          4.593015         65.259145
rank #0: 2018-06-03 08:50:04,269 LBFGS        PARAM    0009       -369.613273          2.432524         31.500019          4.613801         65.256848
rank #0: 2018-06-03 08:50:04,826 LBFGS        PARAM    0010       -367.453993          2.432455         31.289772          4.623312         65.256227
rank #0: 2018-06-03 08:50:05,380 LBFGS        PARAM    0011       -366.097515          2.432105         31.185771          4.626568         65.256096
rank #0: 2018-06-03 08:50:05,933 LBFGS        PARAM    0012       -366.064835          2.432068         31.184234          4.626375         65.256096
rank #0: 2018-06-03 08:50:06,488 LBFGS        PARAM    0013       -366.068172          2.432063         31.184977          4.626325         65.256096
rank #0: 2018-06-03 08:50:07,043 LBFGS        PARAM    0014       -366.068564          2.432063         31.185040          4.626323         65.256096
rank #0: 2018-06-03 08:50:07,661 LBFGS        PARAM    0015       -366.068565          2.432063         31.185040          4.626323         65.256096
rank #0: 2018-06-03 08:50:31,822 LBFGS        INFO     Linesearch failed in both LBFGS and gradient directions
rank #0: 2018-06-03 08:50:31,822 LBFGS        PARAM    0015       -366.068565          2.432063         31.185040          4.626323         65.256096
rank #0: 2018-06-03 08:50:31,822 rsdfit.lbfgs_fitter WARNING  ...LBFGS optimization finished. Time elapsed: 0:00:32.62
rank #0: 2018-06-03 08:50:31,823 rsdfit.lbfgs_fitter ERROR    nonlinear fit with method L-BFGS-B failed: Linesearch failed in both LBFGS and gradient directions
rank #0: 2018-06-03 08:50:31,823 rsdfit.fitting_driver INFO     rank 36 on nid00616     ...fitting complete
rank #0: 2018-06-03 08:50:31,827 rsdfit.fitting_driver INFO     rank 36 on nid00616     Saving the results to `/global/cscratch1/sd/nhand/eBOSS/fits/results/mocks/ezmock/v1.8e-fph/0.0001-0.3/basemodel-N-fnl/0.8-2.2/QSO-N-0103-P0+P2-mock-cov-1ab4f6001f/2018-06-03_nlopt_15i_chain0__1.npz`
rank #0: 2018-06-03 08:50:31,856 pyRSD.analysis.lbfgs_results INFO     
minimum chi2 = 65.2560955648

Free parameters [ mean ]
_______________
N              : -366.068564606
b1             : 2.43206344156
f_nl           : 31.1850401309
sigma_fog      : 4.62632327353

Constrained parameters [ mean ]
_________________________
b1sigma8       : 0.911744853556
