rank #0: 2018-10-08 10:43:18,926 rsdfit.fitting_driver INFO     rank 2 on nid00693     Calling the 'nlopt' solve function
rank #0: 2018-10-08 10:43:18,927 rsdfit.lbfgs_fitter INFO     running LBFGS for 500 iterations and then stopping
rank #0: 2018-10-08 10:43:18,927 rsdfit.lbfgs_fitter INFO     running LBFGS minimizer with priors
rank #0: 2018-10-08 10:43:18,928 root         INFO     Iter           N          b1        f_nl   sigma_fog   F(X)     
rank #0: 2018-10-08 10:43:18,929 rsdfit.lbfgs_fitter INFO     computing gradient using numerical derivative of lnlike()
rank #0: 2018-10-08 10:43:20,106 LBFGS        INFO     options = {'factr': 100000.0, 'gtol': 1e-05, 'max_iter': 500, 'test_convergence': False}
rank #0: 2018-10-08 10:43:20,107 LBFGS        PARAM    0000          0.000000          2.000000          0.000000          4.000000        118.397599
rank #0: 2018-10-08 10:43:21,493 LBFGS        PARAM    0001         18.880900          2.098674          2.196429          3.968628         98.174392
rank #0: 2018-10-08 10:43:22,718 LBFGS        PARAM    0002        -89.219415          2.342148         10.976899          3.972763         77.074756
rank #0: 2018-10-08 10:43:23,945 LBFGS        PARAM    0003       -216.430236          2.362054         13.267568          4.023973         71.936698
rank #0: 2018-10-08 10:43:25,192 LBFGS        PARAM    0004       -475.586695          2.405741         19.339975          4.056326         67.797392
rank #0: 2018-10-08 10:43:26,419 LBFGS        PARAM    0005       -493.119964          2.401632         20.813679          3.979568         67.517711
rank #0: 2018-10-08 10:43:27,668 LBFGS        PARAM    0006       -612.292552          2.387227         33.704082          3.344650         66.448848
rank #0: 2018-10-08 10:43:28,899 LBFGS        PARAM    0007       -590.280290          2.380644         38.219089          3.365240         66.405434
rank #0: 2018-10-08 10:43:30,127 LBFGS        PARAM    0008       -581.603349          2.376736         40.909017          3.371973         66.399674
rank #0: 2018-10-08 10:43:31,376 LBFGS        PARAM    0009       -582.129100          2.376583         41.176493          3.373165         66.399529
rank #0: 2018-10-08 10:43:32,604 LBFGS        PARAM    0010       -582.277420          2.376569         41.202952          3.373333         66.399526
rank #0: 2018-10-08 10:43:33,847 LBFGS        PARAM    0011       -582.281288          2.376572         41.202679          3.373333         66.399526
rank #0: 2018-10-08 10:43:35,091 LBFGS        PARAM    0012       -582.280988          2.376572         41.202632          3.373333         66.399526
rank #0: 2018-10-08 10:43:36,319 LBFGS        PARAM    0013       -582.281012          2.376572         41.202632          3.373333         66.399526
rank #0: 2018-10-08 10:43:37,709 LBFGS        PARAM    0014       -582.281012          2.376572         41.202632          3.373333         66.399526
rank #0: 2018-10-08 10:44:31,666 LBFGS        INFO     Linesearch failed in both LBFGS and gradient directions
rank #0: 2018-10-08 10:44:31,667 LBFGS        PARAM    0014       -582.281012          2.376572         41.202632          3.373333         66.399526
rank #0: 2018-10-08 10:44:31,667 rsdfit.lbfgs_fitter WARNING  ...LBFGS optimization finished. Time elapsed: 0:01:11.56
rank #0: 2018-10-08 10:44:31,668 rsdfit.lbfgs_fitter ERROR    nonlinear fit with method L-BFGS-B failed: Linesearch failed in both LBFGS and gradient directions
rank #0: 2018-10-08 10:44:31,669 rsdfit.fitting_driver INFO     rank 2 on nid00693     ...fitting complete
rank #0: 2018-10-08 10:44:31,673 rsdfit.fitting_driver INFO     rank 2 on nid00693     Saving the results to `/global/cscratch1/sd/nhand/eBOSS/fits/results/mocks/ezmock/v1.8e-fph/0.005-0.3/basemodel-N-fnl/0.8-2.2/QSO-N-0537-P0+P2-mock-cov-3d9387a9b2/2018-10-08_nlopt_14i_chain0__1.npz`
rank #0: 2018-10-08 10:44:31,739 pyRSD.analysis.lbfgs_results INFO     
minimum chi2 = 66.3995260648

Free parameters [ mean ]
_______________
N              : -582.281011669
b1             : 2.37657184508
f_nl           : 41.2026323903
sigma_fog      : 3.37333268465

Constrained parameters [ mean ]
_________________________
b1sigma8       : 0.890941869293
