rank #0: 2019-02-16 14:28:03,611 rsdfit.fitting_driver INFO     rank 15 on nid00647     Calling the 'nlopt' solve function
rank #0: 2019-02-16 14:28:03,611 rsdfit.lbfgs_fitter INFO     running LBFGS for 500 iterations and then stopping
rank #0: 2019-02-16 14:28:03,612 rsdfit.lbfgs_fitter INFO     running LBFGS minimizer with priors
rank #0: 2019-02-16 14:28:03,612 root         INFO     Iter           N          b1        f_nl   sigma_fog   F(X)     
rank #0: 2019-02-16 14:28:03,612 rsdfit.lbfgs_fitter INFO     computing gradient using numerical derivative of lnlike()
rank #0: 2019-02-16 14:28:04,718 LBFGS        INFO     options = {'factr': 100000.0, 'gtol': 1e-05, 'max_iter': 500, 'test_convergence': False}
rank #0: 2019-02-16 14:28:04,719 LBFGS        PARAM    0000          0.000000          2.000000          0.000000          4.000000        106.258179
rank #0: 2019-02-16 14:28:05,973 LBFGS        PARAM    0001        132.767099          2.158410          1.194682          3.922189         86.846983
rank #0: 2019-02-16 14:28:07,107 LBFGS        PARAM    0002        133.254151          2.402263          4.737771          3.852646         78.262265
rank #0: 2019-02-16 14:28:08,240 LBFGS        PARAM    0003        108.851498          2.383111          5.282232          3.905167         77.912261
rank #0: 2019-02-16 14:28:09,375 LBFGS        PARAM    0004         70.099447          2.386937          6.796747          3.971729         77.633302
rank #0: 2019-02-16 14:28:10,505 LBFGS        PARAM    0005        -19.447782          2.415958         11.211728          4.104261         77.356126
rank #0: 2019-02-16 14:28:11,632 LBFGS        PARAM    0006        -14.494319          2.422619         13.355081          4.077220         77.294504
rank #0: 2019-02-16 14:28:12,762 LBFGS        PARAM    0007        -20.192873          2.430790         16.831698          4.047220         77.262589
rank #0: 2019-02-16 14:28:13,885 LBFGS        PARAM    0008        -22.404856          2.430868         19.174892          4.013967         77.243511
rank #0: 2019-02-16 14:28:15,010 LBFGS        PARAM    0009        -44.669150          2.426995         29.801934          3.874656         77.178395
rank #0: 2019-02-16 14:28:16,134 LBFGS        PARAM    0010        -54.712279          2.417324         37.715549          3.809231         77.142115
rank #0: 2019-02-16 14:28:17,257 LBFGS        PARAM    0011        -58.588635          2.409932         42.968229          3.796870         77.127945
rank #0: 2019-02-16 14:28:18,372 LBFGS        PARAM    0012        -56.055839          2.406898         45.043683          3.808652         77.122834
rank #0: 2019-02-16 14:28:19,492 LBFGS        PARAM    0013        -47.140088          2.402425         49.373941          3.841247         77.113754
rank #0: 2019-02-16 14:28:20,614 LBFGS        PARAM    0014        -34.575001          2.399542         54.152012          3.872633         77.106030
rank #0: 2019-02-16 14:28:21,733 LBFGS        PARAM    0015        -28.680221          2.400066         55.754843          3.884043         77.103906
rank #0: 2019-02-16 14:28:22,850 LBFGS        PARAM    0016        -28.388336          2.400722         55.451665          3.883722         77.103799
rank #0: 2019-02-16 14:28:23,966 LBFGS        PARAM    0017        -28.593196          2.400864         55.341424          3.883091         77.103796
rank #0: 2019-02-16 14:28:25,087 LBFGS        PARAM    0018        -28.609886          2.400865         55.334265          3.882991         77.103796
rank #0: 2019-02-16 14:28:26,208 LBFGS        PARAM    0019        -28.614098          2.400865         55.334865          3.882986         77.103796
rank #0: 2019-02-16 14:28:27,331 LBFGS        PARAM    0020        -28.613350          2.400865         55.334905          3.882986         77.103796
rank #0: 2019-02-16 14:28:28,591 LBFGS        PARAM    0021        -28.613348          2.400865         55.334906          3.882986         77.103796
rank #0: 2019-02-16 14:28:29,848 LBFGS        PARAM    0022        -28.613349          2.400865         55.334907          3.882986         77.103796
rank #0: 2019-02-16 14:28:30,978 LBFGS        PARAM    0023        -28.613361          2.400865         55.334911          3.882986         77.103796
rank #0: 2019-02-16 14:28:32,112 LBFGS        PARAM    0024        -28.613353          2.400865         55.334908          3.882986         77.103796
rank #0: 2019-02-16 14:28:33,244 LBFGS        PARAM    0025        -28.613351          2.400865         55.334908          3.882986         77.103796
rank #0: 2019-02-16 14:29:22,985 LBFGS        INFO     Linesearch failed in both LBFGS and gradient directions
rank #0: 2019-02-16 14:29:22,986 LBFGS        PARAM    0025        -28.613351          2.400865         55.334908          3.882986         77.103796
rank #0: 2019-02-16 14:29:22,986 rsdfit.lbfgs_fitter WARNING  ...LBFGS optimization finished. Time elapsed: 0:01:18.27
rank #0: 2019-02-16 14:29:22,987 rsdfit.lbfgs_fitter ERROR    nonlinear fit with method L-BFGS-B failed: Linesearch failed in both LBFGS and gradient directions
rank #0: 2019-02-16 14:29:22,988 rsdfit.fitting_driver INFO     rank 15 on nid00647     ...fitting complete
rank #0: 2019-02-16 14:29:22,991 rsdfit.fitting_driver INFO     rank 15 on nid00647     Saving the results to `/global/cscratch1/sd/nhand/eBOSS/fits/results/mocks/ezmock/v1.8e-fph/0.005-0.3/basemodel-N-fnl/0.8-2.2/QSO-S-0208-P0+P2-mock-cov-be61e5bd15/2019-02-16_nlopt_25i_chain0__1.npz`
rank #0: 2019-02-16 14:29:22,998 pyRSD.analysis.lbfgs_results INFO     
minimum chi2 = 77.10379617498495

Free parameters [ mean ]
_______________
N              : -28.613350588400493
b1             : 2.4008649482781874
f_nl           : 55.334907622659564
sigma_fog      : 3.882986181648284

Constrained parameters [ mean ]
_________________________
b1sigma8       : 0.8696737315637699
