rank #0: 2019-02-16 12:44:39,713 rsdfit.fitting_driver INFO     rank 25 on nid01064     Calling the 'nlopt' solve function
rank #0: 2019-02-16 12:44:39,714 rsdfit.lbfgs_fitter INFO     running LBFGS for 500 iterations and then stopping
rank #0: 2019-02-16 12:44:39,714 rsdfit.lbfgs_fitter INFO     running LBFGS minimizer with priors
rank #0: 2019-02-16 12:44:39,715 root         INFO     Iter           N          b1        f_nl   sigma_fog   F(X)     
rank #0: 2019-02-16 12:44:39,715 rsdfit.lbfgs_fitter INFO     computing gradient using numerical derivative of lnlike()
rank #0: 2019-02-16 12:44:40,289 LBFGS        INFO     options = {'factr': 100000.0, 'gtol': 1e-05, 'max_iter': 500, 'test_convergence': False}
rank #0: 2019-02-16 12:44:40,290 LBFGS        PARAM    0000          0.000000          2.000000          0.000000          4.000000         84.649762
rank #0: 2019-02-16 12:44:40,944 LBFGS        PARAM    0001         -3.773660          2.044786          1.107838          3.994305         78.605401
rank #0: 2019-02-16 12:44:41,533 LBFGS        PARAM    0002       -107.311291          2.166506          5.636792          4.020902         70.171784
rank #0: 2019-02-16 12:44:42,122 LBFGS        PARAM    0003       -197.131296          2.187919          7.728020          4.054178         68.056961
rank #0: 2019-02-16 12:44:42,711 LBFGS        PARAM    0004       -320.176071          2.197470         12.247070          4.043255         66.747438
rank #0: 2019-02-16 12:44:43,300 LBFGS        PARAM    0005       -334.344808          2.197934         14.033684          4.010358         66.635781
rank #0: 2019-02-16 12:44:43,890 LBFGS        PARAM    0006       -401.491735          2.190274         29.527468          3.709298         66.011987
rank #0: 2019-02-16 12:44:44,481 LBFGS        PARAM    0007       -396.105541          2.176834         43.379135          3.593927         65.726069
rank #0: 2019-02-16 12:44:45,073 LBFGS        PARAM    0008       -366.385717          2.161422         56.028691          3.579667         65.592547
rank #0: 2019-02-16 12:44:45,665 LBFGS        PARAM    0009       -353.949868          2.158888         58.725392          3.620577         65.574064
rank #0: 2019-02-16 12:44:46,251 LBFGS        PARAM    0010       -350.886341          2.158464         59.461441          3.650035         65.570222
rank #0: 2019-02-16 12:44:46,834 LBFGS        PARAM    0011       -351.060655          2.158817         59.348466          3.652028         65.570181
rank #0: 2019-02-16 12:44:47,422 LBFGS        PARAM    0012       -351.120005          2.158805         59.331392          3.651953         65.570180
rank #0: 2019-02-16 12:44:48,008 LBFGS        PARAM    0013       -351.137910          2.158806         59.332020          3.651907         65.570180
rank #0: 2019-02-16 12:44:48,594 LBFGS        PARAM    0014       -351.141787          2.158807         59.332454          3.651899         65.570180
rank #0: 2019-02-16 12:44:49,183 LBFGS        PARAM    0015       -351.141789          2.158807         59.332464          3.651899         65.570180
rank #0: 2019-02-16 12:44:49,771 LBFGS        PARAM    0016       -351.141788          2.158807         59.332464          3.651899         65.570180
rank #0: 2019-02-16 12:44:50,359 LBFGS        PARAM    0017       -351.141791          2.158807         59.332462          3.651899         65.570180
rank #0: 2019-02-16 12:45:15,661 LBFGS        INFO     Linesearch failed in both LBFGS and gradient directions
rank #0: 2019-02-16 12:45:15,663 LBFGS        PARAM    0017       -351.141791          2.158807         59.332462          3.651899         65.570180
rank #0: 2019-02-16 12:45:15,663 rsdfit.lbfgs_fitter WARNING  ...LBFGS optimization finished. Time elapsed: 0:00:35.37
rank #0: 2019-02-16 12:45:15,664 rsdfit.lbfgs_fitter ERROR    nonlinear fit with method L-BFGS-B failed: Linesearch failed in both LBFGS and gradient directions
rank #0: 2019-02-16 12:45:15,665 rsdfit.fitting_driver INFO     rank 25 on nid01064     ...fitting complete
rank #0: 2019-02-16 12:45:15,669 rsdfit.fitting_driver INFO     rank 25 on nid01064     Saving the results to `/global/cscratch1/sd/nhand/eBOSS/fits/results/mocks/ezmock/v1.8e-fph/0.005-0.3/basemodel-N-fnl/0.8-2.2/QSO-N-0624-P0+P2-mock-cov-20503beeef/2019-02-16_nlopt_17i_chain0__1.npz`
rank #0: 2019-02-16 12:45:15,676 pyRSD.analysis.lbfgs_results INFO     
minimum chi2 = 65.57017999170961

Free parameters [ mean ]
_______________
N              : -351.1417913522096
b1             : 2.1588069174008035
f_nl           : 59.33246248474617
sigma_fog      : 3.65189904826207

Constrained parameters [ mean ]
_________________________
b1sigma8       : 0.8598813139897976
