rank #0: 2018-06-24 14:12:30,784 rsdfit.fitting_driver INFO     rank 9 on nid00538     Calling the 'nlopt' solve function
rank #0: 2018-06-24 14:12:30,785 rsdfit.lbfgs_fitter INFO     running LBFGS for 500 iterations and then stopping
rank #0: 2018-06-24 14:12:30,785 rsdfit.lbfgs_fitter INFO     running LBFGS minimizer with priors
rank #0: 2018-06-24 14:12:30,786 root         INFO     Iter           N          b1        f_nl   sigma_fog   F(X)     
rank #0: 2018-06-24 14:12:31,363 LBFGS        INFO     options = {'factr': 100000.0, 'gtol': 1e-05, 'max_iter': 500, 'test_convergence': False}
rank #0: 2018-06-24 14:12:31,364 LBFGS        PARAM    0000          0.000000          2.000000          0.000000          4.000000         97.511152
rank #0: 2018-06-24 14:12:32,009 LBFGS        PARAM    0001         55.896836          2.111217          2.528532          3.968166         83.609906
rank #0: 2018-06-24 14:12:32,603 LBFGS        PARAM    0002          2.095268          2.356644         11.392569          3.979154         72.850925
rank #0: 2018-06-24 14:12:33,198 LBFGS        PARAM    0003        -70.804500          2.349227         13.216319          4.047125         71.271697
rank #0: 2018-06-24 14:12:33,787 LBFGS        PARAM    0004       -247.384831          2.386373         20.561471          4.206737         69.757733
rank #0: 2018-06-24 14:12:34,379 LBFGS        PARAM    0005       -259.983476          2.393355         24.743186          4.227172         69.650743
rank #0: 2018-06-24 14:12:34,976 LBFGS        PARAM    0006       -262.153747          2.393318         37.337547          4.260514         69.449162
rank #0: 2018-06-24 14:12:35,574 LBFGS        PARAM    0007       -238.748860          2.376152         51.579160          4.275334         69.290458
rank #0: 2018-06-24 14:12:36,157 LBFGS        PARAM    0008       -210.656280          2.353721         57.260260          4.245959         69.231738
rank #0: 2018-06-24 14:12:36,753 LBFGS        PARAM    0009       -207.528421          2.354332         57.052111          4.242306         69.230682
rank #0: 2018-06-24 14:12:37,350 LBFGS        PARAM    0010       -207.467610          2.354349         57.023237          4.241856         69.230677
rank #0: 2018-06-24 14:12:37,939 LBFGS        PARAM    0011       -207.552722          2.354361         57.003497          4.240811         69.230669
rank #0: 2018-06-24 14:12:38,527 LBFGS        PARAM    0012       -208.011866          2.354365         57.004650          4.238147         69.230652
rank #0: 2018-06-24 14:12:39,119 LBFGS        PARAM    0013       -208.411317          2.354344         57.046295          4.236939         69.230647
rank #0: 2018-06-24 14:12:39,708 LBFGS        PARAM    0014       -208.446835          2.354340         57.051963          4.236916         69.230647
rank #0: 2018-06-24 14:12:40,283 LBFGS        PARAM    0015       -208.446063          2.354340         57.052327          4.236931         69.230647
rank #0: 2018-06-24 14:12:40,873 LBFGS        PARAM    0016       -208.445705          2.354340         57.052337          4.236933         69.230647
rank #0: 2018-06-24 14:12:55,114 LBFGS        PARAM    0017       -208.445705          2.354340         57.052337          4.236933         69.230647
rank #0: 2018-06-24 14:12:55,115 LBFGS        INFO     LBFGS iteration 17: the descent direction does not have a sufficient projection (cos(theta)=-4.15e-01, theta=114.5334) into the gradient; using steepest descent at this step!
rank #0: 2018-06-24 14:12:55,779 LBFGS        PARAM    0018       -208.445698          2.354340         57.052337          4.236933         69.230647
rank #0: 2018-06-24 14:13:21,442 LBFGS        INFO     Linesearch failed in both LBFGS and gradient directions
rank #0: 2018-06-24 14:13:21,442 LBFGS        PARAM    0018       -208.445698          2.354340         57.052337          4.236933         69.230647
rank #0: 2018-06-24 14:13:21,443 rsdfit.lbfgs_fitter WARNING  ...LBFGS optimization finished. Time elapsed: 0:00:50.08
rank #0: 2018-06-24 14:13:21,443 rsdfit.lbfgs_fitter ERROR    nonlinear fit with method L-BFGS-B failed: Linesearch failed in both LBFGS and gradient directions
rank #0: 2018-06-24 14:13:21,444 rsdfit.fitting_driver INFO     rank 9 on nid00538     ...fitting complete
rank #0: 2018-06-24 14:13:21,447 rsdfit.fitting_driver INFO     rank 9 on nid00538     Saving the results to `/global/cscratch1/sd/nhand/eBOSS/fits/results/mocks/ezmock/v1.8e-fph/0.005-0.3/basemodel-N-fnl/0.8-2.2/QSO-S-0284-P0+P2-mock-cov-1ab4f6001f/2018-06-24_nlopt_18i_chain0__1.npz`
rank #0: 2018-06-24 14:13:21,473 pyRSD.analysis.lbfgs_results INFO     
minimum chi2 = 69.2306470483

Free parameters [ mean ]
_______________
N              : -208.445697633
b1             : 2.35434024499
f_nl           : 57.0523366897
sigma_fog      : 4.23693320826

Constrained parameters [ mean ]
_________________________
b1sigma8       : 0.882607569033
