rank #0: 2018-12-30 15:51:21,302 rsdfit.fitting_driver INFO     rank 39 on nid00556     Calling the 'nlopt' solve function
rank #0: 2018-12-30 15:51:21,303 rsdfit.lbfgs_fitter INFO     running LBFGS for 500 iterations and then stopping
rank #0: 2018-12-30 15:51:21,303 rsdfit.lbfgs_fitter INFO     running LBFGS minimizer with priors
rank #0: 2018-12-30 15:51:21,304 root         INFO     Iter           N          b1        f_nl   sigma_fog   F(X)     
rank #0: 2018-12-30 15:51:21,304 rsdfit.lbfgs_fitter INFO     computing gradient using numerical derivative of lnlike()
rank #0: 2018-12-30 15:51:21,905 LBFGS        INFO     options = {'factr': 100000.0, 'gtol': 1e-05, 'max_iter': 500, 'test_convergence': False}
rank #0: 2018-12-30 15:51:21,906 LBFGS        PARAM    0000          0.000000          2.000000          0.000000          4.000000         82.319193
rank #0: 2018-12-30 15:51:22,601 LBFGS        PARAM    0001          9.553232          2.059035          1.006231          3.992210         76.692369
rank #0: 2018-12-30 15:51:23,221 LBFGS        PARAM    0002        -67.437388          2.205432          4.222133          4.042958         70.378751
rank #0: 2018-12-30 15:51:23,825 LBFGS        PARAM    0003       -150.886382          2.230780          4.908750          4.108870         68.895382
rank #0: 2018-12-30 15:51:24,450 LBFGS        PARAM    0004       -305.760820          2.261179          4.166065          4.235673         67.736804
rank #0: 2018-12-30 15:51:25,076 LBFGS        PARAM    0005       -305.775920          2.262845          3.384237          4.233081         67.727554
rank #0: 2018-12-30 15:51:25,681 LBFGS        PARAM    0006       -311.031650          2.272408         -3.815307          4.215375         67.675866
rank #0: 2018-12-30 15:51:26,307 LBFGS        PARAM    0007       -320.313986          2.279028        -11.415153          4.203660         67.639672
rank #0: 2018-12-30 15:51:26,933 LBFGS        PARAM    0008       -310.095202          2.286207        -24.046553          4.318790         67.622001
rank #0: 2018-12-30 15:51:27,536 LBFGS        PARAM    0009       -322.589975          2.285544        -22.242823          4.253875         67.609510
rank #0: 2018-12-30 15:51:28,161 LBFGS        PARAM    0010       -326.621368          2.285684        -23.176068          4.241013         67.608578
rank #0: 2018-12-30 15:51:28,782 LBFGS        PARAM    0011       -326.839350          2.285501        -23.136563          4.240626         67.608558
rank #0: 2018-12-30 15:51:29,393 LBFGS        PARAM    0012       -326.838012          2.285478        -23.128001          4.240866         67.608558
rank #0: 2018-12-30 15:51:30,010 LBFGS        PARAM    0013       -326.832657          2.285477        -23.127334          4.240889         67.608558
rank #0: 2018-12-30 15:51:30,633 LBFGS        PARAM    0014       -326.832429          2.285477        -23.127363          4.240890         67.608558
rank #0: 2018-12-30 15:51:32,645 LBFGS        PARAM    0015       -326.832428          2.285477        -23.127363          4.240890         67.608558
rank #0: 2018-12-30 15:51:33,339 LBFGS        PARAM    0016       -326.832428          2.285477        -23.127363          4.240890         67.608558
rank #0: 2018-12-30 15:52:00,483 LBFGS        INFO     Linesearch failed in both LBFGS and gradient directions
rank #0: 2018-12-30 15:52:00,484 LBFGS        PARAM    0016       -326.832428          2.285477        -23.127363          4.240890         67.608558
rank #0: 2018-12-30 15:52:00,485 rsdfit.lbfgs_fitter WARNING  ...LBFGS optimization finished. Time elapsed: 0:00:38.58
rank #0: 2018-12-30 15:52:00,486 rsdfit.lbfgs_fitter ERROR    nonlinear fit with method L-BFGS-B failed: Linesearch failed in both LBFGS and gradient directions
rank #0: 2018-12-30 15:52:00,487 rsdfit.fitting_driver INFO     rank 39 on nid00556     ...fitting complete
rank #0: 2018-12-30 15:52:00,490 rsdfit.fitting_driver INFO     rank 39 on nid00556     Saving the results to `/global/cscratch1/sd/nhand/eBOSS/fits/results/mocks/ezmock/v1.8e-fph/0.0001-0.3/basemodel-N-fnl/0.8-2.2/QSO-S-0433-P0+P2-mock-cov-175f5c9b57/2018-12-30_nlopt_16i_chain0__1.npz`
rank #0: 2018-12-30 15:52:00,769 pyRSD.analysis.lbfgs_results INFO     
minimum chi2 = 67.6085577905

Free parameters [ mean ]
_______________
N              : -326.832428067
b1             : 2.28547722273
f_nl           : -23.1273631759
sigma_fog      : 4.24089043025

Constrained parameters [ mean ]
_________________________
b1sigma8       : 0.910335769973
