rank #0: 2017-11-27 22:35:05,630 rsdfit.fitting_driver INFO     rank 141 on nid00498     Calling the 'nlopt' solve function
rank #0: 2017-11-27 22:35:05,630 rsdfit.lbfgs_fitter INFO     running LBFGS for 500 iterations and then stopping
rank #0: 2017-11-27 22:35:05,631 rsdfit.lbfgs_fitter INFO     running LBFGS minimizer with priors
rank #0: 2017-11-27 22:35:05,631 root         INFO     Iter           N          b1        f_nl   sigma_fog   F(X)     
rank #0: 2017-11-27 22:35:06,011 LBFGS        INFO     options = {'factr': 100000.0, 'gtol': 1e-05, 'max_iter': 500, 'test_convergence': False}
rank #0: 2017-11-27 22:35:06,012 LBFGS        PARAM    0000          0.000000          2.000000          0.000000          4.000000         36.743748
rank #0: 2017-11-27 22:35:06,425 LBFGS        PARAM    0001         13.687074          2.090891          1.555282          3.991996         33.567959
rank #0: 2017-11-27 22:35:06,799 LBFGS        PARAM    0002         -8.323298          2.298481          9.047503          3.962957         31.163682
rank #0: 2017-11-27 22:35:07,172 LBFGS        PARAM    0003        -10.425184          2.255789          8.712920          3.960981         31.017658
rank #0: 2017-11-27 22:35:07,544 LBFGS        PARAM    0004        -14.833946          2.258241         10.029362          3.953712         31.003861
rank #0: 2017-11-27 22:35:07,917 LBFGS        PARAM    0005        -65.627660          2.265032         24.399167          3.870543         30.911094
rank #0: 2017-11-27 22:35:08,289 LBFGS        PARAM    0006       -111.865115          2.257425         35.940962          3.793697         30.858988
rank #0: 2017-11-27 22:35:08,663 LBFGS        PARAM    0007       -217.497494          2.245698         43.005586          3.591474         30.795717
rank #0: 2017-11-27 22:35:09,036 LBFGS        PARAM    0008       -377.580372          2.235712         46.775644          3.277160         30.743266
rank #0: 2017-11-27 22:35:09,410 LBFGS        PARAM    0009       -557.238040          2.234779         47.657883          2.921550         30.693161
rank #0: 2017-11-27 22:35:09,783 LBFGS        PARAM    0010      -1178.629483          2.248653         46.671132          1.691072         30.539235
rank #0: 2017-11-27 22:35:10,157 LBFGS        PARAM    0011      -2018.412306          2.287198         41.204529          0.036912         30.371934
rank #0: 2017-11-27 22:35:10,572 LBFGS        PARAM    0012      -1656.657037          2.280805         39.854403          0.803029         30.353969
rank #0: 2017-11-27 22:35:10,945 LBFGS        PARAM    0013      -1696.772159          2.299201         35.811800          0.777533         30.278208
rank #0: 2017-11-27 22:35:11,317 LBFGS        PARAM    0014      -1781.030073          2.325154         31.084055          0.701722         30.234110
rank #0: 2017-11-27 22:35:11,690 LBFGS        PARAM    0015      -1820.655921          2.329216         30.267506          0.649849         30.226129
rank #0: 2017-11-27 22:35:12,065 LBFGS        PARAM    0016      -1820.939579          2.329237         30.264234          0.649466         30.226068
rank #0: 2017-11-27 22:35:12,438 LBFGS        PARAM    0017      -1821.841696          2.329296         30.256598          0.648241         30.225866
rank #0: 2017-11-27 22:35:12,811 LBFGS        PARAM    0018      -1823.102315          2.329371         30.248186          0.646536         30.225578
rank #0: 2017-11-27 22:35:13,185 LBFGS        PARAM    0019      -1824.683753          2.329460         30.239391          0.644433         30.225213
rank #0: 2017-11-27 22:35:13,559 LBFGS        PARAM    0020      -1826.560955          2.329560         30.230411          0.642058         30.224778
rank #0: 2017-11-27 22:35:13,934 LBFGS        PARAM    0021      -1829.080192          2.329689         30.220364          0.639440         30.224201
rank #0: 2017-11-27 22:35:14,307 LBFGS        PARAM    0022      -1832.341926          2.329848         30.209579          0.637425         30.223472
rank #0: 2017-11-27 22:35:14,681 LBFGS        PARAM    0023      -1835.660678          2.330012         30.198541          0.635520         30.222736
rank #0: 2017-11-27 22:35:15,055 LBFGS        PARAM    0024      -1839.046890          2.330180         30.186793          0.633720         30.221989
rank #0: 2017-11-27 22:35:15,430 LBFGS        PARAM    0025      -1842.504018          2.330352         30.174630          0.632019         30.221230
rank #0: 2017-11-27 22:35:15,804 LBFGS        PARAM    0026      -1846.024425          2.330529         30.162038          0.630419         30.220461
rank #0: 2017-11-27 22:35:16,179 LBFGS        PARAM    0027      -1849.611490          2.330709         30.149025          0.628910         30.219681
rank #0: 2017-11-27 22:35:16,552 LBFGS        PARAM    0028      -1853.250278          2.330892         30.135739          0.627492         30.218892
rank #0: 2017-11-27 22:35:16,924 LBFGS        PARAM    0029      -1856.951437          2.331079         30.122056          0.626154         30.218093
rank #0: 2017-11-27 22:35:17,296 LBFGS        PARAM    0030      -1860.685967          2.331269         30.108227          0.624899         30.217289
rank #0: 2017-11-27 22:35:17,669 LBFGS        PARAM    0031      -1864.458504          2.331460         30.094075          0.623718         30.216479
rank #0: 2017-11-27 22:35:18,043 LBFGS        PARAM    0032      -1868.291267          2.331655         30.079700          0.622598         30.215659
rank #0: 2017-11-27 22:35:18,416 LBFGS        PARAM    0033      -1872.139963          2.331851         30.065158          0.621545         30.214837
rank #0: 2017-11-27 22:35:18,789 LBFGS        PARAM    0034      -1875.999620          2.332048         30.050524          0.620553         30.214016
rank #0: 2017-11-27 22:35:19,163 LBFGS        PARAM    0035      -1879.917870          2.332248         30.035530          0.619605         30.213183
rank #0: 2017-11-27 22:35:19,537 LBFGS        PARAM    0036      -1883.821673          2.332448         30.020669          0.618713         30.212355
rank #0: 2017-11-27 22:35:19,911 LBFGS        PARAM    0037      -1887.745216          2.332649         30.005548          0.617865         30.211525
rank #0: 2017-11-27 22:35:20,285 LBFGS        PARAM    0038      -1891.732019          2.332853         29.990209          0.617044         30.210682
rank #0: 2017-11-27 22:35:20,659 LBFGS        PARAM    0039      -1895.686310          2.333056         29.974955          0.616266         30.209848
rank #0: 2017-11-27 22:35:21,032 LBFGS        PARAM    0040      -1899.646549          2.333259         29.959626          0.615521         30.209015
rank #0: 2017-11-27 22:35:21,406 LBFGS        PARAM    0041      -1903.621304          2.333463         29.944230          0.614803         30.208179
rank #0: 2017-11-27 22:35:21,779 LBFGS        PARAM    0042      -1907.619975          2.333669         29.928639          0.614106         30.207339
rank #0: 2017-11-27 22:35:22,151 LBFGS        PARAM    0043      -1911.598696          2.333873         29.913214          0.613434         30.206505
rank #0: 2017-11-27 22:35:22,525 LBFGS        PARAM    0044      -1915.581084          2.334078         29.897623          0.612783         30.205670
rank #0: 2017-11-27 22:35:22,899 LBFGS        PARAM    0045      -1919.582345          2.334284         29.882099          0.612144         30.204833
rank #0: 2017-11-27 22:35:23,273 LBFGS        PARAM    0046      -1923.576305          2.334490         29.866359          0.611521         30.203998
rank #0: 2017-11-27 22:35:23,646 LBFGS        PARAM    0047      -1927.569682          2.334696         29.850946          0.610910         30.203164
rank #0: 2017-11-27 22:35:24,020 LBFGS        PARAM    0048      -1931.554703          2.334901         29.835045          0.610312         30.202333
rank #0: 2017-11-27 22:35:24,394 LBFGS        PARAM    0049      -1935.521935          2.335105         29.819959          0.609727         30.201506
rank #0: 2017-11-27 22:35:24,766 LBFGS        PARAM    0050      -1939.516917          2.335311         29.803383          0.609146         30.200674
rank #0: 2017-11-27 22:35:25,140 LBFGS        PARAM    0051      -1943.488671          2.335516         29.788885          0.608573         30.199848
rank #0: 2017-11-27 22:35:25,512 LBFGS        PARAM    0052      -1947.480111          2.335722         29.770371          0.608006         30.199018
rank #0: 2017-11-27 22:35:25,887 LBFGS        PARAM    0053      -1951.438627          2.335926         29.756737          0.607443         30.198196
rank #0: 2017-11-27 22:35:26,260 LBFGS        PARAM    0054      -1955.395378          2.336131         29.733873          0.606902         30.197373
rank #0: 2017-11-27 22:35:26,634 LBFGS        PARAM    0055      -1959.346271          2.336335         29.720499          0.606355         30.196555
rank #0: 2017-11-27 22:35:27,009 LBFGS        PARAM    0056      -1963.315012          2.336541         29.695143          0.605824         30.195730
rank #0: 2017-11-27 22:35:27,383 LBFGS        PARAM    0057      -1967.248236          2.336745         29.681438          0.605290         30.194917
rank #0: 2017-11-27 22:35:27,758 LBFGS        PARAM    0058      -1971.202192          2.336950         29.659341          0.604770         30.194098
rank #0: 2017-11-27 22:35:28,131 LBFGS        PARAM    0059      -1975.115544          2.337152         29.645279          0.604252         30.193290
rank #0: 2017-11-27 22:35:28,507 LBFGS        PARAM    0060      -1979.068206          2.337357         29.626101          0.603732         30.192473
rank #0: 2017-11-27 22:35:28,882 LBFGS        PARAM    0061      -1982.982331          2.337559         29.611887          0.603215         30.191665
rank #0: 2017-11-27 22:35:29,257 LBFGS        PARAM    0062      -1986.888717          2.337761         29.594324          0.602707         30.190859
rank #0: 2017-11-27 22:35:29,632 LBFGS        PARAM    0063      -1990.806914          2.337964         29.579955          0.602194         30.190052
rank #0: 2017-11-27 22:35:30,005 LBFGS        PARAM    0064      -1994.704654          2.338165         29.563165          0.601685         30.189249
rank #0: 2017-11-27 22:35:30,379 LBFGS        PARAM    0065      -1998.607390          2.338367         29.548710          0.601172         30.188446
rank #0: 2017-11-27 22:35:30,754 LBFGS        PARAM    0066      -2002.478607          2.338567         29.532539          0.600667         30.187650
rank #0: 2017-11-27 22:35:31,128 LBFGS        PARAM    0067      -2006.358498          2.338767         29.518041          0.600158         30.186852
rank #0: 2017-11-27 22:35:31,503 LBFGS        PARAM    0068      -2010.245013          2.338967         29.502019          0.599645         30.186053
rank #0: 2017-11-27 22:35:31,877 LBFGS        PARAM    0069      -2014.097248          2.339166         29.487565          0.599135         30.185263
rank #0: 2017-11-27 22:35:32,251 LBFGS        PARAM    0070      -2017.944775          2.339365         29.471932          0.598628         30.184473
rank #0: 2017-11-27 22:35:32,626 LBFGS        PARAM    0071      -2021.805484          2.339564         29.457371          0.598115         30.183681
rank #0: 2017-11-27 22:35:33,001 LBFGS        PARAM    0072      -2025.638818          2.339762         29.441982          0.597608         30.182896
rank #0: 2017-11-27 22:35:33,376 LBFGS        PARAM    0073      -2029.457205          2.339959         29.427491          0.597103         30.182114
rank #0: 2017-11-27 22:35:33,751 LBFGS        PARAM    0074      -2033.285224          2.340156         29.412234          0.596595         30.181330
rank #0: 2017-11-27 22:35:34,127 LBFGS        PARAM    0075      -2037.110366          2.340353         29.397704          0.596086         30.180548
rank #0: 2017-11-27 22:35:34,503 LBFGS        PARAM    0076      -2040.908052          2.340549         29.382677          0.595583         30.179771
rank #0: 2017-11-27 22:35:34,876 LBFGS        PARAM    0077      -2044.702577          2.340745         29.368193          0.595080         30.178996
rank #0: 2017-11-27 22:35:35,250 LBFGS        PARAM    0078      -2048.493470          2.340940         29.353304          0.594579         30.178222
rank #0: 2017-11-27 22:35:35,623 LBFGS        PARAM    0079      -2052.287187          2.341136         29.338750          0.594075         30.177448
rank #0: 2017-11-27 22:35:35,996 LBFGS        PARAM    0080      -2056.068263          2.341331         29.323984          0.593572         30.176677
rank #0: 2017-11-27 22:35:36,369 LBFGS        PARAM    0081      -2059.831164          2.341525         29.309545          0.593072         30.175910
rank #0: 2017-11-27 22:35:36,740 LBFGS        PARAM    0082      -2063.589038          2.341718         29.294925          0.592575         30.175145
rank #0: 2017-11-27 22:35:37,109 LBFGS        PARAM    0083      -2067.350667          2.341912         29.280453          0.592076         30.174380
rank #0: 2017-11-27 22:35:37,478 LBFGS        PARAM    0084      -2071.096792          2.342105         29.265946          0.591579         30.173618
rank #0: 2017-11-27 22:35:37,848 LBFGS        PARAM    0085      -2074.855639          2.342299         29.251454          0.591078         30.172854
rank #0: 2017-11-27 22:35:38,216 LBFGS        PARAM    0086      -2078.575162          2.342491         29.237142          0.590587         30.172098
rank #0: 2017-11-27 22:35:38,587 LBFGS        PARAM    0087      -2082.314145          2.342683         29.222659          0.590090         30.171339
rank #0: 2017-11-27 22:35:38,957 LBFGS        PARAM    0088      -2086.035468          2.342875         29.208377          0.589596         30.170584
rank #0: 2017-11-27 22:35:39,326 LBFGS        PARAM    0089      -2089.746675          2.343066         29.194033          0.589104         30.169832
rank #0: 2017-11-27 22:35:39,696 LBFGS        PARAM    0090      -2093.463116          2.343258         29.179757          0.588609         30.169079
rank #0: 2017-11-27 22:35:40,063 LBFGS        PARAM    0091      -2097.160668          2.343448         29.165514          0.588116         30.168330
rank #0: 2017-11-27 22:35:40,432 LBFGS        PARAM    0092      -2100.844188          2.343638         29.151377          0.587629         30.167585
rank #0: 2017-11-27 22:35:40,803 LBFGS        PARAM    0093      -2104.525247          2.343828         29.137198          0.587143         30.166840
rank #0: 2017-11-27 22:35:41,172 LBFGS        PARAM    0094      -2108.201715          2.344017         29.123076          0.586658         30.166097
rank #0: 2017-11-27 22:35:41,542 LBFGS        PARAM    0095      -2111.883533          2.344207         29.108924          0.586170         30.165353
rank #0: 2017-11-27 22:35:41,911 LBFGS        PARAM    0096      -2115.549185          2.344395         29.094882          0.585684         30.164613
rank #0: 2017-11-27 22:35:42,281 LBFGS        PARAM    0097      -2119.198736          2.344583         29.080876          0.585203         30.163877
rank #0: 2017-11-27 22:35:42,655 LBFGS        PARAM    0098      -2122.866793          2.344772         29.066781          0.584716         30.163138
rank #0: 2017-11-27 22:35:43,025 LBFGS        PARAM    0099      -2126.501088          2.344959         29.052902          0.584237         30.162406
rank #0: 2017-11-27 22:35:43,394 LBFGS        PARAM    0100      -2130.144639          2.345147         29.038861          0.583756         30.161672
rank #0: 2017-11-27 22:35:43,766 LBFGS        PARAM    0101      -2133.780440          2.345334         29.025021          0.583275         30.160940
rank #0: 2017-11-27 22:35:44,137 LBFGS        PARAM    0102      -2137.401018          2.345520         29.011101          0.582798         30.160212
rank #0: 2017-11-27 22:35:44,510 LBFGS        PARAM    0103      -2141.021302          2.345707         28.997295          0.582319         30.159485
rank #0: 2017-11-27 22:35:44,881 LBFGS        PARAM    0104      -2144.625169          2.345892         28.983352          0.581846         30.158761
rank #0: 2017-11-27 22:35:45,253 LBFGS        PARAM    0105      -2148.230368          2.346078         28.972220          0.581365         30.158038
rank #0: 2017-11-27 22:35:45,625 LBFGS        PARAM    0106      -2151.886634          2.346292         28.754541          0.581235         30.157272
rank #0: 2017-11-27 22:35:45,998 LBFGS        PARAM    0107      -2155.472074          2.346477         28.741058          0.580762         30.156554
rank #0: 2017-11-27 22:35:46,372 LBFGS        PARAM    0108      -2159.058826          2.346661         28.727574          0.580290         30.155835
rank #0: 2017-11-27 22:35:46,746 LBFGS        PARAM    0109      -2162.633325          2.346845         28.714139          0.579822         30.155120
rank #0: 2017-11-27 22:35:47,122 LBFGS        PARAM    0110      -2166.211813          2.347030         28.700709          0.579352         30.154404
rank #0: 2017-11-27 22:35:47,496 LBFGS        PARAM    0111      -2169.775189          2.347213         28.687364          0.578884         30.153691
rank #0: 2017-11-27 22:35:47,871 LBFGS        PARAM    0112      -2173.331545          2.347396         28.674043          0.578418         30.152981
rank #0: 2017-11-27 22:35:48,246 LBFGS        PARAM    0113      -2176.883508          2.347579         28.660742          0.577952         30.152271
rank #0: 2017-11-27 22:35:48,622 LBFGS        PARAM    0114      -2180.430631          2.347761         28.647492          0.577483         30.151563
rank #0: 2017-11-27 22:35:48,997 LBFGS        PARAM    0115      -2183.936392          2.347946         28.633100          0.577006         30.150867
rank #0: 2017-11-27 22:35:49,374 LBFGS        PARAM    0116      -2190.283080          2.346836         29.001614          0.580420         30.148682
rank #0: 2017-11-27 22:35:49,749 LBFGS        PARAM    0117      -2193.801054          2.347018         28.988286          0.579946         30.147982
rank #0: 2017-11-27 22:35:50,125 LBFGS        PARAM    0118      -2197.308802          2.347199         28.974878          0.579475         30.147285
rank #0: 2017-11-27 22:35:50,503 LBFGS        PARAM    0119      -2200.811207          2.347380         28.961446          0.579022         30.146590
rank #0: 2017-11-27 22:35:50,880 LBFGS        PARAM    0120      -2204.318768          2.347561         28.948096          0.578550         30.145894
rank #0: 2017-11-27 22:35:51,257 LBFGS        PARAM    0121      -2207.808771          2.347742         28.934723          0.578100         30.145202
rank #0: 2017-11-27 22:35:51,633 LBFGS        PARAM    0122      -2211.294285          2.347922         28.921440          0.577643         30.144511
rank #0: 2017-11-27 22:35:52,007 LBFGS        PARAM    0123      -2214.775000          2.348102         28.908122          0.577200         30.143822
rank #0: 2017-11-27 22:35:52,383 LBFGS        PARAM    0124      -2218.251202          2.348281         28.894887          0.576733         30.143134
rank #0: 2017-11-27 22:35:52,760 LBFGS        PARAM    0125      -2221.716186          2.348461         28.881667          0.576285         30.142448
rank #0: 2017-11-27 22:35:53,134 LBFGS        PARAM    0126      -2225.175803          2.348639         28.868477          0.575833         30.141764
rank #0: 2017-11-27 22:35:53,508 LBFGS        PARAM    0127      -2228.628332          2.348818         28.855330          0.575378         30.141082
rank #0: 2017-11-27 22:35:53,882 LBFGS        PARAM    0128      -2232.074406          2.348996         28.842213          0.574925         30.140401
rank #0: 2017-11-27 22:35:54,257 LBFGS        PARAM    0129      -2235.516120          2.349174         28.829117          0.574480         30.139722
rank #0: 2017-11-27 22:35:54,632 LBFGS        PARAM    0130      -2238.959090          2.349352         28.815977          0.574051         30.139044
rank #0: 2017-11-27 22:35:55,006 LBFGS        PARAM    0131      -2242.388882          2.349529         28.802930          0.573609         30.138368
rank #0: 2017-11-27 22:35:55,381 LBFGS        PARAM    0132      -2245.807229          2.349705         28.789970          0.573146         30.137694
rank #0: 2017-11-27 22:35:55,755 LBFGS        PARAM    0133      -2249.229235          2.349882         28.776940          0.572715         30.137021
rank #0: 2017-11-27 22:35:56,128 LBFGS        PARAM    0134      -2252.639562          2.350058         28.763978          0.572272         30.136350
rank #0: 2017-11-27 22:35:56,503 LBFGS        PARAM    0135      -2256.042261          2.350234         28.751085          0.571825         30.135680
rank #0: 2017-11-27 22:35:56,878 LBFGS        PARAM    0136      -2259.447701          2.350410         28.738122          0.571398         30.135012
rank #0: 2017-11-27 22:35:57,253 LBFGS        PARAM    0137      -2262.834017          2.350585         28.725294          0.570944         30.134346
rank #0: 2017-11-27 22:35:57,628 LBFGS        PARAM    0138      -2266.232185          2.350761         28.712386          0.570526         30.133680
rank #0: 2017-11-27 22:35:58,004 LBFGS        PARAM    0139      -2269.591013          2.350934         28.699736          0.570027         30.133019
rank #0: 2017-11-27 22:35:58,379 LBFGS        PARAM    0140      -2272.974153          2.351108         28.686887          0.569606         30.132357
rank #0: 2017-11-27 22:35:58,755 LBFGS        PARAM    0141      -2276.339047          2.351282         28.674147          0.569163         30.131697
rank #0: 2017-11-27 22:35:59,131 LBFGS        PARAM    0142      -2279.713422          2.351457         28.661347          0.568748         30.131037
rank #0: 2017-11-27 22:35:59,504 LBFGS        PARAM    0143      -2283.060078          2.351629         28.648705          0.568293         30.130381
rank #0: 2017-11-27 22:35:59,880 LBFGS        PARAM    0144      -2286.416302          2.351803         28.635993          0.567869         30.129725
rank #0: 2017-11-27 22:36:00,256 LBFGS        PARAM    0145      -2289.765615          2.351976         28.623324          0.567444         30.129071
rank #0: 2017-11-27 22:36:00,631 LBFGS        PARAM    0146      -2293.099959          2.352148         28.610751          0.567002         30.128419
rank #0: 2017-11-27 22:36:01,008 LBFGS        PARAM    0147      -2296.437767          2.352320         28.598125          0.566579         30.127768
rank #0: 2017-11-27 22:36:01,383 LBFGS        PARAM    0148      -2299.763850          2.352492         28.585584          0.566146         30.127119
rank #0: 2017-11-27 22:36:01,758 LBFGS        PARAM    0149      -2303.082227          2.352663         28.573054          0.565710         30.126471
rank #0: 2017-11-27 22:36:02,133 LBFGS        PARAM    0150      -2306.404944          2.352834         28.560502          0.565293         30.125824
rank #0: 2017-11-27 22:36:02,509 LBFGS        PARAM    0151      -2309.726920          2.353006         28.547955          0.564883         30.125177
rank #0: 2017-11-27 22:36:02,884 LBFGS        PARAM    0152      -2313.015592          2.353176         28.535607          0.564426         30.124536
rank #0: 2017-11-27 22:36:03,259 LBFGS        PARAM    0153      -2316.326187          2.353347         28.523106          0.564020         30.123893
rank #0: 2017-11-27 22:36:03,634 LBFGS        PARAM    0154      -2319.620944          2.353517         28.510694          0.563596         30.123252
rank #0: 2017-11-27 22:36:04,009 LBFGS        PARAM    0155      -2322.890855          2.353685         28.498421          0.563136         30.122616
rank #0: 2017-11-27 22:36:04,385 LBFGS        PARAM    0156      -2326.184138          2.353855         28.486019          0.562732         30.121977
rank #0: 2017-11-27 22:36:04,761 LBFGS        PARAM    0157      -2329.466770          2.354025         28.473649          0.562317         30.121340
rank #0: 2017-11-27 22:36:05,135 LBFGS        PARAM    0158      -2332.732393          2.354193         28.461379          0.561888         30.120706
rank #0: 2017-11-27 22:36:05,511 LBFGS        PARAM    0159      -2336.001363          2.354362         28.449098          0.561474         30.120072
rank #0: 2017-11-27 22:36:05,886 LBFGS        PARAM    0160      -2339.266204          2.354530         28.436807          0.561062         30.119440
rank #0: 2017-11-27 22:36:06,264 LBFGS        PARAM    0161      -2342.504572          2.354697         28.424694          0.560617         30.118812
rank #0: 2017-11-27 22:36:06,640 LBFGS        PARAM    0162      -2345.767287          2.354865         28.412410          0.560221         30.118181
rank #0: 2017-11-27 22:36:07,018 LBFGS        PARAM    0163      -2349.014055          2.355033         28.400228          0.559807         30.117553
rank #0: 2017-11-27 22:36:07,395 LBFGS        PARAM    0164      -2352.242684          2.355199         28.388141          0.559377         30.116929
rank #0: 2017-11-27 22:36:07,771 LBFGS        PARAM    0165      -2355.482599          2.355367         28.375969          0.558975         30.116303
rank #0: 2017-11-27 22:36:08,149 LBFGS        PARAM    0166      -2358.701489          2.355532         28.363930          0.558549         30.115681
rank #0: 2017-11-27 22:36:08,524 LBFGS        PARAM    0167      -2361.924575          2.355699         28.351843          0.558140         30.115059
rank #0: 2017-11-27 22:36:08,900 LBFGS        PARAM    0168      -2365.142491          2.355865         28.339809          0.557730         30.114439
rank #0: 2017-11-27 22:36:09,274 LBFGS        PARAM    0169      -2368.354803          2.356030         28.327763          0.557322         30.113819
rank #0: 2017-11-27 22:36:09,647 LBFGS        PARAM    0170      -2371.554511          2.356195         28.315792          0.556904         30.113203
rank #0: 2017-11-27 22:36:10,024 LBFGS        PARAM    0171      -2374.763008          2.356361         28.303788          0.556507         30.112585
rank #0: 2017-11-27 22:36:10,398 LBFGS        PARAM    0172      -2377.945697          2.356525         28.291904          0.556081         30.111972
rank #0: 2017-11-27 22:36:10,774 LBFGS        PARAM    0173      -2381.155164          2.356690         28.279880          0.555700         30.111356
rank #0: 2017-11-27 22:36:11,150 LBFGS        PARAM    0174      -2384.324034          2.356854         28.268070          0.555269         30.110746
rank #0: 2017-11-27 22:36:11,528 LBFGS        PARAM    0175      -2387.520763          2.357019         28.256091          0.554889         30.110133
rank #0: 2017-11-27 22:36:11,904 LBFGS        PARAM    0176      -2390.655897          2.357180         28.244455          0.554424         30.109529
rank #0: 2017-11-27 22:36:12,279 LBFGS        PARAM    0177      -2393.838535          2.357344         28.232561          0.554043         30.108919
rank #0: 2017-11-27 22:36:12,652 LBFGS        PARAM    0178      -2396.999731          2.357507         28.220767          0.553634         30.108313
rank #0: 2017-11-27 22:36:13,026 LBFGS        PARAM    0179      -2400.161930          2.357670         28.208956          0.553238         30.107707
rank #0: 2017-11-27 22:36:13,400 LBFGS        PARAM    0180      -2403.292180          2.357831         28.197332          0.552806         30.107107
rank #0: 2017-11-27 22:36:13,774 LBFGS        PARAM    0181      -2406.455134          2.357994         28.185532          0.552427         30.106502
rank #0: 2017-11-27 22:36:14,146 LBFGS        PARAM    0182      -2409.573434          2.358155         28.173943          0.551994         30.105904
rank #0: 2017-11-27 22:36:14,518 LBFGS        PARAM    0183      -2412.748314          2.358319         28.162079          0.551636         30.105298
rank #0: 2017-11-27 22:36:14,891 LBFGS        PARAM    0184      -2415.861843          2.358479         28.150498          0.551205         30.104702
rank #0: 2017-11-27 22:36:15,266 LBFGS        PARAM    0185      -2418.974896          2.358639         28.138957          0.550794         30.104107
rank #0: 2017-11-27 22:36:15,641 LBFGS        PARAM    0186      -2422.121610          2.358802         28.127222          0.550425         30.103507
rank #0: 2017-11-27 22:36:16,016 LBFGS        PARAM    0187      -2425.207935          2.358961         28.115788          0.549986         30.102917
rank #0: 2017-11-27 22:36:16,391 LBFGS        PARAM    0188      -2428.329647          2.359121         28.104178          0.549610         30.102322
rank #0: 2017-11-27 22:36:16,768 LBFGS        PARAM    0189      -2431.423750          2.359281         28.092713          0.549199         30.101732
rank #0: 2017-11-27 22:36:17,142 LBFGS        PARAM    0190      -2434.554738          2.359442         28.081029          0.548838         30.101137
rank #0: 2017-11-27 22:36:17,517 LBFGS        PARAM    0191      -2437.617217          2.359600         28.069705          0.548397         30.100553
rank #0: 2017-11-27 22:36:17,890 LBFGS        PARAM    0192      -2440.704426          2.359759         28.058271          0.548009         30.099965
rank #0: 2017-11-27 22:36:18,266 LBFGS        PARAM    0193      -2443.794323          2.359918         28.046820          0.547623         30.099378
rank #0: 2017-11-27 22:36:18,642 LBFGS        PARAM    0194      -2446.907725          2.360079         28.035206          0.547262         30.098787
rank #0: 2017-11-27 22:36:19,019 LBFGS        PARAM    0195      -2449.945376          2.360235         28.024006          0.546820         30.098208
rank #0: 2017-11-27 22:36:19,394 LBFGS        PARAM    0196      -2453.014261          2.360393         28.012643          0.546438         30.097626
rank #0: 2017-11-27 22:36:19,768 LBFGS        PARAM    0197      -2456.102477          2.360552         28.001180          0.546070         30.097040
rank #0: 2017-11-27 22:36:20,142 LBFGS        PARAM    0198      -2459.133594          2.360708         27.990002          0.545644         30.096465
rank #0: 2017-11-27 22:36:20,515 LBFGS        PARAM    0199      -2462.191467          2.360865         27.978682          0.545268         30.095885
rank #0: 2017-11-27 22:36:20,885 LBFGS        PARAM    0200      -2465.254067          2.361023         27.967343          0.544892         30.095305
rank #0: 2017-11-27 22:36:21,258 LBFGS        PARAM    0201      -2468.286035          2.361179         27.956156          0.544491         30.094731
rank #0: 2017-11-27 22:36:21,631 LBFGS        PARAM    0202      -2471.343989          2.361337         27.944817          0.544126         30.094153
rank #0: 2017-11-27 22:36:22,004 LBFGS        PARAM    0203      -2474.368098          2.361492         27.933665          0.543726         30.093581
rank #0: 2017-11-27 22:36:22,378 LBFGS        PARAM    0204      -2477.411408          2.361649         27.922411          0.543360         30.093006
rank #0: 2017-11-27 22:36:22,750 LBFGS        PARAM    0205      -2480.420700          2.361804         27.911348          0.542957         30.092437
rank #0: 2017-11-27 22:36:23,123 LBFGS        PARAM    0206      -2483.440522          2.361959         27.900172          0.542580         30.091867
rank #0: 2017-11-27 22:36:23,497 LBFGS        PARAM    0207      -2486.461352          2.362114         27.892305          0.542220         30.091297
rank #0: 2017-11-27 22:36:23,870 LBFGS        PARAM    0208      -2489.754363          2.362299         27.747960          0.540763         30.090647
rank #0: 2017-11-27 22:36:24,241 LBFGS        PARAM    0209      -2492.750849          2.362453         27.736860          0.540380         30.090082
rank #0: 2017-11-27 22:36:24,613 LBFGS        PARAM    0210      -2495.788868          2.362609         27.725756          0.540019         30.089510
rank #0: 2017-11-27 22:36:24,987 LBFGS        PARAM    0211      -2498.760741          2.362762         27.714969          0.539621         30.088950
rank #0: 2017-11-27 22:36:25,363 LBFGS        PARAM    0212      -2501.756390          2.362916         27.704070          0.539245         30.088386
rank #0: 2017-11-27 22:36:25,739 LBFGS        PARAM    0213      -2504.747285          2.363070         27.693176          0.538873         30.087824
rank #0: 2017-11-27 22:36:26,115 LBFGS        PARAM    0214      -2507.737883          2.363224         27.682284          0.538505         30.087262
rank #0: 2017-11-27 22:36:26,493 LBFGS        PARAM    0215      -2510.719396          2.363378         27.671433          0.538134         30.086702
rank #0: 2017-11-27 22:36:26,869 LBFGS        PARAM    0216      -2513.670692          2.363529         27.660740          0.537746         30.086147
rank #0: 2017-11-27 22:36:27,245 LBFGS        PARAM    0217      -2516.535560          2.363700         27.643973          0.537322         30.085621
rank #0: 2017-11-27 22:36:27,622 LBFGS        PARAM    0218      -2519.886114          2.363838         27.641140          0.536973         30.084975
rank #0: 2017-11-27 22:36:27,997 LBFGS        PARAM    0219      -2522.831865          2.363995         27.629070          0.536584         30.084425
rank #0: 2017-11-27 22:36:28,373 LBFGS        PARAM    0220      -2526.078124          2.364099         27.634166          0.536345         30.083786
rank #0: 2017-11-27 22:36:28,747 LBFGS        PARAM    0221      -2529.029182          2.364253         27.623061          0.535975         30.083235
rank #0: 2017-11-27 22:36:29,120 LBFGS        PARAM    0222      -2532.046047          2.364390         27.616965          0.535643         30.082661
rank #0: 2017-11-27 22:36:29,494 LBFGS        PARAM    0223      -2534.979591          2.364542         27.606093          0.535273         30.082113
rank #0: 2017-11-27 22:36:29,866 LBFGS        PARAM    0224      -2537.903004          2.364688         27.596700          0.534888         30.081564
rank #0: 2017-11-27 22:36:30,240 LBFGS        PARAM    0225      -2540.827156          2.364839         27.585791          0.534494         30.081018
rank #0: 2017-11-27 22:36:30,616 LBFGS        PARAM    0226      -2543.800205          2.364984         27.577258          0.534180         30.080459
rank #0: 2017-11-27 22:36:30,990 LBFGS        PARAM    0227      -2546.731641          2.365136         27.566383          0.533843         30.079913
rank #0: 2017-11-27 22:36:31,363 LBFGS        PARAM    0228      -2549.643352          2.365281         27.556889          0.533455         30.079368
rank #0: 2017-11-27 22:36:31,737 LBFGS        PARAM    0229      -2552.546587          2.365432         27.546086          0.533062         30.078827
rank #0: 2017-11-27 22:36:32,111 LBFGS        PARAM    0230      -2555.480858          2.365576         27.537214          0.532731         30.078277
rank #0: 2017-11-27 22:36:32,486 LBFGS        PARAM    0231      -2558.390303          2.365727         27.526412          0.532382         30.077736
rank #0: 2017-11-27 22:36:32,861 LBFGS        PARAM    0232      -2561.278401          2.365871         27.517105          0.531998         30.077196
rank #0: 2017-11-27 22:36:33,237 LBFGS        PARAM    0233      -2564.148600          2.366020         27.506459          0.531608         30.076662
rank #0: 2017-11-27 22:36:33,611 LBFGS        PARAM    0234      -2567.054659          2.366165         27.497152          0.531273         30.076120
rank #0: 2017-11-27 22:36:33,986 LBFGS        PARAM    0235      -2569.933542          2.366314         27.486483          0.530924         30.075585
rank #0: 2017-11-27 22:36:34,362 LBFGS        PARAM    0236      -2572.852875          2.366461         27.476737          0.530589         30.075042
rank #0: 2017-11-27 22:36:34,738 LBFGS        PARAM    0237      -2575.728401          2.366610         27.466077          0.530245         30.074509
rank #0: 2017-11-27 22:36:35,114 LBFGS        PARAM    0238      -2578.637548          2.366756         27.456588          0.529906         30.073968
rank #0: 2017-11-27 22:36:35,490 LBFGS        PARAM    0239      -2581.488850          2.366903         27.446019          0.529557         30.073440
rank #0: 2017-11-27 22:36:35,867 LBFGS        PARAM    0240      -2584.363832          2.367048         27.436548          0.529203         30.072905
rank #0: 2017-11-27 22:36:36,242 LBFGS        PARAM    0241      -2587.197360          2.367194         27.426090          0.528842         30.072381
rank #0: 2017-11-27 22:36:36,616 LBFGS        PARAM    0242      -2590.066466          2.367339         27.416535          0.528500         30.071848
rank #0: 2017-11-27 22:36:36,992 LBFGS        PARAM    0243      -2592.917215          2.367486         27.405985          0.528150         30.071322
rank #0: 2017-11-27 22:36:37,367 LBFGS        PARAM    0244      -2595.802630          2.367631         27.396510          0.527823         30.070787
rank #0: 2017-11-27 22:36:37,743 LBFGS        PARAM    0245      -2598.630994          2.367777         27.386071          0.527485         30.070265
rank #0: 2017-11-27 22:36:38,117 LBFGS        PARAM    0246      -2601.496666          2.367922         27.376439          0.527146         30.069734
rank #0: 2017-11-27 22:36:38,491 LBFGS        PARAM    0247      -2604.299267          2.368067         27.366121          0.526797         30.069217
rank #0: 2017-11-27 22:36:38,866 LBFGS        PARAM    0248      -2607.170130          2.368213         27.356297          0.526477         30.068687
rank #0: 2017-11-27 22:36:39,240 LBFGS        PARAM    0249      -2609.988100          2.368358         27.345912          0.526145         30.068168
rank #0: 2017-11-27 22:36:39,615 LBFGS        PARAM    0250      -2612.800977          2.368500         27.336626          0.525776         30.067647
rank #0: 2017-11-27 22:36:39,990 LBFGS        PARAM    0251      -2615.592970          2.368644         27.326356          0.525405         30.067133
rank #0: 2017-11-27 22:36:40,363 LBFGS        PARAM    0252      -2618.455477          2.368789         27.316739          0.525111         30.066605
rank #0: 2017-11-27 22:36:40,737 LBFGS        PARAM    0253      -2621.268472          2.368934         27.306367          0.524802         30.066089
rank #0: 2017-11-27 22:36:41,109 LBFGS        PARAM    0254      -2624.034646          2.369073         27.297353          0.524399         30.065577
rank #0: 2017-11-27 22:36:41,484 LBFGS        PARAM    0255      -2626.805559          2.369216         27.287189          0.523999         30.065067
rank #0: 2017-11-27 22:36:41,859 LBFGS        PARAM    0256      -2629.675771          2.369361         27.277455          0.523754         30.064540
rank #0: 2017-11-27 22:36:42,233 LBFGS        PARAM    0257      -2632.500548          2.369507         27.267021          0.523483         30.064023
rank #0: 2017-11-27 22:36:42,609 LBFGS        PARAM    0258      -2635.220110          2.369644         27.258296          0.523035         30.063521
rank #0: 2017-11-27 22:36:42,986 LBFGS        PARAM    0259      -2637.942892          2.369784         27.248369          0.522597         30.063020
rank #0: 2017-11-27 22:36:43,362 LBFGS        PARAM    0260      -2640.735696          2.369925         27.238994          0.522320         30.062507
rank #0: 2017-11-27 22:36:43,736 LBFGS        PARAM    0261      -2643.545345          2.370070         27.228650          0.522023         30.061994
rank #0: 2017-11-27 22:36:44,111 LBFGS        PARAM    0262      -2646.272959          2.370207         27.219802          0.521613         30.061491
rank #0: 2017-11-27 22:36:44,489 LBFGS        PARAM    0263      -2649.023159          2.370349         27.209743          0.521208         30.060987
rank #0: 2017-11-27 22:36:44,866 LBFGS        PARAM    0264      -2651.792512          2.370488         27.200601          0.520908         30.060479
rank #0: 2017-11-27 22:36:45,243 LBFGS        PARAM    0265      -2654.560062          2.370631         27.190461          0.520593         30.059974
rank #0: 2017-11-27 22:36:45,619 LBFGS        PARAM    0266      -2657.311556          2.370771         27.181242          0.520237         30.059469
rank #0: 2017-11-27 22:36:45,995 LBFGS        PARAM    0267      -2660.014872          2.370910         27.171372          0.519880         30.058975
rank #0: 2017-11-27 22:36:46,372 LBFGS        PARAM    0268      -2662.828697          2.371054         27.161571          0.519594         30.058462
rank #0: 2017-11-27 22:36:46,748 LBFGS        PARAM    0269      -2665.572615          2.371195         27.151559          0.519284         30.057962
rank #0: 2017-11-27 22:36:47,123 LBFGS        PARAM    0270      -2668.293415          2.371333         27.142336          0.518924         30.057464
rank #0: 2017-11-27 22:36:47,495 LBFGS        PARAM    0271      -2670.989686          2.371472         27.132516          0.518568         30.056972
rank #0: 2017-11-27 22:36:47,868 LBFGS        PARAM    0272      -2673.723879          2.371611         27.123206          0.518247         30.056473
rank #0: 2017-11-27 22:36:48,241 LBFGS        PARAM    0273      -2676.460938          2.371752         27.113199          0.517921         30.055975
rank #0: 2017-11-27 22:36:48,613 LBFGS        PARAM    0274      -2679.162307          2.371888         27.104259          0.517564         30.055482
rank #0: 2017-11-27 22:36:48,986 LBFGS        PARAM    0275      -2681.866420          2.372028         27.094392          0.517209         30.054990
rank #0: 2017-11-27 22:36:49,360 LBFGS        PARAM    0276      -2684.623647          2.372168         27.085049          0.516919         30.054488
rank #0: 2017-11-27 22:36:49,735 LBFGS        PARAM    0277      -2687.335598          2.372308         27.075155          0.516616         30.053996
rank #0: 2017-11-27 22:36:50,109 LBFGS        PARAM    0278      -2689.999305          2.372442         27.066310          0.516239         30.053510
rank #0: 2017-11-27 22:36:50,484 LBFGS        PARAM    0279      -2692.676936          2.372580         27.056550          0.515869         30.053023
rank #0: 2017-11-27 22:36:50,859 LBFGS        PARAM    0280      -2695.443535          2.372721         27.047089          0.515608         30.052522
rank #0: 2017-11-27 22:36:51,234 LBFGS        PARAM    0281      -2698.130636          2.372859         27.037313          0.515321         30.052035
rank #0: 2017-11-27 22:36:51,610 LBFGS        PARAM    0282      -2700.812495          2.372996         27.028174          0.514970         30.051548
rank #0: 2017-11-27 22:36:51,987 LBFGS        PARAM    0283      -2703.455075          2.373132         27.018612          0.514624         30.051069
rank #0: 2017-11-27 22:36:52,362 LBFGS        PARAM    0284      -2706.131226          2.373268         27.009413          0.514301         30.050583
rank #0: 2017-11-27 22:36:52,739 LBFGS        PARAM    0285      -2708.809761          2.373406         26.999703          0.513976         30.050099
rank #0: 2017-11-27 22:36:53,115 LBFGS        PARAM    0286      -2711.462219          2.373540         26.990764          0.513632         30.049617
rank #0: 2017-11-27 22:36:53,490 LBFGS        PARAM    0287      -2714.193186          2.373681         26.980830          0.513289         30.049124
rank #0: 2017-11-27 22:36:53,866 LBFGS        PARAM    0288      -2716.784680          2.373811         26.972604          0.512901         30.048652
rank #0: 2017-11-27 22:36:54,244 LBFGS        PARAM    0289      -2719.421682          2.373947         26.963080          0.512511         30.048175
rank #0: 2017-11-27 22:36:54,622 LBFGS        PARAM    0290      -2722.078625          2.374081         26.954072          0.512217         30.047695
rank #0: 2017-11-27 22:36:54,997 LBFGS        PARAM    0291      -2724.737448          2.374219         26.944436          0.511911         30.047216
rank #0: 2017-11-27 22:36:55,373 LBFGS        PARAM    0292      -2727.366828          2.374352         26.935598          0.511563         30.046740
rank #0: 2017-11-27 22:36:55,748 LBFGS        PARAM    0293      -2730.008550          2.374488         26.926029          0.511221         30.046264
rank #0: 2017-11-27 22:36:56,125 LBFGS        PARAM    0294      -2732.696370          2.374624         26.916836          0.510936         30.045779
rank #0: 2017-11-27 22:36:56,501 LBFGS        PARAM    0295      -2735.327695          2.374760         26.907304          0.510636         30.045306
rank #0: 2017-11-27 22:36:56,875 LBFGS        PARAM    0296      -2737.906986          2.374891         26.898685          0.510270         30.044840
rank #0: 2017-11-27 22:36:57,250 LBFGS        PARAM    0297      -2740.509925          2.375025         26.889275          0.509914         30.044371
rank #0: 2017-11-27 22:36:57,624 LBFGS        PARAM    0298      -2743.187768          2.375161         26.880087          0.509643         30.043889
rank #0: 2017-11-27 22:36:57,999 LBFGS        PARAM    0299      -2745.788166          2.375295         26.870730          0.509348         30.043422
rank #0: 2017-11-27 22:36:58,375 LBFGS        PARAM    0300      -2748.427580          2.375430         26.861551          0.509033         30.042948
rank #0: 2017-11-27 22:36:58,747 LBFGS        PARAM    0301      -2751.048043          2.375565         26.852120          0.508718         30.042478
rank #0: 2017-11-27 22:36:59,122 LBFGS        PARAM    0302      -2753.605656          2.375694         26.843482          0.508366         30.042017
rank #0: 2017-11-27 22:36:59,493 LBFGS        PARAM    0303      -2756.213817          2.375829         26.834061          0.508023         30.041549
rank #0: 2017-11-27 22:36:59,865 LBFGS        PARAM    0304      -2758.827883          2.375961         26.825268          0.507724         30.041080
rank #0: 2017-11-27 22:37:00,235 LBFGS        PARAM    0305      -2761.418406          2.376095         26.815928          0.507418         30.040616
rank #0: 2017-11-27 22:37:00,607 LBFGS        PARAM    0306      -2763.988208          2.376225         26.807263          0.507081         30.040154
rank #0: 2017-11-27 22:37:00,979 LBFGS        PARAM    0307      -2766.559573          2.376357         26.798001          0.506749         30.039693
rank #0: 2017-11-27 22:37:01,350 LBFGS        PARAM    0308      -2769.197442          2.376492         26.788822          0.506468         30.039222
rank #0: 2017-11-27 22:37:01,720 LBFGS        PARAM    0309      -2771.827985          2.376627         26.788983          0.506240         30.038754
rank #0: 2017-11-27 22:37:02,090 LBFGS        PARAM    0310      -2774.678728          2.376772         26.763154          0.505826         30.038240
rank #0: 2017-11-27 22:37:02,464 LBFGS        PARAM    0311      -2777.274678          2.376906         26.754866          0.505542         30.037777
rank #0: 2017-11-27 22:37:02,838 LBFGS        PARAM    0312      -2779.737155          2.377034         26.713440          0.504947         30.037331
rank #0: 2017-11-27 22:37:03,213 LBFGS        PARAM    0313      -2782.280323          2.377164         26.704343          0.504634         30.036876
rank #0: 2017-11-27 22:37:03,588 LBFGS        PARAM    0314      -2784.889935          2.377298         26.695185          0.504337         30.036411
rank #0: 2017-11-27 22:37:03,961 LBFGS        PARAM    0315      -2787.427890          2.377428         26.686326          0.504014         30.035958
rank #0: 2017-11-27 22:37:04,335 LBFGS        PARAM    0316      -2789.980529          2.377559         26.677334          0.503703         30.035503
rank #0: 2017-11-27 22:37:04,708 LBFGS        PARAM    0317      -2792.563754          2.377692         26.668196          0.503404         30.035043
rank #0: 2017-11-27 22:37:05,082 LBFGS        PARAM    0318      -2795.100584          2.377821         26.659406          0.503087         30.034591
rank #0: 2017-11-27 22:37:05,458 LBFGS        PARAM    0319      -2797.582830          2.377950         26.650324          0.502770         30.034150
rank #0: 2017-11-27 22:37:05,834 LBFGS        PARAM    0320      -2800.300326          2.378018         26.655443          0.502345         30.033629
rank #0: 2017-11-27 22:37:06,208 LBFGS        PARAM    0321      -2802.821044          2.378148         26.646733          0.501988         30.033180
rank #0: 2017-11-27 22:37:06,582 LBFGS        PARAM    0322      -2805.446080          2.378281         26.638107          0.501769         30.032714
rank #0: 2017-11-27 22:37:06,957 LBFGS        PARAM    0323      -2807.917453          2.378414         26.626245          0.501463         30.032278
rank #0: 2017-11-27 22:37:07,333 LBFGS        PARAM    0324      -2810.565305          2.378531         26.625595          0.501305         30.031802
rank #0: 2017-11-27 22:37:07,708 LBFGS        PARAM    0325      -2813.122572          2.378664         26.615796          0.501062         30.031350
rank #0: 2017-11-27 22:37:08,081 LBFGS        PARAM    0326      -2815.808072          2.378762         26.625582          0.500958         30.030859
rank #0: 2017-11-27 22:37:08,453 LBFGS        PARAM    0327      -2818.320863          2.378893         26.615907          0.500706         30.030415
rank #0: 2017-11-27 22:37:08,826 LBFGS        PARAM    0328      -2820.880092          2.379015         26.611364          0.500418         30.029958
rank #0: 2017-11-27 22:37:09,198 LBFGS        PARAM    0329      -2823.399040          2.379146         26.602123          0.500095         30.029512
rank #0: 2017-11-27 22:37:09,573 LBFGS        PARAM    0330      -2825.910034          2.379272         26.594443          0.499834         30.029067
rank #0: 2017-11-27 22:37:09,949 LBFGS        PARAM    0331      -2828.423101          2.379402         26.585186          0.499542         30.028623
rank #0: 2017-11-27 22:37:10,324 LBFGS        PARAM    0332      -2830.968450          2.379530         26.577441          0.499285         30.028172
rank #0: 2017-11-27 22:37:10,700 LBFGS        PARAM    0333      -2833.445989          2.379658         26.568226          0.498992         30.027735
rank #0: 2017-11-27 22:37:11,075 LBFGS        PARAM    0334      -2835.945638          2.379783         26.560850          0.498720         30.027292
rank #0: 2017-11-27 22:37:11,450 LBFGS        PARAM    0335      -2838.435146          2.379912         26.551647          0.498416         30.026853
rank #0: 2017-11-27 22:37:11,827 LBFGS        PARAM    0336      -2841.002723          2.380041         26.543921          0.498202         30.026400
rank #0: 2017-11-27 22:37:12,203 LBFGS        PARAM    0337      -2843.470013          2.380168         26.534763          0.497938         30.025966
rank #0: 2017-11-27 22:37:12,580 LBFGS        PARAM    0338      -2845.891918          2.380290         26.527572          0.497609         30.025537
rank #0: 2017-11-27 22:37:12,955 LBFGS        PARAM    0339      -2848.331836          2.380416         26.518580          0.497264         30.025106
rank #0: 2017-11-27 22:37:13,332 LBFGS        PARAM    0340      -2850.873193          2.380543         26.510992          0.497094         30.024660
rank #0: 2017-11-27 22:37:13,709 LBFGS        PARAM    0341      -2853.322998          2.380670         26.501880          0.496860         30.024230
rank #0: 2017-11-27 22:37:14,082 LBFGS        PARAM    0342      -2855.763648          2.380793         26.494590          0.496533         30.023799
rank #0: 2017-11-27 22:37:14,457 LBFGS        PARAM    0343      -2858.178861          2.380918         26.485608          0.496192         30.023373
rank #0: 2017-11-27 22:37:14,832 LBFGS        PARAM    0344      -2860.730852          2.381046         26.478141          0.496046         30.022926
rank #0: 2017-11-27 22:37:15,208 LBFGS        PARAM    0345      -2863.234563          2.381175         26.468813          0.495836         30.022487
rank #0: 2017-11-27 22:37:15,583 LBFGS        PARAM    0346      -2865.598044          2.381294         26.462002          0.495442         30.022069
rank #0: 2017-11-27 22:37:15,957 LBFGS        PARAM    0347      -2868.014304          2.381418         26.453074          0.495058         30.021644
rank #0: 2017-11-27 22:37:16,331 LBFGS        PARAM    0348      -2870.499166          2.381542         26.445906          0.494929         30.021209
rank #0: 2017-11-27 22:37:16,703 LBFGS        PARAM    0349      -2872.881385          2.381665         26.437063          0.494723         30.020793
rank #0: 2017-11-27 22:37:17,077 LBFGS        PARAM    0350      -2875.427247          2.381795         26.428907          0.494446         30.020346
rank #0: 2017-11-27 22:37:17,451 LBFGS        PARAM    0351      -2877.816980          2.381918         26.420053          0.494135         30.019928
rank #0: 2017-11-27 22:37:17,826 LBFGS        PARAM    0352      -2880.305071          2.382043         26.412654          0.493932         30.019492
rank #0: 2017-11-27 22:37:18,200 LBFGS        PARAM    0353      -2882.719662          2.382168         26.403722          0.493672         30.019070
rank #0: 2017-11-27 22:37:18,576 LBFGS        PARAM    0354      -2885.164224          2.382291         26.396368          0.493400         30.018642
rank #0: 2017-11-27 22:37:18,950 LBFGS        PARAM    0355      -2887.581472          2.382416         26.387398          0.493096         30.018219
rank #0: 2017-11-27 22:37:19,324 LBFGS        PARAM    0356      -2890.010154          2.382537         26.380552          0.492859         30.017794
rank #0: 2017-11-27 22:37:19,699 LBFGS        PARAM    0357      -2892.423793          2.382662         26.371603          0.492577         30.017373
rank #0: 2017-11-27 22:37:20,073 LBFGS        PARAM    0358      -2894.783186          2.382780         26.364789          0.492287         30.016959
rank #0: 2017-11-27 22:37:20,447 LBFGS        PARAM    0359      -2897.228241          2.382906         26.355791          0.491966         30.016532
rank #0: 2017-11-27 22:37:20,821 LBFGS        PARAM    0360      -2899.677916          2.383029         26.348657          0.491774         30.016105
rank #0: 2017-11-27 22:37:21,194 LBFGS        PARAM    0361      -2902.059185          2.383152         26.339817          0.491521         30.015691
rank #0: 2017-11-27 22:37:21,566 LBFGS        PARAM    0362      -2904.504396          2.383275         26.332491          0.491264         30.015264
rank #0: 2017-11-27 22:37:21,942 LBFGS        PARAM    0363      -2906.829761          2.383395         26.323835          0.490963         30.014859
rank #0: 2017-11-27 22:37:22,318 LBFGS        PARAM    0364      -2909.295261          2.383519         26.316611          0.490769         30.014430
rank #0: 2017-11-27 22:37:22,692 LBFGS        PARAM    0365      -2911.721532          2.383644         26.307585          0.490519         30.014008
rank #0: 2017-11-27 22:37:23,065 LBFGS        PARAM    0366      -2914.057965          2.383761         26.301014          0.490206         30.013600
rank #0: 2017-11-27 22:37:23,439 LBFGS        PARAM    0367      -2916.449262          2.383885         26.292208          0.489870         30.013184
rank #0: 2017-11-27 22:37:23,811 LBFGS        PARAM    0368      -2918.821327          2.384003         26.285382          0.489665         30.012771
rank #0: 2017-11-27 22:37:24,184 LBFGS        PARAM    0369      -2921.203704          2.384126         26.276610          0.489406         30.012358
rank #0: 2017-11-27 22:37:24,557 LBFGS        PARAM    0370      -2923.526121          2.384243         26.269645          0.489107         30.011953
rank #0: 2017-11-27 22:37:24,929 LBFGS        PARAM    0371      -2925.894482          2.384365         26.260959          0.488788         30.011542
rank #0: 2017-11-27 22:37:25,301 LBFGS        PARAM    0372      -2928.281138          2.384485         26.253816          0.488576         30.011128
rank #0: 2017-11-27 22:37:25,673 LBFGS        PARAM    0373      -2930.728560          2.384612         26.244819          0.488315         30.010704
rank #0: 2017-11-27 22:37:26,046 LBFGS        PARAM    0374      -2933.042970          2.384728         26.237959          0.488013         30.010301
rank #0: 2017-11-27 22:37:26,419 LBFGS        PARAM    0375      -2935.338969          2.384846         26.229564          0.487692         30.009903
rank #0: 2017-11-27 22:37:26,791 LBFGS        PARAM    0376      -2937.782292          2.384970         26.221953          0.487503         30.009481
rank #0: 2017-11-27 22:37:27,160 LBFGS        PARAM    0377      -2940.071464          2.385088         26.213505          0.487241         30.009085
rank #0: 2017-11-27 22:37:27,533 LBFGS        PARAM    0378      -2942.451024          2.385208         26.206247          0.486997         30.008673
rank #0: 2017-11-27 22:37:27,904 LBFGS        PARAM    0379      -2944.825414          2.385331         26.197540          0.486715         30.008263
rank #0: 2017-11-27 22:37:28,278 LBFGS        PARAM    0380      -2947.225045          2.385451         26.190308          0.486493         30.007848
rank #0: 2017-11-27 22:37:28,654 LBFGS        PARAM    0381      -2949.549756          2.385571         26.181724          0.486222         30.007446
rank #0: 2017-11-27 22:37:29,029 LBFGS        PARAM    0382      -2951.855841          2.385687         26.174921          0.485956         30.007047
rank #0: 2017-11-27 22:37:29,405 LBFGS        PARAM    0383      -2954.133618          2.385805         26.166571          0.485655         30.006654
rank #0: 2017-11-27 22:37:29,780 LBFGS        PARAM    0384      -2956.479821          2.385923         26.159408          0.485431         30.006249
rank #0: 2017-11-27 22:37:30,157 LBFGS        PARAM    0385      -2958.890565          2.386047         26.150609          0.485164         30.005834
rank #0: 2017-11-27 22:37:30,535 LBFGS        PARAM    0386      -2961.170958          2.386162         26.143723          0.484878         30.005440
rank #0: 2017-11-27 22:37:30,911 LBFGS        PARAM    0387      -2963.511056          2.386283         26.135220          0.484572         30.005036
rank #0: 2017-11-27 22:37:31,288 LBFGS        PARAM    0388      -2965.801703          2.386398         26.128230          0.484328         30.004641
rank #0: 2017-11-27 22:37:31,665 LBFGS        PARAM    0389      -2968.062647          2.386515         26.119997          0.484043         30.004252
rank #0: 2017-11-27 22:37:32,042 LBFGS        PARAM    0390      -2970.416868          2.386634         26.112559          0.483815         30.003847
rank #0: 2017-11-27 22:37:32,418 LBFGS        PARAM    0391      -2972.732637          2.386753         26.104143          0.483545         30.003449
rank #0: 2017-11-27 22:37:32,793 LBFGS        PARAM    0392      -2975.051979          2.386870         26.096938          0.483299         30.003050
rank #0: 2017-11-27 22:37:33,169 LBFGS        PARAM    0393      -2977.315265          2.386987         26.088693          0.483016         30.002661
rank #0: 2017-11-27 22:37:33,544 LBFGS        PARAM    0394      -2979.614990          2.387103         26.081637          0.482774         30.002265
rank #0: 2017-11-27 22:37:33,918 LBFGS        PARAM    0395      -2981.956202          2.387224         26.073080          0.482498         30.001864
rank #0: 2017-11-27 22:37:34,294 LBFGS        PARAM    0396      -2984.218498          2.387337         26.066302          0.482238         30.001475
rank #0: 2017-11-27 22:37:34,669 LBFGS        PARAM    0397      -2986.478042          2.387454         26.058090          0.481947         30.001087
rank #0: 2017-11-27 22:37:35,044 LBFGS        PARAM    0398      -2988.749710          2.387568         26.051049          0.481704         30.000697
rank #0: 2017-11-27 22:37:35,419 LBFGS        PARAM    0399      -2991.125071          2.387691         26.042466          0.481430         30.000291
rank #0: 2017-11-27 22:37:35,792 LBFGS        PARAM    0400      -2993.388576          2.387805         26.035458          0.481170         29.999902
rank #0: 2017-11-27 22:37:36,165 LBFGS        PARAM    0401      -2995.583981          2.387918         26.027518          0.480878         29.999526
rank #0: 2017-11-27 22:37:36,542 LBFGS        PARAM    0402      -2997.882695          2.388034         26.020236          0.480649         29.999133
rank #0: 2017-11-27 22:37:36,918 LBFGS        PARAM    0403      -3000.186591          2.388153         26.011879          0.480383         29.998739
rank #0: 2017-11-27 22:37:37,295 LBFGS        PARAM    0404      -3002.447109          2.388267         26.004908          0.480129         29.998352
rank #0: 2017-11-27 22:37:37,671 LBFGS        PARAM    0405      -3004.723227          2.388384         25.996675          0.479849         29.997963
rank #0: 2017-11-27 22:37:38,047 LBFGS        PARAM    0406      -3006.986161          2.388499         25.989628          0.479610         29.997576
rank #0: 2017-11-27 22:37:38,422 LBFGS        PARAM    0407      -3009.240657          2.388615         25.981455          0.479337         29.997191
rank #0: 2017-11-27 22:37:38,799 LBFGS        PARAM    0408      -3011.424573          2.388725         25.974769          0.479063         29.996817
rank #0: 2017-11-27 22:37:39,177 LBFGS        PARAM    0409      -3013.748569          2.388845         25.966405          0.478770         29.996421
rank #0: 2017-11-27 22:37:39,553 LBFGS        PARAM    0410      -3015.927659          2.388954         25.959402          0.478507         29.996048
rank #0: 2017-11-27 22:37:39,929 LBFGS        PARAM    0411      -3018.269404          2.389075         25.951488          0.478206         29.995649
rank #0: 2017-11-27 22:37:40,304 LBFGS        PARAM    0412      -3020.531365          2.389177         25.938830          0.478381         29.995263
rank #0: 2017-11-27 22:37:40,680 LBFGS        PARAM    0413      -3022.700449          2.389289         25.931156          0.478356         29.994898
rank #0: 2017-11-27 22:37:41,055 LBFGS        PARAM    0414      -3024.849771          2.389365         25.859900          0.477419         29.994502
rank #0: 2017-11-27 22:37:41,431 LBFGS        PARAM    0415      -3027.123040          2.389482         25.851934          0.477328         29.994118
rank #0: 2017-11-27 22:37:41,808 LBFGS        PARAM    0416      -3029.213110          2.389587         25.845681          0.476850         29.993758
rank #0: 2017-11-27 22:37:42,183 LBFGS        PARAM    0417      -3031.464485          2.389703         25.837662          0.476560         29.993375
rank #0: 2017-11-27 22:37:42,560 LBFGS        PARAM    0418      -3033.640412          2.389814         25.830361          0.476283         29.993005
rank #0: 2017-11-27 22:37:42,937 LBFGS        PARAM    0419      -3035.875487          2.389928         25.822675          0.476024         29.992625
rank #0: 2017-11-27 22:37:43,313 LBFGS        PARAM    0420      -3038.119403          2.390043         25.815015          0.475767         29.992244
rank #0: 2017-11-27 22:37:43,689 LBFGS        PARAM    0421      -3040.290766          2.390152         25.808261          0.475477         29.991875
rank #0: 2017-11-27 22:37:44,065 LBFGS        PARAM    0422      -3042.554017          2.390273         25.798869          0.475244         29.991493
rank #0: 2017-11-27 22:37:44,441 LBFGS        PARAM    0423      -3044.791092          2.390377         25.794711          0.474906         29.991108
rank #0: 2017-11-27 22:37:44,816 LBFGS        PARAM    0424      -3046.911133          2.390487         25.786915          0.474579         29.990748
rank #0: 2017-11-27 22:37:45,193 LBFGS        PARAM    0425      -3049.088862          2.390536         25.801892          0.473888         29.990346
rank #0: 2017-11-27 22:37:45,569 LBFGS        PARAM    0426      -3051.186235          2.390644         25.794786          0.473466         29.989989
rank #0: 2017-11-27 22:37:45,943 LBFGS        PARAM    0427      -3053.417294          2.390758         25.786897          0.473410         29.989614
rank #0: 2017-11-27 22:37:46,319 LBFGS        PARAM    0428      -3055.610778          2.390869         25.779978          0.473189         29.989243
rank #0: 2017-11-27 22:37:46,696 LBFGS        PARAM    0429      -3057.896868          2.390988         25.771012          0.472963         29.988858
rank #0: 2017-11-27 22:37:47,074 LBFGS        PARAM    0430      -3060.053210          2.391076         25.776176          0.472509         29.988481
rank #0: 2017-11-27 22:37:47,449 LBFGS        PARAM    0431      -3062.145247          2.391183         25.768618          0.472196         29.988127
rank #0: 2017-11-27 22:37:47,825 LBFGS        PARAM    0432      -3064.456492          2.391299         25.761962          0.472064         29.987737
rank #0: 2017-11-27 22:37:48,203 LBFGS        PARAM    0433      -3066.643278          2.391412         25.754068          0.471891         29.987370
rank #0: 2017-11-27 22:37:48,579 LBFGS        PARAM    0434      -3068.802845          2.391520         25.747709          0.471586         29.987004
rank #0: 2017-11-27 22:37:48,953 LBFGS        PARAM    0435      -3070.921574          2.391630         25.740001          0.471311         29.986646
rank #0: 2017-11-27 22:37:49,328 LBFGS        PARAM    0436      -3073.124819          2.391740         25.733881          0.471080         29.986274
rank #0: 2017-11-27 22:37:49,703 LBFGS        PARAM    0437      -3075.441355          2.391859         25.725465          0.470851         29.985885
rank #0: 2017-11-27 22:37:50,077 LBFGS        PARAM    0438      -3077.417860          2.391956         25.720805          0.470479         29.985548
rank #0: 2017-11-27 22:37:50,451 LBFGS        PARAM    0439      -3079.671440          2.392073         25.712666          0.470131         29.985168
rank #0: 2017-11-27 22:37:50,824 LBFGS        PARAM    0440      -3081.809880          2.392178         25.707303          0.469962         29.984808
rank #0: 2017-11-27 22:37:51,197 LBFGS        PARAM    0441      -3084.062895          2.392294         25.699256          0.469774         29.984430
rank #0: 2017-11-27 22:37:51,571 LBFGS        PARAM    0442      -3086.086839          2.392396         25.693324          0.469447         29.984088
rank #0: 2017-11-27 22:37:51,946 LBFGS        PARAM    0443      -3088.271226          2.392508         25.685442          0.469151         29.983720
rank #0: 2017-11-27 22:37:52,317 LBFGS        PARAM    0444      -3090.374952          2.392613         25.679699          0.468912         29.983366
rank #0: 2017-11-27 22:37:52,690 LBFGS        PARAM    0445      -3092.650413          2.392730         25.671565          0.468669         29.982984
rank #0: 2017-11-27 22:37:53,064 LBFGS        PARAM    0446      -3094.730052          2.392835         25.665645          0.468388         29.982634
rank #0: 2017-11-27 22:37:53,436 LBFGS        PARAM    0447      -3096.896565          2.392946         25.657867          0.468118         29.982270
rank #0: 2017-11-27 22:37:53,810 LBFGS        PARAM    0448      -3099.014108          2.393052         25.651777          0.467876         29.981914
rank #0: 2017-11-27 22:37:54,185 LBFGS        PARAM    0449      -3101.103794          2.393160         25.644278          0.467626         29.981564
rank #0: 2017-11-27 22:37:54,560 LBFGS        PARAM    0450      -3103.299423          2.393271         25.637593          0.467405         29.981196
rank #0: 2017-11-27 22:37:54,936 LBFGS        PARAM    0451      -3105.406325          2.393379         25.630022          0.467164         29.980843
rank #0: 2017-11-27 22:37:55,311 LBFGS        PARAM    0452      -3107.593398          2.393489         25.623474          0.466940         29.980477
rank #0: 2017-11-27 22:37:55,687 LBFGS        PARAM    0453      -3109.631040          2.393594         25.616117          0.466691         29.980136
rank #0: 2017-11-27 22:37:56,062 LBFGS        PARAM    0454      -3111.806283          2.393704         25.609532          0.466474         29.979772
rank #0: 2017-11-27 22:37:56,438 LBFGS        PARAM    0455      -3114.049211          2.393819         25.601435          0.466241         29.979398
rank #0: 2017-11-27 22:37:56,812 LBFGS        PARAM    0456      -3116.064093          2.393920         25.596027          0.465951         29.979059
rank #0: 2017-11-27 22:37:57,189 LBFGS        PARAM    0457      -3118.227900          2.394031         25.588247          0.465666         29.978698
rank #0: 2017-11-27 22:37:57,565 LBFGS        PARAM    0458      -3120.333562          2.394136         25.582523          0.465471         29.978346
rank #0: 2017-11-27 22:37:57,942 LBFGS        PARAM    0459      -3122.437592          2.394244         25.574942          0.465248         29.977995
rank #0: 2017-11-27 22:37:58,321 LBFGS        PARAM    0460      -3124.612380          2.394354         25.568403          0.465026         29.977632
rank #0: 2017-11-27 22:37:58,701 LBFGS        PARAM    0461      -3126.639881          2.394458         25.561065          0.464774         29.977294
rank #0: 2017-11-27 22:37:59,078 LBFGS        PARAM    0462      -3128.903203          2.394572         25.554369          0.464605         29.976917
rank #0: 2017-11-27 22:37:59,454 LBFGS        PARAM    0463      -3130.973812          2.394679         25.546826          0.464381         29.976573
rank #0: 2017-11-27 22:37:59,829 LBFGS        PARAM    0464      -3133.002507          2.394780         25.541155          0.464129         29.976234
rank #0: 2017-11-27 22:38:00,207 LBFGS        PARAM    0465      -3135.067666          2.394887         25.533730          0.463865         29.975890
rank #0: 2017-11-27 22:38:00,584 LBFGS        PARAM    0466      -3137.204734          2.394994         25.527623          0.463685         29.975534
rank #0: 2017-11-27 22:38:00,959 LBFGS        PARAM    0467      -3139.345252          2.395104         25.519863          0.463466         29.975179
rank #0: 2017-11-27 22:38:01,334 LBFGS        PARAM    0468      -3141.515244          2.395213         25.513737          0.463263         29.974818
rank #0: 2017-11-27 22:38:01,709 LBFGS        PARAM    0469      -3143.476247          2.395314         25.506544          0.463015         29.974492
rank #0: 2017-11-27 22:38:02,083 LBFGS        PARAM    0470      -3145.628685          2.395422         25.500502          0.462842         29.974135
rank #0: 2017-11-27 22:38:02,457 LBFGS        PARAM    0471      -3147.801810          2.395534         25.492600          0.462626         29.973775
rank #0: 2017-11-27 22:38:02,832 LBFGS        PARAM    0472      -3149.830800          2.395635         25.487103          0.462378         29.973437
rank #0: 2017-11-27 22:38:03,207 LBFGS        PARAM    0473      -3151.930799          2.395743         25.479497          0.462114         29.973088
rank #0: 2017-11-27 22:38:03,581 LBFGS        PARAM    0474      -3153.981024          2.395845         25.474051          0.461931         29.972748
rank #0: 2017-11-27 22:38:03,955 LBFGS        PARAM    0475      -3156.080760          2.395953         25.466464          0.461708         29.972401
rank #0: 2017-11-27 22:38:04,331 LBFGS        PARAM    0476      -3158.170243          2.396058         25.460407          0.461495         29.972054
rank #0: 2017-11-27 22:38:04,707 LBFGS        PARAM    0477      -3160.254540          2.396166         25.452897          0.461251         29.971709
rank #0: 2017-11-27 22:38:05,082 LBFGS        PARAM    0478      -3162.276313          2.396267         25.447188          0.461038         29.971374
rank #0: 2017-11-27 22:38:05,458 LBFGS        PARAM    0479      -3164.329054          2.396372         25.439812          0.460792         29.971034
rank #0: 2017-11-27 22:38:05,833 LBFGS        PARAM    0480      -3166.261100          2.396469         25.434269          0.460547         29.970713
rank #0: 2017-11-27 22:38:06,209 LBFGS        PARAM    0481      -3168.493726          2.396584         25.426355          0.460280         29.970344
rank #0: 2017-11-27 22:38:06,585 LBFGS        PARAM    0482      -3170.599339          2.396690         25.420456          0.460130         29.969997
rank #0: 2017-11-27 22:38:06,961 LBFGS        PARAM    0483      -3172.607099          2.396793         25.413115          0.459911         29.969666
rank #0: 2017-11-27 22:38:07,336 LBFGS        PARAM    0484      -3174.590330          2.396892         25.407480          0.459689         29.969337
rank #0: 2017-11-27 22:38:07,710 LBFGS        PARAM    0485      -3176.743852          2.397003         25.399788          0.459436         29.968982
rank #0: 2017-11-27 22:38:08,085 LBFGS        PARAM    0486      -3178.783179          2.397105         25.394038          0.459254         29.968646
rank #0: 2017-11-27 22:38:08,461 LBFGS        PARAM    0487      -3180.765277          2.397207         25.386879          0.459017         29.968319
rank #0: 2017-11-27 22:38:08,839 LBFGS        PARAM    0488      -3182.872069          2.397313         25.380764          0.458853         29.967972
rank #0: 2017-11-27 22:38:09,217 LBFGS        PARAM    0489      -3184.858559          2.397415         25.373501          0.458618         29.967645
rank #0: 2017-11-27 22:38:09,593 LBFGS        PARAM    0490      -3186.962899          2.397521         25.367653          0.458472         29.967299
rank #0: 2017-11-27 22:38:09,969 LBFGS        PARAM    0491      -3189.010319          2.397626         25.360196          0.458257         29.966962
rank #0: 2017-11-27 22:38:10,345 LBFGS        PARAM    0492      -3191.023922          2.397727         25.354476          0.458053         29.966630
rank #0: 2017-11-27 22:38:10,719 LBFGS        PARAM    0493      -3193.046434          2.397831         25.347209          0.457805         29.966298
rank #0: 2017-11-27 22:38:11,096 LBFGS        PARAM    0494      -3195.120279          2.397935         25.341279          0.457655         29.965957
rank #0: 2017-11-27 22:38:11,469 LBFGS        PARAM    0495      -3197.114665          2.398038         25.334028          0.457430         29.965630
rank #0: 2017-11-27 22:38:11,844 LBFGS        PARAM    0496      -3199.179734          2.398142         25.328191          0.457267         29.965291
rank #0: 2017-11-27 22:38:12,218 LBFGS        PARAM    0497      -3201.171914          2.398244         25.320927          0.457034         29.964964
rank #0: 2017-11-27 22:38:12,591 LBFGS        PARAM    0498      -3203.187181          2.398345         25.315290          0.456866         29.964633
rank #0: 2017-11-27 22:38:12,966 LBFGS        PARAM    0499      -3205.160713          2.398447         25.308170          0.456633         29.964309
rank #0: 2017-11-27 22:38:13,341 LBFGS        INFO     Maximum number of iterations reached.
rank #0: 2017-11-27 22:38:13,342 LBFGS        PARAM    0500      -3207.287789          2.398554         25.301924          0.456494         29.963961
rank #0: 2017-11-27 22:38:13,342 rsdfit.lbfgs_fitter WARNING  ...LBFGS optimization finished. Time elapsed: 0:03:07.33
rank #0: 2017-11-27 22:38:13,342 rsdfit.lbfgs_fitter ERROR    nonlinear fit with method L-BFGS-B failed: Maximum number of iterations reached.
rank #0: 2017-11-27 22:38:13,342 rsdfit.fitting_driver INFO     rank 141 on nid00498     ...fitting complete
rank #0: 2017-11-27 22:38:13,344 rsdfit.fitting_driver INFO     rank 141 on nid00498     Saving the results to `/global/cscratch1/sd/nhand/eBOSS/fits/results/mocks/ezmock/v1.8e-fph/0.0001-0.05/basemodel-N-fnl/0.8-2.2/QSO-S-0063-P0+P2-mock-cov-a9f629560d/2017-11-27_nlopt_500i_chain0__1.npz`
rank #0: 2017-11-27 22:38:13,361 pyRSD.analysis.lbfgs_results INFO     
minimum chi2 = 29.9639610454

Free parameters [ mean ]
_______________
N              : -3207.28778871
b1             : 2.39855371357
f_nl           : 25.3019237686
sigma_fog      : 0.456494171482

Constrained parameters [ mean ]
_________________________
b1sigma8       : 0.954587394408
