rank #0: 2018-06-24 13:44:36,967 rsdfit.fitting_driver INFO     rank 29 on nid00565     Calling the 'nlopt' solve function
rank #0: 2018-06-24 13:44:36,968 rsdfit.lbfgs_fitter INFO     running LBFGS for 500 iterations and then stopping
rank #0: 2018-06-24 13:44:36,968 rsdfit.lbfgs_fitter INFO     running LBFGS minimizer with priors
rank #0: 2018-06-24 13:44:36,969 root         INFO     Iter           N          b1        f_nl   sigma_fog   F(X)     
rank #0: 2018-06-24 13:44:37,541 LBFGS        INFO     options = {'factr': 100000.0, 'gtol': 1e-05, 'max_iter': 500, 'test_convergence': False}
rank #0: 2018-06-24 13:44:37,542 LBFGS        PARAM    0000          0.000000          2.000000          0.000000          4.000000        138.533243
rank #0: 2018-06-24 13:44:38,212 LBFGS        PARAM    0001         22.873781          2.151698          1.480216          3.998899        111.633727
rank #0: 2018-06-24 13:44:38,814 LBFGS        PARAM    0002       -145.395654          2.495419          9.328354          4.225157         84.522984
rank #0: 2018-06-24 13:44:39,409 LBFGS        PARAM    0003       -351.218984          2.541708         12.010654          4.413844         75.492144
rank #0: 2018-06-24 13:44:40,005 LBFGS        PARAM    0004       -622.980388          2.580153         17.596694          4.682565         70.724656
rank #0: 2018-06-24 13:44:40,609 LBFGS        PARAM    0005       -620.868693          2.583159         19.523821          4.688784         70.661111
rank #0: 2018-06-24 13:44:41,212 LBFGS        PARAM    0006       -595.033183          2.583626         35.892959          4.732723         70.277661
rank #0: 2018-06-24 13:44:41,801 LBFGS        PARAM    0007       -556.925069          2.568368         63.976782          4.808993         69.824197
rank #0: 2018-06-24 13:44:42,406 LBFGS        PARAM    0008       -532.375532          2.540832         89.224749          4.843175         69.502494
rank #0: 2018-06-24 13:44:43,010 LBFGS        PARAM    0009       -535.326938          2.525336         97.289191          4.820816         69.417033
rank #0: 2018-06-24 13:44:43,603 LBFGS        PARAM    0010       -541.392869          2.523309         97.226278          4.804961         69.409467
rank #0: 2018-06-24 13:44:44,204 LBFGS        PARAM    0011       -546.055468          2.522880         96.930572          4.788884         69.405135
rank #0: 2018-06-24 13:44:44,811 LBFGS        PARAM    0012       -557.097954          2.522524         96.925356          4.741289         69.394692
rank #0: 2018-06-24 13:44:45,417 LBFGS        PARAM    0013       -566.017758          2.522884         98.214823          4.688950         69.385324
rank #0: 2018-06-24 13:44:46,006 LBFGS        PARAM    0014       -566.686759          2.523285         99.115921          4.673454         69.383431
rank #0: 2018-06-24 13:44:46,609 LBFGS        PARAM    0015       -565.740173          2.523383         99.259886          4.675446         69.383350
rank #0: 2018-06-24 13:44:47,214 LBFGS        PARAM    0016       -565.490034          2.523390         99.267116          4.676394         69.383348
rank #0: 2018-06-24 13:44:47,803 LBFGS        PARAM    0017       -565.479361          2.523390         99.266356          4.676457         69.383348
rank #0: 2018-06-24 13:44:48,403 LBFGS        PARAM    0018       -565.479162          2.523390         99.266303          4.676458         69.383348
rank #0: 2018-06-24 13:44:49,074 LBFGS        PARAM    0019       -565.479180          2.523390         99.266304          4.676458         69.383348
rank #0: 2018-06-24 13:45:15,309 LBFGS        INFO     Linesearch failed in both LBFGS and gradient directions
rank #0: 2018-06-24 13:45:15,310 LBFGS        PARAM    0019       -565.479180          2.523390         99.266304          4.676458         69.383348
rank #0: 2018-06-24 13:45:15,311 rsdfit.lbfgs_fitter WARNING  ...LBFGS optimization finished. Time elapsed: 0:00:37.77
rank #0: 2018-06-24 13:45:15,312 rsdfit.lbfgs_fitter ERROR    nonlinear fit with method L-BFGS-B failed: Linesearch failed in both LBFGS and gradient directions
rank #0: 2018-06-24 13:45:15,313 rsdfit.fitting_driver INFO     rank 29 on nid00565     ...fitting complete
rank #0: 2018-06-24 13:45:15,319 rsdfit.fitting_driver INFO     rank 29 on nid00565     Saving the results to `/global/cscratch1/sd/nhand/eBOSS/fits/results/mocks/ezmock/v1.8e-fph/0.005-0.3/basemodel-N-fnl/0.8-2.2/QSO-N-0568-P0+P2-mock-cov-f224d44da7/2018-06-24_nlopt_19i_chain0__1.npz`
rank #0: 2018-06-24 13:45:15,350 pyRSD.analysis.lbfgs_results INFO     
minimum chi2 = 69.3833483018

Free parameters [ mean ]
_______________
N              : -565.479180029
b1             : 2.52338968399
f_nl           : 99.266304007
sigma_fog      : 4.67645788956

Constrained parameters [ mean ]
_________________________
b1sigma8       : 0.914056296353
