rank #0: 2018-07-16 19:43:35,176 rsdfit.fitting_driver INFO     rank 29 on nid00618     Calling the 'nlopt' solve function
rank #0: 2018-07-16 19:43:35,177 rsdfit.lbfgs_fitter INFO     running LBFGS for 500 iterations and then stopping
rank #0: 2018-07-16 19:43:35,177 rsdfit.lbfgs_fitter INFO     running LBFGS minimizer with priors
rank #0: 2018-07-16 19:43:35,177 root         INFO     Iter           N          b1        f_nl   sigma_fog   F(X)     
rank #0: 2018-07-16 19:43:35,764 LBFGS        INFO     options = {'factr': 100000.0, 'gtol': 1e-05, 'max_iter': 500, 'test_convergence': False}
rank #0: 2018-07-16 19:43:35,765 LBFGS        PARAM    0000          0.000000          2.000000          0.000000          4.000000        113.148288
rank #0: 2018-07-16 19:43:36,433 LBFGS        PARAM    0001        -12.103109          2.055592          1.544080          3.997772        104.307169
rank #0: 2018-07-16 19:43:37,030 LBFGS        PARAM    0002       -179.350000          2.216119          8.532226          4.054272         90.360422
rank #0: 2018-07-16 19:43:37,623 LBFGS        PARAM    0003       -305.754426          2.239074         11.796933          4.104966         86.644057
rank #0: 2018-07-16 19:43:38,225 LBFGS        PARAM    0004       -435.364990          2.244126         17.647226          4.094186         84.921441
rank #0: 2018-07-16 19:43:38,830 LBFGS        PARAM    0005       -457.064560          2.244353         20.574977          4.053143         84.677036
rank #0: 2018-07-16 19:43:39,420 LBFGS        PARAM    0006       -547.688961          2.233868         42.206969          3.712086         83.407988
rank #0: 2018-07-16 19:43:40,027 LBFGS        PARAM    0007       -554.306691          2.216364         61.696237          3.488579         82.698887
rank #0: 2018-07-16 19:43:40,632 LBFGS        PARAM    0008       -513.922169          2.197166         75.844582          3.439991         82.371104
rank #0: 2018-07-16 19:43:41,230 LBFGS        PARAM    0009       -483.322026          2.189957         81.032252          3.490885         82.291487
rank #0: 2018-07-16 19:43:41,827 LBFGS        PARAM    0010       -470.505472          2.187561         83.276571          3.545663         82.265385
rank #0: 2018-07-16 19:43:42,426 LBFGS        PARAM    0011       -471.437738          2.188015         84.191043          3.575018         82.258765
rank #0: 2018-07-16 19:43:43,025 LBFGS        PARAM    0012       -471.345969          2.187986         83.933579          3.576741         82.258696
rank #0: 2018-07-16 19:43:43,607 LBFGS        PARAM    0013       -471.393290          2.188064         83.924244          3.576762         82.258693
rank #0: 2018-07-16 19:43:44,206 LBFGS        PARAM    0014       -471.394839          2.188063         83.924462          3.576749         82.258693
rank #0: 2018-07-16 19:43:44,804 LBFGS        PARAM    0015       -471.395280          2.188063         83.924436          3.576748         82.258693
rank #0: 2018-07-16 19:43:45,393 LBFGS        PARAM    0016       -471.395312          2.188063         83.924432          3.576748         82.258693
rank #0: 2018-07-16 19:43:45,985 LBFGS        PARAM    0017       -471.395332          2.188063         83.924432          3.576748         82.258693
rank #0: 2018-07-16 19:43:46,586 LBFGS        PARAM    0018       -471.395333          2.188063         83.924431          3.576748         82.258693
rank #0: 2018-07-16 19:43:47,253 LBFGS        PARAM    0019       -471.395333          2.188063         83.924431          3.576748         82.258693
rank #0: 2018-07-16 19:44:12,923 LBFGS        INFO     Linesearch failed in both LBFGS and gradient directions
rank #0: 2018-07-16 19:44:12,924 LBFGS        PARAM    0019       -471.395333          2.188063         83.924431          3.576748         82.258693
rank #0: 2018-07-16 19:44:12,924 rsdfit.lbfgs_fitter WARNING  ...LBFGS optimization finished. Time elapsed: 0:00:37.16
rank #0: 2018-07-16 19:44:12,924 rsdfit.lbfgs_fitter ERROR    nonlinear fit with method L-BFGS-B failed: Linesearch failed in both LBFGS and gradient directions
rank #0: 2018-07-16 19:44:12,925 rsdfit.fitting_driver INFO     rank 29 on nid00618     ...fitting complete
rank #0: 2018-07-16 19:44:12,929 rsdfit.fitting_driver INFO     rank 29 on nid00618     Saving the results to `/global/cscratch1/sd/nhand/eBOSS/fits/results/mocks/ezmock/v1.8e-fph/0.005-0.3/basemodel-N-fnl/0.8-2.2/QSO-N-0157-P0+P2-mock-cov-8973e9cf3e/2018-07-16_nlopt_19i_chain0__1.npz`
rank #0: 2018-07-16 19:44:12,968 pyRSD.analysis.lbfgs_results INFO     
minimum chi2 = 82.2586932132

Free parameters [ mean ]
_______________
N              : -471.395332951
b1             : 2.18806320408
f_nl           : 83.92443129
sigma_fog      : 3.57674812523

Constrained parameters [ mean ]
_________________________
b1sigma8       : 0.871534479463
