rank #0: 2018-06-24 13:38:44,616 rsdfit.fitting_driver INFO     rank 14 on nid00565     Calling the 'nlopt' solve function
rank #0: 2018-06-24 13:38:44,616 rsdfit.lbfgs_fitter INFO     running LBFGS for 500 iterations and then stopping
rank #0: 2018-06-24 13:38:44,617 rsdfit.lbfgs_fitter INFO     running LBFGS minimizer with priors
rank #0: 2018-06-24 13:38:44,617 root         INFO     Iter           N          b1        f_nl   sigma_fog   F(X)     
rank #0: 2018-06-24 13:38:45,197 LBFGS        INFO     options = {'factr': 100000.0, 'gtol': 1e-05, 'max_iter': 500, 'test_convergence': False}
rank #0: 2018-06-24 13:38:45,197 LBFGS        PARAM    0000          0.000000          2.000000          0.000000          4.000000        148.495590
rank #0: 2018-06-24 13:38:45,843 LBFGS        PARAM    0001         60.926828          2.157135          1.242445          3.976164        117.144948
rank #0: 2018-06-24 13:38:46,438 LBFGS        PARAM    0002        -47.599819          2.494629          6.624075          4.086506         92.655552
rank #0: 2018-06-24 13:38:47,033 LBFGS        PARAM    0003       -179.925469          2.495475          7.105029          4.210006         86.444422
rank #0: 2018-06-24 13:38:47,611 LBFGS        PARAM    0004       -482.463377          2.575377          9.855181          4.496071         81.595840
rank #0: 2018-06-24 13:38:48,206 LBFGS        PARAM    0005       -470.747788          2.569143         10.138214          4.497009         81.583340
rank #0: 2018-06-24 13:38:48,801 LBFGS        PARAM    0006       -465.693157          2.567756         10.704733          4.506913         81.577877
rank #0: 2018-06-24 13:38:49,395 LBFGS        PARAM    0007       -443.863465          2.563110         14.978866          4.578382         81.554634
rank #0: 2018-06-24 13:38:49,977 LBFGS        PARAM    0008       -439.975126          2.561364         19.250867          4.597560         81.542957
rank #0: 2018-06-24 13:38:50,571 LBFGS        PARAM    0009       -442.049915          2.558792         25.229427          4.591129         81.534284
rank #0: 2018-06-24 13:38:51,166 LBFGS        PARAM    0010       -444.894315          2.557597         26.848232          4.571740         81.532776
rank #0: 2018-06-24 13:38:51,745 LBFGS        PARAM    0011       -446.294340          2.557126         26.998796          4.561459         81.532580
rank #0: 2018-06-24 13:38:52,339 LBFGS        PARAM    0012       -446.394878          2.557214         26.949405          4.561099         81.532578
rank #0: 2018-06-24 13:38:52,933 LBFGS        PARAM    0013       -446.420781          2.557220         26.943510          4.561098         81.532578
rank #0: 2018-06-24 13:38:53,527 LBFGS        PARAM    0014       -446.427345          2.557221         26.943557          4.561095         81.532578
rank #0: 2018-06-24 13:38:54,106 LBFGS        PARAM    0015       -446.427708          2.557221         26.943785          4.561094         81.532578
rank #0: 2018-06-24 13:38:54,700 LBFGS        PARAM    0016       -446.427710          2.557221         26.943819          4.561094         81.532578
rank #0: 2018-06-24 13:38:55,361 LBFGS        PARAM    0017       -446.427711          2.557221         26.943819          4.561094         81.532578
rank #0: 2018-06-24 13:38:56,006 LBFGS        PARAM    0018       -446.427716          2.557221         26.943816          4.561094         81.532578
rank #0: 2018-06-24 13:39:20,885 LBFGS        INFO     Linesearch failed in both LBFGS and gradient directions
rank #0: 2018-06-24 13:39:20,886 LBFGS        PARAM    0018       -446.427716          2.557221         26.943816          4.561094         81.532578
rank #0: 2018-06-24 13:39:20,886 rsdfit.lbfgs_fitter WARNING  ...LBFGS optimization finished. Time elapsed: 0:00:35.69
rank #0: 2018-06-24 13:39:20,887 rsdfit.lbfgs_fitter ERROR    nonlinear fit with method L-BFGS-B failed: Linesearch failed in both LBFGS and gradient directions
rank #0: 2018-06-24 13:39:20,888 rsdfit.fitting_driver INFO     rank 14 on nid00565     ...fitting complete
rank #0: 2018-06-24 13:39:20,893 rsdfit.fitting_driver INFO     rank 14 on nid00565     Saving the results to `/global/cscratch1/sd/nhand/eBOSS/fits/results/mocks/ezmock/v1.8e-fph/0.005-0.3/basemodel-N-fnl/0.8-2.2/QSO-N-0120-P0+P2-mock-cov-f224d44da7/2018-06-24_nlopt_18i_chain0__1.npz`
rank #0: 2018-06-24 13:39:20,987 pyRSD.analysis.lbfgs_results INFO     
minimum chi2 = 81.5325781985

Free parameters [ mean ]
_______________
N              : -446.427716005
b1             : 2.55722137139
f_nl           : 26.9438163987
sigma_fog      : 4.56109404761

Constrained parameters [ mean ]
_________________________
b1sigma8       : 0.926311267148
