rank #0: 2017-11-27 21:39:23,115 rsdfit.fitting_driver INFO     rank 165 on nid00532     Calling the 'nlopt' solve function
rank #0: 2017-11-27 21:39:23,115 rsdfit.lbfgs_fitter INFO     running LBFGS for 500 iterations and then stopping
rank #0: 2017-11-27 21:39:23,115 rsdfit.lbfgs_fitter INFO     running LBFGS minimizer with priors
rank #0: 2017-11-27 21:39:23,115 root         INFO     Iter           N          b1           f    sigma8_z   sigma_fog   F(X)     
rank #0: 2017-11-27 21:39:23,730 LBFGS        INFO     options = {'factr': 100000.0, 'gtol': 1e-05, 'max_iter': 500, 'test_convergence': False}
rank #0: 2017-11-27 21:39:23,730 LBFGS        PARAM    0000          0.000000          2.000000          0.930924          0.397985          4.000000         83.700530
rank #0: 2017-11-27 21:39:24,407 LBFGS        PARAM    0001         -0.067064          2.002414          0.931048          0.399668          3.999226         82.405545
rank #0: 2017-11-27 21:39:25,030 LBFGS        PARAM    0002        -21.157945          2.055506          0.933819          0.434411          3.984780         71.519429
rank #0: 2017-11-27 21:39:25,653 LBFGS        PARAM    0003        -29.720758          2.043900          0.933263          0.427289          3.989940         70.753391
rank #0: 2017-11-27 21:39:26,274 LBFGS        PARAM    0004        -41.560077          2.044770          0.933348          0.427954          3.991252         70.607884
rank #0: 2017-11-27 21:39:26,898 LBFGS        PARAM    0005       -292.881580          2.053232          0.934607          0.435674          4.019850         68.816909
rank #0: 2017-11-27 21:39:27,523 LBFGS        PARAM    0006       -428.160942          2.052331          0.934862          0.436282          4.024915         68.269594
rank #0: 2017-11-27 21:39:28,148 LBFGS        PARAM    0007       -491.079833          2.050536          0.934415          0.434816          3.994338         68.101794
rank #0: 2017-11-27 21:39:28,771 LBFGS        PARAM    0008       -499.171829          2.050308          0.934097          0.434120          3.975469         68.081137
rank #0: 2017-11-27 21:39:29,394 LBFGS        PARAM    0009       -506.337978          2.050885          0.933503          0.433282          3.940114         68.054004
rank #0: 2017-11-27 21:39:30,017 LBFGS        PARAM    0010       -520.249028          2.053773          0.931980          0.431821          3.850869         67.995872
rank #0: 2017-11-27 21:39:30,640 LBFGS        PARAM    0011       -540.826924          2.060932          0.929170          0.430037          3.698429         67.909359
rank #0: 2017-11-27 21:39:31,263 LBFGS        PARAM    0012       -567.026550          2.083217          0.921622          0.426993          3.520967         67.786036
rank #0: 2017-11-27 21:39:31,888 LBFGS        PARAM    0013       -593.598581          2.122354          0.908688          0.422411          3.328974         67.663448
rank #0: 2017-11-27 21:39:32,512 LBFGS        PARAM    0014       -604.879386          2.151078          0.899250          0.419126          3.251814         67.604776
rank #0: 2017-11-27 21:39:33,135 LBFGS        PARAM    0015       -620.292097          2.193342          0.885166          0.413766          3.167663         67.532302
rank #0: 2017-11-27 21:39:33,758 LBFGS        PARAM    0016       -648.592090          2.260972          0.862487          0.404266          3.038898         67.438647
rank #0: 2017-11-27 21:39:34,381 LBFGS        PARAM    0017       -670.246124          2.305887          0.849023          0.397090          2.966920         67.403641
rank #0: 2017-11-27 21:39:35,004 LBFGS        PARAM    0018       -662.987662          2.294507          0.853034          0.398684          3.025180         67.398626
rank #0: 2017-11-27 21:39:35,627 LBFGS        PARAM    0019       -658.025493          2.285617          0.856613          0.399632          3.055349         67.397669
rank #0: 2017-11-27 21:39:36,251 LBFGS        PARAM    0020       -658.988401          2.287442          0.855926          0.399438          3.052492         67.397616
rank #0: 2017-11-27 21:39:36,875 LBFGS        PARAM    0021       -658.926197          2.287382          0.855946          0.399450          3.053051         67.397615
rank #0: 2017-11-27 21:39:37,498 LBFGS        PARAM    0022       -658.909449          2.287369          0.855951          0.399452          3.053146         67.397615
rank #0: 2017-11-27 21:39:38,121 LBFGS        PARAM    0023       -658.908525          2.287369          0.855951          0.399452          3.053147         67.397615
rank #0: 2017-11-27 21:39:38,803 LBFGS        PARAM    0024       -658.908195          2.287369          0.855951          0.399452          3.053147         67.397615
rank #0: 2017-11-27 21:40:01,236 LBFGS        INFO     Linesearch failed in both LBFGS and gradient directions
rank #0: 2017-11-27 21:40:01,236 LBFGS        PARAM    0024       -658.908195          2.287369          0.855951          0.399452          3.053147         67.397615
rank #0: 2017-11-27 21:40:01,236 rsdfit.lbfgs_fitter WARNING  ...LBFGS optimization finished. Time elapsed: 0:00:37.51
rank #0: 2017-11-27 21:40:01,237 rsdfit.lbfgs_fitter ERROR    nonlinear fit with method L-BFGS-B failed: Linesearch failed in both LBFGS and gradient directions
rank #0: 2017-11-27 21:40:01,237 rsdfit.fitting_driver INFO     rank 165 on nid00532     ...fitting complete
rank #0: 2017-11-27 21:40:01,241 rsdfit.fitting_driver INFO     rank 165 on nid00532     Saving the results to `/global/cscratch1/sd/nhand/eBOSS/fits/results/mocks/ezmock/v1.8e-fph/0.0001-0.3/basemodel-fs8-N/0.8-2.2/QSO-S-0074-P0+P2-mock-cov-5d97c0eb2d/2017-11-27_nlopt_24i_chain0__1.npz`
rank #0: 2017-11-27 21:40:01,295 pyRSD.analysis.lbfgs_results INFO     
minimum chi2 = 67.3976154199

Free parameters [ mean ]
_______________
N              : -658.908194797
b1             : 2.28736893975
f              : 0.855950998606
sigma8_z       : 0.39945172244
sigma_fog      : 3.05314718666

Constrained parameters [ mean ]
_________________________
b1sigma8       : 0.913693462838
fsigma8        : 0.341911100717
