rank #0: 2017-11-27 21:23:03,839 rsdfit.fitting_driver INFO     rank 133 on nid00577     Calling the 'nlopt' solve function
rank #0: 2017-11-27 21:23:03,839 rsdfit.lbfgs_fitter INFO     running LBFGS for 500 iterations and then stopping
rank #0: 2017-11-27 21:23:03,840 rsdfit.lbfgs_fitter INFO     running LBFGS minimizer with priors
rank #0: 2017-11-27 21:23:03,840 root         INFO     Iter           N   alpha_par   alpha_perp          b1           f    sigma8_z   sigma_fog   F(X)     
rank #0: 2017-11-27 21:23:04,697 LBFGS        INFO     options = {'factr': 100000.0, 'gtol': 1e-05, 'max_iter': 500, 'test_convergence': False}
rank #0: 2017-11-27 21:23:04,697 LBFGS        PARAM    0000          0.000000          1.000000          1.000000          2.000000          0.930924          0.397985          4.000000         96.551313
rank #0: 2017-11-27 21:23:05,650 LBFGS        PARAM    0001          0.161608          0.999933          0.999794          2.001848          0.931031          0.399301          3.998870         95.412964
rank #0: 2017-11-27 21:23:06,545 LBFGS        PARAM    0002        -10.337696          0.998216          0.992048          2.056709          0.934625          0.436583          3.949218         82.599704
rank #0: 2017-11-27 21:23:07,440 LBFGS        PARAM    0003        -16.624419          0.998944          0.993010          2.041857          0.933990          0.427675          3.950125         81.465250
rank #0: 2017-11-27 21:23:08,337 LBFGS        PARAM    0004        -24.009490          0.999097          0.992021          2.042696          0.934286          0.428746          3.939866         81.309899
rank #0: 2017-11-27 21:23:09,233 LBFGS        PARAM    0005        -78.632421          1.000448          0.985549          2.041809          0.936021          0.432033          3.868137         80.627157
rank #0: 2017-11-27 21:23:10,127 LBFGS        PARAM    0006       -170.222968          1.002757          0.975386          2.034974          0.938462          0.433852          3.750161         79.806595
rank #0: 2017-11-27 21:23:11,024 LBFGS        PARAM    0007       -304.799799          1.005231          0.961358          2.021823          0.940743          0.432542          3.570640         78.890004
rank #0: 2017-11-27 21:23:11,921 LBFGS        PARAM    0008       -361.055839          1.002109          0.956777          2.024772          0.937488          0.427749          3.444622         78.433431
rank #0: 2017-11-27 21:23:12,818 LBFGS        PARAM    0009       -389.951550          0.996556          0.955459          2.035318          0.931906          0.421887          3.328836         78.171775
rank #0: 2017-11-27 21:23:13,714 LBFGS        PARAM    0010       -401.806554          0.991251          0.955483          2.047926          0.926747          0.417890          3.240041         77.989463
rank #0: 2017-11-27 21:23:14,609 LBFGS        PARAM    0011       -446.072529          0.969696          0.955415          2.102232          0.906082          0.404076          2.878608         77.367224
rank #0: 2017-11-27 21:23:15,504 LBFGS        PARAM    0012       -489.181317          0.945540          0.955334          2.165625          0.883142          0.391384          2.470824         76.663931
rank #0: 2017-11-27 21:23:16,402 LBFGS        PARAM    0013       -533.722455          0.913356          0.954926          2.246707          0.851539          0.379164          1.862380         75.526389
rank #0: 2017-11-27 21:23:17,300 LBFGS        PARAM    0014       -546.769341          0.901119          0.953110          2.276390          0.838045          0.378383          1.518873         74.923061
rank #0: 2017-11-27 21:23:18,198 LBFGS        PARAM    0015       -568.728507          0.899127          0.950458          2.280341          0.835489          0.378072          1.404444         74.868514
rank #0: 2017-11-27 21:23:19,100 LBFGS        PARAM    0016       -569.317187          0.898892          0.949637          2.281131          0.834379          0.377956          1.330401         74.810196
rank #0: 2017-11-27 21:23:19,998 LBFGS        PARAM    0017       -557.390443          0.897836          0.948147          2.286240          0.829658          0.375942          1.035263         74.628281
rank #0: 2017-11-27 21:23:20,897 LBFGS        PARAM    0018       -546.897244          0.897116          0.950464          2.290540          0.827349          0.374610          0.863824         74.568664
rank #0: 2017-11-27 21:23:21,797 LBFGS        PARAM    0019       -543.844821          0.897573          0.951651          2.290430          0.826989          0.374509          0.778691         74.557212
rank #0: 2017-11-27 21:23:22,695 LBFGS        PARAM    0020       -548.177589          0.897003          0.952675          2.292061          0.826029          0.374340          0.693064         74.549353
rank #0: 2017-11-27 21:23:23,595 LBFGS        PARAM    0021       -563.551077          0.896089          0.956100          2.293885          0.824568          0.374860          0.485615         74.528663
rank #0: 2017-11-27 21:23:24,497 LBFGS        PARAM    0022       -639.521363          0.890534          0.975188          2.269855          0.835139          0.382558          0.200456         74.473263
rank #0: 2017-11-27 21:23:25,399 LBFGS        PARAM    0023       -637.386170          0.895545          0.977772          2.246124          0.845554          0.386906          0.367391         74.457301
rank #0: 2017-11-27 21:23:26,300 LBFGS        PARAM    0024       -638.091193          0.894293          0.977111          2.248651          0.844447          0.386014          0.350240         74.452114
rank #0: 2017-11-27 21:23:27,200 LBFGS        PARAM    0025       -639.366612          0.893240          0.977976          2.246750          0.845268          0.386110          0.339736         74.449468
rank #0: 2017-11-27 21:23:28,101 LBFGS        PARAM    0026       -638.961252          0.892165          0.979010          2.241728          0.847421          0.386632          0.350439         74.446508
rank #0: 2017-11-27 21:23:29,000 LBFGS        PARAM    0027       -636.628354          0.889803          0.980988          2.228532          0.852928          0.388127          0.382013         74.440357
rank #0: 2017-11-27 21:23:29,901 LBFGS        PARAM    0028       -632.979948          0.885978          0.983444          2.207816          0.861177          0.390540          0.398023         74.430837
rank #0: 2017-11-27 21:23:30,803 LBFGS        PARAM    0029       -627.096962          0.878826          0.986534          2.173156          0.874312          0.394550          0.358524         74.414416
rank #0: 2017-11-27 21:23:31,704 LBFGS        PARAM    0030       -623.545019          0.871117          0.987090          2.146923          0.884637          0.397248          0.225280         74.397518
rank #0: 2017-11-27 21:23:32,606 LBFGS        PARAM    0031       -625.121284          0.868606          0.987171          2.138754          0.887952          0.398304          0.129038         74.392999
rank #0: 2017-11-27 21:23:33,506 LBFGS        PARAM    0032       -626.308955          0.868585          0.987294          2.137463          0.888425          0.398602          0.079366         74.392551
rank #0: 2017-11-27 21:23:34,470 LBFGS        PARAM    0033       -625.308344          0.869155          0.986967          2.138792          0.887957          0.398432          0.098206         74.392344
rank #0: 2017-11-27 21:23:35,372 LBFGS        PARAM    0034       -625.422387          0.869352          0.987058          2.139619          0.887588          0.398352          0.096193         74.392308
rank #0: 2017-11-27 21:23:36,273 LBFGS        PARAM    0035       -625.318297          0.869528          0.987013          2.140129          0.887362          0.398293          0.093270         74.392300
rank #0: 2017-11-27 21:23:37,174 LBFGS        PARAM    0036       -625.321347          0.869497          0.987002          2.140088          0.887375          0.398291          0.092885         74.392299
rank #0: 2017-11-27 21:23:38,077 LBFGS        PARAM    0037       -625.317697          0.869487          0.986998          2.140069          0.887382          0.398292          0.092764         74.392299
rank #0: 2017-11-27 21:23:38,980 LBFGS        PARAM    0038       -625.321682          0.869486          0.986999          2.140064          0.887385          0.398293          0.092758         74.392299
rank #0: 2017-11-27 21:23:39,881 LBFGS        PARAM    0039       -625.321822          0.869486          0.986999          2.140063          0.887385          0.398293          0.092756         74.392299
rank #0: 2017-11-27 21:23:40,784 LBFGS        PARAM    0040       -625.322019          0.869486          0.987000          2.140063          0.887386          0.398293          0.092755         74.392299
rank #0: 2017-11-27 21:23:41,686 LBFGS        PARAM    0041       -625.321999          0.869486          0.987000          2.140063          0.887387          0.398293          0.092754         74.392299
rank #0: 2017-11-27 21:23:42,590 LBFGS        PARAM    0042       -625.322512          0.869485          0.987000          2.140066          0.887390          0.398292          0.092753         74.392299
rank #0: 2017-11-27 21:23:43,494 LBFGS        PARAM    0043       -625.323327          0.869485          0.987001          2.140076          0.887397          0.398290          0.092750         74.392299
rank #0: 2017-11-27 21:23:45,014 LBFGS        PARAM    0044       -625.323327          0.869485          0.987001          2.140076          0.887397          0.398290          0.092750         74.392299
rank #0: 2017-11-27 21:23:58,551 LBFGS        PARAM    0045       -625.323387          0.869485          0.987001          2.140076          0.887397          0.398290          0.092750         74.392299
rank #0: 2017-11-27 21:23:59,452 LBFGS        PARAM    0046       -625.323422          0.869485          0.987001          2.140076          0.887397          0.398290          0.092750         74.392299
rank #0: 2017-11-27 21:24:00,357 LBFGS        PARAM    0047       -625.324581          0.869485          0.987001          2.140076          0.887397          0.398290          0.092751         74.392299
rank #0: 2017-11-27 21:24:01,687 LBFGS        PARAM    0048       -625.324580          0.869485          0.987001          2.140076          0.887397          0.398290          0.092751         74.392299
rank #0: 2017-11-27 21:24:25,783 LBFGS        INFO     Linesearch failed in both LBFGS and gradient directions
rank #0: 2017-11-27 21:24:25,783 LBFGS        PARAM    0048       -625.324580          0.869485          0.987001          2.140076          0.887397          0.398290          0.092751         74.392299
rank #0: 2017-11-27 21:24:25,784 rsdfit.lbfgs_fitter WARNING  ...LBFGS optimization finished. Time elapsed: 0:01:21.09
rank #0: 2017-11-27 21:24:25,784 rsdfit.lbfgs_fitter ERROR    nonlinear fit with method L-BFGS-B failed: Linesearch failed in both LBFGS and gradient directions
rank #0: 2017-11-27 21:24:25,785 rsdfit.fitting_driver INFO     rank 133 on nid00577     ...fitting complete
rank #0: 2017-11-27 21:24:25,788 rsdfit.fitting_driver INFO     rank 133 on nid00577     Saving the results to `/global/cscratch1/sd/nhand/eBOSS/fits/results/mocks/ezmock/v1.8e-fph/0.0001-0.3/basemodel-fs8-alphas-N/0.8-2.2/QSO-S-0071-P0+P2-mock-cov-976ba3841e/2017-11-27_nlopt_48i_chain0__1.npz`
rank #0: 2017-11-27 21:24:25,808 pyRSD.analysis.lbfgs_results INFO     
minimum chi2 = 74.3922993157

Free parameters [ mean ]
_______________
N              : -625.324580178
alpha_par      : 0.869484805092
alpha_perp     : 0.987000849797
b1             : 2.14007617563
f              : 0.88739691053
sigma8_z       : 0.398290002918
sigma_fog      : 0.09275099254

Constrained parameters [ mean ]
_________________________
F_AP           : 0.880936227432
alpha          : 0.946162395429
b1sigma8       : 0.852370946238
epsilon        : -0.0413763112525
fsigma8        : 0.353441318084
