rank #0: 2019-02-16 14:33:33,225 rsdfit.fitting_driver INFO     rank 31 on nid00647     Calling the 'nlopt' solve function
rank #0: 2019-02-16 14:33:33,226 rsdfit.lbfgs_fitter INFO     running LBFGS for 500 iterations and then stopping
rank #0: 2019-02-16 14:33:33,226 rsdfit.lbfgs_fitter INFO     running LBFGS minimizer with priors
rank #0: 2019-02-16 14:33:33,227 root         INFO     Iter           N          b1        f_nl   sigma_fog   F(X)     
rank #0: 2019-02-16 14:33:33,227 rsdfit.lbfgs_fitter INFO     computing gradient using numerical derivative of lnlike()
rank #0: 2019-02-16 14:33:34,347 LBFGS        INFO     options = {'factr': 100000.0, 'gtol': 1e-05, 'max_iter': 500, 'test_convergence': False}
rank #0: 2019-02-16 14:33:34,348 LBFGS        PARAM    0000          0.000000          2.000000          0.000000          4.000000         92.670419
rank #0: 2019-02-16 14:33:35,618 LBFGS        PARAM    0001         65.907104          2.127248          1.006077          3.939000         80.612695
rank #0: 2019-02-16 14:33:36,763 LBFGS        PARAM    0002          4.383971          2.387588          4.816994          3.852560         72.217263
rank #0: 2019-02-16 14:33:37,912 LBFGS        PARAM    0003        -84.899478          2.382513          5.197024          3.873424         70.897713
rank #0: 2019-02-16 14:33:39,063 LBFGS        PARAM    0004       -297.325693          2.427794          7.195747          3.864447         69.672595
rank #0: 2019-02-16 14:33:40,212 LBFGS        PARAM    0005       -340.499431          2.437524          7.965295          3.752586         69.471137
rank #0: 2019-02-16 14:33:41,357 LBFGS        PARAM    0006       -482.404605          2.443441         10.827157          3.105078         68.919972
rank #0: 2019-02-16 14:33:42,502 LBFGS        PARAM    0007       -470.553835          2.434776         12.480980          3.004092         68.888226
rank #0: 2019-02-16 14:33:43,645 LBFGS        PARAM    0008       -468.455893          2.434141         12.934991          2.998810         68.887658
rank #0: 2019-02-16 14:33:44,792 LBFGS        PARAM    0009       -466.685368          2.433336         13.677351          2.994828         68.887118
rank #0: 2019-02-16 14:33:45,940 LBFGS        PARAM    0010       -464.206935          2.431885         15.441829          2.991549         68.886072
rank #0: 2019-02-16 14:33:47,088 LBFGS        PARAM    0011       -462.388554          2.430196         18.114791          2.993224         68.884792
rank #0: 2019-02-16 14:33:48,241 LBFGS        PARAM    0012       -463.661855          2.429839         19.534801          3.001404         68.884164
rank #0: 2019-02-16 14:33:49,393 LBFGS        PARAM    0013       -463.771459          2.429916         19.515974          3.002897         68.884158
rank #0: 2019-02-16 14:33:50,547 LBFGS        PARAM    0014       -463.796942          2.429932         19.493833          3.002974         68.884158
rank #0: 2019-02-16 14:33:51,702 LBFGS        PARAM    0015       -463.799632          2.429934         19.491415          3.002971         68.884158
rank #0: 2019-02-16 14:33:52,859 LBFGS        PARAM    0016       -463.799736          2.429934         19.491374          3.002970         68.884158
rank #0: 2019-02-16 14:33:54,016 LBFGS        PARAM    0017       -463.799762          2.429934         19.491376          3.002970         68.884158
rank #0: 2019-02-16 14:34:22,322 LBFGS        PARAM    0018       -463.799760          2.429934         19.491376          3.002970         68.884158
rank #0: 2019-02-16 14:35:13,085 LBFGS        INFO     Linesearch failed in both LBFGS and gradient directions
rank #0: 2019-02-16 14:35:13,087 LBFGS        PARAM    0018       -463.799760          2.429934         19.491376          3.002970         68.884158
rank #0: 2019-02-16 14:35:13,087 rsdfit.lbfgs_fitter WARNING  ...LBFGS optimization finished. Time elapsed: 0:01:38.74
rank #0: 2019-02-16 14:35:13,088 rsdfit.lbfgs_fitter ERROR    nonlinear fit with method L-BFGS-B failed: Linesearch failed in both LBFGS and gradient directions
rank #0: 2019-02-16 14:35:13,090 rsdfit.fitting_driver INFO     rank 31 on nid00647     ...fitting complete
rank #0: 2019-02-16 14:35:13,095 rsdfit.fitting_driver INFO     rank 31 on nid00647     Saving the results to `/global/cscratch1/sd/nhand/eBOSS/fits/results/mocks/ezmock/v1.8e-fph/0.005-0.3/basemodel-N-fnl/0.8-2.2/QSO-S-0426-P0+P2-mock-cov-be61e5bd15/2019-02-16_nlopt_18i_chain0__1.npz`
rank #0: 2019-02-16 14:35:13,102 pyRSD.analysis.lbfgs_results INFO     
minimum chi2 = 68.88415773646773

Free parameters [ mean ]
_______________
N              : -463.7997599234202
b1             : 2.4299336524934474
f_nl           : 19.49137569061689
sigma_fog      : 3.002970238813286

Constrained parameters [ mean ]
_________________________
b1sigma8       : 0.8802033902539594
