rank #0: 2018-06-24 12:59:08,352 rsdfit.fitting_driver INFO     rank 42 on nid00546     Calling the 'nlopt' solve function
rank #0: 2018-06-24 12:59:08,353 rsdfit.lbfgs_fitter INFO     running LBFGS for 500 iterations and then stopping
rank #0: 2018-06-24 12:59:08,353 rsdfit.lbfgs_fitter INFO     running LBFGS minimizer with priors
rank #0: 2018-06-24 12:59:08,353 root         INFO     Iter           N          b1        f_nl   sigma_fog   F(X)     
rank #0: 2018-06-24 12:59:08,942 LBFGS        INFO     options = {'factr': 100000.0, 'gtol': 1e-05, 'max_iter': 500, 'test_convergence': False}
rank #0: 2018-06-24 12:59:08,944 LBFGS        PARAM    0000          0.000000          2.000000          0.000000          4.000000        106.596256
rank #0: 2018-06-24 12:59:09,588 LBFGS        PARAM    0001         25.540616          2.074229          1.555844          3.954383         96.539077
rank #0: 2018-06-24 12:59:10,182 LBFGS        PARAM    0002        -33.101343          2.249849          7.380923          3.845477         87.159457
rank #0: 2018-06-24 12:59:10,778 LBFGS        PARAM    0003       -107.400652          2.257117          9.108239          3.830096         85.513366
rank #0: 2018-06-24 12:59:11,373 LBFGS        PARAM    0004       -410.793545          2.309456         18.690870          3.646316         82.305438
rank #0: 2018-06-24 12:59:11,955 LBFGS        PARAM    0005       -467.226515          2.303110         23.454665          3.408960         81.393566
rank #0: 2018-06-24 12:59:12,555 LBFGS        PARAM    0006       -600.680098          2.281761         42.858980          2.515582         79.770053
rank #0: 2018-06-24 12:59:13,154 LBFGS        PARAM    0007       -558.792539          2.268295         51.411123          2.529542         79.628598
rank #0: 2018-06-24 12:59:13,738 LBFGS        PARAM    0008       -534.463480          2.258970         58.960312          2.545061         79.595797
rank #0: 2018-06-24 12:59:14,338 LBFGS        PARAM    0009       -535.594203          2.258673         59.609787          2.553396         79.594455
rank #0: 2018-06-24 12:59:14,938 LBFGS        PARAM    0010       -536.393023          2.258844         59.775898          2.557806         79.594317
rank #0: 2018-06-24 12:59:15,541 LBFGS        PARAM    0011       -536.373320          2.258821         59.769641          2.557783         79.594317
rank #0: 2018-06-24 12:59:16,124 LBFGS        PARAM    0012       -536.375521          2.258825         59.770486          2.557780         79.594317
rank #0: 2018-06-24 12:59:16,724 LBFGS        PARAM    0013       -536.375536          2.258825         59.770486          2.557780         79.594317
rank #0: 2018-06-24 12:59:42,726 LBFGS        INFO     Linesearch failed in both LBFGS and gradient directions
rank #0: 2018-06-24 12:59:42,727 LBFGS        PARAM    0013       -536.375536          2.258825         59.770486          2.557780         79.594317
rank #0: 2018-06-24 12:59:42,728 rsdfit.lbfgs_fitter WARNING  ...LBFGS optimization finished. Time elapsed: 0:00:33.79
rank #0: 2018-06-24 12:59:42,728 rsdfit.lbfgs_fitter ERROR    nonlinear fit with method L-BFGS-B failed: Linesearch failed in both LBFGS and gradient directions
rank #0: 2018-06-24 12:59:42,730 rsdfit.fitting_driver INFO     rank 42 on nid00546     ...fitting complete
rank #0: 2018-06-24 12:59:42,733 rsdfit.fitting_driver INFO     rank 42 on nid00546     Saving the results to `/global/cscratch1/sd/nhand/eBOSS/fits/results/mocks/ezmock/v1.8e-fph/0.005-0.3/basemodel-N-fnl/0.8-2.2/QSO-S-0387-P0+P2-mock-cov-8973e9cf3e/2018-06-24_nlopt_13i_chain0__1.npz`
rank #0: 2018-06-24 12:59:42,758 pyRSD.analysis.lbfgs_results INFO     
minimum chi2 = 79.5943168207

Free parameters [ mean ]
_______________
N              : -536.375535725
b1             : 2.25882519212
f_nl           : 59.770486111
sigma_fog      : 2.55777967689

Constrained parameters [ mean ]
_________________________
b1sigma8       : 0.899719914096
