rank #0: 2018-06-03 11:16:12,492 rsdfit.fitting_driver INFO     rank 29 on nid00535     Calling the 'nlopt' solve function
rank #0: 2018-06-03 11:16:12,493 rsdfit.lbfgs_fitter INFO     running LBFGS for 500 iterations and then stopping
rank #0: 2018-06-03 11:16:12,493 rsdfit.lbfgs_fitter INFO     running LBFGS minimizer with priors
rank #0: 2018-06-03 11:16:12,494 root         INFO     Iter           N          b1        f_nl   sigma_fog   F(X)     
rank #0: 2018-06-03 11:16:13,040 LBFGS        INFO     options = {'factr': 100000.0, 'gtol': 1e-05, 'max_iter': 500, 'test_convergence': False}
rank #0: 2018-06-03 11:16:13,041 LBFGS        PARAM    0000          0.000000          2.000000          0.000000          4.000000        108.879149
rank #0: 2018-06-03 11:16:13,659 LBFGS        PARAM    0001         13.528597          2.161479          1.423478          3.970620         92.944991
rank #0: 2018-06-03 11:16:14,214 LBFGS        PARAM    0002       -184.190919          2.523696          8.869238          4.069854         77.544290
rank #0: 2018-06-03 11:16:14,772 LBFGS        PARAM    0003       -398.408435          2.552693         10.129162          4.174552         72.769666
rank #0: 2018-06-03 11:16:15,326 LBFGS        PARAM    0004       -685.166236          2.591433         11.719472          4.237742         70.486053
rank #0: 2018-06-03 11:16:15,880 LBFGS        PARAM    0005       -703.681348          2.590191         11.591649          4.165731         70.368944
rank #0: 2018-06-03 11:16:16,434 LBFGS        PARAM    0006       -852.022931          2.597365         10.846631          3.474405         69.864531
rank #0: 2018-06-03 11:16:16,988 LBFGS        PARAM    0007       -832.828451          2.589845          9.247497          3.498066         69.859199
rank #0: 2018-06-03 11:16:17,545 LBFGS        PARAM    0008       -833.692902          2.592583          9.469418          3.504562         69.857678
rank #0: 2018-06-03 11:16:18,100 LBFGS        PARAM    0009       -833.982693          2.592878          9.331355          3.503414         69.857541
rank #0: 2018-06-03 11:16:18,653 LBFGS        PARAM    0010       -836.154719          2.595285          7.555586          3.497876         69.856406
rank #0: 2018-06-03 11:16:19,207 LBFGS        PARAM    0011       -839.346155          2.598636          4.303587          3.494843         69.854761
rank #0: 2018-06-03 11:16:19,764 LBFGS        PARAM    0012       -848.237113          2.607913         -6.075429          3.494877         69.848341
rank #0: 2018-06-03 11:16:19,765 LBFGS        INFO     LBFGS iteration 12: the descent direction does not have a sufficient projection (cos(theta)=-1.01e-01, theta=95.8199) into the gradient; using steepest descent at this step!
rank #0: 2018-06-03 11:16:20,442 LBFGS        PARAM    0013       -850.061019          2.605753         -6.159489          3.497098         69.846613
rank #0: 2018-06-03 11:16:20,994 LBFGS        PARAM    0014       -849.874411          2.605757         -6.211319          3.497653         69.846543
rank #0: 2018-06-03 11:16:21,548 LBFGS        PARAM    0015       -840.170698          2.609828        -12.248450          3.558167         69.841563
rank #0: 2018-06-03 11:16:22,101 LBFGS        PARAM    0016       -830.436351          2.615578        -22.468590          3.611884         69.831256
rank #0: 2018-06-03 11:16:22,103 LBFGS        INFO     LBFGS iteration 16: the descent direction does not have a sufficient projection (cos(theta)=-2.43e-01, theta=104.0406) into the gradient; using steepest descent at this step!
rank #0: 2018-06-03 11:16:22,656 LBFGS        PARAM    0017       -840.510671          2.617618        -22.995624          3.598315         69.824908
rank #0: 2018-06-03 11:16:23,209 LBFGS        PARAM    0018       -866.545291          2.628944        -25.780729          3.524028         69.818705
rank #0: 2018-06-03 11:16:23,764 LBFGS        PARAM    0019       -875.555772          2.624993        -26.836235          3.507622         69.809866
rank #0: 2018-06-03 11:16:24,321 LBFGS        PARAM    0020       -872.145363          2.623684        -27.218624          3.504215         69.807276
rank #0: 2018-06-03 11:16:24,877 LBFGS        PARAM    0021       -871.153430          2.623075        -30.678657          3.470201         69.799108
rank #0: 2018-06-03 11:16:25,432 LBFGS        PARAM    0022       -871.478403          2.624676        -36.698793          3.443688         69.786760
rank #0: 2018-06-03 11:16:26,050 LBFGS        PARAM    0023       -875.551191          2.630443        -49.836059          3.405721         69.764044
rank #0: 2018-06-03 11:16:26,606 LBFGS        PARAM    0024       -871.311963          2.637436        -63.020228          3.433868         69.749279
rank #0: 2018-06-03 11:16:27,162 LBFGS        PARAM    0025       -858.341076          2.636395        -58.599721          3.530435         69.725193
rank #0: 2018-06-03 11:16:27,717 LBFGS        PARAM    0026       -881.809233          2.646553        -59.922916          3.545500         69.709467
rank #0: 2018-06-03 11:16:28,271 LBFGS        PARAM    0027       -880.179142          2.647547        -61.310759          3.555420         69.709196
rank #0: 2018-06-03 11:16:28,826 LBFGS        PARAM    0028       -880.566528          2.647380        -61.008488          3.552882         69.709173
rank #0: 2018-06-03 11:16:29,382 LBFGS        PARAM    0029       -880.566990          2.647385        -61.018193          3.552919         69.709173
rank #0: 2018-06-03 11:16:29,935 LBFGS        PARAM    0030       -880.566303          2.647385        -61.018162          3.552921         69.709173
rank #0: 2018-06-03 11:16:30,488 LBFGS        PARAM    0031       -880.566351          2.647385        -61.018165          3.552921         69.709173
rank #0: 2018-06-03 11:16:31,228 LBFGS        PARAM    0032       -880.566352          2.647385        -61.018165          3.552921         69.709173
rank #0: 2018-06-03 11:16:55,560 LBFGS        INFO     Linesearch failed in both LBFGS and gradient directions
rank #0: 2018-06-03 11:16:55,561 LBFGS        PARAM    0032       -880.566352          2.647385        -61.018165          3.552921         69.709173
rank #0: 2018-06-03 11:16:55,562 rsdfit.lbfgs_fitter WARNING  ...LBFGS optimization finished. Time elapsed: 0:00:42.52
rank #0: 2018-06-03 11:16:55,563 rsdfit.lbfgs_fitter ERROR    nonlinear fit with method L-BFGS-B failed: Linesearch failed in both LBFGS and gradient directions
rank #0: 2018-06-03 11:16:55,564 rsdfit.fitting_driver INFO     rank 29 on nid00535     ...fitting complete
rank #0: 2018-06-03 11:16:55,578 rsdfit.fitting_driver INFO     rank 29 on nid00535     Saving the results to `/global/cscratch1/sd/nhand/eBOSS/fits/results/mocks/ezmock/v1.8e-fph/0.0001-0.3/basemodel-N-fnl/0.8-2.2/QSO-S-0655-P0+P2-mock-cov-f224d44da7/2018-06-03_nlopt_32i_chain0__1.npz`
rank #0: 2018-06-03 11:16:55,599 pyRSD.analysis.lbfgs_results INFO     
minimum chi2 = 69.7091733894

Free parameters [ mean ]
_______________
N              : -880.566351893
b1             : 2.64738502372
f_nl           : -61.0181654783
sigma_fog      : 3.55292118487

Constrained parameters [ mean ]
_________________________
b1sigma8       : 0.958971563193
