rank #0: 2018-07-15 20:15:04,408 rsdfit.fitting_driver INFO     rank 19 on nid00569     Calling the 'nlopt' solve function
rank #0: 2018-07-15 20:15:04,409 rsdfit.lbfgs_fitter INFO     running LBFGS for 500 iterations and then stopping
rank #0: 2018-07-15 20:15:04,410 rsdfit.lbfgs_fitter INFO     running LBFGS minimizer with priors
rank #0: 2018-07-15 20:15:04,410 root         INFO     Iter           N          b1        f_nl   sigma_fog   F(X)     
rank #0: 2018-07-15 20:15:04,988 LBFGS        INFO     options = {'factr': 100000.0, 'gtol': 1e-05, 'max_iter': 500, 'test_convergence': False}
rank #0: 2018-07-15 20:15:04,989 LBFGS        PARAM    0000          0.000000          2.000000          0.000000          4.000000        109.551933
rank #0: 2018-07-15 20:15:05,651 LBFGS        PARAM    0001         66.737934          2.173443          1.600575          3.921587         89.618209
rank #0: 2018-07-15 20:15:06,230 LBFGS        PARAM    0002        -68.138539          2.562176          9.708178          3.795462         74.766901
rank #0: 2018-07-15 20:15:06,823 LBFGS        PARAM    0003       -197.952084          2.521587         10.027500          3.830612         71.041184
rank #0: 2018-07-15 20:15:07,420 LBFGS        PARAM    0004       -471.431593          2.563863         13.862760          3.814954         68.258813
rank #0: 2018-07-15 20:15:08,010 LBFGS        PARAM    0005       -601.498851          2.599150         17.588800          3.648894         67.468089
rank #0: 2018-07-15 20:15:08,598 LBFGS        PARAM    0006       -762.748628          2.613156         24.886645          3.085692         66.294217
rank #0: 2018-07-15 20:15:09,197 LBFGS        PARAM    0007       -816.561773          2.590145         32.760698          2.475213         65.722647
rank #0: 2018-07-15 20:15:09,793 LBFGS        PARAM    0008       -801.017534          2.591421         35.371767          2.439043         65.704513
rank #0: 2018-07-15 20:15:10,371 LBFGS        PARAM    0009       -798.658422          2.587925         35.325028          2.434684         65.701738
rank #0: 2018-07-15 20:15:10,968 LBFGS        PARAM    0010       -796.883038          2.586849         35.576562          2.435754         65.701249
rank #0: 2018-07-15 20:15:11,567 LBFGS        PARAM    0011       -793.961402          2.585175         36.421702          2.440819         65.700345
rank #0: 2018-07-15 20:15:12,160 LBFGS        PARAM    0012       -793.170630          2.584672         37.243011          2.445908         65.699853
rank #0: 2018-07-15 20:15:12,736 LBFGS        PARAM    0013       -793.918275          2.585063         37.452243          2.447351         65.699777
rank #0: 2018-07-15 20:15:13,329 LBFGS        PARAM    0014       -793.976266          2.585135         37.440635          2.447559         65.699776
rank #0: 2018-07-15 20:15:13,924 LBFGS        PARAM    0015       -793.978663          2.585141         37.437538          2.447571         65.699776
rank #0: 2018-07-15 20:15:14,499 LBFGS        PARAM    0016       -793.978728          2.585141         37.437425          2.447570         65.699776
rank #0: 2018-07-15 20:15:40,389 LBFGS        INFO     Linesearch failed in both LBFGS and gradient directions
rank #0: 2018-07-15 20:15:40,390 LBFGS        PARAM    0016       -793.978728          2.585141         37.437425          2.447570         65.699776
rank #0: 2018-07-15 20:15:40,391 rsdfit.lbfgs_fitter WARNING  ...LBFGS optimization finished. Time elapsed: 0:00:35.40
rank #0: 2018-07-15 20:15:40,392 rsdfit.lbfgs_fitter ERROR    nonlinear fit with method L-BFGS-B failed: Linesearch failed in both LBFGS and gradient directions
rank #0: 2018-07-15 20:15:40,393 rsdfit.fitting_driver INFO     rank 19 on nid00569     ...fitting complete
rank #0: 2018-07-15 20:15:40,396 rsdfit.fitting_driver INFO     rank 19 on nid00569     Saving the results to `/global/cscratch1/sd/nhand/eBOSS/fits/results/mocks/ezmock/v1.8e-fph/0.0001-0.3/basemodel-N-fnl/0.8-2.2/QSO-S-0509-P0+P2-mock-cov-f224d44da7/2018-07-15_nlopt_16i_chain0__1.npz`
rank #0: 2018-07-15 20:15:40,421 pyRSD.analysis.lbfgs_results INFO     
minimum chi2 = 65.6997763995

Free parameters [ mean ]
_______________
N              : -793.978727731
b1             : 2.58514141686
f_nl           : 37.4374253784
sigma_fog      : 2.44757016223

Constrained parameters [ mean ]
_________________________
b1sigma8       : 0.936424843152
