rank #0: 2018-07-15 19:55:06,459 rsdfit.fitting_driver INFO     rank 8 on nid00604     Calling the 'nlopt' solve function
rank #0: 2018-07-15 19:55:06,460 rsdfit.lbfgs_fitter INFO     running LBFGS for 500 iterations and then stopping
rank #0: 2018-07-15 19:55:06,460 rsdfit.lbfgs_fitter INFO     running LBFGS minimizer with priors
rank #0: 2018-07-15 19:55:06,461 root         INFO     Iter           N          b1        f_nl   sigma_fog   F(X)     
rank #0: 2018-07-15 19:55:07,025 LBFGS        INFO     options = {'factr': 100000.0, 'gtol': 1e-05, 'max_iter': 500, 'test_convergence': False}
rank #0: 2018-07-15 19:55:07,026 LBFGS        PARAM    0000          0.000000          2.000000          0.000000          4.000000         97.758485
rank #0: 2018-07-15 19:55:07,679 LBFGS        PARAM    0001        -11.756582          2.059287          0.680175          4.023925         89.751700
rank #0: 2018-07-15 19:55:08,271 LBFGS        PARAM    0002       -154.689158          2.200378          3.519225          4.198800         78.733061
rank #0: 2018-07-15 19:55:08,864 LBFGS        PARAM    0003       -276.727708          2.232227          5.259823          4.355682         75.344191
rank #0: 2018-07-15 19:55:09,441 LBFGS        PARAM    0004       -339.830898          2.234860          7.868503          4.518864         74.308506
rank #0: 2018-07-15 19:55:10,034 LBFGS        PARAM    0005       -339.842501          2.235206          9.295429          4.573937         74.172622
rank #0: 2018-07-15 19:55:10,626 LBFGS        PARAM    0006       -300.993171          2.233398         18.474505          4.870905         73.577928
rank #0: 2018-07-15 19:55:11,208 LBFGS        PARAM    0007       -242.843077          2.228574         29.573455          5.079402         73.186044
rank #0: 2018-07-15 19:55:11,801 LBFGS        PARAM    0008       -199.439015          2.221346         42.472161          5.170414         72.933799
rank #0: 2018-07-15 19:55:12,396 LBFGS        PARAM    0009       -168.065833          2.212765         59.524259          5.185468         72.690901
rank #0: 2018-07-15 19:55:12,989 LBFGS        PARAM    0010       -159.653460          2.202906         79.940040          5.110923         72.433168
rank #0: 2018-07-15 19:55:13,566 LBFGS        PARAM    0011       -186.630772          2.195582         95.649517          4.974647         72.215386
rank #0: 2018-07-15 19:55:14,161 LBFGS        PARAM    0012       -219.702173          2.196146         96.056620          4.894858         72.146159
rank #0: 2018-07-15 19:55:14,755 LBFGS        PARAM    0013       -225.596761          2.197645         94.966907          4.894703         72.143603
rank #0: 2018-07-15 19:55:15,338 LBFGS        PARAM    0014       -225.513675          2.197618         94.877341          4.896994         72.143567
rank #0: 2018-07-15 19:55:15,923 LBFGS        PARAM    0015       -225.454513          2.197630         94.900349          4.897542         72.143566
rank #0: 2018-07-15 19:55:16,519 LBFGS        PARAM    0016       -225.446088          2.197626         94.898222          4.897525         72.143566
rank #0: 2018-07-15 19:55:17,117 LBFGS        PARAM    0017       -225.446558          2.197626         94.898212          4.897523         72.143566
rank #0: 2018-07-15 19:55:17,757 LBFGS        PARAM    0018       -225.446556          2.197626         94.898212          4.897523         72.143566
rank #0: 2018-07-15 19:55:18,412 LBFGS        PARAM    0019       -225.446554          2.197626         94.898212          4.897524         72.143566
rank #0: 2018-07-15 19:55:32,694 LBFGS        PARAM    0020       -225.446557          2.197626         94.898212          4.897524         72.143566
rank #0: 2018-07-15 19:55:58,128 LBFGS        INFO     Linesearch failed in both LBFGS and gradient directions
rank #0: 2018-07-15 19:55:58,129 LBFGS        PARAM    0020       -225.446557          2.197626         94.898212          4.897524         72.143566
rank #0: 2018-07-15 19:55:58,130 rsdfit.lbfgs_fitter WARNING  ...LBFGS optimization finished. Time elapsed: 0:00:51.10
rank #0: 2018-07-15 19:55:58,130 rsdfit.lbfgs_fitter ERROR    nonlinear fit with method L-BFGS-B failed: Linesearch failed in both LBFGS and gradient directions
rank #0: 2018-07-15 19:55:58,131 rsdfit.fitting_driver INFO     rank 8 on nid00604     ...fitting complete
rank #0: 2018-07-15 19:55:58,134 rsdfit.fitting_driver INFO     rank 8 on nid00604     Saving the results to `/global/cscratch1/sd/nhand/eBOSS/fits/results/mocks/ezmock/v1.8e-fph/0.0001-0.3/basemodel-N-fnl/0.8-2.2/QSO-N-0183-P0+P2-mock-cov-a8bcb55756/2018-07-15_nlopt_20i_chain0__1.npz`
rank #0: 2018-07-15 19:55:58,159 pyRSD.analysis.lbfgs_results INFO     
minimum chi2 = 72.1435663625

Free parameters [ mean ]
_______________
N              : -225.446556507
b1             : 2.19762610867
f_nl           : 94.8982121489
sigma_fog      : 4.89752351296

Constrained parameters [ mean ]
_________________________
b1sigma8       : 0.87534351069
