rank #0: 2018-10-08 10:45:05,470 rsdfit.fitting_driver INFO     rank 4 on nid00693     Calling the 'nlopt' solve function
rank #0: 2018-10-08 10:45:05,471 rsdfit.lbfgs_fitter INFO     running LBFGS for 500 iterations and then stopping
rank #0: 2018-10-08 10:45:05,471 rsdfit.lbfgs_fitter INFO     running LBFGS minimizer with priors
rank #0: 2018-10-08 10:45:05,472 root         INFO     Iter           N          b1        f_nl   sigma_fog   F(X)     
rank #0: 2018-10-08 10:45:05,472 rsdfit.lbfgs_fitter INFO     computing gradient using numerical derivative of lnlike()
rank #0: 2018-10-08 10:45:06,671 LBFGS        INFO     options = {'factr': 100000.0, 'gtol': 1e-05, 'max_iter': 500, 'test_convergence': False}
rank #0: 2018-10-08 10:45:06,672 LBFGS        PARAM    0000          0.000000          2.000000          0.000000          4.000000        105.552987
rank #0: 2018-10-08 10:45:08,037 LBFGS        PARAM    0001         35.007619          2.085299          1.622734          3.989136         90.772188
rank #0: 2018-10-08 10:45:09,265 LBFGS        PARAM    0002        -14.200351          2.270808          6.541826          4.066233         78.233861
rank #0: 2018-10-08 10:45:10,514 LBFGS        PARAM    0003        -84.355417          2.286435          7.530229          4.160294         75.960125
rank #0: 2018-10-08 10:45:11,746 LBFGS        PARAM    0004       -232.899072          2.329651         10.008829          4.427290         73.794695
rank #0: 2018-10-08 10:45:12,992 LBFGS        PARAM    0005       -220.208468          2.327270          9.879573          4.484840         73.671337
rank #0: 2018-10-08 10:45:14,231 LBFGS        PARAM    0006       -136.513632          2.326294          9.528439          4.866569         73.278763
rank #0: 2018-10-08 10:45:15,462 LBFGS        PARAM    0007       -132.636189          2.327832          9.097392          4.890364         73.276723
rank #0: 2018-10-08 10:45:16,714 LBFGS        PARAM    0008       -132.248746          2.328050          8.956233          4.893076         73.276645
rank #0: 2018-10-08 10:45:17,945 LBFGS        PARAM    0009       -132.209675          2.328426          8.608090          4.895002         73.276513
rank #0: 2018-10-08 10:45:19,203 LBFGS        PARAM    0010       -133.043840          2.328738          8.180717          4.892655         73.276415
rank #0: 2018-10-08 10:45:20,436 LBFGS        PARAM    0011       -133.177773          2.328773          8.158074          4.892059         73.276413
rank #0: 2018-10-08 10:45:21,664 LBFGS        PARAM    0012       -133.186663          2.328770          8.160409          4.891981         73.276413
rank #0: 2018-10-08 10:45:22,914 LBFGS        PARAM    0013       -133.187210          2.328769          8.160998          4.891976         73.276413
rank #0: 2018-10-08 10:45:24,145 LBFGS        PARAM    0014       -133.187198          2.328769          8.161022          4.891976         73.276413
rank #0: 2018-10-08 10:46:18,382 LBFGS        INFO     Linesearch failed in both LBFGS and gradient directions
rank #0: 2018-10-08 10:46:18,383 LBFGS        PARAM    0014       -133.187198          2.328769          8.161022          4.891976         73.276413
rank #0: 2018-10-08 10:46:18,383 rsdfit.lbfgs_fitter WARNING  ...LBFGS optimization finished. Time elapsed: 0:01:11.71
rank #0: 2018-10-08 10:46:18,384 rsdfit.lbfgs_fitter ERROR    nonlinear fit with method L-BFGS-B failed: Linesearch failed in both LBFGS and gradient directions
rank #0: 2018-10-08 10:46:18,385 rsdfit.fitting_driver INFO     rank 4 on nid00693     ...fitting complete
rank #0: 2018-10-08 10:46:18,390 rsdfit.fitting_driver INFO     rank 4 on nid00693     Saving the results to `/global/cscratch1/sd/nhand/eBOSS/fits/results/mocks/ezmock/v1.8e-fph/0.005-0.3/basemodel-N-fnl/0.8-2.2/QSO-N-0607-P0+P2-mock-cov-3d9387a9b2/2018-10-08_nlopt_14i_chain0__1.npz`
rank #0: 2018-10-08 10:46:18,478 pyRSD.analysis.lbfgs_results INFO     
minimum chi2 = 73.2764133519

Free parameters [ mean ]
_______________
N              : -133.187197687
b1             : 2.32876926369
f_nl           : 8.16102189253
sigma_fog      : 4.89197616852

Constrained parameters [ mean ]
_________________________
b1sigma8       : 0.873021383822
