rank #0: 2017-11-25 11:59:31,624 rsdfit.fitting_driver INFO     rank 197 on nid00492     Calling the 'nlopt' solve function
rank #0: 2017-11-25 11:59:31,625 rsdfit.lbfgs_fitter INFO     running LBFGS for 500 iterations and then stopping
rank #0: 2017-11-25 11:59:31,625 rsdfit.lbfgs_fitter INFO     running LBFGS minimizer with priors
rank #0: 2017-11-25 11:59:31,625 root         INFO     Iter           N          b1        f_nl   sigma_fog   F(X)     
rank #0: 2017-11-25 11:59:31,672 root         INFO     analytic derivative for parameter 'N' not available; no registered subclass for dPkmu/dN
rank #0: 2017-11-25 11:59:31,961 LBFGS        INFO     options = {'factr': 100000.0, 'gtol': 1e-05, 'max_iter': 500, 'test_convergence': False}
rank #0: 2017-11-25 11:59:31,961 LBFGS        PARAM    0000          0.000000          2.000000          0.000000          4.000000        123.198869
rank #0: 2017-11-25 11:59:32,364 LBFGS        PARAM    0001         32.310748          2.053976          0.366887          3.963386        104.771007
rank #0: 2017-11-25 11:59:32,708 LBFGS        PARAM    0002         32.486858          2.156156          1.536923          3.901643         92.166952
rank #0: 2017-11-25 11:59:33,051 LBFGS        PARAM    0003         -8.596470          2.168899          1.958382          3.904880         90.311605
rank #0: 2017-11-25 11:59:33,395 LBFGS        PARAM    0004       -268.059346          2.236057          5.264809          3.732859         84.865510
rank #0: 2017-11-25 11:59:33,740 LBFGS        PARAM    0005       -281.099445          2.230995          6.279268          3.645155         84.326111
rank #0: 2017-11-25 11:59:34,086 LBFGS        PARAM    0006       -328.660203          2.227303         10.228271          3.375244         83.342706
rank #0: 2017-11-25 11:59:34,430 LBFGS        PARAM    0007       -345.861204          2.226199         14.798976          3.288807         83.173430
rank #0: 2017-11-25 11:59:34,775 LBFGS        PARAM    0008       -350.583216          2.223584         22.556847          3.252759         83.055428
rank #0: 2017-11-25 11:59:35,121 LBFGS        PARAM    0009       -343.573612          2.214708         45.671322          3.240473         82.890746
rank #0: 2017-11-25 11:59:35,583 LBFGS        PARAM    0010       -341.356914          2.214393         46.168636          3.249252         82.890423
rank #0: 2017-11-25 11:59:59,987 LBFGS        INFO     Linesearch failed in both LBFGS and gradient directions
rank #0: 2017-11-25 11:59:59,988 LBFGS        PARAM    0010       -341.356914          2.214393         46.168636          3.249252         82.890423
rank #0: 2017-11-25 11:59:59,988 rsdfit.lbfgs_fitter WARNING  ...LBFGS optimization finished. Time elapsed: 0:00:28.03
rank #0: 2017-11-25 11:59:59,988 rsdfit.lbfgs_fitter ERROR    nonlinear fit with method L-BFGS-B failed: Linesearch failed in both LBFGS and gradient directions
rank #0: 2017-11-25 11:59:59,989 rsdfit.fitting_driver INFO     rank 197 on nid00492     ...fitting complete
rank #0: 2017-11-25 11:59:59,999 rsdfit.fitting_driver INFO     rank 197 on nid00492     Saving the results to `/global/project/projectdirs/m779/nhand/Research/eBOSS/fits/results/mocks/ezmock/v1.8e-fph/0.0001-0.3/basemodel-N-fnl/0.8-2.2/QSO-S-0363-P0+P2-d10badba55/2017-11-25_nlopt_10i_chain0__1.npz`
rank #0: 2017-11-25 12:00:00,043 pyRSD.analysis.lbfgs_results INFO     
minimum chi2 = 82.890423424

Free parameters [ mean ]
_______________
N              : -341.356913813
b1             : 2.21439299188
f_nl           : 46.1686362604
sigma_fog      : 3.24925189895

Constrained parameters [ mean ]
_________________________
b1sigma8       : 0.881294266773
