rank #0: 2018-06-24 11:29:48,586 rsdfit.fitting_driver INFO     rank 51 on nid00617     Calling the 'nlopt' solve function
rank #0: 2018-06-24 11:29:48,587 rsdfit.lbfgs_fitter INFO     running LBFGS for 500 iterations and then stopping
rank #0: 2018-06-24 11:29:48,588 rsdfit.lbfgs_fitter INFO     running LBFGS minimizer with priors
rank #0: 2018-06-24 11:29:48,588 root         INFO     Iter           N          b1        f_nl   sigma_fog   F(X)     
rank #0: 2018-06-24 11:29:49,156 LBFGS        INFO     options = {'factr': 100000.0, 'gtol': 1e-05, 'max_iter': 500, 'test_convergence': False}
rank #0: 2018-06-24 11:29:49,158 LBFGS        PARAM    0000          0.000000          2.000000          0.000000          4.000000         85.961313
rank #0: 2018-06-24 11:29:49,822 LBFGS        PARAM    0001        -14.950108          2.047293          1.139925          4.003853         79.936241
rank #0: 2018-06-24 11:29:50,419 LBFGS        PARAM    0002       -175.708715          2.183439          5.859373          4.079766         69.885811
rank #0: 2018-06-24 11:29:51,000 LBFGS        PARAM    0003       -296.462043          2.206247          7.778784          4.140226         67.313222
rank #0: 2018-06-24 11:29:51,597 LBFGS        PARAM    0004       -371.129060          2.207208          9.461025          4.144474         66.731721
rank #0: 2018-06-24 11:29:52,196 LBFGS        PARAM    0005       -378.505850          2.207841         10.096766          4.128169         66.696431
rank #0: 2018-06-24 11:29:52,790 LBFGS        PARAM    0006       -427.614163          2.205154         17.603493          3.915480         66.433807
rank #0: 2018-06-24 11:29:53,377 LBFGS        PARAM    0007       -426.011709          2.198135         23.451467          3.832335         66.359092
rank #0: 2018-06-24 11:29:53,975 LBFGS        PARAM    0008       -416.024239          2.194240         25.816282          3.828465         66.346635
rank #0: 2018-06-24 11:29:54,574 LBFGS        PARAM    0009       -411.871239          2.193415         26.366155          3.840490         66.344670
rank #0: 2018-06-24 11:29:55,156 LBFGS        PARAM    0010       -410.818248          2.193274         26.907117          3.851875         66.343792
rank #0: 2018-06-24 11:29:55,755 LBFGS        PARAM    0011       -410.895681          2.193303         26.859914          3.853366         66.343775
rank #0: 2018-06-24 11:29:56,352 LBFGS        PARAM    0012       -410.943385          2.193326         26.859979          3.853310         66.343775
rank #0: 2018-06-24 11:29:56,948 LBFGS        PARAM    0013       -410.955640          2.193328         26.859989          3.853277         66.343775
rank #0: 2018-06-24 11:29:57,537 LBFGS        PARAM    0014       -410.956430          2.193328         26.859966          3.853275         66.343775
rank #0: 2018-06-24 11:29:58,276 LBFGS        PARAM    0015       -410.956430          2.193328         26.859966          3.853275         66.343775
rank #0: 2018-06-24 11:30:12,454 LBFGS        PARAM    0016       -410.956417          2.193328         26.859966          3.853275         66.343775
rank #0: 2018-06-24 11:30:38,299 LBFGS        INFO     Linesearch failed in both LBFGS and gradient directions
rank #0: 2018-06-24 11:30:38,300 LBFGS        PARAM    0016       -410.956417          2.193328         26.859966          3.853275         66.343775
rank #0: 2018-06-24 11:30:38,301 rsdfit.lbfgs_fitter WARNING  ...LBFGS optimization finished. Time elapsed: 0:00:49.14
rank #0: 2018-06-24 11:30:38,301 rsdfit.lbfgs_fitter ERROR    nonlinear fit with method L-BFGS-B failed: Linesearch failed in both LBFGS and gradient directions
rank #0: 2018-06-24 11:30:38,302 rsdfit.fitting_driver INFO     rank 51 on nid00617     ...fitting complete
rank #0: 2018-06-24 11:30:38,306 rsdfit.fitting_driver INFO     rank 51 on nid00617     Saving the results to `/global/cscratch1/sd/nhand/eBOSS/fits/results/mocks/ezmock/v1.8e-fph/0.0001-0.3/basemodel-N-fnl/0.8-2.2/QSO-N-0451-P0+P2-mock-cov-8973e9cf3e/2018-06-24_nlopt_16i_chain0__1.npz`
rank #0: 2018-06-24 11:30:38,338 pyRSD.analysis.lbfgs_results INFO     
minimum chi2 = 66.3437746828

Free parameters [ mean ]
_______________
N              : -410.956416954
b1             : 2.19332755489
f_nl           : 26.8599657043
sigma_fog      : 3.85327475325

Constrained parameters [ mean ]
_________________________
b1sigma8       : 0.873631339934
