rank #0: 2018-07-16 19:46:11,996 rsdfit.fitting_driver INFO     rank 62 on nid00619     Calling the 'nlopt' solve function
rank #0: 2018-07-16 19:46:11,997 rsdfit.lbfgs_fitter INFO     running LBFGS for 500 iterations and then stopping
rank #0: 2018-07-16 19:46:11,997 rsdfit.lbfgs_fitter INFO     running LBFGS minimizer with priors
rank #0: 2018-07-16 19:46:11,998 root         INFO     Iter           N          b1        f_nl   sigma_fog   F(X)     
rank #0: 2018-07-16 19:46:12,581 LBFGS        INFO     options = {'factr': 100000.0, 'gtol': 1e-05, 'max_iter': 500, 'test_convergence': False}
rank #0: 2018-07-16 19:46:13,108 LBFGS        PARAM    0000          0.000000          2.000000          0.000000          4.000000         87.609191
rank #0: 2018-07-16 19:46:13,737 LBFGS        PARAM    0001         -4.141513          2.049237          0.977117          4.000466         80.814724
rank #0: 2018-07-16 19:46:14,337 LBFGS        PARAM    0002       -113.904500          2.177957          4.400346          4.063188         71.648550
rank #0: 2018-07-16 19:46:14,937 LBFGS        PARAM    0003       -210.180317          2.202593          5.498917          4.124103         69.277537
rank #0: 2018-07-16 19:46:15,524 LBFGS        PARAM    0004       -320.543122          2.213242          6.072467          4.174204         68.204240
rank #0: 2018-07-16 19:46:16,123 LBFGS        PARAM    0005       -322.582672          2.214600          6.041642          4.164969         68.195901
rank #0: 2018-07-16 19:46:16,724 LBFGS        PARAM    0006       -332.113445          2.217370          5.767906          4.117376         68.171342
rank #0: 2018-07-16 19:46:17,324 LBFGS        PARAM    0007       -341.623224          2.217525          5.393082          4.068055         68.155435
rank #0: 2018-07-16 19:46:17,909 LBFGS        PARAM    0008       -346.510617          2.215405          4.858322          4.040578         68.149216
rank #0: 2018-07-16 19:46:18,511 LBFGS        PARAM    0009       -346.946932          2.215546          4.853161          4.040728         68.149197
rank #0: 2018-07-16 19:46:19,113 LBFGS        PARAM    0010       -347.037455          2.215602          4.817172          4.040798         68.149183
rank #0: 2018-07-16 19:46:19,700 LBFGS        PARAM    0011       -347.369960          2.216002          4.436058          4.041687         68.149104
rank #0: 2018-07-16 19:46:20,302 LBFGS        PARAM    0012       -347.194876          2.216021          4.340544          4.042026         68.149096
rank #0: 2018-07-16 19:46:20,904 LBFGS        PARAM    0013       -347.134211          2.216008          4.332275          4.042066         68.149096
rank #0: 2018-07-16 19:46:21,506 LBFGS        PARAM    0014       -347.130641          2.216006          4.333343          4.042064         68.149096
rank #0: 2018-07-16 19:46:22,093 LBFGS        PARAM    0015       -347.130494          2.216006          4.333473          4.042064         68.149096
rank #0: 2018-07-16 19:46:22,699 LBFGS        PARAM    0016       -347.130496          2.216006          4.333475          4.042064         68.149096
rank #0: 2018-07-16 19:46:36,744 LBFGS        PARAM    0017       -347.130496          2.216006          4.333474          4.042064         68.149096
rank #0: 2018-07-16 19:46:36,746 LBFGS        INFO     LBFGS iteration 17: the descent direction does not have a sufficient projection (cos(theta)=-7.00e-02, theta=94.0167) into the gradient; using steepest descent at this step!
rank #0: 2018-07-16 19:46:48,842 LBFGS        INFO     Linesearch failed in both LBFGS and gradient directions
rank #0: 2018-07-16 19:46:48,843 LBFGS        PARAM    0017       -347.130496          2.216006          4.333474          4.042064         68.149096
rank #0: 2018-07-16 19:46:48,844 rsdfit.lbfgs_fitter WARNING  ...LBFGS optimization finished. Time elapsed: 0:00:36.26
rank #0: 2018-07-16 19:46:48,844 rsdfit.lbfgs_fitter ERROR    nonlinear fit with method L-BFGS-B failed: Linesearch failed in both LBFGS and gradient directions
rank #0: 2018-07-16 19:46:48,845 rsdfit.fitting_driver INFO     rank 62 on nid00619     ...fitting complete
rank #0: 2018-07-16 19:46:48,848 rsdfit.fitting_driver INFO     rank 62 on nid00619     Saving the results to `/global/cscratch1/sd/nhand/eBOSS/fits/results/mocks/ezmock/v1.8e-fph/0.005-0.3/basemodel-N-fnl/0.8-2.2/QSO-N-0361-P0+P2-mock-cov-8973e9cf3e/2018-07-16_nlopt_17i_chain0__1.npz`
rank #0: 2018-07-16 19:46:48,883 pyRSD.analysis.lbfgs_results INFO     
minimum chi2 = 68.1490958384

Free parameters [ mean ]
_______________
N              : -347.130495974
b1             : 2.21600601341
f_nl           : 4.33347444523
sigma_fog      : 4.04206410701

Constrained parameters [ mean ]
_________________________
b1sigma8       : 0.882664469555
