rank #0: 2018-12-30 16:14:24,712 rsdfit.fitting_driver INFO     rank 15 on nid00555     Calling the 'nlopt' solve function
rank #0: 2018-12-30 16:14:24,713 rsdfit.lbfgs_fitter INFO     running LBFGS for 500 iterations and then stopping
rank #0: 2018-12-30 16:14:24,713 rsdfit.lbfgs_fitter INFO     running LBFGS minimizer with priors
rank #0: 2018-12-30 16:14:24,714 root         INFO     Iter           N          b1        f_nl   sigma_fog   F(X)     
rank #0: 2018-12-30 16:14:24,714 rsdfit.lbfgs_fitter INFO     computing gradient using numerical derivative of lnlike()
rank #0: 2018-12-30 16:14:25,314 LBFGS        INFO     options = {'factr': 100000.0, 'gtol': 1e-05, 'max_iter': 500, 'test_convergence': False}
rank #0: 2018-12-30 16:14:26,961 LBFGS        PARAM    0000          0.000000          2.000000          0.000000          4.000000         85.661131
rank #0: 2018-12-30 16:14:27,627 LBFGS        PARAM    0001         13.366094          2.059886          0.551074          3.980574         79.968146
rank #0: 2018-12-30 16:14:28,228 LBFGS        PARAM    0002        -39.024702          2.191962          2.804510          3.982519         74.536224
rank #0: 2018-12-30 16:14:28,849 LBFGS        PARAM    0003       -117.921988          2.218487          3.908055          4.014073         73.209578
rank #0: 2018-12-30 16:14:29,469 LBFGS        PARAM    0004       -303.539322          2.252792          7.955170          4.034923         71.836951
rank #0: 2018-12-30 16:14:30,079 LBFGS        PARAM    0005       -313.624895          2.253243          9.316154          3.999493         71.785966
rank #0: 2018-12-30 16:14:30,687 LBFGS        PARAM    0006       -376.469987          2.244579         27.737441          3.642515         71.483179
rank #0: 2018-12-30 16:14:31,302 LBFGS        PARAM    0007       -369.304253          2.239570         39.197533          3.645231         71.410016
rank #0: 2018-12-30 16:14:31,919 LBFGS        PARAM    0008       -340.348516          2.229262         50.840350          3.705479         71.375954
rank #0: 2018-12-30 16:14:32,514 LBFGS        PARAM    0009       -340.066295          2.231254         48.868629          3.713303         71.374827
rank #0: 2018-12-30 16:14:33,132 LBFGS        PARAM    0010       -340.190087          2.231100         48.941995          3.713226         71.374817
rank #0: 2018-12-30 16:14:33,750 LBFGS        PARAM    0011       -340.203012          2.231113         48.955936          3.713304         71.374817
rank #0: 2018-12-30 16:14:34,346 LBFGS        PARAM    0012       -340.203820          2.231115         48.954204          3.713332         71.374817
rank #0: 2018-12-30 16:14:34,962 LBFGS        PARAM    0013       -340.203991          2.231115         48.954095          3.713333         71.374817
rank #0: 2018-12-30 16:14:35,578 LBFGS        PARAM    0014       -340.203959          2.231115         48.954097          3.713333         71.374817
rank #0: 2018-12-30 16:14:50,295 LBFGS        PARAM    0015       -340.203958          2.231115         48.954097          3.713333         71.374817
rank #0: 2018-12-30 16:15:17,526 LBFGS        INFO     Linesearch failed in both LBFGS and gradient directions
rank #0: 2018-12-30 16:15:17,527 LBFGS        PARAM    0015       -340.203958          2.231115         48.954097          3.713333         71.374817
rank #0: 2018-12-30 16:15:17,528 rsdfit.lbfgs_fitter WARNING  ...LBFGS optimization finished. Time elapsed: 0:00:52.21
rank #0: 2018-12-30 16:15:17,529 rsdfit.lbfgs_fitter ERROR    nonlinear fit with method L-BFGS-B failed: Linesearch failed in both LBFGS and gradient directions
rank #0: 2018-12-30 16:15:17,530 rsdfit.fitting_driver INFO     rank 15 on nid00555     ...fitting complete
rank #0: 2018-12-30 16:15:17,534 rsdfit.fitting_driver INFO     rank 15 on nid00555     Saving the results to `/global/cscratch1/sd/nhand/eBOSS/fits/results/mocks/ezmock/v1.8e-fph/0.0001-0.3/basemodel-N-fnl/0.8-2.2/QSO-S-0572-P0+P2-mock-cov-8e654b7a3f/2018-12-30_nlopt_15i_chain0__1.npz`
rank #0: 2018-12-30 16:15:17,689 pyRSD.analysis.lbfgs_results INFO     
minimum chi2 = 71.3748166998

Free parameters [ mean ]
_______________
N              : -340.203958444
b1             : 2.2311153546
f_nl           : 48.9540969524
sigma_fog      : 3.71333326717

Constrained parameters [ mean ]
_________________________
b1sigma8       : 0.888682719751
