rank #0: 2018-10-04 21:44:24,190 rsdfit.fitting_driver INFO     rank 54 on nid01063     Calling the 'nlopt' solve function
rank #0: 2018-10-04 21:44:24,191 rsdfit.lbfgs_fitter INFO     running LBFGS for 500 iterations and then stopping
rank #0: 2018-10-04 21:44:24,192 rsdfit.lbfgs_fitter INFO     running LBFGS minimizer with priors
rank #0: 2018-10-04 21:44:24,192 root         INFO     Iter           N          b1        f_nl   sigma_fog   F(X)     
rank #0: 2018-10-04 21:44:24,193 rsdfit.lbfgs_fitter INFO     computing gradient using numerical derivative of lnlike()
rank #0: 2018-10-04 21:44:25,356 LBFGS        INFO     options = {'factr': 100000.0, 'gtol': 1e-05, 'max_iter': 500, 'test_convergence': False}
rank #0: 2018-10-04 21:44:25,357 LBFGS        PARAM    0000          0.000000          2.000000          0.000000          4.000000        109.555346
rank #0: 2018-10-04 21:44:26,715 LBFGS        PARAM    0001         30.031291          2.122597          1.036632          3.998453         91.232657
rank #0: 2018-10-04 21:44:27,915 LBFGS        PARAM    0002        -74.353448          2.386002          5.471293          4.184369         74.188884
rank #0: 2018-10-04 21:44:29,111 LBFGS        PARAM    0003       -218.090454          2.429152          6.846856          4.363650         69.111624
rank #0: 2018-10-04 21:44:30,322 LBFGS        PARAM    0004       -422.320513          2.473223          8.912707          4.755937         65.637140
rank #0: 2018-10-04 21:44:31,506 LBFGS        PARAM    0005       -411.845598          2.476296          9.279891          4.823134         65.486739
rank #0: 2018-10-04 21:44:32,711 LBFGS        PARAM    0006       -271.545690          2.476500         11.993818          5.469948         64.724462
rank #0: 2018-10-04 21:44:33,896 LBFGS        PARAM    0007       -267.184389          2.476617         12.890875          5.501253         64.722063
rank #0: 2018-10-04 21:44:35,101 LBFGS        PARAM    0008       -266.489349          2.476187         13.389866          5.504654         64.721833
rank #0: 2018-10-04 21:44:36,294 LBFGS        PARAM    0009       -266.367457          2.475831         13.775913          5.503843         64.721759
rank #0: 2018-10-04 21:44:37,488 LBFGS        PARAM    0010       -266.540619          2.475745         13.883427          5.501960         64.721747
rank #0: 2018-10-04 21:44:38,703 LBFGS        PARAM    0011       -266.610737          2.475737         13.885481          5.501323         64.721746
rank #0: 2018-10-04 21:44:39,893 LBFGS        PARAM    0012       -266.615867          2.475740         13.882736          5.501294         64.721746
rank #0: 2018-10-04 21:44:41,105 LBFGS        PARAM    0013       -266.615988          2.475740         13.882449          5.501294         64.721746
rank #0: 2018-10-04 21:44:42,298 LBFGS        PARAM    0014       -266.615980          2.475740         13.882445          5.501294         64.721746
rank #0: 2018-10-04 21:44:43,512 LBFGS        PARAM    0015       -266.615992          2.475740         13.882441          5.501294         64.721746
rank #0: 2018-10-04 21:45:36,783 LBFGS        INFO     Linesearch failed in both LBFGS and gradient directions
rank #0: 2018-10-04 21:45:36,784 LBFGS        PARAM    0015       -266.615992          2.475740         13.882441          5.501294         64.721746
rank #0: 2018-10-04 21:45:36,785 rsdfit.lbfgs_fitter WARNING  ...LBFGS optimization finished. Time elapsed: 0:01:11.43
rank #0: 2018-10-04 21:45:36,786 rsdfit.lbfgs_fitter ERROR    nonlinear fit with method L-BFGS-B failed: Linesearch failed in both LBFGS and gradient directions
rank #0: 2018-10-04 21:45:36,787 rsdfit.fitting_driver INFO     rank 54 on nid01063     ...fitting complete
rank #0: 2018-10-04 21:45:36,791 rsdfit.fitting_driver INFO     rank 54 on nid01063     Saving the results to `/global/cscratch1/sd/nhand/eBOSS/fits/results/mocks/ezmock/v1.8e-fph/0.0001-0.3/basemodel-N-fnl/0.8-2.2/QSO-N-0516-P0+P2-mock-cov-4ae05ce33e/2018-10-04_nlopt_15i_chain0__1.npz`
rank #0: 2018-10-04 21:45:36,840 pyRSD.analysis.lbfgs_results INFO     
minimum chi2 = 64.7217463405

Free parameters [ mean ]
_______________
N              : -266.615991929
b1             : 2.4757401269
f_nl           : 13.8824410676
sigma_fog      : 5.50129409951

Constrained parameters [ mean ]
_________________________
b1sigma8       : 0.896796030151
