rank #0: 2018-06-03 08:54:28,208 rsdfit.fitting_driver INFO     rank 56 on nid00680     Calling the 'nlopt' solve function
rank #0: 2018-06-03 08:54:28,208 rsdfit.lbfgs_fitter INFO     running LBFGS for 500 iterations and then stopping
rank #0: 2018-06-03 08:54:28,208 rsdfit.lbfgs_fitter INFO     running LBFGS minimizer with priors
rank #0: 2018-06-03 08:54:28,208 root         INFO     Iter           N          b1        f_nl   sigma_fog   F(X)     
rank #0: 2018-06-03 08:54:28,758 LBFGS        INFO     options = {'factr': 100000.0, 'gtol': 1e-05, 'max_iter': 500, 'test_convergence': False}
rank #0: 2018-06-03 08:54:28,759 LBFGS        PARAM    0000          0.000000          2.000000          0.000000          4.000000        104.231506
rank #0: 2018-06-03 08:54:29,378 LBFGS        PARAM    0001        100.390250          2.131516          2.281310          3.929016         83.703405
rank #0: 2018-06-03 08:54:29,935 LBFGS        PARAM    0002         91.448341          2.365934          7.894522          3.826971         72.709385
rank #0: 2018-06-03 08:54:30,492 LBFGS        PARAM    0003         70.566215          2.341378          7.662529          3.854890         72.324468
rank #0: 2018-06-03 08:54:31,049 LBFGS        PARAM    0004         47.090166          2.344687          8.161140          3.867087         72.124914
rank #0: 2018-06-03 08:54:31,606 LBFGS        PARAM    0005       -114.246228          2.385586         11.477196          3.903122         71.625288
rank #0: 2018-06-03 08:54:32,165 LBFGS        PARAM    0006        -84.076266          2.379310         10.022697          3.834148         71.517888
rank #0: 2018-06-03 08:54:32,722 LBFGS        PARAM    0007        -98.977080          2.384204          8.683084          3.726445         71.422010
rank #0: 2018-06-03 08:54:33,280 LBFGS        PARAM    0008       -146.726352          2.391659          6.282199          3.526705         71.332027
rank #0: 2018-06-03 08:54:33,837 LBFGS        PARAM    0009       -163.338906          2.388938          5.987565          3.483082         71.323067
rank #0: 2018-06-03 08:54:34,394 LBFGS        PARAM    0010       -163.535255          2.390158          6.080909          3.487011         71.322659
rank #0: 2018-06-03 08:54:34,952 LBFGS        PARAM    0011       -163.729761          2.390232          6.115447          3.486948         71.322644
rank #0: 2018-06-03 08:54:35,510 LBFGS        PARAM    0012       -163.961696          2.390201          6.266364          3.486141         71.322597
rank #0: 2018-06-03 08:54:36,069 LBFGS        PARAM    0013       -163.733832          2.389932          6.410646          3.485013         71.322571
rank #0: 2018-06-03 08:54:36,629 LBFGS        PARAM    0014       -163.561940          2.389827          6.429107          3.484782         71.322569
rank #0: 2018-06-03 08:54:37,188 LBFGS        PARAM    0015       -163.552136          2.389823          6.428486          3.484788         71.322569
rank #0: 2018-06-03 08:54:37,746 LBFGS        PARAM    0016       -163.551826          2.389824          6.428339          3.484788         71.322569
rank #0: 2018-06-03 08:54:38,305 LBFGS        PARAM    0017       -163.551838          2.389824          6.428332          3.484788         71.322569
rank #0: 2018-06-03 08:54:38,926 LBFGS        PARAM    0018       -163.551838          2.389824          6.428332          3.484788         71.322569
rank #0: 2018-06-03 08:54:51,988 LBFGS        PARAM    0019       -163.551838          2.389824          6.428332          3.484788         71.322569
rank #0: 2018-06-03 08:54:51,989 LBFGS        INFO     LBFGS iteration 19: the descent direction does not have a sufficient projection (cos(theta)=-9.86e-01, theta=170.4747) into the gradient; using steepest descent at this step!
rank #0: 2018-06-03 08:55:03,330 LBFGS        INFO     Linesearch failed in both LBFGS and gradient directions
rank #0: 2018-06-03 08:55:03,330 LBFGS        PARAM    0019       -163.551838          2.389824          6.428332          3.484788         71.322569
rank #0: 2018-06-03 08:55:03,331 rsdfit.lbfgs_fitter WARNING  ...LBFGS optimization finished. Time elapsed: 0:00:34.57
rank #0: 2018-06-03 08:55:03,331 rsdfit.lbfgs_fitter ERROR    nonlinear fit with method L-BFGS-B failed: Linesearch failed in both LBFGS and gradient directions
rank #0: 2018-06-03 08:55:03,331 rsdfit.fitting_driver INFO     rank 56 on nid00680     ...fitting complete
rank #0: 2018-06-03 08:55:03,334 rsdfit.fitting_driver INFO     rank 56 on nid00680     Saving the results to `/global/cscratch1/sd/nhand/eBOSS/fits/results/mocks/ezmock/v1.8e-fph/0.0001-0.3/basemodel-N-fnl/0.8-2.2/QSO-S-0063-P0+P2-mock-cov-1ab4f6001f/2018-06-03_nlopt_19i_chain0__1.npz`
rank #0: 2018-06-03 08:55:03,389 pyRSD.analysis.lbfgs_results INFO     
minimum chi2 = 71.3225693777

Free parameters [ mean ]
_______________
N              : -163.551838431
b1             : 2.38982352058
f_nl           : 6.42833226818
sigma_fog      : 3.48478848852

Constrained parameters [ mean ]
_________________________
b1sigma8       : 0.89590972775
