rank #0: 2017-11-25 11:58:55,600 rsdfit.fitting_driver INFO     rank 94 on nid00488     Calling the 'nlopt' solve function
rank #0: 2017-11-25 11:58:55,600 rsdfit.lbfgs_fitter INFO     running LBFGS for 500 iterations and then stopping
rank #0: 2017-11-25 11:58:55,600 rsdfit.lbfgs_fitter INFO     running LBFGS minimizer with priors
rank #0: 2017-11-25 11:58:55,600 root         INFO     Iter           N          b1        f_nl   sigma_fog   F(X)     
rank #0: 2017-11-25 11:58:55,656 root         INFO     analytic derivative for parameter 'N' not available; no registered subclass for dPkmu/dN
rank #0: 2017-11-25 11:58:55,946 LBFGS        INFO     options = {'factr': 100000.0, 'gtol': 1e-05, 'max_iter': 500, 'test_convergence': False}
rank #0: 2017-11-25 11:58:55,947 LBFGS        PARAM    0000          0.000000          2.000000          0.000000          4.000000        142.648879
rank #0: 2017-11-25 11:58:56,350 LBFGS        PARAM    0001         10.482858          2.045907          0.402010          3.973275        130.316295
rank #0: 2017-11-25 11:58:56,695 LBFGS        PARAM    0002        -47.357989          2.160363          2.090162          3.922515        116.061954
rank #0: 2017-11-25 11:58:57,039 LBFGS        PARAM    0003       -130.883295          2.194066          3.128685          3.905408        111.411791
rank #0: 2017-11-25 11:58:57,385 LBFGS        PARAM    0004       -472.376791          2.274217          7.927177          3.583209        101.527549
rank #0: 2017-11-25 11:58:57,729 LBFGS        PARAM    0005       -499.921793          2.259404         10.119366          3.465754        100.065518
rank #0: 2017-11-25 11:58:58,075 LBFGS        PARAM    0006       -504.459223          2.252526         11.740182          3.402513         99.522693
rank #0: 2017-11-25 11:58:58,420 LBFGS        PARAM    0007       -525.378030          2.247906         15.763502          3.265198         98.550821
rank #0: 2017-11-25 11:58:58,765 LBFGS        PARAM    0008       -555.360296          2.246846         25.103949          3.105355         97.536394
rank #0: 2017-11-25 11:58:59,111 LBFGS        PARAM    0009       -591.274128          2.243460         41.995643          2.933242         96.651648
rank #0: 2017-11-25 11:58:59,457 LBFGS        PARAM    0010       -576.218950          2.238782         58.229072          2.990990         96.435368
rank #0: 2017-11-25 11:59:00,095 LBFGS        PARAM    0011       -575.242864          2.238552         58.687113          2.994305         96.435274
rank #0: 2017-11-25 11:59:00,675 LBFGS        PARAM    0012       -573.190684          2.238120         59.539757          3.000292         96.435002
rank #0: 2017-11-25 11:59:01,081 LBFGS        PARAM    0013       -556.928928          2.232002         70.175612          3.041922         96.413700
rank #0: 2017-11-25 11:59:25,525 LBFGS        INFO     Linesearch failed in both LBFGS and gradient directions
rank #0: 2017-11-25 11:59:25,526 LBFGS        PARAM    0013       -556.928928          2.232002         70.175612          3.041922         96.413700
rank #0: 2017-11-25 11:59:25,526 rsdfit.lbfgs_fitter WARNING  ...LBFGS optimization finished. Time elapsed: 0:00:29.58
rank #0: 2017-11-25 11:59:25,526 rsdfit.lbfgs_fitter ERROR    nonlinear fit with method L-BFGS-B failed: Linesearch failed in both LBFGS and gradient directions
rank #0: 2017-11-25 11:59:25,527 rsdfit.fitting_driver INFO     rank 94 on nid00488     ...fitting complete
rank #0: 2017-11-25 11:59:25,540 rsdfit.fitting_driver INFO     rank 94 on nid00488     Saving the results to `/global/project/projectdirs/m779/nhand/Research/eBOSS/fits/results/mocks/ezmock/v1.8e-fph/0.0001-0.3/basemodel-N-fnl/0.8-2.2/QSO-S-0109-P0+P2-d10badba55/2017-11-25_nlopt_13i_chain0__1.npz`
rank #0: 2017-11-25 11:59:25,613 pyRSD.analysis.lbfgs_results INFO     
minimum chi2 = 96.4136997012

Free parameters [ mean ]
_______________
N              : -556.92892764
b1             : 2.23200200788
f_nl           : 70.175612224
sigma_fog      : 3.04192207504

Constrained parameters [ mean ]
_________________________
b1sigma8       : 0.888302383627
