rank #0: 2018-06-24 13:00:16,543 rsdfit.fitting_driver INFO     rank 51 on nid00544     Calling the 'nlopt' solve function
rank #0: 2018-06-24 13:00:16,544 rsdfit.lbfgs_fitter INFO     running LBFGS for 500 iterations and then stopping
rank #0: 2018-06-24 13:00:16,544 rsdfit.lbfgs_fitter INFO     running LBFGS minimizer with priors
rank #0: 2018-06-24 13:00:16,545 root         INFO     Iter           N          b1        f_nl   sigma_fog   F(X)     
rank #0: 2018-06-24 13:00:17,127 LBFGS        INFO     options = {'factr': 100000.0, 'gtol': 1e-05, 'max_iter': 500, 'test_convergence': False}
rank #0: 2018-06-24 13:00:17,128 LBFGS        PARAM    0000          0.000000          2.000000          0.000000          4.000000         85.500036
rank #0: 2018-06-24 13:00:17,795 LBFGS        PARAM    0001         -6.192997          2.044400          0.916617          4.003163         80.104783
rank #0: 2018-06-24 13:00:18,379 LBFGS        PARAM    0002       -115.306303          2.161747          4.185401          4.072273         72.431987
rank #0: 2018-06-24 13:00:18,979 LBFGS        PARAM    0003       -210.433535          2.186325          5.374521          4.136324         70.388621
rank #0: 2018-06-24 13:00:19,579 LBFGS        PARAM    0004       -298.405962          2.192892          6.070308          4.183035         69.659800
rank #0: 2018-06-24 13:00:20,168 LBFGS        PARAM    0005       -299.339250          2.194025          6.137775          4.177488         69.656097
rank #0: 2018-06-24 13:00:20,766 LBFGS        PARAM    0006       -302.142422          2.195185          6.283733          4.161401         69.650387
rank #0: 2018-06-24 13:00:21,365 LBFGS        PARAM    0007       -307.262701          2.195581          6.512872          4.132934         69.643342
rank #0: 2018-06-24 13:00:21,965 LBFGS        PARAM    0008       -312.657021          2.194371          6.820189          4.103093         69.637944
rank #0: 2018-06-24 13:00:22,548 LBFGS        PARAM    0009       -313.794598          2.193521          6.974898          4.097466         69.637213
rank #0: 2018-06-24 13:00:23,146 LBFGS        PARAM    0010       -313.704984          2.193269          7.025283          4.097933         69.637141
rank #0: 2018-06-24 13:00:23,745 LBFGS        PARAM    0011       -313.546623          2.193111          7.087965          4.098582         69.637088
rank #0: 2018-06-24 13:00:24,332 LBFGS        PARAM    0012       -313.160962          2.192761          7.311214          4.099786         69.636938
rank #0: 2018-06-24 13:00:24,930 LBFGS        PARAM    0013       -312.626008          2.192282          7.769176          4.100729         69.636685
rank #0: 2018-06-24 13:00:25,528 LBFGS        PARAM    0014       -312.219954          2.191897          8.398962          4.100138         69.636397
rank #0: 2018-06-24 13:00:26,125 LBFGS        PARAM    0015       -312.217498          2.191916          8.663946          4.098761         69.636300
rank #0: 2018-06-24 13:00:26,705 LBFGS        PARAM    0016       -312.301992          2.192014          8.646796          4.098270         69.636292
rank #0: 2018-06-24 13:00:27,301 LBFGS        PARAM    0017       -312.329542          2.192041          8.626029          4.098204         69.636292
rank #0: 2018-06-24 13:00:27,898 LBFGS        PARAM    0018       -312.331993          2.192042          8.623486          4.098203         69.636292
rank #0: 2018-06-24 13:00:28,484 LBFGS        PARAM    0019       -312.332054          2.192042          8.623407          4.098203         69.636292
rank #0: 2018-06-24 13:00:29,077 LBFGS        PARAM    0020       -312.332048          2.192042          8.623408          4.098203         69.636292
rank #0: 2018-06-24 13:00:29,742 LBFGS        PARAM    0021       -312.332043          2.192042          8.623408          4.098203         69.636292
rank #0: 2018-06-24 13:00:30,342 LBFGS        PARAM    0022       -312.332044          2.192042          8.623407          4.098203         69.636292
rank #0: 2018-06-24 13:00:30,991 LBFGS        PARAM    0023       -312.332044          2.192042          8.623407          4.098203         69.636292
rank #0: 2018-06-24 13:00:56,179 LBFGS        INFO     Linesearch failed in both LBFGS and gradient directions
rank #0: 2018-06-24 13:00:56,180 LBFGS        PARAM    0023       -312.332044          2.192042          8.623407          4.098203         69.636292
rank #0: 2018-06-24 13:00:56,181 rsdfit.lbfgs_fitter WARNING  ...LBFGS optimization finished. Time elapsed: 0:00:39.05
rank #0: 2018-06-24 13:00:56,182 rsdfit.lbfgs_fitter ERROR    nonlinear fit with method L-BFGS-B failed: Linesearch failed in both LBFGS and gradient directions
rank #0: 2018-06-24 13:00:56,183 rsdfit.fitting_driver INFO     rank 51 on nid00544     ...fitting complete
rank #0: 2018-06-24 13:00:56,186 rsdfit.fitting_driver INFO     rank 51 on nid00544     Saving the results to `/global/cscratch1/sd/nhand/eBOSS/fits/results/mocks/ezmock/v1.8e-fph/0.005-0.3/basemodel-N-fnl/0.8-2.2/QSO-N-0492-P0+P2-mock-cov-8973e9cf3e/2018-06-24_nlopt_23i_chain0__1.npz`
rank #0: 2018-06-24 13:00:56,214 pyRSD.analysis.lbfgs_results INFO     
minimum chi2 = 69.6362921208

Free parameters [ mean ]
_______________
N              : -312.332043773
b1             : 2.19204233804
f_nl           : 8.62340735886
sigma_fog      : 4.09820295875

Constrained parameters [ mean ]
_________________________
b1sigma8       : 0.873119421086
