rank #0: 2018-07-15 19:23:57,375 rsdfit.fitting_driver INFO     rank 30 on nid00567     Calling the 'nlopt' solve function
rank #0: 2018-07-15 19:23:57,376 rsdfit.lbfgs_fitter INFO     running LBFGS for 500 iterations and then stopping
rank #0: 2018-07-15 19:23:57,377 rsdfit.lbfgs_fitter INFO     running LBFGS minimizer with priors
rank #0: 2018-07-15 19:23:57,378 root         INFO     Iter           N          b1        f_nl   sigma_fog   F(X)     
rank #0: 2018-07-15 19:23:57,962 LBFGS        INFO     options = {'factr': 100000.0, 'gtol': 1e-05, 'max_iter': 500, 'test_convergence': False}
rank #0: 2018-07-15 19:23:57,963 LBFGS        PARAM    0000          0.000000          2.000000          0.000000          4.000000         96.444260
rank #0: 2018-07-15 19:23:58,620 LBFGS        PARAM    0001        -14.937012          2.049421          1.330737          4.011029         89.844378
rank #0: 2018-07-15 19:23:59,221 LBFGS        PARAM    0002       -180.002958          2.193051          7.092008          4.130608         78.699643
rank #0: 2018-07-15 19:23:59,823 LBFGS        PARAM    0003       -300.655551          2.215420          9.553271          4.224124         75.881193
rank #0: 2018-07-15 19:24:00,408 LBFGS        PARAM    0004       -366.190400          2.215282         11.806549          4.276798         75.315139
rank #0: 2018-07-15 19:24:01,006 LBFGS        PARAM    0005       -367.435155          2.215647         12.524283          4.278124         75.299714
rank #0: 2018-07-15 19:24:01,604 LBFGS        PARAM    0006       -365.332925          2.210596         22.437212          4.279887         75.177063
rank #0: 2018-07-15 19:24:02,193 LBFGS        PARAM    0007       -357.296878          2.205453         24.125526          4.267050         75.163283
rank #0: 2018-07-15 19:24:02,783 LBFGS        PARAM    0008       -355.504297          2.204693         24.083874          4.263172         75.162802
rank #0: 2018-07-15 19:24:03,382 LBFGS        PARAM    0009       -355.647178          2.204677         24.108394          4.262281         75.162780
rank #0: 2018-07-15 19:24:03,981 LBFGS        PARAM    0010       -356.576843          2.204715         24.116734          4.258100         75.162730
rank #0: 2018-07-15 19:24:04,566 LBFGS        PARAM    0011       -356.587486          2.204723         24.114650          4.258091         75.162730
rank #0: 2018-07-15 19:24:05,168 LBFGS        PARAM    0012       -356.587763          2.204723         24.114628          4.258092         75.162730
rank #0: 2018-07-15 19:24:05,770 LBFGS        PARAM    0013       -356.587795          2.204723         24.114616          4.258092         75.162730
rank #0: 2018-07-15 19:24:06,363 LBFGS        PARAM    0014       -356.587773          2.204723         24.114615          4.258092         75.162730
rank #0: 2018-07-15 19:24:20,855 LBFGS        PARAM    0015       -356.587772          2.204723         24.114615          4.258092         75.162730
rank #0: 2018-07-15 19:24:21,514 LBFGS        PARAM    0016       -356.587772          2.204723         24.114615          4.258092         75.162730
rank #0: 2018-07-15 19:24:47,064 LBFGS        INFO     Linesearch failed in both LBFGS and gradient directions
rank #0: 2018-07-15 19:24:47,065 LBFGS        PARAM    0016       -356.587772          2.204723         24.114615          4.258092         75.162730
rank #0: 2018-07-15 19:24:47,066 rsdfit.lbfgs_fitter WARNING  ...LBFGS optimization finished. Time elapsed: 0:00:49.10
rank #0: 2018-07-15 19:24:47,067 rsdfit.lbfgs_fitter ERROR    nonlinear fit with method L-BFGS-B failed: Linesearch failed in both LBFGS and gradient directions
rank #0: 2018-07-15 19:24:47,068 rsdfit.fitting_driver INFO     rank 30 on nid00567     ...fitting complete
rank #0: 2018-07-15 19:24:47,071 rsdfit.fitting_driver INFO     rank 30 on nid00567     Saving the results to `/global/cscratch1/sd/nhand/eBOSS/fits/results/mocks/ezmock/v1.8e-fph/0.0001-0.3/basemodel-N-fnl/0.8-2.2/QSO-N-0493-P0+P2-mock-cov-8973e9cf3e/2018-07-15_nlopt_16i_chain0__1.npz`
rank #0: 2018-07-15 19:24:47,095 pyRSD.analysis.lbfgs_results INFO     
minimum chi2 = 75.162730061

Free parameters [ mean ]
_______________
N              : -356.587771655
b1             : 2.20472276332
f_nl           : 24.1146147568
sigma_fog      : 4.25809163098

Constrained parameters [ mean ]
_________________________
b1sigma8       : 0.878170201988
