rank #0: 2018-06-24 11:30:21,756 rsdfit.fitting_driver INFO     rank 62 on nid00617     Calling the 'nlopt' solve function
rank #0: 2018-06-24 11:30:21,757 rsdfit.lbfgs_fitter INFO     running LBFGS for 500 iterations and then stopping
rank #0: 2018-06-24 11:30:21,758 rsdfit.lbfgs_fitter INFO     running LBFGS minimizer with priors
rank #0: 2018-06-24 11:30:21,758 root         INFO     Iter           N          b1        f_nl   sigma_fog   F(X)     
rank #0: 2018-06-24 11:30:22,351 LBFGS        INFO     options = {'factr': 100000.0, 'gtol': 1e-05, 'max_iter': 500, 'test_convergence': False}
rank #0: 2018-06-24 11:30:22,352 LBFGS        PARAM    0000          0.000000          2.000000          0.000000          4.000000         96.545009
rank #0: 2018-06-24 11:30:23,023 LBFGS        PARAM    0001        -14.754596          2.049515          1.331113          4.010912         89.910197
rank #0: 2018-06-24 11:30:23,612 LBFGS        PARAM    0002       -179.360599          2.193557          7.099070          4.130191         78.720507
rank #0: 2018-06-24 11:30:24,216 LBFGS        PARAM    0003       -299.864836          2.216006          9.559418          4.223640         75.888416
rank #0: 2018-06-24 11:30:24,821 LBFGS        PARAM    0004       -366.392905          2.215996         11.836104          4.277153         75.308507
rank #0: 2018-06-24 11:30:25,424 LBFGS        PARAM    0005       -367.615750          2.216372         12.555712          4.278469         75.293026
rank #0: 2018-06-24 11:30:26,009 LBFGS        PARAM    0006       -365.429808          2.211432         22.376213          4.280270         75.171642
rank #0: 2018-06-24 11:30:26,612 LBFGS        PARAM    0007       -357.523601          2.206310         24.036247          4.267796         75.157946
rank #0: 2018-06-24 11:30:27,214 LBFGS        PARAM    0008       -355.708979          2.205498         23.998934          4.263897         75.157443
rank #0: 2018-06-24 11:30:27,798 LBFGS        PARAM    0009       -355.852325          2.205481         24.024943          4.263002         75.157420
rank #0: 2018-06-24 11:30:28,399 LBFGS        PARAM    0010       -356.815597          2.205520         24.034365          4.258647         75.157366
rank #0: 2018-06-24 11:30:29,001 LBFGS        PARAM    0011       -356.828411          2.205528         24.031566          4.258629         75.157366
rank #0: 2018-06-24 11:30:29,607 LBFGS        PARAM    0012       -356.828677          2.205528         24.031558          4.258629         75.157366
rank #0: 2018-06-24 11:30:30,191 LBFGS        PARAM    0013       -356.828667          2.205528         24.031551          4.258629         75.157366
rank #0: 2018-06-24 11:30:44,778 LBFGS        PARAM    0014       -356.828682          2.205528         24.031551          4.258629         75.157366
rank #0: 2018-06-24 11:30:59,364 LBFGS        PARAM    0015       -356.828678          2.205528         24.031551          4.258629         75.157366
rank #0: 2018-06-24 11:31:25,450 LBFGS        INFO     Linesearch failed in both LBFGS and gradient directions
rank #0: 2018-06-24 11:31:25,451 LBFGS        PARAM    0015       -356.828678          2.205528         24.031551          4.258629         75.157366
rank #0: 2018-06-24 11:31:25,452 rsdfit.lbfgs_fitter WARNING  ...LBFGS optimization finished. Time elapsed: 0:01:03.10
rank #0: 2018-06-24 11:31:25,453 rsdfit.lbfgs_fitter ERROR    nonlinear fit with method L-BFGS-B failed: Linesearch failed in both LBFGS and gradient directions
rank #0: 2018-06-24 11:31:25,454 rsdfit.fitting_driver INFO     rank 62 on nid00617     ...fitting complete
rank #0: 2018-06-24 11:31:25,457 rsdfit.fitting_driver INFO     rank 62 on nid00617     Saving the results to `/global/cscratch1/sd/nhand/eBOSS/fits/results/mocks/ezmock/v1.8e-fph/0.0001-0.3/basemodel-N-fnl/0.8-2.2/QSO-N-0493-P0+P2-mock-cov-8973e9cf3e/2018-06-24_nlopt_15i_chain0__1.npz`
rank #0: 2018-06-24 11:31:25,484 pyRSD.analysis.lbfgs_results INFO     
minimum chi2 = 75.157365724

Free parameters [ mean ]
_______________
N              : -356.828678228
b1             : 2.20552833322
f_nl           : 24.0315511249
sigma_fog      : 4.25862909009

Constrained parameters [ mean ]
_________________________
b1sigma8       : 0.878491071122
