rank #0: 2019-02-16 13:51:16,047 rsdfit.fitting_driver INFO     rank 17 on nid00541     Calling the 'nlopt' solve function
rank #0: 2019-02-16 13:51:16,048 rsdfit.lbfgs_fitter INFO     running LBFGS for 500 iterations and then stopping
rank #0: 2019-02-16 13:51:16,048 rsdfit.lbfgs_fitter INFO     running LBFGS minimizer with priors
rank #0: 2019-02-16 13:51:16,048 root         INFO     Iter           N          b1        f_nl   sigma_fog   F(X)     
rank #0: 2019-02-16 13:51:16,048 rsdfit.lbfgs_fitter INFO     computing gradient using numerical derivative of lnlike()
rank #0: 2019-02-16 13:51:17,151 LBFGS        INFO     options = {'factr': 100000.0, 'gtol': 1e-05, 'max_iter': 500, 'test_convergence': False}
rank #0: 2019-02-16 13:51:17,152 LBFGS        PARAM    0000          0.000000          2.000000          0.000000          4.000000         96.649790
rank #0: 2019-02-16 13:51:18,409 LBFGS        PARAM    0001        -12.741396          2.070135          1.652313          4.014482         87.342083
rank #0: 2019-02-16 13:51:19,544 LBFGS        PARAM    0002       -199.194654          2.260778          8.063269          4.188281         73.512763
rank #0: 2019-02-16 13:51:20,680 LBFGS        PARAM    0003       -335.531722          2.288784         10.122762          4.339590         69.826647
rank #0: 2019-02-16 13:51:21,814 LBFGS        PARAM    0004       -418.305365          2.294543         11.669782          4.491592         68.845012
rank #0: 2019-02-16 13:51:22,949 LBFGS        PARAM    0005       -416.785406          2.295884         12.157090          4.527624         68.781273
rank #0: 2019-02-16 13:51:24,083 LBFGS        PARAM    0006       -350.520564          2.296794         17.444645          4.899732         68.342543
rank #0: 2019-02-16 13:51:25,220 LBFGS        PARAM    0007       -316.548005          2.291102         21.242861          4.972272         68.294529
rank #0: 2019-02-16 13:51:26,361 LBFGS        PARAM    0008       -312.230344          2.289417         22.252393          4.977131         68.292157
rank #0: 2019-02-16 13:51:27,499 LBFGS        PARAM    0009       -310.118929          2.287427         23.988764          4.974517         68.289205
rank #0: 2019-02-16 13:51:28,639 LBFGS        PARAM    0010       -313.063977          2.286147         25.784710          4.962610         68.287159
rank #0: 2019-02-16 13:51:29,779 LBFGS        PARAM    0011       -314.146330          2.286049         25.832688          4.958811         68.287100
rank #0: 2019-02-16 13:51:30,919 LBFGS        PARAM    0012       -314.301434          2.286105         25.806921          4.958413         68.287099
rank #0: 2019-02-16 13:51:32,057 LBFGS        PARAM    0013       -314.309767          2.286111         25.801136          4.958417         68.287099
rank #0: 2019-02-16 13:51:33,197 LBFGS        PARAM    0014       -314.309624          2.286112         25.801033          4.958422         68.287099
rank #0: 2019-02-16 13:51:34,336 LBFGS        PARAM    0015       -314.309627          2.286112         25.801029          4.958422         68.287099
rank #0: 2019-02-16 13:51:35,477 LBFGS        PARAM    0016       -314.309630          2.286112         25.801029          4.958422         68.287099
rank #0: 2019-02-16 13:52:25,839 LBFGS        INFO     Linesearch failed in both LBFGS and gradient directions
rank #0: 2019-02-16 13:52:25,840 LBFGS        PARAM    0016       -314.309630          2.286112         25.801029          4.958422         68.287099
rank #0: 2019-02-16 13:52:25,840 rsdfit.lbfgs_fitter WARNING  ...LBFGS optimization finished. Time elapsed: 0:01:08.69
rank #0: 2019-02-16 13:52:25,840 rsdfit.lbfgs_fitter ERROR    nonlinear fit with method L-BFGS-B failed: Linesearch failed in both LBFGS and gradient directions
rank #0: 2019-02-16 13:52:25,841 rsdfit.fitting_driver INFO     rank 17 on nid00541     ...fitting complete
rank #0: 2019-02-16 13:52:25,845 rsdfit.fitting_driver INFO     rank 17 on nid00541     Saving the results to `/global/cscratch1/sd/nhand/eBOSS/fits/results/mocks/ezmock/v1.8e-fph/0.005-0.3/basemodel-N-fnl/0.8-2.2/QSO-N-0101-P0+P2-mock-cov-df4d289b36/2019-02-16_nlopt_16i_chain0__1.npz`
rank #0: 2019-02-16 13:52:25,852 pyRSD.analysis.lbfgs_results INFO     
minimum chi2 = 68.2870991552438

Free parameters [ mean ]
_______________
N              : -314.30962978776887
b1             : 2.2861118149099187
f_nl           : 25.801029426669892
sigma_fog      : 4.958421945808189

Constrained parameters [ mean ]
_________________________
b1sigma8       : 0.857029732975457
