rank #0: 2018-12-30 16:30:12,275 rsdfit.fitting_driver INFO     rank 34 on nid00554     Calling the 'nlopt' solve function
rank #0: 2018-12-30 16:30:12,275 rsdfit.lbfgs_fitter INFO     running LBFGS for 500 iterations and then stopping
rank #0: 2018-12-30 16:30:12,275 rsdfit.lbfgs_fitter INFO     running LBFGS minimizer with priors
rank #0: 2018-12-30 16:30:12,276 root         INFO     Iter           N          b1        f_nl   sigma_fog   F(X)     
rank #0: 2018-12-30 16:30:12,276 rsdfit.lbfgs_fitter INFO     computing gradient using numerical derivative of lnlike()
rank #0: 2018-12-30 16:30:13,442 LBFGS        INFO     options = {'factr': 100000.0, 'gtol': 1e-05, 'max_iter': 500, 'test_convergence': False}
rank #0: 2018-12-30 16:30:13,442 LBFGS        PARAM    0000          0.000000          2.000000          0.000000          4.000000        130.428688
rank #0: 2018-12-30 16:30:14,816 LBFGS        PARAM    0001        -20.034553          2.104371          1.754368          4.005593        111.686247
rank #0: 2018-12-30 16:30:16,041 LBFGS        PARAM    0002       -308.816573          2.391433          7.529867          4.183047         85.621758
rank #0: 2018-12-30 16:30:18,184 LBFGS        PARAM    0003       -478.446301          2.405130          6.296585          4.323477         78.894083
rank #0: 2018-12-30 16:30:19,408 LBFGS        PARAM    0004       -619.034111          2.424831          3.339808          4.437549         77.191615
rank #0: 2018-12-30 16:30:20,656 LBFGS        PARAM    0005       -623.522461          2.426005          0.778246          4.439702         77.055773
rank #0: 2018-12-30 16:30:21,883 LBFGS        PARAM    0006       -654.872049          2.452950        -24.562764          4.447175         76.187911
rank #0: 2018-12-30 16:30:23,131 LBFGS        PARAM    0007       -656.246325          2.469516        -39.168705          4.448872         76.042947
rank #0: 2018-12-30 16:30:24,367 LBFGS        PARAM    0008       -653.238268          2.466742        -36.561282          4.447920         76.038861
rank #0: 2018-12-30 16:30:25,601 LBFGS        PARAM    0009       -653.428845          2.467458        -37.092861          4.449619         76.038539
rank #0: 2018-12-30 16:30:26,856 LBFGS        PARAM    0010       -653.404344          2.467487        -37.120967          4.449768         76.038539
rank #0: 2018-12-30 16:30:28,089 LBFGS        PARAM    0011       -653.399037          2.467487        -37.120495          4.449797         76.038539
rank #0: 2018-12-30 16:30:29,342 LBFGS        PARAM    0012       -653.397306          2.467486        -37.120397          4.449803         76.038539
rank #0: 2018-12-30 16:30:30,577 LBFGS        PARAM    0013       -653.397319          2.467486        -37.120398          4.449803         76.038539
rank #0: 2018-12-30 16:30:31,810 LBFGS        PARAM    0014       -653.397320          2.467486        -37.120398          4.449803         76.038539
rank #0: 2018-12-30 16:30:33,344 LBFGS        PARAM    0015       -653.397320          2.467486        -37.120398          4.449803         76.038539
rank #0: 2018-12-30 16:30:34,577 LBFGS        PARAM    0016       -653.397319          2.467486        -37.120398          4.449803         76.038539
rank #0: 2018-12-30 16:31:28,213 LBFGS        INFO     Linesearch failed in both LBFGS and gradient directions
rank #0: 2018-12-30 16:31:28,214 LBFGS        PARAM    0016       -653.397319          2.467486        -37.120398          4.449803         76.038539
rank #0: 2018-12-30 16:31:28,214 rsdfit.lbfgs_fitter WARNING  ...LBFGS optimization finished. Time elapsed: 0:01:14.77
rank #0: 2018-12-30 16:31:28,215 rsdfit.lbfgs_fitter ERROR    nonlinear fit with method L-BFGS-B failed: Linesearch failed in both LBFGS and gradient directions
rank #0: 2018-12-30 16:31:28,216 rsdfit.fitting_driver INFO     rank 34 on nid00554     ...fitting complete
rank #0: 2018-12-30 16:31:28,219 rsdfit.fitting_driver INFO     rank 34 on nid00554     Saving the results to `/global/cscratch1/sd/nhand/eBOSS/fits/results/mocks/ezmock/v1.8e-fph/0.0001-0.3/basemodel-N-fnl/0.8-2.2/QSO-N-0149-P0+P2-mock-cov-baf378684d/2018-12-30_nlopt_16i_chain0__1.npz`
rank #0: 2018-12-30 16:31:28,473 pyRSD.analysis.lbfgs_results INFO     
minimum chi2 = 76.0385385436

Free parameters [ mean ]
_______________
N              : -653.39731935
b1             : 2.46748636129
f_nl           : -37.1203976838
sigma_fog      : 4.44980273858

Constrained parameters [ mean ]
_________________________
b1sigma8       : 0.925024385746
