rank #0: 2018-10-04 22:51:55,074 rsdfit.fitting_driver INFO     rank 39 on nid02292     Calling the 'nlopt' solve function
rank #0: 2018-10-04 22:51:55,076 rsdfit.lbfgs_fitter INFO     running LBFGS for 500 iterations and then stopping
rank #0: 2018-10-04 22:51:55,076 rsdfit.lbfgs_fitter INFO     running LBFGS minimizer with priors
rank #0: 2018-10-04 22:51:55,077 root         INFO     Iter           N          b1        f_nl   sigma_fog   F(X)     
rank #0: 2018-10-04 22:51:55,077 rsdfit.lbfgs_fitter INFO     computing gradient using numerical derivative of lnlike()
rank #0: 2018-10-04 22:51:56,237 LBFGS        INFO     options = {'factr': 100000.0, 'gtol': 1e-05, 'max_iter': 500, 'test_convergence': False}
rank #0: 2018-10-04 22:51:56,239 LBFGS        PARAM    0000          0.000000          2.000000          0.000000          4.000000        133.212528
rank #0: 2018-10-04 22:51:57,586 LBFGS        PARAM    0001         12.580203          2.141272          1.135420          3.998880        110.071401
rank #0: 2018-10-04 22:51:58,786 LBFGS        PARAM    0002       -143.901481          2.447448          6.275612          4.231431         86.656987
rank #0: 2018-10-04 22:52:00,010 LBFGS        PARAM    0003       -355.549922          2.512594          7.710098          4.447342         78.624467
rank #0: 2018-10-04 22:52:01,213 LBFGS        PARAM    0004       -580.694371          2.536069          6.838225          4.747197         74.893638
rank #0: 2018-10-04 22:52:02,425 LBFGS        PARAM    0005       -575.627302          2.544345          6.648490          4.759980         74.852887
rank #0: 2018-10-04 22:52:03,634 LBFGS        PARAM    0006       -569.480658          2.545456          6.199188          4.774470         74.836009
rank #0: 2018-10-04 22:52:04,832 LBFGS        PARAM    0007       -539.256847          2.549989          2.914079          4.886181         74.758242
rank #0: 2018-10-04 22:52:06,049 LBFGS        PARAM    0008       -521.965314          2.551609         -0.485164          4.985502         74.712898
rank #0: 2018-10-04 22:52:07,246 LBFGS        PARAM    0009       -519.126940          2.552994         -4.854965          5.038711         74.682915
rank #0: 2018-10-04 22:52:08,463 LBFGS        PARAM    0010       -523.201788          2.554811         -9.654465          5.063766         74.664331
rank #0: 2018-10-04 22:52:09,663 LBFGS        PARAM    0011       -528.992323          2.557118        -14.079624          5.064122         74.650075
rank #0: 2018-10-04 22:52:10,873 LBFGS        PARAM    0012       -539.997934          2.562996        -22.772031          5.044586         74.625710
rank #0: 2018-10-04 22:52:12,104 LBFGS        PARAM    0013       -543.539152          2.569743        -29.634987          5.020577         74.609408
rank #0: 2018-10-04 22:52:13,311 LBFGS        PARAM    0014       -545.407777          2.570412        -29.800132          5.005974         74.608447
rank #0: 2018-10-04 22:52:14,528 LBFGS        PARAM    0015       -545.671340          2.570244        -29.457048          5.003037         74.608410
rank #0: 2018-10-04 22:52:15,724 LBFGS        PARAM    0016       -545.645337          2.570192        -29.382165          5.002932         74.608409
rank #0: 2018-10-04 22:52:16,936 LBFGS        PARAM    0017       -545.632299          2.570190        -29.377358          5.002973         74.608409
rank #0: 2018-10-04 22:52:18,134 LBFGS        PARAM    0018       -545.634932          2.570189        -29.377445          5.002965         74.608409
rank #0: 2018-10-04 22:52:19,330 LBFGS        PARAM    0019       -545.634975          2.570189        -29.377418          5.002965         74.608409
rank #0: 2018-10-04 22:52:20,546 LBFGS        PARAM    0020       -545.634993          2.570189        -29.377423          5.002965         74.608409
rank #0: 2018-10-04 22:52:21,747 LBFGS        PARAM    0021       -545.635019          2.570189        -29.377429          5.002965         74.608409
rank #0: 2018-10-04 22:52:22,975 LBFGS        PARAM    0022       -545.634997          2.570189        -29.377425          5.002965         74.608409
rank #0: 2018-10-04 22:53:17,196 LBFGS        INFO     Linesearch failed in both LBFGS and gradient directions
rank #0: 2018-10-04 22:53:17,197 LBFGS        PARAM    0022       -545.634997          2.570189        -29.377425          5.002965         74.608409
rank #0: 2018-10-04 22:53:17,198 rsdfit.lbfgs_fitter WARNING  ...LBFGS optimization finished. Time elapsed: 0:01:20.96
rank #0: 2018-10-04 22:53:17,199 rsdfit.lbfgs_fitter ERROR    nonlinear fit with method L-BFGS-B failed: Linesearch failed in both LBFGS and gradient directions
rank #0: 2018-10-04 22:53:17,200 rsdfit.fitting_driver INFO     rank 39 on nid02292     ...fitting complete
rank #0: 2018-10-04 22:53:17,206 rsdfit.fitting_driver INFO     rank 39 on nid02292     Saving the results to `/global/cscratch1/sd/nhand/eBOSS/fits/results/mocks/ezmock/v1.8e-fph/0.005-0.3/basemodel-N-fnl/0.8-2.2/QSO-N-0709-P0+P2-mock-cov-4ae05ce33e/2018-10-04_nlopt_22i_chain0__1.npz`
rank #0: 2018-10-04 22:53:17,296 pyRSD.analysis.lbfgs_results INFO     
minimum chi2 = 74.6084090048

Free parameters [ mean ]
_______________
N              : -545.634996684
b1             : 2.57018904748
f_nl           : -29.3774245886
sigma_fog      : 5.00296470909

Constrained parameters [ mean ]
_________________________
b1sigma8       : 0.931008593945
