rank #0: 2018-06-24 13:04:30,189 rsdfit.fitting_driver INFO     rank 12 on nid00545     Calling the 'nlopt' solve function
rank #0: 2018-06-24 13:04:30,191 rsdfit.lbfgs_fitter INFO     running LBFGS for 500 iterations and then stopping
rank #0: 2018-06-24 13:04:30,191 rsdfit.lbfgs_fitter INFO     running LBFGS minimizer with priors
rank #0: 2018-06-24 13:04:30,192 root         INFO     Iter           N          b1        f_nl   sigma_fog   F(X)     
rank #0: 2018-06-24 13:04:30,772 LBFGS        INFO     options = {'factr': 100000.0, 'gtol': 1e-05, 'max_iter': 500, 'test_convergence': False}
rank #0: 2018-06-24 13:04:30,774 LBFGS        PARAM    0000          0.000000          2.000000          0.000000          4.000000         89.421274
rank #0: 2018-06-24 13:04:31,435 LBFGS        PARAM    0001        -21.278997          2.059377          1.821311          4.016058         84.744516
rank #0: 2018-06-24 13:04:32,013 LBFGS        PARAM    0002       -236.436813          2.235059         10.243849          4.181457         76.353061
rank #0: 2018-06-24 13:04:32,611 LBFGS        PARAM    0003       -388.412630          2.261777         14.544397          4.316594         74.049041
rank #0: 2018-06-24 13:04:33,211 LBFGS        PARAM    0004       -446.910551          2.259586         18.652596          4.389135         73.651798
rank #0: 2018-06-24 13:04:33,805 LBFGS        PARAM    0005       -452.368795          2.258844         21.060806          4.408880         73.583449
rank #0: 2018-06-24 13:04:34,384 LBFGS        PARAM    0006       -450.205312          2.247196         39.972761          4.526835         73.186745
rank #0: 2018-06-24 13:04:34,977 LBFGS        PARAM    0007       -412.812365          2.231133         58.035222          4.598466         72.919406
rank #0: 2018-06-24 13:04:35,572 LBFGS        PARAM    0008       -378.482040          2.218974         65.930803          4.540449         72.802725
rank #0: 2018-06-24 13:04:36,151 LBFGS        PARAM    0009       -373.174443          2.217775         65.497755          4.510051         72.796000
rank #0: 2018-06-24 13:04:36,745 LBFGS        PARAM    0010       -374.003576          2.217963         65.454410          4.504745         72.795666
rank #0: 2018-06-24 13:04:37,341 LBFGS        PARAM    0011       -377.303395          2.217995         65.519130          4.488371         72.794961
rank #0: 2018-06-24 13:04:37,935 LBFGS        PARAM    0012       -379.044842          2.217597         65.812052          4.483215         72.794786
rank #0: 2018-06-24 13:04:38,515 LBFGS        PARAM    0013       -379.174660          2.217648         65.815792          4.483405         72.794785
rank #0: 2018-06-24 13:04:39,110 LBFGS        PARAM    0014       -379.170548          2.217645         65.813177          4.483410         72.794785
rank #0: 2018-06-24 13:04:39,706 LBFGS        PARAM    0015       -379.169682          2.217645         65.813318          4.483413         72.794785
rank #0: 2018-06-24 13:04:40,289 LBFGS        PARAM    0016       -379.169653          2.217645         65.813324          4.483413         72.794785
rank #0: 2018-06-24 13:04:40,889 LBFGS        PARAM    0017       -379.169601          2.217645         65.813328          4.483413         72.794785
rank #0: 2018-06-24 13:04:41,486 LBFGS        PARAM    0018       -379.169629          2.217645         65.813325          4.483413         72.794785
rank #0: 2018-06-24 13:05:07,103 LBFGS        INFO     Linesearch failed in both LBFGS and gradient directions
rank #0: 2018-06-24 13:05:07,105 LBFGS        PARAM    0018       -379.169629          2.217645         65.813325          4.483413         72.794785
rank #0: 2018-06-24 13:05:07,106 rsdfit.lbfgs_fitter WARNING  ...LBFGS optimization finished. Time elapsed: 0:00:36.33
rank #0: 2018-06-24 13:05:07,108 rsdfit.lbfgs_fitter ERROR    nonlinear fit with method L-BFGS-B failed: Linesearch failed in both LBFGS and gradient directions
rank #0: 2018-06-24 13:05:07,109 rsdfit.fitting_driver INFO     rank 12 on nid00545     ...fitting complete
rank #0: 2018-06-24 13:05:07,113 rsdfit.fitting_driver INFO     rank 12 on nid00545     Saving the results to `/global/cscratch1/sd/nhand/eBOSS/fits/results/mocks/ezmock/v1.8e-fph/0.005-0.3/basemodel-N-fnl/0.8-2.2/QSO-S-0811-P0+P2-mock-cov-8973e9cf3e/2018-06-24_nlopt_18i_chain0__1.npz`
rank #0: 2018-06-24 13:05:07,140 pyRSD.analysis.lbfgs_results INFO     
minimum chi2 = 72.79478507

Free parameters [ mean ]
_______________
N              : -379.169628896
b1             : 2.21764482963
f_nl           : 65.8133252324
sigma_fog      : 4.48341339102

Constrained parameters [ mean ]
_________________________
b1sigma8       : 0.883317231706
