rank #0: 2018-07-16 19:45:24,731 rsdfit.fitting_driver INFO     rank 47 on nid00619     Calling the 'nlopt' solve function
rank #0: 2018-07-16 19:45:24,731 rsdfit.lbfgs_fitter INFO     running LBFGS for 500 iterations and then stopping
rank #0: 2018-07-16 19:45:24,732 rsdfit.lbfgs_fitter INFO     running LBFGS minimizer with priors
rank #0: 2018-07-16 19:45:24,732 root         INFO     Iter           N          b1        f_nl   sigma_fog   F(X)     
rank #0: 2018-07-16 19:45:25,312 LBFGS        INFO     options = {'factr': 100000.0, 'gtol': 1e-05, 'max_iter': 500, 'test_convergence': False}
rank #0: 2018-07-16 19:45:25,313 LBFGS        PARAM    0000          0.000000          2.000000          0.000000          4.000000         93.770435
rank #0: 2018-07-16 19:45:25,965 LBFGS        PARAM    0001         -6.777998          2.049777          1.071893          4.004492         86.982423
rank #0: 2018-07-16 19:45:26,549 LBFGS        PARAM    0002       -128.863129          2.182004          5.042308          4.087770         77.345142
rank #0: 2018-07-16 19:45:27,141 LBFGS        PARAM    0003       -232.209051          2.207319          6.537154          4.163105         74.790206
rank #0: 2018-07-16 19:45:27,732 LBFGS        PARAM    0004       -329.310060          2.214407          7.914493          4.228579         73.851472
rank #0: 2018-07-16 19:45:28,308 LBFGS        PARAM    0005       -329.544202          2.215448          8.169071          4.225201         73.847833
rank #0: 2018-07-16 19:45:28,899 LBFGS        PARAM    0006       -330.313664          2.216102          8.786838          4.216685         73.842768
rank #0: 2018-07-16 19:45:29,490 LBFGS        PARAM    0007       -332.757995          2.216040         10.379240          4.195069         73.832721
rank #0: 2018-07-16 19:45:30,076 LBFGS        PARAM    0008       -337.231224          2.214068         13.169885          4.159033         73.818747
rank #0: 2018-07-16 19:45:30,660 LBFGS        PARAM    0009       -337.850923          2.209559         16.998155          4.141319         73.803544
rank #0: 2018-07-16 19:45:31,257 LBFGS        PARAM    0010       -335.741863          2.206161         19.175300          4.144585         73.798657
rank #0: 2018-07-16 19:45:31,852 LBFGS        PARAM    0011       -334.385907          2.205734         19.315030          4.151343         73.798150
rank #0: 2018-07-16 19:45:32,429 LBFGS        PARAM    0012       -332.989191          2.205645         19.410834          4.158126         73.797835
rank #0: 2018-07-16 19:45:33,020 LBFGS        PARAM    0013       -332.001598          2.205777         19.711046          4.161480         73.797652
rank #0: 2018-07-16 19:45:33,609 LBFGS        PARAM    0014       -331.952814          2.205784         19.684970          4.161517         73.797651
rank #0: 2018-07-16 19:45:34,195 LBFGS        PARAM    0015       -331.953607          2.205786         19.682913          4.161528         73.797651
rank #0: 2018-07-16 19:45:34,769 LBFGS        PARAM    0016       -331.953593          2.205786         19.682867          4.161529         73.797651
rank #0: 2018-07-16 19:45:35,358 LBFGS        PARAM    0017       -331.953600          2.205786         19.682867          4.161529         73.797651
rank #0: 2018-07-16 19:46:01,021 LBFGS        INFO     Linesearch failed in both LBFGS and gradient directions
rank #0: 2018-07-16 19:46:01,022 LBFGS        PARAM    0017       -331.953600          2.205786         19.682867          4.161529         73.797651
rank #0: 2018-07-16 19:46:01,023 rsdfit.lbfgs_fitter WARNING  ...LBFGS optimization finished. Time elapsed: 0:00:35.71
rank #0: 2018-07-16 19:46:01,023 rsdfit.lbfgs_fitter ERROR    nonlinear fit with method L-BFGS-B failed: Linesearch failed in both LBFGS and gradient directions
rank #0: 2018-07-16 19:46:01,024 rsdfit.fitting_driver INFO     rank 47 on nid00619     ...fitting complete
rank #0: 2018-07-16 19:46:01,028 rsdfit.fitting_driver INFO     rank 47 on nid00619     Saving the results to `/global/cscratch1/sd/nhand/eBOSS/fits/results/mocks/ezmock/v1.8e-fph/0.005-0.3/basemodel-N-fnl/0.8-2.2/QSO-N-0302-P0+P2-mock-cov-8973e9cf3e/2018-07-16_nlopt_17i_chain0__1.npz`
rank #0: 2018-07-16 19:46:01,065 pyRSD.analysis.lbfgs_results INFO     
minimum chi2 = 73.7976514496

Free parameters [ mean ]
_______________
N              : -331.953600058
b1             : 2.2057860417
f_nl           : 19.6828668534
sigma_fog      : 4.1615290092

Constrained parameters [ mean ]
_________________________
b1sigma8       : 0.878593719814
