rank #0: 2019-02-16 14:20:16,153 rsdfit.fitting_driver INFO     rank 20 on nid01132     Calling the 'nlopt' solve function
rank #0: 2019-02-16 14:20:16,153 rsdfit.lbfgs_fitter INFO     running LBFGS for 500 iterations and then stopping
rank #0: 2019-02-16 14:20:16,154 rsdfit.lbfgs_fitter INFO     running LBFGS minimizer with priors
rank #0: 2019-02-16 14:20:16,154 root         INFO     Iter           N          b1        f_nl   sigma_fog   F(X)     
rank #0: 2019-02-16 14:20:16,154 rsdfit.lbfgs_fitter INFO     computing gradient using numerical derivative of lnlike()
rank #0: 2019-02-16 14:20:17,276 LBFGS        INFO     options = {'factr': 100000.0, 'gtol': 1e-05, 'max_iter': 500, 'test_convergence': False}
rank #0: 2019-02-16 14:20:17,277 LBFGS        PARAM    0000          0.000000          2.000000          0.000000          4.000000        117.762882
rank #0: 2019-02-16 14:20:18,544 LBFGS        PARAM    0001         63.851918          2.120274          0.960752          3.979075         97.150292
rank #0: 2019-02-16 14:20:19,722 LBFGS        PARAM    0002         20.075161          2.350470          4.360541          4.054741         83.248807
rank #0: 2019-02-16 14:20:20,863 LBFGS        PARAM    0003        -14.279756          2.343419          5.035440          4.175917         81.490864
rank #0: 2019-02-16 14:20:22,131 LBFGS        PARAM    0004       -152.068306          2.342360          7.844079          4.617411         79.229364
rank #0: 2019-02-16 14:20:23,272 LBFGS        PARAM    0005       -135.802349          2.372815          9.396991          4.745428         78.020947
rank #0: 2019-02-16 14:20:24,413 LBFGS        PARAM    0006       -136.110819          2.426751         13.096055          5.078141         77.208234
rank #0: 2019-02-16 14:20:25,554 LBFGS        PARAM    0007       -137.807989          2.426612         13.605317          5.102831         77.191512
rank #0: 2019-02-16 14:20:26,694 LBFGS        PARAM    0008       -134.462555          2.424891         15.670449          5.173649         77.146321
rank #0: 2019-02-16 14:20:27,833 LBFGS        PARAM    0009       -119.213637          2.421003         19.236955          5.265962         77.086077
rank #0: 2019-02-16 14:20:28,973 LBFGS        PARAM    0010        -85.161436          2.413647         25.315849          5.382308         77.009431
rank #0: 2019-02-16 14:20:30,115 LBFGS        PARAM    0011        -59.576197          2.408091         30.180194          5.415999         76.970906
rank #0: 2019-02-16 14:20:31,256 LBFGS        PARAM    0012        -51.563709          2.406187         31.836875          5.397037         76.961667
rank #0: 2019-02-16 14:20:32,397 LBFGS        PARAM    0013        -52.034423          2.406073         32.051320          5.381193         76.960178
rank #0: 2019-02-16 14:20:33,536 LBFGS        PARAM    0014        -53.475811          2.405924         32.517554          5.366655         76.958633
rank #0: 2019-02-16 14:20:34,676 LBFGS        PARAM    0015        -56.676028          2.405173         34.283911          5.342683         76.955162
rank #0: 2019-02-16 14:20:35,818 LBFGS        PARAM    0016        -59.957494          2.403667         37.351525          5.327092         76.951228
rank #0: 2019-02-16 14:20:36,958 LBFGS        PARAM    0017        -60.740969          2.402450         39.465105          5.331912         76.949577
rank #0: 2019-02-16 14:20:38,100 LBFGS        PARAM    0018        -60.214130          2.402217         39.700410          5.338306         76.949429
rank #0: 2019-02-16 14:20:39,241 LBFGS        PARAM    0019        -60.001170          2.402239         39.631158          5.340004         76.949423
rank #0: 2019-02-16 14:20:40,382 LBFGS        PARAM    0020        -59.980865          2.402247         39.615307          5.340121         76.949423
rank #0: 2019-02-16 14:20:41,524 LBFGS        PARAM    0021        -59.980591          2.402247         39.614501          5.340120         76.949423
rank #0: 2019-02-16 14:20:42,665 LBFGS        PARAM    0022        -59.980610          2.402247         39.614492          5.340120         76.949423
rank #0: 2019-02-16 14:20:43,806 LBFGS        PARAM    0023        -59.980610          2.402247         39.614492          5.340120         76.949423
rank #0: 2019-02-16 14:20:44,949 LBFGS        PARAM    0024        -59.980612          2.402247         39.614491          5.340120         76.949423
rank #0: 2019-02-16 14:20:46,091 LBFGS        PARAM    0025        -59.980611          2.402247         39.614492          5.340120         76.949423
rank #0: 2019-02-16 14:21:13,511 LBFGS        PARAM    0026        -59.980613          2.402247         39.614492          5.340120         76.949423
rank #0: 2019-02-16 14:21:14,781 LBFGS        PARAM    0027        -59.980613          2.402247         39.614492          5.340120         76.949423
rank #0: 2019-02-16 14:22:03,534 LBFGS        INFO     Linesearch failed in both LBFGS and gradient directions
rank #0: 2019-02-16 14:22:03,534 LBFGS        PARAM    0027        -59.980613          2.402247         39.614492          5.340120         76.949423
rank #0: 2019-02-16 14:22:03,534 rsdfit.lbfgs_fitter WARNING  ...LBFGS optimization finished. Time elapsed: 0:01:46.26
rank #0: 2019-02-16 14:22:03,535 rsdfit.lbfgs_fitter ERROR    nonlinear fit with method L-BFGS-B failed: Linesearch failed in both LBFGS and gradient directions
rank #0: 2019-02-16 14:22:03,535 rsdfit.fitting_driver INFO     rank 20 on nid01132     ...fitting complete
rank #0: 2019-02-16 14:22:03,548 rsdfit.fitting_driver INFO     rank 20 on nid01132     Saving the results to `/global/cscratch1/sd/nhand/eBOSS/fits/results/mocks/ezmock/v1.8e-fph/0.005-0.3/basemodel-N-fnl/0.8-2.2/QSO-N-0004-P0+P2-mock-cov-3574198df7/2019-02-16_nlopt_27i_chain0__1.npz`
rank #0: 2019-02-16 14:22:03,578 pyRSD.analysis.lbfgs_results INFO     
minimum chi2 = 76.94942338366191

Free parameters [ mean ]
_______________
N              : -59.980612751402724
b1             : 2.4022473682474867
f_nl           : 39.61449189625692
sigma_fog      : 5.34012031577458

Constrained parameters [ mean ]
_________________________
b1sigma8       : 0.8701744903982688
