rank #0: 2018-07-15 19:53:55,817 rsdfit.fitting_driver INFO     rank 6 on nid00607     Calling the 'nlopt' solve function
rank #0: 2018-07-15 19:53:55,817 rsdfit.lbfgs_fitter INFO     running LBFGS for 500 iterations and then stopping
rank #0: 2018-07-15 19:53:55,818 rsdfit.lbfgs_fitter INFO     running LBFGS minimizer with priors
rank #0: 2018-07-15 19:53:55,818 root         INFO     Iter           N          b1        f_nl   sigma_fog   F(X)     
rank #0: 2018-07-15 19:53:56,372 LBFGS        INFO     options = {'factr': 100000.0, 'gtol': 1e-05, 'max_iter': 500, 'test_convergence': False}
rank #0: 2018-07-15 19:53:56,373 LBFGS        PARAM    0000          0.000000          2.000000          0.000000          4.000000         94.644565
rank #0: 2018-07-15 19:53:57,022 LBFGS        PARAM    0001          9.044705          2.069672          0.628969          3.979128         87.207824
rank #0: 2018-07-15 19:53:57,612 LBFGS        PARAM    0002        -90.670873          2.236904          3.336018          3.978901         79.160898
rank #0: 2018-07-15 19:53:58,201 LBFGS        PARAM    0003       -193.157215          2.263995          4.518487          4.014667         77.117403
rank #0: 2018-07-15 19:53:58,778 LBFGS        PARAM    0004       -416.298316          2.299932          8.487492          4.011204         75.176516
rank #0: 2018-07-15 19:53:59,373 LBFGS        PARAM    0005       -433.925271          2.301777          9.898967          3.958984         75.080303
rank #0: 2018-07-15 19:53:59,971 LBFGS        PARAM    0006       -511.062841          2.295317         22.733247          3.547989         74.684382
rank #0: 2018-07-15 19:54:00,553 LBFGS        PARAM    0007       -503.303110          2.290634         31.391356          3.532900         74.616878
rank #0: 2018-07-15 19:54:01,144 LBFGS        PARAM    0008       -480.664299          2.279792         46.035123          3.563118         74.570932
rank #0: 2018-07-15 19:54:01,738 LBFGS        PARAM    0009       -480.316326          2.280938         44.325058          3.573516         74.570093
rank #0: 2018-07-15 19:54:02,333 LBFGS        PARAM    0010       -480.399161          2.280951         44.442521          3.574309         74.570088
rank #0: 2018-07-15 19:54:02,912 LBFGS        PARAM    0011       -480.332926          2.280921         44.437465          3.574259         74.570087
rank #0: 2018-07-15 19:54:03,506 LBFGS        PARAM    0012       -480.329046          2.280922         44.437860          3.574264         74.570087
rank #0: 2018-07-15 19:54:04,099 LBFGS        PARAM    0013       -480.329543          2.280922         44.437948          3.574263         74.570087
rank #0: 2018-07-15 19:54:29,754 LBFGS        INFO     Linesearch failed in both LBFGS and gradient directions
rank #0: 2018-07-15 19:54:29,754 LBFGS        PARAM    0013       -480.329543          2.280922         44.437948          3.574263         74.570087
rank #0: 2018-07-15 19:54:29,755 rsdfit.lbfgs_fitter WARNING  ...LBFGS optimization finished. Time elapsed: 0:00:33.38
rank #0: 2018-07-15 19:54:29,755 rsdfit.lbfgs_fitter ERROR    nonlinear fit with method L-BFGS-B failed: Linesearch failed in both LBFGS and gradient directions
rank #0: 2018-07-15 19:54:29,756 rsdfit.fitting_driver INFO     rank 6 on nid00607     ...fitting complete
rank #0: 2018-07-15 19:54:29,759 rsdfit.fitting_driver INFO     rank 6 on nid00607     Saving the results to `/global/cscratch1/sd/nhand/eBOSS/fits/results/mocks/ezmock/v1.8e-fph/0.0001-0.3/basemodel-N-fnl/0.8-2.2/QSO-S-0085-P0+P2-mock-cov-a8bcb55756/2018-07-15_nlopt_13i_chain0__1.npz`
rank #0: 2018-07-15 19:54:29,785 pyRSD.analysis.lbfgs_results INFO     
minimum chi2 = 74.5700872602

Free parameters [ mean ]
_______________
N              : -480.329542872
b1             : 2.28092211875
f_nl           : 44.4379480765
sigma_fog      : 3.57426324677

Constrained parameters [ mean ]
_________________________
b1sigma8       : 0.908521411882
