rank #0: 2018-10-04 22:48:45,870 rsdfit.fitting_driver INFO     rank 59 on nid02292     Calling the 'nlopt' solve function
rank #0: 2018-10-04 22:48:45,871 rsdfit.lbfgs_fitter INFO     running LBFGS for 500 iterations and then stopping
rank #0: 2018-10-04 22:48:45,871 rsdfit.lbfgs_fitter INFO     running LBFGS minimizer with priors
rank #0: 2018-10-04 22:48:45,872 root         INFO     Iter           N          b1        f_nl   sigma_fog   F(X)     
rank #0: 2018-10-04 22:48:45,873 rsdfit.lbfgs_fitter INFO     computing gradient using numerical derivative of lnlike()
rank #0: 2018-10-04 22:48:47,059 LBFGS        INFO     options = {'factr': 100000.0, 'gtol': 1e-05, 'max_iter': 500, 'test_convergence': False}
rank #0: 2018-10-04 22:48:47,061 LBFGS        PARAM    0000          0.000000          2.000000          0.000000          4.000000        123.005950
rank #0: 2018-10-04 22:48:48,402 LBFGS        PARAM    0001         19.907812          2.129310          1.115699          3.999346        103.144596
rank #0: 2018-10-04 22:48:49,603 LBFGS        PARAM    0002       -110.239105          2.410416          6.145220          4.207282         83.537189
rank #0: 2018-10-04 22:48:50,825 LBFGS        PARAM    0003       -287.164168          2.464806          7.812338          4.400976         77.242708
rank #0: 2018-10-04 22:48:52,032 LBFGS        PARAM    0004       -496.622146          2.495246          9.345254          4.721810         73.908180
rank #0: 2018-10-04 22:48:53,256 LBFGS        PARAM    0005       -489.612069          2.500452          9.708936          4.747861         73.859886
rank #0: 2018-10-04 22:48:54,462 LBFGS        PARAM    0006       -465.941223          2.504675         10.629097          4.831330         73.771669
rank #0: 2018-10-04 22:48:55,671 LBFGS        PARAM    0007       -432.484381          2.504679         12.057579          4.973227         73.679775
rank #0: 2018-10-04 22:48:56,892 LBFGS        PARAM    0008       -414.588471          2.498333         13.995956          5.067485         73.637384
rank #0: 2018-10-04 22:48:58,093 LBFGS        PARAM    0009       -413.596914          2.496855         14.544330          5.078976         73.635339
rank #0: 2018-10-04 22:48:59,317 LBFGS        PARAM    0010       -413.567229          2.496164         14.908062          5.080312         73.634601
rank #0: 2018-10-04 22:49:00,526 LBFGS        PARAM    0011       -413.555579          2.494420         16.223514          5.080736         73.632358
rank #0: 2018-10-04 22:49:01,757 LBFGS        PARAM    0012       -413.223060          2.491979         18.782018          5.078117         73.628554
rank #0: 2018-10-04 22:49:02,969 LBFGS        PARAM    0013       -412.159098          2.489171         22.968387          5.070412         73.623161
rank #0: 2018-10-04 22:49:04,174 LBFGS        PARAM    0014       -409.917147          2.489731         25.818505          5.066977         73.619545
rank #0: 2018-10-04 22:49:05,400 LBFGS        PARAM    0015       -410.259468          2.489288         25.699728          5.059189         73.619352
rank #0: 2018-10-04 22:49:06,603 LBFGS        PARAM    0016       -410.579256          2.489352         25.642969          5.057972         73.619348
rank #0: 2018-10-04 22:49:07,827 LBFGS        PARAM    0017       -410.583840          2.489360         25.636833          5.057966         73.619348
rank #0: 2018-10-04 22:49:09,029 LBFGS        PARAM    0018       -410.583451          2.489360         25.636164          5.057969         73.619348
rank #0: 2018-10-04 22:49:10,235 LBFGS        PARAM    0019       -410.583383          2.489360         25.636164          5.057969         73.619348
rank #0: 2018-10-04 22:49:11,460 LBFGS        PARAM    0020       -410.583363          2.489360         25.636158          5.057969         73.619348
rank #0: 2018-10-04 22:49:12,671 LBFGS        PARAM    0021       -410.583376          2.489360         25.636158          5.057969         73.619348
rank #0: 2018-10-04 22:49:12,673 LBFGS        INFO     LBFGS iteration 21: the descent direction does not have a sufficient projection (cos(theta)=-5.39e-01, theta=122.6064) into the gradient; using steepest descent at this step!
rank #0: 2018-10-04 22:49:14,041 LBFGS        PARAM    0022       -410.583391          2.489360         25.636158          5.057969         73.619348
rank #0: 2018-10-04 22:49:15,245 LBFGS        PARAM    0023       -410.583387          2.489360         25.636158          5.057969         73.619348
rank #0: 2018-10-04 22:50:09,102 LBFGS        INFO     Linesearch failed in both LBFGS and gradient directions
rank #0: 2018-10-04 22:50:09,103 LBFGS        PARAM    0023       -410.583387          2.489360         25.636158          5.057969         73.619348
rank #0: 2018-10-04 22:50:09,104 rsdfit.lbfgs_fitter WARNING  ...LBFGS optimization finished. Time elapsed: 0:01:22.04
rank #0: 2018-10-04 22:50:09,105 rsdfit.lbfgs_fitter ERROR    nonlinear fit with method L-BFGS-B failed: Linesearch failed in both LBFGS and gradient directions
rank #0: 2018-10-04 22:50:09,107 rsdfit.fitting_driver INFO     rank 59 on nid02292     ...fitting complete
rank #0: 2018-10-04 22:50:09,110 rsdfit.fitting_driver INFO     rank 59 on nid02292     Saving the results to `/global/cscratch1/sd/nhand/eBOSS/fits/results/mocks/ezmock/v1.8e-fph/0.005-0.3/basemodel-N-fnl/0.8-2.2/QSO-N-0585-P0+P2-mock-cov-4ae05ce33e/2018-10-04_nlopt_23i_chain0__1.npz`
rank #0: 2018-10-04 22:50:09,201 pyRSD.analysis.lbfgs_results INFO     
minimum chi2 = 73.6193480946

Free parameters [ mean ]
_______________
N              : -410.583387335
b1             : 2.48936026869
f_nl           : 25.6361581125
sigma_fog      : 5.05796894257

Constrained parameters [ mean ]
_________________________
b1sigma8       : 0.901729701885
