rank #0: 2018-12-30 16:09:56,026 rsdfit.fitting_driver INFO     rank 34 on nid00554     Calling the 'nlopt' solve function
rank #0: 2018-12-30 16:09:56,027 rsdfit.lbfgs_fitter INFO     running LBFGS for 500 iterations and then stopping
rank #0: 2018-12-30 16:09:56,027 rsdfit.lbfgs_fitter INFO     running LBFGS minimizer with priors
rank #0: 2018-12-30 16:09:56,028 root         INFO     Iter           N          b1        f_nl   sigma_fog   F(X)     
rank #0: 2018-12-30 16:09:56,028 rsdfit.lbfgs_fitter INFO     computing gradient using numerical derivative of lnlike()
rank #0: 2018-12-30 16:09:56,628 LBFGS        INFO     options = {'factr': 100000.0, 'gtol': 1e-05, 'max_iter': 500, 'test_convergence': False}
rank #0: 2018-12-30 16:09:56,628 LBFGS        PARAM    0000          0.000000          2.000000          0.000000          4.000000         97.514465
rank #0: 2018-12-30 16:09:57,301 LBFGS        PARAM    0001         -2.318380          2.059815          0.549311          4.006371         88.332298
rank #0: 2018-12-30 16:09:57,924 LBFGS        PARAM    0002       -112.780023          2.199623          2.708680          4.106663         77.487889
rank #0: 2018-12-30 16:09:58,550 LBFGS        PARAM    0003       -213.295820          2.227313          3.668009          4.201886         74.534122
rank #0: 2018-12-30 16:09:59,150 LBFGS        PARAM    0004       -325.998316          2.240066          5.234120          4.342826         73.081458
rank #0: 2018-12-30 16:09:59,775 LBFGS        PARAM    0005       -323.532573          2.241062          5.657470          4.354094         73.065506
rank #0: 2018-12-30 16:10:00,400 LBFGS        PARAM    0006       -300.492010          2.243049          9.428965          4.454744         72.981955
rank #0: 2018-12-30 16:10:01,021 LBFGS        PARAM    0007       -287.012256          2.240510         11.922898          4.512616         72.953151
rank #0: 2018-12-30 16:10:01,620 LBFGS        PARAM    0008       -282.294041          2.237467         14.150698          4.531425         72.939269
rank #0: 2018-12-30 16:10:02,241 LBFGS        PARAM    0009       -281.390522          2.235045         16.020951          4.532011         72.932545
rank #0: 2018-12-30 16:10:02,864 LBFGS        PARAM    0010       -282.425007          2.233632         17.703764          4.522964         72.927368
rank #0: 2018-12-30 16:10:03,463 LBFGS        PARAM    0011       -285.478097          2.232702         20.296394          4.501245         72.920587
rank #0: 2018-12-30 16:10:04,086 LBFGS        PARAM    0012       -287.391166          2.233694         21.158132          4.489392         72.918276
rank #0: 2018-12-30 16:10:04,709 LBFGS        PARAM    0013       -287.780692          2.233870         20.977409          4.486625         72.918212
rank #0: 2018-12-30 16:10:05,334 LBFGS        PARAM    0014       -287.852922          2.233899         20.935030          4.486429         72.918211
rank #0: 2018-12-30 16:10:05,936 LBFGS        PARAM    0015       -287.852900          2.233899         20.933525          4.486438         72.918211
rank #0: 2018-12-30 16:10:06,561 LBFGS        PARAM    0016       -287.852806          2.233899         20.933501          4.486438         72.918211
rank #0: 2018-12-30 16:10:07,257 LBFGS        PARAM    0017       -287.852805          2.233899         20.933501          4.486438         72.918211
rank #0: 2018-12-30 16:10:07,865 LBFGS        PARAM    0018       -287.852804          2.233899         20.933500          4.486438         72.918211
rank #0: 2018-12-30 16:10:34,627 LBFGS        INFO     Linesearch failed in both LBFGS and gradient directions
rank #0: 2018-12-30 16:10:34,628 LBFGS        PARAM    0018       -287.852804          2.233899         20.933500          4.486438         72.918211
rank #0: 2018-12-30 16:10:34,628 rsdfit.lbfgs_fitter WARNING  ...LBFGS optimization finished. Time elapsed: 0:00:38.00
rank #0: 2018-12-30 16:10:34,629 rsdfit.lbfgs_fitter ERROR    nonlinear fit with method L-BFGS-B failed: Linesearch failed in both LBFGS and gradient directions
rank #0: 2018-12-30 16:10:34,629 rsdfit.fitting_driver INFO     rank 34 on nid00554     ...fitting complete
rank #0: 2018-12-30 16:10:34,638 rsdfit.fitting_driver INFO     rank 34 on nid00554     Saving the results to `/global/cscratch1/sd/nhand/eBOSS/fits/results/mocks/ezmock/v1.8e-fph/0.0001-0.3/basemodel-N-fnl/0.8-2.2/QSO-N-0291-P0+P2-mock-cov-36c6ea70fd/2018-12-30_nlopt_18i_chain0__1.npz`
rank #0: 2018-12-30 16:10:35,242 pyRSD.analysis.lbfgs_results INFO     
minimum chi2 = 72.9182111691

Free parameters [ mean ]
_______________
N              : -287.852804126
b1             : 2.23389914516
f_nl           : 20.933500231
sigma_fog      : 4.48643842382

Constrained parameters [ mean ]
_________________________
b1sigma8       : 0.889791540309
