rank #0: 2018-07-15 19:56:19,085 rsdfit.fitting_driver INFO     rank 26 on nid00604     Calling the 'nlopt' solve function
rank #0: 2018-07-15 19:56:19,085 rsdfit.lbfgs_fitter INFO     running LBFGS for 500 iterations and then stopping
rank #0: 2018-07-15 19:56:19,086 rsdfit.lbfgs_fitter INFO     running LBFGS minimizer with priors
rank #0: 2018-07-15 19:56:19,086 root         INFO     Iter           N          b1        f_nl   sigma_fog   F(X)     
rank #0: 2018-07-15 19:56:19,672 LBFGS        INFO     options = {'factr': 100000.0, 'gtol': 1e-05, 'max_iter': 500, 'test_convergence': False}
rank #0: 2018-07-15 19:56:19,673 LBFGS        PARAM    0000          0.000000          2.000000          0.000000          4.000000        118.701559
rank #0: 2018-07-15 19:56:20,327 LBFGS        PARAM    0001          9.442440          2.070238          0.660864          3.980602        104.436219
rank #0: 2018-07-15 19:56:20,924 LBFGS        PARAM    0002        -83.666998          2.234811          3.535126          3.977928         89.905945
rank #0: 2018-07-15 19:56:21,522 LBFGS        PARAM    0003       -173.431069          2.252915          4.695698          4.004437         86.782482
rank #0: 2018-07-15 19:56:22,103 LBFGS        PARAM    0004       -384.669842          2.284516          9.179201          3.979084         83.541214
rank #0: 2018-07-15 19:56:22,700 LBFGS        PARAM    0005       -410.465713          2.286106         11.290239          3.906471         83.227833
rank #0: 2018-07-15 19:56:23,296 LBFGS        PARAM    0006       -530.193837          2.281929         29.743203          3.335316         81.891506
rank #0: 2018-07-15 19:56:23,891 LBFGS        PARAM    0007       -523.785903          2.274430         46.212310          3.279575         81.489634
rank #0: 2018-07-15 19:56:24,475 LBFGS        PARAM    0008       -477.719297          2.251246         82.910509          3.304198         81.152069
rank #0: 2018-07-15 19:56:25,073 LBFGS        PARAM    0009       -474.148128          2.254359         74.517185          3.348458         81.124887
rank #0: 2018-07-15 19:56:25,672 LBFGS        PARAM    0010       -474.516106          2.254635         75.532639          3.352704         81.123931
rank #0: 2018-07-15 19:56:26,259 LBFGS        PARAM    0011       -474.461693          2.254449         75.717729          3.353803         81.123896
rank #0: 2018-07-15 19:56:26,863 LBFGS        PARAM    0012       -474.481210          2.254494         75.683164          3.354075         81.123895
rank #0: 2018-07-15 19:56:27,467 LBFGS        PARAM    0013       -474.491089          2.254497         75.677560          3.354086         81.123895
rank #0: 2018-07-15 19:56:28,064 LBFGS        PARAM    0014       -474.491749          2.254497         75.677490          3.354086         81.123895
rank #0: 2018-07-15 19:56:28,651 LBFGS        PARAM    0015       -474.491763          2.254497         75.677493          3.354086         81.123895
rank #0: 2018-07-15 19:56:42,990 LBFGS        PARAM    0016       -474.491761          2.254497         75.677493          3.354086         81.123895
rank #0: 2018-07-15 19:56:57,000 LBFGS        PARAM    0017       -474.491762          2.254497         75.677493          3.354086         81.123895
rank #0: 2018-07-15 19:57:22,297 LBFGS        INFO     Linesearch failed in both LBFGS and gradient directions
rank #0: 2018-07-15 19:57:22,298 LBFGS        PARAM    0017       -474.491762          2.254497         75.677493          3.354086         81.123895
rank #0: 2018-07-15 19:57:22,298 rsdfit.lbfgs_fitter WARNING  ...LBFGS optimization finished. Time elapsed: 0:01:02.63
rank #0: 2018-07-15 19:57:22,299 rsdfit.lbfgs_fitter ERROR    nonlinear fit with method L-BFGS-B failed: Linesearch failed in both LBFGS and gradient directions
rank #0: 2018-07-15 19:57:22,300 rsdfit.fitting_driver INFO     rank 26 on nid00604     ...fitting complete
rank #0: 2018-07-15 19:57:22,303 rsdfit.fitting_driver INFO     rank 26 on nid00604     Saving the results to `/global/cscratch1/sd/nhand/eBOSS/fits/results/mocks/ezmock/v1.8e-fph/0.0001-0.3/basemodel-N-fnl/0.8-2.2/QSO-N-0273-P0+P2-mock-cov-a8bcb55756/2018-07-15_nlopt_17i_chain0__1.npz`
rank #0: 2018-07-15 19:57:22,329 pyRSD.analysis.lbfgs_results INFO     
minimum chi2 = 81.1238951935

Free parameters [ mean ]
_______________
N              : -474.491761511
b1             : 2.25449714961
f_nl           : 75.6774931331
sigma_fog      : 3.35408603348

Constrained parameters [ mean ]
_________________________
b1sigma8       : 0.897995997589
