rank #0: 2018-10-04 22:00:41,491 rsdfit.fitting_driver INFO     rank 37 on nid01270     Calling the 'nlopt' solve function
rank #0: 2018-10-04 22:00:41,492 rsdfit.lbfgs_fitter INFO     running LBFGS for 500 iterations and then stopping
rank #0: 2018-10-04 22:00:41,493 rsdfit.lbfgs_fitter INFO     running LBFGS minimizer with priors
rank #0: 2018-10-04 22:00:41,493 root         INFO     Iter           N          b1        f_nl   sigma_fog   F(X)     
rank #0: 2018-10-04 22:00:41,494 rsdfit.lbfgs_fitter INFO     computing gradient using numerical derivative of lnlike()
rank #0: 2018-10-04 22:00:42,686 LBFGS        INFO     options = {'factr': 100000.0, 'gtol': 1e-05, 'max_iter': 500, 'test_convergence': False}
rank #0: 2018-10-04 22:00:42,688 LBFGS        PARAM    0000          0.000000          2.000000          0.000000          4.000000        119.809172
rank #0: 2018-10-04 22:00:44,033 LBFGS        PARAM    0001         23.698256          2.168889          2.122800          3.966592        101.183764
rank #0: 2018-10-04 22:00:45,265 LBFGS        PARAM    0002       -175.091652          2.569354         16.100650          4.064002         83.130437
rank #0: 2018-10-04 22:00:46,476 LBFGS        PARAM    0003       -367.949093          2.570419         20.959363          4.169004         77.363153
rank #0: 2018-10-04 22:00:47,680 LBFGS        PARAM    0004       -749.770712          2.642029         37.919542          4.309086         73.352127
rank #0: 2018-10-04 22:00:48,905 LBFGS        PARAM    0005       -771.761787          2.613386         50.921466          4.173912         72.055535
rank #0: 2018-10-04 22:00:50,247 LBFGS        PARAM    0006       -840.387316          2.567398         95.157394          3.736121         69.403916
rank #0: 2018-10-04 22:00:51,477 LBFGS        PARAM    0007       -790.965386          2.538222        105.935373          3.393198         68.945115
rank #0: 2018-10-04 22:00:52,692 LBFGS        PARAM    0008       -783.489105          2.542682        103.334987          3.402547         68.934891
rank #0: 2018-10-04 22:00:53,908 LBFGS        PARAM    0009       -787.968031          2.545149        103.684980          3.399390         68.933760
rank #0: 2018-10-04 22:00:55,143 LBFGS        PARAM    0010       -787.722866          2.544613        103.629219          3.398399         68.933608
rank #0: 2018-10-04 22:00:56,349 LBFGS        PARAM    0011       -788.234511          2.544494        103.578759          3.396230         68.933527
rank #0: 2018-10-04 22:00:57,566 LBFGS        PARAM    0012       -790.172805          2.544595        103.461218          3.389927         68.933391
rank #0: 2018-10-04 22:00:58,762 LBFGS        PARAM    0013       -791.463086          2.544889        103.414058          3.386523         68.933351
rank #0: 2018-10-04 22:00:59,969 LBFGS        PARAM    0014       -791.746171          2.545020        103.412105          3.386002         68.933347
rank #0: 2018-10-04 22:01:01,173 LBFGS        PARAM    0015       -791.735043          2.545030        103.414006          3.386072         68.933347
rank #0: 2018-10-04 22:01:02,373 LBFGS        PARAM    0016       -791.730499          2.545030        103.414307          3.386088         68.933347
rank #0: 2018-10-04 22:01:03,598 LBFGS        PARAM    0017       -791.730356          2.545030        103.414314          3.386088         68.933347
rank #0: 2018-10-04 22:01:04,946 LBFGS        PARAM    0018       -791.730300          2.545030        103.414315          3.386088         68.933347
rank #0: 2018-10-04 22:01:06,431 LBFGS        PARAM    0019       -791.730300          2.545030        103.414315          3.386088         68.933347
rank #0: 2018-10-04 22:01:36,007 LBFGS        PARAM    0020       -791.730301          2.545030        103.414315          3.386088         68.933347
rank #0: 2018-10-04 22:02:29,172 LBFGS        INFO     Linesearch failed in both LBFGS and gradient directions
rank #0: 2018-10-04 22:02:29,174 LBFGS        PARAM    0020       -791.730301          2.545030        103.414315          3.386088         68.933347
rank #0: 2018-10-04 22:02:29,175 rsdfit.lbfgs_fitter WARNING  ...LBFGS optimization finished. Time elapsed: 0:01:46.49
rank #0: 2018-10-04 22:02:29,176 rsdfit.lbfgs_fitter ERROR    nonlinear fit with method L-BFGS-B failed: Linesearch failed in both LBFGS and gradient directions
rank #0: 2018-10-04 22:02:29,178 rsdfit.fitting_driver INFO     rank 37 on nid01270     ...fitting complete
rank #0: 2018-10-04 22:02:29,182 rsdfit.fitting_driver INFO     rank 37 on nid01270     Saving the results to `/global/cscratch1/sd/nhand/eBOSS/fits/results/mocks/ezmock/v1.8e-fph/0.0001-0.3/basemodel-N-fnl/0.8-2.2/QSO-S-0947-P0+P2-mock-cov-98e9a706c6/2018-10-04_nlopt_20i_chain0__1.npz`
rank #0: 2018-10-04 22:02:29,245 pyRSD.analysis.lbfgs_results INFO     
minimum chi2 = 68.9333465288

Free parameters [ mean ]
_______________
N              : -791.730301227
b1             : 2.54502983344
f_nl           : 103.414315459
sigma_fog      : 3.38608809846

Constrained parameters [ mean ]
_________________________
b1sigma8       : 0.921895083594
