rank #0: 2017-11-27 22:52:21,345 rsdfit.fitting_driver INFO     rank 119 on nid00495     Calling the 'nlopt' solve function
rank #0: 2017-11-27 22:52:21,346 rsdfit.lbfgs_fitter INFO     running LBFGS for 500 iterations and then stopping
rank #0: 2017-11-27 22:52:21,346 rsdfit.lbfgs_fitter INFO     running LBFGS minimizer with priors
rank #0: 2017-11-27 22:52:21,346 root         INFO     Iter          b1        f_nl   sigma_fog   F(X)     
rank #0: 2017-11-27 22:52:21,643 LBFGS        INFO     options = {'factr': 100000.0, 'gtol': 1e-05, 'max_iter': 500, 'test_convergence': False}
rank #0: 2017-11-27 22:52:21,643 LBFGS        PARAM    0000          2.000000          0.000000          4.000000         26.607178
rank #0: 2017-11-27 22:52:21,977 LBFGS        PARAM    0001          2.087169          1.389760          3.993975         23.756946
rank #0: 2017-11-27 22:52:22,270 LBFGS        PARAM    0002          2.281435          7.767417          3.976552         21.603769
rank #0: 2017-11-27 22:52:22,562 LBFGS        PARAM    0003          2.243667          7.544022          3.977549         21.493009
rank #0: 2017-11-27 22:52:22,854 LBFGS        PARAM    0004          2.245803          8.660234          3.975220         21.484416
rank #0: 2017-11-27 22:52:23,145 LBFGS        PARAM    0005          2.252643         21.418018          3.948843         21.417236
rank #0: 2017-11-27 22:52:23,438 LBFGS        PARAM    0006          2.249148         44.789879          3.900367         21.335086
rank #0: 2017-11-27 22:52:23,731 LBFGS        PARAM    0007          2.232029         61.006206          3.863285         21.263098
rank #0: 2017-11-27 22:52:24,024 LBFGS        PARAM    0008          2.204606         67.091489          3.817620         21.206776
rank #0: 2017-11-27 22:52:24,315 LBFGS        PARAM    0009          2.205031         66.500218          3.816051         21.206605
rank #0: 2017-11-27 22:52:24,606 LBFGS        PARAM    0010          2.205276         65.757727          3.742308         21.203316
rank #0: 2017-11-27 22:52:24,896 LBFGS        PARAM    0011          2.201957         61.550517          2.281406         21.160177
rank #0: 2017-11-27 22:52:25,188 LBFGS        PARAM    0012          2.196418         63.849209          1.038563         21.138995
rank #0: 2017-11-27 22:52:25,478 LBFGS        PARAM    0013          2.193978         67.808838          0.150005         21.131288
rank #0: 2017-11-27 22:52:25,812 LBFGS        PARAM    0014          2.193980         67.811777          0.149618         21.131286
rank #0: 2017-11-27 22:52:26,145 LBFGS        PARAM    0015          2.193996         67.845906          0.145974         21.131263
rank #0: 2017-11-27 22:52:26,479 LBFGS        PARAM    0016          2.194018         67.895793          0.141049         21.131232
rank #0: 2017-11-27 22:52:26,814 LBFGS        PARAM    0017          2.194110         68.092870          0.125355         21.131129
rank #0: 2017-11-27 22:52:27,104 LBFGS        PARAM    0018          2.194626         68.797754          0.125355         21.131000
rank #0: 2017-11-27 22:52:27,435 LBFGS        PARAM    0019          2.194610         68.800920          0.123050         21.130998
rank #0: 2017-11-27 22:52:27,726 LBFGS        PARAM    0020          2.194402         68.782521          0.112069         21.130992
rank #0: 2017-11-27 22:52:28,019 LBFGS        PARAM    0021          2.194390         68.787116          0.117926         21.130992
rank #0: 2017-11-27 22:52:28,312 LBFGS        PARAM    0022          2.194399         68.803263          0.116222         21.130991
rank #0: 2017-11-27 22:52:28,604 LBFGS        PARAM    0023          2.194392         68.803632          0.115795         21.130991
rank #0: 2017-11-27 22:52:29,187 LBFGS        PARAM    0024          2.194392         68.803632          0.115795         21.130991
rank #0: 2017-11-27 22:52:29,854 LBFGS        PARAM    0025          2.194392         68.803631          0.115795         21.130991
rank #0: 2017-11-27 22:52:46,325 LBFGS        INFO     Linesearch failed in both LBFGS and gradient directions
rank #0: 2017-11-27 22:52:46,326 LBFGS        PARAM    0025          2.194392         68.803631          0.115795         21.130991
rank #0: 2017-11-27 22:52:46,326 rsdfit.lbfgs_fitter WARNING  ...LBFGS optimization finished. Time elapsed: 0:00:24.68
rank #0: 2017-11-27 22:52:46,326 rsdfit.lbfgs_fitter ERROR    nonlinear fit with method L-BFGS-B failed: Linesearch failed in both LBFGS and gradient directions
rank #0: 2017-11-27 22:52:46,327 rsdfit.fitting_driver INFO     rank 119 on nid00495     ...fitting complete
rank #0: 2017-11-27 22:52:46,329 rsdfit.fitting_driver INFO     rank 119 on nid00495     Saving the results to `/global/cscratch1/sd/nhand/eBOSS/fits/results/mocks/ezmock/v1.8e-fph/0.0001-0.05/basemodel-fnl/0.8-2.2/QSO-S-0791-P0+P2-mock-cov-b6abb0373d/2017-11-27_nlopt_25i_chain0__1.npz`
rank #0: 2017-11-27 22:52:46,347 pyRSD.analysis.lbfgs_results INFO     
minimum chi2 = 21.1309912527

Free parameters [ mean ]
_______________
b1             : 2.19439245769
f_nl           : 68.8036314743
sigma_fog      : 0.115795433487

Constrained parameters [ mean ]
_________________________
b1sigma8       : 0.873334362555
