rank #0: 2018-12-30 16:15:23,161 rsdfit.fitting_driver INFO     rank 4 on nid00555     Calling the 'nlopt' solve function
rank #0: 2018-12-30 16:15:23,162 rsdfit.lbfgs_fitter INFO     running LBFGS for 500 iterations and then stopping
rank #0: 2018-12-30 16:15:23,162 rsdfit.lbfgs_fitter INFO     running LBFGS minimizer with priors
rank #0: 2018-12-30 16:15:23,163 root         INFO     Iter           N          b1        f_nl   sigma_fog   F(X)     
rank #0: 2018-12-30 16:15:23,164 rsdfit.lbfgs_fitter INFO     computing gradient using numerical derivative of lnlike()
rank #0: 2018-12-30 16:15:23,741 LBFGS        INFO     options = {'factr': 100000.0, 'gtol': 1e-05, 'max_iter': 500, 'test_convergence': False}
rank #0: 2018-12-30 16:15:23,742 LBFGS        PARAM    0000          0.000000          2.000000          0.000000          4.000000         92.356492
rank #0: 2018-12-30 16:15:24,428 LBFGS        PARAM    0001        -13.383041          2.052453          0.487700          3.971781         88.347285
rank #0: 2018-12-30 16:15:25,046 LBFGS        PARAM    0002       -181.491797          2.200560          2.681981          3.892834         81.843460
rank #0: 2018-12-30 16:15:25,651 LBFGS        PARAM    0003       -330.617959          2.235410          3.685488          3.847677         79.592931
rank #0: 2018-12-30 16:15:26,830 LBFGS        PARAM    0004       -525.446261          2.249430          4.967285          3.586931         77.734698
rank #0: 2018-12-30 16:15:27,451 LBFGS        PARAM    0005       -608.213826          2.252302          5.877559          3.342451         77.164877
rank #0: 2018-12-30 16:15:28,048 LBFGS        PARAM    0006       -662.411601          2.248174          7.450501          2.958785         76.630690
rank #0: 2018-12-30 16:15:28,672 LBFGS        PARAM    0007       -641.805089          2.238389          9.174180          2.852918         76.539332
rank #0: 2018-12-30 16:15:29,293 LBFGS        PARAM    0008       -635.918169          2.236289          9.972134          2.842598         76.535373
rank #0: 2018-12-30 16:15:29,897 LBFGS        PARAM    0009       -632.702747          2.235038         11.087302          2.838749         76.532447
rank #0: 2018-12-30 16:15:30,521 LBFGS        PARAM    0010       -627.265814          2.232318         14.998157          2.834277         76.524832
rank #0: 2018-12-30 16:15:31,143 LBFGS        PARAM    0011       -627.229086          2.231038         19.137655          2.837156         76.518867
rank #0: 2018-12-30 16:15:31,755 LBFGS        PARAM    0012       -630.327319          2.231498         20.432028          2.844181         76.517327
rank #0: 2018-12-30 16:15:32,361 LBFGS        PARAM    0013       -631.143955          2.231860         20.271281          2.846254         76.517267
rank #0: 2018-12-30 16:15:32,979 LBFGS        PARAM    0014       -631.218278          2.231899         20.214427          2.846420         76.517266
rank #0: 2018-12-30 16:15:33,599 LBFGS        PARAM    0015       -631.220257          2.231902         20.212030          2.846412         76.517266
rank #0: 2018-12-30 16:15:34,200 LBFGS        PARAM    0016       -631.219973          2.231901         20.212077          2.846411         76.517266
rank #0: 2018-12-30 16:15:34,823 LBFGS        PARAM    0017       -631.220076          2.231901         20.212081          2.846411         76.517266
rank #0: 2018-12-30 16:15:35,447 LBFGS        PARAM    0018       -631.220040          2.231901         20.212084          2.846411         76.517266
rank #0: 2018-12-30 16:15:36,049 LBFGS        PARAM    0019       -631.220045          2.231901         20.212086          2.846411         76.517266
rank #0: 2018-12-30 16:16:03,020 LBFGS        INFO     Linesearch failed in both LBFGS and gradient directions
rank #0: 2018-12-30 16:16:03,021 LBFGS        PARAM    0019       -631.220045          2.231901         20.212086          2.846411         76.517266
rank #0: 2018-12-30 16:16:03,023 rsdfit.lbfgs_fitter WARNING  ...LBFGS optimization finished. Time elapsed: 0:00:39.28
rank #0: 2018-12-30 16:16:03,024 rsdfit.lbfgs_fitter ERROR    nonlinear fit with method L-BFGS-B failed: Linesearch failed in both LBFGS and gradient directions
rank #0: 2018-12-30 16:16:03,025 rsdfit.fitting_driver INFO     rank 4 on nid00555     ...fitting complete
rank #0: 2018-12-30 16:16:03,029 rsdfit.fitting_driver INFO     rank 4 on nid00555     Saving the results to `/global/cscratch1/sd/nhand/eBOSS/fits/results/mocks/ezmock/v1.8e-fph/0.0001-0.3/basemodel-N-fnl/0.8-2.2/QSO-S-0632-P0+P2-mock-cov-8e654b7a3f/2018-12-30_nlopt_19i_chain0__1.npz`
rank #0: 2018-12-30 16:16:03,668 pyRSD.analysis.lbfgs_results INFO     
minimum chi2 = 76.5172661742

Free parameters [ mean ]
_______________
N              : -631.220045395
b1             : 2.23190122275
f_nl           : 20.2120864167
sigma_fog      : 2.84641100364

Constrained parameters [ mean ]
_________________________
b1sigma8       : 0.888995741417
