rank #0: 2018-10-04 21:40:19,807 rsdfit.fitting_driver INFO     rank 59 on nid01270     Calling the 'nlopt' solve function
rank #0: 2018-10-04 21:40:19,807 rsdfit.lbfgs_fitter INFO     running LBFGS for 500 iterations and then stopping
rank #0: 2018-10-04 21:40:19,808 rsdfit.lbfgs_fitter INFO     running LBFGS minimizer with priors
rank #0: 2018-10-04 21:40:19,808 root         INFO     Iter           N          b1        f_nl   sigma_fog   F(X)     
rank #0: 2018-10-04 21:40:19,808 rsdfit.lbfgs_fitter INFO     computing gradient using numerical derivative of lnlike()
rank #0: 2018-10-04 21:40:20,983 LBFGS        INFO     options = {'factr': 100000.0, 'gtol': 1e-05, 'max_iter': 500, 'test_convergence': False}
rank #0: 2018-10-04 21:40:20,983 LBFGS        PARAM    0000          0.000000          2.000000          0.000000          4.000000        117.829068
rank #0: 2018-10-04 21:40:22,320 LBFGS        PARAM    0001         74.177612          2.175188          1.716775          3.943178         96.237120
rank #0: 2018-10-04 21:40:23,544 LBFGS        PARAM    0002        -38.134586          2.551876         10.372204          3.935364         81.096159
rank #0: 2018-10-04 21:40:24,746 LBFGS        PARAM    0003       -154.368140          2.513555         11.611293          4.012707         77.648784
rank #0: 2018-10-04 21:40:25,971 LBFGS        PARAM    0004       -385.510517          2.552242         17.531828          4.118684         75.232213
rank #0: 2018-10-04 21:40:27,179 LBFGS        PARAM    0005       -484.097984          2.584033         24.639739          4.079931         74.700074
rank #0: 2018-10-04 21:40:28,388 LBFGS        PARAM    0006       -571.953964          2.595203         40.173058          3.884138         74.033198
rank #0: 2018-10-04 21:40:29,616 LBFGS        PARAM    0007       -671.201943          2.575579         79.559087          3.405224         73.511863
rank #0: 2018-10-04 21:40:30,821 LBFGS        PARAM    0008       -588.446911          2.551817         66.458366          3.466180         73.173012
rank #0: 2018-10-04 21:40:32,046 LBFGS        PARAM    0009       -571.113960          2.546612         70.922833          3.437965         73.115952
rank #0: 2018-10-04 21:40:33,248 LBFGS        PARAM    0010       -549.849446          2.539898         75.764718          3.448184         73.081156
rank #0: 2018-10-04 21:40:34,462 LBFGS        PARAM    0011       -528.556679          2.536437         77.555824          3.517096         73.057819
rank #0: 2018-10-04 21:40:35,675 LBFGS        PARAM    0012       -518.526613          2.534891         77.588257          3.579533         73.050766
rank #0: 2018-10-04 21:40:36,878 LBFGS        PARAM    0013       -518.308382          2.535033         77.566663          3.580024         73.050760
rank #0: 2018-10-04 21:40:38,097 LBFGS        PARAM    0014       -518.307991          2.535022         77.571422          3.579992         73.050760
rank #0: 2018-10-04 21:40:39,295 LBFGS        PARAM    0015       -518.305237          2.535021         77.571879          3.579993         73.050760
rank #0: 2018-10-04 21:40:40,515 LBFGS        PARAM    0016       -518.304931          2.535021         77.571896          3.579993         73.050760
rank #0: 2018-10-04 21:40:41,850 LBFGS        PARAM    0017       -518.304957          2.535021         77.571894          3.579993         73.050760
rank #0: 2018-10-04 21:40:43,181 LBFGS        PARAM    0018       -518.304958          2.535021         77.571894          3.579993         73.050760
rank #0: 2018-10-04 21:40:44,524 LBFGS        PARAM    0019       -518.304972          2.535021         77.571891          3.579993         73.050760
rank #0: 2018-10-04 21:40:44,525 LBFGS        INFO     LBFGS iteration 19: the descent direction does not have a sufficient projection (cos(theta)=-1.34e-01, theta=97.6921) into the gradient; using steepest descent at this step!
rank #0: 2018-10-04 21:41:09,814 LBFGS        INFO     Linesearch failed in both LBFGS and gradient directions
rank #0: 2018-10-04 21:41:09,815 LBFGS        PARAM    0019       -518.304972          2.535021         77.571891          3.579993         73.050760
rank #0: 2018-10-04 21:41:09,816 rsdfit.lbfgs_fitter WARNING  ...LBFGS optimization finished. Time elapsed: 0:00:48.83
rank #0: 2018-10-04 21:41:09,816 rsdfit.lbfgs_fitter ERROR    nonlinear fit with method L-BFGS-B failed: Linesearch failed in both LBFGS and gradient directions
rank #0: 2018-10-04 21:41:09,817 rsdfit.fitting_driver INFO     rank 59 on nid01270     ...fitting complete
rank #0: 2018-10-04 21:41:09,821 rsdfit.fitting_driver INFO     rank 59 on nid01270     Saving the results to `/global/cscratch1/sd/nhand/eBOSS/fits/results/mocks/ezmock/v1.8e-fph/0.0001-0.3/basemodel-N-fnl/0.8-2.2/QSO-S-0156-P0+P2-mock-cov-98e9a706c6/2018-10-04_nlopt_19i_chain0__1.npz`
rank #0: 2018-10-04 21:41:09,870 pyRSD.analysis.lbfgs_results INFO     
minimum chi2 = 73.0507598029

Free parameters [ mean ]
_______________
N              : -518.304972056
b1             : 2.53502089669
f_nl           : 77.5718906199
sigma_fog      : 3.57999280491

Constrained parameters [ mean ]
_________________________
b1sigma8       : 0.918269511325
