rank #0: 2018-10-04 22:42:27,409 rsdfit.fitting_driver INFO     rank 11 on nid02198     Calling the 'nlopt' solve function
rank #0: 2018-10-04 22:42:27,410 rsdfit.lbfgs_fitter INFO     running LBFGS for 500 iterations and then stopping
rank #0: 2018-10-04 22:42:27,410 rsdfit.lbfgs_fitter INFO     running LBFGS minimizer with priors
rank #0: 2018-10-04 22:42:27,411 root         INFO     Iter           N          b1        f_nl   sigma_fog   F(X)     
rank #0: 2018-10-04 22:42:27,411 rsdfit.lbfgs_fitter INFO     computing gradient using numerical derivative of lnlike()
rank #0: 2018-10-04 22:42:28,581 LBFGS        INFO     options = {'factr': 100000.0, 'gtol': 1e-05, 'max_iter': 500, 'test_convergence': False}
rank #0: 2018-10-04 22:42:28,582 LBFGS        PARAM    0000          0.000000          2.000000          0.000000          4.000000        138.064686
rank #0: 2018-10-04 22:42:29,939 LBFGS        PARAM    0001         65.901611          2.152797          1.243869          3.967042        107.151516
rank #0: 2018-10-04 22:42:31,137 LBFGS        PARAM    0002        -21.458510          2.470625          6.537472          4.052663         84.681171
rank #0: 2018-10-04 22:42:32,356 LBFGS        PARAM    0003       -130.563129          2.465163          7.178242          4.176771         79.771572
rank #0: 2018-10-04 22:42:33,548 LBFGS        PARAM    0004       -386.285435          2.532116         10.536962          4.478709         75.616276
rank #0: 2018-10-04 22:42:34,731 LBFGS        PARAM    0005       -382.525365          2.536926         11.816592          4.527843         75.540268
rank #0: 2018-10-04 22:42:35,936 LBFGS        PARAM    0006       -341.267523          2.542241         18.069912          4.751373         75.329187
rank #0: 2018-10-04 22:42:37,121 LBFGS        PARAM    0007       -308.735324          2.534431         22.906192          4.860023         75.256415
rank #0: 2018-10-04 22:42:38,331 LBFGS        PARAM    0008       -291.895614          2.526990         27.537945          4.892814         75.223072
rank #0: 2018-10-04 22:42:39,522 LBFGS        PARAM    0009       -278.932081          2.517557         34.982759          4.900846         75.185744
rank #0: 2018-10-04 22:42:40,713 LBFGS        PARAM    0010       -274.794103          2.508597         45.158463          4.875642         75.144412
rank #0: 2018-10-04 22:42:41,929 LBFGS        PARAM    0011       -284.855162          2.506509         54.139468          4.824422         75.114301
rank #0: 2018-10-04 22:42:43,121 LBFGS        PARAM    0012       -293.563432          2.507571         54.118427          4.796339         75.111342
rank #0: 2018-10-04 22:42:44,336 LBFGS        PARAM    0013       -295.088065          2.508176         53.592763          4.792481         75.111234
rank #0: 2018-10-04 22:42:45,534 LBFGS        PARAM    0014       -295.131978          2.508230         53.540001          4.792646         75.111233
rank #0: 2018-10-04 22:42:46,737 LBFGS        PARAM    0015       -295.128643          2.508234         53.538225          4.792678         75.111233
rank #0: 2018-10-04 22:42:47,947 LBFGS        PARAM    0016       -295.129004          2.508233         53.538171          4.792678         75.111233
rank #0: 2018-10-04 22:42:49,139 LBFGS        PARAM    0017       -295.129003          2.508233         53.538167          4.792678         75.111233
rank #0: 2018-10-04 22:43:42,760 LBFGS        INFO     Linesearch failed in both LBFGS and gradient directions
rank #0: 2018-10-04 22:43:42,761 LBFGS        PARAM    0017       -295.129003          2.508233         53.538167          4.792678         75.111233
rank #0: 2018-10-04 22:43:42,762 rsdfit.lbfgs_fitter WARNING  ...LBFGS optimization finished. Time elapsed: 0:01:14.18
rank #0: 2018-10-04 22:43:42,763 rsdfit.lbfgs_fitter ERROR    nonlinear fit with method L-BFGS-B failed: Linesearch failed in both LBFGS and gradient directions
rank #0: 2018-10-04 22:43:42,764 rsdfit.fitting_driver INFO     rank 11 on nid02198     ...fitting complete
rank #0: 2018-10-04 22:43:42,767 rsdfit.fitting_driver INFO     rank 11 on nid02198     Saving the results to `/global/cscratch1/sd/nhand/eBOSS/fits/results/mocks/ezmock/v1.8e-fph/0.005-0.3/basemodel-N-fnl/0.8-2.2/QSO-N-0333-P0+P2-mock-cov-4ae05ce33e/2018-10-04_nlopt_17i_chain0__1.npz`
rank #0: 2018-10-04 22:43:42,865 pyRSD.analysis.lbfgs_results INFO     
minimum chi2 = 75.1112331705

Free parameters [ mean ]
_______________
N              : -295.129003337
b1             : 2.5082333459
f_nl           : 53.5381667714
sigma_fog      : 4.79267759488

Constrained parameters [ mean ]
_________________________
b1sigma8       : 0.908566162843
