rank #0: 2018-10-08 10:52:50,392 rsdfit.fitting_driver INFO     rank 50 on nid00696     Calling the 'nlopt' solve function
rank #0: 2018-10-08 10:52:50,394 rsdfit.lbfgs_fitter INFO     running LBFGS for 500 iterations and then stopping
rank #0: 2018-10-08 10:52:50,394 rsdfit.lbfgs_fitter INFO     running LBFGS minimizer with priors
rank #0: 2018-10-08 10:52:50,395 root         INFO     Iter           N          b1        f_nl   sigma_fog   F(X)     
rank #0: 2018-10-08 10:52:50,396 rsdfit.lbfgs_fitter INFO     computing gradient using numerical derivative of lnlike()
rank #0: 2018-10-08 10:52:51,580 LBFGS        INFO     options = {'factr': 100000.0, 'gtol': 1e-05, 'max_iter': 500, 'test_convergence': False}
rank #0: 2018-10-08 10:52:51,582 LBFGS        PARAM    0000          0.000000          2.000000          0.000000          4.000000         99.657589
rank #0: 2018-10-08 10:52:52,936 LBFGS        PARAM    0001         42.184806          2.118449          2.639989          3.974379         84.344068
rank #0: 2018-10-08 10:52:54,159 LBFGS        PARAM    0002        -50.001687          2.401637         12.764034          4.031414         70.669117
rank #0: 2018-10-08 10:52:55,403 LBFGS        PARAM    0003       -150.824182          2.396078         14.342972          4.118941         67.924346
rank #0: 2018-10-08 10:52:56,631 LBFGS        PARAM    0004       -383.510836          2.446965         20.891131          4.311008         65.712594
rank #0: 2018-10-08 10:52:57,877 LBFGS        PARAM    0005       -384.320085          2.445750         23.068406          4.301938         65.675674
rank #0: 2018-10-08 10:52:59,099 LBFGS        PARAM    0006       -376.284423          2.416280         47.224512          4.195423         65.498088
rank #0: 2018-10-08 10:53:00,318 LBFGS        PARAM    0007       -368.620923          2.420076         44.334242          4.233102         65.493363
rank #0: 2018-10-08 10:53:01,559 LBFGS        PARAM    0008       -369.707534          2.419198         44.513908          4.226620         65.493178
rank #0: 2018-10-08 10:53:02,777 LBFGS        PARAM    0009       -369.801537          2.419262         44.527246          4.226072         65.493172
rank #0: 2018-10-08 10:53:04,020 LBFGS        PARAM    0010       -369.955111          2.419326         44.507595          4.225441         65.493170
rank #0: 2018-10-08 10:53:05,237 LBFGS        PARAM    0011       -370.054936          2.419359         44.479719          4.225081         65.493169
rank #0: 2018-10-08 10:53:06,467 LBFGS        PARAM    0012       -370.066078          2.419360         44.470418          4.225059         65.493169
rank #0: 2018-10-08 10:53:07,701 LBFGS        PARAM    0013       -370.067556          2.419360         44.470661          4.225055         65.493169
rank #0: 2018-10-08 10:53:08,925 LBFGS        PARAM    0014       -370.067587          2.419360         44.470658          4.225055         65.493169
rank #0: 2018-10-08 10:53:10,169 LBFGS        PARAM    0015       -370.067604          2.419360         44.470658          4.225055         65.493169
rank #0: 2018-10-08 10:54:03,224 LBFGS        INFO     Linesearch failed in both LBFGS and gradient directions
rank #0: 2018-10-08 10:54:03,225 LBFGS        PARAM    0015       -370.067604          2.419360         44.470658          4.225055         65.493169
rank #0: 2018-10-08 10:54:03,227 rsdfit.lbfgs_fitter WARNING  ...LBFGS optimization finished. Time elapsed: 0:01:11.65
rank #0: 2018-10-08 10:54:03,228 rsdfit.lbfgs_fitter ERROR    nonlinear fit with method L-BFGS-B failed: Linesearch failed in both LBFGS and gradient directions
rank #0: 2018-10-08 10:54:03,230 rsdfit.fitting_driver INFO     rank 50 on nid00696     ...fitting complete
rank #0: 2018-10-08 10:54:03,234 rsdfit.fitting_driver INFO     rank 50 on nid00696     Saving the results to `/global/cscratch1/sd/nhand/eBOSS/fits/results/mocks/ezmock/v1.8e-fph/0.005-0.3/basemodel-N-fnl/0.8-2.2/QSO-S-0915-P0+P2-mock-cov-96ccb1008d/2018-10-08_nlopt_15i_chain0__1.npz`
rank #0: 2018-10-08 10:54:03,324 pyRSD.analysis.lbfgs_results INFO     
minimum chi2 = 65.4931688158

Free parameters [ mean ]
_______________
N              : -370.067604435
b1             : 2.41935984973
f_nl           : 44.4706575324
sigma_fog      : 4.22505453935

Constrained parameters [ mean ]
_________________________
b1sigma8       : 0.906982463614
