rank #0: 2018-07-15 19:33:28,877 rsdfit.fitting_driver INFO     rank 36 on nid01111     Calling the 'nlopt' solve function
rank #0: 2018-07-15 19:33:28,878 rsdfit.lbfgs_fitter INFO     running LBFGS for 500 iterations and then stopping
rank #0: 2018-07-15 19:33:28,878 rsdfit.lbfgs_fitter INFO     running LBFGS minimizer with priors
rank #0: 2018-07-15 19:33:28,879 root         INFO     Iter           N          b1        f_nl   sigma_fog   F(X)     
rank #0: 2018-07-15 19:33:29,456 LBFGS        INFO     options = {'factr': 100000.0, 'gtol': 1e-05, 'max_iter': 500, 'test_convergence': False}
rank #0: 2018-07-15 19:33:29,457 LBFGS        PARAM    0000          0.000000          2.000000          0.000000          4.000000         84.779785
rank #0: 2018-07-15 19:33:30,102 LBFGS        PARAM    0001         31.165323          2.064887          1.069638          3.972838         77.302951
rank #0: 2018-07-15 19:33:30,695 LBFGS        PARAM    0002          1.471895          2.203153          4.103630          3.946068         71.460574
rank #0: 2018-07-15 19:33:31,291 LBFGS        PARAM    0003        -42.920930          2.209484          4.627840          3.969741         70.855431
rank #0: 2018-07-15 19:33:31,889 LBFGS        PARAM    0004       -186.418477          2.245377          6.832502          4.025694         70.048245
rank #0: 2018-07-15 19:33:32,470 LBFGS        PARAM    0005       -191.097336          2.244027          7.037738          3.995588         70.029404
rank #0: 2018-07-15 19:33:33,066 LBFGS        PARAM    0006       -219.802029          2.241579          8.679173          3.830710         69.981741
rank #0: 2018-07-15 19:33:33,663 LBFGS        PARAM    0007       -219.099507          2.240794         10.030512          3.829810         69.979745
rank #0: 2018-07-15 19:33:34,249 LBFGS        PARAM    0008       -215.472015          2.237213         14.282829          3.829839         69.977604
rank #0: 2018-07-15 19:33:34,849 LBFGS        PARAM    0009       -215.854122          2.237785         13.297775          3.830965         69.977437
rank #0: 2018-07-15 19:33:35,449 LBFGS        PARAM    0010       -215.755040          2.237736         13.426701          3.830896         69.977432
rank #0: 2018-07-15 19:33:36,050 LBFGS        PARAM    0011       -215.757814          2.237735         13.430900          3.830884         69.977432
rank #0: 2018-07-15 19:33:36,638 LBFGS        PARAM    0012       -215.757842          2.237735         13.430860          3.830885         69.977432
rank #0: 2018-07-15 19:33:37,240 LBFGS        PARAM    0013       -215.757855          2.237735         13.430856          3.830885         69.977432
rank #0: 2018-07-15 19:33:38,043 LBFGS        PARAM    0014       -215.757855          2.237735         13.430856          3.830885         69.977432
rank #0: 2018-07-15 19:33:38,696 LBFGS        PARAM    0015       -215.757855          2.237735         13.430856          3.830885         69.977432
rank #0: 2018-07-15 19:34:04,728 LBFGS        INFO     Linesearch failed in both LBFGS and gradient directions
rank #0: 2018-07-15 19:34:04,729 LBFGS        PARAM    0015       -215.757855          2.237735         13.430856          3.830885         69.977432
rank #0: 2018-07-15 19:34:04,730 rsdfit.lbfgs_fitter WARNING  ...LBFGS optimization finished. Time elapsed: 0:00:35.27
rank #0: 2018-07-15 19:34:04,731 rsdfit.lbfgs_fitter ERROR    nonlinear fit with method L-BFGS-B failed: Linesearch failed in both LBFGS and gradient directions
rank #0: 2018-07-15 19:34:04,733 rsdfit.fitting_driver INFO     rank 36 on nid01111     ...fitting complete
rank #0: 2018-07-15 19:34:04,736 rsdfit.fitting_driver INFO     rank 36 on nid01111     Saving the results to `/global/cscratch1/sd/nhand/eBOSS/fits/results/mocks/ezmock/v1.8e-fph/0.0001-0.3/basemodel-N-fnl/0.8-2.2/QSO-S-0593-P0+P2-mock-cov-8973e9cf3e/2018-07-15_nlopt_15i_chain0__1.npz`
rank #0: 2018-07-15 19:34:05,269 pyRSD.analysis.lbfgs_results INFO     
minimum chi2 = 69.9774318523

Free parameters [ mean ]
_______________
N              : -215.757854705
b1             : 2.23773538816
f_nl           : 13.4308561661
sigma_fog      : 3.83088453501

Constrained parameters [ mean ]
_________________________
b1sigma8       : 0.891319566573
