rank #0: 2018-07-15 19:31:03,500 rsdfit.fitting_driver INFO     rank 55 on nid01111     Calling the 'nlopt' solve function
rank #0: 2018-07-15 19:31:03,501 rsdfit.lbfgs_fitter INFO     running LBFGS for 500 iterations and then stopping
rank #0: 2018-07-15 19:31:03,501 rsdfit.lbfgs_fitter INFO     running LBFGS minimizer with priors
rank #0: 2018-07-15 19:31:03,502 root         INFO     Iter           N          b1        f_nl   sigma_fog   F(X)     
rank #0: 2018-07-15 19:31:04,088 LBFGS        INFO     options = {'factr': 100000.0, 'gtol': 1e-05, 'max_iter': 500, 'test_convergence': False}
rank #0: 2018-07-15 19:31:04,089 LBFGS        PARAM    0000          0.000000          2.000000          0.000000          4.000000         95.873995
rank #0: 2018-07-15 19:31:04,740 LBFGS        PARAM    0001        -12.599640          2.064946          1.598259          3.985204         89.172089
rank #0: 2018-07-15 19:31:05,341 LBFGS        PARAM    0002       -218.802066          2.269028          9.253164          3.994866         77.904239
rank #0: 2018-07-15 19:31:05,943 LBFGS        PARAM    0003       -373.246552          2.296442         12.279356          4.029473         74.631248
rank #0: 2018-07-15 19:31:06,526 LBFGS        PARAM    0004       -571.480126          2.311117         17.821274          3.975567         72.773542
rank #0: 2018-07-15 19:31:07,127 LBFGS        PARAM    0005       -604.016722          2.313070         20.208036          3.899723         72.538598
rank #0: 2018-07-15 19:31:07,725 LBFGS        PARAM    0006       -721.120651          2.302179         35.007079          3.345846         71.598831
rank #0: 2018-07-15 19:31:08,325 LBFGS        PARAM    0007       -699.613326          2.290356         36.385412          3.194754         71.469932
rank #0: 2018-07-15 19:31:08,907 LBFGS        PARAM    0008       -694.905201          2.288940         36.585934          3.192553         71.468340
rank #0: 2018-07-15 19:31:09,508 LBFGS        PARAM    0009       -691.979009          2.288089         37.040075          3.195158         71.467468
rank #0: 2018-07-15 19:31:10,113 LBFGS        PARAM    0010       -690.086236          2.287509         37.570841          3.202127         71.466989
rank #0: 2018-07-15 19:31:10,705 LBFGS        PARAM    0011       -690.229368          2.287593         37.630002          3.204256         71.466965
rank #0: 2018-07-15 19:31:11,304 LBFGS        PARAM    0012       -690.222910          2.287587         37.623501          3.204461         71.466964
rank #0: 2018-07-15 19:31:11,906 LBFGS        PARAM    0013       -690.228050          2.287592         37.623694          3.204449         71.466964
rank #0: 2018-07-15 19:31:12,507 LBFGS        PARAM    0014       -690.228816          2.287592         37.623694          3.204445         71.466964
rank #0: 2018-07-15 19:31:13,094 LBFGS        PARAM    0015       -690.228819          2.287592         37.623684          3.204445         71.466964
rank #0: 2018-07-15 19:31:38,926 LBFGS        INFO     Linesearch failed in both LBFGS and gradient directions
rank #0: 2018-07-15 19:31:38,928 LBFGS        PARAM    0015       -690.228819          2.287592         37.623684          3.204445         71.466964
rank #0: 2018-07-15 19:31:38,928 rsdfit.lbfgs_fitter WARNING  ...LBFGS optimization finished. Time elapsed: 0:00:34.84
rank #0: 2018-07-15 19:31:38,929 rsdfit.lbfgs_fitter ERROR    nonlinear fit with method L-BFGS-B failed: Linesearch failed in both LBFGS and gradient directions
rank #0: 2018-07-15 19:31:38,930 rsdfit.fitting_driver INFO     rank 55 on nid01111     ...fitting complete
rank #0: 2018-07-15 19:31:38,934 rsdfit.fitting_driver INFO     rank 55 on nid01111     Saving the results to `/global/cscratch1/sd/nhand/eBOSS/fits/results/mocks/ezmock/v1.8e-fph/0.0001-0.3/basemodel-N-fnl/0.8-2.2/QSO-S-0406-P0+P2-mock-cov-8973e9cf3e/2018-07-15_nlopt_15i_chain0__1.npz`
rank #0: 2018-07-15 19:31:38,959 pyRSD.analysis.lbfgs_results INFO     
minimum chi2 = 71.4669644735

Free parameters [ mean ]
_______________
N              : -690.2288187
b1             : 2.28759172472
f_nl           : 37.6236842949
sigma_fog      : 3.20444515715

Constrained parameters [ mean ]
_________________________
b1sigma8       : 0.911178004048
