rank #0: 2018-12-30 19:52:38,475 rsdfit.fitting_driver INFO     rank 31 on nid00628     Calling the 'nlopt' solve function
rank #0: 2018-12-30 19:52:38,477 rsdfit.lbfgs_fitter INFO     running LBFGS for 500 iterations and then stopping
rank #0: 2018-12-30 19:52:38,478 rsdfit.lbfgs_fitter INFO     running LBFGS minimizer with priors
rank #0: 2018-12-30 19:52:38,479 root         INFO     Iter           N          b1        f_nl   sigma_fog   F(X)     
rank #0: 2018-12-30 19:52:38,479 rsdfit.lbfgs_fitter INFO     computing gradient using numerical derivative of lnlike()
rank #0: 2018-12-30 19:52:39,670 LBFGS        INFO     options = {'factr': 100000.0, 'gtol': 1e-05, 'max_iter': 500, 'test_convergence': False}
rank #0: 2018-12-30 19:52:39,671 LBFGS        PARAM    0000          0.000000          2.000000          0.000000          4.000000        119.406972
rank #0: 2018-12-30 19:52:41,096 LBFGS        PARAM    0001         22.249080          2.117585          2.273237          3.997349        104.433167
rank #0: 2018-12-30 19:52:42,355 LBFGS        PARAM    0002       -106.475534          2.418819         10.586502          4.169291         88.528835
rank #0: 2018-12-30 19:52:43,608 LBFGS        PARAM    0003       -241.094290          2.428560         10.243360          4.296163         84.633385
rank #0: 2018-12-30 19:52:44,881 LBFGS        PARAM    0004       -495.464906          2.486330          8.808697          4.542596         82.083370
rank #0: 2018-12-30 19:52:46,136 LBFGS        PARAM    0005       -489.454365          2.480877          4.775539          4.540583         81.966551
rank #0: 2018-12-30 19:52:47,392 LBFGS        PARAM    0006       -490.266905          2.488446         -3.851815          4.551684         81.818957
rank #0: 2018-12-30 19:52:48,660 LBFGS        PARAM    0007       -500.685487          2.504149        -11.168055          4.573490         81.763157
rank #0: 2018-12-30 19:52:49,908 LBFGS        PARAM    0008       -501.101218          2.505087        -12.215350          4.577647         81.762234
rank #0: 2018-12-30 19:52:51,173 LBFGS        PARAM    0009       -499.955971          2.504868        -12.318805          4.581381         81.762148
rank #0: 2018-12-30 19:52:52,420 LBFGS        PARAM    0010       -499.256400          2.504777        -12.329530          4.583851         81.762132
rank #0: 2018-12-30 19:52:53,673 LBFGS        PARAM    0011       -499.100359          2.504800        -12.312598          4.584722         81.762129
rank #0: 2018-12-30 19:52:54,951 LBFGS        PARAM    0012       -499.093411          2.504814        -12.305935          4.584850         81.762129
rank #0: 2018-12-30 19:52:56,207 LBFGS        PARAM    0013       -499.097481          2.504816        -12.305617          4.584840         81.762129
rank #0: 2018-12-30 19:52:58,692 LBFGS        PARAM    0014       -499.097986          2.504816        -12.305613          4.584839         81.762129
rank #0: 2018-12-30 19:53:00,069 LBFGS        PARAM    0015       -499.098009          2.504816        -12.305612          4.584839         81.762129
rank #0: 2018-12-30 19:53:01,325 LBFGS        PARAM    0016       -499.098037          2.504816        -12.305615          4.584839         81.762129
rank #0: 2018-12-30 19:53:32,291 LBFGS        PARAM    0017       -499.098037          2.504816        -12.305615          4.584839         81.762129
rank #0: 2018-12-30 19:54:23,158 LBFGS        INFO     Linesearch failed in both LBFGS and gradient directions
rank #0: 2018-12-30 19:54:23,160 LBFGS        PARAM    0017       -499.098037          2.504816        -12.305615          4.584839         81.762129
rank #0: 2018-12-30 19:54:23,162 rsdfit.lbfgs_fitter WARNING  ...LBFGS optimization finished. Time elapsed: 0:01:43.49
rank #0: 2018-12-30 19:54:23,163 rsdfit.lbfgs_fitter ERROR    nonlinear fit with method L-BFGS-B failed: Linesearch failed in both LBFGS and gradient directions
rank #0: 2018-12-30 19:54:23,164 rsdfit.fitting_driver INFO     rank 31 on nid00628     ...fitting complete
rank #0: 2018-12-30 19:54:23,168 rsdfit.fitting_driver INFO     rank 31 on nid00628     Saving the results to `/global/cscratch1/sd/nhand/eBOSS/fits/results/mocks/ezmock/v1.8e-fph/0.0001-0.3/basemodel-N-fnl/0.8-2.2/QSO-S-0802-P0+P2-mock-cov-c368a0eac3/2018-12-30_nlopt_17i_chain0__1.npz`
rank #0: 2018-12-30 19:54:23,251 pyRSD.analysis.lbfgs_results INFO     
minimum chi2 = 81.7621289081

Free parameters [ mean ]
_______________
N              : -499.098037312
b1             : 2.50481562748
f_nl           : -12.3056151337
sigma_fog      : 4.58483853276

Constrained parameters [ mean ]
_________________________
b1sigma8       : 0.939018579217
