rank #0: 2018-07-16 20:20:03,917 rsdfit.fitting_driver INFO     rank 31 on nid00608     Calling the 'nlopt' solve function
rank #0: 2018-07-16 20:20:03,918 rsdfit.lbfgs_fitter INFO     running LBFGS for 500 iterations and then stopping
rank #0: 2018-07-16 20:20:03,918 rsdfit.lbfgs_fitter INFO     running LBFGS minimizer with priors
rank #0: 2018-07-16 20:20:03,919 root         INFO     Iter           N          b1        f_nl   sigma_fog   F(X)     
rank #0: 2018-07-16 20:20:04,488 LBFGS        INFO     options = {'factr': 100000.0, 'gtol': 1e-05, 'max_iter': 500, 'test_convergence': False}
rank #0: 2018-07-16 20:20:04,490 LBFGS        PARAM    0000          0.000000          2.000000          0.000000          4.000000        153.525653
rank #0: 2018-07-16 20:20:05,158 LBFGS        PARAM    0001         46.991556          2.163979          1.357082          3.997413        121.681212
rank #0: 2018-07-16 20:20:05,758 LBFGS        PARAM    0002        -93.223900          2.524024          7.695398          4.223707         93.834116
rank #0: 2018-07-16 20:20:06,355 LBFGS        PARAM    0003       -258.728273          2.542344          8.631177          4.406931         85.362746
rank #0: 2018-07-16 20:20:06,947 LBFGS        PARAM    0004       -566.249492          2.621527         11.682087          4.789133         79.833685
rank #0: 2018-07-16 20:20:07,549 LBFGS        PARAM    0005       -537.808843          2.603510         11.714689          4.818338         79.705766
rank #0: 2018-07-16 20:20:08,152 LBFGS        PARAM    0006       -516.220959          2.598814         12.304133          4.875274         79.621630
rank #0: 2018-07-16 20:20:08,739 LBFGS        PARAM    0007       -449.535347          2.595163         15.938122          5.155837         79.397857
rank #0: 2018-07-16 20:20:09,344 LBFGS        PARAM    0008       -444.390170          2.599562         19.052140          5.231204         79.368179
rank #0: 2018-07-16 20:20:09,950 LBFGS        PARAM    0009       -444.657313          2.600252         20.201450          5.241944         79.365804
rank #0: 2018-07-16 20:20:10,547 LBFGS        PARAM    0010       -444.861324          2.599955         21.754694          5.244861         79.363327
rank #0: 2018-07-16 20:20:11,145 LBFGS        PARAM    0011       -444.676476          2.597596         25.344792          5.238091         79.358665
rank #0: 2018-07-16 20:20:11,747 LBFGS        PARAM    0012       -443.092537          2.593905         27.781929          5.218902         79.355940
rank #0: 2018-07-16 20:20:12,352 LBFGS        PARAM    0013       -443.757431          2.593528         27.828985          5.213450         79.355855
rank #0: 2018-07-16 20:20:12,941 LBFGS        PARAM    0014       -443.832343          2.593546         27.774912          5.212970         79.355853
rank #0: 2018-07-16 20:20:13,541 LBFGS        PARAM    0015       -443.833626          2.593551         27.767703          5.212971         79.355853
rank #0: 2018-07-16 20:20:14,147 LBFGS        PARAM    0016       -443.833284          2.593551         27.767524          5.212973         79.355853
rank #0: 2018-07-16 20:20:14,741 LBFGS        PARAM    0017       -443.833282          2.593551         27.767521          5.212973         79.355853
rank #0: 2018-07-16 20:20:40,776 LBFGS        INFO     Linesearch failed in both LBFGS and gradient directions
rank #0: 2018-07-16 20:20:40,777 LBFGS        PARAM    0017       -443.833282          2.593551         27.767521          5.212973         79.355853
rank #0: 2018-07-16 20:20:40,778 rsdfit.lbfgs_fitter WARNING  ...LBFGS optimization finished. Time elapsed: 0:00:36.29
rank #0: 2018-07-16 20:20:40,779 rsdfit.lbfgs_fitter ERROR    nonlinear fit with method L-BFGS-B failed: Linesearch failed in both LBFGS and gradient directions
rank #0: 2018-07-16 20:20:40,780 rsdfit.fitting_driver INFO     rank 31 on nid00608     ...fitting complete
rank #0: 2018-07-16 20:20:40,784 rsdfit.fitting_driver INFO     rank 31 on nid00608     Saving the results to `/global/cscratch1/sd/nhand/eBOSS/fits/results/mocks/ezmock/v1.8e-fph/0.005-0.3/basemodel-N-fnl/0.8-2.2/QSO-N-0547-P0+P2-mock-cov-f224d44da7/2018-07-16_nlopt_17i_chain0__1.npz`
rank #0: 2018-07-16 20:20:40,829 pyRSD.analysis.lbfgs_results INFO     
minimum chi2 = 79.3558534503

Free parameters [ mean ]
_______________
N              : -443.833281689
b1             : 2.59355136553
f_nl           : 27.7675206714
sigma_fog      : 5.21297336335

Constrained parameters [ mean ]
_________________________
b1sigma8       : 0.939471208358
