rank #0: 2018-06-24 11:33:50,498 rsdfit.fitting_driver INFO     rank 24 on nid00616     Calling the 'nlopt' solve function
rank #0: 2018-06-24 11:33:50,500 rsdfit.lbfgs_fitter INFO     running LBFGS for 500 iterations and then stopping
rank #0: 2018-06-24 11:33:50,501 rsdfit.lbfgs_fitter INFO     running LBFGS minimizer with priors
rank #0: 2018-06-24 11:33:50,501 root         INFO     Iter           N          b1        f_nl   sigma_fog   F(X)     
rank #0: 2018-06-24 11:33:51,081 LBFGS        INFO     options = {'factr': 100000.0, 'gtol': 1e-05, 'max_iter': 500, 'test_convergence': False}
rank #0: 2018-06-24 11:33:51,083 LBFGS        PARAM    0000          0.000000          2.000000          0.000000          4.000000         95.707548
rank #0: 2018-06-24 11:33:51,741 LBFGS        PARAM    0001        -12.047397          2.051025          1.334697          3.997226         88.177118
rank #0: 2018-06-24 11:33:52,341 LBFGS        PARAM    0002       -173.349882          2.202622          7.418969          4.045026         75.813974
rank #0: 2018-06-24 11:33:52,943 LBFGS        PARAM    0003       -296.230583          2.225917         10.286908          4.088727         72.541794
rank #0: 2018-06-24 11:33:53,528 LBFGS        PARAM    0004       -416.895372          2.230623         15.329565          4.067106         71.080470
rank #0: 2018-06-24 11:33:54,130 LBFGS        PARAM    0005       -439.676392          2.230957         18.040696          4.023266         70.851883
rank #0: 2018-06-24 11:33:54,735 LBFGS        PARAM    0006       -538.553471          2.222658         37.798428          3.671669         69.733106
rank #0: 2018-06-24 11:33:55,325 LBFGS        PARAM    0007       -540.619970          2.209707         49.613515          3.476570         69.264122
rank #0: 2018-06-24 11:33:55,925 LBFGS        PARAM    0008       -496.732182          2.199249         51.346609          3.460747         69.104010
rank #0: 2018-06-24 11:33:56,531 LBFGS        PARAM    0009       -489.009249          2.198925         51.579679          3.475852         69.095754
rank #0: 2018-06-24 11:33:57,133 LBFGS        PARAM    0010       -480.534629          2.197943         52.210300          3.501229         69.087819
rank #0: 2018-06-24 11:33:57,719 LBFGS        PARAM    0011       -477.565257          2.197164         53.249718          3.524140         69.082515
rank #0: 2018-06-24 11:33:58,321 LBFGS        PARAM    0012       -478.068081          2.197092         53.311447          3.530521         69.082047
rank #0: 2018-06-24 11:33:58,925 LBFGS        PARAM    0013       -478.474945          2.197150         53.324691          3.529914         69.082039
rank #0: 2018-06-24 11:33:59,512 LBFGS        PARAM    0014       -478.512961          2.197150         53.317684          3.529790         69.082039
rank #0: 2018-06-24 11:34:00,113 LBFGS        PARAM    0015       -478.512908          2.197150         53.317936          3.529785         69.082039
rank #0: 2018-06-24 11:34:00,716 LBFGS        PARAM    0016       -478.512871          2.197150         53.317938          3.529785         69.082039
rank #0: 2018-06-24 11:34:01,451 LBFGS        PARAM    0017       -478.512870          2.197150         53.317938          3.529785         69.082039
rank #0: 2018-06-24 11:34:27,608 LBFGS        INFO     Linesearch failed in both LBFGS and gradient directions
rank #0: 2018-06-24 11:34:27,610 LBFGS        PARAM    0017       -478.512870          2.197150         53.317938          3.529785         69.082039
rank #0: 2018-06-24 11:34:27,610 rsdfit.lbfgs_fitter WARNING  ...LBFGS optimization finished. Time elapsed: 0:00:36.53
rank #0: 2018-06-24 11:34:27,611 rsdfit.lbfgs_fitter ERROR    nonlinear fit with method L-BFGS-B failed: Linesearch failed in both LBFGS and gradient directions
rank #0: 2018-06-24 11:34:27,613 rsdfit.fitting_driver INFO     rank 24 on nid00616     ...fitting complete
rank #0: 2018-06-24 11:34:27,616 rsdfit.fitting_driver INFO     rank 24 on nid00616     Saving the results to `/global/cscratch1/sd/nhand/eBOSS/fits/results/mocks/ezmock/v1.8e-fph/0.0001-0.3/basemodel-N-fnl/0.8-2.2/QSO-N-0771-P0+P2-mock-cov-8973e9cf3e/2018-06-24_nlopt_17i_chain0__1.npz`
rank #0: 2018-06-24 11:34:27,641 pyRSD.analysis.lbfgs_results INFO     
minimum chi2 = 69.082039224

Free parameters [ mean ]
_______________
N              : -478.512870236
b1             : 2.19715023706
f_nl           : 53.3179376014
sigma_fog      : 3.52978474127

Constrained parameters [ mean ]
_________________________
b1sigma8       : 0.875153964742
