rank #0: 2017-11-25 12:00:17,356 rsdfit.fitting_driver INFO     rank 55 on nid00472     Calling the 'nlopt' solve function
rank #0: 2017-11-25 12:00:17,357 rsdfit.lbfgs_fitter INFO     running LBFGS for 500 iterations and then stopping
rank #0: 2017-11-25 12:00:17,357 rsdfit.lbfgs_fitter INFO     running LBFGS minimizer with priors
rank #0: 2017-11-25 12:00:17,357 root         INFO     Iter           N          b1        f_nl   sigma_fog   F(X)     
rank #0: 2017-11-25 12:00:17,405 root         INFO     analytic derivative for parameter 'N' not available; no registered subclass for dPkmu/dN
rank #0: 2017-11-25 12:00:17,701 LBFGS        INFO     options = {'factr': 100000.0, 'gtol': 1e-05, 'max_iter': 500, 'test_convergence': False}
rank #0: 2017-11-25 12:00:17,702 LBFGS        PARAM    0000          0.000000          2.000000          0.000000          4.000000        177.890295
rank #0: 2017-11-25 12:00:18,104 LBFGS        PARAM    0001         22.362914          2.056693          0.413838          3.975259        146.093826
rank #0: 2017-11-25 12:00:18,447 LBFGS        PARAM    0002        -10.923660          2.179850          1.927096          3.963225        117.927360
rank #0: 2017-11-25 12:00:18,791 LBFGS        PARAM    0003        -76.522169          2.205982          2.629413          3.990744        111.218612
rank #0: 2017-11-25 12:00:19,133 LBFGS        PARAM    0004       -338.158932          2.271127          6.080001          3.938866         99.217776
rank #0: 2017-11-25 12:00:19,475 LBFGS        PARAM    0005       -359.373191          2.271467          7.244306          3.892928         98.748948
rank #0: 2017-11-25 12:00:19,816 LBFGS        PARAM    0006       -389.403306          2.271214         10.160926          3.788932         97.947317
rank #0: 2017-11-25 12:00:20,159 LBFGS        PARAM    0007       -403.598764          2.269605         14.788576          3.704952         97.381084
rank #0: 2017-11-25 12:00:20,501 LBFGS        PARAM    0008       -419.536697          2.265326         23.758184          3.608151         96.839189
rank #0: 2017-11-25 12:00:20,843 LBFGS        PARAM    0009       -420.893474          2.261761         34.466396          3.595200         96.563846
rank #0: 2017-11-25 12:00:21,185 LBFGS        PARAM    0010       -377.434464          2.249832         59.732013          3.673099         96.560695
rank #0: 2017-11-25 12:00:21,527 LBFGS        PARAM    0011       -390.866786          2.251504         53.662594          3.661105         96.484237
rank #0: 2017-11-25 12:00:45,303 LBFGS        INFO     Linesearch failed in both LBFGS and gradient directions
rank #0: 2017-11-25 12:00:45,304 LBFGS        PARAM    0011       -390.866786          2.251504         53.662594          3.661105         96.484237
rank #0: 2017-11-25 12:00:45,304 rsdfit.lbfgs_fitter WARNING  ...LBFGS optimization finished. Time elapsed: 0:00:27.60
rank #0: 2017-11-25 12:00:45,304 rsdfit.lbfgs_fitter ERROR    nonlinear fit with method L-BFGS-B failed: Linesearch failed in both LBFGS and gradient directions
rank #0: 2017-11-25 12:00:45,305 rsdfit.fitting_driver INFO     rank 55 on nid00472     ...fitting complete
rank #0: 2017-11-25 12:00:45,314 rsdfit.fitting_driver INFO     rank 55 on nid00472     Saving the results to `/global/project/projectdirs/m779/nhand/Research/eBOSS/fits/results/mocks/ezmock/v1.8e-fph/0.0001-0.3/basemodel-N-fnl/0.8-2.2/QSO-N-0756-P0+P2-d10badba55/2017-11-25_nlopt_11i_chain0__1.npz`
rank #0: 2017-11-25 12:00:45,380 pyRSD.analysis.lbfgs_results INFO     
minimum chi2 = 96.4842365827

Free parameters [ mean ]
_______________
N              : -390.866786447
b1             : 2.25150402083
f_nl           : 53.6625937345
sigma_fog      : 3.66110507743

Constrained parameters [ mean ]
_________________________
b1sigma8       : 0.896256980817
