rank #0: 2018-12-30 15:47:55,171 rsdfit.fitting_driver INFO     rank 51 on nid00554     Calling the 'nlopt' solve function
rank #0: 2018-12-30 15:47:55,172 rsdfit.lbfgs_fitter INFO     running LBFGS for 500 iterations and then stopping
rank #0: 2018-12-30 15:47:55,172 rsdfit.lbfgs_fitter INFO     running LBFGS minimizer with priors
rank #0: 2018-12-30 15:47:55,172 root         INFO     Iter           N          b1        f_nl   sigma_fog   F(X)     
rank #0: 2018-12-30 15:47:55,172 rsdfit.lbfgs_fitter INFO     computing gradient using numerical derivative of lnlike()
rank #0: 2018-12-30 15:47:55,771 LBFGS        INFO     options = {'factr': 100000.0, 'gtol': 1e-05, 'max_iter': 500, 'test_convergence': False}
rank #0: 2018-12-30 15:47:55,772 LBFGS        PARAM    0000          0.000000          2.000000          0.000000          4.000000        104.027438
rank #0: 2018-12-30 15:47:56,456 LBFGS        PARAM    0001        -11.997607          2.046024          1.498934          3.996806         97.148964
rank #0: 2018-12-30 15:47:57,051 LBFGS        PARAM    0002       -177.521222          2.199640          9.709479          4.039011         84.267568
rank #0: 2018-12-30 15:47:57,661 LBFGS        PARAM    0003       -296.871946          2.219865         14.056170          4.077428         80.911740
rank #0: 2018-12-30 15:47:58,272 LBFGS        PARAM    0004       -424.250793          2.222704         23.287117          4.050012         78.946130
rank #0: 2018-12-30 15:47:58,863 LBFGS        PARAM    0005       -457.161237          2.220237         29.455316          3.989350         78.403025
rank #0: 2018-12-30 15:47:59,474 LBFGS        PARAM    0006       -516.086364          2.202726         52.359656          3.705995         77.206690
rank #0: 2018-12-30 15:48:00,086 LBFGS        PARAM    0007       -487.021547          2.192625         51.610328          3.563512         76.692687
rank #0: 2018-12-30 15:48:00,685 LBFGS        PARAM    0008       -476.040388          2.189635         52.759588          3.465488         76.614113
rank #0: 2018-12-30 15:48:01,293 LBFGS        PARAM    0009       -474.759153          2.189056         52.252180          3.470302         76.613172
rank #0: 2018-12-30 15:48:01,907 LBFGS        PARAM    0010       -475.288913          2.189140         52.337974          3.469254         76.613109
rank #0: 2018-12-30 15:48:02,520 LBFGS        PARAM    0011       -475.780384          2.189218         52.336753          3.467861         76.613067
rank #0: 2018-12-30 15:48:03,117 LBFGS        PARAM    0012       -476.617946          2.189313         52.284640          3.465171         76.613026
rank #0: 2018-12-30 15:48:03,737 LBFGS        PARAM    0013       -476.643945          2.189319         52.268288          3.465072         76.613026
rank #0: 2018-12-30 15:48:04,355 LBFGS        PARAM    0014       -476.638510          2.189316         52.267171          3.465077         76.613026
rank #0: 2018-12-30 15:48:04,952 LBFGS        PARAM    0015       -476.637693          2.189316         52.267091          3.465081         76.613026
rank #0: 2018-12-30 15:48:05,982 LBFGS        PARAM    0016       -476.637743          2.189316         52.267107          3.465081         76.613026
rank #0: 2018-12-30 15:48:06,669 LBFGS        PARAM    0017       -476.637713          2.189316         52.267109          3.465081         76.613026
rank #0: 2018-12-30 15:48:33,128 LBFGS        INFO     Linesearch failed in both LBFGS and gradient directions
rank #0: 2018-12-30 15:48:33,128 LBFGS        PARAM    0017       -476.637713          2.189316         52.267109          3.465081         76.613026
rank #0: 2018-12-30 15:48:33,129 rsdfit.lbfgs_fitter WARNING  ...LBFGS optimization finished. Time elapsed: 0:00:37.36
rank #0: 2018-12-30 15:48:33,129 rsdfit.lbfgs_fitter ERROR    nonlinear fit with method L-BFGS-B failed: Linesearch failed in both LBFGS and gradient directions
rank #0: 2018-12-30 15:48:33,130 rsdfit.fitting_driver INFO     rank 51 on nid00554     ...fitting complete
rank #0: 2018-12-30 15:48:33,134 rsdfit.fitting_driver INFO     rank 51 on nid00554     Saving the results to `/global/cscratch1/sd/nhand/eBOSS/fits/results/mocks/ezmock/v1.8e-fph/0.0001-0.3/basemodel-N-fnl/0.8-2.2/QSO-N-0209-P0+P2-mock-cov-280ed9f5b7/2018-12-30_nlopt_17i_chain0__1.npz`
rank #0: 2018-12-30 15:48:33,507 pyRSD.analysis.lbfgs_results INFO     
minimum chi2 = 76.6130255134

Free parameters [ mean ]
_______________
N              : -476.637712798
b1             : 2.18931631878
f_nl           : 52.2671087556
sigma_fog      : 3.46508093022

Constrained parameters [ mean ]
_________________________
b1sigma8       : 0.8720336116
