rank #0: 2018-10-08 09:27:38,737 rsdfit.fitting_driver INFO     rank 12 on nid02164     Calling the 'nlopt' solve function
rank #0: 2018-10-08 09:27:38,738 rsdfit.lbfgs_fitter INFO     running LBFGS for 500 iterations and then stopping
rank #0: 2018-10-08 09:27:38,738 rsdfit.lbfgs_fitter INFO     running LBFGS minimizer with priors
rank #0: 2018-10-08 09:27:38,738 root         INFO     Iter           N          b1        f_nl   sigma_fog   F(X)     
rank #0: 2018-10-08 09:27:38,738 rsdfit.lbfgs_fitter INFO     computing gradient using numerical derivative of lnlike()
rank #0: 2018-10-08 09:27:39,875 LBFGS        INFO     options = {'factr': 100000.0, 'gtol': 1e-05, 'max_iter': 500, 'test_convergence': False}
rank #0: 2018-10-08 09:27:39,875 LBFGS        PARAM    0000          0.000000          2.000000          0.000000          4.000000        110.724491
rank #0: 2018-10-08 09:27:41,217 LBFGS        PARAM    0001         43.098827          2.098991          2.249736          3.948941         98.750823
rank #0: 2018-10-08 09:27:42,430 LBFGS        PARAM    0002        -26.250795          2.343847         10.953236          3.847291         87.995539
rank #0: 2018-10-08 09:27:43,643 LBFGS        PARAM    0003       -107.204427          2.334739         12.460429          3.860066         86.317510
rank #0: 2018-10-08 09:27:44,884 LBFGS        PARAM    0004       -328.507726          2.370833         19.291080          3.832173         84.447744
rank #0: 2018-10-08 09:27:46,102 LBFGS        PARAM    0005       -380.552982          2.380651         22.904687          3.708473         84.086032
rank #0: 2018-10-08 09:27:47,336 LBFGS        PARAM    0006       -474.953057          2.374176         31.682962          3.215833         83.455761
rank #0: 2018-10-08 09:27:48,549 LBFGS        PARAM    0007       -467.738220          2.368018         28.389497          3.102266         83.406134
rank #0: 2018-10-08 09:27:49,760 LBFGS        PARAM    0008       -466.137712          2.369360         29.210860          3.107365         83.403894
rank #0: 2018-10-08 09:27:50,993 LBFGS        PARAM    0009       -465.558098          2.368998         29.385032          3.108669         83.403731
rank #0: 2018-10-08 09:27:52,209 LBFGS        PARAM    0010       -463.782906          2.368088         29.641348          3.109618         83.403582
rank #0: 2018-10-08 09:27:53,446 LBFGS        PARAM    0011       -463.621044          2.368028         29.637647          3.109435         83.403580
rank #0: 2018-10-08 09:27:54,665 LBFGS        PARAM    0012       -463.610636          2.368025         29.635527          3.109400         83.403580
rank #0: 2018-10-08 09:27:55,884 LBFGS        PARAM    0013       -463.610840          2.368025         29.635463          3.109399         83.403580
rank #0: 2018-10-08 09:27:57,122 LBFGS        PARAM    0014       -463.610849          2.368025         29.635462          3.109399         83.403580
rank #0: 2018-10-08 09:27:58,341 LBFGS        PARAM    0015       -463.610855          2.368025         29.635458          3.109399         83.403580
rank #0: 2018-10-08 09:27:59,719 LBFGS        PARAM    0016       -463.610852          2.368025         29.635459          3.109399         83.403580
rank #0: 2018-10-08 09:28:30,516 LBFGS        PARAM    0017       -463.610852          2.368025         29.635459          3.109399         83.403580
rank #0: 2018-10-08 09:28:30,517 LBFGS        INFO     LBFGS iteration 17: the descent direction does not have a sufficient projection (cos(theta)=-8.97e-01, theta=153.8312) into the gradient; using steepest descent at this step!
rank #0: 2018-10-08 09:28:31,863 LBFGS        PARAM    0018       -463.610866          2.368025         29.635459          3.109399         83.403580
rank #0: 2018-10-08 09:29:25,502 LBFGS        INFO     Linesearch failed in both LBFGS and gradient directions
rank #0: 2018-10-08 09:29:25,503 LBFGS        PARAM    0018       -463.610866          2.368025         29.635459          3.109399         83.403580
rank #0: 2018-10-08 09:29:25,503 rsdfit.lbfgs_fitter WARNING  ...LBFGS optimization finished. Time elapsed: 0:01:45.63
rank #0: 2018-10-08 09:29:25,504 rsdfit.lbfgs_fitter ERROR    nonlinear fit with method L-BFGS-B failed: Linesearch failed in both LBFGS and gradient directions
rank #0: 2018-10-08 09:29:25,505 rsdfit.fitting_driver INFO     rank 12 on nid02164     ...fitting complete
rank #0: 2018-10-08 09:29:25,508 rsdfit.fitting_driver INFO     rank 12 on nid02164     Saving the results to `/global/cscratch1/sd/nhand/eBOSS/fits/results/mocks/ezmock/v1.8e-fph/0.0001-0.3/basemodel-N-fnl/0.8-2.2/QSO-S-0075-P0+P2-mock-cov-96ccb1008d/2018-10-08_nlopt_18i_chain0__1.npz`
rank #0: 2018-10-08 09:29:25,669 pyRSD.analysis.lbfgs_results INFO     
minimum chi2 = 83.4035801989

Free parameters [ mean ]
_______________
N              : -463.610866473
b1             : 2.3680253913
f_nl           : 29.6354591614
sigma_fog      : 3.10939892956

Constrained parameters [ mean ]
_________________________
b1sigma8       : 0.887737929331
