rank #0: 2018-07-16 20:08:38,700 rsdfit.fitting_driver INFO     rank 15 on nid00652     Calling the 'nlopt' solve function
rank #0: 2018-07-16 20:08:38,701 rsdfit.lbfgs_fitter INFO     running LBFGS for 500 iterations and then stopping
rank #0: 2018-07-16 20:08:38,702 rsdfit.lbfgs_fitter INFO     running LBFGS minimizer with priors
rank #0: 2018-07-16 20:08:38,703 root         INFO     Iter           N          b1        f_nl   sigma_fog   F(X)     
rank #0: 2018-07-16 20:08:39,382 LBFGS        INFO     options = {'factr': 100000.0, 'gtol': 1e-05, 'max_iter': 500, 'test_convergence': False}
rank #0: 2018-07-16 20:08:39,382 LBFGS        PARAM    0000          0.000000          2.000000          0.000000          4.000000         91.163358
rank #0: 2018-07-16 20:08:40,028 LBFGS        PARAM    0001         23.657434          2.070085          0.373478          3.978551         83.444908
rank #0: 2018-07-16 20:08:40,624 LBFGS        PARAM    0002        -22.093669          2.215285          1.399296          3.985500         77.113690
rank #0: 2018-07-16 20:08:41,216 LBFGS        PARAM    0003        -89.515853          2.233753          1.362279          4.026378         75.922332
rank #0: 2018-07-16 20:08:41,808 LBFGS        PARAM    0004       -274.265993          2.276913         -0.264779          4.117468         74.542579
rank #0: 2018-07-16 20:08:42,384 LBFGS        PARAM    0005       -278.308919          2.277531         -1.467788          4.099404         74.520582
rank #0: 2018-07-16 20:08:42,976 LBFGS        PARAM    0006       -336.361648          2.290615        -31.730705          3.874683         74.256223
rank #0: 2018-07-16 20:08:44,620 LBFGS        PARAM    0007       -342.268971          2.301730        -54.766850          3.904162         74.141723
rank #0: 2018-07-16 20:08:45,214 LBFGS        PARAM    0008       -325.560997          2.311390        -75.689566          4.036420         74.091203
rank #0: 2018-07-16 20:08:45,810 LBFGS        PARAM    0009       -328.777392          2.311809        -76.786718          4.016629         74.090207
rank #0: 2018-07-16 20:08:46,389 LBFGS        PARAM    0010       -329.232904          2.311841        -77.066660          4.014820         74.090193
rank #0: 2018-07-16 20:08:46,984 LBFGS        PARAM    0011       -329.230244          2.311851        -77.081645          4.014868         74.090193
rank #0: 2018-07-16 20:08:47,580 LBFGS        PARAM    0012       -329.230104          2.311851        -77.081792          4.014871         74.090193
rank #0: 2018-07-16 20:08:48,294 LBFGS        PARAM    0013       -329.230103          2.311851        -77.081792          4.014871         74.090193
rank #0: 2018-07-16 20:09:14,052 LBFGS        INFO     Linesearch failed in both LBFGS and gradient directions
rank #0: 2018-07-16 20:09:14,054 LBFGS        PARAM    0013       -329.230103          2.311851        -77.081792          4.014871         74.090193
rank #0: 2018-07-16 20:09:14,055 rsdfit.lbfgs_fitter WARNING  ...LBFGS optimization finished. Time elapsed: 0:00:34.67
rank #0: 2018-07-16 20:09:14,055 rsdfit.lbfgs_fitter ERROR    nonlinear fit with method L-BFGS-B failed: Linesearch failed in both LBFGS and gradient directions
rank #0: 2018-07-16 20:09:14,057 rsdfit.fitting_driver INFO     rank 15 on nid00652     ...fitting complete
rank #0: 2018-07-16 20:09:14,061 rsdfit.fitting_driver INFO     rank 15 on nid00652     Saving the results to `/global/cscratch1/sd/nhand/eBOSS/fits/results/mocks/ezmock/v1.8e-fph/0.005-0.3/basemodel-N-fnl/0.8-2.2/QSO-S-0536-P0+P2-mock-cov-a8bcb55756/2018-07-16_nlopt_13i_chain0__1.npz`
rank #0: 2018-07-16 20:09:14,095 pyRSD.analysis.lbfgs_results INFO     
minimum chi2 = 74.0901930439

Free parameters [ mean ]
_______________
N              : -329.230103467
b1             : 2.31185089646
f_nl           : -77.0817923001
sigma_fog      : 4.01487071646

Constrained parameters [ mean ]
_________________________
b1sigma8       : 0.920840752627
