rank #0: 2018-06-24 13:00:32,929 rsdfit.fitting_driver INFO     rank 48 on nid00544     Calling the 'nlopt' solve function
rank #0: 2018-06-24 13:00:32,930 rsdfit.lbfgs_fitter INFO     running LBFGS for 500 iterations and then stopping
rank #0: 2018-06-24 13:00:32,930 rsdfit.lbfgs_fitter INFO     running LBFGS minimizer with priors
rank #0: 2018-06-24 13:00:32,931 root         INFO     Iter           N          b1        f_nl   sigma_fog   F(X)     
rank #0: 2018-06-24 13:00:33,509 LBFGS        INFO     options = {'factr': 100000.0, 'gtol': 1e-05, 'max_iter': 500, 'test_convergence': False}
rank #0: 2018-06-24 13:00:33,511 LBFGS        PARAM    0000          0.000000          2.000000          0.000000          4.000000        100.726213
rank #0: 2018-06-24 13:00:34,175 LBFGS        PARAM    0001        -14.367545          2.056862          1.313855          4.012752         92.386230
rank #0: 2018-06-24 13:00:34,766 LBFGS        PARAM    0002       -182.031894          2.211206          6.417907          4.145535         79.568417
rank #0: 2018-06-24 13:00:35,349 LBFGS        PARAM    0003       -308.784522          2.236388          8.303521          4.253101         76.170766
rank #0: 2018-06-24 13:00:35,945 LBFGS        PARAM    0004       -387.729009          2.238470          9.769079          4.330708         75.382057
rank #0: 2018-06-24 13:00:36,540 LBFGS        PARAM    0005       -387.436014          2.239371         10.152991          4.334870         75.375395
rank #0: 2018-06-24 13:00:37,132 LBFGS        PARAM    0006       -381.954415          2.240578         12.723114          4.361314         75.345152
rank #0: 2018-06-24 13:00:37,730 LBFGS        PARAM    0007       -371.369153          2.238496         16.688245          4.399856         75.311678
rank #0: 2018-06-24 13:00:38,327 LBFGS        PARAM    0008       -359.320709          2.232308         21.614146          4.430638         75.280247
rank #0: 2018-06-24 13:00:38,920 LBFGS        PARAM    0009       -356.047654          2.227438         24.335071          4.427333         75.267565
rank #0: 2018-06-24 13:00:39,501 LBFGS        PARAM    0010       -356.993476          2.225078         25.327872          4.413730         75.263636
rank #0: 2018-06-24 13:00:40,095 LBFGS        PARAM    0011       -359.057651          2.224258         25.798842          4.400066         75.261500
rank #0: 2018-06-24 13:00:40,687 LBFGS        PARAM    0012       -362.820614          2.224001         26.593599          4.378950         75.258802
rank #0: 2018-06-24 13:00:41,267 LBFGS        PARAM    0013       -364.272066          2.224530         26.954950          4.372445         75.258089
rank #0: 2018-06-24 13:00:41,862 LBFGS        PARAM    0014       -364.272356          2.224737         26.942379          4.372927         75.258061
rank #0: 2018-06-24 13:00:42,456 LBFGS        PARAM    0015       -364.222547          2.224764         26.930471          4.373274         75.258060
rank #0: 2018-06-24 13:00:43,051 LBFGS        PARAM    0016       -364.215206          2.224764         26.929629          4.373315         75.258060
rank #0: 2018-06-24 13:00:43,629 LBFGS        PARAM    0017       -364.214855          2.224764         26.929699          4.373316         75.258060
rank #0: 2018-06-24 13:00:44,226 LBFGS        PARAM    0018       -364.214840          2.224764         26.929707          4.373316         75.258060
rank #0: 2018-06-24 13:00:44,820 LBFGS        PARAM    0019       -364.214851          2.224764         26.929708          4.373316         75.258060
rank #0: 2018-06-24 13:01:10,444 LBFGS        INFO     Linesearch failed in both LBFGS and gradient directions
rank #0: 2018-06-24 13:01:10,445 LBFGS        PARAM    0019       -364.214851          2.224764         26.929708          4.373316         75.258060
rank #0: 2018-06-24 13:01:10,445 rsdfit.lbfgs_fitter WARNING  ...LBFGS optimization finished. Time elapsed: 0:00:36.94
rank #0: 2018-06-24 13:01:10,446 rsdfit.lbfgs_fitter ERROR    nonlinear fit with method L-BFGS-B failed: Linesearch failed in both LBFGS and gradient directions
rank #0: 2018-06-24 13:01:10,447 rsdfit.fitting_driver INFO     rank 48 on nid00544     ...fitting complete
rank #0: 2018-06-24 13:01:10,450 rsdfit.fitting_driver INFO     rank 48 on nid00544     Saving the results to `/global/cscratch1/sd/nhand/eBOSS/fits/results/mocks/ezmock/v1.8e-fph/0.005-0.3/basemodel-N-fnl/0.8-2.2/QSO-N-0518-P0+P2-mock-cov-8973e9cf3e/2018-06-24_nlopt_19i_chain0__1.npz`
rank #0: 2018-06-24 13:01:10,478 pyRSD.analysis.lbfgs_results INFO     
minimum chi2 = 75.2580601678

Free parameters [ mean ]
_______________
N              : -364.214851016
b1             : 2.22476373342
f_nl           : 26.929707557
sigma_fog      : 4.37331578885

Constrained parameters [ mean ]
_________________________
b1sigma8       : 0.886152785128
