rank #0: 2018-10-08 10:10:46,091 rsdfit.fitting_driver INFO     rank 13 on nid00693     Calling the 'nlopt' solve function
rank #0: 2018-10-08 10:10:46,092 rsdfit.lbfgs_fitter INFO     running LBFGS for 500 iterations and then stopping
rank #0: 2018-10-08 10:10:46,092 rsdfit.lbfgs_fitter INFO     running LBFGS minimizer with priors
rank #0: 2018-10-08 10:10:46,093 root         INFO     Iter           N          b1        f_nl   sigma_fog   F(X)     
rank #0: 2018-10-08 10:10:46,093 rsdfit.lbfgs_fitter INFO     computing gradient using numerical derivative of lnlike()
rank #0: 2018-10-08 10:10:47,299 LBFGS        INFO     options = {'factr': 100000.0, 'gtol': 1e-05, 'max_iter': 500, 'test_convergence': False}
rank #0: 2018-10-08 10:10:47,301 LBFGS        PARAM    0000          0.000000          2.000000          0.000000          4.000000        133.822151
rank #0: 2018-10-08 10:10:48,661 LBFGS        PARAM    0001         67.705294          2.136122          1.142221          3.964194        109.532634
rank #0: 2018-10-08 10:10:49,880 LBFGS        PARAM    0002          3.987027          2.410460          5.720862          4.009967         92.428891
rank #0: 2018-10-08 10:10:51,125 LBFGS        PARAM    0003        -91.091201          2.414037          6.734832          4.112061         89.170433
rank #0: 2018-10-08 10:10:52,350 LBFGS        PARAM    0004       -316.145493          2.479136         10.933123          4.370504         86.256453
rank #0: 2018-10-08 10:10:53,604 LBFGS        PARAM    0005       -304.357668          2.477485         12.820980          4.413598         86.165019
rank #0: 2018-10-08 10:10:54,828 LBFGS        PARAM    0006       -189.085151          2.461664         46.552607          4.872380         85.619973
rank #0: 2018-10-08 10:10:56,045 LBFGS        PARAM    0007       -205.302580          2.454673         44.916765          4.793668         85.598625
rank #0: 2018-10-08 10:10:57,278 LBFGS        PARAM    0008       -208.193621          2.457204         44.990018          4.787088         85.594457
rank #0: 2018-10-08 10:10:58,497 LBFGS        PARAM    0009       -210.440128          2.457679         45.995249          4.774260         85.591636
rank #0: 2018-10-08 10:10:59,739 LBFGS        PARAM    0010       -212.610085          2.456701         47.306048          4.755619         85.590057
rank #0: 2018-10-08 10:11:00,955 LBFGS        PARAM    0011       -212.805860          2.455925         47.595721          4.750912         85.589909
rank #0: 2018-10-08 10:11:02,172 LBFGS        PARAM    0012       -212.771788          2.455863         47.597521          4.750835         85.589908
rank #0: 2018-10-08 10:11:03,413 LBFGS        PARAM    0013       -212.767376          2.455862         47.596342          4.750860         85.589908
rank #0: 2018-10-08 10:11:04,640 LBFGS        PARAM    0014       -212.767273          2.455862         47.596247          4.750861         85.589908
rank #0: 2018-10-08 10:11:06,037 LBFGS        PARAM    0015       -212.767271          2.455862         47.596247          4.750861         85.589908
rank #0: 2018-10-08 10:11:07,690 LBFGS        PARAM    0016       -212.767271          2.455862         47.596248          4.750861         85.589908
rank #0: 2018-10-08 10:11:09,056 LBFGS        PARAM    0017       -212.767271          2.455862         47.596248          4.750861         85.589908
rank #0: 2018-10-08 10:11:09,057 LBFGS        INFO     LBFGS iteration 17: the descent direction does not have a sufficient projection (cos(theta)=-2.12e-01, theta=102.2511) into the gradient; using steepest descent at this step!
rank #0: 2018-10-08 10:11:34,408 LBFGS        INFO     Linesearch failed in both LBFGS and gradient directions
rank #0: 2018-10-08 10:11:34,409 LBFGS        PARAM    0017       -212.767271          2.455862         47.596248          4.750861         85.589908
rank #0: 2018-10-08 10:11:34,410 rsdfit.lbfgs_fitter WARNING  ...LBFGS optimization finished. Time elapsed: 0:00:47.11
rank #0: 2018-10-08 10:11:34,410 rsdfit.lbfgs_fitter ERROR    nonlinear fit with method L-BFGS-B failed: Linesearch failed in both LBFGS and gradient directions
rank #0: 2018-10-08 10:11:34,411 rsdfit.fitting_driver INFO     rank 13 on nid00693     ...fitting complete
rank #0: 2018-10-08 10:11:34,414 rsdfit.fitting_driver INFO     rank 13 on nid00693     Saving the results to `/global/cscratch1/sd/nhand/eBOSS/fits/results/mocks/ezmock/v1.8e-fph/0.0001-0.3/basemodel-N-fnl/0.8-2.2/QSO-N-0495-P0+P2-mock-cov-4ae05ce33e/2018-10-08_nlopt_17i_chain0__1.npz`
rank #0: 2018-10-08 10:11:34,482 pyRSD.analysis.lbfgs_results INFO     
minimum chi2 = 85.5899082998

Free parameters [ mean ]
_______________
N              : -212.767270796
b1             : 2.45586226389
f_nl           : 47.596247516
sigma_fog      : 4.7508611409

Constrained parameters [ mean ]
_________________________
b1sigma8       : 0.889595602108
