rank #0: 2017-11-27 22:09:28,415 rsdfit.fitting_driver INFO     rank 44 on nid00527     Calling the 'nlopt' solve function
rank #0: 2017-11-27 22:09:28,415 rsdfit.lbfgs_fitter INFO     running LBFGS for 500 iterations and then stopping
rank #0: 2017-11-27 22:09:28,415 rsdfit.lbfgs_fitter INFO     running LBFGS minimizer with priors
rank #0: 2017-11-27 22:09:28,416 root         INFO     Iter           N   alpha_par   alpha_perp          b1           f        f_nl    sigma8_z   sigma_fog   F(X)     
rank #0: 2017-11-27 22:09:29,423 LBFGS        INFO     options = {'factr': 100000.0, 'gtol': 1e-05, 'max_iter': 500, 'test_convergence': False}
rank #0: 2017-11-27 22:09:29,424 LBFGS        PARAM    0000          0.000000          1.000000          1.000000          2.000000          0.930883          0.000000          0.398070          4.000000        100.270570
rank #0: 2017-11-27 22:09:30,526 LBFGS        PARAM    0001         -0.177584          0.999901          0.999854          2.001547          0.930948          0.014417          0.399116          4.000068         98.866351
rank #0: 2017-11-27 22:09:31,568 LBFGS        PARAM    0002        -25.113091          0.995922          0.994805          2.049388          0.932774          0.645396          0.429247          4.020231         81.556119
rank #0: 2017-11-27 22:09:32,605 LBFGS        PARAM    0003        -34.131477          0.995996          0.995413          2.040236          0.932291          0.639671          0.423463          4.030695         80.325837
rank #0: 2017-11-27 22:09:33,644 LBFGS        PARAM    0004        -49.264567          0.995240          0.994989          2.040304          0.932150          0.772173          0.423245          4.046077         79.866311
rank #0: 2017-11-27 22:09:34,685 LBFGS        PARAM    0005       -350.969066          0.979784          0.984232          2.047816          0.929858          3.661642          0.423416          4.344011         75.451972
rank #0: 2017-11-27 22:09:35,730 LBFGS        PARAM    0006       -338.151634          0.981977          0.979898          2.045021          0.930634          4.610750          0.423531          4.304634         75.319231
rank #0: 2017-11-27 22:09:36,777 LBFGS        PARAM    0007       -336.271084          0.983497          0.974409          2.042372          0.931169          5.914311          0.423213          4.276111         75.266324
rank #0: 2017-11-27 22:09:37,825 LBFGS        PARAM    0008       -336.191453          0.983589          0.971809          2.042010          0.930984          6.677096          0.422565          4.270746         75.246363
rank #0: 2017-11-27 22:09:38,873 LBFGS        PARAM    0009       -322.406107          0.982163          0.962115          2.046029          0.928522         10.230376          0.419009          4.267991         75.158098
rank #0: 2017-11-27 22:09:39,925 LBFGS        PARAM    0010       -287.391865          0.978185          0.947828          2.059459          0.922524         16.548097          0.412362          4.284448         75.045208
rank #0: 2017-11-27 22:09:40,972 LBFGS        PARAM    0011       -264.364730          0.976202          0.942243          2.076182          0.916671         21.149050          0.408039          4.304962         74.986808
rank #0: 2017-11-27 22:09:42,020 LBFGS        PARAM    0012       -258.748933          0.976228          0.941606          2.091599          0.911986         24.336047          0.405424          4.320811         74.956536
rank #0: 2017-11-27 22:09:43,065 LBFGS        PARAM    0013       -259.153805          0.978760          0.942229          2.111909          0.906301         28.535252          0.402682          4.326611         74.921824
rank #0: 2017-11-27 22:09:44,114 LBFGS        PARAM    0014       -269.930175          0.988965          0.943568          2.167186          0.891470         40.841828          0.395530          4.326926         74.843602
rank #0: 2017-11-27 22:09:45,160 LBFGS        PARAM    0015       -284.865136          1.001003          0.945788          2.207643          0.881467         50.733069          0.391438          4.325018         74.790101
rank #0: 2017-11-27 22:09:46,212 LBFGS        PARAM    0016       -298.061466          1.007244          0.948318          2.210457          0.882102         51.923262          0.392414          4.323878         74.760944
rank #0: 2017-11-27 22:09:47,261 LBFGS        PARAM    0017       -301.901091          1.009909          0.947754          2.207201          0.883969         52.241818          0.392918          4.336980         74.751265
rank #0: 2017-11-27 22:09:48,307 LBFGS        PARAM    0018       -301.839449          1.010609          0.947330          2.203961          0.885311         52.057216          0.393378          4.348056         74.748793
rank #0: 2017-11-27 22:09:49,354 LBFGS        PARAM    0019       -298.904651          1.012756          0.946691          2.201224          0.887055         52.711147          0.393874          4.380506         74.742763
rank #0: 2017-11-27 22:09:50,402 LBFGS        PARAM    0020       -287.290138          1.018962          0.946187          2.196414          0.891147         54.942634          0.395217          4.485374         74.727995
rank #0: 2017-11-27 22:09:51,452 LBFGS        PARAM    0021       -277.941583          1.023141          0.946382          2.197625          0.892651         56.920942          0.395528          4.564231         74.721111
rank #0: 2017-11-27 22:09:52,500 LBFGS        PARAM    0022       -274.943512          1.023347          0.946955          2.197149          0.892863         56.730145          0.395848          4.578089         74.720180
rank #0: 2017-11-27 22:09:53,554 LBFGS        PARAM    0023       -275.031725          1.023262          0.946906          2.198534          0.892348         56.916990          0.395599          4.575368         74.720109
rank #0: 2017-11-27 22:09:54,604 LBFGS        PARAM    0024       -275.205529          1.023096          0.946918          2.198445          0.892303         56.806003          0.395595          4.573607         74.720099
rank #0: 2017-11-27 22:09:55,658 LBFGS        PARAM    0025       -275.381723          1.023016          0.946919          2.198489          0.892233         56.728965          0.395583          4.572501         74.720089
rank #0: 2017-11-27 22:09:56,704 LBFGS        PARAM    0026       -275.700525          1.022926          0.946873          2.198790          0.891977         56.519364          0.395533          4.570848         74.720051
rank #0: 2017-11-27 22:09:57,748 LBFGS        PARAM    0027       -276.024404          1.023006          0.946683          2.199747          0.891352         56.122124          0.395400          4.570319         74.719963
rank #0: 2017-11-27 22:09:58,790 LBFGS        PARAM    0028       -275.978970          1.023552          0.946231          2.201779          0.890217         55.552654          0.395146          4.574119         74.719814
rank #0: 2017-11-27 22:09:59,835 LBFGS        PARAM    0029       -275.147069          1.024688          0.945560          2.204546          0.888867         55.064689          0.394826          4.584421         74.719648
rank #0: 2017-11-27 22:10:00,882 LBFGS        PARAM    0030       -274.122277          1.025608          0.945161          2.206039          0.888289         55.041259          0.394676          4.593940         74.719574
rank #0: 2017-11-27 22:10:01,928 LBFGS        PARAM    0031       -273.791113          1.025805          0.945137          2.206083          0.888361         55.175862          0.394685          4.596352         74.719565
rank #0: 2017-11-27 22:10:02,977 LBFGS        PARAM    0032       -273.771447          1.025790          0.945163          2.205967          0.888434         55.218740          0.394701          4.596319         74.719565
rank #0: 2017-11-27 22:10:04,029 LBFGS        PARAM    0033       -273.776091          1.025782          0.945168          2.205947          0.888445         55.222927          0.394703          4.596256         74.719565
rank #0: 2017-11-27 22:10:05,080 LBFGS        PARAM    0034       -273.776529          1.025782          0.945169          2.205947          0.888445         55.222913          0.394703          4.596252         74.719565
rank #0: 2017-11-27 22:10:06,132 LBFGS        PARAM    0035       -273.778363          1.025780          0.945170          2.205951          0.888450         55.222599          0.394702          4.596233         74.719565
rank #0: 2017-11-27 22:10:08,006 LBFGS        PARAM    0036       -273.778364          1.025780          0.945170          2.205951          0.888450         55.222599          0.394702          4.596233         74.719565
rank #0: 2017-11-27 22:10:22,341 LBFGS        PARAM    0037       -273.778363          1.025780          0.945170          2.205951          0.888450         55.222599          0.394702          4.596233         74.719565
rank #0: 2017-11-27 22:10:23,394 LBFGS        PARAM    0038       -273.778352          1.025780          0.945169          2.205951          0.888450         55.222599          0.394702          4.596233         74.719565
rank #0: 2017-11-27 22:10:24,445 LBFGS        PARAM    0039       -273.778348          1.025780          0.945169          2.205951          0.888450         55.222599          0.394702          4.596233         74.719565
rank #0: 2017-11-27 22:10:25,497 LBFGS        PARAM    0040       -273.778149          1.025780          0.945169          2.205951          0.888450         55.222599          0.394702          4.596233         74.719565
rank #0: 2017-11-27 22:10:26,929 LBFGS        PARAM    0041       -273.778147          1.025780          0.945169          2.205951          0.888450         55.222599          0.394702          4.596233         74.719565
rank #0: 2017-11-27 22:10:28,170 LBFGS        PARAM    0042       -273.778143          1.025780          0.945169          2.205951          0.888450         55.222599          0.394702          4.596233         74.719565
rank #0: 2017-11-27 22:10:29,728 LBFGS        PARAM    0043       -273.778143          1.025780          0.945169          2.205951          0.888450         55.222599          0.394702          4.596233         74.719565
rank #0: 2017-11-27 22:10:43,691 LBFGS        PARAM    0044       -273.778145          1.025780          0.945169          2.205951          0.888450         55.222599          0.394702          4.596233         74.719565
rank #0: 2017-11-27 22:10:44,792 LBFGS        PARAM    0045       -273.778148          1.025780          0.945169          2.205951          0.888450         55.222599          0.394702          4.596233         74.719565
rank #0: 2017-11-27 22:11:09,600 LBFGS        INFO     Linesearch failed in both LBFGS and gradient directions
rank #0: 2017-11-27 22:11:09,601 LBFGS        PARAM    0045       -273.778148          1.025780          0.945169          2.205951          0.888450         55.222599          0.394702          4.596233         74.719565
rank #0: 2017-11-27 22:11:09,601 rsdfit.lbfgs_fitter WARNING  ...LBFGS optimization finished. Time elapsed: 0:01:40.18
rank #0: 2017-11-27 22:11:09,602 rsdfit.lbfgs_fitter ERROR    nonlinear fit with method L-BFGS-B failed: Linesearch failed in both LBFGS and gradient directions
rank #0: 2017-11-27 22:11:09,603 rsdfit.fitting_driver INFO     rank 44 on nid00527     ...fitting complete
rank #0: 2017-11-27 22:11:09,606 rsdfit.fitting_driver INFO     rank 44 on nid00527     Saving the results to `/global/cscratch1/sd/nhand/eBOSS/fits/results/mocks/ezmock/v1.8e-fph/0.0001-0.3/basemodel-fs8-alphas-N-fnl/0.8-2.2/QSO-N-0832-P0+P2-mock-cov-73062e8cd4/2017-11-27_nlopt_45i_chain0__1.npz`
rank #0: 2017-11-27 22:11:09,629 pyRSD.analysis.lbfgs_results INFO     
minimum chi2 = 74.7195650416

Free parameters [ mean ]
_______________
N              : -273.778148022
alpha_par      : 1.0257801196
alpha_perp     : 0.945169387107
b1             : 2.20595139536
f              : 0.888450125264
f_nl           : 55.2225990697
sigma8_z       : 0.394701884075
sigma_fog      : 4.59623308008

Constrained parameters [ mean ]
_________________________
F_AP           : 1.0852870751
alpha          : 0.971309993839
b1sigma8       : 0.870693171926
epsilon        : 0.0276570602993
fsigma8        : 0.350672938348
