rank #0: 2017-11-27 21:23:03,916 rsdfit.fitting_driver INFO     rank 159 on nid00577     Calling the 'nlopt' solve function
rank #0: 2017-11-27 21:23:03,916 rsdfit.lbfgs_fitter INFO     running LBFGS for 500 iterations and then stopping
rank #0: 2017-11-27 21:23:03,916 rsdfit.lbfgs_fitter INFO     running LBFGS minimizer with priors
rank #0: 2017-11-27 21:23:03,916 root         INFO     Iter           N   alpha_par   alpha_perp          b1           f    sigma8_z   sigma_fog   F(X)     
rank #0: 2017-11-27 21:23:04,782 LBFGS        INFO     options = {'factr': 100000.0, 'gtol': 1e-05, 'max_iter': 500, 'test_convergence': False}
rank #0: 2017-11-27 21:23:04,783 LBFGS        PARAM    0000          0.000000          1.000000          1.000000          2.000000          0.930924          0.397985          4.000000         72.128795
rank #0: 2017-11-27 21:23:05,745 LBFGS        PARAM    0001         -0.082711          0.999969          0.999845          2.001394          0.931008          0.398986          3.999074         71.487333
rank #0: 2017-11-27 21:23:06,648 LBFGS        PARAM    0002        -18.234304          0.999949          0.994521          2.039830          0.933722          0.426078          3.960281         63.948030
rank #0: 2017-11-27 21:23:07,550 LBFGS        PARAM    0003        -26.811661          1.000692          0.994732          2.032272          0.933526          0.421699          3.956615         63.511852
rank #0: 2017-11-27 21:23:08,454 LBFGS        PARAM    0004        -41.421041          1.001614          0.993931          2.030425          0.933805          0.421360          3.944201         63.298687
rank #0: 2017-11-27 21:23:09,359 LBFGS        PARAM    0005       -298.169744          1.017384          0.978871          2.008511          0.938993          0.421655          3.719073         61.002135
rank #0: 2017-11-27 21:23:10,264 LBFGS        PARAM    0006       -403.761634          1.023457          0.973031          2.010399          0.939768          0.424365          3.612268         60.467900
rank #0: 2017-11-27 21:23:11,171 LBFGS        PARAM    0007       -437.696545          1.025054          0.972027          2.019405          0.938331          0.425879          3.564941         60.326522
rank #0: 2017-11-27 21:23:12,077 LBFGS        PARAM    0008       -442.517158          1.025055          0.972521          2.025253          0.936993          0.426008          3.550338         60.291772
rank #0: 2017-11-27 21:23:12,983 LBFGS        PARAM    0009       -453.725789          1.024955          0.974139          2.039875          0.933201          0.425404          3.512935         60.213917
rank #0: 2017-11-27 21:23:13,889 LBFGS        PARAM    0010       -485.689822          1.024896          0.978385          2.075946          0.923228          0.422613          3.413440         60.030994
rank #0: 2017-11-27 21:23:14,795 LBFGS        PARAM    0011       -567.418417          1.025171          0.988415          2.159482          0.899317          0.414259          3.170030         59.625463
rank #0: 2017-11-27 21:23:15,700 LBFGS        PARAM    0012       -733.502219          1.026713          1.006990          2.320199          0.853173          0.395593          2.678346         58.998434
rank #0: 2017-11-27 21:23:16,606 LBFGS        PARAM    0013       -825.809996          1.029168          1.015431          2.410715          0.828347          0.383560          2.374405         58.862450
rank #0: 2017-11-27 21:23:17,510 LBFGS        PARAM    0014       -796.826558          1.029261          1.011727          2.381101          0.836781          0.386501          2.456934         58.831669
rank #0: 2017-11-27 21:23:18,413 LBFGS        PARAM    0015       -757.621784          1.030868          1.007426          2.360856          0.842548          0.387362          2.477413         58.783100
rank #0: 2017-11-27 21:23:19,319 LBFGS        PARAM    0016       -738.344106          1.031888          1.005668          2.362089          0.841936          0.386297          2.445515         58.766479
rank #0: 2017-11-27 21:23:20,225 LBFGS        PARAM    0017       -732.797493          1.032186          1.004880          2.370072          0.839220          0.384982          2.408304         58.758140
rank #0: 2017-11-27 21:23:21,133 LBFGS        PARAM    0018       -713.091434          1.030705          0.998129          2.385965          0.832235          0.381130          2.352993         58.724634
rank #0: 2017-11-27 21:23:22,039 LBFGS        PARAM    0019       -657.826586          1.024155          0.977411          2.429305          0.811299          0.370571          2.259899         58.653445
rank #0: 2017-11-27 21:23:22,946 LBFGS        PARAM    0020       -622.879788          1.026521          0.959693          2.472094          0.785135          0.362909          2.302303         58.587730
rank #0: 2017-11-27 21:23:23,856 LBFGS        PARAM    0021       -552.133795          1.038199          0.925986          2.549879          0.731346          0.350328          2.518889         58.505344
rank #0: 2017-11-27 21:23:24,765 LBFGS        PARAM    0022       -558.857613          1.046046          0.923906          2.575760          0.716406          0.348307          2.589185         58.482522
rank #0: 2017-11-27 21:23:25,677 LBFGS        PARAM    0023       -544.301370          1.063543          0.919027          2.610983          0.691458          0.346204          2.761705         58.447858
rank #0: 2017-11-27 21:23:26,587 LBFGS        PARAM    0024       -531.628677          1.090043          0.909496          2.674665          0.654173          0.340500          2.931198         58.406734
rank #0: 2017-11-27 21:23:27,499 LBFGS        PARAM    0025       -513.449750          1.134338          0.901094          2.735241          0.611937          0.338333          3.256984         58.340540
rank #0: 2017-11-27 21:23:28,409 LBFGS        PARAM    0026       -513.241957          1.134820          0.900983          2.735986          0.611435          0.338296          3.260495         58.339801
rank #0: 2017-11-27 21:23:28,411 LBFGS        INFO     LBFGS iteration 26: the descent direction does not have a sufficient projection (cos(theta)=-2.15e-01, theta=102.4152) into the gradient; using steepest descent at this step!
rank #0: 2017-11-27 21:23:29,384 LBFGS        PARAM    0027       -512.976610          1.134986          0.900912          2.736042          0.611498          0.338463          3.258965         58.339192
rank #0: 2017-11-27 21:23:30,296 LBFGS        PARAM    0028       -512.774030          1.135161          0.900861          2.735932          0.611554          0.338461          3.257508         58.338349
rank #0: 2017-11-27 21:23:31,206 LBFGS        PARAM    0029       -510.549447          1.138426          0.900169          2.734321          0.612387          0.338473          3.236613         58.330913
rank #0: 2017-11-27 21:23:32,119 LBFGS        PARAM    0030       -511.053150          1.139010          0.900243          2.734404          0.612374          0.338524          3.237599         58.330276
rank #0: 2017-11-27 21:23:33,029 LBFGS        PARAM    0031       -521.348558          1.148177          0.902185          2.737213          0.611484          0.339514          3.271490         58.321614
rank #0: 2017-11-27 21:23:33,941 LBFGS        PARAM    0032       -536.706864          1.161510          0.905778          2.743073          0.609358          0.341091          3.341060         58.310179
rank #0: 2017-11-27 21:23:34,854 LBFGS        PARAM    0033       -571.267300          1.199460          0.916000          2.763031          0.601495          0.345334          3.570527         58.274835
rank #0: 2017-11-27 21:23:35,766 LBFGS        PARAM    0034       -571.690804          1.199931          0.916122          2.763284          0.601394          0.345385          3.573430         58.274361
rank #0: 2017-11-27 21:23:35,768 LBFGS        INFO     LBFGS iteration 34: the descent direction does not have a sufficient projection (cos(theta)=-1.11e-01, theta=96.3843) into the gradient; using steepest descent at this step!
rank #0: 2017-11-27 21:23:36,743 LBFGS        PARAM    0035       -571.669145          1.199927          0.916119          2.763316          0.601386          0.345402          3.573576         58.274211
rank #0: 2017-11-27 21:23:37,655 LBFGS        PARAM    0036       -571.257728          1.199841          0.916086          2.763812          0.601217          0.345563          3.576870         58.272601
rank #0: 2017-11-27 21:23:38,569 LBFGS        PARAM    0037       -570.752131          1.199733          0.916057          2.764321          0.600983          0.345624          3.581341         58.271093
rank #0: 2017-11-27 21:23:39,480 LBFGS        PARAM    0038       -568.656407          1.199292          0.915949          2.766261          0.599977          0.345656          3.600393         58.265747
rank #0: 2017-11-27 21:23:40,393 LBFGS        PARAM    0039       -565.406444          1.198651          0.915773          2.769025          0.598400          0.345451          3.629900         58.258766
rank #0: 2017-11-27 21:23:41,306 LBFGS        PARAM    0040       -559.300402          1.198430          0.914754          2.772636          0.596076          0.344700          3.668281         58.248523
rank #0: 2017-11-27 21:23:42,220 LBFGS        PARAM    0041       -553.248888          1.198705          0.913403          2.775499          0.594102          0.343857          3.697593         58.242836
rank #0: 2017-11-27 21:23:43,135 LBFGS        PARAM    0042       -549.814747          1.199162          0.912424          2.776751          0.593193          0.343403          3.708697         58.240017
rank #0: 2017-11-27 21:23:44,047 LBFGS        PARAM    0043       -540.124668          1.200686          0.909496          2.780119          0.590813          0.342295          3.735407         58.232480
rank #0: 2017-11-27 21:23:44,961 LBFGS        PARAM    0044       -522.294005          1.203580          0.904045          2.786438          0.586520          0.340536          3.782396         58.219645
rank #0: 2017-11-27 21:23:45,875 LBFGS        PARAM    0045       -492.343359          1.208484          0.894917          2.797430          0.579286          0.337963          3.860803         58.200354
rank #0: 2017-11-27 21:23:46,793 LBFGS        PARAM    0046       -454.372776          1.219465          0.886161          2.822753          0.562195          0.335361          4.009802         58.164036
rank #0: 2017-11-27 21:23:47,707 LBFGS        PARAM    0047       -423.456801          1.235747          0.879829          2.852262          0.541620          0.333744          4.142542         58.123938
rank #0: 2017-11-27 21:23:48,622 LBFGS        PARAM    0048       -410.380127          1.252813          0.878697          2.878222          0.522812          0.333522          4.225514         58.087234
rank #0: 2017-11-27 21:23:49,538 LBFGS        PARAM    0049       -398.273566          1.280152          0.879154          2.917476          0.493779          0.333322          4.336614         58.032844
rank #0: 2017-11-27 21:23:50,454 LBFGS        PARAM    0050       -381.942889          1.324754          0.880126          2.981514          0.446133          0.332318          4.523106         57.952013
rank #0: 2017-11-27 21:23:51,372 LBFGS        PARAM    0051       -381.844369          1.369303          0.878595          3.048800          0.397298          0.330225          4.744354         57.832712
rank #0: 2017-11-27 21:23:52,289 LBFGS        PARAM    0052       -429.411128          1.432336          0.873748          3.150909          0.326412          0.325966          5.107809         57.602869
rank #0: 2017-11-27 21:23:53,208 LBFGS        PARAM    0053       -487.311632          1.437649          0.872261          3.165898          0.318647          0.324507          5.185358         57.510517
rank #0: 2017-11-27 21:23:54,127 LBFGS        PARAM    0054       -499.247022          1.436803          0.871986          3.167395          0.318369          0.324406          5.203617         57.504983
rank #0: 2017-11-27 21:23:55,044 LBFGS        PARAM    0055       -502.814844          1.438742          0.870648          3.170932          0.315702          0.324431          5.231348         57.502367
rank #0: 2017-11-27 21:23:55,963 LBFGS        PARAM    0056       -505.405660          1.437282          0.871413          3.168107          0.317648          0.324708          5.217317         57.502268
rank #0: 2017-11-27 21:23:56,887 LBFGS        PARAM    0057       -505.743918          1.437247          0.871507          3.167419          0.318278          0.324775          5.216740         57.502140
rank #0: 2017-11-27 21:23:57,809 LBFGS        PARAM    0058       -508.721046          1.438279          0.872849          3.159329          0.326754          0.325727          5.236648         57.500696
rank #0: 2017-11-27 21:23:58,729 LBFGS        PARAM    0059       -506.560624          1.439166          0.873285          3.155792          0.330752          0.326151          5.261154         57.500206
rank #0: 2017-11-27 21:23:59,644 LBFGS        PARAM    0060       -503.944535          1.439259          0.873199          3.154692          0.332064          0.326220          5.274633         57.500102
rank #0: 2017-11-27 21:24:00,562 LBFGS        PARAM    0061       -503.403756          1.439321          0.873150          3.154846          0.331898          0.326205          5.275130         57.500100
rank #0: 2017-11-27 21:24:01,480 LBFGS        PARAM    0062       -503.454552          1.439294          0.873148          3.154841          0.331900          0.326202          5.275000         57.500099
rank #0: 2017-11-27 21:24:02,398 LBFGS        PARAM    0063       -503.455153          1.439291          0.873147          3.154846          0.331895          0.326202          5.274973         57.500099
rank #0: 2017-11-27 21:24:03,751 LBFGS        PARAM    0064       -503.455153          1.439291          0.873147          3.154846          0.331895          0.326202          5.274973         57.500099
rank #0: 2017-11-27 21:24:17,656 LBFGS        PARAM    0065       -503.455152          1.439291          0.873147          3.154846          0.331895          0.326202          5.274973         57.500099
rank #0: 2017-11-27 21:24:18,575 LBFGS        PARAM    0066       -503.455107          1.439291          0.873147          3.154846          0.331895          0.326202          5.274973         57.500099
rank #0: 2017-11-27 21:24:43,537 LBFGS        INFO     Linesearch failed in both LBFGS and gradient directions
rank #0: 2017-11-27 21:24:43,538 LBFGS        PARAM    0066       -503.455107          1.439291          0.873147          3.154846          0.331895          0.326202          5.274973         57.500099
rank #0: 2017-11-27 21:24:43,538 rsdfit.lbfgs_fitter WARNING  ...LBFGS optimization finished. Time elapsed: 0:01:38.76
rank #0: 2017-11-27 21:24:43,539 rsdfit.lbfgs_fitter ERROR    nonlinear fit with method L-BFGS-B failed: Linesearch failed in both LBFGS and gradient directions
rank #0: 2017-11-27 21:24:43,540 rsdfit.fitting_driver INFO     rank 159 on nid00577     ...fitting complete
rank #0: 2017-11-27 21:24:43,542 rsdfit.fitting_driver INFO     rank 159 on nid00577     Saving the results to `/global/cscratch1/sd/nhand/eBOSS/fits/results/mocks/ezmock/v1.8e-fph/0.0001-0.3/basemodel-fs8-alphas-N/0.8-2.2/QSO-S-0053-P0+P2-mock-cov-976ba3841e/2017-11-27_nlopt_66i_chain0__1.npz`
rank #0: 2017-11-27 21:24:43,563 pyRSD.analysis.lbfgs_results INFO     
minimum chi2 = 57.5000994709

Free parameters [ mean ]
_______________
N              : -503.455107302
alpha_par      : 1.43929123181
alpha_perp     : 0.873147295866
b1             : 3.15484590207
f              : 0.331894900402
sigma8_z       : 0.326201773818
sigma_fog      : 5.27497254704

Constrained parameters [ mean ]
_________________________
F_AP           : 1.6483945362
alpha          : 1.03143350633
b1sigma8       : 1.02911632938
epsilon        : 0.181282369211
fsigma8        : 0.108264705232
