rank #0: 2019-02-16 12:33:18,630 rsdfit.fitting_driver INFO     rank 7 on nid01064     Calling the 'nlopt' solve function
rank #0: 2019-02-16 12:33:18,630 rsdfit.lbfgs_fitter INFO     running LBFGS for 500 iterations and then stopping
rank #0: 2019-02-16 12:33:18,630 rsdfit.lbfgs_fitter INFO     running LBFGS minimizer with priors
rank #0: 2019-02-16 12:33:18,631 root         INFO     Iter           N          b1        f_nl   sigma_fog   F(X)     
rank #0: 2019-02-16 12:33:18,631 rsdfit.lbfgs_fitter INFO     computing gradient using numerical derivative of lnlike()
rank #0: 2019-02-16 12:33:19,201 LBFGS        INFO     options = {'factr': 100000.0, 'gtol': 1e-05, 'max_iter': 500, 'test_convergence': False}
rank #0: 2019-02-16 12:33:19,202 LBFGS        PARAM    0000          0.000000          2.000000          0.000000          4.000000         86.579278
rank #0: 2019-02-16 12:33:19,848 LBFGS        PARAM    0001        -11.803641          2.046614          0.940915          4.007180         80.902772
rank #0: 2019-02-16 12:33:20,429 LBFGS        PARAM    0002       -146.336426          2.169843          4.216943          4.097029         72.383382
rank #0: 2019-02-16 12:33:21,011 LBFGS        PARAM    0003       -254.716688          2.194124          5.223551          4.174849         70.119279
rank #0: 2019-02-16 12:33:21,593 LBFGS        PARAM    0004       -325.177077          2.196906          5.231565          4.222482         69.585967
rank #0: 2019-02-16 12:33:22,174 LBFGS        PARAM    0005       -325.680592          2.198042          5.141810          4.220890         69.584437
rank #0: 2019-02-16 12:33:22,755 LBFGS        PARAM    0006       -326.366715          2.198721          4.953514          4.218162         69.583328
rank #0: 2019-02-16 12:33:23,337 LBFGS        PARAM    0007       -328.865013          2.200151          4.214131          4.208154         69.580243
rank #0: 2019-02-16 12:33:23,918 LBFGS        PARAM    0008       -332.832721          2.201443          2.943110          4.192353         69.576259
rank #0: 2019-02-16 12:33:24,499 LBFGS        PARAM    0009       -335.966952          2.202123          1.110284          4.182315         69.571839
rank #0: 2019-02-16 12:33:25,081 LBFGS        PARAM    0010       -336.929666          2.202217         -0.144704          4.182754         69.570063
rank #0: 2019-02-16 12:33:25,662 LBFGS        PARAM    0011       -336.432291          2.202167         -0.501618          4.186905         69.569630
rank #0: 2019-02-16 12:33:26,244 LBFGS        PARAM    0012       -335.451718          2.202312         -0.852983          4.193561         69.569201
rank #0: 2019-02-16 12:33:26,826 LBFGS        PARAM    0013       -334.460773          2.202889         -1.256409          4.200512         69.568807
rank #0: 2019-02-16 12:33:27,407 LBFGS        PARAM    0014       -334.184881          2.203262         -1.381272          4.202417         69.568723
rank #0: 2019-02-16 12:33:27,989 LBFGS        PARAM    0015       -334.237642          2.203314         -1.370195          4.202074         69.568719
rank #0: 2019-02-16 12:33:28,571 LBFGS        PARAM    0016       -334.263733          2.203315         -1.364166          4.201910         69.568719
rank #0: 2019-02-16 12:33:29,153 LBFGS        PARAM    0017       -334.266290          2.203315         -1.363925          4.201896         69.568719
rank #0: 2019-02-16 12:33:29,735 LBFGS        PARAM    0018       -334.266423          2.203315         -1.363975          4.201895         69.568719
rank #0: 2019-02-16 12:33:30,316 LBFGS        PARAM    0019       -334.266446          2.203315         -1.363987          4.201895         69.568719
rank #0: 2019-02-16 12:33:30,900 LBFGS        PARAM    0020       -334.266451          2.203315         -1.363986          4.201895         69.568719
rank #0: 2019-02-16 12:33:31,484 LBFGS        PARAM    0021       -334.266447          2.203315         -1.363986          4.201895         69.568719
rank #0: 2019-02-16 12:33:56,260 LBFGS        INFO     Linesearch failed in both LBFGS and gradient directions
rank #0: 2019-02-16 12:33:56,261 LBFGS        PARAM    0021       -334.266447          2.203315         -1.363986          4.201895         69.568719
rank #0: 2019-02-16 12:33:56,261 rsdfit.lbfgs_fitter WARNING  ...LBFGS optimization finished. Time elapsed: 0:00:37.06
rank #0: 2019-02-16 12:33:56,261 rsdfit.lbfgs_fitter ERROR    nonlinear fit with method L-BFGS-B failed: Linesearch failed in both LBFGS and gradient directions
rank #0: 2019-02-16 12:33:56,262 rsdfit.fitting_driver INFO     rank 7 on nid01064     ...fitting complete
rank #0: 2019-02-16 12:33:56,269 rsdfit.fitting_driver INFO     rank 7 on nid01064     Saving the results to `/global/cscratch1/sd/nhand/eBOSS/fits/results/mocks/ezmock/v1.8e-fph/0.005-0.3/basemodel-N-fnl/0.8-2.2/QSO-N-0126-P0+P2-mock-cov-20503beeef/2019-02-16_nlopt_21i_chain0__1.npz`
rank #0: 2019-02-16 12:33:56,277 pyRSD.analysis.lbfgs_results INFO     
minimum chi2 = 69.56871889670327

Free parameters [ mean ]
_______________
N              : -334.26644712958904
b1             : 2.203314943195474
f_nl           : -1.3639857690320694
sigma_fog      : 4.201895336654595

Constrained parameters [ mean ]
_________________________
b1sigma8       : 0.877609448634415
