rank #0: 2018-10-08 10:12:02,542 rsdfit.fitting_driver INFO     rank 9 on nid00693     Calling the 'nlopt' solve function
rank #0: 2018-10-08 10:12:02,543 rsdfit.lbfgs_fitter INFO     running LBFGS for 500 iterations and then stopping
rank #0: 2018-10-08 10:12:02,543 rsdfit.lbfgs_fitter INFO     running LBFGS minimizer with priors
rank #0: 2018-10-08 10:12:02,544 root         INFO     Iter           N          b1        f_nl   sigma_fog   F(X)     
rank #0: 2018-10-08 10:12:02,545 rsdfit.lbfgs_fitter INFO     computing gradient using numerical derivative of lnlike()
rank #0: 2018-10-08 10:12:03,734 LBFGS        INFO     options = {'factr': 100000.0, 'gtol': 1e-05, 'max_iter': 500, 'test_convergence': False}
rank #0: 2018-10-08 10:12:03,735 LBFGS        PARAM    0000          0.000000          2.000000          0.000000          4.000000        145.066715
rank #0: 2018-10-08 10:12:05,103 LBFGS        PARAM    0001         49.635460          2.155354          1.322477          3.975139        115.556535
rank #0: 2018-10-08 10:12:06,353 LBFGS        PARAM    0002        -73.529862          2.495297          7.568574          4.107338         90.993536
rank #0: 2018-10-08 10:12:07,579 LBFGS        PARAM    0003       -215.706416          2.503586          8.689332          4.252076         84.417713
rank #0: 2018-10-08 10:12:08,817 LBFGS        PARAM    0004       -507.331121          2.581125         12.927442          4.567777         79.823131
rank #0: 2018-10-08 10:12:10,046 LBFGS        PARAM    0005       -482.937310          2.567218         14.006883          4.589030         79.728501
rank #0: 2018-10-08 10:12:11,267 LBFGS        PARAM    0006       -457.758048          2.559541         16.598893          4.644325         79.641106
rank #0: 2018-10-08 10:12:12,512 LBFGS        PARAM    0007       -406.091781          2.550920         25.633644          4.823947         79.464644
rank #0: 2018-10-08 10:12:13,740 LBFGS        PARAM    0008       -395.001093          2.551231         36.287036          4.896911         79.373555
rank #0: 2018-10-08 10:12:14,990 LBFGS        PARAM    0009       -404.701657          2.552952         38.854077          4.880096         79.362900
rank #0: 2018-10-08 10:12:16,219 LBFGS        PARAM    0010       -410.033781          2.552992         39.100895          4.857714         79.360667
rank #0: 2018-10-08 10:12:17,449 LBFGS        PARAM    0011       -411.012120          2.551135         39.827541          4.839444         79.359527
rank #0: 2018-10-08 10:12:18,701 LBFGS        PARAM    0012       -410.935568          2.551029         39.737545          4.838527         79.359515
rank #0: 2018-10-08 10:12:19,924 LBFGS        PARAM    0013       -410.886443          2.551018         39.744757          4.838643         79.359515
rank #0: 2018-10-08 10:12:21,162 LBFGS        PARAM    0014       -410.879640          2.551017         39.745091          4.838668         79.359515
rank #0: 2018-10-08 10:12:22,377 LBFGS        PARAM    0015       -410.879533          2.551017         39.745079          4.838667         79.359515
rank #0: 2018-10-08 10:12:23,737 LBFGS        PARAM    0016       -410.879534          2.551017         39.745079          4.838667         79.359515
rank #0: 2018-10-08 10:13:18,199 LBFGS        INFO     Linesearch failed in both LBFGS and gradient directions
rank #0: 2018-10-08 10:13:18,201 LBFGS        PARAM    0016       -410.879534          2.551017         39.745079          4.838667         79.359515
rank #0: 2018-10-08 10:13:18,201 rsdfit.lbfgs_fitter WARNING  ...LBFGS optimization finished. Time elapsed: 0:01:14.47
rank #0: 2018-10-08 10:13:18,202 rsdfit.lbfgs_fitter ERROR    nonlinear fit with method L-BFGS-B failed: Linesearch failed in both LBFGS and gradient directions
rank #0: 2018-10-08 10:13:18,204 rsdfit.fitting_driver INFO     rank 9 on nid00693     ...fitting complete
rank #0: 2018-10-08 10:13:18,288 rsdfit.fitting_driver INFO     rank 9 on nid00693     Saving the results to `/global/cscratch1/sd/nhand/eBOSS/fits/results/mocks/ezmock/v1.8e-fph/0.0001-0.3/basemodel-N-fnl/0.8-2.2/QSO-N-0544-P0+P2-mock-cov-4ae05ce33e/2018-10-08_nlopt_16i_chain0__1.npz`
rank #0: 2018-10-08 10:13:18,369 pyRSD.analysis.lbfgs_results INFO     
minimum chi2 = 79.359514768

Free parameters [ mean ]
_______________
N              : -410.879534053
b1             : 2.55101713976
f_nl           : 39.7450787472
sigma_fog      : 4.83866748393

Constrained parameters [ mean ]
_________________________
b1sigma8       : 0.924063886562
