rank #0: 2017-11-27 21:38:27,281 rsdfit.fitting_driver INFO     rank 126 on nid00522     Calling the 'nlopt' solve function
rank #0: 2017-11-27 21:38:27,282 rsdfit.lbfgs_fitter INFO     running LBFGS for 500 iterations and then stopping
rank #0: 2017-11-27 21:38:27,282 rsdfit.lbfgs_fitter INFO     running LBFGS minimizer with priors
rank #0: 2017-11-27 21:38:27,282 root         INFO     Iter           N          b1           f    sigma8_z   sigma_fog   F(X)     
rank #0: 2017-11-27 21:38:27,921 LBFGS        INFO     options = {'factr': 100000.0, 'gtol': 1e-05, 'max_iter': 500, 'test_convergence': False}
rank #0: 2017-11-27 21:38:27,921 LBFGS        PARAM    0000          0.000000          2.000000          0.930883          0.398070          4.000000         94.832495
rank #0: 2017-11-27 21:38:28,634 LBFGS        PARAM    0001         -0.252623          2.002565          0.930986          0.399794          4.000178         92.227343
rank #0: 2017-11-27 21:38:29,288 LBFGS        PARAM    0002        -29.402274          2.062094          0.933061          0.436424          4.028805         69.678221
rank #0: 2017-11-27 21:38:29,943 LBFGS        PARAM    0003        -38.596500          2.049400          0.932378          0.428518          4.041550         67.724773
rank #0: 2017-11-27 21:38:30,598 LBFGS        PARAM    0004        -53.801680          2.050786          0.932201          0.428931          4.059633         67.197772
rank #0: 2017-11-27 21:38:31,255 LBFGS        PARAM    0005       -420.692435          2.077329          0.927513          0.434204          4.502648         61.036084
rank #0: 2017-11-27 21:38:31,909 LBFGS        PARAM    0006       -417.785817          2.077010          0.927181          0.433189          4.521644         61.001395
rank #0: 2017-11-27 21:38:32,561 LBFGS        PARAM    0007       -417.302185          2.077126          0.927096          0.433036          4.527469         60.999929
rank #0: 2017-11-27 21:38:33,217 LBFGS        PARAM    0008       -415.895775          2.077382          0.927003          0.432924          4.534794         60.998373
rank #0: 2017-11-27 21:38:33,862 LBFGS        PARAM    0009       -411.182622          2.078149          0.926793          0.432759          4.553775         60.994885
rank #0: 2017-11-27 21:38:34,506 LBFGS        PARAM    0010       -405.596998          2.078406          0.926810          0.432828          4.572250         60.991710
rank #0: 2017-11-27 21:38:35,155 LBFGS        PARAM    0011       -401.704073          2.077962          0.927056          0.433061          4.583193         60.990078
rank #0: 2017-11-27 21:38:35,803 LBFGS        PARAM    0012       -400.610791          2.077389          0.927286          0.433240          4.585384         60.989576
rank #0: 2017-11-27 21:38:36,447 LBFGS        PARAM    0013       -399.944035          2.076514          0.927602          0.433446          4.586716         60.989055
rank #0: 2017-11-27 21:38:37,097 LBFGS        PARAM    0014       -398.525112          2.074145          0.928420          0.433923          4.591171         60.987783
rank #0: 2017-11-27 21:38:37,743 LBFGS        PARAM    0015       -395.206592          2.068457          0.930344          0.434960          4.604742         60.984938
rank #0: 2017-11-27 21:38:38,387 LBFGS        PARAM    0016       -388.296181          2.056779          0.934237          0.436945          4.637462         60.979592
rank #0: 2017-11-27 21:38:39,037 LBFGS        PARAM    0017       -379.148888          2.041902          0.939106          0.439316          4.686146         60.973749
rank #0: 2017-11-27 21:38:39,687 LBFGS        PARAM    0018       -375.704309          2.036261          0.940873          0.440085          4.709738         60.971436
rank #0: 2017-11-27 21:38:40,336 LBFGS        PARAM    0019       -376.625592          2.037628          0.940361          0.439755          4.708575         60.970925
rank #0: 2017-11-27 21:38:40,986 LBFGS        PARAM    0020       -377.416208          2.038839          0.939947          0.439530          4.704904         60.970891
rank #0: 2017-11-27 21:38:41,641 LBFGS        PARAM    0021       -377.490053          2.038928          0.939917          0.439515          4.704485         60.970891
rank #0: 2017-11-27 21:38:42,292 LBFGS        PARAM    0022       -377.497423          2.038932          0.939916          0.439515          4.704449         60.970891
rank #0: 2017-11-27 21:38:42,944 LBFGS        PARAM    0023       -377.497403          2.038931          0.939916          0.439515          4.704449         60.970891
rank #0: 2017-11-27 21:38:43,597 LBFGS        PARAM    0024       -377.497385          2.038932          0.939917          0.439515          4.704449         60.970891
rank #0: 2017-11-27 21:38:44,310 LBFGS        PARAM    0025       -377.497458          2.038933          0.939918          0.439514          4.704449         60.970891
rank #0: 2017-11-27 21:38:57,996 LBFGS        PARAM    0026       -377.497458          2.038933          0.939918          0.439514          4.704449         60.970891
rank #0: 2017-11-27 21:39:11,460 LBFGS        PARAM    0027       -377.497456          2.038933          0.939918          0.439514          4.704449         60.970891
rank #0: 2017-11-27 21:39:12,115 LBFGS        PARAM    0028       -377.497398          2.038934          0.939918          0.439514          4.704449         60.970891
rank #0: 2017-11-27 21:39:12,832 LBFGS        PARAM    0029       -377.497341          2.038934          0.939918          0.439514          4.704450         60.970891
rank #0: 2017-11-27 21:39:13,549 LBFGS        PARAM    0030       -377.497200          2.038934          0.939918          0.439514          4.704451         60.970891
rank #0: 2017-11-27 21:39:14,265 LBFGS        PARAM    0031       -377.496997          2.038934          0.939918          0.439514          4.704451         60.970891
rank #0: 2017-11-27 21:39:27,580 LBFGS        PARAM    0032       -377.496997          2.038934          0.939918          0.439514          4.704451         60.970891
rank #0: 2017-11-27 21:39:28,237 LBFGS        PARAM    0033       -377.496997          2.038934          0.939918          0.439514          4.704451         60.970891
rank #0: 2017-11-27 21:39:28,894 LBFGS        PARAM    0034       -377.496999          2.038934          0.939918          0.439514          4.704451         60.970891
rank #0: 2017-11-27 21:39:52,863 LBFGS        INFO     Linesearch failed in both LBFGS and gradient directions
rank #0: 2017-11-27 21:39:52,863 LBFGS        PARAM    0034       -377.496999          2.038934          0.939918          0.439514          4.704451         60.970891
rank #0: 2017-11-27 21:39:52,864 rsdfit.lbfgs_fitter WARNING  ...LBFGS optimization finished. Time elapsed: 0:01:24.94
rank #0: 2017-11-27 21:39:52,864 rsdfit.lbfgs_fitter ERROR    nonlinear fit with method L-BFGS-B failed: Linesearch failed in both LBFGS and gradient directions
rank #0: 2017-11-27 21:39:52,865 rsdfit.fitting_driver INFO     rank 126 on nid00522     ...fitting complete
rank #0: 2017-11-27 21:39:52,867 rsdfit.fitting_driver INFO     rank 126 on nid00522     Saving the results to `/global/cscratch1/sd/nhand/eBOSS/fits/results/mocks/ezmock/v1.8e-fph/0.0001-0.3/basemodel-fs8-N/0.8-2.2/QSO-N-0282-P0+P2-mock-cov-5d97c0eb2d/2017-11-27_nlopt_34i_chain0__1.npz`
rank #0: 2017-11-27 21:39:52,887 pyRSD.analysis.lbfgs_results INFO     
minimum chi2 = 60.9708912668

Free parameters [ mean ]
_______________
N              : -377.496998706
b1             : 2.03893444281
f              : 0.939918205336
sigma8_z       : 0.439513939958
sigma_fog      : 4.70445111264

Constrained parameters [ mean ]
_________________________
b1sigma8       : 0.896140110274
fsigma8        : 0.413107153666
