rank #0: 2018-10-04 21:10:36,849 rsdfit.fitting_driver INFO     rank 31 on nid01692     Calling the 'nlopt' solve function
rank #0: 2018-10-04 21:10:36,850 rsdfit.lbfgs_fitter INFO     running LBFGS for 500 iterations and then stopping
rank #0: 2018-10-04 21:10:36,851 rsdfit.lbfgs_fitter INFO     running LBFGS minimizer with priors
rank #0: 2018-10-04 21:10:36,851 root         INFO     Iter           N          b1        f_nl   sigma_fog   F(X)     
rank #0: 2018-10-04 21:10:36,851 rsdfit.lbfgs_fitter INFO     computing gradient using numerical derivative of lnlike()
rank #0: 2018-10-04 21:10:38,037 LBFGS        INFO     options = {'factr': 100000.0, 'gtol': 1e-05, 'max_iter': 500, 'test_convergence': False}
rank #0: 2018-10-04 21:10:38,037 LBFGS        PARAM    0000          0.000000          2.000000          0.000000          4.000000        128.060762
rank #0: 2018-10-04 21:10:39,374 LBFGS        PARAM    0001         17.030805          2.113227          2.705597          3.988521        113.146689
rank #0: 2018-10-04 21:10:40,585 LBFGS        PARAM    0002       -117.338375          2.412298         14.830427          4.126173         96.299503
rank #0: 2018-10-04 21:10:41,796 LBFGS        PARAM    0003       -261.462060          2.425206         17.077860          4.247323         91.908948
rank #0: 2018-10-04 21:10:42,994 LBFGS        PARAM    0004       -536.261859          2.479017         22.481805          4.474089         88.985999
rank #0: 2018-10-04 21:10:44,217 LBFGS        PARAM    0005       -524.947665          2.467329         21.267086          4.456726         88.964302
rank #0: 2018-10-04 21:10:45,420 LBFGS        PARAM    0006       -526.453684          2.469883         21.318722          4.455404         88.961622
rank #0: 2018-10-04 21:10:46,646 LBFGS        PARAM    0007       -528.013904          2.470832         21.186652          4.452028         88.960651
rank #0: 2018-10-04 21:10:47,852 LBFGS        PARAM    0008       -533.412773          2.472783         20.562794          4.437096         88.958225
rank #0: 2018-10-04 21:10:49,070 LBFGS        PARAM    0009       -537.623430          2.473032         20.096359          4.421265         88.956818
rank #0: 2018-10-04 21:10:50,285 LBFGS        PARAM    0010       -540.070402          2.472319         20.091484          4.407789         88.956197
rank #0: 2018-10-04 21:10:51,489 LBFGS        PARAM    0011       -540.581603          2.471875         20.212303          4.403764         88.956109
rank #0: 2018-10-04 21:10:52,715 LBFGS        PARAM    0012       -540.569455          2.471782         20.283470          4.403190         88.956097
rank #0: 2018-10-04 21:10:53,920 LBFGS        PARAM    0013       -540.562138          2.471811         20.314932          4.403116         88.956094
rank #0: 2018-10-04 21:10:55,146 LBFGS        PARAM    0014       -540.561936          2.471814         20.315232          4.403142         88.956094
rank #0: 2018-10-04 21:10:56,352 LBFGS        PARAM    0015       -540.561461          2.471814         20.315176          4.403144         88.956094
rank #0: 2018-10-04 21:11:26,710 LBFGS        PARAM    0016       -540.561465          2.471814         20.315176          4.403144         88.956094
rank #0: 2018-10-04 21:11:27,913 LBFGS        PARAM    0017       -540.561468          2.471814         20.315175          4.403144         88.956094
rank #0: 2018-10-04 21:12:22,376 LBFGS        INFO     Linesearch failed in both LBFGS and gradient directions
rank #0: 2018-10-04 21:12:22,377 LBFGS        PARAM    0017       -540.561468          2.471814         20.315175          4.403144         88.956094
rank #0: 2018-10-04 21:12:22,378 rsdfit.lbfgs_fitter WARNING  ...LBFGS optimization finished. Time elapsed: 0:01:44.34
rank #0: 2018-10-04 21:12:22,379 rsdfit.lbfgs_fitter ERROR    nonlinear fit with method L-BFGS-B failed: Linesearch failed in both LBFGS and gradient directions
rank #0: 2018-10-04 21:12:22,380 rsdfit.fitting_driver INFO     rank 31 on nid01692     ...fitting complete
rank #0: 2018-10-04 21:12:22,408 rsdfit.fitting_driver INFO     rank 31 on nid01692     Saving the results to `/global/cscratch1/sd/nhand/eBOSS/fits/results/mocks/ezmock/v1.8e-fph/0.0001-0.3/basemodel-N-fnl/0.8-2.2/QSO-S-0282-P0+P2-mock-cov-96ccb1008d/2018-10-04_nlopt_17i_chain0__1.npz`
rank #0: 2018-10-04 21:12:22,481 pyRSD.analysis.lbfgs_results INFO     
minimum chi2 = 88.9560943971

Free parameters [ mean ]
_______________
N              : -540.561467731
b1             : 2.47181378597
f_nl           : 20.3151752097
sigma_fog      : 4.40314436088

Constrained parameters [ mean ]
_________________________
b1sigma8       : 0.926646673683
