rank #0: 2018-10-04 21:11:19,870 rsdfit.fitting_driver INFO     rank 36 on nid01694     Calling the 'nlopt' solve function
rank #0: 2018-10-04 21:11:19,871 rsdfit.lbfgs_fitter INFO     running LBFGS for 500 iterations and then stopping
rank #0: 2018-10-04 21:11:19,872 rsdfit.lbfgs_fitter INFO     running LBFGS minimizer with priors
rank #0: 2018-10-04 21:11:19,872 root         INFO     Iter           N          b1        f_nl   sigma_fog   F(X)     
rank #0: 2018-10-04 21:11:19,873 rsdfit.lbfgs_fitter INFO     computing gradient using numerical derivative of lnlike()
rank #0: 2018-10-04 21:11:21,057 LBFGS        INFO     options = {'factr': 100000.0, 'gtol': 1e-05, 'max_iter': 500, 'test_convergence': False}
rank #0: 2018-10-04 21:11:21,058 LBFGS        PARAM    0000          0.000000          2.000000          0.000000          4.000000        105.472277
rank #0: 2018-10-04 21:11:22,463 LBFGS        PARAM    0001         16.521474          2.103822          1.929275          3.966381         92.976996
rank #0: 2018-10-04 21:11:23,664 LBFGS        PARAM    0002       -103.339437          2.362298          8.951366          3.961009         79.871312
rank #0: 2018-10-04 21:11:24,891 LBFGS        PARAM    0003       -241.195606          2.382317          9.708779          4.006165         76.547610
rank #0: 2018-10-04 21:11:26,092 LBFGS        PARAM    0004       -546.907001          2.437480          9.960268          4.011241         73.601031
rank #0: 2018-10-04 21:11:27,314 LBFGS        PARAM    0005       -580.080794          2.437460          7.591336          3.904084         73.303580
rank #0: 2018-10-04 21:11:28,515 LBFGS        PARAM    0006       -722.702741          2.455386         -4.638223          3.323102         72.576765
rank #0: 2018-10-04 21:11:29,711 LBFGS        PARAM    0007       -708.802466          2.454999         -9.733715          3.345141         72.543496
rank #0: 2018-10-04 21:11:30,923 LBFGS        PARAM    0008       -707.342859          2.460288        -13.870918          3.360505         72.534145
rank #0: 2018-10-04 21:11:32,117 LBFGS        PARAM    0009       -709.972603          2.461797        -14.767193          3.363787         72.533556
rank #0: 2018-10-04 21:11:33,330 LBFGS        PARAM    0010       -711.011515          2.462105        -14.823908          3.364343         72.533520
rank #0: 2018-10-04 21:11:34,526 LBFGS        PARAM    0011       -711.082462          2.462109        -14.810724          3.364282         72.533520
rank #0: 2018-10-04 21:11:35,739 LBFGS        PARAM    0012       -711.083108          2.462108        -14.809519          3.364277         72.533520
rank #0: 2018-10-04 21:11:36,944 LBFGS        PARAM    0013       -711.083087          2.462108        -14.809500          3.364277         72.533520
rank #0: 2018-10-04 21:11:38,280 LBFGS        PARAM    0014       -711.083075          2.462108        -14.809498          3.364277         72.533520
rank #0: 2018-10-04 21:11:38,281 LBFGS        INFO     LBFGS iteration 14: the descent direction does not have a sufficient projection (cos(theta)=-8.13e-01, theta=144.3960) into the gradient; using steepest descent at this step!
rank #0: 2018-10-04 21:12:03,915 LBFGS        INFO     Linesearch failed in both LBFGS and gradient directions
rank #0: 2018-10-04 21:12:03,916 LBFGS        PARAM    0014       -711.083075          2.462108        -14.809498          3.364277         72.533520
rank #0: 2018-10-04 21:12:03,916 rsdfit.lbfgs_fitter WARNING  ...LBFGS optimization finished. Time elapsed: 0:00:42.86
rank #0: 2018-10-04 21:12:03,917 rsdfit.lbfgs_fitter ERROR    nonlinear fit with method L-BFGS-B failed: Linesearch failed in both LBFGS and gradient directions
rank #0: 2018-10-04 21:12:03,918 rsdfit.fitting_driver INFO     rank 36 on nid01694     ...fitting complete
rank #0: 2018-10-04 21:12:03,921 rsdfit.fitting_driver INFO     rank 36 on nid01694     Saving the results to `/global/cscratch1/sd/nhand/eBOSS/fits/results/mocks/ezmock/v1.8e-fph/0.0001-0.3/basemodel-N-fnl/0.8-2.2/QSO-S-0311-P0+P2-mock-cov-96ccb1008d/2018-10-04_nlopt_14i_chain0__1.npz`
rank #0: 2018-10-04 21:12:04,059 pyRSD.analysis.lbfgs_results INFO     
minimum chi2 = 72.5335197995

Free parameters [ mean ]
_______________
N              : -711.083075073
b1             : 2.462107608
f_nl           : -14.8094981761
sigma_fog      : 3.36427654482

Constrained parameters [ mean ]
_________________________
b1sigma8       : 0.923007970161
