rank #0: 2018-06-24 13:17:31,296 rsdfit.fitting_driver INFO     rank 41 on nid01124     Calling the 'nlopt' solve function
rank #0: 2018-06-24 13:17:31,297 rsdfit.lbfgs_fitter INFO     running LBFGS for 500 iterations and then stopping
rank #0: 2018-06-24 13:17:31,297 rsdfit.lbfgs_fitter INFO     running LBFGS minimizer with priors
rank #0: 2018-06-24 13:17:31,297 root         INFO     Iter           N          b1        f_nl   sigma_fog   F(X)     
rank #0: 2018-06-24 13:17:31,869 LBFGS        INFO     options = {'factr': 100000.0, 'gtol': 1e-05, 'max_iter': 500, 'test_convergence': False}
rank #0: 2018-06-24 13:17:31,870 LBFGS        PARAM    0000          0.000000          2.000000          0.000000          4.000000         87.957694
rank #0: 2018-06-24 13:17:32,537 LBFGS        PARAM    0001         14.449368          2.057119          0.592409          3.987819         78.343405
rank #0: 2018-06-24 13:17:33,137 LBFGS        PARAM    0002        -28.550544          2.179529          3.035560          4.007942         69.763955
rank #0: 2018-06-24 13:17:33,722 LBFGS        PARAM    0003        -89.428863          2.196639          4.240150          4.044728         68.116732
rank #0: 2018-06-24 13:17:34,322 LBFGS        PARAM    0004       -237.502922          2.224240          9.910113          4.111345         66.317648
rank #0: 2018-06-24 13:17:34,922 LBFGS        PARAM    0005       -244.653414          2.224561         12.313628          4.095818         66.216953
rank #0: 2018-06-24 13:17:35,517 LBFGS        PARAM    0006       -366.538186          2.211772         84.671624          3.623167         64.347200
rank #0: 2018-06-24 13:17:36,109 LBFGS        PARAM    0007       -354.355620          2.192991        129.973235          3.568034         63.418622
rank #0: 2018-06-24 13:17:36,714 LBFGS        PARAM    0008       -217.275362          2.163302        209.757752          4.127345         62.840447
rank #0: 2018-06-24 13:17:37,316 LBFGS        PARAM    0009       -215.107996          2.144114        207.653956          3.805954         62.353248
rank #0: 2018-06-24 13:17:37,900 LBFGS        PARAM    0010       -220.847611          2.150262        206.216437          3.790301         62.340069
rank #0: 2018-06-24 13:17:38,497 LBFGS        PARAM    0011       -218.762350          2.148959        206.728338          3.801637         62.338580
rank #0: 2018-06-24 13:17:39,091 LBFGS        PARAM    0012       -218.729134          2.148927        206.784604          3.801342         62.338579
rank #0: 2018-06-24 13:17:39,676 LBFGS        PARAM    0013       -218.718510          2.148922        206.798974          3.801344         62.338579
rank #0: 2018-06-24 13:17:40,256 LBFGS        PARAM    0014       -218.718370          2.148922        206.799621          3.801346         62.338579
rank #0: 2018-06-24 13:17:40,847 LBFGS        PARAM    0015       -218.718428          2.148922        206.799641          3.801346         62.338579
rank #0: 2018-06-24 13:17:41,436 LBFGS        PARAM    0016       -218.718453          2.148922        206.799642          3.801346         62.338579
rank #0: 2018-06-24 13:17:42,077 LBFGS        PARAM    0017       -218.718452          2.148922        206.799642          3.801346         62.338579
rank #0: 2018-06-24 13:18:08,017 LBFGS        INFO     Linesearch failed in both LBFGS and gradient directions
rank #0: 2018-06-24 13:18:08,018 LBFGS        PARAM    0017       -218.718452          2.148922        206.799642          3.801346         62.338579
rank #0: 2018-06-24 13:18:08,018 rsdfit.lbfgs_fitter WARNING  ...LBFGS optimization finished. Time elapsed: 0:00:36.15
rank #0: 2018-06-24 13:18:08,019 rsdfit.lbfgs_fitter ERROR    nonlinear fit with method L-BFGS-B failed: Linesearch failed in both LBFGS and gradient directions
rank #0: 2018-06-24 13:18:08,020 rsdfit.fitting_driver INFO     rank 41 on nid01124     ...fitting complete
rank #0: 2018-06-24 13:18:08,027 rsdfit.fitting_driver INFO     rank 41 on nid01124     Saving the results to `/global/cscratch1/sd/nhand/eBOSS/fits/results/mocks/ezmock/v1.8e-fph/0.005-0.3/basemodel-N-fnl/0.8-2.2/QSO-N-0268-P0+P2-mock-cov-a8bcb55756/2018-06-24_nlopt_17i_chain0__1.npz`
rank #0: 2018-06-24 13:18:08,078 pyRSD.analysis.lbfgs_results INFO     
minimum chi2 = 62.3385788899

Free parameters [ mean ]
_______________
N              : -218.718451552
b1             : 2.14892152242
f_nl           : 206.799642035
sigma_fog      : 3.80134597705

Constrained parameters [ mean ]
_________________________
b1sigma8       : 0.855943830578
