rank #0: 2019-02-16 13:49:32,176 rsdfit.fitting_driver INFO     rank 8 on nid00541     Calling the 'nlopt' solve function
rank #0: 2019-02-16 13:49:32,176 rsdfit.lbfgs_fitter INFO     running LBFGS for 500 iterations and then stopping
rank #0: 2019-02-16 13:49:32,176 rsdfit.lbfgs_fitter INFO     running LBFGS minimizer with priors
rank #0: 2019-02-16 13:49:32,176 root         INFO     Iter           N          b1        f_nl   sigma_fog   F(X)     
rank #0: 2019-02-16 13:49:32,177 rsdfit.lbfgs_fitter INFO     computing gradient using numerical derivative of lnlike()
rank #0: 2019-02-16 13:49:33,284 LBFGS        INFO     options = {'factr': 100000.0, 'gtol': 1e-05, 'max_iter': 500, 'test_convergence': False}
rank #0: 2019-02-16 13:49:33,285 LBFGS        PARAM    0000          0.000000          2.000000          0.000000          4.000000        120.884161
rank #0: 2019-02-16 13:49:34,531 LBFGS        PARAM    0001         17.077692          2.089026          1.575455          3.987926        103.568591
rank #0: 2019-02-16 13:49:35,651 LBFGS        PARAM    0002        -64.867459          2.292755          6.551096          4.078586         86.643810
rank #0: 2019-02-16 13:49:36,771 LBFGS        PARAM    0003       -171.291357          2.318982          7.412187          4.178289         82.559024
rank #0: 2019-02-16 13:49:37,891 LBFGS        PARAM    0004       -373.600534          2.359587          7.261981          4.396961         79.301654
rank #0: 2019-02-16 13:49:39,013 LBFGS        PARAM    0005       -370.077214          2.361111          6.206915          4.406454         79.273258
rank #0: 2019-02-16 13:49:40,134 LBFGS        PARAM    0006       -340.154639          2.377226         -8.588449          4.550435         79.052192
rank #0: 2019-02-16 13:49:41,254 LBFGS        PARAM    0007       -344.427863          2.384934        -16.270614          4.590593         78.988682
rank #0: 2019-02-16 13:49:42,375 LBFGS        PARAM    0008       -361.725553          2.393857        -25.902265          4.587267         78.933326
rank #0: 2019-02-16 13:49:43,498 LBFGS        PARAM    0009       -374.989960          2.398098        -30.868500          4.554966         78.915459
rank #0: 2019-02-16 13:49:44,619 LBFGS        PARAM    0010       -381.029535          2.399441        -32.272176          4.523166         78.910622
rank #0: 2019-02-16 13:49:45,741 LBFGS        PARAM    0011       -381.358031          2.399120        -32.009000          4.516833         78.910431
rank #0: 2019-02-16 13:49:46,861 LBFGS        PARAM    0012       -381.261291          2.398977        -31.849193          4.516289         78.910423
rank #0: 2019-02-16 13:49:47,980 LBFGS        PARAM    0013       -381.232037          2.398950        -31.820216          4.516334         78.910423
rank #0: 2019-02-16 13:49:49,100 LBFGS        PARAM    0014       -381.232970          2.398949        -31.819331          4.516340         78.910423
rank #0: 2019-02-16 13:49:50,220 LBFGS        PARAM    0015       -381.232995          2.398949        -31.819372          4.516341         78.910423
rank #0: 2019-02-16 13:49:51,342 LBFGS        PARAM    0016       -381.232917          2.398949        -31.819368          4.516341         78.910423
rank #0: 2019-02-16 13:49:52,712 LBFGS        PARAM    0017       -381.232917          2.398949        -31.819368          4.516341         78.910423
rank #0: 2019-02-16 13:50:42,894 LBFGS        INFO     Linesearch failed in both LBFGS and gradient directions
rank #0: 2019-02-16 13:50:42,894 LBFGS        PARAM    0017       -381.232917          2.398949        -31.819368          4.516341         78.910423
rank #0: 2019-02-16 13:50:42,895 rsdfit.lbfgs_fitter WARNING  ...LBFGS optimization finished. Time elapsed: 0:01:09.61
rank #0: 2019-02-16 13:50:42,895 rsdfit.lbfgs_fitter ERROR    nonlinear fit with method L-BFGS-B failed: Linesearch failed in both LBFGS and gradient directions
rank #0: 2019-02-16 13:50:42,895 rsdfit.fitting_driver INFO     rank 8 on nid00541     ...fitting complete
rank #0: 2019-02-16 13:50:43,021 rsdfit.fitting_driver INFO     rank 8 on nid00541     Saving the results to `/global/cscratch1/sd/nhand/eBOSS/fits/results/mocks/ezmock/v1.8e-fph/0.005-0.3/basemodel-N-fnl/0.8-2.2/QSO-N-0005-P0+P2-mock-cov-df4d289b36/2019-02-16_nlopt_17i_chain0__1.npz`
rank #0: 2019-02-16 13:50:43,034 pyRSD.analysis.lbfgs_results INFO     
minimum chi2 = 78.91042308458113

Free parameters [ mean ]
_______________
N              : -381.23291735314893
b1             : 2.398948988076534
f_nl           : -31.81936793723822
sigma_fog      : 4.516341095812861

Constrained parameters [ mean ]
_________________________
b1sigma8       : 0.8993307314471789
