rank #0: 2019-02-16 14:40:38,683 rsdfit.fitting_driver INFO     rank 33 on nid00652     Calling the 'nlopt' solve function
rank #0: 2019-02-16 14:40:38,685 rsdfit.lbfgs_fitter INFO     running LBFGS for 500 iterations and then stopping
rank #0: 2019-02-16 14:40:38,685 rsdfit.lbfgs_fitter INFO     running LBFGS minimizer with priors
rank #0: 2019-02-16 14:40:38,686 root         INFO     Iter           N          b1        f_nl   sigma_fog   F(X)     
rank #0: 2019-02-16 14:40:38,687 rsdfit.lbfgs_fitter INFO     computing gradient using numerical derivative of lnlike()
rank #0: 2019-02-16 14:40:39,852 LBFGS        INFO     options = {'factr': 100000.0, 'gtol': 1e-05, 'max_iter': 500, 'test_convergence': False}
rank #0: 2019-02-16 14:40:39,853 LBFGS        PARAM    0000          0.000000          2.000000          0.000000          4.000000        103.629726
rank #0: 2019-02-16 14:40:41,167 LBFGS        PARAM    0001         26.433016          2.124767          0.744429          3.963008         93.263335
rank #0: 2019-02-16 14:40:42,387 LBFGS        PARAM    0002       -101.154807          2.402101          3.253771          3.971634         83.716545
rank #0: 2019-02-16 14:40:43,563 LBFGS        PARAM    0003       -253.866666          2.430676          2.591093          4.023480         81.220954
rank #0: 2019-02-16 14:40:44,733 LBFGS        PARAM    0004       -503.121267          2.474698         -1.308168          4.021008         79.589307
rank #0: 2019-02-16 14:40:45,910 LBFGS        PARAM    0005       -536.671923          2.479963         -4.531321          3.938955         79.397202
rank #0: 2019-02-16 14:40:47,086 LBFGS        PARAM    0006       -734.804112          2.510773        -36.767619          3.190622         78.429286
rank #0: 2019-02-16 14:40:48,256 LBFGS        PARAM    0007       -751.700763          2.526672        -65.103039          3.151114         78.068987
rank #0: 2019-02-16 14:40:49,427 LBFGS        PARAM    0008       -760.230933          2.579127       -130.609174          3.286554         77.666807
rank #0: 2019-02-16 14:40:50,598 LBFGS        PARAM    0009       -744.577851          2.572055       -132.855906          3.323750         77.659586
rank #0: 2019-02-16 14:40:51,772 LBFGS        PARAM    0010       -744.980455          2.573065       -132.706179          3.319483         77.659232
rank #0: 2019-02-16 14:40:52,949 LBFGS        PARAM    0011       -744.551134          2.572958       -132.630726          3.318481         77.659217
rank #0: 2019-02-16 14:40:54,127 LBFGS        PARAM    0012       -744.419598          2.572895       -132.641203          3.318103         77.659216
rank #0: 2019-02-16 14:40:55,310 LBFGS        PARAM    0013       -744.422176          2.572888       -132.643250          3.318053         77.659216
rank #0: 2019-02-16 14:40:56,492 LBFGS        PARAM    0014       -744.424207          2.572888       -132.643784          3.318049         77.659216
rank #0: 2019-02-16 14:40:57,675 LBFGS        PARAM    0015       -744.424391          2.572888       -132.643756          3.318048         77.659216
rank #0: 2019-02-16 14:40:58,849 LBFGS        PARAM    0016       -744.424313          2.572888       -132.643753          3.318048         77.659216
rank #0: 2019-02-16 14:41:27,917 LBFGS        PARAM    0017       -744.424314          2.572888       -132.643753          3.318048         77.659216
rank #0: 2019-02-16 14:42:19,161 LBFGS        INFO     Linesearch failed in both LBFGS and gradient directions
rank #0: 2019-02-16 14:42:19,162 LBFGS        PARAM    0017       -744.424314          2.572888       -132.643753          3.318048         77.659216
rank #0: 2019-02-16 14:42:19,163 rsdfit.lbfgs_fitter WARNING  ...LBFGS optimization finished. Time elapsed: 0:01:39.31
rank #0: 2019-02-16 14:42:19,164 rsdfit.lbfgs_fitter ERROR    nonlinear fit with method L-BFGS-B failed: Linesearch failed in both LBFGS and gradient directions
rank #0: 2019-02-16 14:42:19,165 rsdfit.fitting_driver INFO     rank 33 on nid00652     ...fitting complete
rank #0: 2019-02-16 14:42:19,170 rsdfit.fitting_driver INFO     rank 33 on nid00652     Saving the results to `/global/cscratch1/sd/nhand/eBOSS/fits/results/mocks/ezmock/v1.8e-fph/0.005-0.3/basemodel-N-fnl/0.8-2.2/QSO-S-0708-P0+P2-mock-cov-be61e5bd15/2019-02-16_nlopt_17i_chain0__1.npz`
rank #0: 2019-02-16 14:42:19,177 pyRSD.analysis.lbfgs_results INFO     
minimum chi2 = 77.65921552739725

Free parameters [ mean ]
_______________
N              : -744.4243140347975
b1             : 2.57288791033953
f_nl           : -132.64375300288208
sigma_fog      : 3.318048346414354

Constrained parameters [ mean ]
_________________________
b1sigma8       : 0.9319862125043706
