rank #0: 2017-11-27 21:25:16,702 rsdfit.fitting_driver INFO     rank 119 on nid00575     Calling the 'nlopt' solve function
rank #0: 2017-11-27 21:25:16,702 rsdfit.lbfgs_fitter INFO     running LBFGS for 500 iterations and then stopping
rank #0: 2017-11-27 21:25:16,702 rsdfit.lbfgs_fitter INFO     running LBFGS minimizer with priors
rank #0: 2017-11-27 21:25:16,703 root         INFO     Iter           N   alpha_par   alpha_perp          b1           f    sigma8_z   sigma_fog   F(X)     
rank #0: 2017-11-27 21:25:17,530 LBFGS        INFO     options = {'factr': 100000.0, 'gtol': 1e-05, 'max_iter': 500, 'test_convergence': False}
rank #0: 2017-11-27 21:25:17,531 LBFGS        PARAM    0000          0.000000          1.000000          1.000000          2.000000          0.930924          0.397985          4.000000         93.958474
rank #0: 2017-11-27 21:25:18,451 LBFGS        PARAM    0001         -0.129609          0.999956          0.999835          2.001265          0.931008          0.398911          3.999303         93.388166
rank #0: 2017-11-27 21:25:19,313 LBFGS        PARAM    0002        -20.360297          0.998983          0.993429          2.036362          0.933982          0.424802          3.972148         86.351802
rank #0: 2017-11-27 21:25:20,179 LBFGS        PARAM    0003        -29.592305          0.999430          0.993189          2.029017          0.933932          0.420836          3.970964         85.930680
rank #0: 2017-11-27 21:25:21,046 LBFGS        PARAM    0004        -47.893114          0.999883          0.991463          2.025305          0.934470          0.420072          3.963428         85.643930
rank #0: 2017-11-27 21:25:21,912 LBFGS        PARAM    0005       -239.386049          1.004137          0.972178          1.995738          0.940570          0.418042          3.879482         83.671473
rank #0: 2017-11-27 21:25:22,780 LBFGS        PARAM    0006       -370.062447          1.006441          0.957575          1.982287          0.944834          0.420314          3.814518         82.788391
rank #0: 2017-11-27 21:25:23,647 LBFGS        PARAM    0007       -410.271309          1.005107          0.948901          1.987634          0.944789          0.421954          3.761925         82.416965
rank #0: 2017-11-27 21:25:24,514 LBFGS        PARAM    0008       -401.161240          1.003859          0.947853          1.993059          0.943728          0.422046          3.750320         82.373232
rank #0: 2017-11-27 21:25:25,382 LBFGS        PARAM    0009       -394.489749          1.002813          0.946977          1.996620          0.942766          0.421506          3.740632         82.348260
rank #0: 2017-11-27 21:25:26,246 LBFGS        PARAM    0010       -367.795105          0.997131          0.941109          2.013861          0.937538          0.417515          3.682173         82.229459
rank #0: 2017-11-27 21:25:27,111 LBFGS        PARAM    0011       -333.745851          0.987413          0.929773          2.041161          0.928561          0.409426          3.575088         82.052067
rank #0: 2017-11-27 21:25:27,977 LBFGS        PARAM    0012       -304.094815          0.973967          0.912710          2.079286          0.915696          0.396423          3.416295         81.840752
rank #0: 2017-11-27 21:25:28,845 LBFGS        PARAM    0013       -311.843173          0.969158          0.905899          2.098731          0.909578          0.389709          3.343751         81.749795
rank #0: 2017-11-27 21:25:29,713 LBFGS        PARAM    0014       -325.698638          0.970387          0.907108          2.099216          0.909617          0.389408          3.347516         81.729891
rank #0: 2017-11-27 21:25:30,582 LBFGS        PARAM    0015       -331.600256          0.971589          0.908669          2.098237          0.910097          0.389969          3.356520         81.724742
rank #0: 2017-11-27 21:25:31,451 LBFGS        PARAM    0016       -340.531080          0.973058          0.910633          2.100778          0.909692          0.390183          3.359111         81.713679
rank #0: 2017-11-27 21:25:32,319 LBFGS        PARAM    0017       -361.844880          0.975843          0.914419          2.116141          0.906081          0.389219          3.339048         81.681982
rank #0: 2017-11-27 21:25:33,188 LBFGS        PARAM    0018       -388.351813          0.978548          0.917705          2.149964          0.897280          0.385721          3.269473         81.634479
rank #0: 2017-11-27 21:25:34,055 LBFGS        PARAM    0019       -399.933918          0.982826          0.916634          2.199121          0.881569          0.379106          3.117285         81.579470
rank #0: 2017-11-27 21:25:34,928 LBFGS        PARAM    0020       -414.165067          0.980891          0.912795          2.247446          0.862984          0.373315          3.053352         81.551488
rank #0: 2017-11-27 21:25:35,800 LBFGS        PARAM    0021       -400.653344          0.981104          0.911521          2.242612          0.864038          0.373331          3.044534         81.544515
rank #0: 2017-11-27 21:25:36,665 LBFGS        PARAM    0022       -395.955497          0.981640          0.910261          2.242303          0.863635          0.373159          3.050733         81.541591
rank #0: 2017-11-27 21:25:37,531 LBFGS        PARAM    0023       -383.069416          0.984475          0.906251          2.247858          0.860216          0.371940          3.084057         81.533126
rank #0: 2017-11-27 21:25:38,397 LBFGS        PARAM    0024       -375.147254          0.989264          0.902722          2.260092          0.854921          0.370284          3.135266         81.524527
rank #0: 2017-11-27 21:25:39,256 LBFGS        PARAM    0025       -377.518748          0.995379          0.901233          2.282501          0.848830          0.367807          3.193078         81.517848
rank #0: 2017-11-27 21:25:40,116 LBFGS        PARAM    0026       -378.239669          0.995908          0.901509          2.282600          0.848787          0.368089          3.202190         81.517655
rank #0: 2017-11-27 21:25:40,974 LBFGS        PARAM    0027       -378.498525          0.995766          0.901359          2.283687          0.848433          0.367873          3.199002         81.517623
rank #0: 2017-11-27 21:25:41,833 LBFGS        PARAM    0028       -378.517160          0.995744          0.901365          2.283778          0.848400          0.367861          3.198552         81.517622
rank #0: 2017-11-27 21:25:42,695 LBFGS        PARAM    0029       -378.532403          0.995743          0.901366          2.283793          0.848395          0.367859          3.198487         81.517622
rank #0: 2017-11-27 21:25:43,556 LBFGS        PARAM    0030       -378.531619          0.995743          0.901367          2.283793          0.848395          0.367860          3.198489         81.517622
rank #0: 2017-11-27 21:25:44,657 LBFGS        PARAM    0031       -378.531623          0.995743          0.901367          2.283793          0.848395          0.367860          3.198489         81.517622
rank #0: 2017-11-27 21:25:46,056 LBFGS        PARAM    0032       -378.531623          0.995743          0.901367          2.283793          0.848395          0.367859          3.198489         81.517622
rank #0: 2017-11-27 21:25:46,058 LBFGS        INFO     LBFGS iteration 32: the descent direction does not have a sufficient projection (cos(theta)=-3.95e-01, theta=113.2787) into the gradient; using steepest descent at this step!
rank #0: 2017-11-27 21:25:46,984 LBFGS        PARAM    0033       -378.531623          0.995743          0.901367          2.283793          0.848395          0.367859          3.198489         81.517622
rank #0: 2017-11-27 21:25:47,852 LBFGS        PARAM    0034       -378.531591          0.995743          0.901367          2.283793          0.848395          0.367860          3.198489         81.517622
rank #0: 2017-11-27 21:25:48,860 LBFGS        PARAM    0035       -378.531592          0.995743          0.901367          2.283793          0.848395          0.367860          3.198489         81.517622
rank #0: 2017-11-27 21:26:12,379 LBFGS        INFO     Linesearch failed in both LBFGS and gradient directions
rank #0: 2017-11-27 21:26:12,379 LBFGS        PARAM    0035       -378.531592          0.995743          0.901367          2.283793          0.848395          0.367860          3.198489         81.517622
rank #0: 2017-11-27 21:26:12,380 rsdfit.lbfgs_fitter WARNING  ...LBFGS optimization finished. Time elapsed: 0:00:54.85
rank #0: 2017-11-27 21:26:12,380 rsdfit.lbfgs_fitter ERROR    nonlinear fit with method L-BFGS-B failed: Linesearch failed in both LBFGS and gradient directions
rank #0: 2017-11-27 21:26:12,382 rsdfit.fitting_driver INFO     rank 119 on nid00575     ...fitting complete
rank #0: 2017-11-27 21:26:12,384 rsdfit.fitting_driver INFO     rank 119 on nid00575     Saving the results to `/global/cscratch1/sd/nhand/eBOSS/fits/results/mocks/ezmock/v1.8e-fph/0.0001-0.3/basemodel-fs8-alphas-N/0.8-2.2/QSO-S-0506-P0+P2-mock-cov-976ba3841e/2017-11-27_nlopt_35i_chain0__1.npz`
rank #0: 2017-11-27 21:26:12,403 pyRSD.analysis.lbfgs_results INFO     
minimum chi2 = 81.5176222308

Free parameters [ mean ]
_______________
N              : -378.53159166
alpha_par      : 0.995742993308
alpha_perp     : 0.90136661647
b1             : 2.28379293747
f              : 0.848395300458
sigma8_z       : 0.367859507121
sigma_fog      : 3.19848904893

Constrained parameters [ mean ]
_________________________
F_AP           : 1.10470365234
alpha          : 0.9317871835
b1sigma8       : 0.840114944345
epsilon        : 0.0337493828521
fsigma8        : 0.31209027707
