rank #0: 2017-11-27 22:31:02,428 rsdfit.fitting_driver INFO     rank 11 on nid00469     Calling the 'nlopt' solve function
rank #0: 2017-11-27 22:31:02,429 rsdfit.lbfgs_fitter INFO     running LBFGS for 500 iterations and then stopping
rank #0: 2017-11-27 22:31:02,429 rsdfit.lbfgs_fitter INFO     running LBFGS minimizer with priors
rank #0: 2017-11-27 22:31:02,429 root         INFO     Iter           N          b1        f_nl   sigma_fog   F(X)     
rank #0: 2017-11-27 22:31:02,807 LBFGS        INFO     options = {'factr': 100000.0, 'gtol': 1e-05, 'max_iter': 500, 'test_convergence': False}
rank #0: 2017-11-27 22:31:02,807 LBFGS        PARAM    0000          0.000000          2.000000          0.000000          4.000000         38.376887
rank #0: 2017-11-27 22:31:03,220 LBFGS        PARAM    0001         13.977200          2.078927          1.075707          3.996856         34.208143
rank #0: 2017-11-27 22:31:03,592 LBFGS        PARAM    0002         -1.318246          2.251021          4.653861          3.994537         31.153789
rank #0: 2017-11-27 22:31:03,966 LBFGS        PARAM    0003          1.698129          2.221680          3.704238          3.999458         31.036986
rank #0: 2017-11-27 22:31:04,341 LBFGS        PARAM    0004          3.443233          2.224341          3.619592          4.003075         31.034584
rank #0: 2017-11-27 22:31:04,714 LBFGS        PARAM    0005          7.587224          2.225943          3.313725          4.011514         31.032282
rank #0: 2017-11-27 22:31:05,088 LBFGS        PARAM    0006         29.106750          2.230173          1.646108          4.055267         31.023143
rank #0: 2017-11-27 22:31:05,463 LBFGS        PARAM    0007         59.839446          2.232752         -0.902281          4.121106         31.008397
rank #0: 2017-11-27 22:31:05,837 LBFGS        PARAM    0008        422.233627          2.253227        -30.627331          4.895737         30.900900
rank #0: 2017-11-27 22:31:06,211 LBFGS        PARAM    0009        799.857682          2.264900        -60.616015          5.702537         30.849014
rank #0: 2017-11-27 22:31:06,585 LBFGS        PARAM    0010       1287.327587          2.262671        -79.551934          6.810151         30.748478
rank #0: 2017-11-27 22:31:06,956 LBFGS        PARAM    0011       4133.739546          2.198431       -130.690390         13.393049         30.677589
rank #0: 2017-11-27 22:31:07,329 LBFGS        PARAM    0012       1438.150721          2.232891        -62.193862          7.487713         30.444892
rank #0: 2017-11-27 22:31:07,701 LBFGS        PARAM    0013       1539.408861          2.218831        -52.135725          8.011239         30.304761
rank #0: 2017-11-27 22:31:08,075 LBFGS        PARAM    0014       1970.788898          2.172451        -16.335884         10.156351         30.020971
rank #0: 2017-11-27 22:31:08,447 LBFGS        PARAM    0015       1988.809152          2.178209        -17.306578         10.210052         29.995711
rank #0: 2017-11-27 22:31:08,821 LBFGS        PARAM    0016       2238.962067          2.192501        -13.504252         11.203213         29.929617
rank #0: 2017-11-27 22:31:18,274 LBFGS        PARAM    0017       2190.745155          2.190499        -13.581195         11.203599         29.928609
rank #0: 2017-11-27 22:31:35,921 LBFGS        INFO     Linesearch failed in both LBFGS and gradient directions
rank #0: 2017-11-27 22:31:35,922 LBFGS        PARAM    0017       2190.745155          2.190499        -13.581195         11.203599         29.928609
rank #0: 2017-11-27 22:31:35,922 rsdfit.lbfgs_fitter WARNING  ...LBFGS optimization finished. Time elapsed: 0:00:33.11
rank #0: 2017-11-27 22:31:35,922 rsdfit.lbfgs_fitter ERROR    nonlinear fit with method L-BFGS-B failed: Linesearch failed in both LBFGS and gradient directions
rank #0: 2017-11-27 22:31:35,922 rsdfit.fitting_driver INFO     rank 11 on nid00469     ...fitting complete
rank #0: 2017-11-27 22:31:35,924 rsdfit.fitting_driver INFO     rank 11 on nid00469     Saving the results to `/global/cscratch1/sd/nhand/eBOSS/fits/results/mocks/ezmock/v1.8e-fph/0.0001-0.05/basemodel-N-fnl/0.8-2.2/QSO-N-0029-P0+P2-mock-cov-a9f629560d/2017-11-27_nlopt_17i_chain0__1.npz`
rank #0: 2017-11-27 22:31:35,941 pyRSD.analysis.lbfgs_results INFO     
minimum chi2 = 29.9286087864

Free parameters [ mean ]
_______________
N              : 2190.74515476
b1             : 2.19049902283
f_nl           : -13.581194602
sigma_fog      : 11.2035988143

Constrained parameters [ mean ]
_________________________
b1sigma8       : 0.871972700259
