rank #0: 2017-11-27 20:40:21,826 rsdfit.fitting_driver INFO     rank 246 on nid00568     Calling the 'nlopt' solve function
rank #0: 2017-11-27 20:40:21,827 rsdfit.lbfgs_fitter INFO     running LBFGS for 500 iterations and then stopping
rank #0: 2017-11-27 20:40:21,827 rsdfit.lbfgs_fitter INFO     running LBFGS minimizer with priors
rank #0: 2017-11-27 20:40:21,827 root         INFO     Iter           N          b1        f_nl   sigma_fog   F(X)     
rank #0: 2017-11-27 20:40:22,325 LBFGS        INFO     options = {'factr': 100000.0, 'gtol': 1e-05, 'max_iter': 500, 'test_convergence': False}
rank #0: 2017-11-27 20:40:22,325 LBFGS        PARAM    0000          0.000000          2.000000          0.000000          4.000000        116.017291
rank #0: 2017-11-27 20:40:22,885 LBFGS        PARAM    0001         -0.691961          2.091137          0.896966          4.010853        100.335992
rank #0: 2017-11-27 20:40:23,390 LBFGS        PARAM    0002        -80.462820          2.270773          4.740182          4.131028         88.538218
rank #0: 2017-11-27 20:40:23,896 LBFGS        PARAM    0003       -125.719591          2.256227          5.452335          4.196401         87.155231
rank #0: 2017-11-27 20:40:24,404 LBFGS        PARAM    0004       -279.502145          2.257623          9.165441          4.427517         85.234380
rank #0: 2017-11-27 20:40:24,911 LBFGS        PARAM    0005       -312.927719          2.268550         12.357485          4.515336         85.021699
rank #0: 2017-11-27 20:40:25,419 LBFGS        PARAM    0006       -312.234318          2.271766         16.211020          4.572861         84.917095
rank #0: 2017-11-27 20:40:25,926 LBFGS        PARAM    0007       -283.382421          2.272060         28.672824          4.712716         84.690890
rank #0: 2017-11-27 20:40:26,434 LBFGS        PARAM    0008       -244.708147          2.263894         41.754499          4.786485         84.517835
rank #0: 2017-11-27 20:40:26,942 LBFGS        PARAM    0009       -233.982894          2.252629         59.244873          4.718101         84.351925
rank #0: 2017-11-27 20:40:27,450 LBFGS        PARAM    0010       -237.537711          2.246117         61.964921          4.624740         84.313151
rank #0: 2017-11-27 20:40:27,957 LBFGS        PARAM    0011       -240.641863          2.246766         61.581964          4.610073         84.311771
rank #0: 2017-11-27 20:40:28,465 LBFGS        PARAM    0012       -243.052625          2.247135         61.548057          4.605216         84.311558
rank #0: 2017-11-27 20:40:28,974 LBFGS        PARAM    0013       -243.514466          2.247173         61.565479          4.605153         84.311551
rank #0: 2017-11-27 20:40:29,483 LBFGS        PARAM    0014       -243.543223          2.247171         61.570427          4.605252         84.311550
rank #0: 2017-11-27 20:40:29,992 LBFGS        PARAM    0015       -243.542084          2.247171         61.570561          4.605259         84.311550
rank #0: 2017-11-27 20:40:30,501 LBFGS        PARAM    0016       -243.541953          2.247171         61.570569          4.605259         84.311550
rank #0: 2017-11-27 20:40:31,010 LBFGS        PARAM    0017       -243.541966          2.247171         61.570566          4.605259         84.311550
rank #0: 2017-11-27 20:40:31,520 LBFGS        PARAM    0018       -243.541960          2.247171         61.570566          4.605259         84.311550
rank #0: 2017-11-27 20:40:32,140 LBFGS        PARAM    0019       -243.541960          2.247171         61.570566          4.605259         84.311550
rank #0: 2017-11-27 20:40:53,124 LBFGS        INFO     Linesearch failed in both LBFGS and gradient directions
rank #0: 2017-11-27 20:40:53,124 LBFGS        PARAM    0019       -243.541960          2.247171         61.570566          4.605259         84.311550
rank #0: 2017-11-27 20:40:53,125 rsdfit.lbfgs_fitter WARNING  ...LBFGS optimization finished. Time elapsed: 0:00:30.80
rank #0: 2017-11-27 20:40:53,125 rsdfit.lbfgs_fitter ERROR    nonlinear fit with method L-BFGS-B failed: Linesearch failed in both LBFGS and gradient directions
rank #0: 2017-11-27 20:40:53,125 rsdfit.fitting_driver INFO     rank 246 on nid00568     ...fitting complete
rank #0: 2017-11-27 20:40:53,128 rsdfit.fitting_driver INFO     rank 246 on nid00568     Saving the results to `/global/cscratch1/sd/nhand/eBOSS/fits/results/mocks/ezmock/v1.8e-fph/0.0001-0.3/basemodel-N-fnl/0.8-2.2/QSO-N-0106-P0+P2-mock-cov-a9f629560d/2017-11-27_nlopt_19i_chain0__1.npz`
rank #0: 2017-11-27 20:40:53,173 pyRSD.analysis.lbfgs_results INFO     
minimum chi2 = 84.3115504129

Free parameters [ mean ]
_______________
N              : -243.541959787
b1             : 2.24717058241
f_nl           : 61.5705657223
sigma_fog      : 4.6052591648

Constrained parameters [ mean ]
_________________________
b1sigma8       : 0.894531967494
