rank #0: 2018-06-24 13:06:36,547 rsdfit.fitting_driver INFO     rank 62 on nid00546     Calling the 'nlopt' solve function
rank #0: 2018-06-24 13:06:36,548 rsdfit.lbfgs_fitter INFO     running LBFGS for 500 iterations and then stopping
rank #0: 2018-06-24 13:06:36,549 rsdfit.lbfgs_fitter INFO     running LBFGS minimizer with priors
rank #0: 2018-06-24 13:06:36,550 root         INFO     Iter           N          b1        f_nl   sigma_fog   F(X)     
rank #0: 2018-06-24 13:06:37,139 LBFGS        INFO     options = {'factr': 100000.0, 'gtol': 1e-05, 'max_iter': 500, 'test_convergence': False}
rank #0: 2018-06-24 13:06:37,141 LBFGS        PARAM    0000          0.000000          2.000000          0.000000          4.000000         69.158864
rank #0: 2018-06-24 13:06:37,809 LBFGS        PARAM    0001          1.339545          2.045188          0.892747          3.992108         65.950037
rank #0: 2018-06-24 13:06:38,405 LBFGS        PARAM    0002        -83.150417          2.163397          4.115246          4.016625         61.773680
rank #0: 2018-06-24 13:06:38,995 LBFGS        PARAM    0003       -170.053748          2.190963          5.459760          4.057266         60.625274
rank #0: 2018-06-24 13:06:39,598 LBFGS        PARAM    0004       -302.477509          2.208981          7.279458          4.084178         59.893365
rank #0: 2018-06-24 13:06:40,203 LBFGS        PARAM    0005       -306.403530          2.210218          7.565159          4.066835         59.880942
rank #0: 2018-06-24 13:06:40,791 LBFGS        PARAM    0006       -330.249779          2.211315          9.566758          3.933641         59.830257
rank #0: 2018-06-24 13:06:41,394 LBFGS        PARAM    0007       -334.839521          2.207712         10.609758          3.891132         59.821783
rank #0: 2018-06-24 13:06:41,999 LBFGS        PARAM    0008       -334.956711          2.205591         11.267289          3.880787         59.820035
rank #0: 2018-06-24 13:06:42,597 LBFGS        PARAM    0009       -334.338797          2.204219         11.915250          3.877547         59.818980
rank #0: 2018-06-24 13:06:43,197 LBFGS        PARAM    0010       -332.625192          2.201891         13.561815          3.875113         59.816732
rank #0: 2018-06-24 13:06:43,804 LBFGS        PARAM    0011       -329.950561          2.199582         16.173174          3.877015         59.813726
rank #0: 2018-06-24 13:06:44,409 LBFGS        PARAM    0012       -328.600480          2.199879         18.309160          3.883848         59.811437
rank #0: 2018-06-24 13:06:44,998 LBFGS        PARAM    0013       -327.792360          2.200216         18.217101          3.889193         59.811350
rank #0: 2018-06-24 13:06:45,602 LBFGS        PARAM    0014       -327.742736          2.200299         18.155113          3.889896         59.811348
rank #0: 2018-06-24 13:06:46,202 LBFGS        PARAM    0015       -327.749557          2.200303         18.151860          3.889884         59.811348
rank #0: 2018-06-24 13:06:46,790 LBFGS        PARAM    0016       -327.750148          2.200304         18.151693          3.889882         59.811348
rank #0: 2018-06-24 13:06:47,452 LBFGS        PARAM    0017       -327.750148          2.200304         18.151693          3.889882         59.811348
rank #0: 2018-06-24 13:07:12,941 LBFGS        INFO     Linesearch failed in both LBFGS and gradient directions
rank #0: 2018-06-24 13:07:12,943 LBFGS        PARAM    0017       -327.750148          2.200304         18.151693          3.889882         59.811348
rank #0: 2018-06-24 13:07:12,945 rsdfit.lbfgs_fitter WARNING  ...LBFGS optimization finished. Time elapsed: 0:00:35.81
rank #0: 2018-06-24 13:07:12,946 rsdfit.lbfgs_fitter ERROR    nonlinear fit with method L-BFGS-B failed: Linesearch failed in both LBFGS and gradient directions
rank #0: 2018-06-24 13:07:12,948 rsdfit.fitting_driver INFO     rank 62 on nid00546     ...fitting complete
rank #0: 2018-06-24 13:07:12,952 rsdfit.fitting_driver INFO     rank 62 on nid00546     Saving the results to `/global/cscratch1/sd/nhand/eBOSS/fits/results/mocks/ezmock/v1.8e-fph/0.005-0.3/basemodel-N-fnl/0.8-2.2/QSO-S-0978-P0+P2-mock-cov-8973e9cf3e/2018-06-24_nlopt_17i_chain0__1.npz`
rank #0: 2018-06-24 13:07:12,993 pyRSD.analysis.lbfgs_results INFO     
minimum chi2 = 59.8113480452

Free parameters [ mean ]
_______________
N              : -327.750148268
b1             : 2.20030352035
f_nl           : 18.1516927113
sigma_fog      : 3.88988221733

Constrained parameters [ mean ]
_________________________
b1sigma8       : 0.876409959133
