rank #0: 2018-07-16 20:29:30,124 rsdfit.fitting_driver INFO     rank 10 on nid00686     Calling the 'nlopt' solve function
rank #0: 2018-07-16 20:29:30,126 rsdfit.lbfgs_fitter INFO     running LBFGS for 500 iterations and then stopping
rank #0: 2018-07-16 20:29:30,127 rsdfit.lbfgs_fitter INFO     running LBFGS minimizer with priors
rank #0: 2018-07-16 20:29:30,128 root         INFO     Iter           N          b1        f_nl   sigma_fog   F(X)     
rank #0: 2018-07-16 20:29:30,702 LBFGS        INFO     options = {'factr': 100000.0, 'gtol': 1e-05, 'max_iter': 500, 'test_convergence': False}
rank #0: 2018-07-16 20:29:30,839 LBFGS        PARAM    0000          0.000000          2.000000          0.000000          4.000000         89.970769
rank #0: 2018-07-16 20:29:31,497 LBFGS        PARAM    0001         96.759319          2.144492          1.107235          3.951908         75.722128
rank #0: 2018-07-16 20:29:32,087 LBFGS        PARAM    0002         66.206412          2.400563          4.691188          3.945850         67.731123
rank #0: 2018-07-16 20:29:32,672 LBFGS        PARAM    0003         31.677309          2.381472          4.949816          4.026425         67.083900
rank #0: 2018-07-16 20:29:33,268 LBFGS        PARAM    0004        -51.551208          2.391523          6.434689          4.196383         66.340190
rank #0: 2018-07-16 20:29:33,932 LBFGS        PARAM    0005       -134.826219          2.416575          8.027537          4.332666         66.081087
rank #0: 2018-07-16 20:29:34,516 LBFGS        PARAM    0006       -133.343766          2.436729          9.011805          4.358929         65.955572
rank #0: 2018-07-16 20:29:35,114 LBFGS        PARAM    0007       -133.305698          2.444952          9.491294          4.361089         65.941616
rank #0: 2018-07-16 20:29:35,708 LBFGS        PARAM    0008       -134.687801          2.445498          9.603652          4.353796         65.939546
rank #0: 2018-07-16 20:29:36,294 LBFGS        PARAM    0009       -154.029936          2.447740         10.895811          4.257859         65.924383
rank #0: 2018-07-16 20:29:36,887 LBFGS        PARAM    0010       -159.723809          2.446053         11.674168          4.231052         65.921974
rank #0: 2018-07-16 20:29:37,486 LBFGS        PARAM    0011       -161.511523          2.444619         12.264736          4.222223         65.921338
rank #0: 2018-07-16 20:29:38,082 LBFGS        PARAM    0012       -161.784368          2.443818         12.755890          4.219890         65.921001
rank #0: 2018-07-16 20:29:38,661 LBFGS        PARAM    0013       -161.515629          2.441744         14.521898          4.216416         65.919968
rank #0: 2018-07-16 20:29:39,262 LBFGS        PARAM    0014       -159.781365          2.439247         17.467925          4.215592         65.918484
rank #0: 2018-07-16 20:29:39,858 LBFGS        PARAM    0015       -156.332440          2.437416         20.956387          4.219961         65.916958
rank #0: 2018-07-16 20:29:40,449 LBFGS        PARAM    0016       -154.060110          2.437616         22.033710          4.225744         65.916484
rank #0: 2018-07-16 20:29:41,046 LBFGS        PARAM    0017       -153.679550          2.438128         21.796558          4.227711         65.916439
rank #0: 2018-07-16 20:29:41,643 LBFGS        PARAM    0018       -153.728462          2.438249         21.676099          4.227842         65.916438
rank #0: 2018-07-16 20:29:42,241 LBFGS        PARAM    0019       -153.740943          2.438255         21.665552          4.227823         65.916438
rank #0: 2018-07-16 20:29:42,821 LBFGS        PARAM    0020       -153.741628          2.438255         21.665336          4.227820         65.916438
rank #0: 2018-07-16 20:29:43,416 LBFGS        PARAM    0021       -153.741622          2.438255         21.665339          4.227820         65.916438
rank #0: 2018-07-16 20:29:44,011 LBFGS        PARAM    0022       -153.741624          2.438255         21.665338          4.227820         65.916438
rank #0: 2018-07-16 20:29:44,658 LBFGS        PARAM    0023       -153.741625          2.438255         21.665338          4.227820         65.916438
rank #0: 2018-07-16 20:30:09,383 LBFGS        INFO     Linesearch failed in both LBFGS and gradient directions
rank #0: 2018-07-16 20:30:09,385 LBFGS        PARAM    0023       -153.741625          2.438255         21.665338          4.227820         65.916438
rank #0: 2018-07-16 20:30:09,386 rsdfit.lbfgs_fitter WARNING  ...LBFGS optimization finished. Time elapsed: 0:00:38.68
rank #0: 2018-07-16 20:30:09,388 rsdfit.lbfgs_fitter ERROR    nonlinear fit with method L-BFGS-B failed: Linesearch failed in both LBFGS and gradient directions
rank #0: 2018-07-16 20:30:09,389 rsdfit.fitting_driver INFO     rank 10 on nid00686     ...fitting complete
rank #0: 2018-07-16 20:30:09,395 rsdfit.fitting_driver INFO     rank 10 on nid00686     Saving the results to `/global/cscratch1/sd/nhand/eBOSS/fits/results/mocks/ezmock/v1.8e-fph/0.005-0.3/basemodel-N-fnl/0.8-2.2/QSO-S-0978-P0+P2-mock-cov-f224d44da7/2018-07-16_nlopt_23i_chain0__1.npz`
rank #0: 2018-07-16 20:30:09,421 pyRSD.analysis.lbfgs_results INFO     
minimum chi2 = 65.9164380335

Free parameters [ mean ]
_______________
N              : -153.741625353
b1             : 2.43825544161
f_nl           : 21.6653377026
sigma_fog      : 4.22782036821

Constrained parameters [ mean ]
_________________________
b1sigma8       : 0.883217821114
