rank #0: 2018-10-04 22:56:57,030 rsdfit.fitting_driver INFO     rank 61 on nid02292     Calling the 'nlopt' solve function
rank #0: 2018-10-04 22:56:57,032 rsdfit.lbfgs_fitter INFO     running LBFGS for 500 iterations and then stopping
rank #0: 2018-10-04 22:56:57,033 rsdfit.lbfgs_fitter INFO     running LBFGS minimizer with priors
rank #0: 2018-10-04 22:56:57,033 root         INFO     Iter           N          b1        f_nl   sigma_fog   F(X)     
rank #0: 2018-10-04 22:56:57,034 rsdfit.lbfgs_fitter INFO     computing gradient using numerical derivative of lnlike()
rank #0: 2018-10-04 22:56:58,212 LBFGS        INFO     options = {'factr': 100000.0, 'gtol': 1e-05, 'max_iter': 500, 'test_convergence': False}
rank #0: 2018-10-04 22:56:58,214 LBFGS        PARAM    0000          0.000000          2.000000          0.000000          4.000000        144.170665
rank #0: 2018-10-04 22:56:59,582 LBFGS        PARAM    0001         24.285129          2.141168          1.295460          3.968122        118.895009
rank #0: 2018-10-04 22:57:00,790 LBFGS        PARAM    0002       -126.467257          2.461303          7.947898          4.047473         94.952188
rank #0: 2018-10-04 22:57:02,005 LBFGS        PARAM    0003       -300.061945          2.488716          9.706226          4.155579         87.938236
rank #0: 2018-10-04 22:57:03,218 LBFGS        PARAM    0004       -600.625580          2.544683         14.251902          4.301686         83.460090
rank #0: 2018-10-04 22:57:04,426 LBFGS        PARAM    0005       -604.112278          2.537474         15.564371          4.254217         83.355226
rank #0: 2018-10-04 22:57:05,654 LBFGS        PARAM    0006       -648.324163          2.518533         25.428699          3.949415         82.945444
rank #0: 2018-10-04 22:57:06,864 LBFGS        PARAM    0007       -682.196866          2.518642         34.431008          3.782527         82.792399
rank #0: 2018-10-04 22:57:08,097 LBFGS        PARAM    0008       -692.004851          2.520102         40.592004          3.745408         82.737758
rank #0: 2018-10-04 22:57:09,312 LBFGS        PARAM    0009       -692.149223          2.519292         48.745652          3.742144         82.685114
rank #0: 2018-10-04 22:57:10,536 LBFGS        PARAM    0010       -679.380852          2.513683         58.025144          3.773901         82.632472
rank #0: 2018-10-04 22:57:11,763 LBFGS        PARAM    0011       -655.794694          2.502294         64.635591          3.829003         82.597207
rank #0: 2018-10-04 22:57:12,973 LBFGS        PARAM    0012       -651.180426          2.502338         64.141075          3.846308         82.596240
rank #0: 2018-10-04 22:57:14,208 LBFGS        PARAM    0013       -650.921636          2.502484         63.931370          3.848566         82.596220
rank #0: 2018-10-04 22:57:15,421 LBFGS        PARAM    0014       -650.936979          2.502491         63.920465          3.848559         82.596220
rank #0: 2018-10-04 22:57:16,652 LBFGS        PARAM    0015       -650.937888          2.502492         63.920122          3.848556         82.596220
rank #0: 2018-10-04 22:57:17,859 LBFGS        PARAM    0016       -650.937879          2.502492         63.920118          3.848556         82.596220
rank #0: 2018-10-04 22:57:19,070 LBFGS        PARAM    0017       -650.937886          2.502492         63.920121          3.848556         82.596220
rank #0: 2018-10-04 22:58:13,312 LBFGS        INFO     Linesearch failed in both LBFGS and gradient directions
rank #0: 2018-10-04 22:58:13,313 LBFGS        PARAM    0017       -650.937886          2.502492         63.920121          3.848556         82.596220
rank #0: 2018-10-04 22:58:13,315 rsdfit.lbfgs_fitter WARNING  ...LBFGS optimization finished. Time elapsed: 0:01:15.10
rank #0: 2018-10-04 22:58:13,316 rsdfit.lbfgs_fitter ERROR    nonlinear fit with method L-BFGS-B failed: Linesearch failed in both LBFGS and gradient directions
rank #0: 2018-10-04 22:58:13,318 rsdfit.fitting_driver INFO     rank 61 on nid02292     ...fitting complete
rank #0: 2018-10-04 22:58:13,322 rsdfit.fitting_driver INFO     rank 61 on nid02292     Saving the results to `/global/cscratch1/sd/nhand/eBOSS/fits/results/mocks/ezmock/v1.8e-fph/0.005-0.3/basemodel-N-fnl/0.8-2.2/QSO-N-0910-P0+P2-mock-cov-4ae05ce33e/2018-10-04_nlopt_17i_chain0__1.npz`
rank #0: 2018-10-04 22:58:13,384 pyRSD.analysis.lbfgs_results INFO     
minimum chi2 = 82.5962204444

Free parameters [ mean ]
_______________
N              : -650.937886396
b1             : 2.50249162926
f_nl           : 63.9201206411
sigma_fog      : 3.84855573521

Constrained parameters [ mean ]
_________________________
b1sigma8       : 0.906486320686
