rank #0: 2017-11-27 21:37:40,791 rsdfit.fitting_driver INFO     rank 188 on nid00524     Calling the 'nlopt' solve function
rank #0: 2017-11-27 21:37:40,791 rsdfit.lbfgs_fitter INFO     running LBFGS for 500 iterations and then stopping
rank #0: 2017-11-27 21:37:40,792 rsdfit.lbfgs_fitter INFO     running LBFGS minimizer with priors
rank #0: 2017-11-27 21:37:40,792 root         INFO     Iter           N          b1           f    sigma8_z   sigma_fog   F(X)     
rank #0: 2017-11-27 21:37:41,423 LBFGS        INFO     options = {'factr': 100000.0, 'gtol': 1e-05, 'max_iter': 500, 'test_convergence': False}
rank #0: 2017-11-27 21:37:41,423 LBFGS        PARAM    0000          0.000000          2.000000          0.930883          0.398070          4.000000         85.968122
rank #0: 2017-11-27 21:37:42,136 LBFGS        PARAM    0001         -0.120203          2.002217          0.930979          0.399576          3.999862         83.981896
rank #0: 2017-11-27 21:37:42,789 LBFGS        PARAM    0002        -20.630177          2.051682          0.933018          0.430979          4.010264         66.640788
rank #0: 2017-11-27 21:37:43,445 LBFGS        PARAM    0003        -29.056876          2.042307          0.932551          0.425131          4.019035         65.567781
rank #0: 2017-11-27 21:37:44,100 LBFGS        PARAM    0004        -41.293131          2.042920          0.932496          0.425378          4.029343         65.286057
rank #0: 2017-11-27 21:37:44,756 LBFGS        PARAM    0005       -336.886263          2.055347          0.931150          0.429744          4.256148         62.035211
rank #0: 2017-11-27 21:37:45,411 LBFGS        PARAM    0006       -342.347803          2.055428          0.930985          0.429428          4.225985         62.018164
rank #0: 2017-11-27 21:37:46,066 LBFGS        PARAM    0007       -359.152995          2.056709          0.930460          0.428978          4.152931         61.999440
rank #0: 2017-11-27 21:37:46,720 LBFGS        PARAM    0008       -363.685129          2.060637          0.929192          0.428405          4.134242         61.992414
rank #0: 2017-11-27 21:37:47,375 LBFGS        PARAM    0009       -391.710213          2.096345          0.917594          0.423083          4.014904         61.955264
rank #0: 2017-11-27 21:37:48,030 LBFGS        PARAM    0010       -397.262897          2.112596          0.912282          0.420529          3.984126         61.946787
rank #0: 2017-11-27 21:37:48,685 LBFGS        PARAM    0011       -395.745625          2.118364          0.910424          0.419563          3.984259         61.945084
rank #0: 2017-11-27 21:37:49,340 LBFGS        PARAM    0012       -394.715568          2.117949          0.910562          0.419616          3.988141         61.945043
rank #0: 2017-11-27 21:37:49,995 LBFGS        PARAM    0013       -394.521175          2.117721          0.910636          0.419645          3.988958         61.945041
rank #0: 2017-11-27 21:37:50,650 LBFGS        PARAM    0014       -394.509617          2.117687          0.910647          0.419649          3.989003         61.945041
rank #0: 2017-11-27 21:37:51,304 LBFGS        PARAM    0015       -394.510921          2.117686          0.910647          0.419649          3.988996         61.945041
rank #0: 2017-11-27 21:38:04,698 LBFGS        PARAM    0016       -394.510933          2.117686          0.910647          0.419649          3.988996         61.945041
rank #0: 2017-11-27 21:38:05,356 LBFGS        PARAM    0017       -394.510958          2.117686          0.910647          0.419649          3.988996         61.945041
rank #0: 2017-11-27 21:38:06,193 LBFGS        PARAM    0018       -394.511005          2.117686          0.910647          0.419649          3.988996         61.945041
rank #0: 2017-11-27 21:38:07,091 LBFGS        PARAM    0019       -394.511056          2.117687          0.910647          0.419649          3.988996         61.945041
rank #0: 2017-11-27 21:38:20,465 LBFGS        PARAM    0020       -394.511062          2.117687          0.910647          0.419649          3.988996         61.945041
rank #0: 2017-11-27 21:38:44,436 LBFGS        INFO     Linesearch failed in both LBFGS and gradient directions
rank #0: 2017-11-27 21:38:44,436 LBFGS        PARAM    0020       -394.511062          2.117687          0.910647          0.419649          3.988996         61.945041
rank #0: 2017-11-27 21:38:44,436 rsdfit.lbfgs_fitter WARNING  ...LBFGS optimization finished. Time elapsed: 0:01:03.01
rank #0: 2017-11-27 21:38:44,437 rsdfit.lbfgs_fitter ERROR    nonlinear fit with method L-BFGS-B failed: Linesearch failed in both LBFGS and gradient directions
rank #0: 2017-11-27 21:38:44,437 rsdfit.fitting_driver INFO     rank 188 on nid00524     ...fitting complete
rank #0: 2017-11-27 21:38:44,440 rsdfit.fitting_driver INFO     rank 188 on nid00524     Saving the results to `/global/cscratch1/sd/nhand/eBOSS/fits/results/mocks/ezmock/v1.8e-fph/0.0001-0.3/basemodel-fs8-N/0.8-2.2/QSO-N-0235-P0+P2-mock-cov-5d97c0eb2d/2017-11-27_nlopt_20i_chain0__1.npz`
rank #0: 2017-11-27 21:38:44,466 pyRSD.analysis.lbfgs_results INFO     
minimum chi2 = 61.9450406536

Free parameters [ mean ]
_______________
N              : -394.511062143
b1             : 2.11768651797
f              : 0.910647152068
sigma8_z       : 0.419649246909
sigma_fog      : 3.98899576218

Constrained parameters [ mean ]
_________________________
b1sigma8       : 0.888685552454
fsigma8        : 0.382152391565
