rank #0: 2018-07-15 19:58:58,076 rsdfit.fitting_driver INFO     rank 59 on nid00608     Calling the 'nlopt' solve function
rank #0: 2018-07-15 19:58:58,077 rsdfit.lbfgs_fitter INFO     running LBFGS for 500 iterations and then stopping
rank #0: 2018-07-15 19:58:58,077 rsdfit.lbfgs_fitter INFO     running LBFGS minimizer with priors
rank #0: 2018-07-15 19:58:58,078 root         INFO     Iter           N          b1        f_nl   sigma_fog   F(X)     
rank #0: 2018-07-15 19:58:58,664 LBFGS        INFO     options = {'factr': 100000.0, 'gtol': 1e-05, 'max_iter': 500, 'test_convergence': False}
rank #0: 2018-07-15 19:58:58,665 LBFGS        PARAM    0000          0.000000          2.000000          0.000000          4.000000         86.391504
rank #0: 2018-07-15 19:58:59,339 LBFGS        PARAM    0001         14.892984          2.076897          0.509333          3.979870         77.418085
rank #0: 2018-07-15 19:58:59,938 LBFGS        PARAM    0002        -53.764304          2.241953          2.317571          4.004348         69.107160
rank #0: 2018-07-15 19:59:00,530 LBFGS        PARAM    0003       -154.927789          2.274114          2.804538          4.056940         66.890689
rank #0: 2018-07-15 19:59:01,136 LBFGS        PARAM    0004       -392.020441          2.317745          2.745052          4.122279         64.670346
rank #0: 2018-07-15 19:59:01,740 LBFGS        PARAM    0005       -400.170991          2.319249          2.388720          4.086819         64.629904
rank #0: 2018-07-15 19:59:02,326 LBFGS        PARAM    0006       -448.603117          2.319848         -0.772618          3.843867         64.500643
rank #0: 2018-07-15 19:59:02,930 LBFGS        PARAM    0007       -449.551212          2.320441         -3.479425          3.843731         64.489247
rank #0: 2018-07-15 19:59:03,536 LBFGS        PARAM    0008       -449.916445          2.320723         -4.474904          3.843785         64.485056
rank #0: 2018-07-15 19:59:03,538 LBFGS        INFO     LBFGS iteration 8: the descent direction does not have a sufficient projection (cos(theta)=-9.29e-01, theta=158.2699) into the gradient; using steepest descent at this step!
rank #0: 2018-07-15 19:59:04,197 LBFGS        PARAM    0009       -449.821785          2.320852         -4.535725          3.844033         64.484759
rank #0: 2018-07-15 19:59:04,795 LBFGS        PARAM    0010       -447.056926          2.325076         -7.731872          3.858485         64.473628
rank #0: 2018-07-15 19:59:05,398 LBFGS        PARAM    0011       -443.655275          2.330934        -14.099495          3.887800         64.455341
rank #0: 2018-07-15 19:59:05,999 LBFGS        PARAM    0012       -434.113336          2.348805        -37.819863          3.995132         64.388320
rank #0: 2018-07-15 19:59:06,651 LBFGS        PARAM    0013       -432.449866          2.352073        -42.518501          4.016070         64.373864
rank #0: 2018-07-15 19:59:07,319 LBFGS        PARAM    0014       -432.180982          2.352621        -43.339498          4.019680         64.371093
rank #0: 2018-07-15 19:59:07,990 LBFGS        PARAM    0015       -431.967250          2.353070        -44.033405          4.022685         64.368591
rank #0: 2018-07-15 19:59:08,650 LBFGS        PARAM    0016       -431.881102          2.353256        -44.326685          4.023937         64.367486
rank #0: 2018-07-15 19:59:09,259 LBFGS        PARAM    0017       -431.675561          2.353710        -45.053630          4.027002         64.364662
rank #0: 2018-07-15 19:59:09,865 LBFGS        PARAM    0018       -431.461518          2.354194        -45.835721          4.030263         64.361556
rank #0: 2018-07-15 19:59:10,452 LBFGS        PARAM    0019       -431.257578          2.354665        -46.604369          4.033431         64.358450
rank #0: 2018-07-15 19:59:11,053 LBFGS        PARAM    0020       -431.069229          2.355111        -47.337158          4.036417         64.355445
rank #0: 2018-07-15 19:59:11,723 LBFGS        PARAM    0021       -430.996323          2.355289        -47.630672          4.037598         64.354225
rank #0: 2018-07-15 19:59:12,391 LBFGS        PARAM    0022       -430.914607          2.355494        -47.971604          4.038955         64.352789
rank #0: 2018-07-15 19:59:13,047 LBFGS        PARAM    0023       -430.839703          2.355689        -48.295527          4.040230         64.351410
rank #0: 2018-07-15 19:59:13,718 LBFGS        PARAM    0024       -430.766758          2.355884        -48.622560          4.041504         64.350003
rank #0: 2018-07-15 19:59:14,391 LBFGS        PARAM    0025       -430.693245          2.356088        -48.964447          4.042824         64.348517
rank #0: 2018-07-15 19:59:15,043 LBFGS        PARAM    0026       -430.616154          2.356309        -49.336427          4.044245         64.346886
rank #0: 2018-07-15 19:59:15,710 LBFGS        PARAM    0027       -430.530850          2.356562        -49.763757          4.045864         64.344996
rank #0: 2018-07-15 19:59:16,378 LBFGS        PARAM    0028       -430.430851          2.356869        -50.284330          4.047820         64.342672
rank #0: 2018-07-15 19:59:17,035 LBFGS        PARAM    0029       -430.304115          2.357273        -50.970557          4.050378         64.339583
rank #0: 2018-07-15 19:59:17,709 LBFGS        PARAM    0030       -430.127656          2.357854        -51.964955          4.054063         64.335065
rank #0: 2018-07-15 19:59:18,381 LBFGS        PARAM    0031       -429.849432          2.358798        -53.594645          4.060086         64.327587
rank #0: 2018-07-15 19:59:19,032 LBFGS        PARAM    0032       -429.327880          2.360571        -56.724456          4.071739         64.313061
rank #0: 2018-07-15 19:59:19,700 LBFGS        PARAM    0033       -427.982369          2.364456        -64.169476          4.100967         64.278285
rank #0: 2018-07-15 19:59:20,369 LBFGS        PARAM    0034       -422.310124          2.369395        -80.389945          4.180826         64.217405
rank #0: 2018-07-15 19:59:20,953 LBFGS        PARAM    0035       -420.121259          2.368955        -84.099376          4.202546         64.210181
rank #0: 2018-07-15 19:59:21,555 LBFGS        PARAM    0036       -419.590451          2.367116        -83.854489          4.202926         64.203832
rank #0: 2018-07-15 19:59:22,156 LBFGS        PARAM    0037       -419.077246          2.362126        -84.139951          4.192524         64.178781
rank #0: 2018-07-15 19:59:22,759 LBFGS        PARAM    0038       -421.407930          2.356501        -85.686849          4.155767         64.135878
rank #0: 2018-07-15 19:59:23,346 LBFGS        PARAM    0039       -432.055076          2.351957        -90.076741          4.070264         64.065771
rank #0: 2018-07-15 19:59:23,948 LBFGS        PARAM    0040       -460.206305          2.354622        -94.954523          3.963685         63.999273
rank #0: 2018-07-15 19:59:24,554 LBFGS        PARAM    0041       -482.322569          2.360602        -95.066667          3.903501         63.973399
rank #0: 2018-07-15 19:59:25,144 LBFGS        PARAM    0042       -484.365705          2.364145        -95.865475          3.904694         63.970008
rank #0: 2018-07-15 19:59:25,749 LBFGS        PARAM    0043       -483.732155          2.364048        -94.514659          3.904939         63.969807
rank #0: 2018-07-15 19:59:26,353 LBFGS        PARAM    0044       -483.205240          2.364079        -94.956755          3.906778         63.969754
rank #0: 2018-07-15 19:59:27,018 LBFGS        PARAM    0045       -483.281499          2.364094        -94.959494          3.906844         63.969754
rank #0: 2018-07-15 19:59:27,614 LBFGS        PARAM    0046       -483.303295          2.364088        -94.954803          3.906725         63.969754
rank #0: 2018-07-15 19:59:28,217 LBFGS        PARAM    0047       -483.304355          2.364088        -94.954926          3.906721         63.969754
rank #0: 2018-07-15 19:59:28,821 LBFGS        PARAM    0048       -483.304402          2.364089        -94.954930          3.906721         63.969754
rank #0: 2018-07-15 19:59:29,409 LBFGS        PARAM    0049       -483.304386          2.364088        -94.954931          3.906721         63.969754
rank #0: 2018-07-15 19:59:30,081 LBFGS        PARAM    0050       -483.304387          2.364089        -94.954931          3.906721         63.969754
rank #0: 2018-07-15 19:59:55,569 LBFGS        INFO     Linesearch failed in both LBFGS and gradient directions
rank #0: 2018-07-15 19:59:55,570 LBFGS        PARAM    0050       -483.304387          2.364089        -94.954931          3.906721         63.969754
rank #0: 2018-07-15 19:59:55,571 rsdfit.lbfgs_fitter WARNING  ...LBFGS optimization finished. Time elapsed: 0:00:56.91
rank #0: 2018-07-15 19:59:55,572 rsdfit.lbfgs_fitter ERROR    nonlinear fit with method L-BFGS-B failed: Linesearch failed in both LBFGS and gradient directions
rank #0: 2018-07-15 19:59:55,573 rsdfit.fitting_driver INFO     rank 59 on nid00608     ...fitting complete
rank #0: 2018-07-15 19:59:55,576 rsdfit.fitting_driver INFO     rank 59 on nid00608     Saving the results to `/global/cscratch1/sd/nhand/eBOSS/fits/results/mocks/ezmock/v1.8e-fph/0.0001-0.3/basemodel-N-fnl/0.8-2.2/QSO-S-0482-P0+P2-mock-cov-a8bcb55756/2018-07-15_nlopt_50i_chain0__1.npz`
rank #0: 2018-07-15 19:59:55,605 pyRSD.analysis.lbfgs_results INFO     
minimum chi2 = 63.9697539809

Free parameters [ mean ]
_______________
N              : -483.30438683
b1             : 2.36408850003
f_nl           : -94.9549312121
sigma_fog      : 3.90672081267

Constrained parameters [ mean ]
_________________________
b1sigma8       : 0.941647680209
