rank #0: 2018-10-04 22:55:10,466 rsdfit.fitting_driver INFO     rank 34 on nid02292     Calling the 'nlopt' solve function
rank #0: 2018-10-04 22:55:10,467 rsdfit.lbfgs_fitter INFO     running LBFGS for 500 iterations and then stopping
rank #0: 2018-10-04 22:55:10,468 rsdfit.lbfgs_fitter INFO     running LBFGS minimizer with priors
rank #0: 2018-10-04 22:55:10,468 root         INFO     Iter           N          b1        f_nl   sigma_fog   F(X)     
rank #0: 2018-10-04 22:55:10,469 rsdfit.lbfgs_fitter INFO     computing gradient using numerical derivative of lnlike()
rank #0: 2018-10-04 22:55:11,652 LBFGS        INFO     options = {'factr': 100000.0, 'gtol': 1e-05, 'max_iter': 500, 'test_convergence': False}
rank #0: 2018-10-04 22:55:11,654 LBFGS        PARAM    0000          0.000000          2.000000          0.000000          4.000000        134.236058
rank #0: 2018-10-04 22:55:12,991 LBFGS        PARAM    0001        -47.816442          2.162825          1.530508          4.023199        108.343301
rank #0: 2018-10-04 22:55:14,194 LBFGS        PARAM    0002       -554.121208          2.606537          9.240394          4.353118         74.697861
rank #0: 2018-10-04 22:55:15,412 LBFGS        PARAM    0003       -732.137288          2.558732          7.876612          4.528165         65.576736
rank #0: 2018-10-04 22:55:16,612 LBFGS        PARAM    0004       -853.457240          2.582753          8.299083          4.632483         64.799014
rank #0: 2018-10-04 22:55:17,837 LBFGS        PARAM    0005       -845.928283          2.579158          8.291935          4.630516         64.795036
rank #0: 2018-10-04 22:55:19,039 LBFGS        PARAM    0006       -844.486104          2.578997          8.396892          4.634891         64.794373
rank #0: 2018-10-04 22:55:20,262 LBFGS        PARAM    0007       -837.961850          2.578552          9.343932          4.663043         64.792210
rank #0: 2018-10-04 22:55:21,463 LBFGS        PARAM    0008       -837.575538          2.578204          9.905626          4.663494         64.791916
rank #0: 2018-10-04 22:55:22,665 LBFGS        PARAM    0009       -837.638810          2.577229         11.223497          4.659696         64.791597
rank #0: 2018-10-04 22:55:23,889 LBFGS        PARAM    0010       -837.737919          2.577261         11.223910          4.659252         64.791597
rank #0: 2018-10-04 22:55:25,092 LBFGS        PARAM    0011       -837.747269          2.577253         11.222880          4.659255         64.791596
rank #0: 2018-10-04 22:55:26,316 LBFGS        PARAM    0012       -837.749239          2.577253         11.222509          4.659248         64.791596
rank #0: 2018-10-04 22:55:27,517 LBFGS        PARAM    0013       -837.749277          2.577253         11.222493          4.659248         64.791596
rank #0: 2018-10-04 22:55:28,731 LBFGS        PARAM    0014       -837.749268          2.577253         11.222489          4.659248         64.791596
rank #0: 2018-10-04 22:55:29,948 LBFGS        PARAM    0015       -837.749260          2.577253         11.222491          4.659248         64.791596
rank #0: 2018-10-04 22:56:24,295 LBFGS        INFO     Linesearch failed in both LBFGS and gradient directions
rank #0: 2018-10-04 22:56:24,296 LBFGS        PARAM    0015       -837.749260          2.577253         11.222491          4.659248         64.791596
rank #0: 2018-10-04 22:56:24,298 rsdfit.lbfgs_fitter WARNING  ...LBFGS optimization finished. Time elapsed: 0:01:12.65
rank #0: 2018-10-04 22:56:24,299 rsdfit.lbfgs_fitter ERROR    nonlinear fit with method L-BFGS-B failed: Linesearch failed in both LBFGS and gradient directions
rank #0: 2018-10-04 22:56:24,300 rsdfit.fitting_driver INFO     rank 34 on nid02292     ...fitting complete
rank #0: 2018-10-04 22:56:24,305 rsdfit.fitting_driver INFO     rank 34 on nid02292     Saving the results to `/global/cscratch1/sd/nhand/eBOSS/fits/results/mocks/ezmock/v1.8e-fph/0.005-0.3/basemodel-N-fnl/0.8-2.2/QSO-N-0840-P0+P2-mock-cov-4ae05ce33e/2018-10-04_nlopt_15i_chain0__1.npz`
rank #0: 2018-10-04 22:56:24,403 pyRSD.analysis.lbfgs_results INFO     
minimum chi2 = 64.7915964859

Free parameters [ mean ]
_______________
N              : -837.749259684
b1             : 2.5772529854
f_nl           : 11.2224913617
sigma_fog      : 4.65924772129

Constrained parameters [ mean ]
_________________________
b1sigma8       : 0.933567388953
