rank #0: 2019-02-16 14:41:05,421 rsdfit.fitting_driver INFO     rank 49 on nid01133     Calling the 'nlopt' solve function
rank #0: 2019-02-16 14:41:05,422 rsdfit.lbfgs_fitter INFO     running LBFGS for 500 iterations and then stopping
rank #0: 2019-02-16 14:41:05,422 rsdfit.lbfgs_fitter INFO     running LBFGS minimizer with priors
rank #0: 2019-02-16 14:41:05,423 root         INFO     Iter           N          b1        f_nl   sigma_fog   F(X)     
rank #0: 2019-02-16 14:41:05,424 rsdfit.lbfgs_fitter INFO     computing gradient using numerical derivative of lnlike()
rank #0: 2019-02-16 14:41:06,536 LBFGS        INFO     options = {'factr': 100000.0, 'gtol': 1e-05, 'max_iter': 500, 'test_convergence': False}
rank #0: 2019-02-16 14:41:06,538 LBFGS        PARAM    0000          0.000000          2.000000          0.000000          4.000000        136.392998
rank #0: 2019-02-16 14:41:07,801 LBFGS        PARAM    0001         14.699744          2.137473          1.156333          3.991261        112.576361
rank #0: 2019-02-16 14:41:08,939 LBFGS        PARAM    0002       -136.778414          2.439082          6.657328          4.171218         88.947968
rank #0: 2019-02-16 14:41:10,068 LBFGS        PARAM    0003       -333.583623          2.492112          8.351888          4.341510         81.170903
rank #0: 2019-02-16 14:41:11,190 LBFGS        PARAM    0004       -591.281796          2.524229         10.100571          4.588162         76.985946
rank #0: 2019-02-16 14:41:12,313 LBFGS        PARAM    0005       -588.417225          2.530890         10.533320          4.588261         76.967554
rank #0: 2019-02-16 14:41:13,437 LBFGS        PARAM    0006       -586.326084          2.529410         10.631948          4.587615         76.966052
rank #0: 2019-02-16 14:41:14,561 LBFGS        PARAM    0007       -583.552738          2.527727         11.191198          4.590728         76.962733
rank #0: 2019-02-16 14:41:15,687 LBFGS        PARAM    0008       -573.986049          2.522959         14.114971          4.609673         76.950812
rank #0: 2019-02-16 14:41:16,814 LBFGS        PARAM    0009       -563.861375          2.518982         18.720511          4.639426         76.936868
rank #0: 2019-02-16 14:41:17,943 LBFGS        PARAM    0010       -559.341825          2.516024         25.535286          4.654357         76.919765
rank #0: 2019-02-16 14:41:19,072 LBFGS        PARAM    0011       -563.545699          2.514722         31.132563          4.633839         76.909857
rank #0: 2019-02-16 14:41:20,196 LBFGS        PARAM    0012       -568.053495          2.515200         31.939349          4.614494         76.908259
rank #0: 2019-02-16 14:41:21,325 LBFGS        PARAM    0013       -569.867751          2.515346         31.743874          4.606010         76.908022
rank #0: 2019-02-16 14:41:22,454 LBFGS        PARAM    0014       -570.230316          2.514902         31.770888          4.601567         76.907938
rank #0: 2019-02-16 14:41:23,583 LBFGS        PARAM    0015       -570.166221          2.514844         31.781985          4.601387         76.907937
rank #0: 2019-02-16 14:41:24,715 LBFGS        PARAM    0016       -570.156291          2.514839         31.784936          4.601417         76.907937
rank #0: 2019-02-16 14:41:25,847 LBFGS        PARAM    0017       -570.154928          2.514839         31.785454          4.601422         76.907937
rank #0: 2019-02-16 14:41:26,984 LBFGS        PARAM    0018       -570.154937          2.514839         31.785468          4.601422         76.907937
rank #0: 2019-02-16 14:41:28,116 LBFGS        PARAM    0019       -570.154966          2.514839         31.785464          4.601422         76.907937
rank #0: 2019-02-16 14:41:29,242 LBFGS        PARAM    0020       -570.154955          2.514839         31.785463          4.601422         76.907937
rank #0: 2019-02-16 14:41:30,494 LBFGS        PARAM    0021       -570.154956          2.514839         31.785463          4.601422         76.907937
rank #0: 2019-02-16 14:42:19,767 LBFGS        INFO     Linesearch failed in both LBFGS and gradient directions
rank #0: 2019-02-16 14:42:19,769 LBFGS        PARAM    0021       -570.154956          2.514839         31.785463          4.601422         76.907937
rank #0: 2019-02-16 14:42:19,770 rsdfit.lbfgs_fitter WARNING  ...LBFGS optimization finished. Time elapsed: 0:01:13.23
rank #0: 2019-02-16 14:42:19,771 rsdfit.lbfgs_fitter ERROR    nonlinear fit with method L-BFGS-B failed: Linesearch failed in both LBFGS and gradient directions
rank #0: 2019-02-16 14:42:19,773 rsdfit.fitting_driver INFO     rank 49 on nid01133     ...fitting complete
rank #0: 2019-02-16 14:42:19,777 rsdfit.fitting_driver INFO     rank 49 on nid01133     Saving the results to `/global/cscratch1/sd/nhand/eBOSS/fits/results/mocks/ezmock/v1.8e-fph/0.005-0.3/basemodel-N-fnl/0.8-2.2/QSO-N-0868-P0+P2-mock-cov-3574198df7/2019-02-16_nlopt_21i_chain0__1.npz`
rank #0: 2019-02-16 14:42:19,784 pyRSD.analysis.lbfgs_results INFO     
minimum chi2 = 76.90793749126891

Free parameters [ mean ]
_______________
N              : -570.1549559673791
b1             : 2.5148390569554144
f_nl           : 31.78546313678268
sigma_fog      : 4.601421847637206

Constrained parameters [ mean ]
_________________________
b1sigma8       : 0.9109589727290692
