rank #0: 2017-11-27 22:32:28,478 rsdfit.fitting_driver INFO     rank 174 on nid00482     Calling the 'nlopt' solve function
rank #0: 2017-11-27 22:32:28,478 rsdfit.lbfgs_fitter INFO     running LBFGS for 500 iterations and then stopping
rank #0: 2017-11-27 22:32:28,478 rsdfit.lbfgs_fitter INFO     running LBFGS minimizer with priors
rank #0: 2017-11-27 22:32:28,478 root         INFO     Iter           N          b1        f_nl   sigma_fog   F(X)     
rank #0: 2017-11-27 22:32:28,852 LBFGS        INFO     options = {'factr': 100000.0, 'gtol': 1e-05, 'max_iter': 500, 'test_convergence': False}
rank #0: 2017-11-27 22:32:28,852 LBFGS        PARAM    0000          0.000000          2.000000          0.000000          4.000000         34.099320
rank #0: 2017-11-27 22:32:29,263 LBFGS        PARAM    0001         10.625634          2.070297          1.125175          3.997260         30.659132
rank #0: 2017-11-27 22:32:29,635 LBFGS        PARAM    0002         -5.642795          2.230518          5.622192          3.995426         27.931567
rank #0: 2017-11-27 22:32:30,007 LBFGS        PARAM    0003         -7.094782          2.204773          5.327085          4.000076         27.840472
rank #0: 2017-11-27 22:32:30,378 LBFGS        PARAM    0004         -9.618047          2.206444          5.847507          4.003731         27.835929
rank #0: 2017-11-27 22:32:30,750 LBFGS        PARAM    0005        -29.245369          2.210970          9.673101          4.032974         27.813540
rank #0: 2017-11-27 22:32:31,122 LBFGS        PARAM    0006        -67.869403          2.212610         16.910455          4.091324         27.781072
rank #0: 2017-11-27 22:32:31,495 LBFGS        PARAM    0007       -136.009097          2.208116         28.855132          4.195707         27.737273
rank #0: 2017-11-27 22:32:31,866 LBFGS        PARAM    0008       -246.247822          2.204053         34.811271          4.377896         27.683474
rank #0: 2017-11-27 22:32:32,239 LBFGS        PARAM    0009       -471.576076          2.200936         38.603761          4.758268         27.616135
rank #0: 2017-11-27 22:32:32,611 LBFGS        PARAM    0010       -633.424109          2.205663         37.595215          5.034451         27.573245
rank #0: 2017-11-27 22:32:32,984 LBFGS        PARAM    0011      -1386.296440          2.241315         30.527433          6.319959         27.401444
rank #0: 2017-11-27 22:32:33,356 LBFGS        PARAM    0012      -2271.118663          2.298090         20.605492          7.829211         27.209782
rank #0: 2017-11-27 22:32:33,728 LBFGS        PARAM    0013      -3202.764522          2.378823          8.591523          9.403181         26.924097
rank #0: 2017-11-27 22:32:34,103 LBFGS        PARAM    0014      -3671.805303          2.450451         -0.686792         10.102514         26.660400
rank #0: 2017-11-27 22:32:34,475 LBFGS        PARAM    0015      -3699.901859          2.463610         -5.499324         10.126803         26.648854
rank #0: 2017-11-27 22:32:34,848 LBFGS        PARAM    0016      -3746.226314          2.467461         -5.784861         10.197339         26.648370
rank #0: 2017-11-27 22:32:35,221 LBFGS        PARAM    0017      -3787.221061          2.470192         -6.117366         10.214039         26.645736
rank #0: 2017-11-27 22:32:35,594 LBFGS        PARAM    0018      -3787.485109          2.470207         -6.118770         10.214038         26.645714
rank #0: 2017-11-27 22:32:35,967 LBFGS        PARAM    0019      -3788.031175          2.470236         -6.121150         10.213938         26.645661
rank #0: 2017-11-27 22:32:36,338 LBFGS        PARAM    0020      -3788.667020          2.470268         -6.123406         10.213739         26.645595
rank #0: 2017-11-27 22:32:36,710 LBFGS        PARAM    0021      -3789.179620          2.470293         -6.124914         10.213485         26.645537
rank #0: 2017-11-27 22:32:37,081 LBFGS        PARAM    0022      -3789.813867          2.470322         -6.126783         10.213174         26.645465
rank #0: 2017-11-27 22:32:37,453 LBFGS        PARAM    0023      -3790.480736          2.470353         -6.128454         10.212853         26.645390
rank #0: 2017-11-27 22:32:37,823 LBFGS        PARAM    0024      -3791.139708          2.470385         -6.131378         10.212549         26.645316
rank #0: 2017-11-27 22:32:38,196 LBFGS        PARAM    0025      -3791.692758          2.470410         -6.132599         10.212261         26.645252
rank #0: 2017-11-27 22:32:38,569 LBFGS        PARAM    0026      -3792.327692          2.470440         -6.135054         10.211948         26.645180
rank #0: 2017-11-27 22:32:38,941 LBFGS        PARAM    0027      -3792.908647          2.470467         -6.136377         10.211646         26.645114
rank #0: 2017-11-27 22:32:39,313 LBFGS        PARAM    0028      -3793.559573          2.470498         -6.139040         10.211333         26.645040
rank #0: 2017-11-27 22:32:39,685 LBFGS        PARAM    0029      -3794.184856          2.470527         -6.140531         10.211024         26.644969
rank #0: 2017-11-27 22:32:40,058 LBFGS        PARAM    0030      -3794.759160          2.470554         -6.142838         10.210722         26.644903
rank #0: 2017-11-27 22:32:40,433 LBFGS        PARAM    0031      -3795.396392          2.470583         -6.144293         10.210394         26.644830
rank #0: 2017-11-27 22:32:40,807 LBFGS        PARAM    0032      -3796.128366          2.470618         -6.147423         10.210079         26.644749
rank #0: 2017-11-27 22:32:41,181 LBFGS        PARAM    0033      -3796.730472          2.470647         -6.148956         10.209791         26.644682
rank #0: 2017-11-27 22:32:41,555 LBFGS        PARAM    0034      -3797.318909          2.470674         -6.151128         10.209492         26.644615
rank #0: 2017-11-27 22:32:41,929 LBFGS        PARAM    0035      -3797.968223          2.470704         -6.152681         10.209169         26.644541
rank #0: 2017-11-27 22:32:42,303 LBFGS        PARAM    0036      -3798.527827          2.470730         -6.154716         10.208866         26.644476
rank #0: 2017-11-27 22:32:42,677 LBFGS        PARAM    0037      -3799.100515          2.470756         -6.155977         10.208554         26.644410
rank #0: 2017-11-27 22:32:43,051 LBFGS        PARAM    0038      -3799.738825          2.470786         -6.158466         10.208243         26.644338
rank #0: 2017-11-27 22:32:43,423 LBFGS        PARAM    0039      -3800.362484          2.470815         -6.159995         10.207934         26.644267
rank #0: 2017-11-27 22:32:43,795 LBFGS        PARAM    0040      -3801.062877          2.470849         -6.162739         10.207623         26.644190
rank #0: 2017-11-27 22:32:44,169 LBFGS        PARAM    0041      -3801.649838          2.470876         -6.164218         10.207338         26.644124
rank #0: 2017-11-27 22:32:44,542 LBFGS        PARAM    0042      -3802.239662          2.470904         -6.166298         10.207036         26.644056
rank #0: 2017-11-27 22:32:44,916 LBFGS        PARAM    0043      -3802.813715          2.470930         -6.167640         10.206734         26.643990
rank #0: 2017-11-27 22:32:45,290 LBFGS        PARAM    0044      -3803.435616          2.470959         -6.169931         10.206427         26.643920
rank #0: 2017-11-27 22:32:45,663 LBFGS        PARAM    0045      -3804.109937          2.470991         -6.171640         10.206103         26.643844
rank #0: 2017-11-27 22:32:46,034 LBFGS        PARAM    0046      -3804.691686          2.471018         -6.173521         10.205802         26.643778
rank #0: 2017-11-27 22:32:46,406 LBFGS        PARAM    0047      -3805.216974          2.471042         -6.174716         10.205510         26.643717
rank #0: 2017-11-27 22:32:46,778 LBFGS        PARAM    0048      -3805.906099          2.471074         -6.177180         10.205190         26.643640
rank #0: 2017-11-27 22:32:47,151 LBFGS        PARAM    0049      -3806.566559          2.471105         -6.178924         10.204881         26.643567
rank #0: 2017-11-27 22:32:47,522 LBFGS        PARAM    0050      -3807.103872          2.471130         -6.180497         10.204582         26.643504
rank #0: 2017-11-27 22:32:47,895 LBFGS        PARAM    0051      -3807.699827          2.471157         -6.181952         10.204264         26.643436
rank #0: 2017-11-27 22:32:48,267 LBFGS        PARAM    0052      -3808.464600          2.471194         -6.184325         10.203925         26.643351
rank #0: 2017-11-27 22:32:48,638 LBFGS        PARAM    0053      -3809.032688          2.471220         -6.185814         10.203643         26.643287
rank #0: 2017-11-27 22:32:49,010 LBFGS        PARAM    0054      -3809.574112          2.471245         -6.187453         10.203346         26.643225
rank #0: 2017-11-27 22:32:49,383 LBFGS        PARAM    0055      -3810.241922          2.471276         -6.189060         10.203009         26.643149
rank #0: 2017-11-27 22:32:49,756 LBFGS        PARAM    0056      -3810.818971          2.471303         -6.190822         10.202709         26.643083
rank #0: 2017-11-27 22:32:50,131 LBFGS        PARAM    0057      -3811.351837          2.471327         -6.192074         10.202417         26.643022
rank #0: 2017-11-27 22:32:50,503 LBFGS        PARAM    0058      -3812.032706          2.471359         -6.194403         10.202098         26.642946
rank #0: 2017-11-27 22:32:50,877 LBFGS        PARAM    0059      -3812.613153          2.471386         -6.195870         10.201809         26.642880
rank #0: 2017-11-27 22:32:51,251 LBFGS        PARAM    0060      -3813.203423          2.471414         -6.197793         10.201509         26.642814
rank #0: 2017-11-27 22:32:51,625 LBFGS        PARAM    0061      -3813.907550          2.471447         -6.199622         10.201175         26.642735
rank #0: 2017-11-27 22:32:51,998 LBFGS        PARAM    0062      -3814.537054          2.471476         -6.201566         10.200874         26.642665
rank #0: 2017-11-27 22:32:52,370 LBFGS        PARAM    0063      -3815.060037          2.471500         -6.202838         10.200595         26.642605
rank #0: 2017-11-27 22:32:52,745 LBFGS        PARAM    0064      -3815.643405          2.471527         -6.204712         10.200292         26.642539
rank #0: 2017-11-27 22:32:53,119 LBFGS        PARAM    0065      -3816.275610          2.471557         -6.206284         10.199975         26.642467
rank #0: 2017-11-27 22:32:53,493 LBFGS        PARAM    0066      -3816.919767          2.471587         -6.208356         10.199669         26.642396
rank #0: 2017-11-27 22:32:53,866 LBFGS        PARAM    0067      -3817.442445          2.471611         -6.209625         10.199392         26.642336
rank #0: 2017-11-27 22:32:54,239 LBFGS        PARAM    0068      -3818.023038          2.471638         -6.211514         10.199091         26.642270
rank #0: 2017-11-27 22:32:54,613 LBFGS        PARAM    0069      -3818.658906          2.471668         -6.213105         10.198774         26.642198
rank #0: 2017-11-27 22:32:54,988 LBFGS        PARAM    0070      -3819.380597          2.471702         -6.215462         10.198454         26.642119
rank #0: 2017-11-27 22:32:55,363 LBFGS        PARAM    0071      -3819.916644          2.471727         -6.216843         10.198184         26.642059
rank #0: 2017-11-27 22:32:55,736 LBFGS        PARAM    0072      -3820.477348          2.471753         -6.218569         10.197889         26.641995
rank #0: 2017-11-27 22:32:56,108 LBFGS        PARAM    0073      -3821.084738          2.471781         -6.220054         10.197577         26.641926
rank #0: 2017-11-27 22:32:56,480 LBFGS        PARAM    0074      -3821.729577          2.471811         -6.222152         10.197269         26.641855
rank #0: 2017-11-27 22:32:56,851 LBFGS        PARAM    0075      -3822.359386          2.471841         -6.223765         10.196967         26.641784
rank #0: 2017-11-27 22:32:57,222 LBFGS        PARAM    0076      -3822.834797          2.471862         -6.225097         10.196685         26.641729
rank #0: 2017-11-27 22:32:57,594 LBFGS        PARAM    0077      -3823.547870          2.471895         -6.226831         10.196322         26.641648
rank #0: 2017-11-27 22:32:57,966 LBFGS        PARAM    0078      -3824.103555          2.471920         -6.228370         10.196030         26.641585
rank #0: 2017-11-27 22:32:58,337 LBFGS        PARAM    0079      -3824.713523          2.471949         -6.229982         10.195720         26.641516
rank #0: 2017-11-27 22:32:58,709 LBFGS        PARAM    0080      -3825.262942          2.471974         -6.231445         10.195430         26.641454
rank #0: 2017-11-27 22:32:59,082 LBFGS        PARAM    0081      -3826.010649          2.472009         -6.233530         10.195086         26.641371
rank #0: 2017-11-27 22:32:59,455 LBFGS        PARAM    0082      -3826.538795          2.472034         -6.234936         10.194812         26.641312
rank #0: 2017-11-27 22:32:59,825 LBFGS        PARAM    0083      -3827.293480          2.472070         -6.237196         10.194476         26.641229
rank #0: 2017-11-27 22:33:00,195 LBFGS        PARAM    0084      -3827.783684          2.472092         -6.238413         10.194216         26.641173
rank #0: 2017-11-27 22:33:00,566 LBFGS        PARAM    0085      -3828.405177          2.472121         -6.240429         10.193910         26.641104
rank #0: 2017-11-27 22:33:00,938 LBFGS        PARAM    0086      -3829.069453          2.472152         -6.242160         10.193594         26.641030
rank #0: 2017-11-27 22:33:01,313 LBFGS        PARAM    0087      -3829.586660          2.472176         -6.243647         10.193316         26.640971
rank #0: 2017-11-27 22:33:01,685 LBFGS        PARAM    0088      -3830.364892          2.472213         -6.245704         10.192951         26.640886
rank #0: 2017-11-27 22:33:02,058 LBFGS        PARAM    0089      -3830.886465          2.472237         -6.247125         10.192678         26.640827
rank #0: 2017-11-27 22:33:02,430 LBFGS        PARAM    0090      -3831.525175          2.472266         -6.248850         10.192364         26.640755
rank #0: 2017-11-27 22:33:02,838 LBFGS        PARAM    0091      -3832.046132          2.472290         -6.250237         10.192087         26.640696
rank #0: 2017-11-27 22:33:03,211 LBFGS        PARAM    0092      -3832.637587          2.472318         -6.251792         10.191783         26.640629
rank #0: 2017-11-27 22:33:03,585 LBFGS        PARAM    0093      -3833.213775          2.472344         -6.253360         10.191487         26.640565
rank #0: 2017-11-27 22:33:03,958 LBFGS        PARAM    0094      -3833.854097          2.472374         -6.255077         10.191175         26.640493
rank #0: 2017-11-27 22:33:04,330 LBFGS        PARAM    0095      -3834.466540          2.472403         -6.256844         10.190878         26.640425
rank #0: 2017-11-27 22:33:04,702 LBFGS        PARAM    0096      -3835.026107          2.472429         -6.258275         10.190595         26.640363
rank #0: 2017-11-27 22:33:05,075 LBFGS        PARAM    0097      -3835.714643          2.472462         -6.260465         10.190279         26.640287
rank #0: 2017-11-27 22:33:05,449 LBFGS        PARAM    0098      -3836.244594          2.472486         -6.261812         10.190012         26.640228
rank #0: 2017-11-27 22:33:05,824 LBFGS        PARAM    0099      -3836.817515          2.472513         -6.263609         10.189722         26.640164
rank #0: 2017-11-27 22:33:06,199 LBFGS        PARAM    0100      -3837.323015          2.472536         -6.264825         10.189448         26.640106
rank #0: 2017-11-27 22:33:06,574 LBFGS        PARAM    0101      -3837.949145          2.472565         -6.266879         10.189139         26.640037
rank #0: 2017-11-27 22:33:06,950 LBFGS        PARAM    0102      -3838.492640          2.472590         -6.268194         10.188859         26.639975
rank #0: 2017-11-27 22:33:07,325 LBFGS        PARAM    0103      -3839.067365          2.472617         -6.270087         10.188567         26.639911
rank #0: 2017-11-27 22:33:07,702 LBFGS        PARAM    0104      -3839.746490          2.472649         -6.271623         10.188239         26.639836
rank #0: 2017-11-27 22:33:08,076 LBFGS        PARAM    0105      -3840.482534          2.472687         -6.281151         10.187966         26.639758
rank #0: 2017-11-27 22:33:08,450 LBFGS        PARAM    0106      -3841.035891          2.472713         -6.281768         10.187696         26.639697
rank #0: 2017-11-27 22:33:08,825 LBFGS        PARAM    0107      -3841.874075          2.472753         -6.285516         10.187335         26.639607
rank #0: 2017-11-27 22:33:09,199 LBFGS        PARAM    0108      -3842.392473          2.472777         -6.286065         10.187079         26.639549
rank #0: 2017-11-27 22:33:09,574 LBFGS        PARAM    0109      -3842.954395          2.472803         -6.288225         10.186797         26.639486
rank #0: 2017-11-27 22:33:09,951 LBFGS        PARAM    0110      -3843.620856          2.472834         -6.289901         10.186478         26.639413
rank #0: 2017-11-27 22:33:10,326 LBFGS        PARAM    0111      -3844.160565          2.472859         -6.291581         10.186202         26.639353
rank #0: 2017-11-27 22:33:10,701 LBFGS        PARAM    0112      -3844.722197          2.472885         -6.292999         10.185907         26.639289
rank #0: 2017-11-27 22:33:11,075 LBFGS        PARAM    0113      -3845.298716          2.472909         -6.294664         10.185658         26.639227
rank #0: 2017-11-27 22:33:11,452 LBFGS        PARAM    0114      -3845.861336          2.472935         -6.296050         10.185371         26.639164
rank #0: 2017-11-27 22:33:11,826 LBFGS        PARAM    0115      -3846.613204          2.472971         -6.298288         10.185027         26.639082
rank #0: 2017-11-27 22:33:12,199 LBFGS        PARAM    0116      -3847.172716          2.473043         -6.320789         10.184286         26.639002
rank #0: 2017-11-27 22:33:12,573 LBFGS        PARAM    0117      -3847.666926          2.473066         -6.322261         10.184032         26.638946
rank #0: 2017-11-27 22:33:12,945 LBFGS        PARAM    0118      -3848.511430          2.473117         -6.326067         10.184095         26.638880
rank #0: 2017-11-27 22:33:13,318 LBFGS        PARAM    0119      -3849.023320          2.473140         -6.327640         10.183859         26.638824
rank #0: 2017-11-27 22:33:13,691 LBFGS        PARAM    0120      -3849.552946          2.473165         -6.329054         10.183584         26.638764
rank #0: 2017-11-27 22:33:14,066 LBFGS        PARAM    0121      -3850.167292          2.473195         -6.331006         10.183361         26.638701
rank #0: 2017-11-27 22:33:14,442 LBFGS        PARAM    0122      -3850.844294          2.473217         -6.331121         10.182563         26.638600
rank #0: 2017-11-27 22:33:14,816 LBFGS        PARAM    0123      -3851.394859          2.473243         -6.332559         10.182283         26.638539
rank #0: 2017-11-27 22:33:15,189 LBFGS        PARAM    0124      -3852.040602          2.473274         -6.334588         10.182012         26.638470
rank #0: 2017-11-27 22:33:15,560 LBFGS        PARAM    0125      -3852.571589          2.473291         -6.334637         10.181395         26.638392
rank #0: 2017-11-27 22:33:15,934 LBFGS        PARAM    0126      -3853.192612          2.473320         -6.336190         10.181068         26.638322
rank #0: 2017-11-27 22:33:16,310 LBFGS        PARAM    0127      -3853.747239          2.473346         -6.337890         10.180778         26.638260
rank #0: 2017-11-27 22:33:16,684 LBFGS        PARAM    0128      -3854.299852          2.473371         -6.339225         10.180494         26.638198
rank #0: 2017-11-27 22:33:17,057 LBFGS        PARAM    0129      -3854.816239          2.473394         -6.340780         10.180183         26.638138
rank #0: 2017-11-27 22:33:17,429 LBFGS        PARAM    0130      -3855.321272          2.473417         -6.341913         10.179900         26.638081
rank #0: 2017-11-27 22:33:17,803 LBFGS        PARAM    0131      -3856.082707          2.473455         -6.344418         10.179654         26.638004
rank #0: 2017-11-27 22:33:18,176 LBFGS        PARAM    0132      -3856.689267          2.473483         -6.346473         10.179317         26.637935
rank #0: 2017-11-27 22:33:18,548 LBFGS        PARAM    0133      -3857.324445          2.473513         -6.348166         10.179022         26.637866
rank #0: 2017-11-27 22:33:18,922 LBFGS        PARAM    0134      -3857.830067          2.473535         -6.349843         10.178685         26.637805
rank #0: 2017-11-27 22:33:19,296 LBFGS        PARAM    0135      -3858.310405          2.473557         -6.350891         10.178402         26.637750
rank #0: 2017-11-27 22:33:19,669 LBFGS        PARAM    0136      -3859.063477          2.473593         -6.353086         10.178122         26.637672
rank #0: 2017-11-27 22:33:20,041 LBFGS        PARAM    0137      -3859.659383          2.473621         -6.355356         10.177817         26.637605
rank #0: 2017-11-27 22:33:20,414 LBFGS        PARAM    0138      -3860.232571          2.473648         -6.356820         10.177536         26.637542
rank #0: 2017-11-27 22:33:20,787 LBFGS        PARAM    0139      -3860.758214          2.473672         -6.358560         10.177238         26.637482
rank #0: 2017-11-27 22:33:21,161 LBFGS        PARAM    0140      -3861.259012          2.473695         -6.359664         10.176960         26.637425
rank #0: 2017-11-27 22:33:21,535 LBFGS        PARAM    0141      -3861.933172          2.473727         -6.361868         10.176675         26.637354
rank #0: 2017-11-27 22:33:21,910 LBFGS        PARAM    0142      -3862.490209          2.473753         -6.363219         10.176384         26.637292
rank #0: 2017-11-27 22:33:22,283 LBFGS        PARAM    0143      -3863.132266          2.473783         -6.365051         10.176094         26.637222
rank #0: 2017-11-27 22:33:22,656 LBFGS        PARAM    0144      -3863.637964          2.473806         -6.366724         10.175792         26.637164
rank #0: 2017-11-27 22:33:23,030 LBFGS        PARAM    0145      -3864.223310          2.473833         -6.368135         10.175498         26.637099
rank #0: 2017-11-27 22:33:23,404 LBFGS        PARAM    0146      -3864.727895          2.473856         -6.370170         10.175198         26.637041
rank #0: 2017-11-27 22:33:23,779 LBFGS        PARAM    0147      -3865.398315          2.473887         -6.371953         10.174884         26.636968
rank #0: 2017-11-27 22:33:24,153 LBFGS        PARAM    0148      -3865.886603          2.473909         -6.373705         10.174590         26.636911
rank #0: 2017-11-27 22:33:24,528 LBFGS        PARAM    0149      -3866.704593          2.473948         -6.376029         10.174231         26.636824
rank #0: 2017-11-27 22:33:24,901 LBFGS        PARAM    0150      -3867.242779          2.473973         -6.377759         10.173949         26.636764
rank #0: 2017-11-27 22:33:25,274 LBFGS        PARAM    0151      -3867.829448          2.474000         -6.379227         10.173659         26.636699
rank #0: 2017-11-27 22:33:25,648 LBFGS        PARAM    0152      -3868.268696          2.474020         -6.380650         10.173378         26.636648
rank #0: 2017-11-27 22:33:26,022 LBFGS        PARAM    0153      -3869.070589          2.474058         -6.382934         10.173003         26.636561
rank #0: 2017-11-27 22:33:26,396 LBFGS        PARAM    0154      -3869.625786          2.474083         -6.384401         10.172726         26.636500
rank #0: 2017-11-27 22:33:26,768 LBFGS        PARAM    0155      -3870.135883          2.474107         -6.385760         10.172453         26.636443
rank #0: 2017-11-27 22:33:27,142 LBFGS        PARAM    0156      -3870.745005          2.474135         -6.387404         10.172158         26.636376
rank #0: 2017-11-27 22:33:27,518 LBFGS        PARAM    0157      -3871.239697          2.474158         -6.388741         10.171886         26.636320
rank #0: 2017-11-27 22:33:27,892 LBFGS        PARAM    0158      -3871.778367          2.474183         -6.390030         10.171601         26.636260
rank #0: 2017-11-27 22:33:28,266 LBFGS        PARAM    0159      -3872.333666          2.474208         -6.391938         10.171319         26.636199
rank #0: 2017-11-27 22:33:28,639 LBFGS        PARAM    0160      -3873.060127          2.474243         -6.393890         10.170997         26.636121
rank #0: 2017-11-27 22:33:29,014 LBFGS        PARAM    0161      -3873.541757          2.474265         -6.395524         10.170730         26.636067
rank #0: 2017-11-27 22:33:29,387 LBFGS        PARAM    0162      -3874.003456          2.474286         -6.396499         10.170460         26.636014
rank #0: 2017-11-27 22:33:29,757 LBFGS        PARAM    0163      -3874.602339          2.474314         -6.398589         10.170161         26.635949
rank #0: 2017-11-27 22:33:30,131 LBFGS        PARAM    0164      -3875.116536          2.474337         -6.399695         10.169890         26.635891
rank #0: 2017-11-27 22:33:30,503 LBFGS        PARAM    0165      -3875.822621          2.474371         -6.402775         10.169582         26.635816
rank #0: 2017-11-27 22:33:30,874 LBFGS        PARAM    0166      -3876.314828          2.474394         -6.403933         10.169331         26.635762
rank #0: 2017-11-27 22:33:31,245 LBFGS        PARAM    0167      -3876.927099          2.474423         -6.406171         10.169042         26.635696
rank #0: 2017-11-27 22:33:31,616 LBFGS        PARAM    0168      -3877.476270          2.474449         -6.407468         10.168771         26.635636
rank #0: 2017-11-27 22:33:31,989 LBFGS        PARAM    0169      -3878.062133          2.474476         -6.409868         10.168488         26.635572
rank #0: 2017-11-27 22:33:32,361 LBFGS        PARAM    0170      -3878.548022          2.474498         -6.410993         10.168230         26.635518
rank #0: 2017-11-27 22:33:32,731 LBFGS        PARAM    0171      -3879.141199          2.474526         -6.412942         10.167939         26.635453
rank #0: 2017-11-27 22:33:33,102 LBFGS        PARAM    0172      -3879.719607          2.474553         -6.414375         10.167659         26.635390
rank #0: 2017-11-27 22:33:33,475 LBFGS        PARAM    0173      -3880.301562          2.474581         -6.416616         10.167379         26.635327
rank #0: 2017-11-27 22:33:33,848 LBFGS        PARAM    0174      -3880.855338          2.474606         -6.417978         10.167106         26.635266
rank #0: 2017-11-27 22:33:34,221 LBFGS        PARAM    0175      -3881.455752          2.474635         -6.420184         10.166822         26.635202
rank #0: 2017-11-27 22:33:34,595 LBFGS        PARAM    0176      -3881.937138          2.474657         -6.421254         10.166567         26.635148
rank #0: 2017-11-27 22:33:34,967 LBFGS        PARAM    0177      -3882.515453          2.474684         -6.423390         10.166280         26.635085
rank #0: 2017-11-27 22:33:35,338 LBFGS        PARAM    0178      -3883.052168          2.474709         -6.424680         10.166009         26.635026
rank #0: 2017-11-27 22:33:35,708 LBFGS        PARAM    0179      -3883.579553          2.474733         -6.426530         10.165734         26.634968
rank #0: 2017-11-27 22:33:36,080 LBFGS        PARAM    0180      -3884.101004          2.474757         -6.427736         10.165461         26.634910
rank #0: 2017-11-27 22:33:36,455 LBFGS        PARAM    0181      -3884.689058          2.474785         -6.429767         10.165173         26.634846
rank #0: 2017-11-27 22:33:36,829 LBFGS        PARAM    0182      -3885.223783          2.474810         -6.431078         10.164906         26.634788
rank #0: 2017-11-27 22:33:37,203 LBFGS        PARAM    0183      -3885.820073          2.474838         -6.433095         10.164621         26.634723
rank #0: 2017-11-27 22:33:37,579 LBFGS        PARAM    0184      -3886.302432          2.474860         -6.434196         10.164367         26.634670
rank #0: 2017-11-27 22:33:37,953 LBFGS        PARAM    0185      -3886.851752          2.474886         -6.436122         10.164086         26.634609
rank #0: 2017-11-27 22:33:38,327 LBFGS        PARAM    0186      -3887.459669          2.474914         -6.437646         10.163795         26.634544
rank #0: 2017-11-27 22:33:38,702 LBFGS        PARAM    0187      -3888.044192          2.474942         -6.439789         10.163516         26.634481
rank #0: 2017-11-27 22:33:39,076 LBFGS        PARAM    0188      -3888.547073          2.474965         -6.440981         10.163258         26.634425
rank #0: 2017-11-27 22:33:39,452 LBFGS        PARAM    0189      -3889.074263          2.474989         -6.442750         10.162984         26.634367
rank #0: 2017-11-27 22:33:39,825 LBFGS        PARAM    0190      -3889.676009          2.475017         -6.444272         10.162693         26.634302
rank #0: 2017-11-27 22:33:40,199 LBFGS        PARAM    0191      -3890.227270          2.475043         -6.446154         10.162419         26.634242
rank #0: 2017-11-27 22:33:40,573 LBFGS        PARAM    0192      -3890.697865          2.475065         -6.447220         10.162165         26.634190
rank #0: 2017-11-27 22:33:40,948 LBFGS        PARAM    0193      -3891.323100          2.475094         -6.449260         10.161867         26.634122
rank #0: 2017-11-27 22:33:41,324 LBFGS        PARAM    0194      -3891.838854          2.475118         -6.450480         10.161608         26.634066
rank #0: 2017-11-27 22:33:41,699 LBFGS        PARAM    0195      -3892.360972          2.475142         -6.452385         10.161336         26.634009
rank #0: 2017-11-27 22:33:42,075 LBFGS        PARAM    0196      -3893.034198          2.475174         -6.454158         10.161025         26.633937
rank #0: 2017-11-27 22:33:42,449 LBFGS        PARAM    0197      -3893.500349          2.475195         -6.455754         10.160768         26.633885
rank #0: 2017-11-27 22:33:42,823 LBFGS        PARAM    0198      -3894.072160          2.475222         -6.457138         10.160477         26.633822
rank #0: 2017-11-27 22:33:43,198 LBFGS        PARAM    0199      -3894.634144          2.475248         -6.458968         10.160199         26.633761
rank #0: 2017-11-27 22:33:43,572 LBFGS        PARAM    0200      -3895.103731          2.475269         -6.460023         10.159946         26.633709
rank #0: 2017-11-27 22:33:43,944 LBFGS        PARAM    0201      -3895.798896          2.475303         -6.462406         10.159633         26.633635
rank #0: 2017-11-27 22:33:44,317 LBFGS        PARAM    0202      -3896.331696          2.475327         -6.463693         10.159377         26.633578
rank #0: 2017-11-27 22:33:44,690 LBFGS        PARAM    0203      -3896.838888          2.475351         -6.465613         10.159113         26.633522
rank #0: 2017-11-27 22:33:45,063 LBFGS        PARAM    0204      -3897.298777          2.475372         -6.466637         10.158859         26.633471
rank #0: 2017-11-27 22:33:45,438 LBFGS        PARAM    0205      -3898.093352          2.475410         -6.469256         10.158513         26.633387
rank #0: 2017-11-27 22:33:45,812 LBFGS        PARAM    0206      -3898.607549          2.475431         -6.465083         10.158184         26.633328
rank #0: 2017-11-27 22:33:46,185 LBFGS        PARAM    0207      -3899.160889          2.475456         -6.466355         10.157889         26.633267
rank #0: 2017-11-27 22:33:46,560 LBFGS        PARAM    0208      -3899.690529          2.475482         -6.470776         10.157677         26.633212
rank #0: 2017-11-27 22:33:46,935 LBFGS        PARAM    0209      -3900.249481          2.475509         -6.472367         10.157413         26.633152
rank #0: 2017-11-27 22:33:47,310 LBFGS        PARAM    0210      -3900.729888          2.475530         -6.472790         10.157144         26.633098
rank #0: 2017-11-27 22:33:47,685 LBFGS        PARAM    0211      -3901.216355          2.475553         -6.474784         10.156896         26.633045
rank #0: 2017-11-27 22:33:48,062 LBFGS        PARAM    0212      -3901.826675          2.475581         -6.476240         10.156592         26.632979
rank #0: 2017-11-27 22:33:48,437 LBFGS        PARAM    0213      -3902.444680          2.475612         -6.480640         10.156371         26.632917
rank #0: 2017-11-27 22:33:48,812 LBFGS        PARAM    0214      -3903.017000          2.475639         -6.482146         10.156109         26.632856
rank #0: 2017-11-27 22:33:49,187 LBFGS        PARAM    0215      -3903.432018          2.475657         -6.481505         10.155824         26.632807
rank #0: 2017-11-27 22:33:49,561 LBFGS        PARAM    0216      -3904.067974          2.475686         -6.483223         10.155492         26.632737
rank #0: 2017-11-27 22:33:49,935 LBFGS        PARAM    0217      -3904.550937          2.475712         -6.485870         10.155196         26.632683
rank #0: 2017-11-27 22:33:50,310 LBFGS        PARAM    0218      -3905.399704          2.475745         -6.485692         10.154810         26.632592
rank #0: 2017-11-27 22:33:50,687 LBFGS        PARAM    0219      -3905.977413          2.475774         -6.487985         10.154521         26.632529
rank #0: 2017-11-27 22:33:51,062 LBFGS        PARAM    0220      -3906.569307          2.475796         -6.487622         10.154237         26.632465
rank #0: 2017-11-27 22:33:51,438 LBFGS        PARAM    0221      -3907.042447          2.475819         -6.489170         10.153984         26.632413
rank #0: 2017-11-27 22:33:51,813 LBFGS        PARAM    0222      -3907.711412          2.475846         -6.489350         10.153656         26.632341
rank #0: 2017-11-27 22:33:52,188 LBFGS        PARAM    0223      -3908.236983          2.475871         -6.491094         10.153399         26.632284
rank #0: 2017-11-27 22:33:52,564 LBFGS        PARAM    0224      -3908.982048          2.475902         -6.491922         10.153040         26.632204
rank #0: 2017-11-27 22:33:52,939 LBFGS        PARAM    0225      -3909.446067          2.475925         -6.493434         10.152808         26.632154
rank #0: 2017-11-27 22:33:53,314 LBFGS        PARAM    0226      -3910.065541          2.475950         -6.493995         10.152457         26.632084
rank #0: 2017-11-27 22:33:53,688 LBFGS        PARAM    0227      -3910.520111          2.475971         -6.495403         10.152213         26.632034
rank #0: 2017-11-27 22:33:54,062 LBFGS        PARAM    0228      -3911.030612          2.475989         -6.494976         10.151852         26.631973
rank #0: 2017-11-27 22:33:54,438 LBFGS        PARAM    0229      -3911.678735          2.476019         -6.496907         10.151489         26.631901
rank #0: 2017-11-27 22:33:54,813 LBFGS        PARAM    0230      -3912.174839          2.476038         -6.496921         10.151156         26.631843
rank #0: 2017-11-27 22:33:55,190 LBFGS        PARAM    0231      -3912.778059          2.476066         -6.498626         10.150820         26.631776
rank #0: 2017-11-27 22:33:55,565 LBFGS        PARAM    0232      -3913.238848          2.476083         -6.498680         10.150489         26.631720
rank #0: 2017-11-27 22:33:55,941 LBFGS        PARAM    0233      -3913.800240          2.476108         -6.500156         10.150154         26.631657
rank #0: 2017-11-27 22:33:56,316 LBFGS        PARAM    0234      -3914.405827          2.476140         -6.502721         10.149934         26.631596
rank #0: 2017-11-27 22:33:56,690 LBFGS        PARAM    0235      -3914.916345          2.476164         -6.504077         10.149705         26.631543
rank #0: 2017-11-27 22:33:57,065 LBFGS        PARAM    0236      -3915.394663          2.476185         -6.505104         10.149436         26.631489
rank #0: 2017-11-27 22:33:57,440 LBFGS        PARAM    0237      -3916.165708          2.476222         -6.507579         10.149082         26.631408
rank #0: 2017-11-27 22:33:57,814 LBFGS        PARAM    0238      -3916.613061          2.476234         -6.507030         10.148594         26.631345
rank #0: 2017-11-27 22:33:58,190 LBFGS        PARAM    0239      -3917.208000          2.476259         -6.508419         10.148182         26.631275
rank #0: 2017-11-27 22:33:58,565 LBFGS        PARAM    0240      -3917.648560          2.476279         -6.509461         10.147909         26.631225
rank #0: 2017-11-27 22:33:58,939 LBFGS        PARAM    0241      -3918.085412          2.476299         -6.510474         10.147649         26.631175
rank #0: 2017-11-27 22:33:59,315 LBFGS        PARAM    0242      -3918.829868          2.476335         -6.512782         10.147334         26.631098
rank #0: 2017-11-27 22:33:59,690 LBFGS        PARAM    0243      -3919.327864          2.476358         -6.514114         10.147089         26.631045
rank #0: 2017-11-27 22:34:00,066 LBFGS        PARAM    0244      -3919.752799          2.476377         -6.515114         10.146849         26.630998
rank #0: 2017-11-27 22:34:00,441 LBFGS        PARAM    0245      -3920.528376          2.476414         -6.517439         10.146501         26.630917
rank #0: 2017-11-27 22:34:00,816 LBFGS        PARAM    0246      -3921.042798          2.476437         -6.518783         10.146217         26.630860
rank #0: 2017-11-27 22:34:01,191 LBFGS        PARAM    0247      -3921.554857          2.476461         -6.520118         10.145950         26.630804
rank #0: 2017-11-27 22:34:01,567 LBFGS        PARAM    0248      -3922.005328          2.476481         -6.521238         10.145679         26.630753
rank #0: 2017-11-27 22:34:01,942 LBFGS        PARAM    0249      -3922.702688          2.476514         -6.523095         10.145366         26.630680
rank #0: 2017-11-27 22:34:02,317 LBFGS        PARAM    0250      -3923.211538          2.476536         -6.525016         10.145020         26.630621
rank #0: 2017-11-27 22:34:02,693 LBFGS        PARAM    0251      -3923.657103          2.476556         -6.526041         10.144749         26.630570
rank #0: 2017-11-27 22:34:03,070 LBFGS        PARAM    0252      -3924.250438          2.476586         -6.527089         10.144562         26.630512
rank #0: 2017-11-27 22:34:03,445 LBFGS        PARAM    0253      -3924.904952          2.476617         -6.529223         10.144304         26.630446
rank #0: 2017-11-27 22:34:03,820 LBFGS        PARAM    0254      -3925.302486          2.476633         -6.531230         10.143883         26.630391
rank #0: 2017-11-27 22:34:04,196 LBFGS        PARAM    0255      -3925.998460          2.476664         -6.533113         10.143439         26.630312
rank #0: 2017-11-27 22:34:04,572 LBFGS        PARAM    0256      -3926.470662          2.476686         -6.533929         10.143204         26.630261
rank #0: 2017-11-27 22:34:04,947 LBFGS        PARAM    0257      -3927.053549          2.476714         -6.535948         10.142926         26.630199
rank #0: 2017-11-27 22:34:05,321 LBFGS        PARAM    0258      -3927.686887          2.476744         -6.537480         10.142675         26.630135
rank #0: 2017-11-27 22:34:05,694 LBFGS        PARAM    0259      -3928.103445          2.476762         -6.539373         10.142311         26.630082
rank #0: 2017-11-27 22:34:06,069 LBFGS        PARAM    0260      -3928.709915          2.476789         -6.540813         10.141957         26.630015
rank #0: 2017-11-27 22:34:06,445 LBFGS        PARAM    0261      -3929.177533          2.476811         -6.541927         10.141705         26.629964
rank #0: 2017-11-27 22:34:06,819 LBFGS        PARAM    0262      -3929.830519          2.476842         -6.543765         10.141422         26.629896
rank #0: 2017-11-27 22:34:07,193 LBFGS        PARAM    0263      -3930.307566          2.476864         -6.545220         10.141150         26.629843
rank #0: 2017-11-27 22:34:07,569 LBFGS        PARAM    0264      -3930.780042          2.476885         -6.546262         10.140897         26.629792
rank #0: 2017-11-27 22:34:07,944 LBFGS        PARAM    0265      -3931.273974          2.476908         -6.547638         10.140636         26.629738
rank #0: 2017-11-27 22:34:08,319 LBFGS        PARAM    0266      -3931.766029          2.476930         -6.548862         10.140381         26.629685
rank #0: 2017-11-27 22:34:08,696 LBFGS        PARAM    0267      -3932.299380          2.476955         -6.550331         10.140120         26.629628
rank #0: 2017-11-27 22:34:09,072 LBFGS        PARAM    0268      -3932.986975          2.476988         -6.552253         10.139840         26.629558
rank #0: 2017-11-27 22:34:09,447 LBFGS        PARAM    0269      -3933.409708          2.477007         -6.553731         10.139567         26.629510
rank #0: 2017-11-27 22:34:09,820 LBFGS        PARAM    0270      -3934.024668          2.477036         -6.555237         10.139254         26.629444
rank #0: 2017-11-27 22:34:10,193 LBFGS        PARAM    0271      -3934.549405          2.477060         -6.556790         10.138993         26.629388
rank #0: 2017-11-27 22:34:10,565 LBFGS        PARAM    0272      -3935.024010          2.477082         -6.557982         10.138745         26.629336
rank #0: 2017-11-27 22:34:10,938 LBFGS        PARAM    0273      -3935.482388          2.477103         -6.559177         10.138494         26.629286
rank #0: 2017-11-27 22:34:11,314 LBFGS        PARAM    0274      -3936.193529          2.477137         -6.561104         10.138184         26.629213
rank #0: 2017-11-27 22:34:11,687 LBFGS        PARAM    0275      -3936.645343          2.477158         -6.562633         10.137929         26.629163
rank #0: 2017-11-27 22:34:12,060 LBFGS        PARAM    0276      -3937.163528          2.477181         -6.563868         10.137660         26.629107
rank #0: 2017-11-27 22:34:12,432 LBFGS        PARAM    0277      -3937.667583          2.477205         -6.565287         10.137402         26.629053
rank #0: 2017-11-27 22:34:12,806 LBFGS        PARAM    0278      -3938.124169          2.477226         -6.566436         10.137156         26.629003
rank #0: 2017-11-27 22:34:13,180 LBFGS        PARAM    0279      -3938.651725          2.477250         -6.567786         10.136891         26.628947
rank #0: 2017-11-27 22:34:13,551 LBFGS        PARAM    0280      -3939.139280          2.477273         -6.569209         10.136638         26.628895
rank #0: 2017-11-27 22:34:13,924 LBFGS        PARAM    0281      -3939.630409          2.477295         -6.570397         10.136386         26.628842
rank #0: 2017-11-27 22:34:14,297 LBFGS        PARAM    0282      -3940.506165          2.477338         -6.572956         10.136039         26.628753
rank #0: 2017-11-27 22:34:14,668 LBFGS        PARAM    0283      -3940.923106          2.477357         -6.574513         10.135800         26.628707
rank #0: 2017-11-27 22:34:15,041 LBFGS        PARAM    0284      -3941.639718          2.477390         -6.576455         10.135461         26.628632
rank #0: 2017-11-27 22:34:15,415 LBFGS        PARAM    0285      -3942.058078          2.477410         -6.577694         10.135226         26.628586
rank #0: 2017-11-27 22:34:15,791 LBFGS        PARAM    0286      -3942.623935          2.477436         -6.579054         10.134941         26.628526
rank #0: 2017-11-27 22:34:16,166 LBFGS        PARAM    0287      -3943.102385          2.477458         -6.580535         10.134691         26.628474
rank #0: 2017-11-27 22:34:16,540 LBFGS        PARAM    0288      -3943.581288          2.477480         -6.581669         10.134441         26.628423
rank #0: 2017-11-27 22:34:16,915 LBFGS        PARAM    0289      -3944.180879          2.477508         -6.583440         10.134159         26.628360
rank #0: 2017-11-27 22:34:17,289 LBFGS        PARAM    0290      -3944.726777          2.477534         -6.584838         10.133904         26.628303
rank #0: 2017-11-27 22:34:17,665 LBFGS        PARAM    0291      -3945.100514          2.477551         -6.586074         10.133683         26.628261
rank #0: 2017-11-27 22:34:18,040 LBFGS        PARAM    0292      -3945.745613          2.477581         -6.587613         10.133359         26.628193
rank #0: 2017-11-27 22:34:18,412 LBFGS        PARAM    0293      -3946.271266          2.477605         -6.589329         10.133100         26.628137
rank #0: 2017-11-27 22:34:18,786 LBFGS        PARAM    0294      -3946.751619          2.477627         -6.590474         10.132857         26.628086
rank #0: 2017-11-27 22:34:19,160 LBFGS        PARAM    0295      -3947.299361          2.477653         -6.592109         10.132592         26.628028
rank #0: 2017-11-27 22:34:19,534 LBFGS        PARAM    0296      -3947.894403          2.477681         -6.593651         10.132321         26.627966
rank #0: 2017-11-27 22:34:19,908 LBFGS        PARAM    0297      -3948.285205          2.477699         -6.594984         10.132100         26.627923
rank #0: 2017-11-27 22:34:20,284 LBFGS        PARAM    0298      -3948.807629          2.477723         -6.596121         10.131827         26.627867
rank #0: 2017-11-27 22:34:20,658 LBFGS        PARAM    0299      -3949.272771          2.477745         -6.597681         10.131577         26.627817
rank #0: 2017-11-27 22:34:21,032 LBFGS        PARAM    0300      -3949.749745          2.477766         -6.598672         10.131326         26.627766
rank #0: 2017-11-27 22:34:21,405 LBFGS        PARAM    0301      -3950.403465          2.477797         -6.600868         10.131024         26.627698
rank #0: 2017-11-27 22:34:21,779 LBFGS        PARAM    0302      -3950.928406          2.477822         -6.602086         10.130779         26.627643
rank #0: 2017-11-27 22:34:22,153 LBFGS        PARAM    0303      -3951.410467          2.477845         -6.603894         10.130535         26.627592
rank #0: 2017-11-27 22:34:22,529 LBFGS        PARAM    0304      -3951.896525          2.477867         -6.604940         10.130290         26.627540
rank #0: 2017-11-27 22:34:22,904 LBFGS        PARAM    0305      -3952.337633          2.477888         -6.606531         10.130049         26.627492
rank #0: 2017-11-27 22:34:23,277 LBFGS        PARAM    0306      -3952.901223          2.477914         -6.607772         10.129767         26.627432
rank #0: 2017-11-27 22:34:23,651 LBFGS        PARAM    0307      -3953.480827          2.477946         -6.616266         10.129562         26.627375
rank #0: 2017-11-27 22:34:24,024 LBFGS        PARAM    0308      -3953.939969          2.477967         -6.617213         10.129347         26.627327
rank #0: 2017-11-27 22:34:24,398 LBFGS        PARAM    0309      -3954.454718          2.477993         -6.621295         10.129160         26.627276
rank #0: 2017-11-27 22:34:24,772 LBFGS        PARAM    0310      -3954.994709          2.478019         -6.622686         10.128925         26.627221
rank #0: 2017-11-27 22:34:25,147 LBFGS        PARAM    0311      -3955.563857          2.478046         -6.624909         10.128690         26.627163
rank #0: 2017-11-27 22:34:25,522 LBFGS        PARAM    0312      -3955.998789          2.478066         -6.625497         10.128466         26.627117
rank #0: 2017-11-27 22:34:25,896 LBFGS        PARAM    0313      -3956.612580          2.478096         -6.628312         10.128206         26.627054
rank #0: 2017-11-27 22:34:26,269 LBFGS        PARAM    0314      -3957.029891          2.478115         -6.628870         10.127978         26.627009
rank #0: 2017-11-27 22:34:26,643 LBFGS        PARAM    0315      -3957.554583          2.478140         -6.631353         10.127748         26.626955
rank #0: 2017-11-27 22:34:27,018 LBFGS        PARAM    0316      -3958.082881          2.478165         -6.632514         10.127488         26.626900
rank #0: 2017-11-27 22:34:27,392 LBFGS        PARAM    0317      -3958.672314          2.478194         -6.636686         10.127342         26.626845
rank #0: 2017-11-27 22:34:27,765 LBFGS        PARAM    0318      -3959.078215          2.478213         -6.637531         10.127157         26.626803
rank #0: 2017-11-27 22:34:28,138 LBFGS        PARAM    0319      -3959.720546          2.478241         -6.639278         10.126965         26.626741
rank #0: 2017-11-27 22:34:28,512 LBFGS        PARAM    0320      -3960.299801          2.478269         -6.640756         10.126736         26.626683
rank #0: 2017-11-27 22:34:28,886 LBFGS        PARAM    0321      -3960.722501          2.478298         -6.644857         10.126397         26.626633
rank #0: 2017-11-27 22:34:29,261 LBFGS        PARAM    0322      -3961.149032          2.478319         -6.646246         10.126176         26.626588
rank #0: 2017-11-27 22:34:29,636 LBFGS        PARAM    0323      -3961.660891          2.478341         -6.647131         10.125921         26.626534
rank #0: 2017-11-27 22:34:30,010 LBFGS        PARAM    0324      -3962.192191          2.478366         -6.648785         10.125661         26.626478
rank #0: 2017-11-27 22:34:30,384 LBFGS        PARAM    0325      -3962.709968          2.478386         -6.648100         10.125395         26.626423
rank #0: 2017-11-27 22:34:30,758 LBFGS        PARAM    0326      -3963.100795          2.478404         -6.649152         10.125175         26.626380
rank #0: 2017-11-27 22:34:31,133 LBFGS        PARAM    0327      -3963.648487          2.478429         -6.650342         10.124897         26.626322
rank #0: 2017-11-27 22:34:31,507 LBFGS        PARAM    0328      -3964.207053          2.478455         -6.652227         10.124632         26.626264
rank #0: 2017-11-27 22:34:31,881 LBFGS        PARAM    0329      -3964.714749          2.478464         -6.646305         10.124192         26.626200
rank #0: 2017-11-27 22:34:32,254 LBFGS        PARAM    0330      -3965.139439          2.478484         -6.647630         10.123948         26.626153
rank #0: 2017-11-27 22:34:32,628 LBFGS        PARAM    0331      -3965.742456          2.478513         -6.649956         10.123672         26.626091
rank #0: 2017-11-27 22:34:33,002 LBFGS        PARAM    0332      -3966.267836          2.478533         -6.649579         10.123340         26.626032
rank #0: 2017-11-27 22:34:33,376 LBFGS        PARAM    0333      -3966.768784          2.478557         -6.651156         10.123087         26.625979
rank #0: 2017-11-27 22:34:33,751 LBFGS        PARAM    0334      -3967.139395          2.478568         -6.649587         10.122733         26.625931
rank #0: 2017-11-27 22:34:34,125 LBFGS        PARAM    0335      -3967.875455          2.478601         -6.651289         10.122290         26.625850
rank #0: 2017-11-27 22:34:34,497 LBFGS        PARAM    0336      -3968.340981          2.478622         -6.652577         10.122034         26.625800
rank #0: 2017-11-27 22:34:34,870 LBFGS        PARAM    0337      -3968.809163          2.478644         -6.653869         10.121788         26.625750
rank #0: 2017-11-27 22:34:35,243 LBFGS        PARAM    0338      -3969.284035          2.478666         -6.655102         10.121540         26.625699
rank #0: 2017-11-27 22:34:35,616 LBFGS        PARAM    0339      -3969.737148          2.478686         -6.656125         10.121278         26.625650
rank #0: 2017-11-27 22:34:35,990 LBFGS        PARAM    0340      -3970.347286          2.478718         -6.658700         10.121114         26.625593
rank #0: 2017-11-27 22:34:36,364 LBFGS        PARAM    0341      -3970.862998          2.478739         -6.659270         10.120755         26.625534
rank #0: 2017-11-27 22:34:36,737 LBFGS        PARAM    0342      -3971.258927          2.478757         -6.660228         10.120523         26.625490
rank #0: 2017-11-27 22:34:37,110 LBFGS        PARAM    0343      -3972.178480          2.478806         -6.664520         10.120380         26.625410
rank #0: 2017-11-27 22:34:37,485 LBFGS        PARAM    0344      -3972.612308          2.478826         -6.665435         10.120154         26.625364
rank #0: 2017-11-27 22:34:37,858 LBFGS        PARAM    0345      -3973.042882          2.478846         -6.666476         10.119919         26.625318
rank #0: 2017-11-27 22:34:38,233 LBFGS        PARAM    0346      -3973.655792          2.478876         -6.668524         10.119690         26.625258
rank #0: 2017-11-27 22:34:38,607 LBFGS        PARAM    0347      -3974.122092          2.478893         -6.668966         10.119279         26.625200
rank #0: 2017-11-27 22:34:38,981 LBFGS        PARAM    0348      -3974.606455          2.478916         -6.670282         10.119008         26.625147
rank #0: 2017-11-27 22:34:39,357 LBFGS        PARAM    0349      -3975.070211          2.478937         -6.671556         10.118778         26.625099
rank #0: 2017-11-27 22:34:39,733 LBFGS        PARAM    0350      -3975.668034          2.478967         -6.673444         10.118555         26.625040
rank #0: 2017-11-27 22:34:40,110 LBFGS        PARAM    0351      -3976.125700          2.478985         -6.674340         10.118177         26.624984
rank #0: 2017-11-27 22:34:40,485 LBFGS        PARAM    0352      -3976.853673          2.479019         -6.676573         10.117821         26.624908
rank #0: 2017-11-27 22:34:40,864 LBFGS        PARAM    0353      -3977.281409          2.479038         -6.677655         10.117576         26.624862
rank #0: 2017-11-27 22:34:41,242 LBFGS        PARAM    0354      -3977.700075          2.479057         -6.678682         10.117339         26.624817
rank #0: 2017-11-27 22:34:41,618 LBFGS        PARAM    0355      -3978.194315          2.479080         -6.679906         10.117101         26.624765
rank #0: 2017-11-27 22:34:41,991 LBFGS        PARAM    0356      -3978.670820          2.479102         -6.681428         10.116842         26.624714
rank #0: 2017-11-27 22:34:42,367 LBFGS        PARAM    0357      -3979.127891          2.479123         -6.682575         10.116602         26.624666
rank #0: 2017-11-27 22:34:42,743 LBFGS        PARAM    0358      -3979.609696          2.479146         -6.683873         10.116363         26.624616
rank #0: 2017-11-27 22:34:43,120 LBFGS        PARAM    0359      -3980.033827          2.479165         -6.685040         10.116120         26.624570
rank #0: 2017-11-27 22:34:43,494 LBFGS        PARAM    0360      -3980.765125          2.479200         -6.686982         10.115827         26.624497
rank #0: 2017-11-27 22:34:43,868 LBFGS        PARAM    0361      -3981.191188          2.479219         -6.689156         10.115531         26.624448
rank #0: 2017-11-27 22:34:44,243 LBFGS        PARAM    0362      -3981.696001          2.479243         -6.690675         10.115252         26.624394
rank #0: 2017-11-27 22:34:44,619 LBFGS        PARAM    0363      -3982.142392          2.479263         -6.691584         10.115023         26.624347
rank #0: 2017-11-27 22:34:44,995 LBFGS        PARAM    0364      -3982.777294          2.479293         -6.693547         10.114760         26.624284
rank #0: 2017-11-27 22:34:45,370 LBFGS        PARAM    0365      -3983.129126          2.479309         -6.694629         10.114535         26.624244
rank #0: 2017-11-27 22:34:45,745 LBFGS        PARAM    0366      -3984.339857          2.479367         -6.698460         10.114004         26.624122
rank #0: 2017-11-27 22:34:46,120 LBFGS        PARAM    0367      -3984.780237          2.479387         -6.699683         10.113783         26.624076
rank #0: 2017-11-27 22:34:46,495 LBFGS        PARAM    0368      -3985.198838          2.479407         -6.700785         10.113557         26.624031
rank #0: 2017-11-27 22:34:46,870 LBFGS        PARAM    0369      -3985.695647          2.479430         -6.702029         10.113307         26.623979
rank #0: 2017-11-27 22:34:47,243 LBFGS        PARAM    0370      -3986.246715          2.479456         -6.703628         10.113050         26.623923
rank #0: 2017-11-27 22:34:47,618 LBFGS        PARAM    0371      -3986.748052          2.479479         -6.704962         10.112814         26.623871
rank #0: 2017-11-27 22:34:47,992 LBFGS        PARAM    0372      -3987.238160          2.479502         -6.706479         10.112575         26.623820
rank #0: 2017-11-27 22:34:48,365 LBFGS        PARAM    0373      -3987.607160          2.479519         -6.707375         10.112368         26.623781
rank #0: 2017-11-27 22:34:48,739 LBFGS        PARAM    0374      -3988.155213          2.479544         -6.708714         10.112101         26.623724
rank #0: 2017-11-27 22:34:49,112 LBFGS        PARAM    0375      -3988.758072          2.479573         -6.710535         10.111833         26.623663
rank #0: 2017-11-27 22:34:49,488 LBFGS        PARAM    0376      -3989.241135          2.479595         -6.711855         10.111607         26.623613
rank #0: 2017-11-27 22:34:49,864 LBFGS        PARAM    0377      -3989.581145          2.479611         -6.713045         10.111400         26.623576
rank #0: 2017-11-27 22:34:50,237 LBFGS        PARAM    0378      -3990.110335          2.479635         -6.714329         10.111117         26.623520
rank #0: 2017-11-27 22:34:50,613 LBFGS        PARAM    0379      -3990.813034          2.479668         -6.716156         10.110815         26.623449
rank #0: 2017-11-27 22:34:50,988 LBFGS        PARAM    0380      -3991.215616          2.479687         -6.717789         10.110598         26.623407
rank #0: 2017-11-27 22:34:51,364 LBFGS        PARAM    0381      -3991.708411          2.479710         -6.719052         10.110345         26.623355
rank #0: 2017-11-27 22:34:51,740 LBFGS        PARAM    0382      -3992.162453          2.479731         -6.720368         10.110109         26.623307
rank #0: 2017-11-27 22:34:52,112 LBFGS        PARAM    0383      -3992.621253          2.479752         -6.721473         10.109874         26.623259
rank #0: 2017-11-27 22:34:52,486 LBFGS        PARAM    0384      -3993.168698          2.479778         -6.723143         10.109612         26.623203
rank #0: 2017-11-27 22:34:52,860 LBFGS        PARAM    0385      -3993.572970          2.479796         -6.724142         10.109402         26.623160
rank #0: 2017-11-27 22:34:53,236 LBFGS        PARAM    0386      -3994.058670          2.479819         -6.725499         10.109156         26.623110
rank #0: 2017-11-27 22:34:53,611 LBFGS        PARAM    0387      -3994.506061          2.479840         -6.726625         10.108927         26.623063
rank #0: 2017-11-27 22:34:53,985 LBFGS        PARAM    0388      -3995.120555          2.479869         -6.728269         10.108651         26.623001
rank #0: 2017-11-27 22:34:54,360 LBFGS        PARAM    0389      -3995.589220          2.479891         -6.729863         10.108422         26.622952
rank #0: 2017-11-27 22:34:54,733 LBFGS        PARAM    0390      -3996.072991          2.479913         -6.730980         10.108189         26.622903
rank #0: 2017-11-27 22:34:55,107 LBFGS        PARAM    0391      -3996.436600          2.479930         -6.732814         10.107968         26.622863
rank #0: 2017-11-27 22:34:55,481 LBFGS        PARAM    0392      -3996.851813          2.479949         -6.733794         10.107725         26.622818
rank #0: 2017-11-27 22:34:55,855 LBFGS        PARAM    0393      -3997.379008          2.479973         -6.734909         10.107459         26.622763
rank #0: 2017-11-27 22:34:56,231 LBFGS        PARAM    0394      -3997.845162          2.479995         -6.736749         10.107214         26.622714
rank #0: 2017-11-27 22:34:56,607 LBFGS        PARAM    0395      -3998.363108          2.480019         -6.738033         10.106958         26.622661
rank #0: 2017-11-27 22:34:56,983 LBFGS        PARAM    0396      -3998.791655          2.480039         -6.739675         10.106727         26.622615
rank #0: 2017-11-27 22:34:57,358 LBFGS        PARAM    0397      -3999.257562          2.480060         -6.740756         10.106486         26.622567
rank #0: 2017-11-27 22:34:57,734 LBFGS        PARAM    0398      -3999.767811          2.480084         -6.742447         10.106232         26.622514
rank #0: 2017-11-27 22:34:58,110 LBFGS        PARAM    0399      -4000.231096          2.480106         -6.743537         10.106003         26.622466
rank #0: 2017-11-27 22:34:58,484 LBFGS        PARAM    0400      -4000.650982          2.480125         -6.745214         10.105774         26.622421
rank #0: 2017-11-27 22:34:58,860 LBFGS        PARAM    0401      -4001.025703          2.480142         -6.745993         10.105561         26.622381
rank #0: 2017-11-27 22:34:59,237 LBFGS        PARAM    0402      -4001.837789          2.480180         -6.748118         10.105200         26.622299
rank #0: 2017-11-27 22:34:59,613 LBFGS        PARAM    0403      -4002.282978          2.480201         -6.749705         10.104981         26.622254
rank #0: 2017-11-27 22:34:59,987 LBFGS        PARAM    0404      -4002.820528          2.480227         -6.750971         10.104731         26.622199
rank #0: 2017-11-27 22:35:00,360 LBFGS        PARAM    0405      -4003.207733          2.480245         -6.752890         10.104514         26.622158
rank #0: 2017-11-27 22:35:00,735 LBFGS        PARAM    0406      -4003.774792          2.480271         -6.754444         10.104228         26.622099
rank #0: 2017-11-27 22:35:01,111 LBFGS        PARAM    0407      -4004.297013          2.480296         -6.755696         10.103981         26.622045
rank #0: 2017-11-27 22:35:01,485 LBFGS        PARAM    0408      -4004.690595          2.480314         -6.758504         10.103780         26.622004
rank #0: 2017-11-27 22:35:01,861 LBFGS        PARAM    0409      -4005.098049          2.480333         -6.759674         10.103563         26.621962
rank #0: 2017-11-27 22:35:02,237 LBFGS        PARAM    0410      -4005.731225          2.480363         -6.760791         10.103262         26.621897
rank #0: 2017-11-27 22:35:02,613 LBFGS        PARAM    0411      -4006.150014          2.480382         -6.763458         10.103059         26.621854
rank #0: 2017-11-27 22:35:02,988 LBFGS        PARAM    0412      -4006.557910          2.480401         -6.764475         10.102847         26.621811
rank #0: 2017-11-27 22:35:03,362 LBFGS        PARAM    0413      -4007.070015          2.480425         -6.767981         10.102610         26.621759
rank #0: 2017-11-27 22:35:03,736 LBFGS        PARAM    0414      -4007.544676          2.480448         -6.769287         10.102380         26.621710
rank #0: 2017-11-27 22:35:04,109 LBFGS        PARAM    0415      -4008.041591          2.480471         -6.771443         10.102152         26.621660
rank #0: 2017-11-27 22:35:04,481 LBFGS        PARAM    0416      -4008.448744          2.480490         -6.772289         10.101946         26.621618
rank #0: 2017-11-27 22:35:04,853 LBFGS        PARAM    0417      -4008.997760          2.480516         -6.775247         10.101701         26.621563
rank #0: 2017-11-27 22:35:05,225 LBFGS        PARAM    0418      -4009.507164          2.480540         -6.776542         10.101463         26.621511
rank #0: 2017-11-27 22:35:05,599 LBFGS        PARAM    0419      -4010.002212          2.480562         -6.779575         10.101284         26.621463
rank #0: 2017-11-27 22:35:05,973 LBFGS        PARAM    0420      -4010.502651          2.480586         -6.780951         10.101070         26.621413
rank #0: 2017-11-27 22:35:06,350 LBFGS        PARAM    0421      -4010.917455          2.480606         -6.781731         10.100837         26.621369
rank #0: 2017-11-27 22:35:06,724 LBFGS        PARAM    0422      -4011.295237          2.480622         -6.782278         10.100647         26.621330
rank #0: 2017-11-27 22:35:07,098 LBFGS        PARAM    0423      -4011.772059          2.480646         -6.783986         10.100370         26.621279
rank #0: 2017-11-27 22:35:07,472 LBFGS        PARAM    0424      -4012.341295          2.480670         -6.784908         10.100109         26.621221
rank #0: 2017-11-27 22:35:07,846 LBFGS        PARAM    0425      -4012.778716          2.480691         -6.786325         10.099873         26.621176
rank #0: 2017-11-27 22:35:08,222 LBFGS        PARAM    0426      -4013.326566          2.480714         -6.786694         10.099637         26.621121
rank #0: 2017-11-27 22:35:08,597 LBFGS        PARAM    0427      -4013.878962          2.480740         -6.788330         10.099376         26.621065
rank #0: 2017-11-27 22:35:08,972 LBFGS        PARAM    0428      -4014.310860          2.480756         -6.787796         10.099217         26.621022
rank #0: 2017-11-27 22:35:09,347 LBFGS        PARAM    0429      -4014.753441          2.480777         -6.788880         10.099003         26.620977
rank #0: 2017-11-27 22:35:09,722 LBFGS        PARAM    0430      -4015.240591          2.480804         -6.792715         10.098776         26.620928
rank #0: 2017-11-27 22:35:10,097 LBFGS        PARAM    0431      -4015.708265          2.480823         -6.792598         10.098555         26.620880
rank #0: 2017-11-27 22:35:10,473 LBFGS        PARAM    0432      -4016.181607          2.480846         -6.794285         10.098318         26.620832
rank #0: 2017-11-27 22:35:10,848 LBFGS        PARAM    0433      -4016.686022          2.480865         -6.793066         10.098070         26.620780
rank #0: 2017-11-27 22:35:11,223 LBFGS        PARAM    0434      -4017.074392          2.480883         -6.794373         10.097860         26.620739
rank #0: 2017-11-27 22:35:11,598 LBFGS        PARAM    0435      -4017.659253          2.480908         -6.794396         10.097554         26.620678
rank #0: 2017-11-27 22:35:11,973 LBFGS        PARAM    0436      -4018.204215          2.480934         -6.796626         10.097297         26.620623
rank #0: 2017-11-27 22:35:12,348 LBFGS        PARAM    0437      -4018.700445          2.480948         -6.791714         10.096943         26.620566
rank #0: 2017-11-27 22:35:12,723 LBFGS        PARAM    0438      -4019.197163          2.480970         -6.793035         10.096673         26.620514
rank #0: 2017-11-27 22:35:13,099 LBFGS        PARAM    0439      -4019.555959          2.480986         -6.793526         10.096458         26.620475
rank #0: 2017-11-27 22:35:13,474 LBFGS        PARAM    0440      -4020.148375          2.481015         -6.796071         10.096181         26.620415
rank #0: 2017-11-27 22:35:13,850 LBFGS        PARAM    0441      -4020.577675          2.481034         -6.796815         10.095952         26.620371
rank #0: 2017-11-27 22:35:14,225 LBFGS        PARAM    0442      -4020.946585          2.481051         -6.797918         10.095755         26.620332
rank #0: 2017-11-27 22:35:14,599 LBFGS        PARAM    0443      -4021.426681          2.481073         -6.799246         10.095513         26.620283
rank #0: 2017-11-27 22:35:14,973 LBFGS        PARAM    0444      -4022.003429          2.481101         -6.801081         10.095252         26.620225
rank #0: 2017-11-27 22:35:15,345 LBFGS        PARAM    0445      -4022.467349          2.481121         -6.801760         10.095002         26.620177
rank #0: 2017-11-27 22:35:15,718 LBFGS        PARAM    0446      -4022.874365          2.481141         -6.803172         10.094805         26.620135
rank #0: 2017-11-27 22:35:16,088 LBFGS        PARAM    0447      -4023.305679          2.481159         -6.803525         10.094541         26.620088
rank #0: 2017-11-27 22:35:16,460 LBFGS        PARAM    0448      -4023.861685          2.481187         -6.805955         10.094319         26.620034
rank #0: 2017-11-27 22:35:16,831 LBFGS        PARAM    0449      -4024.264821          2.481201         -6.804982         10.093968         26.619985
rank #0: 2017-11-27 22:35:17,203 LBFGS        PARAM    0450      -4024.716923          2.481222         -6.806480         10.093712         26.619938
rank #0: 2017-11-27 22:35:17,576 LBFGS        PARAM    0451      -4025.166609          2.481243         -6.807762         10.093475         26.619891
rank #0: 2017-11-27 22:35:17,950 LBFGS        PARAM    0452      -4025.627598          2.481265         -6.809123         10.093264         26.619845
rank #0: 2017-11-27 22:35:18,321 LBFGS        PARAM    0453      -4026.125547          2.481288         -6.810534         10.093031         26.619795
rank #0: 2017-11-27 22:35:18,693 LBFGS        PARAM    0454      -4026.563002          2.481308         -6.811576         10.092798         26.619749
rank #0: 2017-11-27 22:35:19,064 LBFGS        PARAM    0455      -4027.040860          2.481331         -6.813159         10.092601         26.619702
rank #0: 2017-11-27 22:35:19,435 LBFGS        PARAM    0456      -4027.524668          2.481350         -6.813502         10.092224         26.619646
rank #0: 2017-11-27 22:35:19,804 LBFGS        PARAM    0457      -4027.952032          2.481370         -6.814731         10.091981         26.619601
rank #0: 2017-11-27 22:35:20,173 LBFGS        PARAM    0458      -4028.344524          2.481388         -6.815717         10.091760         26.619559
rank #0: 2017-11-27 22:35:20,543 LBFGS        PARAM    0459      -4028.821712          2.481411         -6.817309         10.091561         26.619513
rank #0: 2017-11-27 22:35:20,913 LBFGS        PARAM    0460      -4029.268006          2.481427         -6.817437         10.091135         26.619457
rank #0: 2017-11-27 22:35:21,284 LBFGS        PARAM    0461      -4029.867494          2.481455         -6.819375         10.090804         26.619394
rank #0: 2017-11-27 22:35:21,654 LBFGS        PARAM    0462      -4030.292588          2.481475         -6.820471         10.090592         26.619351
rank #0: 2017-11-27 22:35:22,023 LBFGS        PARAM    0463      -4030.732768          2.481495         -6.821745         10.090356         26.619305
rank #0: 2017-11-27 22:35:22,394 LBFGS        PARAM    0464      -4031.113760          2.481512         -6.822667         10.090141         26.619265
rank #0: 2017-11-27 22:35:22,764 LBFGS        PARAM    0465      -4031.481011          2.481528         -6.823502         10.089912         26.619225
rank #0: 2017-11-27 22:35:23,133 LBFGS        PARAM    0466      -4032.008022          2.481554         -6.824954         10.089698         26.619174
rank #0: 2017-11-27 22:35:23,506 LBFGS        PARAM    0467      -4032.468391          2.481574         -6.826387         10.089406         26.619123
rank #0: 2017-11-27 22:35:23,876 LBFGS        PARAM    0468      -4032.807752          2.481589         -6.827153         10.089192         26.619087
rank #0: 2017-11-27 22:35:24,250 LBFGS        PARAM    0469      -4033.606271          2.481630         -6.829345         10.089004         26.619016
rank #0: 2017-11-27 22:35:24,622 LBFGS        PARAM    0470      -4034.067699          2.481651         -6.830715         10.088812         26.618971
rank #0: 2017-11-27 22:35:24,995 LBFGS        PARAM    0471      -4034.462446          2.481669         -6.831728         10.088597         26.618930
rank #0: 2017-11-27 22:35:25,369 LBFGS        PARAM    0472      -4034.957045          2.481693         -6.833071         10.088378         26.618881
rank #0: 2017-11-27 22:35:25,742 LBFGS        PARAM    0473      -4035.328173          2.481708         -6.834222         10.088069         26.618837
rank #0: 2017-11-27 22:35:26,115 LBFGS        PARAM    0474      -4035.880841          2.481733         -6.835811         10.087767         26.618779
rank #0: 2017-11-27 22:35:26,488 LBFGS        PARAM    0475      -4036.364855          2.481756         -6.837066         10.087557         26.618731
rank #0: 2017-11-27 22:35:26,861 LBFGS        PARAM    0476      -4036.794291          2.481776         -6.838410         10.087305         26.618686
rank #0: 2017-11-27 22:35:27,236 LBFGS        PARAM    0477      -4037.298465          2.481799         -6.839817         10.087056         26.618634
rank #0: 2017-11-27 22:35:27,612 LBFGS        PARAM    0478      -4037.632562          2.481814         -6.840675         10.086816         26.618597
rank #0: 2017-11-27 22:35:27,989 LBFGS        PARAM    0479      -4038.385644          2.481849         -6.842856         10.086459         26.618521
rank #0: 2017-11-27 22:35:28,364 LBFGS        PARAM    0480      -4038.726253          2.481864         -6.843730         10.086236         26.618484
rank #0: 2017-11-27 22:35:28,740 LBFGS        PARAM    0481      -4039.316208          2.481892         -6.845345         10.085948         26.618424
rank #0: 2017-11-27 22:35:29,116 LBFGS        PARAM    0482      -4039.838805          2.481916         -6.846836         10.085721         26.618373
rank #0: 2017-11-27 22:35:29,492 LBFGS        PARAM    0483      -4040.208060          2.481933         -6.847813         10.085522         26.618334
rank #0: 2017-11-27 22:35:29,867 LBFGS        PARAM    0484      -4040.586450          2.481950         -6.848745         10.085309         26.618295
rank #0: 2017-11-27 22:35:30,242 LBFGS        PARAM    0485      -4041.246568          2.481982         -6.850614         10.085030         26.618230
rank #0: 2017-11-27 22:35:30,618 LBFGS        PARAM    0486      -4041.668344          2.482001         -6.851901         10.084813         26.618187
rank #0: 2017-11-27 22:35:30,993 LBFGS        PARAM    0487      -4042.208488          2.482027         -6.853412         10.084564         26.618133
rank #0: 2017-11-27 22:35:31,368 LBFGS        PARAM    0488      -4042.594694          2.482044         -6.854519         10.084350         26.618093
rank #0: 2017-11-27 22:35:31,743 LBFGS        PARAM    0489      -4043.017194          2.482064         -6.855581         10.084126         26.618050
rank #0: 2017-11-27 22:35:32,118 LBFGS        PARAM    0490      -4043.441282          2.482083         -6.856695         10.083906         26.618006
rank #0: 2017-11-27 22:35:32,492 LBFGS        PARAM    0491      -4043.930857          2.482106         -6.858029         10.083672         26.617957
rank #0: 2017-11-27 22:35:32,867 LBFGS        PARAM    0492      -4044.358522          2.482126         -6.859260         10.083456         26.617913
rank #0: 2017-11-27 22:35:33,240 LBFGS        PARAM    0493      -4044.845082          2.482149         -6.860553         10.083224         26.617865
rank #0: 2017-11-27 22:35:33,615 LBFGS        PARAM    0494      -4045.216676          2.482166         -6.861688         10.083012         26.617826
rank #0: 2017-11-27 22:35:33,989 LBFGS        PARAM    0495      -4045.594877          2.482183         -6.862579         10.082797         26.617786
rank #0: 2017-11-27 22:35:34,365 LBFGS        PARAM    0496      -4045.999980          2.482201         -6.863638         10.082578         26.617744
rank #0: 2017-11-27 22:35:34,740 LBFGS        PARAM    0497      -4046.446275          2.482222         -6.864765         10.082350         26.617699
rank #0: 2017-11-27 22:35:35,114 LBFGS        PARAM    0498      -4046.900361          2.482243         -6.866112         10.082128         26.617653
rank #0: 2017-11-27 22:35:35,489 LBFGS        PARAM    0499      -4047.379582          2.482265         -6.867389         10.081900         26.617605
rank #0: 2017-11-27 22:35:35,864 LBFGS        INFO     Maximum number of iterations reached.
rank #0: 2017-11-27 22:35:35,864 LBFGS        PARAM    0500      -4047.993793          2.482295         -6.869260         10.081657         26.617546
rank #0: 2017-11-27 22:35:35,864 rsdfit.lbfgs_fitter WARNING  ...LBFGS optimization finished. Time elapsed: 0:03:07.01
rank #0: 2017-11-27 22:35:35,865 rsdfit.lbfgs_fitter ERROR    nonlinear fit with method L-BFGS-B failed: Maximum number of iterations reached.
rank #0: 2017-11-27 22:35:35,865 rsdfit.fitting_driver INFO     rank 174 on nid00482     ...fitting complete
rank #0: 2017-11-27 22:35:35,867 rsdfit.fitting_driver INFO     rank 174 on nid00482     Saving the results to `/global/cscratch1/sd/nhand/eBOSS/fits/results/mocks/ezmock/v1.8e-fph/0.0001-0.05/basemodel-N-fnl/0.8-2.2/QSO-N-0455-P0+P2-mock-cov-a9f629560d/2017-11-27_nlopt_500i_chain0__1.npz`
rank #0: 2017-11-27 22:35:35,883 pyRSD.analysis.lbfgs_results INFO     
minimum chi2 = 26.6175458169

Free parameters [ mean ]
_______________
N              : -4047.99379307
b1             : 2.48229484423
f_nl           : -6.86925987594
sigma_fog      : 10.0816574603

Constrained parameters [ mean ]
_________________________
b1sigma8       : 0.988127963354
