rank #0: 2018-06-24 14:15:33,708 rsdfit.fitting_driver INFO     rank 61 on nid00537     Calling the 'nlopt' solve function
rank #0: 2018-06-24 14:15:33,709 rsdfit.lbfgs_fitter INFO     running LBFGS for 500 iterations and then stopping
rank #0: 2018-06-24 14:15:33,710 rsdfit.lbfgs_fitter INFO     running LBFGS minimizer with priors
rank #0: 2018-06-24 14:15:33,710 root         INFO     Iter           N          b1        f_nl   sigma_fog   F(X)     
rank #0: 2018-06-24 14:15:34,304 LBFGS        INFO     options = {'factr': 100000.0, 'gtol': 1e-05, 'max_iter': 500, 'test_convergence': False}
rank #0: 2018-06-24 14:15:34,306 LBFGS        PARAM    0000          0.000000          2.000000          0.000000          4.000000        123.649433
rank #0: 2018-06-24 14:15:34,976 LBFGS        PARAM    0001         24.148435          2.108377          2.334605          3.974955         99.741725
rank #0: 2018-06-24 14:15:35,562 LBFGS        PARAM    0002        -90.181118          2.376279         11.572403          4.009672         75.525658
rank #0: 2018-06-24 14:15:36,167 LBFGS        PARAM    0003       -217.943074          2.388697         13.454733          4.073964         69.691088
rank #0: 2018-06-24 14:15:36,773 LBFGS        PARAM    0004       -497.595644          2.444280         19.362614          4.166565         65.024389
rank #0: 2018-06-24 14:15:37,364 LBFGS        PARAM    0005       -504.634998          2.434477         20.422406          4.091369         64.778456
rank #0: 2018-06-24 14:15:37,963 LBFGS        PARAM    0006       -560.599613          2.413989         27.344963          3.706400         64.032729
rank #0: 2018-06-24 14:15:38,566 LBFGS        PARAM    0007       -611.330042          2.414830         33.852741          3.435649         63.740226
rank #0: 2018-06-24 14:15:39,170 LBFGS        PARAM    0008       -623.834006          2.419493         36.445291          3.392835         63.703670
rank #0: 2018-06-24 14:15:39,758 LBFGS        PARAM    0009       -624.224245          2.420415         36.949623          3.396694         63.701252
rank #0: 2018-06-24 14:15:40,361 LBFGS        PARAM    0010       -623.140410          2.420511         37.659973          3.403418         63.698624
rank #0: 2018-06-24 14:15:40,965 LBFGS        PARAM    0011       -619.344257          2.419055         39.270467          3.415195         63.693927
rank #0: 2018-06-24 14:15:41,561 LBFGS        PARAM    0012       -614.858946          2.415830         40.669646          3.419926         63.690720
rank #0: 2018-06-24 14:15:42,157 LBFGS        PARAM    0013       -613.897584          2.415177         40.760841          3.419953         63.690590
rank #0: 2018-06-24 14:15:42,762 LBFGS        PARAM    0014       -613.912302          2.415154         40.731298          3.419673         63.690588
rank #0: 2018-06-24 14:15:43,365 LBFGS        PARAM    0015       -613.927442          2.415158         40.725638          3.419620         63.690588
rank #0: 2018-06-24 14:15:43,954 LBFGS        PARAM    0016       -613.928274          2.415159         40.725500          3.419618         63.690588
rank #0: 2018-06-24 14:16:10,123 LBFGS        INFO     Linesearch failed in both LBFGS and gradient directions
rank #0: 2018-06-24 14:16:10,124 LBFGS        PARAM    0016       -613.928274          2.415159         40.725500          3.419618         63.690588
rank #0: 2018-06-24 14:16:10,125 rsdfit.lbfgs_fitter WARNING  ...LBFGS optimization finished. Time elapsed: 0:00:35.82
rank #0: 2018-06-24 14:16:10,126 rsdfit.lbfgs_fitter ERROR    nonlinear fit with method L-BFGS-B failed: Linesearch failed in both LBFGS and gradient directions
rank #0: 2018-06-24 14:16:10,127 rsdfit.fitting_driver INFO     rank 61 on nid00537     ...fitting complete
rank #0: 2018-06-24 14:16:10,130 rsdfit.fitting_driver INFO     rank 61 on nid00537     Saving the results to `/global/cscratch1/sd/nhand/eBOSS/fits/results/mocks/ezmock/v1.8e-fph/0.005-0.3/basemodel-N-fnl/0.8-2.2/QSO-N-0537-P0+P2-mock-cov-1ab4f6001f/2018-06-24_nlopt_16i_chain0__1.npz`
rank #0: 2018-06-24 14:16:10,166 pyRSD.analysis.lbfgs_results INFO     
minimum chi2 = 63.6905875508

Free parameters [ mean ]
_______________
N              : -613.928274094
b1             : 2.41515860643
f_nl           : 40.7255004144
sigma_fog      : 3.41961844427

Constrained parameters [ mean ]
_________________________
b1sigma8       : 0.905407479223
