rank #0: 2018-12-30 16:07:53,457 rsdfit.fitting_driver INFO     rank 40 on nid00556     Calling the 'nlopt' solve function
rank #0: 2018-12-30 16:07:53,457 rsdfit.lbfgs_fitter INFO     running LBFGS for 500 iterations and then stopping
rank #0: 2018-12-30 16:07:53,457 rsdfit.lbfgs_fitter INFO     running LBFGS minimizer with priors
rank #0: 2018-12-30 16:07:53,458 root         INFO     Iter           N          b1        f_nl   sigma_fog   F(X)     
rank #0: 2018-12-30 16:07:53,458 rsdfit.lbfgs_fitter INFO     computing gradient using numerical derivative of lnlike()
rank #0: 2018-12-30 16:07:54,052 LBFGS        INFO     options = {'factr': 100000.0, 'gtol': 1e-05, 'max_iter': 500, 'test_convergence': False}
rank #0: 2018-12-30 16:07:54,053 LBFGS        PARAM    0000          0.000000          2.000000          0.000000          4.000000        102.165758
rank #0: 2018-12-30 16:07:54,733 LBFGS        PARAM    0001         17.609969          2.063292          0.239125          3.971820         95.740668
rank #0: 2018-12-30 16:07:55,327 LBFGS        PARAM    0002        -32.052359          2.198471          0.589207          3.939910         90.084428
rank #0: 2018-12-30 16:07:55,946 LBFGS        PARAM    0003       -105.146512          2.220053          0.096567          3.951723         88.871449
rank #0: 2018-12-30 16:07:56,558 LBFGS        PARAM    0004       -318.536481          2.262402         -5.088599          3.884237         87.185743
rank #0: 2018-12-30 16:07:57,152 LBFGS        PARAM    0005       -352.061202          2.267894         -8.482287          3.805607         86.996723
rank #0: 2018-12-30 16:07:57,764 LBFGS        PARAM    0006       -457.746449          2.280830        -30.847719          3.397444         86.337355
rank #0: 2018-12-30 16:07:58,374 LBFGS        PARAM    0007       -500.985452          2.294564        -61.867777          3.266573         85.772555
rank #0: 2018-12-30 16:07:59,053 LBFGS        PARAM    0008       -510.919537          2.301237        -76.191496          3.254204         85.522177
rank #0: 2018-12-30 16:07:59,709 LBFGS        PARAM    0009       -495.590586          2.308960       -103.948516          3.308105         85.131334
rank #0: 2018-12-30 16:08:01,314 LBFGS        PARAM    0010       -441.322298          2.302450       -110.788103          3.457541         85.003139
rank #0: 2018-12-30 16:08:01,924 LBFGS        PARAM    0011       -424.336082          2.301242       -107.708748          3.526939         84.988151
rank #0: 2018-12-30 16:08:02,538 LBFGS        PARAM    0012       -426.992238          2.304030       -108.815957          3.544267         84.986491
rank #0: 2018-12-30 16:08:03,152 LBFGS        PARAM    0013       -427.382215          2.303777       -108.403279          3.539732         84.986374
rank #0: 2018-12-30 16:08:03,745 LBFGS        PARAM    0014       -427.425332          2.303785       -108.400164          3.539710         84.986374
rank #0: 2018-12-30 16:08:04,357 LBFGS        PARAM    0015       -427.424448          2.303786       -108.400126          3.539709         84.986374
rank #0: 2018-12-30 16:08:04,974 LBFGS        PARAM    0016       -427.424469          2.303786       -108.400127          3.539709         84.986374
rank #0: 2018-12-30 16:08:31,761 LBFGS        INFO     Linesearch failed in both LBFGS and gradient directions
rank #0: 2018-12-30 16:08:31,762 LBFGS        PARAM    0016       -427.424469          2.303786       -108.400127          3.539709         84.986374
rank #0: 2018-12-30 16:08:31,763 rsdfit.lbfgs_fitter WARNING  ...LBFGS optimization finished. Time elapsed: 0:00:37.71
rank #0: 2018-12-30 16:08:31,763 rsdfit.lbfgs_fitter ERROR    nonlinear fit with method L-BFGS-B failed: Linesearch failed in both LBFGS and gradient directions
rank #0: 2018-12-30 16:08:31,764 rsdfit.fitting_driver INFO     rank 40 on nid00556     ...fitting complete
rank #0: 2018-12-30 16:08:31,768 rsdfit.fitting_driver INFO     rank 40 on nid00556     Saving the results to `/global/cscratch1/sd/nhand/eBOSS/fits/results/mocks/ezmock/v1.8e-fph/0.0001-0.3/basemodel-N-fnl/0.8-2.2/QSO-S-0159-P0+P2-mock-cov-8e654b7a3f/2018-12-30_nlopt_16i_chain0__1.npz`
rank #0: 2018-12-30 16:08:31,959 pyRSD.analysis.lbfgs_results INFO     
minimum chi2 = 84.9863743215

Free parameters [ mean ]
_______________
N              : -427.424468946
b1             : 2.30378555088
f_nl           : -108.40012739
sigma_fog      : 3.53970922338

Constrained parameters [ mean ]
_________________________
b1sigma8       : 0.917628218938
