rank #0: 2019-02-16 14:33:08,594 rsdfit.fitting_driver INFO     rank 51 on nid01133     Calling the 'nlopt' solve function
rank #0: 2019-02-16 14:33:08,595 rsdfit.lbfgs_fitter INFO     running LBFGS for 500 iterations and then stopping
rank #0: 2019-02-16 14:33:08,595 rsdfit.lbfgs_fitter INFO     running LBFGS minimizer with priors
rank #0: 2019-02-16 14:33:08,596 root         INFO     Iter           N          b1        f_nl   sigma_fog   F(X)     
rank #0: 2019-02-16 14:33:08,596 rsdfit.lbfgs_fitter INFO     computing gradient using numerical derivative of lnlike()
rank #0: 2019-02-16 14:33:09,697 LBFGS        INFO     options = {'factr': 100000.0, 'gtol': 1e-05, 'max_iter': 500, 'test_convergence': False}
rank #0: 2019-02-16 14:33:09,698 LBFGS        PARAM    0000          0.000000          2.000000          0.000000          4.000000        129.413087
rank #0: 2019-02-16 14:33:10,947 LBFGS        PARAM    0001         46.337244          2.132299          1.105977          3.985228        105.730831
rank #0: 2019-02-16 14:33:12,077 LBFGS        PARAM    0002        -44.802493          2.412224          5.796671          4.112838         86.471481
rank #0: 2019-02-16 14:33:13,210 LBFGS        PARAM    0003       -161.604805          2.427720          6.816063          4.247353         81.811267
rank #0: 2019-02-16 14:33:14,337 LBFGS        PARAM    0004       -412.072835          2.496334         10.462563          4.586097         77.946565
rank #0: 2019-02-16 14:33:15,459 LBFGS        PARAM    0005       -389.026387          2.486120         11.410275          4.642788         77.783648
rank #0: 2019-02-16 14:33:16,577 LBFGS        PARAM    0006       -314.065384          2.471060         16.346400          4.908299         77.386499
rank #0: 2019-02-16 14:33:17,698 LBFGS        PARAM    0007       -263.772315          2.473400         22.740381          5.169620         77.170611
rank #0: 2019-02-16 14:33:18,821 LBFGS        PARAM    0008       -254.398545          2.478423         28.504742          5.259419         77.109402
rank #0: 2019-02-16 14:33:19,945 LBFGS        PARAM    0009       -253.802673          2.480357         32.753961          5.282439         77.088596
rank #0: 2019-02-16 14:33:21,068 LBFGS        PARAM    0010       -254.569806          2.479625         38.390151          5.281291         77.065015
rank #0: 2019-02-16 14:33:22,193 LBFGS        PARAM    0011       -256.262978          2.473320         49.496391          5.245196         77.024531
rank #0: 2019-02-16 14:33:23,321 LBFGS        PARAM    0012       -255.300144          2.462433         57.712930          5.188369         76.996215
rank #0: 2019-02-16 14:33:24,453 LBFGS        PARAM    0013       -256.787312          2.459608         58.089240          5.162553         76.993415
rank #0: 2019-02-16 14:33:25,577 LBFGS        PARAM    0014       -257.088133          2.459629         57.644831          5.160328         76.993353
rank #0: 2019-02-16 14:33:26,706 LBFGS        PARAM    0015       -257.107712          2.459668         57.576702          5.160384         76.993352
rank #0: 2019-02-16 14:33:27,837 LBFGS        PARAM    0016       -257.106116          2.459669         57.575141          5.160403         76.993352
rank #0: 2019-02-16 14:33:28,970 LBFGS        PARAM    0017       -257.106356          2.459670         57.575132          5.160402         76.993352
rank #0: 2019-02-16 14:33:30,237 LBFGS        PARAM    0018       -257.106355          2.459670         57.575132          5.160402         76.993352
rank #0: 2019-02-16 14:33:58,231 LBFGS        PARAM    0019       -257.106361          2.459670         57.575132          5.160402         76.993352
rank #0: 2019-02-16 14:34:48,200 LBFGS        INFO     Linesearch failed in both LBFGS and gradient directions
rank #0: 2019-02-16 14:34:48,201 LBFGS        PARAM    0019       -257.106361          2.459670         57.575132          5.160402         76.993352
rank #0: 2019-02-16 14:34:48,202 rsdfit.lbfgs_fitter WARNING  ...LBFGS optimization finished. Time elapsed: 0:01:38.51
rank #0: 2019-02-16 14:34:48,203 rsdfit.lbfgs_fitter ERROR    nonlinear fit with method L-BFGS-B failed: Linesearch failed in both LBFGS and gradient directions
rank #0: 2019-02-16 14:34:48,204 rsdfit.fitting_driver INFO     rank 51 on nid01133     ...fitting complete
rank #0: 2019-02-16 14:34:48,208 rsdfit.fitting_driver INFO     rank 51 on nid01133     Saving the results to `/global/cscratch1/sd/nhand/eBOSS/fits/results/mocks/ezmock/v1.8e-fph/0.005-0.3/basemodel-N-fnl/0.8-2.2/QSO-N-0544-P0+P2-mock-cov-3574198df7/2019-02-16_nlopt_19i_chain0__1.npz`
rank #0: 2019-02-16 14:34:48,215 pyRSD.analysis.lbfgs_results INFO     
minimum chi2 = 76.99335189241151

Free parameters [ mean ]
_______________
N              : -257.10636067983785
b1             : 2.4596695237833486
f_nl           : 57.57513180751912
sigma_fog      : 5.160401598468176

Constrained parameters [ mean ]
_________________________
b1sigma8       : 0.8909747192137722
