rank #0: 2018-06-03 09:00:57,375 rsdfit.fitting_driver INFO     rank 18 on nid00679     Calling the 'nlopt' solve function
rank #0: 2018-06-03 09:00:57,376 rsdfit.lbfgs_fitter INFO     running LBFGS for 500 iterations and then stopping
rank #0: 2018-06-03 09:00:57,377 rsdfit.lbfgs_fitter INFO     running LBFGS minimizer with priors
rank #0: 2018-06-03 09:00:57,377 root         INFO     Iter           N          b1        f_nl   sigma_fog   F(X)     
rank #0: 2018-06-03 09:00:57,913 LBFGS        INFO     options = {'factr': 100000.0, 'gtol': 1e-05, 'max_iter': 500, 'test_convergence': False}
rank #0: 2018-06-03 09:00:57,914 LBFGS        PARAM    0000          0.000000          2.000000          0.000000          4.000000        107.558232
rank #0: 2018-06-03 09:00:58,527 LBFGS        PARAM    0001         53.808094          2.137759          2.763744          3.970453         86.917602
rank #0: 2018-06-03 09:00:59,076 LBFGS        PARAM    0002        -45.804302          2.467575         13.164061          4.033348         69.707943
rank #0: 2018-06-03 09:00:59,626 LBFGS        PARAM    0003       -145.048535          2.442001         13.399346          4.131285         66.244542
rank #0: 2018-06-03 09:01:00,176 LBFGS        PARAM    0004       -356.091023          2.481582         16.997740          4.329074         63.646799
rank #0: 2018-06-03 09:01:00,726 LBFGS        PARAM    0005       -402.267916          2.505754         18.360954          4.380540         63.507605
rank #0: 2018-06-03 09:01:01,276 LBFGS        PARAM    0006       -399.998450          2.506416         18.201387          4.387867         63.505924
rank #0: 2018-06-03 09:01:01,826 LBFGS        PARAM    0007       -392.214539          2.508013         17.488811          4.421674         63.502193
rank #0: 2018-06-03 09:01:02,375 LBFGS        PARAM    0008       -390.115428          2.508045         17.200745          4.437477         63.501392
rank #0: 2018-06-03 09:01:02,924 LBFGS        PARAM    0009       -389.881932          2.507810         17.160324          4.441524         63.501300
rank #0: 2018-06-03 09:01:03,473 LBFGS        PARAM    0010       -389.940344          2.507757         17.173695          4.441469         63.501297
rank #0: 2018-06-03 09:01:04,025 LBFGS        PARAM    0011       -389.957357          2.507709         17.193930          4.441419         63.501295
rank #0: 2018-06-03 09:01:04,575 LBFGS        PARAM    0012       -389.886693          2.507636         17.237491          4.441533         63.501292
rank #0: 2018-06-03 09:01:05,124 LBFGS        PARAM    0013       -389.680755          2.507592         17.283006          4.441949         63.501289
rank #0: 2018-06-03 09:01:05,677 LBFGS        PARAM    0014       -389.593961          2.507599         17.290927          4.442128         63.501288
rank #0: 2018-06-03 09:01:06,227 LBFGS        PARAM    0015       -389.587358          2.507604         17.289377          4.442142         63.501288
rank #0: 2018-06-03 09:01:06,775 LBFGS        PARAM    0016       -389.587890          2.507605         17.288881          4.442141         63.501288
rank #0: 2018-06-03 09:01:07,323 LBFGS        PARAM    0017       -389.587984          2.507605         17.288851          4.442141         63.501288
rank #0: 2018-06-03 09:01:20,778 LBFGS        PARAM    0018       -389.587984          2.507605         17.288851          4.442141         63.501288
rank #0: 2018-06-03 09:01:44,256 LBFGS        INFO     Linesearch failed in both LBFGS and gradient directions
rank #0: 2018-06-03 09:01:44,257 LBFGS        PARAM    0018       -389.587984          2.507605         17.288851          4.442141         63.501288
rank #0: 2018-06-03 09:01:44,258 rsdfit.lbfgs_fitter WARNING  ...LBFGS optimization finished. Time elapsed: 0:00:46.34
rank #0: 2018-06-03 09:01:44,259 rsdfit.lbfgs_fitter ERROR    nonlinear fit with method L-BFGS-B failed: Linesearch failed in both LBFGS and gradient directions
rank #0: 2018-06-03 09:01:44,260 rsdfit.fitting_driver INFO     rank 18 on nid00679     ...fitting complete
rank #0: 2018-06-03 09:01:44,263 rsdfit.fitting_driver INFO     rank 18 on nid00679     Saving the results to `/global/cscratch1/sd/nhand/eBOSS/fits/results/mocks/ezmock/v1.8e-fph/0.0001-0.3/basemodel-N-fnl/0.8-2.2/QSO-S-0584-P0+P2-mock-cov-1ab4f6001f/2018-06-03_nlopt_18i_chain0__1.npz`
rank #0: 2018-06-03 09:01:44,285 pyRSD.analysis.lbfgs_results INFO     
minimum chi2 = 63.5012881046

Free parameters [ mean ]
_______________
N              : -389.58798382
b1             : 2.50760482874
f_nl           : 17.2888511188
sigma_fog      : 4.4421412411

Constrained parameters [ mean ]
_________________________
b1sigma8       : 0.940064209792
