rank #0: 2017-11-25 11:58:34,582 rsdfit.fitting_driver INFO     rank 94 on nid00478     Calling the 'nlopt' solve function
rank #0: 2017-11-25 11:58:34,582 rsdfit.lbfgs_fitter INFO     running LBFGS for 500 iterations and then stopping
rank #0: 2017-11-25 11:58:34,582 rsdfit.lbfgs_fitter INFO     running LBFGS minimizer with priors
rank #0: 2017-11-25 11:58:34,582 root         INFO     Iter           N          b1        f_nl   sigma_fog   F(X)     
rank #0: 2017-11-25 11:58:34,637 root         INFO     analytic derivative for parameter 'N' not available; no registered subclass for dPkmu/dN
rank #0: 2017-11-25 11:58:34,924 LBFGS        INFO     options = {'factr': 100000.0, 'gtol': 1e-05, 'max_iter': 500, 'test_convergence': False}
rank #0: 2017-11-25 11:58:34,925 LBFGS        PARAM    0000          0.000000          2.000000          0.000000          4.000000        126.558397
rank #0: 2017-11-25 11:58:35,328 LBFGS        PARAM    0001         -7.619668          2.030360          0.351598          4.001877        119.904207
rank #0: 2017-11-25 11:58:35,671 LBFGS        PARAM    0002        -99.972458          2.115084          1.886631          4.051231        108.120357
rank #0: 2017-11-25 11:58:36,014 LBFGS        PARAM    0003       -207.244261          2.152688          3.220808          4.101768        103.012572
rank #0: 2017-11-25 11:58:36,356 LBFGS        PARAM    0004       -282.986454          2.159372          5.224521          4.087146        101.482515
rank #0: 2017-11-25 11:58:36,700 LBFGS        PARAM    0005       -293.108954          2.162022          5.996478          4.077134        101.391573
rank #0: 2017-11-25 11:58:37,043 LBFGS        PARAM    0006       -312.207022          2.164504         10.377711          4.021563        100.964378
rank #0: 2017-11-25 11:58:37,385 LBFGS        PARAM    0007       -352.926704          2.163060         27.950600          3.862581         99.836708
rank #0: 2017-11-25 11:58:37,728 LBFGS        PARAM    0008       -379.796065          2.158879         57.485008          3.772730         98.733347
rank #0: 2017-11-25 11:58:38,072 LBFGS        PARAM    0009       -363.950794          2.141876        107.901024          3.739588         97.542246
rank #0: 2017-11-25 11:58:38,416 LBFGS        PARAM    0010       -315.581579          2.127108        111.496280          3.823602         97.197642
rank #0: 2017-11-25 11:58:38,819 LBFGS        PARAM    0011       -303.702513          2.125997        113.148498          3.854363         97.183811
rank #0: 2017-11-25 11:58:51,575 LBFGS        PARAM    0012       -302.639086          2.126752        113.160322          3.855804         97.181744
rank #0: 2017-11-25 11:59:15,929 LBFGS        INFO     Linesearch failed in both LBFGS and gradient directions
rank #0: 2017-11-25 11:59:15,930 LBFGS        PARAM    0012       -302.639086          2.126752        113.160322          3.855804         97.181744
rank #0: 2017-11-25 11:59:15,930 rsdfit.lbfgs_fitter WARNING  ...LBFGS optimization finished. Time elapsed: 0:00:41.01
rank #0: 2017-11-25 11:59:15,931 rsdfit.lbfgs_fitter ERROR    nonlinear fit with method L-BFGS-B failed: Linesearch failed in both LBFGS and gradient directions
rank #0: 2017-11-25 11:59:15,931 rsdfit.fitting_driver INFO     rank 94 on nid00478     ...fitting complete
rank #0: 2017-11-25 11:59:15,942 rsdfit.fitting_driver INFO     rank 94 on nid00478     Saving the results to `/global/project/projectdirs/m779/nhand/Research/eBOSS/fits/results/mocks/ezmock/v1.8e-fph/0.0001-0.3/basemodel-N-fnl/0.8-2.2/QSO-N-0152-P0+P2-d10badba55/2017-11-25_nlopt_12i_chain0__1.npz`
rank #0: 2017-11-25 11:59:16,001 pyRSD.analysis.lbfgs_results INFO     
minimum chi2 = 97.1817440749

Free parameters [ mean ]
_______________
N              : -302.639086468
b1             : 2.12675237104
f_nl           : 113.160321848
sigma_fog      : 3.85580420565

Constrained parameters [ mean ]
_________________________
b1sigma8       : 0.846597048629
