rank #0: 2018-12-30 20:08:40,513 rsdfit.fitting_driver INFO     rank 43 on nid00680     Calling the 'nlopt' solve function
rank #0: 2018-12-30 20:08:40,514 rsdfit.lbfgs_fitter INFO     running LBFGS for 500 iterations and then stopping
rank #0: 2018-12-30 20:08:40,514 rsdfit.lbfgs_fitter INFO     running LBFGS minimizer with priors
rank #0: 2018-12-30 20:08:40,514 root         INFO     Iter           N          b1        f_nl   sigma_fog   F(X)     
rank #0: 2018-12-30 20:08:40,514 rsdfit.lbfgs_fitter INFO     computing gradient using numerical derivative of lnlike()
rank #0: 2018-12-30 20:08:41,666 LBFGS        INFO     options = {'factr': 100000.0, 'gtol': 1e-05, 'max_iter': 500, 'test_convergence': False}
rank #0: 2018-12-30 20:08:41,666 LBFGS        PARAM    0000          0.000000          2.000000          0.000000          4.000000         95.712577
rank #0: 2018-12-30 20:08:43,033 LBFGS        PARAM    0001         59.596324          2.130696          1.021733          3.949069         83.810702
rank #0: 2018-12-30 20:08:44,244 LBFGS        PARAM    0002        -19.658244          2.409737          4.885642          3.906045         74.856950
rank #0: 2018-12-30 20:08:45,471 LBFGS        PARAM    0003       -123.100862          2.408277          4.754875          3.947284         73.199456
rank #0: 2018-12-30 20:08:46,684 LBFGS        PARAM    0004       -346.799124          2.461398          5.080894          3.987417         71.921507
rank #0: 2018-12-30 20:08:47,891 LBFGS        PARAM    0005       -371.108838          2.464816          3.866085          3.902931         71.802461
rank #0: 2018-12-30 20:08:49,128 LBFGS        PARAM    0006       -473.177834          2.469845         -4.605286          3.383628         71.486962
rank #0: 2018-12-30 20:08:50,348 LBFGS        PARAM    0007       -469.875903          2.474826         -4.604625          3.412244         71.485547
rank #0: 2018-12-30 20:08:51,591 LBFGS        PARAM    0008       -468.949001          2.472529         -4.476646          3.412700         71.484762
rank #0: 2018-12-30 20:08:52,811 LBFGS        PARAM    0009       -468.998425          2.472546         -4.505889          3.412404         71.484756
rank #0: 2018-12-30 20:08:54,033 LBFGS        PARAM    0010       -468.969475          2.472726         -4.818974          3.413444         71.484716
rank #0: 2018-12-30 20:08:55,276 LBFGS        PARAM    0011       -468.973707          2.472727         -4.827204          3.413626         71.484716
rank #0: 2018-12-30 20:08:56,497 LBFGS        PARAM    0012       -468.975726          2.472727         -4.827284          3.413617         71.484716
rank #0: 2018-12-30 20:08:57,741 LBFGS        PARAM    0013       -468.976015          2.472727         -4.827320          3.413616         71.484716
rank #0: 2018-12-30 20:08:58,962 LBFGS        PARAM    0014       -468.976088          2.472727         -4.827323          3.413616         71.484716
rank #0: 2018-12-30 20:09:00,323 LBFGS        PARAM    0015       -468.976077          2.472727         -4.827323          3.413616         71.484716
rank #0: 2018-12-30 20:09:00,324 LBFGS        INFO     LBFGS iteration 15: the descent direction does not have a sufficient projection (cos(theta)=-6.94e-01, theta=133.9700) into the gradient; using steepest descent at this step!
rank #0: 2018-12-30 20:09:25,953 LBFGS        INFO     Linesearch failed in both LBFGS and gradient directions
rank #0: 2018-12-30 20:09:25,954 LBFGS        PARAM    0015       -468.976077          2.472727         -4.827323          3.413616         71.484716
rank #0: 2018-12-30 20:09:25,954 rsdfit.lbfgs_fitter WARNING  ...LBFGS optimization finished. Time elapsed: 0:00:44.29
rank #0: 2018-12-30 20:09:25,955 rsdfit.lbfgs_fitter ERROR    nonlinear fit with method L-BFGS-B failed: Linesearch failed in both LBFGS and gradient directions
rank #0: 2018-12-30 20:09:25,955 rsdfit.fitting_driver INFO     rank 43 on nid00680     ...fitting complete
rank #0: 2018-12-30 20:09:25,958 rsdfit.fitting_driver INFO     rank 43 on nid00680     Saving the results to `/global/cscratch1/sd/nhand/eBOSS/fits/results/mocks/ezmock/v1.8e-fph/0.0001-0.3/basemodel-N-fnl/0.8-2.2/QSO-S-0103-P0+P2-mock-cov-78b9fba607/2018-12-30_nlopt_15i_chain0__1.npz`
rank #0: 2018-12-30 20:09:26,813 pyRSD.analysis.lbfgs_results INFO     
minimum chi2 = 71.4847159995

Free parameters [ mean ]
_______________
N              : -468.976077207
b1             : 2.47272718515
f_nl           : -4.82732252378
sigma_fog      : 3.41361600536

Constrained parameters [ mean ]
_________________________
b1sigma8       : 0.895704641692
