rank #0: 2017-11-27 22:24:19,296 rsdfit.fitting_driver INFO     rank 30 on nid00492     Calling the 'nlopt' solve function
rank #0: 2017-11-27 22:24:19,296 rsdfit.lbfgs_fitter INFO     running LBFGS for 500 iterations and then stopping
rank #0: 2017-11-27 22:24:19,296 rsdfit.lbfgs_fitter INFO     running LBFGS minimizer with priors
rank #0: 2017-11-27 22:24:19,297 root         INFO     Iter           N          b1           f        f_nl    sigma8_z   sigma_fog   F(X)     
rank #0: 2017-11-27 22:24:20,033 LBFGS        INFO     options = {'factr': 100000.0, 'gtol': 1e-05, 'max_iter': 500, 'test_convergence': False}
rank #0: 2017-11-27 22:24:20,034 LBFGS        PARAM    0000          0.000000          2.000000          0.930924          0.000000          0.397985          4.000000         86.105567
rank #0: 2017-11-27 22:24:20,839 LBFGS        PARAM    0001         -0.202173          2.002135          0.931040          0.019692          0.399488          3.999875         85.083113
rank #0: 2017-11-27 22:24:21,587 LBFGS        PARAM    0002        -24.157782          2.047660          0.933709          0.616739          0.430167          4.012834         76.258596
rank #0: 2017-11-27 22:24:22,336 LBFGS        PARAM    0003        -33.990163          2.038915          0.933382          0.618244          0.424946          4.023382         75.702567
rank #0: 2017-11-27 22:24:23,086 LBFGS        PARAM    0004        -50.283679          2.038095          0.933551          0.747388          0.424927          4.037997         75.477206
rank #0: 2017-11-27 22:24:23,831 LBFGS        PARAM    0005       -406.513886          2.029376          0.938091          3.752846          0.431188          4.354656         72.735472
rank #0: 2017-11-27 22:24:24,580 LBFGS        PARAM    0006       -462.975336          2.023819          0.941899          5.107306          0.435657          4.393777         72.543079
rank #0: 2017-11-27 22:24:25,329 LBFGS        PARAM    0007       -471.360030          2.021007          0.943472          5.611001          0.437181          4.396595         72.525929
rank #0: 2017-11-27 22:24:26,078 LBFGS        PARAM    0008       -472.697935          2.018731          0.944396          5.902372          0.437767          4.395345         72.519540
rank #0: 2017-11-27 22:24:26,824 LBFGS        PARAM    0009       -476.914771          2.004766          0.949581          7.554994          0.440502          4.386571         72.489209
rank #0: 2017-11-27 22:24:27,569 LBFGS        PARAM    0010       -479.184839          1.984979          0.956449          9.812063          0.443580          4.375556         72.455613
rank #0: 2017-11-27 22:24:28,317 LBFGS        PARAM    0011       -465.839175          1.950684          0.967618         15.252868          0.448634          4.429524         72.383711
rank #0: 2017-11-27 22:24:29,063 LBFGS        PARAM    0012       -419.333737          1.890026          0.986815         26.691501          0.457251          4.595145         72.298337
rank #0: 2017-11-27 22:24:29,809 LBFGS        PARAM    0013       -403.209398          1.891625          0.986118         27.892579          0.456950          4.646490         72.272423
rank #0: 2017-11-27 22:24:30,555 LBFGS        PARAM    0014       -383.516306          1.891622          0.988370         32.604987          0.457273          4.730132         72.244700
rank #0: 2017-11-27 22:24:31,301 LBFGS        PARAM    0015       -375.363981          1.889204          0.991361         36.595271          0.457905          4.775110         72.235430
rank #0: 2017-11-27 22:24:32,047 LBFGS        PARAM    0016       -370.872631          1.886432          0.995018         40.976772          0.458513          4.804734         72.227451
rank #0: 2017-11-27 22:24:32,796 LBFGS        PARAM    0017       -367.412715          1.883761          1.000666         47.889294          0.458939          4.829957         72.214935
rank #0: 2017-11-27 22:24:33,545 LBFGS        PARAM    0018       -364.453251          1.883999          1.009757         60.207610          0.458410          4.849403         72.191008
rank #0: 2017-11-27 22:24:34,292 LBFGS        PARAM    0019       -361.129919          1.894371          1.026490         85.893616          0.454867          4.856809         72.140837
rank #0: 2017-11-27 22:24:35,041 LBFGS        PARAM    0020       -359.491263          1.917731          1.042728        114.978393          0.447743          4.821564         72.083653
rank #0: 2017-11-27 22:24:35,792 LBFGS        PARAM    0021       -361.566551          1.933128          1.040504        117.768682          0.443052          4.748324         72.012006
rank #0: 2017-11-27 22:24:36,543 LBFGS        PARAM    0022       -375.475567          1.965020          1.023065        104.950772          0.436493          4.625330         71.972925
rank #0: 2017-11-27 22:24:37,291 LBFGS        PARAM    0023       -372.378760          1.968188          1.025304        109.037224          0.435867          4.640635         71.970786
rank #0: 2017-11-27 22:24:38,034 LBFGS        PARAM    0024       -371.352521          1.966546          1.024300        107.216529          0.436425          4.647942         71.970478
rank #0: 2017-11-27 22:24:38,775 LBFGS        PARAM    0025       -371.776861          1.967850          1.023995        107.230035          0.436148          4.644615         71.970442
rank #0: 2017-11-27 22:24:39,516 LBFGS        PARAM    0026       -371.728856          1.967844          1.024026        107.269335          0.436149          4.644826         71.970442
rank #0: 2017-11-27 22:24:40,256 LBFGS        PARAM    0027       -371.729372          1.967846          1.024023        107.266768          0.436149          4.644820         71.970442
rank #0: 2017-11-27 22:24:41,230 LBFGS        PARAM    0028       -371.729380          1.967846          1.024023        107.266752          0.436149          4.644820         71.970442
rank #0: 2017-11-27 22:24:42,491 LBFGS        PARAM    0029       -371.729381          1.967846          1.024023        107.266751          0.436149          4.644820         71.970442
rank #0: 2017-11-27 22:25:05,193 LBFGS        INFO     Linesearch failed in both LBFGS and gradient directions
rank #0: 2017-11-27 22:25:05,194 LBFGS        PARAM    0029       -371.729381          1.967846          1.024023        107.266751          0.436149          4.644820         71.970442
rank #0: 2017-11-27 22:25:05,195 rsdfit.lbfgs_fitter WARNING  ...LBFGS optimization finished. Time elapsed: 0:00:45.16
rank #0: 2017-11-27 22:25:05,195 rsdfit.lbfgs_fitter ERROR    nonlinear fit with method L-BFGS-B failed: Linesearch failed in both LBFGS and gradient directions
rank #0: 2017-11-27 22:25:05,196 rsdfit.fitting_driver INFO     rank 30 on nid00492     ...fitting complete
rank #0: 2017-11-27 22:25:05,198 rsdfit.fitting_driver INFO     rank 30 on nid00492     Saving the results to `/global/cscratch1/sd/nhand/eBOSS/fits/results/mocks/ezmock/v1.8e-fph/0.0001-0.3/basemodel-fs8-N-fnl/0.8-2.2/QSO-S-0667-P0+P2-mock-cov-0a197b956d/2017-11-27_nlopt_29i_chain0__1.npz`
rank #0: 2017-11-27 22:25:05,218 pyRSD.analysis.lbfgs_results INFO     
minimum chi2 = 71.9704418105

Free parameters [ mean ]
_______________
N              : -371.729381198
b1             : 1.96784592131
f              : 1.02402331492
f_nl           : 107.266751305
sigma8_z       : 0.436149085941
sigma_fog      : 4.64482015599

Constrained parameters [ mean ]
_________________________
b1sigma8       : 0.85827419985
fsigma8        : 0.446626832785
