rank #0: 2018-06-24 14:17:28,465 rsdfit.fitting_driver INFO     rank 20 on nid00536     Calling the 'nlopt' solve function
rank #0: 2018-06-24 14:17:28,528 rsdfit.lbfgs_fitter INFO     running LBFGS for 500 iterations and then stopping
rank #0: 2018-06-24 14:17:28,529 rsdfit.lbfgs_fitter INFO     running LBFGS minimizer with priors
rank #0: 2018-06-24 14:17:28,530 root         INFO     Iter           N          b1        f_nl   sigma_fog   F(X)     
rank #0: 2018-06-24 14:17:29,089 LBFGS        INFO     options = {'factr': 100000.0, 'gtol': 1e-05, 'max_iter': 500, 'test_convergence': False}
rank #0: 2018-06-24 14:17:29,090 LBFGS        PARAM    0000          0.000000          2.000000          0.000000          4.000000        117.826000
rank #0: 2018-06-24 14:17:29,747 LBFGS        PARAM    0001         10.672242          2.093249          2.105454          4.001048        101.284170
rank #0: 2018-06-24 14:17:30,339 LBFGS        PARAM    0002        -96.733964          2.318063         10.348555          4.151491         82.479736
rank #0: 2018-06-24 14:17:30,932 LBFGS        PARAM    0003       -245.397268          2.363020         13.549120          4.286373         76.835678
rank #0: 2018-06-24 14:17:31,508 LBFGS        PARAM    0004       -438.078346          2.385227         18.208564          4.490703         73.681936
rank #0: 2018-06-24 14:17:32,102 LBFGS        PARAM    0005       -433.661834          2.387696         19.112797          4.493738         73.655636
rank #0: 2018-06-24 14:17:32,698 LBFGS        PARAM    0006       -425.133662          2.387705         21.193497          4.502948         73.620252
rank #0: 2018-06-24 14:17:33,278 LBFGS        PARAM    0007       -407.972022          2.383910         26.968489          4.533885         73.547851
rank #0: 2018-06-24 14:17:33,872 LBFGS        PARAM    0008       -390.248706          2.374758         35.033541          4.577922         73.471172
rank #0: 2018-06-24 14:17:34,468 LBFGS        PARAM    0009       -398.534747          2.363852         42.501580          4.538439         73.417610
rank #0: 2018-06-24 14:17:35,065 LBFGS        PARAM    0010       -400.137182          2.361809         42.632656          4.525394         73.415504
rank #0: 2018-06-24 14:17:35,645 LBFGS        PARAM    0011       -400.715798          2.361952         42.496146          4.525533         73.415453
rank #0: 2018-06-24 14:17:36,241 LBFGS        PARAM    0012       -400.707875          2.362002         42.418037          4.526868         73.415430
rank #0: 2018-06-24 14:17:36,838 LBFGS        PARAM    0013       -400.433028          2.361984         42.399399          4.528624         73.415419
rank #0: 2018-06-24 14:17:37,428 LBFGS        PARAM    0014       -400.287313          2.361956         42.416458          4.529092         73.415418
rank #0: 2018-06-24 14:17:38,014 LBFGS        PARAM    0015       -400.264547          2.361949         42.422320          4.529114         73.415418
rank #0: 2018-06-24 14:17:38,612 LBFGS        PARAM    0016       -400.264583          2.361949         42.422557          4.529111         73.415418
rank #0: 2018-06-24 14:17:53,203 LBFGS        PARAM    0017       -400.264577          2.361949         42.422557          4.529111         73.415418
rank #0: 2018-06-24 14:17:53,936 LBFGS        PARAM    0018       -400.264577          2.361949         42.422557          4.529111         73.415418
rank #0: 2018-06-24 14:17:54,523 LBFGS        PARAM    0019       -400.264577          2.361949         42.422557          4.529111         73.415418
rank #0: 2018-06-24 14:18:08,958 LBFGS        PARAM    0020       -400.264569          2.361949         42.422557          4.529111         73.415418
rank #0: 2018-06-24 14:18:34,893 LBFGS        INFO     Linesearch failed in both LBFGS and gradient directions
rank #0: 2018-06-24 14:18:34,895 LBFGS        PARAM    0020       -400.264569          2.361949         42.422557          4.529111         73.415418
rank #0: 2018-06-24 14:18:34,896 rsdfit.lbfgs_fitter WARNING  ...LBFGS optimization finished. Time elapsed: 0:01:05.81
rank #0: 2018-06-24 14:18:34,897 rsdfit.lbfgs_fitter ERROR    nonlinear fit with method L-BFGS-B failed: Linesearch failed in both LBFGS and gradient directions
rank #0: 2018-06-24 14:18:34,898 rsdfit.fitting_driver INFO     rank 20 on nid00536     ...fitting complete
rank #0: 2018-06-24 14:18:34,904 rsdfit.fitting_driver INFO     rank 20 on nid00536     Saving the results to `/global/cscratch1/sd/nhand/eBOSS/fits/results/mocks/ezmock/v1.8e-fph/0.005-0.3/basemodel-N-fnl/0.8-2.2/QSO-N-0689-P0+P2-mock-cov-1ab4f6001f/2018-06-24_nlopt_20i_chain0__1.npz`
rank #0: 2018-06-24 14:18:34,941 pyRSD.analysis.lbfgs_results INFO     
minimum chi2 = 73.4154181096

Free parameters [ mean ]
_______________
N              : -400.264569331
b1             : 2.36194893621
f_nl           : 42.4225572159
sigma_fog      : 4.52911133466

Constrained parameters [ mean ]
_________________________
b1sigma8       : 0.885459955588
