rank #0: 2018-06-03 09:00:38,049 rsdfit.fitting_driver INFO     rank 52 on nid00680     Calling the 'nlopt' solve function
rank #0: 2018-06-03 09:00:38,049 rsdfit.lbfgs_fitter INFO     running LBFGS for 500 iterations and then stopping
rank #0: 2018-06-03 09:00:38,050 rsdfit.lbfgs_fitter INFO     running LBFGS minimizer with priors
rank #0: 2018-06-03 09:00:38,050 root         INFO     Iter           N          b1        f_nl   sigma_fog   F(X)     
rank #0: 2018-06-03 09:00:38,591 LBFGS        INFO     options = {'factr': 100000.0, 'gtol': 1e-05, 'max_iter': 500, 'test_convergence': False}
rank #0: 2018-06-03 09:00:38,592 LBFGS        PARAM    0000          0.000000          2.000000          0.000000          4.000000        116.739774
rank #0: 2018-06-03 09:00:39,206 LBFGS        PARAM    0001         69.005903          2.129949          2.801563          3.964307         97.506617
rank #0: 2018-06-03 09:00:39,757 LBFGS        PARAM    0002         11.792801          2.420427         12.845280          3.984774         83.219729
rank #0: 2018-06-03 09:00:40,310 LBFGS        PARAM    0003        -18.276925          2.380305         13.894382          4.080902         81.700072
rank #0: 2018-06-03 09:00:40,862 LBFGS        PARAM    0004       -158.105046          2.358144         20.052640          4.336879         80.716063
rank #0: 2018-06-03 09:00:41,414 LBFGS        PARAM    0005       -152.287930          2.391929         22.536410          4.359392         79.643388
rank #0: 2018-06-03 09:00:41,967 LBFGS        PARAM    0006       -193.690513          2.441064         29.564980          4.487582         78.986572
rank #0: 2018-06-03 09:00:42,519 LBFGS        PARAM    0007       -205.681324          2.440746         31.173922          4.510018         78.958187
rank #0: 2018-06-03 09:00:43,073 LBFGS        PARAM    0008       -209.864344          2.438228         32.708454          4.510824         78.945738
rank #0: 2018-06-03 09:00:43,627 LBFGS        PARAM    0009       -210.021413          2.434253         34.837686          4.496529         78.934118
rank #0: 2018-06-03 09:00:44,181 LBFGS        PARAM    0010       -205.857658          2.431191         36.206199          4.469668         78.927970
rank #0: 2018-06-03 09:00:44,735 LBFGS        PARAM    0011       -204.563267          2.430814         36.193369          4.461062         78.927514
rank #0: 2018-06-03 09:00:45,286 LBFGS        PARAM    0012       -204.677796          2.430902         36.151426          4.459232         78.927475
rank #0: 2018-06-03 09:00:45,837 LBFGS        PARAM    0013       -205.320824          2.431054         36.090056          4.456039         78.927421
rank #0: 2018-06-03 09:00:46,388 LBFGS        PARAM    0014       -206.409335          2.431177         36.059529          4.452868         78.927377
rank #0: 2018-06-03 09:00:46,942 LBFGS        PARAM    0015       -207.008126          2.431191         36.069188          4.451953         78.927366
rank #0: 2018-06-03 09:00:47,494 LBFGS        PARAM    0016       -207.045624          2.431182         36.075051          4.452083         78.927365
rank #0: 2018-06-03 09:00:48,045 LBFGS        PARAM    0017       -207.037137          2.431179         36.076215          4.452136         78.927365
rank #0: 2018-06-03 09:00:48,596 LBFGS        PARAM    0018       -207.035674          2.431179         36.076276          4.452141         78.927365
rank #0: 2018-06-03 09:00:49,146 LBFGS        PARAM    0019       -207.035635          2.431179         36.076276          4.452141         78.927365
rank #0: 2018-06-03 09:00:49,761 LBFGS        PARAM    0020       -207.035630          2.431179         36.076276          4.452141         78.927365
rank #0: 2018-06-03 09:01:02,822 LBFGS        PARAM    0021       -207.035639          2.431179         36.076276          4.452141         78.927365
rank #0: 2018-06-03 09:01:26,712 LBFGS        INFO     Linesearch failed in both LBFGS and gradient directions
rank #0: 2018-06-03 09:01:26,713 LBFGS        PARAM    0021       -207.035639          2.431179         36.076276          4.452141         78.927365
rank #0: 2018-06-03 09:01:26,714 rsdfit.lbfgs_fitter WARNING  ...LBFGS optimization finished. Time elapsed: 0:00:48.12
rank #0: 2018-06-03 09:01:26,714 rsdfit.lbfgs_fitter ERROR    nonlinear fit with method L-BFGS-B failed: Linesearch failed in both LBFGS and gradient directions
rank #0: 2018-06-03 09:01:26,715 rsdfit.fitting_driver INFO     rank 52 on nid00680     ...fitting complete
rank #0: 2018-06-03 09:01:26,718 rsdfit.fitting_driver INFO     rank 52 on nid00680     Saving the results to `/global/cscratch1/sd/nhand/eBOSS/fits/results/mocks/ezmock/v1.8e-fph/0.0001-0.3/basemodel-N-fnl/0.8-2.2/QSO-S-0556-P0+P2-mock-cov-1ab4f6001f/2018-06-03_nlopt_21i_chain0__1.npz`
rank #0: 2018-06-03 09:01:26,740 pyRSD.analysis.lbfgs_results INFO     
minimum chi2 = 78.9273652466

Free parameters [ mean ]
_______________
N              : -207.035638929
b1             : 2.43117900963
f_nl           : 36.0762758884
sigma_fog      : 4.45214091471

Constrained parameters [ mean ]
_________________________
b1sigma8       : 0.91141329302
