rank #0: 2019-02-16 14:10:46,136 rsdfit.fitting_driver INFO     rank 27 on nid00678     Calling the 'nlopt' solve function
rank #0: 2019-02-16 14:10:46,137 rsdfit.lbfgs_fitter INFO     running LBFGS for 500 iterations and then stopping
rank #0: 2019-02-16 14:10:46,138 rsdfit.lbfgs_fitter INFO     running LBFGS minimizer with priors
rank #0: 2019-02-16 14:10:46,138 root         INFO     Iter           N          b1        f_nl   sigma_fog   F(X)     
rank #0: 2019-02-16 14:10:46,139 rsdfit.lbfgs_fitter INFO     computing gradient using numerical derivative of lnlike()
rank #0: 2019-02-16 14:10:47,261 LBFGS        INFO     options = {'factr': 100000.0, 'gtol': 1e-05, 'max_iter': 500, 'test_convergence': False}
rank #0: 2019-02-16 14:10:47,262 LBFGS        PARAM    0000          0.000000          2.000000          0.000000          4.000000        103.125482
rank #0: 2019-02-16 14:10:48,529 LBFGS        PARAM    0001         37.957289          2.105200          1.746424          3.954442         89.663818
rank #0: 2019-02-16 14:10:49,670 LBFGS        PARAM    0002        -40.466001          2.345746          7.016155          3.883612         78.440152
rank #0: 2019-02-16 14:10:50,806 LBFGS        PARAM    0003       -128.426045          2.341617          6.793294          3.898387         76.544852
rank #0: 2019-02-16 14:10:51,948 LBFGS        PARAM    0004       -389.379147          2.389613          7.005170          3.875180         74.274835
rank #0: 2019-02-16 14:10:53,087 LBFGS        PARAM    0005       -449.779776          2.401947          4.955448          3.729644         73.796964
rank #0: 2019-02-16 14:10:54,229 LBFGS        PARAM    0006       -597.571502          2.414614         -9.399124          3.081763         72.917727
rank #0: 2019-02-16 14:10:55,370 LBFGS        PARAM    0007       -597.050903          2.433689        -13.977135          3.122830         72.855250
rank #0: 2019-02-16 14:10:56,515 LBFGS        PARAM    0008       -591.806451          2.433354        -15.581203          3.142447         72.837856
rank #0: 2019-02-16 14:10:57,662 LBFGS        PARAM    0009       -586.234995          2.440151        -28.356916          3.197675         72.777352
rank #0: 2019-02-16 14:10:58,807 LBFGS        PARAM    0010       -596.858762          2.447065        -34.815300          3.195041         72.765629
rank #0: 2019-02-16 14:10:59,957 LBFGS        PARAM    0011       -605.408601          2.451227        -37.700619          3.186767         72.763718
rank #0: 2019-02-16 14:11:01,106 LBFGS        PARAM    0012       -605.903401          2.451568        -37.960242          3.185663         72.763703
rank #0: 2019-02-16 14:11:02,251 LBFGS        PARAM    0013       -605.913909          2.451576        -37.966525          3.185669         72.763703
rank #0: 2019-02-16 14:11:03,399 LBFGS        PARAM    0014       -605.914098          2.451577        -37.966891          3.185671         72.763703
rank #0: 2019-02-16 14:11:04,546 LBFGS        PARAM    0015       -605.913986          2.451577        -37.966902          3.185672         72.763703
rank #0: 2019-02-16 14:11:56,093 LBFGS        INFO     Linesearch failed in both LBFGS and gradient directions
rank #0: 2019-02-16 14:11:56,094 LBFGS        PARAM    0015       -605.913986          2.451577        -37.966902          3.185672         72.763703
rank #0: 2019-02-16 14:11:56,095 rsdfit.lbfgs_fitter WARNING  ...LBFGS optimization finished. Time elapsed: 0:01:08.83
rank #0: 2019-02-16 14:11:56,096 rsdfit.lbfgs_fitter ERROR    nonlinear fit with method L-BFGS-B failed: Linesearch failed in both LBFGS and gradient directions
rank #0: 2019-02-16 14:11:56,098 rsdfit.fitting_driver INFO     rank 27 on nid00678     ...fitting complete
rank #0: 2019-02-16 14:11:56,102 rsdfit.fitting_driver INFO     rank 27 on nid00678     Saving the results to `/global/cscratch1/sd/nhand/eBOSS/fits/results/mocks/ezmock/v1.8e-fph/0.005-0.3/basemodel-N-fnl/0.8-2.2/QSO-S-0741-P0+P2-mock-cov-26d5de4060/2019-02-16_nlopt_15i_chain0__1.npz`
rank #0: 2019-02-16 14:11:56,111 pyRSD.analysis.lbfgs_results INFO     
minimum chi2 = 72.76370339556799

Free parameters [ mean ]
_______________
N              : -605.9139857169622
b1             : 2.4515766871503177
f_nl           : -37.966902269187464
sigma_fog      : 3.1856717120722875

Constrained parameters [ mean ]
_________________________
b1sigma8       : 0.9190600826495806
