rank #0: 2017-11-27 20:42:07,636 rsdfit.fitting_driver INFO     rank 1 on nid00561     Calling the 'nlopt' solve function
rank #0: 2017-11-27 20:42:07,636 rsdfit.lbfgs_fitter INFO     running LBFGS for 500 iterations and then stopping
rank #0: 2017-11-27 20:42:07,637 rsdfit.lbfgs_fitter INFO     running LBFGS minimizer with priors
rank #0: 2017-11-27 20:42:07,637 root         INFO     Iter           N          b1        f_nl   sigma_fog   F(X)     
rank #0: 2017-11-27 20:42:08,155 LBFGS        INFO     options = {'factr': 100000.0, 'gtol': 1e-05, 'max_iter': 500, 'test_convergence': False}
rank #0: 2017-11-27 20:42:08,156 LBFGS        PARAM    0000          0.000000          2.000000          0.000000          4.000000         98.209910
rank #0: 2017-11-27 20:42:08,746 LBFGS        PARAM    0001         -9.705521          2.075843          0.649940          4.025559         87.825358
rank #0: 2017-11-27 20:42:09,278 LBFGS        PARAM    0002       -109.733346          2.223650          2.938390          4.196522         78.872048
rank #0: 2017-11-27 20:42:09,813 LBFGS        PARAM    0003       -171.127800          2.224428          3.330999          4.299787         77.260144
rank #0: 2017-11-27 20:42:10,344 LBFGS        PARAM    0004       -346.195247          2.234422          4.881573          4.662603         75.109454
rank #0: 2017-11-27 20:42:10,875 LBFGS        PARAM    0005       -332.409487          2.232651          5.135657          4.722666         75.030341
rank #0: 2017-11-27 20:42:11,404 LBFGS        PARAM    0006       -276.935112          2.231482          6.261351          4.907888         74.912367
rank #0: 2017-11-27 20:42:11,932 LBFGS        PARAM    0007       -273.437605          2.231381          7.162172          4.911232         74.910558
rank #0: 2017-11-27 20:42:12,461 LBFGS        PARAM    0008       -264.785613          2.230313         11.125785          4.915282         74.905593
rank #0: 2017-11-27 20:42:12,988 LBFGS        PARAM    0009       -255.541912          2.227793         18.448958          4.915203         74.898337
rank #0: 2017-11-27 20:42:13,517 LBFGS        PARAM    0010       -245.460895          2.222165         32.693325          4.905922         74.889336
rank #0: 2017-11-27 20:42:14,047 LBFGS        PARAM    0011       -252.245265          2.221326         32.926567          4.897640         74.882068
rank #0: 2017-11-27 20:42:14,578 LBFGS        PARAM    0012       -263.049181          2.219510         35.110901          4.882104         74.877559
rank #0: 2017-11-27 20:42:15,106 LBFGS        PARAM    0013       -263.586856          2.219908         34.092969          4.882754         74.877537
rank #0: 2017-11-27 20:42:15,634 LBFGS        PARAM    0014       -263.306822          2.219770         34.444435          4.882571         74.877527
rank #0: 2017-11-27 20:42:16,167 LBFGS        PARAM    0015       -263.309862          2.219770         34.449416          4.882566         74.877527
rank #0: 2017-11-27 20:42:16,700 LBFGS        PARAM    0016       -263.309348          2.219769         34.449372          4.882566         74.877527
rank #0: 2017-11-27 20:42:17,228 LBFGS        PARAM    0017       -263.309322          2.219769         34.449369          4.882566         74.877527
rank #0: 2017-11-27 20:42:40,066 LBFGS        INFO     Linesearch failed in both LBFGS and gradient directions
rank #0: 2017-11-27 20:42:40,066 LBFGS        PARAM    0017       -263.309322          2.219769         34.449369          4.882566         74.877527
rank #0: 2017-11-27 20:42:40,066 rsdfit.lbfgs_fitter WARNING  ...LBFGS optimization finished. Time elapsed: 0:00:31.91
rank #0: 2017-11-27 20:42:40,067 rsdfit.lbfgs_fitter ERROR    nonlinear fit with method L-BFGS-B failed: Linesearch failed in both LBFGS and gradient directions
rank #0: 2017-11-27 20:42:40,068 rsdfit.fitting_driver INFO     rank 1 on nid00561     ...fitting complete
rank #0: 2017-11-27 20:42:40,070 rsdfit.fitting_driver INFO     rank 1 on nid00561     Saving the results to `/global/cscratch1/sd/nhand/eBOSS/fits/results/mocks/ezmock/v1.8e-fph/0.0001-0.3/basemodel-N-fnl/0.8-2.2/QSO-N-0767-P0+P2-mock-cov-a9f629560d/2017-11-27_nlopt_17i_chain0__1.npz`
rank #0: 2017-11-27 20:42:40,091 pyRSD.analysis.lbfgs_results INFO     
minimum chi2 = 74.8775271903

Free parameters [ mean ]
_______________
N              : -263.309322094
b1             : 2.21976946769
f_nl           : 34.4493688871
sigma_fog      : 4.8825660562

Constrained parameters [ mean ]
_________________________
b1sigma8       : 0.883622242288
