rank #0: 2018-07-16 20:15:03,670 rsdfit.fitting_driver INFO     rank 52 on nid00617     Calling the 'nlopt' solve function
rank #0: 2018-07-16 20:15:03,671 rsdfit.lbfgs_fitter INFO     running LBFGS for 500 iterations and then stopping
rank #0: 2018-07-16 20:15:03,671 rsdfit.lbfgs_fitter INFO     running LBFGS minimizer with priors
rank #0: 2018-07-16 20:15:03,671 root         INFO     Iter           N          b1        f_nl   sigma_fog   F(X)     
rank #0: 2018-07-16 20:15:04,256 LBFGS        INFO     options = {'factr': 100000.0, 'gtol': 1e-05, 'max_iter': 500, 'test_convergence': False}
rank #0: 2018-07-16 20:15:04,257 LBFGS        PARAM    0000          0.000000          2.000000          0.000000          4.000000        139.999077
rank #0: 2018-07-16 20:15:04,896 LBFGS        PARAM    0001         55.465760          2.151458          1.437648          3.994639        111.901289
rank #0: 2018-07-16 20:15:05,487 LBFGS        PARAM    0002        -50.868474          2.477166          8.147595          4.180870         88.556260
rank #0: 2018-07-16 20:15:06,080 LBFGS        PARAM    0003       -188.745138          2.493134          9.983549          4.348141         82.059153
rank #0: 2018-07-16 20:15:06,673 LBFGS        PARAM    0004       -476.313062          2.573731         16.700700          4.761531         76.921096
rank #0: 2018-07-16 20:15:07,250 LBFGS        PARAM    0005       -444.350927          2.556610         19.494141          4.832100         76.557679
rank #0: 2018-07-16 20:15:07,846 LBFGS        PARAM    0006       -331.951080          2.523971         34.038114          5.197728         75.553459
rank #0: 2018-07-16 20:15:08,436 LBFGS        PARAM    0007       -238.408278          2.515562         53.773292          5.635493         74.838832
rank #0: 2018-07-16 20:15:09,012 LBFGS        PARAM    0008       -222.925370          2.518759         73.980900          5.776332         74.500290
rank #0: 2018-07-16 20:15:09,604 LBFGS        PARAM    0009       -229.988395          2.519128         86.355379          5.762652         74.403165
rank #0: 2018-07-16 20:15:10,197 LBFGS        PARAM    0010       -239.949739          2.514463         94.320085          5.684816         74.341772
rank #0: 2018-07-16 20:15:10,786 LBFGS        PARAM    0011       -251.964638          2.500708        103.727252          5.539021         74.282268
rank #0: 2018-07-16 20:15:11,360 LBFGS        PARAM    0012       -252.660359          2.498548        103.638418          5.519525         74.280217
rank #0: 2018-07-16 20:15:11,949 LBFGS        PARAM    0013       -252.387723          2.498449        103.354287          5.520066         74.280168
rank #0: 2018-07-16 20:15:12,539 LBFGS        PARAM    0014       -252.327371          2.498457        103.324697          5.520468         74.280167
rank #0: 2018-07-16 20:15:13,115 LBFGS        PARAM    0015       -252.321607          2.498457        103.325150          5.520504         74.280167
rank #0: 2018-07-16 20:15:13,702 LBFGS        PARAM    0016       -252.321043          2.498456        103.325414          5.520507         74.280167
rank #0: 2018-07-16 20:15:14,294 LBFGS        PARAM    0017       -252.321041          2.498456        103.325422          5.520507         74.280167
rank #0: 2018-07-16 20:15:14,888 LBFGS        PARAM    0018       -252.321041          2.498456        103.325423          5.520507         74.280167
rank #0: 2018-07-16 20:15:15,531 LBFGS        PARAM    0019       -252.321041          2.498456        103.325424          5.520507         74.280167
rank #0: 2018-07-16 20:15:16,122 LBFGS        PARAM    0020       -252.321040          2.498456        103.325424          5.520507         74.280167
rank #0: 2018-07-16 20:15:16,123 LBFGS        INFO     LBFGS iteration 20: the descent direction does not have a sufficient projection (cos(theta)=-2.37e-01, theta=103.7237) into the gradient; using steepest descent at this step!
rank #0: 2018-07-16 20:15:28,088 LBFGS        INFO     Linesearch failed in both LBFGS and gradient directions
rank #0: 2018-07-16 20:15:28,089 LBFGS        PARAM    0020       -252.321040          2.498456        103.325424          5.520507         74.280167
rank #0: 2018-07-16 20:15:28,089 rsdfit.lbfgs_fitter WARNING  ...LBFGS optimization finished. Time elapsed: 0:00:23.83
rank #0: 2018-07-16 20:15:28,090 rsdfit.lbfgs_fitter ERROR    nonlinear fit with method L-BFGS-B failed: Linesearch failed in both LBFGS and gradient directions
rank #0: 2018-07-16 20:15:28,090 rsdfit.fitting_driver INFO     rank 52 on nid00617     ...fitting complete
rank #0: 2018-07-16 20:15:28,094 rsdfit.fitting_driver INFO     rank 52 on nid00617     Saving the results to `/global/cscratch1/sd/nhand/eBOSS/fits/results/mocks/ezmock/v1.8e-fph/0.005-0.3/basemodel-N-fnl/0.8-2.2/QSO-N-0138-P0+P2-mock-cov-f224d44da7/2018-07-16_nlopt_20i_chain0__1.npz`
rank #0: 2018-07-16 20:15:28,118 pyRSD.analysis.lbfgs_results INFO     
minimum chi2 = 74.2801674915

Free parameters [ mean ]
_______________
N              : -252.321040173
b1             : 2.49845646742
f_nl           : 103.325423802
sigma_fog      : 5.52050657871

Constrained parameters [ mean ]
_________________________
b1sigma8       : 0.905024649857
