rank #0: 2018-12-30 19:45:43,437 rsdfit.fitting_driver INFO     rank 45 on nid00631     Calling the 'nlopt' solve function
rank #0: 2018-12-30 19:45:43,437 rsdfit.lbfgs_fitter INFO     running LBFGS for 500 iterations and then stopping
rank #0: 2018-12-30 19:45:43,438 rsdfit.lbfgs_fitter INFO     running LBFGS minimizer with priors
rank #0: 2018-12-30 19:45:43,438 root         INFO     Iter           N          b1        f_nl   sigma_fog   F(X)     
rank #0: 2018-12-30 19:45:43,438 rsdfit.lbfgs_fitter INFO     computing gradient using numerical derivative of lnlike()
rank #0: 2018-12-30 19:45:44,628 LBFGS        INFO     options = {'factr': 100000.0, 'gtol': 1e-05, 'max_iter': 500, 'test_convergence': False}
rank #0: 2018-12-30 19:45:44,629 LBFGS        PARAM    0000          0.000000          2.000000          0.000000          4.000000        120.596894
rank #0: 2018-12-30 19:45:45,989 LBFGS        PARAM    0001         63.282999          2.147408          1.140205          3.978471         91.996820
rank #0: 2018-12-30 19:45:47,215 LBFGS        PARAM    0002        -19.541461          2.448917          5.768867          4.096269         70.925808
rank #0: 2018-12-30 19:45:48,466 LBFGS        PARAM    0003       -129.926002          2.453510          6.348252          4.231006         66.170724
rank #0: 2018-12-30 19:45:49,690 LBFGS        PARAM    0004       -383.860594          2.526379          8.955881          4.574491         62.159749
rank #0: 2018-12-30 19:45:50,933 LBFGS        PARAM    0005       -362.789184          2.520686          8.961628          4.628849         62.038833
rank #0: 2018-12-30 19:45:52,156 LBFGS        PARAM    0006       -282.007378          2.514687          9.719046          4.939851         61.732965
rank #0: 2018-12-30 19:45:53,377 LBFGS        PARAM    0007       -276.407975          2.520875          9.990085          5.018289         61.713423
rank #0: 2018-12-30 19:45:54,621 LBFGS        PARAM    0008       -276.888302          2.520736          9.933070          5.022602         61.713217
rank #0: 2018-12-30 19:45:55,846 LBFGS        PARAM    0009       -276.807336          2.520724          9.911707          5.023107         61.713209
rank #0: 2018-12-30 19:45:57,095 LBFGS        PARAM    0010       -276.599114          2.520756          9.764329          5.024545         61.713172
rank #0: 2018-12-30 19:45:58,318 LBFGS        PARAM    0011       -276.676729          2.520889          9.596849          5.024574         61.713145
rank #0: 2018-12-30 19:45:59,543 LBFGS        PARAM    0012       -276.894092          2.521005          9.522814          5.023662         61.713137
rank #0: 2018-12-30 19:46:00,793 LBFGS        PARAM    0013       -276.921578          2.521014          9.523167          5.023522         61.713137
rank #0: 2018-12-30 19:46:02,023 LBFGS        PARAM    0014       -276.923898          2.521014          9.524350          5.023507         61.713137
rank #0: 2018-12-30 19:46:03,264 LBFGS        PARAM    0015       -276.923863          2.521014          9.524482          5.023507         61.713137
rank #0: 2018-12-30 19:46:57,811 LBFGS        INFO     Linesearch failed in both LBFGS and gradient directions
rank #0: 2018-12-30 19:46:57,813 LBFGS        PARAM    0015       -276.923863          2.521014          9.524482          5.023507         61.713137
rank #0: 2018-12-30 19:46:57,814 rsdfit.lbfgs_fitter WARNING  ...LBFGS optimization finished. Time elapsed: 0:01:13.19
rank #0: 2018-12-30 19:46:57,814 rsdfit.lbfgs_fitter ERROR    nonlinear fit with method L-BFGS-B failed: Linesearch failed in both LBFGS and gradient directions
rank #0: 2018-12-30 19:46:57,816 rsdfit.fitting_driver INFO     rank 45 on nid00631     ...fitting complete
rank #0: 2018-12-30 19:46:57,819 rsdfit.fitting_driver INFO     rank 45 on nid00631     Saving the results to `/global/cscratch1/sd/nhand/eBOSS/fits/results/mocks/ezmock/v1.8e-fph/0.0001-0.3/basemodel-N-fnl/0.8-2.2/QSO-N-0512-P0+P2-mock-cov-368a762326/2018-12-30_nlopt_15i_chain0__1.npz`
rank #0: 2018-12-30 19:46:57,897 pyRSD.analysis.lbfgs_results INFO     
minimum chi2 = 61.7131371186

Free parameters [ mean ]
_______________
N              : -276.923863416
b1             : 2.52101374111
f_nl           : 9.52448213844
sigma_fog      : 5.02350703418

Constrained parameters [ mean ]
_________________________
b1sigma8       : 0.913195650228
