rank #0: 2018-07-15 20:20:08,136 rsdfit.fitting_driver INFO     rank 8 on nid00567     Calling the 'nlopt' solve function
rank #0: 2018-07-15 20:20:08,137 rsdfit.lbfgs_fitter INFO     running LBFGS for 500 iterations and then stopping
rank #0: 2018-07-15 20:20:08,137 rsdfit.lbfgs_fitter INFO     running LBFGS minimizer with priors
rank #0: 2018-07-15 20:20:08,138 root         INFO     Iter           N          b1        f_nl   sigma_fog   F(X)     
rank #0: 2018-07-15 20:20:08,712 LBFGS        INFO     options = {'factr': 100000.0, 'gtol': 1e-05, 'max_iter': 500, 'test_convergence': False}
rank #0: 2018-07-15 20:20:08,714 LBFGS        PARAM    0000          0.000000          2.000000          0.000000          4.000000        142.162473
rank #0: 2018-07-15 20:20:09,362 LBFGS        PARAM    0001         42.327570          2.145533          1.338003          3.997921        116.783626
rank #0: 2018-07-15 20:20:09,947 LBFGS        PARAM    0002        -80.410295          2.465634          7.697854          4.196998         93.907060
rank #0: 2018-07-15 20:20:10,539 LBFGS        PARAM    0003       -236.173636          2.494364          9.521655          4.369885         87.117621
rank #0: 2018-07-15 20:20:11,132 LBFGS        PARAM    0004       -505.354003          2.558829         14.700195          4.728959         82.493445
rank #0: 2018-07-15 20:20:11,711 LBFGS        PARAM    0005       -486.082314          2.548451         16.252928          4.771731         82.348455
rank #0: 2018-07-15 20:20:12,304 LBFGS        PARAM    0006       -411.763391          2.528322         25.238579          5.017817         81.905802
rank #0: 2018-07-15 20:20:12,896 LBFGS        PARAM    0007       -362.978162          2.527574         35.063753          5.258487         81.690498
rank #0: 2018-07-15 20:20:13,492 LBFGS        PARAM    0008       -363.606313          2.532589         37.293286          5.290965         81.673855
rank #0: 2018-07-15 20:20:14,068 LBFGS        PARAM    0009       -365.500484          2.533436         37.274416          5.285152         81.673471
rank #0: 2018-07-15 20:20:14,661 LBFGS        PARAM    0010       -366.249349          2.533588         37.311875          5.281616         81.673347
rank #0: 2018-07-15 20:20:15,257 LBFGS        PARAM    0011       -367.566966          2.533514         37.568773          5.273770         81.673057
rank #0: 2018-07-15 20:20:15,833 LBFGS        PARAM    0012       -367.969545          2.532888         37.992814          5.268557         81.672832
rank #0: 2018-07-15 20:20:16,426 LBFGS        PARAM    0013       -367.730454          2.532583         38.114875          5.268433         81.672808
rank #0: 2018-07-15 20:20:17,020 LBFGS        PARAM    0014       -367.637990          2.532550         38.116367          5.268794         81.672808
rank #0: 2018-07-15 20:20:17,611 LBFGS        PARAM    0015       -367.624309          2.532550         38.114429          5.268870         81.672808
rank #0: 2018-07-15 20:20:18,185 LBFGS        PARAM    0016       -367.624049          2.532550         38.114265          5.268873         81.672808
rank #0: 2018-07-15 20:20:43,954 LBFGS        INFO     Linesearch failed in both LBFGS and gradient directions
rank #0: 2018-07-15 20:20:43,956 LBFGS        PARAM    0016       -367.624049          2.532550         38.114265          5.268873         81.672808
rank #0: 2018-07-15 20:20:43,957 rsdfit.lbfgs_fitter WARNING  ...LBFGS optimization finished. Time elapsed: 0:00:35.25
rank #0: 2018-07-15 20:20:43,959 rsdfit.lbfgs_fitter ERROR    nonlinear fit with method L-BFGS-B failed: Linesearch failed in both LBFGS and gradient directions
rank #0: 2018-07-15 20:20:43,961 rsdfit.fitting_driver INFO     rank 8 on nid00567     ...fitting complete
rank #0: 2018-07-15 20:20:43,965 rsdfit.fitting_driver INFO     rank 8 on nid00567     Saving the results to `/global/cscratch1/sd/nhand/eBOSS/fits/results/mocks/ezmock/v1.8e-fph/0.0001-0.3/basemodel-N-fnl/0.8-2.2/QSO-N-0924-P0+P2-mock-cov-f224d44da7/2018-07-15_nlopt_16i_chain0__1.npz`
rank #0: 2018-07-15 20:20:43,999 pyRSD.analysis.lbfgs_results INFO     
minimum chi2 = 81.672807623

Free parameters [ mean ]
_______________
N              : -367.624048504
b1             : 2.53255005111
f_nl           : 38.1142649098
sigma_fog      : 5.26887279804

Constrained parameters [ mean ]
_________________________
b1sigma8       : 0.917374488265
