rank #0: 2018-10-08 11:19:34,174 rsdfit.fitting_driver INFO     rank 2 on nid00692     Calling the 'nlopt' solve function
rank #0: 2018-10-08 11:19:34,175 rsdfit.lbfgs_fitter INFO     running LBFGS for 500 iterations and then stopping
rank #0: 2018-10-08 11:19:34,176 rsdfit.lbfgs_fitter INFO     running LBFGS minimizer with priors
rank #0: 2018-10-08 11:19:34,176 root         INFO     Iter           N          b1        f_nl   sigma_fog   F(X)     
rank #0: 2018-10-08 11:19:34,177 rsdfit.lbfgs_fitter INFO     computing gradient using numerical derivative of lnlike()
rank #0: 2018-10-08 11:19:35,378 LBFGS        INFO     options = {'factr': 100000.0, 'gtol': 1e-05, 'max_iter': 500, 'test_convergence': False}
rank #0: 2018-10-08 11:19:35,379 LBFGS        PARAM    0000          0.000000          2.000000          0.000000          4.000000        120.948501
rank #0: 2018-10-08 11:19:36,747 LBFGS        PARAM    0001         62.321137          2.180535          1.964538          3.960743         99.895736
rank #0: 2018-10-08 11:19:37,996 LBFGS        PARAM    0002        -81.377190          2.584408         12.744001          4.041343         83.529285
rank #0: 2018-10-08 11:19:39,226 LBFGS        PARAM    0003       -220.115366          2.551852         14.442744          4.148491         79.133544
rank #0: 2018-10-08 11:19:40,462 LBFGS        PARAM    0004       -498.799200          2.606748         22.124224          4.334252         76.297970
rank #0: 2018-10-08 11:19:41,712 LBFGS        PARAM    0005       -541.097367          2.619932         28.501129          4.306645         76.021462
rank #0: 2018-10-08 11:19:42,942 LBFGS        PARAM    0006       -640.631884          2.628433         58.282230          4.085639         75.170326
rank #0: 2018-10-08 11:19:44,196 LBFGS        PARAM    0007       -690.721484          2.597539         99.755648          3.748147         74.374610
rank #0: 2018-10-08 11:19:45,434 LBFGS        PARAM    0008       -583.863728          2.542201        133.832023          3.805548         73.852107
rank #0: 2018-10-08 11:19:46,694 LBFGS        PARAM    0009       -528.041258          2.528143        139.168377          3.849345         73.805854
rank #0: 2018-10-08 11:19:47,927 LBFGS        PARAM    0010       -529.573869          2.527538        139.036551          3.845921         73.805621
rank #0: 2018-10-08 11:19:49,162 LBFGS        PARAM    0011       -530.079983          2.527539        139.061396          3.842996         73.805588
rank #0: 2018-10-08 11:19:50,421 LBFGS        PARAM    0012       -530.372263          2.527533        139.022037          3.839785         73.805572
rank #0: 2018-10-08 11:19:51,659 LBFGS        PARAM    0013       -530.372792          2.527537        139.017685          3.839786         73.805572
rank #0: 2018-10-08 11:19:52,906 LBFGS        PARAM    0014       -530.372349          2.527538        139.017409          3.839788         73.805572
rank #0: 2018-10-08 11:20:23,838 LBFGS        PARAM    0015       -530.372349          2.527538        139.017409          3.839788         73.805572
rank #0: 2018-10-08 11:20:23,840 LBFGS        INFO     LBFGS iteration 15: the descent direction does not have a sufficient projection (cos(theta)=-9.59e-01, theta=163.4967) into the gradient; using steepest descent at this step!
rank #0: 2018-10-08 11:20:49,781 LBFGS        INFO     Linesearch failed in both LBFGS and gradient directions
rank #0: 2018-10-08 11:20:49,782 LBFGS        PARAM    0015       -530.372349          2.527538        139.017409          3.839788         73.805572
rank #0: 2018-10-08 11:20:49,782 rsdfit.lbfgs_fitter WARNING  ...LBFGS optimization finished. Time elapsed: 0:01:14.40
rank #0: 2018-10-08 11:20:49,783 rsdfit.lbfgs_fitter ERROR    nonlinear fit with method L-BFGS-B failed: Linesearch failed in both LBFGS and gradient directions
rank #0: 2018-10-08 11:20:49,784 rsdfit.fitting_driver INFO     rank 2 on nid00692     ...fitting complete
rank #0: 2018-10-08 11:20:49,787 rsdfit.fitting_driver INFO     rank 2 on nid00692     Saving the results to `/global/cscratch1/sd/nhand/eBOSS/fits/results/mocks/ezmock/v1.8e-fph/0.005-0.3/basemodel-N-fnl/0.8-2.2/QSO-S-0398-P0+P2-mock-cov-98e9a706c6/2018-10-08_nlopt_15i_chain0__1.npz`
rank #0: 2018-10-08 11:20:49,841 pyRSD.analysis.lbfgs_results INFO     
minimum chi2 = 73.8055721826

Free parameters [ mean ]
_______________
N              : -530.372348531
b1             : 2.52753755187
f_nl           : 139.017408828
sigma_fog      : 3.83978786983

Constrained parameters [ mean ]
_________________________
b1sigma8       : 0.915558793084
