rank #0: 2018-10-08 11:31:16,179 rsdfit.fitting_driver INFO     rank 13 on nid00692     Calling the 'nlopt' solve function
rank #0: 2018-10-08 11:31:16,180 rsdfit.lbfgs_fitter INFO     running LBFGS for 500 iterations and then stopping
rank #0: 2018-10-08 11:31:16,181 rsdfit.lbfgs_fitter INFO     running LBFGS minimizer with priors
rank #0: 2018-10-08 11:31:16,182 root         INFO     Iter           N          b1        f_nl   sigma_fog   F(X)     
rank #0: 2018-10-08 11:31:16,182 rsdfit.lbfgs_fitter INFO     computing gradient using numerical derivative of lnlike()
rank #0: 2018-10-08 11:31:17,366 LBFGS        INFO     options = {'factr': 100000.0, 'gtol': 1e-05, 'max_iter': 500, 'test_convergence': False}
rank #0: 2018-10-08 11:31:17,367 LBFGS        PARAM    0000          0.000000          2.000000          0.000000          4.000000        108.860726
rank #0: 2018-10-08 11:31:18,725 LBFGS        PARAM    0001         89.627017          2.183798          1.609169          3.953958         86.516956
rank #0: 2018-10-08 11:31:19,968 LBFGS        PARAM    0002         -5.669582          2.561325          8.788634          4.008654         71.849256
rank #0: 2018-10-08 11:31:21,194 LBFGS        PARAM    0003       -119.342490          2.526782          9.041338          4.116364         68.594401
rank #0: 2018-10-08 11:31:22,447 LBFGS        PARAM    0004       -331.194350          2.570259         12.073790          4.300276         66.498736
rank #0: 2018-10-08 11:31:23,678 LBFGS        PARAM    0005       -391.887232          2.600033         14.569683          4.341640         66.331651
rank #0: 2018-10-08 11:31:24,917 LBFGS        PARAM    0006       -395.499931          2.600661         16.400092          4.326002         66.313716
rank #0: 2018-10-08 11:31:26,146 LBFGS        PARAM    0007       -418.639410          2.592674         34.145429          4.167335         66.217149
rank #0: 2018-10-08 11:31:27,372 LBFGS        PARAM    0008       -414.503262          2.583702         39.699553          4.151521         66.198820
rank #0: 2018-10-08 11:31:28,619 LBFGS        PARAM    0009       -404.618023          2.576624         42.874603          4.160408         66.192689
rank #0: 2018-10-08 11:31:29,845 LBFGS        PARAM    0010       -400.394797          2.575445         43.644646          4.173103         66.191242
rank #0: 2018-10-08 11:31:31,088 LBFGS        PARAM    0011       -392.321886          2.575480         44.770684          4.207372         66.189175
rank #0: 2018-10-08 11:31:32,317 LBFGS        PARAM    0012       -392.106377          2.575994         44.639469          4.211834         66.189121
rank #0: 2018-10-08 11:31:33,564 LBFGS        PARAM    0013       -392.227363          2.576110         44.592042          4.211887         66.189119
rank #0: 2018-10-08 11:31:34,795 LBFGS        PARAM    0014       -392.250209          2.576119         44.588356          4.211813         66.189119
rank #0: 2018-10-08 11:31:36,018 LBFGS        PARAM    0015       -392.251386          2.576119         44.588382          4.211806         66.189119
rank #0: 2018-10-08 11:31:37,545 LBFGS        PARAM    0016       -392.251386          2.576119         44.588382          4.211806         66.189119
rank #0: 2018-10-08 11:32:30,565 LBFGS        INFO     Linesearch failed in both LBFGS and gradient directions
rank #0: 2018-10-08 11:32:30,567 LBFGS        PARAM    0016       -392.251386          2.576119         44.588382          4.211806         66.189119
rank #0: 2018-10-08 11:32:30,568 rsdfit.lbfgs_fitter WARNING  ...LBFGS optimization finished. Time elapsed: 0:01:13.20
rank #0: 2018-10-08 11:32:30,569 rsdfit.lbfgs_fitter ERROR    nonlinear fit with method L-BFGS-B failed: Linesearch failed in both LBFGS and gradient directions
rank #0: 2018-10-08 11:32:30,571 rsdfit.fitting_driver INFO     rank 13 on nid00692     ...fitting complete
rank #0: 2018-10-08 11:32:30,578 rsdfit.fitting_driver INFO     rank 13 on nid00692     Saving the results to `/global/cscratch1/sd/nhand/eBOSS/fits/results/mocks/ezmock/v1.8e-fph/0.005-0.3/basemodel-N-fnl/0.8-2.2/QSO-S-0846-P0+P2-mock-cov-98e9a706c6/2018-10-08_nlopt_16i_chain0__1.npz`
rank #0: 2018-10-08 11:32:30,693 pyRSD.analysis.lbfgs_results INFO     
minimum chi2 = 66.1891193876

Free parameters [ mean ]
_______________
N              : -392.251385786
b1             : 2.57611885307
f_nl           : 44.5883823042
sigma_fog      : 4.21180589967

Constrained parameters [ mean ]
_________________________
b1sigma8       : 0.933156568222
