rank #0: 2018-10-08 10:14:54,025 rsdfit.fitting_driver INFO     rank 5 on nid00693     Calling the 'nlopt' solve function
rank #0: 2018-10-08 10:14:54,026 rsdfit.lbfgs_fitter INFO     running LBFGS for 500 iterations and then stopping
rank #0: 2018-10-08 10:14:54,027 rsdfit.lbfgs_fitter INFO     running LBFGS minimizer with priors
rank #0: 2018-10-08 10:14:54,028 root         INFO     Iter           N          b1        f_nl   sigma_fog   F(X)     
rank #0: 2018-10-08 10:14:54,028 rsdfit.lbfgs_fitter INFO     computing gradient using numerical derivative of lnlike()
rank #0: 2018-10-08 10:14:55,235 LBFGS        INFO     options = {'factr': 100000.0, 'gtol': 1e-05, 'max_iter': 500, 'test_convergence': False}
rank #0: 2018-10-08 10:14:55,236 LBFGS        PARAM    0000          0.000000          2.000000          0.000000          4.000000        129.604342
rank #0: 2018-10-08 10:14:56,608 LBFGS        PARAM    0001         30.654262          2.134925          1.100974          3.976071        107.571679
rank #0: 2018-10-08 10:14:57,852 LBFGS        PARAM    0002        -99.844380          2.435932          6.147013          4.081773         87.150639
rank #0: 2018-10-08 10:14:59,095 LBFGS        PARAM    0003       -258.843202          2.467147          7.263201          4.204873         81.410693
rank #0: 2018-10-08 10:15:00,323 LBFGS        PARAM    0004       -512.321056          2.518338          9.402594          4.397258         77.995880
rank #0: 2018-10-08 10:15:01,576 LBFGS        PARAM    0005       -508.683910          2.514690          9.597402          4.385298         77.990524
rank #0: 2018-10-08 10:15:02,803 LBFGS        PARAM    0006       -508.937570          2.513142         10.182123          4.367074         77.984798
rank #0: 2018-10-08 10:15:04,045 LBFGS        PARAM    0007       -518.149974          2.510441         13.172038          4.303441         77.969352
rank #0: 2018-10-08 10:15:05,272 LBFGS        PARAM    0008       -521.401324          2.508829         16.876806          4.285565         77.960023
rank #0: 2018-10-08 10:15:06,498 LBFGS        PARAM    0009       -519.352181          2.505853         22.925341          4.290609         77.952829
rank #0: 2018-10-08 10:15:07,759 LBFGS        PARAM    0010       -516.509566          2.506043         22.636384          4.305419         77.952113
rank #0: 2018-10-08 10:15:09,001 LBFGS        PARAM    0011       -515.745513          2.506064         22.628482          4.309639         77.952077
rank #0: 2018-10-08 10:15:10,251 LBFGS        PARAM    0012       -515.751534          2.506071         22.619087          4.309635         77.952077
rank #0: 2018-10-08 10:15:11,470 LBFGS        PARAM    0013       -515.751708          2.506071         22.619982          4.309635         77.952077
rank #0: 2018-10-08 10:15:12,692 LBFGS        PARAM    0014       -515.751743          2.506071         22.619983          4.309635         77.952077
rank #0: 2018-10-08 10:15:13,933 LBFGS        PARAM    0015       -515.751781          2.506071         22.619981          4.309634         77.952077
rank #0: 2018-10-08 10:15:15,156 LBFGS        PARAM    0016       -515.751757          2.506071         22.619982          4.309634         77.952077
rank #0: 2018-10-08 10:16:08,994 LBFGS        INFO     Linesearch failed in both LBFGS and gradient directions
rank #0: 2018-10-08 10:16:08,995 LBFGS        PARAM    0016       -515.751757          2.506071         22.619982          4.309634         77.952077
rank #0: 2018-10-08 10:16:08,996 rsdfit.lbfgs_fitter WARNING  ...LBFGS optimization finished. Time elapsed: 0:01:13.76
rank #0: 2018-10-08 10:16:08,997 rsdfit.lbfgs_fitter ERROR    nonlinear fit with method L-BFGS-B failed: Linesearch failed in both LBFGS and gradient directions
rank #0: 2018-10-08 10:16:08,999 rsdfit.fitting_driver INFO     rank 5 on nid00693     ...fitting complete
rank #0: 2018-10-08 10:16:09,002 rsdfit.fitting_driver INFO     rank 5 on nid00693     Saving the results to `/global/cscratch1/sd/nhand/eBOSS/fits/results/mocks/ezmock/v1.8e-fph/0.0001-0.3/basemodel-N-fnl/0.8-2.2/QSO-N-0655-P0+P2-mock-cov-4ae05ce33e/2018-10-08_nlopt_16i_chain0__1.npz`
rank #0: 2018-10-08 10:16:09,061 pyRSD.analysis.lbfgs_results INFO     
minimum chi2 = 77.9520766736

Free parameters [ mean ]
_______________
N              : -515.751757011
b1             : 2.50607052984
f_nl           : 22.619981698
sigma_fog      : 4.30963448444

Constrained parameters [ mean ]
_________________________
b1sigma8       : 0.907782718394
