rank #0: 2018-12-30 15:46:23,243 rsdfit.fitting_driver INFO     rank 24 on nid00553     Calling the 'nlopt' solve function
rank #0: 2018-12-30 15:46:23,243 rsdfit.lbfgs_fitter INFO     running LBFGS for 500 iterations and then stopping
rank #0: 2018-12-30 15:46:23,243 rsdfit.lbfgs_fitter INFO     running LBFGS minimizer with priors
rank #0: 2018-12-30 15:46:23,244 root         INFO     Iter           N          b1        f_nl   sigma_fog   F(X)     
rank #0: 2018-12-30 15:46:23,244 rsdfit.lbfgs_fitter INFO     computing gradient using numerical derivative of lnlike()
rank #0: 2018-12-30 15:46:23,852 LBFGS        INFO     options = {'factr': 100000.0, 'gtol': 1e-05, 'max_iter': 500, 'test_convergence': False}
rank #0: 2018-12-30 15:46:23,852 LBFGS        PARAM    0000          0.000000          2.000000          0.000000          4.000000         87.605609
rank #0: 2018-12-30 15:46:24,527 LBFGS        PARAM    0001        -11.302234          2.045524          1.010506          4.007589         81.967444
rank #0: 2018-12-30 15:46:25,153 LBFGS        PARAM    0002       -146.707133          2.171528          4.886100          4.101698         73.136284
rank #0: 2018-12-30 15:46:25,778 LBFGS        PARAM    0003       -253.473740          2.194888          6.276271          4.181215         70.855176
rank #0: 2018-12-30 15:46:26,384 LBFGS        PARAM    0004       -324.308331          2.197401          6.934090          4.233781         70.301353
rank #0: 2018-12-30 15:46:27,008 LBFGS        PARAM    0005       -324.364744          2.198360          7.016574          4.233031         70.300498
rank #0: 2018-12-30 15:46:27,632 LBFGS        PARAM    0006       -324.371518          2.198390          7.063619          4.232429         70.300382
rank #0: 2018-12-30 15:46:28,238 LBFGS        PARAM    0007       -324.900826          2.198225          7.697732          4.224609         70.299310
rank #0: 2018-12-30 15:46:28,942 LBFGS        PARAM    0008       -325.598856          2.197686          8.230200          4.218521         70.298717
rank #0: 2018-12-30 15:46:29,568 LBFGS        PARAM    0009       -325.718407          2.197027          8.615801          4.217521         70.298436
rank #0: 2018-12-30 15:46:30,180 LBFGS        PARAM    0010       -325.622191          2.196908          8.639042          4.218078         70.298424
rank #0: 2018-12-30 15:46:30,797 LBFGS        PARAM    0011       -325.582415          2.196902          8.634903          4.218338         70.298423
rank #0: 2018-12-30 15:46:31,424 LBFGS        PARAM    0012       -325.500395          2.196899          8.636801          4.218760         70.298422
rank #0: 2018-12-30 15:46:32,050 LBFGS        PARAM    0013       -325.417550          2.196901          8.656311          4.219025         70.298421
rank #0: 2018-12-30 15:46:32,655 LBFGS        PARAM    0014       -325.415452          2.196902          8.656286          4.219025         70.298421
rank #0: 2018-12-30 15:46:33,283 LBFGS        PARAM    0015       -325.415613          2.196902          8.656277          4.219024         70.298421
rank #0: 2018-12-30 15:46:33,911 LBFGS        PARAM    0016       -325.415624          2.196902          8.656279          4.219024         70.298421
rank #0: 2018-12-30 15:46:34,518 LBFGS        PARAM    0017       -325.415640          2.196902          8.656280          4.219024         70.298421
rank #0: 2018-12-30 15:46:49,305 LBFGS        PARAM    0018       -325.415641          2.196902          8.656280          4.219024         70.298421
rank #0: 2018-12-30 15:47:03,722 LBFGS        PARAM    0019       -325.415641          2.196902          8.656280          4.219024         70.298421
rank #0: 2018-12-30 15:47:29,769 LBFGS        INFO     Linesearch failed in both LBFGS and gradient directions
rank #0: 2018-12-30 15:47:29,770 LBFGS        PARAM    0019       -325.415641          2.196902          8.656280          4.219024         70.298421
rank #0: 2018-12-30 15:47:29,770 rsdfit.lbfgs_fitter WARNING  ...LBFGS optimization finished. Time elapsed: 0:01:05.92
rank #0: 2018-12-30 15:47:29,770 rsdfit.lbfgs_fitter ERROR    nonlinear fit with method L-BFGS-B failed: Linesearch failed in both LBFGS and gradient directions
rank #0: 2018-12-30 15:47:29,771 rsdfit.fitting_driver INFO     rank 24 on nid00553     ...fitting complete
rank #0: 2018-12-30 15:47:29,774 rsdfit.fitting_driver INFO     rank 24 on nid00553     Saving the results to `/global/cscratch1/sd/nhand/eBOSS/fits/results/mocks/ezmock/v1.8e-fph/0.0001-0.3/basemodel-N-fnl/0.8-2.2/QSO-N-0126-P0+P2-mock-cov-280ed9f5b7/2018-12-30_nlopt_19i_chain0__1.npz`
rank #0: 2018-12-30 15:47:29,986 pyRSD.analysis.lbfgs_results INFO     
minimum chi2 = 70.2984213075

Free parameters [ mean ]
_______________
N              : -325.415641003
b1             : 2.19690188448
f_nl           : 8.65627973389
sigma_fog      : 4.21902413872

Constrained parameters [ mean ]
_________________________
b1sigma8       : 0.87505504263
