rank #0: 2018-06-03 11:10:04,347 rsdfit.fitting_driver INFO     rank 61 on nid00536     Calling the 'nlopt' solve function
rank #0: 2018-06-03 11:10:04,347 rsdfit.lbfgs_fitter INFO     running LBFGS for 500 iterations and then stopping
rank #0: 2018-06-03 11:10:04,347 rsdfit.lbfgs_fitter INFO     running LBFGS minimizer with priors
rank #0: 2018-06-03 11:10:04,347 root         INFO     Iter           N          b1        f_nl   sigma_fog   F(X)     
rank #0: 2018-06-03 11:10:04,891 LBFGS        INFO     options = {'factr': 100000.0, 'gtol': 1e-05, 'max_iter': 500, 'test_convergence': False}
rank #0: 2018-06-03 11:10:04,892 LBFGS        PARAM    0000          0.000000          2.000000          0.000000          4.000000        103.321833
rank #0: 2018-06-03 11:10:05,513 LBFGS        PARAM    0001         78.502090          2.157574          1.296706          3.951642         86.256873
rank #0: 2018-06-03 11:10:06,069 LBFGS        PARAM    0002          0.228085          2.477964          6.578230          3.951381         74.890790
rank #0: 2018-06-03 11:10:06,626 LBFGS        PARAM    0003       -100.066708          2.458115          6.832000          4.025898         72.808296
rank #0: 2018-06-03 11:10:07,184 LBFGS        PARAM    0004       -300.446846          2.499946          9.047226          4.152011         71.316223
rank #0: 2018-06-03 11:10:07,741 LBFGS        PARAM    0005       -343.447727          2.520844         10.431700          4.153123         71.235887
rank #0: 2018-06-03 11:10:08,295 LBFGS        PARAM    0006       -351.738582          2.522561         11.410422          4.123990         71.220563
rank #0: 2018-06-03 11:10:08,851 LBFGS        PARAM    0007       -390.373202          2.521921         17.934194          3.925898         71.163309
rank #0: 2018-06-03 11:10:09,407 LBFGS        PARAM    0008       -393.096734          2.515094         22.526279          3.871163         71.145792
rank #0: 2018-06-03 11:10:09,958 LBFGS        PARAM    0009       -384.968846          2.504041         29.914059          3.837413         71.130717
rank #0: 2018-06-03 11:10:10,509 LBFGS        PARAM    0010       -376.900216          2.500976         32.885799          3.858224         71.125032
rank #0: 2018-06-03 11:10:11,062 LBFGS        PARAM    0011       -369.089203          2.501497         36.028676          3.905554         71.120496
rank #0: 2018-06-03 11:10:11,612 LBFGS        PARAM    0012       -368.247297          2.501968         35.184324          3.915009         71.120340
rank #0: 2018-06-03 11:10:12,164 LBFGS        PARAM    0013       -368.405691          2.501914         35.293592          3.913989         71.120337
rank #0: 2018-06-03 11:10:12,715 LBFGS        PARAM    0014       -368.400381          2.501915         35.293624          3.913979         71.120337
rank #0: 2018-06-03 11:10:13,266 LBFGS        PARAM    0015       -368.401917          2.501915         35.293739          3.913982         71.120337
rank #0: 2018-06-03 11:10:13,819 LBFGS        PARAM    0016       -368.401982          2.501915         35.293730          3.913982         71.120337
rank #0: 2018-06-03 11:10:14,375 LBFGS        PARAM    0017       -368.402007          2.501915         35.293724          3.913982         71.120337
rank #0: 2018-06-03 11:10:14,929 LBFGS        PARAM    0018       -368.402057          2.501915         35.293721          3.913982         71.120337
rank #0: 2018-06-03 11:10:15,671 LBFGS        PARAM    0019       -368.402057          2.501915         35.293721          3.913982         71.120337
rank #0: 2018-06-03 11:10:39,991 LBFGS        INFO     Linesearch failed in both LBFGS and gradient directions
rank #0: 2018-06-03 11:10:39,992 LBFGS        PARAM    0019       -368.402057          2.501915         35.293721          3.913982         71.120337
rank #0: 2018-06-03 11:10:39,992 rsdfit.lbfgs_fitter WARNING  ...LBFGS optimization finished. Time elapsed: 0:00:35.10
rank #0: 2018-06-03 11:10:39,993 rsdfit.lbfgs_fitter ERROR    nonlinear fit with method L-BFGS-B failed: Linesearch failed in both LBFGS and gradient directions
rank #0: 2018-06-03 11:10:39,993 rsdfit.fitting_driver INFO     rank 61 on nid00536     ...fitting complete
rank #0: 2018-06-03 11:10:40,039 rsdfit.fitting_driver INFO     rank 61 on nid00536     Saving the results to `/global/cscratch1/sd/nhand/eBOSS/fits/results/mocks/ezmock/v1.8e-fph/0.0001-0.3/basemodel-N-fnl/0.8-2.2/QSO-S-0157-P0+P2-mock-cov-f224d44da7/2018-06-03_nlopt_19i_chain0__1.npz`
rank #0: 2018-06-03 11:10:40,061 pyRSD.analysis.lbfgs_results INFO     
minimum chi2 = 71.1203369355

Free parameters [ mean ]
_______________
N              : -368.40205701
b1             : 2.50191512111
f_nl           : 35.2937214175
sigma_fog      : 3.91398154136

Constrained parameters [ mean ]
_________________________
b1sigma8       : 0.906277490115
