rank #0: 2017-11-27 21:23:54,225 rsdfit.fitting_driver INFO     rank 83 on nid00561     Calling the 'nlopt' solve function
rank #0: 2017-11-27 21:23:54,226 rsdfit.lbfgs_fitter INFO     running LBFGS for 500 iterations and then stopping
rank #0: 2017-11-27 21:23:54,226 rsdfit.lbfgs_fitter INFO     running LBFGS minimizer with priors
rank #0: 2017-11-27 21:23:54,226 root         INFO     Iter           N   alpha_par   alpha_perp          b1           f    sigma8_z   sigma_fog   F(X)     
rank #0: 2017-11-27 21:23:55,054 LBFGS        INFO     options = {'factr': 100000.0, 'gtol': 1e-05, 'max_iter': 500, 'test_convergence': False}
rank #0: 2017-11-27 21:23:55,055 LBFGS        PARAM    0000          0.000000          1.000000          1.000000          2.000000          0.930883          0.398070          4.000000        109.537212
rank #0: 2017-11-27 21:23:55,966 LBFGS        PARAM    0001         -0.134692          0.999874          0.999821          2.002118          0.930964          0.399484          3.999997        107.041917
rank #0: 2017-11-27 21:23:56,818 LBFGS        PARAM    0002        -28.986959          0.994756          0.993988          2.070539          0.933047          0.440587          4.022456         78.921745
rank #0: 2017-11-27 21:23:57,667 LBFGS        PARAM    0003        -36.182443          0.995432          0.995599          2.052788          0.932138          0.429716          4.032756         75.638992
rank #0: 2017-11-27 21:23:58,522 LBFGS        PARAM    0004        -48.821456          0.994703          0.995372          2.055906          0.931953          0.430990          4.045617         75.096254
rank #0: 2017-11-27 21:23:59,374 LBFGS        PARAM    0005       -149.086235          0.989510          0.994408          2.070685          0.930075          0.435076          4.148249         72.585221
rank #0: 2017-11-27 21:24:00,229 LBFGS        PARAM    0006       -266.449174          0.983979          0.993788          2.080854          0.927575          0.435573          4.266511         70.618155
rank #0: 2017-11-27 21:24:01,085 LBFGS        PARAM    0007       -392.056588          0.981789          0.992682          2.086219          0.924322          0.431586          4.342873         69.246567
rank #0: 2017-11-27 21:24:01,944 LBFGS        PARAM    0008       -399.876611          0.982313          0.992628          2.086473          0.923902          0.430800          4.338699         69.213340
rank #0: 2017-11-27 21:24:02,804 LBFGS        PARAM    0009       -402.639288          0.982882          0.992618          2.087024          0.923600          0.430432          4.331762         69.200123
rank #0: 2017-11-27 21:24:03,663 LBFGS        PARAM    0010       -410.317366          0.984407          0.992600          2.089411          0.922713          0.429789          4.312803         69.169354
rank #0: 2017-11-27 21:24:04,529 LBFGS        PARAM    0011       -427.985129          0.987624          0.992611          2.095928          0.920643          0.428838          4.272818         69.110058
rank #0: 2017-11-27 21:24:05,388 LBFGS        PARAM    0012       -457.672866          0.992665          0.992957          2.109113          0.916752          0.427704          4.210560         69.020179
rank #0: 2017-11-27 21:24:06,245 LBFGS        PARAM    0013       -507.923236          1.001537          0.998269          2.153163          0.902983          0.423473          4.106269         68.789292
rank #0: 2017-11-27 21:24:07,105 LBFGS        PARAM    0014       -605.047725          1.017953          1.010934          2.248399          0.869800          0.416210          3.952933         68.415997
rank #0: 2017-11-27 21:24:07,964 LBFGS        PARAM    0015       -633.158328          1.022827          1.016861          2.288355          0.855119          0.413257          3.922773         68.334324
rank #0: 2017-11-27 21:24:08,827 LBFGS        PARAM    0016       -634.802763          1.023418          1.018212          2.299091          0.850872          0.412367          3.929406         68.321384
rank #0: 2017-11-27 21:24:09,688 LBFGS        PARAM    0017       -631.186342          1.023518          1.017964          2.302983          0.849179          0.411821          3.938778         68.314371
rank #0: 2017-11-27 21:24:10,549 LBFGS        PARAM    0018       -615.410945          1.024940          1.014434          2.318838          0.842220          0.409109          3.977247         68.280872
rank #0: 2017-11-27 21:24:11,414 LBFGS        PARAM    0019       -575.367505          1.031470          1.001446          2.365139          0.822002          0.400973          4.076102         68.194076
rank #0: 2017-11-27 21:24:12,280 LBFGS        PARAM    0020       -512.134844          1.047124          0.974737          2.452865          0.783802          0.385883          4.245660         68.051608
rank #0: 2017-11-27 21:24:13,149 LBFGS        PARAM    0021       -405.415067          1.075222          0.924686          2.592436          0.721305          0.361692          4.547257         67.790165
rank #0: 2017-11-27 21:24:14,020 LBFGS        PARAM    0022       -403.238680          1.075775          0.923677          2.595175          0.720073          0.361214          4.553397         67.784608
rank #0: 2017-11-27 21:24:14,890 LBFGS        PARAM    0023       -401.103976          1.076323          0.922684          2.597896          0.718850          0.360740          4.559438         67.779192
rank #0: 2017-11-27 21:24:15,761 LBFGS        PARAM    0024       -398.630600          1.076969          0.921528          2.601104          0.717412          0.360184          4.566417         67.772924
rank #0: 2017-11-27 21:24:16,688 LBFGS        PARAM    0025       -391.798932          1.078811          0.918300          2.610187          0.713354          0.358616          4.585594         67.755607
rank #0: 2017-11-27 21:24:17,620 LBFGS        PARAM    0026       -376.560419          1.083116          0.910974          2.631131          0.704035          0.355021          4.627947         67.717889
rank #0: 2017-11-27 21:24:18,548 LBFGS        PARAM    0027       -349.716317          1.091420          0.897550          2.670163          0.686779          0.348365          4.700804         67.662846
rank #0: 2017-11-27 21:24:18,549 LBFGS        INFO     LBFGS iteration 27: the descent direction does not have a sufficient projection (cos(theta)=9.82e-03, theta=89.4372) into the gradient; using steepest descent at this step!
rank #0: 2017-11-27 21:24:19,478 LBFGS        PARAM    0028       -349.720362          1.091417          0.897537          2.670244          0.686783          0.348444          4.700786         67.652033
rank #0: 2017-11-27 21:24:20,348 LBFGS        PARAM    0029       -350.430198          1.091382          0.897157          2.671879          0.686889          0.350086          4.700611         67.539958
rank #0: 2017-11-27 21:24:21,207 LBFGS        PARAM    0030       -351.030845          1.091409          0.897063          2.671831          0.686907          0.350080          4.700826         67.537715
rank #0: 2017-11-27 21:24:22,070 LBFGS        PARAM    0031       -372.504097          1.093622          0.890747          2.669032          0.687891          0.349559          4.712836         67.472491
rank #0: 2017-11-27 21:24:22,929 LBFGS        PARAM    0032       -368.070357          1.094423          0.888156          2.668893          0.687727          0.349113          4.726646         67.456847
rank #0: 2017-11-27 21:24:23,793 LBFGS        PARAM    0033       -301.082101          1.100735          0.859171          2.674378          0.682301          0.343238          4.953916         67.357122
rank #0: 2017-11-27 21:24:24,657 LBFGS        PARAM    0034       -291.926535          1.102296          0.861287          2.681939          0.678765          0.342968          4.977120         67.316860
rank #0: 2017-11-27 21:24:25,523 LBFGS        PARAM    0035       -266.162254          1.106600          0.858330          2.697888          0.670662          0.341201          5.073454         67.287940
rank #0: 2017-11-27 21:24:26,395 LBFGS        PARAM    0036       -268.918258          1.109003          0.859243          2.706769          0.666441          0.340855          5.095517         67.275535
rank #0: 2017-11-27 21:24:27,261 LBFGS        PARAM    0037       -266.593042          1.123745          0.856922          2.750554          0.644983          0.337847          5.215529         67.226244
rank #0: 2017-11-27 21:24:28,129 LBFGS        PARAM    0038       -267.027185          1.146953          0.850952          2.817360          0.612174          0.332704          5.353986         67.171007
rank #0: 2017-11-27 21:24:28,997 LBFGS        PARAM    0039       -271.228840          1.157780          0.846010          2.848686          0.596233          0.330047          5.415371         67.157139
rank #0: 2017-11-27 21:24:29,865 LBFGS        PARAM    0040       -273.445397          1.158146          0.846153          2.849592          0.595741          0.330055          5.403563         67.156345
rank #0: 2017-11-27 21:24:30,735 LBFGS        PARAM    0041       -273.009407          1.157913          0.845961          2.848842          0.596050          0.330035          5.398826         67.156207
rank #0: 2017-11-27 21:24:31,603 LBFGS        PARAM    0042       -273.112622          1.157468          0.846032          2.847840          0.596514          0.330086          5.394079         67.156131
rank #0: 2017-11-27 21:24:32,475 LBFGS        PARAM    0043       -273.385518          1.156016          0.846132          2.845412          0.597552          0.330152          5.379054         67.155853
rank #0: 2017-11-27 21:24:33,348 LBFGS        PARAM    0044       -273.836443          1.154555          0.846117          2.844397          0.597792          0.330068          5.362537         67.155486
rank #0: 2017-11-27 21:24:34,219 LBFGS        PARAM    0045       -274.460649          1.153203          0.845851          2.846257          0.596427          0.329688          5.344192         67.154971
rank #0: 2017-11-27 21:24:35,092 LBFGS        PARAM    0046       -274.568242          1.153627          0.845425          2.851218          0.593571          0.329205          5.343562         67.154671
rank #0: 2017-11-27 21:24:35,963 LBFGS        PARAM    0047       -274.607493          1.154085          0.845325          2.852862          0.592691          0.329099          5.346983         67.154643
rank #0: 2017-11-27 21:24:36,836 LBFGS        PARAM    0048       -274.586674          1.154202          0.845315          2.853042          0.592611          0.329095          5.348157         67.154642
rank #0: 2017-11-27 21:24:37,707 LBFGS        PARAM    0049       -274.583779          1.154211          0.845317          2.853033          0.592618          0.329097          5.348273         67.154642
rank #0: 2017-11-27 21:24:38,578 LBFGS        PARAM    0050       -274.583335          1.154211          0.845317          2.853033          0.592619          0.329097          5.348277         67.154642
rank #0: 2017-11-27 21:24:39,451 LBFGS        PARAM    0051       -274.583214          1.154211          0.845317          2.853032          0.592619          0.329097          5.348277         67.154642
rank #0: 2017-11-27 21:24:40,323 LBFGS        PARAM    0052       -274.583107          1.154211          0.845317          2.853032          0.592620          0.329097          5.348278         67.154642
rank #0: 2017-11-27 21:24:41,195 LBFGS        PARAM    0053       -274.582612          1.154211          0.845317          2.853032          0.592621          0.329097          5.348280         67.154642
rank #0: 2017-11-27 21:24:42,186 LBFGS        PARAM    0054       -274.582512          1.154211          0.845317          2.853033          0.592622          0.329097          5.348281         67.154642
rank #0: 2017-11-27 21:24:55,600 LBFGS        PARAM    0055       -274.582512          1.154211          0.845317          2.853033          0.592622          0.329097          5.348281         67.154642
rank #0: 2017-11-27 21:24:56,472 LBFGS        PARAM    0056       -274.582519          1.154211          0.845317          2.853033          0.592622          0.329097          5.348281         67.154642
rank #0: 2017-11-27 21:24:57,341 LBFGS        PARAM    0057       -274.582531          1.154211          0.845317          2.853033          0.592622          0.329097          5.348281         67.154642
rank #0: 2017-11-27 21:24:58,212 LBFGS        PARAM    0058       -274.582996          1.154211          0.845317          2.853033          0.592622          0.329097          5.348282         67.154642
rank #0: 2017-11-27 21:24:59,321 LBFGS        PARAM    0059       -274.583010          1.154211          0.845317          2.853033          0.592622          0.329097          5.348282         67.154642
rank #0: 2017-11-27 21:25:00,907 LBFGS        PARAM    0060       -274.583010          1.154211          0.845317          2.853033          0.592622          0.329097          5.348282         67.154642
rank #0: 2017-11-27 21:25:01,839 LBFGS        PARAM    0061       -274.583017          1.154211          0.845317          2.853033          0.592622          0.329097          5.348281         67.154642
rank #0: 2017-11-27 21:25:25,612 LBFGS        INFO     Linesearch failed in both LBFGS and gradient directions
rank #0: 2017-11-27 21:25:25,613 LBFGS        PARAM    0061       -274.583017          1.154211          0.845317          2.853033          0.592622          0.329097          5.348281         67.154642
rank #0: 2017-11-27 21:25:25,613 rsdfit.lbfgs_fitter WARNING  ...LBFGS optimization finished. Time elapsed: 0:01:30.56
rank #0: 2017-11-27 21:25:25,613 rsdfit.lbfgs_fitter ERROR    nonlinear fit with method L-BFGS-B failed: Linesearch failed in both LBFGS and gradient directions
rank #0: 2017-11-27 21:25:25,615 rsdfit.fitting_driver INFO     rank 83 on nid00561     ...fitting complete
rank #0: 2017-11-27 21:25:25,897 rsdfit.fitting_driver INFO     rank 83 on nid00561     Saving the results to `/global/cscratch1/sd/nhand/eBOSS/fits/results/mocks/ezmock/v1.8e-fph/0.0001-0.3/basemodel-fs8-alphas-N/0.8-2.2/QSO-N-0303-P0+P2-mock-cov-976ba3841e/2017-11-27_nlopt_61i_chain0__1.npz`
rank #0: 2017-11-27 21:25:25,914 pyRSD.analysis.lbfgs_results INFO     
minimum chi2 = 67.154642327

Free parameters [ mean ]
_______________
N              : -274.583017191
alpha_par      : 1.15421112442
alpha_perp     : 0.845317251027
b1             : 2.85303333402
f              : 0.592621863074
sigma8_z       : 0.329096830298
sigma_fog      : 5.34828136607

Constrained parameters [ mean ]
_________________________
F_AP           : 1.36541768551
alpha          : 0.937795706221
b1sigma8       : 0.938924226958
epsilon        : 0.109400884794
fsigma8        : 0.195029976703
