rank #0: 2018-10-04 21:21:05,772 rsdfit.fitting_driver INFO     rank 2 on nid01062     Calling the 'nlopt' solve function
rank #0: 2018-10-04 21:21:05,773 rsdfit.lbfgs_fitter INFO     running LBFGS for 500 iterations and then stopping
rank #0: 2018-10-04 21:21:05,773 rsdfit.lbfgs_fitter INFO     running LBFGS minimizer with priors
rank #0: 2018-10-04 21:21:05,774 root         INFO     Iter           N          b1        f_nl   sigma_fog   F(X)     
rank #0: 2018-10-04 21:21:05,775 rsdfit.lbfgs_fitter INFO     computing gradient using numerical derivative of lnlike()
rank #0: 2018-10-04 21:21:06,963 LBFGS        INFO     options = {'factr': 100000.0, 'gtol': 1e-05, 'max_iter': 500, 'test_convergence': False}
rank #0: 2018-10-04 21:21:06,965 LBFGS        PARAM    0000          0.000000          2.000000          0.000000          4.000000        116.796025
rank #0: 2018-10-04 21:21:08,296 LBFGS        PARAM    0001         15.147561          2.094660          1.995023          3.980497         97.392188
rank #0: 2018-10-04 21:21:09,489 LBFGS        PARAM    0002        -85.823684          2.322998          9.753580          4.041742         77.081978
rank #0: 2018-10-04 21:21:10,691 LBFGS        PARAM    0003       -212.124530          2.349597         12.031910          4.122796         71.910520
rank #0: 2018-10-04 21:21:11,879 LBFGS        PARAM    0004       -453.192506          2.387935         17.086165          4.236915         67.966005
rank #0: 2018-10-04 21:21:13,094 LBFGS        PARAM    0005       -458.524961          2.387451         17.851025          4.203874         67.904252
rank #0: 2018-10-04 21:21:14,290 LBFGS        PARAM    0006       -507.430439          2.378393         23.987957          3.921569         67.667090
rank #0: 2018-10-04 21:21:15,505 LBFGS        PARAM    0007       -507.728089          2.380571         23.014529          3.930731         67.665336
rank #0: 2018-10-04 21:21:16,702 LBFGS        PARAM    0008       -507.864075          2.380463         23.050377          3.930359         67.665328
rank #0: 2018-10-04 21:21:17,899 LBFGS        PARAM    0009       -507.906714          2.380465         23.050282          3.930209         67.665328
rank #0: 2018-10-04 21:21:19,115 LBFGS        PARAM    0010       -507.929084          2.380466         23.044739          3.930100         67.665328
rank #0: 2018-10-04 21:21:20,311 LBFGS        PARAM    0011       -507.929460          2.380467         23.045615          3.930105         67.665328
rank #0: 2018-10-04 21:21:21,530 LBFGS        PARAM    0012       -507.929439          2.380467         23.045620          3.930105         67.665328
rank #0: 2018-10-04 21:21:22,867 LBFGS        PARAM    0013       -507.929440          2.380467         23.045620          3.930105         67.665328
rank #0: 2018-10-04 21:21:52,334 LBFGS        PARAM    0014       -507.929444          2.380467         23.045620          3.930105         67.665328
rank #0: 2018-10-04 21:21:52,336 LBFGS        INFO     LBFGS iteration 14: the descent direction does not have a sufficient projection (cos(theta)=-4.65e-01, theta=117.7322) into the gradient; using steepest descent at this step!
rank #0: 2018-10-04 21:21:53,806 LBFGS        PARAM    0015       -507.929444          2.380467         23.045620          3.930105         67.665328
rank #0: 2018-10-04 21:22:22,429 LBFGS        PARAM    0016       -507.929445          2.380467         23.045620          3.930105         67.665328
rank #0: 2018-10-04 21:23:15,849 LBFGS        INFO     Linesearch failed in both LBFGS and gradient directions
rank #0: 2018-10-04 21:23:15,850 LBFGS        PARAM    0016       -507.929445          2.380467         23.045620          3.930105         67.665328
rank #0: 2018-10-04 21:23:15,851 rsdfit.lbfgs_fitter WARNING  ...LBFGS optimization finished. Time elapsed: 0:02:08.89
rank #0: 2018-10-04 21:23:15,852 rsdfit.lbfgs_fitter ERROR    nonlinear fit with method L-BFGS-B failed: Linesearch failed in both LBFGS and gradient directions
rank #0: 2018-10-04 21:23:15,854 rsdfit.fitting_driver INFO     rank 2 on nid01062     ...fitting complete
rank #0: 2018-10-04 21:23:15,858 rsdfit.fitting_driver INFO     rank 2 on nid01062     Saving the results to `/global/cscratch1/sd/nhand/eBOSS/fits/results/mocks/ezmock/v1.8e-fph/0.0001-0.3/basemodel-N-fnl/0.8-2.2/QSO-N-0702-P0+P2-mock-cov-3d9387a9b2/2018-10-04_nlopt_16i_chain0__1.npz`
rank #0: 2018-10-04 21:23:15,957 pyRSD.analysis.lbfgs_results INFO     
minimum chi2 = 67.6653277598

Free parameters [ mean ]
_______________
N              : -507.929444975
b1             : 2.38046691179
f_nl           : 23.0456196168
sigma_fog      : 3.93010515996

Constrained parameters [ mean ]
_________________________
b1sigma8       : 0.892402072576
