rank #0: 2018-10-04 22:08:41,867 rsdfit.fitting_driver INFO     rank 18 on nid12887     Calling the 'nlopt' solve function
rank #0: 2018-10-04 22:08:41,867 rsdfit.lbfgs_fitter INFO     running LBFGS for 500 iterations and then stopping
rank #0: 2018-10-04 22:08:41,868 rsdfit.lbfgs_fitter INFO     running LBFGS minimizer with priors
rank #0: 2018-10-04 22:08:41,868 root         INFO     Iter           N          b1        f_nl   sigma_fog   F(X)     
rank #0: 2018-10-04 22:08:41,868 rsdfit.lbfgs_fitter INFO     computing gradient using numerical derivative of lnlike()
rank #0: 2018-10-04 22:08:43,018 LBFGS        INFO     options = {'factr': 100000.0, 'gtol': 1e-05, 'max_iter': 500, 'test_convergence': False}
rank #0: 2018-10-04 22:08:43,018 LBFGS        PARAM    0000          0.000000          2.000000          0.000000          4.000000         96.913583
rank #0: 2018-10-04 22:08:44,351 LBFGS        PARAM    0001         31.078901          2.085651          1.245529          3.956780         88.059727
rank #0: 2018-10-04 22:08:45,529 LBFGS        PARAM    0002        -33.248424          2.281523          4.546649          3.879173         80.337063
rank #0: 2018-10-04 22:08:46,730 LBFGS        PARAM    0003       -114.310540          2.290103          4.209958          3.882716         79.017301
rank #0: 2018-10-04 22:08:47,908 LBFGS        PARAM    0004       -362.774309          2.343997          2.147643          3.812194         77.275322
rank #0: 2018-10-04 22:08:49,088 LBFGS        PARAM    0005       -404.527021          2.346634         -1.747802          3.670333         76.892722
rank #0: 2018-10-04 22:08:50,285 LBFGS        PARAM    0006       -561.642996          2.369281        -24.578190          2.954622         75.914943
rank #0: 2018-10-04 22:08:51,465 LBFGS        PARAM    0007       -574.703207          2.383152        -43.888357          2.947331         75.569079
rank #0: 2018-10-04 22:08:52,667 LBFGS        PARAM    0008       -578.156862          2.386842        -47.985368          2.948420         75.494864
rank #0: 2018-10-04 22:08:52,668 LBFGS        INFO     LBFGS iteration 8: the descent direction does not have a sufficient projection (cos(theta)=-6.83e-01, theta=133.1173) into the gradient; using steepest descent at this step!
rank #0: 2018-10-04 22:08:53,980 LBFGS        PARAM    0009       -573.294423          2.391173        -48.747623          2.954266         75.470663
rank #0: 2018-10-04 22:08:55,178 LBFGS        PARAM    0010       -564.902299          2.397770        -51.496647          2.979891         75.418295
rank #0: 2018-10-04 22:08:56,359 LBFGS        PARAM    0011       -543.076940          2.413984        -61.926769          3.079509         75.262949
rank #0: 2018-10-04 22:08:57,537 LBFGS        PARAM    0012       -507.581080          2.441481        -85.763565          3.302611         74.965913
rank #0: 2018-10-04 22:08:58,736 LBFGS        PARAM    0013       -471.694508          2.486034       -131.259968          3.676721         74.551459
rank #0: 2018-10-04 22:08:59,914 LBFGS        PARAM    0014       -528.736084          2.529857       -171.706187          3.646912         74.139585
rank #0: 2018-10-04 22:09:01,115 LBFGS        PARAM    0015       -652.613964          2.497307       -168.363386          3.173952         73.323061
rank #0: 2018-10-04 22:09:02,294 LBFGS        PARAM    0016       -675.168237          2.506281       -172.856719          3.120287         73.306643
rank #0: 2018-10-04 22:09:03,491 LBFGS        PARAM    0017       -682.671775          2.508526       -170.387465          3.118615         73.302377
rank #0: 2018-10-04 22:09:04,672 LBFGS        PARAM    0018       -682.151618          2.508468       -170.629822          3.119523         73.302342
rank #0: 2018-10-04 22:09:05,851 LBFGS        PARAM    0019       -682.142737          2.508464       -170.629482          3.119442         73.302342
rank #0: 2018-10-04 22:09:07,051 LBFGS        PARAM    0020       -682.147531          2.508465       -170.629989          3.119459         73.302342
rank #0: 2018-10-04 22:09:08,230 LBFGS        PARAM    0021       -682.147594          2.508465       -170.629996          3.119459         73.302342
rank #0: 2018-10-04 22:09:37,576 LBFGS        PARAM    0022       -682.147592          2.508465       -170.629996          3.119459         73.302342
rank #0: 2018-10-04 22:09:37,578 LBFGS        INFO     LBFGS iteration 22: the descent direction does not have a sufficient projection (cos(theta)=-5.35e-01, theta=122.3425) into the gradient; using steepest descent at this step!
rank #0: 2018-10-04 22:10:02,394 LBFGS        INFO     Linesearch failed in both LBFGS and gradient directions
rank #0: 2018-10-04 22:10:02,395 LBFGS        PARAM    0022       -682.147592          2.508465       -170.629996          3.119459         73.302342
rank #0: 2018-10-04 22:10:02,395 rsdfit.lbfgs_fitter WARNING  ...LBFGS optimization finished. Time elapsed: 0:01:19.38
rank #0: 2018-10-04 22:10:02,395 rsdfit.lbfgs_fitter ERROR    nonlinear fit with method L-BFGS-B failed: Linesearch failed in both LBFGS and gradient directions
rank #0: 2018-10-04 22:10:02,396 rsdfit.fitting_driver INFO     rank 18 on nid12887     ...fitting complete
rank #0: 2018-10-04 22:10:02,412 rsdfit.fitting_driver INFO     rank 18 on nid12887     Saving the results to `/global/cscratch1/sd/nhand/eBOSS/fits/results/mocks/ezmock/v1.8e-fph/0.005-0.3/basemodel-N-fnl/0.8-2.2/QSO-S-0005-P0+P2-mock-cov-96ccb1008d/2018-10-04_nlopt_22i_chain0__1.npz`
rank #0: 2018-10-04 22:10:02,601 pyRSD.analysis.lbfgs_results INFO     
minimum chi2 = 73.3023422966

Free parameters [ mean ]
_______________
N              : -682.147591584
b1             : 2.5084654857
f_nl           : -170.629995969
sigma_fog      : 3.1194593202

Constrained parameters [ mean ]
_________________________
b1sigma8       : 0.940386857442
