rank #0: 2018-06-03 08:53:17,307 rsdfit.fitting_driver INFO     rank 41 on nid00616     Calling the 'nlopt' solve function
rank #0: 2018-06-03 08:53:17,307 rsdfit.lbfgs_fitter INFO     running LBFGS for 500 iterations and then stopping
rank #0: 2018-06-03 08:53:17,308 rsdfit.lbfgs_fitter INFO     running LBFGS minimizer with priors
rank #0: 2018-06-03 08:53:17,308 root         INFO     Iter           N          b1        f_nl   sigma_fog   F(X)     
rank #0: 2018-06-03 08:53:17,845 LBFGS        INFO     options = {'factr': 100000.0, 'gtol': 1e-05, 'max_iter': 500, 'test_convergence': False}
rank #0: 2018-06-03 08:53:17,846 LBFGS        PARAM    0000          0.000000          2.000000          0.000000          4.000000        118.524759
rank #0: 2018-06-03 08:53:18,453 LBFGS        PARAM    0001         18.283591          2.103576          2.374469          3.995180         97.224447
rank #0: 2018-06-03 08:53:19,000 LBFGS        PARAM    0002        -96.394413          2.363777         12.319734          4.133407         73.688248
rank #0: 2018-06-03 08:53:19,552 LBFGS        PARAM    0003       -234.670873          2.390424         15.297820          4.254647         67.406150
rank #0: 2018-06-03 08:53:20,100 LBFGS        PARAM    0004       -465.212189          2.428598         22.077173          4.472059         63.209275
rank #0: 2018-06-03 08:53:20,646 LBFGS        PARAM    0005       -458.909409          2.425266         23.346035          4.474570         63.170537
rank #0: 2018-06-03 08:53:21,195 LBFGS        PARAM    0006       -434.065600          2.413715         33.268961          4.509746         63.065304
rank #0: 2018-06-03 08:53:21,745 LBFGS        PARAM    0007       -436.832664          2.414328         31.358801          4.512833         63.059495
rank #0: 2018-06-03 08:53:22,297 LBFGS        PARAM    0008       -436.755912          2.414598         31.548008          4.513745         63.059297
rank #0: 2018-06-03 08:53:22,845 LBFGS        PARAM    0009       -436.632696          2.414623         31.584188          4.514798         63.059265
rank #0: 2018-06-03 08:53:23,395 LBFGS        PARAM    0010       -435.881007          2.414681         31.603176          4.519174         63.059178
rank #0: 2018-06-03 08:53:23,946 LBFGS        PARAM    0011       -435.217722          2.414662         31.548483          4.522069         63.059148
rank #0: 2018-06-03 08:53:24,497 LBFGS        PARAM    0012       -435.147034          2.414659         31.528008          4.522292         63.059147
rank #0: 2018-06-03 08:53:25,047 LBFGS        PARAM    0013       -435.149008          2.414657         31.526659          4.522264         63.059147
rank #0: 2018-06-03 08:53:25,597 LBFGS        PARAM    0014       -435.149829          2.414657         31.526604          4.522259         63.059147
rank #0: 2018-06-03 08:53:26,273 LBFGS        PARAM    0015       -435.149836          2.414657         31.526605          4.522259         63.059147
rank #0: 2018-06-03 08:53:39,985 LBFGS        PARAM    0016       -435.149837          2.414657         31.526605          4.522259         63.059147
rank #0: 2018-06-03 08:53:53,547 LBFGS        PARAM    0017       -435.149837          2.414657         31.526605          4.522259         63.059147
rank #0: 2018-06-03 08:53:53,549 LBFGS        INFO     LBFGS iteration 17: the descent direction does not have a sufficient projection (cos(theta)=-8.93e-01, theta=153.2638) into the gradient; using steepest descent at this step!
rank #0: 2018-06-03 08:54:04,902 LBFGS        INFO     Linesearch failed in both LBFGS and gradient directions
rank #0: 2018-06-03 08:54:04,903 LBFGS        PARAM    0017       -435.149837          2.414657         31.526605          4.522259         63.059147
rank #0: 2018-06-03 08:54:04,904 rsdfit.lbfgs_fitter WARNING  ...LBFGS optimization finished. Time elapsed: 0:00:47.06
rank #0: 2018-06-03 08:54:04,904 rsdfit.lbfgs_fitter ERROR    nonlinear fit with method L-BFGS-B failed: Linesearch failed in both LBFGS and gradient directions
rank #0: 2018-06-03 08:54:04,905 rsdfit.fitting_driver INFO     rank 41 on nid00616     ...fitting complete
rank #0: 2018-06-03 08:54:04,908 rsdfit.fitting_driver INFO     rank 41 on nid00616     Saving the results to `/global/cscratch1/sd/nhand/eBOSS/fits/results/mocks/ezmock/v1.8e-fph/0.0001-0.3/basemodel-N-fnl/0.8-2.2/QSO-N-0365-P0+P2-mock-cov-1ab4f6001f/2018-06-03_nlopt_17i_chain0__1.npz`
rank #0: 2018-06-03 08:54:04,933 pyRSD.analysis.lbfgs_results INFO     
minimum chi2 = 63.0591465153

Free parameters [ mean ]
_______________
N              : -435.149836963
b1             : 2.41465715346
f_nl           : 31.5266054934
sigma_fog      : 4.52225865997

Constrained parameters [ mean ]
_________________________
b1sigma8       : 0.905219491872
