rank #0: 2017-11-27 21:40:20,979 rsdfit.fitting_driver INFO     rank 170 on nid00532     Calling the 'nlopt' solve function
rank #0: 2017-11-27 21:40:20,979 rsdfit.lbfgs_fitter INFO     running LBFGS for 500 iterations and then stopping
rank #0: 2017-11-27 21:40:20,979 rsdfit.lbfgs_fitter INFO     running LBFGS minimizer with priors
rank #0: 2017-11-27 21:40:20,979 root         INFO     Iter           N          b1           f    sigma8_z   sigma_fog   F(X)     
rank #0: 2017-11-27 21:40:21,586 LBFGS        INFO     options = {'factr': 100000.0, 'gtol': 1e-05, 'max_iter': 500, 'test_convergence': False}
rank #0: 2017-11-27 21:40:21,587 LBFGS        PARAM    0000          0.000000          2.000000          0.930924          0.397985          4.000000         85.711894
rank #0: 2017-11-27 21:40:22,268 LBFGS        PARAM    0001          0.435489          2.002680          0.931027          0.399774          3.999962         84.216295
rank #0: 2017-11-27 21:40:22,894 LBFGS        PARAM    0002         -1.275611          2.065047          0.932661          0.436885          4.022194         71.814804
rank #0: 2017-11-27 21:40:23,519 LBFGS        PARAM    0003         -6.460441          2.051857          0.931756          0.428263          4.034961         70.836789
rank #0: 2017-11-27 21:40:24,146 LBFGS        PARAM    0004        -11.061471          2.054978          0.931415          0.429202          4.049086         70.719919
rank #0: 2017-11-27 21:40:24,776 LBFGS        PARAM    0005        -41.471117          2.068770          0.928934          0.431369          4.141476         70.273231
rank #0: 2017-11-27 21:40:25,406 LBFGS        PARAM    0006        -94.950595          2.087932          0.924347          0.432067          4.304585         69.709916
rank #0: 2017-11-27 21:40:26,035 LBFGS        PARAM    0007       -171.278662          2.111886          0.917230          0.429926          4.548433         69.082005
rank #0: 2017-11-27 21:40:26,666 LBFGS        PARAM    0008       -186.929592          2.121639          0.913548          0.426535          4.657153         68.889386
rank #0: 2017-11-27 21:40:27,296 LBFGS        PARAM    0009       -183.080429          2.122415          0.913008          0.425537          4.668563         68.876343
rank #0: 2017-11-27 21:40:27,926 LBFGS        PARAM    0010       -179.483578          2.122531          0.912905          0.425293          4.668873         68.873624
rank #0: 2017-11-27 21:40:28,556 LBFGS        PARAM    0011       -167.102305          2.123820          0.912407          0.424668          4.674181         68.865415
rank #0: 2017-11-27 21:40:29,186 LBFGS        PARAM    0012       -150.891631          2.126908          0.911459          0.424034          4.689785         68.855458
rank #0: 2017-11-27 21:40:29,818 LBFGS        PARAM    0013       -139.158529          2.130838          0.910295          0.424061          4.721819         68.847157
rank #0: 2017-11-27 21:40:30,448 LBFGS        PARAM    0014       -138.784694          2.130804          0.910309          0.424103          4.722021         68.847128
rank #0: 2017-11-27 21:40:31,078 LBFGS        PARAM    0015       -138.742098          2.130736          0.910331          0.424122          4.721953         68.847122
rank #0: 2017-11-27 21:40:31,709 LBFGS        PARAM    0016       -138.631346          2.130497          0.910403          0.424176          4.722042         68.847101
rank #0: 2017-11-27 21:40:32,341 LBFGS        PARAM    0017       -138.358524          2.129931          0.910572          0.424288          4.722829         68.847055
rank #0: 2017-11-27 21:40:32,971 LBFGS        PARAM    0018       -137.652257          2.128540          0.910982          0.424536          4.725660         68.846945
rank #0: 2017-11-27 21:40:33,601 LBFGS        PARAM    0019       -136.236551          2.125871          0.911762          0.424976          4.732363         68.846745
rank #0: 2017-11-27 21:40:34,230 LBFGS        PARAM    0020       -134.350418          2.122478          0.912748          0.425492          4.742492         68.846510
rank #0: 2017-11-27 21:40:34,860 LBFGS        PARAM    0021       -133.352996          2.120829          0.913222          0.425701          4.748961         68.846392
rank #0: 2017-11-27 21:40:35,492 LBFGS        PARAM    0022       -133.407501          2.121010          0.913166          0.425643          4.749504         68.846371
rank #0: 2017-11-27 21:40:36,123 LBFGS        PARAM    0023       -133.548401          2.121277          0.913087          0.425596          4.748920         68.846370
rank #0: 2017-11-27 21:40:36,752 LBFGS        PARAM    0024       -133.570824          2.121317          0.913076          0.425590          4.748800         68.846370
rank #0: 2017-11-27 21:40:37,377 LBFGS        PARAM    0025       -133.571522          2.121321          0.913076          0.425589          4.748793         68.846370
rank #0: 2017-11-27 21:40:50,202 LBFGS        PARAM    0026       -133.571528          2.121321          0.913076          0.425589          4.748793         68.846370
rank #0: 2017-11-27 21:40:50,835 LBFGS        PARAM    0027       -133.571579          2.121321          0.913076          0.425589          4.748793         68.846370
rank #0: 2017-11-27 21:40:51,468 LBFGS        PARAM    0028       -133.571730          2.121321          0.913076          0.425589          4.748793         68.846370
rank #0: 2017-11-27 21:40:52,215 LBFGS        PARAM    0029       -133.571792          2.121321          0.913076          0.425589          4.748793         68.846370
rank #0: 2017-11-27 21:40:52,964 LBFGS        PARAM    0030       -133.571908          2.121321          0.913076          0.425589          4.748793         68.846370
rank #0: 2017-11-27 21:40:53,828 LBFGS        PARAM    0031       -133.571951          2.121321          0.913076          0.425589          4.748793         68.846370
rank #0: 2017-11-27 21:40:54,693 LBFGS        PARAM    0032       -133.572018          2.121321          0.913076          0.425589          4.748793         68.846370
rank #0: 2017-11-27 21:41:07,532 LBFGS        PARAM    0033       -133.572016          2.121321          0.913076          0.425589          4.748793         68.846370
rank #0: 2017-11-27 21:41:30,662 LBFGS        INFO     Linesearch failed in both LBFGS and gradient directions
rank #0: 2017-11-27 21:41:30,662 LBFGS        PARAM    0033       -133.572016          2.121321          0.913076          0.425589          4.748793         68.846370
rank #0: 2017-11-27 21:41:30,662 rsdfit.lbfgs_fitter WARNING  ...LBFGS optimization finished. Time elapsed: 0:01:09.08
rank #0: 2017-11-27 21:41:30,663 rsdfit.lbfgs_fitter ERROR    nonlinear fit with method L-BFGS-B failed: Linesearch failed in both LBFGS and gradient directions
rank #0: 2017-11-27 21:41:30,664 rsdfit.fitting_driver INFO     rank 170 on nid00532     ...fitting complete
rank #0: 2017-11-27 21:41:30,666 rsdfit.fitting_driver INFO     rank 170 on nid00532     Saving the results to `/global/cscratch1/sd/nhand/eBOSS/fits/results/mocks/ezmock/v1.8e-fph/0.0001-0.3/basemodel-fs8-N/0.8-2.2/QSO-S-0334-P0+P2-mock-cov-5d97c0eb2d/2017-11-27_nlopt_33i_chain0__1.npz`
rank #0: 2017-11-27 21:41:30,686 pyRSD.analysis.lbfgs_results INFO     
minimum chi2 = 68.8463702163

Free parameters [ mean ]
_______________
N              : -133.572016286
b1             : 2.12132127591
f              : 0.913076253099
sigma8_z       : 0.425588935309
sigma_fog      : 4.74879330516

Constrained parameters [ mean ]
_________________________
b1sigma8       : 0.902810863263
fsigma8        : 0.388595150413
