rank #0: 2018-12-30 15:51:39,488 rsdfit.fitting_driver INFO     rank 54 on nid00556     Calling the 'nlopt' solve function
rank #0: 2018-12-30 15:51:39,489 rsdfit.lbfgs_fitter INFO     running LBFGS for 500 iterations and then stopping
rank #0: 2018-12-30 15:51:39,489 rsdfit.lbfgs_fitter INFO     running LBFGS minimizer with priors
rank #0: 2018-12-30 15:51:39,490 root         INFO     Iter           N          b1        f_nl   sigma_fog   F(X)     
rank #0: 2018-12-30 15:51:39,491 rsdfit.lbfgs_fitter INFO     computing gradient using numerical derivative of lnlike()
rank #0: 2018-12-30 15:51:40,102 LBFGS        INFO     options = {'factr': 100000.0, 'gtol': 1e-05, 'max_iter': 500, 'test_convergence': False}
rank #0: 2018-12-30 15:51:40,103 LBFGS        PARAM    0000          0.000000          2.000000          0.000000          4.000000         77.720395
rank #0: 2018-12-30 15:51:40,800 LBFGS        PARAM    0001         -5.639736          2.040956          0.693534          3.986321         75.068750
rank #0: 2018-12-30 15:51:41,407 LBFGS        PARAM    0002       -117.681813          2.159291          3.035711          3.970617         70.928045
rank #0: 2018-12-30 15:51:42,036 LBFGS        PARAM    0003       -221.763619          2.188186          3.426675          3.975405         69.698186
rank #0: 2018-12-30 15:51:42,663 LBFGS        PARAM    0004       -356.925361          2.203016          1.304471          3.884010         68.893510
rank #0: 2018-12-30 15:51:43,271 LBFGS        PARAM    0005       -390.964023          2.207092         -0.191919          3.806416         68.761857
rank #0: 2018-12-30 15:51:43,895 LBFGS        PARAM    0006       -457.894547          2.212665         -5.525551          3.520232         68.465979
rank #0: 2018-12-30 15:51:44,517 LBFGS        PARAM    0007       -452.747894          2.208473         -8.307758          3.372305         68.387133
rank #0: 2018-12-30 15:51:45,134 LBFGS        PARAM    0008       -451.463547          2.207051         -8.351724          3.372652         68.386681
rank #0: 2018-12-30 15:51:45,743 LBFGS        PARAM    0009       -451.440679          2.207154         -8.347972          3.372837         68.386677
rank #0: 2018-12-30 15:51:46,368 LBFGS        PARAM    0010       -451.422850          2.207160         -8.350081          3.372901         68.386676
rank #0: 2018-12-30 15:51:47,000 LBFGS        PARAM    0011       -451.332933          2.207198         -8.378985          3.373330         68.386674
rank #0: 2018-12-30 15:51:47,605 LBFGS        PARAM    0012       -451.338315          2.207221         -8.409070          3.373494         68.386673
rank #0: 2018-12-30 15:51:48,231 LBFGS        PARAM    0013       -451.399163          2.207227         -8.427100          3.373430         68.386673
rank #0: 2018-12-30 15:51:48,863 LBFGS        PARAM    0014       -451.405519          2.207226         -8.427349          3.373413         68.386673
rank #0: 2018-12-30 15:51:49,466 LBFGS        PARAM    0015       -451.406124          2.207226         -8.427205          3.373410         68.386673
rank #0: 2018-12-30 15:51:50,160 LBFGS        PARAM    0016       -451.406127          2.207226         -8.427199          3.373410         68.386673
rank #0: 2018-12-30 15:51:50,783 LBFGS        PARAM    0017       -451.406083          2.207226         -8.427182          3.373410         68.386673
rank #0: 2018-12-30 15:52:05,842 LBFGS        PARAM    0018       -451.406083          2.207226         -8.427182          3.373410         68.386673
rank #0: 2018-12-30 15:52:20,760 LBFGS        PARAM    0019       -451.406083          2.207226         -8.427182          3.373410         68.386673
rank #0: 2018-12-30 15:52:47,049 LBFGS        INFO     Linesearch failed in both LBFGS and gradient directions
rank #0: 2018-12-30 15:52:47,050 LBFGS        PARAM    0019       -451.406083          2.207226         -8.427182          3.373410         68.386673
rank #0: 2018-12-30 15:52:47,050 rsdfit.lbfgs_fitter WARNING  ...LBFGS optimization finished. Time elapsed: 0:01:06.95
rank #0: 2018-12-30 15:52:47,051 rsdfit.lbfgs_fitter ERROR    nonlinear fit with method L-BFGS-B failed: Linesearch failed in both LBFGS and gradient directions
rank #0: 2018-12-30 15:52:47,052 rsdfit.fitting_driver INFO     rank 54 on nid00556     ...fitting complete
rank #0: 2018-12-30 15:52:47,056 rsdfit.fitting_driver INFO     rank 54 on nid00556     Saving the results to `/global/cscratch1/sd/nhand/eBOSS/fits/results/mocks/ezmock/v1.8e-fph/0.0001-0.3/basemodel-N-fnl/0.8-2.2/QSO-S-0451-P0+P2-mock-cov-175f5c9b57/2018-12-30_nlopt_19i_chain0__1.npz`
rank #0: 2018-12-30 15:52:47,781 pyRSD.analysis.lbfgs_results INFO     
minimum chi2 = 68.3866727916

Free parameters [ mean ]
_______________
N              : -451.406083088
b1             : 2.20722573061
f_nl           : -8.42718206518
sigma_fog      : 3.37341031243

Constrained parameters [ mean ]
_________________________
b1sigma8       : 0.879167166924
