rank #0: 2017-11-27 20:42:34,653 rsdfit.fitting_driver INFO     rank 32 on nid00562     Calling the 'nlopt' solve function
rank #0: 2017-11-27 20:42:34,653 rsdfit.lbfgs_fitter INFO     running LBFGS for 500 iterations and then stopping
rank #0: 2017-11-27 20:42:34,654 rsdfit.lbfgs_fitter INFO     running LBFGS minimizer with priors
rank #0: 2017-11-27 20:42:34,654 root         INFO     Iter           N          b1        f_nl   sigma_fog   F(X)     
rank #0: 2017-11-27 20:42:35,161 LBFGS        INFO     options = {'factr': 100000.0, 'gtol': 1e-05, 'max_iter': 500, 'test_convergence': False}
rank #0: 2017-11-27 20:42:35,162 LBFGS        PARAM    0000          0.000000          2.000000          0.000000          4.000000         91.388977
rank #0: 2017-11-27 20:42:35,740 LBFGS        PARAM    0001         -7.060080          2.067586          0.546608          4.004020         82.814282
rank #0: 2017-11-27 20:42:36,261 LBFGS        PARAM    0002        -92.525122          2.200831          2.387977          4.068650         75.806489
rank #0: 2017-11-27 20:42:36,780 LBFGS        PARAM    0003       -144.385182          2.198641          2.601087          4.110552         74.889505
rank #0: 2017-11-27 20:42:37,299 LBFGS        PARAM    0004       -328.933069          2.209630          3.696254          4.242873         73.600525
rank #0: 2017-11-27 20:42:37,819 LBFGS        PARAM    0005       -334.031582          2.208739          3.822669          4.218403         73.587422
rank #0: 2017-11-27 20:42:38,339 LBFGS        PARAM    0006       -352.787146          2.208501          4.484623          4.137989         73.568285
rank #0: 2017-11-27 20:42:38,858 LBFGS        PARAM    0007       -352.951326          2.208419          5.232938          4.136514         73.567244
rank #0: 2017-11-27 20:42:39,378 LBFGS        PARAM    0008       -350.745228          2.203721         22.661612          4.115462         73.556067
rank #0: 2017-11-27 20:42:39,898 LBFGS        PARAM    0009       -348.402822          2.203008         20.994465          4.121555         73.553904
rank #0: 2017-11-27 20:42:40,419 LBFGS        PARAM    0010       -345.630656          2.201291         22.788519          4.124343         73.553228
rank #0: 2017-11-27 20:42:40,938 LBFGS        PARAM    0011       -345.708233          2.201328         22.726176          4.124493         73.553228
rank #0: 2017-11-27 20:42:41,459 LBFGS        PARAM    0012       -345.707418          2.201326         22.728898          4.124488         73.553228
rank #0: 2017-11-27 20:42:41,979 LBFGS        PARAM    0013       -345.707384          2.201326         22.728883          4.124488         73.553228
rank #0: 2017-11-27 20:42:42,499 LBFGS        PARAM    0014       -345.707386          2.201326         22.728875          4.124488         73.553228
rank #0: 2017-11-27 20:42:43,019 LBFGS        PARAM    0015       -345.707385          2.201326         22.728878          4.124488         73.553228
rank #0: 2017-11-27 20:43:04,814 LBFGS        INFO     Linesearch failed in both LBFGS and gradient directions
rank #0: 2017-11-27 20:43:04,815 LBFGS        PARAM    0015       -345.707385          2.201326         22.728878          4.124488         73.553228
rank #0: 2017-11-27 20:43:04,815 rsdfit.lbfgs_fitter WARNING  ...LBFGS optimization finished. Time elapsed: 0:00:29.65
rank #0: 2017-11-27 20:43:04,815 rsdfit.lbfgs_fitter ERROR    nonlinear fit with method L-BFGS-B failed: Linesearch failed in both LBFGS and gradient directions
rank #0: 2017-11-27 20:43:04,816 rsdfit.fitting_driver INFO     rank 32 on nid00562     ...fitting complete
rank #0: 2017-11-27 20:43:04,818 rsdfit.fitting_driver INFO     rank 32 on nid00562     Saving the results to `/global/cscratch1/sd/nhand/eBOSS/fits/results/mocks/ezmock/v1.8e-fph/0.0001-0.3/basemodel-N-fnl/0.8-2.2/QSO-N-0944-P0+P2-mock-cov-a9f629560d/2017-11-27_nlopt_15i_chain0__1.npz`
rank #0: 2017-11-27 20:43:04,840 pyRSD.analysis.lbfgs_results INFO     
minimum chi2 = 73.5532279503

Free parameters [ mean ]
_______________
N              : -345.707385137
b1             : 2.2013264486
f_nl           : 22.7288780835
sigma_fog      : 4.12448814099

Constrained parameters [ mean ]
_________________________
b1sigma8       : 0.87628277736
