rank #0: 2018-06-24 11:27:37,452 rsdfit.fitting_driver INFO     rank 45 on nid00619     Calling the 'nlopt' solve function
rank #0: 2018-06-24 11:27:37,452 rsdfit.lbfgs_fitter INFO     running LBFGS for 500 iterations and then stopping
rank #0: 2018-06-24 11:27:37,452 rsdfit.lbfgs_fitter INFO     running LBFGS minimizer with priors
rank #0: 2018-06-24 11:27:37,453 root         INFO     Iter           N          b1        f_nl   sigma_fog   F(X)     
rank #0: 2018-06-24 11:27:38,024 LBFGS        INFO     options = {'factr': 100000.0, 'gtol': 1e-05, 'max_iter': 500, 'test_convergence': False}
rank #0: 2018-06-24 11:27:38,025 LBFGS        PARAM    0000          0.000000          2.000000          0.000000          4.000000        104.335039
rank #0: 2018-06-24 11:27:38,686 LBFGS        PARAM    0001         19.482041          2.067575          1.403886          3.956417         95.845782
rank #0: 2018-06-24 11:27:39,281 LBFGS        PARAM    0002        -43.089686          2.234432          6.820691          3.841210         87.182603
rank #0: 2018-06-24 11:27:39,860 LBFGS        PARAM    0003       -123.212420          2.246998          8.500226          3.815864         85.447466
rank #0: 2018-06-24 11:27:40,454 LBFGS        PARAM    0004       -445.114214          2.297092         17.382328          3.533766         81.815364
rank #0: 2018-06-24 11:27:41,048 LBFGS        PARAM    0005       -516.656510          2.294859         21.143844          3.264316         80.909247
rank #0: 2018-06-24 11:27:41,643 LBFGS        PARAM    0006       -609.946447          2.277658         30.193936          2.551971         79.737636
rank #0: 2018-06-24 11:27:42,222 LBFGS        PARAM    0007       -584.277124          2.270160         30.772915          2.516396         79.699368
rank #0: 2018-06-24 11:27:42,817 LBFGS        PARAM    0008       -583.082380          2.269723         31.101908          2.507103         79.698751
rank #0: 2018-06-24 11:27:43,411 LBFGS        PARAM    0009       -582.744844          2.269374         31.231777          2.505717         79.698658
rank #0: 2018-06-24 11:27:43,991 LBFGS        PARAM    0010       -582.257439          2.269038         31.520663          2.506519         79.698512
rank #0: 2018-06-24 11:27:44,585 LBFGS        PARAM    0011       -582.043004          2.269038         31.649412          2.509658         79.698470
rank #0: 2018-06-24 11:27:45,180 LBFGS        PARAM    0012       -581.998487          2.269043         31.645936          2.510053         79.698470
rank #0: 2018-06-24 11:27:45,775 LBFGS        PARAM    0013       -581.998007          2.269045         31.645120          2.510068         79.698470
rank #0: 2018-06-24 11:27:46,354 LBFGS        PARAM    0014       -581.998082          2.269045         31.645058          2.510068         79.698470
rank #0: 2018-06-24 11:28:00,781 LBFGS        PARAM    0015       -581.998085          2.269045         31.645058          2.510068         79.698470
rank #0: 2018-06-24 11:28:01,376 LBFGS        PARAM    0016       -581.998102          2.269045         31.645058          2.510068         79.698470
rank #0: 2018-06-24 11:28:15,792 LBFGS        PARAM    0017       -581.998102          2.269045         31.645058          2.510068         79.698470
rank #0: 2018-06-24 11:28:41,467 LBFGS        INFO     Linesearch failed in both LBFGS and gradient directions
rank #0: 2018-06-24 11:28:41,467 LBFGS        PARAM    0017       -581.998102          2.269045         31.645058          2.510068         79.698470
rank #0: 2018-06-24 11:28:41,468 rsdfit.lbfgs_fitter WARNING  ...LBFGS optimization finished. Time elapsed: 0:01:03.44
rank #0: 2018-06-24 11:28:41,468 rsdfit.lbfgs_fitter ERROR    nonlinear fit with method L-BFGS-B failed: Linesearch failed in both LBFGS and gradient directions
rank #0: 2018-06-24 11:28:41,469 rsdfit.fitting_driver INFO     rank 45 on nid00619     ...fitting complete
rank #0: 2018-06-24 11:28:41,472 rsdfit.fitting_driver INFO     rank 45 on nid00619     Saving the results to `/global/cscratch1/sd/nhand/eBOSS/fits/results/mocks/ezmock/v1.8e-fph/0.0001-0.3/basemodel-N-fnl/0.8-2.2/QSO-S-0056-P0+P2-mock-cov-8973e9cf3e/2018-06-24_nlopt_17i_chain0__1.npz`
rank #0: 2018-06-24 11:28:41,499 pyRSD.analysis.lbfgs_results INFO     
minimum chi2 = 79.6984697925

Free parameters [ mean ]
_______________
N              : -581.998102199
b1             : 2.26904537098
f_nl           : 31.6450582322
sigma_fog      : 2.51006760735

Constrained parameters [ mean ]
_________________________
b1sigma8       : 0.903790746348
