rank #0: 2018-07-15 20:12:33,272 rsdfit.fitting_driver INFO     rank 48 on nid00570     Calling the 'nlopt' solve function
rank #0: 2018-07-15 20:12:33,273 rsdfit.lbfgs_fitter INFO     running LBFGS for 500 iterations and then stopping
rank #0: 2018-07-15 20:12:33,274 rsdfit.lbfgs_fitter INFO     running LBFGS minimizer with priors
rank #0: 2018-07-15 20:12:33,274 root         INFO     Iter           N          b1        f_nl   sigma_fog   F(X)     
rank #0: 2018-07-15 20:12:33,835 LBFGS        INFO     options = {'factr': 100000.0, 'gtol': 1e-05, 'max_iter': 500, 'test_convergence': False}
rank #0: 2018-07-15 20:12:33,836 LBFGS        PARAM    0000          0.000000          2.000000          0.000000          4.000000        103.978356
rank #0: 2018-07-15 20:12:34,494 LBFGS        PARAM    0001         49.737682          2.168342          1.526071          3.953566         86.195716
rank #0: 2018-07-15 20:12:35,088 LBFGS        PARAM    0002       -103.865357          2.549150          9.359686          3.975326         71.619567
rank #0: 2018-07-15 20:12:35,678 LBFGS        PARAM    0003       -251.734609          2.530539         10.206765          4.053180         67.797918
rank #0: 2018-07-15 20:12:36,258 LBFGS        PARAM    0004       -550.436442          2.591794         14.729155          4.160362         65.389453
rank #0: 2018-07-15 20:12:36,849 LBFGS        PARAM    0005       -576.969582          2.593783         17.470285          4.070372         65.206809
rank #0: 2018-07-15 20:12:37,441 LBFGS        PARAM    0006       -737.118832          2.569823         55.897904          3.257488         64.354034
rank #0: 2018-07-15 20:12:38,014 LBFGS        PARAM    0007       -692.500182          2.568320         65.135409          3.389138         64.195829
rank #0: 2018-07-15 20:12:38,603 LBFGS        PARAM    0008       -618.725100          2.548650         69.519109          3.576675         64.115439
rank #0: 2018-07-15 20:12:39,194 LBFGS        PARAM    0009       -626.415735          2.544979         73.062606          3.528798         64.112635
rank #0: 2018-07-15 20:12:39,787 LBFGS        PARAM    0010       -626.461082          2.546275         71.348156          3.534246         64.111363
rank #0: 2018-07-15 20:12:40,365 LBFGS        PARAM    0011       -625.970149          2.546325         71.458700          3.536237         64.111348
rank #0: 2018-07-15 20:12:40,958 LBFGS        PARAM    0012       -626.040101          2.546308         71.460427          3.535938         64.111348
rank #0: 2018-07-15 20:12:41,552 LBFGS        PARAM    0013       -626.039165          2.546307         71.460363          3.535944         64.111348
rank #0: 2018-07-15 20:12:42,136 LBFGS        PARAM    0014       -626.039162          2.546307         71.460369          3.535944         64.111348
rank #0: 2018-07-15 20:13:07,972 LBFGS        INFO     Linesearch failed in both LBFGS and gradient directions
rank #0: 2018-07-15 20:13:07,973 LBFGS        PARAM    0014       -626.039162          2.546307         71.460369          3.535944         64.111348
rank #0: 2018-07-15 20:13:07,974 rsdfit.lbfgs_fitter WARNING  ...LBFGS optimization finished. Time elapsed: 0:00:34.14
rank #0: 2018-07-15 20:13:07,974 rsdfit.lbfgs_fitter ERROR    nonlinear fit with method L-BFGS-B failed: Linesearch failed in both LBFGS and gradient directions
rank #0: 2018-07-15 20:13:07,975 rsdfit.fitting_driver INFO     rank 48 on nid00570     ...fitting complete
rank #0: 2018-07-15 20:13:07,979 rsdfit.fitting_driver INFO     rank 48 on nid00570     Saving the results to `/global/cscratch1/sd/nhand/eBOSS/fits/results/mocks/ezmock/v1.8e-fph/0.0001-0.3/basemodel-N-fnl/0.8-2.2/QSO-S-0313-P0+P2-mock-cov-f224d44da7/2018-07-15_nlopt_14i_chain0__1.npz`
rank #0: 2018-07-15 20:13:08,008 pyRSD.analysis.lbfgs_results INFO     
minimum chi2 = 64.1113481285

Free parameters [ mean ]
_______________
N              : -626.039161557
b1             : 2.54630736987
f_nl           : 71.4603693073
sigma_fog      : 3.53594443802

Constrained parameters [ mean ]
_________________________
b1sigma8       : 0.922357850096
