rank #0: 2017-11-27 22:52:11,481 rsdfit.fitting_driver INFO     rank 13 on nid00492     Calling the 'nlopt' solve function
rank #0: 2017-11-27 22:52:11,481 rsdfit.lbfgs_fitter INFO     running LBFGS for 500 iterations and then stopping
rank #0: 2017-11-27 22:52:11,482 rsdfit.lbfgs_fitter INFO     running LBFGS minimizer with priors
rank #0: 2017-11-27 22:52:11,482 root         INFO     Iter          b1        f_nl   sigma_fog   F(X)     
rank #0: 2017-11-27 22:52:11,781 LBFGS        INFO     options = {'factr': 100000.0, 'gtol': 1e-05, 'max_iter': 500, 'test_convergence': False}
rank #0: 2017-11-27 22:52:11,781 LBFGS        PARAM    0000          2.000000          0.000000          4.000000         21.270118
rank #0: 2017-11-27 22:52:12,124 LBFGS        PARAM    0001          2.074858          1.112157          3.993933         19.181847
rank #0: 2017-11-27 22:52:12,420 LBFGS        PARAM    0002          2.238248          5.466468          3.974143         17.592701
rank #0: 2017-11-27 22:52:12,717 LBFGS        PARAM    0003          2.211393          5.106342          3.972558         17.538646
rank #0: 2017-11-27 22:52:13,013 LBFGS        PARAM    0004          2.213240          5.561483          3.968204         17.536771
rank #0: 2017-11-27 22:52:13,308 LBFGS        PARAM    0005          2.215420          7.436169          3.948989         17.531922
rank #0: 2017-11-27 22:52:13,605 LBFGS        PARAM    0006          2.215756         12.112616          3.899112         17.522562
rank #0: 2017-11-27 22:52:13,902 LBFGS        PARAM    0007          2.210856         20.518903          3.804025         17.508930
rank #0: 2017-11-27 22:52:14,195 LBFGS        PARAM    0008          2.201303         27.184499          3.671005         17.495789
rank #0: 2017-11-27 22:52:14,488 LBFGS        PARAM    0009          2.193094         29.713994          3.559464         17.489167
rank #0: 2017-11-27 22:52:14,781 LBFGS        PARAM    0010          2.190486         29.505101          3.506288         17.486767
rank #0: 2017-11-27 22:52:15,073 LBFGS        PARAM    0011          2.187016         28.786176          3.377152         17.481590
rank #0: 2017-11-27 22:52:15,367 LBFGS        PARAM    0012          2.182315         27.484873          3.061278         17.470151
rank #0: 2017-11-27 22:52:15,660 LBFGS        PARAM    0013          2.177497         25.475736          2.400050         17.448227
rank #0: 2017-11-27 22:52:15,955 LBFGS        PARAM    0014          2.176542         23.501025          1.420042         17.417561
rank #0: 2017-11-27 22:52:16,248 LBFGS        PARAM    0015          2.180604         32.039335          0.307122         17.386743
rank #0: 2017-11-27 22:52:16,543 LBFGS        PARAM    0016          2.187855         26.133236          0.108008         17.380844
rank #0: 2017-11-27 22:52:16,838 LBFGS        PARAM    0017          2.189128         25.328928          0.141857         17.380791
rank #0: 2017-11-27 22:52:17,175 LBFGS        PARAM    0018          2.189227         25.272645          0.129200         17.380768
rank #0: 2017-11-27 22:52:17,513 LBFGS        PARAM    0019          2.189217         25.279540          0.125181         17.380761
rank #0: 2017-11-27 22:52:17,854 LBFGS        PARAM    0020          2.189177         25.306649          0.115706         17.380750
rank #0: 2017-11-27 22:52:18,151 LBFGS        PARAM    0021          2.189083         25.370016          0.106395         17.380749
rank #0: 2017-11-27 22:52:18,449 LBFGS        PARAM    0022          2.189081         25.372289          0.111584         17.380747
rank #0: 2017-11-27 22:52:18,747 LBFGS        PARAM    0023          2.189085         25.368825          0.110763         17.380747
rank #0: 2017-11-27 22:52:19,044 LBFGS        PARAM    0024          2.189085         25.369164          0.110572         17.380747
rank #0: 2017-11-27 22:52:35,676 LBFGS        INFO     Linesearch failed in both LBFGS and gradient directions
rank #0: 2017-11-27 22:52:35,677 LBFGS        PARAM    0024          2.189085         25.369164          0.110572         17.380747
rank #0: 2017-11-27 22:52:35,677 rsdfit.lbfgs_fitter WARNING  ...LBFGS optimization finished. Time elapsed: 0:00:23.90
rank #0: 2017-11-27 22:52:35,677 rsdfit.lbfgs_fitter ERROR    nonlinear fit with method L-BFGS-B failed: Linesearch failed in both LBFGS and gradient directions
rank #0: 2017-11-27 22:52:35,678 rsdfit.fitting_driver INFO     rank 13 on nid00492     ...fitting complete
rank #0: 2017-11-27 22:52:35,680 rsdfit.fitting_driver INFO     rank 13 on nid00492     Saving the results to `/global/cscratch1/sd/nhand/eBOSS/fits/results/mocks/ezmock/v1.8e-fph/0.0001-0.05/basemodel-fnl/0.8-2.2/QSO-S-0752-P0+P2-mock-cov-b6abb0373d/2017-11-27_nlopt_24i_chain0__1.npz`
rank #0: 2017-11-27 22:52:35,698 pyRSD.analysis.lbfgs_results INFO     
minimum chi2 = 17.3807469065

Free parameters [ mean ]
_______________
b1             : 2.18908481527
f_nl           : 25.3691638996
sigma_fog      : 0.110571978524

Constrained parameters [ mean ]
_________________________
b1sigma8       : 0.871222002711
