rank #0: 2018-06-24 13:19:12,530 rsdfit.fitting_driver INFO     rank 8 on nid01434     Calling the 'nlopt' solve function
rank #0: 2018-06-24 13:19:12,531 rsdfit.lbfgs_fitter INFO     running LBFGS for 500 iterations and then stopping
rank #0: 2018-06-24 13:19:12,531 rsdfit.lbfgs_fitter INFO     running LBFGS minimizer with priors
rank #0: 2018-06-24 13:19:12,532 root         INFO     Iter           N          b1        f_nl   sigma_fog   F(X)     
rank #0: 2018-06-24 13:19:13,094 LBFGS        INFO     options = {'factr': 100000.0, 'gtol': 1e-05, 'max_iter': 500, 'test_convergence': False}
rank #0: 2018-06-24 13:19:13,095 LBFGS        PARAM    0000          0.000000          2.000000          0.000000          4.000000         86.831320
rank #0: 2018-06-24 13:19:13,755 LBFGS        PARAM    0001         -4.909991          2.049721          0.256172          3.984332         83.304586
rank #0: 2018-06-24 13:19:14,350 LBFGS        PARAM    0002       -121.061517          2.176905          0.977813          3.973181         78.514440
rank #0: 2018-06-24 13:19:14,930 LBFGS        PARAM    0003       -235.572635          2.210509          0.829605          3.984336         76.978553
rank #0: 2018-06-24 13:19:15,528 LBFGS        PARAM    0004       -393.858609          2.228054         -1.565814          3.893376         75.938873
rank #0: 2018-06-24 13:19:16,126 LBFGS        PARAM    0005       -424.723898          2.231845         -2.961212          3.822784         75.817997
rank #0: 2018-06-24 13:19:16,723 LBFGS        PARAM    0006       -486.877402          2.235722         -9.357300          3.541629         75.525864
rank #0: 2018-06-24 13:19:17,304 LBFGS        PARAM    0007       -488.268005          2.234341        -18.512909          3.437773         75.407353
rank #0: 2018-06-24 13:19:17,905 LBFGS        PARAM    0008       -482.846654          2.235290        -32.883713          3.374496         75.310259
rank #0: 2018-06-24 13:19:18,501 LBFGS        PARAM    0009       -479.945977          2.240211        -52.226381          3.357500         75.210007
rank #0: 2018-06-24 13:19:19,082 LBFGS        PARAM    0010       -488.220067          2.255021        -88.408666          3.391067         75.053461
rank #0: 2018-06-24 13:19:19,678 LBFGS        PARAM    0011       -556.123896          2.281544       -116.273240          3.448494         75.009087
rank #0: 2018-06-24 13:19:20,274 LBFGS        PARAM    0012       -513.200827          2.274781       -114.333394          3.503972         74.960811
rank #0: 2018-06-24 13:19:20,870 LBFGS        PARAM    0013       -509.719397          2.274636       -114.103992          3.518954         74.960142
rank #0: 2018-06-24 13:19:21,450 LBFGS        PARAM    0014       -509.491157          2.274661       -113.822791          3.521560         74.960117
rank #0: 2018-06-24 13:19:22,046 LBFGS        PARAM    0015       -509.503280          2.274634       -113.771628          3.521584         74.960117
rank #0: 2018-06-24 13:19:22,644 LBFGS        PARAM    0016       -509.509213          2.274637       -113.770767          3.521570         74.960116
rank #0: 2018-06-24 13:19:23,226 LBFGS        PARAM    0017       -509.509768          2.274637       -113.770498          3.521568         74.960116
rank #0: 2018-06-24 13:19:23,891 LBFGS        PARAM    0018       -509.509771          2.274637       -113.770499          3.521568         74.960116
rank #0: 2018-06-24 13:19:49,776 LBFGS        INFO     Linesearch failed in both LBFGS and gradient directions
rank #0: 2018-06-24 13:19:49,777 LBFGS        PARAM    0018       -509.509771          2.274637       -113.770499          3.521568         74.960116
rank #0: 2018-06-24 13:19:49,777 rsdfit.lbfgs_fitter WARNING  ...LBFGS optimization finished. Time elapsed: 0:00:36.68
rank #0: 2018-06-24 13:19:49,778 rsdfit.lbfgs_fitter ERROR    nonlinear fit with method L-BFGS-B failed: Linesearch failed in both LBFGS and gradient directions
rank #0: 2018-06-24 13:19:49,779 rsdfit.fitting_driver INFO     rank 8 on nid01434     ...fitting complete
rank #0: 2018-06-24 13:19:49,782 rsdfit.fitting_driver INFO     rank 8 on nid01434     Saving the results to `/global/cscratch1/sd/nhand/eBOSS/fits/results/mocks/ezmock/v1.8e-fph/0.005-0.3/basemodel-N-fnl/0.8-2.2/QSO-S-0356-P0+P2-mock-cov-a8bcb55756/2018-06-24_nlopt_18i_chain0__1.npz`
rank #0: 2018-06-24 13:19:49,809 pyRSD.analysis.lbfgs_results INFO     
minimum chi2 = 74.9601164983

Free parameters [ mean ]
_______________
N              : -509.509771462
b1             : 2.27463715106
f_nl           : -113.770499067
sigma_fog      : 3.52156769247

Constrained parameters [ mean ]
_________________________
b1sigma8       : 0.906018026223
