rank #0: 2018-07-15 19:37:29,719 rsdfit.fitting_driver INFO     rank 28 on nid01110     Calling the 'nlopt' solve function
rank #0: 2018-07-15 19:37:29,721 rsdfit.lbfgs_fitter INFO     running LBFGS for 500 iterations and then stopping
rank #0: 2018-07-15 19:37:29,721 rsdfit.lbfgs_fitter INFO     running LBFGS minimizer with priors
rank #0: 2018-07-15 19:37:29,722 root         INFO     Iter           N          b1        f_nl   sigma_fog   F(X)     
rank #0: 2018-07-15 19:37:30,304 LBFGS        INFO     options = {'factr': 100000.0, 'gtol': 1e-05, 'max_iter': 500, 'test_convergence': False}
rank #0: 2018-07-15 19:37:30,306 LBFGS        PARAM    0000          0.000000          2.000000          0.000000          4.000000         92.224503
rank #0: 2018-07-15 19:37:30,969 LBFGS        PARAM    0001         27.464574          2.072276          1.111801          3.971797         83.223410
rank #0: 2018-07-15 19:37:31,562 LBFGS        PARAM    0002        -19.466626          2.233611          4.341217          3.949317         75.549996
rank #0: 2018-07-15 19:37:32,157 LBFGS        PARAM    0003        -82.403529          2.243452          4.736604          3.978011         74.410330
rank #0: 2018-07-15 19:37:32,755 LBFGS        PARAM    0004       -278.209832          2.289527          5.938830          4.030599         72.963101
rank #0: 2018-07-15 19:37:33,352 LBFGS        PARAM    0005       -287.842269          2.287763          5.167683          3.980975         72.903918
rank #0: 2018-07-15 19:37:33,934 LBFGS        PARAM    0006       -341.394444          2.289195          0.703105          3.715840         72.754536
rank #0: 2018-07-15 19:37:34,533 LBFGS        PARAM    0007       -348.713063          2.293672         -4.862732          3.700483         72.705401
rank #0: 2018-07-15 19:37:34,535 LBFGS        INFO     LBFGS iteration 7: the descent direction does not have a sufficient projection (cos(theta)=-8.11e-01, theta=144.2209) into the gradient; using steepest descent at this step!
rank #0: 2018-07-15 19:37:35,201 LBFGS        PARAM    0008       -348.640884          2.293793         -4.891255          3.700614         72.704942
rank #0: 2018-07-15 19:37:35,784 LBFGS        PARAM    0009       -345.413719          2.300955         -7.619204          3.715225         72.676829
rank #0: 2018-07-15 19:37:36,378 LBFGS        PARAM    0010       -342.057814          2.311524        -13.193375          3.746182         72.628620
rank #0: 2018-07-15 19:37:36,976 LBFGS        PARAM    0011       -319.933620          2.394393        -61.664194          4.016590         72.520943
rank #0: 2018-07-15 19:37:37,575 LBFGS        PARAM    0012       -337.177270          2.336445        -29.709252          3.839596         72.394745
rank #0: 2018-07-15 19:37:38,160 LBFGS        PARAM    0013       -335.217735          2.352389        -41.960915          3.905983         72.133734
rank #0: 2018-07-15 19:37:38,162 LBFGS        INFO     LBFGS iteration 13: the descent direction does not have a sufficient projection (cos(theta)=-1.61e-01, theta=99.2849) into the gradient; using steepest descent at this step!
rank #0: 2018-07-15 19:37:38,827 LBFGS        PARAM    0014       -353.511053          2.330787        -43.351029          3.914979         71.836884
rank #0: 2018-07-15 19:37:39,427 LBFGS        PARAM    0015       -352.836698          2.330793        -44.376513          3.907821         71.799480
rank #0: 2018-07-15 19:37:40,081 LBFGS        PARAM    0016       -360.987153          2.336303        -55.063942          3.854349         71.457320
rank #0: 2018-07-15 19:37:40,749 LBFGS        PARAM    0017       -374.391649          2.344198        -63.713367          3.832809         71.261910
rank #0: 2018-07-15 19:37:41,353 LBFGS        PARAM    0018       -391.290479          2.354086        -75.464757          3.812252         71.234180
rank #0: 2018-07-15 19:37:41,948 LBFGS        PARAM    0019       -385.833432          2.349254        -69.876165          3.815086         71.202861
rank #0: 2018-07-15 19:37:42,540 LBFGS        PARAM    0020       -387.015423          2.349912        -70.642775          3.812619         71.201841
rank #0: 2018-07-15 19:37:43,142 LBFGS        PARAM    0021       -387.403513          2.349995        -70.745557          3.811068         71.201815
rank #0: 2018-07-15 19:37:43,741 LBFGS        PARAM    0022       -387.551174          2.349984        -70.747413          3.810148         71.201811
rank #0: 2018-07-15 19:37:44,323 LBFGS        PARAM    0023       -387.616561          2.349962        -70.736062          3.809583         71.201810
rank #0: 2018-07-15 19:37:44,921 LBFGS        PARAM    0024       -387.612718          2.349960        -70.734804          3.809580         71.201810
rank #0: 2018-07-15 19:37:45,518 LBFGS        PARAM    0025       -387.612333          2.349960        -70.734708          3.809581         71.201810
rank #0: 2018-07-15 19:37:46,108 LBFGS        PARAM    0026       -387.612314          2.349960        -70.734705          3.809581         71.201810
rank #0: 2018-07-15 19:38:11,091 LBFGS        INFO     Linesearch failed in both LBFGS and gradient directions
rank #0: 2018-07-15 19:38:11,093 LBFGS        PARAM    0026       -387.612314          2.349960        -70.734705          3.809581         71.201810
rank #0: 2018-07-15 19:38:11,095 rsdfit.lbfgs_fitter WARNING  ...LBFGS optimization finished. Time elapsed: 0:00:40.79
rank #0: 2018-07-15 19:38:11,096 rsdfit.lbfgs_fitter ERROR    nonlinear fit with method L-BFGS-B failed: Linesearch failed in both LBFGS and gradient directions
rank #0: 2018-07-15 19:38:11,098 rsdfit.fitting_driver INFO     rank 28 on nid01110     ...fitting complete
rank #0: 2018-07-15 19:38:11,102 rsdfit.fitting_driver INFO     rank 28 on nid01110     Saving the results to `/global/cscratch1/sd/nhand/eBOSS/fits/results/mocks/ezmock/v1.8e-fph/0.0001-0.3/basemodel-N-fnl/0.8-2.2/QSO-S-0909-P0+P2-mock-cov-8973e9cf3e/2018-07-15_nlopt_26i_chain0__1.npz`
rank #0: 2018-07-15 19:38:11,128 pyRSD.analysis.lbfgs_results INFO     
minimum chi2 = 71.2018104742

Free parameters [ mean ]
_______________
N              : -387.612313519
b1             : 2.34995993063
f_nl           : -70.7347047799
sigma_fog      : 3.80958089584

Constrained parameters [ mean ]
_________________________
b1sigma8       : 0.936020084373
