rank #0: 2018-06-24 13:15:07,107 rsdfit.fitting_driver INFO     rank 19 on nid01434     Calling the 'nlopt' solve function
rank #0: 2018-06-24 13:15:07,108 rsdfit.lbfgs_fitter INFO     running LBFGS for 500 iterations and then stopping
rank #0: 2018-06-24 13:15:07,108 rsdfit.lbfgs_fitter INFO     running LBFGS minimizer with priors
rank #0: 2018-06-24 13:15:07,108 root         INFO     Iter           N          b1        f_nl   sigma_fog   F(X)     
rank #0: 2018-06-24 13:15:07,685 LBFGS        INFO     options = {'factr': 100000.0, 'gtol': 1e-05, 'max_iter': 500, 'test_convergence': False}
rank #0: 2018-06-24 13:15:07,686 LBFGS        PARAM    0000          0.000000          2.000000          0.000000          4.000000         83.200970
rank #0: 2018-06-24 13:15:08,344 LBFGS        PARAM    0001         22.372055          2.069410          0.662392          3.977393         75.465913
rank #0: 2018-06-24 13:15:08,938 LBFGS        PARAM    0002        -26.205761          2.218050          3.406882          3.977640         68.817452
rank #0: 2018-06-24 13:15:09,514 LBFGS        PARAM    0003        -96.219687          2.236374          4.686699          4.014418         67.532223
rank #0: 2018-06-24 13:15:10,105 LBFGS        PARAM    0004       -292.830120          2.278530         11.182032          4.080038         65.938937
rank #0: 2018-06-24 13:15:10,695 LBFGS        PARAM    0005       -302.484055          2.278171         14.006866          4.049953         65.851497
rank #0: 2018-06-24 13:15:11,279 LBFGS        PARAM    0006       -419.850691          2.258141         76.550035          3.478884         64.797447
rank #0: 2018-06-24 13:15:11,863 LBFGS        PARAM    0007       -410.773855          2.243714        123.425611          3.526194         64.119843
rank #0: 2018-06-24 13:15:12,457 LBFGS        PARAM    0008       -297.439583          2.205879        188.248797          3.737550         63.528743
rank #0: 2018-06-24 13:15:13,050 LBFGS        PARAM    0009       -273.137134          2.204384        180.502960          3.787304         63.507529
rank #0: 2018-06-24 13:15:13,628 LBFGS        PARAM    0010       -273.753466          2.205948        180.971325          3.786614         63.506810
rank #0: 2018-06-24 13:15:14,221 LBFGS        PARAM    0011       -274.145273          2.205483        181.117291          3.784383         63.506725
rank #0: 2018-06-24 13:15:14,814 LBFGS        PARAM    0012       -274.110997          2.205477        181.112866          3.784338         63.506725
rank #0: 2018-06-24 13:15:15,402 LBFGS        PARAM    0013       -274.110892          2.205477        181.113429          3.784314         63.506725
rank #0: 2018-06-24 13:15:15,985 LBFGS        PARAM    0014       -274.110995          2.205477        181.113438          3.784314         63.506725
rank #0: 2018-06-24 13:15:16,578 LBFGS        PARAM    0015       -274.110984          2.205477        181.113439          3.784314         63.506725
rank #0: 2018-06-24 13:15:17,238 LBFGS        PARAM    0016       -274.110984          2.205477        181.113439          3.784314         63.506725
rank #0: 2018-06-24 13:15:42,274 LBFGS        INFO     Linesearch failed in both LBFGS and gradient directions
rank #0: 2018-06-24 13:15:42,275 LBFGS        PARAM    0016       -274.110984          2.205477        181.113439          3.784314         63.506725
rank #0: 2018-06-24 13:15:42,275 rsdfit.lbfgs_fitter WARNING  ...LBFGS optimization finished. Time elapsed: 0:00:34.59
rank #0: 2018-06-24 13:15:42,276 rsdfit.lbfgs_fitter ERROR    nonlinear fit with method L-BFGS-B failed: Linesearch failed in both LBFGS and gradient directions
rank #0: 2018-06-24 13:15:42,276 rsdfit.fitting_driver INFO     rank 19 on nid01434     ...fitting complete
rank #0: 2018-06-24 13:15:42,279 rsdfit.fitting_driver INFO     rank 19 on nid01434     Saving the results to `/global/cscratch1/sd/nhand/eBOSS/fits/results/mocks/ezmock/v1.8e-fph/0.005-0.3/basemodel-N-fnl/0.8-2.2/QSO-S-0011-P0+P2-mock-cov-a8bcb55756/2018-06-24_nlopt_16i_chain0__1.npz`
rank #0: 2018-06-24 13:15:42,306 pyRSD.analysis.lbfgs_results INFO     
minimum chi2 = 63.5067248547

Free parameters [ mean ]
_______________
N              : -274.110984127
b1             : 2.20547673959
f_nl           : 181.113439262
sigma_fog      : 3.78431378614

Constrained parameters [ mean ]
_________________________
b1sigma8       : 0.878470520696
