rank #0: 2018-10-04 22:27:50,435 rsdfit.fitting_driver INFO     rank 52 on nid12889     Calling the 'nlopt' solve function
rank #0: 2018-10-04 22:27:50,436 rsdfit.lbfgs_fitter INFO     running LBFGS for 500 iterations and then stopping
rank #0: 2018-10-04 22:27:50,437 rsdfit.lbfgs_fitter INFO     running LBFGS minimizer with priors
rank #0: 2018-10-04 22:27:50,438 root         INFO     Iter           N          b1        f_nl   sigma_fog   F(X)     
rank #0: 2018-10-04 22:27:50,439 rsdfit.lbfgs_fitter INFO     computing gradient using numerical derivative of lnlike()
rank #0: 2018-10-04 22:27:51,609 LBFGS        INFO     options = {'factr': 100000.0, 'gtol': 1e-05, 'max_iter': 500, 'test_convergence': False}
rank #0: 2018-10-04 22:27:51,611 LBFGS        PARAM    0000          0.000000          2.000000          0.000000          4.000000        113.061304
rank #0: 2018-10-04 22:27:52,935 LBFGS        PARAM    0001         25.049323          2.098567          2.058485          3.962027        101.449737
rank #0: 2018-10-04 22:27:54,148 LBFGS        PARAM    0002        -72.972678          2.341402          9.952235          3.923373         90.016968
rank #0: 2018-10-04 22:27:55,338 LBFGS        PARAM    0003       -182.598898          2.349395         11.367794          3.953635         87.576482
rank #0: 2018-10-04 22:27:56,539 LBFGS        PARAM    0004       -463.496809          2.404123         16.425631          3.958076         85.190307
rank #0: 2018-10-04 22:27:57,744 LBFGS        PARAM    0005       -486.872671          2.397117         16.951250          3.835475         84.905704
rank #0: 2018-10-04 22:27:58,937 LBFGS        PARAM    0006       -618.710939          2.387713         21.231703          3.127108         84.140095
rank #0: 2018-10-04 22:28:00,152 LBFGS        PARAM    0007       -615.341142          2.390792         23.686308          3.105064         84.127647
rank #0: 2018-10-04 22:28:01,345 LBFGS        PARAM    0008       -613.866085          2.389276         23.475059          3.104370         84.126767
rank #0: 2018-10-04 22:28:02,556 LBFGS        PARAM    0009       -613.263329          2.388710         23.654588          3.104293         84.126503
rank #0: 2018-10-04 22:28:03,748 LBFGS        PARAM    0010       -611.555190          2.387062         24.618949          3.105120         84.125866
rank #0: 2018-10-04 22:28:04,936 LBFGS        PARAM    0011       -611.392970          2.386868         25.011858          3.105907         84.125766
rank #0: 2018-10-04 22:28:06,149 LBFGS        PARAM    0012       -611.515590          2.386970         25.088053          3.106196         84.125757
rank #0: 2018-10-04 22:28:07,342 LBFGS        PARAM    0013       -611.537102          2.386991         25.083777          3.106206         84.125757
rank #0: 2018-10-04 22:28:08,555 LBFGS        PARAM    0014       -611.538827          2.386992         25.082886          3.106205         84.125757
rank #0: 2018-10-04 22:28:09,750 LBFGS        PARAM    0015       -611.538851          2.386992         25.082858          3.106205         84.125757
rank #0: 2018-10-04 22:29:02,371 LBFGS        INFO     Linesearch failed in both LBFGS and gradient directions
rank #0: 2018-10-04 22:29:02,372 LBFGS        PARAM    0015       -611.538851          2.386992         25.082858          3.106205         84.125757
rank #0: 2018-10-04 22:29:02,373 rsdfit.lbfgs_fitter WARNING  ...LBFGS optimization finished. Time elapsed: 0:01:10.76
rank #0: 2018-10-04 22:29:02,374 rsdfit.lbfgs_fitter ERROR    nonlinear fit with method L-BFGS-B failed: Linesearch failed in both LBFGS and gradient directions
rank #0: 2018-10-04 22:29:02,376 rsdfit.fitting_driver INFO     rank 52 on nid12889     ...fitting complete
rank #0: 2018-10-04 22:29:02,380 rsdfit.fitting_driver INFO     rank 52 on nid12889     Saving the results to `/global/cscratch1/sd/nhand/eBOSS/fits/results/mocks/ezmock/v1.8e-fph/0.005-0.3/basemodel-N-fnl/0.8-2.2/QSO-S-0814-P0+P2-mock-cov-96ccb1008d/2018-10-04_nlopt_15i_chain0__1.npz`
rank #0: 2018-10-04 22:29:02,445 pyRSD.analysis.lbfgs_results INFO     
minimum chi2 = 84.125756545

Free parameters [ mean ]
_______________
N              : -611.538850969
b1             : 2.38699241508
f_nl           : 25.0828582356
sigma_fog      : 3.10620475885

Constrained parameters [ mean ]
_________________________
b1sigma8       : 0.894848387889
