rank #0: 2018-07-15 19:37:43,050 rsdfit.fitting_driver INFO     rank 57 on nid01111     Calling the 'nlopt' solve function
rank #0: 2018-07-15 19:37:43,051 rsdfit.lbfgs_fitter INFO     running LBFGS for 500 iterations and then stopping
rank #0: 2018-07-15 19:37:43,052 rsdfit.lbfgs_fitter INFO     running LBFGS minimizer with priors
rank #0: 2018-07-15 19:37:43,053 root         INFO     Iter           N          b1        f_nl   sigma_fog   F(X)     
rank #0: 2018-07-15 19:37:43,631 LBFGS        INFO     options = {'factr': 100000.0, 'gtol': 1e-05, 'max_iter': 500, 'test_convergence': False}
rank #0: 2018-07-15 19:37:43,632 LBFGS        PARAM    0000          0.000000          2.000000          0.000000          4.000000         88.574332
rank #0: 2018-07-15 19:37:44,300 LBFGS        PARAM    0001        -33.124418          2.060679          1.488801          4.021270         84.115259
rank #0: 2018-07-15 19:37:44,904 LBFGS        PARAM    0002       -301.515541          2.239367          7.518476          4.208840         75.827850
rank #0: 2018-07-15 19:37:45,491 LBFGS        PARAM    0003       -451.797264          2.252598          8.385248          4.329646         74.253196
rank #0: 2018-07-15 19:37:46,091 LBFGS        PARAM    0004       -462.564447          2.251803          8.129999          4.340875         74.240182
rank #0: 2018-07-15 19:37:46,693 LBFGS        PARAM    0005       -463.279314          2.252169          7.952309          4.343180         74.239265
rank #0: 2018-07-15 19:37:47,281 LBFGS        PARAM    0006       -463.526457          2.254554          5.910614          4.363106         74.233382
rank #0: 2018-07-15 19:37:47,882 LBFGS        PARAM    0007       -460.322103          2.254804          5.362852          4.369275         74.232723
rank #0: 2018-07-15 19:37:48,483 LBFGS        PARAM    0008       -460.061941          2.254845          5.347711          4.369855         74.232718
rank #0: 2018-07-15 19:37:49,083 LBFGS        PARAM    0009       -459.957397          2.254842          5.350004          4.370136         74.232717
rank #0: 2018-07-15 19:37:49,669 LBFGS        PARAM    0010       -459.806555          2.254829          5.364950          4.370768         74.232715
rank #0: 2018-07-15 19:37:50,271 LBFGS        PARAM    0011       -459.807828          2.254819          5.380362          4.371122         74.232714
rank #0: 2018-07-15 19:37:50,872 LBFGS        PARAM    0012       -459.805683          2.254815          5.380826          4.371116         74.232714
rank #0: 2018-07-15 19:37:51,460 LBFGS        PARAM    0013       -459.806022          2.254815          5.380914          4.371114         74.232714
rank #0: 2018-07-15 19:37:52,066 LBFGS        PARAM    0014       -459.806081          2.254815          5.380918          4.371114         74.232714
rank #0: 2018-07-15 19:37:52,672 LBFGS        PARAM    0015       -459.806082          2.254815          5.380917          4.371114         74.232714
rank #0: 2018-07-15 19:37:53,328 LBFGS        PARAM    0016       -459.806082          2.254815          5.380917          4.371114         74.232714
rank #0: 2018-07-15 19:37:53,330 LBFGS        INFO     LBFGS iteration 16: the descent direction does not have a sufficient projection (cos(theta)=-3.71e-01, theta=111.7600) into the gradient; using steepest descent at this step!
rank #0: 2018-07-15 19:37:53,933 LBFGS        PARAM    0017       -459.806094          2.254815          5.380917          4.371114         74.232714
rank #0: 2018-07-15 19:37:54,536 LBFGS        PARAM    0018       -459.806088          2.254815          5.380917          4.371114         74.232714
rank #0: 2018-07-15 19:38:19,978 LBFGS        INFO     Linesearch failed in both LBFGS and gradient directions
rank #0: 2018-07-15 19:38:19,980 LBFGS        PARAM    0018       -459.806088          2.254815          5.380917          4.371114         74.232714
rank #0: 2018-07-15 19:38:19,982 rsdfit.lbfgs_fitter WARNING  ...LBFGS optimization finished. Time elapsed: 0:00:36.35
rank #0: 2018-07-15 19:38:19,983 rsdfit.lbfgs_fitter ERROR    nonlinear fit with method L-BFGS-B failed: Linesearch failed in both LBFGS and gradient directions
rank #0: 2018-07-15 19:38:19,985 rsdfit.fitting_driver INFO     rank 57 on nid01111     ...fitting complete
rank #0: 2018-07-15 19:38:19,990 rsdfit.fitting_driver INFO     rank 57 on nid01111     Saving the results to `/global/cscratch1/sd/nhand/eBOSS/fits/results/mocks/ezmock/v1.8e-fph/0.0001-0.3/basemodel-N-fnl/0.8-2.2/QSO-S-0928-P0+P2-mock-cov-8973e9cf3e/2018-07-15_nlopt_18i_chain0__1.npz`
rank #0: 2018-07-15 19:38:20,020 pyRSD.analysis.lbfgs_results INFO     
minimum chi2 = 74.2327140274

Free parameters [ mean ]
_______________
N              : -459.806087586
b1             : 2.25481532592
f_nl           : 5.38091714887
sigma_fog      : 4.37111393887

Constrained parameters [ mean ]
_________________________
b1sigma8       : 0.898122731416
