rank #0: 2018-10-04 21:20:17,922 rsdfit.fitting_driver INFO     rank 39 on nid01063     Calling the 'nlopt' solve function
rank #0: 2018-10-04 21:20:17,923 rsdfit.lbfgs_fitter INFO     running LBFGS for 500 iterations and then stopping
rank #0: 2018-10-04 21:20:17,924 rsdfit.lbfgs_fitter INFO     running LBFGS minimizer with priors
rank #0: 2018-10-04 21:20:17,925 root         INFO     Iter           N          b1        f_nl   sigma_fog   F(X)     
rank #0: 2018-10-04 21:20:17,925 rsdfit.lbfgs_fitter INFO     computing gradient using numerical derivative of lnlike()
rank #0: 2018-10-04 21:20:19,083 LBFGS        INFO     options = {'factr': 100000.0, 'gtol': 1e-05, 'max_iter': 500, 'test_convergence': False}
rank #0: 2018-10-04 21:20:19,085 LBFGS        PARAM    0000          0.000000          2.000000          0.000000          4.000000        125.969634
rank #0: 2018-10-04 21:20:20,416 LBFGS        PARAM    0001         -3.366670          2.097372          1.743295          3.994661        107.578433
rank #0: 2018-10-04 21:20:21,627 LBFGS        PARAM    0002       -213.995410          2.360213          7.826564          4.109365         84.131908
rank #0: 2018-10-04 21:20:22,822 LBFGS        PARAM    0003       -361.432296          2.378559          7.795663          4.219021         78.051507
rank #0: 2018-10-04 21:20:24,039 LBFGS        PARAM    0004       -556.209425          2.409978          6.243478          4.347567         75.269026
rank #0: 2018-10-04 21:20:25,235 LBFGS        PARAM    0005       -560.204876          2.409724          4.397862          4.332037         75.190309
rank #0: 2018-10-04 21:20:26,454 LBFGS        PARAM    0006       -598.546585          2.422727         -8.914206          4.213488         74.881089
rank #0: 2018-10-04 21:20:27,649 LBFGS        PARAM    0007       -609.220402          2.425410        -10.670764          4.167661         74.870339
rank #0: 2018-10-04 21:20:28,868 LBFGS        PARAM    0008       -610.193943          2.425549        -10.760194          4.164310         74.870291
rank #0: 2018-10-04 21:20:30,063 LBFGS        PARAM    0009       -610.335585          2.425481        -10.716064          4.163483         74.870287
rank #0: 2018-10-04 21:20:31,266 LBFGS        PARAM    0010       -610.352407          2.425478        -10.707360          4.163406         74.870286
rank #0: 2018-10-04 21:20:32,476 LBFGS        PARAM    0011       -610.351774          2.425479        -10.707067          4.163408         74.870286
rank #0: 2018-10-04 21:20:33,672 LBFGS        PARAM    0012       -610.351700          2.425479        -10.707066          4.163408         74.870286
rank #0: 2018-10-04 21:20:34,896 LBFGS        PARAM    0013       -610.351718          2.425479        -10.707067          4.163408         74.870286
rank #0: 2018-10-04 21:21:27,562 LBFGS        INFO     Linesearch failed in both LBFGS and gradient directions
rank #0: 2018-10-04 21:21:27,564 LBFGS        PARAM    0013       -610.351718          2.425479        -10.707067          4.163408         74.870286
rank #0: 2018-10-04 21:21:27,565 rsdfit.lbfgs_fitter WARNING  ...LBFGS optimization finished. Time elapsed: 0:01:08.48
rank #0: 2018-10-04 21:21:27,566 rsdfit.lbfgs_fitter ERROR    nonlinear fit with method L-BFGS-B failed: Linesearch failed in both LBFGS and gradient directions
rank #0: 2018-10-04 21:21:27,567 rsdfit.fitting_driver INFO     rank 39 on nid01063     ...fitting complete
rank #0: 2018-10-04 21:21:27,571 rsdfit.fitting_driver INFO     rank 39 on nid01063     Saving the results to `/global/cscratch1/sd/nhand/eBOSS/fits/results/mocks/ezmock/v1.8e-fph/0.0001-0.3/basemodel-N-fnl/0.8-2.2/QSO-N-0672-P0+P2-mock-cov-3d9387a9b2/2018-10-04_nlopt_13i_chain0__1.npz`
rank #0: 2018-10-04 21:21:27,685 pyRSD.analysis.lbfgs_results INFO     
minimum chi2 = 74.8702864458

Free parameters [ mean ]
_______________
N              : -610.35171842
b1             : 2.42547884236
f_nl           : -10.7070668887
sigma_fog      : 4.1634084476

Constrained parameters [ mean ]
_________________________
b1sigma8       : 0.909276384056
