rank #0: 2017-11-27 20:42:16,386 rsdfit.fitting_driver INFO     rank 78 on nid00563     Calling the 'nlopt' solve function
rank #0: 2017-11-27 20:42:16,386 rsdfit.lbfgs_fitter INFO     running LBFGS for 500 iterations and then stopping
rank #0: 2017-11-27 20:42:16,386 rsdfit.lbfgs_fitter INFO     running LBFGS minimizer with priors
rank #0: 2017-11-27 20:42:16,387 root         INFO     Iter           N          b1        f_nl   sigma_fog   F(X)     
rank #0: 2017-11-27 20:42:16,893 LBFGS        INFO     options = {'factr': 100000.0, 'gtol': 1e-05, 'max_iter': 500, 'test_convergence': False}
rank #0: 2017-11-27 20:42:16,893 LBFGS        PARAM    0000          0.000000          2.000000          0.000000          4.000000         97.875587
rank #0: 2017-11-27 20:42:17,468 LBFGS        PARAM    0001        -10.899464          2.071489          0.716521          4.019693         88.500631
rank #0: 2017-11-27 20:42:17,985 LBFGS        PARAM    0002       -113.943070          2.213368          3.531790          4.161504         80.214880
rank #0: 2017-11-27 20:42:18,502 LBFGS        PARAM    0003       -176.945246          2.214544          4.375951          4.249406         78.743205
rank #0: 2017-11-27 20:42:19,018 LBFGS        PARAM    0004       -359.693102          2.223387          8.500066          4.552689         76.787933
rank #0: 2017-11-27 20:42:19,536 LBFGS        PARAM    0005       -350.688805          2.221485         10.331009          4.596125         76.718399
rank #0: 2017-11-27 20:42:20,054 LBFGS        PARAM    0006       -276.924951          2.214659         24.548266          4.861553         76.461708
rank #0: 2017-11-27 20:42:20,571 LBFGS        PARAM    0007       -267.305383          2.208563         38.864972          4.883093         76.286766
rank #0: 2017-11-27 20:42:21,148 LBFGS        PARAM    0008       -256.528098          2.194739         74.341747          4.843010         75.971313
rank #0: 2017-11-27 20:42:21,667 LBFGS        PARAM    0009       -264.167737          2.189630         86.724205          4.717865         75.910390
rank #0: 2017-11-27 20:42:22,187 LBFGS        PARAM    0010       -270.914634          2.191213         81.757284          4.679241         75.903155
rank #0: 2017-11-27 20:42:22,705 LBFGS        PARAM    0011       -270.841980          2.191462         82.432495          4.684589         75.902844
rank #0: 2017-11-27 20:42:23,225 LBFGS        PARAM    0012       -270.721321          2.191370         82.480479          4.684534         75.902842
rank #0: 2017-11-27 20:42:23,742 LBFGS        PARAM    0013       -270.746646          2.191375         82.476398          4.684503         75.902842
rank #0: 2017-11-27 20:42:24,260 LBFGS        PARAM    0014       -270.748823          2.191375         82.476395          4.684503         75.902842
rank #0: 2017-11-27 20:42:24,778 LBFGS        PARAM    0015       -270.748826          2.191375         82.476412          4.684503         75.902842
rank #0: 2017-11-27 20:42:25,296 LBFGS        PARAM    0016       -270.748834          2.191375         82.476412          4.684503         75.902842
rank #0: 2017-11-27 20:42:25,871 LBFGS        PARAM    0017       -270.748834          2.191375         82.476412          4.684503         75.902842
rank #0: 2017-11-27 20:42:37,895 LBFGS        PARAM    0018       -270.748833          2.191375         82.476412          4.684503         75.902842
rank #0: 2017-11-27 20:42:59,826 LBFGS        INFO     Linesearch failed in both LBFGS and gradient directions
rank #0: 2017-11-27 20:42:59,827 LBFGS        PARAM    0018       -270.748833          2.191375         82.476412          4.684503         75.902842
rank #0: 2017-11-27 20:42:59,827 rsdfit.lbfgs_fitter WARNING  ...LBFGS optimization finished. Time elapsed: 0:00:42.93
rank #0: 2017-11-27 20:42:59,828 rsdfit.lbfgs_fitter ERROR    nonlinear fit with method L-BFGS-B failed: Linesearch failed in both LBFGS and gradient directions
rank #0: 2017-11-27 20:42:59,828 rsdfit.fitting_driver INFO     rank 78 on nid00563     ...fitting complete
rank #0: 2017-11-27 20:42:59,831 rsdfit.fitting_driver INFO     rank 78 on nid00563     Saving the results to `/global/cscratch1/sd/nhand/eBOSS/fits/results/mocks/ezmock/v1.8e-fph/0.0001-0.3/basemodel-N-fnl/0.8-2.2/QSO-N-0797-P0+P2-mock-cov-a9f629560d/2017-11-27_nlopt_18i_chain0__1.npz`
rank #0: 2017-11-27 20:42:59,849 pyRSD.analysis.lbfgs_results INFO     
minimum chi2 = 75.9028418426

Free parameters [ mean ]
_______________
N              : -270.748833459
b1             : 2.1913746651
f_nl           : 82.4764117918
sigma_fog      : 4.68450314413

Constrained parameters [ mean ]
_________________________
b1sigma8       : 0.872321267479
