rank #0: 2018-12-30 19:55:39,497 rsdfit.fitting_driver INFO     rank 21 on nid00630     Calling the 'nlopt' solve function
rank #0: 2018-12-30 19:55:39,499 rsdfit.lbfgs_fitter INFO     running LBFGS for 500 iterations and then stopping
rank #0: 2018-12-30 19:55:39,499 rsdfit.lbfgs_fitter INFO     running LBFGS minimizer with priors
rank #0: 2018-12-30 19:55:39,500 root         INFO     Iter           N          b1        f_nl   sigma_fog   F(X)     
rank #0: 2018-12-30 19:55:39,500 rsdfit.lbfgs_fitter INFO     computing gradient using numerical derivative of lnlike()
rank #0: 2018-12-30 19:55:40,681 LBFGS        INFO     options = {'factr': 100000.0, 'gtol': 1e-05, 'max_iter': 500, 'test_convergence': False}
rank #0: 2018-12-30 19:55:41,551 LBFGS        PARAM    0000          0.000000          2.000000          0.000000          4.000000        147.656317
rank #0: 2018-12-30 19:55:42,864 LBFGS        PARAM    0001         37.198050          2.144632          1.213448          3.978756        121.008450
rank #0: 2018-12-30 19:55:44,097 LBFGS        PARAM    0002        -92.981140          2.463933          7.018439          4.103058         97.488226
rank #0: 2018-12-30 19:55:45,312 LBFGS        PARAM    0003       -245.278794          2.483532          8.381639          4.233852         90.993631
rank #0: 2018-12-30 19:55:46,527 LBFGS        PARAM    0004       -530.908105          2.550148         12.573682          4.482304         86.647643
rank #0: 2018-12-30 19:55:47,761 LBFGS        PARAM    0005       -517.651504          2.537566         13.772258          4.474166         86.597631
rank #0: 2018-12-30 19:55:48,976 LBFGS        PARAM    0006       -511.735002          2.533895         15.591861          4.472341         86.566494
rank #0: 2018-12-30 19:55:50,209 LBFGS        PARAM    0007       -462.427993          2.501063         41.948412          4.471085         86.308191
rank #0: 2018-12-30 19:55:51,427 LBFGS        PARAM    0008       -472.355853          2.506021         46.767432          4.473305         86.225947
rank #0: 2018-12-30 19:55:52,644 LBFGS        PARAM    0009       -495.920300          2.518451         46.748027          4.474202         86.194187
rank #0: 2018-12-30 19:55:53,892 LBFGS        PARAM    0010       -492.498040          2.515658         48.409786          4.472231         86.192902
rank #0: 2018-12-30 19:55:55,118 LBFGS        PARAM    0011       -493.478003          2.515838         47.898086          4.467446         86.192433
rank #0: 2018-12-30 19:55:56,359 LBFGS        PARAM    0012       -496.277870          2.515874         47.876443          4.454080         86.191973
rank #0: 2018-12-30 19:55:57,580 LBFGS        PARAM    0013       -496.639686          2.515752         47.963903          4.451863         86.191959
rank #0: 2018-12-30 19:55:58,802 LBFGS        PARAM    0014       -496.642939          2.515754         47.965649          4.451866         86.191959
rank #0: 2018-12-30 19:56:00,044 LBFGS        PARAM    0015       -496.642218          2.515754         47.965756          4.451868         86.191959
rank #0: 2018-12-30 19:56:01,264 LBFGS        PARAM    0016       -496.642214          2.515754         47.965767          4.451868         86.191959
rank #0: 2018-12-30 19:56:31,457 LBFGS        PARAM    0017       -496.642209          2.515754         47.965767          4.451868         86.191959
rank #0: 2018-12-30 19:57:25,553 LBFGS        INFO     Linesearch failed in both LBFGS and gradient directions
rank #0: 2018-12-30 19:57:25,555 LBFGS        PARAM    0017       -496.642209          2.515754         47.965767          4.451868         86.191959
rank #0: 2018-12-30 19:57:25,556 rsdfit.lbfgs_fitter WARNING  ...LBFGS optimization finished. Time elapsed: 0:01:44.87
rank #0: 2018-12-30 19:57:25,557 rsdfit.lbfgs_fitter ERROR    nonlinear fit with method L-BFGS-B failed: Linesearch failed in both LBFGS and gradient directions
rank #0: 2018-12-30 19:57:25,559 rsdfit.fitting_driver INFO     rank 21 on nid00630     ...fitting complete
rank #0: 2018-12-30 19:57:25,563 rsdfit.fitting_driver INFO     rank 21 on nid00630     Saving the results to `/global/cscratch1/sd/nhand/eBOSS/fits/results/mocks/ezmock/v1.8e-fph/0.0001-0.3/basemodel-N-fnl/0.8-2.2/QSO-N-0883-P0+P2-mock-cov-368a762326/2018-12-30_nlopt_17i_chain0__1.npz`
rank #0: 2018-12-30 19:57:26,038 pyRSD.analysis.lbfgs_results INFO     
minimum chi2 = 86.1919590834

Free parameters [ mean ]
_______________
N              : -496.64220884
b1             : 2.51575403867
f_nl           : 47.9657665028
sigma_fog      : 4.45186784189

Constrained parameters [ mean ]
_________________________
b1sigma8       : 0.911290409765
