rank #0: 2018-12-30 20:32:15,740 rsdfit.fitting_driver INFO     rank 8 on nid00679     Calling the 'nlopt' solve function
rank #0: 2018-12-30 20:32:15,742 rsdfit.lbfgs_fitter INFO     running LBFGS for 500 iterations and then stopping
rank #0: 2018-12-30 20:32:15,742 rsdfit.lbfgs_fitter INFO     running LBFGS minimizer with priors
rank #0: 2018-12-30 20:32:15,743 root         INFO     Iter           N          b1        f_nl   sigma_fog   F(X)     
rank #0: 2018-12-30 20:32:15,744 rsdfit.lbfgs_fitter INFO     computing gradient using numerical derivative of lnlike()
rank #0: 2018-12-30 20:32:16,914 LBFGS        INFO     options = {'factr': 100000.0, 'gtol': 1e-05, 'max_iter': 500, 'test_convergence': False}
rank #0: 2018-12-30 20:32:16,916 LBFGS        PARAM    0000          0.000000          2.000000          0.000000          4.000000        107.110066
rank #0: 2018-12-30 20:32:18,298 LBFGS        PARAM    0001         64.123396          2.126323          1.541617          3.953975         95.679810
rank #0: 2018-12-30 20:32:19,518 LBFGS        PARAM    0002         -0.217879          2.397594          8.755511          3.925021         87.046699
rank #0: 2018-12-30 20:32:20,760 LBFGS        PARAM    0003        -93.735704          2.395645         11.689145          3.975509         85.483380
rank #0: 2018-12-30 20:32:21,983 LBFGS        PARAM    0004       -322.706182          2.448758         23.298328          4.064464         83.899758
rank #0: 2018-12-30 20:32:23,207 LBFGS        PARAM    0005       -354.932769          2.450757         33.879290          4.016850         83.379758
rank #0: 2018-12-30 20:32:24,450 LBFGS        PARAM    0006       -382.618680          2.450936         45.295384          3.961443         82.820030
rank #0: 2018-12-30 20:32:25,813 LBFGS        PARAM    0007       -408.064420          2.448682         58.330088          3.894555         82.216025
rank #0: 2018-12-30 20:32:27,180 LBFGS        PARAM    0008       -455.043258          2.433683         88.231807          3.691201         81.245211
rank #0: 2018-12-30 20:32:28,418 LBFGS        PARAM    0009       -463.729652          2.399854        103.160411          3.412139         80.915162
rank #0: 2018-12-30 20:32:29,640 LBFGS        PARAM    0010       -436.410574          2.390885        104.234373          3.290938         80.742025
rank #0: 2018-12-30 20:32:30,883 LBFGS        PARAM    0011       -400.935923          2.385183        103.456422          3.242650         80.670434
rank #0: 2018-12-30 20:32:32,101 LBFGS        PARAM    0012       -386.823571          2.383518        103.827306          3.264486         80.651825
rank #0: 2018-12-30 20:32:33,340 LBFGS        PARAM    0013       -339.801654          2.376308        105.931463          3.397465         80.603096
rank #0: 2018-12-30 20:32:34,574 LBFGS        PARAM    0014       -325.269297          2.374140        107.990409          3.484805         80.588650
rank #0: 2018-12-30 20:32:35,794 LBFGS        PARAM    0015       -324.401148          2.372506        108.158637          3.513282         80.586977
rank #0: 2018-12-30 20:32:37,031 LBFGS        PARAM    0016       -326.292980          2.373576        108.346718          3.511437         80.586750
rank #0: 2018-12-30 20:32:38,247 LBFGS        PARAM    0017       -326.353162          2.373510        108.268067          3.510104         80.586740
rank #0: 2018-12-30 20:32:39,487 LBFGS        PARAM    0018       -326.378583          2.373512        108.267119          3.510109         80.586740
rank #0: 2018-12-30 20:32:40,705 LBFGS        PARAM    0019       -326.382031          2.373513        108.266966          3.510102         80.586740
rank #0: 2018-12-30 20:32:41,921 LBFGS        PARAM    0020       -326.382069          2.373513        108.266969          3.510102         80.586740
rank #0: 2018-12-30 20:33:35,290 LBFGS        INFO     Linesearch failed in both LBFGS and gradient directions
rank #0: 2018-12-30 20:33:35,292 LBFGS        PARAM    0020       -326.382069          2.373513        108.266969          3.510102         80.586740
rank #0: 2018-12-30 20:33:35,293 rsdfit.lbfgs_fitter WARNING  ...LBFGS optimization finished. Time elapsed: 0:01:18.38
rank #0: 2018-12-30 20:33:35,294 rsdfit.lbfgs_fitter ERROR    nonlinear fit with method L-BFGS-B failed: Linesearch failed in both LBFGS and gradient directions
rank #0: 2018-12-30 20:33:35,296 rsdfit.fitting_driver INFO     rank 8 on nid00679     ...fitting complete
rank #0: 2018-12-30 20:33:35,301 rsdfit.fitting_driver INFO     rank 8 on nid00679     Saving the results to `/global/cscratch1/sd/nhand/eBOSS/fits/results/mocks/ezmock/v1.8e-fph/0.0001-0.3/basemodel-N-fnl/0.8-2.2/QSO-S-0970-P0+P2-mock-cov-78b9fba607/2018-12-30_nlopt_20i_chain0__1.npz`
rank #0: 2018-12-30 20:33:35,886 pyRSD.analysis.lbfgs_results INFO     
minimum chi2 = 80.5867399147

Free parameters [ mean ]
_______________
N              : -326.38206876
b1             : 2.37351297104
f_nl           : 108.26696938
sigma_fog      : 3.51010212723

Constrained parameters [ mean ]
_________________________
b1sigma8       : 0.85976592891
