rank #0: 2017-11-27 21:58:34,511 rsdfit.fitting_driver INFO     rank 243 on nid00549     Calling the 'nlopt' solve function
rank #0: 2017-11-27 21:58:34,511 rsdfit.lbfgs_fitter INFO     running LBFGS for 500 iterations and then stopping
rank #0: 2017-11-27 21:58:34,511 rsdfit.lbfgs_fitter INFO     running LBFGS minimizer with priors
rank #0: 2017-11-27 21:58:34,511 root         INFO     Iter           N   alpha_par   alpha_perp          b1           f        f_nl    sigma8_z   sigma_fog   F(X)     
rank #0: 2017-11-27 21:58:35,458 LBFGS        INFO     options = {'factr': 100000.0, 'gtol': 1e-05, 'max_iter': 500, 'test_convergence': False}
rank #0: 2017-11-27 21:58:35,458 LBFGS        PARAM    0000          0.000000          1.000000          1.000000          2.000000          0.930924          0.000000          0.397985          4.000000         79.951746
rank #0: 2017-11-27 21:58:36,491 LBFGS        PARAM    0001          0.141778          0.999943          0.999892          2.001334          0.930986          0.006814          0.398899          3.999474         79.418903
rank #0: 2017-11-27 21:58:37,470 LBFGS        PARAM    0002         -4.415037          0.998303          0.997113          2.038454          0.932531          0.148574          0.422818          3.983635         73.363457
rank #0: 2017-11-27 21:58:38,447 LBFGS        PARAM    0003         -9.453191          0.998526          0.997782          2.032969          0.932163          0.065220          0.419114          3.984935         73.154694
rank #0: 2017-11-27 21:58:39,421 LBFGS        PARAM    0004        -14.707987          0.998473          0.997949          2.033777          0.932070          0.014391          0.419358          3.983559         73.123107
rank #0: 2017-11-27 21:58:40,399 LBFGS        PARAM    0005       -159.765410          0.997262          1.003106          2.051013          0.929222         -1.460637          0.422723          3.944975         72.605319
rank #0: 2017-11-27 21:58:41,379 LBFGS        PARAM    0006       -243.278231          0.996897          1.006988          2.059192          0.927180         -2.525904          0.422841          3.910955         72.419389
rank #0: 2017-11-27 21:58:42,362 LBFGS        PARAM    0007       -315.468347          0.997541          1.013582          2.069965          0.924199         -4.284930          0.422207          3.828837         72.238555
rank #0: 2017-11-27 21:58:43,343 LBFGS        PARAM    0008       -395.373156          0.999108          1.024299          2.086744          0.919602         -7.118784          0.421233          3.683298         72.054667
rank #0: 2017-11-27 21:58:44,326 LBFGS        PARAM    0009       -459.319680          1.001102          1.036471          2.106268          0.914544        -10.325370          0.420751          3.510056         71.891067
rank #0: 2017-11-27 21:58:45,309 LBFGS        PARAM    0010       -516.469722          1.003147          1.052842          2.133570          0.907683        -14.638738          0.420949          3.278444         71.705402
rank #0: 2017-11-27 21:58:46,292 LBFGS        PARAM    0011       -518.820338          0.999317          1.062637          2.153371          0.902047        -17.693382          0.420787          3.170267         71.592390
rank #0: 2017-11-27 21:58:47,275 LBFGS        PARAM    0012       -490.780532          0.996300          1.063578          2.156821          0.900719        -18.395196          0.420461          3.165647         71.567100
rank #0: 2017-11-27 21:58:48,258 LBFGS        PARAM    0013       -474.568447          0.995094          1.062347          2.155367          0.900912        -18.408384          0.420172          3.176510         71.561524
rank #0: 2017-11-27 21:58:49,239 LBFGS        PARAM    0014       -454.394378          0.991775          1.059642          2.153631          0.901047        -19.489061          0.419266          3.158406         71.538860
rank #0: 2017-11-27 21:58:50,222 LBFGS        PARAM    0015       -410.206875          0.974865          1.049457          2.152339          0.900272        -26.642366          0.414677          3.003520         71.455813
rank #0: 2017-11-27 21:58:51,206 LBFGS        PARAM    0016       -425.664261          0.959620          1.045294          2.159192          0.898554        -35.012602          0.410750          2.830701         71.396410
rank #0: 2017-11-27 21:58:52,191 LBFGS        PARAM    0017       -470.718680          0.953189          1.045366          2.164142          0.898429        -40.704137          0.409635          2.723068         71.369271
rank #0: 2017-11-27 21:58:53,178 LBFGS        PARAM    0018       -482.833555          0.954007          1.046518          2.163023          0.899619        -41.750330          0.410359          2.726924         71.363359
rank #0: 2017-11-27 21:58:54,161 LBFGS        PARAM    0019       -498.934517          0.953978          1.048928          2.157399          0.904160        -46.347538          0.412018          2.738081         71.348950
rank #0: 2017-11-27 21:58:55,146 LBFGS        PARAM    0020       -504.923649          0.951576          1.051722          2.143608          0.913847        -56.086339          0.414552          2.752437         71.328380
rank #0: 2017-11-27 21:58:56,127 LBFGS        PARAM    0021       -491.282509          0.947315          1.053034          2.129017          0.922984        -64.767221          0.416192          2.764472         71.315553
rank #0: 2017-11-27 21:58:57,114 LBFGS        PARAM    0022       -475.377978          0.945002          1.052684          2.119206          0.927186        -67.507583          0.417045          2.758374         71.312559
rank #0: 2017-11-27 21:58:58,100 LBFGS        PARAM    0023       -473.042246          0.944439          1.052803          2.118887          0.927151        -67.383980          0.416910          2.758461         71.312008
rank #0: 2017-11-27 21:58:59,087 LBFGS        PARAM    0024       -471.999173          0.944169          1.052819          2.118556          0.927088        -67.155784          0.416868          2.758035         71.311886
rank #0: 2017-11-27 21:59:00,071 LBFGS        PARAM    0025       -471.597804          0.943935          1.052915          2.117892          0.927148        -66.950987          0.416920          2.757014         71.311768
rank #0: 2017-11-27 21:59:01,058 LBFGS        PARAM    0026       -471.523362          0.943180          1.053447          2.114887          0.927697        -66.434172          0.417300          2.752636         71.311388
rank #0: 2017-11-27 21:59:02,042 LBFGS        PARAM    0027       -473.001215          0.942156          1.054465          2.109674          0.928932        -65.950090          0.418098          2.745562         71.310887
rank #0: 2017-11-27 21:59:03,029 LBFGS        PARAM    0028       -476.273307          0.941207          1.055770          2.103468          0.930679        -65.759672          0.419182          2.737853         71.310420
rank #0: 2017-11-27 21:59:04,013 LBFGS        PARAM    0029       -478.502458          0.941032          1.056334          2.101195          0.931499        -65.943903          0.419671          2.735196         71.310281
rank #0: 2017-11-27 21:59:04,998 LBFGS        PARAM    0030       -478.939411          0.941129          1.056345          2.101327          0.931568        -66.108634          0.419691          2.735437         71.310269
rank #0: 2017-11-27 21:59:05,982 LBFGS        PARAM    0031       -478.920841          0.941166          1.056312          2.101499          0.931543        -66.150301          0.419667          2.735689         71.310268
rank #0: 2017-11-27 21:59:06,964 LBFGS        PARAM    0032       -478.910807          0.941169          1.056307          2.101522          0.931539        -66.155327          0.419662          2.735722         71.310268
rank #0: 2017-11-27 21:59:07,950 LBFGS        PARAM    0033       -478.910277          0.941169          1.056307          2.101522          0.931539        -66.155746          0.419662          2.735722         71.310268
rank #0: 2017-11-27 21:59:08,935 LBFGS        PARAM    0034       -478.910419          0.941168          1.056307          2.101522          0.931539        -66.155798          0.419662          2.735722         71.310268
rank #0: 2017-11-27 21:59:09,921 LBFGS        PARAM    0035       -478.910532          0.941168          1.056307          2.101522          0.931539        -66.155809          0.419662          2.735722         71.310268
rank #0: 2017-11-27 21:59:10,906 LBFGS        PARAM    0036       -478.910600          0.941168          1.056307          2.101522          0.931539        -66.155808          0.419662          2.735721         71.310268
rank #0: 2017-11-27 21:59:11,894 LBFGS        PARAM    0037       -478.911690          0.941168          1.056308          2.101521          0.931540        -66.155851          0.419662          2.735719         71.310268
rank #0: 2017-11-27 21:59:12,878 LBFGS        PARAM    0038       -478.911962          0.941168          1.056308          2.101522          0.931541        -66.155756          0.419662          2.735719         71.310268
rank #0: 2017-11-27 21:59:26,304 LBFGS        PARAM    0039       -478.911961          0.941168          1.056308          2.101522          0.931541        -66.155756          0.419662          2.735719         71.310268
rank #0: 2017-11-27 21:59:27,291 LBFGS        PARAM    0040       -478.911893          0.941168          1.056308          2.101522          0.931541        -66.155755          0.419662          2.735719         71.310268
rank #0: 2017-11-27 21:59:50,734 LBFGS        INFO     Linesearch failed in both LBFGS and gradient directions
rank #0: 2017-11-27 21:59:50,734 LBFGS        PARAM    0040       -478.911893          0.941168          1.056308          2.101522          0.931541        -66.155755          0.419662          2.735719         71.310268
rank #0: 2017-11-27 21:59:50,734 rsdfit.lbfgs_fitter WARNING  ...LBFGS optimization finished. Time elapsed: 0:01:15.28
rank #0: 2017-11-27 21:59:50,735 rsdfit.lbfgs_fitter ERROR    nonlinear fit with method L-BFGS-B failed: Linesearch failed in both LBFGS and gradient directions
rank #0: 2017-11-27 21:59:50,735 rsdfit.fitting_driver INFO     rank 243 on nid00549     ...fitting complete
rank #0: 2017-11-27 21:59:50,738 rsdfit.fitting_driver INFO     rank 243 on nid00549     Saving the results to `/global/cscratch1/sd/nhand/eBOSS/fits/results/mocks/ezmock/v1.8e-fph/0.0001-0.3/basemodel-fs8-alphas-N-fnl/0.8-2.2/QSO-S-0193-P0+P2-mock-cov-73062e8cd4/2017-11-27_nlopt_40i_chain0__1.npz`
rank #0: 2017-11-27 21:59:50,758 pyRSD.analysis.lbfgs_results INFO     
minimum chi2 = 71.3102680737

Free parameters [ mean ]
_______________
N              : -478.911892636
alpha_par      : 0.941168113936
alpha_perp     : 1.05630764107
b1             : 2.10152197698
f              : 0.93154052026
f_nl           : -66.1557549986
sigma8_z       : 0.419662138242
sigma_fog      : 2.73571868098

Constrained parameters [ mean ]
_________________________
F_AP           : 0.890998112052
alpha          : 1.01644218861
b1sigma8       : 0.881929206423
epsilon        : -0.0377403806491
fsigma8        : 0.390932286591
