rank #0: 2018-06-03 11:10:30,273 rsdfit.fitting_driver INFO     rank 31 on nid00535     Calling the 'nlopt' solve function
rank #0: 2018-06-03 11:10:30,273 rsdfit.lbfgs_fitter INFO     running LBFGS for 500 iterations and then stopping
rank #0: 2018-06-03 11:10:30,274 rsdfit.lbfgs_fitter INFO     running LBFGS minimizer with priors
rank #0: 2018-06-03 11:10:30,274 root         INFO     Iter           N          b1        f_nl   sigma_fog   F(X)     
rank #0: 2018-06-03 11:10:30,816 LBFGS        INFO     options = {'factr': 100000.0, 'gtol': 1e-05, 'max_iter': 500, 'test_convergence': False}
rank #0: 2018-06-03 11:10:30,817 LBFGS        PARAM    0000          0.000000          2.000000          0.000000          4.000000         94.104027
rank #0: 2018-06-03 11:10:31,435 LBFGS        PARAM    0001        113.922881          2.158634          1.011988          3.925340         75.750879
rank #0: 2018-06-03 11:10:31,990 LBFGS        PARAM    0002         89.778472          2.430007          3.855824          3.842737         66.423811
rank #0: 2018-06-03 11:10:32,546 LBFGS        PARAM    0003         57.252452          2.399837          3.132428          3.889785         65.845230
rank #0: 2018-06-03 11:10:33,101 LBFGS        PARAM    0004         12.539425          2.405584          2.745200          3.926891         65.456940
rank #0: 2018-06-03 11:10:33,657 LBFGS        PARAM    0005       -174.113001          2.458025          0.746600          4.035241         64.839652
rank #0: 2018-06-03 11:10:34,216 LBFGS        PARAM    0006       -149.174409          2.459143         -0.924122          3.959426         64.692042
rank #0: 2018-06-03 11:10:34,773 LBFGS        PARAM    0007       -171.555524          2.478415         -5.348456          3.833510         64.547969
rank #0: 2018-06-03 11:10:35,329 LBFGS        PARAM    0008       -200.271898          2.487688        -10.119245          3.713138         64.457931
rank #0: 2018-06-03 11:10:35,884 LBFGS        PARAM    0009       -258.664734          2.494282        -20.985550          3.491215         64.320259
rank #0: 2018-06-03 11:10:36,438 LBFGS        PARAM    0010       -288.634031          2.498858        -32.930971          3.417263         64.226730
rank #0: 2018-06-03 11:10:36,995 LBFGS        PARAM    0011       -334.806472          2.511062        -63.826706          3.356372         64.097655
rank #0: 2018-06-03 11:10:37,551 LBFGS        PARAM    0012       -309.379607          2.509742        -63.984718          3.453527         64.040482
rank #0: 2018-06-03 11:10:38,106 LBFGS        PARAM    0013       -276.531511          2.522788        -75.058651          3.612596         63.996510
rank #0: 2018-06-03 11:10:38,662 LBFGS        PARAM    0014       -265.362776          2.517191        -66.667890          3.623251         63.991603
rank #0: 2018-06-03 11:10:39,218 LBFGS        PARAM    0015       -272.044512          2.517628        -69.362022          3.607191         63.988680
rank #0: 2018-06-03 11:10:39,772 LBFGS        PARAM    0016       -271.916495          2.518109        -69.726307          3.609121         63.988638
rank #0: 2018-06-03 11:10:40,326 LBFGS        PARAM    0017       -271.985867          2.518097        -69.691887          3.608749         63.988638
rank #0: 2018-06-03 11:10:40,881 LBFGS        PARAM    0018       -272.001791          2.518103        -69.691497          3.608691         63.988638
rank #0: 2018-06-03 11:10:41,436 LBFGS        PARAM    0019       -271.999373          2.518102        -69.691084          3.608697         63.988638
rank #0: 2018-06-03 11:10:42,050 LBFGS        PARAM    0020       -271.999373          2.518102        -69.691079          3.608697         63.988638
rank #0: 2018-06-03 11:10:42,665 LBFGS        PARAM    0021       -271.999367          2.518102        -69.691071          3.608697         63.988638
rank #0: 2018-06-03 11:11:07,036 LBFGS        INFO     Linesearch failed in both LBFGS and gradient directions
rank #0: 2018-06-03 11:11:07,037 LBFGS        PARAM    0021       -271.999367          2.518102        -69.691071          3.608697         63.988638
rank #0: 2018-06-03 11:11:07,038 rsdfit.lbfgs_fitter WARNING  ...LBFGS optimization finished. Time elapsed: 0:00:36.22
rank #0: 2018-06-03 11:11:07,038 rsdfit.lbfgs_fitter ERROR    nonlinear fit with method L-BFGS-B failed: Linesearch failed in both LBFGS and gradient directions
rank #0: 2018-06-03 11:11:07,039 rsdfit.fitting_driver INFO     rank 31 on nid00535     ...fitting complete
rank #0: 2018-06-03 11:11:07,042 rsdfit.fitting_driver INFO     rank 31 on nid00535     Saving the results to `/global/cscratch1/sd/nhand/eBOSS/fits/results/mocks/ezmock/v1.8e-fph/0.0001-0.3/basemodel-N-fnl/0.8-2.2/QSO-S-0193-P0+P2-mock-cov-f224d44da7/2018-06-03_nlopt_21i_chain0__1.npz`
rank #0: 2018-06-03 11:11:07,063 pyRSD.analysis.lbfgs_results INFO     
minimum chi2 = 63.9886375547

Free parameters [ mean ]
_______________
N              : -271.999366911
b1             : 2.51810172125
f_nl           : -69.6910711088
sigma_fog      : 3.60869675853

Constrained parameters [ mean ]
_________________________
b1sigma8       : 0.912140819062
