rank #0: 2018-07-16 20:45:11,232 rsdfit.fitting_driver INFO     rank 62 on nid01584     Calling the 'nlopt' solve function
rank #0: 2018-07-16 20:45:11,233 rsdfit.lbfgs_fitter INFO     running LBFGS for 500 iterations and then stopping
rank #0: 2018-07-16 20:45:11,234 rsdfit.lbfgs_fitter INFO     running LBFGS minimizer with priors
rank #0: 2018-07-16 20:45:11,234 root         INFO     Iter           N          b1        f_nl   sigma_fog   F(X)     
rank #0: 2018-07-16 20:45:11,810 LBFGS        INFO     options = {'factr': 100000.0, 'gtol': 1e-05, 'max_iter': 500, 'test_convergence': False}
rank #0: 2018-07-16 20:45:11,811 LBFGS        PARAM    0000          0.000000          2.000000          0.000000          4.000000        111.518056
rank #0: 2018-07-16 20:45:12,467 LBFGS        PARAM    0001         19.156122          2.121119          2.458608          3.977881         96.971842
rank #0: 2018-07-16 20:45:13,066 LBFGS        PARAM    0002       -121.347407          2.417787         11.969105          4.059378         81.842600
rank #0: 2018-07-16 20:45:13,665 LBFGS        PARAM    0003       -278.028117          2.438791         13.466257          4.152504         77.768395
rank #0: 2018-07-16 20:45:14,273 LBFGS        PARAM    0004       -548.523126          2.488236         15.805048          4.273639         75.235928
rank #0: 2018-07-16 20:45:14,868 LBFGS        PARAM    0005       -553.840973          2.483096         14.701276          4.226794         75.175061
rank #0: 2018-07-16 20:45:15,466 LBFGS        PARAM    0006       -595.020561          2.480559         10.219763          4.008590         75.005470
rank #0: 2018-07-16 20:45:16,051 LBFGS        PARAM    0007       -631.850730          2.490083          7.201482          3.867600         74.950147
rank #0: 2018-07-16 20:45:16,647 LBFGS        PARAM    0008       -638.230492          2.493830          6.570566          3.859142         74.947095
rank #0: 2018-07-16 20:45:17,245 LBFGS        PARAM    0009       -639.368809          2.495116          6.273554          3.861494         74.946576
rank #0: 2018-07-16 20:45:17,843 LBFGS        PARAM    0010       -639.953258          2.496343          5.740200          3.865842         74.945958
rank #0: 2018-07-16 20:45:18,427 LBFGS        PARAM    0011       -639.917411          2.497617          4.682327          3.872979         74.945067
rank #0: 2018-07-16 20:45:19,027 LBFGS        PARAM    0012       -638.842815          2.497224          3.972698          3.875354         74.944655
rank #0: 2018-07-16 20:45:19,626 LBFGS        PARAM    0013       -638.594170          2.497215          3.982415          3.875988         74.944653
rank #0: 2018-07-16 20:45:20,213 LBFGS        PARAM    0014       -638.578651          2.497215          3.983162          3.876053         74.944653
rank #0: 2018-07-16 20:45:20,811 LBFGS        PARAM    0015       -638.578762          2.497215          3.983144          3.876054         74.944653
rank #0: 2018-07-16 20:45:21,482 LBFGS        PARAM    0016       -638.578749          2.497215          3.983144          3.876054         74.944653
rank #0: 2018-07-16 20:45:47,449 LBFGS        INFO     Linesearch failed in both LBFGS and gradient directions
rank #0: 2018-07-16 20:45:47,451 LBFGS        PARAM    0016       -638.578749          2.497215          3.983144          3.876054         74.944653
rank #0: 2018-07-16 20:45:47,453 rsdfit.lbfgs_fitter WARNING  ...LBFGS optimization finished. Time elapsed: 0:00:35.64
rank #0: 2018-07-16 20:45:47,454 rsdfit.lbfgs_fitter ERROR    nonlinear fit with method L-BFGS-B failed: Linesearch failed in both LBFGS and gradient directions
rank #0: 2018-07-16 20:45:47,456 rsdfit.fitting_driver INFO     rank 62 on nid01584     ...fitting complete
rank #0: 2018-07-16 20:45:47,460 rsdfit.fitting_driver INFO     rank 62 on nid01584     Saving the results to `/global/cscratch1/sd/nhand/eBOSS/fits/results/mocks/ezmock/v1.8e-fph/0.005-0.3/basemodel-N-fnl/0.8-2.2/QSO-S-0860-P0+P2-mock-cov-1ab4f6001f/2018-07-16_nlopt_16i_chain0__1.npz`
rank #0: 2018-07-16 20:45:47,487 pyRSD.analysis.lbfgs_results INFO     
minimum chi2 = 74.9446532355

Free parameters [ mean ]
_______________
N              : -638.578749467
b1             : 2.49721477107
f_nl           : 3.98314404834
sigma_fog      : 3.87605368479

Constrained parameters [ mean ]
_________________________
b1sigma8       : 0.936169129819
