rank #0: 2017-11-27 21:39:23,107 rsdfit.fitting_driver INFO     rank 244 on nid00534     Calling the 'nlopt' solve function
rank #0: 2017-11-27 21:39:23,107 rsdfit.lbfgs_fitter INFO     running LBFGS for 500 iterations and then stopping
rank #0: 2017-11-27 21:39:23,107 rsdfit.lbfgs_fitter INFO     running LBFGS minimizer with priors
rank #0: 2017-11-27 21:39:23,107 root         INFO     Iter           N          b1           f    sigma8_z   sigma_fog   F(X)     
rank #0: 2017-11-27 21:39:23,713 LBFGS        INFO     options = {'factr': 100000.0, 'gtol': 1e-05, 'max_iter': 500, 'test_convergence': False}
rank #0: 2017-11-27 21:39:23,714 LBFGS        PARAM    0000          0.000000          2.000000          0.930924          0.397985          4.000000         90.245917
rank #0: 2017-11-27 21:39:24,384 LBFGS        PARAM    0001         -0.119851          2.002850          0.931060          0.399948          3.999230         88.472206
rank #0: 2017-11-27 21:39:24,995 LBFGS        PARAM    0002        -27.777180          2.068846          0.934013          0.441543          3.988229         73.920677
rank #0: 2017-11-27 21:39:25,610 LBFGS        PARAM    0003        -36.117032          2.052046          0.933128          0.431243          3.996138         72.441798
rank #0: 2017-11-27 21:39:26,222 LBFGS        PARAM    0004        -49.189070          2.054494          0.933130          0.432548          3.999409         72.216760
rank #0: 2017-11-27 21:39:26,834 LBFGS        PARAM    0005       -159.318471          2.065763          0.932673          0.437742          4.029066         71.070163
rank #0: 2017-11-27 21:39:27,448 LBFGS        PARAM    0006       -318.683030          2.074879          0.931602          0.440782          4.071446         69.886780
rank #0: 2017-11-27 21:39:28,063 LBFGS        PARAM    0007       -536.908231          2.081353          0.929196          0.440320          4.102232         68.690888
rank #0: 2017-11-27 21:39:28,677 LBFGS        PARAM    0008       -594.726760          2.082518          0.927584          0.437961          4.076132         68.470751
rank #0: 2017-11-27 21:39:29,290 LBFGS        PARAM    0009       -600.116276          2.082877          0.926839          0.436678          4.053083         68.433765
rank #0: 2017-11-27 21:39:29,903 LBFGS        PARAM    0010       -601.015171          2.084121          0.926041          0.435719          4.025546         68.405119
rank #0: 2017-11-27 21:39:30,518 LBFGS        PARAM    0011       -607.756591          2.089866          0.923451          0.433501          3.938685         68.326099
rank #0: 2017-11-27 21:39:31,133 LBFGS        PARAM    0012       -628.412257          2.103257          0.918373          0.430336          3.777463         68.194726
rank #0: 2017-11-27 21:39:31,746 LBFGS        PARAM    0013       -667.916315          2.127653          0.909944          0.426731          3.556966         68.019505
rank #0: 2017-11-27 21:39:32,360 LBFGS        PARAM    0014       -710.964412          2.166773          0.896386          0.422214          3.374771         67.827251
rank #0: 2017-11-27 21:39:32,974 LBFGS        PARAM    0015       -753.999741          2.220223          0.877852          0.416740          3.226034         67.655105
rank #0: 2017-11-27 21:39:33,588 LBFGS        PARAM    0016       -773.925778          2.258090          0.864464          0.412493          3.165473         67.570065
rank #0: 2017-11-27 21:39:34,204 LBFGS        PARAM    0017       -795.185368          2.318318          0.842884          0.404682          3.083962         67.459823
rank #0: 2017-11-27 21:39:34,820 LBFGS        PARAM    0018       -798.254463          2.389420          0.825239          0.391653          2.976660         67.445691
rank #0: 2017-11-27 21:39:35,436 LBFGS        PARAM    0019       -778.681614          2.356475          0.833435          0.397975          3.092378         67.389766
rank #0: 2017-11-27 21:39:36,052 LBFGS        PARAM    0020       -778.423299          2.360885          0.832178          0.397330          3.097286         67.388806
rank #0: 2017-11-27 21:39:36,669 LBFGS        PARAM    0021       -778.633527          2.361793          0.831929          0.397198          3.098858         67.388768
rank #0: 2017-11-27 21:39:37,283 LBFGS        PARAM    0022       -778.640387          2.361734          0.831951          0.397206          3.099063         67.388767
rank #0: 2017-11-27 21:39:37,898 LBFGS        PARAM    0023       -778.630767          2.361700          0.831964          0.397210          3.099163         67.388767
rank #0: 2017-11-27 21:39:38,513 LBFGS        PARAM    0024       -778.628946          2.361699          0.831965          0.397210          3.099166         67.388767
rank #0: 2017-11-27 21:39:39,127 LBFGS        PARAM    0025       -778.628653          2.361699          0.831965          0.397210          3.099166         67.388767
rank #0: 2017-11-27 21:39:39,798 LBFGS        PARAM    0026       -778.628225          2.361699          0.831965          0.397210          3.099166         67.388767
rank #0: 2017-11-27 21:39:40,640 LBFGS        PARAM    0027       -778.628197          2.361699          0.831965          0.397210          3.099166         67.388767
rank #0: 2017-11-27 21:39:53,166 LBFGS        PARAM    0028       -778.628197          2.361699          0.831965          0.397210          3.099166         67.388767
rank #0: 2017-11-27 21:39:53,781 LBFGS        PARAM    0029       -778.628185          2.361699          0.831965          0.397210          3.099166         67.388767
rank #0: 2017-11-27 21:39:54,622 LBFGS        PARAM    0030       -778.628185          2.361699          0.831965          0.397210          3.099166         67.388767
rank #0: 2017-11-27 21:40:07,468 LBFGS        PARAM    0031       -778.628185          2.361699          0.831965          0.397210          3.099166         67.388767
rank #0: 2017-11-27 21:40:07,470 LBFGS        INFO     LBFGS iteration 31: the descent direction does not have a sufficient projection (cos(theta)=-9.66e-01, theta=164.9060) into the gradient; using steepest descent at this step!
rank #0: 2017-11-27 21:40:18,127 LBFGS        INFO     Linesearch failed in both LBFGS and gradient directions
rank #0: 2017-11-27 21:40:18,127 LBFGS        PARAM    0031       -778.628185          2.361699          0.831965          0.397210          3.099166         67.388767
rank #0: 2017-11-27 21:40:18,127 rsdfit.lbfgs_fitter WARNING  ...LBFGS optimization finished. Time elapsed: 0:00:54.41
rank #0: 2017-11-27 21:40:18,128 rsdfit.lbfgs_fitter ERROR    nonlinear fit with method L-BFGS-B failed: Linesearch failed in both LBFGS and gradient directions
rank #0: 2017-11-27 21:40:18,128 rsdfit.fitting_driver INFO     rank 244 on nid00534     ...fitting complete
rank #0: 2017-11-27 21:40:18,130 rsdfit.fitting_driver INFO     rank 244 on nid00534     Saving the results to `/global/cscratch1/sd/nhand/eBOSS/fits/results/mocks/ezmock/v1.8e-fph/0.0001-0.3/basemodel-fs8-N/0.8-2.2/QSO-S-0253-P0+P2-mock-cov-5d97c0eb2d/2017-11-27_nlopt_31i_chain0__1.npz`
rank #0: 2017-11-27 21:40:18,151 pyRSD.analysis.lbfgs_results INFO     
minimum chi2 = 67.3887674101

Free parameters [ mean ]
_______________
N              : -778.628185475
b1             : 2.36169902984
f              : 0.831965037869
sigma8_z       : 0.397210091916
sigma_fog      : 3.09916634146

Constrained parameters [ mean ]
_________________________
b1sigma8       : 0.938090688722
fsigma8        : 0.330464909163
