rank #0: 2019-02-16 13:57:46,607 rsdfit.fitting_driver INFO     rank 16 on nid00678     Calling the 'nlopt' solve function
rank #0: 2019-02-16 13:57:46,608 rsdfit.lbfgs_fitter INFO     running LBFGS for 500 iterations and then stopping
rank #0: 2019-02-16 13:57:46,608 rsdfit.lbfgs_fitter INFO     running LBFGS minimizer with priors
rank #0: 2019-02-16 13:57:46,609 root         INFO     Iter           N          b1        f_nl   sigma_fog   F(X)     
rank #0: 2019-02-16 13:57:46,609 rsdfit.lbfgs_fitter INFO     computing gradient using numerical derivative of lnlike()
rank #0: 2019-02-16 13:57:47,705 LBFGS        INFO     options = {'factr': 100000.0, 'gtol': 1e-05, 'max_iter': 500, 'test_convergence': False}
rank #0: 2019-02-16 13:57:47,706 LBFGS        PARAM    0000          0.000000          2.000000          0.000000          4.000000        102.984707
rank #0: 2019-02-16 13:57:48,957 LBFGS        PARAM    0001         51.923372          2.112874          1.699055          3.942733         87.253695
rank #0: 2019-02-16 13:57:50,079 LBFGS        PARAM    0002        -10.652001          2.357683          6.194865          3.834175         75.627791
rank #0: 2019-02-16 13:57:51,198 LBFGS        PARAM    0003        -85.843069          2.344699          5.388407          3.839518         74.013372
rank #0: 2019-02-16 13:57:52,319 LBFGS        PARAM    0004       -295.071781          2.375343          4.075975          3.792443         72.025627
rank #0: 2019-02-16 13:57:53,441 LBFGS        PARAM    0005       -407.133453          2.406288          1.502088          3.646793         71.281740
rank #0: 2019-02-16 13:57:54,562 LBFGS        PARAM    0006       -578.466805          2.436874         -9.979639          3.115356         70.006808
rank #0: 2019-02-16 13:57:55,686 LBFGS        PARAM    0007       -624.401026          2.448897        -28.774717          2.772388         69.487794
rank #0: 2019-02-16 13:57:56,808 LBFGS        PARAM    0008       -626.826753          2.458527        -39.242308          2.722258         69.386552
rank #0: 2019-02-16 13:57:57,932 LBFGS        PARAM    0009       -630.986855          2.473710        -57.406305          2.706887         69.266703
rank #0: 2019-02-16 13:57:59,060 LBFGS        PARAM    0010       -649.428592          2.501704        -86.614841          2.750887         69.105677
rank #0: 2019-02-16 13:58:00,183 LBFGS        PARAM    0011       -701.898087          2.545783       -123.064896          2.885817         69.036501
rank #0: 2019-02-16 13:58:01,306 LBFGS        PARAM    0012       -676.090959          2.521873       -102.564716          2.879163         69.001764
rank #0: 2019-02-16 13:58:02,433 LBFGS        PARAM    0013       -678.972542          2.526537       -106.426674          2.890521         68.998410
rank #0: 2019-02-16 13:58:03,555 LBFGS        PARAM    0014       -680.113072          2.527804       -107.904970          2.892440         68.998197
rank #0: 2019-02-16 13:58:04,672 LBFGS        PARAM    0015       -680.062344          2.527834       -107.751655          2.892303         68.998193
rank #0: 2019-02-16 13:58:05,787 LBFGS        PARAM    0016       -680.025115          2.527745       -107.745192          2.892218         68.998192
rank #0: 2019-02-16 13:58:06,901 LBFGS        PARAM    0017       -680.017676          2.527739       -107.742111          2.892212         68.998192
rank #0: 2019-02-16 13:58:08,015 LBFGS        PARAM    0018       -680.016592          2.527739       -107.741915          2.892213         68.998192
rank #0: 2019-02-16 13:58:09,130 LBFGS        PARAM    0019       -680.016440          2.527739       -107.741902          2.892214         68.998192
rank #0: 2019-02-16 13:58:10,246 LBFGS        PARAM    0020       -680.016493          2.527739       -107.741911          2.892213         68.998192
rank #0: 2019-02-16 13:58:11,480 LBFGS        PARAM    0021       -680.016494          2.527739       -107.741911          2.892213         68.998192
rank #0: 2019-02-16 13:58:39,124 LBFGS        PARAM    0022       -680.016508          2.527739       -107.741911          2.892213         68.998192
rank #0: 2019-02-16 13:59:29,204 LBFGS        INFO     Linesearch failed in both LBFGS and gradient directions
rank #0: 2019-02-16 13:59:29,205 LBFGS        PARAM    0022       -680.016508          2.527739       -107.741911          2.892213         68.998192
rank #0: 2019-02-16 13:59:29,206 rsdfit.lbfgs_fitter WARNING  ...LBFGS optimization finished. Time elapsed: 0:01:41.50
rank #0: 2019-02-16 13:59:29,206 rsdfit.lbfgs_fitter ERROR    nonlinear fit with method L-BFGS-B failed: Linesearch failed in both LBFGS and gradient directions
rank #0: 2019-02-16 13:59:29,207 rsdfit.fitting_driver INFO     rank 16 on nid00678     ...fitting complete
rank #0: 2019-02-16 13:59:29,210 rsdfit.fitting_driver INFO     rank 16 on nid00678     Saving the results to `/global/cscratch1/sd/nhand/eBOSS/fits/results/mocks/ezmock/v1.8e-fph/0.005-0.3/basemodel-N-fnl/0.8-2.2/QSO-S-0196-P0+P2-mock-cov-26d5de4060/2019-02-16_nlopt_22i_chain0__1.npz`
rank #0: 2019-02-16 13:59:29,217 pyRSD.analysis.lbfgs_results INFO     
minimum chi2 = 68.99819176405525

Free parameters [ mean ]
_______________
N              : -680.0165076053191
b1             : 2.527738897757648
f_nl           : -107.7419111512896
sigma_fog      : 2.8922134573268856

Constrained parameters [ mean ]
_________________________
b1sigma8       : 0.9476121764684006
