rank #0: 2018-07-15 19:24:17,938 rsdfit.fitting_driver INFO     rank 5 on nid00567     Calling the 'nlopt' solve function
rank #0: 2018-07-15 19:24:17,940 rsdfit.lbfgs_fitter INFO     running LBFGS for 500 iterations and then stopping
rank #0: 2018-07-15 19:24:17,940 rsdfit.lbfgs_fitter INFO     running LBFGS minimizer with priors
rank #0: 2018-07-15 19:24:17,941 root         INFO     Iter           N          b1        f_nl   sigma_fog   F(X)     
rank #0: 2018-07-15 19:24:18,527 LBFGS        INFO     options = {'factr': 100000.0, 'gtol': 1e-05, 'max_iter': 500, 'test_convergence': False}
rank #0: 2018-07-15 19:24:18,528 LBFGS        PARAM    0000          0.000000          2.000000          0.000000          4.000000         83.267551
rank #0: 2018-07-15 19:24:19,176 LBFGS        PARAM    0001         -5.502898          2.044635          0.970624          4.002914         77.673201
rank #0: 2018-07-15 19:24:19,775 LBFGS        PARAM    0002       -113.971399          2.164866          4.673066          4.072556         69.634602
rank #0: 2018-07-15 19:24:20,375 LBFGS        PARAM    0003       -208.278082          2.189101          6.268313          4.137128         67.520279
rank #0: 2018-07-15 19:24:20,959 LBFGS        PARAM    0004       -300.977097          2.195829          8.454902          4.189465         66.685910
rank #0: 2018-07-15 19:24:21,554 LBFGS        PARAM    0005       -302.442199          2.196576          9.053423          4.184290         66.673050
rank #0: 2018-07-15 19:24:22,149 LBFGS        PARAM    0006       -319.873027          2.198621         18.906810          4.094025         66.526864
rank #0: 2018-07-15 19:24:22,748 LBFGS        PARAM    0007       -335.828138          2.192823         31.668082          3.976561         66.408354
rank #0: 2018-07-15 19:24:23,332 LBFGS        PARAM    0008       -332.378509          2.182741         37.477160          3.941631         66.303975
rank #0: 2018-07-15 19:24:23,928 LBFGS        PARAM    0009       -314.950468          2.168963         39.548419          3.966787         66.227041
rank #0: 2018-07-15 19:24:24,525 LBFGS        PARAM    0010       -315.102510          2.168652         40.583871          3.968618         66.220713
rank #0: 2018-07-15 19:24:25,112 LBFGS        PARAM    0011       -304.682138          2.168509         43.129399          4.026043         66.192541
rank #0: 2018-07-15 19:24:25,713 LBFGS        PARAM    0012       -298.040914          2.168816         42.843358          4.056648         66.188800
rank #0: 2018-07-15 19:24:26,317 LBFGS        PARAM    0013       -297.040469          2.168771         42.687537          4.059437         66.188729
rank #0: 2018-07-15 19:24:26,921 LBFGS        PARAM    0014       -297.030600          2.168769         42.680067          4.059426         66.188729
rank #0: 2018-07-15 19:24:27,507 LBFGS        PARAM    0015       -297.030599          2.168769         42.680049          4.059423         66.188729
rank #0: 2018-07-15 19:24:28,107 LBFGS        PARAM    0016       -297.030639          2.168769         42.680043          4.059423         66.188729
rank #0: 2018-07-15 19:24:54,148 LBFGS        INFO     Linesearch failed in both LBFGS and gradient directions
rank #0: 2018-07-15 19:24:54,149 LBFGS        PARAM    0016       -297.030639          2.168769         42.680043          4.059423         66.188729
rank #0: 2018-07-15 19:24:54,150 rsdfit.lbfgs_fitter WARNING  ...LBFGS optimization finished. Time elapsed: 0:00:35.62
rank #0: 2018-07-15 19:24:54,151 rsdfit.lbfgs_fitter ERROR    nonlinear fit with method L-BFGS-B failed: Linesearch failed in both LBFGS and gradient directions
rank #0: 2018-07-15 19:24:54,152 rsdfit.fitting_driver INFO     rank 5 on nid00567     ...fitting complete
rank #0: 2018-07-15 19:24:54,155 rsdfit.fitting_driver INFO     rank 5 on nid00567     Saving the results to `/global/cscratch1/sd/nhand/eBOSS/fits/results/mocks/ezmock/v1.8e-fph/0.0001-0.3/basemodel-N-fnl/0.8-2.2/QSO-N-0525-P0+P2-mock-cov-8973e9cf3e/2018-07-15_nlopt_16i_chain0__1.npz`
rank #0: 2018-07-15 19:24:54,180 pyRSD.analysis.lbfgs_results INFO     
minimum chi2 = 66.188729186

Free parameters [ mean ]
_______________
N              : -297.030638506
b1             : 2.16876925853
f_nl           : 42.6800434392
sigma_fog      : 4.05942276747

Constrained parameters [ mean ]
_________________________
b1sigma8       : 0.863849446068
