rank #0: 2018-07-15 20:32:25,344 rsdfit.fitting_driver INFO     rank 38 on nid00570     Calling the 'nlopt' solve function
rank #0: 2018-07-15 20:32:26,176 rsdfit.lbfgs_fitter INFO     running LBFGS for 500 iterations and then stopping
rank #0: 2018-07-15 20:32:26,177 rsdfit.lbfgs_fitter INFO     running LBFGS minimizer with priors
rank #0: 2018-07-15 20:32:26,178 root         INFO     Iter           N          b1        f_nl   sigma_fog   F(X)     
rank #0: 2018-07-15 20:32:26,746 LBFGS        INFO     options = {'factr': 100000.0, 'gtol': 1e-05, 'max_iter': 500, 'test_convergence': False}
rank #0: 2018-07-15 20:32:26,748 LBFGS        PARAM    0000          0.000000          2.000000          0.000000          4.000000        103.121760
rank #0: 2018-07-15 20:32:27,420 LBFGS        PARAM    0001         46.049407          2.117149          2.279961          3.960900         88.068403
rank #0: 2018-07-15 20:32:28,024 LBFGS        PARAM    0002        -41.646960          2.399704         10.378081          3.943312         75.043672
rank #0: 2018-07-15 20:32:28,608 LBFGS        PARAM    0003       -136.453104          2.388082         10.522954          3.998041         72.720182
rank #0: 2018-07-15 20:32:29,210 LBFGS        PARAM    0004       -355.481645          2.432036         12.741812          4.090341         70.796404
rank #0: 2018-07-15 20:32:29,810 LBFGS        PARAM    0005       -391.108488          2.445959         12.164398          4.048845         70.689600
rank #0: 2018-07-15 20:32:30,411 LBFGS        PARAM    0006       -439.927766          2.458701          9.536531          3.916470         70.552727
rank #0: 2018-07-15 20:32:30,993 LBFGS        PARAM    0007       -478.898514          2.460148          5.714876          3.721567         70.451949
rank #0: 2018-07-15 20:32:31,596 LBFGS        PARAM    0008       -476.427621          2.455135          5.517629          3.668954         70.441680
rank #0: 2018-07-15 20:32:32,200 LBFGS        PARAM    0009       -475.053445          2.454501          5.613502          3.667649         70.441591
rank #0: 2018-07-15 20:32:32,788 LBFGS        PARAM    0010       -474.893745          2.454403          5.662742          3.667691         70.441585
rank #0: 2018-07-15 20:32:33,388 LBFGS        PARAM    0011       -474.943119          2.454346          5.739080          3.667335         70.441580
rank #0: 2018-07-15 20:32:33,987 LBFGS        PARAM    0012       -474.999153          2.454351          5.743604          3.667261         70.441580
rank #0: 2018-07-15 20:32:34,586 LBFGS        PARAM    0013       -475.001167          2.454353          5.743475          3.667255         70.441580
rank #0: 2018-07-15 20:32:35,170 LBFGS        PARAM    0014       -475.001564          2.454353          5.743372          3.667255         70.441580
rank #0: 2018-07-15 20:32:35,769 LBFGS        PARAM    0015       -475.001623          2.454353          5.743363          3.667255         70.441580
rank #0: 2018-07-15 20:32:36,369 LBFGS        PARAM    0016       -475.001633          2.454353          5.743363          3.667255         70.441580
rank #0: 2018-07-15 20:33:02,390 LBFGS        INFO     Linesearch failed in both LBFGS and gradient directions
rank #0: 2018-07-15 20:33:02,391 LBFGS        PARAM    0016       -475.001633          2.454353          5.743363          3.667255         70.441580
rank #0: 2018-07-15 20:33:02,392 rsdfit.lbfgs_fitter WARNING  ...LBFGS optimization finished. Time elapsed: 0:00:35.65
rank #0: 2018-07-15 20:33:02,394 rsdfit.lbfgs_fitter ERROR    nonlinear fit with method L-BFGS-B failed: Linesearch failed in both LBFGS and gradient directions
rank #0: 2018-07-15 20:33:02,395 rsdfit.fitting_driver INFO     rank 38 on nid00570     ...fitting complete
rank #0: 2018-07-15 20:33:02,401 rsdfit.fitting_driver INFO     rank 38 on nid00570     Saving the results to `/global/cscratch1/sd/nhand/eBOSS/fits/results/mocks/ezmock/v1.8e-fph/0.0001-0.3/basemodel-N-fnl/0.8-2.2/QSO-S-0685-P0+P2-mock-cov-1ab4f6001f/2018-07-15_nlopt_16i_chain0__1.npz`
rank #0: 2018-07-15 20:33:02,448 pyRSD.analysis.lbfgs_results INFO     
minimum chi2 = 70.441580401

Free parameters [ mean ]
_______________
N              : -475.001632811
b1             : 2.45435300419
f_nl           : 5.74336339485
sigma_fog      : 3.66725460425

Constrained parameters [ mean ]
_________________________
b1sigma8       : 0.920100883118
