rank #0: 2018-12-30 16:36:51,554 rsdfit.fitting_driver INFO     rank 4 on nid00553     Calling the 'nlopt' solve function
rank #0: 2018-12-30 16:36:51,555 rsdfit.lbfgs_fitter INFO     running LBFGS for 500 iterations and then stopping
rank #0: 2018-12-30 16:36:51,555 rsdfit.lbfgs_fitter INFO     running LBFGS minimizer with priors
rank #0: 2018-12-30 16:36:51,556 root         INFO     Iter           N          b1        f_nl   sigma_fog   F(X)     
rank #0: 2018-12-30 16:36:51,556 rsdfit.lbfgs_fitter INFO     computing gradient using numerical derivative of lnlike()
rank #0: 2018-12-30 16:36:52,755 LBFGS        INFO     options = {'factr': 100000.0, 'gtol': 1e-05, 'max_iter': 500, 'test_convergence': False}
rank #0: 2018-12-30 16:36:52,756 LBFGS        PARAM    0000          0.000000          2.000000          0.000000          4.000000        136.637312
rank #0: 2018-12-30 16:36:54,124 LBFGS        PARAM    0001         13.041298          2.088671          2.103396          3.981948        119.727452
rank #0: 2018-12-30 16:36:55,376 LBFGS        PARAM    0002        -85.960653          2.309740         11.096539          4.044793        100.927658
rank #0: 2018-12-30 16:36:56,607 LBFGS        PARAM    0003       -211.733649          2.338928         14.600285          4.129394         96.048622
rank #0: 2018-12-30 16:36:57,855 LBFGS        PARAM    0004       -428.922872          2.369137         24.148943          4.265685         92.427903
rank #0: 2018-12-30 16:36:59,088 LBFGS        PARAM    0005       -429.049555          2.367719         26.588490          4.251643         92.319087
rank #0: 2018-12-30 16:37:00,316 LBFGS        PARAM    0006       -417.689731          2.342932         45.235050          4.126784         92.083643
rank #0: 2018-12-30 16:37:01,566 LBFGS        PARAM    0007       -420.013240          2.349718         37.789799          4.140289         92.007932
rank #0: 2018-12-30 16:37:02,792 LBFGS        PARAM    0008       -422.300614          2.349262         38.994273          4.129949         92.003141
rank #0: 2018-12-30 16:37:04,042 LBFGS        PARAM    0009       -423.551385          2.349010         39.209076          4.123207         92.002739
rank #0: 2018-12-30 16:37:05,266 LBFGS        PARAM    0010       -425.110507          2.349011         39.169998          4.115700         92.002532
rank #0: 2018-12-30 16:37:06,512 LBFGS        PARAM    0011       -425.536993          2.349048         39.102592          4.113853         92.002515
rank #0: 2018-12-30 16:37:07,741 LBFGS        PARAM    0012       -425.546058          2.349051         39.102460          4.113863         92.002515
rank #0: 2018-12-30 16:37:08,969 LBFGS        PARAM    0013       -425.545621          2.349051         39.102475          4.113862         92.002515
rank #0: 2018-12-30 16:37:10,220 LBFGS        PARAM    0014       -425.545648          2.349051         39.102474          4.113862         92.002515
rank #0: 2018-12-30 16:37:40,877 LBFGS        PARAM    0015       -425.545648          2.349051         39.102474          4.113862         92.002515
rank #0: 2018-12-30 16:38:33,391 LBFGS        INFO     Linesearch failed in both LBFGS and gradient directions
rank #0: 2018-12-30 16:38:33,392 LBFGS        PARAM    0015       -425.545648          2.349051         39.102474          4.113862         92.002515
rank #0: 2018-12-30 16:38:33,393 rsdfit.lbfgs_fitter WARNING  ...LBFGS optimization finished. Time elapsed: 0:01:40.64
rank #0: 2018-12-30 16:38:33,394 rsdfit.lbfgs_fitter ERROR    nonlinear fit with method L-BFGS-B failed: Linesearch failed in both LBFGS and gradient directions
rank #0: 2018-12-30 16:38:33,395 rsdfit.fitting_driver INFO     rank 4 on nid00553     ...fitting complete
rank #0: 2018-12-30 16:38:33,398 rsdfit.fitting_driver INFO     rank 4 on nid00553     Saving the results to `/global/cscratch1/sd/nhand/eBOSS/fits/results/mocks/ezmock/v1.8e-fph/0.0001-0.3/basemodel-N-fnl/0.8-2.2/QSO-N-0416-P0+P2-mock-cov-baf378684d/2018-12-30_nlopt_15i_chain0__1.npz`
rank #0: 2018-12-30 16:38:33,602 pyRSD.analysis.lbfgs_results INFO     
minimum chi2 = 92.0025151139

Free parameters [ mean ]
_______________
N              : -425.545648258
b1             : 2.34905078031
f_nl           : 39.1024740055
sigma_fog      : 4.1138623601

Constrained parameters [ mean ]
_________________________
b1sigma8       : 0.880624626437
