rank #0: 2018-10-04 22:49:09,537 rsdfit.fitting_driver INFO     rank 13 on nid01842     Calling the 'nlopt' solve function
rank #0: 2018-10-04 22:49:09,538 rsdfit.lbfgs_fitter INFO     running LBFGS for 500 iterations and then stopping
rank #0: 2018-10-04 22:49:09,538 rsdfit.lbfgs_fitter INFO     running LBFGS minimizer with priors
rank #0: 2018-10-04 22:49:09,539 root         INFO     Iter           N          b1        f_nl   sigma_fog   F(X)     
rank #0: 2018-10-04 22:49:09,539 rsdfit.lbfgs_fitter INFO     computing gradient using numerical derivative of lnlike()
rank #0: 2018-10-04 22:49:10,706 LBFGS        INFO     options = {'factr': 100000.0, 'gtol': 1e-05, 'max_iter': 500, 'test_convergence': False}
rank #0: 2018-10-04 22:49:10,707 LBFGS        PARAM    0000          0.000000          2.000000          0.000000          4.000000        115.028283
rank #0: 2018-10-04 22:49:12,043 LBFGS        PARAM    0001         48.300320          2.160033          1.305884          3.987235         98.589836
rank #0: 2018-10-04 22:49:13,239 LBFGS        PARAM    0002        -81.182920          2.505979          7.067872          4.161985         85.055255
rank #0: 2018-10-04 22:49:14,448 LBFGS        PARAM    0003       -223.869669          2.509367          7.281228          4.308563         81.529497
rank #0: 2018-10-04 22:49:15,637 LBFGS        PARAM    0004       -483.968305          2.574378          8.552826          4.592362         79.454781
rank #0: 2018-10-04 22:49:16,846 LBFGS        PARAM    0005       -465.655547          2.563405          7.414602          4.602527         79.427368
rank #0: 2018-10-04 22:49:18,033 LBFGS        PARAM    0006       -456.035065          2.562030          6.335975          4.626986         79.413761
rank #0: 2018-10-04 22:49:19,220 LBFGS        PARAM    0007       -422.196320          2.564979         -0.202626          4.780526         79.364163
rank #0: 2018-10-04 22:49:20,430 LBFGS        PARAM    0008       -423.185838          2.573431         -6.779716          4.832273         79.343443
rank #0: 2018-10-04 22:49:21,626 LBFGS        PARAM    0009       -432.969905          2.582737        -14.261762          4.842938         79.332391
rank #0: 2018-10-04 22:49:22,846 LBFGS        PARAM    0010       -439.012103          2.585029        -16.979090          4.825099         79.330177
rank #0: 2018-10-04 22:49:24,043 LBFGS        PARAM    0011       -440.995359          2.584475        -17.929388          4.807059         79.329616
rank #0: 2018-10-04 22:49:25,252 LBFGS        PARAM    0012       -441.437075          2.584567        -17.830994          4.806303         79.329608
rank #0: 2018-10-04 22:49:26,445 LBFGS        PARAM    0013       -441.550716          2.584586        -17.816432          4.805978         79.329607
rank #0: 2018-10-04 22:49:27,636 LBFGS        PARAM    0014       -441.551887          2.584586        -17.816746          4.805973         79.329607
rank #0: 2018-10-04 22:49:28,841 LBFGS        PARAM    0015       -441.551890          2.584586        -17.816781          4.805973         79.329607
rank #0: 2018-10-04 22:49:30,427 LBFGS        PARAM    0016       -441.551890          2.584586        -17.816781          4.805973         79.329607
rank #0: 2018-10-04 22:50:24,006 LBFGS        INFO     Linesearch failed in both LBFGS and gradient directions
rank #0: 2018-10-04 22:50:24,007 LBFGS        PARAM    0016       -441.551890          2.584586        -17.816781          4.805973         79.329607
rank #0: 2018-10-04 22:50:24,008 rsdfit.lbfgs_fitter WARNING  ...LBFGS optimization finished. Time elapsed: 0:01:13.30
rank #0: 2018-10-04 22:50:24,009 rsdfit.lbfgs_fitter ERROR    nonlinear fit with method L-BFGS-B failed: Linesearch failed in both LBFGS and gradient directions
rank #0: 2018-10-04 22:50:24,010 rsdfit.fitting_driver INFO     rank 13 on nid01842     ...fitting complete
rank #0: 2018-10-04 22:50:24,013 rsdfit.fitting_driver INFO     rank 13 on nid01842     Saving the results to `/global/cscratch1/sd/nhand/eBOSS/fits/results/mocks/ezmock/v1.8e-fph/0.005-0.3/basemodel-N-fnl/0.8-2.2/QSO-S-0446-P0+P2-mock-cov-98e9a706c6/2018-10-04_nlopt_16i_chain0__1.npz`
rank #0: 2018-10-04 22:50:24,094 pyRSD.analysis.lbfgs_results INFO     
minimum chi2 = 79.3296072713

Free parameters [ mean ]
_______________
N              : -441.551890459
b1             : 2.58458584096
f_nl           : -17.8167813448
sigma_fog      : 4.80597295628

Constrained parameters [ mean ]
_________________________
b1sigma8       : 0.936223594946
