rank #0: 2018-06-24 13:47:43,072 rsdfit.fitting_driver INFO     rank 19 on nid00565     Calling the 'nlopt' solve function
rank #0: 2018-06-24 13:47:43,073 rsdfit.lbfgs_fitter INFO     running LBFGS for 500 iterations and then stopping
rank #0: 2018-06-24 13:47:43,074 rsdfit.lbfgs_fitter INFO     running LBFGS minimizer with priors
rank #0: 2018-06-24 13:47:43,075 root         INFO     Iter           N          b1        f_nl   sigma_fog   F(X)     
rank #0: 2018-06-24 13:47:43,653 LBFGS        INFO     options = {'factr': 100000.0, 'gtol': 1e-05, 'max_iter': 500, 'test_convergence': False}
rank #0: 2018-06-24 13:47:43,654 LBFGS        PARAM    0000          0.000000          2.000000          0.000000          4.000000        121.148905
rank #0: 2018-06-24 13:47:44,320 LBFGS        PARAM    0001         57.024408          2.143828          1.135044          3.980875         94.824467
rank #0: 2018-06-24 13:47:44,901 LBFGS        PARAM    0002        -38.184559          2.449096          5.822362          4.091622         74.019559
rank #0: 2018-06-24 13:47:45,499 LBFGS        PARAM    0003       -163.124191          2.459826          6.443241          4.213549         68.929868
rank #0: 2018-06-24 13:47:46,096 LBFGS        PARAM    0004       -437.921058          2.535866          9.011356          4.496425         64.954614
rank #0: 2018-06-24 13:47:46,678 LBFGS        PARAM    0005       -420.524462          2.524986          9.138721          4.505353         64.919798
rank #0: 2018-06-24 13:47:47,276 LBFGS        PARAM    0006       -413.293060          2.523420          9.517256          4.522846         64.907987
rank #0: 2018-06-24 13:47:47,873 LBFGS        PARAM    0007       -382.192666          2.520335         12.684655          4.649774         64.862029
rank #0: 2018-06-24 13:47:48,471 LBFGS        PARAM    0008       -379.578012          2.520620         15.487973          4.676990         64.852640
rank #0: 2018-06-24 13:47:49,053 LBFGS        PARAM    0009       -379.643102          2.520030         19.303874          4.688353         64.846502
rank #0: 2018-06-24 13:47:49,650 LBFGS        PARAM    0010       -379.977083          2.518173         22.466765          4.681211         64.842738
rank #0: 2018-06-24 13:47:50,247 LBFGS        PARAM    0011       -378.243109          2.514022         25.797641          4.657282         64.839784
rank #0: 2018-06-24 13:47:50,830 LBFGS        PARAM    0012       -380.098040          2.514214         25.649621          4.652201         64.839680
rank #0: 2018-06-24 13:47:51,429 LBFGS        PARAM    0013       -380.282357          2.514262         25.597596          4.651446         64.839679
rank #0: 2018-06-24 13:47:52,027 LBFGS        PARAM    0014       -380.279362          2.514262         25.591971          4.651438         64.839679
rank #0: 2018-06-24 13:47:52,620 LBFGS        PARAM    0015       -380.278106          2.514262         25.591502          4.651439         64.839679
rank #0: 2018-06-24 13:47:53,208 LBFGS        PARAM    0016       -380.278113          2.514262         25.591502          4.651439         64.839679
rank #0: 2018-06-24 13:48:18,995 LBFGS        INFO     Linesearch failed in both LBFGS and gradient directions
rank #0: 2018-06-24 13:48:18,996 LBFGS        PARAM    0016       -380.278113          2.514262         25.591502          4.651439         64.839679
rank #0: 2018-06-24 13:48:18,997 rsdfit.lbfgs_fitter WARNING  ...LBFGS optimization finished. Time elapsed: 0:00:35.34
rank #0: 2018-06-24 13:48:18,998 rsdfit.lbfgs_fitter ERROR    nonlinear fit with method L-BFGS-B failed: Linesearch failed in both LBFGS and gradient directions
rank #0: 2018-06-24 13:48:18,999 rsdfit.fitting_driver INFO     rank 19 on nid00565     ...fitting complete
rank #0: 2018-06-24 13:48:19,003 rsdfit.fitting_driver INFO     rank 19 on nid00565     Saving the results to `/global/cscratch1/sd/nhand/eBOSS/fits/results/mocks/ezmock/v1.8e-fph/0.005-0.3/basemodel-N-fnl/0.8-2.2/QSO-N-0805-P0+P2-mock-cov-f224d44da7/2018-06-24_nlopt_16i_chain0__1.npz`
rank #0: 2018-06-24 13:48:19,031 pyRSD.analysis.lbfgs_results INFO     
minimum chi2 = 64.8396786603

Free parameters [ mean ]
_______________
N              : -380.278113152
b1             : 2.51426213628
f_nl           : 25.591502277
sigma_fog      : 4.65143922623

Constrained parameters [ mean ]
_________________________
b1sigma8       : 0.910749992729
