rank #0: 2017-11-27 22:10:24,698 rsdfit.fitting_driver INFO     rank 236 on nid00549     Calling the 'nlopt' solve function
rank #0: 2017-11-27 22:10:24,699 rsdfit.lbfgs_fitter INFO     running LBFGS for 500 iterations and then stopping
rank #0: 2017-11-27 22:10:24,699 rsdfit.lbfgs_fitter INFO     running LBFGS minimizer with priors
rank #0: 2017-11-27 22:10:24,699 root         INFO     Iter           N   alpha_par   alpha_perp          b1           f        f_nl    sigma8_z   sigma_fog   F(X)     
rank #0: 2017-11-27 22:10:25,667 LBFGS        INFO     options = {'factr': 100000.0, 'gtol': 1e-05, 'max_iter': 500, 'test_convergence': False}
rank #0: 2017-11-27 22:10:25,668 LBFGS        PARAM    0000          0.000000          1.000000          1.000000          2.000000          0.930924          0.000000          0.397985          4.000000         99.645831
rank #0: 2017-11-27 22:10:26,732 LBFGS        PARAM    0001          0.181201          0.999907          0.999836          2.001633          0.931011          0.014376          0.399132          3.999839         98.783464
rank #0: 2017-11-27 22:10:27,733 LBFGS        PARAM    0002         -6.053412          0.996370          0.994333          2.049186          0.933719          0.592301          0.430899          4.009463         88.896773
rank #0: 2017-11-27 22:10:28,731 LBFGS        PARAM    0003        -11.660695          0.996535          0.995056          2.038543          0.933267          0.556813          0.424425          4.018991         88.272824
rank #0: 2017-11-27 22:10:29,712 LBFGS        PARAM    0004        -17.610389          0.995986          0.994561          2.039070          0.933428          0.645021          0.425055          4.028463         88.179888
rank #0: 2017-11-27 22:10:30,701 LBFGS        PARAM    0005        -92.742824          0.989450          0.988923          2.038794          0.935157          1.698852          0.428728          4.148743         87.476861
rank #0: 2017-11-27 22:10:31,698 LBFGS        PARAM    0006       -165.069844          0.983420          0.983625          2.033166          0.936836          2.708284          0.429533          4.266390         87.037848
rank #0: 2017-11-27 22:10:32,704 LBFGS        PARAM    0007       -206.560872          0.980001          0.973467          2.004081          0.943643          4.352385          0.429601          4.383078         86.666388
rank #0: 2017-11-27 22:10:33,731 LBFGS        PARAM    0008       -205.251485          0.979841          0.969139          1.988711          0.947287          5.037756          0.429713          4.416806         86.603095
rank #0: 2017-11-27 22:10:34,740 LBFGS        PARAM    0009       -195.062958          0.980179          0.965819          1.976414          0.950448          5.570964          0.430283          4.437042         86.562808
rank #0: 2017-11-27 22:10:35,748 LBFGS        PARAM    0010       -167.331584          0.980669          0.958861          1.951026          0.957434          6.768015          0.432284          4.485885         86.485332
rank #0: 2017-11-27 22:10:36,757 LBFGS        PARAM    0011       -103.756587          0.977553          0.951288          1.914912          0.968336          9.084264          0.435706          4.648839         86.326451
rank #0: 2017-11-27 22:10:37,766 LBFGS        PARAM    0012        -48.734289          0.980527          0.950380          1.865662          0.989972         12.834307          0.445909          4.929817         86.146778
rank #0: 2017-11-27 22:10:38,782 LBFGS        PARAM    0013        -26.624789          0.983427          0.955748          1.849678          0.999895         14.475578          0.451394          5.072691         86.087127
rank #0: 2017-11-27 22:10:39,783 LBFGS        PARAM    0014        -18.119804          0.986054          0.960404          1.839910          1.006110         15.482024          0.454888          5.157357         86.065801
rank #0: 2017-11-27 22:10:40,782 LBFGS        PARAM    0015        -17.451432          0.988309          0.965086          1.824076          1.011629         16.863507          0.458633          5.212637         86.048527
rank #0: 2017-11-27 22:10:41,784 LBFGS        PARAM    0016        -27.369976          0.989085          0.967024          1.824904          1.011300         16.918426          0.459085          5.199117         86.045849
rank #0: 2017-11-27 22:10:42,786 LBFGS        PARAM    0017        -30.780143          0.988984          0.967479          1.824266          1.011506         17.182320          0.459281          5.188453         86.044606
rank #0: 2017-11-27 22:10:43,810 LBFGS        PARAM    0018        -38.691651          0.987348          0.969148          1.819934          1.013387         18.860444          0.460098          5.152326         86.039997
rank #0: 2017-11-27 22:10:44,814 LBFGS        PARAM    0019        -45.846298          0.983276          0.972104          1.811107          1.017737         22.515085          0.461486          5.098415         86.033325
rank #0: 2017-11-27 22:10:45,818 LBFGS        PARAM    0020        -46.292393          0.978333          0.975143          1.802126          1.023326         27.325049          0.462670          5.056751         86.027492
rank #0: 2017-11-27 22:10:46,818 LBFGS        PARAM    0021        -40.878534          0.976092          0.976131          1.798440          1.026746         30.525155          0.462941          5.052823         86.025027
rank #0: 2017-11-27 22:10:47,820 LBFGS        PARAM    0022        -36.494952          0.975659          0.976084          1.798556          1.028094         32.291786          0.462668          5.061142         86.024008
rank #0: 2017-11-27 22:10:48,822 LBFGS        PARAM    0023        -33.033634          0.975847          0.975820          1.800622          1.029117         34.430801          0.462050          5.070929         86.022887
rank #0: 2017-11-27 22:10:49,828 LBFGS        PARAM    0024        -29.725184          0.976764          0.975400          1.806222          1.030913         39.161966          0.460627          5.083943         86.020841
rank #0: 2017-11-27 22:10:50,833 LBFGS        PARAM    0025        -31.062238          0.977981          0.975329          1.811630          1.032454         43.711511          0.459418          5.086399         86.019250
rank #0: 2017-11-27 22:10:51,839 LBFGS        PARAM    0026        -34.909174          0.978479          0.975506          1.812727          1.032423         44.622757          0.459266          5.080090         86.018792
rank #0: 2017-11-27 22:10:52,846 LBFGS        PARAM    0027        -36.030551          0.978537          0.975585          1.812445          1.032220         44.276109          0.459393          5.077825         86.018762
rank #0: 2017-11-27 22:10:53,849 LBFGS        PARAM    0028        -36.057645          0.978532          0.975590          1.812383          1.032211         44.233534          0.459411          5.077736         86.018762
rank #0: 2017-11-27 22:10:54,851 LBFGS        PARAM    0029        -36.055688          0.978531          0.975590          1.812377          1.032213         44.234154          0.459412          5.077732         86.018762
rank #0: 2017-11-27 22:10:55,859 LBFGS        PARAM    0030        -36.054711          0.978530          0.975591          1.812376          1.032215         44.235126          0.459412          5.077734         86.018762
rank #0: 2017-11-27 22:10:57,217 LBFGS        PARAM    0031        -36.054711          0.978530          0.975591          1.812376          1.032215         44.235126          0.459412          5.077734         86.018762
rank #0: 2017-11-27 22:10:58,639 LBFGS        PARAM    0032        -36.054710          0.978530          0.975591          1.812376          1.032215         44.235127          0.459412          5.077734         86.018762
rank #0: 2017-11-27 22:11:12,486 LBFGS        PARAM    0033        -36.054710          0.978530          0.975591          1.812376          1.032215         44.235127          0.459412          5.077734         86.018762
rank #0: 2017-11-27 22:11:35,707 LBFGS        INFO     Linesearch failed in both LBFGS and gradient directions
rank #0: 2017-11-27 22:11:35,708 LBFGS        PARAM    0033        -36.054710          0.978530          0.975591          1.812376          1.032215         44.235127          0.459412          5.077734         86.018762
rank #0: 2017-11-27 22:11:35,708 rsdfit.lbfgs_fitter WARNING  ...LBFGS optimization finished. Time elapsed: 0:01:10.04
rank #0: 2017-11-27 22:11:35,708 rsdfit.lbfgs_fitter ERROR    nonlinear fit with method L-BFGS-B failed: Linesearch failed in both LBFGS and gradient directions
rank #0: 2017-11-27 22:11:35,709 rsdfit.fitting_driver INFO     rank 236 on nid00549     ...fitting complete
rank #0: 2017-11-27 22:11:35,712 rsdfit.fitting_driver INFO     rank 236 on nid00549     Saving the results to `/global/cscratch1/sd/nhand/eBOSS/fits/results/mocks/ezmock/v1.8e-fph/0.0001-0.3/basemodel-fs8-alphas-N-fnl/0.8-2.2/QSO-S-0890-P0+P2-mock-cov-73062e8cd4/2017-11-27_nlopt_33i_chain0__1.npz`
rank #0: 2017-11-27 22:11:35,735 pyRSD.analysis.lbfgs_results INFO     
minimum chi2 = 86.0187618224

Free parameters [ mean ]
_______________
N              : -36.0547098703
alpha_par      : 0.978530170423
alpha_perp     : 0.97559053098
b1             : 1.81237557508
f              : 1.0322148049
f_nl           : 44.2351274122
sigma8_z       : 0.459411840259
sigma_fog      : 5.07773371141

Constrained parameters [ mean ]
_________________________
F_AP           : 1.00301318981
alpha          : 0.976569428251
b1sigma8       : 0.832626798188
epsilon        : 0.001003389475
fsigma8        : 0.474211703061
