rank #0: 2018-12-30 16:20:13,086 rsdfit.fitting_driver INFO     rank 21 on nid00553     Calling the 'nlopt' solve function
rank #0: 2018-12-30 16:20:13,087 rsdfit.lbfgs_fitter INFO     running LBFGS for 500 iterations and then stopping
rank #0: 2018-12-30 16:20:13,088 rsdfit.lbfgs_fitter INFO     running LBFGS minimizer with priors
rank #0: 2018-12-30 16:20:13,088 root         INFO     Iter           N          b1        f_nl   sigma_fog   F(X)     
rank #0: 2018-12-30 16:20:13,089 rsdfit.lbfgs_fitter INFO     computing gradient using numerical derivative of lnlike()
rank #0: 2018-12-30 16:20:13,692 LBFGS        INFO     options = {'factr': 100000.0, 'gtol': 1e-05, 'max_iter': 500, 'test_convergence': False}
rank #0: 2018-12-30 16:20:13,693 LBFGS        PARAM    0000          0.000000          2.000000          0.000000          4.000000         93.616929
rank #0: 2018-12-30 16:20:14,387 LBFGS        PARAM    0001         -6.947723          2.057916          0.564212          4.004889         85.112665
rank #0: 2018-12-30 16:20:14,988 LBFGS        PARAM    0002       -133.805407          2.197441          2.881008          4.094757         74.331258
rank #0: 2018-12-30 16:20:17,030 LBFGS        PARAM    0003       -243.988639          2.225330          4.023300          4.179396         71.347487
rank #0: 2018-12-30 16:20:17,641 LBFGS        PARAM    0004       -351.079580          2.233913          5.984989          4.263177         70.172520
rank #0: 2018-12-30 16:20:18,268 LBFGS        PARAM    0005       -351.288299          2.234993          6.592621          4.262303         70.160529
rank #0: 2018-12-30 16:20:18,893 LBFGS        PARAM    0006       -351.750684          2.238697         12.742076          4.252572         70.076291
rank #0: 2018-12-30 16:20:19,496 LBFGS        PARAM    0007       -351.383965          2.239369         25.189841          4.232469         69.943918
rank #0: 2018-12-30 16:20:20,121 LBFGS        PARAM    0008       -348.240413          2.232637         48.465719          4.194260         69.763180
rank #0: 2018-12-30 16:20:20,743 LBFGS        PARAM    0009       -342.572155          2.222399         55.780422          4.183872         69.633960
rank #0: 2018-12-30 16:20:21,344 LBFGS        PARAM    0010       -339.929007          2.212687         56.398640          4.188157         69.578162
rank #0: 2018-12-30 16:20:21,966 LBFGS        PARAM    0011       -340.772241          2.212814         57.802005          4.187175         69.577454
rank #0: 2018-12-30 16:20:22,589 LBFGS        PARAM    0012       -340.133738          2.212915         57.565257          4.190233         69.577199
rank #0: 2018-12-30 16:20:23,205 LBFGS        PARAM    0013       -337.841844          2.212915         57.541769          4.201461         69.576771
rank #0: 2018-12-30 16:20:23,813 LBFGS        PARAM    0014       -337.736400          2.212896         57.608054          4.202040         69.576768
rank #0: 2018-12-30 16:20:24,437 LBFGS        PARAM    0015       -337.736356          2.212897         57.608028          4.202040         69.576768
rank #0: 2018-12-30 16:20:25,058 LBFGS        PARAM    0016       -337.736346          2.212897         57.608033          4.202040         69.576768
rank #0: 2018-12-30 16:20:51,996 LBFGS        INFO     Linesearch failed in both LBFGS and gradient directions
rank #0: 2018-12-30 16:20:51,998 LBFGS        PARAM    0016       -337.736346          2.212897         57.608033          4.202040         69.576768
rank #0: 2018-12-30 16:20:51,999 rsdfit.lbfgs_fitter WARNING  ...LBFGS optimization finished. Time elapsed: 0:00:38.31
rank #0: 2018-12-30 16:20:52,001 rsdfit.lbfgs_fitter ERROR    nonlinear fit with method L-BFGS-B failed: Linesearch failed in both LBFGS and gradient directions
rank #0: 2018-12-30 16:20:52,002 rsdfit.fitting_driver INFO     rank 21 on nid00553     ...fitting complete
rank #0: 2018-12-30 16:20:52,006 rsdfit.fitting_driver INFO     rank 21 on nid00553     Saving the results to `/global/cscratch1/sd/nhand/eBOSS/fits/results/mocks/ezmock/v1.8e-fph/0.0001-0.3/basemodel-N-fnl/0.8-2.2/QSO-N-0958-P0+P2-mock-cov-36c6ea70fd/2018-12-30_nlopt_16i_chain0__1.npz`
rank #0: 2018-12-30 16:20:52,809 pyRSD.analysis.lbfgs_results INFO     
minimum chi2 = 69.5767678202

Free parameters [ mean ]
_______________
N              : -337.736346023
b1             : 2.21289674924
f_nl           : 57.6080334524
sigma_fog      : 4.20204039821

Constrained parameters [ mean ]
_________________________
b1sigma8       : 0.881426008563
