rank #0: 2018-06-03 11:14:27,500 rsdfit.fitting_driver INFO     rank 11 on nid00535     Calling the 'nlopt' solve function
rank #0: 2018-06-03 11:14:27,500 rsdfit.lbfgs_fitter INFO     running LBFGS for 500 iterations and then stopping
rank #0: 2018-06-03 11:14:27,501 rsdfit.lbfgs_fitter INFO     running LBFGS minimizer with priors
rank #0: 2018-06-03 11:14:27,501 root         INFO     Iter           N          b1        f_nl   sigma_fog   F(X)     
rank #0: 2018-06-03 11:14:28,043 LBFGS        INFO     options = {'factr': 100000.0, 'gtol': 1e-05, 'max_iter': 500, 'test_convergence': False}
rank #0: 2018-06-03 11:14:28,044 LBFGS        PARAM    0000          0.000000          2.000000          0.000000          4.000000         99.950039
rank #0: 2018-06-03 11:14:28,660 LBFGS        PARAM    0001         57.350417          2.154867          1.253174          3.957340         83.944793
rank #0: 2018-06-03 11:14:29,214 LBFGS        PARAM    0002        -56.802208          2.490153          6.701610          3.976565         71.735688
rank #0: 2018-06-03 11:14:29,770 LBFGS        PARAM    0003       -179.522083          2.476995          6.733816          4.051683         69.024489
rank #0: 2018-06-03 11:14:30,325 LBFGS        PARAM    0004       -433.237189          2.532042          8.307703          4.173341         67.182222
rank #0: 2018-06-03 11:14:30,882 LBFGS        PARAM    0005       -455.941523          2.539239          8.153764          4.124366         67.124781
rank #0: 2018-06-03 11:14:31,441 LBFGS        PARAM    0006       -521.977976          2.548720          6.580068          3.880254         66.989911
rank #0: 2018-06-03 11:14:31,997 LBFGS        PARAM    0007       -534.457944          2.542568          4.379504          3.763214         66.964465
rank #0: 2018-06-03 11:14:32,553 LBFGS        PARAM    0008       -531.567436          2.542936          3.823381          3.757038         66.963132
rank #0: 2018-06-03 11:14:33,109 LBFGS        PARAM    0009       -530.037698          2.543179          3.217582          3.756031         66.962463
rank #0: 2018-06-03 11:14:33,666 LBFGS        PARAM    0010       -528.280979          2.544305          1.293624          3.756510         66.960740
rank #0: 2018-06-03 11:14:34,222 LBFGS        PARAM    0011       -528.749116          2.547009         -2.445878          3.760406         66.957911
rank #0: 2018-06-03 11:14:34,777 LBFGS        PARAM    0012       -534.016389          2.551328         -7.589374          3.768046         66.954701
rank #0: 2018-06-03 11:14:35,335 LBFGS        PARAM    0013       -538.999814          2.553920        -10.470106          3.773499         66.953756
rank #0: 2018-06-03 11:14:35,891 LBFGS        PARAM    0014       -540.061406          2.554273        -10.798402          3.774416         66.953722
rank #0: 2018-06-03 11:14:36,447 LBFGS        PARAM    0015       -540.142479          2.554234        -10.722091          3.774443         66.953720
rank #0: 2018-06-03 11:14:37,087 LBFGS        PARAM    0016       -540.137138          2.554190        -10.655482          3.774413         66.953720
rank #0: 2018-06-03 11:14:37,641 LBFGS        PARAM    0017       -540.131291          2.554186        -10.650466          3.774407         66.953720
rank #0: 2018-06-03 11:14:38,197 LBFGS        PARAM    0018       -540.130567          2.554186        -10.650215          3.774407         66.953720
rank #0: 2018-06-03 11:14:38,814 LBFGS        PARAM    0019       -540.130566          2.554186        -10.650215          3.774407         66.953720
rank #0: 2018-06-03 11:14:38,816 LBFGS        INFO     LBFGS iteration 19: the descent direction does not have a sufficient projection (cos(theta)=-1.71e-01, theta=99.8459) into the gradient; using steepest descent at this step!
rank #0: 2018-06-03 11:14:39,433 LBFGS        PARAM    0020       -540.130549          2.554186        -10.650216          3.774407         66.953720
rank #0: 2018-06-03 11:15:03,759 LBFGS        INFO     Linesearch failed in both LBFGS and gradient directions
rank #0: 2018-06-03 11:15:03,760 LBFGS        PARAM    0020       -540.130549          2.554186        -10.650216          3.774407         66.953720
rank #0: 2018-06-03 11:15:03,761 rsdfit.lbfgs_fitter WARNING  ...LBFGS optimization finished. Time elapsed: 0:00:35.72
rank #0: 2018-06-03 11:15:03,761 rsdfit.lbfgs_fitter ERROR    nonlinear fit with method L-BFGS-B failed: Linesearch failed in both LBFGS and gradient directions
rank #0: 2018-06-03 11:15:03,762 rsdfit.fitting_driver INFO     rank 11 on nid00535     ...fitting complete
rank #0: 2018-06-03 11:15:03,765 rsdfit.fitting_driver INFO     rank 11 on nid00535     Saving the results to `/global/cscratch1/sd/nhand/eBOSS/fits/results/mocks/ezmock/v1.8e-fph/0.0001-0.3/basemodel-N-fnl/0.8-2.2/QSO-S-0510-P0+P2-mock-cov-f224d44da7/2018-06-03_nlopt_20i_chain0__1.npz`
rank #0: 2018-06-03 11:15:03,787 pyRSD.analysis.lbfgs_results INFO     
minimum chi2 = 66.9537201894

Free parameters [ mean ]
_______________
N              : -540.130548744
b1             : 2.55418575155
f_nl           : -10.6502155332
sigma_fog      : 3.77440680306

Constrained parameters [ mean ]
_________________________
b1sigma8       : 0.925211663927
