rank #0: 2018-10-08 10:10:35,780 rsdfit.fitting_driver INFO     rank 41 on nid00696     Calling the 'nlopt' solve function
rank #0: 2018-10-08 10:10:35,781 rsdfit.lbfgs_fitter INFO     running LBFGS for 500 iterations and then stopping
rank #0: 2018-10-08 10:10:35,781 rsdfit.lbfgs_fitter INFO     running LBFGS minimizer with priors
rank #0: 2018-10-08 10:10:35,782 root         INFO     Iter           N          b1        f_nl   sigma_fog   F(X)     
rank #0: 2018-10-08 10:10:35,782 rsdfit.lbfgs_fitter INFO     computing gradient using numerical derivative of lnlike()
rank #0: 2018-10-08 10:10:36,957 LBFGS        INFO     options = {'factr': 100000.0, 'gtol': 1e-05, 'max_iter': 500, 'test_convergence': False}
rank #0: 2018-10-08 10:10:36,958 LBFGS        PARAM    0000          0.000000          2.000000          0.000000          4.000000        134.598343
rank #0: 2018-10-08 10:10:38,324 LBFGS        PARAM    0001         62.647654          2.184409          1.791558          3.930450        111.944703
rank #0: 2018-10-08 10:10:39,569 LBFGS        PARAM    0002        -95.505285          2.605520         11.753485          3.867456         94.606767
rank #0: 2018-10-08 10:10:40,788 LBFGS        PARAM    0003       -235.979484          2.558308         12.881116          3.928059         89.786364
rank #0: 2018-10-08 10:10:42,026 LBFGS        PARAM    0004       -529.486252          2.604817         19.497738          3.972514         86.372712
rank #0: 2018-10-08 10:10:43,249 LBFGS        PARAM    0005       -661.008759          2.638626         27.716967          3.837365         85.382955
rank #0: 2018-10-08 10:10:44,480 LBFGS        PARAM    0006       -883.633811          2.658013         55.454205          3.244702         83.410479
rank #0: 2018-10-08 10:10:45,719 LBFGS        PARAM    0007       -953.883259          2.617650         83.665704          2.610449         82.436860
rank #0: 2018-10-08 10:10:46,936 LBFGS        PARAM    0008       -846.809552          2.585677         74.665511          2.553796         82.188591
rank #0: 2018-10-08 10:10:48,175 LBFGS        PARAM    0009       -848.413845          2.595417         79.028296          2.583446         82.099301
rank #0: 2018-10-08 10:10:49,393 LBFGS        PARAM    0010       -844.396167          2.593946         81.886802          2.605787         82.076902
rank #0: 2018-10-08 10:10:50,629 LBFGS        PARAM    0011       -818.532925          2.587727         84.504655          2.677981         82.048912
rank #0: 2018-10-08 10:10:51,858 LBFGS        PARAM    0012       -798.559496          2.582624         84.794820          2.728716         82.041664
rank #0: 2018-10-08 10:10:53,085 LBFGS        PARAM    0013       -798.447704          2.582471         84.790937          2.728427         82.041659
rank #0: 2018-10-08 10:10:54,335 LBFGS        PARAM    0014       -798.444970          2.582469         84.788323          2.728361         82.041659
rank #0: 2018-10-08 10:10:55,556 LBFGS        PARAM    0015       -798.446029          2.582470         84.787967          2.728358         82.041659
rank #0: 2018-10-08 10:10:56,922 LBFGS        PARAM    0016       -798.446030          2.582470         84.787963          2.728358         82.041659
rank #0: 2018-10-08 10:10:58,565 LBFGS        PARAM    0017       -798.446031          2.582470         84.787963          2.728358         82.041659
rank #0: 2018-10-08 10:11:51,564 LBFGS        INFO     Linesearch failed in both LBFGS and gradient directions
rank #0: 2018-10-08 10:11:51,565 LBFGS        PARAM    0017       -798.446031          2.582470         84.787963          2.728358         82.041659
rank #0: 2018-10-08 10:11:51,566 rsdfit.lbfgs_fitter WARNING  ...LBFGS optimization finished. Time elapsed: 0:01:14.61
rank #0: 2018-10-08 10:11:51,567 rsdfit.lbfgs_fitter ERROR    nonlinear fit with method L-BFGS-B failed: Linesearch failed in both LBFGS and gradient directions
rank #0: 2018-10-08 10:11:51,568 rsdfit.fitting_driver INFO     rank 41 on nid00696     ...fitting complete
rank #0: 2018-10-08 10:11:51,572 rsdfit.fitting_driver INFO     rank 41 on nid00696     Saving the results to `/global/cscratch1/sd/nhand/eBOSS/fits/results/mocks/ezmock/v1.8e-fph/0.0001-0.3/basemodel-N-fnl/0.8-2.2/QSO-S-0478-P0+P2-mock-cov-98e9a706c6/2018-10-08_nlopt_17i_chain0__1.npz`
rank #0: 2018-10-08 10:11:51,677 pyRSD.analysis.lbfgs_results INFO     
minimum chi2 = 82.0416594132

Free parameters [ mean ]
_______________
N              : -798.446030825
b1             : 2.5824695435
f_nl           : 84.7879629361
sigma_fog      : 2.72835800106

Constrained parameters [ mean ]
_________________________
b1sigma8       : 0.935457001094
