rank #0: 2018-10-04 21:38:13,029 rsdfit.fitting_driver INFO     rank 2 on nid01062     Calling the 'nlopt' solve function
rank #0: 2018-10-04 21:38:13,029 rsdfit.lbfgs_fitter INFO     running LBFGS for 500 iterations and then stopping
rank #0: 2018-10-04 21:38:13,030 rsdfit.lbfgs_fitter INFO     running LBFGS minimizer with priors
rank #0: 2018-10-04 21:38:13,030 root         INFO     Iter           N          b1        f_nl   sigma_fog   F(X)     
rank #0: 2018-10-04 21:38:13,031 rsdfit.lbfgs_fitter INFO     computing gradient using numerical derivative of lnlike()
rank #0: 2018-10-04 21:38:14,188 LBFGS        INFO     options = {'factr': 100000.0, 'gtol': 1e-05, 'max_iter': 500, 'test_convergence': False}
rank #0: 2018-10-04 21:38:14,189 LBFGS        PARAM    0000          0.000000          2.000000          0.000000          4.000000        136.760561
rank #0: 2018-10-04 21:38:15,540 LBFGS        PARAM    0001         44.556340          2.137672          0.935602          3.980443        112.671219
rank #0: 2018-10-04 21:38:16,737 LBFGS        PARAM    0002        -58.337176          2.430760          4.527634          4.106089         92.737605
rank #0: 2018-10-04 21:38:17,960 LBFGS        PARAM    0003       -187.478183          2.450007          4.564471          4.244030         87.665696
rank #0: 2018-10-04 21:38:19,162 LBFGS        PARAM    0004       -443.787703          2.519406          4.153741          4.553425         83.886083
rank #0: 2018-10-04 21:38:20,365 LBFGS        PARAM    0005       -426.413404          2.510902          2.245996          4.586025         83.786288
rank #0: 2018-10-04 21:38:21,583 LBFGS        PARAM    0006       -391.169244          2.506163         -3.361552          4.704242         83.606230
rank #0: 2018-10-04 21:38:22,781 LBFGS        PARAM    0007       -356.400302          2.514312        -12.839520          4.898352         83.424418
rank #0: 2018-10-04 21:38:24,010 LBFGS        PARAM    0008       -361.687061          2.530556        -26.058391          4.962479         83.298699
rank #0: 2018-10-04 21:38:25,214 LBFGS        PARAM    0009       -377.652966          2.544525        -37.906437          4.955926         83.250145
rank #0: 2018-10-04 21:38:26,424 LBFGS        PARAM    0010       -384.014902          2.545715        -39.986111          4.929354         83.245412
rank #0: 2018-10-04 21:38:27,636 LBFGS        PARAM    0011       -386.339360          2.544344        -40.441003          4.909806         83.244196
rank #0: 2018-10-04 21:38:28,829 LBFGS        PARAM    0012       -386.347736          2.544325        -40.379372          4.909399         83.244194
rank #0: 2018-10-04 21:38:30,035 LBFGS        PARAM    0013       -386.378089          2.544329        -40.373335          4.909304         83.244194
rank #0: 2018-10-04 21:38:31,214 LBFGS        PARAM    0014       -386.382426          2.544331        -40.374062          4.909295         83.244194
rank #0: 2018-10-04 21:38:32,414 LBFGS        PARAM    0015       -386.382659          2.544331        -40.374191          4.909295         83.244194
rank #0: 2018-10-04 21:38:33,593 LBFGS        PARAM    0016       -386.382663          2.544331        -40.374195          4.909295         83.244194
rank #0: 2018-10-04 21:38:34,914 LBFGS        PARAM    0017       -386.382664          2.544331        -40.374198          4.909295         83.244194
rank #0: 2018-10-04 21:38:36,126 LBFGS        PARAM    0018       -386.382665          2.544331        -40.374199          4.909295         83.244194
rank #0: 2018-10-04 21:39:28,921 LBFGS        INFO     Linesearch failed in both LBFGS and gradient directions
rank #0: 2018-10-04 21:39:28,922 LBFGS        PARAM    0018       -386.382665          2.544331        -40.374199          4.909295         83.244194
rank #0: 2018-10-04 21:39:28,922 rsdfit.lbfgs_fitter WARNING  ...LBFGS optimization finished. Time elapsed: 0:01:14.73
rank #0: 2018-10-04 21:39:28,923 rsdfit.lbfgs_fitter ERROR    nonlinear fit with method L-BFGS-B failed: Linesearch failed in both LBFGS and gradient directions
rank #0: 2018-10-04 21:39:28,924 rsdfit.fitting_driver INFO     rank 2 on nid01062     ...fitting complete
rank #0: 2018-10-04 21:39:28,926 rsdfit.fitting_driver INFO     rank 2 on nid01062     Saving the results to `/global/cscratch1/sd/nhand/eBOSS/fits/results/mocks/ezmock/v1.8e-fph/0.0001-0.3/basemodel-N-fnl/0.8-2.2/QSO-N-0265-P0+P2-mock-cov-4ae05ce33e/2018-10-04_nlopt_18i_chain0__1.npz`
rank #0: 2018-10-04 21:39:29,029 pyRSD.analysis.lbfgs_results INFO     
minimum chi2 = 83.2441940871

Free parameters [ mean ]
_______________
N              : -386.382664544
b1             : 2.54433107684
f_nl           : -40.3741989218
sigma_fog      : 4.90929517367

Constrained parameters [ mean ]
_________________________
b1sigma8       : 0.921641970538
