rank #0: 2017-11-27 22:10:40,133 rsdfit.fitting_driver INFO     rank 187 on nid00547     Calling the 'nlopt' solve function
rank #0: 2017-11-27 22:10:40,133 rsdfit.lbfgs_fitter INFO     running LBFGS for 500 iterations and then stopping
rank #0: 2017-11-27 22:10:40,134 rsdfit.lbfgs_fitter INFO     running LBFGS minimizer with priors
rank #0: 2017-11-27 22:10:40,134 root         INFO     Iter           N   alpha_par   alpha_perp          b1           f        f_nl    sigma8_z   sigma_fog   F(X)     
rank #0: 2017-11-27 22:10:41,090 LBFGS        INFO     options = {'factr': 100000.0, 'gtol': 1e-05, 'max_iter': 500, 'test_convergence': False}
rank #0: 2017-11-27 22:10:41,091 LBFGS        PARAM    0000          0.000000          1.000000          1.000000          2.000000          0.930924          0.000000          0.397985          4.000000         93.773215
rank #0: 2017-11-27 22:10:42,142 LBFGS        PARAM    0001          0.080661          0.999899          0.999807          2.002150          0.931021          0.017621          0.399452          3.999477         92.363002
rank #0: 2017-11-27 22:10:43,134 LBFGS        PARAM    0002        -17.969299          0.996284          0.993415          2.070229          0.933644          0.768093          0.441402          3.991743         77.042251
rank #0: 2017-11-27 22:10:44,129 LBFGS        PARAM    0003        -24.464973          0.997032          0.995106          2.051806          0.932639          0.641921          0.430026          4.000303         75.302059
rank #0: 2017-11-27 22:10:45,123 LBFGS        PARAM    0004        -33.579280          0.996680          0.994718          2.055343          0.932568          0.744894          0.431723          4.004108         75.116236
rank #0: 2017-11-27 22:10:46,116 LBFGS        PARAM    0005        -65.005570          0.995782          0.993975          2.061102          0.932023          1.042057          0.433637          4.018702         74.796753
rank #0: 2017-11-27 22:10:47,107 LBFGS        PARAM    0006       -148.591942          0.993676          0.992460          2.071256          0.930309          1.791263          0.435539          4.057931         74.177232
rank #0: 2017-11-27 22:10:48,096 LBFGS        PARAM    0007       -293.904332          0.990444          0.990242          2.083980          0.926970          3.077940          0.435601          4.122810         73.348840
rank #0: 2017-11-27 22:10:49,091 LBFGS        PARAM    0008       -424.729747          0.992040          0.988874          2.098411          0.921183          4.905811          0.430765          4.088412         72.703323
rank #0: 2017-11-27 22:10:50,086 LBFGS        PARAM    0009       -449.980904          0.993514          0.988914          2.103263          0.919102          5.498208          0.428745          4.055934         72.637652
rank #0: 2017-11-27 22:10:51,082 LBFGS        PARAM    0010       -457.917169          0.994678          0.989136          2.106984          0.917762          5.865936          0.427769          4.028906         72.607295
rank #0: 2017-11-27 22:10:52,080 LBFGS        PARAM    0011       -483.551957          0.998723          0.990081          2.122271          0.912786          7.240327          0.425029          3.931179         72.511874
rank #0: 2017-11-27 22:10:53,078 LBFGS        PARAM    0012       -520.991989          1.004203          0.991830          2.147955          0.904900          9.420317          0.421778          3.791004         72.382842
rank #0: 2017-11-27 22:10:54,078 LBFGS        PARAM    0013       -592.712561          1.010802          1.000103          2.217581          0.882490         15.442358          0.413875          3.553423         72.059631
rank #0: 2017-11-27 22:10:55,079 LBFGS        PARAM    0014       -709.061754          1.018923          1.014252          2.336053          0.837197         32.569199          0.402904          3.203309         71.544345
rank #0: 2017-11-27 22:10:56,076 LBFGS        PARAM    0015       -768.379882          1.022189          1.025017          2.419777          0.802846         47.348847          0.395570          2.999812         71.344542
rank #0: 2017-11-27 22:10:57,075 LBFGS        PARAM    0016       -757.538033          1.021370          1.026054          2.426773          0.798939         50.041929          0.394798          3.003501         71.315402
rank #0: 2017-11-27 22:10:58,063 LBFGS        PARAM    0017       -720.718637          1.019123          1.024733          2.425629          0.797417         53.994389          0.393904          3.056509         71.261152
rank #0: 2017-11-27 22:10:59,048 LBFGS        PARAM    0018       -675.962682          1.018417          1.017868          2.427163          0.795856         62.380977          0.391135          3.119138         71.170441
rank #0: 2017-11-27 22:11:00,033 LBFGS        PARAM    0019       -610.052642          1.018686          1.005563          2.403172          0.805317         66.758807          0.390633          3.252002         71.105118
rank #0: 2017-11-27 22:11:01,022 LBFGS        PARAM    0020       -617.184800          1.021484          1.002825          2.406900          0.805314         67.999442          0.389613          3.249037         71.093953
rank #0: 2017-11-27 22:11:02,011 LBFGS        PARAM    0021       -615.208250          1.022331          1.002027          2.402225          0.807439         66.800785          0.390237          3.264685         71.091916
rank #0: 2017-11-27 22:11:03,005 LBFGS        PARAM    0022       -616.219884          1.024338          1.002123          2.404882          0.806553         66.783606          0.390211          3.276898         71.088266
rank #0: 2017-11-27 22:11:04,003 LBFGS        PARAM    0023       -615.522654          1.036371          1.002643          2.420258          0.801057         66.596176          0.390035          3.382780         71.074983
rank #0: 2017-11-27 22:11:05,005 LBFGS        PARAM    0024       -614.307699          1.039159          1.001272          2.427026          0.798007         65.606377          0.389190          3.420342         71.071789
rank #0: 2017-11-27 22:11:06,007 LBFGS        PARAM    0025       -609.511830          1.040906          0.999700          2.432717          0.795045         65.119155          0.388422          3.450717         71.069750
rank #0: 2017-11-27 22:11:07,002 LBFGS        PARAM    0026       -603.365807          1.042985          0.997232          2.441954          0.790077         64.228914          0.387183          3.479090         71.066928
rank #0: 2017-11-27 22:11:07,999 LBFGS        PARAM    0027       -595.970731          1.046114          0.993124          2.459062          0.780855         62.430224          0.384905          3.500054         71.062695
rank #0: 2017-11-27 22:11:08,998 LBFGS        PARAM    0028       -592.581428          1.047975          0.990205          2.472943          0.773440         60.930361          0.383037          3.492072         71.060266
rank #0: 2017-11-27 22:11:09,995 LBFGS        PARAM    0029       -593.599499          1.047934          0.989939          2.475511          0.772101         60.639752          0.382699          3.475505         71.059797
rank #0: 2017-11-27 22:11:10,993 LBFGS        PARAM    0030       -594.419133          1.047651          0.990199          2.474642          0.772583         60.699375          0.382804          3.469444         71.059761
rank #0: 2017-11-27 22:11:11,990 LBFGS        PARAM    0031       -594.530241          1.047577          0.990274          2.474245          0.772798         60.726290          0.382851          3.468831         71.059760
rank #0: 2017-11-27 22:11:12,987 LBFGS        PARAM    0032       -594.530551          1.047571          0.990280          2.474196          0.772823         60.729649          0.382857          3.468869         71.059760
rank #0: 2017-11-27 22:11:13,985 LBFGS        PARAM    0033       -594.531302          1.047571          0.990280          2.474197          0.772823         60.729475          0.382856          3.468875         71.059760
rank #0: 2017-11-27 22:11:14,981 LBFGS        PARAM    0034       -594.531080          1.047571          0.990280          2.474197          0.772824         60.729480          0.382856          3.468877         71.059760
rank #0: 2017-11-27 22:11:15,976 LBFGS        PARAM    0035       -594.531144          1.047571          0.990280          2.474198          0.772824         60.729452          0.382856          3.468879         71.059760
rank #0: 2017-11-27 22:11:17,273 LBFGS        PARAM    0036       -594.531136          1.047571          0.990280          2.474198          0.772824         60.729449          0.382856          3.468879         71.059760
rank #0: 2017-11-27 22:11:18,928 LBFGS        PARAM    0037       -594.531134          1.047571          0.990280          2.474198          0.772824         60.729449          0.382856          3.468879         71.059760
rank #0: 2017-11-27 22:11:20,044 LBFGS        PARAM    0038       -594.531122          1.047571          0.990280          2.474200          0.772825         60.729398          0.382856          3.468880         71.059760
rank #0: 2017-11-27 22:11:33,796 LBFGS        PARAM    0039       -594.531118          1.047571          0.990280          2.474200          0.772825         60.729398          0.382856          3.468880         71.059760
rank #0: 2017-11-27 22:11:57,307 LBFGS        INFO     Linesearch failed in both LBFGS and gradient directions
rank #0: 2017-11-27 22:11:57,307 LBFGS        PARAM    0039       -594.531118          1.047571          0.990280          2.474200          0.772825         60.729398          0.382856          3.468880         71.059760
rank #0: 2017-11-27 22:11:57,308 rsdfit.lbfgs_fitter WARNING  ...LBFGS optimization finished. Time elapsed: 0:01:16.22
rank #0: 2017-11-27 22:11:57,308 rsdfit.lbfgs_fitter ERROR    nonlinear fit with method L-BFGS-B failed: Linesearch failed in both LBFGS and gradient directions
rank #0: 2017-11-27 22:11:57,309 rsdfit.fitting_driver INFO     rank 187 on nid00547     ...fitting complete
rank #0: 2017-11-27 22:11:57,312 rsdfit.fitting_driver INFO     rank 187 on nid00547     Saving the results to `/global/cscratch1/sd/nhand/eBOSS/fits/results/mocks/ezmock/v1.8e-fph/0.0001-0.3/basemodel-fs8-alphas-N-fnl/0.8-2.2/QSO-S-0919-P0+P2-mock-cov-73062e8cd4/2017-11-27_nlopt_39i_chain0__1.npz`
rank #0: 2017-11-27 22:11:57,331 pyRSD.analysis.lbfgs_results INFO     
minimum chi2 = 71.059759649

Free parameters [ mean ]
_______________
N              : -594.531117577
alpha_par      : 1.04757129926
alpha_perp     : 0.990279724505
b1             : 2.47419959807
f              : 0.772824852654
f_nl           : 60.7293979627
sigma8_z       : 0.382856041846
sigma_fog      : 3.46888031169

Constrained parameters [ mean ]
_________________________
F_AP           : 1.05785393091
alpha          : 1.00902003255
b1sigma8       : 0.947262264854
epsilon        : 0.0189242570325
fsigma8        : 0.295880664127
