rank #0: 2017-11-27 22:34:35,635 rsdfit.fitting_driver INFO     rank 254 on nid00484     Calling the 'nlopt' solve function
rank #0: 2017-11-27 22:34:35,635 rsdfit.lbfgs_fitter INFO     running LBFGS for 500 iterations and then stopping
rank #0: 2017-11-27 22:34:35,636 rsdfit.lbfgs_fitter INFO     running LBFGS minimizer with priors
rank #0: 2017-11-27 22:34:35,636 root         INFO     Iter           N          b1        f_nl   sigma_fog   F(X)     
rank #0: 2017-11-27 22:34:36,014 LBFGS        INFO     options = {'factr': 100000.0, 'gtol': 1e-05, 'max_iter': 500, 'test_convergence': False}
rank #0: 2017-11-27 22:34:36,014 LBFGS        PARAM    0000          0.000000          2.000000          0.000000          4.000000         46.809783
rank #0: 2017-11-27 22:34:36,430 LBFGS        PARAM    0001         18.255010          2.102196          1.415248          3.992589         39.849097
rank #0: 2017-11-27 22:34:36,804 LBFGS        PARAM    0002         -1.972455          2.325913          6.764244          3.969566         35.055069
rank #0: 2017-11-27 22:34:37,179 LBFGS        PARAM    0003          3.021566          2.277098          5.104670          3.970140         34.728283
rank #0: 2017-11-27 22:34:37,556 LBFGS        PARAM    0004          5.439700          2.282470          5.126389          3.966023         34.721033
rank #0: 2017-11-27 22:34:37,934 LBFGS        PARAM    0005          9.523409          2.283571          4.950473          3.960247         34.718577
rank #0: 2017-11-27 22:34:38,310 LBFGS        PARAM    0006         47.595891          2.288119          3.181644          3.907263         34.701628
rank #0: 2017-11-27 22:34:38,685 LBFGS        PARAM    0007         82.322202          2.288215          1.412708          3.856121         34.682794
rank #0: 2017-11-27 22:34:39,063 LBFGS        PARAM    0008        664.363150          2.277087        -23.736206          3.016744         34.478744
rank #0: 2017-11-27 22:34:39,441 LBFGS        PARAM    0009       1259.773199          2.245764        -28.179867          2.190852         34.281075
rank #0: 2017-11-27 22:34:39,819 LBFGS        PARAM    0010       1263.567575          2.245528        -28.162485          2.186046         34.279689
rank #0: 2017-11-27 22:34:40,198 LBFGS        PARAM    0011       1268.184845          2.245219        -28.129697          2.181583         34.277949
rank #0: 2017-11-27 22:34:40,575 LBFGS        PARAM    0012       1273.422261          2.244859        -28.074041          2.176665         34.275884
rank #0: 2017-11-27 22:34:40,956 LBFGS        PARAM    0013       1279.173567          2.244459        -28.002863          2.171371         34.273573
rank #0: 2017-11-27 22:34:41,334 LBFGS        PARAM    0014       1284.837463          2.244065        -27.929301          2.166248         34.271290
rank #0: 2017-11-27 22:34:41,714 LBFGS        PARAM    0015       1290.463094          2.243675        -27.855385          2.161254         34.269028
rank #0: 2017-11-27 22:34:42,093 LBFGS        PARAM    0016       1296.019789          2.243290        -27.783053          2.156416         34.266807
rank #0: 2017-11-27 22:34:42,468 LBFGS        PARAM    0017       1301.571089          2.242908        -27.711546          2.151679         34.264602
rank #0: 2017-11-27 22:34:42,845 LBFGS        PARAM    0018       1307.142708          2.242525        -27.640336          2.147023         34.262400
rank #0: 2017-11-27 22:34:43,219 LBFGS        PARAM    0019       1312.692472          2.242144        -27.570230          2.142476         34.260219
rank #0: 2017-11-27 22:34:43,595 LBFGS        PARAM    0020       1318.245358          2.241765        -27.500780          2.138017         34.258049
rank #0: 2017-11-27 22:34:43,971 LBFGS        PARAM    0021       1323.816414          2.241385        -27.431612          2.133631         34.255882
rank #0: 2017-11-27 22:34:44,347 LBFGS        PARAM    0022       1329.388118          2.241005        -27.362997          2.129329         34.253725
rank #0: 2017-11-27 22:34:44,725 LBFGS        PARAM    0023       1334.957403          2.240627        -27.294985          2.125109         34.251579
rank #0: 2017-11-27 22:34:45,104 LBFGS        PARAM    0024       1340.539270          2.240249        -27.227243          2.120960         34.249438
rank #0: 2017-11-27 22:34:45,483 LBFGS        PARAM    0025       1346.092998          2.239874        -27.160613          2.116905         34.247319
rank #0: 2017-11-27 22:34:45,861 LBFGS        PARAM    0026       1351.707029          2.239495        -27.093294          2.112883         34.245183
rank #0: 2017-11-27 22:34:46,239 LBFGS        PARAM    0027       1357.290155          2.239119        -27.026903          2.108952         34.243069
rank #0: 2017-11-27 22:34:46,616 LBFGS        PARAM    0028       1362.828485          2.238747        -26.961944          2.105118         34.240983
rank #0: 2017-11-27 22:34:46,994 LBFGS        PARAM    0029       1368.393544          2.238374        -26.897020          2.101333         34.238895
rank #0: 2017-11-27 22:34:47,373 LBFGS        PARAM    0030       1373.993922          2.237998        -26.831746          2.097592         34.236800
rank #0: 2017-11-27 22:34:47,753 LBFGS        PARAM    0031       1379.591613          2.237624        -26.766766          2.093914         34.234713
rank #0: 2017-11-27 22:34:48,131 LBFGS        PARAM    0032       1385.120947          2.237255        -26.703511          2.090334         34.232662
rank #0: 2017-11-27 22:34:48,507 LBFGS        PARAM    0033       1390.653954          2.236887        -26.640739          2.086810         34.230619
rank #0: 2017-11-27 22:34:48,885 LBFGS        PARAM    0034       1396.282581          2.236512        -26.576414          2.083291         34.228542
rank #0: 2017-11-27 22:34:49,265 LBFGS        PARAM    0035       1401.808660          2.236145        -26.514155          2.079880         34.226514
rank #0: 2017-11-27 22:34:49,643 LBFGS        PARAM    0036       1407.348377          2.235778        -26.452151          2.076514         34.224489
rank #0: 2017-11-27 22:34:50,020 LBFGS        PARAM    0037       1412.916386          2.235409        -26.389854          2.073185         34.222457
rank #0: 2017-11-27 22:34:50,398 LBFGS        PARAM    0038       1418.433729          2.235044        -26.328728          2.069930         34.220453
rank #0: 2017-11-27 22:34:50,778 LBFGS        PARAM    0039       1423.986650          2.234677        -26.267276          2.066705         34.218440
rank #0: 2017-11-27 22:34:51,159 LBFGS        PARAM    0040       1429.526010          2.234311        -26.206223          2.063532         34.216439
rank #0: 2017-11-27 22:34:51,539 LBFGS        PARAM    0041       1435.065883          2.233946        -26.145354          2.060403         34.214443
rank #0: 2017-11-27 22:34:51,919 LBFGS        PARAM    0042       1440.539351          2.233586        -26.086015          2.057347         34.212479
rank #0: 2017-11-27 22:34:52,300 LBFGS        PARAM    0043       1446.039713          2.233225        -26.026552          2.054321         34.210512
rank #0: 2017-11-27 22:34:52,681 LBFGS        PARAM    0044       1451.555834          2.232862        -25.966907          2.051329         34.208542
rank #0: 2017-11-27 22:34:53,061 LBFGS        PARAM    0045       1457.046968          2.232502        -25.907858          2.048386         34.206588
rank #0: 2017-11-27 22:34:53,442 LBFGS        PARAM    0046       1462.555181          2.232141        -25.848614          2.045473         34.204631
rank #0: 2017-11-27 22:34:53,822 LBFGS        PARAM    0047       1468.054554          2.231781        -25.789614          2.042600         34.202682
rank #0: 2017-11-27 22:34:54,202 LBFGS        PARAM    0048       1473.481459          2.231426        -25.732197          2.039792         34.200767
rank #0: 2017-11-27 22:34:54,581 LBFGS        PARAM    0049       1478.957517          2.231068        -25.674141          2.036997         34.198838
rank #0: 2017-11-27 22:34:54,961 LBFGS        PARAM    0050       1484.429875          2.230711        -25.616153          2.034237         34.196914
rank #0: 2017-11-27 22:34:55,340 LBFGS        PARAM    0051       1489.848638          2.230358        -25.559272          2.031530         34.195015
rank #0: 2017-11-27 22:34:55,718 LBFGS        PARAM    0052       1495.322112          2.230001        -25.501538          2.028832         34.193099
rank #0: 2017-11-27 22:34:56,097 LBFGS        PARAM    0053       1500.758096          2.229647        -25.444455          2.026177         34.191201
rank #0: 2017-11-27 22:34:56,475 LBFGS        PARAM    0054       1506.148020          2.229296        -25.388403          2.023569         34.189326
rank #0: 2017-11-27 22:34:56,856 LBFGS        PARAM    0055       1511.555600          2.228945        -25.332224          2.020981         34.187448
rank #0: 2017-11-27 22:34:57,239 LBFGS        PARAM    0056       1516.986642          2.228591        -25.275588          2.018411         34.185564
rank #0: 2017-11-27 22:34:57,621 LBFGS        PARAM    0057       1522.362369          2.228242        -25.219959          2.015887         34.183705
rank #0: 2017-11-27 22:34:58,003 LBFGS        PARAM    0058       1527.721622          2.227895        -25.164829          2.013394         34.181856
rank #0: 2017-11-27 22:34:58,382 LBFGS        PARAM    0059       1533.111694          2.227545        -25.109199          2.010914         34.179999
rank #0: 2017-11-27 22:34:58,762 LBFGS        PARAM    0060       1538.486854          2.227197        -25.053766          2.008462         34.178150
rank #0: 2017-11-27 22:34:59,142 LBFGS        PARAM    0061       1543.832183          2.226851        -24.998920          2.006043         34.176315
rank #0: 2017-11-27 22:34:59,523 LBFGS        PARAM    0062       1549.158502          2.226506        -24.944539          2.003652         34.174492
rank #0: 2017-11-27 22:34:59,903 LBFGS        PARAM    0063       1554.525929          2.226158        -24.889366          2.001267         34.172655
rank #0: 2017-11-27 22:35:00,283 LBFGS        PARAM    0064       1559.844537          2.225814        -24.835012          1.998919         34.170840
rank #0: 2017-11-27 22:35:00,663 LBFGS        PARAM    0065       1565.092126          2.225476        -24.782231          1.996613         34.169056
rank #0: 2017-11-27 22:35:01,043 LBFGS        PARAM    0066       1570.441862          2.225130        -24.727612          1.994292         34.167235
rank #0: 2017-11-27 22:35:01,422 LBFGS        PARAM    0067       1575.726478          2.224789        -24.673939          1.992012         34.165441
rank #0: 2017-11-27 22:35:01,801 LBFGS        PARAM    0068       1581.001685          2.224448        -24.620521          1.989751         34.163654
rank #0: 2017-11-27 22:35:02,179 LBFGS        PARAM    0069       1586.277381          2.224108        -24.567055          1.987507         34.161869
rank #0: 2017-11-27 22:35:02,557 LBFGS        PARAM    0070       1591.487169          2.223772        -24.514879          1.985300         34.160112
rank #0: 2017-11-27 22:35:02,936 LBFGS        PARAM    0071       1596.749400          2.223433        -24.461829          1.983093         34.158337
rank #0: 2017-11-27 22:35:03,314 LBFGS        PARAM    0072       1601.980808          2.223096        -24.409161          1.980912         34.156576
rank #0: 2017-11-27 22:35:03,690 LBFGS        PARAM    0073       1607.211657          2.222759        -24.356474          1.978745         34.154818
rank #0: 2017-11-27 22:35:04,069 LBFGS        PARAM    0074       1612.413851          2.222424        -24.304289          1.976600         34.153072
rank #0: 2017-11-27 22:35:04,447 LBFGS        PARAM    0075       1617.620585          2.222089        -24.251994          1.974468         34.151327
rank #0: 2017-11-27 22:35:04,824 LBFGS        PARAM    0076       1622.802063          2.221755        -24.200104          1.972356         34.149594
rank #0: 2017-11-27 22:35:05,203 LBFGS        PARAM    0077       1627.963093          2.221424        -24.148621          1.970264         34.147871
rank #0: 2017-11-27 22:35:05,583 LBFGS        PARAM    0078       1633.118243          2.221092        -24.097267          1.968185         34.146152
rank #0: 2017-11-27 22:35:05,964 LBFGS        PARAM    0079       1638.259618          2.220762        -24.046102          1.966123         34.144440
rank #0: 2017-11-27 22:35:06,345 LBFGS        PARAM    0080       1643.464368          2.220427        -23.993585          1.964055         34.142705
rank #0: 2017-11-27 22:35:06,726 LBFGS        PARAM    0081       1648.552825          2.220100        -23.943123          1.962029         34.141017
rank #0: 2017-11-27 22:35:07,105 LBFGS        PARAM    0082       1653.672400          2.219772        -23.892208          1.960005         34.139319
rank #0: 2017-11-27 22:35:07,484 LBFGS        PARAM    0083       1658.791570          2.219443        -23.841134          1.957992         34.137622
rank #0: 2017-11-27 22:35:07,862 LBFGS        PARAM    0084       1663.862113          2.219117        -23.790924          1.956002         34.135945
rank #0: 2017-11-27 22:35:08,242 LBFGS        PARAM    0085       1668.952600          2.218791        -23.740325          1.954017         34.134263
rank #0: 2017-11-27 22:35:08,622 LBFGS        PARAM    0086       1674.020093          2.218466        -23.690020          1.952047         34.132591
rank #0: 2017-11-27 22:35:09,002 LBFGS        PARAM    0087       1679.065663          2.218142        -23.640105          1.950093         34.130929
rank #0: 2017-11-27 22:35:09,382 LBFGS        PARAM    0088       1684.110943          2.217819        -23.590148          1.948148         34.129269
rank #0: 2017-11-27 22:35:09,760 LBFGS        PARAM    0089       1689.133993          2.217497        -23.540554          1.946217         34.127619
rank #0: 2017-11-27 22:35:10,142 LBFGS        PARAM    0090       1694.162659          2.217174        -23.490741          1.944294         34.125967
rank #0: 2017-11-27 22:35:10,523 LBFGS        PARAM    0091       1699.161934          2.216854        -23.441380          1.942387         34.124329
rank #0: 2017-11-27 22:35:10,901 LBFGS        PARAM    0092       1704.144613          2.216535        -23.392331          1.940491         34.122698
rank #0: 2017-11-27 22:35:11,279 LBFGS        PARAM    0093       1709.160217          2.216213        -23.342496          1.938596         34.121056
rank #0: 2017-11-27 22:35:11,659 LBFGS        PARAM    0094       1714.106953          2.215897        -23.293886          1.936724         34.119441
rank #0: 2017-11-27 22:35:12,040 LBFGS        PARAM    0095       1719.085154          2.215578        -23.244627          1.934852         34.117816
rank #0: 2017-11-27 22:35:12,417 LBFGS        PARAM    0096       1724.059986          2.215259        -23.195175          1.932988         34.116192
rank #0: 2017-11-27 22:35:12,796 LBFGS        PARAM    0097       1728.998583          2.214942        -23.146296          1.931138         34.114583
rank #0: 2017-11-27 22:35:13,175 LBFGS        PARAM    0098       1733.940390          2.214626        -23.097290          1.929293         34.112975
rank #0: 2017-11-27 22:35:13,553 LBFGS        PARAM    0099       1738.831883          2.214313        -23.049254          1.927466         34.111387
rank #0: 2017-11-27 22:35:13,933 LBFGS        PARAM    0100       1743.719890          2.214000        -23.001293          1.925646         34.109801
rank #0: 2017-11-27 22:35:14,314 LBFGS        PARAM    0101       1748.617572          2.213687        -22.953001          1.923831         34.108214
rank #0: 2017-11-27 22:35:14,691 LBFGS        PARAM    0102       1753.490981          2.213375        -22.905038          1.922027         34.106636
rank #0: 2017-11-27 22:35:15,068 LBFGS        PARAM    0103       1758.354036          2.213064        -22.857203          1.920232         34.105063
rank #0: 2017-11-27 22:35:15,446 LBFGS        PARAM    0104       1763.242067          2.212751        -22.808613          1.918437         34.103481
rank #0: 2017-11-27 22:35:15,824 LBFGS        PARAM    0105       1768.037737          2.212446        -22.761703          1.916662         34.101937
rank #0: 2017-11-27 22:35:16,202 LBFGS        PARAM    0106       1772.994709          2.212117        -22.714008          1.914928         34.100315
rank #0: 2017-11-27 22:35:16,580 LBFGS        PARAM    0107       1777.125665          2.211906        -22.668683          1.913086         34.099100
rank #0: 2017-11-27 22:35:16,959 LBFGS        PARAM    0108       1782.374128          2.211652        -22.601760          1.910667         34.097565
rank #0: 2017-11-27 22:35:16,961 LBFGS        INFO     LBFGS iteration 108: the descent direction does not have a sufficient projection (cos(theta)=-1.40e-01, theta=98.0385) into the gradient; using steepest descent at this step!
rank #0: 2017-11-27 22:35:17,338 LBFGS        PARAM    0109       1783.434778          2.191333        -21.884269          1.907615         34.095949
rank #0: 2017-11-27 22:35:17,717 LBFGS        PARAM    0110       1784.253449          2.200779        -21.670392          1.907220         34.079237
rank #0: 2017-11-27 22:35:18,096 LBFGS        PARAM    0111       1785.836737          2.201428        -21.022286          1.905076         34.075396
rank #0: 2017-11-27 22:35:18,475 LBFGS        PARAM    0112       1809.330472          2.201369        -11.364218          1.872507         34.036511
rank #0: 2017-11-27 22:35:18,853 LBFGS        PARAM    0113       1839.272748          2.193574          0.727804          1.830427         34.001476
rank #0: 2017-11-27 22:35:19,230 LBFGS        PARAM    0114       1880.477198          2.177530         13.670245          1.772640         33.969049
rank #0: 2017-11-27 22:35:19,607 LBFGS        PARAM    0115       1895.331094          2.170733         14.895696          1.752305         33.959520
rank #0: 2017-11-27 22:35:19,984 LBFGS        PARAM    0116       1898.958445          2.169328         13.528533          1.747641         33.957483
rank #0: 2017-11-27 22:35:20,363 LBFGS        PARAM    0117       1903.135538          2.169038         12.913804          1.742220         33.956048
rank #0: 2017-11-27 22:35:20,741 LBFGS        PARAM    0118       1941.917441          2.166797         10.596147          1.691406         33.944601
rank #0: 2017-11-27 22:35:21,120 LBFGS        PARAM    0119       2046.261770          2.160843          8.146607          1.554326         33.915751
rank #0: 2017-11-27 22:35:21,498 LBFGS        PARAM    0120       2334.886864          2.144418          6.051354          1.175757         33.838685
rank #0: 2017-11-27 22:35:21,500 LBFGS        INFO     LBFGS iteration 120: the descent direction does not have a sufficient projection (cos(theta)=-8.19e-01, theta=144.9540) into the gradient; using steepest descent at this step!
rank #0: 2017-11-27 22:35:21,879 LBFGS        PARAM    0121       2541.084840          2.154605          6.412868          1.174108         33.813481
rank #0: 2017-11-27 22:35:22,344 LBFGS        PARAM    0122       2645.217998          2.130891          6.126094          1.173275         33.762778
rank #0: 2017-11-27 22:35:22,345 LBFGS        INFO     LBFGS iteration 122: the descent direction does not have a sufficient projection (cos(theta)=-9.50e-01, theta=161.7469) into the gradient; using steepest descent at this step!
rank #0: 2017-11-27 22:35:22,724 LBFGS        PARAM    0123       2820.806208          2.136143          6.405840          1.171870         33.739277
rank #0: 2017-11-27 22:35:23,189 LBFGS        PARAM    0124       2947.948062          2.107712          6.121993          1.170853         33.714257
rank #0: 2017-11-27 22:35:23,191 LBFGS        INFO     LBFGS iteration 124: the descent direction does not have a sufficient projection (cos(theta)=-9.22e-01, theta=157.1763) into the gradient; using steepest descent at this step!
rank #0: 2017-11-27 22:35:23,570 LBFGS        PARAM    0125       3123.601639          2.120384          6.535250          1.169448         33.679671
rank #0: 2017-11-27 22:35:24,033 LBFGS        PARAM    0126       3217.017673          2.101579          6.390508          1.168701         33.643853
rank #0: 2017-11-27 22:35:24,035 LBFGS        INFO     LBFGS iteration 126: the descent direction does not have a sufficient projection (cos(theta)=-9.37e-01, theta=159.5543) into the gradient; using steepest descent at this step!
rank #0: 2017-11-27 22:35:24,413 LBFGS        PARAM    0127       3357.581925          2.104196          6.629633          1.167576         33.625513
rank #0: 2017-11-27 22:35:24,920 LBFGS        PARAM    0128       3434.154119          2.087353          6.517991          1.166964         33.606171
rank #0: 2017-11-27 22:35:24,922 LBFGS        INFO     LBFGS iteration 128: the descent direction does not have a sufficient projection (cos(theta)=-9.47e-01, theta=161.2535) into the gradient; using steepest descent at this step!
rank #0: 2017-11-27 22:35:25,298 LBFGS        PARAM    0129       3570.121300          2.092120          6.791711          1.165876         33.586646
rank #0: 2017-11-27 22:35:25,760 LBFGS        PARAM    0130       3699.132309          2.065350          6.653913          1.164844         33.578637
rank #0: 2017-11-27 22:35:25,762 LBFGS        INFO     LBFGS iteration 130: the descent direction does not have a sufficient projection (cos(theta)=-9.00e-01, theta=154.1995) into the gradient; using steepest descent at this step!
rank #0: 2017-11-27 22:35:26,139 LBFGS        PARAM    0131       3839.152182          2.076529          7.024341          1.163724         33.540416
rank #0: 2017-11-27 22:35:26,602 LBFGS        PARAM    0132       3934.370573          2.059687          6.984975          1.162962         33.522556
rank #0: 2017-11-27 22:35:26,603 LBFGS        INFO     LBFGS iteration 132: the descent direction does not have a sufficient projection (cos(theta)=-9.19e-01, theta=156.8171) into the gradient; using steepest descent at this step!
rank #0: 2017-11-27 22:35:26,980 LBFGS        PARAM    0133       4050.667696          2.063816          7.239221          1.162032         33.506130
rank #0: 2017-11-27 22:35:27,485 LBFGS        PARAM    0134       4118.918691          2.050098          7.206355          1.161486         33.493985
rank #0: 2017-11-27 22:35:27,486 LBFGS        INFO     LBFGS iteration 134: the descent direction does not have a sufficient projection (cos(theta)=-9.30e-01, theta=158.5015) into the gradient; using steepest descent at this step!
rank #0: 2017-11-27 22:35:27,865 LBFGS        PARAM    0135       4227.693462          2.053446          7.444210          1.160616         33.479868
rank #0: 2017-11-27 22:35:28,244 LBFGS        PARAM    0136       4239.507306          2.051055          7.440371          1.160521         33.476081
rank #0: 2017-11-27 22:35:28,246 LBFGS        INFO     LBFGS iteration 136: the descent direction does not have a sufficient projection (cos(theta)=-9.65e-01, theta=164.8715) into the gradient; using steepest descent at this step!
rank #0: 2017-11-27 22:35:28,622 LBFGS        PARAM    0137       4331.916292          2.048210          7.582617          1.159782         33.466547
rank #0: 2017-11-27 22:35:29,000 LBFGS        PARAM    0138       4380.922267          2.035956          7.557955          1.159390         33.457073
rank #0: 2017-11-27 22:35:29,002 LBFGS        INFO     LBFGS iteration 138: the descent direction does not have a sufficient projection (cos(theta)=-5.85e-01, theta=125.8106) into the gradient; using steepest descent at this step!
rank #0: 2017-11-27 22:35:29,378 LBFGS        PARAM    0139       4480.720811          2.038651          7.779263          1.158592         33.445360
rank #0: 2017-11-27 22:35:29,757 LBFGS        PARAM    0140       4491.584759          2.036446          7.778188          1.158505         33.442264
rank #0: 2017-11-27 22:35:29,758 LBFGS        INFO     LBFGS iteration 140: the descent direction does not have a sufficient projection (cos(theta)=-9.64e-01, theta=164.6783) into the gradient; using steepest descent at this step!
rank #0: 2017-11-27 22:35:30,135 LBFGS        PARAM    0141       4578.078100          2.034117          7.924128          1.157813         33.434657
rank #0: 2017-11-27 22:35:30,513 LBFGS        PARAM    0142       4616.637722          2.024636          7.913071          1.157504         33.425984
rank #0: 2017-11-27 22:35:30,515 LBFGS        INFO     LBFGS iteration 142: the descent direction does not have a sufficient projection (cos(theta)=-8.20e-01, theta=145.1078) into the gradient; using steepest descent at this step!
rank #0: 2017-11-27 22:35:30,892 LBFGS        PARAM    0143       4706.947892          2.025766          8.105739          1.156782         33.417905
rank #0: 2017-11-27 22:35:31,271 LBFGS        PARAM    0144       4719.707816          2.023053          8.105866          1.156680         33.414474
rank #0: 2017-11-27 22:35:31,273 LBFGS        INFO     LBFGS iteration 144: the descent direction does not have a sufficient projection (cos(theta)=-9.73e-01, theta=166.5401) into the gradient; using steepest descent at this step!
rank #0: 2017-11-27 22:35:31,651 LBFGS        PARAM    0145       4801.438923          2.021209          8.254443          1.156026         33.408384
rank #0: 2017-11-27 22:35:32,028 LBFGS        PARAM    0146       4831.741089          2.013896          8.251869          1.155783         33.401100
rank #0: 2017-11-27 22:35:32,030 LBFGS        INFO     LBFGS iteration 146: the descent direction does not have a sufficient projection (cos(theta)=-9.50e-01, theta=161.8124) into the gradient; using steepest descent at this step!
rank #0: 2017-11-27 22:35:32,405 LBFGS        PARAM    0147       4914.730107          2.013988          8.424692          1.155120         33.395185
rank #0: 2017-11-27 22:35:32,781 LBFGS        PARAM    0148       4929.624634          2.010701          8.426484          1.155000         33.391383
rank #0: 2017-11-27 22:35:32,783 LBFGS        INFO     LBFGS iteration 148: the descent direction does not have a sufficient projection (cos(theta)=-9.84e-01, theta=169.6750) into the gradient; using steepest descent at this step!
rank #0: 2017-11-27 22:35:33,158 LBFGS        PARAM    0149       4929.741109          2.010698          8.426708          1.155000         33.391374
rank #0: 2017-11-27 22:35:33,534 LBFGS        PARAM    0150       4956.574178          2.004556          8.428127          1.154784         33.388983
rank #0: 2017-11-27 22:35:33,536 LBFGS        INFO     LBFGS iteration 150: the descent direction does not have a sufficient projection (cos(theta)=-9.97e-01, theta=175.7315) into the gradient; using steepest descent at this step!
rank #0: 2017-11-27 22:35:33,913 LBFGS        PARAM    0151       4956.714037          2.004558          8.428446          1.154783         33.388966
rank #0: 2017-11-27 22:35:34,668 LBFGS        PARAM    0152       4956.723533          2.004557          8.428456          1.154783         33.388966
rank #0: 2017-11-27 22:35:34,670 LBFGS        INFO     LBFGS iteration 152: the descent direction does not have a sufficient projection (cos(theta)=-2.96e-02, theta=91.6987) into the gradient; using steepest descent at this step!
rank #0: 2017-11-27 22:35:35,044 LBFGS        PARAM    0153       4956.904835          2.004560          8.428833          1.154782         33.388946
rank #0: 2017-11-27 22:35:35,420 LBFGS        PARAM    0154       4958.790297          2.004624          8.437023          1.154753         33.388719
rank #0: 2017-11-27 22:35:36,090 LBFGS        PARAM    0155       4958.816259          2.004620          8.437104          1.154752         33.388718
rank #0: 2017-11-27 22:35:36,092 LBFGS        INFO     LBFGS iteration 155: the descent direction does not have a sufficient projection (cos(theta)=-3.77e-02, theta=92.1587) into the gradient; using steepest descent at this step!
rank #0: 2017-11-27 22:35:36,467 LBFGS        PARAM    0156       4959.223070          2.004625          8.437733          1.154750         33.388684
rank #0: 2017-11-27 22:35:36,838 LBFGS        PARAM    0157       4960.089714          2.004649          8.441034          1.154738         33.388604
rank #0: 2017-11-27 22:35:37,462 LBFGS        PARAM    0158       4960.131671          2.004643          8.441154          1.154738         33.388603
rank #0: 2017-11-27 22:35:37,463 LBFGS        INFO     LBFGS iteration 158: the descent direction does not have a sufficient projection (cos(theta)=-6.87e-02, theta=93.9416) into the gradient; using steepest descent at this step!
rank #0: 2017-11-27 22:35:37,834 LBFGS        PARAM    0159       4960.921535          2.004649          8.442110          1.154734         33.388557
rank #0: 2017-11-27 22:35:38,205 LBFGS        PARAM    0160       4961.822554          2.004671          8.445236          1.154723         33.388503
rank #0: 2017-11-27 22:35:38,828 LBFGS        PARAM    0161       4961.853520          2.004667          8.445327          1.154723         33.388502
rank #0: 2017-11-27 22:35:38,830 LBFGS        INFO     LBFGS iteration 161: the descent direction does not have a sufficient projection (cos(theta)=-8.31e-02, theta=94.7645) into the gradient; using steepest descent at this step!
rank #0: 2017-11-27 22:35:39,202 LBFGS        PARAM    0162       4962.539783          2.004673          8.446195          1.154720         33.388484
rank #0: 2017-11-27 22:35:39,576 LBFGS        PARAM    0163       4963.405827          2.004693          8.449247          1.154709         33.388464
rank #0: 2017-11-27 22:35:40,157 LBFGS        PARAM    0164       4963.448554          2.004688          8.449391          1.154708         33.388463
rank #0: 2017-11-27 22:35:40,159 LBFGS        INFO     LBFGS iteration 164: the descent direction does not have a sufficient projection (cos(theta)=-1.57e-01, theta=99.0447) into the gradient; using steepest descent at this step!
rank #0: 2017-11-27 22:35:40,948 LBFGS        PARAM    0165       4963.485951          2.004688          8.449427          1.154708         33.388462
rank #0: 2017-11-27 22:35:40,949 LBFGS        INFO     LBFGS iteration 165: the descent direction does not have a sufficient projection (cos(theta)=-1.00e+00, theta=179.1651) into the gradient; using steepest descent at this step!
rank #0: 2017-11-27 22:35:41,737 LBFGS        PARAM    0166       4963.534080          2.004688          8.449462          1.154708         33.388461
rank #0: 2017-11-27 22:35:41,739 LBFGS        INFO     LBFGS iteration 166: the descent direction does not have a sufficient projection (cos(theta)=-1.00e+00, theta=179.3645) into the gradient; using steepest descent at this step!
rank #0: 2017-11-27 22:35:50,231 LBFGS        INFO     Linesearch failed in both LBFGS and gradient directions
rank #0: 2017-11-27 22:35:50,231 LBFGS        PARAM    0166       4963.534080          2.004688          8.449462          1.154708         33.388461
rank #0: 2017-11-27 22:35:50,231 rsdfit.lbfgs_fitter WARNING  ...LBFGS optimization finished. Time elapsed: 0:01:14.22
rank #0: 2017-11-27 22:35:50,231 rsdfit.lbfgs_fitter ERROR    nonlinear fit with method L-BFGS-B failed: Linesearch failed in both LBFGS and gradient directions
rank #0: 2017-11-27 22:35:50,232 rsdfit.fitting_driver INFO     rank 254 on nid00484     ...fitting complete
rank #0: 2017-11-27 22:35:50,234 rsdfit.fitting_driver INFO     rank 254 on nid00484     Saving the results to `/global/cscratch1/sd/nhand/eBOSS/fits/results/mocks/ezmock/v1.8e-fph/0.0001-0.05/basemodel-N-fnl/0.8-2.2/QSO-N-0828-P0+P2-mock-cov-a9f629560d/2017-11-27_nlopt_166i_chain0__1.npz`
rank #0: 2017-11-27 22:35:50,252 pyRSD.analysis.lbfgs_results INFO     
minimum chi2 = 33.3884607119

Free parameters [ mean ]
_______________
N              : 4963.53408013
b1             : 2.00468842762
f_nl           : 8.44946244403
sigma_fog      : 1.15470776922

Constrained parameters [ mean ]
_________________________
b1sigma8       : 0.798007012644
