rank #0: 2018-10-08 10:19:23,230 rsdfit.fitting_driver INFO     rank 48 on nid00694     Calling the 'nlopt' solve function
rank #0: 2018-10-08 10:19:23,231 rsdfit.lbfgs_fitter INFO     running LBFGS for 500 iterations and then stopping
rank #0: 2018-10-08 10:19:23,232 rsdfit.lbfgs_fitter INFO     running LBFGS minimizer with priors
rank #0: 2018-10-08 10:19:23,233 root         INFO     Iter           N          b1        f_nl   sigma_fog   F(X)     
rank #0: 2018-10-08 10:19:23,233 rsdfit.lbfgs_fitter INFO     computing gradient using numerical derivative of lnlike()
rank #0: 2018-10-08 10:19:24,430 LBFGS        INFO     options = {'factr': 100000.0, 'gtol': 1e-05, 'max_iter': 500, 'test_convergence': False}
rank #0: 2018-10-08 10:19:24,431 LBFGS        PARAM    0000          0.000000          2.000000          0.000000          4.000000        134.601334
rank #0: 2018-10-08 10:19:25,797 LBFGS        PARAM    0001         44.713497          2.145328          1.267289          3.966103        108.198640
rank #0: 2018-10-08 10:19:27,029 LBFGS        PARAM    0002        -76.956233          2.467817          7.345804          4.039094         85.765426
rank #0: 2018-10-08 10:19:28,281 LBFGS        PARAM    0003       -217.046421          2.477616          8.702196          4.149664         79.998406
rank #0: 2018-10-08 10:19:29,510 LBFGS        PARAM    0004       -506.272055          2.549819         13.643598          4.366206         75.937961
rank #0: 2018-10-08 10:19:30,752 LBFGS        PARAM    0005       -494.392304          2.536768         15.679030          4.343494         75.847814
rank #0: 2018-10-08 10:19:31,984 LBFGS        PARAM    0006       -483.789035          2.522597         21.629807          4.300075         75.707469
rank #0: 2018-10-08 10:19:33,209 LBFGS        PARAM    0007       -468.587340          2.486450         46.653175          4.151571         75.316947
rank #0: 2018-10-08 10:19:34,457 LBFGS        PARAM    0008       -474.708691          2.477071         65.580262          4.074366         75.075570
rank #0: 2018-10-08 10:19:35,683 LBFGS        PARAM    0009       -484.203947          2.493766         69.544520          4.142403         74.904505
rank #0: 2018-10-08 10:19:36,912 LBFGS        PARAM    0010       -488.958773          2.503191         66.060760          4.193478         74.888364
rank #0: 2018-10-08 10:19:38,166 LBFGS        PARAM    0011       -487.360522          2.502004         67.225291          4.196450         74.886681
rank #0: 2018-10-08 10:19:39,401 LBFGS        PARAM    0012       -481.764380          2.500973         67.596820          4.215391         74.885110
rank #0: 2018-10-08 10:19:40,654 LBFGS        PARAM    0013       -480.274317          2.500916         67.528772          4.221516         74.885021
rank #0: 2018-10-08 10:19:41,891 LBFGS        PARAM    0014       -480.259273          2.500934         67.510530          4.221652         74.885021
rank #0: 2018-10-08 10:19:43,127 LBFGS        PARAM    0015       -480.260026          2.500935         67.509957          4.221652         74.885021
rank #0: 2018-10-08 10:19:44,381 LBFGS        PARAM    0016       -480.260038          2.500935         67.509954          4.221652         74.885021
rank #0: 2018-10-08 10:20:38,742 LBFGS        INFO     Linesearch failed in both LBFGS and gradient directions
rank #0: 2018-10-08 10:20:38,744 LBFGS        PARAM    0016       -480.260038          2.500935         67.509954          4.221652         74.885021
rank #0: 2018-10-08 10:20:38,745 rsdfit.lbfgs_fitter WARNING  ...LBFGS optimization finished. Time elapsed: 0:01:14.32
rank #0: 2018-10-08 10:20:38,746 rsdfit.lbfgs_fitter ERROR    nonlinear fit with method L-BFGS-B failed: Linesearch failed in both LBFGS and gradient directions
rank #0: 2018-10-08 10:20:38,748 rsdfit.fitting_driver INFO     rank 48 on nid00694     ...fitting complete
rank #0: 2018-10-08 10:20:38,752 rsdfit.fitting_driver INFO     rank 48 on nid00694     Saving the results to `/global/cscratch1/sd/nhand/eBOSS/fits/results/mocks/ezmock/v1.8e-fph/0.0001-0.3/basemodel-N-fnl/0.8-2.2/QSO-N-0832-P0+P2-mock-cov-4ae05ce33e/2018-10-08_nlopt_16i_chain0__1.npz`
rank #0: 2018-10-08 10:20:38,814 pyRSD.analysis.lbfgs_results INFO     
minimum chi2 = 74.8850206107

Free parameters [ mean ]
_______________
N              : -480.260037687
b1             : 2.50093498184
f_nl           : 67.5099544026
sigma_fog      : 4.22165177745

Constrained parameters [ mean ]
_________________________
b1sigma8       : 0.905922450829
