rank #0: 2018-07-16 19:42:33,288 rsdfit.fitting_driver INFO     rank 44 on nid00619     Calling the 'nlopt' solve function
rank #0: 2018-07-16 19:42:33,289 rsdfit.lbfgs_fitter INFO     running LBFGS for 500 iterations and then stopping
rank #0: 2018-07-16 19:42:33,289 rsdfit.lbfgs_fitter INFO     running LBFGS minimizer with priors
rank #0: 2018-07-16 19:42:33,290 root         INFO     Iter           N          b1        f_nl   sigma_fog   F(X)     
rank #0: 2018-07-16 19:42:33,861 LBFGS        INFO     options = {'factr': 100000.0, 'gtol': 1e-05, 'max_iter': 500, 'test_convergence': False}
rank #0: 2018-07-16 19:42:33,862 LBFGS        PARAM    0000          0.000000          2.000000          0.000000          4.000000         96.236002
rank #0: 2018-07-16 19:42:34,525 LBFGS        PARAM    0001          2.373339          2.053145          1.034702          3.994714         87.899305
rank #0: 2018-07-16 19:42:35,121 LBFGS        PARAM    0002        -88.117743          2.187609          4.626018          4.036580         77.907057
rank #0: 2018-07-16 19:42:35,701 LBFGS        PARAM    0003       -172.481645          2.209034          5.732704          4.084970         75.597985
rank #0: 2018-07-16 19:42:36,298 LBFGS        PARAM    0004       -311.103025          2.227179          7.238251          4.132489         74.052321
rank #0: 2018-07-16 19:42:36,895 LBFGS        PARAM    0005       -315.231215          2.228256          7.403144          4.115202         74.031049
rank #0: 2018-07-16 19:42:37,490 LBFGS        PARAM    0006       -345.964731          2.229670          8.699171          3.956473         73.931310
rank #0: 2018-07-16 19:42:38,086 LBFGS        PARAM    0007       -349.151953          2.226799          9.434470          3.927028         73.923386
rank #0: 2018-07-16 19:42:38,696 LBFGS        PARAM    0008       -349.206607          2.225707          9.798140          3.921657         73.922447
rank #0: 2018-07-16 19:42:39,295 LBFGS        PARAM    0009       -348.928172          2.224880         10.252935          3.919054         73.921633
rank #0: 2018-07-16 19:42:39,870 LBFGS        PARAM    0010       -347.925062          2.223202         11.601414          3.915776         73.919618
rank #0: 2018-07-16 19:42:40,457 LBFGS        PARAM    0011       -346.504463          2.221887         13.336299          3.916092         73.917462
rank #0: 2018-07-16 19:42:41,036 LBFGS        PARAM    0012       -345.722131          2.222120         14.314606          3.920690         73.916307
rank #0: 2018-07-16 19:42:41,612 LBFGS        PARAM    0013       -345.425966          2.222307         14.279299          3.922958         73.916273
rank #0: 2018-07-16 19:42:42,174 LBFGS        PARAM    0014       -345.420091          2.222348         14.246450          3.923187         73.916272
rank #0: 2018-07-16 19:42:42,861 LBFGS        PARAM    0015       -345.424840          2.222352         14.242911          3.923182         73.916272
rank #0: 2018-07-16 19:42:43,441 LBFGS        PARAM    0016       -345.425246          2.222352         14.242815          3.923180         73.916272
rank #0: 2018-07-16 19:43:09,306 LBFGS        INFO     Linesearch failed in both LBFGS and gradient directions
rank #0: 2018-07-16 19:43:09,307 LBFGS        PARAM    0016       -345.425246          2.222352         14.242815          3.923180         73.916272
rank #0: 2018-07-16 19:43:09,307 rsdfit.lbfgs_fitter WARNING  ...LBFGS optimization finished. Time elapsed: 0:00:35.45
rank #0: 2018-07-16 19:43:09,308 rsdfit.lbfgs_fitter ERROR    nonlinear fit with method L-BFGS-B failed: Linesearch failed in both LBFGS and gradient directions
rank #0: 2018-07-16 19:43:09,308 rsdfit.fitting_driver INFO     rank 44 on nid00619     ...fitting complete
rank #0: 2018-07-16 19:43:09,312 rsdfit.fitting_driver INFO     rank 44 on nid00619     Saving the results to `/global/cscratch1/sd/nhand/eBOSS/fits/results/mocks/ezmock/v1.8e-fph/0.005-0.3/basemodel-N-fnl/0.8-2.2/QSO-N-0065-P0+P2-mock-cov-8973e9cf3e/2018-07-16_nlopt_16i_chain0__1.npz`
rank #0: 2018-07-16 19:43:09,340 pyRSD.analysis.lbfgs_results INFO     
minimum chi2 = 73.9162722554

Free parameters [ mean ]
_______________
N              : -345.425246082
b1             : 2.22235183116
f_nl           : 14.2428151262
sigma_fog      : 3.92318014775

Constrained parameters [ mean ]
_________________________
b1sigma8       : 0.885192092598
