rank #0: 2019-02-16 13:55:26,545 rsdfit.fitting_driver INFO     rank 18 on nid00678     Calling the 'nlopt' solve function
rank #0: 2019-02-16 13:55:26,546 rsdfit.lbfgs_fitter INFO     running LBFGS for 500 iterations and then stopping
rank #0: 2019-02-16 13:55:26,546 rsdfit.lbfgs_fitter INFO     running LBFGS minimizer with priors
rank #0: 2019-02-16 13:55:26,546 root         INFO     Iter           N          b1        f_nl   sigma_fog   F(X)     
rank #0: 2019-02-16 13:55:26,547 rsdfit.lbfgs_fitter INFO     computing gradient using numerical derivative of lnlike()
rank #0: 2019-02-16 13:55:27,650 LBFGS        INFO     options = {'factr': 100000.0, 'gtol': 1e-05, 'max_iter': 500, 'test_convergence': False}
rank #0: 2019-02-16 13:55:27,651 LBFGS        PARAM    0000          0.000000          2.000000          0.000000          4.000000        106.101027
rank #0: 2019-02-16 13:55:28,907 LBFGS        PARAM    0001         98.496035          2.123484          2.268918          3.908935         85.626560
rank #0: 2019-02-16 13:55:30,038 LBFGS        PARAM    0002         98.325693          2.332000          7.923604          3.723387         75.089757
rank #0: 2019-02-16 13:55:31,167 LBFGS        PARAM    0003         83.655002          2.309319          8.588880          3.687836         74.689049
rank #0: 2019-02-16 13:55:32,297 LBFGS        PARAM    0004         50.687417          2.295731         11.113823          3.579212         74.189431
rank #0: 2019-02-16 13:55:33,429 LBFGS        PARAM    0005       -109.899392          2.265392         24.563125          3.020531         72.828028
rank #0: 2019-02-16 13:55:34,560 LBFGS        PARAM    0006       -179.828672          2.272945         32.956494          2.698658         71.945925
rank #0: 2019-02-16 13:55:35,690 LBFGS        PARAM    0007       -262.016208          2.309034         49.268244          2.283624         71.063857
rank #0: 2019-02-16 13:55:36,820 LBFGS        PARAM    0008       -262.057246          2.307897         49.258287          2.298305         71.058905
rank #0: 2019-02-16 13:55:37,950 LBFGS        PARAM    0009       -262.772568          2.307242         49.931172          2.327525         71.051658
rank #0: 2019-02-16 13:55:39,081 LBFGS        PARAM    0010       -262.902565          2.307315         51.291821          2.350109         71.046021
rank #0: 2019-02-16 13:55:40,211 LBFGS        PARAM    0011       -254.879215          2.304616         53.789396          2.370113         71.038200
rank #0: 2019-02-16 13:55:41,342 LBFGS        PARAM    0012       -247.937418          2.300914         56.660050          2.359201         71.033871
rank #0: 2019-02-16 13:55:42,474 LBFGS        PARAM    0013       -246.556560          2.300185         56.749320          2.355675         71.033732
rank #0: 2019-02-16 13:55:43,604 LBFGS        PARAM    0014       -246.930322          2.300184         56.748615          2.353644         71.033726
rank #0: 2019-02-16 13:55:44,731 LBFGS        PARAM    0015       -246.926557          2.300188         56.738542          2.353698         71.033726
rank #0: 2019-02-16 13:55:45,858 LBFGS        PARAM    0016       -246.927763          2.300189         56.739546          2.353694         71.033726
rank #0: 2019-02-16 13:55:46,984 LBFGS        PARAM    0017       -246.927646          2.300189         56.739483          2.353694         71.033726
rank #0: 2019-02-16 13:55:48,115 LBFGS        PARAM    0018       -246.927625          2.300190         56.739459          2.353694         71.033726
rank #0: 2019-02-16 13:56:38,089 LBFGS        INFO     Linesearch failed in both LBFGS and gradient directions
rank #0: 2019-02-16 13:56:38,089 LBFGS        PARAM    0018       -246.927625          2.300190         56.739459          2.353694         71.033726
rank #0: 2019-02-16 13:56:38,090 rsdfit.lbfgs_fitter WARNING  ...LBFGS optimization finished. Time elapsed: 0:01:10.44
rank #0: 2019-02-16 13:56:38,090 rsdfit.lbfgs_fitter ERROR    nonlinear fit with method L-BFGS-B failed: Linesearch failed in both LBFGS and gradient directions
rank #0: 2019-02-16 13:56:38,091 rsdfit.fitting_driver INFO     rank 18 on nid00678     ...fitting complete
rank #0: 2019-02-16 13:56:38,130 rsdfit.fitting_driver INFO     rank 18 on nid00678     Saving the results to `/global/cscratch1/sd/nhand/eBOSS/fits/results/mocks/ezmock/v1.8e-fph/0.005-0.3/basemodel-N-fnl/0.8-2.2/QSO-S-0118-P0+P2-mock-cov-26d5de4060/2019-02-16_nlopt_18i_chain0__1.npz`
rank #0: 2019-02-16 13:56:39,282 pyRSD.analysis.lbfgs_results INFO     
minimum chi2 = 71.03372590194313

Free parameters [ mean ]
_______________
N              : -246.927624931009
b1             : 2.3001895211463217
f_nl           : 56.73945877114878
sigma_fog      : 2.353693520490042

Constrained parameters [ mean ]
_________________________
b1sigma8       : 0.8623072582207246
