rank #0: 2019-02-16 12:48:06,424 rsdfit.fitting_driver INFO     rank 7 on nid01064     Calling the 'nlopt' solve function
rank #0: 2019-02-16 12:48:06,425 rsdfit.lbfgs_fitter INFO     running LBFGS for 500 iterations and then stopping
rank #0: 2019-02-16 12:48:06,426 rsdfit.lbfgs_fitter INFO     running LBFGS minimizer with priors
rank #0: 2019-02-16 12:48:06,426 root         INFO     Iter           N          b1        f_nl   sigma_fog   F(X)     
rank #0: 2019-02-16 12:48:06,427 rsdfit.lbfgs_fitter INFO     computing gradient using numerical derivative of lnlike()
rank #0: 2019-02-16 12:48:06,993 LBFGS        INFO     options = {'factr': 100000.0, 'gtol': 1e-05, 'max_iter': 500, 'test_convergence': False}
rank #0: 2019-02-16 12:48:06,995 LBFGS        PARAM    0000          0.000000          2.000000          0.000000          4.000000         87.528569
rank #0: 2019-02-16 12:48:07,642 LBFGS        PARAM    0001          1.468465          2.049146          0.866796          3.991582         80.313987
rank #0: 2019-02-16 12:48:08,221 LBFGS        PARAM    0002        -83.843544          2.172459          3.632096          4.011894         71.740025
rank #0: 2019-02-16 12:48:08,799 LBFGS        PARAM    0003       -163.311323          2.192724          4.262013          4.044164         69.789785
rank #0: 2019-02-16 12:48:09,378 LBFGS        PARAM    0004       -301.334074          2.210753          4.111718          4.049691         68.365300
rank #0: 2019-02-16 12:48:10,149 LBFGS        PARAM    0005       -311.239944          2.212651          3.698794          4.021454         68.310872
rank #0: 2019-02-16 12:48:10,721 LBFGS        PARAM    0006       -368.781225          2.217404         -1.007272          3.753023         68.050657
rank #0: 2019-02-16 12:48:11,295 LBFGS        PARAM    0007       -366.914582          2.217251         -3.514251          3.731319         68.037090
rank #0: 2019-02-16 12:48:11,867 LBFGS        PARAM    0008       -365.589058          2.217990         -5.205588          3.729755         68.033960
rank #0: 2019-02-16 12:48:12,441 LBFGS        PARAM    0009       -365.679092          2.219178         -6.637116          3.735034         68.032210
rank #0: 2019-02-16 12:48:13,015 LBFGS        PARAM    0010       -367.387171          2.220701         -7.563421          3.744275         68.031362
rank #0: 2019-02-16 12:48:13,593 LBFGS        PARAM    0011       -367.045799          2.220598         -7.552447          3.745001         68.031356
rank #0: 2019-02-16 12:48:14,174 LBFGS        PARAM    0012       -367.025195          2.220600         -7.554082          3.745053         68.031356
rank #0: 2019-02-16 12:48:14,753 LBFGS        PARAM    0013       -367.025686          2.220600         -7.554547          3.745052         68.031356
rank #0: 2019-02-16 12:48:15,328 LBFGS        PARAM    0014       -367.025770          2.220600         -7.554617          3.745052         68.031356
rank #0: 2019-02-16 12:48:15,905 LBFGS        PARAM    0015       -367.025766          2.220600         -7.554616          3.745052         68.031356
rank #0: 2019-02-16 12:48:16,549 LBFGS        PARAM    0016       -367.025766          2.220600         -7.554615          3.745052         68.031356
rank #0: 2019-02-16 12:48:41,510 LBFGS        INFO     Linesearch failed in both LBFGS and gradient directions
rank #0: 2019-02-16 12:48:41,511 LBFGS        PARAM    0016       -367.025766          2.220600         -7.554615          3.745052         68.031356
rank #0: 2019-02-16 12:48:41,513 rsdfit.lbfgs_fitter WARNING  ...LBFGS optimization finished. Time elapsed: 0:00:34.52
rank #0: 2019-02-16 12:48:41,514 rsdfit.lbfgs_fitter ERROR    nonlinear fit with method L-BFGS-B failed: Linesearch failed in both LBFGS and gradient directions
rank #0: 2019-02-16 12:48:41,515 rsdfit.fitting_driver INFO     rank 7 on nid01064     ...fitting complete
rank #0: 2019-02-16 12:48:41,519 rsdfit.fitting_driver INFO     rank 7 on nid01064     Saving the results to `/global/cscratch1/sd/nhand/eBOSS/fits/results/mocks/ezmock/v1.8e-fph/0.005-0.3/basemodel-N-fnl/0.8-2.2/QSO-N-0857-P0+P2-mock-cov-20503beeef/2019-02-16_nlopt_16i_chain0__1.npz`
rank #0: 2019-02-16 12:48:41,527 pyRSD.analysis.lbfgs_results INFO     
minimum chi2 = 68.0313559979877

Free parameters [ mean ]
_______________
N              : -367.02576565407924
b1             : 2.2206004163201545
f_nl           : -7.554615434791565
sigma_fog      : 3.7450516023392035

Constrained parameters [ mean ]
_________________________
b1sigma8       : 0.8844944809286793
