rank #0: 2018-06-24 13:16:27,786 rsdfit.fitting_driver INFO     rank 15 on nid00868     Calling the 'nlopt' solve function
rank #0: 2018-06-24 13:16:27,786 rsdfit.lbfgs_fitter INFO     running LBFGS for 500 iterations and then stopping
rank #0: 2018-06-24 13:16:27,787 rsdfit.lbfgs_fitter INFO     running LBFGS minimizer with priors
rank #0: 2018-06-24 13:16:27,787 root         INFO     Iter           N          b1        f_nl   sigma_fog   F(X)     
rank #0: 2018-06-24 13:16:28,358 LBFGS        INFO     options = {'factr': 100000.0, 'gtol': 1e-05, 'max_iter': 500, 'test_convergence': False}
rank #0: 2018-06-24 13:16:28,359 LBFGS        PARAM    0000          0.000000          2.000000          0.000000          4.000000        106.796833
rank #0: 2018-06-24 13:16:29,021 LBFGS        PARAM    0001        -14.134289          2.061036          0.655233          4.002664         97.636186
rank #0: 2018-06-24 13:16:29,616 LBFGS        PARAM    0002       -181.561251          2.216796          3.571340          4.084417         84.676198
rank #0: 2018-06-24 13:16:30,196 LBFGS        PARAM    0003       -316.282905          2.245669          5.091254          4.158784         81.018863
rank #0: 2018-06-24 13:16:30,792 LBFGS        PARAM    0004       -422.906627          2.250734          7.528956          4.185436         79.896699
rank #0: 2018-06-24 13:16:31,388 LBFGS        PARAM    0005       -430.281294          2.252025          8.507594          4.170388         79.847308
rank #0: 2018-06-24 13:16:31,980 LBFGS        PARAM    0006       -512.096480          2.254968         26.620950          3.871751         79.243720
rank #0: 2018-06-24 13:16:32,564 LBFGS        PARAM    0007       -538.191998          2.245552         45.680981          3.667748         78.859017
rank #0: 2018-06-24 13:16:33,164 LBFGS        PARAM    0008       -533.691798          2.226753         91.061806          3.556377         78.198366
rank #0: 2018-06-24 13:16:33,762 LBFGS        PARAM    0009       -479.835358          2.200067        134.189169          3.645596         77.789718
rank #0: 2018-06-24 13:16:34,343 LBFGS        PARAM    0010       -453.514763          2.198072        139.620192          3.733197         77.752815
rank #0: 2018-06-24 13:16:34,939 LBFGS        PARAM    0011       -450.195156          2.197799        138.418906          3.755116         77.750813
rank #0: 2018-06-24 13:16:35,535 LBFGS        PARAM    0012       -450.509650          2.198226        138.010426          3.758036         77.750703
rank #0: 2018-06-24 13:16:36,129 LBFGS        PARAM    0013       -450.794968          2.198326        137.981914          3.758364         77.750694
rank #0: 2018-06-24 13:16:36,713 LBFGS        PARAM    0014       -450.817720          2.198323        137.999887          3.758335         77.750694
rank #0: 2018-06-24 13:16:37,311 LBFGS        PARAM    0015       -450.818177          2.198322        138.002420          3.758330         77.750694
rank #0: 2018-06-24 13:16:37,911 LBFGS        PARAM    0016       -450.818124          2.198322        138.002453          3.758330         77.750694
rank #0: 2018-06-24 13:17:03,829 LBFGS        INFO     Linesearch failed in both LBFGS and gradient directions
rank #0: 2018-06-24 13:17:03,830 LBFGS        PARAM    0016       -450.818124          2.198322        138.002453          3.758330         77.750694
rank #0: 2018-06-24 13:17:03,831 rsdfit.lbfgs_fitter WARNING  ...LBFGS optimization finished. Time elapsed: 0:00:35.47
rank #0: 2018-06-24 13:17:03,831 rsdfit.lbfgs_fitter ERROR    nonlinear fit with method L-BFGS-B failed: Linesearch failed in both LBFGS and gradient directions
rank #0: 2018-06-24 13:17:03,832 rsdfit.fitting_driver INFO     rank 15 on nid00868     ...fitting complete
rank #0: 2018-06-24 13:17:03,858 rsdfit.fitting_driver INFO     rank 15 on nid00868     Saving the results to `/global/cscratch1/sd/nhand/eBOSS/fits/results/mocks/ezmock/v1.8e-fph/0.005-0.3/basemodel-N-fnl/0.8-2.2/QSO-N-0188-P0+P2-mock-cov-a8bcb55756/2018-06-24_nlopt_16i_chain0__1.npz`
rank #0: 2018-06-24 13:17:03,886 pyRSD.analysis.lbfgs_results INFO     
minimum chi2 = 77.7506941241

Free parameters [ mean ]
_______________
N              : -450.818123807
b1             : 2.19832213755
f_nl           : 138.002453018
sigma_fog      : 3.75832962906

Constrained parameters [ mean ]
_________________________
b1sigma8       : 0.875620748188
