rank #0: 2018-10-08 10:30:47,054 rsdfit.fitting_driver INFO     rank 41 on nid00696     Calling the 'nlopt' solve function
rank #0: 2018-10-08 10:30:47,054 rsdfit.lbfgs_fitter INFO     running LBFGS for 500 iterations and then stopping
rank #0: 2018-10-08 10:30:47,054 rsdfit.lbfgs_fitter INFO     running LBFGS minimizer with priors
rank #0: 2018-10-08 10:30:47,054 root         INFO     Iter           N          b1        f_nl   sigma_fog   F(X)     
rank #0: 2018-10-08 10:30:47,055 rsdfit.lbfgs_fitter INFO     computing gradient using numerical derivative of lnlike()
rank #0: 2018-10-08 10:30:48,250 LBFGS        INFO     options = {'factr': 100000.0, 'gtol': 1e-05, 'max_iter': 500, 'test_convergence': False}
rank #0: 2018-10-08 10:30:48,251 LBFGS        PARAM    0000          0.000000          2.000000          0.000000          4.000000        104.844023
rank #0: 2018-10-08 10:30:49,603 LBFGS        PARAM    0001         54.251879          2.120510          2.041621          3.948956         88.559786
rank #0: 2018-10-08 10:30:50,835 LBFGS        PARAM    0002        -18.958886          2.390874          8.242419          3.889464         75.981425
rank #0: 2018-10-08 10:30:52,058 LBFGS        PARAM    0003       -105.581994          2.378328          7.892702          3.928870         73.973335
rank #0: 2018-10-08 10:30:53,274 LBFGS        PARAM    0004       -313.155004          2.417706          8.425971          3.978249         72.116143
rank #0: 2018-10-08 10:30:54,511 LBFGS        PARAM    0005       -373.443631          2.439457          7.238848          3.915134         71.860759
rank #0: 2018-10-08 10:30:55,728 LBFGS        PARAM    0006       -448.788422          2.458283          2.357975          3.713411         71.532108
rank #0: 2018-10-08 10:30:56,959 LBFGS        PARAM    0007       -510.643859          2.464132         -7.381427          3.418951         71.277902
rank #0: 2018-10-08 10:30:58,182 LBFGS        PARAM    0008       -508.061550          2.467084        -14.436364          3.387650         71.224052
rank #0: 2018-10-08 10:30:59,400 LBFGS        PARAM    0009       -503.598065          2.472121        -22.972971          3.402188         71.193829
rank #0: 2018-10-08 10:31:00,637 LBFGS        PARAM    0010       -506.801036          2.478281        -27.552680          3.427641         71.185700
rank #0: 2018-10-08 10:31:01,853 LBFGS        PARAM    0011       -509.967971          2.480653        -28.851208          3.441045         71.184700
rank #0: 2018-10-08 10:31:03,083 LBFGS        PARAM    0012       -509.789204          2.480886        -28.832197          3.441721         71.184681
rank #0: 2018-10-08 10:31:04,307 LBFGS        PARAM    0013       -509.804508          2.480868        -28.809478          3.441715         71.184680
rank #0: 2018-10-08 10:31:05,524 LBFGS        PARAM    0014       -509.808801          2.480863        -28.802070          3.441716         71.184680
rank #0: 2018-10-08 10:31:06,762 LBFGS        PARAM    0015       -509.808802          2.480863        -28.802066          3.441716         71.184680
rank #0: 2018-10-08 10:31:36,845 LBFGS        PARAM    0016       -509.808802          2.480863        -28.802066          3.441716         71.184680
rank #0: 2018-10-08 10:32:30,637 LBFGS        INFO     Linesearch failed in both LBFGS and gradient directions
rank #0: 2018-10-08 10:32:30,638 LBFGS        PARAM    0016       -509.808802          2.480863        -28.802066          3.441716         71.184680
rank #0: 2018-10-08 10:32:30,638 rsdfit.lbfgs_fitter WARNING  ...LBFGS optimization finished. Time elapsed: 0:01:42.39
rank #0: 2018-10-08 10:32:30,638 rsdfit.lbfgs_fitter ERROR    nonlinear fit with method L-BFGS-B failed: Linesearch failed in both LBFGS and gradient directions
rank #0: 2018-10-08 10:32:30,639 rsdfit.fitting_driver INFO     rank 41 on nid00696     ...fitting complete
rank #0: 2018-10-08 10:32:30,642 rsdfit.fitting_driver INFO     rank 41 on nid00696     Saving the results to `/global/cscratch1/sd/nhand/eBOSS/fits/results/mocks/ezmock/v1.8e-fph/0.005-0.3/basemodel-N-fnl/0.8-2.2/QSO-S-0062-P0+P2-mock-cov-96ccb1008d/2018-10-08_nlopt_16i_chain0__1.npz`
rank #0: 2018-10-08 10:32:30,685 pyRSD.analysis.lbfgs_results INFO     
minimum chi2 = 71.1846804574

Free parameters [ mean ]
_______________
N              : -509.808802264
b1             : 2.48086331757
f_nl           : -28.8020661333
sigma_fog      : 3.44171616035

Constrained parameters [ mean ]
_________________________
b1sigma8       : 0.930039210129
