rank #0: 2018-10-04 22:22:29,888 rsdfit.fitting_driver INFO     rank 49 on nid12889     Calling the 'nlopt' solve function
rank #0: 2018-10-04 22:22:29,889 rsdfit.lbfgs_fitter INFO     running LBFGS for 500 iterations and then stopping
rank #0: 2018-10-04 22:22:29,890 rsdfit.lbfgs_fitter INFO     running LBFGS minimizer with priors
rank #0: 2018-10-04 22:22:29,891 root         INFO     Iter           N          b1        f_nl   sigma_fog   F(X)     
rank #0: 2018-10-04 22:22:29,891 rsdfit.lbfgs_fitter INFO     computing gradient using numerical derivative of lnlike()
rank #0: 2018-10-04 22:22:31,042 LBFGS        INFO     options = {'factr': 100000.0, 'gtol': 1e-05, 'max_iter': 500, 'test_convergence': False}
rank #0: 2018-10-04 22:22:31,043 LBFGS        PARAM    0000          0.000000          2.000000          0.000000          4.000000        102.651589
rank #0: 2018-10-04 22:22:32,392 LBFGS        PARAM    0001         53.988065          2.110932          2.033024          3.954367         87.623134
rank #0: 2018-10-04 22:22:33,576 LBFGS        PARAM    0002         -1.968365          2.353237          8.390892          3.907554         76.436215
rank #0: 2018-10-04 22:22:34,779 LBFGS        PARAM    0003        -72.313510          2.341563          8.707237          3.948644         74.994795
rank #0: 2018-10-04 22:22:35,972 LBFGS        PARAM    0004       -239.470934          2.371371         11.031878          4.015021         73.630687
rank #0: 2018-10-04 22:22:37,153 LBFGS        PARAM    0005       -290.983909          2.390993         12.030169          3.985783         73.477872
rank #0: 2018-10-04 22:22:38,358 LBFGS        PARAM    0006       -318.733756          2.397251         12.304673          3.906639         73.396992
rank #0: 2018-10-04 22:22:39,539 LBFGS        PARAM    0007       -368.176594          2.399568         12.307903          3.680691         73.276635
rank #0: 2018-10-04 22:22:40,745 LBFGS        PARAM    0008       -370.568536          2.392298         11.976090          3.606019         73.258774
rank #0: 2018-10-04 22:22:41,931 LBFGS        PARAM    0009       -368.010379          2.392325         11.978210          3.605538         73.258420
rank #0: 2018-10-04 22:22:43,125 LBFGS        PARAM    0010       -367.768869          2.392287         11.984646          3.605853         73.258418
rank #0: 2018-10-04 22:22:44,321 LBFGS        PARAM    0011       -367.616201          2.392237         12.012918          3.606022         73.258414
rank #0: 2018-10-04 22:22:45,507 LBFGS        PARAM    0012       -367.301330          2.392038         12.172470          3.606112         73.258401
rank #0: 2018-10-04 22:22:46,716 LBFGS        PARAM    0013       -367.463838          2.391991         12.247762          3.605654         73.258399
rank #0: 2018-10-04 22:22:47,906 LBFGS        PARAM    0014       -367.492540          2.391993         12.250441          3.605613         73.258399
rank #0: 2018-10-04 22:22:49,116 LBFGS        PARAM    0015       -367.494884          2.391993         12.250067          3.605610         73.258399
rank #0: 2018-10-04 22:22:50,306 LBFGS        PARAM    0016       -367.495050          2.391993         12.250013          3.605610         73.258399
rank #0: 2018-10-04 22:22:51,631 LBFGS        PARAM    0017       -367.495048          2.391993         12.250013          3.605610         73.258399
rank #0: 2018-10-04 22:23:44,737 LBFGS        INFO     Linesearch failed in both LBFGS and gradient directions
rank #0: 2018-10-04 22:23:44,739 LBFGS        PARAM    0017       -367.495048          2.391993         12.250013          3.605610         73.258399
rank #0: 2018-10-04 22:23:44,740 rsdfit.lbfgs_fitter WARNING  ...LBFGS optimization finished. Time elapsed: 0:01:13.70
rank #0: 2018-10-04 22:23:44,741 rsdfit.lbfgs_fitter ERROR    nonlinear fit with method L-BFGS-B failed: Linesearch failed in both LBFGS and gradient directions
rank #0: 2018-10-04 22:23:44,742 rsdfit.fitting_driver INFO     rank 49 on nid12889     ...fitting complete
rank #0: 2018-10-04 22:23:44,747 rsdfit.fitting_driver INFO     rank 49 on nid12889     Saving the results to `/global/cscratch1/sd/nhand/eBOSS/fits/results/mocks/ezmock/v1.8e-fph/0.005-0.3/basemodel-N-fnl/0.8-2.2/QSO-S-0593-P0+P2-mock-cov-96ccb1008d/2018-10-04_nlopt_17i_chain0__1.npz`
rank #0: 2018-10-04 22:23:44,802 pyRSD.analysis.lbfgs_results INFO     
minimum chi2 = 73.2583985726

Free parameters [ mean ]
_______________
N              : -367.495047958
b1             : 2.391993354
f_nl           : 12.2500126346
sigma_fog      : 3.60561009272

Constrained parameters [ mean ]
_________________________
b1sigma8       : 0.896723166421
