rank #0: 2018-07-15 20:12:08,001 rsdfit.fitting_driver INFO     rank 45 on nid00570     Calling the 'nlopt' solve function
rank #0: 2018-07-15 20:12:08,001 rsdfit.lbfgs_fitter INFO     running LBFGS for 500 iterations and then stopping
rank #0: 2018-07-15 20:12:08,002 rsdfit.lbfgs_fitter INFO     running LBFGS minimizer with priors
rank #0: 2018-07-15 20:12:08,002 root         INFO     Iter           N          b1        f_nl   sigma_fog   F(X)     
rank #0: 2018-07-15 20:12:08,580 LBFGS        INFO     options = {'factr': 100000.0, 'gtol': 1e-05, 'max_iter': 500, 'test_convergence': False}
rank #0: 2018-07-15 20:12:08,581 LBFGS        PARAM    0000          0.000000          2.000000          0.000000          4.000000        115.052353
rank #0: 2018-07-15 20:12:09,225 LBFGS        PARAM    0001         87.358345          2.179069          1.604964          3.948555         94.154295
rank #0: 2018-07-15 20:12:09,817 LBFGS        PARAM    0002         -7.039704          2.548398          8.819362          3.965186         80.411133
rank #0: 2018-07-15 20:12:10,411 LBFGS        PARAM    0003       -118.185929          2.513371          9.127809          4.055850         77.486295
rank #0: 2018-07-15 20:12:10,990 LBFGS        PARAM    0004       -323.398804          2.553176         12.246655          4.197447         75.611466
rank #0: 2018-07-15 20:12:11,584 LBFGS        PARAM    0005       -392.211877          2.584018         14.959292          4.219055         75.422179
rank #0: 2018-07-15 20:12:12,178 LBFGS        PARAM    0006       -401.014131          2.585347         16.953371          4.184152         75.392887
rank #0: 2018-07-15 20:12:12,772 LBFGS        PARAM    0007       -430.865030          2.579156         27.079515          3.995834         75.319005
rank #0: 2018-07-15 20:12:13,351 LBFGS        PARAM    0008       -424.656914          2.573566         28.388338          3.994821         75.314689
rank #0: 2018-07-15 20:12:13,946 LBFGS        PARAM    0009       -421.520611          2.572500         28.598804          3.996907         75.314442
rank #0: 2018-07-15 20:12:14,542 LBFGS        PARAM    0010       -420.530232          2.572361         28.773171          3.999613         75.314358
rank #0: 2018-07-15 20:12:15,122 LBFGS        PARAM    0011       -419.618735          2.572405         29.003192          4.004697         75.314298
rank #0: 2018-07-15 20:12:15,717 LBFGS        PARAM    0012       -419.701538          2.572453         29.004460          4.004980         75.314298
rank #0: 2018-07-15 20:12:16,313 LBFGS        PARAM    0013       -419.722115          2.572460         29.002836          4.004986         75.314298
rank #0: 2018-07-15 20:12:16,908 LBFGS        PARAM    0014       -419.722598          2.572460         29.002772          4.004984         75.314298
rank #0: 2018-07-15 20:12:17,492 LBFGS        PARAM    0015       -419.722591          2.572460         29.002769          4.004984         75.314298
rank #0: 2018-07-15 20:12:18,089 LBFGS        PARAM    0016       -419.722551          2.572460         29.002766          4.004985         75.314298
rank #0: 2018-07-15 20:12:43,823 LBFGS        INFO     Linesearch failed in both LBFGS and gradient directions
rank #0: 2018-07-15 20:12:43,824 LBFGS        PARAM    0016       -419.722551          2.572460         29.002766          4.004985         75.314298
rank #0: 2018-07-15 20:12:43,824 rsdfit.lbfgs_fitter WARNING  ...LBFGS optimization finished. Time elapsed: 0:00:35.24
rank #0: 2018-07-15 20:12:43,825 rsdfit.lbfgs_fitter ERROR    nonlinear fit with method L-BFGS-B failed: Linesearch failed in both LBFGS and gradient directions
rank #0: 2018-07-15 20:12:43,826 rsdfit.fitting_driver INFO     rank 45 on nid00570     ...fitting complete
rank #0: 2018-07-15 20:12:43,834 rsdfit.fitting_driver INFO     rank 45 on nid00570     Saving the results to `/global/cscratch1/sd/nhand/eBOSS/fits/results/mocks/ezmock/v1.8e-fph/0.0001-0.3/basemodel-N-fnl/0.8-2.2/QSO-S-0288-P0+P2-mock-cov-f224d44da7/2018-07-15_nlopt_16i_chain0__1.npz`
rank #0: 2018-07-15 20:12:43,862 pyRSD.analysis.lbfgs_results INFO     
minimum chi2 = 75.3142975603

Free parameters [ mean ]
_______________
N              : -419.722550911
b1             : 2.57245993171
f_nl           : 29.0027662007
sigma_fog      : 4.00498453496

Constrained parameters [ mean ]
_________________________
b1sigma8       : 0.931831184306
