rank #0: 2019-02-16 13:32:58,414 rsdfit.fitting_driver INFO     rank 34 on nid12697     Calling the 'nlopt' solve function
rank #0: 2019-02-16 13:32:58,414 rsdfit.lbfgs_fitter INFO     running LBFGS for 500 iterations and then stopping
rank #0: 2019-02-16 13:32:58,415 rsdfit.lbfgs_fitter INFO     running LBFGS minimizer with priors
rank #0: 2019-02-16 13:32:58,415 root         INFO     Iter           N          b1        f_nl   sigma_fog   F(X)     
rank #0: 2019-02-16 13:32:58,416 rsdfit.lbfgs_fitter INFO     computing gradient using numerical derivative of lnlike()
rank #0: 2019-02-16 13:32:58,985 LBFGS        INFO     options = {'factr': 100000.0, 'gtol': 1e-05, 'max_iter': 500, 'test_convergence': False}
rank #0: 2019-02-16 13:32:58,985 LBFGS        PARAM    0000          0.000000          2.000000          0.000000          4.000000        102.079987
rank #0: 2019-02-16 13:32:59,631 LBFGS        PARAM    0001         -8.951115          2.066939          0.652043          4.010306         91.000000
rank #0: 2019-02-16 13:33:00,208 LBFGS        PARAM    0002       -157.693447          2.227497          3.366504          4.136196         76.936435
rank #0: 2019-02-16 13:33:00,789 LBFGS        PARAM    0003       -281.664985          2.256819          4.632697          4.248109         72.983707
rank #0: 2019-02-16 13:33:01,367 LBFGS        PARAM    0004       -394.009613          2.265334          6.760362          4.368129         71.507345
rank #0: 2019-02-16 13:33:01,947 LBFGS        PARAM    0005       -393.237073          2.266444          7.468575          4.374467         71.488324
rank #0: 2019-02-16 13:33:02,525 LBFGS        PARAM    0006       -376.811344          2.270397         16.983929          4.453894         71.316583
rank #0: 2019-02-16 13:33:03,103 LBFGS        PARAM    0007       -353.280313          2.267234         29.146617          4.545200         71.160787
rank #0: 2019-02-16 13:33:03,686 LBFGS        PARAM    0008       -329.937625          2.256441         49.421143          4.609291         70.924719
rank #0: 2019-02-16 13:33:04,271 LBFGS        PARAM    0009       -325.124711          2.237436         88.319746          4.552316         70.561448
rank #0: 2019-02-16 13:33:04,857 LBFGS        PARAM    0010       -341.009632          2.225235        105.341810          4.417955         70.429247
rank #0: 2019-02-16 13:33:05,445 LBFGS        PARAM    0011       -349.942759          2.224384        104.710146          4.376652         70.420489
rank #0: 2019-02-16 13:33:06,028 LBFGS        PARAM    0012       -351.512823          2.224898        103.786053          4.372616         70.420240
rank #0: 2019-02-16 13:33:06,606 LBFGS        PARAM    0013       -351.762531          2.225089        103.688516          4.371992         70.420228
rank #0: 2019-02-16 13:33:07,184 LBFGS        PARAM    0014       -351.716153          2.225068        103.664248          4.372080         70.420227
rank #0: 2019-02-16 13:33:07,764 LBFGS        PARAM    0015       -351.719288          2.225069        103.660571          4.372085         70.420227
rank #0: 2019-02-16 13:33:08,343 LBFGS        PARAM    0016       -351.719650          2.225069        103.660199          4.372085         70.420227
rank #0: 2019-02-16 13:33:33,448 LBFGS        INFO     Linesearch failed in both LBFGS and gradient directions
rank #0: 2019-02-16 13:33:33,448 LBFGS        PARAM    0016       -351.719650          2.225069        103.660199          4.372085         70.420227
rank #0: 2019-02-16 13:33:33,449 rsdfit.lbfgs_fitter WARNING  ...LBFGS optimization finished. Time elapsed: 0:00:34.46
rank #0: 2019-02-16 13:33:33,449 rsdfit.lbfgs_fitter ERROR    nonlinear fit with method L-BFGS-B failed: Linesearch failed in both LBFGS and gradient directions
rank #0: 2019-02-16 13:33:33,450 rsdfit.fitting_driver INFO     rank 34 on nid12697     ...fitting complete
rank #0: 2019-02-16 13:33:33,454 rsdfit.fitting_driver INFO     rank 34 on nid12697     Saving the results to `/global/cscratch1/sd/nhand/eBOSS/fits/results/mocks/ezmock/v1.8e-fph/0.005-0.3/basemodel-N-fnl/0.8-2.2/QSO-N-0345-P0+P2-mock-cov-6e34f56d69/2019-02-16_nlopt_16i_chain0__1.npz`
rank #0: 2019-02-16 13:33:33,460 pyRSD.analysis.lbfgs_results INFO     
minimum chi2 = 70.42022729366373

Free parameters [ mean ]
_______________
N              : -351.719649848474
b1             : 2.2250693507299557
f_nl           : 103.66019862931712
sigma_fog      : 4.372084805263315

Constrained parameters [ mean ]
_________________________
b1sigma8       : 0.8862745165406926
