rank #0: 2018-06-24 11:25:56,746 rsdfit.fitting_driver INFO     rank 41 on nid00617     Calling the 'nlopt' solve function
rank #0: 2018-06-24 11:25:56,746 rsdfit.lbfgs_fitter INFO     running LBFGS for 500 iterations and then stopping
rank #0: 2018-06-24 11:25:56,746 rsdfit.lbfgs_fitter INFO     running LBFGS minimizer with priors
rank #0: 2018-06-24 11:25:56,747 root         INFO     Iter           N          b1        f_nl   sigma_fog   F(X)     
rank #0: 2018-06-24 11:25:57,320 LBFGS        INFO     options = {'factr': 100000.0, 'gtol': 1e-05, 'max_iter': 500, 'test_convergence': False}
rank #0: 2018-06-24 11:25:57,321 LBFGS        PARAM    0000          0.000000          2.000000          0.000000          4.000000        122.566922
rank #0: 2018-06-24 11:25:57,974 LBFGS        PARAM    0001         -8.921790          2.061403          1.455322          4.006644        112.058349
rank #0: 2018-06-24 11:25:58,545 LBFGS        PARAM    0002       -167.479435          2.232188          7.592304          4.119819         96.613126
rank #0: 2018-06-24 11:25:59,136 LBFGS        PARAM    0003       -289.737666          2.256537         10.175029          4.214345         92.565250
rank #0: 2018-06-24 11:25:59,725 LBFGS        PARAM    0004       -413.099570          2.264321         14.813843          4.304633         90.869284
rank #0: 2018-06-24 11:26:00,311 LBFGS        PARAM    0005       -417.277774          2.264669         16.571335          4.303089         90.790780
rank #0: 2018-06-24 11:26:00,961 LBFGS        PARAM    0006       -433.679103          2.261382         29.300289          4.281106         90.243214
rank #0: 2018-06-24 11:26:01,624 LBFGS        PARAM    0007       -441.150485          2.255973         40.410522          4.257010         89.851587
rank #0: 2018-06-24 11:26:02,220 LBFGS        PARAM    0008       -438.480914          2.235709         64.735120          4.175072         89.703855
rank #0: 2018-06-24 11:26:02,800 LBFGS        PARAM    0009       -425.978000          2.238290         53.461794          4.183389         89.463039
rank #0: 2018-06-24 11:26:03,400 LBFGS        PARAM    0010       -413.701726          2.233238         54.731860          4.168793         89.414829
rank #0: 2018-06-24 11:26:04,001 LBFGS        PARAM    0011       -399.895228          2.227341         56.430884          4.157145         89.396112
rank #0: 2018-06-24 11:26:04,588 LBFGS        PARAM    0012       -398.939251          2.227291         56.457686          4.160875         89.395736
rank #0: 2018-06-24 11:26:05,175 LBFGS        PARAM    0013       -396.245909          2.227239         56.470517          4.174476         89.395163
rank #0: 2018-06-24 11:26:05,768 LBFGS        PARAM    0014       -396.241171          2.227261         56.464202          4.174494         89.395162
rank #0: 2018-06-24 11:26:06,360 LBFGS        PARAM    0015       -396.243050          2.227258         56.464328          4.174493         89.395162
rank #0: 2018-06-24 11:26:06,937 LBFGS        PARAM    0016       -396.243062          2.227258         56.464253          4.174493         89.395162
rank #0: 2018-06-24 11:26:21,518 LBFGS        PARAM    0017       -396.243050          2.227258         56.464252          4.174493         89.395162
rank #0: 2018-06-24 11:26:22,099 LBFGS        PARAM    0018       -396.243048          2.227258         56.464251          4.174493         89.395162
rank #0: 2018-06-24 11:26:47,823 LBFGS        INFO     Linesearch failed in both LBFGS and gradient directions
rank #0: 2018-06-24 11:26:47,824 LBFGS        PARAM    0018       -396.243048          2.227258         56.464251          4.174493         89.395162
rank #0: 2018-06-24 11:26:47,824 rsdfit.lbfgs_fitter WARNING  ...LBFGS optimization finished. Time elapsed: 0:00:50.50
rank #0: 2018-06-24 11:26:47,825 rsdfit.lbfgs_fitter ERROR    nonlinear fit with method L-BFGS-B failed: Linesearch failed in both LBFGS and gradient directions
rank #0: 2018-06-24 11:26:47,825 rsdfit.fitting_driver INFO     rank 41 on nid00617     ...fitting complete
rank #0: 2018-06-24 11:26:47,829 rsdfit.fitting_driver INFO     rank 41 on nid00617     Saving the results to `/global/cscratch1/sd/nhand/eBOSS/fits/results/mocks/ezmock/v1.8e-fph/0.0001-0.3/basemodel-N-fnl/0.8-2.2/QSO-N-0132-P0+P2-mock-cov-8973e9cf3e/2018-06-24_nlopt_18i_chain0__1.npz`
rank #0: 2018-06-24 11:26:47,861 pyRSD.analysis.lbfgs_results INFO     
minimum chi2 = 89.3951624142

Free parameters [ mean ]
_______________
N              : -396.24304801
b1             : 2.22725807212
f_nl           : 56.4642505988
sigma_fog      : 4.17449319557

Constrained parameters [ mean ]
_________________________
b1sigma8       : 0.887146313184
