rank #0: 2018-10-08 11:18:07,619 rsdfit.fitting_driver INFO     rank 1 on nid00682     Calling the 'nlopt' solve function
rank #0: 2018-10-08 11:18:07,620 rsdfit.lbfgs_fitter INFO     running LBFGS for 500 iterations and then stopping
rank #0: 2018-10-08 11:18:07,621 rsdfit.lbfgs_fitter INFO     running LBFGS minimizer with priors
rank #0: 2018-10-08 11:18:07,621 root         INFO     Iter           N          b1        f_nl   sigma_fog   F(X)     
rank #0: 2018-10-08 11:18:07,622 rsdfit.lbfgs_fitter INFO     computing gradient using numerical derivative of lnlike()
rank #0: 2018-10-08 11:18:08,858 LBFGS        INFO     options = {'factr': 100000.0, 'gtol': 1e-05, 'max_iter': 500, 'test_convergence': False}
rank #0: 2018-10-08 11:18:08,859 LBFGS        PARAM    0000          0.000000          2.000000          0.000000          4.000000        139.401615
rank #0: 2018-10-08 11:18:10,308 LBFGS        PARAM    0001         40.425025          2.143241          0.982202          3.996650        115.569715
rank #0: 2018-10-08 11:18:11,589 LBFGS        PARAM    0002        -74.366069          2.447075          4.667189          4.204128         94.712638
rank #0: 2018-10-08 11:18:12,891 LBFGS        PARAM    0003       -223.549891          2.481093          4.648268          4.393478         88.651058
rank #0: 2018-10-08 11:18:14,171 LBFGS        PARAM    0004       -456.193156          2.538948          2.692118          4.782500         84.627869
rank #0: 2018-10-08 11:18:15,453 LBFGS        PARAM    0005       -442.360122          2.537480          0.635250          4.846988         84.431248
rank #0: 2018-10-08 11:18:16,753 LBFGS        PARAM    0006       -321.566263          2.555215        -20.427119          5.462321         83.468378
rank #0: 2018-10-08 11:18:18,033 LBFGS        PARAM    0007       -327.724327          2.564825        -38.374376          5.492386         83.181420
rank #0: 2018-10-08 11:18:19,305 LBFGS        PARAM    0008       -370.789461          2.605074        -89.196991          5.462267         82.729796
rank #0: 2018-10-08 11:18:20,591 LBFGS        PARAM    0009       -384.315051          2.615169        -99.718710          5.410363         82.703219
rank #0: 2018-10-08 11:18:21,867 LBFGS        PARAM    0010       -386.325776          2.616039       -100.916992          5.403224         82.702939
rank #0: 2018-10-08 11:18:23,162 LBFGS        PARAM    0011       -386.360761          2.616038       -100.989265          5.403193         82.702937
rank #0: 2018-10-08 11:18:24,440 LBFGS        PARAM    0012       -386.347520          2.616038       -101.001580          5.403274         82.702937
rank #0: 2018-10-08 11:18:25,743 LBFGS        PARAM    0013       -386.345716          2.616038       -101.001952          5.403283         82.702937
rank #0: 2018-10-08 11:18:27,036 LBFGS        PARAM    0014       -386.345615          2.616038       -101.001953          5.403283         82.702937
rank #0: 2018-10-08 11:18:58,742 LBFGS        PARAM    0015       -386.345615          2.616038       -101.001953          5.403283         82.702937
rank #0: 2018-10-08 11:19:27,563 LBFGS        PARAM    0016       -386.345615          2.616038       -101.001953          5.403283         82.702937
rank #0: 2018-10-08 11:19:27,564 LBFGS        INFO     LBFGS iteration 16: the descent direction does not have a sufficient projection (cos(theta)=-4.05e-01, theta=113.8641) into the gradient; using steepest descent at this step!
rank #0: 2018-10-08 11:19:53,919 LBFGS        INFO     Linesearch failed in both LBFGS and gradient directions
rank #0: 2018-10-08 11:19:53,920 LBFGS        PARAM    0016       -386.345615          2.616038       -101.001953          5.403283         82.702937
rank #0: 2018-10-08 11:19:53,921 rsdfit.lbfgs_fitter WARNING  ...LBFGS optimization finished. Time elapsed: 0:01:45.06
rank #0: 2018-10-08 11:19:53,921 rsdfit.lbfgs_fitter ERROR    nonlinear fit with method L-BFGS-B failed: Linesearch failed in both LBFGS and gradient directions
rank #0: 2018-10-08 11:19:53,922 rsdfit.fitting_driver INFO     rank 1 on nid00682     ...fitting complete
rank #0: 2018-10-08 11:19:53,926 rsdfit.fitting_driver INFO     rank 1 on nid00682     Saving the results to `/global/cscratch1/sd/nhand/eBOSS/fits/results/mocks/ezmock/v1.8e-fph/0.005-0.3/basemodel-N-fnl/0.8-2.2/QSO-N-0326-P0+P2-mock-cov-4ae05ce33e/2018-10-08_nlopt_16i_chain0__1.npz`
rank #0: 2018-10-08 11:19:53,992 pyRSD.analysis.lbfgs_results INFO     
minimum chi2 = 82.7029370228

Free parameters [ mean ]
_______________
N              : -386.345614983
b1             : 2.61603846014
f_nl           : -101.001953248
sigma_fog      : 5.40328342698

Constrained parameters [ mean ]
_________________________
b1sigma8       : 0.947616787514
