rank #0: 2018-12-30 16:05:44,862 rsdfit.fitting_driver INFO     rank 47 on nid00554     Calling the 'nlopt' solve function
rank #0: 2018-12-30 16:05:44,862 rsdfit.lbfgs_fitter INFO     running LBFGS for 500 iterations and then stopping
rank #0: 2018-12-30 16:05:44,862 rsdfit.lbfgs_fitter INFO     running LBFGS minimizer with priors
rank #0: 2018-12-30 16:05:44,862 root         INFO     Iter           N          b1        f_nl   sigma_fog   F(X)     
rank #0: 2018-12-30 16:05:44,862 rsdfit.lbfgs_fitter INFO     computing gradient using numerical derivative of lnlike()
rank #0: 2018-12-30 16:05:45,444 LBFGS        INFO     options = {'factr': 100000.0, 'gtol': 1e-05, 'max_iter': 500, 'test_convergence': False}
rank #0: 2018-12-30 16:05:45,445 LBFGS        PARAM    0000          0.000000          2.000000          0.000000          4.000000         90.158059
rank #0: 2018-12-30 16:05:46,119 LBFGS        PARAM    0001        -16.874661          2.060859          0.557189          4.020100         81.786537
rank #0: 2018-12-30 16:05:46,726 LBFGS        PARAM    0002       -181.325175          2.205703          2.673135          4.177658         70.128660
rank #0: 2018-12-30 16:05:47,417 LBFGS        PARAM    0003       -312.534982          2.234583          3.484172          4.313938         66.800634
rank #0: 2018-12-30 16:05:48,037 LBFGS        PARAM    0004       -372.460202          2.235349          3.888447          4.416507         66.160722
rank #0: 2018-12-30 16:05:48,632 LBFGS        PARAM    0005       -371.746393          2.236209          4.038792          4.435635         66.135935
rank #0: 2018-12-30 16:05:49,249 LBFGS        PARAM    0006       -333.108304          2.236824          5.862456          4.651237         65.957972
rank #0: 2018-12-30 16:05:49,865 LBFGS        PARAM    0007       -317.816757          2.234665          7.125677          4.681800         65.946430
rank #0: 2018-12-30 16:05:50,481 LBFGS        PARAM    0008       -316.469959          2.234445          7.488930          4.683599         65.945901
rank #0: 2018-12-30 16:05:51,077 LBFGS        PARAM    0009       -314.534328          2.233835          8.668446          4.684730         65.944679
rank #0: 2018-12-30 16:05:51,694 LBFGS        PARAM    0010       -314.594346          2.233287         10.002684          4.682017         65.943622
rank #0: 2018-12-30 16:05:52,312 LBFGS        PARAM    0011       -317.255641          2.233169         10.777671          4.676436         65.943078
rank #0: 2018-12-30 16:05:52,906 LBFGS        PARAM    0012       -317.366632          2.233135         10.761016          4.675535         65.943075
rank #0: 2018-12-30 16:05:53,523 LBFGS        PARAM    0013       -317.384138          2.233134         10.755317          4.675406         65.943074
rank #0: 2018-12-30 16:05:54,140 LBFGS        PARAM    0014       -317.384189          2.233134         10.755089          4.675407         65.943074
rank #0: 2018-12-30 16:05:54,757 LBFGS        PARAM    0015       -317.384264          2.233134         10.755066          4.675407         65.943074
rank #0: 2018-12-30 16:05:55,352 LBFGS        PARAM    0016       -317.384250          2.233134         10.755061          4.675407         65.943074
rank #0: 2018-12-30 16:05:56,038 LBFGS        PARAM    0017       -317.384250          2.233134         10.755061          4.675407         65.943074
rank #0: 2018-12-30 16:06:10,974 LBFGS        PARAM    0018       -317.384250          2.233134         10.755061          4.675407         65.943074
rank #0: 2018-12-30 16:06:10,975 LBFGS        INFO     LBFGS iteration 18: the descent direction does not have a sufficient projection (cos(theta)=-9.03e-01, theta=154.4935) into the gradient; using steepest descent at this step!
rank #0: 2018-12-30 16:06:11,661 LBFGS        PARAM    0019       -317.384252          2.233134         10.755061          4.675407         65.943074
rank #0: 2018-12-30 16:06:37,267 LBFGS        INFO     Linesearch failed in both LBFGS and gradient directions
rank #0: 2018-12-30 16:06:37,267 LBFGS        PARAM    0019       -317.384252          2.233134         10.755061          4.675407         65.943074
rank #0: 2018-12-30 16:06:37,268 rsdfit.lbfgs_fitter WARNING  ...LBFGS optimization finished. Time elapsed: 0:00:51.82
rank #0: 2018-12-30 16:06:37,268 rsdfit.lbfgs_fitter ERROR    nonlinear fit with method L-BFGS-B failed: Linesearch failed in both LBFGS and gradient directions
rank #0: 2018-12-30 16:06:37,268 rsdfit.fitting_driver INFO     rank 47 on nid00554     ...fitting complete
rank #0: 2018-12-30 16:06:37,271 rsdfit.fitting_driver INFO     rank 47 on nid00554     Saving the results to `/global/cscratch1/sd/nhand/eBOSS/fits/results/mocks/ezmock/v1.8e-fph/0.0001-0.3/basemodel-N-fnl/0.8-2.2/QSO-N-0034-P0+P2-mock-cov-36c6ea70fd/2018-12-30_nlopt_19i_chain0__1.npz`
rank #0: 2018-12-30 16:06:37,594 pyRSD.analysis.lbfgs_results INFO     
minimum chi2 = 65.9430744916

Free parameters [ mean ]
_______________
N              : -317.384252457
b1             : 2.23313372256
f_nl           : 10.7550612555
sigma_fog      : 4.67540736942

Constrained parameters [ mean ]
_________________________
b1sigma8       : 0.889486662375
