rank #0: 2018-10-08 10:19:26,749 rsdfit.fitting_driver INFO     rank 41 on nid00696     Calling the 'nlopt' solve function
rank #0: 2018-10-08 10:19:26,750 rsdfit.lbfgs_fitter INFO     running LBFGS for 500 iterations and then stopping
rank #0: 2018-10-08 10:19:26,751 rsdfit.lbfgs_fitter INFO     running LBFGS minimizer with priors
rank #0: 2018-10-08 10:19:26,752 root         INFO     Iter           N          b1        f_nl   sigma_fog   F(X)     
rank #0: 2018-10-08 10:19:26,753 rsdfit.lbfgs_fitter INFO     computing gradient using numerical derivative of lnlike()
rank #0: 2018-10-08 10:19:27,948 LBFGS        INFO     options = {'factr': 100000.0, 'gtol': 1e-05, 'max_iter': 500, 'test_convergence': False}
rank #0: 2018-10-08 10:19:27,950 LBFGS        PARAM    0000          0.000000          2.000000          0.000000          4.000000        109.316889
rank #0: 2018-10-08 10:19:29,316 LBFGS        PARAM    0001         94.834230          2.164815          1.478849          3.928278         90.081587
rank #0: 2018-10-08 10:19:30,553 LBFGS        PARAM    0002         30.947815          2.490933          7.656234          3.850649         78.204175
rank #0: 2018-10-08 10:19:31,791 LBFGS        PARAM    0003        -10.722962          2.439576          8.221767          3.913730         76.946486
rank #0: 2018-10-08 10:19:33,029 LBFGS        PARAM    0004       -164.137572          2.415241         11.479726          4.017378         76.357381
rank #0: 2018-10-08 10:19:34,285 LBFGS        PARAM    0005       -168.533988          2.452125         13.083479          4.000471         75.459607
rank #0: 2018-10-08 10:19:35,520 LBFGS        PARAM    0006       -258.458621          2.520569         18.875839          3.987274         74.616666
rank #0: 2018-10-08 10:19:36,762 LBFGS        PARAM    0007       -308.297027          2.530114         21.890164          3.939453         74.425141
rank #0: 2018-10-08 10:19:37,991 LBFGS        PARAM    0008       -411.858370          2.533502         30.525509          3.646757         73.981297
rank #0: 2018-10-08 10:19:39,208 LBFGS        PARAM    0009       -455.966169          2.521881         37.459888          3.321799         73.773718
rank #0: 2018-10-08 10:19:40,450 LBFGS        PARAM    0010       -439.703813          2.513313         39.607001          3.285982         73.753692
rank #0: 2018-10-08 10:19:41,671 LBFGS        PARAM    0011       -431.772920          2.510016         40.776038          3.287660         73.751148
rank #0: 2018-10-08 10:19:42,912 LBFGS        PARAM    0012       -428.392966          2.508736         41.831783          3.295026         73.750108
rank #0: 2018-10-08 10:19:44,131 LBFGS        PARAM    0013       -428.364457          2.508773         42.493089          3.302748         73.749789
rank #0: 2018-10-08 10:19:45,353 LBFGS        PARAM    0014       -428.027583          2.508815         42.443855          3.303784         73.749785
rank #0: 2018-10-08 10:19:46,597 LBFGS        PARAM    0015       -428.029557          2.508816         42.443059          3.303799         73.749785
rank #0: 2018-10-08 10:19:47,820 LBFGS        PARAM    0016       -428.030304          2.508816         42.442957          3.303798         73.749785
rank #0: 2018-10-08 10:19:49,065 LBFGS        PARAM    0017       -428.030309          2.508816         42.442956          3.303798         73.749785
rank #0: 2018-10-08 10:20:43,322 LBFGS        INFO     Linesearch failed in both LBFGS and gradient directions
rank #0: 2018-10-08 10:20:43,323 LBFGS        PARAM    0017       -428.030309          2.508816         42.442956          3.303798         73.749785
rank #0: 2018-10-08 10:20:43,324 rsdfit.lbfgs_fitter WARNING  ...LBFGS optimization finished. Time elapsed: 0:01:15.38
rank #0: 2018-10-08 10:20:43,325 rsdfit.lbfgs_fitter ERROR    nonlinear fit with method L-BFGS-B failed: Linesearch failed in both LBFGS and gradient directions
rank #0: 2018-10-08 10:20:43,327 rsdfit.fitting_driver INFO     rank 41 on nid00696     ...fitting complete
rank #0: 2018-10-08 10:20:43,330 rsdfit.fitting_driver INFO     rank 41 on nid00696     Saving the results to `/global/cscratch1/sd/nhand/eBOSS/fits/results/mocks/ezmock/v1.8e-fph/0.0001-0.3/basemodel-N-fnl/0.8-2.2/QSO-S-0824-P0+P2-mock-cov-98e9a706c6/2018-10-08_nlopt_17i_chain0__1.npz`
rank #0: 2018-10-08 10:20:43,410 pyRSD.analysis.lbfgs_results INFO     
minimum chi2 = 73.74978515

Free parameters [ mean ]
_______________
N              : -428.030308884
b1             : 2.50881649253
f_nl           : 42.442955526
sigma_fog      : 3.30379844734

Constrained parameters [ mean ]
_________________________
b1sigma8       : 0.908777398094
