rank #0: 2018-07-15 19:57:55,429 rsdfit.fitting_driver INFO     rank 1 on nid00604     Calling the 'nlopt' solve function
rank #0: 2018-07-15 19:57:55,430 rsdfit.lbfgs_fitter INFO     running LBFGS for 500 iterations and then stopping
rank #0: 2018-07-15 19:57:55,431 rsdfit.lbfgs_fitter INFO     running LBFGS minimizer with priors
rank #0: 2018-07-15 19:57:55,431 root         INFO     Iter           N          b1        f_nl   sigma_fog   F(X)     
rank #0: 2018-07-15 19:57:56,022 LBFGS        INFO     options = {'factr': 100000.0, 'gtol': 1e-05, 'max_iter': 500, 'test_convergence': False}
rank #0: 2018-07-15 19:57:56,023 LBFGS        PARAM    0000          0.000000          2.000000          0.000000          4.000000        106.523689
rank #0: 2018-07-15 19:57:56,710 LBFGS        PARAM    0001         14.954404          2.065239          0.626224          3.988522         94.239372
rank #0: 2018-07-15 19:57:57,333 LBFGS        PARAM    0002        -36.064034          2.204611          3.218843          4.023461         83.251609
rank #0: 2018-07-15 19:57:57,942 LBFGS        PARAM    0003       -107.426691          2.223984          4.429658          4.071905         80.984028
rank #0: 2018-07-15 19:57:58,564 LBFGS        PARAM    0004       -274.490157          2.254381          9.920766          4.164839         78.646896
rank #0: 2018-07-15 19:57:59,181 LBFGS        PARAM    0005       -280.656030          2.254718         12.283234          4.150997         78.539464
rank #0: 2018-07-15 19:57:59,787 LBFGS        PARAM    0006       -302.664546          2.255215         21.703756          4.094247         78.107584
rank #0: 2018-07-15 19:58:00,405 LBFGS        PARAM    0007       -326.051791          2.255756         31.694459          4.034100         77.653196
rank #0: 2018-07-15 19:58:01,021 LBFGS        PARAM    0008       -339.832939          2.256086         37.570701          3.998653         77.390897
rank #0: 2018-07-15 19:58:01,697 LBFGS        PARAM    0009       -385.613413          2.257139         57.038158          3.880184         76.575636
rank #0: 2018-07-15 19:58:02,373 LBFGS        PARAM    0010       -463.754908          2.258395         90.084250          3.671497         75.577281
rank #0: 2018-07-15 19:58:02,987 LBFGS        PARAM    0011       -538.622434          2.254210        120.668382          3.407476         75.448382
rank #0: 2018-07-15 19:58:03,602 LBFGS        PARAM    0012       -505.683606          2.250553        106.262105          3.442135         75.382010
rank #0: 2018-07-15 19:58:04,202 LBFGS        PARAM    0013       -510.935263          2.253666        108.796963          3.464789         75.373227
rank #0: 2018-07-15 19:58:04,203 LBFGS        INFO     LBFGS iteration 13: the descent direction does not have a sufficient projection (cos(theta)=-5.21e-02, theta=92.9838) into the gradient; using steepest descent at this step!
rank #0: 2018-07-15 19:58:04,888 LBFGS        PARAM    0014       -360.093991          2.221023        112.596193          3.476822         73.854221
rank #0: 2018-07-15 19:58:05,508 LBFGS        PARAM    0015       -335.944469          2.190609        117.274113          3.586267         73.772654
rank #0: 2018-07-15 19:58:06,112 LBFGS        PARAM    0016       -331.342623          2.203083        117.800376          3.590510         73.372258
rank #0: 2018-07-15 19:58:06,732 LBFGS        PARAM    0017       -313.832068          2.212772        122.176903          3.676058         72.920667
rank #0: 2018-07-15 19:58:07,352 LBFGS        PARAM    0018       -271.572453          2.217484        133.446642          3.898695         72.328234
rank #0: 2018-07-15 19:58:07,964 LBFGS        PARAM    0019       -234.606143          2.209228        145.007822          4.090101         71.978151
rank #0: 2018-07-15 19:58:08,575 LBFGS        PARAM    0020       -227.986042          2.200635        154.696765          4.126239         71.754596
rank #0: 2018-07-15 19:58:09,191 LBFGS        PARAM    0021       -231.552599          2.187024        170.090745          4.086313         71.513621
rank #0: 2018-07-15 19:58:09,808 LBFGS        PARAM    0022       -240.991182          2.182460        177.322409          4.002723         71.414295
rank #0: 2018-07-15 19:58:10,410 LBFGS        PARAM    0023       -250.859514          2.185521        180.446386          3.918670         71.373763
rank #0: 2018-07-15 19:58:11,027 LBFGS        PARAM    0024       -250.808496          2.183778        179.035396          3.902947         71.368388
rank #0: 2018-07-15 19:58:11,645 LBFGS        PARAM    0025       -251.585302          2.184014        179.048327          3.903748         71.368321
rank #0: 2018-07-15 19:58:12,250 LBFGS        PARAM    0026       -251.603833          2.184016        179.051325          3.903634         71.368321
rank #0: 2018-07-15 19:58:12,869 LBFGS        PARAM    0027       -251.604017          2.184016        179.051300          3.903634         71.368321
rank #0: 2018-07-15 19:58:13,488 LBFGS        PARAM    0028       -251.604007          2.184016        179.051313          3.903634         71.368321
rank #0: 2018-07-15 19:58:40,311 LBFGS        INFO     Linesearch failed in both LBFGS and gradient directions
rank #0: 2018-07-15 19:58:40,312 LBFGS        PARAM    0028       -251.604007          2.184016        179.051313          3.903634         71.368321
rank #0: 2018-07-15 19:58:40,313 rsdfit.lbfgs_fitter WARNING  ...LBFGS optimization finished. Time elapsed: 0:00:44.29
rank #0: 2018-07-15 19:58:40,314 rsdfit.lbfgs_fitter ERROR    nonlinear fit with method L-BFGS-B failed: Linesearch failed in both LBFGS and gradient directions
rank #0: 2018-07-15 19:58:40,315 rsdfit.fitting_driver INFO     rank 1 on nid00604     ...fitting complete
rank #0: 2018-07-15 19:58:40,319 rsdfit.fitting_driver INFO     rank 1 on nid00604     Saving the results to `/global/cscratch1/sd/nhand/eBOSS/fits/results/mocks/ezmock/v1.8e-fph/0.0001-0.3/basemodel-N-fnl/0.8-2.2/QSO-N-0405-P0+P2-mock-cov-a8bcb55756/2018-07-15_nlopt_28i_chain0__1.npz`
rank #0: 2018-07-15 19:58:40,347 pyRSD.analysis.lbfgs_results INFO     
minimum chi2 = 71.3683212514

Free parameters [ mean ]
_______________
N              : -251.604006703
b1             : 2.18401565895
f_nl           : 179.05131302
sigma_fog      : 3.90363421353

Constrained parameters [ mean ]
_________________________
b1sigma8       : 0.869922288769
