rank #0: 2018-06-24 13:17:57,925 rsdfit.fitting_driver INFO     rank 63 on nid01124     Calling the 'nlopt' solve function
rank #0: 2018-06-24 13:17:57,926 rsdfit.lbfgs_fitter INFO     running LBFGS for 500 iterations and then stopping
rank #0: 2018-06-24 13:17:57,926 rsdfit.lbfgs_fitter INFO     running LBFGS minimizer with priors
rank #0: 2018-06-24 13:17:57,927 root         INFO     Iter           N          b1        f_nl   sigma_fog   F(X)     
rank #0: 2018-06-24 13:17:58,513 LBFGS        INFO     options = {'factr': 100000.0, 'gtol': 1e-05, 'max_iter': 500, 'test_convergence': False}
rank #0: 2018-06-24 13:17:58,514 LBFGS        PARAM    0000          0.000000          2.000000          0.000000          4.000000         97.165157
rank #0: 2018-06-24 13:17:59,185 LBFGS        PARAM    0001          6.352897          2.055679          0.352414          3.991685         88.570864
rank #0: 2018-06-24 13:17:59,771 LBFGS        PARAM    0002        -67.781294          2.181517          1.439649          4.022060         79.773617
rank #0: 2018-06-24 13:18:00,371 LBFGS        PARAM    0003       -144.533245          2.203421          1.571658          4.064403         77.765911
rank #0: 2018-06-24 13:18:00,970 LBFGS        PARAM    0004       -286.520452          2.225680          0.683909          4.109373         76.224990
rank #0: 2018-06-24 13:18:01,564 LBFGS        PARAM    0005       -291.525631          2.227110          0.188013          4.091103         76.197712
rank #0: 2018-06-24 13:18:02,157 LBFGS        PARAM    0006       -333.172833          2.232237         -5.475559          3.897622         76.048356
rank #0: 2018-06-24 13:18:02,759 LBFGS        PARAM    0007       -336.856148          2.231757         -9.230120          3.875413         76.015538
rank #0: 2018-06-24 13:18:03,362 LBFGS        PARAM    0008       -341.611629          2.232537        -23.660604          3.848865         75.937206
rank #0: 2018-06-24 13:18:03,950 LBFGS        PARAM    0009       -342.167824          2.236594        -35.407772          3.864128         75.890293
rank #0: 2018-06-24 13:18:04,554 LBFGS        PARAM    0010       -343.613660          2.247219        -48.787803          3.913577         75.847873
rank #0: 2018-06-24 13:18:05,157 LBFGS        PARAM    0011       -339.473919          2.247707        -48.948020          3.938535         75.845486
rank #0: 2018-06-24 13:18:05,751 LBFGS        PARAM    0012       -338.791984          2.247671        -48.512750          3.941673         75.845413
rank #0: 2018-06-24 13:18:06,350 LBFGS        PARAM    0013       -338.802563          2.247663        -48.446562          3.941643         75.845413
rank #0: 2018-06-24 13:18:06,953 LBFGS        PARAM    0014       -338.810231          2.247663        -48.442520          3.941613         75.845413
rank #0: 2018-06-24 13:18:07,558 LBFGS        PARAM    0015       -338.810677          2.247663        -48.442572          3.941612         75.845413
rank #0: 2018-06-24 13:18:08,147 LBFGS        PARAM    0016       -338.810678          2.247663        -48.442581          3.941612         75.845413
rank #0: 2018-06-24 13:18:08,754 LBFGS        PARAM    0017       -338.810702          2.247663        -48.442600          3.941611         75.845413
rank #0: 2018-06-24 13:18:09,696 LBFGS        PARAM    0018       -338.810702          2.247663        -48.442600          3.941611         75.845413
rank #0: 2018-06-24 13:18:10,353 LBFGS        PARAM    0019       -338.810695          2.247663        -48.442596          3.941612         75.845413
rank #0: 2018-06-24 13:18:36,567 LBFGS        INFO     Linesearch failed in both LBFGS and gradient directions
rank #0: 2018-06-24 13:18:36,568 LBFGS        PARAM    0019       -338.810695          2.247663        -48.442596          3.941612         75.845413
rank #0: 2018-06-24 13:18:36,569 rsdfit.lbfgs_fitter WARNING  ...LBFGS optimization finished. Time elapsed: 0:00:38.06
rank #0: 2018-06-24 13:18:36,569 rsdfit.lbfgs_fitter ERROR    nonlinear fit with method L-BFGS-B failed: Linesearch failed in both LBFGS and gradient directions
rank #0: 2018-06-24 13:18:36,570 rsdfit.fitting_driver INFO     rank 63 on nid01124     ...fitting complete
rank #0: 2018-06-24 13:18:36,579 rsdfit.fitting_driver INFO     rank 63 on nid01124     Saving the results to `/global/cscratch1/sd/nhand/eBOSS/fits/results/mocks/ezmock/v1.8e-fph/0.005-0.3/basemodel-N-fnl/0.8-2.2/QSO-N-0304-P0+P2-mock-cov-a8bcb55756/2018-06-24_nlopt_19i_chain0__1.npz`
rank #0: 2018-06-24 13:18:36,612 pyRSD.analysis.lbfgs_results INFO     
minimum chi2 = 75.8454126729

Free parameters [ mean ]
_______________
N              : -338.810694762
b1             : 2.24766307821
f_nl           : -48.4425955071
sigma_fog      : 3.94161151341

Constrained parameters [ mean ]
_________________________
b1sigma8       : 0.895273896667
