rank #0: 2019-02-16 13:35:10,525 rsdfit.fitting_driver INFO     rank 62 on nid00594     Calling the 'nlopt' solve function
rank #0: 2019-02-16 13:35:10,525 rsdfit.lbfgs_fitter INFO     running LBFGS for 500 iterations and then stopping
rank #0: 2019-02-16 13:35:10,525 rsdfit.lbfgs_fitter INFO     running LBFGS minimizer with priors
rank #0: 2019-02-16 13:35:10,525 root         INFO     Iter           N          b1        f_nl   sigma_fog   F(X)     
rank #0: 2019-02-16 13:35:10,525 rsdfit.lbfgs_fitter INFO     computing gradient using numerical derivative of lnlike()
rank #0: 2019-02-16 13:35:11,095 LBFGS        INFO     options = {'factr': 100000.0, 'gtol': 1e-05, 'max_iter': 500, 'test_convergence': False}
rank #0: 2019-02-16 13:35:11,095 LBFGS        PARAM    0000          0.000000          2.000000          0.000000          4.000000        103.003070
rank #0: 2019-02-16 13:35:11,742 LBFGS        PARAM    0001         26.327706          2.088973          0.723899          3.977992         90.789896
rank #0: 2019-02-16 13:35:12,322 LBFGS        PARAM    0002        -38.809498          2.278551          3.696247          4.014689         80.389051
rank #0: 2019-02-16 13:35:12,903 LBFGS        PARAM    0003       -127.747716          2.298847          4.743294          4.082725         78.169301
rank #0: 2019-02-16 13:35:13,486 LBFGS        PARAM    0004       -352.449482          2.349406          8.864739          4.241725         75.854752
rank #0: 2019-02-16 13:35:14,068 LBFGS        PARAM    0005       -352.181723          2.346682         10.218902          4.224212         75.826918
rank #0: 2019-02-16 13:35:14,651 LBFGS        PARAM    0006       -370.853866          2.330012         28.767745          4.025651         75.618153
rank #0: 2019-02-16 13:35:15,237 LBFGS        PARAM    0007       -374.030068          2.325107         42.720112          3.995838         75.511375
rank #0: 2019-02-16 13:35:15,823 LBFGS        PARAM    0008       -332.329550          2.311242         70.986267          4.123738         75.401337
rank #0: 2019-02-16 13:35:16,409 LBFGS        PARAM    0009       -349.861762          2.320536         67.849463          4.102462         75.393249
rank #0: 2019-02-16 13:35:16,996 LBFGS        PARAM    0010       -345.406124          2.318606         66.708210          4.112934         75.390849
rank #0: 2019-02-16 13:35:17,581 LBFGS        PARAM    0011       -344.909249          2.318683         66.618544          4.114999         75.390832
rank #0: 2019-02-16 13:35:18,167 LBFGS        PARAM    0012       -344.870548          2.318723         66.585661          4.115419         75.390831
rank #0: 2019-02-16 13:35:18,753 LBFGS        PARAM    0013       -344.870092          2.318723         66.586388          4.115420         75.390831
rank #0: 2019-02-16 13:35:19,469 LBFGS        PARAM    0014       -344.870096          2.318723         66.586387          4.115420         75.390831
rank #0: 2019-02-16 13:35:33,127 LBFGS        PARAM    0015       -344.870096          2.318723         66.586387          4.115420         75.390831
rank #0: 2019-02-16 13:35:59,010 LBFGS        INFO     Linesearch failed in both LBFGS and gradient directions
rank #0: 2019-02-16 13:35:59,011 LBFGS        PARAM    0015       -344.870096          2.318723         66.586387          4.115420         75.390831
rank #0: 2019-02-16 13:35:59,011 rsdfit.lbfgs_fitter WARNING  ...LBFGS optimization finished. Time elapsed: 0:00:47.92
rank #0: 2019-02-16 13:35:59,011 rsdfit.lbfgs_fitter ERROR    nonlinear fit with method L-BFGS-B failed: Linesearch failed in both LBFGS and gradient directions
rank #0: 2019-02-16 13:35:59,012 rsdfit.fitting_driver INFO     rank 62 on nid00594     ...fitting complete
rank #0: 2019-02-16 13:35:59,057 rsdfit.fitting_driver INFO     rank 62 on nid00594     Saving the results to `/global/cscratch1/sd/nhand/eBOSS/fits/results/mocks/ezmock/v1.8e-fph/0.005-0.3/basemodel-N-fnl/0.8-2.2/QSO-S-0089-P0+P2-mock-cov-7b0931f16d/2019-02-16_nlopt_15i_chain0__1.npz`
rank #0: 2019-02-16 13:35:59,066 pyRSD.analysis.lbfgs_results INFO     
minimum chi2 = 75.39083119530574

Free parameters [ mean ]
_______________
N              : -344.8700964651464
b1             : 2.3187227529147303
f_nl           : 66.58638722610795
sigma_fog      : 4.11541960571289

Constrained parameters [ mean ]
_________________________
b1sigma8       : 0.9235779038335301
