rank #0: 2018-12-30 19:56:05,545 rsdfit.fitting_driver INFO     rank 23 on nid00630     Calling the 'nlopt' solve function
rank #0: 2018-12-30 19:56:05,546 rsdfit.lbfgs_fitter INFO     running LBFGS for 500 iterations and then stopping
rank #0: 2018-12-30 19:56:05,547 rsdfit.lbfgs_fitter INFO     running LBFGS minimizer with priors
rank #0: 2018-12-30 19:56:05,547 root         INFO     Iter           N          b1        f_nl   sigma_fog   F(X)     
rank #0: 2018-12-30 19:56:05,548 rsdfit.lbfgs_fitter INFO     computing gradient using numerical derivative of lnlike()
rank #0: 2018-12-30 19:56:06,732 LBFGS        INFO     options = {'factr': 100000.0, 'gtol': 1e-05, 'max_iter': 500, 'test_convergence': False}
rank #0: 2018-12-30 19:56:06,734 LBFGS        PARAM    0000          0.000000          2.000000          0.000000          4.000000        139.070034
rank #0: 2018-12-30 19:56:08,102 LBFGS        PARAM    0001         56.819951          2.148415          1.207410          3.985642        110.674452
rank #0: 2018-12-30 19:56:09,351 LBFGS        PARAM    0002        -37.673258          2.457384          6.367258          4.138371         88.571040
rank #0: 2018-12-30 19:56:10,583 LBFGS        PARAM    0003       -159.016570          2.467779          7.245305          4.292579         83.049351
rank #0: 2018-12-30 19:56:11,826 LBFGS        PARAM    0004       -426.721514          2.545213         10.618822          4.692069         78.466631
rank #0: 2018-12-30 19:56:13,048 LBFGS        PARAM    0005       -396.050491          2.534164         10.835031          4.774102         78.184654
rank #0: 2018-12-30 19:56:14,279 LBFGS        PARAM    0006       -281.557441          2.518994         12.943497          5.208208         77.440804
rank #0: 2018-12-30 19:56:15,520 LBFGS        PARAM    0007       -237.554740          2.530025         14.707822          5.491143         77.228688
rank #0: 2018-12-30 19:56:16,744 LBFGS        PARAM    0008       -236.793169          2.536025         14.785729          5.548966         77.215594
rank #0: 2018-12-30 19:56:17,987 LBFGS        PARAM    0009       -237.291276          2.536756         14.595696          5.550507         77.215207
rank #0: 2018-12-30 19:56:19,211 LBFGS        PARAM    0010       -238.034450          2.537741         14.089093          5.551588         77.214690
rank #0: 2018-12-30 19:56:20,449 LBFGS        PARAM    0011       -238.167250          2.538126         13.558275          5.552692         77.214334
rank #0: 2018-12-30 19:56:21,687 LBFGS        PARAM    0012       -237.547697          2.537774         13.179442          5.554337         77.214158
rank #0: 2018-12-30 19:56:22,918 LBFGS        PARAM    0013       -237.547457          2.537776         13.176698          5.553982         77.214157
rank #0: 2018-12-30 19:56:24,166 LBFGS        PARAM    0014       -237.555389          2.537776         13.175648          5.553930         77.214157
rank #0: 2018-12-30 19:56:25,397 LBFGS        PARAM    0015       -237.555724          2.537776         13.175570          5.553929         77.214157
rank #0: 2018-12-30 19:56:27,113 LBFGS        PARAM    0016       -237.555712          2.537776         13.175564          5.553929         77.214157
rank #0: 2018-12-30 19:56:28,650 LBFGS        PARAM    0017       -237.555712          2.537776         13.175564          5.553929         77.214157
rank #0: 2018-12-30 19:57:21,163 LBFGS        INFO     Linesearch failed in both LBFGS and gradient directions
rank #0: 2018-12-30 19:57:21,165 LBFGS        PARAM    0017       -237.555712          2.537776         13.175564          5.553929         77.214157
rank #0: 2018-12-30 19:57:21,166 rsdfit.lbfgs_fitter WARNING  ...LBFGS optimization finished. Time elapsed: 0:01:14.43
rank #0: 2018-12-30 19:57:21,168 rsdfit.lbfgs_fitter ERROR    nonlinear fit with method L-BFGS-B failed: Linesearch failed in both LBFGS and gradient directions
rank #0: 2018-12-30 19:57:21,169 rsdfit.fitting_driver INFO     rank 23 on nid00630     ...fitting complete
rank #0: 2018-12-30 19:57:21,173 rsdfit.fitting_driver INFO     rank 23 on nid00630     Saving the results to `/global/cscratch1/sd/nhand/eBOSS/fits/results/mocks/ezmock/v1.8e-fph/0.0001-0.3/basemodel-N-fnl/0.8-2.2/QSO-N-0898-P0+P2-mock-cov-368a762326/2018-12-30_nlopt_17i_chain0__1.npz`
rank #0: 2018-12-30 19:57:23,632 pyRSD.analysis.lbfgs_results INFO     
minimum chi2 = 77.2141572336

Free parameters [ mean ]
_______________
N              : -237.555712442
b1             : 2.5377764512
f_nl           : 13.1755642554
sigma_fog      : 5.55392935546

Constrained parameters [ mean ]
_________________________
b1sigma8       : 0.919267665504
