rank #0: 2017-11-27 22:35:56,296 rsdfit.fitting_driver INFO     rank 217 on nid00500     Calling the 'nlopt' solve function
rank #0: 2017-11-27 22:35:56,297 rsdfit.lbfgs_fitter INFO     running LBFGS for 500 iterations and then stopping
rank #0: 2017-11-27 22:35:56,297 rsdfit.lbfgs_fitter INFO     running LBFGS minimizer with priors
rank #0: 2017-11-27 22:35:56,297 root         INFO     Iter           N          b1        f_nl   sigma_fog   F(X)     
rank #0: 2017-11-27 22:35:56,679 LBFGS        INFO     options = {'factr': 100000.0, 'gtol': 1e-05, 'max_iter': 500, 'test_convergence': False}
rank #0: 2017-11-27 22:35:56,679 LBFGS        PARAM    0000          0.000000          2.000000          0.000000          4.000000         37.582345
rank #0: 2017-11-27 22:35:57,099 LBFGS        PARAM    0001         16.654329          2.097525          1.270879          3.994693         34.157068
rank #0: 2017-11-27 22:35:57,476 LBFGS        PARAM    0002         -1.961795          2.302987          5.900290          3.984461         31.836261
rank #0: 2017-11-27 22:35:57,853 LBFGS        PARAM    0003         -0.612383          2.261987          4.867804          3.988207         31.710278
rank #0: 2017-11-27 22:35:58,228 LBFGS        PARAM    0004         -0.930968          2.266240          5.059863          3.989243         31.708372
rank #0: 2017-11-27 22:35:58,605 LBFGS        PARAM    0005         -1.142679          2.266409          5.164450          3.990792         31.708273
rank #0: 2017-11-27 22:35:58,982 LBFGS        PARAM    0006         -6.567022          2.268090          7.846229          4.031389         31.706188
rank #0: 2017-11-27 22:35:59,358 LBFGS        PARAM    0007        -26.895383          2.270712         17.925112          4.184837         31.699318
rank #0: 2017-11-27 22:35:59,778 LBFGS        PARAM    0008        -41.599141          2.271489         25.222142          4.296246         31.694508
rank #0: 2017-11-27 22:36:00,155 LBFGS        PARAM    0009        -86.158963          2.270130         47.352287          4.635691         31.692443
rank #0: 2017-11-27 22:36:00,532 LBFGS        PARAM    0010        -66.481022          2.267274         37.505020          4.488817         31.673057
rank #0: 2017-11-27 22:36:00,910 LBFGS        PARAM    0011        -71.609508          2.259965         40.030012          4.534969         31.650180
rank #0: 2017-11-27 22:36:01,286 LBFGS        PARAM    0012       -107.516478          2.236802         58.116385          4.834659         31.619298
rank #0: 2017-11-27 22:36:01,664 LBFGS        PARAM    0013       -100.444861          2.240023         55.160494          4.786844         31.618577
rank #0: 2017-11-27 22:36:02,043 LBFGS        PARAM    0014        -99.768081          2.239589         55.790600          4.797740         31.618453
rank #0: 2017-11-27 22:36:02,422 LBFGS        PARAM    0015        -73.073749          2.237614         56.902755          4.829069         31.617318
rank #0: 2017-11-27 22:36:02,802 LBFGS        PARAM    0016        298.174206          2.214701         65.398741          5.145810         31.606701
rank #0: 2017-11-27 22:36:03,181 LBFGS        PARAM    0017        335.893064          2.214743         62.926506          5.141042         31.603603
rank #0: 2017-11-27 22:36:03,559 LBFGS        PARAM    0018        572.701116          2.205514         60.797721          5.257592         31.597509
rank #0: 2017-11-27 22:36:03,937 LBFGS        PARAM    0019        933.080221          2.188394         61.618843          5.474500         31.593670
rank #0: 2017-11-27 22:36:04,315 LBFGS        PARAM    0020       1220.525533          2.172682         64.897460          5.652902         31.592474
rank #0: 2017-11-27 22:36:04,694 LBFGS        PARAM    0021       1309.667636          2.165459         68.930628          5.681741         31.591270
rank #0: 2017-11-27 22:36:05,073 LBFGS        PARAM    0022       1192.552620          2.169542         70.674594          5.574125         31.590839
rank #0: 2017-11-27 22:36:05,452 LBFGS        PARAM    0023       1146.299952          2.172445         69.596590          5.539550         31.590798
rank #0: 2017-11-27 22:36:05,830 LBFGS        PARAM    0024       1146.918486          2.172830         68.816800          5.517738         31.590719
rank #0: 2017-11-27 22:36:06,209 LBFGS        PARAM    0025       1164.772044          2.171778         68.856319          5.497614         31.590636
rank #0: 2017-11-27 22:36:06,588 LBFGS        PARAM    0026       1265.872153          2.165035         70.137663          5.378600         31.590431
rank #0: 2017-11-27 22:36:06,967 LBFGS        PARAM    0027       1267.073432          2.164359         70.765915          5.350529         31.590390
rank #0: 2017-11-27 22:36:07,345 LBFGS        PARAM    0028       1248.802566          2.165252         70.869664          5.355801         31.590381
rank #0: 2017-11-27 22:36:07,722 LBFGS        PARAM    0029       1250.051992          2.165270         70.796221          5.360543         31.590380
rank #0: 2017-11-27 22:36:08,100 LBFGS        PARAM    0030       1251.137778          2.165229         70.787364          5.361732         31.590380
rank #0: 2017-11-27 22:36:08,477 LBFGS        PARAM    0031       1251.257667          2.165221         70.791475          5.361878         31.590380
rank #0: 2017-11-27 22:36:08,855 LBFGS        PARAM    0032       1251.070376          2.165229         70.794981          5.362042         31.590380
rank #0: 2017-11-27 22:36:09,234 LBFGS        PARAM    0033       1251.056875          2.165231         70.792780          5.361988         31.590380
rank #0: 2017-11-27 22:36:09,655 LBFGS        PARAM    0034       1251.109472          2.165228         70.792266          5.361963         31.590380
rank #0: 2017-11-27 22:36:10,033 LBFGS        PARAM    0035       1251.162844          2.165225         70.792516          5.361960         31.590380
rank #0: 2017-11-27 22:36:10,497 LBFGS        PARAM    0036       1251.172518          2.165225         70.792636          5.361961         31.590380
rank #0: 2017-11-27 22:36:10,498 LBFGS        INFO     LBFGS iteration 36: the descent direction does not have a sufficient projection (cos(theta)=-4.09e-02, theta=92.3436) into the gradient; using steepest descent at this step!
rank #0: 2017-11-27 22:36:10,874 LBFGS        PARAM    0037       1251.172634          2.165225         70.792688          5.361961         31.590380
rank #0: 2017-11-27 22:36:11,249 LBFGS        PARAM    0038       1251.173035          2.165225         70.792947          5.361962         31.590380
rank #0: 2017-11-27 22:36:11,626 LBFGS        PARAM    0039       1251.175269          2.165224         70.793722          5.361963         31.590380
rank #0: 2017-11-27 22:36:12,004 LBFGS        PARAM    0040       1251.174339          2.165224         70.793430          5.361963         31.590380
rank #0: 2017-11-27 22:36:28,775 LBFGS        INFO     Linesearch failed in both LBFGS and gradient directions
rank #0: 2017-11-27 22:36:28,776 LBFGS        PARAM    0040       1251.174339          2.165224         70.793430          5.361963         31.590380
rank #0: 2017-11-27 22:36:28,776 rsdfit.lbfgs_fitter WARNING  ...LBFGS optimization finished. Time elapsed: 0:00:32.10
rank #0: 2017-11-27 22:36:28,776 rsdfit.lbfgs_fitter ERROR    nonlinear fit with method L-BFGS-B failed: Linesearch failed in both LBFGS and gradient directions
rank #0: 2017-11-27 22:36:28,777 rsdfit.fitting_driver INFO     rank 217 on nid00500     ...fitting complete
rank #0: 2017-11-27 22:36:28,779 rsdfit.fitting_driver INFO     rank 217 on nid00500     Saving the results to `/global/cscratch1/sd/nhand/eBOSS/fits/results/mocks/ezmock/v1.8e-fph/0.0001-0.05/basemodel-N-fnl/0.8-2.2/QSO-S-0365-P0+P2-mock-cov-a9f629560d/2017-11-27_nlopt_40i_chain0__1.npz`
rank #0: 2017-11-27 22:36:28,797 pyRSD.analysis.lbfgs_results INFO     
minimum chi2 = 31.5903797632

Free parameters [ mean ]
_______________
N              : 1251.17433946
b1             : 2.1652241199
f_nl           : 70.7934301491
sigma_fog      : 5.36196270651

Constrained parameters [ mean ]
_________________________
b1sigma8       : 0.861725813866
