rank #0: 2018-10-08 10:21:25,081 rsdfit.fitting_driver INFO     rank 43 on nid00694     Calling the 'nlopt' solve function
rank #0: 2018-10-08 10:21:25,082 rsdfit.lbfgs_fitter INFO     running LBFGS for 500 iterations and then stopping
rank #0: 2018-10-08 10:21:25,083 rsdfit.lbfgs_fitter INFO     running LBFGS minimizer with priors
rank #0: 2018-10-08 10:21:25,084 root         INFO     Iter           N          b1        f_nl   sigma_fog   F(X)     
rank #0: 2018-10-08 10:21:25,085 rsdfit.lbfgs_fitter INFO     computing gradient using numerical derivative of lnlike()
rank #0: 2018-10-08 10:21:26,292 LBFGS        INFO     options = {'factr': 100000.0, 'gtol': 1e-05, 'max_iter': 500, 'test_convergence': False}
rank #0: 2018-10-08 10:21:26,294 LBFGS        PARAM    0000          0.000000          2.000000          0.000000          4.000000        144.542193
rank #0: 2018-10-08 10:21:27,673 LBFGS        PARAM    0001         82.835883          2.163756          1.277806          3.968695        110.449173
rank #0: 2018-10-08 10:21:28,925 LBFGS        PARAM    0002         10.916335          2.488160          6.414195          4.076967         87.568907
rank #0: 2018-10-08 10:21:30,149 LBFGS        PARAM    0003        -33.696527          2.456452          6.768361          4.239099         83.930558
rank #0: 2018-10-08 10:21:31,525 LBFGS        PARAM    0004       -179.417153          2.448700          8.697527          4.618189         80.534107
rank #0: 2018-10-08 10:21:32,751 LBFGS        PARAM    0005       -203.086780          2.490286         10.638718          4.797836         78.585132
rank #0: 2018-10-08 10:21:33,974 LBFGS        PARAM    0006       -245.153225          2.569873         14.971177          5.162940         77.148564
rank #0: 2018-10-08 10:21:35,222 LBFGS        PARAM    0007       -238.203974          2.564918         14.986692          5.159371         77.126759
rank #0: 2018-10-08 10:21:36,453 LBFGS        PARAM    0008       -219.812809          2.558079         15.631003          5.192697         77.085377
rank #0: 2018-10-08 10:21:37,705 LBFGS        PARAM    0009       -193.951726          2.553899         17.160581          5.277520         77.042511
rank #0: 2018-10-08 10:21:38,941 LBFGS        PARAM    0010       -179.708945          2.555532         19.000688          5.353566         77.022936
rank #0: 2018-10-08 10:21:40,179 LBFGS        PARAM    0011       -178.991242          2.557158         19.801477          5.369654         77.020674
rank #0: 2018-10-08 10:21:41,437 LBFGS        PARAM    0012       -179.702225          2.557555         20.062730          5.369733         77.020410
rank #0: 2018-10-08 10:21:42,673 LBFGS        PARAM    0013       -180.414053          2.557623         20.425567          5.367665         77.020144
rank #0: 2018-10-08 10:21:43,930 LBFGS        PARAM    0014       -180.922990          2.557136         21.073928          5.363164         77.019778
rank #0: 2018-10-08 10:21:45,158 LBFGS        PARAM    0015       -180.245334          2.556128         21.501201          5.359940         77.019591
rank #0: 2018-10-08 10:21:46,402 LBFGS        PARAM    0016       -180.266055          2.556089         21.491642          5.359650         77.019590
rank #0: 2018-10-08 10:21:47,633 LBFGS        PARAM    0017       -180.267310          2.556088         21.488031          5.359634         77.019590
rank #0: 2018-10-08 10:21:48,858 LBFGS        PARAM    0018       -180.266878          2.556088         21.487830          5.359636         77.019590
rank #0: 2018-10-08 10:21:50,112 LBFGS        PARAM    0019       -180.266840          2.556088         21.487825          5.359636         77.019590
rank #0: 2018-10-08 10:21:51,346 LBFGS        PARAM    0020       -180.266834          2.556088         21.487824          5.359636         77.019590
rank #0: 2018-10-08 10:22:45,725 LBFGS        INFO     Linesearch failed in both LBFGS and gradient directions
rank #0: 2018-10-08 10:22:45,727 LBFGS        PARAM    0020       -180.266834          2.556088         21.487824          5.359636         77.019590
rank #0: 2018-10-08 10:22:45,728 rsdfit.lbfgs_fitter WARNING  ...LBFGS optimization finished. Time elapsed: 0:01:19.44
rank #0: 2018-10-08 10:22:45,729 rsdfit.lbfgs_fitter ERROR    nonlinear fit with method L-BFGS-B failed: Linesearch failed in both LBFGS and gradient directions
rank #0: 2018-10-08 10:22:45,731 rsdfit.fitting_driver INFO     rank 43 on nid00694     ...fitting complete
rank #0: 2018-10-08 10:22:45,735 rsdfit.fitting_driver INFO     rank 43 on nid00694     Saving the results to `/global/cscratch1/sd/nhand/eBOSS/fits/results/mocks/ezmock/v1.8e-fph/0.0001-0.3/basemodel-N-fnl/0.8-2.2/QSO-N-0904-P0+P2-mock-cov-4ae05ce33e/2018-10-08_nlopt_20i_chain0__1.npz`
rank #0: 2018-10-08 10:22:45,830 pyRSD.analysis.lbfgs_results INFO     
minimum chi2 = 77.0195903107

Free parameters [ mean ]
_______________
N              : -180.266834022
b1             : 2.55608820061
f_nl           : 21.4878240046
sigma_fog      : 5.35963602995

Constrained parameters [ mean ]
_________________________
b1sigma8       : 0.92590079472
