rank #0: 2018-06-24 14:18:48,084 rsdfit.fitting_driver INFO     rank 42 on nid00537     Calling the 'nlopt' solve function
rank #0: 2018-06-24 14:18:48,085 rsdfit.lbfgs_fitter INFO     running LBFGS for 500 iterations and then stopping
rank #0: 2018-06-24 14:18:48,086 rsdfit.lbfgs_fitter INFO     running LBFGS minimizer with priors
rank #0: 2018-06-24 14:18:48,087 root         INFO     Iter           N          b1        f_nl   sigma_fog   F(X)     
rank #0: 2018-06-24 14:18:48,679 LBFGS        INFO     options = {'factr': 100000.0, 'gtol': 1e-05, 'max_iter': 500, 'test_convergence': False}
rank #0: 2018-06-24 14:18:48,681 LBFGS        PARAM    0000          0.000000          2.000000          0.000000          4.000000        150.636374
rank #0: 2018-06-24 14:18:49,334 LBFGS        PARAM    0001         47.619042          2.119087          2.608359          3.977899        121.255118
rank #0: 2018-06-24 14:18:49,928 LBFGS        PARAM    0002        -33.206789          2.396543         12.295411          4.041125         96.326506
rank #0: 2018-06-24 14:18:50,530 LBFGS        PARAM    0003       -125.626070          2.388397         13.888663          4.129939         91.561379
rank #0: 2018-06-24 14:18:51,127 LBFGS        PARAM    0004       -353.762017          2.437159         20.978829          4.349187         87.212260
rank #0: 2018-06-24 14:18:51,709 LBFGS        PARAM    0005       -360.375493          2.441689         24.346563          4.371349         87.064785
rank #0: 2018-06-24 14:18:52,307 LBFGS        PARAM    0006       -355.255791          2.439929         38.735094          4.439357         86.667161
rank #0: 2018-06-24 14:18:52,906 LBFGS        PARAM    0007       -327.225864          2.422053         52.967545          4.482051         86.396469
rank #0: 2018-06-24 14:18:53,494 LBFGS        PARAM    0008       -306.978180          2.400208         60.131104          4.430633         86.292065
rank #0: 2018-06-24 14:18:54,088 LBFGS        PARAM    0009       -303.321028          2.400124         60.164512          4.423988         86.289936
rank #0: 2018-06-24 14:18:54,688 LBFGS        PARAM    0010       -303.486131          2.400139         60.137527          4.422109         86.289848
rank #0: 2018-06-24 14:18:55,289 LBFGS        PARAM    0011       -305.269671          2.400217         60.155353          4.412256         86.289532
rank #0: 2018-06-24 14:18:55,873 LBFGS        PARAM    0012       -306.295855          2.400236         60.262388          4.409290         86.289473
rank #0: 2018-06-24 14:18:56,472 LBFGS        PARAM    0013       -306.476729          2.400236         60.290783          4.409184         86.289470
rank #0: 2018-06-24 14:18:57,071 LBFGS        PARAM    0014       -306.474581          2.400236         60.291979          4.409246         86.289470
rank #0: 2018-06-24 14:18:57,658 LBFGS        PARAM    0015       -306.473309          2.400236         60.291988          4.409253         86.289470
rank #0: 2018-06-24 14:18:58,253 LBFGS        PARAM    0016       -306.473262          2.400236         60.291986          4.409253         86.289470
rank #0: 2018-06-24 14:19:12,763 LBFGS        PARAM    0017       -306.473276          2.400236         60.291985          4.409253         86.289470
rank #0: 2018-06-24 14:19:38,561 LBFGS        INFO     Linesearch failed in both LBFGS and gradient directions
rank #0: 2018-06-24 14:19:38,563 LBFGS        PARAM    0017       -306.473276          2.400236         60.291985          4.409253         86.289470
rank #0: 2018-06-24 14:19:38,564 rsdfit.lbfgs_fitter WARNING  ...LBFGS optimization finished. Time elapsed: 0:00:49.89
rank #0: 2018-06-24 14:19:38,566 rsdfit.lbfgs_fitter ERROR    nonlinear fit with method L-BFGS-B failed: Linesearch failed in both LBFGS and gradient directions
rank #0: 2018-06-24 14:19:38,567 rsdfit.fitting_driver INFO     rank 42 on nid00537     ...fitting complete
rank #0: 2018-06-24 14:19:38,571 rsdfit.fitting_driver INFO     rank 42 on nid00537     Saving the results to `/global/cscratch1/sd/nhand/eBOSS/fits/results/mocks/ezmock/v1.8e-fph/0.005-0.3/basemodel-N-fnl/0.8-2.2/QSO-N-0799-P0+P2-mock-cov-1ab4f6001f/2018-06-24_nlopt_17i_chain0__1.npz`
rank #0: 2018-06-24 14:19:38,597 pyRSD.analysis.lbfgs_results INFO     
minimum chi2 = 86.2894700631

Free parameters [ mean ]
_______________
N              : -306.473275577
b1             : 2.40023553229
f_nl           : 60.2919854756
sigma_fog      : 4.40925316147

Constrained parameters [ mean ]
_________________________
b1sigma8       : 0.899813037972
