rank #0: 2017-11-27 21:37:40,794 rsdfit.fitting_driver INFO     rank 167 on nid00524     Calling the 'nlopt' solve function
rank #0: 2017-11-27 21:37:40,794 rsdfit.lbfgs_fitter INFO     running LBFGS for 500 iterations and then stopping
rank #0: 2017-11-27 21:37:40,794 rsdfit.lbfgs_fitter INFO     running LBFGS minimizer with priors
rank #0: 2017-11-27 21:37:40,794 root         INFO     Iter           N          b1           f    sigma8_z   sigma_fog   F(X)     
rank #0: 2017-11-27 21:37:41,414 LBFGS        INFO     options = {'factr': 100000.0, 'gtol': 1e-05, 'max_iter': 500, 'test_convergence': False}
rank #0: 2017-11-27 21:37:41,414 LBFGS        PARAM    0000          0.000000          2.000000          0.930883          0.398070          4.000000        104.755037
rank #0: 2017-11-27 21:37:42,108 LBFGS        PARAM    0001         -0.151325          2.002637          0.930994          0.399853          4.000142        101.979735
rank #0: 2017-11-27 21:37:42,745 LBFGS        PARAM    0002        -25.692285          2.063640          0.933327          0.437739          4.027863         78.317703
rank #0: 2017-11-27 21:37:43,381 LBFGS        PARAM    0003        -34.026575          2.049794          0.932636          0.429249          4.040272         76.221490
rank #0: 2017-11-27 21:37:44,018 LBFGS        PARAM    0004        -47.024584          2.051411          0.932560          0.429981          4.056880         75.771078
rank #0: 2017-11-27 21:37:44,656 LBFGS        PARAM    0005       -296.355025          2.070902          0.930639          0.437003          4.377463         71.109002
rank #0: 2017-11-27 21:37:45,291 LBFGS        PARAM    0006       -367.806700          2.070560          0.930082          0.435975          4.473129         70.450914
rank #0: 2017-11-27 21:37:45,928 LBFGS        PARAM    0007       -382.861634          2.068749          0.930039          0.435014          4.496187         70.383524
rank #0: 2017-11-27 21:37:46,565 LBFGS        PARAM    0008       -382.187239          2.068454          0.930091          0.434965          4.496558         70.382802
rank #0: 2017-11-27 21:37:47,201 LBFGS        PARAM    0009       -380.421120          2.067625          0.930290          0.434941          4.499000         70.381025
rank #0: 2017-11-27 21:37:47,838 LBFGS        PARAM    0010       -376.756310          2.065672          0.930837          0.435047          4.507173         70.377031
rank #0: 2017-11-27 21:37:48,477 LBFGS        PARAM    0011       -368.403169          2.060775          0.932326          0.435556          4.531249         70.367493
rank #0: 2017-11-27 21:37:49,115 LBFGS        PARAM    0012       -353.494418          2.051269          0.935384          0.436887          4.582529         70.350129
rank #0: 2017-11-27 21:37:49,753 LBFGS        PARAM    0013       -335.246183          2.037970          0.939891          0.439174          4.656686         70.327434
rank #0: 2017-11-27 21:37:50,392 LBFGS        PARAM    0014       -321.564890          2.013342          0.948548          0.443468          4.730357         70.294804
rank #0: 2017-11-27 21:37:51,031 LBFGS        PARAM    0015       -319.310727          1.995701          0.955208          0.446884          4.764083         70.277093
rank #0: 2017-11-27 21:37:51,668 LBFGS        PARAM    0016       -322.252594          1.994575          0.955804          0.447259          4.758537         70.275695
rank #0: 2017-11-27 21:37:52,307 LBFGS        PARAM    0017       -322.986292          1.995129          0.955633          0.447192          4.756335         70.275667
rank #0: 2017-11-27 21:37:52,946 LBFGS        PARAM    0018       -323.054965          1.995285          0.955581          0.447170          4.756165         70.275665
rank #0: 2017-11-27 21:37:53,584 LBFGS        PARAM    0019       -323.009490          1.995317          0.955570          0.447168          4.756376         70.275665
rank #0: 2017-11-27 21:37:54,223 LBFGS        PARAM    0020       -322.974377          1.995297          0.955577          0.447172          4.756513         70.275665
rank #0: 2017-11-27 21:37:54,864 LBFGS        PARAM    0021       -322.967087          1.995289          0.955580          0.447173          4.756539         70.275665
rank #0: 2017-11-27 21:37:55,503 LBFGS        PARAM    0022       -322.966871          1.995289          0.955580          0.447173          4.756540         70.275665
rank #0: 2017-11-27 21:37:56,144 LBFGS        PARAM    0023       -322.966370          1.995291          0.955582          0.447172          4.756542         70.275665
rank #0: 2017-11-27 21:38:09,211 LBFGS        PARAM    0024       -322.966370          1.995291          0.955582          0.447172          4.756542         70.275665
rank #0: 2017-11-27 21:38:09,853 LBFGS        PARAM    0025       -322.966386          1.995291          0.955582          0.447172          4.756542         70.275665
rank #0: 2017-11-27 21:38:10,492 LBFGS        PARAM    0026       -322.966390          1.995291          0.955582          0.447172          4.756542         70.275665
rank #0: 2017-11-27 21:38:11,136 LBFGS        PARAM    0027       -322.966446          1.995291          0.955582          0.447172          4.756543         70.275665
rank #0: 2017-11-27 21:38:12,016 LBFGS        PARAM    0028       -322.966446          1.995291          0.955582          0.447172          4.756543         70.275665
rank #0: 2017-11-27 21:38:12,834 LBFGS        PARAM    0029       -322.966463          1.995291          0.955582          0.447172          4.756543         70.275665
rank #0: 2017-11-27 21:38:25,849 LBFGS        PARAM    0030       -322.966462          1.995291          0.955582          0.447172          4.756543         70.275665
rank #0: 2017-11-27 21:38:26,545 LBFGS        PARAM    0031       -322.966460          1.995291          0.955582          0.447172          4.756543         70.275665
rank #0: 2017-11-27 21:38:49,945 LBFGS        INFO     Linesearch failed in both LBFGS and gradient directions
rank #0: 2017-11-27 21:38:49,946 LBFGS        PARAM    0031       -322.966460          1.995291          0.955582          0.447172          4.756543         70.275665
rank #0: 2017-11-27 21:38:49,946 rsdfit.lbfgs_fitter WARNING  ...LBFGS optimization finished. Time elapsed: 0:01:08.53
rank #0: 2017-11-27 21:38:49,946 rsdfit.lbfgs_fitter ERROR    nonlinear fit with method L-BFGS-B failed: Linesearch failed in both LBFGS and gradient directions
rank #0: 2017-11-27 21:38:49,947 rsdfit.fitting_driver INFO     rank 167 on nid00524     ...fitting complete
rank #0: 2017-11-27 21:38:49,949 rsdfit.fitting_driver INFO     rank 167 on nid00524     Saving the results to `/global/cscratch1/sd/nhand/eBOSS/fits/results/mocks/ezmock/v1.8e-fph/0.0001-0.3/basemodel-fs8-N/0.8-2.2/QSO-N-0242-P0+P2-mock-cov-5d97c0eb2d/2017-11-27_nlopt_31i_chain0__1.npz`
rank #0: 2017-11-27 21:38:49,969 pyRSD.analysis.lbfgs_results INFO     
minimum chi2 = 70.275664733

Free parameters [ mean ]
_______________
N              : -322.966460033
b1             : 1.99529119193
f              : 0.955581944107
sigma8_z       : 0.447172280885
sigma_fog      : 4.75654322433

Constrained parameters [ mean ]
_________________________
b1sigma8       : 0.892238913324
fsigma8        : 0.427309757519
