rank #0: 2018-10-04 21:07:32,053 rsdfit.fitting_driver INFO     rank 33 on nid01694     Calling the 'nlopt' solve function
rank #0: 2018-10-04 21:07:32,053 rsdfit.lbfgs_fitter INFO     running LBFGS for 500 iterations and then stopping
rank #0: 2018-10-04 21:07:32,054 rsdfit.lbfgs_fitter INFO     running LBFGS minimizer with priors
rank #0: 2018-10-04 21:07:32,054 root         INFO     Iter           N          b1        f_nl   sigma_fog   F(X)     
rank #0: 2018-10-04 21:07:32,054 rsdfit.lbfgs_fitter INFO     computing gradient using numerical derivative of lnlike()
rank #0: 2018-10-04 21:07:33,275 LBFGS        INFO     options = {'factr': 100000.0, 'gtol': 1e-05, 'max_iter': 500, 'test_convergence': False}
rank #0: 2018-10-04 21:07:33,276 LBFGS        PARAM    0000          0.000000          2.000000          0.000000          4.000000        102.273741
rank #0: 2018-10-04 21:07:34,654 LBFGS        PARAM    0001         41.557957          2.107113          2.181315          3.961677         88.098253
rank #0: 2018-10-04 21:07:35,891 LBFGS        PARAM    0002        -36.493013          2.365186          9.926748          3.937158         75.799966
rank #0: 2018-10-04 21:07:37,150 LBFGS        PARAM    0003       -120.626049          2.355079         10.243391          3.986287         73.816932
rank #0: 2018-10-04 21:07:38,388 LBFGS        PARAM    0004       -329.106349          2.394482         12.798759          4.073546         71.986781
rank #0: 2018-10-04 21:07:39,645 LBFGS        PARAM    0005       -368.425028          2.409054         12.509515          4.031577         71.865249
rank #0: 2018-10-04 21:07:40,887 LBFGS        PARAM    0006       -415.303046          2.420343         10.661912          3.907763         71.731926
rank #0: 2018-10-04 21:07:42,131 LBFGS        PARAM    0007       -454.216007          2.420865          8.031440          3.718639         71.631489
rank #0: 2018-10-04 21:07:43,393 LBFGS        PARAM    0008       -452.274731          2.414915          8.740605          3.661972         71.620059
rank #0: 2018-10-04 21:07:44,633 LBFGS        PARAM    0009       -450.748033          2.414525          8.693817          3.663155         71.619965
rank #0: 2018-10-04 21:07:45,893 LBFGS        PARAM    0010       -450.404291          2.414482          8.631370          3.663697         71.619955
rank #0: 2018-10-04 21:07:47,131 LBFGS        PARAM    0011       -450.449163          2.414511          8.607113          3.663667         71.619954
rank #0: 2018-10-04 21:07:48,370 LBFGS        PARAM    0012       -450.478343          2.414521          8.603757          3.663628         71.619954
rank #0: 2018-10-04 21:07:49,630 LBFGS        PARAM    0013       -450.478578          2.414521          8.603758          3.663626         71.619954
rank #0: 2018-10-04 21:07:50,869 LBFGS        PARAM    0014       -450.478593          2.414521          8.603759          3.663626         71.619954
rank #0: 2018-10-04 21:08:46,300 LBFGS        INFO     Linesearch failed in both LBFGS and gradient directions
rank #0: 2018-10-04 21:08:46,301 LBFGS        PARAM    0014       -450.478593          2.414521          8.603759          3.663626         71.619954
rank #0: 2018-10-04 21:08:46,301 rsdfit.lbfgs_fitter WARNING  ...LBFGS optimization finished. Time elapsed: 0:01:13.03
rank #0: 2018-10-04 21:08:46,302 rsdfit.lbfgs_fitter ERROR    nonlinear fit with method L-BFGS-B failed: Linesearch failed in both LBFGS and gradient directions
rank #0: 2018-10-04 21:08:46,303 rsdfit.fitting_driver INFO     rank 33 on nid01694     ...fitting complete
rank #0: 2018-10-04 21:08:46,306 rsdfit.fitting_driver INFO     rank 33 on nid01694     Saving the results to `/global/cscratch1/sd/nhand/eBOSS/fits/results/mocks/ezmock/v1.8e-fph/0.0001-0.3/basemodel-N-fnl/0.8-2.2/QSO-S-0163-P0+P2-mock-cov-96ccb1008d/2018-10-04_nlopt_14i_chain0__1.npz`
rank #0: 2018-10-04 21:08:46,351 pyRSD.analysis.lbfgs_results INFO     
minimum chi2 = 71.6199537677

Free parameters [ mean ]
_______________
N              : -450.478592646
b1             : 2.41452073751
f_nl           : 8.60375934098
sigma_fog      : 3.66362624527

Constrained parameters [ mean ]
_________________________
b1sigma8       : 0.905168351535
