rank #0: 2017-11-27 20:42:43,253 rsdfit.fitting_driver INFO     rank 161 on nid00566     Calling the 'nlopt' solve function
rank #0: 2017-11-27 20:42:43,257 rsdfit.lbfgs_fitter INFO     running LBFGS for 500 iterations and then stopping
rank #0: 2017-11-27 20:42:43,257 rsdfit.lbfgs_fitter INFO     running LBFGS minimizer with priors
rank #0: 2017-11-27 20:42:43,258 root         INFO     Iter           N          b1        f_nl   sigma_fog   F(X)     
rank #0: 2017-11-27 20:42:43,779 LBFGS        INFO     options = {'factr': 100000.0, 'gtol': 1e-05, 'max_iter': 500, 'test_convergence': False}
rank #0: 2017-11-27 20:42:43,780 LBFGS        PARAM    0000          0.000000          2.000000          0.000000          4.000000        105.601074
rank #0: 2017-11-27 20:42:44,374 LBFGS        PARAM    0001         -1.481385          2.087750          0.790270          3.996306         90.872400
rank #0: 2017-11-27 20:42:44,908 LBFGS        PARAM    0002        -83.509722          2.261484          4.003852          4.042054         79.946941
rank #0: 2017-11-27 20:42:45,445 LBFGS        PARAM    0003       -129.515109          2.246282          4.434639          4.074838         78.829791
rank #0: 2017-11-27 20:42:45,980 LBFGS        PARAM    0004       -278.804120          2.245563          6.801072          4.169902         77.370792
rank #0: 2017-11-27 20:42:46,513 LBFGS        PARAM    0005       -344.078694          2.258003          9.175245          4.180240         77.128167
rank #0: 2017-11-27 20:42:47,039 LBFGS        PARAM    0006       -366.348764          2.261518         11.778985          4.141551         77.045314
rank #0: 2017-11-27 20:42:47,565 LBFGS        PARAM    0007       -410.416374          2.263840         20.432957          3.999861         76.879107
rank #0: 2017-11-27 20:42:48,093 LBFGS        PARAM    0008       -426.613182          2.258884         29.341173          3.890974         76.762409
rank #0: 2017-11-27 20:42:48,621 LBFGS        PARAM    0009       -424.965447          2.248216         51.986733          3.803824         76.536820
rank #0: 2017-11-27 20:42:49,147 LBFGS        PARAM    0010       -386.817209          2.233667         75.194032          3.874697         76.380130
rank #0: 2017-11-27 20:42:49,671 LBFGS        PARAM    0011       -355.700290          2.233706         70.231437          3.941779         76.346164
rank #0: 2017-11-27 20:42:50,196 LBFGS        PARAM    0012       -354.584802          2.234045         70.682102          3.951285         76.345650
rank #0: 2017-11-27 20:42:50,721 LBFGS        PARAM    0013       -354.931930          2.234077         70.614553          3.952243         76.345639
rank #0: 2017-11-27 20:42:51,245 LBFGS        PARAM    0014       -354.939405          2.234081         70.611246          3.952241         76.345639
rank #0: 2017-11-27 20:42:51,769 LBFGS        PARAM    0015       -354.939598          2.234081         70.611161          3.952241         76.345639
rank #0: 2017-11-27 20:42:52,295 LBFGS        PARAM    0016       -354.939579          2.234081         70.611162          3.952241         76.345639
rank #0: 2017-11-27 20:42:52,820 LBFGS        PARAM    0017       -354.939583          2.234081         70.611163          3.952241         76.345639
rank #0: 2017-11-27 20:43:14,973 LBFGS        INFO     Linesearch failed in both LBFGS and gradient directions
rank #0: 2017-11-27 20:43:14,974 LBFGS        PARAM    0017       -354.939583          2.234081         70.611163          3.952241         76.345639
rank #0: 2017-11-27 20:43:14,974 rsdfit.lbfgs_fitter WARNING  ...LBFGS optimization finished. Time elapsed: 0:00:31.20
rank #0: 2017-11-27 20:43:14,975 rsdfit.lbfgs_fitter ERROR    nonlinear fit with method L-BFGS-B failed: Linesearch failed in both LBFGS and gradient directions
rank #0: 2017-11-27 20:43:14,975 rsdfit.fitting_driver INFO     rank 161 on nid00566     ...fitting complete
rank #0: 2017-11-27 20:43:14,978 rsdfit.fitting_driver INFO     rank 161 on nid00566     Saving the results to `/global/cscratch1/sd/nhand/eBOSS/fits/results/mocks/ezmock/v1.8e-fph/0.0001-0.3/basemodel-N-fnl/0.8-2.2/QSO-N-0994-P0+P2-mock-cov-a9f629560d/2017-11-27_nlopt_17i_chain0__1.npz`
rank #0: 2017-11-27 20:43:14,999 pyRSD.analysis.lbfgs_results INFO     
minimum chi2 = 76.3456391551

Free parameters [ mean ]
_______________
N              : -354.939583304
b1             : 2.23408129711
f_nl           : 70.6111634813
sigma_fog      : 3.95224051862

Constrained parameters [ mean ]
_________________________
b1sigma8       : 0.889321511186
