rank #0: 2018-10-04 21:15:42,532 rsdfit.fitting_driver INFO     rank 52 on nid01694     Calling the 'nlopt' solve function
rank #0: 2018-10-04 21:15:42,533 rsdfit.lbfgs_fitter INFO     running LBFGS for 500 iterations and then stopping
rank #0: 2018-10-04 21:15:42,533 rsdfit.lbfgs_fitter INFO     running LBFGS minimizer with priors
rank #0: 2018-10-04 21:15:42,534 root         INFO     Iter           N          b1        f_nl   sigma_fog   F(X)     
rank #0: 2018-10-04 21:15:42,534 rsdfit.lbfgs_fitter INFO     computing gradient using numerical derivative of lnlike()
rank #0: 2018-10-04 21:15:43,691 LBFGS        INFO     options = {'factr': 100000.0, 'gtol': 1e-05, 'max_iter': 500, 'test_convergence': False}
rank #0: 2018-10-04 21:15:43,693 LBFGS        PARAM    0000          0.000000          2.000000          0.000000          4.000000         93.710577
rank #0: 2018-10-04 21:15:45,018 LBFGS        PARAM    0001         35.439402          2.096629          1.998194          3.971313         82.289645
rank #0: 2018-10-04 21:15:46,232 LBFGS        PARAM    0002        -36.771198          2.328479          9.191063          3.978147         71.993996
rank #0: 2018-10-04 21:15:47,424 LBFGS        PARAM    0003       -119.365772          2.328690         10.212861          4.034142         70.295189
rank #0: 2018-10-04 21:15:48,638 LBFGS        PARAM    0004       -327.048530          2.374373         14.379906          4.152008         68.739439
rank #0: 2018-10-04 21:15:49,832 LBFGS        PARAM    0005       -333.502032          2.373925         14.753850          4.116807         68.714038
rank #0: 2018-10-04 21:15:51,036 LBFGS        PARAM    0006       -368.981083          2.371724         16.385793          3.931543         68.653772
rank #0: 2018-10-04 21:15:52,245 LBFGS        PARAM    0007       -368.813132          2.372147         16.321882          3.933875         68.653754
rank #0: 2018-10-04 21:15:53,438 LBFGS        PARAM    0008       -368.753994          2.372015         16.327578          3.933973         68.653749
rank #0: 2018-10-04 21:15:54,653 LBFGS        PARAM    0009       -368.764145          2.372016         16.325135          3.933942         68.653749
rank #0: 2018-10-04 21:15:55,845 LBFGS        PARAM    0010       -368.823709          2.372037         16.302630          3.933808         68.653749
rank #0: 2018-10-04 21:15:57,061 LBFGS        PARAM    0011       -368.823446          2.372038         16.302074          3.933812         68.653749
rank #0: 2018-10-04 21:15:58,254 LBFGS        PARAM    0012       -368.823600          2.372038         16.302081          3.933811         68.653749
rank #0: 2018-10-04 21:15:59,720 LBFGS        PARAM    0013       -368.823600          2.372038         16.302081          3.933811         68.653749
rank #0: 2018-10-04 21:16:52,369 LBFGS        INFO     Linesearch failed in both LBFGS and gradient directions
rank #0: 2018-10-04 21:16:52,371 LBFGS        PARAM    0013       -368.823600          2.372038         16.302081          3.933811         68.653749
rank #0: 2018-10-04 21:16:52,371 rsdfit.lbfgs_fitter WARNING  ...LBFGS optimization finished. Time elapsed: 0:01:08.68
rank #0: 2018-10-04 21:16:52,372 rsdfit.lbfgs_fitter ERROR    nonlinear fit with method L-BFGS-B failed: Linesearch failed in both LBFGS and gradient directions
rank #0: 2018-10-04 21:16:52,373 rsdfit.fitting_driver INFO     rank 52 on nid01694     ...fitting complete
rank #0: 2018-10-04 21:16:52,377 rsdfit.fitting_driver INFO     rank 52 on nid01694     Saving the results to `/global/cscratch1/sd/nhand/eBOSS/fits/results/mocks/ezmock/v1.8e-fph/0.0001-0.3/basemodel-N-fnl/0.8-2.2/QSO-S-0488-P0+P2-mock-cov-96ccb1008d/2018-10-04_nlopt_13i_chain0__1.npz`
rank #0: 2018-10-04 21:16:52,441 pyRSD.analysis.lbfgs_results INFO     
minimum chi2 = 68.6537488964

Free parameters [ mean ]
_______________
N              : -368.823599573
b1             : 2.37203835146
f_nl           : 16.3020810114
sigma_fog      : 3.93381133408

Constrained parameters [ mean ]
_________________________
b1sigma8       : 0.889242329138
