rank #0: 2017-11-27 22:09:34,137 rsdfit.fitting_driver INFO     rank 91 on nid00536     Calling the 'nlopt' solve function
rank #0: 2017-11-27 22:09:34,138 rsdfit.lbfgs_fitter INFO     running LBFGS for 500 iterations and then stopping
rank #0: 2017-11-27 22:09:34,138 rsdfit.lbfgs_fitter INFO     running LBFGS minimizer with priors
rank #0: 2017-11-27 22:09:34,138 root         INFO     Iter           N   alpha_par   alpha_perp          b1           f        f_nl    sigma8_z   sigma_fog   F(X)     
rank #0: 2017-11-27 22:09:35,120 LBFGS        INFO     options = {'factr': 100000.0, 'gtol': 1e-05, 'max_iter': 500, 'test_convergence': False}
rank #0: 2017-11-27 22:09:35,120 LBFGS        PARAM    0000          0.000000          1.000000          1.000000          2.000000          0.930924          0.000000          0.397985          4.000000         87.095506
rank #0: 2017-11-27 22:09:36,188 LBFGS        PARAM    0001         -0.069779          0.999908          0.999848          2.001606          0.930989          0.013412          0.399064          3.999816         86.301873
rank #0: 2017-11-27 22:09:37,200 LBFGS        PARAM    0002        -20.064209          0.996179          0.994654          2.051749          0.932497          0.562089          0.429709          4.006953         76.747559
rank #0: 2017-11-27 22:09:38,208 LBFGS        PARAM    0003        -28.373387          0.996239          0.995338          2.042578          0.931820          0.527894          0.423514          4.015694         76.090681
rank #0: 2017-11-27 22:09:39,217 LBFGS        PARAM    0004        -40.730093          0.995531          0.994918          2.043897          0.931466          0.612578          0.423495          4.025446         75.904056
rank #0: 2017-11-27 22:09:40,228 LBFGS        PARAM    0005       -429.260716          0.972845          0.974893          2.086311          0.918005          3.540267          0.418477          4.258710         73.285322
rank #0: 2017-11-27 22:09:41,243 LBFGS        PARAM    0006       -385.124895          0.974829          0.973180          2.096276          0.914075          3.575892          0.415307          4.157894         73.095937
rank #0: 2017-11-27 22:09:42,261 LBFGS        PARAM    0007       -356.139954          0.973607          0.965001          2.131263          0.901037          4.244499          0.406613          3.972805         72.850408
rank #0: 2017-11-27 22:09:43,279 LBFGS        PARAM    0008       -341.967745          0.965748          0.945449          2.218722          0.868603          6.022350          0.386921          3.619635         72.488691
rank #0: 2017-11-27 22:09:44,297 LBFGS        PARAM    0009       -361.526187          0.955789          0.929210          2.295047          0.839704          7.554503          0.372256          3.379502         72.232551
rank #0: 2017-11-27 22:09:45,377 LBFGS        PARAM    0010       -331.421748          0.945258          0.926865          2.340107          0.815742          6.459264          0.365239          3.321595         72.118337
rank #0: 2017-11-27 22:09:46,397 LBFGS        PARAM    0011       -381.886322          0.938167          0.915700          2.378725          0.794424          5.698772          0.360176          3.218670         71.986157
rank #0: 2017-11-27 22:09:47,418 LBFGS        PARAM    0012       -387.472036          0.935488          0.911775          2.397206          0.786067          5.621245          0.356321          3.163786         71.980831
rank #0: 2017-11-27 22:09:48,438 LBFGS        PARAM    0013       -384.497088          0.935615          0.912216          2.395989          0.786080          5.402906          0.356796          3.168586         71.978313
rank #0: 2017-11-27 22:09:49,459 LBFGS        PARAM    0014       -382.220578          0.935494          0.911927          2.397327          0.784494          4.969874          0.356756          3.163585         71.975779
rank #0: 2017-11-27 22:09:50,480 LBFGS        PARAM    0015       -378.328405          0.935305          0.910780          2.400758          0.779547          3.470268          0.356537          3.148742         71.968932
rank #0: 2017-11-27 22:09:51,498 LBFGS        PARAM    0016       -374.039217          0.935357          0.908399          2.405158          0.769336         -0.137651          0.356370          3.125632         71.954575
rank #0: 2017-11-27 22:09:52,521 LBFGS        PARAM    0017       -370.333193          0.936379          0.903461          2.408944          0.747305         -9.031248          0.356798          3.093097         71.922098
rank #0: 2017-11-27 22:09:53,543 LBFGS        PARAM    0018       -371.142047          0.939983          0.895245          2.404764          0.708229        -26.994108          0.359232          3.069455         71.860267
rank #0: 2017-11-27 22:09:54,565 LBFGS        PARAM    0019       -376.940888          0.949136          0.882586          2.378484          0.647052        -59.520272          0.366126          3.103720         71.771068
rank #0: 2017-11-27 22:09:55,584 LBFGS        PARAM    0020       -373.346105          0.955533          0.876927          2.348482          0.629365        -73.444544          0.371112          3.199883         71.718931
rank #0: 2017-11-27 22:09:56,603 LBFGS        PARAM    0021       -364.416206          0.961620          0.873507          2.306199          0.638949        -77.631808          0.375895          3.382363         71.662475
rank #0: 2017-11-27 22:09:57,619 LBFGS        PARAM    0022       -358.811328          0.960826          0.865707          2.309939          0.628466        -81.361399          0.374153          3.406417         71.626538
rank #0: 2017-11-27 22:09:58,635 LBFGS        PARAM    0023       -357.744267          0.960708          0.864571          2.310578          0.626943        -81.888243          0.373877          3.409450         71.621090
rank #0: 2017-11-27 22:09:58,636 LBFGS        INFO     LBFGS iteration 23: the descent direction does not have a sufficient projection (cos(theta)=-7.73e-02, theta=94.4340) into the gradient; using steepest descent at this step!
rank #0: 2017-11-27 22:09:59,714 LBFGS        PARAM    0024       -357.686679          0.960705          0.864563          2.310617          0.626945        -81.886863          0.373909          3.409453         71.620032
rank #0: 2017-11-27 22:10:00,735 LBFGS        PARAM    0025       -355.372396          0.960634          0.864313          2.311444          0.626958        -81.832382          0.374626          3.409968         71.606406
rank #0: 2017-11-27 22:10:01,755 LBFGS        PARAM    0026       -354.216242          0.960613          0.864215          2.311428          0.626941        -81.805176          0.374640          3.410484         71.604651
rank #0: 2017-11-27 22:10:02,777 LBFGS        PARAM    0027       -328.726826          0.960156          0.862037          2.310273          0.626525        -81.193271          0.374330          3.422808         71.577520
rank #0: 2017-11-27 22:10:03,800 LBFGS        PARAM    0028       -309.352372          0.959735          0.860065          2.308757          0.626141        -80.668917          0.373646          3.434854         71.561290
rank #0: 2017-11-27 22:10:04,821 LBFGS        PARAM    0029       -280.012832          0.958189          0.853524          2.305055          0.625128        -79.282422          0.372035          3.477092         71.516203
rank #0: 2017-11-27 22:10:05,842 LBFGS        PARAM    0030       -171.588486          0.950485          0.819073          2.289833          0.619716        -73.167596          0.364005          3.689302         71.346365
rank #0: 2017-11-27 22:10:06,864 LBFGS        PARAM    0031       -114.995153          0.944103          0.788272          2.282582          0.613729        -69.211561          0.356268          3.862062         71.203259
rank #0: 2017-11-27 22:10:07,886 LBFGS        PARAM    0032       -133.414714          0.939427          0.770726          2.301012          0.603019        -70.371598          0.349272          3.944021         71.025818
rank #0: 2017-11-27 22:10:08,908 LBFGS        PARAM    0033       -174.324609          0.940826          0.779011          2.317054          0.600280        -73.695756          0.350100          3.881034         70.985136
rank #0: 2017-11-27 22:10:09,930 LBFGS        PARAM    0034       -172.697527          0.940030          0.771222          2.334959          0.593044        -76.569175          0.346512          3.876091         70.907948
rank #0: 2017-11-27 22:10:10,956 LBFGS        PARAM    0035       -158.969908          0.939161          0.741459          2.443172          0.553456        -95.870546          0.328337          3.748120         70.648229
rank #0: 2017-11-27 22:10:11,980 LBFGS        PARAM    0036       -159.286466          0.939775          0.746782          2.477549          0.544106       -102.583837          0.325971          3.670590         70.535034
rank #0: 2017-11-27 22:10:13,005 LBFGS        PARAM    0037       -130.696430          0.934555          0.742802          2.509449          0.531156       -106.354683          0.320616          3.705464         70.477460
rank #0: 2017-11-27 22:10:14,033 LBFGS        PARAM    0038       -134.288618          0.934749          0.746131          2.499461          0.534734       -104.540950          0.322759          3.712482         70.475106
rank #0: 2017-11-27 22:10:15,057 LBFGS        PARAM    0039       -136.056457          0.934631          0.745052          2.504547          0.532874       -105.363100          0.321990          3.707221         70.473856
rank #0: 2017-11-27 22:10:16,084 LBFGS        PARAM    0040       -135.221359          0.934387          0.744254          2.506644          0.531686       -105.461834          0.321594          3.706808         70.472981
rank #0: 2017-11-27 22:10:17,106 LBFGS        PARAM    0041       -134.746221          0.933561          0.742412          2.514035          0.526963       -105.229636          0.320447          3.698131         70.469280
rank #0: 2017-11-27 22:10:18,127 LBFGS        PARAM    0042       -135.303261          0.932599          0.740674          2.524649          0.519324       -104.095342          0.318997          3.673161         70.463522
rank #0: 2017-11-27 22:10:19,145 LBFGS        PARAM    0043       -138.112694          0.931989          0.740068          2.536764          0.509828       -101.923257          0.317615          3.627876         70.456753
rank #0: 2017-11-27 22:10:20,164 LBFGS        PARAM    0044       -140.663122          0.935748          0.740749          2.547836          0.502913        -99.348878          0.316538          3.597315         70.453068
rank #0: 2017-11-27 22:10:21,186 LBFGS        PARAM    0045       -142.744831          0.935383          0.742281          2.545408          0.503594        -98.818770          0.317340          3.595675         70.450463
rank #0: 2017-11-27 22:10:22,210 LBFGS        PARAM    0046       -143.302661          0.935864          0.742969          2.544628          0.504046        -98.492911          0.317649          3.599816         70.450030
rank #0: 2017-11-27 22:10:23,234 LBFGS        PARAM    0047       -143.808312          0.937095          0.743688          2.544927          0.504136        -97.969871          0.317928          3.609809         70.449292
rank #0: 2017-11-27 22:10:24,262 LBFGS        PARAM    0048       -144.581366          0.941370          0.744917          2.549825          0.502423        -96.478497          0.318214          3.643494         70.446947
rank #0: 2017-11-27 22:10:25,289 LBFGS        PARAM    0049       -145.452973          0.953723          0.746667          2.569444          0.494627        -92.664523          0.318083          3.739992         70.440606
rank #0: 2017-11-27 22:10:26,315 LBFGS        PARAM    0050       -146.097399          0.988619          0.749028          2.633021          0.468662        -82.856340          0.316278          4.010116         70.425952
rank #0: 2017-11-27 22:10:27,334 LBFGS        PARAM    0051       -145.027411          1.017404          0.748575          2.694663          0.443722        -76.519455          0.313275          4.230940         70.414248
rank #0: 2017-11-27 22:10:28,354 LBFGS        PARAM    0052       -139.934361          1.029599          0.743935          2.737863          0.424082        -77.182984          0.309465          4.312698         70.396160
rank #0: 2017-11-27 22:10:29,375 LBFGS        PARAM    0053       -136.999333          1.029011          0.738633          2.753472          0.413809        -78.779975          0.306935          4.307179         70.389412
rank #0: 2017-11-27 22:10:30,394 LBFGS        PARAM    0054       -137.178638          1.029650          0.738243          2.755002          0.412536        -78.069240          0.306820          4.317122         70.389141
rank #0: 2017-11-27 22:10:31,417 LBFGS        PARAM    0055       -137.066553          1.028813          0.738256          2.753456          0.413218        -78.312016          0.306896          4.312046         70.389126
rank #0: 2017-11-27 22:10:32,443 LBFGS        PARAM    0056       -137.028047          1.029024          0.738252          2.754159          0.412900        -78.268048          0.306852          4.313418         70.389124
rank #0: 2017-11-27 22:10:33,470 LBFGS        PARAM    0057       -137.033240          1.029093          0.738248          2.754433          0.412759        -78.250253          0.306835          4.313682         70.389124
rank #0: 2017-11-27 22:10:34,495 LBFGS        PARAM    0058       -137.041388          1.029089          0.738249          2.754436          0.412756        -78.250683          0.306834          4.313631         70.389124
rank #0: 2017-11-27 22:10:35,522 LBFGS        PARAM    0059       -137.042146          1.029088          0.738249          2.754434          0.412757        -78.250786          0.306835          4.313623         70.389124
rank #0: 2017-11-27 22:10:36,549 LBFGS        PARAM    0060       -137.042241          1.029088          0.738249          2.754434          0.412757        -78.250797          0.306835          4.313622         70.389124
rank #0: 2017-11-27 22:10:37,576 LBFGS        PARAM    0061       -137.042609          1.029088          0.738249          2.754434          0.412758        -78.250826          0.306835          4.313617         70.389124
rank #0: 2017-11-27 22:10:38,601 LBFGS        PARAM    0062       -137.043097          1.029087          0.738249          2.754435          0.412758        -78.250826          0.306834          4.313611         70.389124
rank #0: 2017-11-27 22:10:52,787 LBFGS        PARAM    0063       -137.043093          1.029087          0.738249          2.754435          0.412758        -78.250826          0.306834          4.313611         70.389124
rank #0: 2017-11-27 22:10:53,872 LBFGS        PARAM    0064       -137.043080          1.029087          0.738249          2.754435          0.412758        -78.250825          0.306834          4.313611         70.389124
rank #0: 2017-11-27 22:11:18,504 LBFGS        INFO     Linesearch failed in both LBFGS and gradient directions
rank #0: 2017-11-27 22:11:18,505 LBFGS        PARAM    0064       -137.043080          1.029087          0.738249          2.754435          0.412758        -78.250825          0.306834          4.313611         70.389124
rank #0: 2017-11-27 22:11:18,505 rsdfit.lbfgs_fitter WARNING  ...LBFGS optimization finished. Time elapsed: 0:01:43.39
rank #0: 2017-11-27 22:11:18,506 rsdfit.lbfgs_fitter ERROR    nonlinear fit with method L-BFGS-B failed: Linesearch failed in both LBFGS and gradient directions
rank #0: 2017-11-27 22:11:18,507 rsdfit.fitting_driver INFO     rank 91 on nid00536     ...fitting complete
rank #0: 2017-11-27 22:11:18,510 rsdfit.fitting_driver INFO     rank 91 on nid00536     Saving the results to `/global/cscratch1/sd/nhand/eBOSS/fits/results/mocks/ezmock/v1.8e-fph/0.0001-0.3/basemodel-fs8-alphas-N-fnl/0.8-2.2/QSO-S-0766-P0+P2-mock-cov-73062e8cd4/2017-11-27_nlopt_64i_chain0__1.npz`
rank #0: 2017-11-27 22:11:18,532 pyRSD.analysis.lbfgs_results INFO     
minimum chi2 = 70.3891236174

Free parameters [ mean ]
_______________
N              : -137.043080142
alpha_par      : 1.0290870258
alpha_perp     : 0.738249024486
b1             : 2.75443461784
f              : 0.412758428892
f_nl           : -78.2508253868
sigma8_z       : 0.306834368262
sigma_fog      : 4.31361067515

Constrained parameters [ mean ]
_________________________
F_AP           : 1.39395649932
alpha          : 0.824680936561
b1sigma8       : 0.845155205883
epsilon        : 0.117076906584
fsigma8        : 0.126648471774
