rank #0: 2018-10-04 21:50:29,470 rsdfit.fitting_driver INFO     rank 36 on nid01063     Calling the 'nlopt' solve function
rank #0: 2018-10-04 21:50:29,472 rsdfit.lbfgs_fitter INFO     running LBFGS for 500 iterations and then stopping
rank #0: 2018-10-04 21:50:29,472 rsdfit.lbfgs_fitter INFO     running LBFGS minimizer with priors
rank #0: 2018-10-04 21:50:29,473 root         INFO     Iter           N          b1        f_nl   sigma_fog   F(X)     
rank #0: 2018-10-04 21:50:29,474 rsdfit.lbfgs_fitter INFO     computing gradient using numerical derivative of lnlike()
rank #0: 2018-10-04 21:50:30,662 LBFGS        INFO     options = {'factr': 100000.0, 'gtol': 1e-05, 'max_iter': 500, 'test_convergence': False}
rank #0: 2018-10-04 21:50:30,664 LBFGS        PARAM    0000          0.000000          2.000000          0.000000          4.000000         95.559263
rank #0: 2018-10-04 21:50:32,008 LBFGS        PARAM    0001         13.193761          2.109430          0.704591          3.985460         80.972580
rank #0: 2018-10-04 21:50:33,212 LBFGS        PARAM    0002       -105.065369          2.346798          3.214596          4.094282         66.328980
rank #0: 2018-10-04 21:50:34,434 LBFGS        PARAM    0003       -276.183980          2.406473          3.482319          4.218912         61.606292
rank #0: 2018-10-04 21:50:35,639 LBFGS        PARAM    0004       -482.744948          2.434307         -0.343807          4.375111         59.176272
rank #0: 2018-10-04 21:50:36,861 LBFGS        PARAM    0005       -483.681737          2.439281         -1.464429          4.367839         59.139344
rank #0: 2018-10-04 21:50:38,066 LBFGS        PARAM    0006       -489.119048          2.449477         -6.681250          4.338359         59.041880
rank #0: 2018-10-04 21:50:39,270 LBFGS        PARAM    0007       -504.473566          2.462165        -18.015659          4.281960         58.887884
rank #0: 2018-10-04 21:50:40,493 LBFGS        PARAM    0008       -532.217840          2.474524        -37.383154          4.202277         58.685514
rank #0: 2018-10-04 21:50:41,697 LBFGS        PARAM    0009       -510.434127          2.482369        -62.116794          4.388074         58.558314
rank #0: 2018-10-04 21:50:42,924 LBFGS        PARAM    0010       -519.280222          2.476092        -54.848557          4.332711         58.532063
rank #0: 2018-10-04 21:50:44,130 LBFGS        PARAM    0011       -525.205749          2.474447        -55.306447          4.311090         58.527817
rank #0: 2018-10-04 21:50:45,359 LBFGS        PARAM    0012       -525.946935          2.473849        -55.774131          4.307606         58.527501
rank #0: 2018-10-04 21:50:46,572 LBFGS        PARAM    0013       -525.898517          2.473867        -55.830737          4.307900         58.527500
rank #0: 2018-10-04 21:50:47,788 LBFGS        PARAM    0014       -525.890783          2.473871        -55.835794          4.307935         58.527500
rank #0: 2018-10-04 21:50:49,021 LBFGS        PARAM    0015       -525.890816          2.473871        -55.835814          4.307935         58.527500
rank #0: 2018-10-04 21:50:50,776 LBFGS        PARAM    0016       -525.890816          2.473871        -55.835814          4.307935         58.527500
rank #0: 2018-10-04 21:51:20,956 LBFGS        PARAM    0017       -525.890816          2.473871        -55.835814          4.307935         58.527500
rank #0: 2018-10-04 21:52:14,519 LBFGS        INFO     Linesearch failed in both LBFGS and gradient directions
rank #0: 2018-10-04 21:52:14,521 LBFGS        PARAM    0017       -525.890816          2.473871        -55.835814          4.307935         58.527500
rank #0: 2018-10-04 21:52:14,522 rsdfit.lbfgs_fitter WARNING  ...LBFGS optimization finished. Time elapsed: 0:01:43.86
rank #0: 2018-10-04 21:52:14,523 rsdfit.lbfgs_fitter ERROR    nonlinear fit with method L-BFGS-B failed: Linesearch failed in both LBFGS and gradient directions
rank #0: 2018-10-04 21:52:14,525 rsdfit.fitting_driver INFO     rank 36 on nid01063     ...fitting complete
rank #0: 2018-10-04 21:52:14,528 rsdfit.fitting_driver INFO     rank 36 on nid01063     Saving the results to `/global/cscratch1/sd/nhand/eBOSS/fits/results/mocks/ezmock/v1.8e-fph/0.0001-0.3/basemodel-N-fnl/0.8-2.2/QSO-N-0761-P0+P2-mock-cov-4ae05ce33e/2018-10-04_nlopt_17i_chain0__1.npz`
rank #0: 2018-10-04 21:52:14,613 pyRSD.analysis.lbfgs_results INFO     
minimum chi2 = 58.5274999158

Free parameters [ mean ]
_______________
N              : -525.890816049
b1             : 2.47387120766
f_nl           : -55.8358137933
sigma_fog      : 4.30793523565

Constrained parameters [ mean ]
_________________________
b1sigma8       : 0.896119044979
