rank #0: 2018-12-30 16:49:06,083 rsdfit.fitting_driver INFO     rank 46 on nid00554     Calling the 'nlopt' solve function
rank #0: 2018-12-30 16:49:06,084 rsdfit.lbfgs_fitter INFO     running LBFGS for 500 iterations and then stopping
rank #0: 2018-12-30 16:49:06,085 rsdfit.lbfgs_fitter INFO     running LBFGS minimizer with priors
rank #0: 2018-12-30 16:49:06,086 root         INFO     Iter           N          b1        f_nl   sigma_fog   F(X)     
rank #0: 2018-12-30 16:49:06,086 rsdfit.lbfgs_fitter INFO     computing gradient using numerical derivative of lnlike()
rank #0: 2018-12-30 16:49:07,279 LBFGS        INFO     options = {'factr': 100000.0, 'gtol': 1e-05, 'max_iter': 500, 'test_convergence': False}
rank #0: 2018-12-30 16:49:07,280 LBFGS        PARAM    0000          0.000000          2.000000          0.000000          4.000000        131.809679
rank #0: 2018-12-30 16:49:08,635 LBFGS        PARAM    0001         29.945265          2.106264          2.083270          3.992469        108.659976
rank #0: 2018-12-30 16:49:09,857 LBFGS        PARAM    0002        -54.849392          2.350531          9.130103          4.131451         87.088311
rank #0: 2018-12-30 16:49:11,088 LBFGS        PARAM    0003       -156.887205          2.366627         10.128423          4.265136         82.211941
rank #0: 2018-12-30 16:49:12,303 LBFGS        PARAM    0004       -364.378715          2.420550         11.911346          4.605057         78.111843
rank #0: 2018-12-30 16:49:13,545 LBFGS        PARAM    0005       -346.278144          2.416040         10.342107          4.670047         77.883311
rank #0: 2018-12-30 16:49:14,765 LBFGS        PARAM    0006       -272.603265          2.419103          4.238905          5.000918         77.318505
rank #0: 2018-12-30 16:49:15,998 LBFGS        PARAM    0007       -248.520895          2.423938          5.653120          5.122704         77.255933
rank #0: 2018-12-30 16:49:17,225 LBFGS        PARAM    0008       -248.090965          2.424667          5.849540          5.131886         77.255442
rank #0: 2018-12-30 16:49:18,444 LBFGS        PARAM    0009       -248.097074          2.424664          5.864199          5.131735         77.255441
rank #0: 2018-12-30 16:49:19,675 LBFGS        PARAM    0010       -248.098091          2.424651          5.873570          5.131652         77.255441
rank #0: 2018-12-30 16:49:20,896 LBFGS        PARAM    0011       -248.088310          2.424642          5.876096          5.131671         77.255441
rank #0: 2018-12-30 16:49:22,135 LBFGS        PARAM    0012       -248.088950          2.424642          5.876095          5.131671         77.255441
rank #0: 2018-12-30 16:49:23,351 LBFGS        PARAM    0013       -248.088926          2.424642          5.876096          5.131671         77.255441
rank #0: 2018-12-30 16:49:53,265 LBFGS        PARAM    0014       -248.088926          2.424642          5.876096          5.131671         77.255441
rank #0: 2018-12-30 16:49:54,486 LBFGS        PARAM    0015       -248.088930          2.424642          5.876096          5.131671         77.255441
rank #0: 2018-12-30 16:49:54,488 LBFGS        INFO     LBFGS iteration 15: the descent direction does not have a sufficient projection (cos(theta)=-9.05e-01, theta=154.7743) into the gradient; using steepest descent at this step!
rank #0: 2018-12-30 16:50:19,931 LBFGS        INFO     Linesearch failed in both LBFGS and gradient directions
rank #0: 2018-12-30 16:50:19,932 LBFGS        PARAM    0015       -248.088930          2.424642          5.876096          5.131671         77.255441
rank #0: 2018-12-30 16:50:19,933 rsdfit.lbfgs_fitter WARNING  ...LBFGS optimization finished. Time elapsed: 0:01:12.65
rank #0: 2018-12-30 16:50:19,934 rsdfit.lbfgs_fitter ERROR    nonlinear fit with method L-BFGS-B failed: Linesearch failed in both LBFGS and gradient directions
rank #0: 2018-12-30 16:50:19,935 rsdfit.fitting_driver INFO     rank 46 on nid00554     ...fitting complete
rank #0: 2018-12-30 16:50:19,939 rsdfit.fitting_driver INFO     rank 46 on nid00554     Saving the results to `/global/cscratch1/sd/nhand/eBOSS/fits/results/mocks/ezmock/v1.8e-fph/0.0001-0.3/basemodel-N-fnl/0.8-2.2/QSO-N-0897-P0+P2-mock-cov-baf378684d/2018-12-30_nlopt_15i_chain0__1.npz`
rank #0: 2018-12-30 16:50:20,286 pyRSD.analysis.lbfgs_results INFO     
minimum chi2 = 77.2554410638

Free parameters [ mean ]
_______________
N              : -248.088929546
b1             : 2.42464186939
f_nl           : 5.87609585037
sigma_fog      : 5.13167093209

Constrained parameters [ mean ]
_________________________
b1sigma8       : 0.908962615185
