rank #0: 2018-07-16 20:16:03,468 rsdfit.fitting_driver INFO     rank 35 on nid00617     Calling the 'nlopt' solve function
rank #0: 2018-07-16 20:16:03,469 rsdfit.lbfgs_fitter INFO     running LBFGS for 500 iterations and then stopping
rank #0: 2018-07-16 20:16:03,469 rsdfit.lbfgs_fitter INFO     running LBFGS minimizer with priors
rank #0: 2018-07-16 20:16:03,469 root         INFO     Iter           N          b1        f_nl   sigma_fog   F(X)     
rank #0: 2018-07-16 20:16:04,040 LBFGS        INFO     options = {'factr': 100000.0, 'gtol': 1e-05, 'max_iter': 500, 'test_convergence': False}
rank #0: 2018-07-16 20:16:04,041 LBFGS        PARAM    0000          0.000000          2.000000          0.000000          4.000000        136.096272
rank #0: 2018-07-16 20:16:04,709 LBFGS        PARAM    0001        104.784976          2.170086          1.077745          3.947954         97.214776
rank #0: 2018-07-16 20:16:05,312 LBFGS        PARAM    0002         53.752699          2.487761          4.575205          3.957950         74.586869
rank #0: 2018-07-16 20:16:05,899 LBFGS        PARAM    0003         10.910116          2.449686          3.801841          4.063942         72.011078
rank #0: 2018-07-16 20:16:06,502 LBFGS        PARAM    0004        -71.754072          2.460147          3.465790          4.227794         69.715391
rank #0: 2018-07-16 20:16:07,174 LBFGS        PARAM    0005       -207.080151          2.489459          3.024318          4.464334         68.250095
rank #0: 2018-07-16 20:16:07,777 LBFGS        PARAM    0006       -214.639318          2.519480          2.657064          4.546351         67.589225
rank #0: 2018-07-16 20:16:08,366 LBFGS        PARAM    0007       -222.255479          2.547539          1.524579          4.603109         67.355905
rank #0: 2018-07-16 20:16:08,969 LBFGS        PARAM    0008       -226.267617          2.550339          0.625193          4.593174         67.317818
rank #0: 2018-07-16 20:16:09,573 LBFGS        PARAM    0009       -305.742031          2.583557        -17.134160          4.346738         66.836187
rank #0: 2018-07-16 20:16:10,163 LBFGS        PARAM    0010       -352.079188          2.591031        -28.180354          4.188576         66.661488
rank #0: 2018-07-16 20:16:10,764 LBFGS        PARAM    0011       -372.029894          2.590922        -38.366509          4.124832         66.551768
rank #0: 2018-07-16 20:16:11,366 LBFGS        PARAM    0012       -375.291301          2.589650        -46.313889          4.117143         66.500168
rank #0: 2018-07-16 20:16:11,970 LBFGS        PARAM    0013       -370.724747          2.590818        -53.503871          4.143016         66.460260
rank #0: 2018-07-16 20:16:12,557 LBFGS        PARAM    0014       -358.176245          2.597203        -64.862067          4.216432         66.406606
rank #0: 2018-07-16 20:16:13,155 LBFGS        PARAM    0015       -349.153609          2.605704        -70.082538          4.278345         66.382664
rank #0: 2018-07-16 20:16:13,755 LBFGS        PARAM    0016       -347.724330          2.607028        -69.932574          4.288897         66.381780
rank #0: 2018-07-16 20:16:14,345 LBFGS        PARAM    0017       -347.667075          2.606997        -69.665310          4.288962         66.381762
rank #0: 2018-07-16 20:16:14,938 LBFGS        PARAM    0018       -347.677550          2.606966        -69.611850          4.288801         66.381761
rank #0: 2018-07-16 20:16:15,539 LBFGS        PARAM    0019       -347.678018          2.606964        -69.610261          4.288791         66.381761
rank #0: 2018-07-16 20:16:16,137 LBFGS        PARAM    0020       -347.677926          2.606964        -69.610241          4.288791         66.381761
rank #0: 2018-07-16 20:16:16,789 LBFGS        PARAM    0021       -347.677915          2.606964        -69.610241          4.288791         66.381761
rank #0: 2018-07-16 20:16:17,391 LBFGS        PARAM    0022       -347.677912          2.606964        -69.610243          4.288791         66.381761
rank #0: 2018-07-16 20:16:18,129 LBFGS        PARAM    0023       -347.677912          2.606964        -69.610243          4.288791         66.381761
rank #0: 2018-07-16 20:16:32,653 LBFGS        PARAM    0024       -347.677912          2.606964        -69.610243          4.288791         66.381761
rank #0: 2018-07-16 20:16:32,654 LBFGS        INFO     LBFGS iteration 24: the descent direction does not have a sufficient projection (cos(theta)=-9.27e-01, theta=158.0434) into the gradient; using steepest descent at this step!
rank #0: 2018-07-16 20:16:33,323 LBFGS        PARAM    0025       -347.677906          2.606964        -69.610243          4.288791         66.381761
rank #0: 2018-07-16 20:16:33,909 LBFGS        PARAM    0026       -347.677903          2.606964        -69.610243          4.288791         66.381761
rank #0: 2018-07-16 20:16:59,803 LBFGS        INFO     Linesearch failed in both LBFGS and gradient directions
rank #0: 2018-07-16 20:16:59,804 LBFGS        PARAM    0026       -347.677903          2.606964        -69.610243          4.288791         66.381761
rank #0: 2018-07-16 20:16:59,805 rsdfit.lbfgs_fitter WARNING  ...LBFGS optimization finished. Time elapsed: 0:00:55.76
rank #0: 2018-07-16 20:16:59,805 rsdfit.lbfgs_fitter ERROR    nonlinear fit with method L-BFGS-B failed: Linesearch failed in both LBFGS and gradient directions
rank #0: 2018-07-16 20:16:59,806 rsdfit.fitting_driver INFO     rank 35 on nid00617     ...fitting complete
rank #0: 2018-07-16 20:16:59,810 rsdfit.fitting_driver INFO     rank 35 on nid00617     Saving the results to `/global/cscratch1/sd/nhand/eBOSS/fits/results/mocks/ezmock/v1.8e-fph/0.005-0.3/basemodel-N-fnl/0.8-2.2/QSO-N-0230-P0+P2-mock-cov-f224d44da7/2018-07-16_nlopt_26i_chain0__1.npz`
rank #0: 2018-07-16 20:16:59,838 pyRSD.analysis.lbfgs_results INFO     
minimum chi2 = 66.3817611037

Free parameters [ mean ]
_______________
N              : -347.677902701
b1             : 2.60696356487
f_nl           : -69.6102428872
sigma_fog      : 4.28879087483

Constrained parameters [ mean ]
_________________________
b1sigma8       : 0.94432955637
