rank #0: 2018-10-04 22:15:38,311 rsdfit.fitting_driver INFO     rank 6 on nid01062     Calling the 'nlopt' solve function
rank #0: 2018-10-04 22:15:38,312 rsdfit.lbfgs_fitter INFO     running LBFGS for 500 iterations and then stopping
rank #0: 2018-10-04 22:15:38,312 rsdfit.lbfgs_fitter INFO     running LBFGS minimizer with priors
rank #0: 2018-10-04 22:15:38,313 root         INFO     Iter           N          b1        f_nl   sigma_fog   F(X)     
rank #0: 2018-10-04 22:15:38,313 rsdfit.lbfgs_fitter INFO     computing gradient using numerical derivative of lnlike()
rank #0: 2018-10-04 22:15:39,466 LBFGS        INFO     options = {'factr': 100000.0, 'gtol': 1e-05, 'max_iter': 500, 'test_convergence': False}
rank #0: 2018-10-04 22:15:39,467 LBFGS        PARAM    0000          0.000000          2.000000          0.000000          4.000000        121.460982
rank #0: 2018-10-04 22:15:40,813 LBFGS        PARAM    0001          9.140332          2.086958          1.803190          3.980150        105.274792
rank #0: 2018-10-04 22:15:42,009 LBFGS        PARAM    0002       -133.603297          2.315603          8.694662          4.010463         86.507969
rank #0: 2018-10-04 22:15:43,231 LBFGS        PARAM    0003       -250.889234          2.331296         10.098948          4.072035         82.197212
rank #0: 2018-10-04 22:15:44,430 LBFGS        PARAM    0004       -464.823303          2.367414         13.118511          4.141654         79.285034
rank #0: 2018-10-04 22:15:45,627 LBFGS        PARAM    0005       -473.289699          2.364454         13.331437          4.095254         79.182321
rank #0: 2018-10-04 22:15:46,844 LBFGS        PARAM    0006       -550.514754          2.357457         15.921101          3.696800         78.749628
rank #0: 2018-10-04 22:15:48,102 LBFGS        PARAM    0007       -552.952487          2.359097         17.547402          3.673375         78.739750
rank #0: 2018-10-04 22:15:49,315 LBFGS        PARAM    0008       -552.426329          2.358795         17.756472          3.672157         78.739473
rank #0: 2018-10-04 22:15:50,503 LBFGS        PARAM    0009       -550.597680          2.357476         18.734336          3.671658         78.738652
rank #0: 2018-10-04 22:15:51,698 LBFGS        PARAM    0010       -550.339124          2.357064         19.085956          3.674299         78.738491
rank #0: 2018-10-04 22:15:52,893 LBFGS        PARAM    0011       -550.376178          2.357049         19.100405          3.674922         78.738487
rank #0: 2018-10-04 22:15:54,083 LBFGS        PARAM    0012       -550.390056          2.357057         19.095461          3.674961         78.738487
rank #0: 2018-10-04 22:15:55,301 LBFGS        PARAM    0013       -550.391454          2.357058         19.094816          3.674962         78.738487
rank #0: 2018-10-04 22:15:56,633 LBFGS        PARAM    0014       -550.391454          2.357058         19.094813          3.674962         78.738487
rank #0: 2018-10-04 22:16:50,587 LBFGS        INFO     Linesearch failed in both LBFGS and gradient directions
rank #0: 2018-10-04 22:16:50,591 LBFGS        PARAM    0014       -550.391454          2.357058         19.094813          3.674962         78.738487
rank #0: 2018-10-04 22:16:50,592 rsdfit.lbfgs_fitter WARNING  ...LBFGS optimization finished. Time elapsed: 0:01:11.13
rank #0: 2018-10-04 22:16:50,592 rsdfit.lbfgs_fitter ERROR    nonlinear fit with method L-BFGS-B failed: Linesearch failed in both LBFGS and gradient directions
rank #0: 2018-10-04 22:16:50,593 rsdfit.fitting_driver INFO     rank 6 on nid01062     ...fitting complete
rank #0: 2018-10-04 22:16:50,597 rsdfit.fitting_driver INFO     rank 6 on nid01062     Saving the results to `/global/cscratch1/sd/nhand/eBOSS/fits/results/mocks/ezmock/v1.8e-fph/0.005-0.3/basemodel-N-fnl/0.8-2.2/QSO-N-0500-P0+P2-mock-cov-3d9387a9b2/2018-10-04_nlopt_14i_chain0__1.npz`
rank #0: 2018-10-04 22:16:50,655 pyRSD.analysis.lbfgs_results INFO     
minimum chi2 = 78.7384868355

Free parameters [ mean ]
_______________
N              : -550.3914538
b1             : 2.35705768643
f_nl           : 19.0948134216
sigma_fog      : 3.67496176874

Constrained parameters [ mean ]
_________________________
b1sigma8       : 0.883626297905
