rank #0: 2018-12-30 20:13:53,114 rsdfit.fitting_driver INFO     rank 9 on nid00679     Calling the 'nlopt' solve function
rank #0: 2018-12-30 20:13:53,115 rsdfit.lbfgs_fitter INFO     running LBFGS for 500 iterations and then stopping
rank #0: 2018-12-30 20:13:53,115 rsdfit.lbfgs_fitter INFO     running LBFGS minimizer with priors
rank #0: 2018-12-30 20:13:53,115 root         INFO     Iter           N          b1        f_nl   sigma_fog   F(X)     
rank #0: 2018-12-30 20:13:53,115 rsdfit.lbfgs_fitter INFO     computing gradient using numerical derivative of lnlike()
rank #0: 2018-12-30 20:13:54,297 LBFGS        INFO     options = {'factr': 100000.0, 'gtol': 1e-05, 'max_iter': 500, 'test_convergence': False}
rank #0: 2018-12-30 20:13:54,297 LBFGS        PARAM    0000          0.000000          2.000000          0.000000          4.000000        126.383402
rank #0: 2018-12-30 20:13:55,674 LBFGS        PARAM    0001         69.904660          2.190374          1.376549          3.928574        102.292156
rank #0: 2018-12-30 20:13:56,888 LBFGS        PARAM    0002        -83.707078          2.617440          7.475484          3.875863         84.766645
rank #0: 2018-12-30 20:13:58,203 LBFGS        PARAM    0003       -220.213015          2.566511          5.574531          3.944956         80.009213
rank #0: 2018-12-30 20:13:59,415 LBFGS        PARAM    0004       -482.152927          2.612430          4.381654          4.002634         77.045080
rank #0: 2018-12-30 20:14:00,628 LBFGS        PARAM    0005       -616.689504          2.656167          1.547699          3.901064         76.287203
rank #0: 2018-12-30 20:14:01,862 LBFGS        PARAM    0006       -754.588230          2.683117         -7.524458          3.533584         75.415268
rank #0: 2018-12-30 20:14:03,074 LBFGS        PARAM    0007       -833.621150          2.685591        -20.783285          3.060922         74.970817
rank #0: 2018-12-30 20:14:04,307 LBFGS        PARAM    0008       -822.496881          2.687476        -21.480835          3.080120         74.966557
rank #0: 2018-12-30 20:14:05,518 LBFGS        PARAM    0009       -820.421729          2.686484        -21.581072          3.083615         74.966169
rank #0: 2018-12-30 20:14:06,745 LBFGS        PARAM    0010       -819.544382          2.686126        -21.835772          3.085753         74.966003
rank #0: 2018-12-30 20:14:07,970 LBFGS        PARAM    0011       -819.731122          2.686284        -22.089309          3.087260         74.965923
rank #0: 2018-12-30 20:14:09,190 LBFGS        PARAM    0012       -820.338168          2.686615        -22.230230          3.087848         74.965899
rank #0: 2018-12-30 20:14:10,430 LBFGS        PARAM    0013       -820.486583          2.686688        -22.233690          3.087807         74.965899
rank #0: 2018-12-30 20:14:11,651 LBFGS        PARAM    0014       -820.494798          2.686692        -22.232009          3.087795         74.965899
rank #0: 2018-12-30 20:14:12,893 LBFGS        PARAM    0015       -820.494663          2.686692        -22.231852          3.087794         74.965899
rank #0: 2018-12-30 20:14:14,113 LBFGS        PARAM    0016       -820.494733          2.686692        -22.231844          3.087794         74.965899
rank #0: 2018-12-30 20:14:15,333 LBFGS        PARAM    0017       -820.494692          2.686692        -22.231847          3.087794         74.965899
rank #0: 2018-12-30 20:14:45,491 LBFGS        PARAM    0018       -820.494691          2.686692        -22.231847          3.087794         74.965899
rank #0: 2018-12-30 20:14:45,493 LBFGS        INFO     LBFGS iteration 18: the descent direction does not have a sufficient projection (cos(theta)=-9.95e-01, theta=174.5020) into the gradient; using steepest descent at this step!
rank #0: 2018-12-30 20:15:11,195 LBFGS        INFO     Linesearch failed in both LBFGS and gradient directions
rank #0: 2018-12-30 20:15:12,708 LBFGS        PARAM    0018       -820.494691          2.686692        -22.231847          3.087794         74.965899
rank #0: 2018-12-30 20:15:12,709 rsdfit.lbfgs_fitter WARNING  ...LBFGS optimization finished. Time elapsed: 0:01:18.41
rank #0: 2018-12-30 20:15:12,709 rsdfit.lbfgs_fitter ERROR    nonlinear fit with method L-BFGS-B failed: Linesearch failed in both LBFGS and gradient directions
rank #0: 2018-12-30 20:15:12,710 rsdfit.fitting_driver INFO     rank 9 on nid00679     ...fitting complete
rank #0: 2018-12-30 20:15:12,713 rsdfit.fitting_driver INFO     rank 9 on nid00679     Saving the results to `/global/cscratch1/sd/nhand/eBOSS/fits/results/mocks/ezmock/v1.8e-fph/0.0001-0.3/basemodel-N-fnl/0.8-2.2/QSO-S-0287-P0+P2-mock-cov-78b9fba607/2018-12-30_nlopt_18i_chain0__1.npz`
rank #0: 2018-12-30 20:15:13,530 pyRSD.analysis.lbfgs_results INFO     
minimum chi2 = 74.9658985897

Free parameters [ mean ]
_______________
N              : -820.4946913
b1             : 2.68669175355
f_nl           : -22.2318472784
sigma_fog      : 3.08779397526

Constrained parameters [ mean ]
_________________________
b1sigma8       : 0.973209777813
