rank #0: 2017-11-27 21:59:38,551 rsdfit.fitting_driver INFO     rank 39 on nid00535     Calling the 'nlopt' solve function
rank #0: 2017-11-27 21:59:38,552 rsdfit.lbfgs_fitter INFO     running LBFGS for 500 iterations and then stopping
rank #0: 2017-11-27 21:59:38,552 rsdfit.lbfgs_fitter INFO     running LBFGS minimizer with priors
rank #0: 2017-11-27 21:59:38,552 root         INFO     Iter           N   alpha_par   alpha_perp          b1           f        f_nl    sigma8_z   sigma_fog   F(X)     
rank #0: 2017-11-27 21:59:39,505 LBFGS        INFO     options = {'factr': 100000.0, 'gtol': 1e-05, 'max_iter': 500, 'test_convergence': False}
rank #0: 2017-11-27 21:59:39,506 LBFGS        PARAM    0000          0.000000          1.000000          1.000000          2.000000          0.930924          0.000000          0.397985          4.000000         89.096032
rank #0: 2017-11-27 21:59:40,554 LBFGS        PARAM    0001          0.131205          0.999922          0.999890          2.001302          0.930985          0.010564          0.398880          3.999893         88.578075
rank #0: 2017-11-27 21:59:41,540 LBFGS        PARAM    0002         -4.732357          0.997029          0.996881          2.037854          0.932579          0.386880          0.422603          4.007805         82.567160
rank #0: 2017-11-27 21:59:42,527 LBFGS        PARAM    0003         -9.804515          0.996894          0.997453          2.032396          0.932250          0.377229          0.418997          4.015717         82.339072
rank #0: 2017-11-27 21:59:43,516 LBFGS        PARAM    0004        -15.849363          0.996294          0.997543          2.032684          0.932175          0.430602          0.419004          4.024907         82.278580
rank #0: 2017-11-27 21:59:44,510 LBFGS        PARAM    0005       -173.644765          0.980488          0.999055          2.035198          0.932441          2.069172          0.421404          4.243767         81.533580
rank #0: 2017-11-27 21:59:45,506 LBFGS        PARAM    0006       -174.520208          0.980110          0.999558          2.025683          0.935444          2.495213          0.422722          4.225081         81.510484
rank #0: 2017-11-27 21:59:46,504 LBFGS        PARAM    0007       -189.526407          0.973406          1.005067          1.964003          0.955221          5.728440          0.432037          4.142445         81.416619
rank #0: 2017-11-27 21:59:47,497 LBFGS        PARAM    0008       -194.150435          0.963938          1.013021          1.909714          0.973200          9.018256          0.440840          4.089312         81.337166
rank #0: 2017-11-27 21:59:48,492 LBFGS        PARAM    0009       -194.124321          0.932990          1.039831          1.768348          1.022256         18.522824          0.465091          3.969807         81.150840
rank #0: 2017-11-27 21:59:49,483 LBFGS        PARAM    0010       -183.925299          0.911551          1.058958          1.702994          1.048625         24.031743          0.478600          3.928391         80.975566
rank #0: 2017-11-27 21:59:50,475 LBFGS        PARAM    0011       -173.084193          0.881536          1.087755          1.617516          1.085325         31.729650          0.497296          3.853342         80.823318
rank #0: 2017-11-27 21:59:51,470 LBFGS        PARAM    0012       -168.958443          0.837544          1.131525          1.467118          1.146393         44.035655          0.528290          3.683667         80.723797
rank #0: 2017-11-27 21:59:52,465 LBFGS        PARAM    0013       -158.212943          0.783203          1.190011          1.310890          1.218425         58.677625          0.565842          3.448746         80.520244
rank #0: 2017-11-27 21:59:53,468 LBFGS        PARAM    0014       -172.966107          0.709525          1.275100          1.126524          1.318317         78.415459          0.616421          3.003484         80.163265
rank #0: 2017-11-27 21:59:54,465 LBFGS        PARAM    0015       -207.945206          0.735294          1.256000          1.212300          1.290190         72.090344          0.602027          2.953137         80.041189
rank #0: 2017-11-27 21:59:55,466 LBFGS        PARAM    0016       -285.926457          0.702312          1.298244          1.059000          1.359715         84.190276          0.637976          2.507959         79.731912
rank #0: 2017-11-27 21:59:56,464 LBFGS        PARAM    0017       -306.611765          0.718214          1.276431          1.135249          1.325166         77.990523          0.619597          2.716840         79.460421
rank #0: 2017-11-27 21:59:57,469 LBFGS        PARAM    0018       -362.133454          0.696094          1.301606          1.091778          1.351880         83.202492          0.632497          2.561129         79.338480
rank #0: 2017-11-27 21:59:58,473 LBFGS        PARAM    0019       -460.650773          0.690083          1.311176          1.083943          1.354902         82.708286          0.635620          2.356568         79.081813
rank #0: 2017-11-27 21:59:59,475 LBFGS        PARAM    0020       -678.547541          0.678937          1.333706          1.090478          1.345941         78.144205          0.636631          1.801697         78.670083
rank #0: 2017-11-27 22:00:00,476 LBFGS        PARAM    0021       -702.596807          0.675697          1.342062          1.095747          1.340706         76.398035          0.636007          1.647543         78.607767
rank #0: 2017-11-27 22:00:01,478 LBFGS        PARAM    0022       -681.625747          0.679095          1.340603          1.107040          1.332982         74.397957          0.632997          1.649011         78.592261
rank #0: 2017-11-27 22:00:02,480 LBFGS        PARAM    0023       -675.147950          0.679015          1.341058          1.106960          1.333017         73.822129          0.632959          1.658692         78.590517
rank #0: 2017-11-27 22:00:03,485 LBFGS        PARAM    0024       -668.954520          0.679204          1.341383          1.106321          1.333571         72.739920          0.633030          1.674574         78.588807
rank #0: 2017-11-27 22:00:04,487 LBFGS        PARAM    0025       -664.438755          0.678859          1.343385          1.102536          1.336486         70.360003          0.633987          1.688967         78.585629
rank #0: 2017-11-27 22:00:05,490 LBFGS        PARAM    0026       -665.577037          0.677638          1.348958          1.092569          1.344076         65.402597          0.636790          1.695230         78.580212
rank #0: 2017-11-27 22:00:06,491 LBFGS        PARAM    0027       -681.741093          0.677324          1.357010          1.083134          1.351995         61.086237          0.640516          1.683188         78.575631
rank #0: 2017-11-27 22:00:07,494 LBFGS        PARAM    0028       -695.423106          0.677118          1.361397          1.078817          1.355461         59.896764          0.642523          1.667283         78.574535
rank #0: 2017-11-27 22:00:08,498 LBFGS        PARAM    0029       -699.309592          0.677011          1.362358          1.078055          1.355986         60.198428          0.642989          1.661883         78.574396
rank #0: 2017-11-27 22:00:09,501 LBFGS        PARAM    0030       -700.637000          0.677014          1.362776          1.077868          1.356076         60.549935          0.643200          1.660893         78.574344
rank #0: 2017-11-27 22:00:10,512 LBFGS        PARAM    0031       -700.922376          0.677161          1.363055          1.077979          1.356022         60.669191          0.643303          1.662644         78.574318
rank #0: 2017-11-27 22:00:11,514 LBFGS        PARAM    0032       -701.046341          0.677290          1.363229          1.078136          1.355961         60.623514          0.643338          1.664140         78.574310
rank #0: 2017-11-27 22:00:12,516 LBFGS        PARAM    0033       -701.099814          0.677326          1.363252          1.078202          1.355939         60.579725          0.643333          1.664428         78.574309
rank #0: 2017-11-27 22:00:13,513 LBFGS        PARAM    0034       -701.135786          0.677335          1.363251          1.078226          1.355930         60.566981          0.643327          1.664430         78.574309
rank #0: 2017-11-27 22:00:14,504 LBFGS        PARAM    0035       -701.145444          0.677336          1.363249          1.078230          1.355928         60.566815          0.643326          1.664416         78.574309
rank #0: 2017-11-27 22:00:15,492 LBFGS        PARAM    0036       -701.147305          0.677336          1.363249          1.078231          1.355927         60.567137          0.643326          1.664413         78.574309
rank #0: 2017-11-27 22:00:16,660 LBFGS        PARAM    0037       -701.147315          0.677336          1.363249          1.078231          1.355927         60.567143          0.643326          1.664413         78.574309
rank #0: 2017-11-27 22:00:17,647 LBFGS        PARAM    0038       -701.147566          0.677336          1.363249          1.078231          1.355927         60.567201          0.643326          1.664413         78.574309
rank #0: 2017-11-27 22:00:19,173 LBFGS        PARAM    0039       -701.147566          0.677336          1.363249          1.078231          1.355927         60.567201          0.643326          1.664413         78.574309
rank #0: 2017-11-27 22:00:20,281 LBFGS        PARAM    0040       -701.147693          0.677336          1.363249          1.078231          1.355927         60.567220          0.643326          1.664413         78.574309
rank #0: 2017-11-27 22:00:21,684 LBFGS        PARAM    0041       -701.147709          0.677336          1.363249          1.078231          1.355927         60.567222          0.643326          1.664413         78.574309
rank #0: 2017-11-27 22:00:35,420 LBFGS        PARAM    0042       -701.147709          0.677336          1.363249          1.078231          1.355927         60.567222          0.643326          1.664413         78.574309
rank #0: 2017-11-27 22:00:48,959 LBFGS        PARAM    0043       -701.147709          0.677336          1.363249          1.078231          1.355927         60.567222          0.643326          1.664413         78.574309
rank #0: 2017-11-27 22:00:49,996 LBFGS        PARAM    0044       -701.147709          0.677336          1.363249          1.078231          1.355927         60.567222          0.643326          1.664413         78.574309
rank #0: 2017-11-27 22:01:12,863 LBFGS        INFO     Linesearch failed in both LBFGS and gradient directions
rank #0: 2017-11-27 22:01:12,863 LBFGS        PARAM    0044       -701.147709          0.677336          1.363249          1.078231          1.355927         60.567222          0.643326          1.664413         78.574309
rank #0: 2017-11-27 22:01:12,863 rsdfit.lbfgs_fitter WARNING  ...LBFGS optimization finished. Time elapsed: 0:01:33.36
rank #0: 2017-11-27 22:01:12,864 rsdfit.lbfgs_fitter ERROR    nonlinear fit with method L-BFGS-B failed: Linesearch failed in both LBFGS and gradient directions
rank #0: 2017-11-27 22:01:12,864 rsdfit.fitting_driver INFO     rank 39 on nid00535     ...fitting complete
rank #0: 2017-11-27 22:07:50,835 rsdfit.fitting_driver INFO     rank 39 on nid00535     Saving the results to `/global/cscratch1/sd/nhand/eBOSS/fits/results/mocks/ezmock/v1.8e-fph/0.0001-0.3/basemodel-fs8-alphas-N-fnl/0.8-2.2/QSO-S-0260-P0+P2-mock-cov-73062e8cd4/2017-11-27_nlopt_44i_chain0__1.npz`
rank #0: 2017-11-27 22:07:50,919 pyRSD.analysis.lbfgs_results INFO     
minimum chi2 = 78.5743093894

Free parameters [ mean ]
_______________
N              : -701.147709181
alpha_par      : 0.67733590378
alpha_perp     : 1.36324935523
b1             : 1.07823088013
f              : 1.35592736349
f_nl           : 60.5672224091
sigma8_z       : 0.643326101076
sigma_fog      : 1.66441286143

Constrained parameters [ mean ]
_________________________
F_AP           : 0.496854006335
alpha          : 1.07973761935
b1sigma8       : 0.693654068172
epsilon        : -0.207967628811
fsigma8        : 0.872303464096
