rank #0: 2018-12-30 19:55:07,602 rsdfit.fitting_driver INFO     rank 10 on nid00630     Calling the 'nlopt' solve function
rank #0: 2018-12-30 19:55:07,603 rsdfit.lbfgs_fitter INFO     running LBFGS for 500 iterations and then stopping
rank #0: 2018-12-30 19:55:07,603 rsdfit.lbfgs_fitter INFO     running LBFGS minimizer with priors
rank #0: 2018-12-30 19:55:07,604 root         INFO     Iter           N          b1        f_nl   sigma_fog   F(X)     
rank #0: 2018-12-30 19:55:07,604 rsdfit.lbfgs_fitter INFO     computing gradient using numerical derivative of lnlike()
rank #0: 2018-12-30 19:55:08,790 LBFGS        INFO     options = {'factr': 100000.0, 'gtol': 1e-05, 'max_iter': 500, 'test_convergence': False}
rank #0: 2018-12-30 19:55:08,792 LBFGS        PARAM    0000          0.000000          2.000000          0.000000          4.000000        137.798462
rank #0: 2018-12-30 19:55:10,149 LBFGS        PARAM    0001         33.390593          2.134286          1.462758          3.986799        114.818103
rank #0: 2018-12-30 19:55:11,372 LBFGS        PARAM    0002        -87.666365          2.433082          9.125025          4.132065         93.556828
rank #0: 2018-12-30 19:55:12,616 LBFGS        PARAM    0003       -237.838431          2.461952         12.438901          4.276472         87.457567
rank #0: 2018-12-30 19:55:13,839 LBFGS        PARAM    0004       -502.188201          2.518180         23.531166          4.570675         82.899763
rank #0: 2018-12-30 19:55:15,082 LBFGS        PARAM    0005       -496.953295          2.511437         29.215797          4.603548         82.477834
rank #0: 2018-12-30 19:55:16,446 LBFGS        PARAM    0006       -453.491045          2.486155         68.182561          4.813275         80.238993
rank #0: 2018-12-30 19:55:17,677 LBFGS        PARAM    0007       -368.347119          2.453134        111.378410          4.936111         80.128470
rank #0: 2018-12-30 19:55:18,926 LBFGS        PARAM    0008       -369.953543          2.456800         88.970025          4.827619         79.654844
rank #0: 2018-12-30 19:55:20,148 LBFGS        PARAM    0009       -381.416200          2.463696         90.535613          4.828269         79.625904
rank #0: 2018-12-30 19:55:21,381 LBFGS        PARAM    0010       -378.423710          2.463224         91.787583          4.822259         79.622763
rank #0: 2018-12-30 19:55:22,613 LBFGS        PARAM    0011       -378.796434          2.463323         91.788726          4.815684         79.621949
rank #0: 2018-12-30 19:55:23,834 LBFGS        PARAM    0012       -381.823229          2.463291         91.727540          4.791050         79.620036
rank #0: 2018-12-30 19:55:25,075 LBFGS        PARAM    0013       -384.859501          2.462921         91.805348          4.777578         79.619256
rank #0: 2018-12-30 19:55:26,297 LBFGS        PARAM    0014       -386.520529          2.462610         91.895104          4.773131         79.619076
rank #0: 2018-12-30 19:55:27,531 LBFGS        PARAM    0015       -386.558659          2.462580         91.908025          4.773678         79.619073
rank #0: 2018-12-30 19:55:28,772 LBFGS        PARAM    0016       -386.539553          2.462579         91.909275          4.773857         79.619073
rank #0: 2018-12-30 19:55:29,995 LBFGS        PARAM    0017       -386.537885          2.462579         91.909261          4.773865         79.619073
rank #0: 2018-12-30 19:56:00,423 LBFGS        PARAM    0018       -386.537878          2.462579         91.909261          4.773865         79.619073
rank #0: 2018-12-30 19:56:54,773 LBFGS        INFO     Linesearch failed in both LBFGS and gradient directions
rank #0: 2018-12-30 19:56:54,775 LBFGS        PARAM    0018       -386.537878          2.462579         91.909261          4.773865         79.619073
rank #0: 2018-12-30 19:56:54,776 rsdfit.lbfgs_fitter WARNING  ...LBFGS optimization finished. Time elapsed: 0:01:45.99
rank #0: 2018-12-30 19:56:54,777 rsdfit.lbfgs_fitter ERROR    nonlinear fit with method L-BFGS-B failed: Linesearch failed in both LBFGS and gradient directions
rank #0: 2018-12-30 19:56:54,779 rsdfit.fitting_driver INFO     rank 10 on nid00630     ...fitting complete
rank #0: 2018-12-30 19:56:54,783 rsdfit.fitting_driver INFO     rank 10 on nid00630     Saving the results to `/global/cscratch1/sd/nhand/eBOSS/fits/results/mocks/ezmock/v1.8e-fph/0.0001-0.3/basemodel-N-fnl/0.8-2.2/QSO-N-0864-P0+P2-mock-cov-368a762326/2018-12-30_nlopt_18i_chain0__1.npz`
rank #0: 2018-12-30 19:56:55,887 pyRSD.analysis.lbfgs_results INFO     
minimum chi2 = 79.6190728713

Free parameters [ mean ]
_______________
N              : -386.537878005
b1             : 2.46257940571
f_nl           : 91.90926147
sigma_fog      : 4.77386480064

Constrained parameters [ mean ]
_________________________
b1sigma8       : 0.89202877595
