rank #0: 2017-11-27 22:42:57,144 rsdfit.fitting_driver INFO     rank 104 on nid00476     Calling the 'nlopt' solve function
rank #0: 2017-11-27 22:42:57,144 rsdfit.lbfgs_fitter INFO     running LBFGS for 500 iterations and then stopping
rank #0: 2017-11-27 22:42:57,144 rsdfit.lbfgs_fitter INFO     running LBFGS minimizer with priors
rank #0: 2017-11-27 22:42:57,144 root         INFO     Iter          b1        f_nl   sigma_fog   F(X)     
rank #0: 2017-11-27 22:42:57,441 LBFGS        INFO     options = {'factr': 100000.0, 'gtol': 1e-05, 'max_iter': 500, 'test_convergence': False}
rank #0: 2017-11-27 22:42:57,441 LBFGS        PARAM    0000          2.000000          0.000000          4.000000         33.848186
rank #0: 2017-11-27 22:42:57,771 LBFGS        PARAM    0001          2.117247          1.495156          3.993347         24.931060
rank #0: 2017-11-27 22:42:58,062 LBFGS        PARAM    0002          2.371521          7.037873          3.977910         18.995734
rank #0: 2017-11-27 22:42:58,354 LBFGS        PARAM    0003          2.310276          4.540329          3.982203         18.461414
rank #0: 2017-11-27 22:42:58,648 LBFGS        PARAM    0004          2.318032          4.177005          3.982035         18.446107
rank #0: 2017-11-27 22:42:58,941 LBFGS        PARAM    0005          2.321265          3.229165          3.982428         18.438438
rank #0: 2017-11-27 22:42:59,235 LBFGS        PARAM    0006          2.335095         -3.513557          3.985759         18.398638
rank #0: 2017-11-27 22:42:59,528 LBFGS        PARAM    0007          2.358630        -19.633655          3.994515         18.314920
rank #0: 2017-11-27 22:42:59,820 LBFGS        PARAM    0008          2.464195       -103.240460          4.042080         18.098174
rank #0: 2017-11-27 22:43:00,154 LBFGS        PARAM    0009          2.423655        -74.132167          4.029308         17.954589
rank #0: 2017-11-27 22:43:00,446 LBFGS        PARAM    0010          2.422441        -80.453418          4.044571         17.867291
rank #0: 2017-11-27 22:43:00,738 LBFGS        PARAM    0011          2.417625        -94.880744          4.085081         17.787050
rank #0: 2017-11-27 22:43:01,030 LBFGS        PARAM    0012          2.412340        -90.804644          4.085303         17.780445
rank #0: 2017-11-27 22:43:01,320 LBFGS        PARAM    0013          2.411108        -90.621063          4.103689         17.779340
rank #0: 2017-11-27 22:43:01,612 LBFGS        PARAM    0014          2.408667        -90.250116          4.177703         17.776631
rank #0: 2017-11-27 22:43:01,904 LBFGS        PARAM    0015          2.406957        -89.916253          4.305950         17.772665
rank #0: 2017-11-27 22:43:02,196 LBFGS        PARAM    0016          2.404917        -89.226555          4.750472         17.760412
rank #0: 2017-11-27 22:43:02,487 LBFGS        PARAM    0017          2.406175        -88.547136          5.552073         17.740981
rank #0: 2017-11-27 22:43:02,780 LBFGS        PARAM    0018          2.413684        -88.458643          6.406174         17.716224
rank #0: 2017-11-27 22:43:03,071 LBFGS        PARAM    0019          2.430171        -89.434113          7.085326         17.683416
rank #0: 2017-11-27 22:43:03,362 LBFGS        PARAM    0020          2.436792        -90.158054          7.032190         17.678178
rank #0: 2017-11-27 22:43:03,654 LBFGS        PARAM    0021          2.437004        -90.151781          7.089142         17.678108
rank #0: 2017-11-27 22:43:03,946 LBFGS        PARAM    0022          2.436958        -90.136119          7.085991         17.678108
rank #0: 2017-11-27 22:43:04,238 LBFGS        PARAM    0023          2.436960        -90.136970          7.086065         17.678108
rank #0: 2017-11-27 22:43:04,531 LBFGS        PARAM    0024          2.436960        -90.136958          7.086066         17.678108
rank #0: 2017-11-27 22:43:20,392 LBFGS        INFO     Linesearch failed in both LBFGS and gradient directions
rank #0: 2017-11-27 22:43:20,392 LBFGS        PARAM    0024          2.436960        -90.136958          7.086066         17.678108
rank #0: 2017-11-27 22:43:20,393 rsdfit.lbfgs_fitter WARNING  ...LBFGS optimization finished. Time elapsed: 0:00:22.95
rank #0: 2017-11-27 22:43:20,393 rsdfit.lbfgs_fitter ERROR    nonlinear fit with method L-BFGS-B failed: Linesearch failed in both LBFGS and gradient directions
rank #0: 2017-11-27 22:43:20,393 rsdfit.fitting_driver INFO     rank 104 on nid00476     ...fitting complete
rank #0: 2017-11-27 22:43:20,395 rsdfit.fitting_driver INFO     rank 104 on nid00476     Saving the results to `/global/cscratch1/sd/nhand/eBOSS/fits/results/mocks/ezmock/v1.8e-fph/0.0001-0.05/basemodel-fnl/0.8-2.2/QSO-N-0242-P0+P2-mock-cov-b6abb0373d/2017-11-27_nlopt_24i_chain0__1.npz`
rank #0: 2017-11-27 22:43:20,415 pyRSD.analysis.lbfgs_results INFO     
minimum chi2 = 17.6781076266

Free parameters [ mean ]
_______________
b1             : 2.43695995733
f_nl           : -90.1369580712
sigma_fog      : 7.08606640352

Constrained parameters [ mean ]
_________________________
b1sigma8       : 0.970081489315
