rank #0: 2018-07-15 19:29:35,090 rsdfit.fitting_driver INFO     rank 1 on nid01110     Calling the 'nlopt' solve function
rank #0: 2018-07-15 19:29:35,091 rsdfit.lbfgs_fitter INFO     running LBFGS for 500 iterations and then stopping
rank #0: 2018-07-15 19:29:35,091 rsdfit.lbfgs_fitter INFO     running LBFGS minimizer with priors
rank #0: 2018-07-15 19:29:35,091 root         INFO     Iter           N          b1        f_nl   sigma_fog   F(X)     
rank #0: 2018-07-15 19:29:35,682 LBFGS        INFO     options = {'factr': 100000.0, 'gtol': 1e-05, 'max_iter': 500, 'test_convergence': False}
rank #0: 2018-07-15 19:29:35,683 LBFGS        PARAM    0000          0.000000          2.000000          0.000000          4.000000         88.782883
rank #0: 2018-07-15 19:29:36,376 LBFGS        PARAM    0001         14.387547          2.057901          1.003274          3.978583         83.027096
rank #0: 2018-07-15 19:29:36,996 LBFGS        PARAM    0002        -37.869218          2.194438          4.214604          3.964066         77.269855
rank #0: 2018-07-15 19:29:37,603 LBFGS        PARAM    0003       -111.312377          2.215278          5.034032          3.985644         76.053173
rank #0: 2018-07-15 19:29:38,222 LBFGS        PARAM    0004       -309.226394          2.252511          6.027263          3.967824         74.622773
rank #0: 2018-07-15 19:29:38,842 LBFGS        PARAM    0005       -325.146928          2.254501          5.640849          3.916801         74.557689
rank #0: 2018-07-15 19:29:39,452 LBFGS        PARAM    0006       -382.004115          2.254669          2.244806          3.605304         74.373926
rank #0: 2018-07-15 19:29:40,074 LBFGS        PARAM    0007       -379.240746          2.254559          1.663989          3.607037         74.373258
rank #0: 2018-07-15 19:29:40,695 LBFGS        PARAM    0008       -378.747608          2.254668          1.377667          3.607714         74.373183
rank #0: 2018-07-15 19:29:41,315 LBFGS        PARAM    0009       -378.986742          2.254871          1.193800          3.608231         74.373154
rank #0: 2018-07-15 19:29:41,920 LBFGS        PARAM    0010       -379.377651          2.255028          1.113619          3.608498         74.373147
rank #0: 2018-07-15 19:29:42,542 LBFGS        PARAM    0011       -379.402605          2.255035          1.114891          3.608493         74.373147
rank #0: 2018-07-15 19:29:43,164 LBFGS        PARAM    0012       -379.404144          2.255035          1.115611          3.608492         74.373147
rank #0: 2018-07-15 19:29:43,774 LBFGS        PARAM    0013       -379.404051          2.255035          1.115677          3.608492         74.373147
rank #0: 2018-07-15 19:29:44,397 LBFGS        PARAM    0014       -379.404058          2.255035          1.115676          3.608492         74.373147
rank #0: 2018-07-15 19:29:45,090 LBFGS        PARAM    0015       -379.404057          2.255035          1.115676          3.608492         74.373147
rank #0: 2018-07-15 19:29:45,763 LBFGS        PARAM    0016       -379.404049          2.255035          1.115678          3.608492         74.373147
rank #0: 2018-07-15 19:29:46,380 LBFGS        PARAM    0017       -379.404052          2.255035          1.115677          3.608492         74.373147
rank #0: 2018-07-15 19:30:13,259 LBFGS        INFO     Linesearch failed in both LBFGS and gradient directions
rank #0: 2018-07-15 19:30:13,259 LBFGS        PARAM    0017       -379.404052          2.255035          1.115677          3.608492         74.373147
rank #0: 2018-07-15 19:30:13,260 rsdfit.lbfgs_fitter WARNING  ...LBFGS optimization finished. Time elapsed: 0:00:37.58
rank #0: 2018-07-15 19:30:13,260 rsdfit.lbfgs_fitter ERROR    nonlinear fit with method L-BFGS-B failed: Linesearch failed in both LBFGS and gradient directions
rank #0: 2018-07-15 19:30:13,261 rsdfit.fitting_driver INFO     rank 1 on nid01110     ...fitting complete
rank #0: 2018-07-15 19:30:13,264 rsdfit.fitting_driver INFO     rank 1 on nid01110     Saving the results to `/global/cscratch1/sd/nhand/eBOSS/fits/results/mocks/ezmock/v1.8e-fph/0.0001-0.3/basemodel-N-fnl/0.8-2.2/QSO-S-0292-P0+P2-mock-cov-8973e9cf3e/2018-07-15_nlopt_17i_chain0__1.npz`
rank #0: 2018-07-15 19:30:13,294 pyRSD.analysis.lbfgs_results INFO     
minimum chi2 = 74.3731469298

Free parameters [ mean ]
_______________
N              : -379.404051824
b1             : 2.25503467592
f_nl           : 1.11567741044
sigma_fog      : 3.60849156679

Constrained parameters [ mean ]
_________________________
b1sigma8       : 0.898210101418
