rank #0: 2018-07-16 19:52:48,378 rsdfit.fitting_driver INFO     rank 61 on nid00619     Calling the 'nlopt' solve function
rank #0: 2018-07-16 19:52:48,379 rsdfit.lbfgs_fitter INFO     running LBFGS for 500 iterations and then stopping
rank #0: 2018-07-16 19:52:48,380 rsdfit.lbfgs_fitter INFO     running LBFGS minimizer with priors
rank #0: 2018-07-16 19:52:48,381 root         INFO     Iter           N          b1        f_nl   sigma_fog   F(X)     
rank #0: 2018-07-16 19:52:48,968 LBFGS        INFO     options = {'factr': 100000.0, 'gtol': 1e-05, 'max_iter': 500, 'test_convergence': False}
rank #0: 2018-07-16 19:52:48,969 LBFGS        PARAM    0000          0.000000          2.000000          0.000000          4.000000         99.601037
rank #0: 2018-07-16 19:52:49,638 LBFGS        PARAM    0001        -41.147399          2.060840          1.305345          4.034395         92.119784
rank #0: 2018-07-16 19:52:50,236 LBFGS        PARAM    0002       -307.304277          2.211456          5.522433          4.252840         79.914517
rank #0: 2018-07-16 19:52:50,826 LBFGS        PARAM    0003       -424.560326          2.211098          5.308280          4.363535         78.466072
rank #0: 2018-07-16 19:52:51,425 LBFGS        PARAM    0004       -412.181224          2.213458          5.057281          4.359254         78.427330
rank #0: 2018-07-16 19:52:52,026 LBFGS        PARAM    0005       -409.177923          2.213933          4.701562          4.364442         78.418458
rank #0: 2018-07-16 19:52:52,611 LBFGS        PARAM    0006       -392.113282          2.217425          1.363319          4.420882         78.361473
rank #0: 2018-07-16 19:52:53,216 LBFGS        PARAM    0007       -380.818284          2.220874         -2.742933          4.491611         78.313499
rank #0: 2018-07-16 19:52:53,819 LBFGS        PARAM    0008       -385.261893          2.226779        -10.839762          4.530916         78.253069
rank #0: 2018-07-16 19:52:54,416 LBFGS        PARAM    0009       -395.500584          2.230624        -15.801721          4.530233         78.237050
rank #0: 2018-07-16 19:52:55,007 LBFGS        PARAM    0010       -398.472306          2.231104        -16.492850          4.520133         78.235806
rank #0: 2018-07-16 19:52:55,611 LBFGS        PARAM    0011       -399.929705          2.231484        -16.841151          4.510720         78.235282
rank #0: 2018-07-16 19:52:56,213 LBFGS        PARAM    0012       -399.852203          2.231575        -16.876579          4.509194         78.235242
rank #0: 2018-07-16 19:52:56,800 LBFGS        PARAM    0013       -399.726783          2.231586        -16.876594          4.509370         78.235240
rank #0: 2018-07-16 19:52:57,402 LBFGS        PARAM    0014       -399.699771          2.231588        -16.877700          4.509470         78.235240
rank #0: 2018-07-16 19:52:58,006 LBFGS        PARAM    0015       -399.698317          2.231588        -16.878191          4.509481         78.235240
rank #0: 2018-07-16 19:52:58,602 LBFGS        PARAM    0016       -399.698365          2.231588        -16.878265          4.509482         78.235240
rank #0: 2018-07-16 19:53:24,947 LBFGS        INFO     Linesearch failed in both LBFGS and gradient directions
rank #0: 2018-07-16 19:53:24,949 LBFGS        PARAM    0016       -399.698365          2.231588        -16.878265          4.509482         78.235240
rank #0: 2018-07-16 19:53:24,950 rsdfit.lbfgs_fitter WARNING  ...LBFGS optimization finished. Time elapsed: 0:00:35.98
rank #0: 2018-07-16 19:53:24,951 rsdfit.lbfgs_fitter ERROR    nonlinear fit with method L-BFGS-B failed: Linesearch failed in both LBFGS and gradient directions
rank #0: 2018-07-16 19:53:24,953 rsdfit.fitting_driver INFO     rank 61 on nid00619     ...fitting complete
rank #0: 2018-07-16 19:53:24,957 rsdfit.fitting_driver INFO     rank 61 on nid00619     Saving the results to `/global/cscratch1/sd/nhand/eBOSS/fits/results/mocks/ezmock/v1.8e-fph/0.005-0.3/basemodel-N-fnl/0.8-2.2/QSO-N-0885-P0+P2-mock-cov-8973e9cf3e/2018-07-16_nlopt_16i_chain0__1.npz`
rank #0: 2018-07-16 19:53:24,985 pyRSD.analysis.lbfgs_results INFO     
minimum chi2 = 78.2352398434

Free parameters [ mean ]
_______________
N              : -399.698364557
b1             : 2.23158795101
f_nl           : -16.8782654118
sigma_fog      : 4.50948151915

Constrained parameters [ mean ]
_________________________
b1sigma8       : 0.888870961144
