rank #0: 2018-10-08 11:14:36,672 rsdfit.fitting_driver INFO     rank 25 on nid00692     Calling the 'nlopt' solve function
rank #0: 2018-10-08 11:14:36,673 rsdfit.lbfgs_fitter INFO     running LBFGS for 500 iterations and then stopping
rank #0: 2018-10-08 11:14:36,673 rsdfit.lbfgs_fitter INFO     running LBFGS minimizer with priors
rank #0: 2018-10-08 11:14:36,674 root         INFO     Iter           N          b1        f_nl   sigma_fog   F(X)     
rank #0: 2018-10-08 11:14:36,674 rsdfit.lbfgs_fitter INFO     computing gradient using numerical derivative of lnlike()
rank #0: 2018-10-08 11:14:37,877 LBFGS        INFO     options = {'factr': 100000.0, 'gtol': 1e-05, 'max_iter': 500, 'test_convergence': False}
rank #0: 2018-10-08 11:14:37,878 LBFGS        PARAM    0000          0.000000          2.000000          0.000000          4.000000        121.236036
rank #0: 2018-10-08 11:14:39,256 LBFGS        PARAM    0001        126.795652          2.186833          1.821841          3.908988         96.062346
rank #0: 2018-10-08 11:14:40,516 LBFGS        PARAM    0002         85.163042          2.527487          9.447876          3.797597         82.770078
rank #0: 2018-10-08 11:14:41,751 LBFGS        PARAM    0003         46.545518          2.468710         10.922182          3.859897         81.420254
rank #0: 2018-10-08 11:14:43,010 LBFGS        PARAM    0004         -4.352783          2.475598         14.502093          3.891202         80.660388
rank #0: 2018-10-08 11:14:43,012 LBFGS        INFO     LBFGS iteration 4: the descent direction does not have a sufficient projection (cos(theta)=-8.56e-01, theta=148.8231) into the gradient; using steepest descent at this step!
rank #0: 2018-10-08 11:14:44,387 LBFGS        PARAM    0005       -202.210643          2.527619         23.371515          3.888313         78.918385
rank #0: 2018-10-08 11:14:45,626 LBFGS        PARAM    0006       -317.546978          2.604639         39.452544          3.678940         78.589819
rank #0: 2018-10-08 11:14:46,886 LBFGS        PARAM    0007       -358.949999          2.575212         42.550300          3.648286         77.956295
rank #0: 2018-10-08 11:14:48,126 LBFGS        PARAM    0008       -389.236733          2.553394         51.484454          3.504040         77.485616
rank #0: 2018-10-08 11:14:49,388 LBFGS        PARAM    0009       -455.745531          2.514011         81.069952          3.040065         76.622025
rank #0: 2018-10-08 11:14:50,632 LBFGS        PARAM    0010       -473.279997          2.498672        108.049342          2.764714         76.073053
rank #0: 2018-10-08 11:14:51,884 LBFGS        PARAM    0011       -404.975958          2.463533        152.645069          2.637130         75.322516
rank #0: 2018-10-08 11:14:53,144 LBFGS        PARAM    0012       -338.478554          2.444811        187.671442          2.766613         74.899546
rank #0: 2018-10-08 11:14:54,387 LBFGS        PARAM    0013       -251.667178          2.424519        199.405315          3.034435         74.709440
rank #0: 2018-10-08 11:14:55,656 LBFGS        PARAM    0014       -275.751787          2.433633        203.808267          3.195154         74.688479
rank #0: 2018-10-08 11:14:56,896 LBFGS        PARAM    0015       -262.562137          2.428298        198.467553          3.160194         74.661396
rank #0: 2018-10-08 11:14:58,158 LBFGS        PARAM    0016       -264.380898          2.428600        198.390330          3.155905         74.661345
rank #0: 2018-10-08 11:14:59,399 LBFGS        PARAM    0017       -264.457490          2.428588        198.388119          3.155962         74.661345
rank #0: 2018-10-08 11:15:00,637 LBFGS        PARAM    0018       -264.455091          2.428587        198.389032          3.155940         74.661345
rank #0: 2018-10-08 11:15:01,894 LBFGS        PARAM    0019       -264.454824          2.428586        198.389221          3.155939         74.661345
rank #0: 2018-10-08 11:15:03,126 LBFGS        PARAM    0020       -264.454785          2.428586        198.389245          3.155939         74.661345
rank #0: 2018-10-08 11:15:04,517 LBFGS        PARAM    0021       -264.454785          2.428586        198.389245          3.155939         74.661345
rank #0: 2018-10-08 11:15:58,907 LBFGS        INFO     Linesearch failed in both LBFGS and gradient directions
rank #0: 2018-10-08 11:15:58,908 LBFGS        PARAM    0021       -264.454785          2.428586        198.389245          3.155939         74.661345
rank #0: 2018-10-08 11:15:58,908 rsdfit.lbfgs_fitter WARNING  ...LBFGS optimization finished. Time elapsed: 0:01:21.03
rank #0: 2018-10-08 11:15:58,909 rsdfit.lbfgs_fitter ERROR    nonlinear fit with method L-BFGS-B failed: Linesearch failed in both LBFGS and gradient directions
rank #0: 2018-10-08 11:15:58,910 rsdfit.fitting_driver INFO     rank 25 on nid00692     ...fitting complete
rank #0: 2018-10-08 11:15:58,913 rsdfit.fitting_driver INFO     rank 25 on nid00692     Saving the results to `/global/cscratch1/sd/nhand/eBOSS/fits/results/mocks/ezmock/v1.8e-fph/0.005-0.3/basemodel-N-fnl/0.8-2.2/QSO-S-0199-P0+P2-mock-cov-98e9a706c6/2018-10-08_nlopt_21i_chain0__1.npz`
rank #0: 2018-10-08 11:15:59,337 pyRSD.analysis.lbfgs_results INFO     
minimum chi2 = 74.6613447621

Free parameters [ mean ]
_______________
N              : -264.454784699
b1             : 2.42858631316
f_nl           : 198.389245342
sigma_fog      : 3.15593923313

Constrained parameters [ mean ]
_________________________
b1sigma8       : 0.879715338803
