rank #0: 2017-11-27 22:21:47,360 rsdfit.fitting_driver INFO     rank 133 on nid00481     Calling the 'nlopt' solve function
rank #0: 2017-11-27 22:21:47,361 rsdfit.lbfgs_fitter INFO     running LBFGS for 500 iterations and then stopping
rank #0: 2017-11-27 22:21:47,361 rsdfit.lbfgs_fitter INFO     running LBFGS minimizer with priors
rank #0: 2017-11-27 22:21:47,361 root         INFO     Iter           N          b1           f        f_nl    sigma8_z   sigma_fog   F(X)     
rank #0: 2017-11-27 22:21:48,090 LBFGS        INFO     options = {'factr': 100000.0, 'gtol': 1e-05, 'max_iter': 500, 'test_convergence': False}
rank #0: 2017-11-27 22:21:48,090 LBFGS        PARAM    0000          0.000000          2.000000          0.930883          0.000000          0.398070          4.000000         91.651997
rank #0: 2017-11-27 22:21:48,887 LBFGS        PARAM    0001          0.067702          2.001884          0.930921          0.019871          0.399249          4.000361         90.333397
rank #0: 2017-11-27 22:21:49,625 LBFGS        PARAM    0002         -9.412991          2.047886          0.930780          0.724218          0.424289          4.031036         77.846361
rank #0: 2017-11-27 22:21:50,364 LBFGS        PARAM    0003        -15.621114          2.043446          0.929941          0.804902          0.420159          4.045172         77.191592
rank #0: 2017-11-27 22:21:51,108 LBFGS        PARAM    0004        -26.077069          2.046239          0.928741          1.062040          0.419127          4.070585         76.817803
rank #0: 2017-11-27 22:21:51,852 LBFGS        PARAM    0005       -148.421417          2.089001          0.914506          4.292914          0.412135          4.373569         73.929688
rank #0: 2017-11-27 22:21:52,594 LBFGS        PARAM    0006       -217.505134          2.124324          0.904298          6.861791          0.410539          4.570720         72.763955
rank #0: 2017-11-27 22:21:53,338 LBFGS        PARAM    0007       -230.557504          2.153602          0.895695          9.455132          0.409648          4.681598         72.225913
rank #0: 2017-11-27 22:21:54,080 LBFGS        PARAM    0008       -219.033849          2.171468          0.890215         11.321328          0.408741          4.726494         72.020114
rank #0: 2017-11-27 22:21:54,822 LBFGS        PARAM    0009       -193.385646          2.190741          0.883837         13.642309          0.406707          4.761328         71.803610
rank #0: 2017-11-27 22:21:55,566 LBFGS        PARAM    0010       -133.853532          2.228764          0.870657         18.655802          0.400925          4.818913         71.413510
rank #0: 2017-11-27 22:21:56,310 LBFGS        PARAM    0011        -87.114987          2.277919          0.855368         27.059793          0.391528          4.835035         70.948686
rank #0: 2017-11-27 22:21:57,053 LBFGS        PARAM    0012        -52.550193          2.326858          0.841380         37.112796          0.381205          4.793072         70.637307
rank #0: 2017-11-27 22:21:57,800 LBFGS        PARAM    0013        -52.402725          2.342005          0.838227         41.679180          0.377665          4.728498         70.459776
rank #0: 2017-11-27 22:21:58,542 LBFGS        PARAM    0014        -82.526612          2.400751          0.828540         61.940696          0.364802          4.392733         69.764216
rank #0: 2017-11-27 22:21:59,283 LBFGS        PARAM    0015       -130.456526          2.429950          0.826437         75.097283          0.359633          4.125614         69.147733
rank #0: 2017-11-27 22:22:00,025 LBFGS        PARAM    0016       -187.653059          2.490970          0.804740        103.630692          0.353614          3.823898         68.374398
rank #0: 2017-11-27 22:22:00,767 LBFGS        PARAM    0017       -209.102163          2.419998          0.821835         87.938659          0.367074          3.933764         68.253789
rank #0: 2017-11-27 22:22:01,507 LBFGS        PARAM    0018       -197.541461          2.448224          0.813554         92.004223          0.362122          3.969962         68.140691
rank #0: 2017-11-27 22:22:02,251 LBFGS        PARAM    0019       -199.241915          2.454082          0.811761         93.630509          0.361281          3.958034         68.137504
rank #0: 2017-11-27 22:22:02,990 LBFGS        PARAM    0020       -205.527973          2.459779          0.808239         92.729009          0.360701          3.932183         68.122894
rank #0: 2017-11-27 22:22:03,732 LBFGS        PARAM    0021       -252.182398          2.517713          0.772068         84.601399          0.354990          3.721259         68.056930
rank #0: 2017-11-27 22:22:04,470 LBFGS        PARAM    0022       -249.705972          2.518831          0.770340         84.964081          0.355084          3.723607         68.055328
rank #0: 2017-11-27 22:22:05,208 LBFGS        PARAM    0023       -250.635439          2.520208          0.769723         84.997592          0.354904          3.719661         68.055275
rank #0: 2017-11-27 22:22:05,948 LBFGS        PARAM    0024       -250.740700          2.520225          0.769707         84.991293          0.354905          3.719483         68.055275
rank #0: 2017-11-27 22:22:06,688 LBFGS        PARAM    0025       -250.750263          2.520223          0.769708         84.991600          0.354905          3.719487         68.055275
rank #0: 2017-11-27 22:22:07,425 LBFGS        PARAM    0026       -250.750300          2.520223          0.769708         84.991578          0.354905          3.719488         68.055275
rank #0: 2017-11-27 22:22:08,167 LBFGS        PARAM    0027       -250.750276          2.520223          0.769708         84.991552          0.354905          3.719489         68.055275
rank #0: 2017-11-27 22:22:09,142 LBFGS        PARAM    0028       -250.750264          2.520223          0.769708         84.991548          0.354905          3.719489         68.055275
rank #0: 2017-11-27 22:22:21,990 LBFGS        PARAM    0029       -250.750264          2.520223          0.769708         84.991548          0.354905          3.719489         68.055275
rank #0: 2017-11-27 22:22:22,731 LBFGS        PARAM    0030       -250.750242          2.520223          0.769708         84.991547          0.354905          3.719489         68.055275
rank #0: 2017-11-27 22:22:23,472 LBFGS        PARAM    0031       -250.750236          2.520223          0.769708         84.991547          0.354905          3.719489         68.055275
rank #0: 2017-11-27 22:22:24,272 LBFGS        PARAM    0032       -250.750058          2.520224          0.769708         84.991535          0.354905          3.719489         68.055275
rank #0: 2017-11-27 22:22:47,238 LBFGS        INFO     Linesearch failed in both LBFGS and gradient directions
rank #0: 2017-11-27 22:22:47,238 LBFGS        PARAM    0032       -250.750058          2.520224          0.769708         84.991535          0.354905          3.719489         68.055275
rank #0: 2017-11-27 22:22:47,239 rsdfit.lbfgs_fitter WARNING  ...LBFGS optimization finished. Time elapsed: 0:00:59.15
rank #0: 2017-11-27 22:22:47,239 rsdfit.lbfgs_fitter ERROR    nonlinear fit with method L-BFGS-B failed: Linesearch failed in both LBFGS and gradient directions
rank #0: 2017-11-27 22:22:47,240 rsdfit.fitting_driver INFO     rank 133 on nid00481     ...fitting complete
rank #0: 2017-11-27 22:22:47,242 rsdfit.fitting_driver INFO     rank 133 on nid00481     Saving the results to `/global/cscratch1/sd/nhand/eBOSS/fits/results/mocks/ezmock/v1.8e-fph/0.0001-0.3/basemodel-fs8-N-fnl/0.8-2.2/QSO-N-0414-P0+P2-mock-cov-0a197b956d/2017-11-27_nlopt_32i_chain0__1.npz`
rank #0: 2017-11-27 22:22:47,265 pyRSD.analysis.lbfgs_results INFO     
minimum chi2 = 68.0552751793

Free parameters [ mean ]
_______________
N              : -250.750057656
b1             : 2.52022367967
f              : 0.769708269771
f_nl           : 84.9915353664
sigma8_z       : 0.354905200564
sigma_fog      : 3.71948905772

Constrained parameters [ mean ]
_________________________
b1sigma8       : 0.894440490498
fsigma8        : 0.273173467859
