rank #0: 2019-02-16 13:12:07,756 rsdfit.fitting_driver INFO     rank 31 on nid00599     Calling the 'nlopt' solve function
rank #0: 2019-02-16 13:12:07,757 rsdfit.lbfgs_fitter INFO     running LBFGS for 500 iterations and then stopping
rank #0: 2019-02-16 13:12:07,757 rsdfit.lbfgs_fitter INFO     running LBFGS minimizer with priors
rank #0: 2019-02-16 13:12:07,758 root         INFO     Iter           N          b1        f_nl   sigma_fog   F(X)     
rank #0: 2019-02-16 13:12:07,758 rsdfit.lbfgs_fitter INFO     computing gradient using numerical derivative of lnlike()
rank #0: 2019-02-16 13:12:08,338 LBFGS        INFO     options = {'factr': 100000.0, 'gtol': 1e-05, 'max_iter': 500, 'test_convergence': False}
rank #0: 2019-02-16 13:12:08,339 LBFGS        PARAM    0000          0.000000          2.000000          0.000000          4.000000         99.108519
rank #0: 2019-02-16 13:12:09,000 LBFGS        PARAM    0001         20.952023          2.065730          1.329681          3.956583         91.195744
rank #0: 2019-02-16 13:12:09,596 LBFGS        PARAM    0002        -34.536007          2.222175          6.231207          3.847083         83.518468
rank #0: 2019-02-16 13:12:10,193 LBFGS        PARAM    0003       -107.708736          2.234209          7.814361          3.823023         82.066346
rank #0: 2019-02-16 13:12:10,791 LBFGS        PARAM    0004       -397.851331          2.279778         16.317473          3.558370         79.025954
rank #0: 2019-02-16 13:12:11,389 LBFGS        PARAM    0005       -465.388581          2.278164         20.658705          3.308440         78.239297
rank #0: 2019-02-16 13:12:11,983 LBFGS        PARAM    0006       -553.255749          2.257789         34.515484          2.628034         77.110584
rank #0: 2019-02-16 13:12:12,577 LBFGS        PARAM    0007       -528.145383          2.245447         43.201980          2.576615         76.976242
rank #0: 2019-02-16 13:12:13,173 LBFGS        PARAM    0008       -498.032599          2.230899         54.482680          2.568357         76.911584
rank #0: 2019-02-16 13:12:13,767 LBFGS        PARAM    0009       -497.745799          2.230238         57.006735          2.593246         76.902051
rank #0: 2019-02-16 13:12:14,361 LBFGS        PARAM    0010       -497.787093          2.230264         57.546330          2.616606         76.900280
rank #0: 2019-02-16 13:12:14,957 LBFGS        PARAM    0011       -497.928683          2.230504         57.522896          2.616469         76.900270
rank #0: 2019-02-16 13:12:15,552 LBFGS        PARAM    0012       -497.901768          2.230456         57.517515          2.616369         76.900269
rank #0: 2019-02-16 13:12:16,145 LBFGS        PARAM    0013       -497.901391          2.230456         57.517867          2.616374         76.900269
rank #0: 2019-02-16 13:12:16,737 LBFGS        PARAM    0014       -497.901341          2.230456         57.517859          2.616374         76.900269
rank #0: 2019-02-16 13:12:17,330 LBFGS        PARAM    0015       -497.901345          2.230456         57.517860          2.616374         76.900269
rank #0: 2019-02-16 13:12:17,989 LBFGS        PARAM    0016       -497.901345          2.230456         57.517860          2.616374         76.900269
rank #0: 2019-02-16 13:12:43,376 LBFGS        INFO     Linesearch failed in both LBFGS and gradient directions
rank #0: 2019-02-16 13:12:43,377 LBFGS        PARAM    0016       -497.901345          2.230456         57.517860          2.616374         76.900269
rank #0: 2019-02-16 13:12:43,378 rsdfit.lbfgs_fitter WARNING  ...LBFGS optimization finished. Time elapsed: 0:00:35.04
rank #0: 2019-02-16 13:12:43,379 rsdfit.lbfgs_fitter ERROR    nonlinear fit with method L-BFGS-B failed: Linesearch failed in both LBFGS and gradient directions
rank #0: 2019-02-16 13:12:43,380 rsdfit.fitting_driver INFO     rank 31 on nid00599     ...fitting complete
rank #0: 2019-02-16 13:12:43,383 rsdfit.fitting_driver INFO     rank 31 on nid00599     Saving the results to `/global/cscratch1/sd/nhand/eBOSS/fits/results/mocks/ezmock/v1.8e-fph/0.005-0.3/basemodel-N-fnl/0.8-2.2/QSO-S-0452-P0+P2-mock-cov-4b67b814a6/2019-02-16_nlopt_16i_chain0__1.npz`
rank #0: 2019-02-16 13:12:43,394 pyRSD.analysis.lbfgs_results INFO     
minimum chi2 = 76.90026911627768

Free parameters [ mean ]
_______________
N              : -497.9013451845402
b1             : 2.2304562663250525
f_nl           : 57.51786009708137
sigma_fog      : 2.616374080813154

Constrained parameters [ mean ]
_________________________
b1sigma8       : 0.8884201961857444
