rank #0: 2018-06-03 08:26:57,416 rsdfit.fitting_driver INFO     rank 28 on nid00618     Calling the 'nlopt' solve function
rank #0: 2018-06-03 08:26:57,417 rsdfit.lbfgs_fitter INFO     running LBFGS for 500 iterations and then stopping
rank #0: 2018-06-03 08:26:57,417 rsdfit.lbfgs_fitter INFO     running LBFGS minimizer with priors
rank #0: 2018-06-03 08:26:57,418 root         INFO     Iter           N          b1        f_nl   sigma_fog   F(X)     
rank #0: 2018-06-03 08:26:57,961 LBFGS        INFO     options = {'factr': 100000.0, 'gtol': 1e-05, 'max_iter': 500, 'test_convergence': False}
rank #0: 2018-06-03 08:26:57,962 LBFGS        PARAM    0000          0.000000          2.000000          0.000000          4.000000        148.341257
rank #0: 2018-06-03 08:26:58,580 LBFGS        PARAM    0001         77.889518          2.179272          1.313139          3.973069        107.574650
rank #0: 2018-06-03 08:26:59,135 LBFGS        PARAM    0002        -28.961481          2.552915          6.858649          4.101735         78.601496
rank #0: 2018-06-03 08:26:59,692 LBFGS        PARAM    0003       -157.805239          2.536548          6.710090          4.240924         71.190562
rank #0: 2018-06-03 08:27:00,251 LBFGS        PARAM    0004       -454.315989          2.609726          8.254086          4.569968         65.191602
rank #0: 2018-06-03 08:27:00,809 LBFGS        PARAM    0005       -471.004159          2.625518          7.956309          4.626438         65.096853
rank #0: 2018-06-03 08:27:01,366 LBFGS        PARAM    0006       -467.552597          2.629472          7.094956          4.671688         65.057146
rank #0: 2018-06-03 08:27:01,924 LBFGS        PARAM    0007       -435.050238          2.636095          2.511817          4.862646         64.940919
rank #0: 2018-06-03 08:27:02,481 LBFGS        PARAM    0008       -412.717971          2.633422         -1.674095          4.938348         64.904689
rank #0: 2018-06-03 08:27:03,038 LBFGS        PARAM    0009       -406.871084          2.632321         -3.203050          4.946603         64.900948
rank #0: 2018-06-03 08:27:03,596 LBFGS        PARAM    0010       -406.857463          2.632420         -4.128677          4.943645         64.899498
rank #0: 2018-06-03 08:27:04,154 LBFGS        PARAM    0011       -410.229181          2.633898         -5.875992          4.934045         64.897511
rank #0: 2018-06-03 08:27:04,711 LBFGS        PARAM    0012       -413.251804          2.635268         -6.363310          4.930570         64.897134
rank #0: 2018-06-03 08:27:05,271 LBFGS        PARAM    0013       -413.338473          2.635239         -6.349005          4.929955         64.897133
rank #0: 2018-06-03 08:27:05,828 LBFGS        PARAM    0014       -413.356462          2.635235         -6.346099          4.929841         64.897133
rank #0: 2018-06-03 08:27:06,385 LBFGS        PARAM    0015       -413.356461          2.635235         -6.346027          4.929841         64.897133
rank #0: 2018-06-03 08:27:06,944 LBFGS        PARAM    0016       -413.356471          2.635235         -6.346019          4.929841         64.897133
rank #0: 2018-06-03 08:27:07,501 LBFGS        PARAM    0017       -413.356486          2.635235         -6.346018          4.929841         64.897133
rank #0: 2018-06-03 08:27:08,120 LBFGS        PARAM    0018       -413.356482          2.635235         -6.346018          4.929841         64.897133
rank #0: 2018-06-03 08:27:08,674 LBFGS        PARAM    0019       -413.356464          2.635235         -6.346013          4.929841         64.897133
rank #0: 2018-06-03 08:27:09,292 LBFGS        PARAM    0020       -413.356463          2.635235         -6.346013          4.929841         64.897133
rank #0: 2018-06-03 08:27:09,848 LBFGS        PARAM    0021       -413.356464          2.635235         -6.346015          4.929841         64.897133
rank #0: 2018-06-03 08:27:23,376 LBFGS        PARAM    0022       -413.356462          2.635235         -6.346015          4.929841         64.897133
rank #0: 2018-06-03 08:27:47,355 LBFGS        INFO     Linesearch failed in both LBFGS and gradient directions
rank #0: 2018-06-03 08:27:47,355 LBFGS        PARAM    0022       -413.356462          2.635235         -6.346015          4.929841         64.897133
rank #0: 2018-06-03 08:27:47,356 rsdfit.lbfgs_fitter WARNING  ...LBFGS optimization finished. Time elapsed: 0:00:49.39
rank #0: 2018-06-03 08:27:47,356 rsdfit.lbfgs_fitter ERROR    nonlinear fit with method L-BFGS-B failed: Linesearch failed in both LBFGS and gradient directions
rank #0: 2018-06-03 08:27:47,357 rsdfit.fitting_driver INFO     rank 28 on nid00618     ...fitting complete
rank #0: 2018-06-03 08:27:47,360 rsdfit.fitting_driver INFO     rank 28 on nid00618     Saving the results to `/global/cscratch1/sd/nhand/eBOSS/fits/results/mocks/ezmock/v1.8e-fph/0.0001-0.3/basemodel-N-fnl/0.8-2.2/QSO-N-0214-P0+P2-mock-cov-f224d44da7/2018-06-03_nlopt_22i_chain0__1.npz`
rank #0: 2018-06-03 08:27:47,380 pyRSD.analysis.lbfgs_results INFO     
minimum chi2 = 64.8971332786

Free parameters [ mean ]
_______________
N              : -413.356461964
b1             : 2.63523450348
f_nl           : -6.34601497462
sigma_fog      : 4.92984104848

Constrained parameters [ mean ]
_________________________
b1sigma8       : 0.954570237625
