rank #0: 2018-07-16 20:04:58,300 rsdfit.fitting_driver INFO     rank 19 on nid00652     Calling the 'nlopt' solve function
rank #0: 2018-07-16 20:04:58,300 rsdfit.lbfgs_fitter INFO     running LBFGS for 500 iterations and then stopping
rank #0: 2018-07-16 20:04:58,301 rsdfit.lbfgs_fitter INFO     running LBFGS minimizer with priors
rank #0: 2018-07-16 20:04:58,301 root         INFO     Iter           N          b1        f_nl   sigma_fog   F(X)     
rank #0: 2018-07-16 20:04:58,878 LBFGS        INFO     options = {'factr': 100000.0, 'gtol': 1e-05, 'max_iter': 500, 'test_convergence': False}
rank #0: 2018-07-16 20:04:58,879 LBFGS        PARAM    0000          0.000000          2.000000          0.000000          4.000000        109.150617
rank #0: 2018-07-16 20:04:59,523 LBFGS        PARAM    0001        -12.199815          2.065317          0.629744          3.953014        102.664778
rank #0: 2018-07-16 20:05:00,117 LBFGS        PARAM    0002       -206.511961          2.249922          3.715187          3.788742         92.493087
rank #0: 2018-07-16 20:05:00,712 LBFGS        PARAM    0003       -378.593791          2.287969          5.229305          3.693019         88.636082
rank #0: 2018-07-16 20:05:01,307 LBFGS        PARAM    0004       -753.006087          2.321235          9.564604          3.090060         82.693747
rank #0: 2018-07-16 20:05:01,887 LBFGS        PARAM    0005       -921.503188          2.328376         13.112667          2.538173         80.808545
rank #0: 2018-07-16 20:05:02,481 LBFGS        PARAM    0006       -963.611925          2.316300         18.458422          1.971227         79.538858
rank #0: 2018-07-16 20:05:03,077 LBFGS        PARAM    0007       -931.200632          2.296579         24.116247          1.777168         79.254996
rank #0: 2018-07-16 20:05:03,660 LBFGS        PARAM    0008       -920.738010          2.290912         30.113848          1.680562         79.181539
rank #0: 2018-07-16 20:05:04,254 LBFGS        PARAM    0009       -915.979633          2.283593         39.052754          1.585415         79.116097
rank #0: 2018-07-16 20:05:04,854 LBFGS        PARAM    0010       -913.776491          2.275276         58.094797          1.495549         78.990669
rank #0: 2018-07-16 20:05:05,454 LBFGS        PARAM    0011       -909.368128          2.263621         87.387999          1.493731         78.844211
rank #0: 2018-07-16 20:05:06,036 LBFGS        PARAM    0012       -896.433189          2.262930         96.742465          1.623824         78.791749
rank #0: 2018-07-16 20:05:06,634 LBFGS        PARAM    0013       -891.147266          2.262028         95.677272          1.710962         78.783045
rank #0: 2018-07-16 20:05:07,231 LBFGS        PARAM    0014       -892.198920          2.263533         94.663048          1.701603         78.782115
rank #0: 2018-07-16 20:05:07,815 LBFGS        PARAM    0015       -892.292470          2.263501         94.555234          1.701221         78.782111
rank #0: 2018-07-16 20:05:08,407 LBFGS        PARAM    0016       -892.301088          2.263511         94.546015          1.701341         78.782111
rank #0: 2018-07-16 20:05:09,002 LBFGS        PARAM    0017       -892.304907          2.263512         94.545907          1.701329         78.782111
rank #0: 2018-07-16 20:05:09,596 LBFGS        PARAM    0018       -892.305240          2.263512         94.545935          1.701328         78.782111
rank #0: 2018-07-16 20:05:35,190 LBFGS        INFO     Linesearch failed in both LBFGS and gradient directions
rank #0: 2018-07-16 20:05:35,190 LBFGS        PARAM    0018       -892.305240          2.263512         94.545935          1.701328         78.782111
rank #0: 2018-07-16 20:05:35,191 rsdfit.lbfgs_fitter WARNING  ...LBFGS optimization finished. Time elapsed: 0:00:36.31
rank #0: 2018-07-16 20:05:35,191 rsdfit.lbfgs_fitter ERROR    nonlinear fit with method L-BFGS-B failed: Linesearch failed in both LBFGS and gradient directions
rank #0: 2018-07-16 20:05:35,192 rsdfit.fitting_driver INFO     rank 19 on nid00652     ...fitting complete
rank #0: 2018-07-16 20:05:35,195 rsdfit.fitting_driver INFO     rank 19 on nid00652     Saving the results to `/global/cscratch1/sd/nhand/eBOSS/fits/results/mocks/ezmock/v1.8e-fph/0.005-0.3/basemodel-N-fnl/0.8-2.2/QSO-S-0256-P0+P2-mock-cov-a8bcb55756/2018-07-16_nlopt_18i_chain0__1.npz`
rank #0: 2018-07-16 20:05:35,221 pyRSD.analysis.lbfgs_results INFO     
minimum chi2 = 78.7821106723

Free parameters [ mean ]
_______________
N              : -892.305239796
b1             : 2.26351201085
f_nl           : 94.5459352911
sigma_fog      : 1.70132822485

Constrained parameters [ mean ]
_________________________
b1sigma8       : 0.901586735912
