rank #0: 2018-06-24 14:20:53,601 rsdfit.fitting_driver INFO     rank 53 on nid00539     Calling the 'nlopt' solve function
rank #0: 2018-06-24 14:20:53,602 rsdfit.lbfgs_fitter INFO     running LBFGS for 500 iterations and then stopping
rank #0: 2018-06-24 14:20:53,603 rsdfit.lbfgs_fitter INFO     running LBFGS minimizer with priors
rank #0: 2018-06-24 14:20:53,604 root         INFO     Iter           N          b1        f_nl   sigma_fog   F(X)     
rank #0: 2018-06-24 14:20:54,181 LBFGS        INFO     options = {'factr': 100000.0, 'gtol': 1e-05, 'max_iter': 500, 'test_convergence': False}
rank #0: 2018-06-24 14:20:54,183 LBFGS        PARAM    0000          0.000000          2.000000          0.000000          4.000000        123.342032
rank #0: 2018-06-24 14:20:54,827 LBFGS        PARAM    0001         39.476584          2.142368          2.374823          3.949856        102.095560
rank #0: 2018-06-24 14:20:55,422 LBFGS        PARAM    0002        -98.243523          2.484066         10.375062          3.919059         83.528417
rank #0: 2018-06-24 14:20:56,018 LBFGS        PARAM    0003       -227.720131          2.466607          9.441200          3.974086         79.069218
rank #0: 2018-06-24 14:20:56,615 LBFGS        PARAM    0004       -543.796941          2.526011          9.084452          4.043642         75.288999
rank #0: 2018-06-24 14:20:57,195 LBFGS        PARAM    0005       -609.754952          2.544909          5.679555          3.930732         74.756403
rank #0: 2018-06-24 14:20:57,788 LBFGS        PARAM    0006       -807.525398          2.581160        -16.266657          3.311608         73.420150
rank #0: 2018-06-24 14:20:58,383 LBFGS        PARAM    0007       -814.578620          2.601523        -33.269927          3.273624         73.145590
rank #0: 2018-06-24 14:20:58,963 LBFGS        PARAM    0008       -815.212187          2.619096        -54.733326          3.299671         72.987198
rank #0: 2018-06-24 14:20:59,557 LBFGS        PARAM    0009       -823.257491          2.629976        -63.117180          3.351688         72.966441
rank #0: 2018-06-24 14:21:00,154 LBFGS        PARAM    0010       -823.376261          2.629583        -63.474746          3.354585         72.966290
rank #0: 2018-06-24 14:21:00,754 LBFGS        PARAM    0011       -823.258872          2.629796        -63.471349          3.355013         72.966275
rank #0: 2018-06-24 14:21:01,575 LBFGS        PARAM    0012       -823.256812          2.629795        -63.468765          3.355047         72.966275
rank #0: 2018-06-24 14:21:02,173 LBFGS        PARAM    0013       -823.258211          2.629795        -63.467911          3.355053         72.966275
rank #0: 2018-06-24 14:21:02,768 LBFGS        PARAM    0014       -823.258356          2.629795        -63.467918          3.355053         72.966275
rank #0: 2018-06-24 14:21:03,345 LBFGS        PARAM    0015       -823.258398          2.629795        -63.467918          3.355053         72.966275
rank #0: 2018-06-24 14:21:29,363 LBFGS        INFO     Linesearch failed in both LBFGS and gradient directions
rank #0: 2018-06-24 14:21:29,364 LBFGS        PARAM    0015       -823.258398          2.629795        -63.467918          3.355053         72.966275
rank #0: 2018-06-24 14:21:29,365 rsdfit.lbfgs_fitter WARNING  ...LBFGS optimization finished. Time elapsed: 0:00:35.18
rank #0: 2018-06-24 14:21:29,366 rsdfit.lbfgs_fitter ERROR    nonlinear fit with method L-BFGS-B failed: Linesearch failed in both LBFGS and gradient directions
rank #0: 2018-06-24 14:21:29,368 rsdfit.fitting_driver INFO     rank 53 on nid00539     ...fitting complete
rank #0: 2018-06-24 14:21:29,371 rsdfit.fitting_driver INFO     rank 53 on nid00539     Saving the results to `/global/cscratch1/sd/nhand/eBOSS/fits/results/mocks/ezmock/v1.8e-fph/0.005-0.3/basemodel-N-fnl/0.8-2.2/QSO-S-0944-P0+P2-mock-cov-1ab4f6001f/2018-06-24_nlopt_15i_chain0__1.npz`
rank #0: 2018-06-24 14:21:29,397 pyRSD.analysis.lbfgs_results INFO     
minimum chi2 = 72.9662746968

Free parameters [ mean ]
_______________
N              : -823.258398456
b1             : 2.62979537508
f_nl           : -63.4679179481
sigma_fog      : 3.35505318078

Constrained parameters [ mean ]
_________________________
b1sigma8       : 0.985871650453
