rank #0: 2018-06-24 13:46:23,288 rsdfit.fitting_driver INFO     rank 34 on nid00568     Calling the 'nlopt' solve function
rank #0: 2018-06-24 13:46:23,289 rsdfit.lbfgs_fitter INFO     running LBFGS for 500 iterations and then stopping
rank #0: 2018-06-24 13:46:23,290 rsdfit.lbfgs_fitter INFO     running LBFGS minimizer with priors
rank #0: 2018-06-24 13:46:23,290 root         INFO     Iter           N          b1        f_nl   sigma_fog   F(X)     
rank #0: 2018-06-24 13:46:23,880 LBFGS        INFO     options = {'factr': 100000.0, 'gtol': 1e-05, 'max_iter': 500, 'test_convergence': False}
rank #0: 2018-06-24 13:46:23,881 LBFGS        PARAM    0000          0.000000          2.000000          0.000000          4.000000        113.224277
rank #0: 2018-06-24 13:46:24,543 LBFGS        PARAM    0001         77.125325          2.182043          1.581041          3.960416         91.348816
rank #0: 2018-06-24 13:46:25,137 LBFGS        PARAM    0002        -36.463866          2.565443          8.903003          4.034721         76.216868
rank #0: 2018-06-24 13:46:25,739 LBFGS        PARAM    0003       -156.104337          2.530887          9.094984          4.144168         72.653602
rank #0: 2018-06-24 13:46:26,343 LBFGS        PARAM    0004       -385.796515          2.576709         12.109124          4.338690         70.369982
rank #0: 2018-06-24 13:46:26,930 LBFGS        PARAM    0005       -439.741023          2.603202         14.415468          4.375048         70.235421
rank #0: 2018-06-24 13:46:27,532 LBFGS        PARAM    0006       -442.851063          2.603585         16.225250          4.363463         70.218502
rank #0: 2018-06-24 13:46:28,135 LBFGS        PARAM    0007       -471.235163          2.591217         44.891944          4.173632         70.067190
rank #0: 2018-06-24 13:46:28,728 LBFGS        PARAM    0008       -461.067178          2.578920         53.927920          4.163121         70.025231
rank #0: 2018-06-24 13:46:29,324 LBFGS        PARAM    0009       -432.038820          2.561941         63.216728          4.203697         69.994425
rank #0: 2018-06-24 13:46:29,927 LBFGS        PARAM    0010       -425.800191          2.561265         64.147871          4.229174         69.990606
rank #0: 2018-06-24 13:46:30,529 LBFGS        PARAM    0011       -419.311212          2.563124         64.925735          4.269179         69.987683
rank #0: 2018-06-24 13:46:31,116 LBFGS        PARAM    0012       -419.378950          2.563191         64.688972          4.270365         69.987672
rank #0: 2018-06-24 13:46:31,720 LBFGS        PARAM    0013       -419.377839          2.563169         64.719135          4.270287         69.987671
rank #0: 2018-06-24 13:46:32,324 LBFGS        PARAM    0014       -419.372604          2.563167         64.720198          4.270294         69.987671
rank #0: 2018-06-24 13:46:32,915 LBFGS        PARAM    0015       -419.373956          2.563167         64.720101          4.270293         69.987671
rank #0: 2018-06-24 13:46:33,516 LBFGS        PARAM    0016       -419.373969          2.563167         64.720097          4.270293         69.987671
rank #0: 2018-06-24 13:46:34,122 LBFGS        PARAM    0017       -419.373959          2.563167         64.720097          4.270293         69.987671
rank #0: 2018-06-24 13:47:00,207 LBFGS        INFO     Linesearch failed in both LBFGS and gradient directions
rank #0: 2018-06-24 13:47:00,208 LBFGS        PARAM    0017       -419.373959          2.563167         64.720097          4.270293         69.987671
rank #0: 2018-06-24 13:47:00,209 rsdfit.lbfgs_fitter WARNING  ...LBFGS optimization finished. Time elapsed: 0:00:36.33
rank #0: 2018-06-24 13:47:00,210 rsdfit.lbfgs_fitter ERROR    nonlinear fit with method L-BFGS-B failed: Linesearch failed in both LBFGS and gradient directions
rank #0: 2018-06-24 13:47:00,211 rsdfit.fitting_driver INFO     rank 34 on nid00568     ...fitting complete
rank #0: 2018-06-24 13:47:00,215 rsdfit.fitting_driver INFO     rank 34 on nid00568     Saving the results to `/global/cscratch1/sd/nhand/eBOSS/fits/results/mocks/ezmock/v1.8e-fph/0.005-0.3/basemodel-N-fnl/0.8-2.2/QSO-S-0711-P0+P2-mock-cov-f224d44da7/2018-06-24_nlopt_17i_chain0__1.npz`
rank #0: 2018-06-24 13:47:00,249 pyRSD.analysis.lbfgs_results INFO     
minimum chi2 = 69.9876714583

Free parameters [ mean ]
_______________
N              : -419.373958549
b1             : 2.56316724084
f_nl           : 64.7200974378
sigma_fog      : 4.27029339934

Constrained parameters [ mean ]
_________________________
b1sigma8       : 0.928465060296
