rank #0: 2018-06-24 13:47:26,506 rsdfit.fitting_driver INFO     rank 36 on nid00568     Calling the 'nlopt' solve function
rank #0: 2018-06-24 13:47:26,507 rsdfit.lbfgs_fitter INFO     running LBFGS for 500 iterations and then stopping
rank #0: 2018-06-24 13:47:26,508 rsdfit.lbfgs_fitter INFO     running LBFGS minimizer with priors
rank #0: 2018-06-24 13:47:26,509 root         INFO     Iter           N          b1        f_nl   sigma_fog   F(X)     
rank #0: 2018-06-24 13:47:27,098 LBFGS        INFO     options = {'factr': 100000.0, 'gtol': 1e-05, 'max_iter': 500, 'test_convergence': False}
rank #0: 2018-06-24 13:47:27,099 LBFGS        PARAM    0000          0.000000          2.000000          0.000000          4.000000        131.673020
rank #0: 2018-06-24 13:47:27,767 LBFGS        PARAM    0001        116.531862          2.212442          1.630517          3.925009        100.784943
rank #0: 2018-06-24 13:47:28,354 LBFGS        PARAM    0002         26.519428          2.630743          8.503431          3.890965         83.581483
rank #0: 2018-06-24 13:47:28,955 LBFGS        PARAM    0003        -13.302597          2.534822          7.136961          3.997053         80.888612
rank #0: 2018-06-24 13:47:29,553 LBFGS        PARAM    0004       -129.612317          2.537828          7.806632          4.098464         79.360084
rank #0: 2018-06-24 13:47:30,147 LBFGS        PARAM    0005       -303.620492          2.605684         10.138426          4.233684         77.573745
rank #0: 2018-06-24 13:47:30,729 LBFGS        PARAM    0006       -383.961124          2.648502         10.802868          4.190269         77.180876
rank #0: 2018-06-24 13:47:31,324 LBFGS        PARAM    0007       -408.709897          2.659294         10.293159          4.107108         77.085221
rank #0: 2018-06-24 13:47:31,921 LBFGS        PARAM    0008       -455.819432          2.668900          8.425402          3.895602         76.943605
rank #0: 2018-06-24 13:47:32,503 LBFGS        PARAM    0009       -492.933828          2.665682          6.117398          3.714774         76.862456
rank #0: 2018-06-24 13:47:33,100 LBFGS        PARAM    0010       -500.610797          2.659679          4.531317          3.666081         76.846102
rank #0: 2018-06-24 13:47:33,698 LBFGS        PARAM    0011       -498.506152          2.658313          4.232956          3.668536         76.845406
rank #0: 2018-06-24 13:47:34,298 LBFGS        PARAM    0012       -497.423768          2.658009          3.966702          3.671453         76.845069
rank #0: 2018-06-24 13:47:34,887 LBFGS        PARAM    0013       -495.792972          2.658152          2.895620          3.678571         76.844039
rank #0: 2018-06-24 13:47:35,488 LBFGS        PARAM    0014       -496.329293          2.659713          1.334986          3.683434         76.842915
rank #0: 2018-06-24 13:47:36,090 LBFGS        PARAM    0015       -499.048001          2.661727          0.434267          3.681660         76.842444
rank #0: 2018-06-24 13:47:36,681 LBFGS        PARAM    0016       -499.512343          2.661950          0.429263          3.681253         76.842436
rank #0: 2018-06-24 13:47:37,283 LBFGS        PARAM    0017       -499.556658          2.661955          0.448042          3.681164         76.842436
rank #0: 2018-06-24 13:47:37,882 LBFGS        PARAM    0018       -499.556679          2.661953          0.450637          3.681153         76.842436
rank #0: 2018-06-24 13:47:38,479 LBFGS        PARAM    0019       -499.556428          2.661953          0.450709          3.681153         76.842436
rank #0: 2018-06-24 13:47:39,201 LBFGS        PARAM    0020       -499.556427          2.661953          0.450709          3.681153         76.842436
rank #0: 2018-06-24 13:48:05,519 LBFGS        INFO     Linesearch failed in both LBFGS and gradient directions
rank #0: 2018-06-24 13:48:05,520 LBFGS        PARAM    0020       -499.556427          2.661953          0.450709          3.681153         76.842436
rank #0: 2018-06-24 13:48:05,521 rsdfit.lbfgs_fitter WARNING  ...LBFGS optimization finished. Time elapsed: 0:00:38.42
rank #0: 2018-06-24 13:48:05,522 rsdfit.lbfgs_fitter ERROR    nonlinear fit with method L-BFGS-B failed: Linesearch failed in both LBFGS and gradient directions
rank #0: 2018-06-24 13:48:05,523 rsdfit.fitting_driver INFO     rank 36 on nid00568     ...fitting complete
rank #0: 2018-06-24 13:48:05,950 rsdfit.fitting_driver INFO     rank 36 on nid00568     Saving the results to `/global/cscratch1/sd/nhand/eBOSS/fits/results/mocks/ezmock/v1.8e-fph/0.005-0.3/basemodel-N-fnl/0.8-2.2/QSO-S-0789-P0+P2-mock-cov-f224d44da7/2018-06-24_nlopt_20i_chain0__1.npz`
rank #0: 2018-06-24 13:48:05,978 pyRSD.analysis.lbfgs_results INFO     
minimum chi2 = 76.8424356193

Free parameters [ mean ]
_______________
N              : -499.556427235
b1             : 2.6619531163
f_nl           : 0.450709440938
sigma_fog      : 3.68115259282

Constrained parameters [ mean ]
_________________________
b1sigma8       : 0.964248614469
