rank #0: 2018-12-30 15:54:35,762 rsdfit.fitting_driver INFO     rank 53 on nid00556     Calling the 'nlopt' solve function
rank #0: 2018-12-30 15:54:35,763 rsdfit.lbfgs_fitter INFO     running LBFGS for 500 iterations and then stopping
rank #0: 2018-12-30 15:54:35,764 rsdfit.lbfgs_fitter INFO     running LBFGS minimizer with priors
rank #0: 2018-12-30 15:54:35,764 root         INFO     Iter           N          b1        f_nl   sigma_fog   F(X)     
rank #0: 2018-12-30 15:54:35,765 rsdfit.lbfgs_fitter INFO     computing gradient using numerical derivative of lnlike()
rank #0: 2018-12-30 15:54:36,374 LBFGS        INFO     options = {'factr': 100000.0, 'gtol': 1e-05, 'max_iter': 500, 'test_convergence': False}
rank #0: 2018-12-30 15:54:36,375 LBFGS        PARAM    0000          0.000000          2.000000          0.000000          4.000000         75.316504
rank #0: 2018-12-30 15:54:37,075 LBFGS        PARAM    0001         18.750172          2.048627          0.965137          3.986942         71.094956
rank #0: 2018-12-30 15:54:37,702 LBFGS        PARAM    0002        -12.303598          2.161572          4.138080          3.999151         67.152321
rank #0: 2018-12-30 15:54:38,307 LBFGS        PARAM    0003        -57.037311          2.174478          5.137475          4.037011         66.567020
rank #0: 2018-12-30 15:54:38,934 LBFGS        PARAM    0004       -171.744303          2.202842          8.500837          4.151474         65.908375
rank #0: 2018-12-30 15:54:39,561 LBFGS        PARAM    0005       -168.501192          2.201909          9.057366          4.158593         65.903349
rank #0: 2018-12-30 15:54:40,166 LBFGS        PARAM    0006       -149.587503          2.197284         14.131454          4.222636         65.884519
rank #0: 2018-12-30 15:54:40,794 LBFGS        PARAM    0007       -150.621579          2.197291         13.776817          4.220301         65.884416
rank #0: 2018-12-30 15:54:41,421 LBFGS        PARAM    0008       -150.621177          2.197351         13.805964          4.220413         65.884413
rank #0: 2018-12-30 15:54:42,026 LBFGS        PARAM    0009       -150.627195          2.197350         13.807932          4.220420         65.884413
rank #0: 2018-12-30 15:54:42,647 LBFGS        PARAM    0010       -150.639152          2.197349         13.810027          4.220389         65.884413
rank #0: 2018-12-30 15:54:43,271 LBFGS        PARAM    0011       -150.656441          2.197345         13.812638          4.220296         65.884413
rank #0: 2018-12-30 15:54:43,900 LBFGS        PARAM    0012       -150.660099          2.197343         13.812857          4.220235         65.884413
rank #0: 2018-12-30 15:54:44,509 LBFGS        PARAM    0013       -150.659298          2.197343         13.812639          4.220228         65.884413
rank #0: 2018-12-30 15:54:45,140 LBFGS        PARAM    0014       -150.659069          2.197343         13.812600          4.220228         65.884413
rank #0: 2018-12-30 15:54:45,771 LBFGS        PARAM    0015       -150.659059          2.197343         13.812596          4.220228         65.884413
rank #0: 2018-12-30 15:55:13,044 LBFGS        INFO     Linesearch failed in both LBFGS and gradient directions
rank #0: 2018-12-30 15:55:13,046 LBFGS        PARAM    0015       -150.659059          2.197343         13.812596          4.220228         65.884413
rank #0: 2018-12-30 15:55:13,047 rsdfit.lbfgs_fitter WARNING  ...LBFGS optimization finished. Time elapsed: 0:00:36.67
rank #0: 2018-12-30 15:55:13,047 rsdfit.lbfgs_fitter ERROR    nonlinear fit with method L-BFGS-B failed: Linesearch failed in both LBFGS and gradient directions
rank #0: 2018-12-30 15:55:13,048 rsdfit.fitting_driver INFO     rank 53 on nid00556     ...fitting complete
rank #0: 2018-12-30 15:55:13,052 rsdfit.fitting_driver INFO     rank 53 on nid00556     Saving the results to `/global/cscratch1/sd/nhand/eBOSS/fits/results/mocks/ezmock/v1.8e-fph/0.0001-0.3/basemodel-N-fnl/0.8-2.2/QSO-S-0639-P0+P2-mock-cov-175f5c9b57/2018-12-30_nlopt_15i_chain0__1.npz`
rank #0: 2018-12-30 15:55:13,404 pyRSD.analysis.lbfgs_results INFO     
minimum chi2 = 65.8844132197

Free parameters [ mean ]
_______________
N              : -150.659058923
b1             : 2.19734299781
f_nl           : 13.812596449
sigma_fog      : 4.22022822354

Constrained parameters [ mean ]
_________________________
b1sigma8       : 0.875230743895
