rank #0: 2018-10-04 21:21:01,314 rsdfit.fitting_driver INFO     rank 56 on nid01694     Calling the 'nlopt' solve function
rank #0: 2018-10-04 21:21:01,315 rsdfit.lbfgs_fitter INFO     running LBFGS for 500 iterations and then stopping
rank #0: 2018-10-04 21:21:01,316 rsdfit.lbfgs_fitter INFO     running LBFGS minimizer with priors
rank #0: 2018-10-04 21:21:01,316 root         INFO     Iter           N          b1        f_nl   sigma_fog   F(X)     
rank #0: 2018-10-04 21:21:01,317 rsdfit.lbfgs_fitter INFO     computing gradient using numerical derivative of lnlike()
rank #0: 2018-10-04 21:21:02,504 LBFGS        INFO     options = {'factr': 100000.0, 'gtol': 1e-05, 'max_iter': 500, 'test_convergence': False}
rank #0: 2018-10-04 21:21:02,505 LBFGS        PARAM    0000          0.000000          2.000000          0.000000          4.000000        127.438642
rank #0: 2018-10-04 21:21:03,871 LBFGS        PARAM    0001         48.512144          2.128295          2.288359          3.956542        107.852309
rank #0: 2018-10-04 21:21:05,075 LBFGS        PARAM    0002        -45.011345          2.429118          9.976551          3.942123         91.929379
rank #0: 2018-10-04 21:21:06,301 LBFGS        PARAM    0003       -138.860446          2.408359          9.505839          4.005427         89.045120
rank #0: 2018-10-04 21:21:07,500 LBFGS        PARAM    0004       -355.817263          2.445942         10.466224          4.114528         86.584319
rank #0: 2018-10-04 21:21:08,694 LBFGS        PARAM    0005       -428.562716          2.474122          9.610433          4.093367         86.292202
rank #0: 2018-10-04 21:21:09,910 LBFGS        PARAM    0006       -471.933551          2.486527          6.356550          3.998797         86.114251
rank #0: 2018-10-04 21:21:11,104 LBFGS        PARAM    0007       -542.601154          2.498291         -2.917620          3.737806         85.876066
rank #0: 2018-10-04 21:21:12,321 LBFGS        PARAM    0008       -540.853356          2.496983         -7.464306          3.702527         85.851260
rank #0: 2018-10-04 21:21:13,521 LBFGS        PARAM    0009       -539.177984          2.497721         -8.661838          3.700095         85.849877
rank #0: 2018-10-04 21:21:14,741 LBFGS        PARAM    0010       -538.954783          2.498363         -9.219850          3.703797         85.849513
rank #0: 2018-10-04 21:21:15,947 LBFGS        PARAM    0011       -539.310697          2.499338         -9.584619          3.711219         85.849313
rank #0: 2018-10-04 21:21:17,148 LBFGS        PARAM    0012       -539.342944          2.499293         -9.593249          3.711144         85.849313
rank #0: 2018-10-04 21:21:18,370 LBFGS        PARAM    0013       -539.338254          2.499297         -9.592818          3.711136         85.849313
rank #0: 2018-10-04 21:21:19,569 LBFGS        PARAM    0014       -539.338064          2.499297         -9.593017          3.711135         85.849313
rank #0: 2018-10-04 21:21:20,790 LBFGS        PARAM    0015       -539.337946          2.499297         -9.593057          3.711135         85.849313
rank #0: 2018-10-04 21:21:22,125 LBFGS        PARAM    0016       -539.337951          2.499297         -9.593057          3.711135         85.849313
rank #0: 2018-10-04 21:21:22,127 LBFGS        INFO     LBFGS iteration 16: the descent direction does not have a sufficient projection (cos(theta)=-5.89e-01, theta=126.1077) into the gradient; using steepest descent at this step!
rank #0: 2018-10-04 21:21:47,532 LBFGS        INFO     Linesearch failed in both LBFGS and gradient directions
rank #0: 2018-10-04 21:21:47,533 LBFGS        PARAM    0016       -539.337951          2.499297         -9.593057          3.711135         85.849313
rank #0: 2018-10-04 21:21:47,534 rsdfit.lbfgs_fitter WARNING  ...LBFGS optimization finished. Time elapsed: 0:00:45.03
rank #0: 2018-10-04 21:21:47,536 rsdfit.lbfgs_fitter ERROR    nonlinear fit with method L-BFGS-B failed: Linesearch failed in both LBFGS and gradient directions
rank #0: 2018-10-04 21:21:47,537 rsdfit.fitting_driver INFO     rank 56 on nid01694     ...fitting complete
rank #0: 2018-10-04 21:21:47,541 rsdfit.fitting_driver INFO     rank 56 on nid01694     Saving the results to `/global/cscratch1/sd/nhand/eBOSS/fits/results/mocks/ezmock/v1.8e-fph/0.0001-0.3/basemodel-N-fnl/0.8-2.2/QSO-S-0710-P0+P2-mock-cov-96ccb1008d/2018-10-04_nlopt_16i_chain0__1.npz`
rank #0: 2018-10-04 21:21:48,333 pyRSD.analysis.lbfgs_results INFO     
minimum chi2 = 85.8493125018

Free parameters [ mean ]
_______________
N              : -539.337951356
b1             : 2.49929710989
f_nl           : -9.59305697055
sigma_fog      : 3.71113542915

Constrained parameters [ mean ]
_________________________
b1sigma8       : 0.93694976805
