rank #0: 2019-02-16 13:33:05,037 rsdfit.fitting_driver INFO     rank 5 on nid00600     Calling the 'nlopt' solve function
rank #0: 2019-02-16 13:33:05,037 rsdfit.lbfgs_fitter INFO     running LBFGS for 500 iterations and then stopping
rank #0: 2019-02-16 13:33:05,038 rsdfit.lbfgs_fitter INFO     running LBFGS minimizer with priors
rank #0: 2019-02-16 13:33:05,038 root         INFO     Iter           N          b1        f_nl   sigma_fog   F(X)     
rank #0: 2019-02-16 13:33:05,039 rsdfit.lbfgs_fitter INFO     computing gradient using numerical derivative of lnlike()
rank #0: 2019-02-16 13:33:05,614 LBFGS        INFO     options = {'factr': 100000.0, 'gtol': 1e-05, 'max_iter': 500, 'test_convergence': False}
rank #0: 2019-02-16 13:33:05,615 LBFGS        PARAM    0000          0.000000          2.000000          0.000000          4.000000         97.572832
rank #0: 2019-02-16 13:33:06,269 LBFGS        PARAM    0001        -15.834107          2.055965          0.591915          4.008144         90.092621
rank #0: 2019-02-16 13:33:06,857 LBFGS        PARAM    0002       -175.322069          2.194925          3.085176          4.107896         79.413149
rank #0: 2019-02-16 13:33:07,447 LBFGS        PARAM    0003       -302.979552          2.222097          4.397198          4.195058         76.445800
rank #0: 2019-02-16 13:33:08,036 LBFGS        PARAM    0004       -378.138938          2.223653          6.097687          4.237976         75.806932
rank #0: 2019-02-16 13:33:08,625 LBFGS        PARAM    0005       -380.494168          2.224530          6.729938          4.234708         75.792053
rank #0: 2019-02-16 13:33:09,214 LBFGS        PARAM    0006       -411.245835          2.230148         20.750075          4.148754         75.558157
rank #0: 2019-02-16 13:33:09,803 LBFGS        PARAM    0007       -435.837412          2.226731         40.680109          4.023874         75.311562
rank #0: 2019-02-16 13:33:10,393 LBFGS        PARAM    0008       -445.616567          2.211094         73.339731          3.887604         74.961521
rank #0: 2019-02-16 13:33:10,983 LBFGS        PARAM    0009       -406.437089          2.190141        122.893906          3.976442         74.557225
rank #0: 2019-02-16 13:33:11,572 LBFGS        PARAM    0010       -367.255728          2.164373        133.991955          3.962294         74.530005
rank #0: 2019-02-16 13:33:12,162 LBFGS        PARAM    0011       -368.902945          2.176252        129.012866          4.040371         74.453574
rank #0: 2019-02-16 13:33:12,752 LBFGS        PARAM    0012       -365.822044          2.176762        128.037099          4.061244         74.451823
rank #0: 2019-02-16 13:33:13,343 LBFGS        PARAM    0013       -364.911443          2.176742        127.690365          4.065995         74.451736
rank #0: 2019-02-16 13:33:13,933 LBFGS        PARAM    0014       -364.905001          2.176739        127.678424          4.065996         74.451736
rank #0: 2019-02-16 13:33:14,524 LBFGS        PARAM    0015       -364.905137          2.176738        127.678099          4.065993         74.451736
rank #0: 2019-02-16 13:33:15,247 LBFGS        PARAM    0016       -364.905137          2.176738        127.678101          4.065993         74.451736
rank #0: 2019-02-16 13:33:40,870 LBFGS        INFO     Linesearch failed in both LBFGS and gradient directions
rank #0: 2019-02-16 13:33:40,871 LBFGS        PARAM    0016       -364.905137          2.176738        127.678101          4.065993         74.451736
rank #0: 2019-02-16 13:33:40,872 rsdfit.lbfgs_fitter WARNING  ...LBFGS optimization finished. Time elapsed: 0:00:35.26
rank #0: 2019-02-16 13:33:40,873 rsdfit.lbfgs_fitter ERROR    nonlinear fit with method L-BFGS-B failed: Linesearch failed in both LBFGS and gradient directions
rank #0: 2019-02-16 13:33:40,874 rsdfit.fitting_driver INFO     rank 5 on nid00600     ...fitting complete
rank #0: 2019-02-16 13:33:40,878 rsdfit.fitting_driver INFO     rank 5 on nid00600     Saving the results to `/global/cscratch1/sd/nhand/eBOSS/fits/results/mocks/ezmock/v1.8e-fph/0.005-0.3/basemodel-N-fnl/0.8-2.2/QSO-N-0359-P0+P2-mock-cov-6e34f56d69/2019-02-16_nlopt_16i_chain0__1.npz`
rank #0: 2019-02-16 13:33:40,885 pyRSD.analysis.lbfgs_results INFO     
minimum chi2 = 74.45173587417898

Free parameters [ mean ]
_______________
N              : -364.9051372598777
b1             : 2.1767383483883878
f_nl           : 127.67810056207257
sigma_fog      : 4.065993020419361

Constrained parameters [ mean ]
_________________________
b1sigma8       : 0.8670236398342439
