rank #0: 2019-02-16 13:38:53,704 rsdfit.fitting_driver INFO     rank 39 on nid00594     Calling the 'nlopt' solve function
rank #0: 2019-02-16 13:38:53,704 rsdfit.lbfgs_fitter INFO     running LBFGS for 500 iterations and then stopping
rank #0: 2019-02-16 13:38:53,705 rsdfit.lbfgs_fitter INFO     running LBFGS minimizer with priors
rank #0: 2019-02-16 13:38:53,705 root         INFO     Iter           N          b1        f_nl   sigma_fog   F(X)     
rank #0: 2019-02-16 13:38:53,706 rsdfit.lbfgs_fitter INFO     computing gradient using numerical derivative of lnlike()
rank #0: 2019-02-16 13:38:54,278 LBFGS        INFO     options = {'factr': 100000.0, 'gtol': 1e-05, 'max_iter': 500, 'test_convergence': False}
rank #0: 2019-02-16 13:38:54,278 LBFGS        PARAM    0000          0.000000          2.000000          0.000000          4.000000         92.802396
rank #0: 2019-02-16 13:38:54,926 LBFGS        PARAM    0001        -28.695563          2.066284          0.624814          4.001798         87.674529
rank #0: 2019-02-16 13:38:55,508 LBFGS        PARAM    0002       -268.217759          2.241314          3.272240          4.088623         79.404434
rank #0: 2019-02-16 13:38:56,089 LBFGS        PARAM    0003       -439.193386          2.268881          4.206244          4.159889         77.250913
rank #0: 2019-02-16 13:38:56,676 LBFGS        PARAM    0004       -494.503735          2.268249          4.691762          4.144689         77.041798
rank #0: 2019-02-16 13:38:57,263 LBFGS        PARAM    0005       -507.668404          2.268871          5.027184          4.117998         77.006361
rank #0: 2019-02-16 13:38:57,850 LBFGS        PARAM    0006       -557.173467          2.268754          7.122705          3.935174         76.858880
rank #0: 2019-02-16 13:38:58,437 LBFGS        PARAM    0007       -569.386852          2.266316          9.441698          3.797889         76.794617
rank #0: 2019-02-16 13:38:59,022 LBFGS        PARAM    0008       -564.374383          2.264430         10.736905          3.768512         76.785476
rank #0: 2019-02-16 13:38:59,606 LBFGS        PARAM    0009       -560.456688          2.263507         11.602012          3.764862         76.782835
rank #0: 2019-02-16 13:39:00,190 LBFGS        PARAM    0010       -555.283117          2.262103         13.512965          3.763739         76.778300
rank #0: 2019-02-16 13:39:00,774 LBFGS        PARAM    0011       -548.742194          2.259644         17.973496          3.765141         76.769353
rank #0: 2019-02-16 13:39:01,356 LBFGS        PARAM    0012       -545.645191          2.256879         24.697306          3.770283         76.758025
rank #0: 2019-02-16 13:39:01,940 LBFGS        PARAM    0013       -553.165965          2.256386         28.732793          3.772672         76.751623
rank #0: 2019-02-16 13:39:02,523 LBFGS        PARAM    0014       -552.978347          2.256406         28.570240          3.779635         76.751420
rank #0: 2019-02-16 13:39:03,109 LBFGS        PARAM    0015       -552.997538          2.256518         28.455596          3.780767         76.751415
rank #0: 2019-02-16 13:39:03,695 LBFGS        PARAM    0016       -553.000869          2.256517         28.444525          3.780737         76.751415
rank #0: 2019-02-16 13:39:04,280 LBFGS        PARAM    0017       -553.003858          2.256518         28.444426          3.780730         76.751415
rank #0: 2019-02-16 13:39:04,864 LBFGS        PARAM    0018       -553.004043          2.256518         28.444426          3.780730         76.751415
rank #0: 2019-02-16 13:39:05,449 LBFGS        PARAM    0019       -553.004038          2.256518         28.444426          3.780730         76.751415
rank #0: 2019-02-16 13:39:31,043 LBFGS        INFO     Linesearch failed in both LBFGS and gradient directions
rank #0: 2019-02-16 13:39:31,044 LBFGS        PARAM    0019       -553.004038          2.256518         28.444426          3.780730         76.751415
rank #0: 2019-02-16 13:39:31,044 rsdfit.lbfgs_fitter WARNING  ...LBFGS optimization finished. Time elapsed: 0:00:36.77
rank #0: 2019-02-16 13:39:31,045 rsdfit.lbfgs_fitter ERROR    nonlinear fit with method L-BFGS-B failed: Linesearch failed in both LBFGS and gradient directions
rank #0: 2019-02-16 13:39:31,046 rsdfit.fitting_driver INFO     rank 39 on nid00594     ...fitting complete
rank #0: 2019-02-16 13:39:31,725 rsdfit.fitting_driver INFO     rank 39 on nid00594     Saving the results to `/global/cscratch1/sd/nhand/eBOSS/fits/results/mocks/ezmock/v1.8e-fph/0.005-0.3/basemodel-N-fnl/0.8-2.2/QSO-S-0344-P0+P2-mock-cov-7b0931f16d/2019-02-16_nlopt_19i_chain0__1.npz`
rank #0: 2019-02-16 13:39:31,731 pyRSD.analysis.lbfgs_results INFO     
minimum chi2 = 76.75141540931246

Free parameters [ mean ]
_______________
N              : -553.0040380050461
b1             : 2.256518047371097
f_nl           : 28.444426151463112
sigma_fog      : 3.7807295367322666

Constrained parameters [ mean ]
_________________________
b1sigma8       : 0.8988009478639764
