rank #0: 2017-11-27 22:45:09,476 rsdfit.fitting_driver INFO     rank 40 on nid00474     Calling the 'nlopt' solve function
rank #0: 2017-11-27 22:45:09,476 rsdfit.lbfgs_fitter INFO     running LBFGS for 500 iterations and then stopping
rank #0: 2017-11-27 22:45:09,477 rsdfit.lbfgs_fitter INFO     running LBFGS minimizer with priors
rank #0: 2017-11-27 22:45:09,477 root         INFO     Iter          b1        f_nl   sigma_fog   F(X)     
rank #0: 2017-11-27 22:45:09,778 LBFGS        INFO     options = {'factr': 100000.0, 'gtol': 1e-05, 'max_iter': 500, 'test_convergence': False}
rank #0: 2017-11-27 22:45:09,779 LBFGS        PARAM    0000          2.000000          0.000000          4.000000         29.717173
rank #0: 2017-11-27 22:45:10,116 LBFGS        PARAM    0001          2.096463          1.275762          3.995628         23.587058
rank #0: 2017-11-27 22:45:10,409 LBFGS        PARAM    0002          2.306720          5.817979          3.989800         19.217433
rank #0: 2017-11-27 22:45:10,701 LBFGS        PARAM    0003          2.263964          4.214613          3.994802         18.962806
rank #0: 2017-11-27 22:45:10,995 LBFGS        PARAM    0004          2.268774          4.012433          3.997616         18.957211
rank #0: 2017-11-27 22:45:11,287 LBFGS        PARAM    0005          2.270630          3.488405          4.002790         18.954481
rank #0: 2017-11-27 22:45:11,580 LBFGS        PARAM    0006          2.278533         -0.322230          4.039676         18.940321
rank #0: 2017-11-27 22:45:11,875 LBFGS        PARAM    0007          2.288471         -7.653781          4.111043         18.918682
rank #0: 2017-11-27 22:45:12,171 LBFGS        PARAM    0008          2.301383        -21.414016          4.252254         18.884522
rank #0: 2017-11-27 22:45:12,466 LBFGS        PARAM    0009          2.312564        -36.475587          4.731987         18.820936
rank #0: 2017-11-27 22:45:12,763 LBFGS        PARAM    0010          2.333946        -66.410917          6.160958         18.738799
rank #0: 2017-11-27 22:45:13,056 LBFGS        PARAM    0011          2.325094        -57.016245          6.356901         18.679032
rank #0: 2017-11-27 22:45:13,348 LBFGS        PARAM    0012          2.321737        -44.043377          8.277179         18.515280
rank #0: 2017-11-27 22:45:13,641 LBFGS        PARAM    0013          2.330872        -32.399156          9.058706         18.418082
rank #0: 2017-11-27 22:45:13,935 LBFGS        PARAM    0014          2.350200        -34.435458          9.490516         18.367553
rank #0: 2017-11-27 22:45:14,227 LBFGS        PARAM    0015          2.370436        -45.373601         10.032623         18.346352
rank #0: 2017-11-27 22:45:14,520 LBFGS        PARAM    0016          2.375422        -50.164972          9.898410         18.344711
rank #0: 2017-11-27 22:45:14,814 LBFGS        PARAM    0017          2.374097        -49.280792          9.956174         18.344302
rank #0: 2017-11-27 22:45:15,110 LBFGS        PARAM    0018          2.373913        -49.188370          9.947232         18.344300
rank #0: 2017-11-27 22:45:15,403 LBFGS        PARAM    0019          2.373946        -49.219731          9.948190         18.344300
rank #0: 2017-11-27 22:45:15,695 LBFGS        PARAM    0020          2.373945        -49.219326          9.948195         18.344300
rank #0: 2017-11-27 22:45:15,989 LBFGS        PARAM    0021          2.373945        -49.219329          9.948193         18.344300
rank #0: 2017-11-27 22:45:16,337 LBFGS        PARAM    0022          2.373945        -49.219330          9.948193         18.344300
rank #0: 2017-11-27 22:45:25,090 LBFGS        PARAM    0023          2.373945        -49.219330          9.948193         18.344300
rank #0: 2017-11-27 22:45:40,615 LBFGS        INFO     Linesearch failed in both LBFGS and gradient directions
rank #0: 2017-11-27 22:45:40,616 LBFGS        PARAM    0023          2.373945        -49.219330          9.948193         18.344300
rank #0: 2017-11-27 22:45:40,616 rsdfit.lbfgs_fitter WARNING  ...LBFGS optimization finished. Time elapsed: 0:00:30.84
rank #0: 2017-11-27 22:45:40,616 rsdfit.lbfgs_fitter ERROR    nonlinear fit with method L-BFGS-B failed: Linesearch failed in both LBFGS and gradient directions
rank #0: 2017-11-27 22:45:40,617 rsdfit.fitting_driver INFO     rank 40 on nid00474     ...fitting complete
rank #0: 2017-11-27 22:45:40,622 rsdfit.fitting_driver INFO     rank 40 on nid00474     Saving the results to `/global/cscratch1/sd/nhand/eBOSS/fits/results/mocks/ezmock/v1.8e-fph/0.0001-0.05/basemodel-fnl/0.8-2.2/QSO-N-0867-P0+P2-mock-cov-b6abb0373d/2017-11-27_nlopt_23i_chain0__1.npz`
rank #0: 2017-11-27 22:45:40,658 pyRSD.analysis.lbfgs_results INFO     
minimum chi2 = 18.344299932

Free parameters [ mean ]
_______________
b1             : 2.37394456498
f_nl           : -49.2193297419
sigma_fog      : 9.94819253985

Constrained parameters [ mean ]
_________________________
b1sigma8       : 0.944996930386
