rank #0: 2017-11-27 21:37:40,797 rsdfit.fitting_driver INFO     rank 224 on nid00526     Calling the 'nlopt' solve function
rank #0: 2017-11-27 21:37:40,797 rsdfit.lbfgs_fitter INFO     running LBFGS for 500 iterations and then stopping
rank #0: 2017-11-27 21:37:40,797 rsdfit.lbfgs_fitter INFO     running LBFGS minimizer with priors
rank #0: 2017-11-27 21:37:40,797 root         INFO     Iter           N          b1           f    sigma8_z   sigma_fog   F(X)     
rank #0: 2017-11-27 21:37:41,442 LBFGS        INFO     options = {'factr': 100000.0, 'gtol': 1e-05, 'max_iter': 500, 'test_convergence': False}
rank #0: 2017-11-27 21:37:41,443 LBFGS        PARAM    0000          0.000000          2.000000          0.930883          0.398070          4.000000         99.091034
rank #0: 2017-11-27 21:37:42,162 LBFGS        PARAM    0001         -0.297553          2.002318          0.930941          0.399544          4.000723         97.116375
rank #0: 2017-11-27 21:37:42,822 LBFGS        PARAM    0002        -28.688080          2.058586          0.931225          0.430871          4.052304         78.877606
rank #0: 2017-11-27 21:37:43,481 LBFGS        PARAM    0003        -38.946015          2.050786          0.930329          0.424966          4.071228         77.365938
rank #0: 2017-11-27 21:37:44,140 LBFGS        PARAM    0004        -60.050885          2.053128          0.929128          0.423782          4.109743         76.429577
rank #0: 2017-11-27 21:37:44,800 LBFGS        PARAM    0005       -291.401536          2.092535          0.916127          0.418552          4.535740         69.978867
rank #0: 2017-11-27 21:37:45,457 LBFGS        PARAM    0006       -400.298613          2.122830          0.908165          0.419967          4.764314         68.129246
rank #0: 2017-11-27 21:37:46,116 LBFGS        PARAM    0007       -420.816411          2.138591          0.904200          0.421303          4.841121         67.780606
rank #0: 2017-11-27 21:37:46,775 LBFGS        PARAM    0008       -415.162459          2.142499          0.903134          0.421468          4.848938         67.733122
rank #0: 2017-11-27 21:37:47,433 LBFGS        PARAM    0009       -400.618991          2.149788          0.900837          0.421079          4.862137         67.654623
rank #0: 2017-11-27 21:37:48,092 LBFGS        PARAM    0010       -372.572336          2.165040          0.895620          0.419286          4.896003         67.511392
rank #0: 2017-11-27 21:37:48,752 LBFGS        PARAM    0011       -334.409151          2.189800          0.886778          0.415222          4.958043         67.319006
rank #0: 2017-11-27 21:37:49,413 LBFGS        PARAM    0012       -323.352068          2.214876          0.878355          0.410169          4.984573         67.182959
rank #0: 2017-11-27 21:37:50,074 LBFGS        PARAM    0013       -326.442214          2.223947          0.875451          0.408060          4.979038         67.157495
rank #0: 2017-11-27 21:37:50,736 LBFGS        PARAM    0014       -331.251854          2.226744          0.874695          0.407399          4.965912         67.146486
rank #0: 2017-11-27 21:37:51,398 LBFGS        PARAM    0015       -348.944142          2.238500          0.871619          0.405101          4.908236         67.107264
rank #0: 2017-11-27 21:37:52,058 LBFGS        PARAM    0016       -372.831948          2.260275          0.865811          0.401512          4.816268         67.049190
rank #0: 2017-11-27 21:37:52,720 LBFGS        PARAM    0017       -407.801356          2.302340          0.854273          0.395397          4.661081         66.952621
rank #0: 2017-11-27 21:37:53,383 LBFGS        PARAM    0018       -432.398767          2.349241          0.837514          0.389727          4.518548         66.839634
rank #0: 2017-11-27 21:37:54,045 LBFGS        PARAM    0019       -440.537623          2.380104          0.824902          0.386653          4.450448         66.791993
rank #0: 2017-11-27 21:37:54,707 LBFGS        PARAM    0020       -441.783262          2.391938          0.820408          0.385216          4.433925         66.789160
rank #0: 2017-11-27 21:37:55,368 LBFGS        PARAM    0021       -442.263604          2.393264          0.819891          0.385073          4.432228         66.789121
rank #0: 2017-11-27 21:37:56,028 LBFGS        PARAM    0022       -442.337917          2.393374          0.819855          0.385058          4.431984         66.789121
rank #0: 2017-11-27 21:37:56,689 LBFGS        PARAM    0023       -442.352658          2.393378          0.819854          0.385058          4.431952         66.789121
rank #0: 2017-11-27 21:37:57,351 LBFGS        PARAM    0024       -442.354076          2.393378          0.819855          0.385058          4.431948         66.789121
rank #0: 2017-11-27 21:37:58,498 LBFGS        PARAM    0025       -442.354077          2.393378          0.819855          0.385058          4.431948         66.789121
rank #0: 2017-11-27 21:37:59,403 LBFGS        PARAM    0026       -442.354042          2.393380          0.819855          0.385057          4.431947         66.789121
rank #0: 2017-11-27 21:38:12,919 LBFGS        PARAM    0027       -442.354042          2.393380          0.819855          0.385057          4.431947         66.789121
rank #0: 2017-11-27 21:38:13,582 LBFGS        PARAM    0028       -442.354049          2.393380          0.819855          0.385057          4.431947         66.789121
rank #0: 2017-11-27 21:38:14,245 LBFGS        PARAM    0029       -442.354055          2.393380          0.819855          0.385057          4.431947         66.789121
rank #0: 2017-11-27 21:38:14,908 LBFGS        PARAM    0030       -442.354094          2.393380          0.819855          0.385057          4.431947         66.789121
rank #0: 2017-11-27 21:38:15,691 LBFGS        PARAM    0031       -442.354108          2.393380          0.819855          0.385057          4.431947         66.789121
rank #0: 2017-11-27 21:38:16,536 LBFGS        PARAM    0032       -442.354124          2.393380          0.819855          0.385057          4.431947         66.789121
rank #0: 2017-11-27 21:38:30,158 LBFGS        PARAM    0033       -442.354125          2.393380          0.819855          0.385057          4.431947         66.789121
rank #0: 2017-11-27 21:38:31,005 LBFGS        PARAM    0034       -442.354124          2.393380          0.819855          0.385057          4.431947         66.789121
rank #0: 2017-11-27 21:38:31,852 LBFGS        PARAM    0035       -442.354124          2.393380          0.819855          0.385057          4.431947         66.789121
rank #0: 2017-11-27 21:38:56,042 LBFGS        INFO     Linesearch failed in both LBFGS and gradient directions
rank #0: 2017-11-27 21:38:56,043 LBFGS        PARAM    0035       -442.354124          2.393380          0.819855          0.385057          4.431947         66.789121
rank #0: 2017-11-27 21:38:56,043 rsdfit.lbfgs_fitter WARNING  ...LBFGS optimization finished. Time elapsed: 0:01:14.60
rank #0: 2017-11-27 21:38:56,043 rsdfit.lbfgs_fitter ERROR    nonlinear fit with method L-BFGS-B failed: Linesearch failed in both LBFGS and gradient directions
rank #0: 2017-11-27 21:38:56,044 rsdfit.fitting_driver INFO     rank 224 on nid00526     ...fitting complete
rank #0: 2017-11-27 21:38:56,046 rsdfit.fitting_driver INFO     rank 224 on nid00526     Saving the results to `/global/cscratch1/sd/nhand/eBOSS/fits/results/mocks/ezmock/v1.8e-fph/0.0001-0.3/basemodel-fs8-N/0.8-2.2/QSO-N-0237-P0+P2-mock-cov-5d97c0eb2d/2017-11-27_nlopt_35i_chain0__1.npz`
rank #0: 2017-11-27 21:38:56,077 pyRSD.analysis.lbfgs_results INFO     
minimum chi2 = 66.7891208554

Free parameters [ mean ]
_______________
N              : -442.354123873
b1             : 2.3933803149
f              : 0.819855393103
sigma8_z       : 0.385057269146
sigma_fog      : 4.43194745675

Constrained parameters [ mean ]
_________________________
b1sigma8       : 0.921588488082
fsigma8        : 0.315691278763
