rank #0: 2018-12-30 20:11:42,942 rsdfit.fitting_driver INFO     rank 37 on nid00680     Calling the 'nlopt' solve function
rank #0: 2018-12-30 20:11:42,943 rsdfit.lbfgs_fitter INFO     running LBFGS for 500 iterations and then stopping
rank #0: 2018-12-30 20:11:42,943 rsdfit.lbfgs_fitter INFO     running LBFGS minimizer with priors
rank #0: 2018-12-30 20:11:42,944 root         INFO     Iter           N          b1        f_nl   sigma_fog   F(X)     
rank #0: 2018-12-30 20:11:42,944 rsdfit.lbfgs_fitter INFO     computing gradient using numerical derivative of lnlike()
rank #0: 2018-12-30 20:11:44,118 LBFGS        INFO     options = {'factr': 100000.0, 'gtol': 1e-05, 'max_iter': 500, 'test_convergence': False}
rank #0: 2018-12-30 20:11:44,119 LBFGS        PARAM    0000          0.000000          2.000000          0.000000          4.000000        126.167244
rank #0: 2018-12-30 20:11:45,510 LBFGS        PARAM    0001         52.150138          2.154045          1.505383          3.982796        110.986842
rank #0: 2018-12-30 20:11:46,736 LBFGS        PARAM    0002        -68.262822          2.495827          8.673724          4.128497         98.327666
rank #0: 2018-12-30 20:11:47,955 LBFGS        PARAM    0003       -202.101200          2.495024          9.587241          4.260681         95.218780
rank #0: 2018-12-30 20:11:49,193 LBFGS        PARAM    0004       -437.751734          2.554297         13.066297          4.503409         93.489622
rank #0: 2018-12-30 20:11:50,411 LBFGS        PARAM    0005       -422.588146          2.544575         13.607819          4.507927         93.472277
rank #0: 2018-12-30 20:11:51,649 LBFGS        PARAM    0006       -413.762140          2.541600         14.671519          4.524256         93.463249
rank #0: 2018-12-30 20:11:52,867 LBFGS        PARAM    0007       -393.075188          2.537463         19.110993          4.595791         93.443542
rank #0: 2018-12-30 20:11:54,085 LBFGS        PARAM    0008       -394.444075          2.538933         20.197682          4.607690         93.442143
rank #0: 2018-12-30 20:11:55,332 LBFGS        PARAM    0009       -394.795669          2.538983         20.165672          4.607194         93.442140
rank #0: 2018-12-30 20:11:56,556 LBFGS        PARAM    0010       -394.822982          2.538990         20.164597          4.607097         93.442140
rank #0: 2018-12-30 20:11:57,803 LBFGS        PARAM    0011       -394.849758          2.538990         20.167622          4.606952         93.442140
rank #0: 2018-12-30 20:11:59,027 LBFGS        PARAM    0012       -394.852198          2.538979         20.173275          4.606874         93.442140
rank #0: 2018-12-30 20:12:00,256 LBFGS        PARAM    0013       -394.849560          2.538977         20.174003          4.606875         93.442140
rank #0: 2018-12-30 20:12:01,506 LBFGS        PARAM    0014       -394.849188          2.538977         20.174026          4.606876         93.442140
rank #0: 2018-12-30 20:12:56,515 LBFGS        INFO     Linesearch failed in both LBFGS and gradient directions
rank #0: 2018-12-30 20:12:56,516 LBFGS        PARAM    0014       -394.849188          2.538977         20.174026          4.606876         93.442140
rank #0: 2018-12-30 20:12:56,517 rsdfit.lbfgs_fitter WARNING  ...LBFGS optimization finished. Time elapsed: 0:01:12.40
rank #0: 2018-12-30 20:12:56,518 rsdfit.lbfgs_fitter ERROR    nonlinear fit with method L-BFGS-B failed: Linesearch failed in both LBFGS and gradient directions
rank #0: 2018-12-30 20:12:56,519 rsdfit.fitting_driver INFO     rank 37 on nid00680     ...fitting complete
rank #0: 2018-12-30 20:12:56,522 rsdfit.fitting_driver INFO     rank 37 on nid00680     Saving the results to `/global/cscratch1/sd/nhand/eBOSS/fits/results/mocks/ezmock/v1.8e-fph/0.0001-0.3/basemodel-N-fnl/0.8-2.2/QSO-S-0202-P0+P2-mock-cov-78b9fba607/2018-12-30_nlopt_14i_chain0__1.npz`
rank #0: 2018-12-30 20:12:57,328 pyRSD.analysis.lbfgs_results INFO     
minimum chi2 = 93.4421401989

Free parameters [ mean ]
_______________
N              : -394.849187521
b1             : 2.53897732924
f_nl           : 20.1740263457
sigma_fog      : 4.60687605774

Constrained parameters [ mean ]
_________________________
b1sigma8       : 0.919702663767
