rank #0: 2018-06-24 13:15:15,830 rsdfit.fitting_driver INFO     rank 1 on nid00868     Calling the 'nlopt' solve function
rank #0: 2018-06-24 13:15:15,830 rsdfit.lbfgs_fitter INFO     running LBFGS for 500 iterations and then stopping
rank #0: 2018-06-24 13:15:15,831 rsdfit.lbfgs_fitter INFO     running LBFGS minimizer with priors
rank #0: 2018-06-24 13:15:15,831 root         INFO     Iter           N          b1        f_nl   sigma_fog   F(X)     
rank #0: 2018-06-24 13:15:16,423 LBFGS        INFO     options = {'factr': 100000.0, 'gtol': 1e-05, 'max_iter': 500, 'test_convergence': False}
rank #0: 2018-06-24 13:15:16,423 LBFGS        PARAM    0000          0.000000          2.000000          0.000000          4.000000        111.803157
rank #0: 2018-06-24 13:15:17,117 LBFGS        PARAM    0001        -12.462337          2.067735          0.722183          4.000171        100.267450
rank #0: 2018-06-24 13:15:17,741 LBFGS        PARAM    0002       -186.184614          2.240240          4.019767          4.079293         84.576633
rank #0: 2018-06-24 13:15:18,350 LBFGS        PARAM    0003       -324.472071          2.268811          5.658452          4.152203         80.184469
rank #0: 2018-06-24 13:15:18,975 LBFGS        PARAM    0004       -460.508107          2.277703          8.763140          4.176460         78.455424
rank #0: 2018-06-24 13:15:19,600 LBFGS        PARAM    0005       -472.010736          2.279357         10.077085          4.152458         78.360608
rank #0: 2018-06-24 13:15:20,224 LBFGS        PARAM    0006       -565.977924          2.280217         29.336148          3.795169         77.505097
rank #0: 2018-06-24 13:15:20,837 LBFGS        PARAM    0007       -582.285790          2.271176         51.079627          3.642441         76.954017
rank #0: 2018-06-24 13:15:21,462 LBFGS        PARAM    0008       -567.294158          2.239903        118.325254          3.489842         75.839275
rank #0: 2018-06-24 13:15:22,084 LBFGS        PARAM    0009       -518.751328          2.221920        155.752119          3.636191         75.434035
rank #0: 2018-06-24 13:15:22,691 LBFGS        PARAM    0010       -480.116064          2.211249        159.331881          3.708510         75.397272
rank #0: 2018-06-24 13:15:23,314 LBFGS        PARAM    0011       -484.661624          2.215715        158.912146          3.721684         75.386273
rank #0: 2018-06-24 13:15:23,935 LBFGS        PARAM    0012       -485.769586          2.215935        158.364167          3.725046         75.385878
rank #0: 2018-06-24 13:15:24,541 LBFGS        PARAM    0013       -485.474636          2.215956        158.250633          3.727537         75.385853
rank #0: 2018-06-24 13:15:25,163 LBFGS        PARAM    0014       -485.451958          2.215956        158.246516          3.727624         75.385853
rank #0: 2018-06-24 13:15:25,786 LBFGS        PARAM    0015       -485.451758          2.215957        158.246194          3.727625         75.385853
rank #0: 2018-06-24 13:15:26,399 LBFGS        PARAM    0016       -485.451788          2.215957        158.246177          3.727625         75.385853
rank #0: 2018-06-24 13:15:41,527 LBFGS        PARAM    0017       -485.451787          2.215957        158.246177          3.727625         75.385853
rank #0: 2018-06-24 13:16:08,006 LBFGS        INFO     Linesearch failed in both LBFGS and gradient directions
rank #0: 2018-06-24 13:16:08,007 LBFGS        PARAM    0017       -485.451787          2.215957        158.246177          3.727625         75.385853
rank #0: 2018-06-24 13:16:08,007 rsdfit.lbfgs_fitter WARNING  ...LBFGS optimization finished. Time elapsed: 0:00:51.58
rank #0: 2018-06-24 13:16:08,008 rsdfit.lbfgs_fitter ERROR    nonlinear fit with method L-BFGS-B failed: Linesearch failed in both LBFGS and gradient directions
rank #0: 2018-06-24 13:16:08,008 rsdfit.fitting_driver INFO     rank 1 on nid00868     ...fitting complete
rank #0: 2018-06-24 13:16:08,012 rsdfit.fitting_driver INFO     rank 1 on nid00868     Saving the results to `/global/cscratch1/sd/nhand/eBOSS/fits/results/mocks/ezmock/v1.8e-fph/0.005-0.3/basemodel-N-fnl/0.8-2.2/QSO-N-0112-P0+P2-mock-cov-a8bcb55756/2018-06-24_nlopt_17i_chain0__1.npz`
rank #0: 2018-06-24 13:16:08,060 pyRSD.analysis.lbfgs_results INFO     
minimum chi2 = 75.385853362

Free parameters [ mean ]
_______________
N              : -485.451787355
b1             : 2.21595653889
f_nl           : 158.246177129
sigma_fog      : 3.72762466609

Constrained parameters [ mean ]
_________________________
b1sigma8       : 0.882644763199
