rank #0: 2018-06-24 13:20:47,317 rsdfit.fitting_driver INFO     rank 52 on nid01435     Calling the 'nlopt' solve function
rank #0: 2018-06-24 13:20:47,318 rsdfit.lbfgs_fitter INFO     running LBFGS for 500 iterations and then stopping
rank #0: 2018-06-24 13:20:47,319 rsdfit.lbfgs_fitter INFO     running LBFGS minimizer with priors
rank #0: 2018-06-24 13:20:47,319 root         INFO     Iter           N          b1        f_nl   sigma_fog   F(X)     
rank #0: 2018-06-24 13:20:47,886 LBFGS        INFO     options = {'factr': 100000.0, 'gtol': 1e-05, 'max_iter': 500, 'test_convergence': False}
rank #0: 2018-06-24 13:20:47,887 LBFGS        PARAM    0000          0.000000          2.000000          0.000000          4.000000         90.181504
rank #0: 2018-06-24 13:20:48,555 LBFGS        PARAM    0001         -8.884766          2.064057          0.660715          4.008073         84.950864
rank #0: 2018-06-24 13:20:49,157 LBFGS        PARAM    0002       -159.542885          2.223845          3.503834          4.127835         77.729963
rank #0: 2018-06-24 13:20:49,749 LBFGS        PARAM    0003       -298.178605          2.263933          5.163023          4.251782         75.368111
rank #0: 2018-06-24 13:20:50,342 LBFGS        PARAM    0004       -407.770575          2.273956          7.863832          4.387393         74.548010
rank #0: 2018-06-24 13:20:50,942 LBFGS        PARAM    0005       -406.757271          2.275425          8.712316          4.399038         74.529873
rank #0: 2018-06-24 13:20:51,544 LBFGS        PARAM    0006       -376.846260          2.281868         22.028897          4.569812         74.345199
rank #0: 2018-06-24 13:20:52,128 LBFGS        PARAM    0007       -343.037078          2.276746         34.518184          4.706428         74.231113
rank #0: 2018-06-24 13:20:52,726 LBFGS        PARAM    0008       -325.793932          2.263212         66.468269          4.726211         73.975153
rank #0: 2018-06-24 13:20:53,324 LBFGS        PARAM    0009       -320.802527          2.227987        106.157747          4.563370         73.779132
rank #0: 2018-06-24 13:20:53,912 LBFGS        PARAM    0010       -336.591478          2.233168        104.262289          4.527604         73.764729
rank #0: 2018-06-24 13:20:54,503 LBFGS        PARAM    0011       -342.840912          2.234246        103.906475          4.499180         73.763038
rank #0: 2018-06-24 13:20:55,099 LBFGS        PARAM    0012       -342.870855          2.234153        104.003391          4.498023         73.763035
rank #0: 2018-06-24 13:20:55,697 LBFGS        PARAM    0013       -342.859087          2.234147        104.007068          4.497992         73.763035
rank #0: 2018-06-24 13:20:56,280 LBFGS        PARAM    0014       -342.858916          2.234147        104.007303          4.497993         73.763035
rank #0: 2018-06-24 13:20:56,879 LBFGS        PARAM    0015       -342.858895          2.234147        104.007292          4.497993         73.763035
rank #0: 2018-06-24 13:20:57,477 LBFGS        PARAM    0016       -342.858895          2.234147        104.007287          4.497993         73.763035
rank #0: 2018-06-24 13:20:58,067 LBFGS        PARAM    0017       -342.858889          2.234147        104.007285          4.497993         73.763035
rank #0: 2018-06-24 13:21:12,358 LBFGS        PARAM    0018       -342.858889          2.234147        104.007285          4.497993         73.763035
rank #0: 2018-06-24 13:21:26,079 LBFGS        PARAM    0019       -342.858889          2.234147        104.007285          4.497993         73.763035
rank #0: 2018-06-24 13:21:51,129 LBFGS        INFO     Linesearch failed in both LBFGS and gradient directions
rank #0: 2018-06-24 13:21:51,130 LBFGS        PARAM    0019       -342.858889          2.234147        104.007285          4.497993         73.763035
rank #0: 2018-06-24 13:21:51,131 rsdfit.lbfgs_fitter WARNING  ...LBFGS optimization finished. Time elapsed: 0:01:03.24
rank #0: 2018-06-24 13:21:51,131 rsdfit.lbfgs_fitter ERROR    nonlinear fit with method L-BFGS-B failed: Linesearch failed in both LBFGS and gradient directions
rank #0: 2018-06-24 13:21:51,132 rsdfit.fitting_driver INFO     rank 52 on nid01435     ...fitting complete
rank #0: 2018-06-24 13:21:51,137 rsdfit.fitting_driver INFO     rank 52 on nid01435     Saving the results to `/global/cscratch1/sd/nhand/eBOSS/fits/results/mocks/ezmock/v1.8e-fph/0.005-0.3/basemodel-N-fnl/0.8-2.2/QSO-S-0481-P0+P2-mock-cov-a8bcb55756/2018-06-24_nlopt_19i_chain0__1.npz`
rank #0: 2018-06-24 13:21:51,173 pyRSD.analysis.lbfgs_results INFO     
minimum chi2 = 73.7630351318

Free parameters [ mean ]
_______________
N              : -342.858889356
b1             : 2.23414679395
f_nl           : 104.007284951
sigma_fog      : 4.49799262053

Constrained parameters [ mean ]
_________________________
b1sigma8       : 0.889890182092
