rank #0: 2018-10-04 21:21:14,369 rsdfit.fitting_driver INFO     rank 1 on nid01062     Calling the 'nlopt' solve function
rank #0: 2018-10-04 21:21:14,371 rsdfit.lbfgs_fitter INFO     running LBFGS for 500 iterations and then stopping
rank #0: 2018-10-04 21:21:14,371 rsdfit.lbfgs_fitter INFO     running LBFGS minimizer with priors
rank #0: 2018-10-04 21:21:14,372 root         INFO     Iter           N          b1        f_nl   sigma_fog   F(X)     
rank #0: 2018-10-04 21:21:14,373 rsdfit.lbfgs_fitter INFO     computing gradient using numerical derivative of lnlike()
rank #0: 2018-10-04 21:21:15,585 LBFGS        INFO     options = {'factr': 100000.0, 'gtol': 1e-05, 'max_iter': 500, 'test_convergence': False}
rank #0: 2018-10-04 21:21:15,587 LBFGS        PARAM    0000          0.000000          2.000000          0.000000          4.000000        131.924407
rank #0: 2018-10-04 21:21:16,958 LBFGS        PARAM    0001        -12.324415          2.098067          2.070362          4.006690        113.924195
rank #0: 2018-10-04 21:21:18,212 LBFGS        PARAM    0002       -263.602287          2.373743         10.411521          4.184017         88.740261
rank #0: 2018-10-04 21:21:19,443 LBFGS        PARAM    0003       -422.341127          2.388838         11.650008          4.323473         82.135682
rank #0: 2018-10-04 21:21:20,680 LBFGS        PARAM    0004       -578.938053          2.408743         12.897908          4.460910         80.081478
rank #0: 2018-10-04 21:21:21,938 LBFGS        PARAM    0005       -576.002418          2.406582         12.684752          4.458525         80.079806
rank #0: 2018-10-04 21:21:23,171 LBFGS        PARAM    0006       -576.188540          2.406891         12.582317          4.458640         80.079465
rank #0: 2018-10-04 21:21:24,425 LBFGS        PARAM    0007       -577.639946          2.408753         11.508268          4.459550         80.077624
rank #0: 2018-10-04 21:21:25,656 LBFGS        PARAM    0008       -578.120342          2.409064         10.976908          4.459786         80.077215
rank #0: 2018-10-04 21:21:26,886 LBFGS        PARAM    0009       -578.198433          2.408963         10.811392          4.459700         80.077157
rank #0: 2018-10-04 21:21:28,139 LBFGS        PARAM    0010       -578.183779          2.408925         10.814803          4.459661         80.077157
rank #0: 2018-10-04 21:21:29,372 LBFGS        PARAM    0011       -578.182748          2.408919         10.817494          4.459645         80.077157
rank #0: 2018-10-04 21:21:30,626 LBFGS        PARAM    0012       -578.188414          2.408915         10.819351          4.459606         80.077157
rank #0: 2018-10-04 21:21:31,858 LBFGS        PARAM    0013       -578.215640          2.408913         10.820662          4.459473         80.077156
rank #0: 2018-10-04 21:21:33,091 LBFGS        PARAM    0014       -578.234157          2.408919         10.817823          4.459410         80.077156
rank #0: 2018-10-04 21:21:34,347 LBFGS        PARAM    0015       -578.234366          2.408919         10.817723          4.459410         80.077156
rank #0: 2018-10-04 21:21:35,585 LBFGS        PARAM    0016       -578.234357          2.408919         10.817715          4.459410         80.077156
rank #0: 2018-10-04 21:22:30,369 LBFGS        INFO     Linesearch failed in both LBFGS and gradient directions
rank #0: 2018-10-04 21:22:30,371 LBFGS        PARAM    0016       -578.234357          2.408919         10.817715          4.459410         80.077156
rank #0: 2018-10-04 21:22:30,372 rsdfit.lbfgs_fitter WARNING  ...LBFGS optimization finished. Time elapsed: 0:01:14.79
rank #0: 2018-10-04 21:22:30,373 rsdfit.lbfgs_fitter ERROR    nonlinear fit with method L-BFGS-B failed: Linesearch failed in both LBFGS and gradient directions
rank #0: 2018-10-04 21:22:30,375 rsdfit.fitting_driver INFO     rank 1 on nid01062     ...fitting complete
rank #0: 2018-10-04 21:22:30,379 rsdfit.fitting_driver INFO     rank 1 on nid01062     Saving the results to `/global/cscratch1/sd/nhand/eBOSS/fits/results/mocks/ezmock/v1.8e-fph/0.0001-0.3/basemodel-N-fnl/0.8-2.2/QSO-N-0709-P0+P2-mock-cov-3d9387a9b2/2018-10-04_nlopt_16i_chain0__1.npz`
rank #0: 2018-10-04 21:22:30,472 pyRSD.analysis.lbfgs_results INFO     
minimum chi2 = 80.077156434

Free parameters [ mean ]
_______________
N              : -578.234356538
b1             : 2.40891947352
f_nl           : 10.8177152735
sigma_fog      : 4.45940997024

Constrained parameters [ mean ]
_________________________
b1sigma8       : 0.903068519959
