rank #0: 2018-10-08 10:04:54,095 rsdfit.fitting_driver INFO     rank 8 on nid00695     Calling the 'nlopt' solve function
rank #0: 2018-10-08 10:04:54,096 rsdfit.lbfgs_fitter INFO     running LBFGS for 500 iterations and then stopping
rank #0: 2018-10-08 10:04:54,096 rsdfit.lbfgs_fitter INFO     running LBFGS minimizer with priors
rank #0: 2018-10-08 10:04:54,096 root         INFO     Iter           N          b1        f_nl   sigma_fog   F(X)     
rank #0: 2018-10-08 10:04:54,097 rsdfit.lbfgs_fitter INFO     computing gradient using numerical derivative of lnlike()
rank #0: 2018-10-08 10:04:55,252 LBFGS        INFO     options = {'factr': 100000.0, 'gtol': 1e-05, 'max_iter': 500, 'test_convergence': False}
rank #0: 2018-10-08 10:04:55,253 LBFGS        PARAM    0000          0.000000          2.000000          0.000000          4.000000        112.888597
rank #0: 2018-10-08 10:04:56,599 LBFGS        PARAM    0001         74.912053          2.161615          1.252104          3.938854         95.047094
rank #0: 2018-10-08 10:04:57,831 LBFGS        PARAM    0002        -19.464918          2.500021          6.415972          3.894580         82.701657
rank #0: 2018-10-08 10:04:59,042 LBFGS        PARAM    0003       -131.575340          2.477548          6.355225          3.950971         80.206717
rank #0: 2018-10-08 10:05:00,277 LBFGS        PARAM    0004       -362.488500          2.522708          7.872041          4.014140         78.375749
rank #0: 2018-10-08 10:05:01,491 LBFGS        PARAM    0005       -431.071136          2.546139          8.476481          3.935731         78.128901
rank #0: 2018-10-08 10:05:02,712 LBFGS        PARAM    0006       -511.048524          2.559441          8.592192          3.688220         77.843881
rank #0: 2018-10-08 10:05:03,946 LBFGS        PARAM    0007       -546.891926          2.551760          7.400644          3.427091         77.724936
rank #0: 2018-10-08 10:05:05,165 LBFGS        PARAM    0008       -540.745473          2.552518          6.690240          3.423736         77.722350
rank #0: 2018-10-08 10:05:06,407 LBFGS        PARAM    0009       -538.623743          2.552267          6.260331          3.424193         77.721776
rank #0: 2018-10-08 10:05:07,632 LBFGS        PARAM    0010       -531.407550          2.552059          3.523651          3.426172         77.718339
rank #0: 2018-10-08 10:05:08,871 LBFGS        PARAM    0011       -418.822921          2.554000        -47.355643          3.455286         77.466987
rank #0: 2018-10-08 10:05:08,872 LBFGS        INFO     LBFGS iteration 11: the descent direction does not have a sufficient projection (cos(theta)=-1.06e-01, theta=96.0842) into the gradient; using steepest descent at this step!
rank #0: 2018-10-08 10:05:10,238 LBFGS        PARAM    0012       -510.728714          2.553803        -50.372063          3.522125         77.085171
rank #0: 2018-10-08 10:05:11,456 LBFGS        PARAM    0013       -549.506704          2.582179        -53.180981          3.543073         76.806553
rank #0: 2018-10-08 10:05:12,693 LBFGS        PARAM    0014       -611.255113          2.625149        -62.511099          3.554441         76.507643
rank #0: 2018-10-08 10:05:13,906 LBFGS        PARAM    0015       -654.059217          2.653361        -75.524049          3.536667         76.264564
rank #0: 2018-10-08 10:05:15,135 LBFGS        PARAM    0016       -669.803575          2.663754        -94.165208          3.477710         76.058800
rank #0: 2018-10-08 10:05:16,364 LBFGS        PARAM    0017       -623.432579          2.632781        -91.530002          3.438177         75.878627
rank #0: 2018-10-08 10:05:17,585 LBFGS        PARAM    0018       -611.280917          2.623997        -94.111245          3.425363         75.863524
rank #0: 2018-10-08 10:05:18,822 LBFGS        PARAM    0019       -609.226490          2.623671        -94.076661          3.434326         75.862404
rank #0: 2018-10-08 10:05:20,041 LBFGS        PARAM    0020       -600.660647          2.623290        -94.242768          3.468754         75.860411
rank #0: 2018-10-08 10:05:21,282 LBFGS        PARAM    0021       -600.569953          2.623373        -94.270053          3.469178         75.860409
rank #0: 2018-10-08 10:05:22,503 LBFGS        PARAM    0022       -600.572487          2.623376        -94.270417          3.469179         75.860409
rank #0: 2018-10-08 10:05:23,726 LBFGS        PARAM    0023       -600.572524          2.623376        -94.270415          3.469179         75.860409
rank #0: 2018-10-08 10:05:53,847 LBFGS        PARAM    0024       -600.572513          2.623376        -94.270416          3.469179         75.860409
rank #0: 2018-10-08 10:05:53,849 LBFGS        INFO     LBFGS iteration 24: the descent direction does not have a sufficient projection (cos(theta)=-9.06e-01, theta=154.9688) into the gradient; using steepest descent at this step!
rank #0: 2018-10-08 10:05:55,333 LBFGS        PARAM    0025       -600.572494          2.623376        -94.270415          3.469179         75.860409
rank #0: 2018-10-08 10:06:25,632 LBFGS        PARAM    0026       -600.572494          2.623376        -94.270415          3.469179         75.860409
rank #0: 2018-10-08 10:07:18,343 LBFGS        INFO     Linesearch failed in both LBFGS and gradient directions
rank #0: 2018-10-08 10:07:18,344 LBFGS        PARAM    0026       -600.572494          2.623376        -94.270415          3.469179         75.860409
rank #0: 2018-10-08 10:07:18,344 rsdfit.lbfgs_fitter WARNING  ...LBFGS optimization finished. Time elapsed: 0:02:23.09
rank #0: 2018-10-08 10:07:18,345 rsdfit.lbfgs_fitter ERROR    nonlinear fit with method L-BFGS-B failed: Linesearch failed in both LBFGS and gradient directions
rank #0: 2018-10-08 10:07:18,346 rsdfit.fitting_driver INFO     rank 8 on nid00695     ...fitting complete
rank #0: 2018-10-08 10:07:18,349 rsdfit.fitting_driver INFO     rank 8 on nid00695     Saving the results to `/global/cscratch1/sd/nhand/eBOSS/fits/results/mocks/ezmock/v1.8e-fph/0.0001-0.3/basemodel-N-fnl/0.8-2.2/QSO-S-0255-P0+P2-mock-cov-98e9a706c6/2018-10-08_nlopt_26i_chain0__1.npz`
rank #0: 2018-10-08 10:07:18,405 pyRSD.analysis.lbfgs_results INFO     
minimum chi2 = 75.8604091094

Free parameters [ mean ]
_______________
N              : -600.572493992
b1             : 2.6233759018
f_nl           : -94.2704154874
sigma_fog      : 3.46917921926

Constrained parameters [ mean ]
_________________________
b1sigma8       : 0.950274654745
