rank #0: 2017-11-27 21:22:43,157 rsdfit.fitting_driver INFO     rank 104 on nid00562     Calling the 'nlopt' solve function
rank #0: 2017-11-27 21:22:43,157 rsdfit.lbfgs_fitter INFO     running LBFGS for 500 iterations and then stopping
rank #0: 2017-11-27 21:22:43,157 rsdfit.lbfgs_fitter INFO     running LBFGS minimizer with priors
rank #0: 2017-11-27 21:22:43,158 root         INFO     Iter           N   alpha_par   alpha_perp          b1           f    sigma8_z   sigma_fog   F(X)     
rank #0: 2017-11-27 21:22:43,996 LBFGS        INFO     options = {'factr': 100000.0, 'gtol': 1e-05, 'max_iter': 500, 'test_convergence': False}
rank #0: 2017-11-27 21:22:43,996 LBFGS        PARAM    0000          0.000000          1.000000          1.000000          2.000000          0.930883          0.398070          4.000000         75.709072
rank #0: 2017-11-27 21:22:44,927 LBFGS        PARAM    0001         -0.008909          0.999919          0.999918          2.001039          0.930904          0.398722          4.000037         75.131394
rank #0: 2017-11-27 21:22:45,798 LBFGS        PARAM    0002         -9.230213          0.996354          0.997506          2.033956          0.930846          0.416965          4.011628         67.547246
rank #0: 2017-11-27 21:22:46,673 LBFGS        PARAM    0003        -15.123395          0.995781          0.997824          2.031981          0.930234          0.414569          4.019209         67.224155
rank #0: 2017-11-27 21:22:47,547 LBFGS        PARAM    0004        -29.700183          0.993834          0.998026          2.034138          0.928883          0.412828          4.037568         66.856041
rank #0: 2017-11-27 21:22:48,422 LBFGS        PARAM    0005        -94.792429          0.984617          0.998425          2.049578          0.922868          0.408306          4.118291         65.725685
rank #0: 2017-11-27 21:22:49,298 LBFGS        PARAM    0006       -157.299176          0.974849          0.998263          2.070093          0.916513          0.406179          4.190545         64.945181
rank #0: 2017-11-27 21:22:50,175 LBFGS        PARAM    0007       -180.519396          0.966987          0.996585          2.092692          0.909318          0.404407          4.178197         64.466665
rank #0: 2017-11-27 21:22:51,054 LBFGS        PARAM    0008       -183.443810          0.961255          0.994448          2.112099          0.902829          0.402501          4.128921         64.227307
rank #0: 2017-11-27 21:22:51,932 LBFGS        PARAM    0009       -177.951892          0.956120          0.991967          2.130571          0.896100          0.399576          4.058286         64.008348
rank #0: 2017-11-27 21:22:52,812 LBFGS        PARAM    0010       -156.424463          0.939058          0.983246          2.191636          0.872899          0.387658          3.802993         63.323546
rank #0: 2017-11-27 21:22:53,691 LBFGS        PARAM    0011       -127.358358          0.908669          0.966911          2.300699          0.831029          0.363801          3.336238         62.333752
rank #0: 2017-11-27 21:22:54,572 LBFGS        PARAM    0012       -168.055336          0.876351          0.939633          2.442091          0.781408          0.333261          2.696091         61.346498
rank #0: 2017-11-27 21:22:55,452 LBFGS        PARAM    0013       -210.130408          0.882746          0.933509          2.443283          0.783897          0.333034          2.612412         60.693281
rank #0: 2017-11-27 21:22:56,330 LBFGS        PARAM    0014       -258.482223          0.893726          0.925745          2.439972          0.785346          0.334578          2.513269         60.351987
rank #0: 2017-11-27 21:22:57,208 LBFGS        PARAM    0015       -265.424698          0.891209          0.923361          2.453940          0.780101          0.332016          2.462824         60.342349
rank #0: 2017-11-27 21:22:58,086 LBFGS        PARAM    0016       -266.365187          0.890830          0.923076          2.458056          0.778136          0.331641          2.457564         60.332111
rank #0: 2017-11-27 21:22:58,965 LBFGS        PARAM    0017       -270.851338          0.889508          0.920418          2.485773          0.764873          0.328889          2.403771         60.294365
rank #0: 2017-11-27 21:22:59,843 LBFGS        PARAM    0018       -272.672278          0.889772          0.919308          2.497628          0.758970          0.327688          2.382349         60.280152
rank #0: 2017-11-27 21:23:00,720 LBFGS        PARAM    0019       -280.147664          0.893714          0.915830          2.543360          0.735126          0.323483          2.324384         60.216093
rank #0: 2017-11-27 21:23:01,597 LBFGS        PARAM    0020       -292.424314          0.904749          0.911887          2.614981          0.696175          0.317699          2.280549         60.106899
rank #0: 2017-11-27 21:23:02,474 LBFGS        PARAM    0021       -307.175329          0.928234          0.908028          2.720467          0.639989          0.310201          2.316172         59.953346
rank #0: 2017-11-27 21:23:03,354 LBFGS        PARAM    0022       -307.922432          0.943756          0.908192          2.755449          0.621208          0.308917          2.430093         59.883793
rank #0: 2017-11-27 21:23:04,233 LBFGS        PARAM    0023       -299.400200          0.951801          0.906732          2.761029          0.620697          0.308424          2.549794         59.819583
rank #0: 2017-11-27 21:23:05,112 LBFGS        PARAM    0024       -277.179426          0.957734          0.907592          2.715659          0.646552          0.313079          2.768604         59.776781
rank #0: 2017-11-27 21:23:05,995 LBFGS        PARAM    0025       -232.453902          0.969608          0.881710          2.784281          0.605745          0.303006          2.901449         59.683972
rank #0: 2017-11-27 21:23:06,877 LBFGS        PARAM    0026       -228.804861          0.967225          0.882229          2.773707          0.608662          0.304399          2.930077         59.665314
rank #0: 2017-11-27 21:23:07,761 LBFGS        PARAM    0027       -227.553927          0.966339          0.881422          2.776583          0.606671          0.303929          2.938228         59.663690
rank #0: 2017-11-27 21:23:08,642 LBFGS        PARAM    0028       -227.750898          0.966434          0.881276          2.777830          0.605942          0.303809          2.937336         59.663677
rank #0: 2017-11-27 21:23:09,524 LBFGS        PARAM    0029       -227.745217          0.966459          0.881281          2.777977          0.605865          0.303799          2.937341         59.663677
rank #0: 2017-11-27 21:23:10,406 LBFGS        PARAM    0030       -227.744236          0.966470          0.881279          2.778001          0.605852          0.303798          2.937440         59.663677
rank #0: 2017-11-27 21:23:11,287 LBFGS        PARAM    0031       -227.744009          0.966472          0.881279          2.778003          0.605851          0.303799          2.937463         59.663677
rank #0: 2017-11-27 21:23:12,169 LBFGS        PARAM    0032       -227.743841          0.966472          0.881279          2.778003          0.605851          0.303798          2.937465         59.663677
rank #0: 2017-11-27 21:23:13,232 LBFGS        PARAM    0033       -227.743725          0.966472          0.881279          2.778003          0.605851          0.303798          2.937465         59.663677
rank #0: 2017-11-27 21:23:14,297 LBFGS        PARAM    0034       -227.743588          0.966472          0.881279          2.778004          0.605851          0.303798          2.937467         59.663677
rank #0: 2017-11-27 21:23:15,598 LBFGS        PARAM    0035       -227.743575          0.966472          0.881279          2.778004          0.605851          0.303798          2.937467         59.663677
rank #0: 2017-11-27 21:23:28,785 LBFGS        PARAM    0036       -227.743575          0.966472          0.881279          2.778004          0.605851          0.303798          2.937467         59.663677
rank #0: 2017-11-27 21:23:29,669 LBFGS        PARAM    0037       -227.743567          0.966472          0.881279          2.778004          0.605851          0.303798          2.937467         59.663677
rank #0: 2017-11-27 21:23:30,551 LBFGS        PARAM    0038       -227.743561          0.966472          0.881279          2.778004          0.605851          0.303798          2.937467         59.663677
rank #0: 2017-11-27 21:23:31,435 LBFGS        PARAM    0039       -227.743533          0.966472          0.881279          2.778004          0.605851          0.303798          2.937467         59.663677
rank #0: 2017-11-27 21:23:45,048 LBFGS        PARAM    0040       -227.743535          0.966472          0.881279          2.778004          0.605851          0.303798          2.937467         59.663677
rank #0: 2017-11-27 21:23:46,286 LBFGS        PARAM    0041       -227.743535          0.966472          0.881279          2.778004          0.605851          0.303798          2.937467         59.663677
rank #0: 2017-11-27 21:24:10,223 LBFGS        INFO     Linesearch failed in both LBFGS and gradient directions
rank #0: 2017-11-27 21:24:10,223 LBFGS        PARAM    0041       -227.743535          0.966472          0.881279          2.778004          0.605851          0.303798          2.937467         59.663677
rank #0: 2017-11-27 21:24:10,223 rsdfit.lbfgs_fitter WARNING  ...LBFGS optimization finished. Time elapsed: 0:01:26.23
rank #0: 2017-11-27 21:24:10,224 rsdfit.lbfgs_fitter ERROR    nonlinear fit with method L-BFGS-B failed: Linesearch failed in both LBFGS and gradient directions
rank #0: 2017-11-27 21:24:10,225 rsdfit.fitting_driver INFO     rank 104 on nid00562     ...fitting complete
rank #0: 2017-11-27 21:24:10,228 rsdfit.fitting_driver INFO     rank 104 on nid00562     Saving the results to `/global/cscratch1/sd/nhand/eBOSS/fits/results/mocks/ezmock/v1.8e-fph/0.0001-0.3/basemodel-fs8-alphas-N/0.8-2.2/QSO-N-0228-P0+P2-mock-cov-976ba3841e/2017-11-27_nlopt_41i_chain0__1.npz`
rank #0: 2017-11-27 21:24:10,250 pyRSD.analysis.lbfgs_results INFO     
minimum chi2 = 59.6636765387

Free parameters [ mean ]
_______________
N              : -227.743535002
alpha_par      : 0.966472458016
alpha_perp     : 0.881278962093
b1             : 2.77800413741
f              : 0.605851393655
sigma8_z       : 0.303798381346
sigma_fog      : 2.93746668187

Constrained parameters [ mean ]
_________________________
F_AP           : 1.0966702935
alpha          : 0.908807904918
b1sigma8       : 0.843953160316
epsilon        : 0.0312374900679
fsigma8        : 0.184056672729
