rank #0: 2018-10-08 10:39:57,302 rsdfit.fitting_driver INFO     rank 45 on nid00696     Calling the 'nlopt' solve function
rank #0: 2018-10-08 10:39:57,303 rsdfit.lbfgs_fitter INFO     running LBFGS for 500 iterations and then stopping
rank #0: 2018-10-08 10:39:57,304 rsdfit.lbfgs_fitter INFO     running LBFGS minimizer with priors
rank #0: 2018-10-08 10:39:57,304 root         INFO     Iter           N          b1        f_nl   sigma_fog   F(X)     
rank #0: 2018-10-08 10:39:57,305 rsdfit.lbfgs_fitter INFO     computing gradient using numerical derivative of lnlike()
rank #0: 2018-10-08 10:39:58,497 LBFGS        INFO     options = {'factr': 100000.0, 'gtol': 1e-05, 'max_iter': 500, 'test_convergence': False}
rank #0: 2018-10-08 10:39:58,498 LBFGS        PARAM    0000          0.000000          2.000000          0.000000          4.000000        119.907125
rank #0: 2018-10-08 10:39:59,861 LBFGS        PARAM    0001         50.758960          2.123878          2.618857          3.946659        102.379845
rank #0: 2018-10-08 10:40:01,090 LBFGS        PARAM    0002        -37.863316          2.417590         12.431007          3.875912         87.871135
rank #0: 2018-10-08 10:40:02,336 LBFGS        PARAM    0003       -132.060224          2.397343         13.323112          3.915364         85.254942
rank #0: 2018-10-08 10:40:03,560 LBFGS        PARAM    0004       -353.522844          2.432010         18.428129          3.953408         82.913622
rank #0: 2018-10-08 10:40:04,803 LBFGS        PARAM    0005       -429.458024          2.454127         21.961457          3.871176         82.510999
rank #0: 2018-10-08 10:40:06,026 LBFGS        PARAM    0006       -505.222261          2.461059         27.573722          3.621505         82.050301
rank #0: 2018-10-08 10:40:07,253 LBFGS        PARAM    0007       -548.647450          2.443680         35.014457          3.266183         81.740280
rank #0: 2018-10-08 10:40:08,494 LBFGS        PARAM    0008       -531.803263          2.437586         38.271134          3.242745         81.716267
rank #0: 2018-10-08 10:40:09,717 LBFGS        PARAM    0009       -522.102872          2.432665         40.222119          3.244283         81.710967
rank #0: 2018-10-08 10:40:10,953 LBFGS        PARAM    0010       -519.647044          2.431089         41.442077          3.253068         81.709222
rank #0: 2018-10-08 10:40:12,178 LBFGS        PARAM    0011       -520.077087          2.430936         42.003605          3.259355         81.708825
rank #0: 2018-10-08 10:40:13,399 LBFGS        PARAM    0012       -520.393809          2.431063         41.987535          3.259716         81.708820
rank #0: 2018-10-08 10:40:14,639 LBFGS        PARAM    0013       -520.443545          2.431085         41.980384          3.259695         81.708820
rank #0: 2018-10-08 10:40:15,864 LBFGS        PARAM    0014       -520.444885          2.431086         41.980143          3.259690         81.708820
rank #0: 2018-10-08 10:40:17,099 LBFGS        PARAM    0015       -520.444954          2.431086         41.980143          3.259690         81.708820
rank #0: 2018-10-08 10:40:47,071 LBFGS        PARAM    0016       -520.444954          2.431086         41.980143          3.259690         81.708820
rank #0: 2018-10-08 10:41:15,090 LBFGS        PARAM    0017       -520.444955          2.431086         41.980143          3.259690         81.708820
rank #0: 2018-10-08 10:42:08,801 LBFGS        INFO     Linesearch failed in both LBFGS and gradient directions
rank #0: 2018-10-08 10:42:08,802 LBFGS        PARAM    0017       -520.444955          2.431086         41.980143          3.259690         81.708820
rank #0: 2018-10-08 10:42:08,803 rsdfit.lbfgs_fitter WARNING  ...LBFGS optimization finished. Time elapsed: 0:02:10.31
rank #0: 2018-10-08 10:42:08,804 rsdfit.lbfgs_fitter ERROR    nonlinear fit with method L-BFGS-B failed: Linesearch failed in both LBFGS and gradient directions
rank #0: 2018-10-08 10:42:08,805 rsdfit.fitting_driver INFO     rank 45 on nid00696     ...fitting complete
rank #0: 2018-10-08 10:42:08,808 rsdfit.fitting_driver INFO     rank 45 on nid00696     Saving the results to `/global/cscratch1/sd/nhand/eBOSS/fits/results/mocks/ezmock/v1.8e-fph/0.005-0.3/basemodel-N-fnl/0.8-2.2/QSO-S-0403-P0+P2-mock-cov-96ccb1008d/2018-10-08_nlopt_17i_chain0__1.npz`
rank #0: 2018-10-08 10:42:08,882 pyRSD.analysis.lbfgs_results INFO     
minimum chi2 = 81.7088200894

Free parameters [ mean ]
_______________
N              : -520.444954778
b1             : 2.4310858157
f_nl           : 41.980142572
sigma_fog      : 3.25968960923

Constrained parameters [ mean ]
_________________________
b1sigma8       : 0.911378355984
