rank #0: 2018-12-30 15:45:00,855 rsdfit.fitting_driver INFO     rank 25 on nid00555     Calling the 'nlopt' solve function
rank #0: 2018-12-30 15:45:00,855 rsdfit.lbfgs_fitter INFO     running LBFGS for 500 iterations and then stopping
rank #0: 2018-12-30 15:45:00,855 rsdfit.lbfgs_fitter INFO     running LBFGS minimizer with priors
rank #0: 2018-12-30 15:45:00,856 root         INFO     Iter           N          b1        f_nl   sigma_fog   F(X)     
rank #0: 2018-12-30 15:45:00,856 rsdfit.lbfgs_fitter INFO     computing gradient using numerical derivative of lnlike()
rank #0: 2018-12-30 15:45:01,477 LBFGS        INFO     options = {'factr': 100000.0, 'gtol': 1e-05, 'max_iter': 500, 'test_convergence': False}
rank #0: 2018-12-30 15:45:01,478 LBFGS        PARAM    0000          0.000000          2.000000          0.000000          4.000000        104.386570
rank #0: 2018-12-30 15:45:02,157 LBFGS        PARAM    0001        -12.177129          2.058536          1.787598          3.989600         98.248426
rank #0: 2018-12-30 15:45:02,782 LBFGS        PARAM    0002       -225.473323          2.271860         12.209034          4.018740         86.242048
rank #0: 2018-12-30 15:45:03,411 LBFGS        PARAM    0003       -370.338139          2.292298         16.355832          4.064611         83.041339
rank #0: 2018-12-30 15:45:04,016 LBFGS        PARAM    0004       -545.210309          2.302992         23.974805          4.049569         81.389066
rank #0: 2018-12-30 15:45:04,642 LBFGS        PARAM    0005       -566.414630          2.301603         26.940175          3.990236         81.183392
rank #0: 2018-12-30 15:45:05,269 LBFGS        PARAM    0006       -631.013447          2.281100         42.082723          3.558889         80.513906
rank #0: 2018-12-30 15:45:05,879 LBFGS        PARAM    0007       -635.966021          2.277626         37.137406          3.419093         80.418576
rank #0: 2018-12-30 15:45:06,501 LBFGS        PARAM    0008       -636.302429          2.281394         37.565032          3.406456         80.412464
rank #0: 2018-12-30 15:45:07,128 LBFGS        PARAM    0009       -635.944499          2.280442         37.631139          3.409056         80.412051
rank #0: 2018-12-30 15:45:07,756 LBFGS        PARAM    0010       -635.651818          2.280375         37.646297          3.409550         80.412044
rank #0: 2018-12-30 15:45:08,362 LBFGS        PARAM    0011       -635.329632          2.280309         37.660036          3.409899         80.412042
rank #0: 2018-12-30 15:45:08,989 LBFGS        PARAM    0012       -635.328838          2.280310         37.659758          3.409897         80.412042
rank #0: 2018-12-30 15:45:09,617 LBFGS        PARAM    0013       -635.328832          2.280310         37.659750          3.409896         80.412042
rank #0: 2018-12-30 15:45:36,711 LBFGS        INFO     Linesearch failed in both LBFGS and gradient directions
rank #0: 2018-12-30 15:45:36,712 LBFGS        PARAM    0013       -635.328832          2.280310         37.659750          3.409896         80.412042
rank #0: 2018-12-30 15:45:36,712 rsdfit.lbfgs_fitter WARNING  ...LBFGS optimization finished. Time elapsed: 0:00:35.23
rank #0: 2018-12-30 15:45:36,712 rsdfit.lbfgs_fitter ERROR    nonlinear fit with method L-BFGS-B failed: Linesearch failed in both LBFGS and gradient directions
rank #0: 2018-12-30 15:45:36,713 rsdfit.fitting_driver INFO     rank 25 on nid00555     ...fitting complete
rank #0: 2018-12-30 15:45:36,715 rsdfit.fitting_driver INFO     rank 25 on nid00555     Saving the results to `/global/cscratch1/sd/nhand/eBOSS/fits/results/mocks/ezmock/v1.8e-fph/0.0001-0.3/basemodel-N-fnl/0.8-2.2/QSO-S-0002-P0+P2-mock-cov-175f5c9b57/2018-12-30_nlopt_13i_chain0__1.npz`
rank #0: 2018-12-30 15:45:36,881 pyRSD.analysis.lbfgs_results INFO     
minimum chi2 = 80.412041643

Free parameters [ mean ]
_______________
N              : -635.328831556
b1             : 2.28030952184
f_nl           : 37.6597503233
sigma_fog      : 3.40989624336

Constrained parameters [ mean ]
_________________________
b1sigma8       : 0.90827740644
