rank #0: 2018-06-03 08:26:45,721 rsdfit.fitting_driver INFO     rank 29 on nid00618     Calling the 'nlopt' solve function
rank #0: 2018-06-03 08:26:45,721 rsdfit.lbfgs_fitter INFO     running LBFGS for 500 iterations and then stopping
rank #0: 2018-06-03 08:26:45,721 rsdfit.lbfgs_fitter INFO     running LBFGS minimizer with priors
rank #0: 2018-06-03 08:26:45,721 root         INFO     Iter           N          b1        f_nl   sigma_fog   F(X)     
rank #0: 2018-06-03 08:26:46,267 LBFGS        INFO     options = {'factr': 100000.0, 'gtol': 1e-05, 'max_iter': 500, 'test_convergence': False}
rank #0: 2018-06-03 08:26:46,267 LBFGS        PARAM    0000          0.000000          2.000000          0.000000          4.000000        149.246757
rank #0: 2018-06-03 08:26:46,890 LBFGS        PARAM    0001         27.921545          2.166560          1.518882          4.009559        117.485372
rank #0: 2018-06-03 08:26:47,449 LBFGS        PARAM    0002       -146.222324          2.536536          9.435313          4.309834         86.557938
rank #0: 2018-06-03 08:26:48,008 LBFGS        PARAM    0003       -354.526842          2.577781         11.718932          4.540221         76.024541
rank #0: 2018-06-03 08:26:48,566 LBFGS        PARAM    0004       -635.614953          2.624706         16.440395          4.901998         70.411520
rank #0: 2018-06-03 08:26:49,124 LBFGS        PARAM    0005       -624.737813          2.621961         17.908809          4.928388         70.328841
rank #0: 2018-06-03 08:26:49,683 LBFGS        PARAM    0006       -504.654394          2.602967         46.931542          5.352015         69.784854
rank #0: 2018-06-03 08:26:50,244 LBFGS        PARAM    0007       -529.172356          2.598318         42.409981          5.259146         69.739877
rank #0: 2018-06-03 08:26:50,806 LBFGS        PARAM    0008       -529.561293          2.600241         43.005991          5.265439         69.736769
rank #0: 2018-06-03 08:26:51,365 LBFGS        PARAM    0009       -530.046646          2.600399         43.583553          5.264770         69.735317
rank #0: 2018-06-03 08:26:51,922 LBFGS        PARAM    0010       -533.353798          2.599952         44.972645          5.247098         69.731984
rank #0: 2018-06-03 08:26:52,479 LBFGS        PARAM    0011       -535.971421          2.598822         45.540038          5.227393         69.730689
rank #0: 2018-06-03 08:26:53,034 LBFGS        PARAM    0012       -536.424547          2.598417         45.509472          5.222414         69.730589
rank #0: 2018-06-03 08:26:53,588 LBFGS        PARAM    0013       -536.388344          2.598391         45.486510          5.222384         69.730588
rank #0: 2018-06-03 08:26:54,140 LBFGS        PARAM    0014       -536.382504          2.598392         45.483585          5.222412         69.730588
rank #0: 2018-06-03 08:26:54,694 LBFGS        PARAM    0015       -536.381997          2.598392         45.483577          5.222415         69.730588
rank #0: 2018-06-03 08:26:55,246 LBFGS        PARAM    0016       -536.382038          2.598392         45.483570          5.222415         69.730588
rank #0: 2018-06-03 08:26:55,798 LBFGS        PARAM    0017       -536.382061          2.598392         45.483570          5.222415         69.730588
rank #0: 2018-06-03 08:27:20,232 LBFGS        INFO     Linesearch failed in both LBFGS and gradient directions
rank #0: 2018-06-03 08:27:20,233 LBFGS        PARAM    0017       -536.382061          2.598392         45.483570          5.222415         69.730588
rank #0: 2018-06-03 08:27:20,233 rsdfit.lbfgs_fitter WARNING  ...LBFGS optimization finished. Time elapsed: 0:00:33.97
rank #0: 2018-06-03 08:27:20,234 rsdfit.lbfgs_fitter ERROR    nonlinear fit with method L-BFGS-B failed: Linesearch failed in both LBFGS and gradient directions
rank #0: 2018-06-03 08:27:20,235 rsdfit.fitting_driver INFO     rank 29 on nid00618     ...fitting complete
rank #0: 2018-06-03 08:27:20,237 rsdfit.fitting_driver INFO     rank 29 on nid00618     Saving the results to `/global/cscratch1/sd/nhand/eBOSS/fits/results/mocks/ezmock/v1.8e-fph/0.0001-0.3/basemodel-N-fnl/0.8-2.2/QSO-N-0199-P0+P2-mock-cov-f224d44da7/2018-06-03_nlopt_17i_chain0__1.npz`
rank #0: 2018-06-03 08:27:20,257 pyRSD.analysis.lbfgs_results INFO     
minimum chi2 = 69.7305876931

Free parameters [ mean ]
_______________
N              : -536.382061323
b1             : 2.59839184405
f_nl           : 45.4835698369
sigma_fog      : 5.22241472717

Constrained parameters [ mean ]
_________________________
b1sigma8       : 0.941224591869
