rank #0: 2018-10-04 22:58:39,252 rsdfit.fitting_driver INFO     rank 15 on nid01842     Calling the 'nlopt' solve function
rank #0: 2018-10-04 22:58:39,253 rsdfit.lbfgs_fitter INFO     running LBFGS for 500 iterations and then stopping
rank #0: 2018-10-04 22:58:39,254 rsdfit.lbfgs_fitter INFO     running LBFGS minimizer with priors
rank #0: 2018-10-04 22:58:39,254 root         INFO     Iter           N          b1        f_nl   sigma_fog   F(X)     
rank #0: 2018-10-04 22:58:39,255 rsdfit.lbfgs_fitter INFO     computing gradient using numerical derivative of lnlike()
rank #0: 2018-10-04 22:58:40,440 LBFGS        INFO     options = {'factr': 100000.0, 'gtol': 1e-05, 'max_iter': 500, 'test_convergence': False}
rank #0: 2018-10-04 22:58:40,441 LBFGS        PARAM    0000          0.000000          2.000000          0.000000          4.000000        110.556819
rank #0: 2018-10-04 22:58:41,769 LBFGS        PARAM    0001        126.415796          2.172249          1.088373          3.907282         88.076281
rank #0: 2018-10-04 22:58:42,960 LBFGS        PARAM    0002        102.843959          2.464962          4.232911          3.780668         77.078832
rank #0: 2018-10-04 22:58:44,165 LBFGS        PARAM    0003         69.339987          2.424739          3.371316          3.817022         76.362430
rank #0: 2018-10-04 22:58:45,350 LBFGS        PARAM    0004         30.923013          2.431426          3.113419          3.825094         75.982510
rank #0: 2018-10-04 22:58:46,558 LBFGS        PARAM    0005       -286.707503          2.515390          0.013026          3.785508         74.963277
rank #0: 2018-10-04 22:58:47,743 LBFGS        PARAM    0006       -207.297343          2.494713         -1.564107          3.673902         74.607440
rank #0: 2018-10-04 22:58:48,942 LBFGS        PARAM    0007       -235.036639          2.500626         -5.718513          3.465697         74.301586
rank #0: 2018-10-04 22:58:50,148 LBFGS        PARAM    0008       -369.361126          2.519864        -18.818563          2.887601         73.889960
rank #0: 2018-10-04 22:58:51,345 LBFGS        PARAM    0009       -394.006717          2.523115        -26.274309          2.867289         73.840084
rank #0: 2018-10-04 22:58:52,562 LBFGS        PARAM    0010       -414.233113          2.530612        -35.995099          2.877535         73.807888
rank #0: 2018-10-04 22:58:53,758 LBFGS        PARAM    0011       -418.554928          2.537708        -44.136618          2.899643         73.787957
rank #0: 2018-10-04 22:58:54,975 LBFGS        PARAM    0012       -407.485948          2.545324        -51.047209          2.927742         73.774623
rank #0: 2018-10-04 22:58:56,170 LBFGS        PARAM    0013       -403.550420          2.543633        -51.331266          2.936670         73.773966
rank #0: 2018-10-04 22:58:57,367 LBFGS        PARAM    0014       -402.969284          2.543333        -51.402875          2.936293         73.773950
rank #0: 2018-10-04 22:58:58,585 LBFGS        PARAM    0015       -402.950009          2.543321        -51.398997          2.936158         73.773950
rank #0: 2018-10-04 22:58:59,787 LBFGS        PARAM    0016       -402.947519          2.543320        -51.397440          2.936152         73.773950
rank #0: 2018-10-04 22:59:01,009 LBFGS        PARAM    0017       -402.947169          2.543320        -51.397256          2.936152         73.773950
rank #0: 2018-10-04 22:59:31,113 LBFGS        PARAM    0018       -402.947177          2.543320        -51.397256          2.936152         73.773950
rank #0: 2018-10-04 22:59:32,334 LBFGS        PARAM    0019       -402.947174          2.543320        -51.397256          2.936152         73.773950
rank #0: 2018-10-04 22:59:33,529 LBFGS        PARAM    0020       -402.947165          2.543320        -51.397255          2.936152         73.773950
rank #0: 2018-10-04 22:59:34,731 LBFGS        PARAM    0021       -402.947165          2.543320        -51.397255          2.936152         73.773950
rank #0: 2018-10-04 22:59:35,945 LBFGS        PARAM    0022       -402.947162          2.543320        -51.397255          2.936152         73.773950
rank #0: 2018-10-04 23:00:05,577 LBFGS        PARAM    0023       -402.947166          2.543320        -51.397255          2.936152         73.773950
rank #0: 2018-10-04 23:00:06,780 LBFGS        PARAM    0024       -402.947168          2.543320        -51.397255          2.936152         73.773950
rank #0: 2018-10-04 23:00:59,660 LBFGS        INFO     Linesearch failed in both LBFGS and gradient directions
rank #0: 2018-10-04 23:00:59,662 LBFGS        PARAM    0024       -402.947168          2.543320        -51.397255          2.936152         73.773950
rank #0: 2018-10-04 23:00:59,663 rsdfit.lbfgs_fitter WARNING  ...LBFGS optimization finished. Time elapsed: 0:02:19.22
rank #0: 2018-10-04 23:00:59,664 rsdfit.lbfgs_fitter ERROR    nonlinear fit with method L-BFGS-B failed: Linesearch failed in both LBFGS and gradient directions
rank #0: 2018-10-04 23:00:59,665 rsdfit.fitting_driver INFO     rank 15 on nid01842     ...fitting complete
rank #0: 2018-10-04 23:00:59,668 rsdfit.fitting_driver INFO     rank 15 on nid01842     Saving the results to `/global/cscratch1/sd/nhand/eBOSS/fits/results/mocks/ezmock/v1.8e-fph/0.005-0.3/basemodel-N-fnl/0.8-2.2/QSO-S-0805-P0+P2-mock-cov-98e9a706c6/2018-10-04_nlopt_24i_chain0__1.npz`
rank #0: 2018-10-04 23:00:59,733 pyRSD.analysis.lbfgs_results INFO     
minimum chi2 = 73.7739495791

Free parameters [ mean ]
_______________
N              : -402.947167915
b1             : 2.54332002276
f_nl           : -51.3972552302
sigma_fog      : 2.93615241255

Constrained parameters [ mean ]
_________________________
b1sigma8       : 0.921275732874
