rank #0: 2018-10-04 22:19:04,906 rsdfit.fitting_driver INFO     rank 56 on nid12889     Calling the 'nlopt' solve function
rank #0: 2018-10-04 22:19:04,907 rsdfit.lbfgs_fitter INFO     running LBFGS for 500 iterations and then stopping
rank #0: 2018-10-04 22:19:04,907 rsdfit.lbfgs_fitter INFO     running LBFGS minimizer with priors
rank #0: 2018-10-04 22:19:04,908 root         INFO     Iter           N          b1        f_nl   sigma_fog   F(X)     
rank #0: 2018-10-04 22:19:04,908 rsdfit.lbfgs_fitter INFO     computing gradient using numerical derivative of lnlike()
rank #0: 2018-10-04 22:19:06,093 LBFGS        INFO     options = {'factr': 100000.0, 'gtol': 1e-05, 'max_iter': 500, 'test_convergence': False}
rank #0: 2018-10-04 22:19:06,095 LBFGS        PARAM    0000          0.000000          2.000000          0.000000          4.000000        126.672859
rank #0: 2018-10-04 22:19:07,434 LBFGS        PARAM    0001         36.526045          2.131110          2.824717          3.980369        107.270122
rank #0: 2018-10-04 22:19:08,636 LBFGS        PARAM    0002        -79.554247          2.446006         14.032859          4.093798         89.562994
rank #0: 2018-10-04 22:19:09,860 LBFGS        PARAM    0003       -196.199590          2.436931         15.432042          4.204692         85.490919
rank #0: 2018-10-04 22:19:11,066 LBFGS        PARAM    0004       -469.322649          2.493677         21.897368          4.455265         82.290870
rank #0: 2018-10-04 22:19:12,290 LBFGS        PARAM    0005       -470.214825          2.491775         23.546674          4.438618         82.262501
rank #0: 2018-10-04 22:19:13,494 LBFGS        PARAM    0006       -465.583378          2.466586         44.186885          4.337473         82.122031
rank #0: 2018-10-04 22:19:14,712 LBFGS        PARAM    0007       -464.593748          2.469928         42.011680          4.351964         82.120124
rank #0: 2018-10-04 22:19:15,927 LBFGS        PARAM    0008       -464.597462          2.469107         42.125399          4.350301         82.120042
rank #0: 2018-10-04 22:19:17,130 LBFGS        PARAM    0009       -464.696079          2.469240         42.173482          4.350244         82.120033
rank #0: 2018-10-04 22:19:18,353 LBFGS        PARAM    0010       -464.695768          2.469240         42.172334          4.350225         82.120033
rank #0: 2018-10-04 22:19:19,554 LBFGS        PARAM    0011       -464.711294          2.469243         42.169659          4.350152         82.120033
rank #0: 2018-10-04 22:19:20,775 LBFGS        PARAM    0012       -464.721151          2.469244         42.169339          4.350133         82.120033
rank #0: 2018-10-04 22:19:21,976 LBFGS        PARAM    0013       -464.722128          2.469245         42.169361          4.350132         82.120033
rank #0: 2018-10-04 22:19:23,179 LBFGS        PARAM    0014       -464.722160          2.469245         42.169366          4.350132         82.120033
rank #0: 2018-10-04 22:20:17,521 LBFGS        INFO     Linesearch failed in both LBFGS and gradient directions
rank #0: 2018-10-04 22:20:17,522 LBFGS        PARAM    0014       -464.722160          2.469245         42.169366          4.350132         82.120033
rank #0: 2018-10-04 22:20:17,523 rsdfit.lbfgs_fitter WARNING  ...LBFGS optimization finished. Time elapsed: 0:01:11.43
rank #0: 2018-10-04 22:20:17,524 rsdfit.lbfgs_fitter ERROR    nonlinear fit with method L-BFGS-B failed: Linesearch failed in both LBFGS and gradient directions
rank #0: 2018-10-04 22:20:17,525 rsdfit.fitting_driver INFO     rank 56 on nid12889     ...fitting complete
rank #0: 2018-10-04 22:20:17,528 rsdfit.fitting_driver INFO     rank 56 on nid12889     Saving the results to `/global/cscratch1/sd/nhand/eBOSS/fits/results/mocks/ezmock/v1.8e-fph/0.005-0.3/basemodel-N-fnl/0.8-2.2/QSO-S-0455-P0+P2-mock-cov-96ccb1008d/2018-10-04_nlopt_14i_chain0__1.npz`
rank #0: 2018-10-04 22:20:17,581 pyRSD.analysis.lbfgs_results INFO     
minimum chi2 = 82.1200330807

Free parameters [ mean ]
_______________
N              : -464.722159686
b1             : 2.46924463804
f_nl           : 42.1693660991
sigma_fog      : 4.35013234067

Constrained parameters [ mean ]
_________________________
b1sigma8       : 0.92568353787
