rank #0: 2017-11-27 22:38:42,885 rsdfit.fitting_driver INFO     rank 166 on nid00499     Calling the 'nlopt' solve function
rank #0: 2017-11-27 22:38:42,886 rsdfit.lbfgs_fitter INFO     running LBFGS for 500 iterations and then stopping
rank #0: 2017-11-27 22:38:42,886 rsdfit.lbfgs_fitter INFO     running LBFGS minimizer with priors
rank #0: 2017-11-27 22:38:42,886 root         INFO     Iter           N          b1        f_nl   sigma_fog   F(X)     
rank #0: 2017-11-27 22:38:43,264 LBFGS        INFO     options = {'factr': 100000.0, 'gtol': 1e-05, 'max_iter': 500, 'test_convergence': False}
rank #0: 2017-11-27 22:38:43,265 LBFGS        PARAM    0000          0.000000          2.000000          0.000000          4.000000         32.909560
rank #0: 2017-11-27 22:38:43,683 LBFGS        PARAM    0001         11.968037          2.076737          1.566864          3.996107         30.533922
rank #0: 2017-11-27 22:38:44,060 LBFGS        PARAM    0002         -8.904973          2.263664         10.138532          3.988704         28.505990
rank #0: 2017-11-27 22:38:44,438 LBFGS        PARAM    0003        -10.309339          2.229110         11.156984          3.992585         28.381068
rank #0: 2017-11-27 22:38:44,816 LBFGS        PARAM    0004        -14.679031          2.224418         14.303775          3.995746         28.331073
rank #0: 2017-11-27 22:38:45,237 LBFGS        PARAM    0005       -113.772846          2.155870         85.281617          4.063819         27.598601
rank #0: 2017-11-27 22:38:45,616 LBFGS        PARAM    0006       -149.623866          2.159505        105.354594          4.085794         27.495114
rank #0: 2017-11-27 22:38:45,993 LBFGS        PARAM    0007       -142.678859          2.180530         96.206320          4.079374         27.459845
rank #0: 2017-11-27 22:38:46,371 LBFGS        PARAM    0008       -145.761345          2.180906         96.340821          4.080877         27.459467
rank #0: 2017-11-27 22:38:46,750 LBFGS        PARAM    0009       -205.646395          2.186493         97.027074          4.109689         27.453617
rank #0: 2017-11-27 22:38:47,127 LBFGS        PARAM    0010       -344.437561          2.197119         96.871040          4.176158         27.442172
rank #0: 2017-11-27 22:38:47,506 LBFGS        PARAM    0011       -757.863145          2.225660         93.833195          4.373721         27.410866
rank #0: 2017-11-27 22:38:47,883 LBFGS        PARAM    0012      -1740.678414          2.288971         83.259901          4.842984         27.341951
rank #0: 2017-11-27 22:38:48,261 LBFGS        PARAM    0013      -3487.906481          2.391476         63.860957          5.678517         27.256767
rank #0: 2017-11-27 22:38:48,639 LBFGS        PARAM    0014      -3893.064331          2.400741         64.543898          5.868474         27.229361
rank #0: 2017-11-27 22:38:49,016 LBFGS        PARAM    0015      -3816.079556          2.392146         63.529387          5.827683         27.220934
rank #0: 2017-11-27 22:38:49,394 LBFGS        PARAM    0016      -3614.417414          2.379058         64.806452          5.729258         27.219909
rank #0: 2017-11-27 22:38:49,772 LBFGS        PARAM    0017      -3638.259449          2.380906         64.258636          5.738973         27.219845
rank #0: 2017-11-27 22:38:50,151 LBFGS        PARAM    0018      -3642.833317          2.381153         64.231680          5.732779         27.219754
rank #0: 2017-11-27 22:38:50,529 LBFGS        PARAM    0019      -3857.567530          2.389572         63.429577          5.257233         27.216047
rank #0: 2017-11-27 22:38:50,907 LBFGS        PARAM    0020      -3881.349218          2.388578         63.646250          5.072996         27.215539
rank #0: 2017-11-27 22:38:51,285 LBFGS        PARAM    0021      -3872.107481          2.387165         63.841815          5.013626         27.215487
rank #0: 2017-11-27 22:38:51,662 LBFGS        PARAM    0022      -3870.250043          2.387026         63.857802          5.013702         27.215487
rank #0: 2017-11-27 22:38:52,040 LBFGS        PARAM    0023      -3869.942174          2.387009         63.859684          5.014493         27.215487
rank #0: 2017-11-27 22:38:52,417 LBFGS        PARAM    0024      -3870.090909          2.387017         63.858728          5.014594         27.215487
rank #0: 2017-11-27 22:38:52,795 LBFGS        PARAM    0025      -3870.009978          2.387013         63.859200          5.014603         27.215487
rank #0: 2017-11-27 22:38:53,258 LBFGS        PARAM    0026      -3870.013487          2.387013         63.859179          5.014602         27.215487
rank #0: 2017-11-27 22:38:53,634 LBFGS        PARAM    0027      -3870.010831          2.387013         63.859195          5.014599         27.215487
rank #0: 2017-11-27 22:38:54,013 LBFGS        PARAM    0028      -3870.010313          2.387013         63.859202          5.014600         27.215487
rank #0: 2017-11-27 22:38:54,014 LBFGS        INFO     LBFGS iteration 28: the descent direction does not have a sufficient projection (cos(theta)=-8.80e-01, theta=151.6688) into the gradient; using steepest descent at this step!
rank #0: 2017-11-27 22:39:02,218 LBFGS        INFO     Linesearch failed in both LBFGS and gradient directions
rank #0: 2017-11-27 22:39:02,219 LBFGS        PARAM    0028      -3870.010313          2.387013         63.859202          5.014600         27.215487
rank #0: 2017-11-27 22:39:02,219 rsdfit.lbfgs_fitter WARNING  ...LBFGS optimization finished. Time elapsed: 0:00:18.95
rank #0: 2017-11-27 22:39:02,219 rsdfit.lbfgs_fitter ERROR    nonlinear fit with method L-BFGS-B failed: Linesearch failed in both LBFGS and gradient directions
rank #0: 2017-11-27 22:39:02,220 rsdfit.fitting_driver INFO     rank 166 on nid00499     ...fitting complete
rank #0: 2017-11-27 22:39:02,222 rsdfit.fitting_driver INFO     rank 166 on nid00499     Saving the results to `/global/cscratch1/sd/nhand/eBOSS/fits/results/mocks/ezmock/v1.8e-fph/0.0001-0.05/basemodel-N-fnl/0.8-2.2/QSO-S-0815-P0+P2-mock-cov-a9f629560d/2017-11-27_nlopt_28i_chain0__1.npz`
rank #0: 2017-11-27 22:39:02,239 pyRSD.analysis.lbfgs_results INFO     
minimum chi2 = 27.2154866771

Free parameters [ mean ]
_______________
N              : -3870.01031254
b1             : 2.38701330542
f_nl           : 63.8592022818
sigma_fog      : 5.014599519

Constrained parameters [ mean ]
_________________________
b1sigma8       : 0.94999448991
