rank #0: 2018-12-30 19:40:25,910 rsdfit.fitting_driver INFO     rank 48 on nid00631     Calling the 'nlopt' solve function
rank #0: 2018-12-30 19:40:25,911 rsdfit.lbfgs_fitter INFO     running LBFGS for 500 iterations and then stopping
rank #0: 2018-12-30 19:40:25,911 rsdfit.lbfgs_fitter INFO     running LBFGS minimizer with priors
rank #0: 2018-12-30 19:40:25,912 root         INFO     Iter           N          b1        f_nl   sigma_fog   F(X)     
rank #0: 2018-12-30 19:40:25,912 rsdfit.lbfgs_fitter INFO     computing gradient using numerical derivative of lnlike()
rank #0: 2018-12-30 19:40:27,096 LBFGS        INFO     options = {'factr': 100000.0, 'gtol': 1e-05, 'max_iter': 500, 'test_convergence': False}
rank #0: 2018-12-30 19:40:27,097 LBFGS        PARAM    0000          0.000000          2.000000          0.000000          4.000000        145.682887
rank #0: 2018-12-30 19:40:28,482 LBFGS        PARAM    0001         39.918664          2.147736          1.320123          3.988649        118.249879
rank #0: 2018-12-30 19:40:29,704 LBFGS        PARAM    0002        -85.726676          2.469823          7.669421          4.163296         94.214139
rank #0: 2018-12-30 19:40:30,930 LBFGS        PARAM    0003       -236.212243          2.491075          9.216614          4.324271         87.424523
rank #0: 2018-12-30 19:40:32,170 LBFGS        PARAM    0004       -510.971685          2.558123         13.657867          4.660707         82.813767
rank #0: 2018-12-30 19:40:33,390 LBFGS        PARAM    0005       -489.070979          2.545340         14.448593          4.694316         82.704557
rank #0: 2018-12-30 19:40:34,632 LBFGS        PARAM    0006       -456.147184          2.536747         16.854300          4.787353         82.567330
rank #0: 2018-12-30 19:40:35,850 LBFGS        PARAM    0007       -408.790599          2.534522         22.308129          4.991886         82.402440
rank #0: 2018-12-30 19:40:37,083 LBFGS        PARAM    0008       -404.546561          2.541042         23.854819          5.058630         82.379550
rank #0: 2018-12-30 19:40:38,314 LBFGS        PARAM    0009       -405.002930          2.541402         23.813826          5.059701         82.379487
rank #0: 2018-12-30 19:40:39,538 LBFGS        PARAM    0010       -405.183034          2.541635         23.719981          5.060627         82.379438
rank #0: 2018-12-30 19:40:40,783 LBFGS        PARAM    0011       -405.028656          2.541846         23.519446          5.062670         82.379374
rank #0: 2018-12-30 19:40:42,014 LBFGS        PARAM    0012       -404.549522          2.541743         23.423053          5.063852         82.379355
rank #0: 2018-12-30 19:40:43,927 LBFGS        PARAM    0013       -404.528641          2.541736         23.421929          5.063854         82.379355
rank #0: 2018-12-30 19:40:45,178 LBFGS        PARAM    0014       -404.528322          2.541736         23.422148          5.063849         82.379355
rank #0: 2018-12-30 19:40:46,408 LBFGS        PARAM    0015       -404.528291          2.541736         23.422182          5.063849         82.379355
rank #0: 2018-12-30 19:40:47,633 LBFGS        PARAM    0016       -404.528327          2.541736         23.422183          5.063849         82.379355
rank #0: 2018-12-30 19:40:48,876 LBFGS        PARAM    0017       -404.528399          2.541736         23.422183          5.063849         82.379355
rank #0: 2018-12-30 19:41:43,366 LBFGS        INFO     Linesearch failed in both LBFGS and gradient directions
rank #0: 2018-12-30 19:41:43,367 LBFGS        PARAM    0017       -404.528399          2.541736         23.422183          5.063849         82.379355
rank #0: 2018-12-30 19:41:43,368 rsdfit.lbfgs_fitter WARNING  ...LBFGS optimization finished. Time elapsed: 0:01:16.27
rank #0: 2018-12-30 19:41:43,369 rsdfit.lbfgs_fitter ERROR    nonlinear fit with method L-BFGS-B failed: Linesearch failed in both LBFGS and gradient directions
rank #0: 2018-12-30 19:41:43,370 rsdfit.fitting_driver INFO     rank 48 on nid00631     ...fitting complete
rank #0: 2018-12-30 19:41:43,375 rsdfit.fitting_driver INFO     rank 48 on nid00631     Saving the results to `/global/cscratch1/sd/nhand/eBOSS/fits/results/mocks/ezmock/v1.8e-fph/0.0001-0.3/basemodel-N-fnl/0.8-2.2/QSO-N-0306-P0+P2-mock-cov-368a762326/2018-12-30_nlopt_17i_chain0__1.npz`
rank #0: 2018-12-30 19:41:43,881 pyRSD.analysis.lbfgs_results INFO     
minimum chi2 = 82.3793549734

Free parameters [ mean ]
_______________
N              : -404.528398608
b1             : 2.5417355177
f_nl           : 23.4221829883
sigma_fog      : 5.06384892155

Constrained parameters [ mean ]
_________________________
b1sigma8       : 0.920701772048
