rank #0: 2019-02-16 14:21:52,225 rsdfit.fitting_driver INFO     rank 7 on nid01132     Calling the 'nlopt' solve function
rank #0: 2019-02-16 14:21:52,225 rsdfit.lbfgs_fitter INFO     running LBFGS for 500 iterations and then stopping
rank #0: 2019-02-16 14:21:52,225 rsdfit.lbfgs_fitter INFO     running LBFGS minimizer with priors
rank #0: 2019-02-16 14:21:52,226 root         INFO     Iter           N          b1        f_nl   sigma_fog   F(X)     
rank #0: 2019-02-16 14:21:52,226 rsdfit.lbfgs_fitter INFO     computing gradient using numerical derivative of lnlike()
rank #0: 2019-02-16 14:21:53,328 LBFGS        INFO     options = {'factr': 100000.0, 'gtol': 1e-05, 'max_iter': 500, 'test_convergence': False}
rank #0: 2019-02-16 14:21:53,328 LBFGS        PARAM    0000          0.000000          2.000000          0.000000          4.000000        113.431508
rank #0: 2019-02-16 14:21:54,600 LBFGS        PARAM    0001         22.626047          2.116521          0.949492          4.014675         96.762660
rank #0: 2019-02-16 14:21:55,751 LBFGS        PARAM    0002        -79.947385          2.360645          4.757774          4.255082         80.572853
rank #0: 2019-02-16 14:21:56,902 LBFGS        PARAM    0003       -233.484069          2.418050          6.104724          4.477780         75.166598
rank #0: 2019-02-16 14:21:58,039 LBFGS        PARAM    0004       -408.418702          2.451643          6.724953          4.946959         71.537427
rank #0: 2019-02-16 14:21:59,168 LBFGS        PARAM    0005       -399.569085          2.455970          6.788251          5.041756         71.315635
rank #0: 2019-02-16 14:22:00,291 LBFGS        PARAM    0006       -256.225350          2.456442          5.489509          5.711622         70.356697
rank #0: 2019-02-16 14:22:01,411 LBFGS        PARAM    0007       -241.613721          2.456530          4.397675          5.762542         70.348456
rank #0: 2019-02-16 14:22:02,528 LBFGS        PARAM    0008       -240.329748          2.456942          3.888526          5.769341         70.347799
rank #0: 2019-02-16 14:22:03,647 LBFGS        PARAM    0009       -238.225585          2.458897          1.251314          5.786456         70.345375
rank #0: 2019-02-16 14:22:04,766 LBFGS        PARAM    0010       -239.307681          2.461182         -2.227492          5.791702         70.343009
rank #0: 2019-02-16 14:22:05,885 LBFGS        PARAM    0011       -244.264558          2.462312         -4.909775          5.775348         70.341684
rank #0: 2019-02-16 14:22:07,004 LBFGS        PARAM    0012       -244.763812          2.462787         -4.982911          5.774685         70.341634
rank #0: 2019-02-16 14:22:08,122 LBFGS        PARAM    0013       -244.799270          2.462783         -4.966014          5.774652         70.341634
rank #0: 2019-02-16 14:22:09,243 LBFGS        PARAM    0014       -244.808066          2.462781         -4.961666          5.774644         70.341634
rank #0: 2019-02-16 14:22:10,364 LBFGS        PARAM    0015       -244.808066          2.462781         -4.961681          5.774645         70.341634
rank #0: 2019-02-16 14:22:11,620 LBFGS        PARAM    0016       -244.808065          2.462781         -4.961681          5.774645         70.341634
rank #0: 2019-02-16 14:23:02,420 LBFGS        INFO     Linesearch failed in both LBFGS and gradient directions
rank #0: 2019-02-16 14:23:02,421 LBFGS        PARAM    0016       -244.808065          2.462781         -4.961681          5.774645         70.341634
rank #0: 2019-02-16 14:23:02,421 rsdfit.lbfgs_fitter WARNING  ...LBFGS optimization finished. Time elapsed: 0:01:09.09
rank #0: 2019-02-16 14:23:02,422 rsdfit.lbfgs_fitter ERROR    nonlinear fit with method L-BFGS-B failed: Linesearch failed in both LBFGS and gradient directions
rank #0: 2019-02-16 14:23:02,422 rsdfit.fitting_driver INFO     rank 7 on nid01132     ...fitting complete
rank #0: 2019-02-16 14:23:02,426 rsdfit.fitting_driver INFO     rank 7 on nid01132     Saving the results to `/global/cscratch1/sd/nhand/eBOSS/fits/results/mocks/ezmock/v1.8e-fph/0.005-0.3/basemodel-N-fnl/0.8-2.2/QSO-N-0091-P0+P2-mock-cov-3574198df7/2019-02-16_nlopt_16i_chain0__1.npz`
rank #0: 2019-02-16 14:23:02,433 pyRSD.analysis.lbfgs_results INFO     
minimum chi2 = 70.34163385863117

Free parameters [ mean ]
_______________
N              : -244.80806532466602
b1             : 2.462781130759007
f_nl           : -4.96168104284133
sigma_fog      : 5.7746445058309

Constrained parameters [ mean ]
_________________________
b1sigma8       : 0.8921018475229349
