rank #0: 2017-11-27 21:58:34,572 rsdfit.fitting_driver INFO     rank 104 on nid00537     Calling the 'nlopt' solve function
rank #0: 2017-11-27 21:58:34,572 rsdfit.lbfgs_fitter INFO     running LBFGS for 500 iterations and then stopping
rank #0: 2017-11-27 21:58:34,572 rsdfit.lbfgs_fitter INFO     running LBFGS minimizer with priors
rank #0: 2017-11-27 21:58:34,572 root         INFO     Iter           N   alpha_par   alpha_perp          b1           f        f_nl    sigma8_z   sigma_fog   F(X)     
rank #0: 2017-11-27 21:58:35,529 LBFGS        INFO     options = {'factr': 100000.0, 'gtol': 1e-05, 'max_iter': 500, 'test_convergence': False}
rank #0: 2017-11-27 21:58:35,529 LBFGS        PARAM    0000          0.000000          1.000000          1.000000          2.000000          0.930924          0.000000          0.397985          4.000000         91.775091
rank #0: 2017-11-27 21:58:36,580 LBFGS        PARAM    0001         -0.007097          0.999874          0.999902          2.001470          0.930954          0.014395          0.398904          4.000263         91.189613
rank #0: 2017-11-27 21:58:37,578 LBFGS        PARAM    0002        -13.628424          0.993891          0.997620          2.048875          0.930656          0.652906          0.424377          4.031937         83.761440
rank #0: 2017-11-27 21:58:38,573 LBFGS        PARAM    0003        -21.261812          0.992971          0.998554          2.044566          0.929710          0.704209          0.420110          4.046862         83.200713
rank #0: 2017-11-27 21:58:39,571 LBFGS        PARAM    0004        -39.686269          0.989698          0.999789          2.047774          0.927793          0.969699          0.417830          4.083340         82.627236
rank #0: 2017-11-27 21:58:40,569 LBFGS        PARAM    0005       -146.539774          0.969815          1.006110          2.076854          0.916933          2.643806          0.410880          4.293688         80.384988
rank #0: 2017-11-27 21:58:41,569 LBFGS        PARAM    0006       -241.868404          0.951064          1.011103          2.109909          0.907169          4.375072          0.409319          4.474052         79.084617
rank #0: 2017-11-27 21:58:42,568 LBFGS        PARAM    0007       -278.606104          0.941724          1.012053          2.128424          0.901931          6.018906          0.411021          4.492828         78.664766
rank #0: 2017-11-27 21:58:43,567 LBFGS        PARAM    0008       -276.725158          0.941304          1.011515          2.129941          0.901566          6.364551          0.411740          4.467851         78.629891
rank #0: 2017-11-27 21:58:44,568 LBFGS        PARAM    0009       -274.479679          0.941036          1.010966          2.130577          0.901235          6.694370          0.411892          4.440943         78.607091
rank #0: 2017-11-27 21:58:45,568 LBFGS        PARAM    0010       -272.545373          0.938951          1.009318          2.133834          0.899374          7.997340          0.411431          4.352700         78.533923
rank #0: 2017-11-27 21:58:46,569 LBFGS        PARAM    0011       -276.895279          0.932111          1.005750          2.143529          0.893777         11.385624          0.408916          4.147665         78.368000
rank #0: 2017-11-27 21:58:47,570 LBFGS        PARAM    0012       -300.311665          0.913813          0.998304          2.168653          0.879364         19.447290          0.401150          3.692514         78.013807
rank #0: 2017-11-27 21:58:48,572 LBFGS        PARAM    0013       -354.058183          0.882296          0.988281          2.212614          0.855163         32.022664          0.386652          3.014580         77.548192
rank #0: 2017-11-27 21:58:49,574 LBFGS        PARAM    0014       -388.937992          0.862270          0.991253          2.256409          0.839131         35.839504          0.375851          2.628979         77.247210
rank #0: 2017-11-27 21:58:50,577 LBFGS        PARAM    0015       -393.095489          0.862583          0.998657          2.267315          0.839024         32.371036          0.374793          2.687745         77.146801
rank #0: 2017-11-27 21:58:51,580 LBFGS        PARAM    0016       -389.802972          0.865786          1.001750          2.266154          0.841254         30.099710          0.375894          2.757025         77.132236
rank #0: 2017-11-27 21:58:52,584 LBFGS        PARAM    0017       -398.330539          0.866587          1.004359          2.268564          0.841443         28.446934          0.376184          2.751197         77.107523
rank #0: 2017-11-27 21:58:53,588 LBFGS        PARAM    0018       -473.403507          0.868363          1.019237          2.286361          0.839934         19.107077          0.377706          2.597738         76.982255
rank #0: 2017-11-27 21:58:54,594 LBFGS        PARAM    0019       -528.125554          0.865521          1.025767          2.296466          0.836693         15.316598          0.378235          2.411757         76.929037
rank #0: 2017-11-27 21:58:55,596 LBFGS        PARAM    0020       -556.437658          0.861934          1.027772          2.299876          0.834206         14.426252          0.378483          2.272602         76.910521
rank #0: 2017-11-27 21:58:56,599 LBFGS        PARAM    0021       -558.578760          0.860520          1.027395          2.299828          0.833502         14.837781          0.378365          2.235339         76.908461
rank #0: 2017-11-27 21:58:57,603 LBFGS        PARAM    0022       -556.808030          0.859897          1.027168          2.299387          0.833372         15.083950          0.378321          2.224372         76.907673
rank #0: 2017-11-27 21:58:58,610 LBFGS        PARAM    0023       -553.112071          0.859029          1.027182          2.298658          0.833393         15.254719          0.378308          2.212616         76.906556
rank #0: 2017-11-27 21:58:59,615 LBFGS        PARAM    0024       -550.043415          0.858355          1.027623          2.297691          0.833723         15.113419          0.378420          2.206297         76.905467
rank #0: 2017-11-27 21:59:00,620 LBFGS        PARAM    0025       -547.317552          0.857405          1.028441          2.295286          0.834693         14.666253          0.378742          2.200907         76.903560
rank #0: 2017-11-27 21:59:01,624 LBFGS        PARAM    0026       -542.986315          0.854339          1.029888          2.285809          0.838299         13.624539          0.379788          2.185470         76.897624
rank #0: 2017-11-27 21:59:02,630 LBFGS        PARAM    0027       -537.679466          0.846007          1.032914          2.256378          0.849470         11.024924          0.382930          2.143270         76.882754
rank #0: 2017-11-27 21:59:03,636 LBFGS        PARAM    0028       -540.481333          0.831728          1.037958          2.201828          0.870208          8.229865          0.388895          2.060380         76.858597
rank #0: 2017-11-27 21:59:04,641 LBFGS        PARAM    0029       -567.250224          0.806647          1.051271          2.101316          0.909047          4.426062          0.400928          1.872198         76.822893
rank #0: 2017-11-27 21:59:05,651 LBFGS        PARAM    0030       -648.761023          0.741629          1.083543          1.879434          0.993391         -3.800440          0.427503          1.279900         76.718311
rank #0: 2017-11-27 21:59:05,652 LBFGS        INFO     LBFGS iteration 30: the descent direction does not have a sufficient projection (cos(theta)=3.50e-03, theta=89.7995) into the gradient; using steepest descent at this step!
rank #0: 2017-11-27 21:59:06,720 LBFGS        PARAM    0031       -648.674114          0.741617          1.083535          1.879583          0.993399         -3.799590          0.427597          1.279850         76.710574
rank #0: 2017-11-27 21:59:07,728 LBFGS        PARAM    0032       -645.735751          0.741250          1.083376          1.883063          0.993582         -3.774858          0.429776          1.278021         76.621254
rank #0: 2017-11-27 21:59:08,736 LBFGS        PARAM    0033       -644.874773          0.741162          1.083422          1.883007          0.993579         -3.770471          0.429743          1.277379         76.619817
rank #0: 2017-11-27 21:59:09,745 LBFGS        PARAM    0034       -608.829371          0.737126          1.085141          1.880846          0.993665         -3.562804          0.428894          1.247930         76.587793
rank #0: 2017-11-27 21:59:10,754 LBFGS        PARAM    0035       -602.923458          0.734453          1.084503          1.876162          0.994672         -3.393761          0.428896          1.226021         76.571958
rank #0: 2017-11-27 21:59:11,764 LBFGS        PARAM    0036       -599.690231          0.732885          1.084107          1.873377          0.995274         -3.294343          0.428908          1.213140         76.562464
rank #0: 2017-11-27 21:59:11,765 LBFGS        INFO     LBFGS iteration 36: the descent direction does not have a sufficient projection (cos(theta)=-5.16e-01, theta=121.0851) into the gradient; using steepest descent at this step!
rank #0: 2017-11-27 21:59:12,833 LBFGS        PARAM    0037       -600.231729          0.732742          1.083957          1.873455          0.995400         -3.286887          0.429240          1.211991         76.560732
rank #0: 2017-11-27 21:59:13,843 LBFGS        PARAM    0038       -600.924749          0.732619          1.083838          1.873049          0.995504         -3.281346          0.429278          1.210861         76.559141
rank #0: 2017-11-27 21:59:14,852 LBFGS        PARAM    0039       -624.377439          0.722881          1.077742          1.846018          1.002136         -2.989232          0.431223          1.126736         76.492093
rank #0: 2017-11-27 21:59:15,862 LBFGS        PARAM    0040       -630.963358          0.708260          1.071568          1.809863          1.010872         -2.730929          0.433548          1.004982         76.409380
rank #0: 2017-11-27 21:59:16,870 LBFGS        PARAM    0041       -631.037487          0.707753          1.071370          1.808630          1.011169         -2.722994          0.433626          1.000786         76.406258
rank #0: 2017-11-27 21:59:17,881 LBFGS        PARAM    0042       -631.127586          0.707628          1.071313          1.808311          1.011247         -2.720593          0.433646          0.999734         76.405689
rank #0: 2017-11-27 21:59:17,883 LBFGS        INFO     LBFGS iteration 42: the descent direction does not have a sufficient projection (cos(theta)=-7.83e-01, theta=141.5222) into the gradient; using steepest descent at this step!
rank #0: 2017-11-27 21:59:18,891 LBFGS        PARAM    0043       -578.990290          0.703972          1.075572          1.802765          1.011093         -3.002154          0.430576          0.977196         76.401331
rank #0: 2017-11-27 21:59:19,901 LBFGS        PARAM    0044       -577.807747          0.703697          1.075334          1.805745          1.011327         -2.998792          0.432561          0.976179         76.303986
rank #0: 2017-11-27 21:59:20,912 LBFGS        PARAM    0045       -571.010956          0.703048          1.075758          1.805743          1.011456         -3.040177          0.432855          0.972372         76.298122
rank #0: 2017-11-27 21:59:21,922 LBFGS        PARAM    0046       -566.223665          0.702438          1.076051          1.805019          1.011641         -3.082622          0.432932          0.968624         76.295020
rank #0: 2017-11-27 21:59:22,931 LBFGS        PARAM    0047       -556.389344          0.699983          1.076399          1.800431          1.012830         -3.257045          0.433481          0.953082         76.278975
rank #0: 2017-11-27 21:59:23,942 LBFGS        PARAM    0048       -522.638396          0.688772          1.077063          1.776548          1.018791         -4.065914          0.435834          0.881135         76.212059
rank #0: 2017-11-27 21:59:24,951 LBFGS        PARAM    0049       -453.189577          0.658903          1.077046          1.708048          1.035710         -6.239530          0.442286          0.687369         76.045947
rank #0: 2017-11-27 21:59:26,023 LBFGS        PARAM    0050       -404.562759          0.632020          1.075769          1.642807          1.051731         -8.206650          0.448423          0.510782         75.900359
rank #0: 2017-11-27 21:59:27,037 LBFGS        PARAM    0051       -377.764171          0.599790          1.070961          1.552660          1.073570        -10.601182          0.457429          0.287138         75.604152
rank #0: 2017-11-27 21:59:28,049 LBFGS        PARAM    0052       -392.357758          0.576074          1.060552          1.443923          1.098577        -12.472898          0.469416          0.069429         74.840238
rank #0: 2017-11-27 21:59:29,061 LBFGS        PARAM    0053       -455.235449          0.586370          1.050733          1.405081          1.106534        -11.763611          0.475773          0.060742         74.485505
rank #0: 2017-11-27 21:59:30,091 LBFGS        PARAM    0054       -425.344115          0.583846          1.053418          1.409163          1.106024        -11.810163          0.474834          0.056414         74.406171
rank #0: 2017-11-27 21:59:31,105 LBFGS        PARAM    0055       -410.104613          0.582078          1.053415          1.400175          1.109001        -11.636329          0.476444          0.047305         74.370636
rank #0: 2017-11-27 21:59:32,181 LBFGS        PARAM    0056       -397.316936          0.584415          1.054130          1.402820          1.109383        -11.050229          0.477010          0.073568         74.355561
rank #0: 2017-11-27 21:59:33,192 LBFGS        PARAM    0057       -384.413935          0.580861          1.052873          1.378669          1.115886        -10.719054          0.480542          0.052976         74.319543
rank #0: 2017-11-27 21:59:34,202 LBFGS        PARAM    0058       -369.730042          0.570471          1.052382          1.332840          1.128464         -9.252462          0.487479          0.041690         74.261077
rank #0: 2017-11-27 21:59:35,217 LBFGS        PARAM    0059       -337.148201          0.550584          1.054283          1.239886          1.154215         -4.331648          0.502132          0.076314         74.186702
rank #0: 2017-11-27 21:59:36,227 LBFGS        PARAM    0060       -349.505224          0.551131          1.055121          1.243433          1.154431         -3.186356          0.502766          0.086126         74.154471
rank #0: 2017-11-27 21:59:37,233 LBFGS        PARAM    0061       -363.910456          0.549169          1.059137          1.230276          1.161105          1.699045          0.507728          0.123794         74.085773
rank #0: 2017-11-27 21:59:38,238 LBFGS        PARAM    0062       -386.527554          0.537887          1.074589          1.160805          1.189494         19.505326          0.527226          0.258298         73.893463
rank #0: 2017-11-27 21:59:39,306 LBFGS        PARAM    0063       -389.594763          0.528667          1.086562          1.105337          1.210845         32.551400          0.541749          0.352913         73.785820
rank #0: 2017-11-27 21:59:40,309 LBFGS        PARAM    0064       -379.602096          0.527696          1.102124          1.089626          1.221080         45.094200          0.549818          0.445561         73.709639
rank #0: 2017-11-27 21:59:41,314 LBFGS        PARAM    0065       -379.473526          0.536625          1.101071          1.120983          1.207526         41.101081          0.543349          0.388744         73.660067
rank #0: 2017-11-27 21:59:42,321 LBFGS        PARAM    0066       -386.976353          0.540049          1.103512          1.130961          1.200883         40.813725          0.541532          0.353475         73.637700
rank #0: 2017-11-27 21:59:43,331 LBFGS        PARAM    0067       -395.793160          0.543020          1.105152          1.145067          1.195908         40.826556          0.539513          0.339653         73.631065
rank #0: 2017-11-27 21:59:44,343 LBFGS        PARAM    0068       -408.217997          0.544411          1.108109          1.148358          1.194679         42.696509          0.540266          0.324170         73.620616
rank #0: 2017-11-27 21:59:45,354 LBFGS        PARAM    0069       -428.642318          0.545190          1.113051          1.147483          1.195268         46.285641          0.542873          0.274129         73.602012
rank #0: 2017-11-27 21:59:46,364 LBFGS        PARAM    0070       -439.229175          0.544267          1.116055          1.142692          1.197493         48.409922          0.545100          0.200368         73.585653
rank #0: 2017-11-27 21:59:47,372 LBFGS        PARAM    0071       -439.805327          0.541512          1.117680          1.133009          1.201974         49.267543          0.547329          0.086350         73.567170
rank #0: 2017-11-27 21:59:48,439 LBFGS        PARAM    0072       -436.687736          0.540902          1.117377          1.130954          1.202913         48.991578          0.547496          0.074667         73.564569
rank #0: 2017-11-27 21:59:49,445 LBFGS        PARAM    0073       -407.991041          0.536709          1.113656          1.116771          1.209170         46.480565          0.548019          0.084202         73.560414
rank #0: 2017-11-27 21:59:50,456 LBFGS        PARAM    0074       -415.875142          0.537442          1.114623          1.120271          1.207358         46.713116          0.547743          0.066924         73.558571
rank #0: 2017-11-27 21:59:51,463 LBFGS        PARAM    0075       -416.736631          0.537637          1.114813          1.120791          1.207131         46.859359          0.547749          0.076316         73.558497
rank #0: 2017-11-27 21:59:52,476 LBFGS        PARAM    0076       -416.022680          0.537454          1.114932          1.119950          1.207580         46.695951          0.547895          0.073293         73.558292
rank #0: 2017-11-27 21:59:53,488 LBFGS        PARAM    0077       -415.779642          0.537152          1.115670          1.117966          1.208726         46.270838          0.548404          0.067335         73.557924
rank #0: 2017-11-27 21:59:54,503 LBFGS        PARAM    0078       -415.847459          0.536867          1.116631          1.115692          1.210082         45.741770          0.549036          0.066280         73.557432
rank #0: 2017-11-27 21:59:55,514 LBFGS        PARAM    0079       -419.998391          0.535592          1.123330          1.102478          1.218177         42.596420          0.553144          0.067570         73.555245
rank #0: 2017-11-27 21:59:56,527 LBFGS        PARAM    0080       -424.986888          0.535923          1.125896          1.100170          1.219940         42.046055          0.554433          0.069819         73.554879
rank #0: 2017-11-27 21:59:57,539 LBFGS        PARAM    0081       -425.492414          0.535819          1.126029          1.099944          1.220042         41.961395          0.554500          0.071519         73.554832
rank #0: 2017-11-27 21:59:58,546 LBFGS        PARAM    0082       -425.486941          0.535810          1.125967          1.100022          1.219956         42.033908          0.554471          0.072107         73.554830
rank #0: 2017-11-27 21:59:59,616 LBFGS        PARAM    0083       -425.483483          0.535814          1.125961          1.100043          1.219947         42.033849          0.554465          0.072142         73.554830
rank #0: 2017-11-27 22:00:01,474 LBFGS        PARAM    0084       -425.483483          0.535814          1.125961          1.100043          1.219947         42.033849          0.554465          0.072142         73.554830
rank #0: 2017-11-27 22:00:03,518 LBFGS        PARAM    0085       -425.483483          0.535814          1.125961          1.100043          1.219947         42.033849          0.554465          0.072142         73.554830
rank #0: 2017-11-27 22:00:16,953 LBFGS        PARAM    0086       -425.483459          0.535814          1.125961          1.100043          1.219947         42.033848          0.554465          0.072142         73.554830
rank #0: 2017-11-27 22:00:17,994 LBFGS        PARAM    0087       -425.483211          0.535814          1.125961          1.100043          1.219947         42.033835          0.554466          0.072144         73.554830
rank #0: 2017-11-27 22:00:19,732 LBFGS        PARAM    0088       -425.483211          0.535814          1.125961          1.100043          1.219947         42.033835          0.554466          0.072144         73.554830
rank #0: 2017-11-27 22:00:19,735 LBFGS        INFO     LBFGS iteration 88: the descent direction does not have a sufficient projection (cos(theta)=-9.80e-01, theta=168.4091) into the gradient; using steepest descent at this step!
rank #0: 2017-11-27 22:00:30,809 LBFGS        INFO     Linesearch failed in both LBFGS and gradient directions
rank #0: 2017-11-27 22:00:30,809 LBFGS        PARAM    0088       -425.483211          0.535814          1.125961          1.100043          1.219947         42.033835          0.554466          0.072144         73.554830
rank #0: 2017-11-27 22:00:30,810 rsdfit.lbfgs_fitter WARNING  ...LBFGS optimization finished. Time elapsed: 0:01:55.28
rank #0: 2017-11-27 22:00:30,810 rsdfit.lbfgs_fitter ERROR    nonlinear fit with method L-BFGS-B failed: Linesearch failed in both LBFGS and gradient directions
rank #0: 2017-11-27 22:00:30,811 rsdfit.fitting_driver INFO     rank 104 on nid00537     ...fitting complete
rank #0: 2017-11-27 22:07:51,267 rsdfit.fitting_driver INFO     rank 104 on nid00537     Saving the results to `/global/cscratch1/sd/nhand/eBOSS/fits/results/mocks/ezmock/v1.8e-fph/0.0001-0.3/basemodel-fs8-alphas-N-fnl/0.8-2.2/QSO-S-0248-P0+P2-mock-cov-73062e8cd4/2017-11-27_nlopt_88i_chain0__1.npz`
rank #0: 2017-11-27 22:07:51,293 pyRSD.analysis.lbfgs_results INFO     
minimum chi2 = 73.5548298784

Free parameters [ mean ]
_______________
N              : -425.483211262
alpha_par      : 0.535813740514
alpha_perp     : 1.12596094962
b1             : 1.10004339221
f              : 1.21994658452
f_nl           : 42.0338345954
sigma8_z       : 0.554465604875
sigma_fog      : 0.072143825515

Constrained parameters [ mean ]
_________________________
F_AP           : 0.475872400987
alpha          : 0.879063338199
b1sigma8       : 0.609936224851
epsilon        : -0.219277241814
fsigma8        : 0.676418420903
