rank #0: 2017-11-27 22:38:39,674 rsdfit.fitting_driver INFO     rank 228 on nid00501     Calling the 'nlopt' solve function
rank #0: 2017-11-27 22:38:39,675 rsdfit.lbfgs_fitter INFO     running LBFGS for 500 iterations and then stopping
rank #0: 2017-11-27 22:38:39,675 rsdfit.lbfgs_fitter INFO     running LBFGS minimizer with priors
rank #0: 2017-11-27 22:38:39,675 root         INFO     Iter           N          b1        f_nl   sigma_fog   F(X)     
rank #0: 2017-11-27 22:38:40,057 LBFGS        INFO     options = {'factr': 100000.0, 'gtol': 1e-05, 'max_iter': 500, 'test_convergence': False}
rank #0: 2017-11-27 22:38:40,057 LBFGS        PARAM    0000          0.000000          2.000000          0.000000          4.000000         43.900596
rank #0: 2017-11-27 22:38:40,480 LBFGS        PARAM    0001         23.103122          2.130840          1.918753          3.992004         37.667747
rank #0: 2017-11-27 22:38:40,862 LBFGS        PARAM    0002         -4.663894          2.417850         11.028714          3.971830         33.737572
rank #0: 2017-11-27 22:38:41,241 LBFGS        PARAM    0003          0.815733          2.338666          8.758489          3.977059         33.259477
rank #0: 2017-11-27 22:38:41,617 LBFGS        PARAM    0004          1.429910          2.348452          9.711056          3.975911         33.243922
rank #0: 2017-11-27 22:38:41,992 LBFGS        PARAM    0005          3.116998          2.349708         10.706059          3.975097         33.239373
rank #0: 2017-11-27 22:38:42,368 LBFGS        PARAM    0006         16.727696          2.350200         17.996168          3.969385         33.215125
rank #0: 2017-11-27 22:38:42,743 LBFGS        PARAM    0007         36.830421          2.343080         27.785157          3.961469         33.191099
rank #0: 2017-11-27 22:38:43,117 LBFGS        PARAM    0008         68.357806          2.328715         35.469133          3.948344         33.171657
rank #0: 2017-11-27 22:38:43,492 LBFGS        PARAM    0009         78.972828          2.322877         35.242337          3.942446         33.167188
rank #0: 2017-11-27 22:38:43,867 LBFGS        PARAM    0010         80.191930          2.322680         34.799929          3.941130         33.166946
rank #0: 2017-11-27 22:38:44,241 LBFGS        PARAM    0011         84.663354          2.322365         34.422924          3.936789         33.166350
rank #0: 2017-11-27 22:38:44,617 LBFGS        PARAM    0012        110.895101          2.320695         33.516574          3.911988         33.163199
rank #0: 2017-11-27 22:38:45,045 LBFGS        PARAM    0013        179.292638          2.316514         32.624975          3.848079         33.155295
rank #0: 2017-11-27 22:38:45,432 LBFGS        PARAM    0014        367.239045          2.305251         32.126739          3.673547         33.133921
rank #0: 2017-11-27 22:38:45,812 LBFGS        PARAM    0015        787.168528          2.280352         33.504264          3.285603         33.088519
rank #0: 2017-11-27 22:38:46,186 LBFGS        PARAM    0016       1538.382316          2.236456         38.779939          2.602329         33.019084
rank #0: 2017-11-27 22:38:46,560 LBFGS        PARAM    0017       2649.174691          2.171389         49.166657          1.620850         32.952118
rank #0: 2017-11-27 22:38:56,036 LBFGS        PARAM    0018       2624.818460          2.178332         49.653788          1.621045         32.951882
rank #0: 2017-11-27 22:38:56,424 LBFGS        PARAM    0019       2623.807129          2.174672         49.819016          1.621182         32.951140
rank #0: 2017-11-27 22:38:56,811 LBFGS        PARAM    0020       2624.705410          2.175290         49.941202          1.621175         32.950911
rank #0: 2017-11-27 22:38:57,193 LBFGS        PARAM    0021       2623.143582          2.176848         50.482565          1.621228         32.950735
rank #0: 2017-11-27 22:38:57,576 LBFGS        PARAM    0022       2623.228341          2.175985         50.877379          1.621312         32.950251
rank #0: 2017-11-27 22:38:57,996 LBFGS        PARAM    0023       2621.880947          2.171525         53.291066          1.621816         32.949168
rank #0: 2017-11-27 22:38:58,376 LBFGS        PARAM    0024       2622.362681          2.172418         53.873106          1.621871         32.948729
rank #0: 2017-11-27 22:38:58,753 LBFGS        PARAM    0025       2622.621247          2.172405         54.666561          1.621979         32.948626
rank #0: 2017-11-27 22:38:59,136 LBFGS        PARAM    0026       2622.756991          2.172327         54.777966          1.621968         32.948620
rank #0: 2017-11-27 22:38:59,570 LBFGS        PARAM    0027       2623.909847          2.171921         55.321858          1.621791         32.948607
rank #0: 2017-11-27 22:39:08,906 LBFGS        PARAM    0028       2626.169149          2.171695         55.299642          1.621773         32.948511
rank #0: 2017-11-27 22:39:08,907 LBFGS        INFO     LBFGS iteration 28: the descent direction does not have a sufficient projection (cos(theta)=-9.15e-01, theta=156.1791) into the gradient; using steepest descent at this step!
rank #0: 2017-11-27 22:39:09,284 LBFGS        PARAM    0029       2628.733627          2.171608         55.282109          1.621752         32.948408
rank #0: 2017-11-27 22:39:09,662 LBFGS        PARAM    0030       2630.038545          2.171366         55.248296          1.621742         32.948353
rank #0: 2017-11-27 22:39:10,043 LBFGS        PARAM    0031       2633.128481          2.171748         55.162873          1.621717         32.948239
rank #0: 2017-11-27 22:39:10,043 LBFGS        INFO     LBFGS iteration 31: the descent direction does not have a sufficient projection (cos(theta)=-9.51e-01, theta=162.0035) into the gradient; using steepest descent at this step!
rank #0: 2017-11-27 22:39:10,421 LBFGS        PARAM    0032       2634.512382          2.171124         55.135198          1.621706         32.948172
rank #0: 2017-11-27 22:39:10,806 LBFGS        PARAM    0033       2634.944995          2.171321         55.126549          1.621702         32.948151
rank #0: 2017-11-27 22:39:11,242 LBFGS        PARAM    0034       2635.890746          2.171652         55.107639          1.621695         32.948128
rank #0: 2017-11-27 22:39:11,719 LBFGS        PARAM    0035       2636.339230          2.171803         55.098672          1.621691         32.948126
rank #0: 2017-11-27 22:39:20,781 LBFGS        PARAM    0036       2638.165658          2.170667         55.062153          1.621677         32.948049
rank #0: 2017-11-27 22:39:21,165 LBFGS        PARAM    0037       2637.705819          2.171202         55.071349          1.621680         32.948041
rank #0: 2017-11-27 22:39:21,546 LBFGS        PARAM    0038       2637.971292          2.171211         55.066040          1.621678         32.948031
rank #0: 2017-11-27 22:39:21,547 LBFGS        INFO     LBFGS iteration 38: the descent direction does not have a sufficient projection (cos(theta)=-9.90e-01, theta=172.0598) into the gradient; using steepest descent at this step!
rank #0: 2017-11-27 22:39:21,926 LBFGS        PARAM    0039       2638.270980          2.171184         55.060047          1.621676         32.948019
rank #0: 2017-11-27 22:39:22,311 LBFGS        PARAM    0040       2641.381896          2.171601         54.997924          1.621651         32.947926
rank #0: 2017-11-27 22:39:22,312 LBFGS        INFO     LBFGS iteration 40: the descent direction does not have a sufficient projection (cos(theta)=-6.37e-01, theta=129.5720) into the gradient; using steepest descent at this step!
rank #0: 2017-11-27 22:39:22,701 LBFGS        PARAM    0041       2642.796232          2.170443         54.969641          1.621640         32.947875
rank #0: 2017-11-27 22:39:23,089 LBFGS        PARAM    0042       2642.153414          2.171037         54.982498          1.621645         32.947867
rank #0: 2017-11-27 22:39:23,469 LBFGS        PARAM    0043       2642.228325          2.171036         54.981002          1.621644         32.947865
rank #0: 2017-11-27 22:39:23,848 LBFGS        PARAM    0044       2644.817721          2.170726         54.930085          1.621624         32.947770
rank #0: 2017-11-27 22:39:41,217 LBFGS        INFO     Linesearch failed in both LBFGS and gradient directions
rank #0: 2017-11-27 22:39:41,218 LBFGS        PARAM    0044       2644.817721          2.170726         54.930085          1.621624         32.947770
rank #0: 2017-11-27 22:39:41,218 rsdfit.lbfgs_fitter WARNING  ...LBFGS optimization finished. Time elapsed: 0:01:01.16
rank #0: 2017-11-27 22:39:41,218 rsdfit.lbfgs_fitter ERROR    nonlinear fit with method L-BFGS-B failed: Linesearch failed in both LBFGS and gradient directions
rank #0: 2017-11-27 22:39:41,218 rsdfit.fitting_driver INFO     rank 228 on nid00501     ...fitting complete
rank #0: 2017-11-27 22:39:41,308 rsdfit.fitting_driver INFO     rank 228 on nid00501     Saving the results to `/global/cscratch1/sd/nhand/eBOSS/fits/results/mocks/ezmock/v1.8e-fph/0.0001-0.05/basemodel-N-fnl/0.8-2.2/QSO-S-0810-P0+P2-mock-cov-a9f629560d/2017-11-27_nlopt_44i_chain0__1.npz`
rank #0: 2017-11-27 22:39:41,327 pyRSD.analysis.lbfgs_results INFO     
minimum chi2 = 32.947769758

Free parameters [ mean ]
_______________
N              : 2644.81772103
b1             : 2.1707261138
f_nl           : 54.9300852643
sigma_fog      : 1.62162374303

Constrained parameters [ mean ]
_________________________
b1sigma8       : 0.863915522602
