rank #0: 2019-02-16 12:40:35,592 rsdfit.fitting_driver INFO     rank 29 on nid01064     Calling the 'nlopt' solve function
rank #0: 2019-02-16 12:40:35,592 rsdfit.lbfgs_fitter INFO     running LBFGS for 500 iterations and then stopping
rank #0: 2019-02-16 12:40:35,592 rsdfit.lbfgs_fitter INFO     running LBFGS minimizer with priors
rank #0: 2019-02-16 12:40:35,593 root         INFO     Iter           N          b1        f_nl   sigma_fog   F(X)     
rank #0: 2019-02-16 12:40:35,593 rsdfit.lbfgs_fitter INFO     computing gradient using numerical derivative of lnlike()
rank #0: 2019-02-16 12:40:36,157 LBFGS        INFO     options = {'factr': 100000.0, 'gtol': 1e-05, 'max_iter': 500, 'test_convergence': False}
rank #0: 2019-02-16 12:40:36,158 LBFGS        PARAM    0000          0.000000          2.000000          0.000000          4.000000        102.350070
rank #0: 2019-02-16 12:40:36,799 LBFGS        PARAM    0001         -1.321755          2.055698          1.237414          3.995416         93.145952
rank #0: 2019-02-16 12:40:37,375 LBFGS        PARAM    0002       -112.896612          2.201905          6.006875          4.043647         81.342464
rank #0: 2019-02-16 12:40:37,953 LBFGS        PARAM    0003       -208.118466          2.223049          7.767651          4.096368         78.532920
rank #0: 2019-02-16 12:40:38,525 LBFGS        PARAM    0004       -350.647280          2.237700         11.335885          4.142514         76.794890
rank #0: 2019-02-16 12:40:39,097 LBFGS        PARAM    0005       -356.182185          2.238317         12.317146          4.123795         76.748980
rank #0: 2019-02-16 12:40:39,667 LBFGS        PARAM    0006       -409.916096          2.230881         26.881231          3.830528         76.366985
rank #0: 2019-02-16 12:40:40,241 LBFGS        PARAM    0007       -401.028193          2.221692         33.791953          3.805220         76.290526
rank #0: 2019-02-16 12:40:40,815 LBFGS        PARAM    0008       -383.060763          2.212857         40.389483          3.826358         76.258097
rank #0: 2019-02-16 12:40:41,389 LBFGS        PARAM    0009       -381.096829          2.212916         40.755183          3.839951         76.256987
rank #0: 2019-02-16 12:40:41,963 LBFGS        PARAM    0010       -380.881958          2.213154         40.777426          3.844799         76.256887
rank #0: 2019-02-16 12:40:42,532 LBFGS        PARAM    0011       -380.904633          2.213164         40.773765          3.844796         76.256887
rank #0: 2019-02-16 12:40:43,091 LBFGS        PARAM    0012       -380.906682          2.213165         40.773625          3.844792         76.256887
rank #0: 2019-02-16 12:40:43,651 LBFGS        PARAM    0013       -380.906724          2.213165         40.773629          3.844792         76.256887
rank #0: 2019-02-16 12:40:44,212 LBFGS        PARAM    0014       -380.906782          2.213165         40.773631          3.844792         76.256887
rank #0: 2019-02-16 12:41:08,571 LBFGS        INFO     Linesearch failed in both LBFGS and gradient directions
rank #0: 2019-02-16 12:41:09,417 LBFGS        PARAM    0014       -380.906782          2.213165         40.773631          3.844792         76.256887
rank #0: 2019-02-16 12:41:09,417 rsdfit.lbfgs_fitter WARNING  ...LBFGS optimization finished. Time elapsed: 0:00:33.26
rank #0: 2019-02-16 12:41:09,418 rsdfit.lbfgs_fitter ERROR    nonlinear fit with method L-BFGS-B failed: Linesearch failed in both LBFGS and gradient directions
rank #0: 2019-02-16 12:41:09,419 rsdfit.fitting_driver INFO     rank 29 on nid01064     ...fitting complete
rank #0: 2019-02-16 12:41:09,461 rsdfit.fitting_driver INFO     rank 29 on nid01064     Saving the results to `/global/cscratch1/sd/nhand/eBOSS/fits/results/mocks/ezmock/v1.8e-fph/0.005-0.3/basemodel-N-fnl/0.8-2.2/QSO-N-0416-P0+P2-mock-cov-20503beeef/2019-02-16_nlopt_14i_chain0__1.npz`
rank #0: 2019-02-16 12:41:09,510 pyRSD.analysis.lbfgs_results INFO     
minimum chi2 = 76.2568874559345

Free parameters [ mean ]
_______________
N              : -380.90678166839473
b1             : 2.213164613174394
f_nl           : 40.77363135193324
sigma_fog      : 3.84479173489646

Constrained parameters [ mean ]
_________________________
b1sigma8       : 0.8815327023054922
