rank #0: 2019-02-16 14:36:06,486 rsdfit.fitting_driver INFO     rank 39 on nid00652     Calling the 'nlopt' solve function
rank #0: 2019-02-16 14:36:06,487 rsdfit.lbfgs_fitter INFO     running LBFGS for 500 iterations and then stopping
rank #0: 2019-02-16 14:36:06,487 rsdfit.lbfgs_fitter INFO     running LBFGS minimizer with priors
rank #0: 2019-02-16 14:36:06,488 root         INFO     Iter           N          b1        f_nl   sigma_fog   F(X)     
rank #0: 2019-02-16 14:36:06,489 rsdfit.lbfgs_fitter INFO     computing gradient using numerical derivative of lnlike()
rank #0: 2019-02-16 14:36:07,602 LBFGS        INFO     options = {'factr': 100000.0, 'gtol': 1e-05, 'max_iter': 500, 'test_convergence': False}
rank #0: 2019-02-16 14:36:07,603 LBFGS        PARAM    0000          0.000000          2.000000          0.000000          4.000000        106.599509
rank #0: 2019-02-16 14:36:08,866 LBFGS        PARAM    0001         99.667550          2.168239          1.175623          3.972082         87.112633
rank #0: 2019-02-16 14:36:10,007 LBFGS        PARAM    0002         50.131517          2.478173          5.139767          4.082803         75.518983
rank #0: 2019-02-16 14:36:11,149 LBFGS        PARAM    0003         12.198718          2.449096          4.683938          4.237783         73.918580
rank #0: 2019-02-16 14:36:12,290 LBFGS        PARAM    0004        -93.262873          2.466025          4.814465          4.637705         71.981393
rank #0: 2019-02-16 14:36:13,425 LBFGS        PARAM    0005       -196.547183          2.525235          4.730887          5.040616         71.350199
rank #0: 2019-02-16 14:36:14,559 LBFGS        PARAM    0006       -135.966628          2.540120          3.197048          5.094681         71.096263
rank #0: 2019-02-16 14:36:15,696 LBFGS        PARAM    0007       -120.307208          2.541527          2.127227          5.132812         71.070314
rank #0: 2019-02-16 14:36:16,837 LBFGS        PARAM    0008        -83.881485          2.542708         -1.963844          5.264275         71.013676
rank #0: 2019-02-16 14:36:17,977 LBFGS        PARAM    0009        -70.483878          2.543533         -8.333477          5.356971         70.967411
rank #0: 2019-02-16 14:36:19,111 LBFGS        PARAM    0010        -71.529384          2.546175        -16.847382          5.420232         70.933503
rank #0: 2019-02-16 14:36:20,245 LBFGS        PARAM    0011        -79.547070          2.549464        -22.686979          5.425185         70.916874
rank #0: 2019-02-16 14:36:21,381 LBFGS        PARAM    0012        -94.891200          2.556418        -31.609327          5.395390         70.894446
rank #0: 2019-02-16 14:36:22,516 LBFGS        PARAM    0013       -104.265531          2.563163        -37.815142          5.337090         70.879867
rank #0: 2019-02-16 14:36:23,654 LBFGS        PARAM    0014       -106.928070          2.565327        -38.043710          5.325422         70.878823
rank #0: 2019-02-16 14:36:24,791 LBFGS        PARAM    0015       -106.879088          2.565346        -37.667596          5.324544         70.878787
rank #0: 2019-02-16 14:36:25,931 LBFGS        PARAM    0016       -106.783235          2.565282        -37.576757          5.324550         70.878787
rank #0: 2019-02-16 14:36:27,073 LBFGS        PARAM    0017       -106.773020          2.565275        -37.572725          5.324559         70.878787
rank #0: 2019-02-16 14:36:28,215 LBFGS        PARAM    0018       -106.772876          2.565275        -37.572701          5.324560         70.878787
rank #0: 2019-02-16 14:36:29,359 LBFGS        PARAM    0019       -106.772877          2.565275        -37.572701          5.324560         70.878787
rank #0: 2019-02-16 14:36:57,390 LBFGS        PARAM    0020       -106.772877          2.565275        -37.572701          5.324560         70.878787
rank #0: 2019-02-16 14:36:58,528 LBFGS        PARAM    0021       -106.772877          2.565275        -37.572701          5.324560         70.878787
rank #0: 2019-02-16 14:36:58,530 LBFGS        INFO     LBFGS iteration 21: the descent direction does not have a sufficient projection (cos(theta)=-9.84e-01, theta=169.6415) into the gradient; using steepest descent at this step!
rank #0: 2019-02-16 14:36:59,670 LBFGS        PARAM    0022       -106.772881          2.565275        -37.572701          5.324560         70.878787
rank #0: 2019-02-16 14:37:00,809 LBFGS        PARAM    0023       -106.772879          2.565275        -37.572701          5.324560         70.878787
rank #0: 2019-02-16 14:37:00,811 LBFGS        INFO     LBFGS iteration 23: the descent direction does not have a sufficient projection (cos(theta)=-9.40e-01, theta=160.0181) into the gradient; using steepest descent at this step!
rank #0: 2019-02-16 14:37:02,076 LBFGS        PARAM    0024       -106.772875          2.565275        -37.572701          5.324560         70.878787
rank #0: 2019-02-16 14:37:52,630 LBFGS        INFO     Linesearch failed in both LBFGS and gradient directions
rank #0: 2019-02-16 14:37:52,631 LBFGS        PARAM    0024       -106.772875          2.565275        -37.572701          5.324560         70.878787
rank #0: 2019-02-16 14:37:52,632 rsdfit.lbfgs_fitter WARNING  ...LBFGS optimization finished. Time elapsed: 0:01:45.03
rank #0: 2019-02-16 14:37:52,632 rsdfit.lbfgs_fitter ERROR    nonlinear fit with method L-BFGS-B failed: Linesearch failed in both LBFGS and gradient directions
rank #0: 2019-02-16 14:37:52,633 rsdfit.fitting_driver INFO     rank 39 on nid00652     ...fitting complete
rank #0: 2019-02-16 14:37:52,637 rsdfit.fitting_driver INFO     rank 39 on nid00652     Saving the results to `/global/cscratch1/sd/nhand/eBOSS/fits/results/mocks/ezmock/v1.8e-fph/0.005-0.3/basemodel-N-fnl/0.8-2.2/QSO-S-0528-P0+P2-mock-cov-be61e5bd15/2019-02-16_nlopt_24i_chain0__1.npz`
rank #0: 2019-02-16 14:37:52,645 pyRSD.analysis.lbfgs_results INFO     
minimum chi2 = 70.87878652209574

Free parameters [ mean ]
_______________
N              : -106.77287452099152
b1             : 2.565275241734768
f_nl           : -37.572700905214106
sigma_fog      : 5.32455975561009

Constrained parameters [ mean ]
_________________________
b1sigma8       : 0.9292286488532332
