rank #0: 2018-10-04 22:40:15,186 rsdfit.fitting_driver INFO     rank 34 on nid02292     Calling the 'nlopt' solve function
rank #0: 2018-10-04 22:40:15,186 rsdfit.lbfgs_fitter INFO     running LBFGS for 500 iterations and then stopping
rank #0: 2018-10-04 22:40:15,186 rsdfit.lbfgs_fitter INFO     running LBFGS minimizer with priors
rank #0: 2018-10-04 22:40:15,187 root         INFO     Iter           N          b1        f_nl   sigma_fog   F(X)     
rank #0: 2018-10-04 22:40:15,187 rsdfit.lbfgs_fitter INFO     computing gradient using numerical derivative of lnlike()
rank #0: 2018-10-04 22:40:16,344 LBFGS        INFO     options = {'factr': 100000.0, 'gtol': 1e-05, 'max_iter': 500, 'test_convergence': False}
rank #0: 2018-10-04 22:40:16,345 LBFGS        PARAM    0000          0.000000          2.000000          0.000000          4.000000        107.938579
rank #0: 2018-10-04 22:40:17,696 LBFGS        PARAM    0001         18.409901          2.120605          0.923602          3.980149         89.876302
rank #0: 2018-10-04 22:40:18,901 LBFGS        PARAM    0002       -108.843931          2.386631          4.824511          4.081537         72.264898
rank #0: 2018-10-04 22:40:20,105 LBFGS        PARAM    0003       -276.827607          2.433557          5.684855          4.199311         66.971309
rank #0: 2018-10-04 22:40:21,330 LBFGS        PARAM    0004       -511.404260          2.468006          5.185343          4.353384         64.022440
rank #0: 2018-10-04 22:40:22,534 LBFGS        PARAM    0005       -512.805367          2.473138          4.785501          4.339884         64.002930
rank #0: 2018-10-04 22:40:23,760 LBFGS        PARAM    0006       -514.722149          2.474810          4.032636          4.319885         63.988822
rank #0: 2018-10-04 22:40:24,965 LBFGS        PARAM    0007       -529.306223          2.478841          0.468116          4.236003         63.943697
rank #0: 2018-10-04 22:40:26,175 LBFGS        PARAM    0008       -547.921871          2.480324         -3.736256          4.158565         63.908246
rank #0: 2018-10-04 22:40:27,407 LBFGS        PARAM    0009       -561.514938          2.482372        -10.585018          4.125101         63.868232
rank #0: 2018-10-04 22:40:28,620 LBFGS        PARAM    0010       -574.073869          2.486654        -21.568296          4.125075         63.828501
rank #0: 2018-10-04 22:40:29,844 LBFGS        PARAM    0011       -574.015054          2.490496        -28.329442          4.153624         63.810012
rank #0: 2018-10-04 22:40:31,054 LBFGS        PARAM    0012       -567.634292          2.496572        -35.466557          4.198358         63.794050
rank #0: 2018-10-04 22:40:32,274 LBFGS        PARAM    0013       -563.590236          2.498648        -36.527523          4.213731         63.791676
rank #0: 2018-10-04 22:40:33,480 LBFGS        PARAM    0014       -562.772780          2.498767        -36.121503          4.214792         63.791547
rank #0: 2018-10-04 22:40:34,682 LBFGS        PARAM    0015       -562.737655          2.498708        -35.977957          4.214355         63.791544
rank #0: 2018-10-04 22:40:35,907 LBFGS        PARAM    0016       -562.748487          2.498699        -35.966884          4.214266         63.791544
rank #0: 2018-10-04 22:40:37,119 LBFGS        PARAM    0017       -562.750177          2.498699        -35.967133          4.214258         63.791544
rank #0: 2018-10-04 22:40:38,350 LBFGS        PARAM    0018       -562.750215          2.498699        -35.967148          4.214258         63.791544
rank #0: 2018-10-04 22:41:32,711 LBFGS        INFO     Linesearch failed in both LBFGS and gradient directions
rank #0: 2018-10-04 22:41:32,712 LBFGS        PARAM    0018       -562.750215          2.498699        -35.967148          4.214258         63.791544
rank #0: 2018-10-04 22:41:32,713 rsdfit.lbfgs_fitter WARNING  ...LBFGS optimization finished. Time elapsed: 0:01:16.37
rank #0: 2018-10-04 22:41:32,713 rsdfit.lbfgs_fitter ERROR    nonlinear fit with method L-BFGS-B failed: Linesearch failed in both LBFGS and gradient directions
rank #0: 2018-10-04 22:41:32,714 rsdfit.fitting_driver INFO     rank 34 on nid02292     ...fitting complete
rank #0: 2018-10-04 22:41:32,717 rsdfit.fitting_driver INFO     rank 34 on nid02292     Saving the results to `/global/cscratch1/sd/nhand/eBOSS/fits/results/mocks/ezmock/v1.8e-fph/0.005-0.3/basemodel-N-fnl/0.8-2.2/QSO-N-0244-P0+P2-mock-cov-4ae05ce33e/2018-10-04_nlopt_18i_chain0__1.npz`
rank #0: 2018-10-04 22:41:32,772 pyRSD.analysis.lbfgs_results INFO     
minimum chi2 = 63.791543941

Free parameters [ mean ]
_______________
N              : -562.750215133
b1             : 2.49869909749
f_nl           : -35.9671481431
sigma_fog      : 4.21425823104

Constrained parameters [ mean ]
_________________________
b1sigma8       : 0.9051125386
