rank #0: 2019-02-16 14:32:41,951 rsdfit.fitting_driver INFO     rank 31 on nid01132     Calling the 'nlopt' solve function
rank #0: 2019-02-16 14:32:41,952 rsdfit.lbfgs_fitter INFO     running LBFGS for 500 iterations and then stopping
rank #0: 2019-02-16 14:32:41,952 rsdfit.lbfgs_fitter INFO     running LBFGS minimizer with priors
rank #0: 2019-02-16 14:32:41,953 root         INFO     Iter           N          b1        f_nl   sigma_fog   F(X)     
rank #0: 2019-02-16 14:32:41,954 rsdfit.lbfgs_fitter INFO     computing gradient using numerical derivative of lnlike()
rank #0: 2019-02-16 14:32:43,093 LBFGS        INFO     options = {'factr': 100000.0, 'gtol': 1e-05, 'max_iter': 500, 'test_convergence': False}
rank #0: 2019-02-16 14:32:43,094 LBFGS        PARAM    0000          0.000000          2.000000          0.000000          4.000000        138.003787
rank #0: 2019-02-16 14:32:44,391 LBFGS        PARAM    0001         37.382632          2.138337          1.112600          4.001444        113.480983
rank #0: 2019-02-16 14:32:45,560 LBFGS        PARAM    0002        -72.677485          2.431731          5.835297          4.216662         91.918606
rank #0: 2019-02-16 14:32:46,728 LBFGS        PARAM    0003       -215.460674          2.463465          6.829596          4.407127         85.636995
rank #0: 2019-02-16 14:32:47,903 LBFGS        PARAM    0004       -459.715760          2.523281          8.818740          4.854867         80.834617
rank #0: 2019-02-16 14:32:49,074 LBFGS        PARAM    0005       -440.646556          2.519908          8.816942          4.945530         80.551646
rank #0: 2019-02-16 14:32:50,244 LBFGS        PARAM    0006       -267.706440          2.522494          9.670038          5.772430         79.269059
rank #0: 2019-02-16 14:32:51,417 LBFGS        PARAM    0007       -257.885084          2.525119          8.266230          5.838274         79.259228
rank #0: 2019-02-16 14:32:52,592 LBFGS        PARAM    0008       -256.286011          2.526528          6.817422          5.856358         79.257136
rank #0: 2019-02-16 14:32:53,768 LBFGS        PARAM    0009       -257.231829          2.528528          3.933725          5.861725         79.254885
rank #0: 2019-02-16 14:32:54,945 LBFGS        PARAM    0010       -258.969258          2.529268          2.939530          5.854046         79.254558
rank #0: 2019-02-16 14:32:56,121 LBFGS        PARAM    0011       -259.116567          2.529220          2.920291          5.852813         79.254555
rank #0: 2019-02-16 14:32:57,288 LBFGS        PARAM    0012       -259.143593          2.529213          2.930159          5.852660         79.254555
rank #0: 2019-02-16 14:32:58,449 LBFGS        PARAM    0013       -259.142197          2.529212          2.931427          5.852657         79.254555
rank #0: 2019-02-16 14:32:59,613 LBFGS        PARAM    0014       -259.142182          2.529212          2.931454          5.852657         79.254555
rank #0: 2019-02-16 14:33:00,908 LBFGS        PARAM    0015       -259.142182          2.529212          2.931454          5.852657         79.254555
rank #0: 2019-02-16 14:33:02,077 LBFGS        PARAM    0016       -259.142182          2.529212          2.931455          5.852657         79.254555
rank #0: 2019-02-16 14:33:53,248 LBFGS        INFO     Linesearch failed in both LBFGS and gradient directions
rank #0: 2019-02-16 14:33:53,249 LBFGS        PARAM    0016       -259.142182          2.529212          2.931455          5.852657         79.254555
rank #0: 2019-02-16 14:33:53,249 rsdfit.lbfgs_fitter WARNING  ...LBFGS optimization finished. Time elapsed: 0:01:10.16
rank #0: 2019-02-16 14:33:53,250 rsdfit.lbfgs_fitter ERROR    nonlinear fit with method L-BFGS-B failed: Linesearch failed in both LBFGS and gradient directions
rank #0: 2019-02-16 14:33:53,251 rsdfit.fitting_driver INFO     rank 31 on nid01132     ...fitting complete
rank #0: 2019-02-16 14:33:53,254 rsdfit.fitting_driver INFO     rank 31 on nid01132     Saving the results to `/global/cscratch1/sd/nhand/eBOSS/fits/results/mocks/ezmock/v1.8e-fph/0.005-0.3/basemodel-N-fnl/0.8-2.2/QSO-N-0529-P0+P2-mock-cov-3574198df7/2019-02-16_nlopt_16i_chain0__1.npz`
rank #0: 2019-02-16 14:33:53,261 pyRSD.analysis.lbfgs_results INFO     
minimum chi2 = 79.25455527537149

Free parameters [ mean ]
_______________
N              : -259.1421817044783
b1             : 2.529211569252948
f_nl           : 2.9314548453693443
sigma_fog      : 5.852657414499161

Constrained parameters [ mean ]
_________________________
b1sigma8       : 0.9161651782720783
