rank #0: 2019-02-16 13:46:40,863 rsdfit.fitting_driver INFO     rank 36 on nid00594     Calling the 'nlopt' solve function
rank #0: 2019-02-16 13:46:40,864 rsdfit.lbfgs_fitter INFO     running LBFGS for 500 iterations and then stopping
rank #0: 2019-02-16 13:46:40,865 rsdfit.lbfgs_fitter INFO     running LBFGS minimizer with priors
rank #0: 2019-02-16 13:46:40,865 root         INFO     Iter           N          b1        f_nl   sigma_fog   F(X)     
rank #0: 2019-02-16 13:46:40,866 rsdfit.lbfgs_fitter INFO     computing gradient using numerical derivative of lnlike()
rank #0: 2019-02-16 13:46:41,430 LBFGS        INFO     options = {'factr': 100000.0, 'gtol': 1e-05, 'max_iter': 500, 'test_convergence': False}
rank #0: 2019-02-16 13:46:41,431 LBFGS        PARAM    0000          0.000000          2.000000          0.000000          4.000000         90.099059
rank #0: 2019-02-16 13:46:42,074 LBFGS        PARAM    0001         -5.562705          2.060337          0.569182          3.994724         85.121839
rank #0: 2019-02-16 13:46:42,652 LBFGS        PARAM    0002       -141.188971          2.212965          3.000091          4.049887         78.486440
rank #0: 2019-02-16 13:46:43,231 LBFGS        PARAM    0003       -266.772207          2.248292          4.261736          4.118348         76.483313
rank #0: 2019-02-16 13:46:43,808 LBFGS        PARAM    0004       -399.664901          2.261616          6.419196          4.159054         75.629050
rank #0: 2019-02-16 13:46:44,385 LBFGS        PARAM    0005       -404.414056          2.263291          7.092515          4.144253         75.610964
rank #0: 2019-02-16 13:46:44,965 LBFGS        PARAM    0006       -439.001355          2.267010         13.994124          3.986456         75.498532
rank #0: 2019-02-16 13:46:45,548 LBFGS        PARAM    0007       -452.004601          2.261938         19.292910          3.890549         75.450019
rank #0: 2019-02-16 13:46:46,134 LBFGS        PARAM    0008       -454.676077          2.254111         28.504116          3.833012         75.387529
rank #0: 2019-02-16 13:46:46,721 LBFGS        PARAM    0009       -445.600435          2.238572         50.006738          3.791409         75.285998
rank #0: 2019-02-16 13:46:47,309 LBFGS        PARAM    0010       -430.016078          2.231276         65.955436          3.829991         75.226003
rank #0: 2019-02-16 13:46:47,897 LBFGS        PARAM    0011       -420.681740          2.235677         74.609258          3.907523         75.200033
rank #0: 2019-02-16 13:46:48,485 LBFGS        PARAM    0012       -414.247591          2.234109         72.319368          3.928885         75.195897
rank #0: 2019-02-16 13:46:49,071 LBFGS        PARAM    0013       -413.195289          2.234030         72.094504          3.934610         75.195817
rank #0: 2019-02-16 13:46:49,660 LBFGS        PARAM    0014       -413.196912          2.234043         72.080195          3.934717         75.195817
rank #0: 2019-02-16 13:46:50,251 LBFGS        PARAM    0015       -413.198471          2.234045         72.078333          3.934720         75.195817
rank #0: 2019-02-16 13:46:50,843 LBFGS        PARAM    0016       -413.198534          2.234045         72.078307          3.934720         75.195817
rank #0: 2019-02-16 13:46:51,434 LBFGS        PARAM    0017       -413.198555          2.234045         72.078304          3.934720         75.195817
rank #0: 2019-02-16 13:47:05,545 LBFGS        PARAM    0018       -413.198555          2.234045         72.078304          3.934720         75.195817
rank #0: 2019-02-16 13:47:05,547 LBFGS        INFO     LBFGS iteration 18: the descent direction does not have a sufficient projection (cos(theta)=-8.81e-01, theta=151.7310) into the gradient; using steepest descent at this step!
rank #0: 2019-02-16 13:47:17,451 LBFGS        INFO     Linesearch failed in both LBFGS and gradient directions
rank #0: 2019-02-16 13:47:17,452 LBFGS        PARAM    0018       -413.198555          2.234045         72.078304          3.934720         75.195817
rank #0: 2019-02-16 13:47:17,453 rsdfit.lbfgs_fitter WARNING  ...LBFGS optimization finished. Time elapsed: 0:00:36.02
rank #0: 2019-02-16 13:47:17,454 rsdfit.lbfgs_fitter ERROR    nonlinear fit with method L-BFGS-B failed: Linesearch failed in both LBFGS and gradient directions
rank #0: 2019-02-16 13:47:17,455 rsdfit.fitting_driver INFO     rank 36 on nid00594     ...fitting complete
rank #0: 2019-02-16 13:47:17,459 rsdfit.fitting_driver INFO     rank 36 on nid00594     Saving the results to `/global/cscratch1/sd/nhand/eBOSS/fits/results/mocks/ezmock/v1.8e-fph/0.005-0.3/basemodel-N-fnl/0.8-2.2/QSO-S-0864-P0+P2-mock-cov-7b0931f16d/2019-02-16_nlopt_18i_chain0__1.npz`
rank #0: 2019-02-16 13:47:17,469 pyRSD.analysis.lbfgs_results INFO     
minimum chi2 = 75.19581667776993

Free parameters [ mean ]
_______________
N              : -413.1985550220133
b1             : 2.234045175071265
f_nl           : 72.07830391414069
sigma_fog      : 3.934719656162411

Constrained parameters [ mean ]
_________________________
b1sigma8       : 0.8898497059504242
