rank #0: 2018-07-15 20:15:17,807 rsdfit.fitting_driver INFO     rank 20 on nid00567     Calling the 'nlopt' solve function
rank #0: 2018-07-15 20:15:17,808 rsdfit.lbfgs_fitter INFO     running LBFGS for 500 iterations and then stopping
rank #0: 2018-07-15 20:15:17,809 rsdfit.lbfgs_fitter INFO     running LBFGS minimizer with priors
rank #0: 2018-07-15 20:15:17,810 root         INFO     Iter           N          b1        f_nl   sigma_fog   F(X)     
rank #0: 2018-07-15 20:15:18,374 LBFGS        INFO     options = {'factr': 100000.0, 'gtol': 1e-05, 'max_iter': 500, 'test_convergence': False}
rank #0: 2018-07-15 20:15:18,376 LBFGS        PARAM    0000          0.000000          2.000000          0.000000          4.000000        127.412046
rank #0: 2018-07-15 20:15:19,034 LBFGS        PARAM    0001         59.137548          2.146353          1.223965          3.990808        100.858650
rank #0: 2018-07-15 20:15:19,626 LBFGS        PARAM    0002        -32.522765          2.452226          6.407188          4.148669         79.871055
rank #0: 2018-07-15 20:15:20,204 LBFGS        PARAM    0003       -158.380446          2.467845          7.507772          4.300720         74.460493
rank #0: 2018-07-15 20:15:20,798 LBFGS        PARAM    0004       -426.593822          2.545647         11.541032          4.679659         70.101120
rank #0: 2018-07-15 20:15:21,391 LBFGS        PARAM    0005       -398.830726          2.531953         12.499171          4.735544         69.912966
rank #0: 2018-07-15 20:15:21,983 LBFGS        PARAM    0006       -330.956387          2.515490         16.624845          4.952375         69.563519
rank #0: 2018-07-15 20:15:22,563 LBFGS        PARAM    0007       -279.392581          2.515647         22.577972          5.208000         69.346143
rank #0: 2018-07-15 20:15:23,156 LBFGS        PARAM    0008       -275.152829          2.521187         26.294209          5.277515         69.310479
rank #0: 2018-07-15 20:15:23,749 LBFGS        PARAM    0009       -277.170561          2.522347         27.207502          5.278320         69.308054
rank #0: 2018-07-15 20:15:24,327 LBFGS        PARAM    0010       -279.200387          2.522512         28.272186          5.271150         69.305902
rank #0: 2018-07-15 20:15:24,920 LBFGS        PARAM    0011       -281.044488          2.521141         30.069333          5.254815         69.303052
rank #0: 2018-07-15 20:15:25,515 LBFGS        PARAM    0012       -279.684586          2.518655         30.946823          5.245157         69.301887
rank #0: 2018-07-15 20:15:26,109 LBFGS        PARAM    0013       -279.993035          2.518668         30.875857          5.243608         69.301879
rank #0: 2018-07-15 20:15:26,689 LBFGS        PARAM    0014       -280.012596          2.518670         30.868256          5.243454         69.301879
rank #0: 2018-07-15 20:15:27,283 LBFGS        PARAM    0015       -280.013163          2.518670         30.868259          5.243455         69.301879
rank #0: 2018-07-15 20:15:27,942 LBFGS        PARAM    0016       -280.013160          2.518670         30.868260          5.243455         69.301879
rank #0: 2018-07-15 20:15:28,654 LBFGS        PARAM    0017       -280.013156          2.518670         30.868260          5.243455         69.301879
rank #0: 2018-07-15 20:15:29,315 LBFGS        PARAM    0018       -280.013139          2.518670         30.868263          5.243455         69.301879
rank #0: 2018-07-15 20:15:54,449 LBFGS        INFO     Linesearch failed in both LBFGS and gradient directions
rank #0: 2018-07-15 20:15:54,450 LBFGS        PARAM    0018       -280.013139          2.518670         30.868263          5.243455         69.301879
rank #0: 2018-07-15 20:15:54,451 rsdfit.lbfgs_fitter WARNING  ...LBFGS optimization finished. Time elapsed: 0:00:36.08
rank #0: 2018-07-15 20:15:54,452 rsdfit.lbfgs_fitter ERROR    nonlinear fit with method L-BFGS-B failed: Linesearch failed in both LBFGS and gradient directions
rank #0: 2018-07-15 20:15:54,453 rsdfit.fitting_driver INFO     rank 20 on nid00567     ...fitting complete
rank #0: 2018-07-15 20:15:54,456 rsdfit.fitting_driver INFO     rank 20 on nid00567     Saving the results to `/global/cscratch1/sd/nhand/eBOSS/fits/results/mocks/ezmock/v1.8e-fph/0.0001-0.3/basemodel-N-fnl/0.8-2.2/QSO-N-0538-P0+P2-mock-cov-f224d44da7/2018-07-15_nlopt_18i_chain0__1.npz`
rank #0: 2018-07-15 20:15:54,481 pyRSD.analysis.lbfgs_results INFO     
minimum chi2 = 69.3018791743

Free parameters [ mean ]
_______________
N              : -280.013138743
b1             : 2.51867043526
f_nl           : 30.8682633587
sigma_fog      : 5.24345469468

Constrained parameters [ mean ]
_________________________
b1sigma8       : 0.912346826331
