rank #0: 2018-10-08 10:08:45,890 rsdfit.fitting_driver INFO     rank 48 on nid00696     Calling the 'nlopt' solve function
rank #0: 2018-10-08 10:08:45,891 rsdfit.lbfgs_fitter INFO     running LBFGS for 500 iterations and then stopping
rank #0: 2018-10-08 10:08:45,891 rsdfit.lbfgs_fitter INFO     running LBFGS minimizer with priors
rank #0: 2018-10-08 10:08:45,892 root         INFO     Iter           N          b1        f_nl   sigma_fog   F(X)     
rank #0: 2018-10-08 10:08:45,892 rsdfit.lbfgs_fitter INFO     computing gradient using numerical derivative of lnlike()
rank #0: 2018-10-08 10:08:47,088 LBFGS        INFO     options = {'factr': 100000.0, 'gtol': 1e-05, 'max_iter': 500, 'test_convergence': False}
rank #0: 2018-10-08 10:08:47,089 LBFGS        PARAM    0000          0.000000          2.000000          0.000000          4.000000        136.399708
rank #0: 2018-10-08 10:08:48,455 LBFGS        PARAM    0001         98.278009          2.200758          1.721370          3.935347        109.352413
rank #0: 2018-10-08 10:08:49,704 LBFGS        PARAM    0002         -8.325662          2.615257          9.729083          3.932085         92.501452
rank #0: 2018-10-08 10:08:50,922 LBFGS        PARAM    0003       -123.476035          2.558051          9.542621          4.025015         88.521945
rank #0: 2018-10-08 10:08:52,152 LBFGS        PARAM    0004       -316.121781          2.591794         12.254059          4.137845         86.295086
rank #0: 2018-10-08 10:08:53,388 LBFGS        PARAM    0005       -445.128539          2.638836         15.920273          4.152931         85.728635
rank #0: 2018-10-08 10:08:54,613 LBFGS        PARAM    0006       -476.837474          2.643177         18.870655          4.048471         85.582404
rank #0: 2018-10-08 10:08:55,861 LBFGS        PARAM    0007       -568.097501          2.636281         31.986171          3.595912         85.299431
rank #0: 2018-10-08 10:08:57,079 LBFGS        PARAM    0008       -549.359422          2.627482         36.073751          3.614941         85.277283
rank #0: 2018-10-08 10:08:58,321 LBFGS        PARAM    0009       -533.046026          2.622076         38.938180          3.640723         85.272710
rank #0: 2018-10-08 10:08:59,545 LBFGS        PARAM    0010       -533.739889          2.622375         38.665044          3.641822         85.272681
rank #0: 2018-10-08 10:09:00,768 LBFGS        PARAM    0011       -533.780722          2.622404         38.695629          3.641469         85.272679
rank #0: 2018-10-08 10:09:02,011 LBFGS        PARAM    0012       -533.776825          2.622410         38.698502          3.641547         85.272679
rank #0: 2018-10-08 10:09:03,234 LBFGS        PARAM    0013       -533.780969          2.622413         38.698682          3.641575         85.272679
rank #0: 2018-10-08 10:09:04,480 LBFGS        PARAM    0014       -533.780810          2.622413         38.698613          3.641576         85.272679
rank #0: 2018-10-08 10:09:05,989 LBFGS        PARAM    0015       -533.780809          2.622413         38.698613          3.641576         85.272679
rank #0: 2018-10-08 10:09:07,219 LBFGS        PARAM    0016       -533.780811          2.622413         38.698613          3.641576         85.272679
rank #0: 2018-10-08 10:10:00,882 LBFGS        INFO     Linesearch failed in both LBFGS and gradient directions
rank #0: 2018-10-08 10:10:00,883 LBFGS        PARAM    0016       -533.780811          2.622413         38.698613          3.641576         85.272679
rank #0: 2018-10-08 10:10:00,884 rsdfit.lbfgs_fitter WARNING  ...LBFGS optimization finished. Time elapsed: 0:01:13.80
rank #0: 2018-10-08 10:10:00,885 rsdfit.lbfgs_fitter ERROR    nonlinear fit with method L-BFGS-B failed: Linesearch failed in both LBFGS and gradient directions
rank #0: 2018-10-08 10:10:00,886 rsdfit.fitting_driver INFO     rank 48 on nid00696     ...fitting complete
rank #0: 2018-10-08 10:10:00,889 rsdfit.fitting_driver INFO     rank 48 on nid00696     Saving the results to `/global/cscratch1/sd/nhand/eBOSS/fits/results/mocks/ezmock/v1.8e-fph/0.0001-0.3/basemodel-N-fnl/0.8-2.2/QSO-S-0408-P0+P2-mock-cov-98e9a706c6/2018-10-08_nlopt_16i_chain0__1.npz`
rank #0: 2018-10-08 10:10:00,947 pyRSD.analysis.lbfgs_results INFO     
minimum chi2 = 85.2726791509

Free parameters [ mean ]
_______________
N              : -533.780810899
b1             : 2.62241308418
f_nl           : 38.6986131337
sigma_fog      : 3.64157596216

Constrained parameters [ mean ]
_________________________
b1sigma8       : 0.949925889941
