rank #0: 2018-12-30 19:46:59,731 rsdfit.fitting_driver INFO     rank 9 on nid00630     Calling the 'nlopt' solve function
rank #0: 2018-12-30 19:46:59,732 rsdfit.lbfgs_fitter INFO     running LBFGS for 500 iterations and then stopping
rank #0: 2018-12-30 19:46:59,733 rsdfit.lbfgs_fitter INFO     running LBFGS minimizer with priors
rank #0: 2018-12-30 19:46:59,733 root         INFO     Iter           N          b1        f_nl   sigma_fog   F(X)     
rank #0: 2018-12-30 19:46:59,734 rsdfit.lbfgs_fitter INFO     computing gradient using numerical derivative of lnlike()
rank #0: 2018-12-30 19:47:00,928 LBFGS        INFO     options = {'factr': 100000.0, 'gtol': 1e-05, 'max_iter': 500, 'test_convergence': False}
rank #0: 2018-12-30 19:47:00,929 LBFGS        PARAM    0000          0.000000          2.000000          0.000000          4.000000        119.215958
rank #0: 2018-12-30 19:47:02,284 LBFGS        PARAM    0001         29.908975          2.121781          1.112665          3.995678        100.700967
rank #0: 2018-12-30 19:47:03,505 LBFGS        PARAM    0002        -76.489827          2.385591          6.150371          4.159485         83.476414
rank #0: 2018-12-30 19:47:04,747 LBFGS        PARAM    0003       -220.195226          2.425497          8.003277          4.318019         78.480741
rank #0: 2018-12-30 19:47:05,965 LBFGS        PARAM    0004       -431.819431          2.468130         12.230728          4.650110         75.148738
rank #0: 2018-12-30 19:47:07,203 LBFGS        PARAM    0005       -422.970488          2.469808         13.455988          4.700224         75.038120
rank #0: 2018-12-30 19:47:08,421 LBFGS        PARAM    0006       -290.182357          2.461973         28.314405          5.302147         74.366606
rank #0: 2018-12-30 19:47:09,638 LBFGS        PARAM    0007       -293.424259          2.460518         30.638355          5.293820         74.361169
rank #0: 2018-12-30 19:47:10,876 LBFGS        PARAM    0008       -294.048502          2.458835         31.645094          5.282299         74.360338
rank #0: 2018-12-30 19:47:12,091 LBFGS        PARAM    0009       -294.043179          2.458802         31.660595          5.280792         74.360329
rank #0: 2018-12-30 19:47:13,328 LBFGS        PARAM    0010       -294.032569          2.458804         31.661410          5.280485         74.360328
rank #0: 2018-12-30 19:47:14,545 LBFGS        PARAM    0011       -294.032715          2.458804         31.661326          5.280485         74.360328
rank #0: 2018-12-30 19:47:15,762 LBFGS        PARAM    0012       -294.032708          2.458804         31.661326          5.280485         74.360328
rank #0: 2018-12-30 19:47:48,044 LBFGS        PARAM    0013       -294.032708          2.458804         31.661326          5.280485         74.360328
rank #0: 2018-12-30 19:48:39,345 LBFGS        INFO     Linesearch failed in both LBFGS and gradient directions
rank #0: 2018-12-30 19:48:39,347 LBFGS        PARAM    0013       -294.032708          2.458804         31.661326          5.280485         74.360328
rank #0: 2018-12-30 19:48:39,347 rsdfit.lbfgs_fitter WARNING  ...LBFGS optimization finished. Time elapsed: 0:01:38.42
rank #0: 2018-12-30 19:48:39,348 rsdfit.lbfgs_fitter ERROR    nonlinear fit with method L-BFGS-B failed: Linesearch failed in both LBFGS and gradient directions
rank #0: 2018-12-30 19:48:39,350 rsdfit.fitting_driver INFO     rank 9 on nid00630     ...fitting complete
rank #0: 2018-12-30 19:48:39,354 rsdfit.fitting_driver INFO     rank 9 on nid00630     Saving the results to `/global/cscratch1/sd/nhand/eBOSS/fits/results/mocks/ezmock/v1.8e-fph/0.0001-0.3/basemodel-N-fnl/0.8-2.2/QSO-N-0556-P0+P2-mock-cov-368a762326/2018-12-30_nlopt_13i_chain0__1.npz`
rank #0: 2018-12-30 19:48:39,515 pyRSD.analysis.lbfgs_results INFO     
minimum chi2 = 74.360328109

Free parameters [ mean ]
_______________
N              : -294.03270846
b1             : 2.45880408685
f_nl           : 31.6613261446
sigma_fog      : 5.28048511434

Constrained parameters [ mean ]
_________________________
b1sigma8       : 0.890661228958
