rank #0: 2018-07-16 20:28:02,634 rsdfit.fitting_driver INFO     rank 59 on nid00760     Calling the 'nlopt' solve function
rank #0: 2018-07-16 20:28:02,635 rsdfit.lbfgs_fitter INFO     running LBFGS for 500 iterations and then stopping
rank #0: 2018-07-16 20:28:02,636 rsdfit.lbfgs_fitter INFO     running LBFGS minimizer with priors
rank #0: 2018-07-16 20:28:02,637 root         INFO     Iter           N          b1        f_nl   sigma_fog   F(X)     
rank #0: 2018-07-16 20:28:03,219 LBFGS        INFO     options = {'factr': 100000.0, 'gtol': 1e-05, 'max_iter': 500, 'test_convergence': False}
rank #0: 2018-07-16 20:28:03,221 LBFGS        PARAM    0000          0.000000          2.000000          0.000000          4.000000        120.067949
rank #0: 2018-07-16 20:28:03,871 LBFGS        PARAM    0001         53.629518          2.179647          1.583733          3.951116         99.947131
rank #0: 2018-07-16 20:28:04,470 LBFGS        PARAM    0002       -109.645903          2.584531          9.696258          3.977198         83.925800
rank #0: 2018-07-16 20:28:05,070 LBFGS        PARAM    0003       -259.704686          2.555649          9.864196          4.061442         79.548360
rank #0: 2018-07-16 20:28:05,670 LBFGS        PARAM    0004       -561.116733          2.615360         13.026265          4.181382         76.847676
rank #0: 2018-07-16 20:28:06,262 LBFGS        PARAM    0005       -602.902866          2.626983         14.352394          4.103798         76.683851
rank #0: 2018-07-16 20:28:06,864 LBFGS        PARAM    0006       -717.001250          2.637938         19.290913          3.700076         76.274561
rank #0: 2018-07-16 20:28:07,466 LBFGS        PARAM    0007       -744.339619          2.621223         23.960653          3.422245         76.151802
rank #0: 2018-07-16 20:28:08,051 LBFGS        PARAM    0008       -734.535415          2.619183         26.038819          3.400081         76.141270
rank #0: 2018-07-16 20:28:08,652 LBFGS        PARAM    0009       -726.314850          2.615954         28.193570          3.395358         76.135681
rank #0: 2018-07-16 20:28:09,253 LBFGS        PARAM    0010       -715.719432          2.610434         33.113293          3.397462         76.125803
rank #0: 2018-07-16 20:28:09,855 LBFGS        PARAM    0011       -711.577374          2.605281         40.050293          3.408397         76.115501
rank #0: 2018-07-16 20:28:10,441 LBFGS        PARAM    0012       -714.830400          2.604853         41.833641          3.419147         76.113491
rank #0: 2018-07-16 20:28:11,045 LBFGS        PARAM    0013       -716.202978          2.605353         41.617669          3.421601         76.113411
rank #0: 2018-07-16 20:28:11,650 LBFGS        PARAM    0014       -716.413822          2.605453         41.538947          3.421563         76.113410
rank #0: 2018-07-16 20:28:12,237 LBFGS        PARAM    0015       -716.425278          2.605459         41.534272          3.421527         76.113410
rank #0: 2018-07-16 20:28:12,839 LBFGS        PARAM    0016       -716.425313          2.605459         41.534201          3.421525         76.113410
rank #0: 2018-07-16 20:28:13,439 LBFGS        PARAM    0017       -716.425309          2.605459         41.534197          3.421525         76.113410
rank #0: 2018-07-16 20:28:28,068 LBFGS        PARAM    0018       -716.425309          2.605459         41.534197          3.421525         76.113410
rank #0: 2018-07-16 20:28:41,659 LBFGS        PARAM    0019       -716.425306          2.605459         41.534197          3.421525         76.113410
rank #0: 2018-07-16 20:28:41,660 LBFGS        INFO     LBFGS iteration 19: the descent direction does not have a sufficient projection (cos(theta)=-8.91e-01, theta=152.9864) into the gradient; using steepest descent at this step!
rank #0: 2018-07-16 20:28:53,955 LBFGS        INFO     Linesearch failed in both LBFGS and gradient directions
rank #0: 2018-07-16 20:28:53,957 LBFGS        PARAM    0019       -716.425306          2.605459         41.534197          3.421525         76.113410
rank #0: 2018-07-16 20:28:53,959 rsdfit.lbfgs_fitter WARNING  ...LBFGS optimization finished. Time elapsed: 0:00:50.74
rank #0: 2018-07-16 20:28:53,960 rsdfit.lbfgs_fitter ERROR    nonlinear fit with method L-BFGS-B failed: Linesearch failed in both LBFGS and gradient directions
rank #0: 2018-07-16 20:28:53,962 rsdfit.fitting_driver INFO     rank 59 on nid00760     ...fitting complete
rank #0: 2018-07-16 20:28:53,966 rsdfit.fitting_driver INFO     rank 59 on nid00760     Saving the results to `/global/cscratch1/sd/nhand/eBOSS/fits/results/mocks/ezmock/v1.8e-fph/0.005-0.3/basemodel-N-fnl/0.8-2.2/QSO-S-0864-P0+P2-mock-cov-f224d44da7/2018-07-16_nlopt_19i_chain0__1.npz`
rank #0: 2018-07-16 20:28:53,992 pyRSD.analysis.lbfgs_results INFO     
minimum chi2 = 76.1134096106

Free parameters [ mean ]
_______________
N              : -716.425306263
b1             : 2.60545885891
f_nl           : 41.5341972747
sigma_fog      : 3.42152529206

Constrained parameters [ mean ]
_________________________
b1sigma8       : 0.943784501453
