rank #0: 2018-07-16 20:10:33,555 rsdfit.fitting_driver INFO     rank 39 on nid00653     Calling the 'nlopt' solve function
rank #0: 2018-07-16 20:10:33,556 rsdfit.lbfgs_fitter INFO     running LBFGS for 500 iterations and then stopping
rank #0: 2018-07-16 20:10:33,557 rsdfit.lbfgs_fitter INFO     running LBFGS minimizer with priors
rank #0: 2018-07-16 20:10:33,558 root         INFO     Iter           N          b1        f_nl   sigma_fog   F(X)     
rank #0: 2018-07-16 20:10:34,137 LBFGS        INFO     options = {'factr': 100000.0, 'gtol': 1e-05, 'max_iter': 500, 'test_convergence': False}
rank #0: 2018-07-16 20:10:34,139 LBFGS        PARAM    0000          0.000000          2.000000          0.000000          4.000000         87.568728
rank #0: 2018-07-16 20:10:34,803 LBFGS        PARAM    0001          5.474970          2.060015          0.542285          3.990834         82.291694
rank #0: 2018-07-16 20:10:35,394 LBFGS        PARAM    0002        -85.616621          2.202131          2.758965          4.030638         76.368163
rank #0: 2018-07-16 20:10:35,982 LBFGS        PARAM    0003       -182.285238          2.232993          3.886466          4.089449         74.735134
rank #0: 2018-07-16 20:10:36,580 LBFGS        PARAM    0004       -345.454796          2.259075          6.952081          4.167500         73.565629
rank #0: 2018-07-16 20:10:37,181 LBFGS        PARAM    0005       -347.660334          2.260113          7.842013          4.153893         73.548655
rank #0: 2018-07-16 20:10:37,768 LBFGS        PARAM    0006       -373.290683          2.261526         18.660322          3.992900         73.424590
rank #0: 2018-07-16 20:10:38,369 LBFGS        PARAM    0007       -387.776608          2.256410         26.609872          3.899511         73.367125
rank #0: 2018-07-16 20:10:38,969 LBFGS        PARAM    0008       -394.487186          2.247216         43.966389          3.833592         73.246901
rank #0: 2018-07-16 20:10:39,564 LBFGS        PARAM    0009       -381.197221          2.225691         86.963484          3.814523         73.039555
rank #0: 2018-07-16 20:10:40,154 LBFGS        PARAM    0010       -355.003301          2.220377         99.220784          3.910550         72.975997
rank #0: 2018-07-16 20:10:40,752 LBFGS        PARAM    0011       -338.397286          2.220597         98.650581          3.989003         72.962904
rank #0: 2018-07-16 20:10:41,352 LBFGS        PARAM    0012       -338.691942          2.221214         98.239102          3.992691         72.962839
rank #0: 2018-07-16 20:10:41,938 LBFGS        PARAM    0013       -338.612190          2.221170         98.172785          3.992633         72.962837
rank #0: 2018-07-16 20:10:42,540 LBFGS        PARAM    0014       -338.623163          2.221169         98.175199          3.992637         72.962837
rank #0: 2018-07-16 20:10:43,137 LBFGS        PARAM    0015       -338.624422          2.221169         98.175169          3.992644         72.962837
rank #0: 2018-07-16 20:10:43,727 LBFGS        PARAM    0016       -338.624388          2.221169         98.175174          3.992644         72.962837
rank #0: 2018-07-16 20:10:44,314 LBFGS        PARAM    0017       -338.624392          2.221169         98.175176          3.992644         72.962837
rank #0: 2018-07-16 20:10:44,912 LBFGS        PARAM    0018       -338.624388          2.221169         98.175175          3.992644         72.962837
rank #0: 2018-07-16 20:10:59,421 LBFGS        PARAM    0019       -338.624416          2.221169         98.175175          3.992644         72.962837
rank #0: 2018-07-16 20:11:25,404 LBFGS        INFO     Linesearch failed in both LBFGS and gradient directions
rank #0: 2018-07-16 20:11:25,406 LBFGS        PARAM    0019       -338.624416          2.221169         98.175175          3.992644         72.962837
rank #0: 2018-07-16 20:11:25,406 rsdfit.lbfgs_fitter WARNING  ...LBFGS optimization finished. Time elapsed: 0:00:51.27
rank #0: 2018-07-16 20:11:25,407 rsdfit.lbfgs_fitter ERROR    nonlinear fit with method L-BFGS-B failed: Linesearch failed in both LBFGS and gradient directions
rank #0: 2018-07-16 20:11:25,408 rsdfit.fitting_driver INFO     rank 39 on nid00653     ...fitting complete
rank #0: 2018-07-16 20:11:25,412 rsdfit.fitting_driver INFO     rank 39 on nid00653     Saving the results to `/global/cscratch1/sd/nhand/eBOSS/fits/results/mocks/ezmock/v1.8e-fph/0.005-0.3/basemodel-N-fnl/0.8-2.2/QSO-S-0687-P0+P2-mock-cov-a8bcb55756/2018-07-16_nlopt_19i_chain0__1.npz`
rank #0: 2018-07-16 20:11:25,437 pyRSD.analysis.lbfgs_results INFO     
minimum chi2 = 72.9628370902

Free parameters [ mean ]
_______________
N              : -338.624416484
b1             : 2.22116867288
f_nl           : 98.175174649
sigma_fog      : 3.99264384212

Constrained parameters [ mean ]
_________________________
b1sigma8       : 0.884720825024
