rank #0: 2018-10-04 21:36:43,557 rsdfit.fitting_driver INFO     rank 2 on nid01062     Calling the 'nlopt' solve function
rank #0: 2018-10-04 21:36:43,558 rsdfit.lbfgs_fitter INFO     running LBFGS for 500 iterations and then stopping
rank #0: 2018-10-04 21:36:43,558 rsdfit.lbfgs_fitter INFO     running LBFGS minimizer with priors
rank #0: 2018-10-04 21:36:43,559 root         INFO     Iter           N          b1        f_nl   sigma_fog   F(X)     
rank #0: 2018-10-04 21:36:43,559 rsdfit.lbfgs_fitter INFO     computing gradient using numerical derivative of lnlike()
rank #0: 2018-10-04 21:36:44,716 LBFGS        INFO     options = {'factr': 100000.0, 'gtol': 1e-05, 'max_iter': 500, 'test_convergence': False}
rank #0: 2018-10-04 21:36:44,717 LBFGS        PARAM    0000          0.000000          2.000000          0.000000          4.000000        155.185746
rank #0: 2018-10-04 21:36:46,068 LBFGS        PARAM    0001         37.445792          2.148747          1.225303          3.976762        127.330712
rank #0: 2018-10-04 21:36:47,262 LBFGS        PARAM    0002        -96.851075          2.478311          7.042614          4.110313        102.792585
rank #0: 2018-10-04 21:36:48,476 LBFGS        PARAM    0003       -250.736733          2.495896          8.045896          4.251919         95.944786
rank #0: 2018-10-04 21:36:49,672 LBFGS        PARAM    0004       -544.738984          2.567269         11.065553          4.532251         91.369046
rank #0: 2018-10-04 21:36:50,865 LBFGS        PARAM    0005       -526.641798          2.553423         11.089834          4.531970         91.332390
rank #0: 2018-10-04 21:36:52,084 LBFGS        PARAM    0006       -525.127689          2.554848         11.353035          4.537729         91.327262
rank #0: 2018-10-04 21:36:53,286 LBFGS        PARAM    0007       -518.877120          2.556852         12.440128          4.564833         91.315713
rank #0: 2018-10-04 21:36:54,507 LBFGS        PARAM    0008       -509.693277          2.556795         14.001826          4.604463         91.305059
rank #0: 2018-10-04 21:36:55,709 LBFGS        PARAM    0009       -501.859914          2.553978         15.902119          4.635954         91.297662
rank #0: 2018-10-04 21:36:56,928 LBFGS        PARAM    0010       -500.744763          2.552486         16.543854          4.639749         91.296611
rank #0: 2018-10-04 21:36:58,138 LBFGS        PARAM    0011       -501.060926          2.551949         16.758645          4.637697         91.296367
rank #0: 2018-10-04 21:36:59,333 LBFGS        PARAM    0012       -501.782962          2.551433         17.088584          4.633132         91.296053
rank #0: 2018-10-04 21:37:00,549 LBFGS        PARAM    0013       -502.719945          2.551116         17.583973          4.626644         91.295687
rank #0: 2018-10-04 21:37:01,739 LBFGS        PARAM    0014       -503.004027          2.551339         17.860448          4.623866         91.295535
rank #0: 2018-10-04 21:37:02,938 LBFGS        PARAM    0015       -503.068723          2.551437         17.843483          4.623715         91.295532
rank #0: 2018-10-04 21:37:04,123 LBFGS        PARAM    0016       -503.063680          2.551450         17.834878          4.623764         91.295532
rank #0: 2018-10-04 21:37:05,319 LBFGS        PARAM    0017       -503.061890          2.551451         17.834194          4.623775         91.295532
rank #0: 2018-10-04 21:37:06,520 LBFGS        PARAM    0018       -503.061626          2.551451         17.834206          4.623776         91.295532
rank #0: 2018-10-04 21:37:07,709 LBFGS        PARAM    0019       -503.061666          2.551451         17.834203          4.623776         91.295532
rank #0: 2018-10-04 21:37:09,060 LBFGS        PARAM    0020       -503.061707          2.551451         17.834202          4.623776         91.295532
rank #0: 2018-10-04 21:38:01,927 LBFGS        INFO     Linesearch failed in both LBFGS and gradient directions
rank #0: 2018-10-04 21:38:01,928 LBFGS        PARAM    0020       -503.061707          2.551451         17.834202          4.623776         91.295532
rank #0: 2018-10-04 21:38:01,928 rsdfit.lbfgs_fitter WARNING  ...LBFGS optimization finished. Time elapsed: 0:01:17.21
rank #0: 2018-10-04 21:38:01,929 rsdfit.lbfgs_fitter ERROR    nonlinear fit with method L-BFGS-B failed: Linesearch failed in both LBFGS and gradient directions
rank #0: 2018-10-04 21:38:01,930 rsdfit.fitting_driver INFO     rank 2 on nid01062     ...fitting complete
rank #0: 2018-10-04 21:38:01,933 rsdfit.fitting_driver INFO     rank 2 on nid01062     Saving the results to `/global/cscratch1/sd/nhand/eBOSS/fits/results/mocks/ezmock/v1.8e-fph/0.0001-0.3/basemodel-N-fnl/0.8-2.2/QSO-N-0203-P0+P2-mock-cov-4ae05ce33e/2018-10-04_nlopt_20i_chain0__1.npz`
rank #0: 2018-10-04 21:38:02,019 pyRSD.analysis.lbfgs_results INFO     
minimum chi2 = 91.2955318163

Free parameters [ mean ]
_______________
N              : -503.061707419
b1             : 2.55145093308
f_nl           : 17.834202272
sigma_fog      : 4.62377587758

Constrained parameters [ mean ]
_________________________
b1sigma8       : 0.924221021039
