rank #0: 2018-10-04 21:12:46,508 rsdfit.fitting_driver INFO     rank 21 on nid01062     Calling the 'nlopt' solve function
rank #0: 2018-10-04 21:12:46,508 rsdfit.lbfgs_fitter INFO     running LBFGS for 500 iterations and then stopping
rank #0: 2018-10-04 21:12:46,509 rsdfit.lbfgs_fitter INFO     running LBFGS minimizer with priors
rank #0: 2018-10-04 21:12:46,509 root         INFO     Iter           N          b1        f_nl   sigma_fog   F(X)     
rank #0: 2018-10-04 21:12:46,510 rsdfit.lbfgs_fitter INFO     computing gradient using numerical derivative of lnlike()
rank #0: 2018-10-04 21:12:47,658 LBFGS        INFO     options = {'factr': 100000.0, 'gtol': 1e-05, 'max_iter': 500, 'test_convergence': False}
rank #0: 2018-10-04 21:12:47,660 LBFGS        PARAM    0000          0.000000          2.000000          0.000000          4.000000        118.360645
rank #0: 2018-10-04 21:12:49,001 LBFGS        PARAM    0001        -10.730739          2.084676          1.484253          4.005665        105.243121
rank #0: 2018-10-04 21:12:50,192 LBFGS        PARAM    0002       -220.587121          2.312924          6.399215          4.151416         87.104057
rank #0: 2018-10-04 21:12:51,384 LBFGS        PARAM    0003       -370.960556          2.339638          6.330356          4.277573         82.324574
rank #0: 2018-10-04 21:12:52,590 LBFGS        PARAM    0004       -500.409306          2.355206          4.010587          4.392199         80.837446
rank #0: 2018-10-04 21:12:53,772 LBFGS        PARAM    0005       -503.961825          2.358102          2.633051          4.397457         80.790362
rank #0: 2018-10-04 21:12:54,978 LBFGS        PARAM    0006       -512.970961          2.374453        -13.051366          4.429873         80.506292
rank #0: 2018-10-04 21:12:56,159 LBFGS        PARAM    0007       -509.932891          2.376586        -16.060308          4.436618         80.496556
rank #0: 2018-10-04 21:12:57,365 LBFGS        PARAM    0008       -510.063556          2.377024        -16.439885          4.437989         80.496439
rank #0: 2018-10-04 21:12:58,548 LBFGS        PARAM    0009       -510.076543          2.377036        -16.445711          4.438124         80.496439
rank #0: 2018-10-04 21:12:59,738 LBFGS        PARAM    0010       -510.075901          2.377036        -16.445785          4.438126         80.496439
rank #0: 2018-10-04 21:13:00,954 LBFGS        PARAM    0011       -510.075517          2.377036        -16.445787          4.438127         80.496439
rank #0: 2018-10-04 21:13:02,145 LBFGS        PARAM    0012       -510.074892          2.377036        -16.445740          4.438129         80.496439
rank #0: 2018-10-04 21:13:03,358 LBFGS        PARAM    0013       -510.074801          2.377036        -16.445717          4.438129         80.496439
rank #0: 2018-10-04 21:13:56,714 LBFGS        INFO     Linesearch failed in both LBFGS and gradient directions
rank #0: 2018-10-04 21:13:56,715 LBFGS        PARAM    0013       -510.074801          2.377036        -16.445717          4.438129         80.496439
rank #0: 2018-10-04 21:13:56,716 rsdfit.lbfgs_fitter WARNING  ...LBFGS optimization finished. Time elapsed: 0:01:09.06
rank #0: 2018-10-04 21:13:56,716 rsdfit.lbfgs_fitter ERROR    nonlinear fit with method L-BFGS-B failed: Linesearch failed in both LBFGS and gradient directions
rank #0: 2018-10-04 21:13:56,717 rsdfit.fitting_driver INFO     rank 21 on nid01062     ...fitting complete
rank #0: 2018-10-04 21:13:56,721 rsdfit.fitting_driver INFO     rank 21 on nid01062     Saving the results to `/global/cscratch1/sd/nhand/eBOSS/fits/results/mocks/ezmock/v1.8e-fph/0.0001-0.3/basemodel-N-fnl/0.8-2.2/QSO-N-0355-P0+P2-mock-cov-3d9387a9b2/2018-10-04_nlopt_13i_chain0__1.npz`
rank #0: 2018-10-04 21:13:56,832 pyRSD.analysis.lbfgs_results INFO     
minimum chi2 = 80.4964385713

Free parameters [ mean ]
_______________
N              : -510.074801423
b1             : 2.37703591209
f_nl           : -16.4457174381
sigma_fog      : 4.43812921154

Constrained parameters [ mean ]
_________________________
b1sigma8       : 0.891115841195
