rank #0: 2018-10-08 11:15:03,923 rsdfit.fitting_driver INFO     rank 17 on nid00692     Calling the 'nlopt' solve function
rank #0: 2018-10-08 11:15:03,923 rsdfit.lbfgs_fitter INFO     running LBFGS for 500 iterations and then stopping
rank #0: 2018-10-08 11:15:03,923 rsdfit.lbfgs_fitter INFO     running LBFGS minimizer with priors
rank #0: 2018-10-08 11:15:03,923 root         INFO     Iter           N          b1        f_nl   sigma_fog   F(X)     
rank #0: 2018-10-08 11:15:03,924 rsdfit.lbfgs_fitter INFO     computing gradient using numerical derivative of lnlike()
rank #0: 2018-10-08 11:15:05,085 LBFGS        INFO     options = {'factr': 100000.0, 'gtol': 1e-05, 'max_iter': 500, 'test_convergence': False}
rank #0: 2018-10-08 11:15:05,086 LBFGS        PARAM    0000          0.000000          2.000000          0.000000          4.000000        121.052590
rank #0: 2018-10-08 11:15:06,453 LBFGS        PARAM    0001        139.280748          2.207981          1.525525          3.918043         90.981418
rank #0: 2018-10-08 11:15:07,662 LBFGS        PARAM    0002         91.894882          2.578112          7.023242          3.872213         76.046422
rank #0: 2018-10-08 11:15:08,894 LBFGS        PARAM    0003         52.623874          2.509827          6.170310          3.971448         74.331174
rank #0: 2018-10-08 11:15:10,106 LBFGS        PARAM    0004          3.782585          2.522924          6.805110          4.042704         73.561928
rank #0: 2018-10-08 11:15:10,107 LBFGS        INFO     LBFGS iteration 4: the descent direction does not have a sufficient projection (cos(theta)=-8.43e-01, theta=147.4587) into the gradient; using steepest descent at this step!
rank #0: 2018-10-08 11:15:11,465 LBFGS        PARAM    0005       -204.910012          2.577411          8.687602          4.140854         72.059212
rank #0: 2018-10-08 11:15:12,846 LBFGS        PARAM    0006       -223.463388          2.604526          8.992147          4.120562         71.935328
rank #0: 2018-10-08 11:15:14,068 LBFGS        PARAM    0007       -249.885853          2.609232          8.837603          4.107880         71.901800
rank #0: 2018-10-08 11:15:15,305 LBFGS        PARAM    0008       -281.906945          2.612856          7.713582          4.033865         71.841531
rank #0: 2018-10-08 11:15:16,521 LBFGS        PARAM    0009       -328.942331          2.615571          3.961957          3.834337         71.757880
rank #0: 2018-10-08 11:15:17,755 LBFGS        PARAM    0010       -328.568031          2.616051          0.239756          3.793640         71.742520
rank #0: 2018-10-08 11:15:18,973 LBFGS        PARAM    0011       -326.170155          2.617424         -3.396681          3.783811         71.736344
rank #0: 2018-10-08 11:15:20,189 LBFGS        PARAM    0012       -326.409241          2.619946         -6.835438          3.789855         71.732284
rank #0: 2018-10-08 11:15:21,427 LBFGS        PARAM    0013       -332.644974          2.624387        -10.428673          3.808086         71.729241
rank #0: 2018-10-08 11:15:22,645 LBFGS        PARAM    0014       -331.383526          2.624433        -10.403706          3.813737         71.729183
rank #0: 2018-10-08 11:15:23,892 LBFGS        PARAM    0015       -331.240557          2.624411        -10.363869          3.814355         71.729182
rank #0: 2018-10-08 11:15:25,121 LBFGS        PARAM    0016       -331.245354          2.624409        -10.359252          3.814357         71.729182
rank #0: 2018-10-08 11:15:26,372 LBFGS        PARAM    0017       -331.246534          2.624409        -10.358832          3.814355         71.729182
rank #0: 2018-10-08 11:15:27,729 LBFGS        PARAM    0018       -331.246536          2.624409        -10.358833          3.814355         71.729182
rank #0: 2018-10-08 11:15:29,080 LBFGS        PARAM    0019       -331.246536          2.624409        -10.358834          3.814355         71.729182
rank #0: 2018-10-08 11:16:22,878 LBFGS        INFO     Linesearch failed in both LBFGS and gradient directions
rank #0: 2018-10-08 11:16:22,879 LBFGS        PARAM    0019       -331.246536          2.624409        -10.358834          3.814355         71.729182
rank #0: 2018-10-08 11:16:22,880 rsdfit.lbfgs_fitter WARNING  ...LBFGS optimization finished. Time elapsed: 0:01:17.79
rank #0: 2018-10-08 11:16:22,880 rsdfit.lbfgs_fitter ERROR    nonlinear fit with method L-BFGS-B failed: Linesearch failed in both LBFGS and gradient directions
rank #0: 2018-10-08 11:16:22,881 rsdfit.fitting_driver INFO     rank 17 on nid00692     ...fitting complete
rank #0: 2018-10-08 11:16:22,885 rsdfit.fitting_driver INFO     rank 17 on nid00692     Saving the results to `/global/cscratch1/sd/nhand/eBOSS/fits/results/mocks/ezmock/v1.8e-fph/0.005-0.3/basemodel-N-fnl/0.8-2.2/QSO-S-0220-P0+P2-mock-cov-98e9a706c6/2018-10-08_nlopt_19i_chain0__1.npz`
rank #0: 2018-10-08 11:16:22,945 pyRSD.analysis.lbfgs_results INFO     
minimum chi2 = 71.7291823493

Free parameters [ mean ]
_______________
N              : -331.246535873
b1             : 2.62440890532
f_nl           : -10.3588342584
sigma_fog      : 3.81435499386

Constrained parameters [ mean ]
_________________________
b1sigma8       : 0.950648843232
