rank #0: 2018-12-30 16:07:43,488 rsdfit.fitting_driver INFO     rank 49 on nid00556     Calling the 'nlopt' solve function
rank #0: 2018-12-30 16:07:43,489 rsdfit.lbfgs_fitter INFO     running LBFGS for 500 iterations and then stopping
rank #0: 2018-12-30 16:07:43,489 rsdfit.lbfgs_fitter INFO     running LBFGS minimizer with priors
rank #0: 2018-12-30 16:07:43,489 root         INFO     Iter           N          b1        f_nl   sigma_fog   F(X)     
rank #0: 2018-12-30 16:07:43,489 rsdfit.lbfgs_fitter INFO     computing gradient using numerical derivative of lnlike()
rank #0: 2018-12-30 16:07:44,085 LBFGS        INFO     options = {'factr': 100000.0, 'gtol': 1e-05, 'max_iter': 500, 'test_convergence': False}
rank #0: 2018-12-30 16:07:44,085 LBFGS        PARAM    0000          0.000000          2.000000          0.000000          4.000000         93.441447
rank #0: 2018-12-30 16:07:44,738 LBFGS        PARAM    0001         19.166041          2.061220          0.404727          3.977646         87.414545
rank #0: 2018-12-30 16:07:45,344 LBFGS        PARAM    0002        -24.694806          2.191804          1.716450          3.969047         82.199322
rank #0: 2018-12-30 16:07:45,952 LBFGS        PARAM    0003        -89.468140          2.210870          2.006470          3.995837         81.193065
rank #0: 2018-12-30 16:07:46,538 LBFGS        PARAM    0004       -262.260228          2.247252          2.185672          4.017847         80.056699
rank #0: 2018-12-30 16:07:47,146 LBFGS        PARAM    0005       -270.881514          2.248136          1.900711          3.984567         80.027727
rank #0: 2018-12-30 16:07:47,753 LBFGS        PARAM    0006       -308.732725          2.247247         -1.184473          3.777877         79.943913
rank #0: 2018-12-30 16:07:48,358 LBFGS        PARAM    0007       -308.753477          2.248147         -2.625751          3.779623         79.941059
rank #0: 2018-12-30 16:07:48,949 LBFGS        PARAM    0008       -310.822685          2.252626        -12.319778          3.790361         79.931658
rank #0: 2018-12-30 16:07:49,556 LBFGS        PARAM    0009       -311.496170          2.252913        -13.467681          3.790712         79.931528
rank #0: 2018-12-30 16:07:50,167 LBFGS        PARAM    0010       -311.520617          2.253007        -13.556184          3.790641         79.931525
rank #0: 2018-12-30 16:07:50,760 LBFGS        PARAM    0011       -311.513159          2.253012        -13.562307          3.790663         79.931525
rank #0: 2018-12-30 16:07:51,375 LBFGS        PARAM    0012       -311.512673          2.253012        -13.562330          3.790662         79.931525
rank #0: 2018-12-30 16:07:51,990 LBFGS        PARAM    0013       -311.512641          2.253012        -13.562335          3.790662         79.931525
rank #0: 2018-12-30 16:07:52,648 LBFGS        PARAM    0014       -311.512643          2.253012        -13.562335          3.790662         79.931525
rank #0: 2018-12-30 16:08:19,344 LBFGS        INFO     Linesearch failed in both LBFGS and gradient directions
rank #0: 2018-12-30 16:08:19,345 LBFGS        PARAM    0014       -311.512643          2.253012        -13.562335          3.790662         79.931525
rank #0: 2018-12-30 16:08:19,345 rsdfit.lbfgs_fitter WARNING  ...LBFGS optimization finished. Time elapsed: 0:00:35.26
rank #0: 2018-12-30 16:08:19,345 rsdfit.lbfgs_fitter ERROR    nonlinear fit with method L-BFGS-B failed: Linesearch failed in both LBFGS and gradient directions
rank #0: 2018-12-30 16:08:19,346 rsdfit.fitting_driver INFO     rank 49 on nid00556     ...fitting complete
rank #0: 2018-12-30 16:08:19,349 rsdfit.fitting_driver INFO     rank 49 on nid00556     Saving the results to `/global/cscratch1/sd/nhand/eBOSS/fits/results/mocks/ezmock/v1.8e-fph/0.0001-0.3/basemodel-N-fnl/0.8-2.2/QSO-S-0141-P0+P2-mock-cov-8e654b7a3f/2018-12-30_nlopt_14i_chain0__1.npz`
rank #0: 2018-12-30 16:08:19,823 pyRSD.analysis.lbfgs_results INFO     
minimum chi2 = 79.9315254221

Free parameters [ mean ]
_______________
N              : -311.512642679
b1             : 2.25301199355
f_nl           : -13.5623345946
sigma_fog      : 3.79066230937

Constrained parameters [ mean ]
_________________________
b1sigma8       : 0.897404440309
