rank #0: 2018-07-15 20:13:56,286 rsdfit.fitting_driver INFO     rank 57 on nid00568     Calling the 'nlopt' solve function
rank #0: 2018-07-15 20:13:56,286 rsdfit.lbfgs_fitter INFO     running LBFGS for 500 iterations and then stopping
rank #0: 2018-07-15 20:13:56,287 rsdfit.lbfgs_fitter INFO     running LBFGS minimizer with priors
rank #0: 2018-07-15 20:13:56,287 root         INFO     Iter           N          b1        f_nl   sigma_fog   F(X)     
rank #0: 2018-07-15 20:13:56,862 LBFGS        INFO     options = {'factr': 100000.0, 'gtol': 1e-05, 'max_iter': 500, 'test_convergence': False}
rank #0: 2018-07-15 20:13:56,863 LBFGS        PARAM    0000          0.000000          2.000000          0.000000          4.000000        170.752455
rank #0: 2018-07-15 20:13:57,530 LBFGS        PARAM    0001         51.195864          2.175080          1.309558          4.001791        134.921818
rank #0: 2018-07-15 20:13:58,131 LBFGS        PARAM    0002        -93.380860          2.553054          7.137604          4.264854        104.474824
rank #0: 2018-07-15 20:13:58,715 LBFGS        PARAM    0003       -262.089235          2.568036          7.371472          4.467816         94.968957
rank #0: 2018-07-15 20:13:59,314 LBFGS        PARAM    0004       -583.694297          2.654189          8.400690          4.906544         88.710222
rank #0: 2018-07-15 20:13:59,916 LBFGS        PARAM    0005       -549.858081          2.635134          6.645579          4.947768         88.494474
rank #0: 2018-07-15 20:14:00,517 LBFGS        PARAM    0006       -515.035713          2.629012          4.260155          5.045270         88.302844
rank #0: 2018-07-15 20:14:01,102 LBFGS        PARAM    0007       -445.978726          2.633298         -3.077206          5.362086         87.954319
rank #0: 2018-07-15 20:14:01,701 LBFGS        PARAM    0008       -442.758409          2.648728        -10.878121          5.481129         87.851427
rank #0: 2018-07-15 20:14:02,301 LBFGS        PARAM    0009       -446.963772          2.658311        -16.439174          5.516836         87.825346
rank #0: 2018-07-15 20:14:02,882 LBFGS        PARAM    0010       -451.310137          2.662998        -20.604537          5.518218         87.812865
rank #0: 2018-07-15 20:14:03,479 LBFGS        PARAM    0011       -456.658232          2.665961        -26.298735          5.498559         87.799692
rank #0: 2018-07-15 20:14:04,074 LBFGS        PARAM    0012       -457.713771          2.664986        -27.628641          5.482355         87.797572
rank #0: 2018-07-15 20:14:04,670 LBFGS        PARAM    0013       -457.694904          2.664507        -27.494152          5.479105         87.797513
rank #0: 2018-07-15 20:14:05,251 LBFGS        PARAM    0014       -457.656189          2.664418        -27.423804          5.478843         87.797512
rank #0: 2018-07-15 20:14:05,849 LBFGS        PARAM    0015       -457.648732          2.664412        -27.416162          5.478862         87.797512
rank #0: 2018-07-15 20:14:06,446 LBFGS        PARAM    0016       -457.648067          2.664412        -27.416041          5.478866         87.797512
rank #0: 2018-07-15 20:14:07,031 LBFGS        PARAM    0017       -457.648128          2.664412        -27.416032          5.478866         87.797512
rank #0: 2018-07-15 20:14:07,694 LBFGS        PARAM    0018       -457.648123          2.664412        -27.416031          5.478866         87.797512
rank #0: 2018-07-15 20:14:33,560 LBFGS        INFO     Linesearch failed in both LBFGS and gradient directions
rank #0: 2018-07-15 20:14:33,561 LBFGS        PARAM    0018       -457.648123          2.664412        -27.416031          5.478866         87.797512
rank #0: 2018-07-15 20:14:33,562 rsdfit.lbfgs_fitter WARNING  ...LBFGS optimization finished. Time elapsed: 0:00:36.70
rank #0: 2018-07-15 20:14:33,562 rsdfit.lbfgs_fitter ERROR    nonlinear fit with method L-BFGS-B failed: Linesearch failed in both LBFGS and gradient directions
rank #0: 2018-07-15 20:14:33,563 rsdfit.fitting_driver INFO     rank 57 on nid00568     ...fitting complete
rank #0: 2018-07-15 20:14:33,566 rsdfit.fitting_driver INFO     rank 57 on nid00568     Saving the results to `/global/cscratch1/sd/nhand/eBOSS/fits/results/mocks/ezmock/v1.8e-fph/0.0001-0.3/basemodel-N-fnl/0.8-2.2/QSO-N-0433-P0+P2-mock-cov-f224d44da7/2018-07-15_nlopt_18i_chain0__1.npz`
rank #0: 2018-07-15 20:14:33,594 pyRSD.analysis.lbfgs_results INFO     
minimum chi2 = 87.7975115199

Free parameters [ mean ]
_______________
N              : -457.648123214
b1             : 2.66441226913
f_nl           : -27.4160309192
sigma_fog      : 5.47886573637

Constrained parameters [ mean ]
_________________________
b1sigma8       : 0.965139402023
