rank #0: 2018-07-15 20:09:35,392 rsdfit.fitting_driver INFO     rank 36 on nid00570     Calling the 'nlopt' solve function
rank #0: 2018-07-15 20:09:35,393 rsdfit.lbfgs_fitter INFO     running LBFGS for 500 iterations and then stopping
rank #0: 2018-07-15 20:09:35,393 rsdfit.lbfgs_fitter INFO     running LBFGS minimizer with priors
rank #0: 2018-07-15 20:09:35,393 root         INFO     Iter           N          b1        f_nl   sigma_fog   F(X)     
rank #0: 2018-07-15 20:09:35,965 LBFGS        INFO     options = {'factr': 100000.0, 'gtol': 1e-05, 'max_iter': 500, 'test_convergence': False}
rank #0: 2018-07-15 20:09:35,966 LBFGS        PARAM    0000          0.000000          2.000000          0.000000          4.000000        122.862713
rank #0: 2018-07-15 20:09:36,611 LBFGS        PARAM    0001        117.325887          2.196408          1.752044          3.927743         96.990800
rank #0: 2018-07-15 20:09:37,205 LBFGS        PARAM    0002         49.628534          2.573753          9.325266          3.886053         82.473923
rank #0: 2018-07-15 20:09:37,801 LBFGS        PARAM    0003          8.788713          2.500393          9.648307          3.982005         80.585146
rank #0: 2018-07-15 20:09:38,396 LBFGS        PARAM    0004       -113.172846          2.492937         12.628719          4.100209         79.423791
rank #0: 2018-07-15 20:09:38,985 LBFGS        PARAM    0005       -206.910168          2.538716         17.270800          4.183288         78.267075
rank #0: 2018-07-15 20:09:39,587 LBFGS        PARAM    0006       -310.825686          2.599403         27.248667          4.185814         77.609658
rank #0: 2018-07-15 20:09:40,188 LBFGS        PARAM    0007       -318.241410          2.598637         29.835511          4.132454         77.530798
rank #0: 2018-07-15 20:09:40,775 LBFGS        PARAM    0008       -376.519569          2.573287         51.927555          3.660692         77.226271
rank #0: 2018-07-15 20:09:41,374 LBFGS        PARAM    0009       -365.201690          2.572128         47.656451          3.714644         77.216598
rank #0: 2018-07-15 20:09:41,970 LBFGS        PARAM    0010       -366.868631          2.572610         48.477364          3.709423         77.215889
rank #0: 2018-07-15 20:09:42,563 LBFGS        PARAM    0011       -366.545387          2.572509         48.658845          3.710198         77.215802
rank #0: 2018-07-15 20:09:43,155 LBFGS        PARAM    0012       -364.319028          2.572006         49.039012          3.717381         77.215609
rank #0: 2018-07-15 20:09:43,755 LBFGS        PARAM    0013       -363.237662          2.571779         49.034690          3.721153         77.215583
rank #0: 2018-07-15 20:09:44,351 LBFGS        PARAM    0014       -363.220143          2.571744         49.034695          3.721126         77.215583
rank #0: 2018-07-15 20:09:44,931 LBFGS        PARAM    0015       -363.224754          2.571745         49.033916          3.721125         77.215583
rank #0: 2018-07-15 20:09:45,528 LBFGS        PARAM    0016       -363.225090          2.571745         49.033831          3.721124         77.215583
rank #0: 2018-07-15 20:09:46,125 LBFGS        PARAM    0017       -363.225087          2.571745         49.033825          3.721124         77.215583
rank #0: 2018-07-15 20:10:12,187 LBFGS        INFO     Linesearch failed in both LBFGS and gradient directions
rank #0: 2018-07-15 20:10:12,187 LBFGS        PARAM    0017       -363.225087          2.571745         49.033825          3.721124         77.215583
rank #0: 2018-07-15 20:10:12,188 rsdfit.lbfgs_fitter WARNING  ...LBFGS optimization finished. Time elapsed: 0:00:36.22
rank #0: 2018-07-15 20:10:12,188 rsdfit.lbfgs_fitter ERROR    nonlinear fit with method L-BFGS-B failed: Linesearch failed in both LBFGS and gradient directions
rank #0: 2018-07-15 20:10:12,189 rsdfit.fitting_driver INFO     rank 36 on nid00570     ...fitting complete
rank #0: 2018-07-15 20:10:12,192 rsdfit.fitting_driver INFO     rank 36 on nid00570     Saving the results to `/global/cscratch1/sd/nhand/eBOSS/fits/results/mocks/ezmock/v1.8e-fph/0.0001-0.3/basemodel-N-fnl/0.8-2.2/QSO-S-0077-P0+P2-mock-cov-f224d44da7/2018-07-15_nlopt_17i_chain0__1.npz`
rank #0: 2018-07-15 20:10:12,224 pyRSD.analysis.lbfgs_results INFO     
minimum chi2 = 77.2155832793

Free parameters [ mean ]
_______________
N              : -363.22508681
b1             : 2.57174472565
f_nl           : 49.0338249328
sigma_fog      : 3.72112418529

Constrained parameters [ mean ]
_________________________
b1sigma8       : 0.931572112704
