rank #0: 2017-11-27 21:27:24,541 rsdfit.fitting_driver INFO     rank 155 on nid00577     Calling the 'nlopt' solve function
rank #0: 2017-11-27 21:27:24,541 rsdfit.lbfgs_fitter INFO     running LBFGS for 500 iterations and then stopping
rank #0: 2017-11-27 21:27:24,542 rsdfit.lbfgs_fitter INFO     running LBFGS minimizer with priors
rank #0: 2017-11-27 21:27:24,542 root         INFO     Iter           N   alpha_par   alpha_perp          b1           f    sigma8_z   sigma_fog   F(X)     
rank #0: 2017-11-27 21:27:25,413 LBFGS        INFO     options = {'factr': 100000.0, 'gtol': 1e-05, 'max_iter': 500, 'test_convergence': False}
rank #0: 2017-11-27 21:27:25,414 LBFGS        PARAM    0000          0.000000          1.000000          1.000000          2.000000          0.930924          0.397985          4.000000         82.984675
rank #0: 2017-11-27 21:27:26,378 LBFGS        PARAM    0001          0.023372          0.999936          0.999827          2.001702          0.931016          0.399182          3.999358         82.061832
rank #0: 2017-11-27 21:27:27,289 LBFGS        PARAM    0002        -15.766247          0.998295          0.993980          2.051071          0.933835          0.432123          3.980061         71.634068
rank #0: 2017-11-27 21:27:28,197 LBFGS        PARAM    0003        -23.109571          0.998874          0.994736          2.039834          0.933329          0.425251          3.984034         70.919606
rank #0: 2017-11-27 21:27:29,108 LBFGS        PARAM    0004        -32.479479          0.999013          0.994169          2.040529          0.933472          0.425938          3.983343         70.804360
rank #0: 2017-11-27 21:27:30,013 LBFGS        PARAM    0005       -165.380364          1.001280          0.986884          2.042720          0.935047          0.430693          3.976000         69.815759
rank #0: 2017-11-27 21:27:30,920 LBFGS        PARAM    0006       -289.803753          1.003618          0.980507          2.039980          0.936067          0.431760          3.969221         69.218359
rank #0: 2017-11-27 21:27:31,825 LBFGS        PARAM    0007       -385.519520          1.006955          0.975540          2.047072          0.931502          0.427217          3.911207         68.844054
rank #0: 2017-11-27 21:27:32,734 LBFGS        PARAM    0008       -391.083392          1.007430          0.975216          2.050071          0.930118          0.426120          3.897413         68.828820
rank #0: 2017-11-27 21:27:33,643 LBFGS        PARAM    0009       -395.785595          1.008152          0.974850          2.056530          0.927547          0.424494          3.872733         68.807458
rank #0: 2017-11-27 21:27:34,552 LBFGS        PARAM    0010       -405.631842          1.009912          0.973943          2.074603          0.920825          0.420848          3.809207         68.758526
rank #0: 2017-11-27 21:27:35,463 LBFGS        PARAM    0011       -421.757429          1.012978          0.972287          2.109674          0.908308          0.414851          3.693716         68.676129
rank #0: 2017-11-27 21:27:36,372 LBFGS        PARAM    0012       -442.012732          1.016593          0.970108          2.159598          0.890843          0.407611          3.546703         68.562479
rank #0: 2017-11-27 21:27:37,281 LBFGS        PARAM    0013       -486.227383          1.016893          0.966651          2.250537          0.855485          0.395291          3.436304         68.401551
rank #0: 2017-11-27 21:27:38,191 LBFGS        PARAM    0014       -483.231702          1.023307          0.957302          2.301378          0.827782          0.390521          3.344272         68.273555
rank #0: 2017-11-27 21:27:39,101 LBFGS        PARAM    0015       -480.645912          1.022991          0.955981          2.320606          0.818359          0.387940          3.346756         68.251021
rank #0: 2017-11-27 21:27:40,013 LBFGS        PARAM    0016       -467.987340          1.026020          0.945202          2.370621          0.794579          0.379869          3.354652         68.166704
rank #0: 2017-11-27 21:27:40,986 LBFGS        PARAM    0017       -441.124258          1.031682          0.926550          2.443732          0.759270          0.367683          3.379035         68.025846
rank #0: 2017-11-27 21:27:41,960 LBFGS        PARAM    0018       -433.831527          1.033045          0.922038          2.459872          0.751276          0.364978          3.387829         67.991833
rank #0: 2017-11-27 21:27:42,934 LBFGS        PARAM    0019       -408.487531          1.037267          0.907772          2.506913          0.727368          0.357044          3.425364         67.884671
rank #0: 2017-11-27 21:27:43,911 LBFGS        PARAM    0020       -346.615374          1.046612          0.875763          2.603161          0.677067          0.340577          3.533030         67.696782
rank #0: 2017-11-27 21:27:44,829 LBFGS        PARAM    0021       -261.694294          1.055296          0.842455          2.668928          0.636531          0.328268          3.753161         67.619306
rank #0: 2017-11-27 21:27:45,743 LBFGS        PARAM    0022       -282.272387          1.054994          0.850813          2.633021          0.655202          0.334043          3.756307         67.571216
rank #0: 2017-11-27 21:27:46,652 LBFGS        PARAM    0023       -295.876240          1.059591          0.858710          2.576872          0.685159          0.341797          3.796864         67.500231
rank #0: 2017-11-27 21:27:47,561 LBFGS        PARAM    0024       -275.543422          1.070788          0.856937          2.561260          0.693404          0.344219          3.950941         67.439607
rank #0: 2017-11-27 21:27:48,473 LBFGS        PARAM    0025       -242.598635          1.102554          0.845132          2.596357          0.678527          0.341375          4.286285         67.338383
rank #0: 2017-11-27 21:27:49,382 LBFGS        PARAM    0026       -211.501251          1.143227          0.836635          2.663265          0.649416          0.336798          4.641051         67.245965
rank #0: 2017-11-27 21:27:50,294 LBFGS        PARAM    0027       -204.486900          1.195630          0.830644          2.759334          0.607003          0.331595          5.042514         67.152866
rank #0: 2017-11-27 21:27:51,209 LBFGS        PARAM    0028       -212.475375          1.242855          0.831996          2.846410          0.566244          0.329060          5.367779         67.085830
rank #0: 2017-11-27 21:27:52,126 LBFGS        PARAM    0029       -230.205820          1.261138          0.831964          2.903797          0.537803          0.325834          5.436641         67.064227
rank #0: 2017-11-27 21:27:53,046 LBFGS        PARAM    0030       -239.094166          1.261326          0.832432          2.924084          0.524524          0.324452          5.387795         67.057014
rank #0: 2017-11-27 21:27:53,961 LBFGS        PARAM    0031       -242.053397          1.257904          0.831590          2.932821          0.518722          0.323102          5.332131         67.055808
rank #0: 2017-11-27 21:27:54,880 LBFGS        PARAM    0032       -240.991620          1.256386          0.831712          2.929493          0.519957          0.323338          5.323067         67.055725
rank #0: 2017-11-27 21:27:55,795 LBFGS        PARAM    0033       -240.735245          1.256409          0.831640          2.929415          0.520080          0.323314          5.323567         67.055719
rank #0: 2017-11-27 21:27:56,710 LBFGS        PARAM    0034       -240.671027          1.256399          0.831624          2.929386          0.520101          0.323309          5.323356         67.055719
rank #0: 2017-11-27 21:27:57,624 LBFGS        PARAM    0035       -240.663055          1.256412          0.831620          2.929407          0.520089          0.323308          5.323325         67.055718
rank #0: 2017-11-27 21:27:58,539 LBFGS        PARAM    0036       -240.666335          1.256420          0.831621          2.929423          0.520080          0.323308          5.323348         67.055718
rank #0: 2017-11-27 21:27:59,455 LBFGS        PARAM    0037       -240.667069          1.256422          0.831621          2.929426          0.520078          0.323308          5.323357         67.055718
rank #0: 2017-11-27 21:28:13,411 LBFGS        PARAM    0038       -240.667069          1.256422          0.831621          2.929426          0.520078          0.323308          5.323357         67.055718
rank #0: 2017-11-27 21:28:14,329 LBFGS        PARAM    0039       -240.667070          1.256422          0.831621          2.929426          0.520078          0.323308          5.323357         67.055718
rank #0: 2017-11-27 21:28:15,245 LBFGS        PARAM    0040       -240.667066          1.256422          0.831621          2.929426          0.520078          0.323308          5.323357         67.055718
rank #0: 2017-11-27 21:28:16,162 LBFGS        PARAM    0041       -240.666984          1.256422          0.831621          2.929427          0.520078          0.323308          5.323357         67.055718
rank #0: 2017-11-27 21:28:17,203 LBFGS        PARAM    0042       -240.666938          1.256422          0.831621          2.929427          0.520078          0.323308          5.323357         67.055718
rank #0: 2017-11-27 21:28:18,430 LBFGS        PARAM    0043       -240.666925          1.256422          0.831621          2.929427          0.520078          0.323308          5.323357         67.055718
rank #0: 2017-11-27 21:28:19,839 LBFGS        PARAM    0044       -240.666921          1.256422          0.831621          2.929427          0.520078          0.323308          5.323357         67.055718
rank #0: 2017-11-27 21:28:20,877 LBFGS        PARAM    0045       -240.666885          1.256422          0.831621          2.929427          0.520078          0.323308          5.323357         67.055718
rank #0: 2017-11-27 21:28:22,349 LBFGS        PARAM    0046       -240.666884          1.256422          0.831621          2.929427          0.520078          0.323308          5.323357         67.055718
rank #0: 2017-11-27 21:28:23,571 LBFGS        PARAM    0047       -240.666866          1.256422          0.831621          2.929427          0.520078          0.323308          5.323357         67.055718
rank #0: 2017-11-27 21:28:37,589 LBFGS        PARAM    0048       -240.666868          1.256422          0.831621          2.929427          0.520078          0.323308          5.323357         67.055718
rank #0: 2017-11-27 21:29:01,912 LBFGS        INFO     Linesearch failed in both LBFGS and gradient directions
rank #0: 2017-11-27 21:29:01,912 LBFGS        PARAM    0048       -240.666868          1.256422          0.831621          2.929427          0.520078          0.323308          5.323357         67.055718
rank #0: 2017-11-27 21:29:01,913 rsdfit.lbfgs_fitter WARNING  ...LBFGS optimization finished. Time elapsed: 0:01:36.50
rank #0: 2017-11-27 21:29:01,913 rsdfit.lbfgs_fitter ERROR    nonlinear fit with method L-BFGS-B failed: Linesearch failed in both LBFGS and gradient directions
rank #0: 2017-11-27 21:29:01,914 rsdfit.fitting_driver INFO     rank 155 on nid00577     ...fitting complete
rank #0: 2017-11-27 21:29:01,917 rsdfit.fitting_driver INFO     rank 155 on nid00577     Saving the results to `/global/cscratch1/sd/nhand/eBOSS/fits/results/mocks/ezmock/v1.8e-fph/0.0001-0.3/basemodel-fs8-alphas-N/0.8-2.2/QSO-S-0861-P0+P2-mock-cov-976ba3841e/2017-11-27_nlopt_48i_chain0__1.npz`
rank #0: 2017-11-27 21:29:01,937 pyRSD.analysis.lbfgs_results INFO     
minimum chi2 = 67.0557184576

Free parameters [ mean ]
_______________
N              : -240.666868246
alpha_par      : 1.25642153989
alpha_perp     : 0.831620722304
b1             : 2.92942737204
f              : 0.520078396177
sigma8_z       : 0.323307598733
sigma_fog      : 5.32335723081

Constrained parameters [ mean ]
_________________________
F_AP           : 1.51081076528
alpha          : 0.954249613629
b1sigma8       : 0.947106129316
epsilon        : 0.14745771484
fsigma8        : 0.168145297421
