rank #0: 2019-02-16 13:16:11,041 rsdfit.fitting_driver INFO     rank 12 on nid00599     Calling the 'nlopt' solve function
rank #0: 2019-02-16 13:16:11,042 rsdfit.lbfgs_fitter INFO     running LBFGS for 500 iterations and then stopping
rank #0: 2019-02-16 13:16:11,042 rsdfit.lbfgs_fitter INFO     running LBFGS minimizer with priors
rank #0: 2019-02-16 13:16:11,043 root         INFO     Iter           N          b1        f_nl   sigma_fog   F(X)     
rank #0: 2019-02-16 13:16:11,043 rsdfit.lbfgs_fitter INFO     computing gradient using numerical derivative of lnlike()
rank #0: 2019-02-16 13:16:11,611 LBFGS        INFO     options = {'factr': 100000.0, 'gtol': 1e-05, 'max_iter': 500, 'test_convergence': False}
rank #0: 2019-02-16 13:16:11,612 LBFGS        PARAM    0000          0.000000          2.000000          0.000000          4.000000         85.757971
rank #0: 2019-02-16 13:16:12,261 LBFGS        PARAM    0001         24.191497          2.065819          0.993490          3.976059         78.409929
rank #0: 2019-02-16 13:16:12,843 LBFGS        PARAM    0002        -18.865637          2.210659          3.755972          3.966061         72.109940
rank #0: 2019-02-16 13:16:13,427 LBFGS        PARAM    0003        -78.865584          2.223762          4.097230          3.997449         71.125870
rank #0: 2019-02-16 13:16:14,007 LBFGS        PARAM    0004       -248.423828          2.263721          4.251653          4.055715         69.976325
rank #0: 2019-02-16 13:16:14,588 LBFGS        PARAM    0005       -255.468544          2.263603          3.208180          4.026196         69.945184
rank #0: 2019-02-16 13:16:15,165 LBFGS        PARAM    0006       -303.362834          2.269595         -5.264674          3.815455         69.832257
rank #0: 2019-02-16 13:16:15,746 LBFGS        PARAM    0007       -307.431988          2.274127        -12.144991          3.825326         69.790232
rank #0: 2019-02-16 13:16:16,322 LBFGS        PARAM    0008       -320.659852          2.299868        -41.607215          3.889566         69.664558
rank #0: 2019-02-16 13:16:16,897 LBFGS        PARAM    0009       -353.135485          2.341744        -90.377508          3.938464         69.433930
rank #0: 2019-02-16 13:16:16,899 LBFGS        INFO     LBFGS iteration 9: the descent direction does not have a sufficient projection (cos(theta)=-9.64e-01, theta=164.6781) into the gradient; using steepest descent at this step!
rank #0: 2019-02-16 13:16:17,476 LBFGS        PARAM    0010       -356.099012          2.341606        -91.428047          3.940717         69.427940
rank #0: 2019-02-16 13:16:18,051 LBFGS        PARAM    0011       -366.869746          2.344812        -96.762555          3.948477         69.402375
rank #0: 2019-02-16 13:16:18,623 LBFGS        PARAM    0012       -402.005203          2.361541       -117.322511          3.973107         69.328027
rank #0: 2019-02-16 13:16:19,194 LBFGS        PARAM    0013       -430.177891          2.382221       -138.720220          3.992130         69.277908
rank #0: 2019-02-16 13:16:19,765 LBFGS        PARAM    0014       -386.664038          2.374327       -142.968872          3.963565         69.212942
rank #0: 2019-02-16 13:16:20,335 LBFGS        PARAM    0015       -393.164960          2.379909       -139.213918          3.970439         69.183198
rank #0: 2019-02-16 13:16:20,907 LBFGS        PARAM    0016       -397.773894          2.385891       -141.064264          3.976134         69.179555
rank #0: 2019-02-16 13:16:21,479 LBFGS        PARAM    0017       -395.068128          2.384331       -139.735736          3.975176         69.179233
rank #0: 2019-02-16 13:16:22,051 LBFGS        PARAM    0018       -393.279655          2.384486       -140.089262          3.985332         69.178965
rank #0: 2019-02-16 13:16:22,626 LBFGS        PARAM    0019       -393.151995          2.384523       -140.096450          3.986169         69.178963
rank #0: 2019-02-16 13:16:23,200 LBFGS        PARAM    0020       -393.146282          2.384519       -140.096072          3.986162         69.178963
rank #0: 2019-02-16 13:16:23,844 LBFGS        PARAM    0021       -393.146675          2.384519       -140.095991          3.986162         69.178963
rank #0: 2019-02-16 13:16:24,418 LBFGS        PARAM    0022       -393.146671          2.384519       -140.095985          3.986162         69.178963
rank #0: 2019-02-16 13:16:49,436 LBFGS        INFO     Linesearch failed in both LBFGS and gradient directions
rank #0: 2019-02-16 13:16:49,437 LBFGS        PARAM    0022       -393.146671          2.384519       -140.095985          3.986162         69.178963
rank #0: 2019-02-16 13:16:49,438 rsdfit.lbfgs_fitter WARNING  ...LBFGS optimization finished. Time elapsed: 0:00:37.83
rank #0: 2019-02-16 13:16:49,439 rsdfit.lbfgs_fitter ERROR    nonlinear fit with method L-BFGS-B failed: Linesearch failed in both LBFGS and gradient directions
rank #0: 2019-02-16 13:16:49,440 rsdfit.fitting_driver INFO     rank 12 on nid00599     ...fitting complete
rank #0: 2019-02-16 13:16:49,516 rsdfit.fitting_driver INFO     rank 12 on nid00599     Saving the results to `/global/cscratch1/sd/nhand/eBOSS/fits/results/mocks/ezmock/v1.8e-fph/0.005-0.3/basemodel-N-fnl/0.8-2.2/QSO-S-0723-P0+P2-mock-cov-4b67b814a6/2019-02-16_nlopt_22i_chain0__1.npz`
rank #0: 2019-02-16 13:16:49,523 pyRSD.analysis.lbfgs_results INFO     
minimum chi2 = 69.17896336519463

Free parameters [ mean ]
_______________
N              : -393.1466714468426
b1             : 2.384519095491926
f_nl           : -140.0959848282151
sigma_fog      : 3.9861616400496196

Constrained parameters [ mean ]
_________________________
b1sigma8       : 0.949785456280657
