rank #0: 2018-12-30 16:35:41,260 rsdfit.fitting_driver INFO     rank 37 on nid00554     Calling the 'nlopt' solve function
rank #0: 2018-12-30 16:35:41,261 rsdfit.lbfgs_fitter INFO     running LBFGS for 500 iterations and then stopping
rank #0: 2018-12-30 16:35:41,262 rsdfit.lbfgs_fitter INFO     running LBFGS minimizer with priors
rank #0: 2018-12-30 16:35:41,262 root         INFO     Iter           N          b1        f_nl   sigma_fog   F(X)     
rank #0: 2018-12-30 16:35:41,262 rsdfit.lbfgs_fitter INFO     computing gradient using numerical derivative of lnlike()
rank #0: 2018-12-30 16:35:42,468 LBFGS        INFO     options = {'factr': 100000.0, 'gtol': 1e-05, 'max_iter': 500, 'test_convergence': False}
rank #0: 2018-12-30 16:35:42,469 LBFGS        PARAM    0000          0.000000          2.000000          0.000000          4.000000        136.813235
rank #0: 2018-12-30 16:35:43,839 LBFGS        PARAM    0001         -0.124672          2.104369          2.233447          3.994300        115.534615
rank #0: 2018-12-30 16:35:45,086 LBFGS        PARAM    0002       -217.132813          2.393748         11.315726          4.127557         88.617094
rank #0: 2018-12-30 16:35:46,324 LBFGS        PARAM    0003       -358.177375          2.401584         12.403626          4.252005         81.869597
rank #0: 2018-12-30 16:35:47,551 LBFGS        PARAM    0004       -559.679888          2.437429         14.416961          4.430530         78.819095
rank #0: 2018-12-30 16:35:48,809 LBFGS        PARAM    0005       -550.960169          2.431800         13.613057          4.431104         78.801339
rank #0: 2018-12-30 16:35:50,042 LBFGS        PARAM    0006       -549.331937          2.432179         13.134500          4.436546         78.795977
rank #0: 2018-12-30 16:35:51,279 LBFGS        PARAM    0007       -544.721587          2.436696         10.397855          4.481930         78.778294
rank #0: 2018-12-30 16:35:52,523 LBFGS        PARAM    0008       -543.382380          2.437050         10.352709          4.491503         78.777890
rank #0: 2018-12-30 16:35:53,758 LBFGS        PARAM    0009       -542.646188          2.437016         10.445650          4.495188         78.777838
rank #0: 2018-12-30 16:35:55,013 LBFGS        PARAM    0010       -542.607880          2.436989         10.468599          4.495270         78.777838
rank #0: 2018-12-30 16:35:56,245 LBFGS        PARAM    0011       -542.611238          2.436988         10.469835          4.495254         78.777838
rank #0: 2018-12-30 16:35:57,477 LBFGS        PARAM    0012       -542.611415          2.436988         10.469844          4.495253         78.777838
rank #0: 2018-12-30 16:35:58,874 LBFGS        PARAM    0013       -542.611417          2.436988         10.469844          4.495253         78.777838
rank #0: 2018-12-30 16:35:58,876 LBFGS        INFO     LBFGS iteration 13: the descent direction does not have a sufficient projection (cos(theta)=-2.93e-02, theta=91.6774) into the gradient; using steepest descent at this step!
rank #0: 2018-12-30 16:36:00,252 LBFGS        PARAM    0014       -542.611421          2.436988         10.469844          4.495253         78.777838
rank #0: 2018-12-30 16:36:01,485 LBFGS        PARAM    0015       -542.611421          2.436988         10.469844          4.495253         78.777838
rank #0: 2018-12-30 16:36:57,323 LBFGS        INFO     Linesearch failed in both LBFGS and gradient directions
rank #0: 2018-12-30 16:36:57,324 LBFGS        PARAM    0015       -542.611421          2.436988         10.469844          4.495253         78.777838
rank #0: 2018-12-30 16:36:57,325 rsdfit.lbfgs_fitter WARNING  ...LBFGS optimization finished. Time elapsed: 0:01:14.86
rank #0: 2018-12-30 16:36:57,326 rsdfit.lbfgs_fitter ERROR    nonlinear fit with method L-BFGS-B failed: Linesearch failed in both LBFGS and gradient directions
rank #0: 2018-12-30 16:36:57,327 rsdfit.fitting_driver INFO     rank 37 on nid00554     ...fitting complete
rank #0: 2018-12-30 16:36:57,330 rsdfit.fitting_driver INFO     rank 37 on nid00554     Saving the results to `/global/cscratch1/sd/nhand/eBOSS/fits/results/mocks/ezmock/v1.8e-fph/0.0001-0.3/basemodel-N-fnl/0.8-2.2/QSO-N-0366-P0+P2-mock-cov-baf378684d/2018-12-30_nlopt_15i_chain0__1.npz`
rank #0: 2018-12-30 16:36:57,577 pyRSD.analysis.lbfgs_results INFO     
minimum chi2 = 78.7778375062

Free parameters [ mean ]
_______________
N              : -542.611420823
b1             : 2.43698817792
f_nl           : 10.4698439675
sigma_fog      : 4.4952533743

Constrained parameters [ mean ]
_________________________
b1sigma8       : 0.913591064866
