rank #0: 2018-10-04 22:27:45,517 rsdfit.fitting_driver INFO     rank 38 on nid12889     Calling the 'nlopt' solve function
rank #0: 2018-10-04 22:27:45,519 rsdfit.lbfgs_fitter INFO     running LBFGS for 500 iterations and then stopping
rank #0: 2018-10-04 22:27:45,519 rsdfit.lbfgs_fitter INFO     running LBFGS minimizer with priors
rank #0: 2018-10-04 22:27:45,520 root         INFO     Iter           N          b1        f_nl   sigma_fog   F(X)     
rank #0: 2018-10-04 22:27:45,521 rsdfit.lbfgs_fitter INFO     computing gradient using numerical derivative of lnlike()
rank #0: 2018-10-04 22:27:46,672 LBFGS        INFO     options = {'factr': 100000.0, 'gtol': 1e-05, 'max_iter': 500, 'test_convergence': False}
rank #0: 2018-10-04 22:27:46,673 LBFGS        PARAM    0000          0.000000          2.000000          0.000000          4.000000        100.655046
rank #0: 2018-10-04 22:27:48,012 LBFGS        PARAM    0001          3.644099          2.091801          2.044500          3.993947         91.598091
rank #0: 2018-10-04 22:27:49,196 LBFGS        PARAM    0002       -174.649276          2.344696         10.309338          4.095181         80.141855
rank #0: 2018-10-04 22:27:50,397 LBFGS        PARAM    0003       -305.674912          2.359446         11.844871          4.192403         77.356237
rank #0: 2018-10-04 22:27:51,583 LBFGS        PARAM    0004       -493.718460          2.390021         14.464599          4.318372         75.984238
rank #0: 2018-10-04 22:27:52,771 LBFGS        PARAM    0005       -492.581555          2.386460         14.449381          4.301810         75.977001
rank #0: 2018-10-04 22:27:53,983 LBFGS        PARAM    0006       -496.272198          2.383778         14.689143          4.264455         75.966857
rank #0: 2018-10-04 22:27:55,174 LBFGS        PARAM    0007       -509.238518          2.383051         15.440993          4.196513         75.954892
rank #0: 2018-10-04 22:27:56,388 LBFGS        PARAM    0008       -516.162089          2.384899         16.271583          4.177343         75.952508
rank #0: 2018-10-04 22:27:57,581 LBFGS        PARAM    0009       -516.435261          2.384943         16.322303          4.177378         75.952499
rank #0: 2018-10-04 22:27:58,787 LBFGS        PARAM    0010       -516.435293          2.384888         16.407676          4.177622         75.952487
rank #0: 2018-10-04 22:27:59,985 LBFGS        PARAM    0011       -516.066105          2.384671         16.556241          4.178033         75.952474
rank #0: 2018-10-04 22:28:01,177 LBFGS        PARAM    0012       -515.895504          2.384601         16.575638          4.178086         75.952473
rank #0: 2018-10-04 22:28:02,388 LBFGS        PARAM    0013       -515.880340          2.384597         16.574450          4.178088         75.952473
rank #0: 2018-10-04 22:28:03,580 LBFGS        PARAM    0014       -515.880131          2.384597         16.574097          4.178087         75.952473
rank #0: 2018-10-04 22:28:04,790 LBFGS        PARAM    0015       -515.880150          2.384597         16.574074          4.178087         75.952473
rank #0: 2018-10-04 22:28:05,979 LBFGS        PARAM    0016       -515.880167          2.384597         16.574075          4.178087         75.952473
rank #0: 2018-10-04 22:28:07,303 LBFGS        PARAM    0017       -515.880186          2.384597         16.574076          4.178087         75.952473
rank #0: 2018-10-04 22:28:36,240 LBFGS        PARAM    0018       -515.880189          2.384597         16.574076          4.178087         75.952473
rank #0: 2018-10-04 22:29:29,038 LBFGS        INFO     Linesearch failed in both LBFGS and gradient directions
rank #0: 2018-10-04 22:29:29,040 LBFGS        PARAM    0018       -515.880189          2.384597         16.574076          4.178087         75.952473
rank #0: 2018-10-04 22:29:29,041 rsdfit.lbfgs_fitter WARNING  ...LBFGS optimization finished. Time elapsed: 0:01:42.37
rank #0: 2018-10-04 22:29:29,042 rsdfit.lbfgs_fitter ERROR    nonlinear fit with method L-BFGS-B failed: Linesearch failed in both LBFGS and gradient directions
rank #0: 2018-10-04 22:29:29,044 rsdfit.fitting_driver INFO     rank 38 on nid12889     ...fitting complete
rank #0: 2018-10-04 22:29:29,048 rsdfit.fitting_driver INFO     rank 38 on nid12889     Saving the results to `/global/cscratch1/sd/nhand/eBOSS/fits/results/mocks/ezmock/v1.8e-fph/0.005-0.3/basemodel-N-fnl/0.8-2.2/QSO-S-0811-P0+P2-mock-cov-96ccb1008d/2018-10-04_nlopt_18i_chain0__1.npz`
rank #0: 2018-10-04 22:29:29,141 pyRSD.analysis.lbfgs_results INFO     
minimum chi2 = 75.9524730199

Free parameters [ mean ]
_______________
N              : -515.880189344
b1             : 2.38459730082
f_nl           : 16.5740760577
sigma_fog      : 4.17808681516

Constrained parameters [ mean ]
_________________________
b1sigma8       : 0.893950494742
