rank #0: 2018-07-15 20:01:04,323 rsdfit.fitting_driver INFO     rank 18 on nid00607     Calling the 'nlopt' solve function
rank #0: 2018-07-15 20:01:04,324 rsdfit.lbfgs_fitter INFO     running LBFGS for 500 iterations and then stopping
rank #0: 2018-07-15 20:01:04,325 rsdfit.lbfgs_fitter INFO     running LBFGS minimizer with priors
rank #0: 2018-07-15 20:01:04,325 root         INFO     Iter           N          b1        f_nl   sigma_fog   F(X)     
rank #0: 2018-07-15 20:01:04,881 LBFGS        INFO     options = {'factr': 100000.0, 'gtol': 1e-05, 'max_iter': 500, 'test_convergence': False}
rank #0: 2018-07-15 20:01:04,882 LBFGS        PARAM    0000          0.000000          2.000000          0.000000          4.000000        100.481341
rank #0: 2018-07-15 20:01:05,535 LBFGS        PARAM    0001          8.330900          2.077741          0.664477          3.977932         91.354992
rank #0: 2018-07-15 20:01:06,123 LBFGS        PARAM    0002       -109.757753          2.265705          3.534524          3.982779         81.396008
rank #0: 2018-07-15 20:01:06,709 LBFGS        PARAM    0003       -224.169141          2.292988          4.618998          4.025659         78.812393
rank #0: 2018-07-15 20:01:07,287 LBFGS        PARAM    0004       -468.275077          2.331693          7.859271          4.033501         76.460623
rank #0: 2018-07-15 20:01:07,880 LBFGS        PARAM    0005       -487.027751          2.333633          8.936867          3.976625         76.349968
rank #0: 2018-07-15 20:01:08,474 LBFGS        PARAM    0006       -566.319714          2.327156         18.368208          3.552351         75.947357
rank #0: 2018-07-15 20:01:09,054 LBFGS        PARAM    0007       -559.919212          2.324336         24.069037          3.546600         75.910011
rank #0: 2018-07-15 20:01:09,650 LBFGS        PARAM    0008       -543.621160          2.315340         36.814426          3.563089         75.877014
rank #0: 2018-07-15 20:01:10,245 LBFGS        PARAM    0009       -544.806954          2.316499         35.508733          3.569246         75.876507
rank #0: 2018-07-15 20:01:10,839 LBFGS        PARAM    0010       -544.662232          2.316409         35.579016          3.569354         75.876505
rank #0: 2018-07-15 20:01:11,418 LBFGS        PARAM    0011       -544.663567          2.316412         35.581945          3.569377         75.876505
rank #0: 2018-07-15 20:01:12,012 LBFGS        PARAM    0012       -544.665537          2.316413         35.581926          3.569376         75.876505
rank #0: 2018-07-15 20:01:12,606 LBFGS        PARAM    0013       -544.665690          2.316412         35.581937          3.569377         75.876505
rank #0: 2018-07-15 20:01:13,251 LBFGS        PARAM    0014       -544.665688          2.316412         35.581938          3.569377         75.876505
rank #0: 2018-07-15 20:01:37,867 LBFGS        INFO     Linesearch failed in both LBFGS and gradient directions
rank #0: 2018-07-15 20:01:37,869 LBFGS        PARAM    0014       -544.665688          2.316412         35.581938          3.569377         75.876505
rank #0: 2018-07-15 20:01:37,870 rsdfit.lbfgs_fitter WARNING  ...LBFGS optimization finished. Time elapsed: 0:00:32.99
rank #0: 2018-07-15 20:01:37,871 rsdfit.lbfgs_fitter ERROR    nonlinear fit with method L-BFGS-B failed: Linesearch failed in both LBFGS and gradient directions
rank #0: 2018-07-15 20:01:37,872 rsdfit.fitting_driver INFO     rank 18 on nid00607     ...fitting complete
rank #0: 2018-07-15 20:01:37,877 rsdfit.fitting_driver INFO     rank 18 on nid00607     Saving the results to `/global/cscratch1/sd/nhand/eBOSS/fits/results/mocks/ezmock/v1.8e-fph/0.0001-0.3/basemodel-N-fnl/0.8-2.2/QSO-S-0641-P0+P2-mock-cov-a8bcb55756/2018-07-15_nlopt_14i_chain0__1.npz`
rank #0: 2018-07-15 20:01:37,923 pyRSD.analysis.lbfgs_results INFO     
minimum chi2 = 75.8765047494

Free parameters [ mean ]
_______________
N              : -544.665687972
b1             : 2.3164124958
f_nl           : 35.5819375508
sigma_fog      : 3.56937662068

Constrained parameters [ mean ]
_________________________
b1sigma8       : 0.922657697905
