rank #0: 2017-11-27 22:43:26,534 rsdfit.fitting_driver INFO     rank 136 on nid00481     Calling the 'nlopt' solve function
rank #0: 2017-11-27 22:43:26,534 rsdfit.lbfgs_fitter INFO     running LBFGS for 500 iterations and then stopping
rank #0: 2017-11-27 22:43:26,534 rsdfit.lbfgs_fitter INFO     running LBFGS minimizer with priors
rank #0: 2017-11-27 22:43:26,534 root         INFO     Iter          b1        f_nl   sigma_fog   F(X)     
rank #0: 2017-11-27 22:43:26,825 LBFGS        INFO     options = {'factr': 100000.0, 'gtol': 1e-05, 'max_iter': 500, 'test_convergence': False}
rank #0: 2017-11-27 22:43:26,825 LBFGS        PARAM    0000          2.000000          0.000000          4.000000         36.662389
rank #0: 2017-11-27 22:43:27,155 LBFGS        PARAM    0001          2.111954          1.646978          3.994398         28.298367
rank #0: 2017-11-27 22:43:27,443 LBFGS        PARAM    0002          2.363239          9.151449          3.983988         22.449956
rank #0: 2017-11-27 22:43:27,731 LBFGS        PARAM    0003          2.301740          7.393744          3.989394         21.935036
rank #0: 2017-11-27 22:43:28,019 LBFGS        PARAM    0004          2.309016          8.018134          3.991119         21.921537
rank #0: 2017-11-27 22:43:28,307 LBFGS        PARAM    0005          2.309778          8.602302          3.994134         21.918465
rank #0: 2017-11-27 22:43:28,597 LBFGS        PARAM    0006          2.311449         14.991551          4.028613         21.892715
rank #0: 2017-11-27 22:43:28,885 LBFGS        PARAM    0007          2.307827         27.745625          4.099042         21.853103
rank #0: 2017-11-27 22:43:29,176 LBFGS        PARAM    0008          2.295618         44.109605          4.192251         21.810623
rank #0: 2017-11-27 22:43:29,467 LBFGS        PARAM    0009          2.283259         48.469454          4.254939         21.769046
rank #0: 2017-11-27 22:43:29,756 LBFGS        PARAM    0010          2.276825         47.538802          4.280789         21.759490
rank #0: 2017-11-27 22:43:30,045 LBFGS        PARAM    0011          2.276299         48.444315          4.288328         21.759263
rank #0: 2017-11-27 22:43:30,335 LBFGS        PARAM    0012          2.276382         48.693346          4.310394         21.758211
rank #0: 2017-11-27 22:43:30,624 LBFGS        PARAM    0013          2.282458         53.501620          5.378141         21.721632
rank #0: 2017-11-27 22:43:30,915 LBFGS        PARAM    0014          2.293188         51.859102          6.566784         21.692764
rank #0: 2017-11-27 22:43:31,205 LBFGS        PARAM    0015          2.304036         43.726179          7.174042         21.671257
rank #0: 2017-11-27 22:43:31,495 LBFGS        PARAM    0016          2.306118         38.401028          7.032822         21.665161
rank #0: 2017-11-27 22:43:31,783 LBFGS        PARAM    0017          2.306408         37.693077          7.111568         21.664921
rank #0: 2017-11-27 22:43:32,071 LBFGS        PARAM    0018          2.306323         37.721121          7.094558         21.664915
rank #0: 2017-11-27 22:43:32,359 LBFGS        PARAM    0019          2.306323         37.718909          7.094550         21.664915
rank #0: 2017-11-27 22:43:32,647 LBFGS        PARAM    0020          2.306323         37.718812          7.094549         21.664915
rank #0: 2017-11-27 22:43:32,935 LBFGS        PARAM    0021          2.306323         37.718807          7.094550         21.664915
rank #0: 2017-11-27 22:43:33,222 LBFGS        PARAM    0022          2.306323         37.718806          7.094550         21.664915
rank #0: 2017-11-27 22:43:48,835 LBFGS        INFO     Linesearch failed in both LBFGS and gradient directions
rank #0: 2017-11-27 22:43:48,836 LBFGS        PARAM    0022          2.306323         37.718806          7.094550         21.664915
rank #0: 2017-11-27 22:43:48,836 rsdfit.lbfgs_fitter WARNING  ...LBFGS optimization finished. Time elapsed: 0:00:22.01
rank #0: 2017-11-27 22:43:48,836 rsdfit.lbfgs_fitter ERROR    nonlinear fit with method L-BFGS-B failed: Linesearch failed in both LBFGS and gradient directions
rank #0: 2017-11-27 22:43:48,836 rsdfit.fitting_driver INFO     rank 136 on nid00481     ...fitting complete
rank #0: 2017-11-27 22:43:48,838 rsdfit.fitting_driver INFO     rank 136 on nid00481     Saving the results to `/global/cscratch1/sd/nhand/eBOSS/fits/results/mocks/ezmock/v1.8e-fph/0.0001-0.05/basemodel-fnl/0.8-2.2/QSO-N-0295-P0+P2-mock-cov-b6abb0373d/2017-11-27_nlopt_22i_chain0__1.npz`
rank #0: 2017-11-27 22:43:48,858 pyRSD.analysis.lbfgs_results INFO     
minimum chi2 = 21.6649146639

Free parameters [ mean ]
_______________
b1             : 2.30632299171
f_nl           : 37.7188064177
sigma_fog      : 7.09454963155

Constrained parameters [ mean ]
_________________________
b1sigma8       : 0.918076549406
