rank #0: 2018-07-16 20:16:46,932 rsdfit.fitting_driver INFO     rank 4 on nid00608     Calling the 'nlopt' solve function
rank #0: 2018-07-16 20:16:46,933 rsdfit.lbfgs_fitter INFO     running LBFGS for 500 iterations and then stopping
rank #0: 2018-07-16 20:16:46,934 rsdfit.lbfgs_fitter INFO     running LBFGS minimizer with priors
rank #0: 2018-07-16 20:16:46,934 root         INFO     Iter           N          b1        f_nl   sigma_fog   F(X)     
rank #0: 2018-07-16 20:16:47,515 LBFGS        INFO     options = {'factr': 100000.0, 'gtol': 1e-05, 'max_iter': 500, 'test_convergence': False}
rank #0: 2018-07-16 20:16:47,516 LBFGS        PARAM    0000          0.000000          2.000000          0.000000          4.000000        127.045588
rank #0: 2018-07-16 20:16:48,164 LBFGS        PARAM    0001         48.728253          2.146449          1.348586          3.988171        100.632634
rank #0: 2018-07-16 20:16:48,760 LBFGS        PARAM    0002        -65.898934          2.467319          7.668797          4.140226         78.005148
rank #0: 2018-07-16 20:16:49,360 LBFGS        PARAM    0003       -209.135731          2.484669          9.272172          4.282544         71.806264
rank #0: 2018-07-16 20:16:49,940 LBFGS        PARAM    0004       -492.796555          2.558204         14.760676          4.585665         67.383292
rank #0: 2018-07-16 20:16:50,541 LBFGS        PARAM    0005       -473.395166          2.543053         16.831183          4.595190         67.268341
rank #0: 2018-07-16 20:16:51,142 LBFGS        PARAM    0006       -448.161590          2.530197         22.185601          4.633609         67.118563
rank #0: 2018-07-16 20:16:51,741 LBFGS        PARAM    0007       -386.047099          2.504776         42.516240          4.787031         66.725255
rank #0: 2018-07-16 20:16:52,328 LBFGS        PARAM    0008       -347.772982          2.491431         68.626912          4.923642         66.356856
rank #0: 2018-07-16 20:16:52,928 LBFGS        PARAM    0009       -360.301813          2.481956         98.695514          4.850425         66.048289
rank #0: 2018-07-16 20:16:53,531 LBFGS        PARAM    0010       -388.900537          2.483805        105.629089          4.734183         65.988253
rank #0: 2018-07-16 20:16:54,118 LBFGS        PARAM    0011       -399.218638          2.485001        104.243246          4.689640         65.982400
rank #0: 2018-07-16 20:16:54,717 LBFGS        PARAM    0012       -399.852840          2.483989        104.124643          4.679526         65.981937
rank #0: 2018-07-16 20:16:55,319 LBFGS        PARAM    0013       -399.837670          2.484052        104.118963          4.679598         65.981936
rank #0: 2018-07-16 20:16:55,908 LBFGS        PARAM    0014       -399.847006          2.484055        104.116305          4.679586         65.981936
rank #0: 2018-07-16 20:16:56,501 LBFGS        PARAM    0015       -399.848553          2.484056        104.115705          4.679583         65.981936
rank #0: 2018-07-16 20:16:57,102 LBFGS        PARAM    0016       -399.848595          2.484056        104.115700          4.679583         65.981936
rank #0: 2018-07-16 20:16:57,700 LBFGS        PARAM    0017       -399.848578          2.484056        104.115702          4.679583         65.981936
rank #0: 2018-07-16 20:16:58,287 LBFGS        PARAM    0018       -399.848565          2.484056        104.115702          4.679583         65.981936
rank #0: 2018-07-16 20:17:12,552 LBFGS        PARAM    0019       -399.848565          2.484056        104.115702          4.679583         65.981936
rank #0: 2018-07-16 20:17:13,150 LBFGS        PARAM    0020       -399.848565          2.484056        104.115702          4.679583         65.981936
rank #0: 2018-07-16 20:17:13,151 LBFGS        INFO     LBFGS iteration 20: the descent direction does not have a sufficient projection (cos(theta)=-9.88e-01, theta=171.0501) into the gradient; using steepest descent at this step!
rank #0: 2018-07-16 20:17:25,308 LBFGS        INFO     Linesearch failed in both LBFGS and gradient directions
rank #0: 2018-07-16 20:17:25,309 LBFGS        PARAM    0020       -399.848565          2.484056        104.115702          4.679583         65.981936
rank #0: 2018-07-16 20:17:25,310 rsdfit.lbfgs_fitter WARNING  ...LBFGS optimization finished. Time elapsed: 0:00:37.79
rank #0: 2018-07-16 20:17:25,310 rsdfit.lbfgs_fitter ERROR    nonlinear fit with method L-BFGS-B failed: Linesearch failed in both LBFGS and gradient directions
rank #0: 2018-07-16 20:17:25,312 rsdfit.fitting_driver INFO     rank 4 on nid00608     ...fitting complete
rank #0: 2018-07-16 20:17:25,315 rsdfit.fitting_driver INFO     rank 4 on nid00608     Saving the results to `/global/cscratch1/sd/nhand/eBOSS/fits/results/mocks/ezmock/v1.8e-fph/0.005-0.3/basemodel-N-fnl/0.8-2.2/QSO-N-0283-P0+P2-mock-cov-f224d44da7/2018-07-16_nlopt_20i_chain0__1.npz`
rank #0: 2018-07-16 20:17:25,345 pyRSD.analysis.lbfgs_results INFO     
minimum chi2 = 65.9819356747

Free parameters [ mean ]
_______________
N              : -399.848565407
b1             : 2.48405578788
f_nl           : 104.115702476
sigma_fog      : 4.6795826831

Constrained parameters [ mean ]
_________________________
b1sigma8       : 0.899808241194
