rank #0: 2018-12-30 15:59:55,738 rsdfit.fitting_driver INFO     rank 20 on nid00555     Calling the 'nlopt' solve function
rank #0: 2018-12-30 15:59:55,739 rsdfit.lbfgs_fitter INFO     running LBFGS for 500 iterations and then stopping
rank #0: 2018-12-30 15:59:55,740 rsdfit.lbfgs_fitter INFO     running LBFGS minimizer with priors
rank #0: 2018-12-30 15:59:55,740 root         INFO     Iter           N          b1        f_nl   sigma_fog   F(X)     
rank #0: 2018-12-30 15:59:55,741 rsdfit.lbfgs_fitter INFO     computing gradient using numerical derivative of lnlike()
rank #0: 2018-12-30 15:59:56,307 LBFGS        INFO     options = {'factr': 100000.0, 'gtol': 1e-05, 'max_iter': 500, 'test_convergence': False}
rank #0: 2018-12-30 15:59:56,309 LBFGS        PARAM    0000          0.000000          2.000000          0.000000          4.000000         86.892376
rank #0: 2018-12-30 15:59:56,983 LBFGS        PARAM    0001        -13.023585          2.046258          1.032794          3.980993         83.425334
rank #0: 2018-12-30 15:59:57,590 LBFGS        PARAM    0002       -183.630223          2.195681          5.648457          3.934748         77.010653
rank #0: 2018-12-30 15:59:58,184 LBFGS        PARAM    0003       -321.161092          2.224544          7.285128          3.915547         75.080957
rank #0: 2018-12-30 15:59:58,782 LBFGS        PARAM    0004       -476.465630          2.234365          8.359673          3.751879         73.856129
rank #0: 2018-12-30 15:59:59,391 LBFGS        PARAM    0005       -541.253253          2.237712          8.733918          3.585349         73.459535
rank #0: 2018-12-30 16:00:00,002 LBFGS        PARAM    0006       -644.921604          2.237966          9.057669          3.109985         72.722940
rank #0: 2018-12-30 16:00:00,589 LBFGS        PARAM    0007       -639.937465          2.230615          8.702125          2.814305         72.426526
rank #0: 2018-12-30 16:00:01,200 LBFGS        PARAM    0008       -631.284225          2.224917          8.556746          2.796590         72.419422
rank #0: 2018-12-30 16:00:01,811 LBFGS        PARAM    0009       -630.690635          2.225271          8.638417          2.797802         72.419251
rank #0: 2018-12-30 16:00:02,403 LBFGS        PARAM    0010       -630.421516          2.225325          8.707268          2.798466         72.419204
rank #0: 2018-12-30 16:00:03,012 LBFGS        PARAM    0011       -629.893528          2.225273          8.936439          2.799414         72.419086
rank #0: 2018-12-30 16:00:03,621 LBFGS        PARAM    0012       -629.466243          2.224965          9.297018          2.799489         72.418943
rank #0: 2018-12-30 16:00:04,233 LBFGS        PARAM    0013       -629.674304          2.224436          9.576761          2.797605         72.418851
rank #0: 2018-12-30 16:00:04,822 LBFGS        PARAM    0014       -629.715867          2.224403          9.579182          2.797499         72.418850
rank #0: 2018-12-30 16:00:05,432 LBFGS        PARAM    0015       -629.721310          2.224403          9.576290          2.797494         72.418850
rank #0: 2018-12-30 16:00:06,042 LBFGS        PARAM    0016       -629.721719          2.224403          9.575959          2.797493         72.418850
rank #0: 2018-12-30 16:00:06,631 LBFGS        PARAM    0017       -629.721749          2.224403          9.575951          2.797493         72.418850
rank #0: 2018-12-30 16:00:07,242 LBFGS        PARAM    0018       -629.721833          2.224403          9.575940          2.797493         72.418850
rank #0: 2018-12-30 16:00:07,851 LBFGS        PARAM    0019       -629.721784          2.224403          9.575947          2.797493         72.418850
rank #0: 2018-12-30 16:00:08,462 LBFGS        PARAM    0020       -629.721743          2.224403          9.575952          2.797493         72.418850
rank #0: 2018-12-30 16:00:09,120 LBFGS        PARAM    0021       -629.721752          2.224403          9.575951          2.797493         72.418850
rank #0: 2018-12-30 16:00:09,731 LBFGS        PARAM    0022       -629.721751          2.224403          9.575951          2.797493         72.418850
rank #0: 2018-12-30 16:00:24,135 LBFGS        PARAM    0023       -629.721745          2.224403          9.575951          2.797493         72.418850
rank #0: 2018-12-30 16:00:49,042 LBFGS        INFO     Linesearch failed in both LBFGS and gradient directions
rank #0: 2018-12-30 16:00:49,043 LBFGS        PARAM    0023       -629.721745          2.224403          9.575951          2.797493         72.418850
rank #0: 2018-12-30 16:00:49,044 rsdfit.lbfgs_fitter WARNING  ...LBFGS optimization finished. Time elapsed: 0:00:52.74
rank #0: 2018-12-30 16:00:49,045 rsdfit.lbfgs_fitter ERROR    nonlinear fit with method L-BFGS-B failed: Linesearch failed in both LBFGS and gradient directions
rank #0: 2018-12-30 16:00:49,046 rsdfit.fitting_driver INFO     rank 20 on nid00555     ...fitting complete
rank #0: 2018-12-30 16:00:49,050 rsdfit.fitting_driver INFO     rank 20 on nid00555     Saving the results to `/global/cscratch1/sd/nhand/eBOSS/fits/results/mocks/ezmock/v1.8e-fph/0.0001-0.3/basemodel-N-fnl/0.8-2.2/QSO-S-0990-P0+P2-mock-cov-175f5c9b57/2018-12-30_nlopt_23i_chain0__1.npz`
rank #0: 2018-12-30 16:00:49,098 pyRSD.analysis.lbfgs_results INFO     
minimum chi2 = 72.4188498911

Free parameters [ mean ]
_______________
N              : -629.721744949
b1             : 2.22440302072
f_nl           : 9.57595081724
sigma_fog      : 2.797493385

Constrained parameters [ mean ]
_________________________
b1sigma8       : 0.886009108496
