rank #0: 2018-10-08 10:32:47,652 rsdfit.fitting_driver INFO     rank 23 on nid00693     Calling the 'nlopt' solve function
rank #0: 2018-10-08 10:32:47,653 rsdfit.lbfgs_fitter INFO     running LBFGS for 500 iterations and then stopping
rank #0: 2018-10-08 10:32:47,653 rsdfit.lbfgs_fitter INFO     running LBFGS minimizer with priors
rank #0: 2018-10-08 10:32:47,653 root         INFO     Iter           N          b1        f_nl   sigma_fog   F(X)     
rank #0: 2018-10-08 10:32:47,653 rsdfit.lbfgs_fitter INFO     computing gradient using numerical derivative of lnlike()
rank #0: 2018-10-08 10:32:48,836 LBFGS        INFO     options = {'factr': 100000.0, 'gtol': 1e-05, 'max_iter': 500, 'test_convergence': False}
rank #0: 2018-10-08 10:32:48,836 LBFGS        PARAM    0000          0.000000          2.000000          0.000000          4.000000        150.783560
rank #0: 2018-10-08 10:32:50,206 LBFGS        PARAM    0001         29.034275          2.119203          2.515951          3.984095        122.719010
rank #0: 2018-10-08 10:32:51,426 LBFGS        PARAM    0002        -82.785088          2.403337         12.098465          4.104823         95.661560
rank #0: 2018-10-08 10:32:52,669 LBFGS        PARAM    0003       -207.441693          2.414226         13.851132          4.224029         89.129266
rank #0: 2018-10-08 10:32:53,891 LBFGS        PARAM    0004       -458.669738          2.470761         19.153715          4.469777         84.480337
rank #0: 2018-10-08 10:32:55,121 LBFGS        PARAM    0005       -444.278061          2.459247         19.610687          4.465147         84.435868
rank #0: 2018-10-08 10:32:56,366 LBFGS        PARAM    0006       -440.770798          2.458212         20.321982          4.468029         84.423924
rank #0: 2018-10-08 10:32:57,593 LBFGS        PARAM    0007       -410.510531          2.446636         30.943652          4.521944         84.331039
rank #0: 2018-10-08 10:32:58,840 LBFGS        PARAM    0008       -415.580545          2.444975         33.406910          4.512249         84.321606
rank #0: 2018-10-08 10:33:00,067 LBFGS        PARAM    0009       -419.994802          2.444684         34.046786          4.501780         84.320387
rank #0: 2018-10-08 10:33:01,304 LBFGS        PARAM    0010       -420.431497          2.444657         34.043359          4.499342         84.320343
rank #0: 2018-10-08 10:33:02,542 LBFGS        PARAM    0011       -420.493803          2.444600         34.034430          4.497481         84.320328
rank #0: 2018-10-08 10:33:03,768 LBFGS        PARAM    0012       -420.488461          2.444598         34.034150          4.497482         84.320328
rank #0: 2018-10-08 10:33:05,016 LBFGS        PARAM    0013       -420.487792          2.444598         34.034161          4.497483         84.320328
rank #0: 2018-10-08 10:33:06,381 LBFGS        PARAM    0014       -420.487790          2.444598         34.034161          4.497483         84.320328
rank #0: 2018-10-08 10:34:00,709 LBFGS        INFO     Linesearch failed in both LBFGS and gradient directions
rank #0: 2018-10-08 10:34:00,710 LBFGS        PARAM    0014       -420.487790          2.444598         34.034161          4.497483         84.320328
rank #0: 2018-10-08 10:34:00,711 rsdfit.lbfgs_fitter WARNING  ...LBFGS optimization finished. Time elapsed: 0:01:11.87
rank #0: 2018-10-08 10:34:00,711 rsdfit.lbfgs_fitter ERROR    nonlinear fit with method L-BFGS-B failed: Linesearch failed in both LBFGS and gradient directions
rank #0: 2018-10-08 10:34:00,712 rsdfit.fitting_driver INFO     rank 23 on nid00693     ...fitting complete
rank #0: 2018-10-08 10:34:00,717 rsdfit.fitting_driver INFO     rank 23 on nid00693     Saving the results to `/global/cscratch1/sd/nhand/eBOSS/fits/results/mocks/ezmock/v1.8e-fph/0.005-0.3/basemodel-N-fnl/0.8-2.2/QSO-N-0114-P0+P2-mock-cov-3d9387a9b2/2018-10-08_nlopt_14i_chain0__1.npz`
rank #0: 2018-10-08 10:34:00,816 pyRSD.analysis.lbfgs_results INFO     
minimum chi2 = 84.3203277613

Free parameters [ mean ]
_______________
N              : -420.487789899
b1             : 2.44459796142
f_nl           : 34.0341608994
sigma_fog      : 4.49748296205

Constrained parameters [ mean ]
_________________________
b1sigma8       : 0.916443860903
