rank #0: 2017-11-27 22:51:10,269 rsdfit.fitting_driver INFO     rank 25 on nid00492     Calling the 'nlopt' solve function
rank #0: 2017-11-27 22:51:10,270 rsdfit.lbfgs_fitter INFO     running LBFGS for 500 iterations and then stopping
rank #0: 2017-11-27 22:51:10,270 rsdfit.lbfgs_fitter INFO     running LBFGS minimizer with priors
rank #0: 2017-11-27 22:51:10,270 root         INFO     Iter          b1        f_nl   sigma_fog   F(X)     
rank #0: 2017-11-27 22:51:10,569 LBFGS        INFO     options = {'factr': 100000.0, 'gtol': 1e-05, 'max_iter': 500, 'test_convergence': False}
rank #0: 2017-11-27 22:51:10,569 LBFGS        PARAM    0000          2.000000          0.000000          4.000000         30.154645
rank #0: 2017-11-27 22:51:10,909 LBFGS        PARAM    0001          2.086694          1.299008          3.998786         27.369631
rank #0: 2017-11-27 22:51:11,207 LBFGS        PARAM    0002          2.279878          6.786776          4.010905         25.277362
rank #0: 2017-11-27 22:51:11,505 LBFGS        PARAM    0003          2.242661          6.009689          4.021262         25.172619
rank #0: 2017-11-27 22:51:11,803 LBFGS        PARAM    0004          2.245850          6.503476          4.031836         25.168255
rank #0: 2017-11-27 22:51:12,102 LBFGS        PARAM    0005          2.249837          8.211008          4.075407         25.158376
rank #0: 2017-11-27 22:51:12,403 LBFGS        PARAM    0006          2.253309         12.658780          4.199775         25.137334
rank #0: 2017-11-27 22:51:12,703 LBFGS        PARAM    0007          2.252500         21.236319          4.466533         25.100986
rank #0: 2017-11-27 22:51:13,004 LBFGS        PARAM    0008          2.245838         31.127489          4.901247         25.046883
rank #0: 2017-11-27 22:51:13,305 LBFGS        PARAM    0009          2.240934         45.382887          6.208483         24.879783
rank #0: 2017-11-27 22:51:13,650 LBFGS        PARAM    0010          2.239650         67.800384          9.454765         24.546164
rank #0: 2017-11-27 22:51:13,948 LBFGS        PARAM    0011          2.253212         68.845916         12.369355         24.120800
rank #0: 2017-11-27 22:51:14,248 LBFGS        PARAM    0012          2.311694         32.393248         16.424319         23.237006
rank #0: 2017-11-27 22:51:14,548 LBFGS        PARAM    0013          2.360565          2.408021         16.205478         22.761570
rank #0: 2017-11-27 22:51:14,848 LBFGS        PARAM    0014          2.410338         -9.195504         16.975377         22.605060
rank #0: 2017-11-27 22:51:15,149 LBFGS        PARAM    0015          2.427662         -7.769706         17.151730         22.576422
rank #0: 2017-11-27 22:51:15,449 LBFGS        PARAM    0016          2.431198         -5.934790         17.354710         22.573916
rank #0: 2017-11-27 22:51:15,750 LBFGS        PARAM    0017          2.430051         -5.344373         17.322562         22.573828
rank #0: 2017-11-27 22:51:16,051 LBFGS        PARAM    0018          2.429936         -5.336825         17.325817         22.573827
rank #0: 2017-11-27 22:51:16,352 LBFGS        PARAM    0019          2.429943         -5.339027         17.325399         22.573826
rank #0: 2017-11-27 22:51:16,652 LBFGS        PARAM    0020          2.429944         -5.339007         17.325401         22.573826
rank #0: 2017-11-27 22:51:16,954 LBFGS        PARAM    0021          2.429944         -5.339008         17.325401         22.573826
rank #0: 2017-11-27 22:51:17,256 LBFGS        PARAM    0022          2.429944         -5.339008         17.325401         22.573826
rank #0: 2017-11-27 22:51:17,257 LBFGS        INFO     LBFGS iteration 22: the descent direction does not have a sufficient projection (cos(theta)=-6.06e-01, theta=127.3098) into the gradient; using steepest descent at this step!
rank #0: 2017-11-27 22:51:24,616 LBFGS        INFO     Linesearch failed in both LBFGS and gradient directions
rank #0: 2017-11-27 22:51:24,617 LBFGS        PARAM    0022          2.429944         -5.339008         17.325401         22.573826
rank #0: 2017-11-27 22:51:24,617 rsdfit.lbfgs_fitter WARNING  ...LBFGS optimization finished. Time elapsed: 0:00:14.05
rank #0: 2017-11-27 22:51:24,617 rsdfit.lbfgs_fitter ERROR    nonlinear fit with method L-BFGS-B failed: Linesearch failed in both LBFGS and gradient directions
rank #0: 2017-11-27 22:51:24,618 rsdfit.fitting_driver INFO     rank 25 on nid00492     ...fitting complete
rank #0: 2017-11-27 22:51:24,639 rsdfit.fitting_driver INFO     rank 25 on nid00492     Saving the results to `/global/cscratch1/sd/nhand/eBOSS/fits/results/mocks/ezmock/v1.8e-fph/0.0001-0.05/basemodel-fnl/0.8-2.2/QSO-S-0479-P0+P2-mock-cov-b6abb0373d/2017-11-27_nlopt_22i_chain0__1.npz`
rank #0: 2017-11-27 22:51:24,677 pyRSD.analysis.lbfgs_results INFO     
minimum chi2 = 22.5738264829

Free parameters [ mean ]
_______________
b1             : 2.42994352684
f_nl           : -5.3390076007
sigma_fog      : 17.3254014441

Constrained parameters [ mean ]
_________________________
b1sigma8       : 0.967080056088
