rank #0: 2017-11-27 20:41:11,864 rsdfit.fitting_driver INFO     rank 176 on nid00566     Calling the 'nlopt' solve function
rank #0: 2017-11-27 20:41:11,864 rsdfit.lbfgs_fitter INFO     running LBFGS for 500 iterations and then stopping
rank #0: 2017-11-27 20:41:11,864 rsdfit.lbfgs_fitter INFO     running LBFGS minimizer with priors
rank #0: 2017-11-27 20:41:11,864 root         INFO     Iter           N          b1        f_nl   sigma_fog   F(X)     
rank #0: 2017-11-27 20:41:12,364 LBFGS        INFO     options = {'factr': 100000.0, 'gtol': 1e-05, 'max_iter': 500, 'test_convergence': False}
rank #0: 2017-11-27 20:41:12,364 LBFGS        PARAM    0000          0.000000          2.000000          0.000000          4.000000        112.231428
rank #0: 2017-11-27 20:41:12,934 LBFGS        PARAM    0001        -19.378178          2.080606          0.863208          4.016149        100.346198
rank #0: 2017-11-27 20:41:13,446 LBFGS        PARAM    0002       -166.976212          2.243282          4.539411          4.146633         89.354976
rank #0: 2017-11-27 20:41:13,961 LBFGS        PARAM    0003       -252.338247          2.243108          5.732614          4.225296         87.174877
rank #0: 2017-11-27 20:41:14,477 LBFGS        PARAM    0004       -497.063260          2.250577         11.206146          4.430503         84.601556
rank #0: 2017-11-27 20:41:14,991 LBFGS        PARAM    0005       -501.277462          2.248002         13.739666          4.414058         84.532051
rank #0: 2017-11-27 20:41:15,507 LBFGS        PARAM    0006       -574.121080          2.215395         68.696519          4.061227         83.822400
rank #0: 2017-11-27 20:41:16,021 LBFGS        PARAM    0007       -542.476602          2.220146         69.662308          4.120349         83.638444
rank #0: 2017-11-27 20:41:16,536 LBFGS        PARAM    0008       -494.063319          2.222858         82.015775          4.189742         83.497032
rank #0: 2017-11-27 20:41:17,053 LBFGS        PARAM    0009       -482.753173          2.222073         80.494867          4.232794         83.477955
rank #0: 2017-11-27 20:41:17,568 LBFGS        PARAM    0010       -475.311255          2.218378         83.305692          4.276196         83.461753
rank #0: 2017-11-27 20:41:18,085 LBFGS        PARAM    0011       -476.076232          2.217676         83.944620          4.277614         83.461372
rank #0: 2017-11-27 20:41:18,602 LBFGS        PARAM    0012       -476.228956          2.217657         83.982128          4.277209         83.461370
rank #0: 2017-11-27 20:41:19,118 LBFGS        PARAM    0013       -476.239251          2.217657         83.983002          4.277170         83.461370
rank #0: 2017-11-27 20:41:19,630 LBFGS        PARAM    0014       -476.239378          2.217657         83.982987          4.277170         83.461370
rank #0: 2017-11-27 20:41:20,202 LBFGS        PARAM    0015       -476.239363          2.217657         83.982988          4.277170         83.461370
rank #0: 2017-11-27 20:41:20,203 LBFGS        INFO     LBFGS iteration 15: the descent direction does not have a sufficient projection (cos(theta)=-9.70e-02, theta=95.5644) into the gradient; using steepest descent at this step!
rank #0: 2017-11-27 20:41:20,890 LBFGS        PARAM    0016       -476.239362          2.217657         83.982988          4.277170         83.461370
rank #0: 2017-11-27 20:41:42,980 LBFGS        INFO     Linesearch failed in both LBFGS and gradient directions
rank #0: 2017-11-27 20:41:42,981 LBFGS        PARAM    0016       -476.239362          2.217657         83.982988          4.277170         83.461370
rank #0: 2017-11-27 20:41:42,981 rsdfit.lbfgs_fitter WARNING  ...LBFGS optimization finished. Time elapsed: 0:00:30.62
rank #0: 2017-11-27 20:41:42,981 rsdfit.lbfgs_fitter ERROR    nonlinear fit with method L-BFGS-B failed: Linesearch failed in both LBFGS and gradient directions
rank #0: 2017-11-27 20:41:42,982 rsdfit.fitting_driver INFO     rank 176 on nid00566     ...fitting complete
rank #0: 2017-11-27 20:41:42,985 rsdfit.fitting_driver INFO     rank 176 on nid00566     Saving the results to `/global/cscratch1/sd/nhand/eBOSS/fits/results/mocks/ezmock/v1.8e-fph/0.0001-0.3/basemodel-N-fnl/0.8-2.2/QSO-N-0467-P0+P2-mock-cov-a9f629560d/2017-11-27_nlopt_16i_chain0__1.npz`
rank #0: 2017-11-27 20:41:43,005 pyRSD.analysis.lbfgs_results INFO     
minimum chi2 = 83.4613702639

Free parameters [ mean ]
_______________
N              : -476.239362471
b1             : 2.21765689832
f_nl           : 83.9829881993
sigma_fog      : 4.27717031091

Constrained parameters [ mean ]
_________________________
b1sigma8       : 0.882783445104
