rank #0: 2018-10-08 09:47:31,362 rsdfit.fitting_driver INFO     rank 44 on nid02163     Calling the 'nlopt' solve function
rank #0: 2018-10-08 09:47:31,364 rsdfit.lbfgs_fitter INFO     running LBFGS for 500 iterations and then stopping
rank #0: 2018-10-08 09:47:31,365 rsdfit.lbfgs_fitter INFO     running LBFGS minimizer with priors
rank #0: 2018-10-08 09:47:31,366 root         INFO     Iter           N          b1        f_nl   sigma_fog   F(X)     
rank #0: 2018-10-08 09:47:31,366 rsdfit.lbfgs_fitter INFO     computing gradient using numerical derivative of lnlike()
rank #0: 2018-10-08 09:47:32,576 LBFGS        INFO     options = {'factr': 100000.0, 'gtol': 1e-05, 'max_iter': 500, 'test_convergence': False}
rank #0: 2018-10-08 09:47:32,578 LBFGS        PARAM    0000          0.000000          2.000000          0.000000          4.000000        139.726589
rank #0: 2018-10-08 09:47:33,940 LBFGS        PARAM    0001         18.342882          2.102238          2.167214          3.984701        119.032795
rank #0: 2018-10-08 09:47:35,189 LBFGS        PARAM    0002        -90.055884          2.349953         10.861744          4.080761         97.230479
rank #0: 2018-10-08 09:47:36,417 LBFGS        PARAM    0003       -223.741640          2.378028         13.790695          4.184755         91.540646
rank #0: 2018-10-08 09:47:37,643 LBFGS        PARAM    0004       -451.648608          2.414632         21.742156          4.351625         87.569615
rank #0: 2018-10-08 09:47:38,892 LBFGS        PARAM    0005       -453.347304          2.412311         24.499570          4.339189         87.428204
rank #0: 2018-10-08 09:47:40,257 LBFGS        PARAM    0006       -448.305901          2.404543         32.760758          4.331672         87.052400
rank #0: 2018-10-08 09:47:41,625 LBFGS        PARAM    0007       -440.093160          2.390763         45.680347          4.293637         86.684060
rank #0: 2018-10-08 09:47:42,872 LBFGS        PARAM    0008       -433.353354          2.381340         50.082389          4.245506         86.657250
rank #0: 2018-10-08 09:47:44,094 LBFGS        PARAM    0009       -434.681138          2.383192         48.727448          4.245464         86.654105
rank #0: 2018-10-08 09:47:45,339 LBFGS        PARAM    0010       -435.815268          2.383491         48.787433          4.243014         86.653997
rank #0: 2018-10-08 09:47:46,565 LBFGS        PARAM    0011       -436.391732          2.383435         48.793893          4.240903         86.653971
rank #0: 2018-10-08 09:47:47,799 LBFGS        PARAM    0012       -436.494310          2.383424         48.780993          4.240235         86.653969
rank #0: 2018-10-08 09:47:49,036 LBFGS        PARAM    0013       -436.490253          2.383423         48.779386          4.240223         86.653969
rank #0: 2018-10-08 09:47:50,263 LBFGS        PARAM    0014       -436.489977          2.383423         48.779331          4.240224         86.653969
rank #0: 2018-10-08 09:47:51,513 LBFGS        PARAM    0015       -436.489946          2.383423         48.779332          4.240224         86.653969
rank #0: 2018-10-08 09:47:52,747 LBFGS        PARAM    0016       -436.489951          2.383423         48.779332          4.240224         86.653969
rank #0: 2018-10-08 09:47:54,123 LBFGS        PARAM    0017       -436.489951          2.383423         48.779332          4.240224         86.653969
rank #0: 2018-10-08 09:47:54,125 LBFGS        INFO     LBFGS iteration 17: the descent direction does not have a sufficient projection (cos(theta)=-2.59e-01, theta=105.0387) into the gradient; using steepest descent at this step!
rank #0: 2018-10-08 09:47:55,378 LBFGS        PARAM    0018       -436.489961          2.383423         48.779332          4.240224         86.653969
rank #0: 2018-10-08 09:47:56,743 LBFGS        PARAM    0019       -436.489961          2.383423         48.779332          4.240224         86.653969
rank #0: 2018-10-08 09:47:58,125 LBFGS        PARAM    0020       -436.489961          2.383423         48.779332          4.240224         86.653969
rank #0: 2018-10-08 09:48:26,650 LBFGS        PARAM    0021       -436.489961          2.383423         48.779332          4.240224         86.653969
rank #0: 2018-10-08 09:48:26,653 LBFGS        INFO     LBFGS iteration 21: the descent direction does not have a sufficient projection (cos(theta)=-8.62e-01, theta=149.5189) into the gradient; using steepest descent at this step!
rank #0: 2018-10-08 09:48:52,092 LBFGS        INFO     Linesearch failed in both LBFGS and gradient directions
rank #0: 2018-10-08 09:48:52,094 LBFGS        PARAM    0021       -436.489961          2.383423         48.779332          4.240224         86.653969
rank #0: 2018-10-08 09:48:52,095 rsdfit.lbfgs_fitter WARNING  ...LBFGS optimization finished. Time elapsed: 0:01:19.52
rank #0: 2018-10-08 09:48:52,096 rsdfit.lbfgs_fitter ERROR    nonlinear fit with method L-BFGS-B failed: Linesearch failed in both LBFGS and gradient directions
rank #0: 2018-10-08 09:48:52,098 rsdfit.fitting_driver INFO     rank 44 on nid02163     ...fitting complete
rank #0: 2018-10-08 09:48:52,103 rsdfit.fitting_driver INFO     rank 44 on nid02163     Saving the results to `/global/cscratch1/sd/nhand/eBOSS/fits/results/mocks/ezmock/v1.8e-fph/0.0001-0.3/basemodel-N-fnl/0.8-2.2/QSO-N-0883-P0+P2-mock-cov-3d9387a9b2/2018-10-08_nlopt_21i_chain0__1.npz`
rank #0: 2018-10-08 09:48:52,208 pyRSD.analysis.lbfgs_results INFO     
minimum chi2 = 86.6539691321

Free parameters [ mean ]
_______________
N              : -436.489960828
b1             : 2.38342296329
f_nl           : 48.7793315915
sigma_fog      : 4.24022409659

Constrained parameters [ mean ]
_________________________
b1sigma8       : 0.893510252856
