rank #0: 2019-02-16 14:32:59,736 rsdfit.fitting_driver INFO     rank 10 on nid01132     Calling the 'nlopt' solve function
rank #0: 2019-02-16 14:32:59,737 rsdfit.lbfgs_fitter INFO     running LBFGS for 500 iterations and then stopping
rank #0: 2019-02-16 14:32:59,738 rsdfit.lbfgs_fitter INFO     running LBFGS minimizer with priors
rank #0: 2019-02-16 14:32:59,738 root         INFO     Iter           N          b1        f_nl   sigma_fog   F(X)     
rank #0: 2019-02-16 14:32:59,739 rsdfit.lbfgs_fitter INFO     computing gradient using numerical derivative of lnlike()
rank #0: 2019-02-16 14:33:00,848 LBFGS        INFO     options = {'factr': 100000.0, 'gtol': 1e-05, 'max_iter': 500, 'test_convergence': False}
rank #0: 2019-02-16 14:33:00,849 LBFGS        PARAM    0000          0.000000          2.000000          0.000000          4.000000        112.992503
rank #0: 2019-02-16 14:33:02,105 LBFGS        PARAM    0001         34.631598          2.108476          0.751144          3.988850         97.174503
rank #0: 2019-02-16 14:33:03,236 LBFGS        PARAM    0002        -44.539048          2.336410          3.388576          4.095594         83.687867
rank #0: 2019-02-16 14:33:04,367 LBFGS        PARAM    0003       -154.953427          2.365025          3.676618          4.211483         80.387733
rank #0: 2019-02-16 14:33:05,500 LBFGS        PARAM    0004       -353.091362          2.413304          3.172647          4.473344         77.884947
rank #0: 2019-02-16 14:33:06,634 LBFGS        PARAM    0005       -345.395944          2.413000          2.303771          4.503075         77.841863
rank #0: 2019-02-16 14:33:07,766 LBFGS        PARAM    0006       -285.329821          2.420651        -10.935012          4.813167         77.591320
rank #0: 2019-02-16 14:33:08,893 LBFGS        PARAM    0007       -284.236906          2.425066        -20.083069          4.843040         77.530472
rank #0: 2019-02-16 14:33:10,023 LBFGS        PARAM    0008       -301.871651          2.443769        -48.496257          4.846066         77.423608
rank #0: 2019-02-16 14:33:11,151 LBFGS        PARAM    0009       -312.078344          2.446144        -52.951452          4.798669         77.417191
rank #0: 2019-02-16 14:33:12,284 LBFGS        PARAM    0010       -313.155679          2.447140        -53.157614          4.801039         77.417029
rank #0: 2019-02-16 14:33:13,413 LBFGS        PARAM    0011       -313.214637          2.447095        -53.106641          4.800759         77.417028
rank #0: 2019-02-16 14:33:14,544 LBFGS        PARAM    0012       -313.218822          2.447090        -53.097469          4.800714         77.417028
rank #0: 2019-02-16 14:33:15,672 LBFGS        PARAM    0013       -313.218857          2.447090        -53.097098          4.800713         77.417028
rank #0: 2019-02-16 14:33:16,802 LBFGS        PARAM    0014       -313.218852          2.447090        -53.097098          4.800713         77.417028
rank #0: 2019-02-16 14:33:17,933 LBFGS        PARAM    0015       -313.218861          2.447090        -53.097102          4.800713         77.417028
rank #0: 2019-02-16 14:34:08,704 LBFGS        INFO     Linesearch failed in both LBFGS and gradient directions
rank #0: 2019-02-16 14:34:08,705 LBFGS        PARAM    0015       -313.218861          2.447090        -53.097102          4.800713         77.417028
rank #0: 2019-02-16 14:34:08,706 rsdfit.lbfgs_fitter WARNING  ...LBFGS optimization finished. Time elapsed: 0:01:07.86
rank #0: 2019-02-16 14:34:08,707 rsdfit.lbfgs_fitter ERROR    nonlinear fit with method L-BFGS-B failed: Linesearch failed in both LBFGS and gradient directions
rank #0: 2019-02-16 14:34:08,708 rsdfit.fitting_driver INFO     rank 10 on nid01132     ...fitting complete
rank #0: 2019-02-16 14:34:08,711 rsdfit.fitting_driver INFO     rank 10 on nid01132     Saving the results to `/global/cscratch1/sd/nhand/eBOSS/fits/results/mocks/ezmock/v1.8e-fph/0.005-0.3/basemodel-N-fnl/0.8-2.2/QSO-N-0539-P0+P2-mock-cov-3574198df7/2019-02-16_nlopt_15i_chain0__1.npz`
rank #0: 2019-02-16 14:34:08,718 pyRSD.analysis.lbfgs_results INFO     
minimum chi2 = 77.41702786306806

Free parameters [ mean ]
_______________
N              : -313.21886125327103
b1             : 2.4470904564107663
f_nl           : -53.09710155928321
sigma_fog      : 4.800712585840454

Constrained parameters [ mean ]
_________________________
b1sigma8       : 0.8864181595166717
