rank #0: 2017-11-27 21:57:32,233 rsdfit.fitting_driver INFO     rank 116 on nid00529     Calling the 'nlopt' solve function
rank #0: 2017-11-27 21:57:32,233 rsdfit.lbfgs_fitter INFO     running LBFGS for 500 iterations and then stopping
rank #0: 2017-11-27 21:57:32,233 rsdfit.lbfgs_fitter INFO     running LBFGS minimizer with priors
rank #0: 2017-11-27 21:57:32,233 root         INFO     Iter           N   alpha_par   alpha_perp          b1           f        f_nl    sigma8_z   sigma_fog   F(X)     
rank #0: 2017-11-27 21:57:33,211 LBFGS        INFO     options = {'factr': 100000.0, 'gtol': 1e-05, 'max_iter': 500, 'test_convergence': False}
rank #0: 2017-11-27 21:57:33,212 LBFGS        PARAM    0000          0.000000          1.000000          1.000000          2.000000          0.930883          0.000000          0.398070          4.000000        103.289448
rank #0: 2017-11-27 21:57:34,291 LBFGS        PARAM    0001         -0.189002          0.999907          0.999866          2.001336          0.930937          0.013987          0.398968          4.000053        102.222594
rank #0: 2017-11-27 21:57:35,307 LBFGS        PARAM    0002        -23.796043          0.995995          0.995017          2.042941          0.932384          0.658811          0.425056          4.016925         88.462892
rank #0: 2017-11-27 21:57:36,326 LBFGS        PARAM    0003        -33.213858          0.995807          0.995273          2.036294          0.931971          0.703914          0.420678          4.026597         87.597742
rank #0: 2017-11-27 21:57:37,344 LBFGS        PARAM    0004        -51.495335          0.994718          0.994590          2.035610          0.931691          0.909243          0.419763          4.043528         87.072329
rank #0: 2017-11-27 21:57:38,366 LBFGS        PARAM    0005       -237.353507          0.983006          0.986486          2.037523          0.929218          3.131829          0.416025          4.212875         83.800343
rank #0: 2017-11-27 21:57:39,387 LBFGS        PARAM    0006       -313.947661          0.977378          0.981301          2.042743          0.928290          4.432564          0.417305          4.275300         82.960916
rank #0: 2017-11-27 21:57:40,411 LBFGS        PARAM    0007       -327.342556          0.975683          0.978642          2.045809          0.928085          5.083051          0.418647          4.278048         82.781387
rank #0: 2017-11-27 21:57:41,430 LBFGS        PARAM    0008       -324.243079          0.975519          0.977877          2.046274          0.928067          5.273883          0.418852          4.270753         82.755790
rank #0: 2017-11-27 21:57:42,449 LBFGS        PARAM    0009       -318.139324          0.974933          0.975710          2.046711          0.927934          5.832431          0.418758          4.252794         82.700301
rank #0: 2017-11-27 21:57:43,471 LBFGS        PARAM    0010       -307.412073          0.973101          0.969985          2.046922          0.927442          7.340517          0.417686          4.211223         82.577201
rank #0: 2017-11-27 21:57:44,496 LBFGS        PARAM    0011       -292.827294          0.968986          0.958697          2.046508          0.926221         10.393525          0.414529          4.136948         82.364858
rank #0: 2017-11-27 21:57:45,521 LBFGS        PARAM    0012       -276.828276          0.961345          0.943596          2.048293          0.923402         15.025101          0.408499          4.047836         82.078830
rank #0: 2017-11-27 21:57:46,548 LBFGS        PARAM    0013       -256.512685          0.950188          0.928622          2.056014          0.918518         20.695543          0.400219          3.964885         81.807910
rank #0: 2017-11-27 21:57:47,572 LBFGS        PARAM    0014       -244.702874          0.942042          0.921001          2.064099          0.914622         24.319157          0.394632          3.927267         81.702077
rank #0: 2017-11-27 21:57:48,598 LBFGS        PARAM    0015       -237.538995          0.938146          0.919126          2.069676          0.912533         25.829705          0.392378          3.917746         81.656550
rank #0: 2017-11-27 21:57:49,624 LBFGS        PARAM    0016       -224.385338          0.932361          0.918186          2.080037          0.909141         27.952894          0.389725          3.907379         81.587218
rank #0: 2017-11-27 21:57:50,650 LBFGS        PARAM    0017       -220.745232          0.928803          0.919010          2.088910          0.906437         30.155242          0.388543          3.867191         81.523048
rank #0: 2017-11-27 21:57:51,676 LBFGS        PARAM    0018       -224.494145          0.925754          0.921540          2.099304          0.903438         32.981102          0.387903          3.798734         81.467793
rank #0: 2017-11-27 21:57:52,697 LBFGS        PARAM    0019       -231.172565          0.924420          0.923569          2.105303          0.901670         34.960986          0.387531          3.741756         81.432536
rank #0: 2017-11-27 21:57:53,722 LBFGS        PARAM    0020       -259.853282          0.920171          0.930175          2.124348          0.895881         41.752621          0.385774          3.545230         81.325412
rank #0: 2017-11-27 21:57:54,747 LBFGS        PARAM    0021       -298.864417          0.915149          0.937717          2.146014          0.889203         49.879024          0.382992          3.313585         81.215656
rank #0: 2017-11-27 21:57:55,775 LBFGS        PARAM    0022       -332.516874          0.910788          0.943937          2.161890          0.887756         56.871184          0.379997          3.176329         81.133501
rank #0: 2017-11-27 21:57:56,801 LBFGS        PARAM    0023       -339.313341          0.914438          0.947117          2.156827          0.891324         56.054647          0.381315          3.193303         81.109719
rank #0: 2017-11-27 21:57:57,828 LBFGS        PARAM    0024       -340.282641          0.915503          0.947310          2.154140          0.892984         55.587016          0.381778          3.212604         81.106585
rank #0: 2017-11-27 21:57:58,854 LBFGS        PARAM    0025       -340.308510          0.916154          0.947542          2.152112          0.894819         55.653448          0.382054          3.225243         81.102550
rank #0: 2017-11-27 21:57:59,882 LBFGS        PARAM    0026       -339.982899          0.917522          0.948674          2.146475          0.901848         57.093211          0.382729          3.258155         81.086743
rank #0: 2017-11-27 21:58:00,908 LBFGS        PARAM    0027       -338.814843          0.918409          0.951257          2.139295          0.914841         61.558198          0.383402          3.294302         81.057195
rank #0: 2017-11-27 21:58:01,938 LBFGS        PARAM    0028       -335.407977          0.917600          0.956713          2.130406          0.939288         72.584500          0.383826          3.327136         81.003428
rank #0: 2017-11-27 21:58:02,967 LBFGS        PARAM    0029       -328.276615          0.913829          0.961984          2.125135          0.962113         85.271698          0.383544          3.323825         80.954721
rank #0: 2017-11-27 21:58:03,997 LBFGS        PARAM    0030       -318.260496          0.910656          0.962350          2.124642          0.967503         89.343305          0.383110          3.313402         80.935907
rank #0: 2017-11-27 21:58:05,025 LBFGS        PARAM    0031       -316.227558          0.909733          0.961724          2.126631          0.964302         88.577676          0.382887          3.299768         80.933351
rank #0: 2017-11-27 21:58:06,054 LBFGS        PARAM    0032       -317.113096          0.909549          0.961693          2.127431          0.963017         88.226457          0.382827          3.293149         80.933044
rank #0: 2017-11-27 21:58:07,082 LBFGS        PARAM    0033       -318.406572          0.909002          0.961759          2.127285          0.961790         87.752888          0.382888          3.282856         80.931553
rank #0: 2017-11-27 21:58:08,112 LBFGS        PARAM    0034       -325.798448          0.904015          0.962995          2.120367          0.959105         86.232800          0.383770          3.215113         80.920829
rank #0: 2017-11-27 21:58:09,141 LBFGS        PARAM    0035       -333.316024          0.895853          0.965598          2.102345          0.962986         86.055580          0.385769          3.131945         80.906286
rank #0: 2017-11-27 21:58:10,173 LBFGS        PARAM    0036       -337.648671          0.885797          0.970012          2.069503          0.978503         88.703449          0.389407          3.064433         80.890987
rank #0: 2017-11-27 21:58:11,204 LBFGS        PARAM    0037       -335.464471          0.884846          0.970709          2.063336          0.985215         90.951443          0.389867          3.074886         80.888418
rank #0: 2017-11-27 21:58:12,236 LBFGS        PARAM    0038       -333.920143          0.885242          0.970739          2.064166          0.987403         92.309445          0.389584          3.084005         80.888041
rank #0: 2017-11-27 21:58:13,266 LBFGS        PARAM    0039       -333.868999          0.885229          0.970745          2.064276          0.987474         92.392334          0.389556          3.083774         80.888040
rank #0: 2017-11-27 21:58:14,298 LBFGS        PARAM    0040       -333.876832          0.885235          0.970748          2.064284          0.987473         92.390874          0.389557          3.083831         80.888040
rank #0: 2017-11-27 21:58:15,330 LBFGS        PARAM    0041       -333.873222          0.885233          0.970746          2.064282          0.987472         92.390093          0.389557          3.083817         80.888040
rank #0: 2017-11-27 21:58:16,364 LBFGS        PARAM    0042       -333.873315          0.885233          0.970746          2.064282          0.987472         92.390093          0.389557          3.083816         80.888040
rank #0: 2017-11-27 21:58:17,521 LBFGS        PARAM    0043       -333.873391          0.885233          0.970746          2.064282          0.987472         92.390086          0.389557          3.083816         80.888040
rank #0: 2017-11-27 21:58:42,076 LBFGS        INFO     Linesearch failed in both LBFGS and gradient directions
rank #0: 2017-11-27 21:58:42,077 LBFGS        PARAM    0043       -333.873391          0.885233          0.970746          2.064282          0.987472         92.390086          0.389557          3.083816         80.888040
rank #0: 2017-11-27 21:58:42,077 rsdfit.lbfgs_fitter WARNING  ...LBFGS optimization finished. Time elapsed: 0:01:08.87
rank #0: 2017-11-27 21:58:42,078 rsdfit.lbfgs_fitter ERROR    nonlinear fit with method L-BFGS-B failed: Linesearch failed in both LBFGS and gradient directions
rank #0: 2017-11-27 21:58:42,079 rsdfit.fitting_driver INFO     rank 116 on nid00529     ...fitting complete
rank #0: 2017-11-27 21:58:42,081 rsdfit.fitting_driver INFO     rank 116 on nid00529     Saving the results to `/global/cscratch1/sd/nhand/eBOSS/fits/results/mocks/ezmock/v1.8e-fph/0.0001-0.3/basemodel-fs8-alphas-N-fnl/0.8-2.2/QSO-N-0231-P0+P2-mock-cov-73062e8cd4/2017-11-27_nlopt_43i_chain0__1.npz`
rank #0: 2017-11-27 21:58:42,102 pyRSD.analysis.lbfgs_results INFO     
minimum chi2 = 80.8880395503

Free parameters [ mean ]
_______________
N              : -333.873390698
alpha_par      : 0.885233226883
alpha_perp     : 0.970746466818
b1             : 2.0642820121
f              : 0.987471692821
f_nl           : 92.3900859901
sigma8_z       : 0.389556799583
sigma_fog      : 3.08381599044

Constrained parameters [ mean ]
_________________________
F_AP           : 0.911909810792
alpha          : 0.941361533461
b1sigma8       : 0.80415509407
epsilon        : -0.0302704509995
fsigma8        : 0.384676312334
