rank #0: 2019-02-16 13:36:44,474 rsdfit.fitting_driver INFO     rank 63 on nid12697     Calling the 'nlopt' solve function
rank #0: 2019-02-16 13:36:44,475 rsdfit.lbfgs_fitter INFO     running LBFGS for 500 iterations and then stopping
rank #0: 2019-02-16 13:36:44,475 rsdfit.lbfgs_fitter INFO     running LBFGS minimizer with priors
rank #0: 2019-02-16 13:36:44,476 root         INFO     Iter           N          b1        f_nl   sigma_fog   F(X)     
rank #0: 2019-02-16 13:36:44,476 rsdfit.lbfgs_fitter INFO     computing gradient using numerical derivative of lnlike()
rank #0: 2019-02-16 13:36:45,051 LBFGS        INFO     options = {'factr': 100000.0, 'gtol': 1e-05, 'max_iter': 500, 'test_convergence': False}
rank #0: 2019-02-16 13:36:45,052 LBFGS        PARAM    0000          0.000000          2.000000          0.000000          4.000000        104.371418
rank #0: 2019-02-16 13:36:45,718 LBFGS        PARAM    0001          1.087941          2.071691          0.611107          4.007184         91.095025
rank #0: 2019-02-16 13:36:46,312 LBFGS        PARAM    0002       -116.192131          2.236082          2.998883          4.127474         76.384085
rank #0: 2019-02-16 13:36:46,909 LBFGS        PARAM    0003       -221.651664          2.263265          3.887708          4.237799         72.505708
rank #0: 2019-02-16 13:36:47,502 LBFGS        PARAM    0004       -359.858503          2.281864          5.522041          4.428419         70.252493
rank #0: 2019-02-16 13:36:48,088 LBFGS        PARAM    0005       -356.048319          2.282757          5.987553          4.445517         70.224339
rank #0: 2019-02-16 13:36:48,873 LBFGS        PARAM    0006       -315.206224          2.282793         10.787026          4.616624         70.071423
rank #0: 2019-02-16 13:36:49,463 LBFGS        PARAM    0007       -307.097866          2.279859         13.414925          4.649978         70.044680
rank #0: 2019-02-16 13:36:50,056 LBFGS        PARAM    0008       -298.641803          2.274491         18.796312          4.681552         70.011941
rank #0: 2019-02-16 13:36:50,662 LBFGS        PARAM    0009       -294.894407          2.270218         24.630081          4.689097         69.982896
rank #0: 2019-02-16 13:36:51,260 LBFGS        PARAM    0010       -292.783661          2.263154         37.868789          4.674200         69.925153
rank #0: 2019-02-16 13:36:51,852 LBFGS        PARAM    0011       -297.026169          2.260266         49.210016          4.630930         69.880941
rank #0: 2019-02-16 13:36:52,455 LBFGS        PARAM    0012       -302.790291          2.261092         51.514356          4.592640         69.869948
rank #0: 2019-02-16 13:36:53,050 LBFGS        PARAM    0013       -304.539382          2.262057         50.467727          4.585392         69.869246
rank #0: 2019-02-16 13:36:53,637 LBFGS        PARAM    0014       -304.695000          2.262263         50.138911          4.585460         69.869228
rank #0: 2019-02-16 13:36:54,225 LBFGS        PARAM    0015       -304.683531          2.262272         50.119864          4.585568         69.869228
rank #0: 2019-02-16 13:36:54,823 LBFGS        PARAM    0016       -304.682350          2.262272         50.119691          4.585573         69.869228
rank #0: 2019-02-16 13:36:55,424 LBFGS        PARAM    0017       -304.682367          2.262272         50.119673          4.585573         69.869228
rank #0: 2019-02-16 13:36:56,023 LBFGS        PARAM    0018       -304.682373          2.262272         50.119672          4.585573         69.869228
rank #0: 2019-02-16 13:37:21,523 LBFGS        INFO     Linesearch failed in both LBFGS and gradient directions
rank #0: 2019-02-16 13:37:21,524 LBFGS        PARAM    0018       -304.682373          2.262272         50.119672          4.585573         69.869228
rank #0: 2019-02-16 13:37:21,525 rsdfit.lbfgs_fitter WARNING  ...LBFGS optimization finished. Time elapsed: 0:00:36.47
rank #0: 2019-02-16 13:37:21,526 rsdfit.lbfgs_fitter ERROR    nonlinear fit with method L-BFGS-B failed: Linesearch failed in both LBFGS and gradient directions
rank #0: 2019-02-16 13:37:21,528 rsdfit.fitting_driver INFO     rank 63 on nid12697     ...fitting complete
rank #0: 2019-02-16 13:37:21,533 rsdfit.fitting_driver INFO     rank 63 on nid12697     Saving the results to `/global/cscratch1/sd/nhand/eBOSS/fits/results/mocks/ezmock/v1.8e-fph/0.005-0.3/basemodel-N-fnl/0.8-2.2/QSO-N-0598-P0+P2-mock-cov-6e34f56d69/2019-02-16_nlopt_18i_chain0__1.npz`
rank #0: 2019-02-16 13:37:21,539 pyRSD.analysis.lbfgs_results INFO     
minimum chi2 = 69.86922835387531

Free parameters [ mean ]
_______________
N              : -304.6823725765379
b1             : 2.2622720542388977
f_nl           : 50.11967151840619
sigma_fog      : 4.585572994155652

Constrained parameters [ mean ]
_________________________
b1sigma8       : 0.9010928448123833
