rank #0: 2017-11-27 21:24:55,978 rsdfit.fitting_driver INFO     rank 134 on nid00563     Calling the 'nlopt' solve function
rank #0: 2017-11-27 21:24:55,979 rsdfit.lbfgs_fitter INFO     running LBFGS for 500 iterations and then stopping
rank #0: 2017-11-27 21:24:55,979 rsdfit.lbfgs_fitter INFO     running LBFGS minimizer with priors
rank #0: 2017-11-27 21:24:55,979 root         INFO     Iter           N   alpha_par   alpha_perp          b1           f    sigma8_z   sigma_fog   F(X)     
rank #0: 2017-11-27 21:24:56,835 LBFGS        INFO     options = {'factr': 100000.0, 'gtol': 1e-05, 'max_iter': 500, 'test_convergence': False}
rank #0: 2017-11-27 21:24:56,836 LBFGS        PARAM    0000          0.000000          1.000000          1.000000          2.000000          0.930883          0.398070          4.000000         80.914234
rank #0: 2017-11-27 21:24:57,784 LBFGS        PARAM    0001         -0.043782          0.999915          0.999891          2.001332          0.930933          0.398958          4.000007         79.925048
rank #0: 2017-11-27 21:24:58,669 LBFGS        PARAM    0002        -14.065575          0.996667          0.996760          2.040727          0.932115          0.423322          4.012931         67.955912
rank #0: 2017-11-27 21:24:59,555 LBFGS        PARAM    0003        -21.190236          0.996566          0.997338          2.035156          0.931700          0.419483          4.021357         67.393344
rank #0: 2017-11-27 21:25:00,446 LBFGS        PARAM    0004        -32.222297          0.995866          0.997454          2.035576          0.931419          0.419133          4.033467         67.160953
rank #0: 2017-11-27 21:25:01,337 LBFGS        PARAM    0005       -195.736976          0.985110          0.998571          2.048320          0.927493          0.418002          4.209254         65.242577
rank #0: 2017-11-27 21:25:02,230 LBFGS        PARAM    0006       -227.571129          0.983362          0.999025          2.053846          0.926573          0.419377          4.218113         65.098667
rank #0: 2017-11-27 21:25:03,126 LBFGS        PARAM    0007       -231.847855          0.983230          0.999189          2.055125          0.926386          0.419756          4.212497         65.089780
rank #0: 2017-11-27 21:25:04,015 LBFGS        PARAM    0008       -233.957891          0.983221          0.999342          2.055762          0.926250          0.419862          4.206624         65.085505
rank #0: 2017-11-27 21:25:04,905 LBFGS        PARAM    0009       -244.657320          0.983226          1.000225          2.058693          0.925495          0.420086          4.174304         65.065866
rank #0: 2017-11-27 21:25:05,794 LBFGS        PARAM    0010       -263.396993          0.983254          1.001914          2.063499          0.924079          0.420087          4.115280         65.034641
rank #0: 2017-11-27 21:25:06,686 LBFGS        PARAM    0011       -295.353512          0.983156          1.005158          2.071810          0.921402          0.419552          4.010797         64.985015
rank #0: 2017-11-27 21:25:07,580 LBFGS        PARAM    0012       -343.040558          0.978132          1.016649          2.101056          0.912370          0.417087          3.799405         64.881103
rank #0: 2017-11-27 21:25:08,468 LBFGS        PARAM    0013       -367.894316          0.974074          1.022531          2.115280          0.908149          0.414647          3.683450         64.827801
rank #0: 2017-11-27 21:25:09,357 LBFGS        PARAM    0014       -361.700610          0.972970          1.022904          2.115667          0.908115          0.414031          3.685844         64.820190
rank #0: 2017-11-27 21:25:10,246 LBFGS        PARAM    0015       -356.263392          0.972859          1.022458          2.114317          0.908565          0.414022          3.697913         64.819357
rank #0: 2017-11-27 21:25:11,137 LBFGS        PARAM    0016       -353.856113          0.972616          1.022236          2.113407          0.908876          0.414041          3.701480         64.818469
rank #0: 2017-11-27 21:25:12,025 LBFGS        PARAM    0017       -342.310667          0.969736          1.021096          2.106600          0.911228          0.414203          3.703837         64.810696
rank #0: 2017-11-27 21:25:12,915 LBFGS        PARAM    0018       -332.598901          0.963191          1.020045          2.094504          0.915416          0.414588          3.670632         64.796825
rank #0: 2017-11-27 21:25:13,804 LBFGS        PARAM    0019       -334.872056          0.951384          1.021075          2.073253          0.922811          0.416039          3.568190         64.774444
rank #0: 2017-11-27 21:25:14,694 LBFGS        PARAM    0020       -350.836012          0.940364          1.026218          2.046872          0.932280          0.419444          3.450264         64.753592
rank #0: 2017-11-27 21:25:15,585 LBFGS        PARAM    0021       -374.076297          0.933096          1.033398          2.023081          0.941003          0.423668          3.359174         64.739513
rank #0: 2017-11-27 21:25:16,476 LBFGS        PARAM    0022       -388.106397          0.931043          1.038938          2.009408          0.946130          0.426823          3.330311         64.732234
rank #0: 2017-11-27 21:25:17,372 LBFGS        PARAM    0023       -395.262126          0.930184          1.044184          1.995726          0.951213          0.430051          3.329650         64.726511
rank #0: 2017-11-27 21:25:18,268 LBFGS        PARAM    0024       -388.828363          0.929335          1.046321          1.986021          0.954488          0.431822          3.346015         64.723758
rank #0: 2017-11-27 21:25:19,165 LBFGS        PARAM    0025       -386.364941          0.929912          1.045793          1.987005          0.954076          0.431646          3.358213         64.723636
rank #0: 2017-11-27 21:25:20,061 LBFGS        PARAM    0026       -386.138909          0.930002          1.045705          1.987279          0.953963          0.431592          3.359037         64.723634
rank #0: 2017-11-27 21:25:20,952 LBFGS        PARAM    0027       -386.150783          0.930023          1.045695          1.987394          0.953922          0.431574          3.359063         64.723634
rank #0: 2017-11-27 21:25:21,840 LBFGS        PARAM    0028       -386.160145          0.930022          1.045697          1.987391          0.953923          0.431575          3.359054         64.723634
rank #0: 2017-11-27 21:25:22,729 LBFGS        PARAM    0029       -386.161416          0.930022          1.045698          1.987390          0.953923          0.431575          3.359053         64.723634
rank #0: 2017-11-27 21:25:23,618 LBFGS        PARAM    0030       -386.161393          0.930022          1.045698          1.987390          0.953923          0.431575          3.359053         64.723634
rank #0: 2017-11-27 21:25:47,897 LBFGS        INFO     Linesearch failed in both LBFGS and gradient directions
rank #0: 2017-11-27 21:25:47,898 LBFGS        PARAM    0030       -386.161393          0.930022          1.045698          1.987390          0.953923          0.431575          3.359053         64.723634
rank #0: 2017-11-27 21:25:47,898 rsdfit.lbfgs_fitter WARNING  ...LBFGS optimization finished. Time elapsed: 0:00:51.06
rank #0: 2017-11-27 21:25:47,898 rsdfit.lbfgs_fitter ERROR    nonlinear fit with method L-BFGS-B failed: Linesearch failed in both LBFGS and gradient directions
rank #0: 2017-11-27 21:25:47,899 rsdfit.fitting_driver INFO     rank 134 on nid00563     ...fitting complete
rank #0: 2017-11-27 21:25:47,901 rsdfit.fitting_driver INFO     rank 134 on nid00563     Saving the results to `/global/cscratch1/sd/nhand/eBOSS/fits/results/mocks/ezmock/v1.8e-fph/0.0001-0.3/basemodel-fs8-alphas-N/0.8-2.2/QSO-N-0492-P0+P2-mock-cov-976ba3841e/2017-11-27_nlopt_30i_chain0__1.npz`
rank #0: 2017-11-27 21:25:47,922 pyRSD.analysis.lbfgs_results INFO     
minimum chi2 = 64.723634209

Free parameters [ mean ]
_______________
N              : -386.161392685
alpha_par      : 0.930022460494
alpha_perp     : 1.04569751375
b1             : 1.98739035305
f              : 0.953923396655
sigma8_z       : 0.431574970558
sigma_fog      : 3.35905310516

Constrained parameters [ mean ]
_________________________
F_AP           : 0.889380005466
alpha          : 1.00562299603
b1sigma8       : 0.857707933105
epsilon        : -0.038323240896
fsigma8        : 0.411689461826
