rank #0: 2019-02-16 14:16:07,675 rsdfit.fitting_driver INFO     rank 5 on nid00678     Calling the 'nlopt' solve function
rank #0: 2019-02-16 14:16:07,677 rsdfit.lbfgs_fitter INFO     running LBFGS for 500 iterations and then stopping
rank #0: 2019-02-16 14:16:07,678 rsdfit.lbfgs_fitter INFO     running LBFGS minimizer with priors
rank #0: 2019-02-16 14:16:07,679 root         INFO     Iter           N          b1        f_nl   sigma_fog   F(X)     
rank #0: 2019-02-16 14:16:07,680 rsdfit.lbfgs_fitter INFO     computing gradient using numerical derivative of lnlike()
rank #0: 2019-02-16 14:16:08,802 LBFGS        INFO     options = {'factr': 100000.0, 'gtol': 1e-05, 'max_iter': 500, 'test_convergence': False}
rank #0: 2019-02-16 14:16:08,803 LBFGS        PARAM    0000          0.000000          2.000000          0.000000          4.000000        104.965436
rank #0: 2019-02-16 14:16:10,076 LBFGS        PARAM    0001         41.875987          2.110524          2.205129          3.970838         90.276770
rank #0: 2019-02-16 14:16:11,219 LBFGS        PARAM    0002        -34.017017          2.362677          9.791060          3.985477         78.174571
rank #0: 2019-02-16 14:16:12,364 LBFGS        PARAM    0003       -117.750464          2.354591         10.519730          4.041765         76.204219
rank #0: 2019-02-16 14:16:13,512 LBFGS        PARAM    0004       -326.221779          2.394302         14.292305          4.155853         74.399068
rank #0: 2019-02-16 14:16:14,661 LBFGS        PARAM    0005       -353.631453          2.403187         15.403536          4.115449         74.317450
rank #0: 2019-02-16 14:16:15,803 LBFGS        PARAM    0006       -400.269480          2.410603         17.733566          3.973231         74.194908
rank #0: 2019-02-16 14:16:16,943 LBFGS        PARAM    0007       -429.070819          2.406027         19.944833          3.810573         74.122799
rank #0: 2019-02-16 14:16:18,085 LBFGS        PARAM    0008       -425.057531          2.399966         21.557807          3.770401         74.111728
rank #0: 2019-02-16 14:16:19,228 LBFGS        PARAM    0009       -421.443860          2.397782         22.361240          3.766837         74.110339
rank #0: 2019-02-16 14:16:20,369 LBFGS        PARAM    0010       -418.816451          2.396305         23.333713          3.768512         74.109368
rank #0: 2019-02-16 14:16:21,511 LBFGS        PARAM    0011       -418.268819          2.395869         24.406568          3.773033         74.108730
rank #0: 2019-02-16 14:16:22,651 LBFGS        PARAM    0012       -418.392700          2.395947         24.433592          3.774758         74.108716
rank #0: 2019-02-16 14:16:23,791 LBFGS        PARAM    0013       -418.421062          2.395988         24.421280          3.774878         74.108716
rank #0: 2019-02-16 14:16:24,934 LBFGS        PARAM    0014       -418.430117          2.395992         24.419267          3.774868         74.108716
rank #0: 2019-02-16 14:16:26,077 LBFGS        PARAM    0015       -418.430970          2.395992         24.419235          3.774865         74.108716
rank #0: 2019-02-16 14:16:27,225 LBFGS        PARAM    0016       -418.430941          2.395992         24.419237          3.774865         74.108716
rank #0: 2019-02-16 14:17:17,571 LBFGS        INFO     Linesearch failed in both LBFGS and gradient directions
rank #0: 2019-02-16 14:17:17,573 LBFGS        PARAM    0016       -418.430941          2.395992         24.419237          3.774865         74.108716
rank #0: 2019-02-16 14:17:17,574 rsdfit.lbfgs_fitter WARNING  ...LBFGS optimization finished. Time elapsed: 0:01:08.77
rank #0: 2019-02-16 14:17:17,576 rsdfit.lbfgs_fitter ERROR    nonlinear fit with method L-BFGS-B failed: Linesearch failed in both LBFGS and gradient directions
rank #0: 2019-02-16 14:17:17,577 rsdfit.fitting_driver INFO     rank 5 on nid00678     ...fitting complete
rank #0: 2019-02-16 14:17:17,583 rsdfit.fitting_driver INFO     rank 5 on nid00678     Saving the results to `/global/cscratch1/sd/nhand/eBOSS/fits/results/mocks/ezmock/v1.8e-fph/0.005-0.3/basemodel-N-fnl/0.8-2.2/QSO-S-0968-P0+P2-mock-cov-26d5de4060/2019-02-16_nlopt_16i_chain0__1.npz`
rank #0: 2019-02-16 14:17:17,591 pyRSD.analysis.lbfgs_results INFO     
minimum chi2 = 74.10871591894278

Free parameters [ mean ]
_______________
N              : -418.4309413521515
b1             : 2.3959916079359105
f_nl           : 24.419237257386623
sigma_fog      : 3.7748651159776356

Constrained parameters [ mean ]
_________________________
b1sigma8       : 0.8982220530808387
