rank #0: 2019-02-16 13:55:26,980 rsdfit.fitting_driver INFO     rank 61 on nid00679     Calling the 'nlopt' solve function
rank #0: 2019-02-16 13:55:26,981 rsdfit.lbfgs_fitter INFO     running LBFGS for 500 iterations and then stopping
rank #0: 2019-02-16 13:55:26,981 rsdfit.lbfgs_fitter INFO     running LBFGS minimizer with priors
rank #0: 2019-02-16 13:55:26,981 root         INFO     Iter           N          b1        f_nl   sigma_fog   F(X)     
rank #0: 2019-02-16 13:55:26,981 rsdfit.lbfgs_fitter INFO     computing gradient using numerical derivative of lnlike()
rank #0: 2019-02-16 13:55:28,106 LBFGS        INFO     options = {'factr': 100000.0, 'gtol': 1e-05, 'max_iter': 500, 'test_convergence': False}
rank #0: 2019-02-16 13:55:28,107 LBFGS        PARAM    0000          0.000000          2.000000          0.000000          4.000000        101.968076
rank #0: 2019-02-16 13:55:29,378 LBFGS        PARAM    0001         35.542761          2.095262          1.854018          3.968184         90.868067
rank #0: 2019-02-16 13:55:30,520 LBFGS        PARAM    0002        -31.685837          2.313192          7.949784          3.947707         81.453126
rank #0: 2019-02-16 13:55:31,661 LBFGS        PARAM    0003       -110.340180          2.313139          8.584967          3.980478         79.995514
rank #0: 2019-02-16 13:55:32,803 LBFGS        PARAM    0004       -322.331366          2.356239         11.487775          4.027161         78.502970
rank #0: 2019-02-16 13:55:33,945 LBFGS        PARAM    0005       -345.564164          2.358608         11.496933          3.946503         78.367674
rank #0: 2019-02-16 13:55:35,089 LBFGS        PARAM    0006       -448.841230          2.359574         11.133392          3.434594         78.000719
rank #0: 2019-02-16 13:55:36,233 LBFGS        PARAM    0007       -446.112097          2.363949         11.913127          3.458071         77.999233
rank #0: 2019-02-16 13:55:37,378 LBFGS        PARAM    0008       -445.070306          2.361830         11.618406          3.459819         77.997744
rank #0: 2019-02-16 13:55:38,521 LBFGS        PARAM    0009       -445.127895          2.361820         11.636089          3.459467         77.997739
rank #0: 2019-02-16 13:55:39,665 LBFGS        PARAM    0010       -445.082150          2.361487         11.947674          3.457907         77.997689
rank #0: 2019-02-16 13:55:40,809 LBFGS        PARAM    0011       -444.765600          2.361340         12.031358          3.458642         77.997685
rank #0: 2019-02-16 13:55:41,953 LBFGS        PARAM    0012       -444.770740          2.361338         12.030141          3.458590         77.997685
rank #0: 2019-02-16 13:55:43,097 LBFGS        PARAM    0013       -444.770603          2.361338         12.030222          3.458589         77.997685
rank #0: 2019-02-16 13:55:44,241 LBFGS        PARAM    0014       -444.770592          2.361338         12.030232          3.458589         77.997685
rank #0: 2019-02-16 13:56:12,465 LBFGS        PARAM    0015       -444.770586          2.361338         12.030233          3.458589         77.997685
rank #0: 2019-02-16 13:56:13,735 LBFGS        PARAM    0016       -444.770585          2.361338         12.030233          3.458589         77.997685
rank #0: 2019-02-16 13:56:13,736 LBFGS        INFO     LBFGS iteration 16: the descent direction does not have a sufficient projection (cos(theta)=-3.16e-01, theta=108.3915) into the gradient; using steepest descent at this step!
rank #0: 2019-02-16 13:56:37,716 LBFGS        INFO     Linesearch failed in both LBFGS and gradient directions
rank #0: 2019-02-16 13:56:37,717 LBFGS        PARAM    0016       -444.770585          2.361338         12.030233          3.458589         77.997685
rank #0: 2019-02-16 13:56:37,717 rsdfit.lbfgs_fitter WARNING  ...LBFGS optimization finished. Time elapsed: 0:01:09.61
rank #0: 2019-02-16 13:56:37,717 rsdfit.lbfgs_fitter ERROR    nonlinear fit with method L-BFGS-B failed: Linesearch failed in both LBFGS and gradient directions
rank #0: 2019-02-16 13:56:37,718 rsdfit.fitting_driver INFO     rank 61 on nid00679     ...fitting complete
rank #0: 2019-02-16 13:56:37,721 rsdfit.fitting_driver INFO     rank 61 on nid00679     Saving the results to `/global/cscratch1/sd/nhand/eBOSS/fits/results/mocks/ezmock/v1.8e-fph/0.005-0.3/basemodel-N-fnl/0.8-2.2/QSO-S-0117-P0+P2-mock-cov-26d5de4060/2019-02-16_nlopt_16i_chain0__1.npz`
rank #0: 2019-02-16 13:56:37,728 pyRSD.analysis.lbfgs_results INFO     
minimum chi2 = 77.99768462140415

Free parameters [ mean ]
_______________
N              : -444.7705848876143
b1             : 2.361338316293147
f_nl           : 12.03023252388986
sigma_fog      : 3.4585885004726293

Constrained parameters [ mean ]
_________________________
b1sigma8       : 0.8852310431531426
