rank #0: 2017-11-27 22:36:07,757 rsdfit.fitting_driver INFO     rank 33 on nid00493     Calling the 'nlopt' solve function
rank #0: 2017-11-27 22:36:07,758 rsdfit.lbfgs_fitter INFO     running LBFGS for 500 iterations and then stopping
rank #0: 2017-11-27 22:36:07,758 rsdfit.lbfgs_fitter INFO     running LBFGS minimizer with priors
rank #0: 2017-11-27 22:36:07,758 root         INFO     Iter           N          b1        f_nl   sigma_fog   F(X)     
rank #0: 2017-11-27 22:36:08,143 LBFGS        INFO     options = {'factr': 100000.0, 'gtol': 1e-05, 'max_iter': 500, 'test_convergence': False}
rank #0: 2017-11-27 22:36:08,144 LBFGS        PARAM    0000          0.000000          2.000000          0.000000          4.000000         33.745898
rank #0: 2017-11-27 22:36:08,566 LBFGS        PARAM    0001         14.824422          2.086863          0.783114          3.994196         31.143241
rank #0: 2017-11-27 22:36:08,947 LBFGS        PARAM    0002          1.344405          2.257963          1.875173          3.980006         29.441151
rank #0: 2017-11-27 22:36:09,329 LBFGS        PARAM    0003          1.802889          2.231560          0.036501          3.980553         29.370395
rank #0: 2017-11-27 22:36:09,711 LBFGS        PARAM    0004          1.613483          2.232529         -1.533915          3.978745         29.356732
rank #0: 2017-11-27 22:36:10,137 LBFGS        PARAM    0005        -11.865066          2.267830        -44.551225          3.931478         29.013495
rank #0: 2017-11-27 22:36:10,563 LBFGS        PARAM    0006        -17.872694          2.270625        -47.467678          3.931217         28.991919
rank #0: 2017-11-27 22:36:10,988 LBFGS        PARAM    0007        -35.852388          2.276104        -52.509130          3.934554         28.954838
rank #0: 2017-11-27 22:36:11,414 LBFGS        PARAM    0008        -72.393840          2.284078        -59.068913          3.944139         28.907848
rank #0: 2017-11-27 22:36:11,839 LBFGS        PARAM    0009       -150.603187          2.298462        -69.787195          3.964082         28.838725
rank #0: 2017-11-27 22:36:12,264 LBFGS        PARAM    0010       -278.683062          2.319428        -83.818873          3.990513         28.779724
rank #0: 2017-11-27 22:36:12,649 LBFGS        PARAM    0011       -386.932289          2.334266        -91.241099          4.001784         28.773072
rank #0: 2017-11-27 22:36:13,034 LBFGS        PARAM    0012       -388.842266          2.332701        -88.789861          3.999745         28.769190
rank #0: 2017-11-27 22:36:13,418 LBFGS        PARAM    0013       -466.146717          2.336124        -86.189333          3.999757         28.761988
rank #0: 2017-11-27 22:36:13,803 LBFGS        PARAM    0014       -865.237387          2.356683        -79.501536          4.006874         28.739315
rank #0: 2017-11-27 22:36:14,187 LBFGS        PARAM    0015      -1472.408372          2.388986        -74.530486          4.022109         28.713887
rank #0: 2017-11-27 22:36:14,570 LBFGS        PARAM    0016      -2403.877795          2.439492        -72.644027          4.041330         28.678136
rank #0: 2017-11-27 22:36:14,953 LBFGS        PARAM    0017      -3269.900398          2.487317        -76.702092          3.937215         28.652351
rank #0: 2017-11-27 22:36:15,335 LBFGS        PARAM    0018      -3300.061895          2.489700        -77.523634          3.920643         28.652084
rank #0: 2017-11-27 22:36:15,718 LBFGS        PARAM    0019      -3282.822245          2.488843        -77.530689          3.915612         28.652035
rank #0: 2017-11-27 22:36:16,100 LBFGS        PARAM    0020      -3224.412079          2.485869        -77.599155          3.876026         28.651835
rank #0: 2017-11-27 22:36:16,481 LBFGS        PARAM    0021      -3186.911299          2.483715        -77.630753          3.810537         28.651584
rank #0: 2017-11-27 22:36:16,863 LBFGS        PARAM    0022      -3149.161048          2.480742        -77.626088          3.616059         28.650961
rank #0: 2017-11-27 22:36:17,244 LBFGS        PARAM    0023      -3172.869374          2.480252        -77.530511          3.353612         28.650280
rank #0: 2017-11-27 22:36:17,627 LBFGS        PARAM    0024      -3250.516334          2.482794        -77.397174          3.151800         28.649926
rank #0: 2017-11-27 22:36:18,008 LBFGS        PARAM    0025      -3288.083939          2.484436        -77.350872          3.120048         28.649889
rank #0: 2017-11-27 22:36:18,391 LBFGS        PARAM    0026      -3296.631291          2.484902        -77.341521          3.132228         28.649886
rank #0: 2017-11-27 22:36:18,773 LBFGS        PARAM    0027      -3298.042259          2.485012        -77.340032          3.142641         28.649886
rank #0: 2017-11-27 22:36:19,156 LBFGS        PARAM    0028      -3297.599076          2.484994        -77.340728          3.143812         28.649886
rank #0: 2017-11-27 22:36:19,537 LBFGS        PARAM    0029      -3297.479590          2.484988        -77.340926          3.143866         28.649886
rank #0: 2017-11-27 22:36:20,005 LBFGS        PARAM    0030      -3297.479747          2.484988        -77.340925          3.143866         28.649886
rank #0: 2017-11-27 22:36:20,388 LBFGS        PARAM    0031      -3297.479558          2.484988        -77.340930          3.143864         28.649886
rank #0: 2017-11-27 22:36:20,389 LBFGS        INFO     LBFGS iteration 31: the descent direction does not have a sufficient projection (cos(theta)=-1.75e-01, theta=100.0968) into the gradient; using steepest descent at this step!
rank #0: 2017-11-27 22:36:20,859 LBFGS        PARAM    0032      -3297.479323          2.484988        -77.340935          3.143864         28.649886
rank #0: 2017-11-27 22:36:37,814 LBFGS        INFO     Linesearch failed in both LBFGS and gradient directions
rank #0: 2017-11-27 22:36:37,814 LBFGS        PARAM    0032      -3297.479323          2.484988        -77.340935          3.143864         28.649886
rank #0: 2017-11-27 22:36:37,815 rsdfit.lbfgs_fitter WARNING  ...LBFGS optimization finished. Time elapsed: 0:00:29.67
rank #0: 2017-11-27 22:36:37,815 rsdfit.lbfgs_fitter ERROR    nonlinear fit with method L-BFGS-B failed: Linesearch failed in both LBFGS and gradient directions
rank #0: 2017-11-27 22:36:37,815 rsdfit.fitting_driver INFO     rank 33 on nid00493     ...fitting complete
rank #0: 2017-11-27 22:36:37,818 rsdfit.fitting_driver INFO     rank 33 on nid00493     Saving the results to `/global/cscratch1/sd/nhand/eBOSS/fits/results/mocks/ezmock/v1.8e-fph/0.0001-0.05/basemodel-N-fnl/0.8-2.2/QSO-S-0395-P0+P2-mock-cov-a9f629560d/2017-11-27_nlopt_32i_chain0__1.npz`
rank #0: 2017-11-27 22:36:37,836 pyRSD.analysis.lbfgs_results INFO     
minimum chi2 = 28.6498857393

Free parameters [ mean ]
_______________
N              : -3297.47932349
b1             : 2.4849881951
f_nl           : -77.3409345545
sigma_fog      : 3.14386362814

Constrained parameters [ mean ]
_________________________
b1sigma8       : 0.988986985316
