rank #0: 2018-06-03 08:54:54,621 rsdfit.fitting_driver INFO     rank 29 on nid00555     Calling the 'nlopt' solve function
rank #0: 2018-06-03 08:54:54,622 rsdfit.lbfgs_fitter INFO     running LBFGS for 500 iterations and then stopping
rank #0: 2018-06-03 08:54:54,623 rsdfit.lbfgs_fitter INFO     running LBFGS minimizer with priors
rank #0: 2018-06-03 08:54:54,623 root         INFO     Iter           N          b1        f_nl   sigma_fog   F(X)     
rank #0: 2018-06-03 08:54:55,168 LBFGS        INFO     options = {'factr': 100000.0, 'gtol': 1e-05, 'max_iter': 500, 'test_convergence': False}
rank #0: 2018-06-03 08:54:55,169 LBFGS        PARAM    0000          0.000000          2.000000          0.000000          4.000000        131.881075
rank #0: 2018-06-03 08:54:55,787 LBFGS        PARAM    0001         19.693898          2.103924          2.218177          4.001028        111.011601
rank #0: 2018-06-03 08:54:56,343 LBFGS        PARAM    0002        -88.806466          2.357582         10.964776          4.167204         88.510234
rank #0: 2018-06-03 08:54:56,901 LBFGS        PARAM    0003       -224.290158          2.387812         13.626224          4.307630         82.394988
rank #0: 2018-06-03 08:54:57,457 LBFGS        PARAM    0004       -439.842009          2.424628         19.457514          4.582878         78.271164
rank #0: 2018-06-03 08:54:58,014 LBFGS        PARAM    0005       -431.531225          2.423353         20.728226          4.608301         78.199256
rank #0: 2018-06-03 08:54:58,573 LBFGS        PARAM    0006       -348.831141          2.404484         35.819245          4.903053         77.872856
rank #0: 2018-06-03 08:54:59,130 LBFGS        PARAM    0007       -358.038082          2.408245         31.257484          4.879692         77.855016
rank #0: 2018-06-03 08:54:59,687 LBFGS        PARAM    0008       -358.356117          2.409101         32.031590          4.884193         77.853437
rank #0: 2018-06-03 08:55:00,244 LBFGS        PARAM    0009       -357.588866          2.408671         32.128285          4.885402         77.853390
rank #0: 2018-06-03 08:55:00,800 LBFGS        PARAM    0010       -357.576899          2.408713         32.108207          4.885752         77.853387
rank #0: 2018-06-03 08:55:01,355 LBFGS        PARAM    0011       -357.414819          2.408760         32.084225          4.886863         77.853384
rank #0: 2018-06-03 08:55:01,912 LBFGS        PARAM    0012       -357.379735          2.408755         32.085944          4.886992         77.853384
rank #0: 2018-06-03 08:55:02,467 LBFGS        PARAM    0013       -357.377259          2.408754         32.086296          4.886997         77.853384
rank #0: 2018-06-03 08:55:03,022 LBFGS        PARAM    0014       -357.377248          2.408754         32.086304          4.886997         77.853384
rank #0: 2018-06-03 08:55:27,311 LBFGS        INFO     Linesearch failed in both LBFGS and gradient directions
rank #0: 2018-06-03 08:55:27,312 LBFGS        PARAM    0014       -357.377248          2.408754         32.086304          4.886997         77.853384
rank #0: 2018-06-03 08:55:27,313 rsdfit.lbfgs_fitter WARNING  ...LBFGS optimization finished. Time elapsed: 0:00:32.14
rank #0: 2018-06-03 08:55:27,314 rsdfit.lbfgs_fitter ERROR    nonlinear fit with method L-BFGS-B failed: Linesearch failed in both LBFGS and gradient directions
rank #0: 2018-06-03 08:55:27,315 rsdfit.fitting_driver INFO     rank 29 on nid00555     ...fitting complete
rank #0: 2018-06-03 08:55:27,317 rsdfit.fitting_driver INFO     rank 29 on nid00555     Saving the results to `/global/cscratch1/sd/nhand/eBOSS/fits/results/mocks/ezmock/v1.8e-fph/0.0001-0.3/basemodel-N-fnl/0.8-2.2/QSO-N-0518-P0+P2-mock-cov-1ab4f6001f/2018-06-03_nlopt_14i_chain0__1.npz`
rank #0: 2018-06-03 08:55:27,340 pyRSD.analysis.lbfgs_results INFO     
minimum chi2 = 77.8533836101

Free parameters [ mean ]
_______________
N              : -357.377247896
b1             : 2.40875377273
f_nl           : 32.0863042929
sigma_fog      : 4.88699735752

Constrained parameters [ mean ]
_________________________
b1sigma8       : 0.903006401166
