rank #0: 2019-02-16 13:44:09,338 rsdfit.fitting_driver INFO     rank 1 on nid00593     Calling the 'nlopt' solve function
rank #0: 2019-02-16 13:44:09,339 rsdfit.lbfgs_fitter INFO     running LBFGS for 500 iterations and then stopping
rank #0: 2019-02-16 13:44:09,340 rsdfit.lbfgs_fitter INFO     running LBFGS minimizer with priors
rank #0: 2019-02-16 13:44:09,341 root         INFO     Iter           N          b1        f_nl   sigma_fog   F(X)     
rank #0: 2019-02-16 13:44:09,342 rsdfit.lbfgs_fitter INFO     computing gradient using numerical derivative of lnlike()
rank #0: 2019-02-16 13:44:09,930 LBFGS        INFO     options = {'factr': 100000.0, 'gtol': 1e-05, 'max_iter': 500, 'test_convergence': False}
rank #0: 2019-02-16 13:44:09,932 LBFGS        PARAM    0000          0.000000          2.000000          0.000000          4.000000         85.114985
rank #0: 2019-02-16 13:44:10,606 LBFGS        PARAM    0001          3.823560          2.055226          0.412038          3.980600         80.471696
rank #0: 2019-02-16 13:44:11,208 LBFGS        PARAM    0002        -88.077738          2.189948          1.977976          3.965750         75.080656
rank #0: 2019-02-16 13:44:11,805 LBFGS        PARAM    0003       -183.516820          2.218501          2.556470          3.982030         73.623477
rank #0: 2019-02-16 13:44:12,400 LBFGS        PARAM    0004       -363.339831          2.244085          3.318154          3.916102         72.367859
rank #0: 2019-02-16 13:44:12,995 LBFGS        PARAM    0005       -386.405773          2.246775          3.489083          3.854762         72.275031
rank #0: 2019-02-16 13:44:13,589 LBFGS        PARAM    0006       -446.684241          2.245149          4.191354          3.530164         72.021082
rank #0: 2019-02-16 13:44:14,183 LBFGS        PARAM    0007       -440.293662          2.241123          4.980026          3.486452         72.009953
rank #0: 2019-02-16 13:44:14,774 LBFGS        PARAM    0008       -439.321508          2.240564          5.242840          3.484504         72.009653
rank #0: 2019-02-16 13:44:15,362 LBFGS        PARAM    0009       -437.450174          2.239466          6.248234          3.481470         72.008858
rank #0: 2019-02-16 13:44:15,953 LBFGS        PARAM    0010       -435.468161          2.238024          8.434552          3.478883         72.007510
rank #0: 2019-02-16 13:44:16,544 LBFGS        PARAM    0011       -434.942124          2.237067         11.477073          3.479220         72.006040
rank #0: 2019-02-16 13:44:17,134 LBFGS        PARAM    0012       -436.333073          2.237336         12.698043          3.482659         72.005564
rank #0: 2019-02-16 13:44:17,729 LBFGS        PARAM    0013       -436.706773          2.237602         12.636861          3.484064         72.005542
rank #0: 2019-02-16 13:44:18,324 LBFGS        PARAM    0014       -436.770816          2.237645         12.575650          3.484223         72.005541
rank #0: 2019-02-16 13:44:18,917 LBFGS        PARAM    0015       -436.773506          2.237648         12.569121          3.484214         72.005541
rank #0: 2019-02-16 13:44:19,512 LBFGS        PARAM    0016       -436.773640          2.237648         12.569063          3.484214         72.005541
rank #0: 2019-02-16 13:44:20,106 LBFGS        PARAM    0017       -436.773649          2.237648         12.569082          3.484214         72.005541
rank #0: 2019-02-16 13:44:34,750 LBFGS        PARAM    0018       -436.773656          2.237648         12.569082          3.484214         72.005541
rank #0: 2019-02-16 13:45:00,591 LBFGS        INFO     Linesearch failed in both LBFGS and gradient directions
rank #0: 2019-02-16 13:45:00,593 LBFGS        PARAM    0018       -436.773656          2.237648         12.569082          3.484214         72.005541
rank #0: 2019-02-16 13:45:00,594 rsdfit.lbfgs_fitter WARNING  ...LBFGS optimization finished. Time elapsed: 0:00:50.66
rank #0: 2019-02-16 13:45:00,595 rsdfit.lbfgs_fitter ERROR    nonlinear fit with method L-BFGS-B failed: Linesearch failed in both LBFGS and gradient directions
rank #0: 2019-02-16 13:45:00,596 rsdfit.fitting_driver INFO     rank 1 on nid00593     ...fitting complete
rank #0: 2019-02-16 13:45:00,600 rsdfit.fitting_driver INFO     rank 1 on nid00593     Saving the results to `/global/cscratch1/sd/nhand/eBOSS/fits/results/mocks/ezmock/v1.8e-fph/0.005-0.3/basemodel-N-fnl/0.8-2.2/QSO-S-0916-P0+P2-mock-cov-7b0931f16d/2019-02-16_nlopt_18i_chain0__1.npz`
rank #0: 2019-02-16 13:45:00,608 pyRSD.analysis.lbfgs_results INFO     
minimum chi2 = 72.00554133258316

Free parameters [ mean ]
_______________
N              : -436.7736559690126
b1             : 2.2376481209619907
f_nl           : 12.569082384232567
sigma_fog      : 3.484213611327652

Constrained parameters [ mean ]
_________________________
b1sigma8       : 0.8912848068952004
