rank #0: 2018-10-04 22:03:57,778 rsdfit.fitting_driver INFO     rank 13 on nid01062     Calling the 'nlopt' solve function
rank #0: 2018-10-04 22:03:57,778 rsdfit.lbfgs_fitter INFO     running LBFGS for 500 iterations and then stopping
rank #0: 2018-10-04 22:03:57,778 rsdfit.lbfgs_fitter INFO     running LBFGS minimizer with priors
rank #0: 2018-10-04 22:03:57,778 root         INFO     Iter           N          b1        f_nl   sigma_fog   F(X)     
rank #0: 2018-10-04 22:03:57,778 rsdfit.lbfgs_fitter INFO     computing gradient using numerical derivative of lnlike()
rank #0: 2018-10-04 22:03:58,941 LBFGS        INFO     options = {'factr': 100000.0, 'gtol': 1e-05, 'max_iter': 500, 'test_convergence': False}
rank #0: 2018-10-04 22:03:58,941 LBFGS        PARAM    0000          0.000000          2.000000          0.000000          4.000000        113.625229
rank #0: 2018-10-04 22:04:00,287 LBFGS        PARAM    0001         22.712650          2.091272          1.842546          3.982216         95.505440
rank #0: 2018-10-04 22:04:01,476 LBFGS        PARAM    0002        -58.629046          2.304685          8.363635          4.043080         78.040136
rank #0: 2018-10-04 22:04:02,672 LBFGS        PARAM    0003       -159.137401          2.323084          9.896192          4.123686         74.238132
rank #0: 2018-10-04 22:04:03,877 LBFGS        PARAM    0004       -368.585722          2.366269         13.774231          4.287376         71.134033
rank #0: 2018-10-04 22:04:05,067 LBFGS        PARAM    0005       -365.407789          2.362530         14.135071          4.277029         71.125019
rank #0: 2018-10-04 22:04:06,279 LBFGS        PARAM    0006       -364.400948          2.359750         15.082888          4.260666         71.115401
rank #0: 2018-10-04 22:04:07,470 LBFGS        PARAM    0007       -367.518728          2.354789         18.477259          4.214842         71.093741
rank #0: 2018-10-04 22:04:08,682 LBFGS        PARAM    0008       -370.839315          2.353228         22.058395          4.197713         71.080552
rank #0: 2018-10-04 22:04:09,873 LBFGS        PARAM    0009       -371.447935          2.353394         23.396151          4.202612         71.078357
rank #0: 2018-10-04 22:04:11,068 LBFGS        PARAM    0010       -370.697363          2.353508         23.567007          4.207976         71.078080
rank #0: 2018-10-04 22:04:12,281 LBFGS        PARAM    0011       -369.174397          2.353294         23.697010          4.213781         71.077898
rank #0: 2018-10-04 22:04:13,472 LBFGS        PARAM    0012       -368.384818          2.353007         23.749191          4.215049         71.077865
rank #0: 2018-10-04 22:04:14,685 LBFGS        PARAM    0013       -368.344694          2.352989         23.747386          4.214999         71.077865
rank #0: 2018-10-04 22:04:15,874 LBFGS        PARAM    0014       -368.347458          2.352988         23.746948          4.214977         71.077865
rank #0: 2018-10-04 22:04:17,086 LBFGS        PARAM    0015       -368.347986          2.352988         23.746950          4.214975         71.077865
rank #0: 2018-10-04 22:04:18,547 LBFGS        PARAM    0016       -368.347990          2.352988         23.746951          4.214975         71.077865
rank #0: 2018-10-04 22:04:18,548 LBFGS        INFO     LBFGS iteration 16: the descent direction does not have a sufficient projection (cos(theta)=-3.65e-03, theta=90.2093) into the gradient; using steepest descent at this step!
rank #0: 2018-10-04 22:04:43,808 LBFGS        INFO     Linesearch failed in both LBFGS and gradient directions
rank #0: 2018-10-04 22:04:43,808 LBFGS        PARAM    0016       -368.347990          2.352988         23.746951          4.214975         71.077865
rank #0: 2018-10-04 22:04:43,809 rsdfit.lbfgs_fitter WARNING  ...LBFGS optimization finished. Time elapsed: 0:00:44.87
rank #0: 2018-10-04 22:04:43,809 rsdfit.lbfgs_fitter ERROR    nonlinear fit with method L-BFGS-B failed: Linesearch failed in both LBFGS and gradient directions
rank #0: 2018-10-04 22:04:43,810 rsdfit.fitting_driver INFO     rank 13 on nid01062     ...fitting complete
rank #0: 2018-10-04 22:04:43,813 rsdfit.fitting_driver INFO     rank 13 on nid01062     Saving the results to `/global/cscratch1/sd/nhand/eBOSS/fits/results/mocks/ezmock/v1.8e-fph/0.005-0.3/basemodel-N-fnl/0.8-2.2/QSO-N-0023-P0+P2-mock-cov-3d9387a9b2/2018-10-04_nlopt_16i_chain0__1.npz`
rank #0: 2018-10-04 22:04:43,861 pyRSD.analysis.lbfgs_results INFO     
minimum chi2 = 71.0778652815

Free parameters [ mean ]
_______________
N              : -368.347990044
b1             : 2.35298767037
f_nl           : 23.7469511638
sigma_fog      : 4.21497477712

Constrained parameters [ mean ]
_________________________
b1sigma8       : 0.882100508681
