rank #0: 2019-02-16 14:25:06,932 rsdfit.fitting_driver INFO     rank 18 on nid01132     Calling the 'nlopt' solve function
rank #0: 2019-02-16 14:25:06,933 rsdfit.lbfgs_fitter INFO     running LBFGS for 500 iterations and then stopping
rank #0: 2019-02-16 14:25:06,934 rsdfit.lbfgs_fitter INFO     running LBFGS minimizer with priors
rank #0: 2019-02-16 14:25:06,934 root         INFO     Iter           N          b1        f_nl   sigma_fog   F(X)     
rank #0: 2019-02-16 14:25:06,934 rsdfit.lbfgs_fitter INFO     computing gradient using numerical derivative of lnlike()
rank #0: 2019-02-16 14:25:08,038 LBFGS        INFO     options = {'factr': 100000.0, 'gtol': 1e-05, 'max_iter': 500, 'test_convergence': False}
rank #0: 2019-02-16 14:25:08,039 LBFGS        PARAM    0000          0.000000          2.000000          0.000000          4.000000        111.572540
rank #0: 2019-02-16 14:25:09,287 LBFGS        PARAM    0001         14.178535          2.121242          0.982742          4.010691         93.707529
rank #0: 2019-02-16 14:25:10,411 LBFGS        PARAM    0002       -109.425408          2.378551          5.102037          4.248978         75.575546
rank #0: 2019-02-16 14:25:11,535 LBFGS        PARAM    0003       -292.956844          2.446129          6.604068          4.473696         69.243934
rank #0: 2019-02-16 14:25:12,659 LBFGS        PARAM    0004       -479.767629          2.470527          6.345698          4.854550         65.864171
rank #0: 2019-02-16 14:25:13,787 LBFGS        PARAM    0005       -472.834676          2.475247          6.268372          4.900951         65.768409
rank #0: 2019-02-16 14:25:14,915 LBFGS        PARAM    0006       -399.547487          2.488003          4.925334          5.266504         65.310187
rank #0: 2019-02-16 14:25:16,042 LBFGS        PARAM    0007       -357.938369          2.483543          3.422099          5.455523         65.193198
rank #0: 2019-02-16 14:25:17,171 LBFGS        PARAM    0008       -348.787455          2.479807          2.155969          5.503655         65.177271
rank #0: 2019-02-16 14:25:18,305 LBFGS        PARAM    0009       -348.401551          2.478977          1.712805          5.507060         65.176047
rank #0: 2019-02-16 14:25:19,440 LBFGS        PARAM    0010       -348.539740          2.478576          1.102508          5.507763         65.174840
rank #0: 2019-02-16 14:25:20,578 LBFGS        PARAM    0011       -349.295585          2.478575         -0.684706          5.508393         65.171755
rank #0: 2019-02-16 14:25:21,707 LBFGS        PARAM    0012       -350.954692          2.480054         -4.055978          5.509186         65.166642
rank #0: 2019-02-16 14:25:22,830 LBFGS        PARAM    0013       -353.222648          2.483687         -8.294930          5.510295         65.161001
rank #0: 2019-02-16 14:25:23,952 LBFGS        PARAM    0014       -354.359124          2.486491        -10.020189          5.510516         65.158957
rank #0: 2019-02-16 14:25:25,075 LBFGS        PARAM    0015       -354.403588          2.487057         -9.835801          5.510364         65.158748
rank #0: 2019-02-16 14:25:26,196 LBFGS        PARAM    0016       -354.326109          2.487028         -9.644527          5.510336         65.158739
rank #0: 2019-02-16 14:25:27,319 LBFGS        PARAM    0017       -354.311722          2.487009         -9.618316          5.510338         65.158739
rank #0: 2019-02-16 14:25:28,440 LBFGS        PARAM    0018       -354.310995          2.487008         -9.617399          5.510339         65.158739
rank #0: 2019-02-16 14:25:29,570 LBFGS        PARAM    0019       -354.311019          2.487008         -9.617404          5.510339         65.158739
rank #0: 2019-02-16 14:26:20,070 LBFGS        INFO     Linesearch failed in both LBFGS and gradient directions
rank #0: 2019-02-16 14:26:20,071 LBFGS        PARAM    0019       -354.311019          2.487008         -9.617404          5.510339         65.158739
rank #0: 2019-02-16 14:26:20,072 rsdfit.lbfgs_fitter WARNING  ...LBFGS optimization finished. Time elapsed: 0:01:12.03
rank #0: 2019-02-16 14:26:20,072 rsdfit.lbfgs_fitter ERROR    nonlinear fit with method L-BFGS-B failed: Linesearch failed in both LBFGS and gradient directions
rank #0: 2019-02-16 14:26:20,073 rsdfit.fitting_driver INFO     rank 18 on nid01132     ...fitting complete
rank #0: 2019-02-16 14:26:20,077 rsdfit.fitting_driver INFO     rank 18 on nid01132     Saving the results to `/global/cscratch1/sd/nhand/eBOSS/fits/results/mocks/ezmock/v1.8e-fph/0.005-0.3/basemodel-N-fnl/0.8-2.2/QSO-N-0217-P0+P2-mock-cov-3574198df7/2019-02-16_nlopt_19i_chain0__1.npz`
rank #0: 2019-02-16 14:26:20,084 pyRSD.analysis.lbfgs_results INFO     
minimum chi2 = 65.1587387333899

Free parameters [ mean ]
_______________
N              : -354.31101876443165
b1             : 2.487007614795715
f_nl           : -9.617403679970357
sigma_fog      : 5.510338790081653

Constrained parameters [ mean ]
_________________________
b1sigma8       : 0.9008774918131245
