rank #0: 2018-10-08 09:26:06,122 rsdfit.fitting_driver INFO     rank 26 on nid02162     Calling the 'nlopt' solve function
rank #0: 2018-10-08 09:26:06,122 rsdfit.lbfgs_fitter INFO     running LBFGS for 500 iterations and then stopping
rank #0: 2018-10-08 09:26:06,122 rsdfit.lbfgs_fitter INFO     running LBFGS minimizer with priors
rank #0: 2018-10-08 09:26:06,122 root         INFO     Iter           N          b1        f_nl   sigma_fog   F(X)     
rank #0: 2018-10-08 09:26:06,122 rsdfit.lbfgs_fitter INFO     computing gradient using numerical derivative of lnlike()
rank #0: 2018-10-08 09:26:07,307 LBFGS        INFO     options = {'factr': 100000.0, 'gtol': 1e-05, 'max_iter': 500, 'test_convergence': False}
rank #0: 2018-10-08 09:26:07,307 LBFGS        PARAM    0000          0.000000          2.000000          0.000000          4.000000        145.890379
rank #0: 2018-10-08 09:26:08,692 LBFGS        PARAM    0001          2.288024          2.102951          2.169791          4.006295        126.727577
rank #0: 2018-10-08 09:26:09,917 LBFGS        PARAM    0002       -198.699278          2.381385         10.738484          4.191120        102.515811
rank #0: 2018-10-08 09:26:11,163 LBFGS        PARAM    0003       -340.086712          2.397216         12.287092          4.342729         96.272575
rank #0: 2018-10-08 09:26:12,391 LBFGS        PARAM    0004       -509.712608          2.426173         14.782426          4.551956         93.683257
rank #0: 2018-10-08 09:26:13,617 LBFGS        PARAM    0005       -500.005824          2.421974         14.970652          4.573710         93.639680
rank #0: 2018-10-08 09:26:14,864 LBFGS        PARAM    0006       -461.996831          2.414424         16.596272          4.702282         93.504717
rank #0: 2018-10-08 09:26:16,089 LBFGS        PARAM    0007       -439.478915          2.415969         18.637733          4.814983         93.446483
rank #0: 2018-10-08 09:26:17,336 LBFGS        PARAM    0008       -437.849245          2.418080         19.481947          4.836754         93.441370
rank #0: 2018-10-08 09:26:18,564 LBFGS        PARAM    0009       -438.369376          2.418377         19.604843          4.836170         93.441217
rank #0: 2018-10-08 09:26:19,790 LBFGS        PARAM    0010       -438.729748          2.418420         19.728947          4.834810         93.441120
rank #0: 2018-10-08 09:26:21,037 LBFGS        PARAM    0011       -438.972993          2.418178         19.984395          4.832513         93.440974
rank #0: 2018-10-08 09:26:22,265 LBFGS        PARAM    0012       -438.553702          2.417633         20.184198          4.831611         93.440893
rank #0: 2018-10-08 09:26:23,514 LBFGS        PARAM    0013       -438.534562          2.417598         20.183900          4.831537         93.440892
rank #0: 2018-10-08 09:26:24,741 LBFGS        PARAM    0014       -438.531496          2.417597         20.182194          4.831544         93.440892
rank #0: 2018-10-08 09:26:25,966 LBFGS        PARAM    0015       -438.531114          2.417597         20.182036          4.831546         93.440892
rank #0: 2018-10-08 09:26:27,352 LBFGS        PARAM    0016       -438.531106          2.417597         20.182036          4.831546         93.440892
rank #0: 2018-10-08 09:26:57,121 LBFGS        PARAM    0017       -438.531099          2.417597         20.182036          4.831546         93.440892
rank #0: 2018-10-08 09:26:58,507 LBFGS        PARAM    0018       -438.531099          2.417597         20.182036          4.831546         93.440892
rank #0: 2018-10-08 09:27:51,096 LBFGS        INFO     Linesearch failed in both LBFGS and gradient directions
rank #0: 2018-10-08 09:27:51,097 LBFGS        PARAM    0018       -438.531099          2.417597         20.182036          4.831546         93.440892
rank #0: 2018-10-08 09:27:51,097 rsdfit.lbfgs_fitter WARNING  ...LBFGS optimization finished. Time elapsed: 0:01:43.79
rank #0: 2018-10-08 09:27:51,097 rsdfit.lbfgs_fitter ERROR    nonlinear fit with method L-BFGS-B failed: Linesearch failed in both LBFGS and gradient directions
rank #0: 2018-10-08 09:27:51,098 rsdfit.fitting_driver INFO     rank 26 on nid02162     ...fitting complete
rank #0: 2018-10-08 09:27:51,100 rsdfit.fitting_driver INFO     rank 26 on nid02162     Saving the results to `/global/cscratch1/sd/nhand/eBOSS/fits/results/mocks/ezmock/v1.8e-fph/0.0001-0.3/basemodel-N-fnl/0.8-2.2/QSO-N-0008-P0+P2-mock-cov-3d9387a9b2/2018-10-08_nlopt_18i_chain0__1.npz`
rank #0: 2018-10-08 09:27:51,150 pyRSD.analysis.lbfgs_results INFO     
minimum chi2 = 93.4408922302

Free parameters [ mean ]
_______________
N              : -438.531098555
b1             : 2.41759678479
f_nl           : 20.1820359943
sigma_fog      : 4.83154633679

Constrained parameters [ mean ]
_________________________
b1sigma8       : 0.90632151647
