rank #0: 2018-07-16 20:17:23,348 rsdfit.fitting_driver INFO     rank 25 on nid00686     Calling the 'nlopt' solve function
rank #0: 2018-07-16 20:17:23,348 rsdfit.lbfgs_fitter INFO     running LBFGS for 500 iterations and then stopping
rank #0: 2018-07-16 20:17:23,348 rsdfit.lbfgs_fitter INFO     running LBFGS minimizer with priors
rank #0: 2018-07-16 20:17:23,348 root         INFO     Iter           N          b1        f_nl   sigma_fog   F(X)     
rank #0: 2018-07-16 20:17:23,939 LBFGS        INFO     options = {'factr': 100000.0, 'gtol': 1e-05, 'max_iter': 500, 'test_convergence': False}
rank #0: 2018-07-16 20:17:23,953 LBFGS        PARAM    0000          0.000000          2.000000          0.000000          4.000000        104.500162
rank #0: 2018-07-16 20:17:24,603 LBFGS        PARAM    0001        102.002378          2.196231          1.723261          3.949203         79.669360
rank #0: 2018-07-16 20:17:25,202 LBFGS        PARAM    0002         10.327069          2.592251          9.491980          3.994881         64.311036
rank #0: 2018-07-16 20:17:25,802 LBFGS        PARAM    0003        -33.546727          2.516214          9.468849          4.122117         61.882262
rank #0: 2018-07-16 20:17:26,387 LBFGS        PARAM    0004       -189.339888          2.506337         12.310365          4.342049         60.299882
rank #0: 2018-07-16 20:17:26,987 LBFGS        PARAM    0005       -254.633361          2.557709         15.742044          4.457968         58.998993
rank #0: 2018-07-16 20:17:27,586 LBFGS        PARAM    0006       -340.370814          2.628484         22.622796          4.588222         58.348363
rank #0: 2018-07-16 20:17:28,183 LBFGS        PARAM    0007       -337.605507          2.622801         23.735817          4.566220         58.321798
rank #0: 2018-07-16 20:17:28,771 LBFGS        PARAM    0008       -337.556311          2.600844         33.820956          4.439224         58.197456
rank #0: 2018-07-16 20:17:29,370 LBFGS        PARAM    0009       -350.997625          2.582875         50.525484          4.282365         58.069185
rank #0: 2018-07-16 20:17:29,969 LBFGS        PARAM    0010       -359.811093          2.573784         71.683478          4.206125         57.956081
rank #0: 2018-07-16 20:17:30,553 LBFGS        PARAM    0011       -354.309322          2.575479         79.369503          4.251116         57.926773
rank #0: 2018-07-16 20:17:31,153 LBFGS        PARAM    0012       -347.383287          2.577532         79.680129          4.297522         57.920878
rank #0: 2018-07-16 20:17:31,753 LBFGS        PARAM    0013       -338.828785          2.576919         79.927177          4.334257         57.917472
rank #0: 2018-07-16 20:17:32,350 LBFGS        PARAM    0014       -330.163183          2.573365         81.035903          4.352697         57.915648
rank #0: 2018-07-16 20:17:32,937 LBFGS        PARAM    0015       -329.819322          2.573058         81.067877          4.352349         57.915635
rank #0: 2018-07-16 20:17:33,537 LBFGS        PARAM    0016       -329.859908          2.573035         81.071244          4.352008         57.915635
rank #0: 2018-07-16 20:17:34,136 LBFGS        PARAM    0017       -329.869527          2.573035         81.071907          4.351958         57.915635
rank #0: 2018-07-16 20:17:34,721 LBFGS        PARAM    0018       -329.869799          2.573035         81.071937          4.351957         57.915635
rank #0: 2018-07-16 20:17:49,011 LBFGS        PARAM    0019       -329.869800          2.573035         81.071937          4.351957         57.915635
rank #0: 2018-07-16 20:17:49,012 LBFGS        INFO     LBFGS iteration 19: the descent direction does not have a sufficient projection (cos(theta)=-3.57e-01, theta=110.8996) into the gradient; using steepest descent at this step!
rank #0: 2018-07-16 20:18:01,255 LBFGS        INFO     Linesearch failed in both LBFGS and gradient directions
rank #0: 2018-07-16 20:18:01,256 LBFGS        PARAM    0019       -329.869800          2.573035         81.071937          4.351957         57.915635
rank #0: 2018-07-16 20:18:01,256 rsdfit.lbfgs_fitter WARNING  ...LBFGS optimization finished. Time elapsed: 0:00:37.32
rank #0: 2018-07-16 20:18:01,256 rsdfit.lbfgs_fitter ERROR    nonlinear fit with method L-BFGS-B failed: Linesearch failed in both LBFGS and gradient directions
rank #0: 2018-07-16 20:18:01,257 rsdfit.fitting_driver INFO     rank 25 on nid00686     ...fitting complete
rank #0: 2018-07-16 20:18:01,262 rsdfit.fitting_driver INFO     rank 25 on nid00686     Saving the results to `/global/cscratch1/sd/nhand/eBOSS/fits/results/mocks/ezmock/v1.8e-fph/0.005-0.3/basemodel-N-fnl/0.8-2.2/QSO-S-0025-P0+P2-mock-cov-f224d44da7/2018-07-16_nlopt_19i_chain0__1.npz`
rank #0: 2018-07-16 20:18:01,304 pyRSD.analysis.lbfgs_results INFO     
minimum chi2 = 57.9156349975

Free parameters [ mean ]
_______________
N              : -329.869799555
b1             : 2.57303477724
f_nl           : 81.0719369017
sigma_fog      : 4.35195673209

Constrained parameters [ mean ]
_________________________
b1sigma8       : 0.932039412618
