rank #0: 2018-10-08 10:40:56,447 rsdfit.fitting_driver INFO     rank 5 on nid00693     Calling the 'nlopt' solve function
rank #0: 2018-10-08 10:40:56,448 rsdfit.lbfgs_fitter INFO     running LBFGS for 500 iterations and then stopping
rank #0: 2018-10-08 10:40:56,448 rsdfit.lbfgs_fitter INFO     running LBFGS minimizer with priors
rank #0: 2018-10-08 10:40:56,449 root         INFO     Iter           N          b1        f_nl   sigma_fog   F(X)     
rank #0: 2018-10-08 10:40:56,449 rsdfit.lbfgs_fitter INFO     computing gradient using numerical derivative of lnlike()
rank #0: 2018-10-08 10:40:57,632 LBFGS        INFO     options = {'factr': 100000.0, 'gtol': 1e-05, 'max_iter': 500, 'test_convergence': False}
rank #0: 2018-10-08 10:40:57,633 LBFGS        PARAM    0000          0.000000          2.000000          0.000000          4.000000        114.655430
rank #0: 2018-10-08 10:40:59,008 LBFGS        PARAM    0001        -10.853273          2.073113          2.507822          4.007111        104.626661
rank #0: 2018-10-08 10:41:00,271 LBFGS        PARAM    0002       -222.339008          2.300208         15.171370          4.155938         88.102995
rank #0: 2018-10-08 10:41:01,516 LBFGS        PARAM    0003       -358.680629          2.316718         20.607632          4.272372         83.936022
rank #0: 2018-10-08 10:41:02,768 LBFGS        PARAM    0004       -464.211368          2.320964         29.249112          4.373207         82.427403
rank #0: 2018-10-08 10:41:04,001 LBFGS        PARAM    0005       -476.475363          2.317947         35.112951          4.394516         82.008042
rank #0: 2018-10-08 10:41:05,235 LBFGS        PARAM    0006       -488.006996          2.281532         83.255677          4.496163         79.596746
rank #0: 2018-10-08 10:41:06,491 LBFGS        PARAM    0007       -423.518667          2.244827        113.480963          4.494728         78.377394
rank #0: 2018-10-08 10:41:07,722 LBFGS        PARAM    0008       -350.002367          2.221549        124.116051          4.421335         77.904135
rank #0: 2018-10-08 10:41:08,972 LBFGS        PARAM    0009       -345.070820          2.223290        123.695761          4.405747         77.894060
rank #0: 2018-10-08 10:41:10,206 LBFGS        PARAM    0010       -344.541746          2.222909        123.230330          4.401152         77.893360
rank #0: 2018-10-08 10:41:11,439 LBFGS        PARAM    0011       -346.116052          2.222919        123.127326          4.392791         77.891970
rank #0: 2018-10-08 10:41:12,701 LBFGS        PARAM    0012       -353.465329          2.222610        123.594195          4.359099         77.889036
rank #0: 2018-10-08 10:41:13,937 LBFGS        PARAM    0013       -353.539884          2.222618        123.621447          4.359110         77.889034
rank #0: 2018-10-08 10:41:15,184 LBFGS        PARAM    0014       -353.540604          2.222618        123.622922          4.359120         77.889034
rank #0: 2018-10-08 10:41:16,430 LBFGS        PARAM    0015       -353.540528          2.222618        123.622941          4.359120         77.889034
rank #0: 2018-10-08 10:41:47,395 LBFGS        PARAM    0016       -353.540524          2.222618        123.622941          4.359120         77.889034
rank #0: 2018-10-08 10:41:48,631 LBFGS        PARAM    0017       -353.540522          2.222618        123.622941          4.359120         77.889034
rank #0: 2018-10-08 10:42:42,683 LBFGS        INFO     Linesearch failed in both LBFGS and gradient directions
rank #0: 2018-10-08 10:42:42,685 LBFGS        PARAM    0017       -353.540522          2.222618        123.622941          4.359120         77.889034
rank #0: 2018-10-08 10:42:42,685 rsdfit.lbfgs_fitter WARNING  ...LBFGS optimization finished. Time elapsed: 0:01:45.05
rank #0: 2018-10-08 10:42:42,686 rsdfit.lbfgs_fitter ERROR    nonlinear fit with method L-BFGS-B failed: Linesearch failed in both LBFGS and gradient directions
rank #0: 2018-10-08 10:42:42,687 rsdfit.fitting_driver INFO     rank 5 on nid00693     ...fitting complete
rank #0: 2018-10-08 10:42:42,691 rsdfit.fitting_driver INFO     rank 5 on nid00693     Saving the results to `/global/cscratch1/sd/nhand/eBOSS/fits/results/mocks/ezmock/v1.8e-fph/0.005-0.3/basemodel-N-fnl/0.8-2.2/QSO-N-0438-P0+P2-mock-cov-3d9387a9b2/2018-10-08_nlopt_17i_chain0__1.npz`
rank #0: 2018-10-08 10:42:42,738 pyRSD.analysis.lbfgs_results INFO     
minimum chi2 = 77.8890344327

Free parameters [ mean ]
_______________
N              : -353.540522385
b1             : 2.22261804808
f_nl           : 123.62294099
sigma_fog      : 4.35912022509

Constrained parameters [ mean ]
_________________________
b1sigma8       : 0.833226852611
