rank #0: 2018-10-04 22:22:22,149 rsdfit.fitting_driver INFO     rank 10 on nid12887     Calling the 'nlopt' solve function
rank #0: 2018-10-04 22:22:22,150 rsdfit.lbfgs_fitter INFO     running LBFGS for 500 iterations and then stopping
rank #0: 2018-10-04 22:22:22,150 rsdfit.lbfgs_fitter INFO     running LBFGS minimizer with priors
rank #0: 2018-10-04 22:22:22,151 root         INFO     Iter           N          b1        f_nl   sigma_fog   F(X)     
rank #0: 2018-10-04 22:22:22,151 rsdfit.lbfgs_fitter INFO     computing gradient using numerical derivative of lnlike()
rank #0: 2018-10-04 22:22:23,298 LBFGS        INFO     options = {'factr': 100000.0, 'gtol': 1e-05, 'max_iter': 500, 'test_convergence': False}
rank #0: 2018-10-04 22:22:23,299 LBFGS        PARAM    0000          0.000000          2.000000          0.000000          4.000000        122.383820
rank #0: 2018-10-04 22:22:24,642 LBFGS        PARAM    0001         68.943142          2.126521          2.285134          3.938878        102.568415
rank #0: 2018-10-04 22:22:25,827 LBFGS        PARAM    0002         17.514965          2.393966          9.347590          3.849548         89.130947
rank #0: 2018-10-04 22:22:27,016 LBFGS        PARAM    0003        -11.021098          2.354891          9.252282          3.893616         88.128758
rank #0: 2018-10-04 22:22:28,228 LBFGS        PARAM    0004       -110.377456          2.337455         10.765762          3.953074         87.542125
rank #0: 2018-10-04 22:22:29,409 LBFGS        PARAM    0005       -137.091369          2.361816         12.249301          3.950941         86.832233
rank #0: 2018-10-04 22:22:30,614 LBFGS        PARAM    0006       -262.688388          2.425131         17.507197          3.931551         85.914593
rank #0: 2018-10-04 22:22:31,789 LBFGS        PARAM    0007       -283.413191          2.424204         18.036331          3.867208         85.777816
rank #0: 2018-10-04 22:22:32,985 LBFGS        PARAM    0008       -395.212184          2.416850         21.057836          3.363806         85.299821
rank #0: 2018-10-04 22:22:34,162 LBFGS        PARAM    0009       -388.721496          2.416213         21.460849          3.334731         85.292528
rank #0: 2018-10-04 22:22:35,338 LBFGS        PARAM    0010       -388.063338          2.415800         21.522656          3.334145         85.292420
rank #0: 2018-10-04 22:22:36,541 LBFGS        PARAM    0011       -386.774006          2.414903         21.868049          3.333257         85.292108
rank #0: 2018-10-04 22:22:37,725 LBFGS        PARAM    0012       -385.139975          2.413586         22.732804          3.332765         85.291600
rank #0: 2018-10-04 22:22:38,933 LBFGS        PARAM    0013       -384.860602          2.413078         23.540705          3.333626         85.291289
rank #0: 2018-10-04 22:22:40,120 LBFGS        PARAM    0014       -385.277501          2.413264         23.701658          3.334443         85.291249
rank #0: 2018-10-04 22:22:41,326 LBFGS        PARAM    0015       -385.396192          2.413345         23.682721          3.334580         85.291248
rank #0: 2018-10-04 22:22:42,514 LBFGS        PARAM    0016       -385.409278          2.413355         23.676810          3.334584         85.291248
rank #0: 2018-10-04 22:22:43,700 LBFGS        PARAM    0017       -385.409489          2.413355         23.676495          3.334584         85.291248
rank #0: 2018-10-04 22:22:44,913 LBFGS        PARAM    0018       -385.409486          2.413355         23.676491          3.334584         85.291248
rank #0: 2018-10-04 22:23:37,610 LBFGS        INFO     Linesearch failed in both LBFGS and gradient directions
rank #0: 2018-10-04 22:23:37,611 LBFGS        PARAM    0018       -385.409486          2.413355         23.676491          3.334584         85.291248
rank #0: 2018-10-04 22:23:37,612 rsdfit.lbfgs_fitter WARNING  ...LBFGS optimization finished. Time elapsed: 0:01:14.31
rank #0: 2018-10-04 22:23:37,613 rsdfit.lbfgs_fitter ERROR    nonlinear fit with method L-BFGS-B failed: Linesearch failed in both LBFGS and gradient directions
rank #0: 2018-10-04 22:23:37,615 rsdfit.fitting_driver INFO     rank 10 on nid12887     ...fitting complete
rank #0: 2018-10-04 22:23:37,618 rsdfit.fitting_driver INFO     rank 10 on nid12887     Saving the results to `/global/cscratch1/sd/nhand/eBOSS/fits/results/mocks/ezmock/v1.8e-fph/0.005-0.3/basemodel-N-fnl/0.8-2.2/QSO-S-0588-P0+P2-mock-cov-96ccb1008d/2018-10-04_nlopt_18i_chain0__1.npz`
rank #0: 2018-10-04 22:23:37,663 pyRSD.analysis.lbfgs_results INFO     
minimum chi2 = 85.2912480587

Free parameters [ mean ]
_______________
N              : -385.409485844
b1             : 2.41335525161
f_nl           : 23.6764912032
sigma_fog      : 3.33458372374

Constrained parameters [ mean ]
_________________________
b1sigma8       : 0.904731427994
