rank #0: 2018-07-16 20:21:35,946 rsdfit.fitting_driver INFO     rank 23 on nid00608     Calling the 'nlopt' solve function
rank #0: 2018-07-16 20:21:35,947 rsdfit.lbfgs_fitter INFO     running LBFGS for 500 iterations and then stopping
rank #0: 2018-07-16 20:21:35,948 rsdfit.lbfgs_fitter INFO     running LBFGS minimizer with priors
rank #0: 2018-07-16 20:21:35,948 root         INFO     Iter           N          b1        f_nl   sigma_fog   F(X)     
rank #0: 2018-07-16 20:21:36,525 LBFGS        INFO     options = {'factr': 100000.0, 'gtol': 1e-05, 'max_iter': 500, 'test_convergence': False}
rank #0: 2018-07-16 20:21:36,527 LBFGS        PARAM    0000          0.000000          2.000000          0.000000          4.000000        140.217495
rank #0: 2018-07-16 20:21:37,189 LBFGS        PARAM    0001         71.572530          2.160691          1.396588          3.961923        106.653734
rank #0: 2018-07-16 20:21:37,784 LBFGS        PARAM    0002        -25.633292          2.502751          7.717179          4.012274         82.009673
rank #0: 2018-07-16 20:21:38,365 LBFGS        PARAM    0003       -147.716869          2.491778          8.667261          4.111765         76.243969
rank #0: 2018-07-16 20:21:38,960 LBFGS        PARAM    0004       -437.019356          2.560973         13.476267          4.330023         71.374599
rank #0: 2018-07-16 20:21:39,556 LBFGS        PARAM    0005       -458.330165          2.571275         16.452074          4.320965         71.254587
rank #0: 2018-07-16 20:21:40,136 LBFGS        PARAM    0006       -487.490838          2.579145         24.733062          4.267221         71.047421
rank #0: 2018-07-16 20:21:40,732 LBFGS        PARAM    0007       -532.032428          2.578717         45.911523          4.108302         70.645039
rank #0: 2018-07-16 20:21:41,328 LBFGS        PARAM    0008       -560.223959          2.557138         75.965512          3.886136         70.186252
rank #0: 2018-07-16 20:21:41,924 LBFGS        PARAM    0009       -488.029806          2.516877        111.856699          4.008093         69.786843
rank #0: 2018-07-16 20:21:42,504 LBFGS        PARAM    0010       -460.024747          2.507073        111.115919          4.024994         69.738948
rank #0: 2018-07-16 20:21:43,102 LBFGS        PARAM    0011       -458.579698          2.505431        110.592474          4.012587         69.736975
rank #0: 2018-07-16 20:21:43,697 LBFGS        PARAM    0012       -459.681795          2.505249        110.568129          4.005792         69.736858
rank #0: 2018-07-16 20:21:44,277 LBFGS        PARAM    0013       -460.097186          2.505256        110.602626          4.004171         69.736852
rank #0: 2018-07-16 20:21:44,872 LBFGS        PARAM    0014       -460.118960          2.505260        110.608154          4.004125         69.736852
rank #0: 2018-07-16 20:21:45,466 LBFGS        PARAM    0015       -460.119112          2.505260        110.608365          4.004127         69.736852
rank #0: 2018-07-16 20:22:11,133 LBFGS        INFO     Linesearch failed in both LBFGS and gradient directions
rank #0: 2018-07-16 20:22:11,135 LBFGS        PARAM    0015       -460.119112          2.505260        110.608365          4.004127         69.736852
rank #0: 2018-07-16 20:22:11,135 rsdfit.lbfgs_fitter WARNING  ...LBFGS optimization finished. Time elapsed: 0:00:34.61
rank #0: 2018-07-16 20:22:11,136 rsdfit.lbfgs_fitter ERROR    nonlinear fit with method L-BFGS-B failed: Linesearch failed in both LBFGS and gradient directions
rank #0: 2018-07-16 20:22:11,137 rsdfit.fitting_driver INFO     rank 23 on nid00608     ...fitting complete
rank #0: 2018-07-16 20:22:11,141 rsdfit.fitting_driver INFO     rank 23 on nid00608     Saving the results to `/global/cscratch1/sd/nhand/eBOSS/fits/results/mocks/ezmock/v1.8e-fph/0.005-0.3/basemodel-N-fnl/0.8-2.2/QSO-N-0663-P0+P2-mock-cov-f224d44da7/2018-07-16_nlopt_15i_chain0__1.npz`
rank #0: 2018-07-16 20:22:11,166 pyRSD.analysis.lbfgs_results INFO     
minimum chi2 = 69.736851978

Free parameters [ mean ]
_______________
N              : -460.119111507
b1             : 2.50526034149
f_nl           : 110.608364802
sigma_fog      : 4.004126766

Constrained parameters [ mean ]
_________________________
b1sigma8       : 0.907489241029
