rank #0: 2017-11-25 11:59:10,486 rsdfit.fitting_driver INFO     rank 2 on nid00471     Calling the 'nlopt' solve function
rank #0: 2017-11-25 11:59:10,486 rsdfit.lbfgs_fitter INFO     running LBFGS for 500 iterations and then stopping
rank #0: 2017-11-25 11:59:10,487 rsdfit.lbfgs_fitter INFO     running LBFGS minimizer with priors
rank #0: 2017-11-25 11:59:10,487 root         INFO     Iter           N          b1        f_nl   sigma_fog   F(X)     
rank #0: 2017-11-25 11:59:10,535 root         INFO     analytic derivative for parameter 'N' not available; no registered subclass for dPkmu/dN
rank #0: 2017-11-25 11:59:10,830 LBFGS        INFO     options = {'factr': 100000.0, 'gtol': 1e-05, 'max_iter': 500, 'test_convergence': False}
rank #0: 2017-11-25 11:59:10,830 LBFGS        PARAM    0000          0.000000          2.000000          0.000000          4.000000        150.574291
rank #0: 2017-11-25 11:59:11,236 LBFGS        PARAM    0001         -5.134625          2.037922          0.313556          3.995419        139.242150
rank #0: 2017-11-25 11:59:11,583 LBFGS        PARAM    0002       -104.343326          2.142744          1.590655          4.027718        120.834098
rank #0: 2017-11-25 11:59:11,930 LBFGS        PARAM    0003       -223.120056          2.187616          2.447558          4.068748        112.785097
rank #0: 2017-11-25 11:59:12,278 LBFGS        PARAM    0004       -367.062603          2.206035          3.349199          4.028526        108.265024
rank #0: 2017-11-25 11:59:12,627 LBFGS        PARAM    0005       -379.050575          2.210203          3.621931          4.015471        108.131776
rank #0: 2017-11-25 11:59:12,975 LBFGS        PARAM    0006       -388.601409          2.211724          4.256790          3.981622        107.856862
rank #0: 2017-11-25 11:59:13,325 LBFGS        PARAM    0007       -416.508322          2.211980          6.777417          3.856867        107.021716
rank #0: 2017-11-25 11:59:13,675 LBFGS        PARAM    0008       -413.168293          2.209554          8.736662          3.856177        106.988121
rank #0: 2017-11-25 11:59:14,024 LBFGS        PARAM    0009       -405.499305          2.200934         19.021087          3.836137        106.807610
rank #0: 2017-11-25 11:59:14,373 LBFGS        PARAM    0010       -404.896917          2.199597         23.773292          3.834695        106.771983
rank #0: 2017-11-25 11:59:27,257 LBFGS        PARAM    0011       -404.788754          2.200323         23.789902          3.834807        106.767285
rank #0: 2017-11-25 11:59:27,607 LBFGS        PARAM    0012       -405.651687          2.201846         23.849017          3.835924        106.766951
rank #0: 2017-11-25 11:59:52,289 LBFGS        INFO     Linesearch failed in both LBFGS and gradient directions
rank #0: 2017-11-25 11:59:52,289 LBFGS        PARAM    0012       -405.651687          2.201846         23.849017          3.835924        106.766951
rank #0: 2017-11-25 11:59:52,289 rsdfit.lbfgs_fitter WARNING  ...LBFGS optimization finished. Time elapsed: 0:00:41.46
rank #0: 2017-11-25 11:59:52,290 rsdfit.lbfgs_fitter ERROR    nonlinear fit with method L-BFGS-B failed: Linesearch failed in both LBFGS and gradient directions
rank #0: 2017-11-25 11:59:52,290 rsdfit.fitting_driver INFO     rank 2 on nid00471     ...fitting complete
rank #0: 2017-11-25 11:59:52,304 rsdfit.fitting_driver INFO     rank 2 on nid00471     Saving the results to `/global/project/projectdirs/m779/nhand/Research/eBOSS/fits/results/mocks/ezmock/v1.8e-fph/0.0001-0.3/basemodel-N-fnl/0.8-2.2/QSO-N-0355-P0+P2-d10badba55/2017-11-25_nlopt_12i_chain0__1.npz`
rank #0: 2017-11-25 11:59:52,368 pyRSD.analysis.lbfgs_results INFO     
minimum chi2 = 106.766950627

Free parameters [ mean ]
_______________
N              : -405.65168743
b1             : 2.20184648342
f_nl           : 23.8490172949
sigma_fog      : 3.83592440632

Constrained parameters [ mean ]
_________________________
b1sigma8       : 0.876489787802
