rank #0: 2018-10-04 22:29:54,091 rsdfit.fitting_driver INFO     rank 58 on nid12889     Calling the 'nlopt' solve function
rank #0: 2018-10-04 22:29:54,092 rsdfit.lbfgs_fitter INFO     running LBFGS for 500 iterations and then stopping
rank #0: 2018-10-04 22:29:54,093 rsdfit.lbfgs_fitter INFO     running LBFGS minimizer with priors
rank #0: 2018-10-04 22:29:54,094 root         INFO     Iter           N          b1        f_nl   sigma_fog   F(X)     
rank #0: 2018-10-04 22:29:54,095 rsdfit.lbfgs_fitter INFO     computing gradient using numerical derivative of lnlike()
rank #0: 2018-10-04 22:29:55,260 LBFGS        INFO     options = {'factr': 100000.0, 'gtol': 1e-05, 'max_iter': 500, 'test_convergence': False}
rank #0: 2018-10-04 22:29:55,262 LBFGS        PARAM    0000          0.000000          2.000000          0.000000          4.000000        111.811128
rank #0: 2018-10-04 22:29:56,623 LBFGS        PARAM    0001         55.758618          2.116285          2.833091          3.952298         94.794326
rank #0: 2018-10-04 22:29:57,828 LBFGS        PARAM    0002         -6.952710          2.383416         13.780572          3.900327         81.398426
rank #0: 2018-10-04 22:29:59,053 LBFGS        PARAM    0003        -80.431969          2.362618         15.973639          3.946677         79.404922
rank #0: 2018-10-04 22:30:00,258 LBFGS        PARAM    0004       -256.586521          2.384485         24.941344          4.020549         77.377337
rank #0: 2018-10-04 22:30:01,463 LBFGS        PARAM    0005       -337.012539          2.406694         34.236590          3.998082         76.774272
rank #0: 2018-10-04 22:30:02,694 LBFGS        PARAM    0006       -391.633747          2.406170         51.790776          3.850204         76.014638
rank #0: 2018-10-04 22:30:03,902 LBFGS        PARAM    0007       -415.299863          2.366584         86.628175          3.499359         75.128921
rank #0: 2018-10-04 22:30:05,129 LBFGS        PARAM    0008       -351.514044          2.340574         90.772550          3.487034         74.954423
rank #0: 2018-10-04 22:30:06,334 LBFGS        PARAM    0009       -335.702619          2.338156         91.665885          3.493503         74.947010
rank #0: 2018-10-04 22:30:07,531 LBFGS        PARAM    0010       -333.648134          2.337855         91.796264          3.499553         74.946398
rank #0: 2018-10-04 22:30:08,755 LBFGS        PARAM    0011       -330.112959          2.337693         92.398021          3.522862         74.945156
rank #0: 2018-10-04 22:30:09,952 LBFGS        PARAM    0012       -330.147653          2.337629         92.356289          3.523611         74.945149
rank #0: 2018-10-04 22:30:11,169 LBFGS        PARAM    0013       -330.185189          2.337652         92.358252          3.523548         74.945149
rank #0: 2018-10-04 22:30:12,369 LBFGS        PARAM    0014       -330.196698          2.337655         92.358141          3.523539         74.945149
rank #0: 2018-10-04 22:30:13,568 LBFGS        PARAM    0015       -330.198052          2.337655         92.358078          3.523538         74.945149
rank #0: 2018-10-04 22:30:14,928 LBFGS        PARAM    0016       -330.198052          2.337655         92.358077          3.523538         74.945149
rank #0: 2018-10-04 22:30:16,540 LBFGS        PARAM    0017       -330.198053          2.337655         92.358077          3.523538         74.945149
rank #0: 2018-10-04 22:30:17,747 LBFGS        PARAM    0018       -330.198051          2.337655         92.358073          3.523538         74.945149
rank #0: 2018-10-04 22:30:19,108 LBFGS        PARAM    0019       -330.198051          2.337655         92.358073          3.523538         74.945149
rank #0: 2018-10-04 22:30:49,379 LBFGS        PARAM    0020       -330.198050          2.337655         92.358073          3.523538         74.945149
rank #0: 2018-10-04 22:31:18,412 LBFGS        PARAM    0021       -330.198053          2.337655         92.358073          3.523538         74.945149
rank #0: 2018-10-04 22:32:11,501 LBFGS        INFO     Linesearch failed in both LBFGS and gradient directions
rank #0: 2018-10-04 22:32:11,503 LBFGS        PARAM    0021       -330.198053          2.337655         92.358073          3.523538         74.945149
rank #0: 2018-10-04 22:32:11,504 rsdfit.lbfgs_fitter WARNING  ...LBFGS optimization finished. Time elapsed: 0:02:16.24
rank #0: 2018-10-04 22:32:11,505 rsdfit.lbfgs_fitter ERROR    nonlinear fit with method L-BFGS-B failed: Linesearch failed in both LBFGS and gradient directions
rank #0: 2018-10-04 22:32:11,507 rsdfit.fitting_driver INFO     rank 58 on nid12889     ...fitting complete
rank #0: 2018-10-04 22:32:11,511 rsdfit.fitting_driver INFO     rank 58 on nid12889     Saving the results to `/global/cscratch1/sd/nhand/eBOSS/fits/results/mocks/ezmock/v1.8e-fph/0.005-0.3/basemodel-N-fnl/0.8-2.2/QSO-S-0901-P0+P2-mock-cov-96ccb1008d/2018-10-04_nlopt_21i_chain0__1.npz`
rank #0: 2018-10-04 22:32:11,562 pyRSD.analysis.lbfgs_results INFO     
minimum chi2 = 74.9451485222

Free parameters [ mean ]
_______________
N              : -330.198052962
b1             : 2.33765496319
f_nl           : 92.358073443
sigma_fog      : 3.52353809785

Constrained parameters [ mean ]
_________________________
b1sigma8       : 0.87635250202
