rank #0: 2018-07-15 20:05:08,688 rsdfit.fitting_driver INFO     rank 48 on nid00605     Calling the 'nlopt' solve function
rank #0: 2018-07-15 20:05:08,690 rsdfit.lbfgs_fitter INFO     running LBFGS for 500 iterations and then stopping
rank #0: 2018-07-15 20:05:08,690 rsdfit.lbfgs_fitter INFO     running LBFGS minimizer with priors
rank #0: 2018-07-15 20:05:08,691 root         INFO     Iter           N          b1        f_nl   sigma_fog   F(X)     
rank #0: 2018-07-15 20:05:09,260 LBFGS        INFO     options = {'factr': 100000.0, 'gtol': 1e-05, 'max_iter': 500, 'test_convergence': False}
rank #0: 2018-07-15 20:05:09,262 LBFGS        PARAM    0000          0.000000          2.000000          0.000000          4.000000         94.337297
rank #0: 2018-07-15 20:05:09,922 LBFGS        PARAM    0001         -3.951079          2.058582          0.608220          4.001610         85.447939
rank #0: 2018-07-15 20:05:10,520 LBFGS        PARAM    0002       -123.513862          2.201230          3.224998          4.078534         74.381789
rank #0: 2018-07-15 20:05:11,119 LBFGS        PARAM    0003       -230.469764          2.229257          4.641746          4.153867         71.354712
rank #0: 2018-07-15 20:05:11,702 LBFGS        PARAM    0004       -353.892365          2.241356          7.934680          4.228841         69.894782
rank #0: 2018-07-15 20:05:12,302 LBFGS        PARAM    0005       -357.041246          2.242460          9.099536          4.223073         69.856109
rank #0: 2018-07-15 20:05:12,901 LBFGS        PARAM    0006       -431.443642          2.253826         50.982329          3.992519         68.915073
rank #0: 2018-07-15 20:05:13,481 LBFGS        PARAM    0007       -467.773724          2.243676         88.645345          3.781263         68.367180
rank #0: 2018-07-15 20:05:14,080 LBFGS        PARAM    0008       -431.684243          2.220438        107.313006          3.800316         67.650758
rank #0: 2018-07-15 20:05:14,677 LBFGS        PARAM    0009       -351.301489          2.191986        115.847468          3.954286         67.252273
rank #0: 2018-07-15 20:05:15,277 LBFGS        PARAM    0010       -352.871284          2.191845        121.656757          3.955900         67.223814
rank #0: 2018-07-15 20:05:15,859 LBFGS        PARAM    0011       -348.098878          2.194133        122.541647          4.002140         67.200893
rank #0: 2018-07-15 20:05:16,455 LBFGS        PARAM    0012       -342.307145          2.195434        121.684377          4.041307         67.195533
rank #0: 2018-07-15 20:05:17,051 LBFGS        PARAM    0013       -341.830016          2.195405        121.538631          4.043134         67.195509
rank #0: 2018-07-15 20:05:17,629 LBFGS        PARAM    0014       -341.821643          2.195402        121.534230          4.043154         67.195509
rank #0: 2018-07-15 20:05:18,225 LBFGS        PARAM    0015       -341.821707          2.195402        121.534225          4.043153         67.195509
rank #0: 2018-07-15 20:05:18,817 LBFGS        PARAM    0016       -341.821700          2.195402        121.534225          4.043153         67.195509
rank #0: 2018-07-15 20:05:19,475 LBFGS        PARAM    0017       -341.821701          2.195402        121.534225          4.043153         67.195509
rank #0: 2018-07-15 20:05:33,601 LBFGS        PARAM    0018       -341.821701          2.195402        121.534225          4.043153         67.195509
rank #0: 2018-07-15 20:05:33,604 LBFGS        INFO     LBFGS iteration 18: the descent direction does not have a sufficient projection (cos(theta)=-8.55e-01, theta=148.7252) into the gradient; using steepest descent at this step!
rank #0: 2018-07-15 20:05:45,716 LBFGS        INFO     Linesearch failed in both LBFGS and gradient directions
rank #0: 2018-07-15 20:05:45,718 LBFGS        PARAM    0018       -341.821701          2.195402        121.534225          4.043153         67.195509
rank #0: 2018-07-15 20:05:45,719 rsdfit.lbfgs_fitter WARNING  ...LBFGS optimization finished. Time elapsed: 0:00:36.46
rank #0: 2018-07-15 20:05:45,720 rsdfit.lbfgs_fitter ERROR    nonlinear fit with method L-BFGS-B failed: Linesearch failed in both LBFGS and gradient directions
rank #0: 2018-07-15 20:05:45,722 rsdfit.fitting_driver INFO     rank 48 on nid00605     ...fitting complete
rank #0: 2018-07-15 20:05:45,726 rsdfit.fitting_driver INFO     rank 48 on nid00605     Saving the results to `/global/cscratch1/sd/nhand/eBOSS/fits/results/mocks/ezmock/v1.8e-fph/0.0001-0.3/basemodel-N-fnl/0.8-2.2/QSO-N-0958-P0+P2-mock-cov-a8bcb55756/2018-07-15_nlopt_18i_chain0__1.npz`
rank #0: 2018-07-15 20:05:45,754 pyRSD.analysis.lbfgs_results INFO     
minimum chi2 = 67.1955085976

Free parameters [ mean ]
_______________
N              : -341.821700634
b1             : 2.19540193431
f_nl           : 121.534225086
sigma_fog      : 4.04315304506

Constrained parameters [ mean ]
_________________________
b1sigma8       : 0.87445759266
