rank #0: 2017-11-27 21:40:41,379 rsdfit.fitting_driver INFO     rank 162 on nid00532     Calling the 'nlopt' solve function
rank #0: 2017-11-27 21:40:41,380 rsdfit.lbfgs_fitter INFO     running LBFGS for 500 iterations and then stopping
rank #0: 2017-11-27 21:40:41,380 rsdfit.lbfgs_fitter INFO     running LBFGS minimizer with priors
rank #0: 2017-11-27 21:40:41,380 root         INFO     Iter           N          b1           f    sigma8_z   sigma_fog   F(X)     
rank #0: 2017-11-27 21:40:42,002 LBFGS        INFO     options = {'factr': 100000.0, 'gtol': 1e-05, 'max_iter': 500, 'test_convergence': False}
rank #0: 2017-11-27 21:40:42,003 LBFGS        PARAM    0000          0.000000          2.000000          0.930924          0.397985          4.000000         94.890230
rank #0: 2017-11-27 21:40:42,696 LBFGS        PARAM    0001          0.382765          2.002963          0.931078          0.400056          3.999436         92.951029
rank #0: 2017-11-27 21:40:43,333 LBFGS        PARAM    0002         -6.996225          2.069718          0.934663          0.443235          4.000236         77.691496
rank #0: 2017-11-27 21:40:43,969 LBFGS        PARAM    0003        -12.879534          2.051198          0.933785          0.432118          4.010301         76.137710
rank #0: 2017-11-27 21:40:44,606 LBFGS        PARAM    0004        -18.971725          2.053898          0.934009          0.433978          4.017134         76.010243
rank #0: 2017-11-27 21:40:45,247 LBFGS        PARAM    0005        -35.142275          2.055703          0.934333          0.435612          4.036083         75.868342
rank #0: 2017-11-27 21:40:45,887 LBFGS        PARAM    0006        -90.717767          2.057671          0.935263          0.438692          4.101864         75.516490
rank #0: 2017-11-27 21:40:46,525 LBFGS        PARAM    0007       -185.680977          2.056538          0.936767          0.441573          4.214914         75.055277
rank #0: 2017-11-27 21:40:47,166 LBFGS        PARAM    0008       -272.988455          2.043189          0.940003          0.442668          4.319227         74.703993
rank #0: 2017-11-27 21:40:47,807 LBFGS        PARAM    0009       -282.441075          2.038315          0.940979          0.442511          4.331482         74.681644
rank #0: 2017-11-27 21:40:48,449 LBFGS        PARAM    0010       -280.791097          2.036766          0.941314          0.442472          4.330271         74.678874
rank #0: 2017-11-27 21:40:49,090 LBFGS        PARAM    0011       -277.621979          2.033438          0.942171          0.442647          4.328664         74.673702
rank #0: 2017-11-27 21:40:49,734 LBFGS        PARAM    0012       -272.677010          2.025194          0.944506          0.443499          4.329048         74.661879
rank #0: 2017-11-27 21:40:50,375 LBFGS        PARAM    0013       -266.262716          2.007334          0.949873          0.445930          4.337003         74.638341
rank #0: 2017-11-27 21:40:51,014 LBFGS        PARAM    0014       -261.161626          1.981738          0.958006          0.450127          4.360490         74.605847
rank #0: 2017-11-27 21:40:51,654 LBFGS        PARAM    0015       -229.662701          1.943813          0.971769          0.456677          4.501638         74.542002
rank #0: 2017-11-27 21:40:52,299 LBFGS        PARAM    0016       -225.701045          1.930472          0.984938          0.460849          4.606409         74.517238
rank #0: 2017-11-27 21:40:52,935 LBFGS        PARAM    0017       -211.122722          1.928994          0.983102          0.460445          4.622808         74.506489
rank #0: 2017-11-27 21:40:53,575 LBFGS        PARAM    0018       -206.688488          1.929505          0.982908          0.460325          4.633535         74.505905
rank #0: 2017-11-27 21:40:54,215 LBFGS        PARAM    0019       -206.280472          1.929717          0.982920          0.460306          4.635666         74.505888
rank #0: 2017-11-27 21:40:54,853 LBFGS        PARAM    0020       -206.310786          1.929744          0.982918          0.460303          4.635697         74.505888
rank #0: 2017-11-27 21:40:55,492 LBFGS        PARAM    0021       -206.315560          1.929746          0.982917          0.460303          4.635691         74.505888
rank #0: 2017-11-27 21:40:56,370 LBFGS        PARAM    0022       -206.315565          1.929746          0.982917          0.460303          4.635691         74.505888
rank #0: 2017-11-27 21:41:09,485 LBFGS        PARAM    0023       -206.315567          1.929746          0.982917          0.460303          4.635691         74.505888
rank #0: 2017-11-27 21:41:22,874 LBFGS        PARAM    0024       -206.315568          1.929746          0.982917          0.460303          4.635691         74.505888
rank #0: 2017-11-27 21:41:36,004 LBFGS        PARAM    0025       -206.315570          1.929746          0.982917          0.460303          4.635691         74.505888
rank #0: 2017-11-27 21:41:59,471 LBFGS        INFO     Linesearch failed in both LBFGS and gradient directions
rank #0: 2017-11-27 21:41:59,472 LBFGS        PARAM    0025       -206.315570          1.929746          0.982917          0.460303          4.635691         74.505888
rank #0: 2017-11-27 21:41:59,472 rsdfit.lbfgs_fitter WARNING  ...LBFGS optimization finished. Time elapsed: 0:01:17.47
rank #0: 2017-11-27 21:41:59,472 rsdfit.lbfgs_fitter ERROR    nonlinear fit with method L-BFGS-B failed: Linesearch failed in both LBFGS and gradient directions
rank #0: 2017-11-27 21:41:59,473 rsdfit.fitting_driver INFO     rank 162 on nid00532     ...fitting complete
rank #0: 2017-11-27 21:41:59,475 rsdfit.fitting_driver INFO     rank 162 on nid00532     Saving the results to `/global/cscratch1/sd/nhand/eBOSS/fits/results/mocks/ezmock/v1.8e-fph/0.0001-0.3/basemodel-fs8-N/0.8-2.2/QSO-S-0455-P0+P2-mock-cov-5d97c0eb2d/2017-11-27_nlopt_25i_chain0__1.npz`
rank #0: 2017-11-27 21:41:59,495 pyRSD.analysis.lbfgs_results INFO     
minimum chi2 = 74.5058880563

Free parameters [ mean ]
_______________
N              : -206.315569556
b1             : 1.9297463175
f              : 0.98291730355
sigma8_z       : 0.460303092257
sigma_fog      : 4.63569135435

Constrained parameters [ mean ]
_________________________
b1sigma8       : 0.888268197218
fsigma8        : 0.452439874257
