rank #0: 2018-12-30 19:34:44,422 rsdfit.fitting_driver INFO     rank 11 on nid00628     Calling the 'nlopt' solve function
rank #0: 2018-12-30 19:34:44,422 rsdfit.lbfgs_fitter INFO     running LBFGS for 500 iterations and then stopping
rank #0: 2018-12-30 19:34:44,422 rsdfit.lbfgs_fitter INFO     running LBFGS minimizer with priors
rank #0: 2018-12-30 19:34:44,422 root         INFO     Iter           N          b1        f_nl   sigma_fog   F(X)     
rank #0: 2018-12-30 19:34:44,422 rsdfit.lbfgs_fitter INFO     computing gradient using numerical derivative of lnlike()
rank #0: 2018-12-30 19:34:45,605 LBFGS        INFO     options = {'factr': 100000.0, 'gtol': 1e-05, 'max_iter': 500, 'test_convergence': False}
rank #0: 2018-12-30 19:34:45,605 LBFGS        PARAM    0000          0.000000          2.000000          0.000000          4.000000        125.472205
rank #0: 2018-12-30 19:34:46,954 LBFGS        PARAM    0001         63.174176          2.120770          1.681423          3.945938        108.484719
rank #0: 2018-12-30 19:34:48,167 LBFGS        PARAM    0002          8.909515          2.377675          5.401188          3.866883         96.605438
rank #0: 2018-12-30 19:34:49,401 LBFGS        PARAM    0003        -62.409338          2.362315          3.532455          3.890975         95.100832
rank #0: 2018-12-30 19:34:50,617 LBFGS        PARAM    0004       -230.583303          2.391011         -0.355237          3.903958         93.552260
rank #0: 2018-12-30 19:34:51,858 LBFGS        PARAM    0005       -335.298020          2.427468         -5.804133          3.832047         92.927959
rank #0: 2018-12-30 19:34:53,079 LBFGS        PARAM    0006       -448.797957          2.461629        -20.950024          3.551485         92.110862
rank #0: 2018-12-30 19:34:54,301 LBFGS        PARAM    0007       -480.561040          2.465577        -33.604076          3.265645         91.859914
rank #0: 2018-12-30 19:34:55,546 LBFGS        PARAM    0008       -458.695188          2.460675        -29.483804          3.297107         91.836700
rank #0: 2018-12-30 19:34:56,769 LBFGS        PARAM    0009       -461.014056          2.460962        -29.730535          3.287478         91.836252
rank #0: 2018-12-30 19:34:58,014 LBFGS        PARAM    0010       -462.783301          2.460914        -29.621328          3.280472         91.836124
rank #0: 2018-12-30 19:34:59,237 LBFGS        PARAM    0011       -463.067519          2.461004        -29.582149          3.279740         91.836120
rank #0: 2018-12-30 19:35:00,461 LBFGS        PARAM    0012       -463.053085          2.460978        -29.579429          3.279803         91.836120
rank #0: 2018-12-30 19:35:01,706 LBFGS        PARAM    0013       -463.048185          2.460976        -29.578215          3.279818         91.836120
rank #0: 2018-12-30 19:35:02,931 LBFGS        PARAM    0014       -463.047365          2.460976        -29.578053          3.279821         91.836120
rank #0: 2018-12-30 19:35:04,711 LBFGS        PARAM    0015       -463.047366          2.460976        -29.578053          3.279821         91.836120
rank #0: 2018-12-30 19:35:06,357 LBFGS        PARAM    0016       -463.047366          2.460976        -29.578053          3.279821         91.836120
rank #0: 2018-12-30 19:35:07,874 LBFGS        PARAM    0017       -463.047366          2.460976        -29.578053          3.279821         91.836120
rank #0: 2018-12-30 19:35:09,376 LBFGS        PARAM    0018       -463.047366          2.460976        -29.578053          3.279821         91.836120
rank #0: 2018-12-30 19:36:01,776 LBFGS        INFO     Linesearch failed in both LBFGS and gradient directions
rank #0: 2018-12-30 19:36:01,776 LBFGS        PARAM    0018       -463.047366          2.460976        -29.578053          3.279821         91.836120
rank #0: 2018-12-30 19:36:01,777 rsdfit.lbfgs_fitter WARNING  ...LBFGS optimization finished. Time elapsed: 0:01:16.17
rank #0: 2018-12-30 19:36:01,777 rsdfit.lbfgs_fitter ERROR    nonlinear fit with method L-BFGS-B failed: Linesearch failed in both LBFGS and gradient directions
rank #0: 2018-12-30 19:36:01,778 rsdfit.fitting_driver INFO     rank 11 on nid00628     ...fitting complete
rank #0: 2018-12-30 19:36:01,781 rsdfit.fitting_driver INFO     rank 11 on nid00628     Saving the results to `/global/cscratch1/sd/nhand/eBOSS/fits/results/mocks/ezmock/v1.8e-fph/0.0001-0.3/basemodel-N-fnl/0.8-2.2/QSO-S-0111-P0+P2-mock-cov-c368a0eac3/2018-12-30_nlopt_18i_chain0__1.npz`
rank #0: 2018-12-30 19:36:02,092 pyRSD.analysis.lbfgs_results INFO     
minimum chi2 = 91.8361199714

Free parameters [ mean ]
_______________
N              : -463.047365552
b1             : 2.46097551361
f_nl           : -29.578053004
sigma_fog      : 3.27982051146

Constrained parameters [ mean ]
_________________________
b1sigma8       : 0.922583564608
