rank #0: 2018-07-15 19:57:03,840 rsdfit.fitting_driver INFO     rank 14 on nid00604     Calling the 'nlopt' solve function
rank #0: 2018-07-15 19:57:03,841 rsdfit.lbfgs_fitter INFO     running LBFGS for 500 iterations and then stopping
rank #0: 2018-07-15 19:57:03,841 rsdfit.lbfgs_fitter INFO     running LBFGS minimizer with priors
rank #0: 2018-07-15 19:57:03,842 root         INFO     Iter           N          b1        f_nl   sigma_fog   F(X)     
rank #0: 2018-07-15 19:57:04,413 LBFGS        INFO     options = {'factr': 100000.0, 'gtol': 1e-05, 'max_iter': 500, 'test_convergence': False}
rank #0: 2018-07-15 19:57:04,414 LBFGS        PARAM    0000          0.000000          2.000000          0.000000          4.000000         99.275323
rank #0: 2018-07-15 19:57:05,069 LBFGS        PARAM    0001          2.487041          2.064170          0.684619          3.990493         87.854224
rank #0: 2018-07-15 19:57:05,643 LBFGS        PARAM    0002       -105.181603          2.219377          3.778355          4.024511         74.888838
rank #0: 2018-07-15 19:57:06,232 LBFGS        PARAM    0003       -203.843755          2.242998          5.365600          4.071107         71.709851
rank #0: 2018-07-15 19:57:06,822 LBFGS        PARAM    0004       -377.830833          2.265223         10.771750          4.095676         69.243053
rank #0: 2018-07-15 19:57:07,412 LBFGS        PARAM    0005       -393.714825          2.266786         13.212321          4.060941         69.063539
rank #0: 2018-07-15 19:57:07,986 LBFGS        PARAM    0006       -547.307752          2.266370         53.230689          3.509127         67.231690
rank #0: 2018-07-15 19:57:08,576 LBFGS        PARAM    0007       -581.258118          2.254642         90.284733          3.285341         66.117597
rank #0: 2018-07-15 19:57:09,166 LBFGS        PARAM    0008       -519.561356          2.223748        143.119739          3.327510         64.957012
rank #0: 2018-07-15 19:57:09,746 LBFGS        PARAM    0009       -412.909410          2.203798        134.724862          3.524330         64.495361
rank #0: 2018-07-15 19:57:10,338 LBFGS        PARAM    0010       -412.138709          2.211155        136.436616          3.576483         64.430981
rank #0: 2018-07-15 19:57:10,932 LBFGS        PARAM    0011       -413.586570          2.211740        137.036865          3.604467         64.420233
rank #0: 2018-07-15 19:57:11,525 LBFGS        PARAM    0012       -411.893792          2.211728        136.585595          3.624506         64.418335
rank #0: 2018-07-15 19:57:12,102 LBFGS        PARAM    0013       -411.619943          2.211665        136.517780          3.625417         64.418324
rank #0: 2018-07-15 19:57:12,695 LBFGS        PARAM    0014       -411.605908          2.211661        136.512876          3.625413         64.418324
rank #0: 2018-07-15 19:57:13,287 LBFGS        PARAM    0015       -411.605727          2.211661        136.512874          3.625411         64.418324
rank #0: 2018-07-15 19:57:13,934 LBFGS        PARAM    0016       -411.605729          2.211661        136.512873          3.625411         64.418324
rank #0: 2018-07-15 19:57:39,735 LBFGS        INFO     Linesearch failed in both LBFGS and gradient directions
rank #0: 2018-07-15 19:57:39,736 LBFGS        PARAM    0016       -411.605729          2.211661        136.512873          3.625411         64.418324
rank #0: 2018-07-15 19:57:39,737 rsdfit.lbfgs_fitter WARNING  ...LBFGS optimization finished. Time elapsed: 0:00:35.32
rank #0: 2018-07-15 19:57:39,737 rsdfit.lbfgs_fitter ERROR    nonlinear fit with method L-BFGS-B failed: Linesearch failed in both LBFGS and gradient directions
rank #0: 2018-07-15 19:57:39,738 rsdfit.fitting_driver INFO     rank 14 on nid00604     ...fitting complete
rank #0: 2018-07-15 19:57:39,742 rsdfit.fitting_driver INFO     rank 14 on nid00604     Saving the results to `/global/cscratch1/sd/nhand/eBOSS/fits/results/mocks/ezmock/v1.8e-fph/0.0001-0.3/basemodel-N-fnl/0.8-2.2/QSO-N-0328-P0+P2-mock-cov-a8bcb55756/2018-07-15_nlopt_16i_chain0__1.npz`
rank #0: 2018-07-15 19:57:39,767 pyRSD.analysis.lbfgs_results INFO     
minimum chi2 = 64.4183235185

Free parameters [ mean ]
_______________
N              : -411.605729174
b1             : 2.21166129112
f_nl           : 136.512873375
sigma_fog      : 3.62541138916

Constrained parameters [ mean ]
_________________________
b1sigma8       : 0.88093390927
