rank #0: 2018-12-30 16:08:55,111 rsdfit.fitting_driver INFO     rank 61 on nid00556     Calling the 'nlopt' solve function
rank #0: 2018-12-30 16:08:55,112 rsdfit.lbfgs_fitter INFO     running LBFGS for 500 iterations and then stopping
rank #0: 2018-12-30 16:08:55,112 rsdfit.lbfgs_fitter INFO     running LBFGS minimizer with priors
rank #0: 2018-12-30 16:08:55,112 root         INFO     Iter           N          b1        f_nl   sigma_fog   F(X)     
rank #0: 2018-12-30 16:08:55,112 rsdfit.lbfgs_fitter INFO     computing gradient using numerical derivative of lnlike()
rank #0: 2018-12-30 16:08:55,719 LBFGS        INFO     options = {'factr': 100000.0, 'gtol': 1e-05, 'max_iter': 500, 'test_convergence': False}
rank #0: 2018-12-30 16:08:55,719 LBFGS        PARAM    0000          0.000000          2.000000          0.000000          4.000000         87.988701
rank #0: 2018-12-30 16:08:56,416 LBFGS        PARAM    0001         56.489714          2.079766          0.395909          3.966051         77.203350
rank #0: 2018-12-30 16:08:57,019 LBFGS        PARAM    0002         51.991969          2.211459          1.191571          3.947567         71.436193
rank #0: 2018-12-30 16:08:57,646 LBFGS        PARAM    0003         40.860860          2.212419          0.962371          3.988190         71.250926
rank #0: 2018-12-30 16:08:58,278 LBFGS        PARAM    0004        -38.201860          2.242790         -0.909617          4.279150         70.730748
rank #0: 2018-12-30 16:08:58,887 LBFGS        PARAM    0005        -13.222920          2.243700         -2.062005          4.272347         70.675284
rank #0: 2018-12-30 16:08:59,518 LBFGS        PARAM    0006         -8.972911          2.247090         -3.216112          4.301714         70.660352
rank #0: 2018-12-30 16:09:00,145 LBFGS        PARAM    0007          1.632936          2.251122         -6.500101          4.366607         70.633236
rank #0: 2018-12-30 16:09:02,435 LBFGS        PARAM    0008         13.734777          2.252906        -12.263145          4.432565         70.596717
rank #0: 2018-12-30 16:09:03,037 LBFGS        PARAM    0009         47.287912          2.253212        -29.508957          4.536358         70.559545
rank #0: 2018-12-30 16:09:03,662 LBFGS        PARAM    0010         36.083127          2.255131        -36.395838          4.500402         70.504346
rank #0: 2018-12-30 16:09:04,289 LBFGS        PARAM    0011        -13.868251          2.265406        -55.840215          4.371139         70.418965
rank #0: 2018-12-30 16:09:04,911 LBFGS        PARAM    0012        -17.752784          2.266072        -52.796069          4.366137         70.417045
rank #0: 2018-12-30 16:09:05,523 LBFGS        PARAM    0013        -16.711007          2.266418        -52.894166          4.372763         70.416947
rank #0: 2018-12-30 16:09:06,149 LBFGS        PARAM    0014        -17.270142          2.266659        -53.115858          4.372465         70.416940
rank #0: 2018-12-30 16:09:06,771 LBFGS        PARAM    0015        -17.128152          2.266610        -53.067859          4.372493         70.416939
rank #0: 2018-12-30 16:09:07,372 LBFGS        PARAM    0016        -17.125594          2.266611        -53.068126          4.372475         70.416939
rank #0: 2018-12-30 16:09:07,999 LBFGS        PARAM    0017        -17.125887          2.266612        -53.068572          4.372469         70.416939
rank #0: 2018-12-30 16:09:08,625 LBFGS        PARAM    0018        -17.125929          2.266612        -53.068585          4.372469         70.416939
rank #0: 2018-12-30 16:09:09,228 LBFGS        PARAM    0019        -17.125932          2.266612        -53.068586          4.372469         70.416939
rank #0: 2018-12-30 16:09:35,880 LBFGS        INFO     Linesearch failed in both LBFGS and gradient directions
rank #0: 2018-12-30 16:09:35,881 LBFGS        PARAM    0019        -17.125932          2.266612        -53.068586          4.372469         70.416939
rank #0: 2018-12-30 16:09:35,881 rsdfit.lbfgs_fitter WARNING  ...LBFGS optimization finished. Time elapsed: 0:00:40.16
rank #0: 2018-12-30 16:09:35,881 rsdfit.lbfgs_fitter ERROR    nonlinear fit with method L-BFGS-B failed: Linesearch failed in both LBFGS and gradient directions
rank #0: 2018-12-30 16:09:35,882 rsdfit.fitting_driver INFO     rank 61 on nid00556     ...fitting complete
rank #0: 2018-12-30 16:09:35,896 rsdfit.fitting_driver INFO     rank 61 on nid00556     Saving the results to `/global/cscratch1/sd/nhand/eBOSS/fits/results/mocks/ezmock/v1.8e-fph/0.0001-0.3/basemodel-N-fnl/0.8-2.2/QSO-S-0222-P0+P2-mock-cov-8e654b7a3f/2018-12-30_nlopt_19i_chain0__1.npz`
rank #0: 2018-12-30 16:09:36,060 pyRSD.analysis.lbfgs_results INFO     
minimum chi2 = 70.4169387311

Free parameters [ mean ]
_______________
N              : -17.125931885
b1             : 2.26661169432
f_nl           : -53.0685859081
sigma_fog      : 4.37246856586

Constrained parameters [ mean ]
_________________________
b1sigma8       : 0.902821380787
