rank #0: 2017-11-27 22:35:05,754 rsdfit.fitting_driver INFO     rank 243 on nid00501     Calling the 'nlopt' solve function
rank #0: 2017-11-27 22:35:05,754 rsdfit.lbfgs_fitter INFO     running LBFGS for 500 iterations and then stopping
rank #0: 2017-11-27 22:35:05,754 rsdfit.lbfgs_fitter INFO     running LBFGS minimizer with priors
rank #0: 2017-11-27 22:35:05,754 root         INFO     Iter           N          b1        f_nl   sigma_fog   F(X)     
rank #0: 2017-11-27 22:35:06,134 LBFGS        INFO     options = {'factr': 100000.0, 'gtol': 1e-05, 'max_iter': 500, 'test_convergence': False}
rank #0: 2017-11-27 22:35:06,135 LBFGS        PARAM    0000          0.000000          2.000000          0.000000          4.000000         34.136577
rank #0: 2017-11-27 22:35:06,548 LBFGS        PARAM    0001         15.968036          2.093862          0.988938          3.993764         31.043854
rank #0: 2017-11-27 22:35:06,918 LBFGS        PARAM    0002         -0.000969          2.283787          3.290542          3.978102         29.007322
rank #0: 2017-11-27 22:35:07,290 LBFGS        PARAM    0003          0.773223          2.250250          1.530410          3.979163         28.909952
rank #0: 2017-11-27 22:35:07,661 LBFGS        PARAM    0004          0.470440          2.253188          0.583761          3.977360         28.902655
rank #0: 2017-11-27 22:35:08,032 LBFGS        PARAM    0005         -3.156697          2.273745        -11.480327          3.955857         28.848551
rank #0: 2017-11-27 22:35:08,401 LBFGS        PARAM    0006         -7.209783          2.281692        -22.029708          3.936496         28.821058
rank #0: 2017-11-27 22:35:08,772 LBFGS        PARAM    0007        -24.336134          2.279623        -28.112663          3.901195         28.809621
rank #0: 2017-11-27 22:35:09,144 LBFGS        PARAM    0008        -28.650114          2.278577        -28.494612          3.893540         28.809244
rank #0: 2017-11-27 22:35:09,515 LBFGS        PARAM    0009        -32.248643          2.278141        -28.527993          3.887408         28.809061
rank #0: 2017-11-27 22:35:09,886 LBFGS        PARAM    0010        -46.797866          2.277429        -28.561005          3.862620         28.808413
rank #0: 2017-11-27 22:35:10,257 LBFGS        PARAM    0011        -82.134857          2.277177        -28.590645          3.802328         28.806965
rank #0: 2017-11-27 22:35:10,628 LBFGS        PARAM    0012       -177.297218          2.278722        -28.613111          3.639835         28.803280
rank #0: 2017-11-27 22:35:10,997 LBFGS        PARAM    0013       -388.948804          2.285334        -28.569818          3.278349         28.795480
rank #0: 2017-11-27 22:35:11,368 LBFGS        PARAM    0014       -776.997975          2.301801        -28.348097          2.615847         28.781776
rank #0: 2017-11-27 22:35:11,738 LBFGS        PARAM    0015      -1273.900820          2.328380        -28.061128          1.770776         28.764900
rank #0: 2017-11-27 22:35:12,110 LBFGS        PARAM    0016      -1614.551757          2.351788        -28.248218          1.193380         28.755174
rank #0: 2017-11-27 22:35:12,482 LBFGS        PARAM    0017      -1677.815280          2.358343        -28.699609          1.086098         28.754142
rank #0: 2017-11-27 22:35:12,855 LBFGS        PARAM    0018      -1670.426747          2.358298        -28.722677          1.098490         28.754129
rank #0: 2017-11-27 22:35:13,226 LBFGS        PARAM    0019      -1665.101407          2.358062        -28.719591          1.107270         28.754128
rank #0: 2017-11-27 22:35:13,596 LBFGS        PARAM    0020      -1661.469149          2.357878        -28.713857          1.112203         28.754125
rank #0: 2017-11-27 22:35:13,967 LBFGS        PARAM    0021      -1642.109878          2.356840        -28.673842          1.123810         28.754091
rank #0: 2017-11-27 22:35:14,340 LBFGS        PARAM    0022      -1589.666156          2.353856        -28.555382          1.084415         28.753915
rank #0: 2017-11-27 22:35:14,712 LBFGS        PARAM    0023      -1522.773312          2.349460        -28.337570          0.795294         28.753460
rank #0: 2017-11-27 22:35:15,083 LBFGS        PARAM    0024      -1505.146582          2.347845        -28.303860          0.378555         28.753121
rank #0: 2017-11-27 22:35:15,455 LBFGS        PARAM    0025      -1531.077690          2.349247        -28.353537          0.100624         28.753039
rank #0: 2017-11-27 22:35:15,870 LBFGS        PARAM    0026      -1539.316557          2.349955        -28.444834          0.221118         28.753012
rank #0: 2017-11-27 22:35:16,243 LBFGS        PARAM    0027      -1552.721477          2.350776        -28.428302          0.213063         28.753005
rank #0: 2017-11-27 22:35:16,614 LBFGS        PARAM    0028      -1558.519374          2.351116        -28.448087          0.200365         28.753002
rank #0: 2017-11-27 22:35:16,985 LBFGS        PARAM    0029      -1569.676334          2.351727        -28.473653          0.145875         28.752992
rank #0: 2017-11-27 22:35:17,399 LBFGS        PARAM    0030      -1569.111358          2.351688        -28.468590          0.138161         28.752991
rank #0: 2017-11-27 22:35:17,771 LBFGS        PARAM    0031      -1557.442963          2.351026        -28.467957          0.127298         28.752988
rank #0: 2017-11-27 22:35:18,142 LBFGS        PARAM    0032      -1552.135616          2.350705        -28.440370          0.137974         28.752988
rank #0: 2017-11-27 22:35:18,514 LBFGS        PARAM    0033      -1554.737393          2.350855        -28.444231          0.133969         28.752987
rank #0: 2017-11-27 22:35:18,887 LBFGS        PARAM    0034      -1554.674871          2.350854        -28.446934          0.132494         28.752987
rank #0: 2017-11-27 22:35:19,257 LBFGS        PARAM    0035      -1554.729043          2.350856        -28.446419          0.132740         28.752987
rank #0: 2017-11-27 22:35:19,963 LBFGS        PARAM    0036      -1554.728906          2.350856        -28.446419          0.132740         28.752987
rank #0: 2017-11-27 22:35:20,334 LBFGS        PARAM    0037      -1554.728772          2.350856        -28.446460          0.132733         28.752987
rank #0: 2017-11-27 22:35:20,705 LBFGS        PARAM    0038      -1554.728580          2.350856        -28.446451          0.132732         28.752987
rank #0: 2017-11-27 22:35:36,730 LBFGS        INFO     Linesearch failed in both LBFGS and gradient directions
rank #0: 2017-11-27 22:35:36,731 LBFGS        PARAM    0038      -1554.728580          2.350856        -28.446451          0.132732         28.752987
rank #0: 2017-11-27 22:35:36,731 rsdfit.lbfgs_fitter WARNING  ...LBFGS optimization finished. Time elapsed: 0:00:30.60
rank #0: 2017-11-27 22:35:36,731 rsdfit.lbfgs_fitter ERROR    nonlinear fit with method L-BFGS-B failed: Linesearch failed in both LBFGS and gradient directions
rank #0: 2017-11-27 22:35:36,731 rsdfit.fitting_driver INFO     rank 243 on nid00501     ...fitting complete
rank #0: 2017-11-27 22:35:36,733 rsdfit.fitting_driver INFO     rank 243 on nid00501     Saving the results to `/global/cscratch1/sd/nhand/eBOSS/fits/results/mocks/ezmock/v1.8e-fph/0.0001-0.05/basemodel-N-fnl/0.8-2.2/QSO-S-0244-P0+P2-mock-cov-a9f629560d/2017-11-27_nlopt_38i_chain0__1.npz`
rank #0: 2017-11-27 22:35:36,750 pyRSD.analysis.lbfgs_results INFO     
minimum chi2 = 28.7529873865

Free parameters [ mean ]
_______________
N              : -1554.72857998
b1             : 2.350856292
f_nl           : -28.4464510842
sigma_fog      : 0.132731979984

Constrained parameters [ mean ]
_________________________
b1sigma8       : 0.935604556076
