rank #0: 2018-06-24 14:16:09,889 rsdfit.fitting_driver INFO     rank 60 on nid00539     Calling the 'nlopt' solve function
rank #0: 2018-06-24 14:16:09,890 rsdfit.lbfgs_fitter INFO     running LBFGS for 500 iterations and then stopping
rank #0: 2018-06-24 14:16:09,891 rsdfit.lbfgs_fitter INFO     running LBFGS minimizer with priors
rank #0: 2018-06-24 14:16:09,892 root         INFO     Iter           N          b1        f_nl   sigma_fog   F(X)     
rank #0: 2018-06-24 14:16:10,481 LBFGS        INFO     options = {'factr': 100000.0, 'gtol': 1e-05, 'max_iter': 500, 'test_convergence': False}
rank #0: 2018-06-24 14:16:10,482 LBFGS        PARAM    0000          0.000000          2.000000          0.000000          4.000000        116.116660
rank #0: 2018-06-24 14:16:11,159 LBFGS        PARAM    0001         55.922535          2.138442          2.571671          3.955991         95.451994
rank #0: 2018-06-24 14:16:11,747 LBFGS        PARAM    0002        -39.590212          2.455026         11.402554          3.950494         79.278334
rank #0: 2018-06-24 14:16:12,355 LBFGS        PARAM    0003       -138.726790          2.431579         11.381512          4.019194         76.190899
rank #0: 2018-06-24 14:16:12,958 LBFGS        PARAM    0004       -354.082447          2.469849         13.851995          4.134567         73.782545
rank #0: 2018-06-24 14:16:13,552 LBFGS        PARAM    0005       -419.001694          2.495874         14.657930          4.119204         73.565127
rank #0: 2018-06-24 14:16:14,150 LBFGS        PARAM    0006       -444.087737          2.501640         14.153579          4.048998         73.485301
rank #0: 2018-06-24 14:16:14,754 LBFGS        PARAM    0007       -501.459916          2.506178         11.384763          3.801076         73.349752
rank #0: 2018-06-24 14:16:15,359 LBFGS        PARAM    0008       -501.560851          2.503933          9.128493          3.767956         73.339969
rank #0: 2018-06-24 14:16:15,944 LBFGS        PARAM    0009       -500.279406          2.504089          8.265423          3.764268         73.338947
rank #0: 2018-06-24 14:16:16,545 LBFGS        PARAM    0010       -500.291218          2.505214          7.032923          3.765289         73.337866
rank #0: 2018-06-24 14:16:17,149 LBFGS        PARAM    0011       -502.435149          2.507894          5.203136          3.772380         73.336704
rank #0: 2018-06-24 14:16:17,740 LBFGS        PARAM    0012       -503.599323          2.508848          4.826486          3.776413         73.336566
rank #0: 2018-06-24 14:16:18,341 LBFGS        PARAM    0013       -503.707872          2.508899          4.851839          3.776974         73.336563
rank #0: 2018-06-24 14:16:18,943 LBFGS        PARAM    0014       -503.709699          2.508888          4.866934          3.776993         73.336563
rank #0: 2018-06-24 14:16:19,548 LBFGS        PARAM    0015       -503.708789          2.508886          4.868612          3.776987         73.336563
rank #0: 2018-06-24 14:16:20,138 LBFGS        PARAM    0016       -503.708726          2.508886          4.868651          3.776986         73.336563
rank #0: 2018-06-24 14:16:20,815 LBFGS        PARAM    0017       -503.708724          2.508886          4.868651          3.776986         73.336563
rank #0: 2018-06-24 14:16:35,461 LBFGS        PARAM    0018       -503.708724          2.508886          4.868651          3.776986         73.336563
rank #0: 2018-06-24 14:16:36,069 LBFGS        PARAM    0019       -503.708724          2.508886          4.868651          3.776986         73.336563
rank #0: 2018-06-24 14:16:36,661 LBFGS        PARAM    0020       -503.708723          2.508886          4.868651          3.776986         73.336563
rank #0: 2018-06-24 14:17:02,722 LBFGS        INFO     Linesearch failed in both LBFGS and gradient directions
rank #0: 2018-06-24 14:17:02,724 LBFGS        PARAM    0020       -503.708723          2.508886          4.868651          3.776986         73.336563
rank #0: 2018-06-24 14:17:02,725 rsdfit.lbfgs_fitter WARNING  ...LBFGS optimization finished. Time elapsed: 0:00:52.24
rank #0: 2018-06-24 14:17:02,726 rsdfit.lbfgs_fitter ERROR    nonlinear fit with method L-BFGS-B failed: Linesearch failed in both LBFGS and gradient directions
rank #0: 2018-06-24 14:17:02,727 rsdfit.fitting_driver INFO     rank 60 on nid00539     ...fitting complete
rank #0: 2018-06-24 14:17:02,731 rsdfit.fitting_driver INFO     rank 60 on nid00539     Saving the results to `/global/cscratch1/sd/nhand/eBOSS/fits/results/mocks/ezmock/v1.8e-fph/0.005-0.3/basemodel-N-fnl/0.8-2.2/QSO-S-0566-P0+P2-mock-cov-1ab4f6001f/2018-06-24_nlopt_20i_chain0__1.npz`
rank #0: 2018-06-24 14:17:02,757 pyRSD.analysis.lbfgs_results INFO     
minimum chi2 = 73.3365632438

Free parameters [ mean ]
_______________
N              : -503.708723376
b1             : 2.50888595655
f_nl           : 4.86865068407
sigma_fog      : 3.77698632677

Constrained parameters [ mean ]
_________________________
b1sigma8       : 0.94054448579
