rank #0: 2018-06-24 13:43:58,243 rsdfit.fitting_driver INFO     rank 56 on nid00568     Calling the 'nlopt' solve function
rank #0: 2018-06-24 13:43:58,244 rsdfit.lbfgs_fitter INFO     running LBFGS for 500 iterations and then stopping
rank #0: 2018-06-24 13:43:58,244 rsdfit.lbfgs_fitter INFO     running LBFGS minimizer with priors
rank #0: 2018-06-24 13:43:58,245 root         INFO     Iter           N          b1        f_nl   sigma_fog   F(X)     
rank #0: 2018-06-24 13:43:58,833 LBFGS        INFO     options = {'factr': 100000.0, 'gtol': 1e-05, 'max_iter': 500, 'test_convergence': False}
rank #0: 2018-06-24 13:43:58,834 LBFGS        PARAM    0000          0.000000          2.000000          0.000000          4.000000        103.184398
rank #0: 2018-06-24 13:43:59,507 LBFGS        PARAM    0001         56.515375          2.175199          1.407351          3.947602         82.975336
rank #0: 2018-06-24 13:44:00,097 LBFGS        PARAM    0002        -92.044689          2.563674          8.059146          3.950842         67.450737
rank #0: 2018-06-24 13:44:00,707 LBFGS        PARAM    0003       -231.394206          2.534436          7.712098          4.025549         63.463626
rank #0: 2018-06-24 13:44:01,311 LBFGS        PARAM    0004       -518.557346          2.589216          9.229402          4.126554         60.834489
rank #0: 2018-06-24 13:44:01,910 LBFGS        PARAM    0005       -576.547830          2.607892          9.230349          4.047263         60.614640
rank #0: 2018-06-24 13:44:02,506 LBFGS        PARAM    0006       -674.639119          2.623517          7.702044          3.743975         60.253532
rank #0: 2018-06-24 13:44:03,111 LBFGS        PARAM    0007       -719.409844          2.615723          3.995995          3.433806         60.094764
rank #0: 2018-06-24 13:44:03,715 LBFGS        PARAM    0008       -712.162979          2.616551          2.394918          3.419016         60.087612
rank #0: 2018-06-24 13:44:04,308 LBFGS        PARAM    0009       -708.345049          2.616268          1.115519          3.417457         60.085186
rank #0: 2018-06-24 13:44:04,913 LBFGS        PARAM    0010       -705.143586          2.617257         -2.184078          3.419765         60.080051
rank #0: 2018-06-24 13:44:05,517 LBFGS        PARAM    0011       -707.016901          2.622251         -9.756497          3.427890         60.070416
rank #0: 2018-06-24 13:44:06,111 LBFGS        PARAM    0012       -720.156405          2.631231        -18.342894          3.437168         60.061889
rank #0: 2018-06-24 13:44:06,707 LBFGS        PARAM    0013       -726.258101          2.634383        -20.910463          3.444030         60.060819
rank #0: 2018-06-24 13:44:07,311 LBFGS        PARAM    0014       -727.000146          2.634649        -20.911520          3.444425         60.060799
rank #0: 2018-06-24 13:44:07,915 LBFGS        PARAM    0015       -727.075752          2.634616        -20.805894          3.444339         60.060798
rank #0: 2018-06-24 13:44:08,504 LBFGS        PARAM    0016       -727.058163          2.634591        -20.775182          3.444312         60.060798
rank #0: 2018-06-24 13:44:09,109 LBFGS        PARAM    0017       -727.054151          2.634589        -20.773272          3.444313         60.060798
rank #0: 2018-06-24 13:44:09,714 LBFGS        PARAM    0018       -727.054062          2.634589        -20.773250          3.444312         60.060798
rank #0: 2018-06-24 13:44:10,506 LBFGS        PARAM    0019       -727.054055          2.634589        -20.773248          3.444312         60.060798
rank #0: 2018-06-24 13:44:11,180 LBFGS        PARAM    0020       -727.053999          2.634589        -20.773250          3.444312         60.060798
rank #0: 2018-06-24 13:44:11,785 LBFGS        PARAM    0021       -727.054031          2.634589        -20.773251          3.444312         60.060798
rank #0: 2018-06-24 13:44:26,229 LBFGS        PARAM    0022       -727.054030          2.634589        -20.773251          3.444312         60.060798
rank #0: 2018-06-24 13:44:26,829 LBFGS        PARAM    0023       -727.054030          2.634589        -20.773251          3.444312         60.060798
rank #0: 2018-06-24 13:44:52,235 LBFGS        INFO     Linesearch failed in both LBFGS and gradient directions
rank #0: 2018-06-24 13:44:52,236 LBFGS        PARAM    0023       -727.054030          2.634589        -20.773251          3.444312         60.060798
rank #0: 2018-06-24 13:44:52,237 rsdfit.lbfgs_fitter WARNING  ...LBFGS optimization finished. Time elapsed: 0:00:53.40
rank #0: 2018-06-24 13:44:52,238 rsdfit.lbfgs_fitter ERROR    nonlinear fit with method L-BFGS-B failed: Linesearch failed in both LBFGS and gradient directions
rank #0: 2018-06-24 13:44:52,239 rsdfit.fitting_driver INFO     rank 56 on nid00568     ...fitting complete
rank #0: 2018-06-24 13:44:52,243 rsdfit.fitting_driver INFO     rank 56 on nid00568     Saving the results to `/global/cscratch1/sd/nhand/eBOSS/fits/results/mocks/ezmock/v1.8e-fph/0.005-0.3/basemodel-N-fnl/0.8-2.2/QSO-S-0524-P0+P2-mock-cov-f224d44da7/2018-06-24_nlopt_23i_chain0__1.npz`
rank #0: 2018-06-24 13:44:52,268 pyRSD.analysis.lbfgs_results INFO     
minimum chi2 = 60.0607980047

Free parameters [ mean ]
_______________
N              : -727.054030338
b1             : 2.63458875039
f_nl           : -20.7732505112
sigma_fog      : 3.44431177965

Constrained parameters [ mean ]
_________________________
b1sigma8       : 0.95433632422
