rank #0: 2019-02-16 14:02:22,108 rsdfit.fitting_driver INFO     rank 51 on nid00679     Calling the 'nlopt' solve function
rank #0: 2019-02-16 14:02:22,109 rsdfit.lbfgs_fitter INFO     running LBFGS for 500 iterations and then stopping
rank #0: 2019-02-16 14:02:22,109 rsdfit.lbfgs_fitter INFO     running LBFGS minimizer with priors
rank #0: 2019-02-16 14:02:22,110 root         INFO     Iter           N          b1        f_nl   sigma_fog   F(X)     
rank #0: 2019-02-16 14:02:22,110 rsdfit.lbfgs_fitter INFO     computing gradient using numerical derivative of lnlike()
rank #0: 2019-02-16 14:02:23,213 LBFGS        INFO     options = {'factr': 100000.0, 'gtol': 1e-05, 'max_iter': 500, 'test_convergence': False}
rank #0: 2019-02-16 14:02:23,213 LBFGS        PARAM    0000          0.000000          2.000000          0.000000          4.000000         87.039962
rank #0: 2019-02-16 14:02:24,468 LBFGS        PARAM    0001         18.741585          2.071521          1.726166          3.962555         80.442706
rank #0: 2019-02-16 14:02:25,588 LBFGS        PARAM    0002        -52.182904          2.249393          8.625737          3.872151         73.537102
rank #0: 2019-02-16 14:02:26,708 LBFGS        PARAM    0003       -141.401930          2.264314         10.918072          3.852321         72.072749
rank #0: 2019-02-16 14:02:27,832 LBFGS        PARAM    0004       -425.845823          2.305812         21.001962          3.610586         69.601783
rank #0: 2019-02-16 14:02:28,949 LBFGS        PARAM    0005       -502.468053          2.307167         26.564935          3.360035         68.896835
rank #0: 2019-02-16 14:02:30,065 LBFGS        PARAM    0006       -622.840079          2.290682         44.869031          2.571082         67.715909
rank #0: 2019-02-16 14:02:31,184 LBFGS        PARAM    0007       -581.381549          2.273372         54.810824          2.526370         67.558263
rank #0: 2019-02-16 14:02:32,297 LBFGS        PARAM    0008       -550.083135          2.259233         62.714284          2.528317         67.520662
rank #0: 2019-02-16 14:02:33,410 LBFGS        PARAM    0009       -550.091711          2.258816         64.485332          2.543191         67.516877
rank #0: 2019-02-16 14:02:34,519 LBFGS        PARAM    0010       -550.053573          2.258219         64.910592          2.557035         67.516261
rank #0: 2019-02-16 14:02:35,627 LBFGS        PARAM    0011       -550.234483          2.258550         64.863870          2.556861         67.516243
rank #0: 2019-02-16 14:02:36,728 LBFGS        PARAM    0012       -550.211804          2.258513         64.858186          2.556708         67.516242
rank #0: 2019-02-16 14:02:37,836 LBFGS        PARAM    0013       -550.212114          2.258513         64.858659          2.556719         67.516242
rank #0: 2019-02-16 14:02:38,948 LBFGS        PARAM    0014       -550.212178          2.258513         64.858639          2.556719         67.516242
rank #0: 2019-02-16 14:02:40,066 LBFGS        PARAM    0015       -550.212164          2.258513         64.858640          2.556719         67.516242
rank #0: 2019-02-16 14:02:41,183 LBFGS        PARAM    0016       -550.212167          2.258513         64.858640          2.556719         67.516242
rank #0: 2019-02-16 14:02:42,301 LBFGS        PARAM    0017       -550.212164          2.258513         64.858640          2.556719         67.516242
rank #0: 2019-02-16 14:03:32,514 LBFGS        INFO     Linesearch failed in both LBFGS and gradient directions
rank #0: 2019-02-16 14:03:32,515 LBFGS        PARAM    0017       -550.212164          2.258513         64.858640          2.556719         67.516242
rank #0: 2019-02-16 14:03:32,515 rsdfit.lbfgs_fitter WARNING  ...LBFGS optimization finished. Time elapsed: 0:01:09.30
rank #0: 2019-02-16 14:03:32,516 rsdfit.lbfgs_fitter ERROR    nonlinear fit with method L-BFGS-B failed: Linesearch failed in both LBFGS and gradient directions
rank #0: 2019-02-16 14:03:32,517 rsdfit.fitting_driver INFO     rank 51 on nid00679     ...fitting complete
rank #0: 2019-02-16 14:03:32,521 rsdfit.fitting_driver INFO     rank 51 on nid00679     Saving the results to `/global/cscratch1/sd/nhand/eBOSS/fits/results/mocks/ezmock/v1.8e-fph/0.005-0.3/basemodel-N-fnl/0.8-2.2/QSO-S-0388-P0+P2-mock-cov-26d5de4060/2019-02-16_nlopt_17i_chain0__1.npz`
rank #0: 2019-02-16 14:03:32,528 pyRSD.analysis.lbfgs_results INFO     
minimum chi2 = 67.51624240624757

Free parameters [ mean ]
_______________
N              : -550.2121639606868
b1             : 2.2585131809296137
f_nl           : 64.85864043944292
sigma_fog      : 2.5567190556393413

Constrained parameters [ mean ]
_________________________
b1sigma8       : 0.846683410561844
