rank #0: 2018-10-04 22:10:11,568 rsdfit.fitting_driver INFO     rank 18 on nid12887     Calling the 'nlopt' solve function
rank #0: 2018-10-04 22:10:11,569 rsdfit.lbfgs_fitter INFO     running LBFGS for 500 iterations and then stopping
rank #0: 2018-10-04 22:10:11,569 rsdfit.lbfgs_fitter INFO     running LBFGS minimizer with priors
rank #0: 2018-10-04 22:10:11,569 root         INFO     Iter           N          b1        f_nl   sigma_fog   F(X)     
rank #0: 2018-10-04 22:10:11,569 rsdfit.lbfgs_fitter INFO     computing gradient using numerical derivative of lnlike()
rank #0: 2018-10-04 22:10:12,716 LBFGS        INFO     options = {'factr': 100000.0, 'gtol': 1e-05, 'max_iter': 500, 'test_convergence': False}
rank #0: 2018-10-04 22:10:12,716 LBFGS        PARAM    0000          0.000000          2.000000          0.000000          4.000000        115.792300
rank #0: 2018-10-04 22:10:14,056 LBFGS        PARAM    0001         42.259715          2.096457          2.350475          3.957449        103.986423
rank #0: 2018-10-04 22:10:15,240 LBFGS        PARAM    0002        -18.370624          2.323520         11.487817          3.898325         93.866695
rank #0: 2018-10-04 22:10:16,427 LBFGS        PARAM    0003        -91.504913          2.317105         13.899936          3.926283         92.344242
rank #0: 2018-10-04 22:10:17,633 LBFGS        PARAM    0004       -306.764725          2.352678         24.614510          3.962158         90.440850
rank #0: 2018-10-04 22:10:18,818 LBFGS        PARAM    0005       -347.491728          2.357410         32.385118          3.880835         89.984417
rank #0: 2018-10-04 22:10:20,024 LBFGS        PARAM    0006       -490.690053          2.328729         87.742875          3.254584         88.215415
rank #0: 2018-10-04 22:10:21,212 LBFGS        PARAM    0007       -415.983045          2.289870        100.567094          3.233185         87.698005
rank #0: 2018-10-04 22:10:22,415 LBFGS        PARAM    0008       -329.580646          2.266709        110.246013          3.286880         87.524132
rank #0: 2018-10-04 22:10:23,598 LBFGS        PARAM    0009       -324.943098          2.265243        111.373253          3.318689         87.513122
rank #0: 2018-10-04 22:10:24,780 LBFGS        PARAM    0010       -320.119948          2.265814        112.619004          3.374444         87.505652
rank #0: 2018-10-04 22:10:25,984 LBFGS        PARAM    0011       -320.145505          2.265968        112.468239          3.375595         87.505646
rank #0: 2018-10-04 22:10:27,168 LBFGS        PARAM    0012       -320.232069          2.265974        112.497808          3.375254         87.505645
rank #0: 2018-10-04 22:10:28,373 LBFGS        PARAM    0013       -320.222459          2.265968        112.498616          3.375260         87.505645
rank #0: 2018-10-04 22:10:29,551 LBFGS        PARAM    0014       -320.222531          2.265967        112.498713          3.375260         87.505645
rank #0: 2018-10-04 22:11:23,131 LBFGS        INFO     Linesearch failed in both LBFGS and gradient directions
rank #0: 2018-10-04 22:11:23,132 LBFGS        PARAM    0014       -320.222531          2.265967        112.498713          3.375260         87.505645
rank #0: 2018-10-04 22:11:23,132 rsdfit.lbfgs_fitter WARNING  ...LBFGS optimization finished. Time elapsed: 0:01:10.42
rank #0: 2018-10-04 22:11:23,133 rsdfit.lbfgs_fitter ERROR    nonlinear fit with method L-BFGS-B failed: Linesearch failed in both LBFGS and gradient directions
rank #0: 2018-10-04 22:11:23,134 rsdfit.fitting_driver INFO     rank 18 on nid12887     ...fitting complete
rank #0: 2018-10-04 22:11:23,137 rsdfit.fitting_driver INFO     rank 18 on nid12887     Saving the results to `/global/cscratch1/sd/nhand/eBOSS/fits/results/mocks/ezmock/v1.8e-fph/0.005-0.3/basemodel-N-fnl/0.8-2.2/QSO-S-0112-P0+P2-mock-cov-96ccb1008d/2018-10-04_nlopt_14i_chain0__1.npz`
rank #0: 2018-10-04 22:11:23,186 pyRSD.analysis.lbfgs_results INFO     
minimum chi2 = 87.505644759

Free parameters [ mean ]
_______________
N              : -320.222531418
b1             : 2.26596742299
f_nl           : 112.498713087
sigma_fog      : 3.37525999906

Constrained parameters [ mean ]
_________________________
b1sigma8       : 0.849477896395
