rank #0: 2018-06-24 14:11:30,032 rsdfit.fitting_driver INFO     rank 18 on nid00538     Calling the 'nlopt' solve function
rank #0: 2018-06-24 14:11:30,032 rsdfit.lbfgs_fitter INFO     running LBFGS for 500 iterations and then stopping
rank #0: 2018-06-24 14:11:30,032 rsdfit.lbfgs_fitter INFO     running LBFGS minimizer with priors
rank #0: 2018-06-24 14:11:30,033 root         INFO     Iter           N          b1        f_nl   sigma_fog   F(X)     
rank #0: 2018-06-24 14:11:30,586 LBFGS        INFO     options = {'factr': 100000.0, 'gtol': 1e-05, 'max_iter': 500, 'test_convergence': False}
rank #0: 2018-06-24 14:11:30,586 LBFGS        PARAM    0000          0.000000          2.000000          0.000000          4.000000        102.000850
rank #0: 2018-06-24 14:11:31,239 LBFGS        PARAM    0001         64.415396          2.128671          2.190524          3.934615         83.321949
rank #0: 2018-06-24 14:11:31,827 LBFGS        PARAM    0002         -3.029668          2.409950          8.874627          3.819442         69.832983
rank #0: 2018-06-24 14:11:32,417 LBFGS        PARAM    0003        -86.284726          2.388349          8.557479          3.840236         67.802927
rank #0: 2018-06-24 14:11:32,990 LBFGS        PARAM    0004       -272.929348          2.415689          9.622230          3.828482         65.933315
rank #0: 2018-06-24 14:11:33,582 LBFGS        PARAM    0005       -383.156241          2.448894          9.867132          3.721511         65.321598
rank #0: 2018-06-24 14:11:34,175 LBFGS        PARAM    0006       -484.409754          2.466683          7.330743          3.405853         64.639857
rank #0: 2018-06-24 14:11:34,754 LBFGS        PARAM    0007       -583.997991          2.467559         -0.994058          2.824088         64.054188
rank #0: 2018-06-24 14:11:35,349 LBFGS        PARAM    0008       -572.100173          2.472422         -5.200210          2.795983         64.019487
rank #0: 2018-06-24 14:11:35,944 LBFGS        PARAM    0009       -567.693170          2.471541         -7.174539          2.789983         64.012079
rank #0: 2018-06-24 14:11:36,541 LBFGS        PARAM    0010       -565.782689          2.472574        -10.750156          2.794926         64.002718
rank #0: 2018-06-24 14:11:37,120 LBFGS        PARAM    0011       -569.631561          2.477543        -16.537466          2.809645         63.991675
rank #0: 2018-06-24 14:11:37,716 LBFGS        PARAM    0012       -579.207803          2.485007        -21.966319          2.825173         63.984518
rank #0: 2018-06-24 14:11:38,313 LBFGS        PARAM    0013       -585.245622          2.488867        -23.848585          2.830399         63.983249
rank #0: 2018-06-24 14:11:38,892 LBFGS        PARAM    0014       -586.077843          2.489245        -23.852352          2.830852         63.983214
rank #0: 2018-06-24 14:11:39,492 LBFGS        PARAM    0015       -586.096705          2.489196        -23.749815          2.830824         63.983211
rank #0: 2018-06-24 14:11:40,089 LBFGS        PARAM    0016       -586.059612          2.489158        -23.712252          2.830796         63.983211
rank #0: 2018-06-24 14:11:40,686 LBFGS        PARAM    0017       -586.054305          2.489155        -23.710327          2.830794         63.983211
rank #0: 2018-06-24 14:11:41,267 LBFGS        PARAM    0018       -586.054032          2.489155        -23.710312          2.830794         63.983211
rank #0: 2018-06-24 14:11:41,928 LBFGS        PARAM    0019       -586.054046          2.489155        -23.710314          2.830794         63.983211
rank #0: 2018-06-24 14:11:42,722 LBFGS        PARAM    0020       -586.054047          2.489155        -23.710314          2.830794         63.983211
rank #0: 2018-06-24 14:12:08,373 LBFGS        INFO     Linesearch failed in both LBFGS and gradient directions
rank #0: 2018-06-24 14:12:08,374 LBFGS        PARAM    0020       -586.054047          2.489155        -23.710314          2.830794         63.983211
rank #0: 2018-06-24 14:12:08,375 rsdfit.lbfgs_fitter WARNING  ...LBFGS optimization finished. Time elapsed: 0:00:37.79
rank #0: 2018-06-24 14:12:08,375 rsdfit.lbfgs_fitter ERROR    nonlinear fit with method L-BFGS-B failed: Linesearch failed in both LBFGS and gradient directions
rank #0: 2018-06-24 14:12:08,376 rsdfit.fitting_driver INFO     rank 18 on nid00538     ...fitting complete
rank #0: 2018-06-24 14:12:08,380 rsdfit.fitting_driver INFO     rank 18 on nid00538     Saving the results to `/global/cscratch1/sd/nhand/eBOSS/fits/results/mocks/ezmock/v1.8e-fph/0.005-0.3/basemodel-N-fnl/0.8-2.2/QSO-S-0196-P0+P2-mock-cov-1ab4f6001f/2018-06-24_nlopt_20i_chain0__1.npz`
rank #0: 2018-06-24 14:12:08,762 pyRSD.analysis.lbfgs_results INFO     
minimum chi2 = 63.9832113636

Free parameters [ mean ]
_______________
N              : -586.054047017
b1             : 2.48915483604
f_nl           : -23.7103140062
sigma_fog      : 2.83079396402

Constrained parameters [ mean ]
_________________________
b1sigma8       : 0.933147578589
