rank #0: 2018-06-03 08:55:05,861 rsdfit.fitting_driver INFO     rank 26 on nid00555     Calling the 'nlopt' solve function
rank #0: 2018-06-03 08:55:05,862 rsdfit.lbfgs_fitter INFO     running LBFGS for 500 iterations and then stopping
rank #0: 2018-06-03 08:55:05,863 rsdfit.lbfgs_fitter INFO     running LBFGS minimizer with priors
rank #0: 2018-06-03 08:55:05,863 root         INFO     Iter           N          b1        f_nl   sigma_fog   F(X)     
rank #0: 2018-06-03 08:55:06,406 LBFGS        INFO     options = {'factr': 100000.0, 'gtol': 1e-05, 'max_iter': 500, 'test_convergence': False}
rank #0: 2018-06-03 08:55:06,407 LBFGS        PARAM    0000          0.000000          2.000000          0.000000          4.000000        138.005677
rank #0: 2018-06-03 08:55:07,026 LBFGS        PARAM    0001         45.394247          2.111463          2.266817          3.984477        112.478888
rank #0: 2018-06-03 08:55:07,586 LBFGS        PARAM    0002        -26.451636          2.367604         10.331467          4.067379         90.686608
rank #0: 2018-06-03 08:55:08,143 LBFGS        PARAM    0003       -114.281206          2.367674         11.864502          4.164724         86.602202
rank #0: 2018-06-03 08:55:08,696 LBFGS        PARAM    0004       -332.073028          2.421113         18.291916          4.424393         82.792059
rank #0: 2018-06-03 08:55:09,252 LBFGS        PARAM    0005       -320.216577          2.417582         20.629035          4.459939         82.658247
rank #0: 2018-06-03 08:55:09,808 LBFGS        PARAM    0006       -235.843928          2.395045         44.560903          4.730375         82.385483
rank #0: 2018-06-03 08:55:10,363 LBFGS        PARAM    0007       -254.632759          2.398301         33.310483          4.663976         82.240116
rank #0: 2018-06-03 08:55:10,917 LBFGS        PARAM    0008       -251.557347          2.399113         35.100842          4.682689         82.228682
rank #0: 2018-06-03 08:55:11,473 LBFGS        PARAM    0009       -249.582166          2.398844         35.534347          4.691947         82.227812
rank #0: 2018-06-03 08:55:12,029 LBFGS        PARAM    0010       -247.375632          2.399122         35.383638          4.704132         82.226966
rank #0: 2018-06-03 08:55:12,588 LBFGS        PARAM    0011       -245.941479          2.399318         35.111950          4.712978         82.226718
rank #0: 2018-06-03 08:55:13,143 LBFGS        PARAM    0012       -246.009793          2.399385         35.092959          4.712876         82.226717
rank #0: 2018-06-03 08:55:13,699 LBFGS        PARAM    0013       -246.003813          2.399371         35.094485          4.712872         82.226717
rank #0: 2018-06-03 08:55:14,258 LBFGS        PARAM    0014       -246.004776          2.399371         35.094281          4.712866         82.226717
rank #0: 2018-06-03 08:55:14,815 LBFGS        PARAM    0015       -246.004912          2.399371         35.094254          4.712866         82.226717
rank #0: 2018-06-03 08:55:15,370 LBFGS        PARAM    0016       -246.004913          2.399371         35.094253          4.712866         82.226717
rank #0: 2018-06-03 08:55:16,051 LBFGS        PARAM    0017       -246.004913          2.399371         35.094253          4.712866         82.226717
rank #0: 2018-06-03 08:55:40,171 LBFGS        INFO     Linesearch failed in both LBFGS and gradient directions
rank #0: 2018-06-03 08:55:40,172 LBFGS        PARAM    0017       -246.004913          2.399371         35.094253          4.712866         82.226717
rank #0: 2018-06-03 08:55:40,173 rsdfit.lbfgs_fitter WARNING  ...LBFGS optimization finished. Time elapsed: 0:00:33.77
rank #0: 2018-06-03 08:55:40,173 rsdfit.lbfgs_fitter ERROR    nonlinear fit with method L-BFGS-B failed: Linesearch failed in both LBFGS and gradient directions
rank #0: 2018-06-03 08:55:40,174 rsdfit.fitting_driver INFO     rank 26 on nid00555     ...fitting complete
rank #0: 2018-06-03 08:55:40,178 rsdfit.fitting_driver INFO     rank 26 on nid00555     Saving the results to `/global/cscratch1/sd/nhand/eBOSS/fits/results/mocks/ezmock/v1.8e-fph/0.0001-0.3/basemodel-N-fnl/0.8-2.2/QSO-N-0530-P0+P2-mock-cov-1ab4f6001f/2018-06-03_nlopt_17i_chain0__1.npz`
rank #0: 2018-06-03 08:55:40,199 pyRSD.analysis.lbfgs_results INFO     
minimum chi2 = 82.2267165998

Free parameters [ mean ]
_______________
N              : -246.004912859
b1             : 2.39937114263
f_nl           : 35.0942533955
sigma_fog      : 4.71286590114

Constrained parameters [ mean ]
_________________________
b1sigma8       : 0.899488990986
