rank #0: 2018-07-16 20:10:57,580 rsdfit.fitting_driver INFO     rank 16 on nid00652     Calling the 'nlopt' solve function
rank #0: 2018-07-16 20:10:57,582 rsdfit.lbfgs_fitter INFO     running LBFGS for 500 iterations and then stopping
rank #0: 2018-07-16 20:10:57,582 rsdfit.lbfgs_fitter INFO     running LBFGS minimizer with priors
rank #0: 2018-07-16 20:10:57,583 root         INFO     Iter           N          b1        f_nl   sigma_fog   F(X)     
rank #0: 2018-07-16 20:10:58,154 LBFGS        INFO     options = {'factr': 100000.0, 'gtol': 1e-05, 'max_iter': 500, 'test_convergence': False}
rank #0: 2018-07-16 20:10:58,155 LBFGS        PARAM    0000          0.000000          2.000000          0.000000          4.000000        100.075230
rank #0: 2018-07-16 20:10:58,804 LBFGS        PARAM    0001         15.473567          2.073893          0.700362          3.975506         91.505825
rank #0: 2018-07-16 20:10:59,375 LBFGS        PARAM    0002        -51.201870          2.236762          3.814630          3.974009         83.415006
rank #0: 2018-07-16 20:10:59,963 LBFGS        PARAM    0003       -147.386263          2.265230          5.354564          4.009276         81.360282
rank #0: 2018-07-16 20:11:00,552 LBFGS        PARAM    0004       -395.318297          2.308827         12.340872          4.009626         78.953525
rank #0: 2018-07-16 20:11:01,128 LBFGS        PARAM    0005       -416.700298          2.310336         15.209492          3.950852         78.801859
rank #0: 2018-07-16 20:11:01,717 LBFGS        PARAM    0006       -523.072004          2.302219         45.922681          3.461449         77.952921
rank #0: 2018-07-16 20:11:02,308 LBFGS        PARAM    0007       -543.761715          2.290777         81.364435          3.334838         77.318786
rank #0: 2018-07-16 20:11:02,902 LBFGS        PARAM    0008       -502.315714          2.228490        235.617809          3.224441         76.322768
rank #0: 2018-07-16 20:11:03,481 LBFGS        PARAM    0009       -428.169843          2.222137        192.181317          3.391111         75.846433
rank #0: 2018-07-16 20:11:04,076 LBFGS        PARAM    0010       -406.206918          2.227820        195.336674          3.496935         75.776169
rank #0: 2018-07-16 20:11:04,670 LBFGS        PARAM    0011       -397.079161          2.224456        201.981333          3.543930         75.766319
rank #0: 2018-07-16 20:11:05,252 LBFGS        PARAM    0012       -398.119545          2.225131        200.894849          3.547360         75.766099
rank #0: 2018-07-16 20:11:05,839 LBFGS        PARAM    0013       -398.286183          2.225194        200.773791          3.547861         75.766095
rank #0: 2018-07-16 20:11:06,430 LBFGS        PARAM    0014       -398.287459          2.225194        200.774611          3.547862         75.766095
rank #0: 2018-07-16 20:11:07,023 LBFGS        PARAM    0015       -398.287593          2.225194        200.774664          3.547861         75.766095
rank #0: 2018-07-16 20:11:32,407 LBFGS        INFO     Linesearch failed in both LBFGS and gradient directions
rank #0: 2018-07-16 20:11:32,409 LBFGS        PARAM    0015       -398.287593          2.225194        200.774664          3.547861         75.766095
rank #0: 2018-07-16 20:11:32,410 rsdfit.lbfgs_fitter WARNING  ...LBFGS optimization finished. Time elapsed: 0:00:34.26
rank #0: 2018-07-16 20:11:32,410 rsdfit.lbfgs_fitter ERROR    nonlinear fit with method L-BFGS-B failed: Linesearch failed in both LBFGS and gradient directions
rank #0: 2018-07-16 20:11:32,412 rsdfit.fitting_driver INFO     rank 16 on nid00652     ...fitting complete
rank #0: 2018-07-16 20:11:32,415 rsdfit.fitting_driver INFO     rank 16 on nid00652     Saving the results to `/global/cscratch1/sd/nhand/eBOSS/fits/results/mocks/ezmock/v1.8e-fph/0.005-0.3/basemodel-N-fnl/0.8-2.2/QSO-S-0718-P0+P2-mock-cov-a8bcb55756/2018-07-16_nlopt_15i_chain0__1.npz`
rank #0: 2018-07-16 20:11:33,413 pyRSD.analysis.lbfgs_results INFO     
minimum chi2 = 75.7660947879

Free parameters [ mean ]
_______________
N              : -398.287592721
b1             : 2.22519384032
f_nl           : 200.774663765
sigma_fog      : 3.54786134768

Constrained parameters [ mean ]
_________________________
b1sigma8       : 0.886324102388
