rank #0: 2017-11-27 22:31:02,426 rsdfit.fitting_driver INFO     rank 57 on nid00474     Calling the 'nlopt' solve function
rank #0: 2017-11-27 22:31:02,426 rsdfit.lbfgs_fitter INFO     running LBFGS for 500 iterations and then stopping
rank #0: 2017-11-27 22:31:02,426 rsdfit.lbfgs_fitter INFO     running LBFGS minimizer with priors
rank #0: 2017-11-27 22:31:02,426 root         INFO     Iter           N          b1        f_nl   sigma_fog   F(X)     
rank #0: 2017-11-27 22:31:02,808 LBFGS        INFO     options = {'factr': 100000.0, 'gtol': 1e-05, 'max_iter': 500, 'test_convergence': False}
rank #0: 2017-11-27 22:31:02,809 LBFGS        PARAM    0000          0.000000          2.000000          0.000000          4.000000         52.503218
rank #0: 2017-11-27 22:31:03,227 LBFGS        PARAM    0001         18.945843          2.125011          2.025222          3.991308         41.857435
rank #0: 2017-11-27 22:31:03,604 LBFGS        PARAM    0002        -11.674128          2.413851         12.643150          3.963403         34.652418
rank #0: 2017-11-27 22:31:03,983 LBFGS        PARAM    0003        -10.079211          2.333238         10.562742          3.966953         33.751674
rank #0: 2017-11-27 22:31:04,360 LBFGS        PARAM    0004        -13.907893          2.342797         12.078439          3.962646         33.705999
rank #0: 2017-11-27 22:31:04,735 LBFGS        PARAM    0005        -22.286561          2.347547         15.108870          3.953609         33.659697
rank #0: 2017-11-27 22:31:05,112 LBFGS        PARAM    0006        -58.698329          2.352818         27.978684          3.914587         33.508288
rank #0: 2017-11-27 22:31:05,490 LBFGS        PARAM    0007       -125.620900          2.346390         51.155498          3.842520         33.307052
rank #0: 2017-11-27 22:31:05,867 LBFGS        PARAM    0008       -171.921421          2.326245         65.336822          3.788311         33.114194
rank #0: 2017-11-27 22:31:06,243 LBFGS        PARAM    0009       -207.466583          2.297009         70.697221          3.735351         32.981892
rank #0: 2017-11-27 22:31:06,620 LBFGS        PARAM    0010       -210.862997          2.298002         70.964940          3.730378         32.979576
rank #0: 2017-11-27 22:31:06,996 LBFGS        PARAM    0011       -236.953932          2.302335         71.618088          3.689474         32.966811
rank #0: 2017-11-27 22:31:07,372 LBFGS        PARAM    0012       -303.453497          2.309296         72.169650          3.582941         32.940245
rank #0: 2017-11-27 22:31:07,750 LBFGS        PARAM    0013       -506.046634          2.325130         72.198642          3.255203         32.867260
rank #0: 2017-11-27 22:31:08,127 LBFGS        PARAM    0014      -1010.068023          2.357024         69.987165          2.435693         32.696365
rank #0: 2017-11-27 22:31:08,503 LBFGS        PARAM    0015      -2220.418804          2.422682         61.668497          0.462749         32.305318
rank #0: 2017-11-27 22:31:08,881 LBFGS        PARAM    0016      -2221.836269          2.422750         61.657793          0.460439         32.304806
rank #0: 2017-11-27 22:31:09,259 LBFGS        PARAM    0017      -2224.085535          2.422850         61.641307          0.456816         32.303894
rank #0: 2017-11-27 22:31:09,637 LBFGS        PARAM    0018      -2226.519866          2.422955         61.623071          0.452912         32.302842
rank #0: 2017-11-27 22:31:10,015 LBFGS        PARAM    0019      -2229.019390          2.423060         61.604549          0.448916         32.301721
rank #0: 2017-11-27 22:31:10,392 LBFGS        PARAM    0020      -2231.535453          2.423165         61.585709          0.444905         32.300566
rank #0: 2017-11-27 22:31:10,770 LBFGS        PARAM    0021      -2234.095180          2.423270         61.566751          0.440833         32.299382
rank #0: 2017-11-27 22:31:11,148 LBFGS        PARAM    0022      -2236.637739          2.423373         61.547711          0.436798         32.298195
rank #0: 2017-11-27 22:31:11,526 LBFGS        PARAM    0023      -2239.190855          2.423477         61.528727          0.432754         32.297001
rank #0: 2017-11-27 22:31:11,904 LBFGS        PARAM    0024      -2241.749708          2.423581         61.509651          0.428710         32.295803
rank #0: 2017-11-27 22:31:12,283 LBFGS        PARAM    0025      -2244.316011          2.423686         61.490582          0.424661         32.294604
rank #0: 2017-11-27 22:31:12,661 LBFGS        PARAM    0026      -2246.858546          2.423789         61.471571          0.420659         32.293414
rank #0: 2017-11-27 22:31:13,039 LBFGS        PARAM    0027      -2249.430850          2.423894         61.452514          0.416617         32.292216
rank #0: 2017-11-27 22:31:13,418 LBFGS        PARAM    0028      -2251.975916          2.423997         61.433477          0.412626         32.291028
rank #0: 2017-11-27 22:31:13,796 LBFGS        PARAM    0029      -2254.528486          2.424101         61.414509          0.408631         32.289839
rank #0: 2017-11-27 22:31:14,174 LBFGS        PARAM    0030      -2257.077112          2.424205         61.395505          0.404651         32.288653
rank #0: 2017-11-27 22:31:14,552 LBFGS        PARAM    0031      -2259.639732          2.424309         61.376494          0.400656         32.287466
rank #0: 2017-11-27 22:31:14,930 LBFGS        PARAM    0032      -2262.172861          2.424413         61.357548          0.396715         32.286289
rank #0: 2017-11-27 22:31:15,306 LBFGS        PARAM    0033      -2264.733902          2.424517         61.338592          0.392738         32.285105
rank #0: 2017-11-27 22:31:15,685 LBFGS        PARAM    0034      -2267.254681          2.424620         61.319682          0.388832         32.283935
rank #0: 2017-11-27 22:31:16,063 LBFGS        PARAM    0035      -2269.806501          2.424724         61.300807          0.384885         32.282756
rank #0: 2017-11-27 22:31:16,441 LBFGS        PARAM    0036      -2272.335426          2.424827         61.281870          0.380981         32.281586
rank #0: 2017-11-27 22:31:16,820 LBFGS        PARAM    0037      -2274.876470          2.424930         61.263032          0.377067         32.280415
rank #0: 2017-11-27 22:31:17,198 LBFGS        PARAM    0038      -2277.417358          2.425034         61.244100          0.373160         32.279245
rank #0: 2017-11-27 22:31:17,576 LBFGS        PARAM    0039      -2279.958239          2.425138         61.225236          0.369260         32.278079
rank #0: 2017-11-27 22:31:17,954 LBFGS        PARAM    0040      -2282.476511          2.425241         61.206424          0.365403         32.276920
rank #0: 2017-11-27 22:31:18,330 LBFGS        PARAM    0041      -2285.008771          2.425344         61.187617          0.361533         32.275758
rank #0: 2017-11-27 22:31:18,709 LBFGS        PARAM    0042      -2287.522903          2.425447         61.168844          0.357698         32.274603
rank #0: 2017-11-27 22:31:19,087 LBFGS        PARAM    0043      -2290.061507          2.425551         61.150039          0.353833         32.273442
rank #0: 2017-11-27 22:31:19,463 LBFGS        PARAM    0044      -2292.590306          2.425654         61.131186          0.349989         32.272287
rank #0: 2017-11-27 22:31:19,842 LBFGS        PARAM    0045      -2295.086877          2.425756         61.112549          0.346204         32.271142
rank #0: 2017-11-27 22:31:20,220 LBFGS        PARAM    0046      -2297.628146          2.425860         61.093744          0.342357         32.269985
rank #0: 2017-11-27 22:31:20,599 LBFGS        PARAM    0047      -2300.147124          2.425963         61.074952          0.338551         32.268838
rank #0: 2017-11-27 22:31:20,979 LBFGS        PARAM    0048      -2302.651868          2.426066         61.056309          0.334775         32.267697
rank #0: 2017-11-27 22:31:21,358 LBFGS        PARAM    0049      -2305.162712          2.426168         61.037621          0.330997         32.266554
rank #0: 2017-11-27 22:31:21,737 LBFGS        PARAM    0050      -2307.683486          2.426272         61.018913          0.327211         32.265410
rank #0: 2017-11-27 22:31:22,114 LBFGS        PARAM    0051      -2310.185548          2.426374         61.000258          0.323461         32.264274
rank #0: 2017-11-27 22:31:22,493 LBFGS        PARAM    0052      -2312.715243          2.426478         60.981535          0.319676         32.263132
rank #0: 2017-11-27 22:31:22,869 LBFGS        PARAM    0053      -2315.207185          2.426580         60.962915          0.315956         32.262003
rank #0: 2017-11-27 22:31:23,245 LBFGS        PARAM    0054      -2317.728873          2.426684         60.944281          0.312198         32.260867
rank #0: 2017-11-27 22:31:23,622 LBFGS        PARAM    0055      -2320.226759          2.426786         60.925632          0.308483         32.259740
rank #0: 2017-11-27 22:31:23,999 LBFGS        PARAM    0056      -2322.708436          2.426888         60.907158          0.304800         32.258618
rank #0: 2017-11-27 22:31:24,377 LBFGS        PARAM    0057      -2325.212623          2.426991         60.888573          0.301091         32.257489
rank #0: 2017-11-27 22:31:24,756 LBFGS        PARAM    0058      -2327.720947          2.427094         60.869938          0.297382         32.256362
rank #0: 2017-11-27 22:31:25,134 LBFGS        PARAM    0059      -2330.223679          2.427197         60.851361          0.293689         32.255240
rank #0: 2017-11-27 22:31:25,511 LBFGS        PARAM    0060      -2332.696764          2.427298         60.832910          0.290047         32.254127
rank #0: 2017-11-27 22:31:25,889 LBFGS        PARAM    0061      -2335.210938          2.427401         60.814340          0.286351         32.253003
rank #0: 2017-11-27 22:31:26,266 LBFGS        PARAM    0062      -2337.675044          2.427503         60.795873          0.282738         32.251896
rank #0: 2017-11-27 22:31:26,644 LBFGS        PARAM    0063      -2340.180353          2.427606         60.777406          0.279070         32.250776
rank #0: 2017-11-27 22:31:27,023 LBFGS        PARAM    0064      -2342.663033          2.427708         60.758865          0.275442         32.249667
rank #0: 2017-11-27 22:31:27,402 LBFGS        PARAM    0065      -2345.155396          2.427810         60.740434          0.271807         32.248556
rank #0: 2017-11-27 22:31:27,780 LBFGS        PARAM    0066      -2347.612515          2.427911         60.722049          0.268233         32.247457
rank #0: 2017-11-27 22:31:28,158 LBFGS        PARAM    0067      -2350.102038          2.428013         60.703668          0.264617         32.246348
rank #0: 2017-11-27 22:31:28,538 LBFGS        PARAM    0068      -2352.576694          2.428115         60.685207          0.261030         32.245245
rank #0: 2017-11-27 22:31:28,917 LBFGS        PARAM    0069      -2355.070237          2.428218         60.666790          0.257421         32.244140
rank #0: 2017-11-27 22:31:29,294 LBFGS        PARAM    0070      -2357.533324          2.428319         60.648412          0.253865         32.243045
rank #0: 2017-11-27 22:31:29,671 LBFGS        PARAM    0071      -2360.026257          2.428422         60.630026          0.250271         32.241943
rank #0: 2017-11-27 22:31:30,048 LBFGS        PARAM    0072      -2362.478303          2.428523         60.611684          0.246745         32.240855
rank #0: 2017-11-27 22:31:30,424 LBFGS        PARAM    0073      -2364.967310          2.428626         60.593355          0.243171         32.239757
rank #0: 2017-11-27 22:31:30,801 LBFGS        PARAM    0074      -2367.419117          2.428727         60.575031          0.239659         32.238672
rank #0: 2017-11-27 22:31:31,180 LBFGS        PARAM    0075      -2369.893793          2.428829         60.556762          0.236120         32.237581
rank #0: 2017-11-27 22:31:31,558 LBFGS        PARAM    0076      -2372.354027          2.428930         60.538433          0.232609         32.236495
rank #0: 2017-11-27 22:31:31,935 LBFGS        PARAM    0077      -2374.830584          2.429033         60.520150          0.229081         32.235407
rank #0: 2017-11-27 22:31:32,313 LBFGS        PARAM    0078      -2377.293967          2.429134         60.501845          0.225578         32.234325
rank #0: 2017-11-27 22:31:32,691 LBFGS        PARAM    0079      -2379.738194          2.429235         60.483682          0.222112         32.233250
rank #0: 2017-11-27 22:31:33,071 LBFGS        PARAM    0080      -2382.200781          2.429337         60.465449          0.218625         32.232169
rank #0: 2017-11-27 22:31:33,449 LBFGS        PARAM    0081      -2384.644712          2.429438         60.447276          0.215172         32.231095
rank #0: 2017-11-27 22:31:33,826 LBFGS        PARAM    0082      -2387.125102          2.429540         60.428994          0.211673         32.230012
rank #0: 2017-11-27 22:31:34,206 LBFGS        PARAM    0083      -2389.542388          2.429640         60.410883          0.208272         32.228950
rank #0: 2017-11-27 22:31:34,584 LBFGS        PARAM    0084      -2392.017271          2.429742         60.392729          0.204795         32.227870
rank #0: 2017-11-27 22:31:34,963 LBFGS        PARAM    0085      -2394.447024          2.429843         60.374545          0.201390         32.226806
rank #0: 2017-11-27 22:31:35,344 LBFGS        PARAM    0086      -2396.908349          2.429944         60.356441          0.197945         32.225734
rank #0: 2017-11-27 22:31:35,723 LBFGS        PARAM    0087      -2399.354836          2.430045         60.338247          0.194528         32.224669
rank #0: 2017-11-27 22:31:36,102 LBFGS        PARAM    0088      -2401.788532          2.430146         60.320214          0.191137         32.223608
rank #0: 2017-11-27 22:31:36,479 LBFGS        PARAM    0089      -2404.236231          2.430247         60.302099          0.187732         32.222544
rank #0: 2017-11-27 22:31:36,855 LBFGS        PARAM    0090      -2406.680496          2.430348         60.284004          0.184339         32.221484
rank #0: 2017-11-27 22:31:37,232 LBFGS        PARAM    0091      -2409.098180          2.430448         60.266023          0.180991         32.220432
rank #0: 2017-11-27 22:31:37,611 LBFGS        PARAM    0092      -2411.537941          2.430549         60.248001          0.177618         32.219373
rank #0: 2017-11-27 22:31:37,989 LBFGS        PARAM    0093      -2413.982382          2.430650         60.229897          0.174245         32.218315
rank #0: 2017-11-27 22:31:38,367 LBFGS        PARAM    0094      -2416.414927          2.430751         60.211888          0.170894         32.217263
rank #0: 2017-11-27 22:31:38,743 LBFGS        PARAM    0095      -2418.830429          2.430851         60.193950          0.167576         32.216217
rank #0: 2017-11-27 22:31:39,120 LBFGS        PARAM    0096      -2421.273879          2.430952         60.175939          0.164225         32.215163
rank #0: 2017-11-27 22:31:39,496 LBFGS        PARAM    0097      -2423.664859          2.431051         60.158081          0.160956         32.214125
rank #0: 2017-11-27 22:31:39,874 LBFGS        PARAM    0098      -2426.106718          2.431152         60.140130          0.157621         32.213071
rank #0: 2017-11-27 22:31:40,251 LBFGS        PARAM    0099      -2428.500105          2.431251         60.122241          0.154364         32.212033
rank #0: 2017-11-27 22:31:40,630 LBFGS        PARAM    0100      -2430.922310          2.431350         60.104402          0.151073         32.210986
rank #0: 2017-11-27 22:31:41,009 LBFGS        PARAM    0101      -2433.286838          2.431448         60.086646          0.147874         32.209954
rank #0: 2017-11-27 22:31:41,388 LBFGS        PARAM    0102      -2435.670632          2.431545         60.068987          0.144658         32.208912
rank #0: 2017-11-27 22:31:41,766 LBFGS        PARAM    0103      -2438.015707          2.431641         60.051340          0.141508         32.207878
rank #0: 2017-11-27 22:31:42,144 LBFGS        PARAM    0104      -2440.344040          2.431735         60.033885          0.138396         32.206841
rank #0: 2017-11-27 22:31:42,524 LBFGS        PARAM    0105      -2442.662418          2.431828         60.016375          0.135314         32.205797
rank #0: 2017-11-27 22:31:42,903 LBFGS        PARAM    0106      -2444.947315          2.431919         59.998988          0.132298         32.204752
rank #0: 2017-11-27 22:31:43,282 LBFGS        PARAM    0107      -2447.211058          2.432007         59.981637          0.129334         32.203696
rank #0: 2017-11-27 22:31:43,661 LBFGS        PARAM    0108      -2449.365321          2.432089         59.964821          0.126545         32.202660
rank #0: 2017-11-27 22:31:44,041 LBFGS        PARAM    0109      -2451.362184          2.432164         59.949029          0.123995         32.201666
rank #0: 2017-11-27 22:31:44,420 LBFGS        PARAM    0110      -2453.137434          2.432227         59.934720          0.121774         32.200735
rank #0: 2017-11-27 22:31:44,801 LBFGS        PARAM    0111      -2454.810692          2.432283         59.921071          0.119721         32.199816
rank #0: 2017-11-27 22:31:45,179 LBFGS        PARAM    0112      -2456.301441          2.432330         59.908782          0.117945         32.198942
rank #0: 2017-11-27 22:31:45,558 LBFGS        PARAM    0113      -2457.702287          2.432370         59.897174          0.116324         32.198072
rank #0: 2017-11-27 22:31:45,937 LBFGS        PARAM    0114      -2458.981732          2.432403         59.886470          0.114901         32.197216
rank #0: 2017-11-27 22:31:46,315 LBFGS        PARAM    0115      -2460.172573          2.432431         59.876389          0.113617         32.196380
rank #0: 2017-11-27 22:31:46,693 LBFGS        PARAM    0116      -2461.277732          2.432454         59.866911          0.112467         32.195564
rank #0: 2017-11-27 22:31:47,072 LBFGS        PARAM    0117      -2462.321571          2.432475         59.857881          0.111402         32.194777
rank #0: 2017-11-27 22:31:47,450 LBFGS        PARAM    0118      -2463.311273          2.432492         59.849197          0.110429         32.193997
rank #0: 2017-11-27 22:31:47,828 LBFGS        PARAM    0119      -2464.282686          2.432509         59.840649          0.109482         32.193233
rank #0: 2017-11-27 22:31:48,206 LBFGS        PARAM    0120      -2465.199192          2.432522         59.832413          0.108638         32.192464
rank #0: 2017-11-27 22:31:48,584 LBFGS        PARAM    0121      -2466.068848          2.432534         59.824547          0.107850         32.191727
rank #0: 2017-11-27 22:31:48,963 LBFGS        PARAM    0122      -2466.929190          2.432545         59.816703          0.107091         32.190987
rank #0: 2017-11-27 22:31:49,340 LBFGS        PARAM    0123      -2467.754199          2.432554         59.809070          0.106394         32.190251
rank #0: 2017-11-27 22:31:49,717 LBFGS        PARAM    0124      -2468.556201          2.432562         59.801603          0.105730         32.189529
rank #0: 2017-11-27 22:31:50,097 LBFGS        PARAM    0125      -2469.363465          2.432570         59.794061          0.105072         32.188802
rank #0: 2017-11-27 22:31:50,476 LBFGS        PARAM    0126      -2470.111668          2.432574         59.786869          0.104518         32.188074
rank #0: 2017-11-27 22:31:50,854 LBFGS        PARAM    0127      -2470.898101          2.432582         59.779508          0.103886         32.187376
rank #0: 2017-11-27 22:31:51,233 LBFGS        PARAM    0128      -2471.592598          2.432580         59.772520          0.103462         32.186618
rank #0: 2017-11-27 22:31:51,614 LBFGS        PARAM    0129      -2472.437937          2.432594         59.764789          0.102744         32.185933
rank #0: 2017-11-27 22:31:51,994 LBFGS        PARAM    0130      -2943.757904          2.414219         54.139300          0.058190         31.886434
rank #0: 2017-11-27 22:31:52,501 LBFGS        PARAM    0131      -2928.952421          2.413700         54.254320          0.075064         31.886260
rank #0: 2017-11-27 22:31:52,925 LBFGS        PARAM    0132      -2858.376019          2.418361         55.054639          0.069999         31.868927
rank #0: 2017-11-27 22:31:53,304 LBFGS        PARAM    0133      -2869.731313          2.419169         54.894234          0.062777         31.866583
rank #0: 2017-11-27 22:31:53,683 LBFGS        PARAM    0134      -2934.319337          2.423281         53.860509          0.044212         31.859534
rank #0: 2017-11-27 22:31:54,061 LBFGS        PARAM    0135      -2996.913729          2.427527         52.669052          0.050255         31.837989
rank #0: 2017-11-27 22:31:54,440 LBFGS        PARAM    0136      -3889.129425          2.486415         36.458766          0.067614         31.679866
rank #0: 2017-11-27 22:31:54,819 LBFGS        PARAM    0137      -4868.507579          2.539620         28.388383          0.088560         31.534392
rank #0: 2017-11-27 22:31:55,198 LBFGS        PARAM    0138      -4869.375889          2.539659         28.389046          0.088584         31.534204
rank #0: 2017-11-27 22:31:55,574 LBFGS        PARAM    0139      -4870.591961          2.539710         28.391168          0.088618         31.533929
rank #0: 2017-11-27 22:31:55,952 LBFGS        PARAM    0140      -4871.553030          2.539749         28.395245          0.088646         31.533686
rank #0: 2017-11-27 22:31:56,331 LBFGS        PARAM    0141      -4873.208900          2.539820         28.397300          0.088690         31.533321
rank #0: 2017-11-27 22:31:56,707 LBFGS        PARAM    0142      -4874.322823          2.539866         28.400267          0.088721         31.533058
rank #0: 2017-11-27 22:31:57,085 LBFGS        PARAM    0143      -4875.487244          2.539915         28.403103          0.088752         31.532787
rank #0: 2017-11-27 22:31:57,463 LBFGS        PARAM    0144      -4876.524138          2.539957         28.406476          0.088780         31.532536
rank #0: 2017-11-27 22:31:57,842 LBFGS        PARAM    0145      -4877.606570          2.540002         28.409780          0.088809         31.532276
rank #0: 2017-11-27 22:31:58,219 LBFGS        PARAM    0146      -4879.015698          2.540062         28.411970          0.088844         31.531962
rank #0: 2017-11-27 22:31:58,598 LBFGS        PARAM    0147      -4880.068620          2.540106         28.415106          0.088871         31.531710
rank #0: 2017-11-27 22:31:58,976 LBFGS        PARAM    0148      -4881.111785          2.540148         28.418502          0.088898         31.531458
rank #0: 2017-11-27 22:31:59,355 LBFGS        PARAM    0149      -4882.307906          2.540198         28.421400          0.088927         31.531180
rank #0: 2017-11-27 22:31:59,735 LBFGS        PARAM    0150      -4883.434822          2.540245         28.424292          0.088955         31.530916
rank #0: 2017-11-27 22:32:00,115 LBFGS        PARAM    0151      -4884.558391          2.540292         28.427246          0.088981         31.530653
rank #0: 2017-11-27 22:32:00,495 LBFGS        PARAM    0152      -4885.671757          2.540338         28.430198          0.089008         31.530391
rank #0: 2017-11-27 22:32:00,873 LBFGS        PARAM    0153      -4886.865961          2.540388         28.432866          0.089035         31.530116
rank #0: 2017-11-27 22:32:01,252 LBFGS        PARAM    0154      -4887.928602          2.540432         28.435962          0.089060         31.529864
rank #0: 2017-11-27 22:32:01,631 LBFGS        PARAM    0155      -4888.917635          2.540472         28.439507          0.089082         31.529622
rank #0: 2017-11-27 22:32:02,010 LBFGS        PARAM    0156      -4890.220453          2.540527         28.442176          0.089111         31.529325
rank #0: 2017-11-27 22:32:02,391 LBFGS        PARAM    0157      -4891.335603          2.540574         28.444991          0.089135         31.529065
rank #0: 2017-11-27 22:32:02,771 LBFGS        PARAM    0158      -4892.520113          2.540624         28.447620          0.089161         31.528793
rank #0: 2017-11-27 22:32:03,150 LBFGS        PARAM    0159      -4893.709201          2.540674         28.450150          0.089186         31.528521
rank #0: 2017-11-27 22:32:03,530 LBFGS        PARAM    0160      -4894.798338          2.540719         28.453023          0.089209         31.528267
rank #0: 2017-11-27 22:32:03,911 LBFGS        PARAM    0161      -4895.914700          2.540766         28.455923          0.089232         31.528006
rank #0: 2017-11-27 22:32:04,291 LBFGS        PARAM    0162      -4897.064056          2.540814         28.458702          0.089255         31.527740
rank #0: 2017-11-27 22:32:04,670 LBFGS        PARAM    0163      -4898.086471          2.540856         28.461894          0.089276         31.527496
rank #0: 2017-11-27 22:32:05,050 LBFGS        PARAM    0164      -4899.246002          2.540904         28.464770          0.089298         31.527227
rank #0: 2017-11-27 22:32:05,429 LBFGS        PARAM    0165      -4900.377429          2.540951         28.467535          0.089320         31.526965
rank #0: 2017-11-27 22:32:05,809 LBFGS        PARAM    0166      -4901.496408          2.540998         28.470325          0.089342         31.526705
rank #0: 2017-11-27 22:32:06,189 LBFGS        PARAM    0167      -4902.563659          2.541042         28.473317          0.089362         31.526454
rank #0: 2017-11-27 22:32:06,568 LBFGS        PARAM    0168      -4903.582761          2.541084         28.476558          0.089381         31.526210
rank #0: 2017-11-27 22:32:06,948 LBFGS        PARAM    0169      -4904.756302          2.541133         28.479365          0.089402         31.525940
rank #0: 2017-11-27 22:32:07,328 LBFGS        PARAM    0170      -4905.966020          2.541184         28.481812          0.089424         31.525666
rank #0: 2017-11-27 22:32:07,709 LBFGS        PARAM    0171      -4907.072092          2.541230         28.484493          0.089443         31.525410
rank #0: 2017-11-27 22:32:08,088 LBFGS        PARAM    0172      -4908.090902          2.541272         28.487596          0.089461         31.525169
rank #0: 2017-11-27 22:32:08,468 LBFGS        PARAM    0173      -4909.187436          2.541318         28.490598          0.089480         31.524912
rank #0: 2017-11-27 22:32:08,846 LBFGS        PARAM    0174      -4910.448928          2.541371         28.492973          0.089502         31.524629
rank #0: 2017-11-27 22:32:09,225 LBFGS        PARAM    0175      -4911.451870          2.541412         28.496052          0.089518         31.524390
rank #0: 2017-11-27 22:32:09,601 LBFGS        PARAM    0176      -4912.564094          2.541459         28.498973          0.089537         31.524132
rank #0: 2017-11-27 22:32:09,980 LBFGS        PARAM    0177      -4913.611962          2.541502         28.501951          0.089554         31.523886
rank #0: 2017-11-27 22:32:10,360 LBFGS        PARAM    0178      -4914.788782          2.541551         28.504596          0.089572         31.523617
rank #0: 2017-11-27 22:32:10,739 LBFGS        PARAM    0179      -4915.834737          2.541595         28.507502          0.089589         31.523372
rank #0: 2017-11-27 22:32:11,121 LBFGS        PARAM    0180      -4916.849047          2.541636         28.510642          0.089605         31.523132
rank #0: 2017-11-27 22:32:11,500 LBFGS        PARAM    0181      -4918.021321          2.541685         28.513365          0.089622         31.522863
rank #0: 2017-11-27 22:32:11,880 LBFGS        PARAM    0182      -4919.177652          2.541734         28.515854          0.089640         31.522601
rank #0: 2017-11-27 22:32:12,260 LBFGS        PARAM    0183      -4920.040324          2.541769         28.519508          0.089653         31.522386
rank #0: 2017-11-27 22:32:12,641 LBFGS        PARAM    0184      -4921.162600          2.541815         28.522780          0.089669         31.522122
rank #0: 2017-11-27 22:32:13,019 LBFGS        PARAM    0185      -4922.209833          2.541858         28.525789          0.089684         31.521877
rank #0: 2017-11-27 22:32:13,397 LBFGS        PARAM    0186      -4923.174280          2.541897         28.529058          0.089698         31.521645
rank #0: 2017-11-27 22:32:13,774 LBFGS        PARAM    0187      -4924.147159          2.541937         28.532437          0.089711         31.521411
rank #0: 2017-11-27 22:32:14,152 LBFGS        PARAM    0188      -4925.116218          2.541976         28.535811          0.089725         31.521178
rank #0: 2017-11-27 22:32:14,531 LBFGS        PARAM    0189      -4926.138854          2.542018         28.539034          0.089738         31.520935
rank #0: 2017-11-27 22:32:14,909 LBFGS        PARAM    0190      -4926.941634          2.542050         28.542959          0.089749         31.520730
rank #0: 2017-11-27 22:32:15,286 LBFGS        PARAM    0191      -4927.591627          2.542074         28.547663          0.089758         31.520548
rank #0: 2017-11-27 22:32:15,665 LBFGS        PARAM    0192      -4928.836592          2.542124         28.552103          0.089774         31.520247
rank #0: 2017-11-27 22:32:16,043 LBFGS        PARAM    0193      -4929.534097          2.542151         28.556291          0.089782         31.520061
rank #0: 2017-11-27 22:32:16,421 LBFGS        PARAM    0194      -4930.333484          2.542181         28.560721          0.089792         31.519852
rank #0: 2017-11-27 22:32:16,801 LBFGS        PARAM    0195      -4931.013201          2.542207         28.565259          0.089801         31.519665
rank #0: 2017-11-27 22:32:17,180 LBFGS        PARAM    0196      -4931.639541          2.542229         28.570126          0.089808         31.519486
rank #0: 2017-11-27 22:32:17,560 LBFGS        PARAM    0197      -4932.303779          2.542254         28.575084          0.089816         31.519299
rank #0: 2017-11-27 22:32:17,938 LBFGS        PARAM    0198      -4932.821687          2.542271         28.580373          0.089822         31.519137
rank #0: 2017-11-27 22:32:18,318 LBFGS        PARAM    0199      -4933.496656          2.542295         28.585759          0.089830         31.518943
rank #0: 2017-11-27 22:32:18,697 LBFGS        PARAM    0200      -4933.972316          2.542311         28.591176          0.089835         31.518789
rank #0: 2017-11-27 22:32:19,077 LBFGS        PARAM    0201      -4934.401365          2.542324         28.596980          0.089839         31.518641
rank #0: 2017-11-27 22:32:19,455 LBFGS        PARAM    0202      -4934.869082          2.542338         28.602870          0.089844         31.518483
rank #0: 2017-11-27 22:32:19,836 LBFGS        PARAM    0203      -4935.328852          2.542352         28.608679          0.089849         31.518329
rank #0: 2017-11-27 22:32:20,216 LBFGS        PARAM    0204      -4935.742843          2.542364         28.614601          0.089854         31.518182
rank #0: 2017-11-27 22:32:20,597 LBFGS        PARAM    0205      -4936.113468          2.542374         28.620695          0.089857         31.518042
rank #0: 2017-11-27 22:32:20,977 LBFGS        PARAM    0206      -4936.543156          2.542387         28.626806          0.089862         31.517891
rank #0: 2017-11-27 22:32:21,356 LBFGS        PARAM    0207      -4936.854015          2.542394         28.633147          0.089865         31.517761
rank #0: 2017-11-27 22:32:21,735 LBFGS        PARAM    0208      -4937.158265          2.542401         28.639619          0.089868         31.517630
rank #0: 2017-11-27 22:32:22,116 LBFGS        PARAM    0209      -4937.460473          2.542407         28.646054          0.089870         31.517501
rank #0: 2017-11-27 22:32:22,498 LBFGS        PARAM    0210      -4937.821899          2.542417         28.652372          0.089874         31.517361
rank #0: 2017-11-27 22:32:22,878 LBFGS        PARAM    0211      -4938.092222          2.542422         28.658951          0.089876         31.517237
rank #0: 2017-11-27 22:32:23,258 LBFGS        PARAM    0212      -4938.392373          2.542428         28.665413          0.089879         31.517108
rank #0: 2017-11-27 22:32:23,637 LBFGS        PARAM    0213      -4938.648397          2.542433         28.672014          0.089881         31.516987
rank #0: 2017-11-27 22:32:24,015 LBFGS        PARAM    0214      -4938.853923          2.542435         28.678878          0.089883         31.516873
rank #0: 2017-11-27 22:32:24,392 LBFGS        PARAM    0215      -4939.116307          2.542439         28.685476          0.089885         31.516750
rank #0: 2017-11-27 22:32:24,771 LBFGS        PARAM    0216      -4939.329224          2.542442         28.692293          0.089887         31.516635
rank #0: 2017-11-27 22:32:25,151 LBFGS        PARAM    0217      -4939.536597          2.542444         28.699012          0.089888         31.516522
rank #0: 2017-11-27 22:32:25,532 LBFGS        PARAM    0218      -4939.734816          2.542445         28.705769          0.089890         31.516411
rank #0: 2017-11-27 22:32:25,913 LBFGS        PARAM    0219      -4939.939844          2.542447         28.712449          0.089892         31.516299
rank #0: 2017-11-27 22:32:26,294 LBFGS        PARAM    0220      -4940.169139          2.542451         28.719013          0.089894         31.516184
rank #0: 2017-11-27 22:32:26,673 LBFGS        PARAM    0221      -4940.351315          2.542451         28.726018          0.089895         31.516073
rank #0: 2017-11-27 22:32:27,051 LBFGS        PARAM    0222      -4940.527769          2.542452         28.732743          0.089896         31.515967
rank #0: 2017-11-27 22:32:27,433 LBFGS        PARAM    0223      -4940.708963          2.542453         28.739480          0.089898         31.515859
rank #0: 2017-11-27 22:32:27,812 LBFGS        PARAM    0224      -4940.880925          2.542453         28.746297          0.089899         31.515753
rank #0: 2017-11-27 22:32:28,192 LBFGS        PARAM    0225      -4941.062225          2.542454         28.752941          0.089900         31.515647
rank #0: 2017-11-27 22:32:28,572 LBFGS        PARAM    0226      -4941.204489          2.542453         28.760071          0.089901         31.515543
rank #0: 2017-11-27 22:32:28,952 LBFGS        PARAM    0227      -4941.387093          2.542454         28.766676          0.089903         31.515437
rank #0: 2017-11-27 22:32:29,331 LBFGS        PARAM    0228      -4941.529511          2.542453         28.773713          0.089904         31.515334
rank #0: 2017-11-27 22:32:29,709 LBFGS        PARAM    0229      -4941.652776          2.542451         28.780724          0.089904         31.515236
rank #0: 2017-11-27 22:32:30,086 LBFGS        PARAM    0230      -4941.813993          2.542452         28.787292          0.089906         31.515134
rank #0: 2017-11-27 22:32:30,465 LBFGS        PARAM    0231      -4941.938878          2.542450         28.794486          0.089907         31.515034
rank #0: 2017-11-27 22:32:30,842 LBFGS        PARAM    0232      -4942.126764          2.542451         28.801021          0.089908         31.514927
rank #0: 2017-11-27 22:32:31,221 LBFGS        PARAM    0233      -4942.198089          2.542460         28.810341          0.089905         31.514804
rank #0: 2017-11-27 22:32:31,598 LBFGS        PARAM    0234      -4942.331994          2.542458         28.817649          0.089906         31.514701
rank #0: 2017-11-27 22:32:31,976 LBFGS        PARAM    0235      -4942.470995          2.542458         28.824320          0.089907         31.514602
rank #0: 2017-11-27 22:32:32,354 LBFGS        PARAM    0236      -4942.585924          2.542454         28.831730          0.089912         31.514503
rank #0: 2017-11-27 22:32:32,733 LBFGS        PARAM    0237      -4942.740018          2.542457         28.838655          0.089912         31.514397
rank #0: 2017-11-27 22:32:33,113 LBFGS        PARAM    0238      -4942.889609          2.542455         28.845772          0.089913         31.514293
rank #0: 2017-11-27 22:32:33,494 LBFGS        PARAM    0239      -4942.976241          2.542452         28.853254          0.089915         31.514196
rank #0: 2017-11-27 22:32:33,875 LBFGS        PARAM    0240      -4943.091015          2.542450         28.860083          0.089919         31.514102
rank #0: 2017-11-27 22:32:34,257 LBFGS        PARAM    0241      -4943.208417          2.542448         28.866666          0.089921         31.514010
rank #0: 2017-11-27 22:32:34,638 LBFGS        PARAM    0242      -4943.315887          2.542445         28.873589          0.089923         31.513916
rank #0: 2017-11-27 22:32:35,019 LBFGS        PARAM    0243      -4943.417645          2.542443         28.880287          0.089926         31.513825
rank #0: 2017-11-27 22:32:35,402 LBFGS        PARAM    0244      -4943.512226          2.542439         28.887365          0.089929         31.513732
rank #0: 2017-11-27 22:32:35,781 LBFGS        PARAM    0245      -4943.632115          2.542439         28.893738          0.089932         31.513641
rank #0: 2017-11-27 22:32:36,160 LBFGS        PARAM    0246      -4943.724977          2.542435         28.900872          0.089935         31.513548
rank #0: 2017-11-27 22:32:36,538 LBFGS        PARAM    0247      -4943.846509          2.542435         28.907312          0.089939         31.513456
rank #0: 2017-11-27 22:32:36,915 LBFGS        PARAM    0248      -4943.935337          2.542431         28.914378          0.089942         31.513365
rank #0: 2017-11-27 22:32:37,293 LBFGS        PARAM    0249      -4944.030575          2.542429         28.920985          0.089945         31.513276
rank #0: 2017-11-27 22:32:37,672 LBFGS        PARAM    0250      -4944.116633          2.542425         28.927874          0.089947         31.513188
rank #0: 2017-11-27 22:32:38,050 LBFGS        PARAM    0251      -4944.200218          2.542422         28.934526          0.089950         31.513101
rank #0: 2017-11-27 22:32:38,428 LBFGS        PARAM    0252      -4944.306469          2.542420         28.941208          0.089953         31.513010
rank #0: 2017-11-27 22:32:38,807 LBFGS        PARAM    0253      -4944.394794          2.542417         28.948077          0.089955         31.512921
rank #0: 2017-11-27 22:32:39,185 LBFGS        PARAM    0254      -4944.460178          2.542412         28.955074          0.089957         31.512835
rank #0: 2017-11-27 22:32:39,563 LBFGS        PARAM    0255      -4944.572158          2.542411         28.961474          0.089961         31.512746
rank #0: 2017-11-27 22:32:39,941 LBFGS        PARAM    0256      -4944.638632          2.542405         28.968756          0.089963         31.512657
rank #0: 2017-11-27 22:32:40,319 LBFGS        PARAM    0257      -4944.737468          2.542404         28.975160          0.089966         31.512570
rank #0: 2017-11-27 22:32:40,698 LBFGS        PARAM    0258      -4944.810139          2.542399         28.982080          0.089968         31.512484
rank #0: 2017-11-27 22:32:41,074 LBFGS        PARAM    0259      -4944.881620          2.542396         28.988699          0.089971         31.512401
rank #0: 2017-11-27 22:32:41,453 LBFGS        PARAM    0260      -4944.961190          2.542392         28.995313          0.089973         31.512317
rank #0: 2017-11-27 22:32:41,833 LBFGS        PARAM    0261      -4945.034680          2.542389         29.001948          0.089976         31.512233
rank #0: 2017-11-27 22:32:42,213 LBFGS        PARAM    0262      -4945.116075          2.542385         29.008509          0.089978         31.512149
rank #0: 2017-11-27 22:32:42,591 LBFGS        PARAM    0263      -4945.186691          2.542381         29.015218          0.089981         31.512065
rank #0: 2017-11-27 22:32:42,972 LBFGS        PARAM    0264      -4945.252202          2.542377         29.021872          0.089983         31.511983
rank #0: 2017-11-27 22:32:43,352 LBFGS        PARAM    0265      -4945.314780          2.542373         29.028505          0.089985         31.511901
rank #0: 2017-11-27 22:32:43,732 LBFGS        PARAM    0266      -4945.406422          2.542370         29.034898          0.089988         31.511817
rank #0: 2017-11-27 22:32:44,110 LBFGS        PARAM    0267      -4945.466469          2.542365         29.041933          0.089990         31.511732
rank #0: 2017-11-27 22:32:44,489 LBFGS        PARAM    0268      -4945.526698          2.542361         29.048437          0.089992         31.511653
rank #0: 2017-11-27 22:32:44,869 LBFGS        PARAM    0269      -4945.615920          2.542358         29.054831          0.089995         31.511569
rank #0: 2017-11-27 22:32:45,250 LBFGS        PARAM    0270      -4945.665855          2.542353         29.062010          0.089997         31.511484
rank #0: 2017-11-27 22:32:45,631 LBFGS        PARAM    0271      -4945.735071          2.542349         29.068353          0.090000         31.511405
rank #0: 2017-11-27 22:32:46,010 LBFGS        PARAM    0272      -4945.789558          2.542345         29.075066          0.090002         31.511325
rank #0: 2017-11-27 22:32:46,387 LBFGS        PARAM    0273      -4945.856666          2.542341         29.081445          0.090004         31.511245
rank #0: 2017-11-27 22:32:46,766 LBFGS        PARAM    0274      -4945.918610          2.542337         29.088033          0.090007         31.511165
rank #0: 2017-11-27 22:32:47,145 LBFGS        PARAM    0275      -4945.987435          2.542333         29.094410          0.090009         31.511085
rank #0: 2017-11-27 22:32:47,524 LBFGS        PARAM    0276      -4946.035930          2.542328         29.101261          0.090011         31.511005
rank #0: 2017-11-27 22:32:47,902 LBFGS        PARAM    0277      -4946.100096          2.542324         29.107571          0.090014         31.510927
rank #0: 2017-11-27 22:32:48,281 LBFGS        PARAM    0278      -4946.154909          2.542320         29.114187          0.090016         31.510848
rank #0: 2017-11-27 22:32:48,658 LBFGS        PARAM    0279      -4946.230197          2.542316         29.120501          0.090019         31.510767
rank #0: 2017-11-27 22:32:49,036 LBFGS        PARAM    0280      -4946.277260          2.542311         29.127318          0.090021         31.510688
rank #0: 2017-11-27 22:32:49,414 LBFGS        PARAM    0281      -4946.346485          2.542308         29.133581          0.090023         31.510609
rank #0: 2017-11-27 22:32:49,794 LBFGS        PARAM    0282      -4946.390768          2.542302         29.140442          0.090026         31.510530
rank #0: 2017-11-27 22:32:50,172 LBFGS        PARAM    0283      -4946.447393          2.542298         29.146722          0.090028         31.510454
rank #0: 2017-11-27 22:32:50,551 LBFGS        PARAM    0284      -4946.509325          2.542294         29.153096          0.090030         31.510376
rank #0: 2017-11-27 22:32:50,929 LBFGS        PARAM    0285      -4946.542821          2.542288         29.160047          0.090033         31.510298
rank #0: 2017-11-27 22:32:51,308 LBFGS        PARAM    0286      -4946.626112          2.542285         29.166473          0.090035         31.510215
rank #0: 2017-11-27 22:32:51,686 LBFGS        PARAM    0287      -4946.661872          2.542279         29.173549          0.090038         31.510135
rank #0: 2017-11-27 22:32:52,066 LBFGS        PARAM    0288      -4946.712290          2.542275         29.179803          0.090040         31.510061
rank #0: 2017-11-27 22:32:52,446 LBFGS        PARAM    0289      -4946.767929          2.542271         29.186134          0.090042         31.509985
rank #0: 2017-11-27 22:32:52,824 LBFGS        PARAM    0290      -4946.826702          2.542267         29.192456          0.090045         31.509908
rank #0: 2017-11-27 22:32:53,204 LBFGS        PARAM    0291      -4946.876047          2.542262         29.198875          0.090047         31.509832
rank #0: 2017-11-27 22:32:53,584 LBFGS        PARAM    0292      -4946.910808          2.542257         29.205417          0.090049         31.509758
rank #0: 2017-11-27 22:32:53,963 LBFGS        PARAM    0293      -4946.988401          2.542253         29.211897          0.090052         31.509676
rank #0: 2017-11-27 22:32:54,339 LBFGS        PARAM    0294      -4947.019041          2.542247         29.218862          0.090054         31.509598
rank #0: 2017-11-27 22:32:54,717 LBFGS        PARAM    0295      -4947.083138          2.542243         29.225276          0.090057         31.509520
rank #0: 2017-11-27 22:32:55,098 LBFGS        PARAM    0296      -4947.130075          2.542239         29.231638          0.090059         31.509445
rank #0: 2017-11-27 22:32:55,477 LBFGS        PARAM    0297      -4947.180067          2.542234         29.237949          0.090061         31.509371
rank #0: 2017-11-27 22:32:55,856 LBFGS        PARAM    0298      -4947.212073          2.542229         29.244459          0.090063         31.509298
rank #0: 2017-11-27 22:32:56,237 LBFGS        PARAM    0299      -4947.263331          2.542224         29.250703          0.090066         31.509223
rank #0: 2017-11-27 22:32:56,615 LBFGS        PARAM    0300      -4947.312866          2.542220         29.256940          0.090068         31.509150
rank #0: 2017-11-27 22:32:56,994 LBFGS        PARAM    0301      -4947.362514          2.542216         29.263201          0.090070         31.509076
rank #0: 2017-11-27 22:32:57,372 LBFGS        PARAM    0302      -4947.403867          2.542211         29.269491          0.090073         31.509003
rank #0: 2017-11-27 22:32:57,751 LBFGS        PARAM    0303      -4947.446910          2.542206         29.275704          0.090075         31.508931
rank #0: 2017-11-27 22:32:58,129 LBFGS        PARAM    0304      -4947.492857          2.542202         29.281925          0.090077         31.508858
rank #0: 2017-11-27 22:32:58,509 LBFGS        PARAM    0305      -4947.537683          2.542197         29.288190          0.090079         31.508785
rank #0: 2017-11-27 22:32:58,890 LBFGS        PARAM    0306      -4947.584912          2.542193         29.294391          0.090082         31.508713
rank #0: 2017-11-27 22:32:59,270 LBFGS        PARAM    0307      -4947.619507          2.542187         29.300684          0.090084         31.508641
rank #0: 2017-11-27 22:32:59,651 LBFGS        PARAM    0308      -4947.656318          2.542183         29.306823          0.090086         31.508571
rank #0: 2017-11-27 22:33:00,031 LBFGS        PARAM    0309      -4947.707342          2.542178         29.313084          0.090088         31.508497
rank #0: 2017-11-27 22:33:00,410 LBFGS        PARAM    0310      -4947.749542          2.542174         29.319273          0.090091         31.508426
rank #0: 2017-11-27 22:33:00,789 LBFGS        PARAM    0311      -4947.784108          2.542169         29.325483          0.090093         31.508356
rank #0: 2017-11-27 22:33:01,169 LBFGS        PARAM    0312      -4947.827654          2.542164         29.331642          0.090095         31.508284
rank #0: 2017-11-27 22:33:01,549 LBFGS        PARAM    0313      -4947.875838          2.542160         29.337801          0.090097         31.508212
rank #0: 2017-11-27 22:33:01,928 LBFGS        PARAM    0314      -4947.910535          2.542155         29.343953          0.090100         31.508142
rank #0: 2017-11-27 22:33:02,308 LBFGS        PARAM    0315      -4947.951347          2.542150         29.350115          0.090102         31.508071
rank #0: 2017-11-27 22:33:02,688 LBFGS        PARAM    0316      -4947.993365          2.542145         29.356255          0.090104         31.508001
rank #0: 2017-11-27 22:33:03,067 LBFGS        PARAM    0317      -4948.028610          2.542140         29.362370          0.090106         31.507931
rank #0: 2017-11-27 22:33:03,447 LBFGS        PARAM    0318      -4948.072145          2.542136         29.368500          0.090109         31.507860
rank #0: 2017-11-27 22:33:03,827 LBFGS        PARAM    0319      -4948.109046          2.542131         29.374568          0.090111         31.507791
rank #0: 2017-11-27 22:33:04,207 LBFGS        PARAM    0320      -4948.147954          2.542126         29.380699          0.090113         31.507721
rank #0: 2017-11-27 22:33:04,587 LBFGS        PARAM    0321      -4948.183476          2.542121         29.386789          0.090115         31.507652
rank #0: 2017-11-27 22:33:04,966 LBFGS        PARAM    0322      -4948.219215          2.542117         29.392819          0.090117         31.507584
rank #0: 2017-11-27 22:33:05,346 LBFGS        PARAM    0323      -4948.256556          2.542112         29.398912          0.090120         31.507514
rank #0: 2017-11-27 22:33:05,725 LBFGS        PARAM    0324      -4948.294728          2.542107         29.404972          0.090122         31.507445
rank #0: 2017-11-27 22:33:06,105 LBFGS        PARAM    0325      -4948.324884          2.542102         29.411038          0.090124         31.507378
rank #0: 2017-11-27 22:33:06,483 LBFGS        PARAM    0326      -4948.365371          2.542098         29.417086          0.090126         31.507308
rank #0: 2017-11-27 22:33:06,861 LBFGS        PARAM    0327      -4948.398197          2.542093         29.423175          0.090128         31.507240
rank #0: 2017-11-27 22:33:07,241 LBFGS        PARAM    0328      -4948.433912          2.542088         29.429185          0.090131         31.507172
rank #0: 2017-11-27 22:33:07,620 LBFGS        PARAM    0329      -4948.474030          2.542083         29.435188          0.090133         31.507103
rank #0: 2017-11-27 22:33:08,000 LBFGS        PARAM    0330      -4948.505779          2.542078         29.441272          0.090135         31.507035
rank #0: 2017-11-27 22:33:08,379 LBFGS        PARAM    0331      -4948.543837          2.542074         29.447241          0.090138         31.506967
rank #0: 2017-11-27 22:33:08,758 LBFGS        PARAM    0332      -4948.578002          2.542069         29.453216          0.090140         31.506900
rank #0: 2017-11-27 22:33:09,138 LBFGS        PARAM    0333      -4948.613186          2.542064         29.459211          0.090142         31.506832
rank #0: 2017-11-27 22:33:09,518 LBFGS        PARAM    0334      -4948.641472          2.542059         29.465190          0.090144         31.506766
rank #0: 2017-11-27 22:33:09,898 LBFGS        PARAM    0335      -4948.683226          2.542053         29.471240          0.090146         31.506697
rank #0: 2017-11-27 22:33:10,279 LBFGS        PARAM    0336      -4948.706835          2.542059         29.482313          0.090150         31.506569
rank #0: 2017-11-27 22:33:10,657 LBFGS        PARAM    0337      -4948.735954          2.542054         29.488370          0.090151         31.506502
rank #0: 2017-11-27 22:33:11,035 LBFGS        PARAM    0338      -4948.774448          2.542050         29.494340          0.090153         31.506434
rank #0: 2017-11-27 22:33:11,415 LBFGS        PARAM    0339      -4948.803457          2.542045         29.500280          0.090155         31.506368
rank #0: 2017-11-27 22:33:11,793 LBFGS        PARAM    0340      -4948.838029          2.542040         29.506220          0.090158         31.506302
rank #0: 2017-11-27 22:33:12,171 LBFGS        PARAM    0341      -4948.870637          2.542035         29.512109          0.090160         31.506236
rank #0: 2017-11-27 22:33:12,549 LBFGS        PARAM    0342      -4948.907528          2.542030         29.518033          0.090162         31.506169
rank #0: 2017-11-27 22:33:12,925 LBFGS        PARAM    0343      -4948.934097          2.542026         29.523950          0.090164         31.506104
rank #0: 2017-11-27 22:33:13,303 LBFGS        PARAM    0344      -4948.967825          2.542021         29.529899          0.090166         31.506037
rank #0: 2017-11-27 22:33:13,682 LBFGS        PARAM    0345      -4949.002307          2.542016         29.535717          0.090168         31.505971
rank #0: 2017-11-27 22:33:14,060 LBFGS        PARAM    0346      -4949.030763          2.542011         29.541626          0.090170         31.505906
rank #0: 2017-11-27 22:33:14,439 LBFGS        PARAM    0347      -4949.064480          2.542007         29.547470          0.090172         31.505840
rank #0: 2017-11-27 22:33:14,817 LBFGS        PARAM    0348      -4949.092747          2.542001         29.553411          0.090175         31.505775
rank #0: 2017-11-27 22:33:15,194 LBFGS        PARAM    0349      -4949.123772          2.541997         29.559253          0.090177         31.505710
rank #0: 2017-11-27 22:33:15,574 LBFGS        PARAM    0350      -4949.152500          2.541992         29.565270          0.090179         31.505644
rank #0: 2017-11-27 22:33:15,953 LBFGS        PARAM    0351      -4949.184538          2.541988         29.571063          0.090181         31.505579
rank #0: 2017-11-27 22:33:16,332 LBFGS        PARAM    0352      -4949.219785          2.541982         29.577099          0.090183         31.505511
rank #0: 2017-11-27 22:33:16,711 LBFGS        PARAM    0353      -4949.245760          2.541978         29.582921          0.090185         31.505447
rank #0: 2017-11-27 22:33:17,092 LBFGS        PARAM    0354      -4949.272347          2.541973         29.588865          0.090187         31.505382
rank #0: 2017-11-27 22:33:17,473 LBFGS        PARAM    0355      -4949.308174          2.541969         29.594701          0.090189         31.505316
rank #0: 2017-11-27 22:33:17,849 LBFGS        PARAM    0356      -4949.334512          2.541963         29.600615          0.090191         31.505252
rank #0: 2017-11-27 22:33:18,226 LBFGS        PARAM    0357      -4949.365210          2.541959         29.606416          0.090193         31.505187
rank #0: 2017-11-27 22:33:18,604 LBFGS        PARAM    0358      -4949.392071          2.541954         29.612315          0.090195         31.505123
rank #0: 2017-11-27 22:33:18,983 LBFGS        PARAM    0359      -4949.421585          2.541950         29.618032          0.090197         31.505059
rank #0: 2017-11-27 22:33:19,360 LBFGS        PARAM    0360      -4949.453205          2.541944         29.623949          0.090199         31.504994
rank #0: 2017-11-27 22:33:19,735 LBFGS        PARAM    0361      -4949.483033          2.541940         29.629588          0.090201         31.504931
rank #0: 2017-11-27 22:33:20,109 LBFGS        PARAM    0362      -4949.508329          2.541935         29.635385          0.090203         31.504868
rank #0: 2017-11-27 22:33:20,485 LBFGS        PARAM    0363      -4949.535900          2.541930         29.641095          0.090205         31.504805
rank #0: 2017-11-27 22:33:20,860 LBFGS        PARAM    0364      -4949.563852          2.541925         29.646870          0.090208         31.504742
rank #0: 2017-11-27 22:33:21,234 LBFGS        PARAM    0365      -4949.588765          2.541921         29.652525          0.090210         31.504680
rank #0: 2017-11-27 22:33:21,610 LBFGS        PARAM    0366      -4949.618357          2.541916         29.658296          0.090212         31.504617
rank #0: 2017-11-27 22:33:21,985 LBFGS        PARAM    0367      -4949.646797          2.541911         29.663962          0.090214         31.504554
rank #0: 2017-11-27 22:33:22,362 LBFGS        PARAM    0368      -4949.667918          2.541906         29.669679          0.090216         31.504493
rank #0: 2017-11-27 22:33:22,740 LBFGS        PARAM    0369      -4949.699768          2.541902         29.675421          0.090218         31.504429
rank #0: 2017-11-27 22:33:23,118 LBFGS        PARAM    0370      -4949.725100          2.541896         29.681161          0.090220         31.504367
rank #0: 2017-11-27 22:33:23,499 LBFGS        PARAM    0371      -4949.752137          2.541892         29.686748          0.090222         31.504305
rank #0: 2017-11-27 22:33:23,877 LBFGS        PARAM    0372      -4949.779605          2.541887         29.692518          0.090224         31.504242
rank #0: 2017-11-27 22:33:24,256 LBFGS        PARAM    0373      -4949.801758          2.541882         29.698103          0.090227         31.504182
rank #0: 2017-11-27 22:33:24,635 LBFGS        PARAM    0374      -4949.830617          2.541877         29.703809          0.090229         31.504119
rank #0: 2017-11-27 22:33:25,013 LBFGS        PARAM    0375      -4949.856537          2.541872         29.709387          0.090231         31.504059
rank #0: 2017-11-27 22:33:25,391 LBFGS        PARAM    0376      -4949.881856          2.541868         29.715064          0.090233         31.503997
rank #0: 2017-11-27 22:33:25,768 LBFGS        PARAM    0377      -4949.905464          2.541863         29.720636          0.090235         31.503937
rank #0: 2017-11-27 22:33:26,147 LBFGS        PARAM    0378      -4949.929979          2.541858         29.726255          0.090237         31.503876
rank #0: 2017-11-27 22:33:26,524 LBFGS        PARAM    0379      -4949.953604          2.541853         29.731832          0.090239         31.503815
rank #0: 2017-11-27 22:33:26,903 LBFGS        PARAM    0380      -4949.981816          2.541848         29.737425          0.090241         31.503754
rank #0: 2017-11-27 22:33:27,280 LBFGS        PARAM    0381      -4950.001038          2.541843         29.743047          0.090243         31.503694
rank #0: 2017-11-27 22:33:27,658 LBFGS        PARAM    0382      -4950.029730          2.541839         29.748686          0.090245         31.503632
rank #0: 2017-11-27 22:33:28,037 LBFGS        PARAM    0383      -4950.053197          2.541834         29.754276          0.090247         31.503572
rank #0: 2017-11-27 22:33:28,416 LBFGS        PARAM    0384      -4950.083446          2.541830         29.759854          0.090250         31.503510
rank #0: 2017-11-27 22:33:28,795 LBFGS        PARAM    0385      -4950.107022          2.541824         29.765471          0.090252         31.503450
rank #0: 2017-11-27 22:33:29,172 LBFGS        PARAM    0386      -4950.125027          2.541820         29.770992          0.090254         31.503391
rank #0: 2017-11-27 22:33:29,551 LBFGS        PARAM    0387      -4950.147213          2.541815         29.776592          0.090256         31.503331
rank #0: 2017-11-27 22:33:29,931 LBFGS        PARAM    0388      -4950.174066          2.541810         29.782183          0.090258         31.503270
rank #0: 2017-11-27 22:33:30,311 LBFGS        PARAM    0389      -4950.197217          2.541805         29.787680          0.090260         31.503211
rank #0: 2017-11-27 22:33:30,691 LBFGS        PARAM    0390      -4950.221028          2.541800         29.793201          0.090262         31.503151
rank #0: 2017-11-27 22:33:31,071 LBFGS        PARAM    0391      -4950.244249          2.541796         29.798699          0.090264         31.503092
rank #0: 2017-11-27 22:33:31,449 LBFGS        PARAM    0392      -4950.268851          2.541791         29.804218          0.090266         31.503032
rank #0: 2017-11-27 22:33:31,828 LBFGS        PARAM    0393      -4950.289137          2.541786         29.809684          0.090268         31.502974
rank #0: 2017-11-27 22:33:32,208 LBFGS        PARAM    0394      -4950.309530          2.541781         29.815131          0.090270         31.502916
rank #0: 2017-11-27 22:33:32,587 LBFGS        PARAM    0395      -4950.335269          2.541776         29.820750          0.090272         31.502855
rank #0: 2017-11-27 22:33:32,966 LBFGS        PARAM    0396      -4950.359166          2.541772         29.826178          0.090274         31.502797
rank #0: 2017-11-27 22:33:33,346 LBFGS        PARAM    0397      -4950.382452          2.541767         29.831586          0.090276         31.502738
rank #0: 2017-11-27 22:33:33,725 LBFGS        PARAM    0398      -4950.404774          2.541762         29.837043          0.090278         31.502680
rank #0: 2017-11-27 22:33:34,104 LBFGS        PARAM    0399      -4950.426079          2.541757         29.842427          0.090280         31.502622
rank #0: 2017-11-27 22:33:34,482 LBFGS        PARAM    0400      -4950.445296          2.541752         29.847834          0.090282         31.502565
rank #0: 2017-11-27 22:33:34,862 LBFGS        PARAM    0401      -4950.465221          2.541748         29.853287          0.090284         31.502507
rank #0: 2017-11-27 22:33:35,240 LBFGS        PARAM    0402      -4950.489514          2.541743         29.858827          0.090287         31.502447
rank #0: 2017-11-27 22:33:35,618 LBFGS        PARAM    0403      -4950.508765          2.541738         29.864168          0.090289         31.502391
rank #0: 2017-11-27 22:33:35,996 LBFGS        PARAM    0404      -4950.534505          2.541733         29.869734          0.090291         31.502330
rank #0: 2017-11-27 22:33:36,376 LBFGS        PARAM    0405      -4950.553939          2.541729         29.875024          0.090293         31.502274
rank #0: 2017-11-27 22:33:36,756 LBFGS        PARAM    0406      -4950.578501          2.541724         29.880497          0.090295         31.502215
rank #0: 2017-11-27 22:33:37,135 LBFGS        PARAM    0407      -4950.601876          2.541719         29.885909          0.090297         31.502157
rank #0: 2017-11-27 22:33:37,515 LBFGS        PARAM    0408      -4950.620529          2.541715         29.891204          0.090299         31.502101
rank #0: 2017-11-27 22:33:37,896 LBFGS        PARAM    0409      -4950.641983          2.541710         29.896617          0.090301         31.502043
rank #0: 2017-11-27 22:33:38,277 LBFGS        PARAM    0410      -4950.664886          2.541705         29.902024          0.090303         31.501986
rank #0: 2017-11-27 22:33:38,657 LBFGS        PARAM    0411      -4950.683314          2.541700         29.907331          0.090305         31.501930
rank #0: 2017-11-27 22:33:39,035 LBFGS        PARAM    0412      -4950.703427          2.541696         29.912662          0.090307         31.501873
rank #0: 2017-11-27 22:33:39,413 LBFGS        PARAM    0413      -4950.726031          2.541691         29.918111          0.090309         31.501815
rank #0: 2017-11-27 22:33:39,791 LBFGS        PARAM    0414      -4950.746730          2.541686         29.923384          0.090311         31.501759
rank #0: 2017-11-27 22:33:40,169 LBFGS        PARAM    0415      -4950.763302          2.541681         29.928650          0.090313         31.501703
rank #0: 2017-11-27 22:33:40,547 LBFGS        PARAM    0416      -4950.784855          2.541677         29.934080          0.090315         31.501646
rank #0: 2017-11-27 22:33:40,923 LBFGS        PARAM    0417      -4950.804219          2.541672         29.939367          0.090317         31.501590
rank #0: 2017-11-27 22:33:41,301 LBFGS        PARAM    0418      -4950.827227          2.541667         29.944740          0.090319         31.501532
rank #0: 2017-11-27 22:33:41,680 LBFGS        PARAM    0419      -4950.847391          2.541662         29.950003          0.090321         31.501476
rank #0: 2017-11-27 22:33:42,056 LBFGS        PARAM    0420      -4950.866659          2.541658         29.955262          0.090323         31.501421
rank #0: 2017-11-27 22:33:42,435 LBFGS        PARAM    0421      -4950.885526          2.541653         29.960536          0.090325         31.501365
rank #0: 2017-11-27 22:33:42,812 LBFGS        PARAM    0422      -4950.906554          2.541648         29.965858          0.090327         31.501308
rank #0: 2017-11-27 22:33:43,190 LBFGS        PARAM    0423      -4950.927504          2.541644         29.971128          0.090329         31.501253
rank #0: 2017-11-27 22:33:43,568 LBFGS        PARAM    0424      -4950.944970          2.541639         29.976341          0.090331         31.501198
rank #0: 2017-11-27 22:33:43,947 LBFGS        PARAM    0425      -4950.963952          2.541634         29.981605          0.090333         31.501142
rank #0: 2017-11-27 22:33:44,326 LBFGS        PARAM    0426      -4950.983849          2.541629         29.986901          0.090335         31.501086
rank #0: 2017-11-27 22:33:44,706 LBFGS        PARAM    0427      -4951.001828          2.541625         29.992077          0.090337         31.501032
rank #0: 2017-11-27 22:33:45,087 LBFGS        PARAM    0428      -4951.020458          2.541620         29.997364          0.090339         31.500976
rank #0: 2017-11-27 22:33:45,468 LBFGS        PARAM    0429      -4951.043114          2.541615         30.002690          0.090341         31.500920
rank #0: 2017-11-27 22:33:45,849 LBFGS        PARAM    0430      -4951.061967          2.541611         30.007843          0.090343         31.500865
rank #0: 2017-11-27 22:33:46,229 LBFGS        PARAM    0431      -4951.079873          2.541606         30.013006          0.090345         31.500811
rank #0: 2017-11-27 22:33:46,609 LBFGS        PARAM    0432      -4951.096658          2.541601         30.018211          0.090347         31.500757
rank #0: 2017-11-27 22:33:46,990 LBFGS        PARAM    0433      -4951.118077          2.541597         30.023511          0.090349         31.500700
rank #0: 2017-11-27 22:33:47,371 LBFGS        PARAM    0434      -4951.134926          2.541592         30.028641          0.090351         31.500647
rank #0: 2017-11-27 22:33:47,749 LBFGS        PARAM    0435      -4951.154160          2.541587         30.033862          0.090353         31.500592
rank #0: 2017-11-27 22:33:48,129 LBFGS        PARAM    0436      -4951.171484          2.541583         30.039030          0.090355         31.500538
rank #0: 2017-11-27 22:33:48,506 LBFGS        PARAM    0437      -4951.188658          2.541580         30.044365          0.090357         31.500480
rank #0: 2017-11-27 22:33:48,885 LBFGS        PARAM    0438      -4951.215013          2.541571         30.051427          0.090360         31.500408
rank #0: 2017-11-27 22:33:49,265 LBFGS        PARAM    0439      -4951.236248          2.541569         30.059536          0.090363         31.500321
rank #0: 2017-11-27 22:33:49,645 LBFGS        PARAM    0440      -4951.253744          2.541563         30.065137          0.090366         31.500263
rank #0: 2017-11-27 22:33:50,025 LBFGS        PARAM    0441      -4951.271217          2.541559         30.070385          0.090368         31.500208
rank #0: 2017-11-27 22:33:50,403 LBFGS        PARAM    0442      -4951.289823          2.541554         30.075631          0.090370         31.500153
rank #0: 2017-11-27 22:33:50,783 LBFGS        PARAM    0443      -4951.306367          2.541550         30.080894          0.090372         31.500098
rank #0: 2017-11-27 22:33:51,162 LBFGS        PARAM    0444      -4951.323484          2.541545         30.086032          0.090374         31.500045
rank #0: 2017-11-27 22:33:51,542 LBFGS        PARAM    0445      -4951.339284          2.541540         30.091263          0.090376         31.499990
rank #0: 2017-11-27 22:33:51,921 LBFGS        PARAM    0446      -4951.357309          2.541535         30.096504          0.090378         31.499935
rank #0: 2017-11-27 22:33:52,298 LBFGS        PARAM    0447      -4951.374088          2.541531         30.101720          0.090380         31.499881
rank #0: 2017-11-27 22:33:52,676 LBFGS        PARAM    0448      -4951.392223          2.541526         30.106898          0.090382         31.499827
rank #0: 2017-11-27 22:33:53,053 LBFGS        PARAM    0449      -4951.407945          2.541522         30.112030          0.090384         31.499773
rank #0: 2017-11-27 22:33:53,431 LBFGS        PARAM    0450      -4951.424856          2.541517         30.117182          0.090386         31.499720
rank #0: 2017-11-27 22:33:53,811 LBFGS        PARAM    0451      -4951.442240          2.541513         30.122374          0.090388         31.499665
rank #0: 2017-11-27 22:33:54,188 LBFGS        PARAM    0452      -4951.459019          2.541508         30.127408          0.090390         31.499613
rank #0: 2017-11-27 22:33:54,566 LBFGS        PARAM    0453      -4951.476012          2.541504         30.132581          0.090392         31.499559
rank #0: 2017-11-27 22:33:54,943 LBFGS        PARAM    0454      -4951.493063          2.541499         30.137600          0.090394         31.499507
rank #0: 2017-11-27 22:33:55,323 LBFGS        PARAM    0455      -4951.511769          2.541494         30.142784          0.090396         31.499453
rank #0: 2017-11-27 22:33:55,704 LBFGS        PARAM    0456      -4951.528429          2.541490         30.147731          0.090398         31.499401
rank #0: 2017-11-27 22:33:56,079 LBFGS        PARAM    0457      -4951.545493          2.541485         30.152795          0.090400         31.499348
rank #0: 2017-11-27 22:33:56,455 LBFGS        PARAM    0458      -4951.562971          2.541480         30.157897          0.090402         31.499296
rank #0: 2017-11-27 22:33:56,831 LBFGS        PARAM    0459      -4951.577864          2.541476         30.162935          0.090403         31.499243
rank #0: 2017-11-27 22:33:57,207 LBFGS        PARAM    0460      -4951.593748          2.541471         30.168013          0.090405         31.499191
rank #0: 2017-11-27 22:33:57,582 LBFGS        PARAM    0461      -4951.609495          2.541467         30.173160          0.090407         31.499137
rank #0: 2017-11-27 22:33:57,955 LBFGS        PARAM    0462      -4951.627423          2.541462         30.178364          0.090409         31.499084
rank #0: 2017-11-27 22:33:58,329 LBFGS        PARAM    0463      -4951.641399          2.541458         30.183398          0.090411         31.499031
rank #0: 2017-11-27 22:33:58,701 LBFGS        PARAM    0464      -4951.659170          2.541453         30.188672          0.090413         31.498977
rank #0: 2017-11-27 22:33:59,118 LBFGS        PARAM    0465      -4958.735138          2.539295         32.893546          0.091423         31.473360
rank #0: 2017-11-27 22:33:59,535 LBFGS        PARAM    0466      -4970.326387          2.533295         38.524875          0.093703         31.438433
rank #0: 2017-11-27 22:33:59,951 LBFGS        PARAM    0467      -4948.680988          2.527864         43.480980          0.095975         31.427670
rank #0: 2017-11-27 22:34:00,326 LBFGS        PARAM    0468      -4954.404504          2.526732         43.899726          0.096697         31.426671
rank #0: 2017-11-27 22:34:00,744 LBFGS        PARAM    0469      -4960.848478          2.526604         44.013128          0.097224         31.426000
rank #0: 2017-11-27 22:34:01,163 LBFGS        PARAM    0470      -4963.760899          2.526849         43.999497          0.097540         31.425838
rank #0: 2017-11-27 22:34:01,541 LBFGS        PARAM    0471      -4964.414097          2.527315         43.909071          0.097921         31.425793
rank #0: 2017-11-27 22:34:01,920 LBFGS        PARAM    0472      -4964.120858          2.527447         43.855632          0.098003         31.425789
rank #0: 2017-11-27 22:34:02,300 LBFGS        PARAM    0473      -4964.202310          2.527445         43.852531          0.098103         31.425789
rank #0: 2017-11-27 22:34:02,681 LBFGS        PARAM    0474      -4964.247461          2.527441         43.852267          0.098355         31.425789
rank #0: 2017-11-27 22:34:03,061 LBFGS        PARAM    0475      -4964.316160          2.527433         43.852077          0.099448         31.425788
rank #0: 2017-11-27 22:34:03,440 LBFGS        PARAM    0476      -4964.286988          2.527433         43.852923          0.100599         31.425787
rank #0: 2017-11-27 22:34:03,820 LBFGS        PARAM    0477      -4964.203521          2.527438         43.854190          0.101212         31.425787
rank #0: 2017-11-27 22:34:04,198 LBFGS        PARAM    0478      -4964.193545          2.527439         43.854171          0.101254         31.425787
rank #0: 2017-11-27 22:34:04,577 LBFGS        PARAM    0479      -4964.192602          2.527439         43.854193          0.101250         31.425787
rank #0: 2017-11-27 22:34:04,956 LBFGS        PARAM    0480      -4964.192813          2.527439         43.854191          0.101248         31.425787
rank #0: 2017-11-27 22:34:05,335 LBFGS        PARAM    0481      -4964.192965          2.527439         43.854186          0.101248         31.425787
rank #0: 2017-11-27 22:34:14,783 LBFGS        PARAM    0482      -4964.192916          2.527439         43.854186          0.101248         31.425787
rank #0: 2017-11-27 22:34:31,315 LBFGS        INFO     Linesearch failed in both LBFGS and gradient directions
rank #0: 2017-11-27 22:34:31,316 LBFGS        PARAM    0482      -4964.192916          2.527439         43.854186          0.101248         31.425787
rank #0: 2017-11-27 22:34:31,316 rsdfit.lbfgs_fitter WARNING  ...LBFGS optimization finished. Time elapsed: 0:03:28.51
rank #0: 2017-11-27 22:34:31,316 rsdfit.lbfgs_fitter ERROR    nonlinear fit with method L-BFGS-B failed: Linesearch failed in both LBFGS and gradient directions
rank #0: 2017-11-27 22:34:31,316 rsdfit.fitting_driver INFO     rank 57 on nid00474     ...fitting complete
rank #0: 2017-11-27 22:34:31,318 rsdfit.fitting_driver INFO     rank 57 on nid00474     Saving the results to `/global/cscratch1/sd/nhand/eBOSS/fits/results/mocks/ezmock/v1.8e-fph/0.0001-0.05/basemodel-N-fnl/0.8-2.2/QSO-N-0207-P0+P2-mock-cov-a9f629560d/2017-11-27_nlopt_482i_chain0__1.npz`
rank #0: 2017-11-27 22:34:31,337 pyRSD.analysis.lbfgs_results INFO     
minimum chi2 = 31.4257866951

Free parameters [ mean ]
_______________
N              : -4964.19291573
b1             : 2.52743908352
f_nl           : 43.8541861236
sigma_fog      : 0.101248146922

Constrained parameters [ mean ]
_________________________
b1sigma8       : 1.00609854623
