rank #0: 2018-06-24 14:18:43,349 rsdfit.fitting_driver INFO     rank 1 on nid00536     Calling the 'nlopt' solve function
rank #0: 2018-06-24 14:18:43,350 rsdfit.lbfgs_fitter INFO     running LBFGS for 500 iterations and then stopping
rank #0: 2018-06-24 14:18:43,351 rsdfit.lbfgs_fitter INFO     running LBFGS minimizer with priors
rank #0: 2018-06-24 14:18:43,351 root         INFO     Iter           N          b1        f_nl   sigma_fog   F(X)     
rank #0: 2018-06-24 14:18:43,951 LBFGS        INFO     options = {'factr': 100000.0, 'gtol': 1e-05, 'max_iter': 500, 'test_convergence': False}
rank #0: 2018-06-24 14:18:43,952 LBFGS        PARAM    0000          0.000000          2.000000          0.000000          4.000000        110.400750
rank #0: 2018-06-24 14:18:44,622 LBFGS        PARAM    0001         37.449106          2.104692          2.078849          3.996004         88.725633
rank #0: 2018-06-24 14:18:45,238 LBFGS        PARAM    0002        -36.166385          2.342436          9.033748          4.123555         69.323456
rank #0: 2018-06-24 14:18:45,857 LBFGS        PARAM    0003       -130.016779          2.355419         10.278733          4.243547         65.172558
rank #0: 2018-06-24 14:18:46,478 LBFGS        PARAM    0004       -335.607006          2.410281         14.108707          4.569746         61.446427
rank #0: 2018-06-24 14:18:47,086 LBFGS        PARAM    0005       -315.126866          2.403076         14.052490          4.639584         61.219910
rank #0: 2018-06-24 14:18:47,708 LBFGS        PARAM    0006       -211.002010          2.390024         14.834013          5.079621         60.481390
rank #0: 2018-06-24 14:18:48,330 LBFGS        PARAM    0007       -179.383282          2.398231         15.265971          5.281254         60.349960
rank #0: 2018-06-24 14:18:49,028 LBFGS        PARAM    0008       -178.368741          2.401551         15.089797          5.309133         60.344726
rank #0: 2018-06-24 14:18:49,652 LBFGS        PARAM    0009       -178.625870          2.402261         14.895304          5.310924         60.344172
rank #0: 2018-06-24 14:18:50,276 LBFGS        PARAM    0010       -179.461608          2.403946         14.115236          5.313688         60.342764
rank #0: 2018-06-24 14:18:50,887 LBFGS        PARAM    0011       -180.149693          2.405271         13.048512          5.316001         60.341357
rank #0: 2018-06-24 14:18:51,509 LBFGS        PARAM    0012       -180.164411          2.405507         11.939155          5.318149         60.340225
rank #0: 2018-06-24 14:18:52,131 LBFGS        PARAM    0013       -180.106076          2.405287         11.842854          5.317313         60.340178
rank #0: 2018-06-24 14:18:52,752 LBFGS        PARAM    0014       -180.091616          2.405221         11.864883          5.317069         60.340177
rank #0: 2018-06-24 14:18:53,359 LBFGS        PARAM    0015       -180.088480          2.405213         11.870494          5.317050         60.340177
rank #0: 2018-06-24 14:18:53,982 LBFGS        PARAM    0016       -180.088151          2.405213         11.870753          5.317052         60.340177
rank #0: 2018-06-24 14:18:54,603 LBFGS        PARAM    0017       -180.088134          2.405213         11.870755          5.317052         60.340177
rank #0: 2018-06-24 14:19:21,594 LBFGS        INFO     Linesearch failed in both LBFGS and gradient directions
rank #0: 2018-06-24 14:19:21,596 LBFGS        PARAM    0017       -180.088134          2.405213         11.870755          5.317052         60.340177
rank #0: 2018-06-24 14:19:21,597 rsdfit.lbfgs_fitter WARNING  ...LBFGS optimization finished. Time elapsed: 0:00:37.65
rank #0: 2018-06-24 14:19:21,598 rsdfit.lbfgs_fitter ERROR    nonlinear fit with method L-BFGS-B failed: Linesearch failed in both LBFGS and gradient directions
rank #0: 2018-06-24 14:19:21,599 rsdfit.fitting_driver INFO     rank 1 on nid00536     ...fitting complete
rank #0: 2018-06-24 14:19:21,603 rsdfit.fitting_driver INFO     rank 1 on nid00536     Saving the results to `/global/cscratch1/sd/nhand/eBOSS/fits/results/mocks/ezmock/v1.8e-fph/0.005-0.3/basemodel-N-fnl/0.8-2.2/QSO-N-0789-P0+P2-mock-cov-1ab4f6001f/2018-06-24_nlopt_17i_chain0__1.npz`
rank #0: 2018-06-24 14:19:21,635 pyRSD.analysis.lbfgs_results INFO     
minimum chi2 = 60.3401771033

Free parameters [ mean ]
_______________
N              : -180.088134081
b1             : 2.40521293533
f_nl           : 11.8707551954
sigma_fog      : 5.31705176458

Constrained parameters [ mean ]
_________________________
b1sigma8       : 0.901678993245
