rank #0: 2018-10-04 21:33:48,055 rsdfit.fitting_driver INFO     rank 3 on nid01062     Calling the 'nlopt' solve function
rank #0: 2018-10-04 21:33:48,055 rsdfit.lbfgs_fitter INFO     running LBFGS for 500 iterations and then stopping
rank #0: 2018-10-04 21:33:48,056 rsdfit.lbfgs_fitter INFO     running LBFGS minimizer with priors
rank #0: 2018-10-04 21:33:48,056 root         INFO     Iter           N          b1        f_nl   sigma_fog   F(X)     
rank #0: 2018-10-04 21:33:48,056 rsdfit.lbfgs_fitter INFO     computing gradient using numerical derivative of lnlike()
rank #0: 2018-10-04 21:33:49,205 LBFGS        INFO     options = {'factr': 100000.0, 'gtol': 1e-05, 'max_iter': 500, 'test_convergence': False}
rank #0: 2018-10-04 21:33:49,206 LBFGS        PARAM    0000          0.000000          2.000000          0.000000          4.000000        130.390578
rank #0: 2018-10-04 21:33:50,544 LBFGS        PARAM    0001        -18.338509          2.140162          1.298680          4.033367        110.479437
rank #0: 2018-10-04 21:33:51,738 LBFGS        PARAM    0002       -351.322855          2.500197          7.340023          4.377441         85.139305
rank #0: 2018-10-04 21:33:52,940 LBFGS        PARAM    0003       -534.824744          2.505051          7.635853          4.614805         77.960073
rank #0: 2018-10-04 21:33:54,162 LBFGS        PARAM    0004       -661.487399          2.525972          8.350486          4.822618         76.585796
rank #0: 2018-10-04 21:33:55,353 LBFGS        PARAM    0005       -648.028760          2.521326          8.476933          4.874542         76.454663
rank #0: 2018-10-04 21:33:56,572 LBFGS        PARAM    0006       -558.976616          2.514679         10.147123          5.265815         75.923053
rank #0: 2018-10-04 21:33:57,770 LBFGS        PARAM    0007       -533.244828          2.521862         11.901221          5.388605         75.864050
rank #0: 2018-10-04 21:33:58,971 LBFGS        PARAM    0008       -531.187405          2.522096         12.134829          5.394320         75.863619
rank #0: 2018-10-04 21:34:00,181 LBFGS        PARAM    0009       -530.337879          2.522115         12.381997          5.396233         75.863355
rank #0: 2018-10-04 21:34:01,374 LBFGS        PARAM    0010       -528.786157          2.521807         13.264449          5.398448         75.862585
rank #0: 2018-10-04 21:34:02,592 LBFGS        PARAM    0011       -528.115287          2.520964         14.514807          5.396986         75.861686
rank #0: 2018-10-04 21:34:03,797 LBFGS        PARAM    0012       -529.731010          2.519704         15.535535          5.389622         75.860988
rank #0: 2018-10-04 21:34:05,030 LBFGS        PARAM    0013       -530.180512          2.519551         15.540004          5.387901         75.860968
rank #0: 2018-10-04 21:34:06,246 LBFGS        PARAM    0014       -530.243955          2.519559         15.515520          5.387768         75.860968
rank #0: 2018-10-04 21:34:07,455 LBFGS        PARAM    0015       -530.245960          2.519561         15.513080          5.387768         75.860968
rank #0: 2018-10-04 21:34:08,671 LBFGS        PARAM    0016       -530.245928          2.519561         15.513034          5.387768         75.860968
rank #0: 2018-10-04 21:35:02,944 LBFGS        INFO     Linesearch failed in both LBFGS and gradient directions
rank #0: 2018-10-04 21:35:02,945 LBFGS        PARAM    0016       -530.245928          2.519561         15.513034          5.387768         75.860968
rank #0: 2018-10-04 21:35:02,945 rsdfit.lbfgs_fitter WARNING  ...LBFGS optimization finished. Time elapsed: 0:01:13.74
rank #0: 2018-10-04 21:35:02,946 rsdfit.lbfgs_fitter ERROR    nonlinear fit with method L-BFGS-B failed: Linesearch failed in both LBFGS and gradient directions
rank #0: 2018-10-04 21:35:02,946 rsdfit.fitting_driver INFO     rank 3 on nid01062     ...fitting complete
rank #0: 2018-10-04 21:35:02,950 rsdfit.fitting_driver INFO     rank 3 on nid01062     Saving the results to `/global/cscratch1/sd/nhand/eBOSS/fits/results/mocks/ezmock/v1.8e-fph/0.0001-0.3/basemodel-N-fnl/0.8-2.2/QSO-N-0084-P0+P2-mock-cov-4ae05ce33e/2018-10-04_nlopt_16i_chain0__1.npz`
rank #0: 2018-10-04 21:35:03,053 pyRSD.analysis.lbfgs_results INFO     
minimum chi2 = 75.8609675227

Free parameters [ mean ]
_______________
N              : -530.245927515
b1             : 2.51956137934
f_nl           : 15.5130341175
sigma_fog      : 5.38776846146

Constrained parameters [ mean ]
_________________________
b1sigma8       : 0.91266955613
