rank #0: 2018-07-16 20:11:40,342 rsdfit.fitting_driver INFO     rank 21 on nid00652     Calling the 'nlopt' solve function
rank #0: 2018-07-16 20:11:40,343 rsdfit.lbfgs_fitter INFO     running LBFGS for 500 iterations and then stopping
rank #0: 2018-07-16 20:11:40,344 rsdfit.lbfgs_fitter INFO     running LBFGS minimizer with priors
rank #0: 2018-07-16 20:11:40,345 root         INFO     Iter           N          b1        f_nl   sigma_fog   F(X)     
rank #0: 2018-07-16 20:11:40,914 LBFGS        INFO     options = {'factr': 100000.0, 'gtol': 1e-05, 'max_iter': 500, 'test_convergence': False}
rank #0: 2018-07-16 20:11:40,915 LBFGS        PARAM    0000          0.000000          2.000000          0.000000          4.000000         84.919128
rank #0: 2018-07-16 20:11:41,579 LBFGS        PARAM    0001          5.869637          2.057788          0.462694          3.975468         79.696819
rank #0: 2018-07-16 20:11:42,180 LBFGS        PARAM    0002        -84.612693          2.198738          2.324107          3.938513         73.770321
rank #0: 2018-07-16 20:11:42,782 LBFGS        PARAM    0003       -180.211165          2.226144          3.100319          3.941304         72.191317
rank #0: 2018-07-16 20:11:43,364 LBFGS        PARAM    0004       -399.400135          2.258306          5.210967          3.811615         70.413736
rank #0: 2018-07-16 20:11:43,960 LBFGS        PARAM    0005       -438.507613          2.261950          6.107356          3.706505         70.210519
rank #0: 2018-07-16 20:11:44,558 LBFGS        PARAM    0006       -518.277328          2.259320         10.018970          3.278130         69.756479
rank #0: 2018-07-16 20:11:45,143 LBFGS        PARAM    0007       -507.045305          2.251263         14.638240          3.190817         69.695786
rank #0: 2018-07-16 20:11:45,743 LBFGS        PARAM    0008       -498.176811          2.246002         18.584159          3.162662         69.678037
rank #0: 2018-07-16 20:11:46,345 LBFGS        PARAM    0009       -489.942435          2.240746         25.457999          3.141413         69.654067
rank #0: 2018-07-16 20:11:46,946 LBFGS        PARAM    0010       -476.989558          2.230283         44.645995          3.116054         69.599274
rank #0: 2018-07-16 20:11:47,532 LBFGS        PARAM    0011       -475.171125          2.224340         64.664737          3.123226         69.551485
rank #0: 2018-07-16 20:11:48,132 LBFGS        PARAM    0012       -479.961477          2.225266         70.271749          3.161928         69.535622
rank #0: 2018-07-16 20:11:48,732 LBFGS        PARAM    0013       -482.173376          2.227341         68.633803          3.178017         69.534299
rank #0: 2018-07-16 20:11:49,317 LBFGS        PARAM    0014       -482.457191          2.227519         68.243041          3.178647         69.534288
rank #0: 2018-07-16 20:11:49,919 LBFGS        PARAM    0015       -482.470221          2.227541         68.234574          3.178575         69.534288
rank #0: 2018-07-16 20:11:50,521 LBFGS        PARAM    0016       -482.469287          2.227536         68.236670          3.178570         69.534288
rank #0: 2018-07-16 20:11:51,122 LBFGS        PARAM    0017       -482.469553          2.227536         68.236662          3.178569         69.534288
rank #0: 2018-07-16 20:12:17,266 LBFGS        INFO     Linesearch failed in both LBFGS and gradient directions
rank #0: 2018-07-16 20:12:17,267 LBFGS        PARAM    0017       -482.469553          2.227536         68.236662          3.178569         69.534288
rank #0: 2018-07-16 20:12:17,268 rsdfit.lbfgs_fitter WARNING  ...LBFGS optimization finished. Time elapsed: 0:00:36.35
rank #0: 2018-07-16 20:12:17,270 rsdfit.lbfgs_fitter ERROR    nonlinear fit with method L-BFGS-B failed: Linesearch failed in both LBFGS and gradient directions
rank #0: 2018-07-16 20:12:17,271 rsdfit.fitting_driver INFO     rank 21 on nid00652     ...fitting complete
rank #0: 2018-07-16 20:12:17,276 rsdfit.fitting_driver INFO     rank 21 on nid00652     Saving the results to `/global/cscratch1/sd/nhand/eBOSS/fits/results/mocks/ezmock/v1.8e-fph/0.005-0.3/basemodel-N-fnl/0.8-2.2/QSO-S-0768-P0+P2-mock-cov-a8bcb55756/2018-07-16_nlopt_17i_chain0__1.npz`
rank #0: 2018-07-16 20:12:17,303 pyRSD.analysis.lbfgs_results INFO     
minimum chi2 = 69.5342878562

Free parameters [ mean ]
_______________
N              : -482.469553062
b1             : 2.22753619613
f_nl           : 68.2366622667
sigma_fog      : 3.17856869583

Constrained parameters [ mean ]
_________________________
b1sigma8       : 0.887257093651
