rank #0: 2017-11-27 22:22:15,946 rsdfit.fitting_driver INFO     rank 204 on nid00483     Calling the 'nlopt' solve function
rank #0: 2017-11-27 22:22:15,947 rsdfit.lbfgs_fitter INFO     running LBFGS for 500 iterations and then stopping
rank #0: 2017-11-27 22:22:15,947 rsdfit.lbfgs_fitter INFO     running LBFGS minimizer with priors
rank #0: 2017-11-27 22:22:15,947 root         INFO     Iter           N          b1           f        f_nl    sigma8_z   sigma_fog   F(X)     
rank #0: 2017-11-27 22:22:16,671 LBFGS        INFO     options = {'factr': 100000.0, 'gtol': 1e-05, 'max_iter': 500, 'test_convergence': False}
rank #0: 2017-11-27 22:22:16,672 LBFGS        PARAM    0000          0.000000          2.000000          0.930883          0.000000          0.398070          4.000000        103.394351
rank #0: 2017-11-27 22:22:17,465 LBFGS        PARAM    0001         -0.362501          2.001889          0.930967          0.015126          0.399358          3.999982        101.938109
rank #0: 2017-11-27 22:22:18,202 LBFGS        PARAM    0002        -28.263611          2.043346          0.932765          0.441575          0.426118          4.012989         88.665141
rank #0: 2017-11-27 22:22:18,941 LBFGS        PARAM    0003        -39.309978          2.037019          0.932458          0.428555          0.422155          4.022085         87.875381
rank #0: 2017-11-27 22:22:19,678 LBFGS        PARAM    0004        -62.224362          2.035908          0.932360          0.501245          0.421428          4.038603         87.325257
rank #0: 2017-11-27 22:22:20,414 LBFGS        PARAM    0005       -248.118640          2.035611          0.931967          1.160860          0.421042          4.169715         84.449902
rank #0: 2017-11-27 22:22:21,150 LBFGS        PARAM    0006       -371.150014          2.040891          0.932005          1.635112          0.424377          4.248524         83.297761
rank #0: 2017-11-27 22:22:21,885 LBFGS        PARAM    0007       -414.085879          2.045137          0.932248          1.793042          0.427169          4.257930         83.047338
rank #0: 2017-11-27 22:22:22,622 LBFGS        PARAM    0008       -412.470313          2.045640          0.932308          1.780334          0.427534          4.250617         83.037827
rank #0: 2017-11-27 22:22:23,360 LBFGS        PARAM    0009       -411.054475          2.045743          0.932345          1.763811          0.427649          4.243348         83.033229
rank #0: 2017-11-27 22:22:24,096 LBFGS        PARAM    0010       -410.712401          2.045770          0.932438          1.718622          0.427820          4.221142         83.020294
rank #0: 2017-11-27 22:22:24,832 LBFGS        PARAM    0011       -415.992878          2.045548          0.932581          1.633462          0.427951          4.174830         82.995726
rank #0: 2017-11-27 22:22:25,571 LBFGS        PARAM    0012       -431.089308          2.045453          0.932536          1.526781          0.427776          4.109428         82.964008
rank #0: 2017-11-27 22:22:26,309 LBFGS        PARAM    0013       -449.473943          2.050632          0.930661          1.470480          0.426574          4.057041         82.934972
rank #0: 2017-11-27 22:22:27,050 LBFGS        PARAM    0014       -466.345721          2.058758          0.927790          1.450570          0.424850          4.019191         82.917315
rank #0: 2017-11-27 22:22:27,789 LBFGS        PARAM    0015       -472.317691          2.064789          0.925748          1.456462          0.423758          4.006812         82.908657
rank #0: 2017-11-27 22:22:28,526 LBFGS        PARAM    0016       -483.848079          2.083061          0.919692          1.470655          0.420728          3.972959         82.886637
rank #0: 2017-11-27 22:22:29,265 LBFGS        PARAM    0017       -492.685902          2.105014          0.912522          1.469890          0.417393          3.927666         82.863018
rank #0: 2017-11-27 22:22:30,003 LBFGS        PARAM    0018       -499.853132          2.126569          0.903741          1.272730          0.414694          3.834392         82.840928
rank #0: 2017-11-27 22:22:30,737 LBFGS        PARAM    0019       -496.737231          2.127795          0.903426          1.309034          0.414636          3.852736         82.838942
rank #0: 2017-11-27 22:22:31,473 LBFGS        PARAM    0020       -495.992879          2.128255          0.903273          1.302718          0.414579          3.854978         82.838895
rank #0: 2017-11-27 22:22:32,209 LBFGS        PARAM    0021       -495.962546          2.128289          0.903261          1.281491          0.414575          3.855013         82.838890
rank #0: 2017-11-27 22:22:32,946 LBFGS        PARAM    0022       -495.826156          2.128773          0.903071          0.580982          0.414544          3.855632         82.838785
rank #0: 2017-11-27 22:22:33,683 LBFGS        PARAM    0023       -496.180627          2.128663          0.903104          0.235263          0.414583          3.855738         82.838758
rank #0: 2017-11-27 22:22:34,420 LBFGS        PARAM    0024       -496.345803          2.128509          0.903162          0.162019          0.414609          3.855697         82.838756
rank #0: 2017-11-27 22:22:35,154 LBFGS        PARAM    0025       -496.363306          2.128490          0.903169          0.167683          0.414612          3.855696         82.838756
rank #0: 2017-11-27 22:22:35,894 LBFGS        PARAM    0026       -496.364525          2.128489          0.903169          0.169388          0.414612          3.855695         82.838756
rank #0: 2017-11-27 22:22:36,975 LBFGS        PARAM    0027       -496.364525          2.128489          0.903170          0.169389          0.414612          3.855695         82.838756
rank #0: 2017-11-27 22:22:38,341 LBFGS        PARAM    0028       -496.364526          2.128489          0.903170          0.169389          0.414612          3.855695         82.838756
rank #0: 2017-11-27 22:22:39,765 LBFGS        PARAM    0029       -496.364527          2.128489          0.903170          0.169390          0.414612          3.855695         82.838756
rank #0: 2017-11-27 22:23:02,102 LBFGS        INFO     Linesearch failed in both LBFGS and gradient directions
rank #0: 2017-11-27 22:23:02,103 LBFGS        PARAM    0029       -496.364527          2.128489          0.903170          0.169390          0.414612          3.855695         82.838756
rank #0: 2017-11-27 22:23:02,103 rsdfit.lbfgs_fitter WARNING  ...LBFGS optimization finished. Time elapsed: 0:00:45.43
rank #0: 2017-11-27 22:23:02,104 rsdfit.lbfgs_fitter ERROR    nonlinear fit with method L-BFGS-B failed: Linesearch failed in both LBFGS and gradient directions
rank #0: 2017-11-27 22:23:02,105 rsdfit.fitting_driver INFO     rank 204 on nid00483     ...fitting complete
rank #0: 2017-11-27 22:23:02,107 rsdfit.fitting_driver INFO     rank 204 on nid00483     Saving the results to `/global/cscratch1/sd/nhand/eBOSS/fits/results/mocks/ezmock/v1.8e-fph/0.0001-0.3/basemodel-fs8-N-fnl/0.8-2.2/QSO-N-0526-P0+P2-mock-cov-0a197b956d/2017-11-27_nlopt_29i_chain0__1.npz`
rank #0: 2017-11-27 22:23:02,125 pyRSD.analysis.lbfgs_results INFO     
minimum chi2 = 82.838755593

Free parameters [ mean ]
_______________
N              : -496.364526786
b1             : 2.128489432
f              : 0.903169506584
f_nl           : 0.169390001605
sigma8_z       : 0.414612026261
sigma_fog      : 3.85569453626

Constrained parameters [ mean ]
_________________________
b1sigma8       : 0.882497316277
fsigma8        : 0.374464939182
