rank #0: 2018-12-30 20:22:59,876 rsdfit.fitting_driver INFO     rank 51 on nid00680     Calling the 'nlopt' solve function
rank #0: 2018-12-30 20:22:59,877 rsdfit.lbfgs_fitter INFO     running LBFGS for 500 iterations and then stopping
rank #0: 2018-12-30 20:22:59,877 rsdfit.lbfgs_fitter INFO     running LBFGS minimizer with priors
rank #0: 2018-12-30 20:22:59,878 root         INFO     Iter           N          b1        f_nl   sigma_fog   F(X)     
rank #0: 2018-12-30 20:22:59,878 rsdfit.lbfgs_fitter INFO     computing gradient using numerical derivative of lnlike()
rank #0: 2018-12-30 20:23:01,072 LBFGS        INFO     options = {'factr': 100000.0, 'gtol': 1e-05, 'max_iter': 500, 'test_convergence': False}
rank #0: 2018-12-30 20:23:01,074 LBFGS        PARAM    0000          0.000000          2.000000          0.000000          4.000000        107.620568
rank #0: 2018-12-30 20:23:02,431 LBFGS        PARAM    0001         79.522179          2.161910          1.328494          3.949315         89.707742
rank #0: 2018-12-30 20:23:03,650 LBFGS        PARAM    0002         -5.096009          2.496188          6.784159          3.954587         77.529489
rank #0: 2018-12-30 20:23:04,889 LBFGS        PARAM    0003       -111.957381          2.475823          6.869663          4.034409         75.167301
rank #0: 2018-12-30 20:23:06,107 LBFGS        PARAM    0004       -318.881123          2.520806          8.740592          4.160359         73.580566
rank #0: 2018-12-30 20:23:07,342 LBFGS        PARAM    0005       -360.715826          2.539727          9.620649          4.142005         73.497635
rank #0: 2018-12-30 20:23:08,564 LBFGS        PARAM    0006       -380.401318          2.543940         10.231508          4.084208         73.460849
rank #0: 2018-12-30 20:23:09,794 LBFGS        PARAM    0007       -417.582807          2.543495         11.923578          3.905094         73.404844
rank #0: 2018-12-30 20:23:11,024 LBFGS        PARAM    0008       -415.378341          2.538300         13.637158          3.872703         73.398963
rank #0: 2018-12-30 20:23:12,245 LBFGS        PARAM    0009       -412.542176          2.535547         15.077574          3.863036         73.397294
rank #0: 2018-12-30 20:23:13,486 LBFGS        PARAM    0010       -408.982762          2.532282         17.704818          3.856924         73.395051
rank #0: 2018-12-30 20:23:14,707 LBFGS        PARAM    0011       -405.419288          2.529154         21.814610          3.858838         73.392556
rank #0: 2018-12-30 20:23:15,947 LBFGS        PARAM    0012       -406.712349          2.530486         22.278007          3.870029         73.391614
rank #0: 2018-12-30 20:23:17,169 LBFGS        PARAM    0013       -406.782624          2.531077         22.050689          3.875432         73.391552
rank #0: 2018-12-30 20:23:18,389 LBFGS        PARAM    0014       -406.685221          2.531012         22.112966          3.875481         73.391552
rank #0: 2018-12-30 20:23:19,630 LBFGS        PARAM    0015       -406.688352          2.531015         22.106159          3.875469         73.391552
rank #0: 2018-12-30 20:23:20,850 LBFGS        PARAM    0016       -406.689198          2.531016         22.106253          3.875468         73.391552
rank #0: 2018-12-30 20:23:22,091 LBFGS        PARAM    0017       -406.689156          2.531016         22.106255          3.875468         73.391552
rank #0: 2018-12-30 20:24:16,777 LBFGS        INFO     Linesearch failed in both LBFGS and gradient directions
rank #0: 2018-12-30 20:24:16,778 LBFGS        PARAM    0017       -406.689156          2.531016         22.106255          3.875468         73.391552
rank #0: 2018-12-30 20:24:16,779 rsdfit.lbfgs_fitter WARNING  ...LBFGS optimization finished. Time elapsed: 0:01:15.71
rank #0: 2018-12-30 20:24:16,780 rsdfit.lbfgs_fitter ERROR    nonlinear fit with method L-BFGS-B failed: Linesearch failed in both LBFGS and gradient directions
rank #0: 2018-12-30 20:24:16,781 rsdfit.fitting_driver INFO     rank 51 on nid00680     ...fitting complete
rank #0: 2018-12-30 20:24:16,787 rsdfit.fitting_driver INFO     rank 51 on nid00680     Saving the results to `/global/cscratch1/sd/nhand/eBOSS/fits/results/mocks/ezmock/v1.8e-fph/0.0001-0.3/basemodel-N-fnl/0.8-2.2/QSO-S-0637-P0+P2-mock-cov-78b9fba607/2018-12-30_nlopt_17i_chain0__1.npz`
rank #0: 2018-12-30 20:24:17,082 pyRSD.analysis.lbfgs_results INFO     
minimum chi2 = 73.3915519793

Free parameters [ mean ]
_______________
N              : -406.68915616
b1             : 2.53101557579
f_nl           : 22.1062548866
sigma_fog      : 3.87546816045

Constrained parameters [ mean ]
_________________________
b1sigma8       : 0.916818649889
