rank #0: 2018-07-16 19:44:50,967 rsdfit.fitting_driver INFO     rank 18 on nid02210     Calling the 'nlopt' solve function
rank #0: 2018-07-16 19:44:50,967 rsdfit.lbfgs_fitter INFO     running LBFGS for 500 iterations and then stopping
rank #0: 2018-07-16 19:44:50,967 rsdfit.lbfgs_fitter INFO     running LBFGS minimizer with priors
rank #0: 2018-07-16 19:44:50,968 root         INFO     Iter           N          b1        f_nl   sigma_fog   F(X)     
rank #0: 2018-07-16 19:44:51,548 LBFGS        INFO     options = {'factr': 100000.0, 'gtol': 1e-05, 'max_iter': 500, 'test_convergence': False}
rank #0: 2018-07-16 19:44:51,549 LBFGS        PARAM    0000          0.000000          2.000000          0.000000          4.000000        108.945743
rank #0: 2018-07-16 19:44:52,205 LBFGS        PARAM    0001         21.828174          2.069855          1.438253          3.961151        100.170906
rank #0: 2018-07-16 19:44:52,778 LBFGS        PARAM    0002        -36.624548          2.235529          6.755107          3.878543         91.784448
rank #0: 2018-07-16 19:44:53,368 LBFGS        PARAM    0003       -112.128901          2.247068          8.404888          3.871903         90.234851
rank #0: 2018-07-16 19:44:53,958 LBFGS        PARAM    0004       -386.212252          2.294624         16.556465          3.725016         87.540042
rank #0: 2018-07-16 19:44:54,547 LBFGS        PARAM    0005       -433.340707          2.291482         20.197554          3.547141         86.983916
rank #0: 2018-07-16 19:44:55,122 LBFGS        PARAM    0006       -544.598343          2.273739         35.970165          2.832244         85.887063
rank #0: 2018-07-16 19:44:55,711 LBFGS        PARAM    0007       -515.285625          2.261485         44.873880          2.818876         85.768800
rank #0: 2018-07-16 19:44:56,301 LBFGS        PARAM    0008       -489.649067          2.250335         54.007741          2.834161         85.731069
rank #0: 2018-07-16 19:44:56,880 LBFGS        PARAM    0009       -491.372361          2.250640         54.375440          2.844518         85.729929
rank #0: 2018-07-16 19:44:57,465 LBFGS        PARAM    0010       -491.539323          2.250723         54.415461          2.848212         85.729879
rank #0: 2018-07-16 19:44:58,054 LBFGS        PARAM    0011       -491.539470          2.250731         54.418157          2.848216         85.729879
rank #0: 2018-07-16 19:44:58,644 LBFGS        PARAM    0012       -491.537665          2.250728         54.417717          2.848215         85.729879
rank #0: 2018-07-16 19:44:59,218 LBFGS        PARAM    0013       -491.537688          2.250728         54.417705          2.848215         85.729879
rank #0: 2018-07-16 19:45:13,470 LBFGS        PARAM    0014       -491.537688          2.250728         54.417705          2.848215         85.729879
rank #0: 2018-07-16 19:45:14,051 LBFGS        PARAM    0015       -491.537688          2.250728         54.417705          2.848215         85.729879
rank #0: 2018-07-16 19:45:14,052 LBFGS        INFO     LBFGS iteration 15: the descent direction does not have a sufficient projection (cos(theta)=-9.91e-01, theta=172.1869) into the gradient; using steepest descent at this step!
rank #0: 2018-07-16 19:45:26,151 LBFGS        INFO     Linesearch failed in both LBFGS and gradient directions
rank #0: 2018-07-16 19:45:26,151 LBFGS        PARAM    0015       -491.537688          2.250728         54.417705          2.848215         85.729879
rank #0: 2018-07-16 19:45:26,152 rsdfit.lbfgs_fitter WARNING  ...LBFGS optimization finished. Time elapsed: 0:00:34.60
rank #0: 2018-07-16 19:45:26,152 rsdfit.lbfgs_fitter ERROR    nonlinear fit with method L-BFGS-B failed: Linesearch failed in both LBFGS and gradient directions
rank #0: 2018-07-16 19:45:26,153 rsdfit.fitting_driver INFO     rank 18 on nid02210     ...fitting complete
rank #0: 2018-07-16 19:45:26,156 rsdfit.fitting_driver INFO     rank 18 on nid02210     Saving the results to `/global/cscratch1/sd/nhand/eBOSS/fits/results/mocks/ezmock/v1.8e-fph/0.005-0.3/basemodel-N-fnl/0.8-2.2/QSO-S-0007-P0+P2-mock-cov-8973e9cf3e/2018-07-16_nlopt_15i_chain0__1.npz`
rank #0: 2018-07-16 19:45:26,181 pyRSD.analysis.lbfgs_results INFO     
minimum chi2 = 85.7298785755

Free parameters [ mean ]
_______________
N              : -491.537688493
b1             : 2.25072843767
f_nl           : 54.4177045375
sigma_fog      : 2.8482152635

Constrained parameters [ mean ]
_________________________
b1sigma8       : 0.896494869837
