rank #0: 2017-11-27 22:43:55,020 rsdfit.fitting_driver INFO     rank 136 on nid00481     Calling the 'nlopt' solve function
rank #0: 2017-11-27 22:43:55,020 rsdfit.lbfgs_fitter INFO     running LBFGS for 500 iterations and then stopping
rank #0: 2017-11-27 22:43:55,021 rsdfit.lbfgs_fitter INFO     running LBFGS minimizer with priors
rank #0: 2017-11-27 22:43:55,021 root         INFO     Iter          b1        f_nl   sigma_fog   F(X)     
rank #0: 2017-11-27 22:43:55,311 LBFGS        INFO     options = {'factr': 100000.0, 'gtol': 1e-05, 'max_iter': 500, 'test_convergence': False}
rank #0: 2017-11-27 22:43:55,311 LBFGS        PARAM    0000          2.000000          0.000000          4.000000         32.169221
rank #0: 2017-11-27 22:43:55,642 LBFGS        PARAM    0001          2.108350          1.340625          3.992138         24.561012
rank #0: 2017-11-27 22:43:55,929 LBFGS        PARAM    0002          2.340875          5.849600          3.967687         19.396612
rank #0: 2017-11-27 22:43:56,217 LBFGS        PARAM    0003          2.289627          3.663550          3.968482         19.017564
rank #0: 2017-11-27 22:43:56,506 LBFGS        PARAM    0004          2.295653          3.125245          3.964085         19.004458
rank #0: 2017-11-27 22:43:56,795 LBFGS        PARAM    0005          2.301377          1.403376          3.953238         18.988419
rank #0: 2017-11-27 22:43:57,085 LBFGS        PARAM    0006          2.316201         -6.057282          3.908566         18.936293
rank #0: 2017-11-27 22:43:57,374 LBFGS        PARAM    0007          2.344643        -26.065506          3.791502         18.810033
rank #0: 2017-11-27 22:43:57,703 LBFGS        PARAM    0008          2.382319        -56.804362          3.613906         18.593226
rank #0: 2017-11-27 22:43:57,993 LBFGS        PARAM    0009          2.384201        -58.352848          3.604964         18.582450
rank #0: 2017-11-27 22:43:58,323 LBFGS        PARAM    0010          2.390461        -63.597242          3.573519         18.546176
rank #0: 2017-11-27 22:43:58,654 LBFGS        PARAM    0011          2.401144        -72.802016          3.512179         18.487924
rank #0: 2017-11-27 22:43:58,988 LBFGS        PARAM    0012          2.416121        -86.904442          3.365924         18.427030
rank #0: 2017-11-27 22:43:59,280 LBFGS        PARAM    0013          2.416315        -90.979191          3.143771         18.380143
rank #0: 2017-11-27 22:43:59,573 LBFGS        PARAM    0014          2.391695        -99.682624          1.611134         18.156922
rank #0: 2017-11-27 22:43:59,867 LBFGS        PARAM    0015          2.373078        -95.818369          1.039580         18.122245
rank #0: 2017-11-27 22:44:00,160 LBFGS        PARAM    0016          2.373258        -94.507103          1.115883         18.121219
rank #0: 2017-11-27 22:44:00,453 LBFGS        PARAM    0017          2.372981        -94.050900          1.121042         18.120991
rank #0: 2017-11-27 22:44:00,748 LBFGS        PARAM    0018          2.372535        -93.336989          1.108563         18.120399
rank #0: 2017-11-27 22:44:01,045 LBFGS        PARAM    0019          2.371868        -92.182861          1.039334         18.118911
rank #0: 2017-11-27 22:44:01,341 LBFGS        PARAM    0020          2.371251        -90.891233          0.851676         18.116122
rank #0: 2017-11-27 22:44:01,637 LBFGS        PARAM    0021          2.371282        -90.207763          0.504244         18.112158
rank #0: 2017-11-27 22:44:01,936 LBFGS        PARAM    0022          2.372599        -91.016476          0.133003         18.108792
rank #0: 2017-11-27 22:44:02,233 LBFGS        PARAM    0023          2.372599        -91.016481          0.133002         18.108792
rank #0: 2017-11-27 22:44:02,526 LBFGS        PARAM    0024          2.375189        -93.322601          0.086068         18.107719
rank #0: 2017-11-27 22:44:02,903 LBFGS        PARAM    0025          2.375592        -93.647203          0.110082         18.107654
rank #0: 2017-11-27 22:44:03,197 LBFGS        PARAM    0026          2.374644        -93.097114          0.110711         18.107574
rank #0: 2017-11-27 22:44:03,488 LBFGS        PARAM    0027          2.374756        -93.192003          0.110089         18.107571
rank #0: 2017-11-27 22:44:03,779 LBFGS        PARAM    0028          2.374759        -93.195366          0.109677         18.107571
rank #0: 2017-11-27 22:44:04,070 LBFGS        PARAM    0029          2.374757        -93.194526          0.108720         18.107571
rank #0: 2017-11-27 22:44:04,359 LBFGS        PARAM    0030          2.374756        -93.193184          0.108746         18.107571
rank #0: 2017-11-27 22:44:04,649 LBFGS        PARAM    0031          2.374756        -93.192956          0.108745         18.107571
rank #0: 2017-11-27 22:44:04,981 LBFGS        PARAM    0032          2.374756        -93.192956          0.108745         18.107571
rank #0: 2017-11-27 22:44:20,648 LBFGS        INFO     Linesearch failed in both LBFGS and gradient directions
rank #0: 2017-11-27 22:44:20,648 LBFGS        PARAM    0032          2.374756        -93.192956          0.108745         18.107571
rank #0: 2017-11-27 22:44:20,648 rsdfit.lbfgs_fitter WARNING  ...LBFGS optimization finished. Time elapsed: 0:00:25.34
rank #0: 2017-11-27 22:44:20,649 rsdfit.lbfgs_fitter ERROR    nonlinear fit with method L-BFGS-B failed: Linesearch failed in both LBFGS and gradient directions
rank #0: 2017-11-27 22:44:20,649 rsdfit.fitting_driver INFO     rank 136 on nid00481     ...fitting complete
rank #0: 2017-11-27 22:44:20,651 rsdfit.fitting_driver INFO     rank 136 on nid00481     Saving the results to `/global/cscratch1/sd/nhand/eBOSS/fits/results/mocks/ezmock/v1.8e-fph/0.0001-0.05/basemodel-fnl/0.8-2.2/QSO-N-0477-P0+P2-mock-cov-b6abb0373d/2017-11-27_nlopt_32i_chain0__1.npz`
rank #0: 2017-11-27 22:44:20,694 pyRSD.analysis.lbfgs_results INFO     
minimum chi2 = 18.107570717

Free parameters [ mean ]
_______________
b1             : 2.37475570975
f_nl           : -93.1929558323
sigma_fog      : 0.108745449012

Constrained parameters [ mean ]
_________________________
b1sigma8       : 0.945319823063
