rank #0: 2018-07-15 20:10:34,794 rsdfit.fitting_driver INFO     rank 58 on nid00570     Calling the 'nlopt' solve function
rank #0: 2018-07-15 20:10:34,794 rsdfit.lbfgs_fitter INFO     running LBFGS for 500 iterations and then stopping
rank #0: 2018-07-15 20:10:34,795 rsdfit.lbfgs_fitter INFO     running LBFGS minimizer with priors
rank #0: 2018-07-15 20:10:34,795 root         INFO     Iter           N          b1        f_nl   sigma_fog   F(X)     
rank #0: 2018-07-15 20:10:35,364 LBFGS        INFO     options = {'factr': 100000.0, 'gtol': 1e-05, 'max_iter': 500, 'test_convergence': False}
rank #0: 2018-07-15 20:10:35,365 LBFGS        PARAM    0000          0.000000          2.000000          0.000000          4.000000        104.209048
rank #0: 2018-07-15 20:10:36,035 LBFGS        PARAM    0001         69.000789          2.175608          1.538756          3.969329         84.967657
rank #0: 2018-07-15 20:10:36,636 LBFGS        PARAM    0002        -51.583078          2.552275          8.629015          4.074662         70.770363
rank #0: 2018-07-15 20:10:37,234 LBFGS        PARAM    0003       -179.461338          2.529120          8.638633          4.195581         67.293740
rank #0: 2018-07-15 20:10:37,825 LBFGS        PARAM    0004       -429.712534          2.585817         10.897087          4.430980         65.091330
rank #0: 2018-07-15 20:10:38,427 LBFGS        PARAM    0005       -446.754227          2.598841         11.130873          4.467655         65.064121
rank #0: 2018-07-15 20:10:39,032 LBFGS        PARAM    0006       -444.557432          2.599974         10.925973          4.488202         65.058841
rank #0: 2018-07-15 20:10:39,618 LBFGS        PARAM    0007       -420.395765          2.601462          9.413672          4.615743         65.040593
rank #0: 2018-07-15 20:10:40,220 LBFGS        PARAM    0008       -415.926750          2.600136          9.457821          4.624969         65.040247
rank #0: 2018-07-15 20:10:40,821 LBFGS        PARAM    0009       -415.944689          2.600146          9.453039          4.624996         65.040247
rank #0: 2018-07-15 20:10:41,419 LBFGS        PARAM    0010       -415.959132          2.600156          9.442088          4.624998         65.040247
rank #0: 2018-07-15 20:10:42,012 LBFGS        PARAM    0011       -415.955311          2.600155          9.438972          4.624966         65.040247
rank #0: 2018-07-15 20:10:42,612 LBFGS        PARAM    0012       -415.955302          2.600154          9.438959          4.624965         65.040247
rank #0: 2018-07-15 20:10:43,284 LBFGS        PARAM    0013       -415.955298          2.600154          9.438959          4.624965         65.040247
rank #0: 2018-07-15 20:10:44,002 LBFGS        PARAM    0014       -415.955298          2.600154          9.438959          4.624965         65.040247
rank #0: 2018-07-15 20:11:09,968 LBFGS        INFO     Linesearch failed in both LBFGS and gradient directions
rank #0: 2018-07-15 20:11:09,969 LBFGS        PARAM    0014       -415.955298          2.600154          9.438959          4.624965         65.040247
rank #0: 2018-07-15 20:11:09,970 rsdfit.lbfgs_fitter WARNING  ...LBFGS optimization finished. Time elapsed: 0:00:34.61
rank #0: 2018-07-15 20:11:09,970 rsdfit.lbfgs_fitter ERROR    nonlinear fit with method L-BFGS-B failed: Linesearch failed in both LBFGS and gradient directions
rank #0: 2018-07-15 20:11:09,971 rsdfit.fitting_driver INFO     rank 58 on nid00570     ...fitting complete
rank #0: 2018-07-15 20:11:10,026 rsdfit.fitting_driver INFO     rank 58 on nid00570     Saving the results to `/global/cscratch1/sd/nhand/eBOSS/fits/results/mocks/ezmock/v1.8e-fph/0.0001-0.3/basemodel-N-fnl/0.8-2.2/QSO-S-0174-P0+P2-mock-cov-f224d44da7/2018-07-15_nlopt_14i_chain0__1.npz`
rank #0: 2018-07-15 20:11:10,062 pyRSD.analysis.lbfgs_results INFO     
minimum chi2 = 65.0402470245

Free parameters [ mean ]
_______________
N              : -415.955298235
b1             : 2.60015433149
f_nl           : 9.43895919997
sigma_fog      : 4.62496455187

Constrained parameters [ mean ]
_________________________
b1sigma8       : 0.941863023878
