rank #0: 2017-11-27 20:42:39,459 rsdfit.fitting_driver INFO     rank 53 on nid00782     Calling the 'nlopt' solve function
rank #0: 2017-11-27 20:42:39,459 rsdfit.lbfgs_fitter INFO     running LBFGS for 500 iterations and then stopping
rank #0: 2017-11-27 20:42:39,460 rsdfit.lbfgs_fitter INFO     running LBFGS minimizer with priors
rank #0: 2017-11-27 20:42:39,460 root         INFO     Iter           N          b1        f_nl   sigma_fog   F(X)     
rank #0: 2017-11-27 20:42:39,969 LBFGS        INFO     options = {'factr': 100000.0, 'gtol': 1e-05, 'max_iter': 500, 'test_convergence': False}
rank #0: 2017-11-27 20:42:39,969 LBFGS        PARAM    0000          0.000000          2.000000          0.000000          4.000000         88.952561
rank #0: 2017-11-27 20:42:40,548 LBFGS        PARAM    0001         24.257923          2.074479          0.583127          3.945745         83.011715
rank #0: 2017-11-27 20:42:41,071 LBFGS        PARAM    0002          9.660054          2.208163          2.408797          3.764985         79.147109
rank #0: 2017-11-27 20:42:41,591 LBFGS        PARAM    0003          5.234193          2.193319          2.529490          3.704033         78.854398
rank #0: 2017-11-27 20:42:42,112 LBFGS        PARAM    0004        -18.400728          2.165797          3.794016          3.374942         78.084053
rank #0: 2017-11-27 20:42:42,633 LBFGS        PARAM    0005        -58.184538          2.159425          6.057134          2.966755         77.547560
rank #0: 2017-11-27 20:42:43,154 LBFGS        PARAM    0006       -179.204964          2.176094         11.513151          2.731061         77.305470
rank #0: 2017-11-27 20:42:43,674 LBFGS        PARAM    0007       -170.478337          2.180778         13.137172          2.723678         77.285509
rank #0: 2017-11-27 20:42:44,197 LBFGS        PARAM    0008       -165.525177          2.181881         14.167889          2.723479         77.281768
rank #0: 2017-11-27 20:42:44,718 LBFGS        PARAM    0009       -160.771040          2.182205         15.987265          2.723448         77.276671
rank #0: 2017-11-27 20:42:45,241 LBFGS        PARAM    0010       -152.312359          2.181147         21.406954          2.724330         77.264066
rank #0: 2017-11-27 20:42:45,761 LBFGS        PARAM    0011       -147.888041          2.177696         28.119831          2.727231         77.251044
rank #0: 2017-11-27 20:42:46,283 LBFGS        PARAM    0012       -151.322518          2.173857         31.542954          2.730388         77.244573
rank #0: 2017-11-27 20:42:46,806 LBFGS        PARAM    0013       -153.024549          2.173065         31.343687          2.731462         77.244155
rank #0: 2017-11-27 20:42:47,327 LBFGS        PARAM    0014       -153.414236          2.173080         31.183623          2.731260         77.244148
rank #0: 2017-11-27 20:42:47,848 LBFGS        PARAM    0015       -153.443293          2.173090         31.168040          2.731245         77.244148
rank #0: 2017-11-27 20:42:48,370 LBFGS        PARAM    0016       -153.444503          2.173091         31.167740          2.731250         77.244148
rank #0: 2017-11-27 20:42:48,894 LBFGS        PARAM    0017       -153.444150          2.173091         31.167688          2.731250         77.244148
rank #0: 2017-11-27 20:43:11,735 LBFGS        INFO     Linesearch failed in both LBFGS and gradient directions
rank #0: 2017-11-27 20:43:11,735 LBFGS        PARAM    0017       -153.444150          2.173091         31.167688          2.731250         77.244148
rank #0: 2017-11-27 20:43:11,736 rsdfit.lbfgs_fitter WARNING  ...LBFGS optimization finished. Time elapsed: 0:00:31.77
rank #0: 2017-11-27 20:43:11,736 rsdfit.lbfgs_fitter ERROR    nonlinear fit with method L-BFGS-B failed: Linesearch failed in both LBFGS and gradient directions
rank #0: 2017-11-27 20:43:11,737 rsdfit.fitting_driver INFO     rank 53 on nid00782     ...fitting complete
rank #0: 2017-11-27 20:43:11,754 rsdfit.fitting_driver INFO     rank 53 on nid00782     Saving the results to `/global/cscratch1/sd/nhand/eBOSS/fits/results/mocks/ezmock/v1.8e-fph/0.0001-0.3/basemodel-N-fnl/0.8-2.2/QSO-S-0118-P0+P2-mock-cov-a9f629560d/2017-11-27_nlopt_17i_chain0__1.npz`
rank #0: 2017-11-27 20:43:11,790 pyRSD.analysis.lbfgs_results INFO     
minimum chi2 = 77.2441481312

Free parameters [ mean ]
_______________
N              : -153.444150046
b1             : 2.17309073973
f_nl           : 31.1676884257
sigma_fog      : 2.73124968639

Constrained parameters [ mean ]
_________________________
b1sigma8       : 0.864856607261
