rank #0: 2018-06-24 13:39:55,694 rsdfit.fitting_driver INFO     rank 7 on nid00565     Calling the 'nlopt' solve function
rank #0: 2018-06-24 13:39:55,695 rsdfit.lbfgs_fitter INFO     running LBFGS for 500 iterations and then stopping
rank #0: 2018-06-24 13:39:55,695 rsdfit.lbfgs_fitter INFO     running LBFGS minimizer with priors
rank #0: 2018-06-24 13:39:55,696 root         INFO     Iter           N          b1        f_nl   sigma_fog   F(X)     
rank #0: 2018-06-24 13:39:56,267 LBFGS        INFO     options = {'factr': 100000.0, 'gtol': 1e-05, 'max_iter': 500, 'test_convergence': False}
rank #0: 2018-06-24 13:39:56,268 LBFGS        PARAM    0000          0.000000          2.000000          0.000000          4.000000        159.072217
rank #0: 2018-06-24 13:39:56,921 LBFGS        PARAM    0001         66.283856          2.177316          1.365712          3.977081        119.809950
rank #0: 2018-06-24 13:39:57,495 LBFGS        PARAM    0002        -60.423981          2.559170          7.494861          4.123719         89.795139
rank #0: 2018-06-24 13:39:58,089 LBFGS        PARAM    0003       -202.553557          2.547292          7.577238          4.265763         81.551096
rank #0: 2018-06-24 13:39:58,686 LBFGS        PARAM    0004       -525.795389          2.627803          9.823160          4.593507         75.303220
rank #0: 2018-06-24 13:39:59,270 LBFGS        PARAM    0005       -526.474646          2.631572          9.801455          4.611608         75.293369
rank #0: 2018-06-24 13:39:59,863 LBFGS        PARAM    0006       -522.882403          2.633815          9.625388          4.640080         75.284534
rank #0: 2018-06-24 13:40:00,459 LBFGS        PARAM    0007       -511.862177          2.634813          9.100613          4.695788         75.272084
rank #0: 2018-06-24 13:40:01,057 LBFGS        PARAM    0008       -501.534232          2.632749          8.035169          4.733508         75.265400
rank #0: 2018-06-24 13:40:01,640 LBFGS        PARAM    0009       -499.461074          2.632150          7.703802          4.736844         75.264990
rank #0: 2018-06-24 13:40:02,240 LBFGS        PARAM    0010       -499.011359          2.632031          7.404506          4.737081         75.264748
rank #0: 2018-06-24 13:40:02,838 LBFGS        PARAM    0011       -498.859435          2.632310          6.326988          4.736748         75.264050
rank #0: 2018-06-24 13:40:03,423 LBFGS        PARAM    0012       -499.968969          2.633395          5.029354          4.736199         75.263369
rank #0: 2018-06-24 13:40:04,015 LBFGS        PARAM    0013       -501.944768          2.634983          4.207852          4.736814         75.262992
rank #0: 2018-06-24 13:40:04,611 LBFGS        PARAM    0014       -502.365401          2.635046          4.225265          4.735644         75.262986
rank #0: 2018-06-24 13:40:05,206 LBFGS        PARAM    0015       -502.420682          2.635041          4.241046          4.735418         75.262986
rank #0: 2018-06-24 13:40:05,785 LBFGS        PARAM    0016       -502.419922          2.635040          4.242217          4.735420         75.262986
rank #0: 2018-06-24 13:40:06,380 LBFGS        PARAM    0017       -502.419752          2.635040          4.242321          4.735420         75.262986
rank #0: 2018-06-24 13:40:31,759 LBFGS        INFO     Linesearch failed in both LBFGS and gradient directions
rank #0: 2018-06-24 13:40:31,760 LBFGS        PARAM    0017       -502.419752          2.635040          4.242321          4.735420         75.262986
rank #0: 2018-06-24 13:40:31,761 rsdfit.lbfgs_fitter WARNING  ...LBFGS optimization finished. Time elapsed: 0:00:35.49
rank #0: 2018-06-24 13:40:31,761 rsdfit.lbfgs_fitter ERROR    nonlinear fit with method L-BFGS-B failed: Linesearch failed in both LBFGS and gradient directions
rank #0: 2018-06-24 13:40:31,762 rsdfit.fitting_driver INFO     rank 7 on nid00565     ...fitting complete
rank #0: 2018-06-24 13:40:31,765 rsdfit.fitting_driver INFO     rank 7 on nid00565     Saving the results to `/global/cscratch1/sd/nhand/eBOSS/fits/results/mocks/ezmock/v1.8e-fph/0.005-0.3/basemodel-N-fnl/0.8-2.2/QSO-N-0195-P0+P2-mock-cov-f224d44da7/2018-06-24_nlopt_17i_chain0__1.npz`
rank #0: 2018-06-24 13:40:31,790 pyRSD.analysis.lbfgs_results INFO     
minimum chi2 = 75.26298571

Free parameters [ mean ]
_______________
N              : -502.419752001
b1             : 2.63504006479
f_nl           : 4.24232111924
sigma_fog      : 4.73542027031

Constrained parameters [ mean ]
_________________________
b1sigma8       : 0.954499805417
