rank #0: 2018-06-24 13:06:26,741 rsdfit.fitting_driver INFO     rank 2 on nid00545     Calling the 'nlopt' solve function
rank #0: 2018-06-24 13:06:26,742 rsdfit.lbfgs_fitter INFO     running LBFGS for 500 iterations and then stopping
rank #0: 2018-06-24 13:06:26,743 rsdfit.lbfgs_fitter INFO     running LBFGS minimizer with priors
rank #0: 2018-06-24 13:06:26,744 root         INFO     Iter           N          b1        f_nl   sigma_fog   F(X)     
rank #0: 2018-06-24 13:06:27,311 LBFGS        INFO     options = {'factr': 100000.0, 'gtol': 1e-05, 'max_iter': 500, 'test_convergence': False}
rank #0: 2018-06-24 13:06:27,313 LBFGS        PARAM    0000          0.000000          2.000000          0.000000          4.000000         85.034866
rank #0: 2018-06-24 13:06:27,982 LBFGS        PARAM    0001          0.781192          2.045767          0.792505          3.996630         81.884702
rank #0: 2018-06-24 13:06:28,584 LBFGS        PARAM    0002        -84.157217          2.162251          3.335553          4.043301         77.840493
rank #0: 2018-06-24 13:06:29,173 LBFGS        PARAM    0003       -172.202735          2.191607          4.127178          4.101430         76.683485
rank #0: 2018-06-24 13:06:29,772 LBFGS        PARAM    0004       -291.021471          2.209376          3.554965          4.174738         76.034984
rank #0: 2018-06-24 13:06:30,372 LBFGS        PARAM    0005       -291.277779          2.211104          3.161288          4.169670         76.030156
rank #0: 2018-06-24 13:06:30,975 LBFGS        PARAM    0006       -294.115199          2.214416          1.643692          4.153288         76.020376
rank #0: 2018-06-24 13:06:31,560 LBFGS        PARAM    0007       -300.361093          2.217709         -1.073823          4.127110         76.008080
rank #0: 2018-06-24 13:06:32,160 LBFGS        PARAM    0008       -309.841429          2.220224         -5.239577          4.095926         75.994090
rank #0: 2018-06-24 13:06:32,762 LBFGS        PARAM    0009       -312.365493          2.221224         -8.572741          4.102273         75.985796
rank #0: 2018-06-24 13:06:33,348 LBFGS        PARAM    0010       -311.668207          2.221365        -10.045746          4.117383         75.983776
rank #0: 2018-06-24 13:06:33,950 LBFGS        PARAM    0011       -310.494563          2.221444        -10.213442          4.124654         75.983486
rank #0: 2018-06-24 13:06:34,551 LBFGS        PARAM    0012       -308.954274          2.221929        -10.376382          4.132571         75.983263
rank #0: 2018-06-24 13:06:35,152 LBFGS        PARAM    0013       -308.751991          2.222049        -10.397252          4.133132         75.983254
rank #0: 2018-06-24 13:06:35,742 LBFGS        PARAM    0014       -308.774766          2.222071        -10.402159          4.132944         75.983254
rank #0: 2018-06-24 13:06:36,348 LBFGS        PARAM    0015       -308.786098          2.222073        -10.403774          4.132888         75.983254
rank #0: 2018-06-24 13:06:36,951 LBFGS        PARAM    0016       -308.787057          2.222073        -10.404049          4.132885         75.983254
rank #0: 2018-06-24 13:06:37,539 LBFGS        PARAM    0017       -308.787120          2.222073        -10.404086          4.132885         75.983254
rank #0: 2018-06-24 13:06:38,144 LBFGS        PARAM    0018       -308.787103          2.222073        -10.404086          4.132885         75.983254
rank #0: 2018-06-24 13:06:38,146 LBFGS        INFO     LBFGS iteration 18: the descent direction does not have a sufficient projection (cos(theta)=-6.53e-01, theta=130.7971) into the gradient; using steepest descent at this step!
rank #0: 2018-06-24 13:06:38,816 LBFGS        PARAM    0019       -308.787091          2.222073        -10.404086          4.132885         75.983254
rank #0: 2018-06-24 13:06:39,415 LBFGS        PARAM    0020       -308.787090          2.222073        -10.404086          4.132885         75.983254
rank #0: 2018-06-24 13:06:40,068 LBFGS        PARAM    0021       -308.787091          2.222073        -10.404086          4.132885         75.983254
rank #0: 2018-06-24 13:07:05,492 LBFGS        INFO     Linesearch failed in both LBFGS and gradient directions
rank #0: 2018-06-24 13:07:05,494 LBFGS        PARAM    0021       -308.787091          2.222073        -10.404086          4.132885         75.983254
rank #0: 2018-06-24 13:07:05,496 rsdfit.lbfgs_fitter WARNING  ...LBFGS optimization finished. Time elapsed: 0:00:38.18
rank #0: 2018-06-24 13:07:05,497 rsdfit.lbfgs_fitter ERROR    nonlinear fit with method L-BFGS-B failed: Linesearch failed in both LBFGS and gradient directions
rank #0: 2018-06-24 13:07:05,499 rsdfit.fitting_driver INFO     rank 2 on nid00545     ...fitting complete
rank #0: 2018-06-24 13:07:05,503 rsdfit.fitting_driver INFO     rank 2 on nid00545     Saving the results to `/global/cscratch1/sd/nhand/eBOSS/fits/results/mocks/ezmock/v1.8e-fph/0.005-0.3/basemodel-N-fnl/0.8-2.2/QSO-S-0971-P0+P2-mock-cov-8973e9cf3e/2018-06-24_nlopt_21i_chain0__1.npz`
rank #0: 2018-06-24 13:07:05,527 pyRSD.analysis.lbfgs_results INFO     
minimum chi2 = 75.983253641

Free parameters [ mean ]
_______________
N              : -308.787090738
b1             : 2.22207318274
f_nl           : -10.4040860375
sigma_fog      : 4.13288517138

Constrained parameters [ mean ]
_________________________
b1sigma8       : 0.885081103251
