rank #0: 2017-11-27 22:24:12,514 rsdfit.fitting_driver INFO     rank 71 on nid00494     Calling the 'nlopt' solve function
rank #0: 2017-11-27 22:24:12,515 rsdfit.lbfgs_fitter INFO     running LBFGS for 500 iterations and then stopping
rank #0: 2017-11-27 22:24:12,515 rsdfit.lbfgs_fitter INFO     running LBFGS minimizer with priors
rank #0: 2017-11-27 22:24:12,515 root         INFO     Iter           N          b1           f        f_nl    sigma8_z   sigma_fog   F(X)     
rank #0: 2017-11-27 22:24:13,255 LBFGS        INFO     options = {'factr': 100000.0, 'gtol': 1e-05, 'max_iter': 500, 'test_convergence': False}
rank #0: 2017-11-27 22:24:13,256 LBFGS        PARAM    0000          0.000000          2.000000          0.930924          0.000000          0.397985          4.000000         88.822129
rank #0: 2017-11-27 22:24:14,067 LBFGS        PARAM    0001         -0.085311          2.002246          0.931072          0.019955          0.399627          3.998821         87.619873
rank #0: 2017-11-27 22:24:14,818 LBFGS        PARAM    0002        -20.862291          2.048418          0.934962          0.604130          0.433132          3.965600         77.538301
rank #0: 2017-11-27 22:24:15,570 LBFGS        PARAM    0003        -29.711491          2.037172          0.934756          0.574179          0.426915          3.965967         76.871000
rank #0: 2017-11-27 22:24:16,321 LBFGS        PARAM    0004        -42.515658          2.035787          0.935345          0.669540          0.427469          3.959483         76.699174
rank #0: 2017-11-27 22:24:17,072 LBFGS        PARAM    0005       -540.227611          1.971873          0.958862          4.609796          0.444799          3.673539         73.360347
rank #0: 2017-11-27 22:24:17,820 LBFGS        PARAM    0006       -534.662478          1.957692          0.962224          6.519010          0.445558          3.488734         73.217047
rank #0: 2017-11-27 22:24:18,571 LBFGS        PARAM    0007       -533.143263          1.960852          0.960959          8.310549          0.444489          3.444674         73.197808
rank #0: 2017-11-27 22:24:19,321 LBFGS        PARAM    0008       -537.111710          1.977812          0.955254         14.783264          0.440526          3.332680         73.154459
rank #0: 2017-11-27 22:24:20,073 LBFGS        PARAM    0009       -550.285174          2.004678          0.946900         23.345887          0.435349          3.225182         73.111189
rank #0: 2017-11-27 22:24:20,821 LBFGS        PARAM    0010       -573.106502          2.042341          0.935854         34.633438          0.429007          3.130713         73.066448
rank #0: 2017-11-27 22:24:21,568 LBFGS        PARAM    0011       -578.958072          2.051891          0.934082         41.499180          0.427792          3.146787         73.038163
rank #0: 2017-11-27 22:24:22,317 LBFGS        PARAM    0012       -576.431291          2.047026          0.936873         45.415707          0.428991          3.215510         73.023270
rank #0: 2017-11-27 22:24:23,068 LBFGS        PARAM    0013       -573.286027          2.041343          0.939101         46.783399          0.429853          3.241214         73.018488
rank #0: 2017-11-27 22:24:23,821 LBFGS        PARAM    0014       -557.776743          2.022797          0.947586         55.365919          0.431991          3.291012         73.002614
rank #0: 2017-11-27 22:24:24,574 LBFGS        PARAM    0015       -549.735420          2.014856          0.951056         58.244061          0.432812          3.295812         72.999798
rank #0: 2017-11-27 22:24:25,327 LBFGS        PARAM    0016       -549.205821          2.015513          0.950937         58.767655          0.432610          3.287345         72.999604
rank #0: 2017-11-27 22:24:26,083 LBFGS        PARAM    0017       -549.276712          2.015732          0.950806         58.555784          0.432573          3.285291         72.999594
rank #0: 2017-11-27 22:24:26,836 LBFGS        PARAM    0018       -549.363468          2.015853          0.950760         58.548128          0.432555          3.285005         72.999594
rank #0: 2017-11-27 22:24:27,588 LBFGS        PARAM    0019       -549.362243          2.015846          0.950762         58.544947          0.432556          3.285035         72.999594
rank #0: 2017-11-27 22:24:28,340 LBFGS        PARAM    0020       -549.362158          2.015846          0.950762         58.544933          0.432556          3.285035         72.999594
rank #0: 2017-11-27 22:24:29,149 LBFGS        PARAM    0021       -549.362198          2.015846          0.950762         58.544898          0.432556          3.285035         72.999594
rank #0: 2017-11-27 22:24:30,016 LBFGS        PARAM    0022       -549.362100          2.015846          0.950763         58.544884          0.432556          3.285035         72.999594
rank #0: 2017-11-27 22:24:31,354 LBFGS        PARAM    0023       -549.362100          2.015846          0.950763         58.544884          0.432556          3.285035         72.999594
rank #0: 2017-11-27 22:24:44,730 LBFGS        PARAM    0024       -549.362101          2.015846          0.950763         58.544884          0.432556          3.285035         72.999594
rank #0: 2017-11-27 22:24:45,542 LBFGS        PARAM    0025       -549.362105          2.015846          0.950763         58.544884          0.432556          3.285035         72.999594
rank #0: 2017-11-27 22:24:46,413 LBFGS        PARAM    0026       -549.362106          2.015846          0.950763         58.544884          0.432556          3.285035         72.999594
rank #0: 2017-11-27 22:25:09,673 LBFGS        INFO     Linesearch failed in both LBFGS and gradient directions
rank #0: 2017-11-27 22:25:09,673 LBFGS        PARAM    0026       -549.362106          2.015846          0.950763         58.544884          0.432556          3.285035         72.999594
rank #0: 2017-11-27 22:25:09,674 rsdfit.lbfgs_fitter WARNING  ...LBFGS optimization finished. Time elapsed: 0:00:56.42
rank #0: 2017-11-27 22:25:09,674 rsdfit.lbfgs_fitter ERROR    nonlinear fit with method L-BFGS-B failed: Linesearch failed in both LBFGS and gradient directions
rank #0: 2017-11-27 22:25:09,675 rsdfit.fitting_driver INFO     rank 71 on nid00494     ...fitting complete
rank #0: 2017-11-27 22:25:09,677 rsdfit.fitting_driver INFO     rank 71 on nid00494     Saving the results to `/global/cscratch1/sd/nhand/eBOSS/fits/results/mocks/ezmock/v1.8e-fph/0.0001-0.3/basemodel-fs8-N-fnl/0.8-2.2/QSO-S-0633-P0+P2-mock-cov-0a197b956d/2017-11-27_nlopt_26i_chain0__1.npz`
rank #0: 2017-11-27 22:25:09,696 pyRSD.analysis.lbfgs_results INFO     
minimum chi2 = 72.999593949

Free parameters [ mean ]
_______________
N              : -549.36210572
b1             : 2.01584619274
f              : 0.95076251032
f_nl           : 58.5448839661
sigma8_z       : 0.432555978766
sigma_fog      : 3.28503539172

Constrained parameters [ mean ]
_________________________
b1sigma8       : 0.871966322944
fsigma8        : 0.411258008226
