rank #0: 2019-02-16 14:37:31,872 rsdfit.fitting_driver INFO     rank 9 on nid01132     Calling the 'nlopt' solve function
rank #0: 2019-02-16 14:37:31,889 rsdfit.lbfgs_fitter INFO     running LBFGS for 500 iterations and then stopping
rank #0: 2019-02-16 14:37:31,890 rsdfit.lbfgs_fitter INFO     running LBFGS minimizer with priors
rank #0: 2019-02-16 14:37:31,891 root         INFO     Iter           N          b1        f_nl   sigma_fog   F(X)     
rank #0: 2019-02-16 14:37:31,892 rsdfit.lbfgs_fitter INFO     computing gradient using numerical derivative of lnlike()
rank #0: 2019-02-16 14:37:32,997 LBFGS        INFO     options = {'factr': 100000.0, 'gtol': 1e-05, 'max_iter': 500, 'test_convergence': False}
rank #0: 2019-02-16 14:37:32,998 LBFGS        PARAM    0000          0.000000          2.000000          0.000000          4.000000        156.823232
rank #0: 2019-02-16 14:37:34,251 LBFGS        PARAM    0001         34.672551          2.149139          1.250241          3.984027        127.652365
rank #0: 2019-02-16 14:37:35,375 LBFGS        PARAM    0002       -100.851497          2.475323          7.145504          4.141702        101.999592
rank #0: 2019-02-16 14:37:36,498 LBFGS        PARAM    0003       -257.004169          2.494363          8.237181          4.288600         94.752225
rank #0: 2019-02-16 14:37:37,621 LBFGS        PARAM    0004       -553.101605          2.562409         11.525781          4.576080         89.864772
rank #0: 2019-02-16 14:37:38,744 LBFGS        PARAM    0005       -537.109389          2.549176         11.936132          4.571946         89.828257
rank #0: 2019-02-16 14:37:39,872 LBFGS        PARAM    0006       -535.376068          2.549966         12.416449          4.575791         89.821185
rank #0: 2019-02-16 14:37:41,001 LBFGS        PARAM    0007       -523.036322          2.551291         16.668864          4.613584         89.784328
rank #0: 2019-02-16 14:37:42,128 LBFGS        PARAM    0008       -510.128702          2.548803         21.801067          4.658046         89.755514
rank #0: 2019-02-16 14:37:43,255 LBFGS        PARAM    0009       -502.740852          2.541929         29.499596          4.671880         89.720470
rank #0: 2019-02-16 14:37:44,385 LBFGS        PARAM    0010       -505.149192          2.534896         36.001494          4.647909         89.701715
rank #0: 2019-02-16 14:37:45,518 LBFGS        PARAM    0011       -509.550700          2.533441         36.988558          4.626622         89.699084
rank #0: 2019-02-16 14:37:46,646 LBFGS        PARAM    0012       -512.374367          2.533513         37.018610          4.613188         89.698367
rank #0: 2019-02-16 14:37:47,773 LBFGS        PARAM    0013       -513.054349          2.533924         37.010728          4.608717         89.698208
rank #0: 2019-02-16 14:37:48,897 LBFGS        PARAM    0014       -513.029616          2.533970         37.001900          4.608745         89.698207
rank #0: 2019-02-16 14:37:50,024 LBFGS        PARAM    0015       -513.016456          2.533972         37.002201          4.608795         89.698207
rank #0: 2019-02-16 14:37:51,152 LBFGS        PARAM    0016       -513.014818          2.533971         37.002560          4.608801         89.698207
rank #0: 2019-02-16 14:37:52,282 LBFGS        PARAM    0017       -513.014720          2.533971         37.002605          4.608801         89.698207
rank #0: 2019-02-16 14:37:53,414 LBFGS        PARAM    0018       -513.014747          2.533971         37.002607          4.608801         89.698207
rank #0: 2019-02-16 14:37:53,416 LBFGS        INFO     LBFGS iteration 18: the descent direction does not have a sufficient projection (cos(theta)=-7.14e-01, theta=135.5506) into the gradient; using steepest descent at this step!
rank #0: 2019-02-16 14:38:17,065 LBFGS        INFO     Linesearch failed in both LBFGS and gradient directions
rank #0: 2019-02-16 14:38:17,066 LBFGS        PARAM    0018       -513.014747          2.533971         37.002607          4.608801         89.698207
rank #0: 2019-02-16 14:38:17,067 rsdfit.lbfgs_fitter WARNING  ...LBFGS optimization finished. Time elapsed: 0:00:44.07
rank #0: 2019-02-16 14:38:17,068 rsdfit.lbfgs_fitter ERROR    nonlinear fit with method L-BFGS-B failed: Linesearch failed in both LBFGS and gradient directions
rank #0: 2019-02-16 14:38:17,070 rsdfit.fitting_driver INFO     rank 9 on nid01132     ...fitting complete
rank #0: 2019-02-16 14:38:17,074 rsdfit.fitting_driver INFO     rank 9 on nid01132     Saving the results to `/global/cscratch1/sd/nhand/eBOSS/fits/results/mocks/ezmock/v1.8e-fph/0.005-0.3/basemodel-N-fnl/0.8-2.2/QSO-N-0720-P0+P2-mock-cov-3574198df7/2019-02-16_nlopt_18i_chain0__1.npz`
rank #0: 2019-02-16 14:38:17,081 pyRSD.analysis.lbfgs_results INFO     
minimum chi2 = 89.69820685421818

Free parameters [ mean ]
_______________
N              : -513.0147466195023
b1             : 2.5339713685332743
f_nl           : 37.00260683299875
sigma_fog      : 4.608801309865422

Constrained parameters [ mean ]
_________________________
b1sigma8       : 0.9178893370610117
