rank #0: 2017-11-27 21:40:08,885 rsdfit.fitting_driver INFO     rank 180 on nid00532     Calling the 'nlopt' solve function
rank #0: 2017-11-27 21:40:08,885 rsdfit.lbfgs_fitter INFO     running LBFGS for 500 iterations and then stopping
rank #0: 2017-11-27 21:40:08,885 rsdfit.lbfgs_fitter INFO     running LBFGS minimizer with priors
rank #0: 2017-11-27 21:40:08,886 root         INFO     Iter           N          b1           f    sigma8_z   sigma_fog   F(X)     
rank #0: 2017-11-27 21:40:09,492 LBFGS        INFO     options = {'factr': 100000.0, 'gtol': 1e-05, 'max_iter': 500, 'test_convergence': False}
rank #0: 2017-11-27 21:40:09,493 LBFGS        PARAM    0000          0.000000          2.000000          0.930924          0.397985          4.000000         79.024744
rank #0: 2017-11-27 21:40:10,172 LBFGS        PARAM    0001          0.195206          2.002587          0.931039          0.399748          3.999458         77.581499
rank #0: 2017-11-27 21:40:10,794 LBFGS        PARAM    0002        -11.264814          2.061588          0.933298          0.436426          3.997061         65.588376
rank #0: 2017-11-27 21:40:11,414 LBFGS        PARAM    0003        -17.937246          2.048558          0.932526          0.428154          4.005260         64.686852
rank #0: 2017-11-27 21:40:12,029 LBFGS        PARAM    0004        -25.572154          2.050934          0.932410          0.429168          4.010750         64.586208
rank #0: 2017-11-27 21:40:12,650 LBFGS        PARAM    0005        -70.826244          2.059211          0.931448          0.431590          4.044321         64.241824
rank #0: 2017-11-27 21:40:13,273 LBFGS        PARAM    0006       -154.610310          2.070024          0.929426          0.433239          4.106633         63.785571
rank #0: 2017-11-27 21:40:13,895 LBFGS        PARAM    0007       -279.450397          2.082360          0.925966          0.432806          4.194477         63.278909
rank #0: 2017-11-27 21:40:14,513 LBFGS        PARAM    0008       -332.859463          2.089241          0.922989          0.430079          4.200989         63.113640
rank #0: 2017-11-27 21:40:15,141 LBFGS        PARAM    0009       -338.555682          2.090835          0.922090          0.428956          4.190105         63.098037
rank #0: 2017-11-27 21:40:15,765 LBFGS        PARAM    0010       -338.791516          2.092036          0.921561          0.428438          4.179833         63.091786
rank #0: 2017-11-27 21:40:16,388 LBFGS        PARAM    0011       -341.833254          2.098191          0.919253          0.426703          4.137623         63.068969
rank #0: 2017-11-27 21:40:17,007 LBFGS        PARAM    0012       -352.658604          2.112140          0.914447          0.423773          4.056158         63.028111
rank #0: 2017-11-27 21:40:17,628 LBFGS        PARAM    0013       -379.511357          2.140858          0.904995          0.418925          3.907003         62.957352
rank #0: 2017-11-27 21:40:18,247 LBFGS        PARAM    0014       -415.096727          2.178119          0.892602          0.413985          3.753501         62.873128
rank #0: 2017-11-27 21:40:18,863 LBFGS        PARAM    0015       -444.385463          2.212358          0.881003          0.410518          3.654136         62.809867
rank #0: 2017-11-27 21:40:19,479 LBFGS        PARAM    0016       -453.832790          2.224858          0.876679          0.409619          3.637058         62.796726
rank #0: 2017-11-27 21:40:20,096 LBFGS        PARAM    0017       -456.088276          2.229801          0.874881          0.409172          3.635367         62.792206
rank #0: 2017-11-27 21:40:20,713 LBFGS        PARAM    0018       -458.054675          2.244176          0.869495          0.407533          3.633974         62.778790
rank #0: 2017-11-27 21:40:21,331 LBFGS        PARAM    0019       -454.040030          2.260295          0.863400          0.405196          3.633097         62.764537
rank #0: 2017-11-27 21:40:21,949 LBFGS        PARAM    0020       -445.817746          2.266791          0.860961          0.403825          3.635993         62.758604
rank #0: 2017-11-27 21:40:22,572 LBFGS        PARAM    0021       -442.000609          2.264289          0.861841          0.403992          3.642378         62.758080
rank #0: 2017-11-27 21:40:23,195 LBFGS        PARAM    0022       -441.211391          2.262736          0.862400          0.404167          3.645023         62.758041
rank #0: 2017-11-27 21:40:23,819 LBFGS        PARAM    0023       -441.257622          2.262597          0.862451          0.404186          3.645204         62.758041
rank #0: 2017-11-27 21:40:24,445 LBFGS        PARAM    0024       -441.268371          2.262592          0.862454          0.404187          3.645220         62.758041
rank #0: 2017-11-27 21:40:25,072 LBFGS        PARAM    0025       -441.267445          2.262592          0.862454          0.404187          3.645222         62.758041
rank #0: 2017-11-27 21:40:25,699 LBFGS        PARAM    0026       -441.267339          2.262592          0.862454          0.404187          3.645222         62.758041
rank #0: 2017-11-27 21:40:26,324 LBFGS        PARAM    0027       -441.266813          2.262591          0.862454          0.404187          3.645223         62.758041
rank #0: 2017-11-27 21:40:26,951 LBFGS        PARAM    0028       -441.266910          2.262592          0.862454          0.404187          3.645223         62.758041
rank #0: 2017-11-27 21:40:28,040 LBFGS        PARAM    0029       -441.266917          2.262592          0.862454          0.404187          3.645223         62.758041
rank #0: 2017-11-27 21:40:28,840 LBFGS        PARAM    0030       -441.266926          2.262592          0.862454          0.404187          3.645223         62.758041
rank #0: 2017-11-27 21:40:29,872 LBFGS        PARAM    0031       -441.266929          2.262592          0.862454          0.404187          3.645224         62.758041
rank #0: 2017-11-27 21:40:42,733 LBFGS        PARAM    0032       -441.266931          2.262592          0.862454          0.404187          3.645224         62.758041
rank #0: 2017-11-27 21:40:43,417 LBFGS        PARAM    0033       -441.266932          2.262592          0.862454          0.404187          3.645224         62.758041
rank #0: 2017-11-27 21:40:44,217 LBFGS        PARAM    0034       -441.266932          2.262592          0.862454          0.404187          3.645224         62.758041
rank #0: 2017-11-27 21:41:07,154 LBFGS        INFO     Linesearch failed in both LBFGS and gradient directions
rank #0: 2017-11-27 21:41:07,154 LBFGS        PARAM    0034       -441.266932          2.262592          0.862454          0.404187          3.645224         62.758041
rank #0: 2017-11-27 21:41:07,154 rsdfit.lbfgs_fitter WARNING  ...LBFGS optimization finished. Time elapsed: 0:00:57.66
rank #0: 2017-11-27 21:41:07,155 rsdfit.lbfgs_fitter ERROR    nonlinear fit with method L-BFGS-B failed: Linesearch failed in both LBFGS and gradient directions
rank #0: 2017-11-27 21:41:07,156 rsdfit.fitting_driver INFO     rank 180 on nid00532     ...fitting complete
rank #0: 2017-11-27 21:41:07,158 rsdfit.fitting_driver INFO     rank 180 on nid00532     Saving the results to `/global/cscratch1/sd/nhand/eBOSS/fits/results/mocks/ezmock/v1.8e-fph/0.0001-0.3/basemodel-fs8-N/0.8-2.2/QSO-S-0275-P0+P2-mock-cov-5d97c0eb2d/2017-11-27_nlopt_34i_chain0__1.npz`
rank #0: 2017-11-27 21:41:07,177 pyRSD.analysis.lbfgs_results INFO     
minimum chi2 = 62.7580406644

Free parameters [ mean ]
_______________
N              : -441.266932402
b1             : 2.26259211533
f              : 0.862454218644
sigma8_z       : 0.404187358117
sigma_fog      : 3.64522350126

Constrained parameters [ mean ]
_________________________
b1sigma8       : 0.914511129595
fsigma8        : 0.348593092131
