rank #0: 2018-10-04 21:10:13,748 rsdfit.fitting_driver INFO     rank 62 on nid01694     Calling the 'nlopt' solve function
rank #0: 2018-10-04 21:10:13,749 rsdfit.lbfgs_fitter INFO     running LBFGS for 500 iterations and then stopping
rank #0: 2018-10-04 21:10:13,749 rsdfit.lbfgs_fitter INFO     running LBFGS minimizer with priors
rank #0: 2018-10-04 21:10:13,750 root         INFO     Iter           N          b1        f_nl   sigma_fog   F(X)     
rank #0: 2018-10-04 21:10:13,750 rsdfit.lbfgs_fitter INFO     computing gradient using numerical derivative of lnlike()
rank #0: 2018-10-04 21:10:14,932 LBFGS        INFO     options = {'factr': 100000.0, 'gtol': 1e-05, 'max_iter': 500, 'test_convergence': False}
rank #0: 2018-10-04 21:10:14,933 LBFGS        PARAM    0000          0.000000          2.000000          0.000000          4.000000        109.852220
rank #0: 2018-10-04 21:10:16,267 LBFGS        PARAM    0001         44.428816          2.141683          2.916021          3.956125         85.921341
rank #0: 2018-10-04 21:10:17,563 LBFGS        PARAM    0002        -82.879594          2.496678         14.845097          3.960332         65.059707
rank #0: 2018-10-04 21:10:18,762 LBFGS        PARAM    0003       -191.917087          2.459447         14.819366          4.037173         60.419190
rank #0: 2018-10-04 21:10:19,960 LBFGS        PARAM    0004       -429.574720          2.494356         18.695646          4.158938         56.920004
rank #0: 2018-10-04 21:10:21,182 LBFGS        PARAM    0005       -533.357750          2.529057         20.961915          4.140166         56.403280
rank #0: 2018-10-04 21:10:22,383 LBFGS        PARAM    0006       -575.511230          2.535808         20.859903          4.022184         56.191322
rank #0: 2018-10-04 21:10:23,603 LBFGS        PARAM    0007       -656.772388          2.537215         18.721571          3.664112         55.915142
rank #0: 2018-10-04 21:10:24,802 LBFGS        PARAM    0008       -650.320145          2.535736         18.316515          3.656666         55.912876
rank #0: 2018-10-04 21:10:26,007 LBFGS        PARAM    0009       -650.255609          2.535453         18.305911          3.656817         55.912849
rank #0: 2018-10-04 21:10:27,222 LBFGS        PARAM    0010       -650.241800          2.535452         18.307308          3.656848         55.912849
rank #0: 2018-10-04 21:10:28,422 LBFGS        PARAM    0011       -650.203089          2.535439         18.316367          3.656880         55.912849
rank #0: 2018-10-04 21:10:29,647 LBFGS        PARAM    0012       -650.205062          2.535429         18.321726          3.656819         55.912849
rank #0: 2018-10-04 21:10:30,846 LBFGS        PARAM    0013       -650.210167          2.535428         18.322162          3.656798         55.912849
rank #0: 2018-10-04 21:10:32,066 LBFGS        PARAM    0014       -650.210646          2.535428         18.322132          3.656797         55.912849
rank #0: 2018-10-04 21:11:26,166 LBFGS        INFO     Linesearch failed in both LBFGS and gradient directions
rank #0: 2018-10-04 21:11:26,167 LBFGS        PARAM    0014       -650.210646          2.535428         18.322132          3.656797         55.912849
rank #0: 2018-10-04 21:11:26,167 rsdfit.lbfgs_fitter WARNING  ...LBFGS optimization finished. Time elapsed: 0:01:11.24
rank #0: 2018-10-04 21:11:26,168 rsdfit.lbfgs_fitter ERROR    nonlinear fit with method L-BFGS-B failed: Linesearch failed in both LBFGS and gradient directions
rank #0: 2018-10-04 21:11:26,169 rsdfit.fitting_driver INFO     rank 62 on nid01694     ...fitting complete
rank #0: 2018-10-04 21:11:26,174 rsdfit.fitting_driver INFO     rank 62 on nid01694     Saving the results to `/global/cscratch1/sd/nhand/eBOSS/fits/results/mocks/ezmock/v1.8e-fph/0.0001-0.3/basemodel-N-fnl/0.8-2.2/QSO-S-0269-P0+P2-mock-cov-96ccb1008d/2018-10-04_nlopt_14i_chain0__1.npz`
rank #0: 2018-10-04 21:11:26,271 pyRSD.analysis.lbfgs_results INFO     
minimum chi2 = 55.9128486666

Free parameters [ mean ]
_______________
N              : -650.210646193
b1             : 2.53542752089
f_nl           : 18.3221324532
sigma_fog      : 3.65679652875

Constrained parameters [ mean ]
_________________________
b1sigma8       : 0.950494528324
