rank #0: 2018-10-08 09:50:01,844 rsdfit.fitting_driver INFO     rank 9 on nid02164     Calling the 'nlopt' solve function
rank #0: 2018-10-08 09:50:01,846 rsdfit.lbfgs_fitter INFO     running LBFGS for 500 iterations and then stopping
rank #0: 2018-10-08 09:50:01,847 rsdfit.lbfgs_fitter INFO     running LBFGS minimizer with priors
rank #0: 2018-10-08 09:50:01,848 root         INFO     Iter           N          b1        f_nl   sigma_fog   F(X)     
rank #0: 2018-10-08 09:50:01,848 rsdfit.lbfgs_fitter INFO     computing gradient using numerical derivative of lnlike()
rank #0: 2018-10-08 09:50:03,028 LBFGS        INFO     options = {'factr': 100000.0, 'gtol': 1e-05, 'max_iter': 500, 'test_convergence': False}
rank #0: 2018-10-08 09:50:03,030 LBFGS        PARAM    0000          0.000000          2.000000          0.000000          4.000000         94.225373
rank #0: 2018-10-08 09:50:04,420 LBFGS        PARAM    0001         19.568177          2.089579          2.037252          3.980245         85.257365
rank #0: 2018-10-08 09:50:05,654 LBFGS        PARAM    0002        -78.373074          2.321625         10.624572          4.022551         75.307343
rank #0: 2018-10-08 09:50:06,882 LBFGS        PARAM    0003       -195.171120          2.342697         13.321872          4.088990         73.006871
rank #0: 2018-10-08 09:50:08,133 LBFGS        PARAM    0004       -410.056624          2.379369         20.910033          4.173888         71.315682
rank #0: 2018-10-08 09:50:09,360 LBFGS        PARAM    0005       -415.848026          2.374941         23.461360          4.138098         71.231092
rank #0: 2018-10-08 09:50:10,599 LBFGS        PARAM    0006       -453.658150          2.346205         49.927097          3.795595         71.123634
rank #0: 2018-10-08 09:50:11,835 LBFGS        PARAM    0007       -423.815170          2.353944         35.366393          3.926599         70.971035
rank #0: 2018-10-08 09:50:13,064 LBFGS        PARAM    0008       -428.804303          2.353717         38.352798          3.911169         70.954133
rank #0: 2018-10-08 09:50:14,314 LBFGS        PARAM    0009       -427.786144          2.352392         39.528509          3.909223         70.952748
rank #0: 2018-10-08 09:50:15,545 LBFGS        PARAM    0010       -425.829532          2.352376         39.578460          3.918703         70.952413
rank #0: 2018-10-08 09:50:16,777 LBFGS        PARAM    0011       -424.163259          2.352148         39.602774          3.924033         70.952350
rank #0: 2018-10-08 09:50:18,020 LBFGS        PARAM    0012       -424.175976          2.352185         39.601967          3.924038         70.952350
rank #0: 2018-10-08 09:50:19,245 LBFGS        PARAM    0013       -424.175038          2.352179         39.602031          3.924019         70.952350
rank #0: 2018-10-08 09:50:20,489 LBFGS        PARAM    0014       -424.174887          2.352179         39.602031          3.924019         70.952350
rank #0: 2018-10-08 09:50:21,715 LBFGS        PARAM    0015       -424.174859          2.352179         39.602030          3.924019         70.952350
rank #0: 2018-10-08 09:50:23,082 LBFGS        PARAM    0016       -424.174859          2.352179         39.602030          3.924019         70.952350
rank #0: 2018-10-08 09:51:15,233 LBFGS        INFO     Linesearch failed in both LBFGS and gradient directions
rank #0: 2018-10-08 09:51:15,235 LBFGS        PARAM    0016       -424.174859          2.352179         39.602030          3.924019         70.952350
rank #0: 2018-10-08 09:51:15,236 rsdfit.lbfgs_fitter WARNING  ...LBFGS optimization finished. Time elapsed: 0:01:12.21
rank #0: 2018-10-08 09:51:15,237 rsdfit.lbfgs_fitter ERROR    nonlinear fit with method L-BFGS-B failed: Linesearch failed in both LBFGS and gradient directions
rank #0: 2018-10-08 09:51:15,239 rsdfit.fitting_driver INFO     rank 9 on nid02164     ...fitting complete
rank #0: 2018-10-08 09:51:15,243 rsdfit.fitting_driver INFO     rank 9 on nid02164     Saving the results to `/global/cscratch1/sd/nhand/eBOSS/fits/results/mocks/ezmock/v1.8e-fph/0.0001-0.3/basemodel-N-fnl/0.8-2.2/QSO-S-0984-P0+P2-mock-cov-96ccb1008d/2018-10-08_nlopt_16i_chain0__1.npz`
rank #0: 2018-10-08 09:51:15,305 pyRSD.analysis.lbfgs_results INFO     
minimum chi2 = 70.9523499546

Free parameters [ mean ]
_______________
N              : -424.174859297
b1             : 2.35217872584
f_nl           : 39.6020300948
sigma_fog      : 3.92401891695

Constrained parameters [ mean ]
_________________________
b1sigma8       : 0.881797247261
