rank #0: 2018-07-15 19:27:48,377 rsdfit.fitting_driver INFO     rank 36 on nid00568     Calling the 'nlopt' solve function
rank #0: 2018-07-15 19:27:48,378 rsdfit.lbfgs_fitter INFO     running LBFGS for 500 iterations and then stopping
rank #0: 2018-07-15 19:27:48,379 rsdfit.lbfgs_fitter INFO     running LBFGS minimizer with priors
rank #0: 2018-07-15 19:27:48,379 root         INFO     Iter           N          b1        f_nl   sigma_fog   F(X)     
rank #0: 2018-07-15 19:27:48,968 LBFGS        INFO     options = {'factr': 100000.0, 'gtol': 1e-05, 'max_iter': 500, 'test_convergence': False}
rank #0: 2018-07-15 19:27:48,970 LBFGS        PARAM    0000          0.000000          2.000000          0.000000          4.000000         85.700135
rank #0: 2018-07-15 19:27:49,626 LBFGS        PARAM    0001          5.427753          2.049898          1.243148          3.993466         77.800616
rank #0: 2018-07-15 19:27:50,219 LBFGS        PARAM    0002        -69.299835          2.180378          6.387999          4.027455         68.229880
rank #0: 2018-07-15 19:27:50,815 LBFGS        PARAM    0003       -143.014540          2.198728          8.745723          4.070650         66.156428
rank #0: 2018-07-15 19:27:51,413 LBFGS        PARAM    0004       -286.636646          2.216990         17.142611          4.124647         64.206843
rank #0: 2018-07-15 19:27:51,995 LBFGS        PARAM    0005       -299.502329          2.216363         20.937695          4.106580         63.990173
rank #0: 2018-07-15 19:27:52,595 LBFGS        PARAM    0006       -394.072693          2.188487         75.038792          3.796702         63.737592
rank #0: 2018-07-15 19:27:53,196 LBFGS        PARAM    0007       -317.260756          2.192568         44.905006          3.904487         62.733250
rank #0: 2018-07-15 19:27:53,792 LBFGS        PARAM    0008       -312.756768          2.186616         52.948734          3.859976         62.518489
rank #0: 2018-07-15 19:27:54,381 LBFGS        PARAM    0009       -298.782306          2.179038         59.583933          3.833269         62.459072
rank #0: 2018-07-15 19:27:54,981 LBFGS        PARAM    0010       -293.664089          2.179099         58.599635          3.846394         62.453576
rank #0: 2018-07-15 19:27:55,578 LBFGS        PARAM    0011       -288.816557          2.178546         58.451407          3.859824         62.451970
rank #0: 2018-07-15 19:27:56,159 LBFGS        PARAM    0012       -287.434189          2.178474         58.534012          3.866961         62.451675
rank #0: 2018-07-15 19:27:56,757 LBFGS        PARAM    0013       -287.408364          2.178500         58.617252          3.869547         62.451627
rank #0: 2018-07-15 19:27:57,355 LBFGS        PARAM    0014       -287.416572          2.178509         58.616703          3.869559         62.451627
rank #0: 2018-07-15 19:27:57,953 LBFGS        PARAM    0015       -287.417914          2.178508         58.616708          3.869555         62.451627
rank #0: 2018-07-15 19:27:58,535 LBFGS        PARAM    0016       -287.418195          2.178508         58.616708          3.869554         62.451627
rank #0: 2018-07-15 19:27:59,133 LBFGS        PARAM    0017       -287.418247          2.178508         58.616709          3.869554         62.451627
rank #0: 2018-07-15 19:27:59,799 LBFGS        PARAM    0018       -287.418245          2.178508         58.616709          3.869554         62.451627
rank #0: 2018-07-15 19:28:00,383 LBFGS        PARAM    0019       -287.418241          2.178508         58.616710          3.869554         62.451627
rank #0: 2018-07-15 19:28:00,983 LBFGS        PARAM    0020       -287.418223          2.178508         58.616711          3.869554         62.451627
rank #0: 2018-07-15 19:28:01,587 LBFGS        PARAM    0021       -287.418231          2.178508         58.616710          3.869554         62.451627
rank #0: 2018-07-15 19:28:27,499 LBFGS        INFO     Linesearch failed in both LBFGS and gradient directions
rank #0: 2018-07-15 19:28:27,500 LBFGS        PARAM    0021       -287.418231          2.178508         58.616710          3.869554         62.451627
rank #0: 2018-07-15 19:28:27,501 rsdfit.lbfgs_fitter WARNING  ...LBFGS optimization finished. Time elapsed: 0:00:38.53
rank #0: 2018-07-15 19:28:27,502 rsdfit.lbfgs_fitter ERROR    nonlinear fit with method L-BFGS-B failed: Linesearch failed in both LBFGS and gradient directions
rank #0: 2018-07-15 19:28:27,503 rsdfit.fitting_driver INFO     rank 36 on nid00568     ...fitting complete
rank #0: 2018-07-15 19:28:27,506 rsdfit.fitting_driver INFO     rank 36 on nid00568     Saving the results to `/global/cscratch1/sd/nhand/eBOSS/fits/results/mocks/ezmock/v1.8e-fph/0.0001-0.3/basemodel-N-fnl/0.8-2.2/QSO-N-0805-P0+P2-mock-cov-8973e9cf3e/2018-07-15_nlopt_21i_chain0__1.npz`
rank #0: 2018-07-15 19:28:27,536 pyRSD.analysis.lbfgs_results INFO     
minimum chi2 = 62.4516266153

Free parameters [ mean ]
_______________
N              : -287.418231108
b1             : 2.17850817428
f_nl           : 58.6167101168
sigma_fog      : 3.86955427991

Constrained parameters [ mean ]
_________________________
b1sigma8       : 0.867728584865
