rank #0: 2018-12-30 19:40:00,417 rsdfit.fitting_driver INFO     rank 54 on nid00631     Calling the 'nlopt' solve function
rank #0: 2018-12-30 19:40:00,418 rsdfit.lbfgs_fitter INFO     running LBFGS for 500 iterations and then stopping
rank #0: 2018-12-30 19:40:00,418 rsdfit.lbfgs_fitter INFO     running LBFGS minimizer with priors
rank #0: 2018-12-30 19:40:00,418 root         INFO     Iter           N          b1        f_nl   sigma_fog   F(X)     
rank #0: 2018-12-30 19:40:00,419 rsdfit.lbfgs_fitter INFO     computing gradient using numerical derivative of lnlike()
rank #0: 2018-12-30 19:40:01,609 LBFGS        INFO     options = {'factr': 100000.0, 'gtol': 1e-05, 'max_iter': 500, 'test_convergence': False}
rank #0: 2018-12-30 19:40:01,610 LBFGS        PARAM    0000          0.000000          2.000000          0.000000          4.000000        156.881021
rank #0: 2018-12-30 19:40:02,973 LBFGS        PARAM    0001         35.378265          2.158472          1.472150          3.987030        125.705086
rank #0: 2018-12-30 19:40:04,196 LBFGS        PARAM    0002       -113.850642          2.508599          9.161209          4.176637         97.664722
rank #0: 2018-12-30 19:40:05,443 LBFGS        PARAM    0003       -283.637960          2.529065         11.374441          4.344095         89.239176
rank #0: 2018-12-30 19:40:06,667 LBFGS        PARAM    0004       -587.000802          2.597789         18.205916          4.665031         83.829293
rank #0: 2018-12-30 19:40:07,913 LBFGS        PARAM    0005       -566.926147          2.581353         20.938121          4.674316         83.650485
rank #0: 2018-12-30 19:40:09,135 LBFGS        PARAM    0006       -532.337833          2.562621         29.800714          4.722160         83.328618
rank #0: 2018-12-30 19:40:10,370 LBFGS        PARAM    0007       -464.302612          2.534353         56.535191          4.875750         82.803407
rank #0: 2018-12-30 19:40:11,616 LBFGS        PARAM    0008       -482.606363          2.546398         61.606044          4.850101         82.645316
rank #0: 2018-12-30 19:40:12,836 LBFGS        PARAM    0009       -500.625917          2.555519         59.671165          4.814413         82.628616
rank #0: 2018-12-30 19:40:14,085 LBFGS        PARAM    0010       -498.730590          2.554122         60.672698          4.818072         82.627486
rank #0: 2018-12-30 19:40:15,315 LBFGS        PARAM    0011       -499.676376          2.553604         60.765871          4.810647         82.626814
rank #0: 2018-12-30 19:40:16,550 LBFGS        PARAM    0012       -502.305772          2.553080         60.908875          4.794979         82.626306
rank #0: 2018-12-30 19:40:17,778 LBFGS        PARAM    0013       -502.321665          2.553092         60.894524          4.794956         82.626306
rank #0: 2018-12-30 19:40:18,998 LBFGS        PARAM    0014       -502.323169          2.553093         60.894836          4.794953         82.626306
rank #0: 2018-12-30 19:40:20,238 LBFGS        PARAM    0015       -502.323017          2.553093         60.894837          4.794954         82.626306
rank #0: 2018-12-30 19:40:21,458 LBFGS        PARAM    0016       -502.323022          2.553093         60.894837          4.794954         82.626306
rank #0: 2018-12-30 19:40:21,459 LBFGS        INFO     LBFGS iteration 16: the descent direction does not have a sufficient projection (cos(theta)=-6.67e-01, theta=131.8087) into the gradient; using steepest descent at this step!
rank #0: 2018-12-30 19:40:22,699 LBFGS        PARAM    0017       -502.323030          2.553093         60.894836          4.794954         82.626306
rank #0: 2018-12-30 19:40:24,059 LBFGS        PARAM    0018       -502.323030          2.553093         60.894836          4.794954         82.626306
rank #0: 2018-12-30 19:40:52,269 LBFGS        PARAM    0019       -502.323030          2.553093         60.894836          4.794954         82.626306
rank #0: 2018-12-30 19:40:52,270 LBFGS        INFO     LBFGS iteration 19: the descent direction does not have a sufficient projection (cos(theta)=-8.65e-01, theta=149.9300) into the gradient; using steepest descent at this step!
rank #0: 2018-12-30 19:41:17,771 LBFGS        INFO     Linesearch failed in both LBFGS and gradient directions
rank #0: 2018-12-30 19:41:17,772 LBFGS        PARAM    0019       -502.323030          2.553093         60.894836          4.794954         82.626306
rank #0: 2018-12-30 19:41:17,773 rsdfit.lbfgs_fitter WARNING  ...LBFGS optimization finished. Time elapsed: 0:01:16.16
rank #0: 2018-12-30 19:41:17,773 rsdfit.lbfgs_fitter ERROR    nonlinear fit with method L-BFGS-B failed: Linesearch failed in both LBFGS and gradient directions
rank #0: 2018-12-30 19:41:17,774 rsdfit.fitting_driver INFO     rank 54 on nid00631     ...fitting complete
rank #0: 2018-12-30 19:41:17,777 rsdfit.fitting_driver INFO     rank 54 on nid00631     Saving the results to `/global/cscratch1/sd/nhand/eBOSS/fits/results/mocks/ezmock/v1.8e-fph/0.0001-0.3/basemodel-N-fnl/0.8-2.2/QSO-N-0296-P0+P2-mock-cov-368a762326/2018-12-30_nlopt_19i_chain0__1.npz`
rank #0: 2018-12-30 19:41:17,840 pyRSD.analysis.lbfgs_results INFO     
minimum chi2 = 82.6263055411

Free parameters [ mean ]
_______________
N              : -502.323030182
b1             : 2.55309273278
f_nl           : 60.8948364857
sigma_fog      : 4.79495361352

Constrained parameters [ mean ]
_________________________
b1sigma8       : 0.924815735902
