rank #0: 2018-06-24 14:10:00,886 rsdfit.fitting_driver INFO     rank 43 on nid00537     Calling the 'nlopt' solve function
rank #0: 2018-06-24 14:10:00,887 rsdfit.lbfgs_fitter INFO     running LBFGS for 500 iterations and then stopping
rank #0: 2018-06-24 14:10:00,887 rsdfit.lbfgs_fitter INFO     running LBFGS minimizer with priors
rank #0: 2018-06-24 14:10:00,887 root         INFO     Iter           N          b1        f_nl   sigma_fog   F(X)     
rank #0: 2018-06-24 14:10:01,463 LBFGS        INFO     options = {'factr': 100000.0, 'gtol': 1e-05, 'max_iter': 500, 'test_convergence': False}
rank #0: 2018-06-24 14:10:01,463 LBFGS        PARAM    0000          0.000000          2.000000          0.000000          4.000000        118.067077
rank #0: 2018-06-24 14:10:02,126 LBFGS        PARAM    0001         18.782181          2.097718          2.081868          4.004416         99.912773
rank #0: 2018-06-24 14:10:02,711 LBFGS        PARAM    0002        -79.176182          2.329131          9.713498          4.173149         80.630984
rank #0: 2018-06-24 14:10:03,312 LBFGS        PARAM    0003       -208.528434          2.363896         12.000453          4.317313         75.321530
rank #0: 2018-06-24 14:10:03,912 LBFGS        PARAM    0004       -399.012342          2.396004         15.427758          4.605373         71.834595
rank #0: 2018-06-24 14:10:04,498 LBFGS        PARAM    0005       -391.652831          2.397773         15.873074          4.637779         71.771204
rank #0: 2018-06-24 14:10:05,096 LBFGS        PARAM    0006       -324.141296          2.396584         19.213690          4.918731         71.472366
rank #0: 2018-06-24 14:10:05,691 LBFGS        PARAM    0007       -309.634172          2.392008         20.049405          4.995813         71.443584
rank #0: 2018-06-24 14:10:06,290 LBFGS        PARAM    0008       -309.094816          2.390977         20.189588          5.004424         71.442549
rank #0: 2018-06-24 14:10:06,872 LBFGS        PARAM    0009       -309.174160          2.390847         20.214934          5.004044         71.442516
rank #0: 2018-06-24 14:10:07,471 LBFGS        PARAM    0010       -309.354878          2.390540         20.331244          5.002796         71.442426
rank #0: 2018-06-24 14:10:08,067 LBFGS        PARAM    0011       -309.486770          2.390128         20.584606          5.001003         71.442281
rank #0: 2018-06-24 14:10:08,647 LBFGS        PARAM    0012       -309.435182          2.389684         21.019578          4.998961         71.442091
rank #0: 2018-06-24 14:10:09,243 LBFGS        PARAM    0013       -309.084605          2.389728         21.287195          4.999143         71.441997
rank #0: 2018-06-24 14:10:09,838 LBFGS        PARAM    0014       -309.056058          2.389730         21.283873          4.998880         71.441997
rank #0: 2018-06-24 14:10:10,433 LBFGS        PARAM    0015       -309.061605          2.389734         21.281987          4.998870         71.441997
rank #0: 2018-06-24 14:10:11,014 LBFGS        PARAM    0016       -309.061604          2.389734         21.281742          4.998872         71.441997
rank #0: 2018-06-24 14:10:11,612 LBFGS        PARAM    0017       -309.061566          2.389734         21.281735          4.998872         71.441997
rank #0: 2018-06-24 14:10:12,210 LBFGS        PARAM    0018       -309.061566          2.389734         21.281732          4.998872         71.441997
rank #0: 2018-06-24 14:10:12,799 LBFGS        PARAM    0019       -309.061569          2.389734         21.281733          4.998872         71.441997
rank #0: 2018-06-24 14:10:38,571 LBFGS        INFO     Linesearch failed in both LBFGS and gradient directions
rank #0: 2018-06-24 14:10:38,571 LBFGS        PARAM    0019       -309.061569          2.389734         21.281733          4.998872         71.441997
rank #0: 2018-06-24 14:10:38,571 rsdfit.lbfgs_fitter WARNING  ...LBFGS optimization finished. Time elapsed: 0:00:37.11
rank #0: 2018-06-24 14:10:38,572 rsdfit.lbfgs_fitter ERROR    nonlinear fit with method L-BFGS-B failed: Linesearch failed in both LBFGS and gradient directions
rank #0: 2018-06-24 14:10:38,572 rsdfit.fitting_driver INFO     rank 43 on nid00537     ...fitting complete
rank #0: 2018-06-24 14:10:38,576 rsdfit.fitting_driver INFO     rank 43 on nid00537     Saving the results to `/global/cscratch1/sd/nhand/eBOSS/fits/results/mocks/ezmock/v1.8e-fph/0.005-0.3/basemodel-N-fnl/0.8-2.2/QSO-N-0075-P0+P2-mock-cov-1ab4f6001f/2018-06-24_nlopt_19i_chain0__1.npz`
rank #0: 2018-06-24 14:10:38,619 pyRSD.analysis.lbfgs_results INFO     
minimum chi2 = 71.4419966022

Free parameters [ mean ]
_______________
N              : -309.061568503
b1             : 2.38973400123
f_nl           : 21.2817329893
sigma_fog      : 4.9988720538

Constrained parameters [ mean ]
_________________________
b1sigma8       : 0.895876168259
