rank #0: 2018-06-03 08:59:01,440 rsdfit.fitting_driver INFO     rank 58 on nid00616     Calling the 'nlopt' solve function
rank #0: 2018-06-03 08:59:01,441 rsdfit.lbfgs_fitter INFO     running LBFGS for 500 iterations and then stopping
rank #0: 2018-06-03 08:59:01,441 rsdfit.lbfgs_fitter INFO     running LBFGS minimizer with priors
rank #0: 2018-06-03 08:59:01,442 root         INFO     Iter           N          b1        f_nl   sigma_fog   F(X)     
rank #0: 2018-06-03 08:59:01,987 LBFGS        INFO     options = {'factr': 100000.0, 'gtol': 1e-05, 'max_iter': 500, 'test_convergence': False}
rank #0: 2018-06-03 08:59:01,988 LBFGS        PARAM    0000          0.000000          2.000000          0.000000          4.000000        120.964252
rank #0: 2018-06-03 08:59:02,605 LBFGS        PARAM    0001         20.432263          2.099858          1.922182          3.995106        101.636259
rank #0: 2018-06-03 08:59:03,160 LBFGS        PARAM    0002        -80.574113          2.338896          8.765182          4.120972         81.600237
rank #0: 2018-06-03 08:59:03,717 LBFGS        PARAM    0003       -207.782326          2.367707         10.280157          4.235254         76.440644
rank #0: 2018-06-03 08:59:04,274 LBFGS        PARAM    0004       -420.753947          2.407026         12.180247          4.444290         72.984598
rank #0: 2018-06-03 08:59:04,830 LBFGS        PARAM    0005       -416.714578          2.407348         11.873261          4.449081         72.979308
rank #0: 2018-06-03 08:59:05,388 LBFGS        PARAM    0006       -406.829549          2.408246         10.604913          4.475022         72.966947
rank #0: 2018-06-03 08:59:05,945 LBFGS        PARAM    0007       -400.192118          2.409866          8.950919          4.512818         72.956431
rank #0: 2018-06-03 08:59:06,503 LBFGS        PARAM    0008       -402.133304          2.412138          6.498061          4.537323         72.948909
rank #0: 2018-06-03 08:59:07,060 LBFGS        PARAM    0009       -404.037894          2.413342          5.820825          4.541523         72.948369
rank #0: 2018-06-03 08:59:07,617 LBFGS        PARAM    0010       -404.602312          2.413574          5.540112          4.540045         72.948221
rank #0: 2018-06-03 08:59:08,174 LBFGS        PARAM    0011       -405.278238          2.413947          5.189041          4.536009         72.948096
rank #0: 2018-06-03 08:59:08,730 LBFGS        PARAM    0012       -405.239215          2.413925          5.188162          4.535563         72.948095
rank #0: 2018-06-03 08:59:09,288 LBFGS        PARAM    0013       -405.228843          2.413922          5.192792          4.535535         72.948095
rank #0: 2018-06-03 08:59:09,844 LBFGS        PARAM    0014       -405.227082          2.413921          5.193569          4.535537         72.948095
rank #0: 2018-06-03 08:59:10,399 LBFGS        PARAM    0015       -405.227057          2.413921          5.193593          4.535537         72.948095
rank #0: 2018-06-03 08:59:34,538 LBFGS        INFO     Linesearch failed in both LBFGS and gradient directions
rank #0: 2018-06-03 08:59:34,540 LBFGS        PARAM    0015       -405.227057          2.413921          5.193593          4.535537         72.948095
rank #0: 2018-06-03 08:59:34,541 rsdfit.lbfgs_fitter WARNING  ...LBFGS optimization finished. Time elapsed: 0:00:32.55
rank #0: 2018-06-03 08:59:34,541 rsdfit.lbfgs_fitter ERROR    nonlinear fit with method L-BFGS-B failed: Linesearch failed in both LBFGS and gradient directions
rank #0: 2018-06-03 08:59:34,543 rsdfit.fitting_driver INFO     rank 58 on nid00616     ...fitting complete
rank #0: 2018-06-03 08:59:34,564 rsdfit.fitting_driver INFO     rank 58 on nid00616     Saving the results to `/global/cscratch1/sd/nhand/eBOSS/fits/results/mocks/ezmock/v1.8e-fph/0.0001-0.3/basemodel-N-fnl/0.8-2.2/QSO-N-0865-P0+P2-mock-cov-1ab4f6001f/2018-06-03_nlopt_15i_chain0__1.npz`
rank #0: 2018-06-03 08:59:34,590 pyRSD.analysis.lbfgs_results INFO     
minimum chi2 = 72.9480945855

Free parameters [ mean ]
_______________
N              : -405.227056654
b1             : 2.41392112047
f_nl           : 5.19359269823
sigma_fog      : 4.53553713086

Constrained parameters [ mean ]
_________________________
b1sigma8       : 0.904943563918
