rank #0: 2019-02-16 14:29:10,529 rsdfit.fitting_driver INFO     rank 50 on nid01133     Calling the 'nlopt' solve function
rank #0: 2019-02-16 14:29:10,530 rsdfit.lbfgs_fitter INFO     running LBFGS for 500 iterations and then stopping
rank #0: 2019-02-16 14:29:10,530 rsdfit.lbfgs_fitter INFO     running LBFGS minimizer with priors
rank #0: 2019-02-16 14:29:10,531 root         INFO     Iter           N          b1        f_nl   sigma_fog   F(X)     
rank #0: 2019-02-16 14:29:10,531 rsdfit.lbfgs_fitter INFO     computing gradient using numerical derivative of lnlike()
rank #0: 2019-02-16 14:29:11,635 LBFGS        INFO     options = {'factr': 100000.0, 'gtol': 1e-05, 'max_iter': 500, 'test_convergence': False}
rank #0: 2019-02-16 14:29:11,636 LBFGS        PARAM    0000          0.000000          2.000000          0.000000          4.000000        132.872166
rank #0: 2019-02-16 14:29:12,887 LBFGS        PARAM    0001         26.934550          2.128332          0.977480          4.002836        112.089467
rank #0: 2019-02-16 14:29:14,012 LBFGS        PARAM    0002        -87.606537          2.401455          4.949434          4.211218         92.743096
rank #0: 2019-02-16 14:29:15,136 LBFGS        PARAM    0003       -242.715076          2.446049          5.800237          4.398599         86.826848
rank #0: 2019-02-16 14:29:16,268 LBFGS        PARAM    0004       -460.727776          2.487665          5.746148          4.771848         83.021935
rank #0: 2019-02-16 14:29:17,413 LBFGS        PARAM    0005       -452.027507          2.491533          5.356888          4.819290         82.925887
rank #0: 2019-02-16 14:29:18,552 LBFGS        PARAM    0006       -366.782482          2.499237          1.212931          5.207497         82.492751
rank #0: 2019-02-16 14:29:19,688 LBFGS        PARAM    0007       -350.505615          2.496703         -2.097503          5.296108         82.448093
rank #0: 2019-02-16 14:29:20,817 LBFGS        PARAM    0008       -346.745428          2.496249         -4.533171          5.328586         82.436475
rank #0: 2019-02-16 14:29:21,946 LBFGS        PARAM    0009       -345.305099          2.497014         -7.946607          5.350105         82.423859
rank #0: 2019-02-16 14:29:23,074 LBFGS        PARAM    0010       -346.546161          2.501086        -16.396340          5.373688         82.396360
rank #0: 2019-02-16 14:29:24,196 LBFGS        PARAM    0011       -353.430223          2.509005        -27.558710          5.371661         82.364652
rank #0: 2019-02-16 14:29:25,320 LBFGS        PARAM    0012       -363.356030          2.517052        -34.318641          5.335202         82.346393
rank #0: 2019-02-16 14:29:26,447 LBFGS        PARAM    0013       -365.791150          2.517772        -34.501859          5.321074         82.345703
rank #0: 2019-02-16 14:29:27,574 LBFGS        PARAM    0014       -365.956038          2.517629        -34.221503          5.319242         82.345685
rank #0: 2019-02-16 14:29:28,699 LBFGS        PARAM    0015       -365.933593          2.517582        -34.143999          5.319136         82.345685
rank #0: 2019-02-16 14:29:29,820 LBFGS        PARAM    0016       -365.928239          2.517581        -34.141418          5.319161         82.345685
rank #0: 2019-02-16 14:29:30,944 LBFGS        PARAM    0017       -365.928248          2.517581        -34.141377          5.319160         82.345685
rank #0: 2019-02-16 14:29:32,073 LBFGS        PARAM    0018       -365.928263          2.517581        -34.141378          5.319160         82.345685
rank #0: 2019-02-16 14:29:33,200 LBFGS        PARAM    0019       -365.928253          2.517581        -34.141379          5.319160         82.345685
rank #0: 2019-02-16 14:29:34,453 LBFGS        PARAM    0020       -365.928234          2.517581        -34.141377          5.319160         82.345685
rank #0: 2019-02-16 14:30:24,622 LBFGS        INFO     Linesearch failed in both LBFGS and gradient directions
rank #0: 2019-02-16 14:30:24,623 LBFGS        PARAM    0020       -365.928234          2.517581        -34.141377          5.319160         82.345685
rank #0: 2019-02-16 14:30:24,623 rsdfit.lbfgs_fitter WARNING  ...LBFGS optimization finished. Time elapsed: 0:01:12.99
rank #0: 2019-02-16 14:30:24,624 rsdfit.lbfgs_fitter ERROR    nonlinear fit with method L-BFGS-B failed: Linesearch failed in both LBFGS and gradient directions
rank #0: 2019-02-16 14:30:24,625 rsdfit.fitting_driver INFO     rank 50 on nid01133     ...fitting complete
rank #0: 2019-02-16 14:30:24,632 rsdfit.fitting_driver INFO     rank 50 on nid01133     Saving the results to `/global/cscratch1/sd/nhand/eBOSS/fits/results/mocks/ezmock/v1.8e-fph/0.005-0.3/basemodel-N-fnl/0.8-2.2/QSO-N-0388-P0+P2-mock-cov-3574198df7/2019-02-16_nlopt_20i_chain0__1.npz`
rank #0: 2019-02-16 14:30:24,643 pyRSD.analysis.lbfgs_results INFO     
minimum chi2 = 82.34568473944596

Free parameters [ mean ]
_______________
N              : -365.928234068542
b1             : 2.5175810678780337
f_nl           : -34.14137668067071
sigma_fog      : 5.31916007545459

Constrained parameters [ mean ]
_________________________
b1sigma8       : 0.9119522209635329
