rank #0: 2018-10-08 11:17:08,282 rsdfit.fitting_driver INFO     rank 32 on nid00691     Calling the 'nlopt' solve function
rank #0: 2018-10-08 11:17:08,283 rsdfit.lbfgs_fitter INFO     running LBFGS for 500 iterations and then stopping
rank #0: 2018-10-08 11:17:08,283 rsdfit.lbfgs_fitter INFO     running LBFGS minimizer with priors
rank #0: 2018-10-08 11:17:08,284 root         INFO     Iter           N          b1        f_nl   sigma_fog   F(X)     
rank #0: 2018-10-08 11:17:08,284 rsdfit.lbfgs_fitter INFO     computing gradient using numerical derivative of lnlike()
rank #0: 2018-10-08 11:17:09,484 LBFGS        INFO     options = {'factr': 100000.0, 'gtol': 1e-05, 'max_iter': 500, 'test_convergence': False}
rank #0: 2018-10-08 11:17:09,485 LBFGS        PARAM    0000          0.000000          2.000000          0.000000          4.000000        119.826072
rank #0: 2018-10-08 11:17:10,858 LBFGS        PARAM    0001         50.809773          2.141298          1.063313          3.977240         95.190390
rank #0: 2018-10-08 11:17:12,091 LBFGS        PARAM    0002        -48.818482          2.442145          5.339334          4.090729         75.295364
rank #0: 2018-10-08 11:17:13,347 LBFGS        PARAM    0003       -174.210213          2.456156          5.671829          4.223494         70.411689
rank #0: 2018-10-08 11:17:14,582 LBFGS        PARAM    0004       -427.951670          2.527125          6.797141          4.522889         66.833538
rank #0: 2018-10-08 11:17:15,824 LBFGS        PARAM    0005       -407.850140          2.517330          5.816663          4.557219         66.750856
rank #0: 2018-10-08 11:17:17,071 LBFGS        PARAM    0006       -377.599553          2.512197          3.855734          4.653541         66.647564
rank #0: 2018-10-08 11:17:18,314 LBFGS        PARAM    0007       -343.447021          2.516569          0.218399          4.832417         66.538238
rank #0: 2018-10-08 11:17:19,571 LBFGS        PARAM    0008       -341.414692          2.526528         -4.635692          4.905020         66.497825
rank #0: 2018-10-08 11:17:20,808 LBFGS        PARAM    0009       -344.863565          2.533919         -9.026433          4.930732         66.482940
rank #0: 2018-10-08 11:17:22,056 LBFGS        PARAM    0010       -349.283005          2.538331        -13.065836          4.931775         66.473103
rank #0: 2018-10-08 11:17:23,330 LBFGS        PARAM    0011       -355.476396          2.541925        -19.418674          4.915142         66.460773
rank #0: 2018-10-08 11:17:24,574 LBFGS        PARAM    0012       -356.271748          2.540449        -21.578160          4.898267         66.457275
rank #0: 2018-10-08 11:17:25,830 LBFGS        PARAM    0013       -356.669668          2.539968        -21.440597          4.892441         66.457174
rank #0: 2018-10-08 11:17:27,076 LBFGS        PARAM    0014       -356.767878          2.539892        -21.356100          4.891627         66.457172
rank #0: 2018-10-08 11:17:28,327 LBFGS        PARAM    0015       -356.767218          2.539889        -21.348249          4.891622         66.457172
rank #0: 2018-10-08 11:17:29,594 LBFGS        PARAM    0016       -356.766869          2.539889        -21.347965          4.891624         66.457172
rank #0: 2018-10-08 11:17:30,843 LBFGS        PARAM    0017       -356.766790          2.539889        -21.347957          4.891624         66.457172
rank #0: 2018-10-08 11:17:32,530 LBFGS        PARAM    0018       -356.766790          2.539889        -21.347957          4.891624         66.457172
rank #0: 2018-10-08 11:18:03,258 LBFGS        PARAM    0019       -356.766795          2.539889        -21.347957          4.891624         66.457172
rank #0: 2018-10-08 11:18:04,539 LBFGS        PARAM    0020       -356.766794          2.539889        -21.347957          4.891624         66.457172
rank #0: 2018-10-08 11:18:35,438 LBFGS        PARAM    0021       -356.766794          2.539889        -21.347957          4.891624         66.457172
rank #0: 2018-10-08 11:19:27,877 LBFGS        INFO     Linesearch failed in both LBFGS and gradient directions
rank #0: 2018-10-08 11:19:27,879 LBFGS        PARAM    0021       -356.766794          2.539889        -21.347957          4.891624         66.457172
rank #0: 2018-10-08 11:19:27,879 rsdfit.lbfgs_fitter WARNING  ...LBFGS optimization finished. Time elapsed: 0:02:18.40
rank #0: 2018-10-08 11:19:27,880 rsdfit.lbfgs_fitter ERROR    nonlinear fit with method L-BFGS-B failed: Linesearch failed in both LBFGS and gradient directions
rank #0: 2018-10-08 11:19:27,881 rsdfit.fitting_driver INFO     rank 32 on nid00691     ...fitting complete
rank #0: 2018-10-08 11:19:27,888 rsdfit.fitting_driver INFO     rank 32 on nid00691     Saving the results to `/global/cscratch1/sd/nhand/eBOSS/fits/results/mocks/ezmock/v1.8e-fph/0.005-0.3/basemodel-N-fnl/0.8-2.2/QSO-N-0293-P0+P2-mock-cov-4ae05ce33e/2018-10-08_nlopt_21i_chain0__1.npz`
rank #0: 2018-10-08 11:19:27,941 pyRSD.analysis.lbfgs_results INFO     
minimum chi2 = 66.4571721729

Free parameters [ mean ]
_______________
N              : -356.76679438
b1             : 2.53988863428
f_nl           : -21.3479568701
sigma_fog      : 4.89162411117

Constrained parameters [ mean ]
_________________________
b1sigma8       : 0.92003276899
