rank #0: 2018-12-30 16:13:38,738 rsdfit.fitting_driver INFO     rank 34 on nid00554     Calling the 'nlopt' solve function
rank #0: 2018-12-30 16:13:38,739 rsdfit.lbfgs_fitter INFO     running LBFGS for 500 iterations and then stopping
rank #0: 2018-12-30 16:13:38,739 rsdfit.lbfgs_fitter INFO     running LBFGS minimizer with priors
rank #0: 2018-12-30 16:13:38,740 root         INFO     Iter           N          b1        f_nl   sigma_fog   F(X)     
rank #0: 2018-12-30 16:13:38,740 rsdfit.lbfgs_fitter INFO     computing gradient using numerical derivative of lnlike()
rank #0: 2018-12-30 16:13:39,323 LBFGS        INFO     options = {'factr': 100000.0, 'gtol': 1e-05, 'max_iter': 500, 'test_convergence': False}
rank #0: 2018-12-30 16:13:39,325 LBFGS        PARAM    0000          0.000000          2.000000          0.000000          4.000000        112.745035
rank #0: 2018-12-30 16:13:40,028 LBFGS        PARAM    0001         -8.824225          2.058414          0.437914          3.986385        103.629657
rank #0: 2018-12-30 16:13:40,659 LBFGS        PARAM    0002       -151.832213          2.205609          2.092692          3.986541         91.648419
rank #0: 2018-12-30 16:13:41,291 LBFGS        PARAM    0003       -272.968470          2.232562          2.495827          4.001632         88.284251
rank #0: 2018-12-30 16:13:41,902 LBFGS        PARAM    0004       -439.981557          2.246605          2.287305          3.905771         86.064782
rank #0: 2018-12-30 16:13:42,527 LBFGS        PARAM    0005       -477.674438          2.250060          2.043560          3.817112         85.730703
rank #0: 2018-12-30 16:13:43,153 LBFGS        PARAM    0006       -571.714950          2.253584          0.708119          3.409231         84.818207
rank #0: 2018-12-30 16:13:43,755 LBFGS        PARAM    0007       -567.546715          2.248381         -0.591328          3.230660         84.627433
rank #0: 2018-12-30 16:13:44,380 LBFGS        PARAM    0008       -565.910854          2.247075         -0.722645          3.230823         84.626584
rank #0: 2018-12-30 16:13:45,008 LBFGS        PARAM    0009       -565.688011          2.247118         -0.758802          3.231304         84.626526
rank #0: 2018-12-30 16:13:45,711 LBFGS        PARAM    0010       -564.590246          2.247417         -1.163306          3.234171         84.626111
rank #0: 2018-12-30 16:13:46,316 LBFGS        PARAM    0011       -563.964991          2.247829         -1.882483          3.236628         84.625551
rank #0: 2018-12-30 16:13:46,948 LBFGS        PARAM    0012       -564.125898          2.248589         -3.442803          3.238900         84.624573
rank #0: 2018-12-30 16:13:47,576 LBFGS        PARAM    0013       -565.816234          2.249131         -4.815427          3.237723         84.623869
rank #0: 2018-12-30 16:13:48,180 LBFGS        PARAM    0014       -566.941430          2.249176         -5.152269          3.235993         84.623736
rank #0: 2018-12-30 16:13:48,809 LBFGS        PARAM    0015       -567.143654          2.249119         -5.081873          3.235474         84.623730
rank #0: 2018-12-30 16:13:49,433 LBFGS        PARAM    0016       -567.155558          2.249102         -5.048593          3.235400         84.623730
rank #0: 2018-12-30 16:13:50,054 LBFGS        PARAM    0017       -567.153441          2.249101         -5.045916          3.235400         84.623730
rank #0: 2018-12-30 16:13:50,652 LBFGS        PARAM    0018       -567.153273          2.249101         -5.045860          3.235400         84.623730
rank #0: 2018-12-30 16:14:17,540 LBFGS        INFO     Linesearch failed in both LBFGS and gradient directions
rank #0: 2018-12-30 16:14:17,541 LBFGS        PARAM    0018       -567.153273          2.249101         -5.045860          3.235400         84.623730
rank #0: 2018-12-30 16:14:17,542 rsdfit.lbfgs_fitter WARNING  ...LBFGS optimization finished. Time elapsed: 0:00:38.22
rank #0: 2018-12-30 16:14:17,543 rsdfit.lbfgs_fitter ERROR    nonlinear fit with method L-BFGS-B failed: Linesearch failed in both LBFGS and gradient directions
rank #0: 2018-12-30 16:14:17,544 rsdfit.fitting_driver INFO     rank 34 on nid00554     ...fitting complete
rank #0: 2018-12-30 16:14:17,547 rsdfit.fitting_driver INFO     rank 34 on nid00554     Saving the results to `/global/cscratch1/sd/nhand/eBOSS/fits/results/mocks/ezmock/v1.8e-fph/0.0001-0.3/basemodel-N-fnl/0.8-2.2/QSO-N-0535-P0+P2-mock-cov-36c6ea70fd/2018-12-30_nlopt_18i_chain0__1.npz`
rank #0: 2018-12-30 16:14:17,592 pyRSD.analysis.lbfgs_results INFO     
minimum chi2 = 84.6237295505

Free parameters [ mean ]
_______________
N              : -567.153272726
b1             : 2.24910107806
f_nl           : -5.04585977088
sigma_fog      : 3.23539994117

Constrained parameters [ mean ]
_________________________
b1sigma8       : 0.895846671007
