rank #0: 2018-12-30 16:07:48,954 rsdfit.fitting_driver INFO     rank 6 on nid00553     Calling the 'nlopt' solve function
rank #0: 2018-12-30 16:07:48,954 rsdfit.lbfgs_fitter INFO     running LBFGS for 500 iterations and then stopping
rank #0: 2018-12-30 16:07:48,954 rsdfit.lbfgs_fitter INFO     running LBFGS minimizer with priors
rank #0: 2018-12-30 16:07:48,955 root         INFO     Iter           N          b1        f_nl   sigma_fog   F(X)     
rank #0: 2018-12-30 16:07:48,955 rsdfit.lbfgs_fitter INFO     computing gradient using numerical derivative of lnlike()
rank #0: 2018-12-30 16:07:49,523 LBFGS        INFO     options = {'factr': 100000.0, 'gtol': 1e-05, 'max_iter': 500, 'test_convergence': False}
rank #0: 2018-12-30 16:07:49,524 LBFGS        PARAM    0000          0.000000          2.000000          0.000000          4.000000         87.266747
rank #0: 2018-12-30 16:07:50,192 LBFGS        PARAM    0001         17.753372          2.061196          0.520473          3.991753         76.409139
rank #0: 2018-12-30 16:07:50,794 LBFGS        PARAM    0002        -21.905126          2.187386          2.426535          4.034658         67.354828
rank #0: 2018-12-30 16:07:51,397 LBFGS        PARAM    0003        -77.009067          2.201910          3.155567          4.087674         65.796911
rank #0: 2018-12-30 16:07:51,978 LBFGS        PARAM    0004       -205.603754          2.229697          6.147146          4.239952         64.169415
rank #0: 2018-12-30 16:07:52,579 LBFGS        PARAM    0005       -202.260670          2.229287          7.207439          4.254364         64.138924
rank #0: 2018-12-30 16:07:53,183 LBFGS        PARAM    0006       -127.105578          2.212623         52.296245          4.536478         63.574225
rank #0: 2018-12-30 16:07:53,767 LBFGS        PARAM    0007       -140.745630          2.207772         59.387634          4.440365         63.457297
rank #0: 2018-12-30 16:07:54,377 LBFGS        PARAM    0008       -163.458269          2.204679         63.342222          4.301546         63.410418
rank #0: 2018-12-30 16:07:54,986 LBFGS        PARAM    0009       -160.418335          2.204224         64.999097          4.315842         63.409920
rank #0: 2018-12-30 16:07:55,664 LBFGS        PARAM    0010       -160.803307          2.204424         64.151325          4.314742         63.409684
rank #0: 2018-12-30 16:07:56,261 LBFGS        PARAM    0011       -160.933930          2.204435         64.195023          4.314079         63.409682
rank #0: 2018-12-30 16:07:56,873 LBFGS        PARAM    0012       -160.913970          2.204430         64.195730          4.314163         63.409682
rank #0: 2018-12-30 16:07:57,485 LBFGS        PARAM    0013       -160.914206          2.204431         64.195480          4.314164         63.409682
rank #0: 2018-12-30 16:07:58,076 LBFGS        PARAM    0014       -160.914224          2.204431         64.195494          4.314163         63.409682
rank #0: 2018-12-30 16:07:58,758 LBFGS        PARAM    0015       -160.914224          2.204431         64.195494          4.314163         63.409682
rank #0: 2018-12-30 16:07:58,759 LBFGS        INFO     LBFGS iteration 15: the descent direction does not have a sufficient projection (cos(theta)=-7.51e-02, theta=94.3054) into the gradient; using steepest descent at this step!
rank #0: 2018-12-30 16:08:11,152 LBFGS        INFO     Linesearch failed in both LBFGS and gradient directions
rank #0: 2018-12-30 16:08:11,152 LBFGS        PARAM    0015       -160.914224          2.204431         64.195494          4.314163         63.409682
rank #0: 2018-12-30 16:08:11,153 rsdfit.lbfgs_fitter WARNING  ...LBFGS optimization finished. Time elapsed: 0:00:21.63
rank #0: 2018-12-30 16:08:11,153 rsdfit.lbfgs_fitter ERROR    nonlinear fit with method L-BFGS-B failed: Linesearch failed in both LBFGS and gradient directions
rank #0: 2018-12-30 16:08:11,154 rsdfit.fitting_driver INFO     rank 6 on nid00553     ...fitting complete
rank #0: 2018-12-30 16:08:11,157 rsdfit.fitting_driver INFO     rank 6 on nid00553     Saving the results to `/global/cscratch1/sd/nhand/eBOSS/fits/results/mocks/ezmock/v1.8e-fph/0.0001-0.3/basemodel-N-fnl/0.8-2.2/QSO-N-0141-P0+P2-mock-cov-36c6ea70fd/2018-12-30_nlopt_15i_chain0__1.npz`
rank #0: 2018-12-30 16:08:11,440 pyRSD.analysis.lbfgs_results INFO     
minimum chi2 = 63.4096824111

Free parameters [ mean ]
_______________
N              : -160.914223694
b1             : 2.20443051149
f_nl           : 64.1954944259
sigma_fog      : 4.31416332101

Constrained parameters [ mean ]
_________________________
b1sigma8       : 0.878053794223
